### [bt]: This is batchtools v0.9.17
### [bt]: Starting calculation of 1 jobs
### [bt]: Setting working directory to '/content/drive/MyDrive/GitHub/Mater_Thesis_Calibration'
ece.R :
Friedmann_tasks.R :
Functions.R :
ici.R :
mse_feature_effects.R :
PipeOpCalibration.R :
PipeOpCalibrationUnion.R :
### [bt]: Memory measurement disabled
### [bt]: Starting job [batchtools job.id=1310]
### [bt]: Setting seed to 1433 ...
# weights:  37
initial  value 7542.928448 
iter  10 value 4770.346592
iter  20 value 3704.651462
iter  30 value 2960.289776
iter  40 value 2754.585224
iter  50 value 2528.406124
iter  60 value 2489.130182
iter  70 value 2463.928537
iter  80 value 2458.378309
iter  90 value 2454.066464
iter 100 value 2449.067663
final  value 2449.067663 
stopped after 100 iterations

### [bt]: Job terminated successfully [batchtools job.id=1310]
### [bt]: Calculation finished!
