### [bt]: This is batchtools v0.9.17
### [bt]: Starting calculation of 1 jobs
### [bt]: Setting working directory to '/content/drive/MyDrive/GitHub/Mater_Thesis_Calibration'
ece.R :
Friedmann_tasks.R :
Functions.R :
ici.R :
mse_feature_effects.R :
PipeOpCalibration_TuningExperiment.R :
PipeOpCalibration.R :
PipeOpCalibrationUnion.R :
plotCD.R :
### [bt]: Memory measurement disabled
### [bt]: Starting job [batchtools job.id=1407]
### [bt]: Setting seed to 1530 ...
[1] -33.96185
[1] 43.651
[1] -28.69815
[1] 59.20214
[1] -38.10132
[1] 40.00726
[1] -22.81501
[1] 66.60782
[1] -38.56888
[1] 49.24991

### [bt]: Job terminated successfully [batchtools job.id=1407]
### [bt]: Calculation finished!
