### [bt]: This is batchtools v0.9.17
### [bt]: Starting calculation of 1 jobs
### [bt]: Setting working directory to '/content/drive/MyDrive/GitHub/Mater_Thesis_Calibration'
ece.R :
Friedmann_tasks.R :
Functions.R :
ici.R :
mse_feature_effects.R :
PipeOpCalibration_TuningExperiment.R :
PipeOpCalibration.R :
PipeOpCalibrationUnion.R :
plotCD.R :
### [bt]: Memory measurement disabled
### [bt]: Starting job [batchtools job.id=331]
### [bt]: Setting seed to 454 ...
[1] -46.11653
[1] 28.94343
[1] -37.79754
[1] 32.18464
[1] -44.19062
[1] 25.85934
[1] -41.80561
[1] 37.89578
[1] -46.62023
[1] 27.35577

### [bt]: Job terminated successfully [batchtools job.id=331]
### [bt]: Calculation finished!
