### [bt]: This is batchtools v0.9.17
### [bt]: Starting calculation of 1 jobs
### [bt]: Setting working directory to '/content/drive/MyDrive/GitHub/Mater_Thesis_Calibration'
ece.R :
Friedmann_tasks.R :
Functions.R :
ici.R :
mse_feature_effects.R :
PipeOpCalibration.R :
PipeOpCalibrationUnion.R :
### [bt]: Memory measurement disabled
### [bt]: Starting job [batchtools job.id=1986]
### [bt]: Setting seed to 2109 ...
[1] -11.4877
[1] 8.027796
[1] -12.86102
[1] 6.806317
[1] -10.07949
[1] 9.547708
[1] -11.78198
[1] 7.614124
[1] -9.216888
[1] 12.01836

### [bt]: Job terminated successfully [batchtools job.id=1986]
### [bt]: Calculation finished!
