### [bt]: This is batchtools v0.9.17
### [bt]: Starting calculation of 1 jobs
### [bt]: Setting working directory to '/content/drive/MyDrive/GitHub/Mater_Thesis_Calibration'
ece.R :
Friedmann_tasks.R :
Functions.R :
ici.R :
mse_feature_effects.R :
PipeOpCalibration.R :
PipeOpCalibrationUnion.R :
### [bt]: Memory measurement disabled
### [bt]: Starting job [batchtools job.id=771]
### [bt]: Setting seed to 894 ...
# weights:  37
initial  value 5571.300920 
iter  10 value 4681.389336
iter  20 value 4292.920784
iter  30 value 4175.067548
iter  40 value 4150.367119
iter  50 value 4129.716726
iter  60 value 4113.215022
iter  70 value 4073.770922
iter  80 value 4035.158871
iter  90 value 4000.774506
iter 100 value 3983.377573
final  value 3983.377573 
stopped after 100 iterations
# weights:  37
initial  value 6162.728878 
iter  10 value 4807.373811
iter  20 value 4641.203959
iter  30 value 4487.898665
iter  40 value 4292.519243
iter  50 value 4177.891304
iter  60 value 4158.962672
iter  70 value 4141.997441
iter  80 value 4135.268127
iter  90 value 4133.293028
iter 100 value 4130.158515
final  value 4130.158515 
stopped after 100 iterations
# weights:  37
initial  value 5827.711345 
iter  10 value 4720.409324
iter  20 value 4672.649661
iter  30 value 4558.554654
iter  40 value 4394.721129
iter  50 value 4134.521410
iter  60 value 4040.759597
iter  70 value 3997.678637
iter  80 value 3968.219368
iter  90 value 3962.985108
iter 100 value 3958.984247
final  value 3958.984247 
stopped after 100 iterations
# weights:  37
initial  value 5876.055551 
iter  10 value 4996.235378
iter  20 value 4710.539631
iter  30 value 4583.765495
iter  40 value 4150.095168
iter  50 value 4032.829996
iter  60 value 3986.013235
iter  70 value 3957.123710
iter  80 value 3946.335920
iter  90 value 3938.800224
iter 100 value 3931.342805
final  value 3931.342805 
stopped after 100 iterations
# weights:  37
initial  value 7056.224154 
iter  10 value 4824.717751
iter  20 value 4362.836880
iter  30 value 4162.147027
iter  40 value 4109.220018
iter  50 value 4005.110867
iter  60 value 3974.997798
iter  70 value 3951.610176
iter  80 value 3936.917129
iter  90 value 3931.586058
iter 100 value 3928.455809
final  value 3928.455809 
stopped after 100 iterations
[1] -21.5483
[1] 59.25023
[1] -41.11764
[1] 37.44859
[1] -31.64013
[1] 44.01337
[1] -38.19758
[1] 29.07226
[1] -29.75312
[1] 39.33105

### [bt]: Job terminated successfully [batchtools job.id=771]
### [bt]: Calculation finished!
