### [bt]: This is batchtools v0.9.17
### [bt]: Starting calculation of 1 jobs
### [bt]: Setting working directory to '/content/drive/MyDrive/GitHub/Mater_Thesis_Calibration'
ece.R :
Friedmann_tasks.R :
Functions.R :
ici.R :
mse_feature_effects.R :
PipeOpCalibration_TuningExperiment.R :
PipeOpCalibration.R :
PipeOpCalibrationUnion.R :
plotCD.R :
### [bt]: Memory measurement disabled
### [bt]: Starting job [batchtools job.id=754]
### [bt]: Setting seed to 877 ...
# weights:  37
initial  value 6089.192256 
iter  10 value 4601.908586
iter  20 value 4091.730836
iter  30 value 3870.031839
iter  40 value 3811.270187
iter  50 value 3780.114747
iter  60 value 3770.941858
iter  70 value 3765.144221
iter  80 value 3758.760061
iter  90 value 3757.079345
iter 100 value 3750.445104
final  value 3750.445104 
stopped after 100 iterations
# weights:  37
initial  value 5630.610055 
iter  10 value 4321.646357
iter  20 value 4102.020943
iter  30 value 4014.714374
iter  40 value 3858.737904
iter  50 value 3442.874480
iter  60 value 3271.711216
iter  70 value 3180.902746
iter  80 value 2982.918785
iter  90 value 2691.610993
iter 100 value 2416.102096
final  value 2416.102096 
stopped after 100 iterations
# weights:  37
initial  value 5646.827261 
iter  10 value 4446.652981
iter  20 value 3896.329556
iter  30 value 2974.072337
iter  40 value 2468.912328
iter  50 value 2233.365856
iter  60 value 2198.476422
iter  70 value 2187.114441
iter  80 value 2159.862758
iter  90 value 2097.058478
iter 100 value 2062.032330
final  value 2062.032330 
stopped after 100 iterations
# weights:  37
initial  value 5616.756958 
iter  10 value 4465.816100
iter  20 value 3865.897044
iter  30 value 3662.113984
iter  40 value 2776.865545
iter  50 value 2340.710698
iter  60 value 2264.417292
iter  70 value 2199.506268
iter  80 value 2162.571215
iter  90 value 2116.704683
iter 100 value 2059.729707
final  value 2059.729707 
stopped after 100 iterations
# weights:  37
initial  value 5702.353800 
iter  10 value 4470.556313
iter  20 value 3817.678049
iter  30 value 2450.399996
iter  40 value 2230.441079
iter  50 value 2136.384825
iter  60 value 2029.460858
iter  70 value 2012.718078
iter  80 value 2003.740288
iter  90 value 2000.467287
iter 100 value 1998.771404
final  value 1998.771404 
stopped after 100 iterations

### [bt]: Job terminated successfully [batchtools job.id=754]
### [bt]: Calculation finished!
