### [bt]: This is batchtools v0.9.17
### [bt]: Starting calculation of 1 jobs
### [bt]: Setting working directory to '/content/drive/MyDrive/GitHub/Mater_Thesis_Calibration'
ece.R :
Friedmann_tasks.R :
Functions.R :
ici.R :
mse_feature_effects.R :
PipeOpCalibration.R :
PipeOpCalibrationUnion.R :
### [bt]: Memory measurement disabled
### [bt]: Starting job [batchtools job.id=628]
### [bt]: Setting seed to 751 ...
[1] -69.84072
[1] 13.71441
[1] -80.19113
[1] 11.53605
[1] -64.02369
[1] 21.34619
[1] -68.1263
[1] 14.10008
[1] -68.26866
[1] 15.56956

### [bt]: Job terminated successfully [batchtools job.id=628]
### [bt]: Calculation finished!
