### [bt]: This is batchtools v0.9.17
### [bt]: Starting calculation of 1 jobs
### [bt]: Setting working directory to '/content/drive/MyDrive/GitHub/Mater_Thesis_Calibration'
ece.R :
Friedmann_tasks.R :
Functions.R :
ici.R :
mse_feature_effects.R :
PipeOpCalibration_TuningExperiment.R :
PipeOpCalibration.R :
PipeOpCalibrationUnion.R :
plotCD.R :
### [bt]: Memory measurement disabled
### [bt]: Starting job [batchtools job.id=129]
### [bt]: Setting seed to 252 ...
[1] -22.01191
[1] 1.275264
[1] -29.95641
[1] 0.2028609
[1] -15.53368
[1] 24.72286
[1] -2.688488
[1] 10.32366
Warning: glm.fit: fitted probabilities numerically 0 or 1 occurred
This happened PipeOp classif.rpart's $train()
Warning: glm.fit: fitted probabilities numerically 0 or 1 occurred
This happened PipeOp classif.rpart's $train()
[1] -38.02893
[1] -1.044621

### [bt]: Job terminated successfully [batchtools job.id=129]
### [bt]: Calculation finished!
