### [bt]: This is batchtools v0.9.17
### [bt]: Starting calculation of 1 jobs
### [bt]: Setting working directory to '/content/drive/MyDrive/GitHub/Mater_Thesis_Calibration'
ece.R :
Friedmann_tasks.R :
Functions.R :
ici.R :
mse_feature_effects.R :
PipeOpCalibration.R :
PipeOpCalibrationUnion.R :
### [bt]: Memory measurement disabled
### [bt]: Starting job [batchtools job.id=1709]
### [bt]: Setting seed to 1832 ...
[1] -53.70414
[1] 2.191871
[1] -27.6371
[1] 25.65297
Warning: glm.fit: fitted probabilities numerically 0 or 1 occurred
This happened PipeOp classif.rpart's $train()
[1] -9.949431
[1] 38.29102
[1] -45.94955
[1] 11.16029
[1] -36.01021
[1] 24.23426

### [bt]: Job terminated successfully [batchtools job.id=1709]
### [bt]: Calculation finished!
