### [bt]: This is batchtools v0.9.17
### [bt]: Starting calculation of 1 jobs
### [bt]: Setting working directory to '/content/drive/MyDrive/GitHub/Mater_Thesis_Calibration'
ece.R :
Friedmann_tasks.R :
Functions.R :
ici.R :
mse_feature_effects.R :
PipeOpCalibration_TuningExperiment.R :
PipeOpCalibration.R :
PipeOpCalibrationUnion.R :
plotCD.R :
### [bt]: Memory measurement disabled
### [bt]: Starting job [batchtools job.id=1343]
### [bt]: Setting seed to 1466 ...
# weights:  37
initial  value 5502.032173 
iter  10 value 3092.278889
iter  20 value 2901.061259
iter  30 value 2529.978855
iter  40 value 2331.661485
iter  50 value 2187.480069
iter  60 value 2085.943238
iter  70 value 2014.967983
iter  80 value 2010.096480
iter  90 value 2002.189432
iter 100 value 1995.061355
final  value 1995.061355 
stopped after 100 iterations
# weights:  37
initial  value 5506.219471 
iter  10 value 3103.552129
iter  20 value 2686.250350
iter  30 value 2409.137334
iter  40 value 2229.750101
iter  50 value 2144.742367
iter  60 value 2092.123583
iter  70 value 2001.656609
iter  80 value 1978.372952
iter  90 value 1974.386933
iter 100 value 1957.261676
final  value 1957.261676 
stopped after 100 iterations
# weights:  37
initial  value 5779.296679 
iter  10 value 3313.827682
iter  20 value 3137.437432
iter  30 value 3059.073824
iter  40 value 3002.286062
iter  50 value 2785.456334
iter  60 value 2709.058550
iter  70 value 2678.429367
iter  80 value 2662.410086
iter  90 value 2658.319062
iter 100 value 2652.693218
final  value 2652.693218 
stopped after 100 iterations
# weights:  37
initial  value 5731.112676 
iter  10 value 3285.926036
iter  20 value 3154.229331
iter  30 value 2840.132167
iter  40 value 2730.242504
iter  50 value 2692.865449
iter  60 value 2381.790482
iter  70 value 1792.487580
iter  80 value 1747.442477
iter  90 value 1726.615986
iter 100 value 1663.835301
final  value 1663.835301 
stopped after 100 iterations
# weights:  37
initial  value 5857.975847 
iter  10 value 3930.481133
iter  20 value 3075.461827
iter  30 value 2736.773458
iter  40 value 2475.623918
iter  50 value 2309.520062
iter  60 value 2186.787567
iter  70 value 2139.119552
iter  80 value 2072.076703
iter  90 value 2056.355276
iter 100 value 2030.044313
final  value 2030.044313 
stopped after 100 iterations
[1] -37.22817
[1] 38.02636
[1] -27.99135
[1] 46.12259
[1] -30.53671
[1] 40.76361
Warning: glm.fit: fitted probabilities numerically 0 or 1 occurred
This happened PipeOp classif.nnet's $train()
[1] -38.34485
[1] 41.27187
[1] -28.02491
[1] 48.3995

### [bt]: Job terminated successfully [batchtools job.id=1343]
### [bt]: Calculation finished!
