### [bt]: This is batchtools v0.9.17
### [bt]: Starting calculation of 1 jobs
### [bt]: Setting working directory to '/content/drive/MyDrive/GitHub/Mater_Thesis_Calibration'
ece.R :
Friedmann_tasks.R :
Functions.R :
ici.R :
mse_feature_effects.R :
PipeOpCalibration.R :
PipeOpCalibrationUnion.R :
### [bt]: Memory measurement disabled
### [bt]: Starting job [batchtools job.id=619]
### [bt]: Setting seed to 742 ...
[1] -54.06202
[1] 31.29413
[1] -72.24831
[1] 21.70026
[1] -58.25893
[1] 43.05839
[1] -73.83566
[1] 19.89101
[1] -85.47315
[1] 18.25412

### [bt]: Job terminated successfully [batchtools job.id=619]
### [bt]: Calculation finished!
