### [bt]: This is batchtools v0.9.17
### [bt]: Starting calculation of 1 jobs
### [bt]: Setting working directory to '/content/drive/MyDrive/GitHub/Mater_Thesis_Calibration'
ece.R :
Friedmann_tasks.R :
Functions.R :
ici.R :
mse_feature_effects.R :
PipeOpCalibration.R :
PipeOpCalibrationUnion.R :
### [bt]: Memory measurement disabled
### [bt]: Starting job [batchtools job.id=1193]
### [bt]: Setting seed to 1316 ...
[1] -65.66121
[1] 24.66306
[1] -101.5546
[1] 6.900012
[1] -76.74883
[1] 21.13491
[1] -88.27426
[1] 7.944478
[1] -86.88603
[1] 8.61165

### [bt]: Job terminated successfully [batchtools job.id=1193]
### [bt]: Calculation finished!
