### [bt]: This is batchtools v0.9.17
### [bt]: Starting calculation of 1 jobs
### [bt]: Setting working directory to '/content/drive/MyDrive/GitHub/Mater_Thesis_Calibration'
ece.R :
Friedmann_tasks.R :
Functions.R :
ici.R :
mse_feature_effects.R :
PipeOpCalibration.R :
PipeOpCalibrationUnion.R :
### [bt]: Memory measurement disabled
### [bt]: Starting job [batchtools job.id=1482]
### [bt]: Setting seed to 1605 ...
[1] -50.60542
[1] 23.9283
[1] -39.88166
[1] 31.32636
[1] -46.60101
[1] 24.28181
[1] -38.77986
[1] 37.49495
[1] -48.89229
[1] 28.30514

### [bt]: Job terminated successfully [batchtools job.id=1482]
### [bt]: Calculation finished!
