### [bt]: This is batchtools v0.9.17
### [bt]: Starting calculation of 1 jobs
### [bt]: Setting working directory to '/content/drive/MyDrive/GitHub/Mater_Thesis_Calibration'
ece.R :
Friedmann_tasks.R :
Functions.R :
ici.R :
mse_feature_effects.R :
PipeOpCalibration.R :
PipeOpCalibrationUnion.R :
### [bt]: Memory measurement disabled
### [bt]: Starting job [batchtools job.id=700]
### [bt]: Setting seed to 823 ...
[1] -21.26073
[1] 20.7761
[1] -21.60337
[1] 20.99401
[1] -25.57887
[1] 17.83684
[1] -21.67966
[1] 22.75413
[1] -20.54598
[1] 20.79794

### [bt]: Job terminated successfully [batchtools job.id=700]
### [bt]: Calculation finished!
