### [bt]: This is batchtools v0.9.17
### [bt]: Starting calculation of 1 jobs
### [bt]: Setting working directory to '/content/drive/MyDrive/GitHub/Mater_Thesis_Calibration'
ece.R :
Friedmann_tasks.R :
Functions.R :
ici.R :
mse_feature_effects.R :
PipeOpCalibration.R :
PipeOpCalibrationUnion.R :
### [bt]: Memory measurement disabled
### [bt]: Starting job [batchtools job.id=163]
### [bt]: Setting seed to 286 ...
[1] -44.96225
[1] 26.17179
[1] -49.02596
[1] 28.52053
[1] -61.28235
[1] 17.86419
[1] -65.10248
[1] 18.63223
[1] -41.96837
[1] 30.27057

### [bt]: Job terminated successfully [batchtools job.id=163]
### [bt]: Calculation finished!
