### [bt]: This is batchtools v0.9.17
### [bt]: Starting calculation of 1 jobs
### [bt]: Setting working directory to '/content/drive/MyDrive/GitHub/Mater_Thesis_Calibration'
ece.R :
Friedmann_tasks.R :
Functions.R :
ici.R :
mse_feature_effects.R :
PipeOpCalibration_TuningExperiment.R :
PipeOpCalibration.R :
PipeOpCalibrationUnion.R :
plotCD.R :
### [bt]: Memory measurement disabled
### [bt]: Starting job [batchtools job.id=690]
### [bt]: Setting seed to 813 ...
[1] -17.1441
[1] 16.01708
[1] -21.3584
[1] 15.88683
[1] -18.44493
[1] 17.24445
[1] -13.97374
[1] 21.69714
[1] -13.08557
[1] 19.93076

### [bt]: Job terminated successfully [batchtools job.id=690]
### [bt]: Calculation finished!
