### [bt]: This is batchtools v0.9.17
### [bt]: Starting calculation of 1 jobs
### [bt]: Setting working directory to '/content/drive/MyDrive/GitHub/Mater_Thesis_Calibration'
ece.R :
Friedmann_tasks.R :
Functions.R :
ici.R :
mse_feature_effects.R :
PipeOpCalibration.R :
PipeOpCalibrationUnion.R :
### [bt]: Memory measurement disabled
### [bt]: Starting job [batchtools job.id=741]
### [bt]: Setting seed to 864 ...
# weights:  37
initial  value 6260.947686 
iter  10 value 4418.694536
iter  20 value 4360.526669
iter  30 value 4291.411700
iter  40 value 4222.211127
iter  50 value 4200.171770
iter  60 value 4187.008872
iter  70 value 4180.063289
iter  80 value 4170.128695
iter  90 value 4168.460513
iter 100 value 4166.140813
final  value 4166.140813 
stopped after 100 iterations
# weights:  37
initial  value 6230.974430 
iter  10 value 4552.294067
iter  20 value 4358.990573
iter  30 value 4305.616230
iter  40 value 4269.817390
iter  50 value 4218.194764
iter  60 value 4185.534068
iter  70 value 4151.006476
iter  80 value 4145.732826
iter  90 value 4136.951657
iter 100 value 4131.381442
final  value 4131.381442 
stopped after 100 iterations
# weights:  37
initial  value 5776.165315 
iter  10 value 4686.810176
iter  20 value 4381.882118
iter  30 value 4358.574138
iter  40 value 4271.128531
iter  50 value 4217.726379
iter  60 value 4201.732348
iter  70 value 4180.134554
iter  80 value 4162.323664
iter  90 value 4151.404322
iter 100 value 4145.207124
final  value 4145.207124 
stopped after 100 iterations
# weights:  37
initial  value 5965.774604 
iter  10 value 4728.687166
iter  20 value 4388.757665
iter  30 value 4296.238785
iter  40 value 4216.875861
iter  50 value 4140.666996
iter  60 value 4125.753616
iter  70 value 4111.523952
iter  80 value 4106.657228
iter  90 value 4105.212382
iter 100 value 4101.774790
final  value 4101.774790 
stopped after 100 iterations
# weights:  37
initial  value 5510.977776 
iter  10 value 4444.011808
iter  20 value 4361.896157
iter  30 value 4283.937864
iter  40 value 4234.900883
iter  50 value 4224.097645
iter  60 value 4211.677505
iter  70 value 4192.923986
iter  80 value 4179.656158
iter  90 value 4168.630514
iter 100 value 4161.164066
final  value 4161.164066 
stopped after 100 iterations

### [bt]: Job terminated successfully [batchtools job.id=741]
### [bt]: Calculation finished!
