### [bt]: This is batchtools v0.9.17
### [bt]: Starting calculation of 1 jobs
### [bt]: Setting working directory to '/content/drive/MyDrive/GitHub/Mater_Thesis_Calibration'
ece.R :
Friedmann_tasks.R :
Functions.R :
ici.R :
mse_feature_effects.R :
PipeOpCalibration.R :
PipeOpCalibrationUnion.R :
### [bt]: Memory measurement disabled
### [bt]: Starting job [batchtools job.id=1773]
### [bt]: Setting seed to 1896 ...
[1] -56.53852
[1] 24.08138
[1] -48.97794
[1] 21.8767
[1] -61.48476
[1] 19.39484
[1] -49.60027
[1] 23.06664
[1] -59.53248
[1] 17.71241

### [bt]: Job terminated successfully [batchtools job.id=1773]
### [bt]: Calculation finished!
