### [bt]: This is batchtools v0.9.17
### [bt]: Starting calculation of 1 jobs
### [bt]: Setting working directory to '/content/drive/MyDrive/GitHub/Mater_Thesis_Calibration'
ece.R :
Friedmann_tasks.R :
Functions.R :
ici.R :
mse_feature_effects.R :
PipeOpCalibration_TuningExperiment.R :
PipeOpCalibration.R :
PipeOpCalibrationUnion.R :
plotCD.R :
### [bt]: Memory measurement disabled
### [bt]: Starting job [batchtools job.id=1927]
### [bt]: Setting seed to 2050 ...
# weights:  37
initial  value 6234.494875 
iter  10 value 4178.423299
iter  20 value 3913.568878
iter  30 value 3874.607708
iter  40 value 3837.624345
iter  50 value 3777.931978
iter  60 value 3726.022029
iter  70 value 3714.273358
iter  80 value 3710.438226
iter  90 value 3700.033591
iter 100 value 3680.631394
final  value 3680.631394 
stopped after 100 iterations
# weights:  37
initial  value 6249.655284 
iter  10 value 4366.516828
iter  20 value 3628.849344
iter  30 value 3304.927073
iter  40 value 2966.270415
iter  50 value 2793.090917
iter  60 value 2784.012725
iter  70 value 2750.736025
iter  80 value 2734.951153
iter  90 value 2698.236967
iter 100 value 2685.898734
final  value 2685.898734 
stopped after 100 iterations
# weights:  37
initial  value 5561.519067 
iter  10 value 4355.036246
iter  20 value 3863.306336
iter  30 value 3716.903895
iter  40 value 3396.221679
iter  50 value 2950.452805
iter  60 value 2788.696240
iter  70 value 2750.228697
iter  80 value 2731.643570
iter  90 value 2726.685965
iter 100 value 2706.256790
final  value 2706.256790 
stopped after 100 iterations
# weights:  37
initial  value 6206.140665 
iter  10 value 4284.128923
iter  20 value 3869.125760
iter  30 value 3455.570648
iter  40 value 3173.052582
iter  50 value 2895.716840
iter  60 value 2702.090455
iter  70 value 2681.745151
iter  80 value 2655.595425
iter  90 value 2649.147327
iter 100 value 2624.916507
final  value 2624.916507 
stopped after 100 iterations
# weights:  37
initial  value 5745.399766 
iter  10 value 4089.144446
iter  20 value 3950.606229
iter  30 value 3621.871531
iter  40 value 2812.867248
iter  50 value 2666.635540
iter  60 value 2492.046998
iter  70 value 2415.115379
iter  80 value 2332.363731
iter  90 value 2310.880829
iter 100 value 2291.561619
final  value 2291.561619 
stopped after 100 iterations

### [bt]: Job terminated successfully [batchtools job.id=1927]
### [bt]: Calculation finished!
