### [bt]: This is batchtools v0.9.17
### [bt]: Starting calculation of 1 jobs
### [bt]: Setting working directory to '/content/drive/MyDrive/GitHub/Mater_Thesis_Calibration'
ece.R :
Friedmann_tasks.R :
Functions.R :
ici.R :
mse_feature_effects.R :
PipeOpCalibration.R :
PipeOpCalibrationUnion.R :
### [bt]: Memory measurement disabled
### [bt]: Starting job [batchtools job.id=543]
### [bt]: Setting seed to 666 ...
Warning: glm.fit: fitted probabilities numerically 0 or 1 occurred
This happened PipeOp classif.rpart's $train()
[1] -32.79039
[1] -0.5284665
[1] -31.39474
[1] 0.2691964
[1] -9.488914
[1] 24.40418
Warning: glm.fit: fitted probabilities numerically 0 or 1 occurred
This happened PipeOp classif.rpart's $train()
[1] -1.014033
[1] 34.25096
[1] -0.1983731
[1] 22.27461

### [bt]: Job terminated successfully [batchtools job.id=543]
### [bt]: Calculation finished!
