### [bt]: This is batchtools v0.9.17
### [bt]: Starting calculation of 1 jobs
### [bt]: Setting working directory to '/content/drive/MyDrive/GitHub/Mater_Thesis_Calibration'
ece.R :
Friedmann_tasks.R :
Functions.R :
ici.R :
mse_feature_effects.R :
PipeOpCalibration.R :
PipeOpCalibrationUnion.R :
### [bt]: Memory measurement disabled
### [bt]: Starting job [batchtools job.id=1364]
### [bt]: Setting seed to 1487 ...
# weights:  37
initial  value 6239.396037 
iter  10 value 3601.619402
iter  20 value 3098.309131
iter  30 value 2361.853927
iter  40 value 2071.358910
iter  50 value 2031.218275
iter  60 value 1999.234116
iter  70 value 1989.443694
iter  80 value 1986.376242
iter  90 value 1986.308669
iter 100 value 1985.685765
final  value 1985.685765 
stopped after 100 iterations
# weights:  37
initial  value 6312.543924 
iter  10 value 4011.637323
iter  20 value 3346.498766
iter  30 value 2319.757434
iter  40 value 1808.102517
iter  50 value 1562.628409
iter  60 value 1454.690303
iter  70 value 1378.648037
iter  80 value 1261.609427
iter  90 value 1252.914734
iter 100 value 1232.228304
final  value 1232.228304 
stopped after 100 iterations
# weights:  37
initial  value 5564.767592 
iter  10 value 3747.361484
iter  20 value 3471.547247
iter  30 value 2706.654747
iter  40 value 1924.781893
iter  50 value 1620.283416
iter  60 value 1534.048608
iter  70 value 1483.555835
iter  80 value 1457.012299
iter  90 value 1383.176323
iter 100 value 1346.795027
final  value 1346.795027 
stopped after 100 iterations
# weights:  37
initial  value 5544.677892 
iter  10 value 3865.393335
iter  20 value 3010.116338
iter  30 value 2364.654120
iter  40 value 2222.529113
iter  50 value 2048.793163
iter  60 value 2012.047479
iter  70 value 1990.276098
iter  80 value 1985.454922
iter  90 value 1985.280788
iter 100 value 1984.209129
final  value 1984.209129 
stopped after 100 iterations
# weights:  37
initial  value 5851.748461 
iter  10 value 3722.330551
iter  20 value 2616.054588
iter  30 value 2069.659782
iter  40 value 2001.825687
iter  50 value 1978.433149
iter  60 value 1972.129601
iter  70 value 1964.748076
iter  80 value 1949.331260
iter  90 value 1947.320335
iter 100 value 1945.993157
final  value 1945.993157 
stopped after 100 iterations

### [bt]: Job terminated successfully [batchtools job.id=1364]
### [bt]: Calculation finished!
