### [bt]: This is batchtools v0.9.17
### [bt]: Starting calculation of 1 jobs
### [bt]: Setting working directory to '/content/drive/MyDrive/GitHub/Mater_Thesis_Calibration'
ece.R :
Friedmann_tasks.R :
Functions.R :
ici.R :
mse_feature_effects.R :
PipeOpCalibration.R :
PipeOpCalibrationUnion.R :
### [bt]: Memory measurement disabled
### [bt]: Starting job [batchtools job.id=1480]
### [bt]: Setting seed to 1603 ...
[1] -61.3353
[1] 16.2788
[1] -59.14594
[1] 16.46303
[1] -55.50481
[1] 21.5312
[1] -70.08261
[1] 20.58272
[1] -74.16436
[1] 10.72813

### [bt]: Job terminated successfully [batchtools job.id=1480]
### [bt]: Calculation finished!
