### [bt]: This is batchtools v0.9.17
### [bt]: Starting calculation of 1 jobs
### [bt]: Setting working directory to '/content/drive/MyDrive/GitHub/Mater_Thesis_Calibration'
ece.R :
Friedmann_tasks.R :
Functions.R :
ici.R :
mse_feature_effects.R :
PipeOpCalibration_TuningExperiment.R :
PipeOpCalibration.R :
PipeOpCalibrationUnion.R :
plotCD.R :
### [bt]: Memory measurement disabled
### [bt]: Starting job [batchtools job.id=1942]
### [bt]: Setting seed to 2065 ...
# weights:  37
initial  value 5609.847879 
iter  10 value 4376.084193
iter  20 value 3883.926673
iter  30 value 3699.114579
iter  40 value 3123.461230
iter  50 value 2415.347496
iter  60 value 2309.876873
iter  70 value 2199.215720
iter  80 value 2132.410597
iter  90 value 2098.775230
iter 100 value 2067.114399
final  value 2067.114399 
stopped after 100 iterations
# weights:  37
initial  value 5726.053202 
iter  10 value 4497.552505
iter  20 value 4052.569826
iter  30 value 3884.358562
iter  40 value 3830.619217
iter  50 value 3773.693979
iter  60 value 3750.153273
iter  70 value 3741.082786
iter  80 value 3738.685696
iter  90 value 3736.045375
iter 100 value 3724.054453
final  value 3724.054453 
stopped after 100 iterations
# weights:  37
initial  value 5997.173493 
iter  10 value 4319.546243
iter  20 value 4100.672408
iter  30 value 3978.897064
iter  40 value 3758.587285
iter  50 value 3731.776533
iter  60 value 3723.198081
iter  70 value 3720.232243
iter  80 value 3716.250651
iter  90 value 3715.461643
iter 100 value 3714.860390
final  value 3714.860390 
stopped after 100 iterations
# weights:  37
initial  value 6087.467554 
iter  10 value 4339.934816
iter  20 value 4146.823638
iter  30 value 3945.507140
iter  40 value 3752.721004
iter  50 value 3689.549797
iter  60 value 3679.505512
iter  70 value 3673.501430
iter  80 value 3670.225265
iter  90 value 3661.552601
iter 100 value 3653.471176
final  value 3653.471176 
stopped after 100 iterations
# weights:  37
initial  value 5498.139068 
iter  10 value 4427.081555
iter  20 value 3677.866180
iter  30 value 2730.186642
iter  40 value 2329.529046
iter  50 value 2159.040351
iter  60 value 2136.368509
iter  70 value 2095.774846
iter  80 value 2083.882692
iter  90 value 2055.457039
iter 100 value 2037.813976
final  value 2037.813976 
stopped after 100 iterations

### [bt]: Job terminated successfully [batchtools job.id=1942]
### [bt]: Calculation finished!
