### [bt]: This is batchtools v0.9.17
### [bt]: Starting calculation of 1 jobs
### [bt]: Setting working directory to '/content/drive/MyDrive/GitHub/Mater_Thesis_Calibration'
ece.R :
Friedmann_tasks.R :
Functions.R :
ici.R :
mse_feature_effects.R :
PipeOpCalibration_TuningExperiment.R :
PipeOpCalibration.R :
PipeOpCalibrationUnion.R :
plotCD.R :
### [bt]: Memory measurement disabled
### [bt]: Starting job [batchtools job.id=732]
### [bt]: Setting seed to 855 ...
# weights:  37
initial  value 7032.556844 
iter  10 value 5608.922460
iter  20 value 5567.832446
iter  30 value 5344.517523
iter  40 value 5260.054737
iter  50 value 5196.429446
iter  60 value 5155.846765
iter  70 value 5139.055060
iter  80 value 5128.787922
iter  90 value 5128.183790
iter 100 value 5127.361216
final  value 5127.361216 
stopped after 100 iterations

### [bt]: Job terminated successfully [batchtools job.id=732]
### [bt]: Calculation finished!
