### [bt]: This is batchtools v0.9.17
### [bt]: Starting calculation of 1 jobs
### [bt]: Setting working directory to '/content/drive/MyDrive/GitHub/Mater_Thesis_Calibration'
ece.R :
Friedmann_tasks.R :
Functions.R :
ici.R :
mse_feature_effects.R :
PipeOpCalibration_TuningExperiment.R :
PipeOpCalibration.R :
PipeOpCalibrationUnion.R :
plotCD.R :
### [bt]: Memory measurement disabled
### [bt]: Starting job [batchtools job.id=1992]
### [bt]: Setting seed to 2115 ...
[1] -44.10015
[1] 42.69974
[1] -64.88451
[1] 28.32136
[1] -29.60554
[1] 56.51575
[1] -43.65499
[1] 47.46606
[1] -51.3464
[1] 39.97433

### [bt]: Job terminated successfully [batchtools job.id=1992]
### [bt]: Calculation finished!
