### [bt]: This is batchtools v0.9.17
### [bt]: Starting calculation of 1 jobs
### [bt]: Setting working directory to '/content/drive/MyDrive/GitHub/Mater_Thesis_Calibration'
ece.R :
Friedmann_tasks.R :
Functions.R :
ici.R :
mse_feature_effects.R :
PipeOpCalibration.R :
PipeOpCalibrationUnion.R :
### [bt]: Memory measurement disabled
### [bt]: Starting job [batchtools job.id=1414]
### [bt]: Setting seed to 1537 ...
[1] -56.96744
[1] 77.66139
[1] -63.02517
[1] 76.84495
[1] -53.32212
[1] 81.84226
[1] -65.18763
[1] 64.48296
[1] -63.78532
[1] 72.67457

### [bt]: Job terminated successfully [batchtools job.id=1414]
### [bt]: Calculation finished!
