### [bt]: This is batchtools v0.9.17
### [bt]: Starting calculation of 1 jobs
### [bt]: Setting working directory to '/content/drive/MyDrive/GitHub/Mater_Thesis_Calibration'
ece.R :
Friedmann_tasks.R :
Functions.R :
ici.R :
mse_feature_effects.R :
PipeOpCalibration_TuningExperiment.R :
PipeOpCalibration.R :
PipeOpCalibrationUnion.R :
plotCD.R :
### [bt]: Memory measurement disabled
### [bt]: Starting job [batchtools job.id=1353]
### [bt]: Setting seed to 1476 ...
# weights:  37
initial  value 6201.318947 
iter  10 value 4738.199762
iter  20 value 4717.072697
iter  30 value 4619.991387
iter  40 value 4584.292600
iter  50 value 4440.754180
iter  60 value 4356.124127
iter  70 value 4282.501116
iter  80 value 4217.818887
iter  90 value 4198.410605
iter 100 value 4169.466718
final  value 4169.466718 
stopped after 100 iterations
# weights:  37
initial  value 6120.341099 
iter  10 value 4788.840756
iter  20 value 4726.050449
iter  30 value 4682.346167
iter  40 value 4298.381356
iter  50 value 4261.255569
iter  60 value 4254.373327
iter  70 value 4246.562947
iter  80 value 4244.401672
iter  90 value 4243.990498
iter 100 value 4243.087853
final  value 4243.087853 
stopped after 100 iterations
# weights:  37
initial  value 6739.752104 
iter  10 value 4890.922172
iter  20 value 4745.371817
iter  30 value 4615.198199
iter  40 value 4585.458607
iter  50 value 4365.650911
iter  60 value 4178.729843
iter  70 value 4110.698170
iter  80 value 4087.182277
iter  90 value 4071.142504
iter 100 value 4059.383192
final  value 4059.383192 
stopped after 100 iterations
# weights:  37
initial  value 5669.985299 
iter  10 value 4810.911080
iter  20 value 4669.773676
iter  30 value 4467.339734
iter  40 value 4369.277344
iter  50 value 4333.012742
iter  60 value 4293.006324
iter  70 value 4228.987177
iter  80 value 4169.773404
iter  90 value 4147.082034
iter 100 value 4128.180891
final  value 4128.180891 
stopped after 100 iterations
# weights:  37
initial  value 5810.651013 
iter  10 value 4702.581880
iter  20 value 4556.186516
iter  30 value 4208.212296
iter  40 value 4113.608383
iter  50 value 4060.419571
iter  60 value 4038.880174
iter  70 value 4014.247429
iter  80 value 4001.295247
iter  90 value 4000.954320
iter 100 value 4000.360608
final  value 4000.360608 
stopped after 100 iterations

### [bt]: Job terminated successfully [batchtools job.id=1353]
### [bt]: Calculation finished!
