### [bt]: This is batchtools v0.9.17
### [bt]: Starting calculation of 1 jobs
### [bt]: Setting working directory to '/content/drive/MyDrive/GitHub/Mater_Thesis_Calibration'
ece.R :
Friedmann_tasks.R :
Functions.R :
ici.R :
mse_feature_effects.R :
PipeOpCalibration.R :
PipeOpCalibrationUnion.R :
### [bt]: Memory measurement disabled
### [bt]: Starting job [batchtools job.id=1935]
### [bt]: Setting seed to 2058 ...
# weights:  37
initial  value 5852.510949 
iter  10 value 3907.308468
iter  20 value 3692.332246
iter  30 value 3673.364333
iter  40 value 3654.136364
iter  50 value 3644.188888
iter  60 value 3636.996379
iter  70 value 3634.072808
iter  80 value 3632.623873
iter  90 value 3630.702824
iter 100 value 3626.022781
final  value 3626.022781 
stopped after 100 iterations
# weights:  37
initial  value 5882.849297 
iter  10 value 3890.894842
iter  20 value 3790.117960
iter  30 value 3760.050518
iter  40 value 3740.500080
iter  50 value 3732.640311
iter  60 value 3730.404993
iter  70 value 3728.441862
iter  80 value 3726.043275
iter  90 value 3722.861532
iter 100 value 3718.164909
final  value 3718.164909 
stopped after 100 iterations
# weights:  37
initial  value 5634.194515 
iter  10 value 4090.865025
iter  20 value 3827.770565
iter  30 value 3820.300901
iter  40 value 3819.911721
iter  50 value 3819.067898
iter  60 value 3808.604126
iter  70 value 3799.358965
iter  80 value 3797.546127
iter  90 value 3789.416505
iter 100 value 3774.898224
final  value 3774.898224 
stopped after 100 iterations
# weights:  37
initial  value 5443.812646 
iter  10 value 3927.190260
iter  20 value 3800.024157
iter  30 value 3784.157792
iter  40 value 3776.131180
iter  50 value 3775.052100
iter  60 value 3771.954985
iter  70 value 3769.204443
iter  80 value 3766.403007
iter  90 value 3761.347096
iter 100 value 3740.706411
final  value 3740.706411 
stopped after 100 iterations
# weights:  37
initial  value 5869.119994 
iter  10 value 3945.518163
iter  20 value 3812.969121
iter  30 value 3798.066399
iter  40 value 3787.101301
iter  50 value 3783.277045
iter  60 value 3782.219342
iter  70 value 3780.817223
iter  80 value 3778.715185
iter  90 value 3777.006360
iter 100 value 3774.513412
final  value 3774.513412 
stopped after 100 iterations

### [bt]: Job terminated successfully [batchtools job.id=1935]
### [bt]: Calculation finished!
