### [bt]: This is batchtools v0.9.17
### [bt]: Starting calculation of 1 jobs
### [bt]: Setting working directory to '/content/drive/MyDrive/GitHub/Mater_Thesis_Calibration'
ece.R :
Friedmann_tasks.R :
Functions.R :
ici.R :
mse_feature_effects.R :
PipeOpCalibration.R :
PipeOpCalibrationUnion.R :
### [bt]: Memory measurement disabled
### [bt]: Starting job [batchtools job.id=1995]
### [bt]: Setting seed to 2118 ...
[1] -14.18964
[1] 7.267867
[1] -16.68551
[1] 8.339521
[1] -12.00618
[1] 6.91658
[1] -14.31583
[1] 6.67197
[1] -13.15953
[1] 6.472579

### [bt]: Job terminated successfully [batchtools job.id=1995]
### [bt]: Calculation finished!
