### [bt]: This is batchtools v0.9.17
### [bt]: Starting calculation of 1 jobs
### [bt]: Setting working directory to '/content/drive/MyDrive/GitHub/Mater_Thesis_Calibration'
ece.R :
Friedmann_tasks.R :
Functions.R :
ici.R :
mse_feature_effects.R :
PipeOpCalibration_TuningExperiment.R :
PipeOpCalibration.R :
PipeOpCalibrationUnion.R :
plotCD.R :
### [bt]: Memory measurement disabled
### [bt]: Starting job [batchtools job.id=1996]
### [bt]: Setting seed to 2119 ...
[1] 0.6362742
[1] 10.48024
[1] 0.4373168
[1] 10.39897
[1] 0.6448727
[1] 9.121662
[1] 0.7496844
[1] 10.40448
[1] 0.1041745
[1] 9.598671

### [bt]: Job terminated successfully [batchtools job.id=1996]
### [bt]: Calculation finished!
