### [bt]: This is batchtools v0.9.17
### [bt]: Starting calculation of 1 jobs
### [bt]: Setting working directory to '/content/drive/MyDrive/GitHub/Mater_Thesis_Calibration'
ece.R :
Friedmann_tasks.R :
Functions.R :
ici.R :
mse_feature_effects.R :
PipeOpCalibration_TuningExperiment.R :
PipeOpCalibration.R :
PipeOpCalibrationUnion.R :
plotCD.R :
### [bt]: Memory measurement disabled
### [bt]: Starting job [batchtools job.id=334]
### [bt]: Setting seed to 457 ...
[1] -36.3808
[1] 30.87431
[1] -42.62496
[1] 31.0378
[1] -39.11124
[1] 37.13403
[1] -37.36388
[1] 36.1871
[1] -40.12551
[1] 34.53444

### [bt]: Job terminated successfully [batchtools job.id=334]
### [bt]: Calculation finished!
