### [bt]: This is batchtools v0.9.17
### [bt]: Starting calculation of 1 jobs
### [bt]: Setting working directory to '/content/drive/MyDrive/GitHub/Mater_Thesis_Calibration'
ece.R :
Friedmann_tasks.R :
Functions.R :
ici.R :
mse_feature_effects.R :
PipeOpCalibration_TuningExperiment.R :
PipeOpCalibration.R :
PipeOpCalibrationUnion.R :
plotCD.R :
### [bt]: Memory measurement disabled
### [bt]: Starting job [batchtools job.id=1703]
### [bt]: Setting seed to 1826 ...
Warning: glm.fit: fitted probabilities numerically 0 or 1 occurred
This happened PipeOp classif.rpart's $train()
[1] -41.67965
[1] 7.281859
Warning: glm.fit: fitted probabilities numerically 0 or 1 occurred
This happened PipeOp classif.rpart's $train()
[1] -49.18917
[1] 0.276361
Warning: glm.fit: algorithm did not converge
This happened PipeOp classif.rpart's $train()
Warning: glm.fit: fitted probabilities numerically 0 or 1 occurred
This happened PipeOp classif.rpart's $train()
[1] -3.581347e+15
[1] 7.991126e+15
[1] -45.53484
[1] 10.35461
Warning: glm.fit: fitted probabilities numerically 0 or 1 occurred
This happened PipeOp classif.rpart's $train()
[1] -12.46732
[1] 36.17602

### [bt]: Job terminated successfully [batchtools job.id=1703]
### [bt]: Calculation finished!
