### [bt]: This is batchtools v0.9.17
### [bt]: Starting calculation of 1 jobs
### [bt]: Setting working directory to '/content/drive/MyDrive/GitHub/Mater_Thesis_Calibration'
ece.R :
Friedmann_tasks.R :
Functions.R :
ici.R :
mse_feature_effects.R :
PipeOpCalibration.R :
PipeOpCalibrationUnion.R :
### [bt]: Memory measurement disabled
### [bt]: Starting job [batchtools job.id=981]
### [bt]: Setting seed to 1104 ...
[1] -34.35721
[1] 28.13692
[1] -44.58038
[1] 28.82557
[1] -32.84808
[1] 42.15126
[1] -33.4217
[1] 42.85945
[1] -36.14061
[1] 36.42732

### [bt]: Job terminated successfully [batchtools job.id=981]
### [bt]: Calculation finished!
