### [bt]: This is batchtools v0.9.17
### [bt]: Starting calculation of 1 jobs
### [bt]: Setting working directory to '/content/drive/MyDrive/GitHub/Mater_Thesis_Calibration'
ece.R :
Friedmann_tasks.R :
Functions.R :
ici.R :
mse_feature_effects.R :
PipeOpCalibration_TuningExperiment.R :
PipeOpCalibration.R :
PipeOpCalibrationUnion.R :
plotCD.R :
### [bt]: Memory measurement disabled
### [bt]: Starting job [batchtools job.id=1318]
### [bt]: Setting seed to 1441 ...
# weights:  37
initial  value 5805.066603 
iter  10 value 4080.235755
iter  20 value 3237.935122
iter  30 value 2958.889116
iter  40 value 2806.354508
iter  50 value 2745.185375
iter  60 value 2724.195572
iter  70 value 2696.975478
iter  80 value 2690.661778
iter  90 value 2688.781257
iter 100 value 2686.565798
final  value 2686.565798 
stopped after 100 iterations
# weights:  37
initial  value 6293.764542 
iter  10 value 3576.033577
iter  20 value 3031.173448
iter  30 value 2849.537514
iter  40 value 2737.306961
iter  50 value 2696.060691
iter  60 value 2683.570332
iter  70 value 2681.902641
iter  80 value 2681.481289
iter  90 value 2680.741223
iter 100 value 2680.195307
final  value 2680.195307 
stopped after 100 iterations
# weights:  37
initial  value 6436.131744 
iter  10 value 4156.786837
iter  20 value 3100.616326
iter  30 value 2915.231107
iter  40 value 2830.611754
iter  50 value 2802.834877
iter  60 value 2779.002589
iter  70 value 2694.209119
iter  80 value 2643.713509
iter  90 value 2632.018985
iter 100 value 2629.609759
final  value 2629.609759 
stopped after 100 iterations
# weights:  37
initial  value 5663.856390 
iter  10 value 4069.024695
iter  20 value 3317.904127
iter  30 value 3026.833492
iter  40 value 2913.979571
iter  50 value 2839.178735
iter  60 value 2647.863855
iter  70 value 2541.787365
iter  80 value 2515.766509
iter  90 value 2494.458144
iter 100 value 2484.281198
final  value 2484.281198 
stopped after 100 iterations
# weights:  37
initial  value 5677.842367 
iter  10 value 3624.758080
iter  20 value 3029.916110
iter  30 value 2853.383255
iter  40 value 2806.083686
iter  50 value 2769.483606
iter  60 value 2738.583253
iter  70 value 2687.487942
iter  80 value 2679.176863
iter  90 value 2676.589437
iter 100 value 2672.392293
final  value 2672.392293 
stopped after 100 iterations

### [bt]: Job terminated successfully [batchtools job.id=1318]
### [bt]: Calculation finished!
