### [bt]: This is batchtools v0.9.17
### [bt]: Starting calculation of 1 jobs
### [bt]: Setting working directory to '/content/drive/MyDrive/GitHub/Mater_Thesis_Calibration'
ece.R :
Friedmann_tasks.R :
Functions.R :
ici.R :
mse_feature_effects.R :
PipeOpCalibration_TuningExperiment.R :
PipeOpCalibration.R :
PipeOpCalibrationUnion.R :
plotCD.R :
### [bt]: Memory measurement disabled
### [bt]: Starting job [batchtools job.id=1779]
### [bt]: Setting seed to 1902 ...
[1] -26.90722
[1] 42.85817
[1] -44.91746
[1] 34.94238
[1] -26.22931
[1] 60.19484
[1] -43.57072
[1] 34.47392
[1] -27.68282
[1] 44.54187

### [bt]: Job terminated successfully [batchtools job.id=1779]
### [bt]: Calculation finished!
