### [bt]: This is batchtools v0.9.17
### [bt]: Starting calculation of 1 jobs
### [bt]: Setting working directory to '/content/drive/MyDrive/GitHub/Mater_Thesis_Calibration'
ece.R :
Friedmann_tasks.R :
Functions.R :
ici.R :
mse_feature_effects.R :
PipeOpCalibration.R :
PipeOpCalibrationUnion.R :
### [bt]: Memory measurement disabled
### [bt]: Starting job [batchtools job.id=252]
### [bt]: Setting seed to 375 ...
# weights:  37
initial  value 5740.052707 
iter  10 value 4351.629122
iter  20 value 4213.403410
iter  30 value 4114.517008
iter  40 value 4101.729049
iter  50 value 4065.820807
iter  60 value 4057.243992
iter  70 value 4054.490135
iter  80 value 4052.896900
iter  90 value 4051.915713
iter 100 value 4050.444356
final  value 4050.444356 
stopped after 100 iterations
# weights:  37
initial  value 5982.979109 
iter  10 value 4364.356207
iter  20 value 4139.823719
iter  30 value 4087.338774
iter  40 value 4066.440346
iter  50 value 4055.481285
iter  60 value 4051.560834
iter  70 value 4046.464803
iter  80 value 4043.622846
iter  90 value 4043.088122
iter 100 value 4042.278540
final  value 4042.278540 
stopped after 100 iterations
# weights:  37
initial  value 5823.697037 
iter  10 value 4402.849862
iter  20 value 4169.889016
iter  30 value 4097.872443
iter  40 value 4067.656060
iter  50 value 4058.138659
iter  60 value 4051.068237
iter  70 value 4046.424073
iter  80 value 4043.222535
iter  90 value 4042.790248
iter 100 value 4042.172593
final  value 4042.172593 
stopped after 100 iterations
# weights:  37
initial  value 5594.367931 
iter  10 value 4474.139788
iter  20 value 4252.123063
iter  30 value 4145.297841
iter  40 value 4100.785116
iter  50 value 4074.652846
iter  60 value 4068.091868
iter  70 value 4063.782530
iter  80 value 4060.146831
iter  90 value 4059.539651
iter 100 value 4058.980581
final  value 4058.980581 
stopped after 100 iterations
# weights:  37
initial  value 5584.726701 
iter  10 value 4250.235983
iter  20 value 4075.607091
iter  30 value 3991.387445
iter  40 value 3971.505654
iter  50 value 3964.504037
iter  60 value 3961.685310
iter  70 value 3960.931736
iter  80 value 3960.148938
iter  90 value 3958.796464
iter 100 value 3958.261432
final  value 3958.261432 
stopped after 100 iterations

### [bt]: Job terminated successfully [batchtools job.id=252]
### [bt]: Calculation finished!
