### [bt]: This is batchtools v0.9.17
### [bt]: Starting calculation of 1 jobs
### [bt]: Setting working directory to '/content/drive/MyDrive/GitHub/Mater_Thesis_Calibration'
ece.R :
Friedmann_tasks.R :
Functions.R :
ici.R :
mse_feature_effects.R :
PipeOpCalibration_TuningExperiment.R :
PipeOpCalibration.R :
PipeOpCalibrationUnion.R :
plotCD.R :
### [bt]: Memory measurement disabled
### [bt]: Starting job [batchtools job.id=1846]
### [bt]: Setting seed to 1969 ...
[1] -25.45718
[1] 26.11256
[1] -23.57404
[1] 25.63763
[1] -19.63204
[1] 26.17002
[1] -22.94451
[1] 22.98814
[1] -23.04512
[1] 20.32982

### [bt]: Job terminated successfully [batchtools job.id=1846]
### [bt]: Calculation finished!
