### [bt]: This is batchtools v0.9.17
### [bt]: Starting calculation of 1 jobs
### [bt]: Setting working directory to '/content/drive/MyDrive/GitHub/Mater_Thesis_Calibration'
ece.R :
Friedmann_tasks.R :
Functions.R :
ici.R :
mse_feature_effects.R :
PipeOpCalibration_TuningExperiment.R :
PipeOpCalibration.R :
PipeOpCalibrationUnion.R :
plotCD.R :
### [bt]: Memory measurement disabled
### [bt]: Starting job [batchtools job.id=252]
### [bt]: Setting seed to 375 ...
# weights:  37
initial  value 5709.014624 
iter  10 value 4924.126899
iter  20 value 4838.395630
iter  30 value 4699.362971
iter  40 value 4430.972833
iter  50 value 4409.337790
iter  60 value 4394.186215
iter  70 value 4372.163694
iter  80 value 4359.524895
iter  90 value 4355.491624
iter 100 value 4351.236118
final  value 4351.236118 
stopped after 100 iterations
# weights:  37
initial  value 5941.687452 
iter  10 value 4965.500164
iter  20 value 4784.329527
iter  30 value 4697.475215
iter  40 value 4537.834814
iter  50 value 4464.224101
iter  60 value 4428.723053
iter  70 value 4327.168189
iter  80 value 4267.192248
iter  90 value 4176.091925
iter 100 value 4164.171504
final  value 4164.171504 
stopped after 100 iterations
# weights:  37
initial  value 5710.245806 
iter  10 value 5110.880915
iter  20 value 4789.267189
iter  30 value 4699.408251
iter  40 value 4659.466594
iter  50 value 4522.435340
iter  60 value 4457.904282
iter  70 value 4442.066473
iter  80 value 4435.454909
iter  90 value 4433.251587
iter 100 value 4429.990481
final  value 4429.990481 
stopped after 100 iterations
# weights:  37
initial  value 5566.899474 
iter  10 value 5057.433886
iter  20 value 4744.691438
iter  30 value 4602.799149
iter  40 value 4440.891617
iter  50 value 4421.368140
iter  60 value 4405.287189
iter  70 value 4379.667490
iter  80 value 4332.198417
iter  90 value 4267.455440
iter 100 value 4158.836044
final  value 4158.836044 
stopped after 100 iterations
# weights:  37
initial  value 5554.310903 
iter  10 value 5275.841178
iter  20 value 4921.431341
iter  30 value 4799.429049
iter  40 value 4630.211178
iter  50 value 4511.313236
iter  60 value 4319.416010
iter  70 value 4272.044868
iter  80 value 4229.085767
iter  90 value 4218.683574
iter 100 value 4217.822414
final  value 4217.822414 
stopped after 100 iterations

### [bt]: Job terminated successfully [batchtools job.id=252]
### [bt]: Calculation finished!
