### [bt]: This is batchtools v0.9.17
### [bt]: Starting calculation of 1 jobs
### [bt]: Setting working directory to '/content/drive/MyDrive/GitHub/Mater_Thesis_Calibration'
ece.R :
Friedmann_tasks.R :
Functions.R :
ici.R :
mse_feature_effects.R :
PipeOpCalibration.R :
PipeOpCalibrationUnion.R :
### [bt]: Memory measurement disabled
### [bt]: Starting job [batchtools job.id=1276]
### [bt]: Setting seed to 1399 ...
[1] -17.57897
[1] 21.31298
[1] -23.5277
[1] 19.86932
[1] -20.87434
[1] 22.4887
[1] -23.03093
[1] 19.99443
[1] -25.37356
[1] 20.92327

### [bt]: Job terminated successfully [batchtools job.id=1276]
### [bt]: Calculation finished!
