### [bt]: This is batchtools v0.9.17
### [bt]: Starting calculation of 1 jobs
### [bt]: Setting working directory to '/content/drive/MyDrive/GitHub/Mater_Thesis_Calibration'
ece.R :
Friedmann_tasks.R :
Functions.R :
ici.R :
mse_feature_effects.R :
PipeOpCalibration_TuningExperiment.R :
PipeOpCalibration.R :
PipeOpCalibrationUnion.R :
plotCD.R :
### [bt]: Memory measurement disabled
### [bt]: Starting job [batchtools job.id=1298]
### [bt]: Setting seed to 1421 ...
# weights:  37
initial  value 7653.642465 
iter  10 value 4916.955483
iter  20 value 4783.618066
iter  30 value 3847.121955
iter  40 value 3509.643114
iter  50 value 3279.526357
iter  60 value 3215.392003
iter  70 value 3184.147054
iter  80 value 3165.523923
iter  90 value 3117.848249
iter 100 value 2919.991127
final  value 2919.991127 
stopped after 100 iterations

### [bt]: Job terminated successfully [batchtools job.id=1298]
### [bt]: Calculation finished!
