### [bt]: This is batchtools v0.9.17
### [bt]: Starting calculation of 1 jobs
### [bt]: Setting working directory to '/content/drive/MyDrive/GitHub/Mater_Thesis_Calibration'
ece.R :
Friedmann_tasks.R :
Functions.R :
ici.R :
mse_feature_effects.R :
PipeOpCalibration.R :
PipeOpCalibrationUnion.R :
### [bt]: Memory measurement disabled
### [bt]: Starting job [batchtools job.id=1047]
### [bt]: Setting seed to 1170 ...
Warning: glm.fit: fitted probabilities numerically 0 or 1 occurred
This happened PipeOp classif.kknn's $train()
[1] -7.750264
[1] 64.02159
Warning: glm.fit: fitted probabilities numerically 0 or 1 occurred
This happened PipeOp classif.kknn's $train()
[1] -38.85585
[1] 41.65763
Warning: glm.fit: fitted probabilities numerically 0 or 1 occurred
This happened PipeOp classif.kknn's $train()
[1] -43.08528
[1] 32.91206
Warning: glm.fit: fitted probabilities numerically 0 or 1 occurred
This happened PipeOp classif.kknn's $train()
[1] -32.50999
[1] 51.40042
Warning: glm.fit: fitted probabilities numerically 0 or 1 occurred
This happened PipeOp classif.kknn's $train()
[1] -37.8263
[1] 39.00265

### [bt]: Job terminated successfully [batchtools job.id=1047]
### [bt]: Calculation finished!
