### [bt]: This is batchtools v0.9.17
### [bt]: Starting calculation of 1 jobs
### [bt]: Setting working directory to '/content/drive/MyDrive/GitHub/Mater_Thesis_Calibration'
ece.R :
Friedmann_tasks.R :
Functions.R :
ici.R :
mse_feature_effects.R :
PipeOpCalibration_TuningExperiment.R :
PipeOpCalibration.R :
PipeOpCalibrationUnion.R :
plotCD.R :
### [bt]: Memory measurement disabled
### [bt]: Starting job [batchtools job.id=244]
### [bt]: Setting seed to 367 ...
# weights:  37
initial  value 5794.661729 
iter  10 value 3775.438805
iter  20 value 3550.457131
iter  30 value 3086.839881
iter  40 value 2704.583419
iter  50 value 2644.777142
iter  60 value 2606.804097
iter  70 value 2345.136848
iter  80 value 2320.929352
iter  90 value 2317.771284
iter 100 value 2315.829334
final  value 2315.829334 
stopped after 100 iterations
# weights:  37
initial  value 5561.560693 
iter  10 value 3811.657079
iter  20 value 3171.154504
iter  30 value 2700.149640
iter  40 value 2596.722094
iter  50 value 2497.021203
iter  60 value 2339.200698
iter  70 value 2288.149052
iter  80 value 2272.534586
iter  90 value 2257.745106
iter 100 value 2239.229037
final  value 2239.229037 
stopped after 100 iterations
# weights:  37
initial  value 5994.971932 
iter  10 value 4015.620223
iter  20 value 3414.303531
iter  30 value 3254.575081
iter  40 value 3251.419978
iter  50 value 3249.411027
iter  60 value 3248.970284
iter  70 value 3246.844879
iter  80 value 3242.952693
iter  90 value 3242.464876
iter 100 value 3239.598156
final  value 3239.598156 
stopped after 100 iterations
# weights:  37
initial  value 5509.109019 
iter  10 value 3247.146442
iter  20 value 3220.110616
iter  30 value 3147.103746
iter  40 value 3060.115793
iter  50 value 2955.327716
iter  60 value 2935.782974
iter  70 value 2920.964932
iter  80 value 2873.475575
iter  90 value 2857.073915
iter 100 value 2843.828668
final  value 2843.828668 
stopped after 100 iterations
# weights:  37
initial  value 5551.214070 
iter  10 value 3569.086026
iter  20 value 3275.203384
iter  30 value 3209.579366
iter  40 value 3201.845901
iter  50 value 3176.298766
iter  60 value 3046.671923
iter  70 value 2959.114065
iter  80 value 2914.594434
iter  90 value 2891.802923
iter 100 value 2873.827154
final  value 2873.827154 
stopped after 100 iterations

### [bt]: Job terminated successfully [batchtools job.id=244]
### [bt]: Calculation finished!
