### [bt]: This is batchtools v0.9.17
### [bt]: Starting calculation of 1 jobs
### [bt]: Setting working directory to '/content/drive/MyDrive/GitHub/Mater_Thesis_Calibration'
ece.R :
Friedmann_tasks.R :
Functions.R :
ici.R :
mse_feature_effects.R :
PipeOpCalibration.R :
PipeOpCalibrationUnion.R :
### [bt]: Memory measurement disabled
### [bt]: Starting job [batchtools job.id=1355]
### [bt]: Setting seed to 1478 ...
# weights:  37
initial  value 5416.668440 
iter  10 value 2304.660490
iter  20 value 1983.395738
iter  30 value 1891.337674
iter  40 value 1747.037546
iter  50 value 1692.833810
iter  60 value 1669.470273
iter  70 value 1642.921450
iter  80 value 1609.555407
iter  90 value 1578.035000
iter 100 value 1552.451508
final  value 1552.451508 
stopped after 100 iterations
# weights:  37
initial  value 5602.159056 
iter  10 value 2084.158978
iter  20 value 1896.138056
iter  30 value 1736.673956
iter  40 value 1632.046924
iter  50 value 1593.180451
iter  60 value 1487.551882
iter  70 value 1357.111137
iter  80 value 1311.675530
iter  90 value 1298.821660
iter 100 value 1279.073706
final  value 1279.073706 
stopped after 100 iterations
# weights:  37
initial  value 5915.516289 
iter  10 value 2220.618751
iter  20 value 1966.149837
iter  30 value 1927.317479
iter  40 value 1814.359003
iter  50 value 1674.588470
iter  60 value 1653.834806
iter  70 value 1629.032857
iter  80 value 1589.058328
iter  90 value 1554.802199
iter 100 value 1526.488464
final  value 1526.488464 
stopped after 100 iterations
# weights:  37
initial  value 5701.419848 
iter  10 value 2076.583865
iter  20 value 1941.518130
iter  30 value 1782.688371
iter  40 value 1705.239113
iter  50 value 1628.049082
iter  60 value 1610.954508
iter  70 value 1593.347704
iter  80 value 1488.879557
iter  90 value 1470.011484
iter 100 value 1461.692948
final  value 1461.692948 
stopped after 100 iterations
# weights:  37
initial  value 6215.763149 
iter  10 value 2024.914810
iter  20 value 1953.421481
iter  30 value 1825.377945
iter  40 value 1761.922910
iter  50 value 1710.005874
iter  60 value 1640.071718
iter  70 value 1585.828326
iter  80 value 1564.631610
iter  90 value 1558.365397
iter 100 value 1551.881916
final  value 1551.881916 
stopped after 100 iterations

### [bt]: Job terminated successfully [batchtools job.id=1355]
### [bt]: Calculation finished!
