### [bt]: This is batchtools v0.9.17
### [bt]: Starting calculation of 1 jobs
### [bt]: Setting working directory to '/content/drive/MyDrive/GitHub/Mater_Thesis_Calibration'
ece.R :
Friedmann_tasks.R :
Functions.R :
ici.R :
mse_feature_effects.R :
PipeOpCalibration.R :
PipeOpCalibrationUnion.R :
### [bt]: Memory measurement disabled
### [bt]: Starting job [batchtools job.id=1853]
### [bt]: Setting seed to 1976 ...
[1] -27.04893
[1] 19.95103
[1] -21.44037
[1] 25.5573
[1] -27.76526
[1] 22.57936
[1] -21.17562
[1] 26.14236
[1] -27.50774
[1] 24.58429

### [bt]: Job terminated successfully [batchtools job.id=1853]
### [bt]: Calculation finished!
