### [bt]: This is batchtools v0.9.17
### [bt]: Starting calculation of 1 jobs
### [bt]: Setting working directory to '/content/drive/MyDrive/GitHub/Mater_Thesis_Calibration'
ece.R :
Friedmann_tasks.R :
Functions.R :
ici.R :
mse_feature_effects.R :
PipeOpCalibration_TuningExperiment.R :
PipeOpCalibration.R :
PipeOpCalibrationUnion.R :
plotCD.R :
### [bt]: Memory measurement disabled
### [bt]: Starting job [batchtools job.id=1414]
### [bt]: Setting seed to 1537 ...
[1] -55.99361
[1] 69.61528
[1] -68.28336
[1] 42.85395
[1] -58.815
[1] 57.55681
[1] -60.48648
[1] 56.61644
[1] -73.88113
[1] 53.16802

### [bt]: Job terminated successfully [batchtools job.id=1414]
### [bt]: Calculation finished!
