### [bt]: This is batchtools v0.9.17
### [bt]: Starting calculation of 1 jobs
### [bt]: Setting working directory to '/content/drive/MyDrive/GitHub/Mater_Thesis_Calibration'
ece.R :
Friedmann_tasks.R :
Functions.R :
ici.R :
mse_feature_effects.R :
PipeOpCalibration_TuningExperiment.R :
PipeOpCalibration.R :
PipeOpCalibrationUnion.R :
plotCD.R :
### [bt]: Memory measurement disabled
### [bt]: Starting job [batchtools job.id=741]
### [bt]: Setting seed to 864 ...
# weights:  37
initial  value 6260.826831 
iter  10 value 4788.343615
iter  20 value 4607.310857
iter  30 value 4434.504532
iter  40 value 4312.475329
iter  50 value 4224.541557
iter  60 value 4199.805651
iter  70 value 4170.267330
iter  80 value 4161.502483
iter  90 value 4155.796835
iter 100 value 4146.986953
final  value 4146.986953 
stopped after 100 iterations
# weights:  37
initial  value 6235.295585 
iter  10 value 4788.042107
iter  20 value 4705.770086
iter  30 value 4595.603732
iter  40 value 4251.028190
iter  50 value 4128.189705
iter  60 value 4087.353689
iter  70 value 4055.446548
iter  80 value 4043.109515
iter  90 value 4041.332627
iter 100 value 4035.814705
final  value 4035.814705 
stopped after 100 iterations
# weights:  37
initial  value 5806.074511 
iter  10 value 5043.074129
iter  20 value 4769.453634
iter  30 value 4584.814277
iter  40 value 4357.543646
iter  50 value 4274.679284
iter  60 value 4240.063517
iter  70 value 4222.313982
iter  80 value 4215.161849
iter  90 value 4211.628472
iter 100 value 4203.699414
final  value 4203.699414 
stopped after 100 iterations
# weights:  37
initial  value 5918.633482 
iter  10 value 4745.150979
iter  20 value 4711.261248
iter  30 value 4696.030189
iter  40 value 4550.569151
iter  50 value 4451.720290
iter  60 value 4387.208176
iter  70 value 4349.154225
iter  80 value 4310.264768
iter  90 value 4289.487995
iter 100 value 4275.586015
final  value 4275.586015 
stopped after 100 iterations
# weights:  37
initial  value 5502.817555 
iter  10 value 4750.383143
iter  20 value 4597.826860
iter  30 value 4372.141526
iter  40 value 4304.817070
iter  50 value 4266.985728
iter  60 value 4257.811672
iter  70 value 4250.631710
iter  80 value 4243.796647
iter  90 value 4242.989686
iter 100 value 4240.776331
final  value 4240.776331 
stopped after 100 iterations

### [bt]: Job terminated successfully [batchtools job.id=741]
### [bt]: Calculation finished!
