### [bt]: This is batchtools v0.9.17
### [bt]: Starting calculation of 1 jobs
### [bt]: Setting working directory to '/content/drive/MyDrive/GitHub/Mater_Thesis_Calibration'
ece.R :
Friedmann_tasks.R :
Functions.R :
ici.R :
mse_feature_effects.R :
PipeOpCalibration.R :
PipeOpCalibrationUnion.R :
### [bt]: Memory measurement disabled
### [bt]: Starting job [batchtools job.id=1360]
### [bt]: Setting seed to 1483 ...
# weights:  37
initial  value 6745.689798 
iter  10 value 4515.596488
iter  20 value 4263.191354
iter  30 value 4102.033138
iter  40 value 3983.039799
iter  50 value 3948.011807
iter  60 value 3921.950517
iter  70 value 3912.520831
iter  80 value 3910.706296
iter  90 value 3909.801886
iter 100 value 3908.061714
final  value 3908.061714 
stopped after 100 iterations
# weights:  37
initial  value 6107.238135 
iter  10 value 4306.044365
iter  20 value 4263.073113
iter  30 value 4138.704182
iter  40 value 3861.733022
iter  50 value 3811.153436
iter  60 value 3630.821536
iter  70 value 3135.803024
iter  80 value 2761.426477
iter  90 value 2505.053743
iter 100 value 2254.572684
final  value 2254.572684 
stopped after 100 iterations
# weights:  37
initial  value 5554.067037 
iter  10 value 4889.925688
iter  20 value 4319.009306
iter  30 value 4159.984247
iter  40 value 4011.047333
iter  50 value 3977.020319
iter  60 value 3936.129846
iter  70 value 3921.582809
iter  80 value 3917.791413
iter  90 value 3917.572176
iter 100 value 3914.231995
final  value 3914.231995 
stopped after 100 iterations
# weights:  37
initial  value 5630.629461 
iter  10 value 4416.423491
iter  20 value 4213.577149
iter  30 value 3991.413747
iter  40 value 2750.469702
iter  50 value 2285.396261
iter  60 value 2128.700790
iter  70 value 1953.808828
iter  80 value 1866.355135
iter  90 value 1828.405725
iter 100 value 1792.500902
final  value 1792.500902 
stopped after 100 iterations
# weights:  37
initial  value 5518.028934 
iter  10 value 4311.226453
iter  20 value 3388.965670
iter  30 value 2705.961415
iter  40 value 2509.873245
iter  50 value 2305.665397
iter  60 value 1993.130007
iter  70 value 1879.711248
iter  80 value 1857.825259
iter  90 value 1840.827471
iter 100 value 1831.331407
final  value 1831.331407 
stopped after 100 iterations

### [bt]: Job terminated successfully [batchtools job.id=1360]
### [bt]: Calculation finished!
