### [bt]: This is batchtools v0.9.17
### [bt]: Starting calculation of 1 jobs
### [bt]: Setting working directory to '/content/drive/MyDrive/GitHub/Mater_Thesis_Calibration'
ece.R :
Friedmann_tasks.R :
Functions.R :
ici.R :
mse_feature_effects.R :
PipeOpCalibration.R :
PipeOpCalibrationUnion.R :
### [bt]: Memory measurement disabled
### [bt]: Starting job [batchtools job.id=240]
### [bt]: Setting seed to 363 ...
# weights:  37
initial  value 5689.636642 
iter  10 value 4776.779703
iter  20 value 4632.503752
iter  30 value 4259.385334
iter  40 value 4110.751745
iter  50 value 4101.700907
iter  60 value 4096.390263
iter  70 value 4094.134580
iter  80 value 4090.095189
iter  90 value 4089.132944
iter 100 value 4087.553948
final  value 4087.553948 
stopped after 100 iterations
# weights:  37
initial  value 5902.233713 
iter  10 value 4628.315851
iter  20 value 4230.207949
iter  30 value 4139.348021
iter  40 value 4050.469274
iter  50 value 4024.376492
iter  60 value 4014.708060
iter  70 value 4005.539956
iter  80 value 3993.953411
iter  90 value 3991.046583
iter 100 value 3988.197528
final  value 3988.197528 
stopped after 100 iterations
# weights:  37
initial  value 6564.028119 
iter  10 value 4737.356807
iter  20 value 4306.939112
iter  30 value 4095.175362
iter  40 value 4048.455791
iter  50 value 3988.441347
iter  60 value 3968.923569
iter  70 value 3951.325323
iter  80 value 3934.147774
iter  90 value 3931.123513
iter 100 value 3927.716009
final  value 3927.716009 
stopped after 100 iterations
# weights:  37
initial  value 5776.994971 
iter  10 value 4816.733671
iter  20 value 4574.356647
iter  30 value 4199.300468
iter  40 value 4142.110746
iter  50 value 4114.645441
iter  60 value 4105.228336
iter  70 value 4100.550080
iter  80 value 4096.689370
iter  90 value 4094.577245
iter 100 value 4092.546117
final  value 4092.546117 
stopped after 100 iterations
# weights:  37
initial  value 5677.722620 
iter  10 value 4763.521955
iter  20 value 4337.950177
iter  30 value 4129.336714
iter  40 value 4100.620332
iter  50 value 4085.187444
iter  60 value 4077.226364
iter  70 value 4066.282615
iter  80 value 3987.684713
iter  90 value 3953.554108
iter 100 value 3947.595827
final  value 3947.595827 
stopped after 100 iterations
[1] -25.85526
[1] 43.98873
[1] -45.88935
[1] 38.55231
[1] -28.72259
[1] 40.78786
[1] -31.79151
[1] 40.36543
[1] -37.37716
[1] 34.78945

### [bt]: Job terminated successfully [batchtools job.id=240]
### [bt]: Calculation finished!
