### [bt]: This is batchtools v0.9.17
### [bt]: Starting calculation of 1 jobs
### [bt]: Setting working directory to '/content/drive/MyDrive/GitHub/Mater_Thesis_Calibration'
ece.R :
Friedmann_tasks.R :
Functions.R :
ici.R :
mse_feature_effects.R :
PipeOpCalibration_TuningExperiment.R :
PipeOpCalibration.R :
PipeOpCalibrationUnion.R :
plotCD.R :
### [bt]: Memory measurement disabled
### [bt]: Starting job [batchtools job.id=1888]
### [bt]: Setting seed to 2011 ...
# weights:  37
initial  value 7205.779166 
iter  10 value 6256.982841
iter  20 value 5255.141071
iter  30 value 5090.324876
iter  40 value 4739.693290
iter  50 value 3452.328279
iter  60 value 3262.766515
iter  70 value 3183.152967
iter  80 value 3000.606093
iter  90 value 2958.043871
iter 100 value 2924.684869
final  value 2924.684869 
stopped after 100 iterations

### [bt]: Job terminated successfully [batchtools job.id=1888]
### [bt]: Calculation finished!
