### [bt]: This is batchtools v0.9.17
### [bt]: Starting calculation of 1 jobs
### [bt]: Setting working directory to '/content/drive/MyDrive/GitHub/Mater_Thesis_Calibration'
ece.R :
Friedmann_tasks.R :
Functions.R :
ici.R :
mse_feature_effects.R :
PipeOpCalibration_TuningExperiment.R :
PipeOpCalibration.R :
PipeOpCalibrationUnion.R :
plotCD.R :
### [bt]: Memory measurement disabled
### [bt]: Starting job [batchtools job.id=1939]
### [bt]: Setting seed to 2062 ...
# weights:  37
initial  value 6471.908745 
iter  10 value 4301.559857
iter  20 value 3765.132811
iter  30 value 3585.502179
iter  40 value 3487.643417
iter  50 value 3446.420680
iter  60 value 3407.465571
iter  70 value 3396.963529
iter  80 value 3389.346710
iter  90 value 3376.302588
iter 100 value 3353.101317
final  value 3353.101317 
stopped after 100 iterations
# weights:  37
initial  value 7270.944656 
iter  10 value 3784.724248
iter  20 value 3691.256674
iter  30 value 3438.620659
iter  40 value 3379.044556
iter  50 value 3346.208810
iter  60 value 3334.983311
iter  70 value 3327.686839
iter  80 value 3323.920393
iter  90 value 3323.314181
iter 100 value 3322.727313
final  value 3322.727313 
stopped after 100 iterations
# weights:  37
initial  value 5535.222564 
iter  10 value 3914.102901
iter  20 value 3760.846744
iter  30 value 3426.000546
iter  40 value 2815.973253
iter  50 value 2568.088450
iter  60 value 2467.319572
iter  70 value 2443.505085
iter  80 value 2427.210666
iter  90 value 2393.591908
iter 100 value 2256.713730
final  value 2256.713730 
stopped after 100 iterations
# weights:  37
initial  value 5840.648186 
iter  10 value 4066.734127
iter  20 value 3915.370794
iter  30 value 3815.697612
iter  40 value 3798.211867
iter  50 value 3789.392255
iter  60 value 3787.266408
iter  70 value 3786.525019
iter  80 value 3786.104763
iter  90 value 3785.452862
iter 100 value 3784.980934
final  value 3784.980934 
stopped after 100 iterations
# weights:  37
initial  value 5658.979593 
iter  10 value 4127.733171
iter  20 value 3697.672499
iter  30 value 3474.461203
iter  40 value 3338.296427
iter  50 value 3308.062351
iter  60 value 3294.200032
iter  70 value 3286.658473
iter  80 value 3284.800135
iter  90 value 3284.554273
iter 100 value 3284.157499
final  value 3284.157499 
stopped after 100 iterations

### [bt]: Job terminated successfully [batchtools job.id=1939]
### [bt]: Calculation finished!
