### [bt]: This is batchtools v0.9.17
### [bt]: Starting calculation of 1 jobs
### [bt]: Setting working directory to '/content/drive/MyDrive/GitHub/Mater_Thesis_Calibration'
ece.R :
Friedmann_tasks.R :
Functions.R :
ici.R :
mse_feature_effects.R :
PipeOpCalibration.R :
PipeOpCalibrationUnion.R :
### [bt]: Memory measurement disabled
### [bt]: Starting job [batchtools job.id=734]
### [bt]: Setting seed to 857 ...
# weights:  37
initial  value 6955.814323 
iter  10 value 4505.990372
iter  20 value 4026.183776
iter  30 value 3757.337300
iter  40 value 2816.505671
iter  50 value 2572.958620
iter  60 value 2487.624306
iter  70 value 2466.483500
iter  80 value 2458.672839
iter  90 value 2457.559513
iter 100 value 2454.671945
final  value 2454.671945 
stopped after 100 iterations

### [bt]: Job terminated successfully [batchtools job.id=734]
### [bt]: Calculation finished!
