### [bt]: This is batchtools v0.9.17
### [bt]: Starting calculation of 1 jobs
### [bt]: Setting working directory to '/content/drive/MyDrive/GitHub/Mater_Thesis_Calibration'
ece.R :
Friedmann_tasks.R :
Functions.R :
ici.R :
mse_feature_effects.R :
PipeOpCalibration_TuningExperiment.R :
PipeOpCalibration.R :
PipeOpCalibrationUnion.R :
plotCD.R :
### [bt]: Memory measurement disabled
### [bt]: Starting job [batchtools job.id=698]
### [bt]: Setting seed to 821 ...
[1] -22.21781
[1] 29.54736
[1] -25.41936
[1] 24.30362
[1] -25.9498
[1] 24.54222
[1] -24.04248
[1] 26.32699
[1] -27.6313
[1] 27.01316

### [bt]: Job terminated successfully [batchtools job.id=698]
### [bt]: Calculation finished!
