### [bt]: This is batchtools v0.9.17
### [bt]: Starting calculation of 1 jobs
### [bt]: Setting working directory to '/content/drive/MyDrive/GitHub/Mater_Thesis_Calibration'
ece.R :
Friedmann_tasks.R :
Functions.R :
ici.R :
mse_feature_effects.R :
PipeOpCalibration_TuningExperiment.R :
PipeOpCalibration.R :
PipeOpCalibrationUnion.R :
plotCD.R :
### [bt]: Memory measurement disabled
### [bt]: Starting job [batchtools job.id=975]
### [bt]: Setting seed to 1098 ...
[1] -35.46419
[1] 49.49334
[1] -46.01163
[1] 38.64474
[1] -36.24796
[1] 38.04475
[1] -47.53903
[1] 43.02054
[1] -43.63881
[1] 44.17515

### [bt]: Job terminated successfully [batchtools job.id=975]
### [bt]: Calculation finished!
