### [bt]: This is batchtools v0.9.17
### [bt]: Starting calculation of 1 jobs
### [bt]: Setting working directory to '/content/drive/MyDrive/GitHub/Mater_Thesis_Calibration'
ece.R :
Friedmann_tasks.R :
Functions.R :
ici.R :
mse_feature_effects.R :
PipeOpCalibration.R :
PipeOpCalibrationUnion.R :
### [bt]: Memory measurement disabled
### [bt]: Starting job [batchtools job.id=1328]
### [bt]: Setting seed to 1451 ...
# weights:  37
initial  value 5700.903644 
iter  10 value 3956.407311
iter  20 value 2721.822567
iter  30 value 2063.058165
iter  40 value 1781.636605
iter  50 value 1541.491515
iter  60 value 1472.289395
iter  70 value 1380.487817
iter  80 value 1274.527055
iter  90 value 1205.514980
iter 100 value 1200.738902
final  value 1200.738902 
stopped after 100 iterations
# weights:  37
initial  value 5530.046470 
iter  10 value 3745.885064
iter  20 value 3253.329670
iter  30 value 2638.149016
iter  40 value 2085.005369
iter  50 value 1670.624571
iter  60 value 1528.035285
iter  70 value 1465.705628
iter  80 value 1403.553142
iter  90 value 1371.700151
iter 100 value 1344.582339
final  value 1344.582339 
stopped after 100 iterations
# weights:  37
initial  value 5949.046087 
iter  10 value 3970.469409
iter  20 value 3471.344462
iter  30 value 2526.984941
iter  40 value 1746.761030
iter  50 value 1547.220268
iter  60 value 1464.501620
iter  70 value 1418.748170
iter  80 value 1338.654371
iter  90 value 1322.718934
iter 100 value 1308.895721
final  value 1308.895721 
stopped after 100 iterations
# weights:  37
initial  value 5649.633803 
iter  10 value 3932.126448
iter  20 value 3611.906598
iter  30 value 2751.404544
iter  40 value 2379.045267
iter  50 value 2035.363952
iter  60 value 1910.371653
iter  70 value 1730.748280
iter  80 value 1677.532784
iter  90 value 1571.956849
iter 100 value 1504.908872
final  value 1504.908872 
stopped after 100 iterations
# weights:  37
initial  value 5490.818234 
iter  10 value 3838.685057
iter  20 value 2964.378847
iter  30 value 2447.423765
iter  40 value 1952.283360
iter  50 value 1676.045763
iter  60 value 1502.051373
iter  70 value 1388.179147
iter  80 value 1303.803742
iter  90 value 1271.773409
iter 100 value 1265.758000
final  value 1265.758000 
stopped after 100 iterations

### [bt]: Job terminated successfully [batchtools job.id=1328]
### [bt]: Calculation finished!
