### [bt]: This is batchtools v0.9.17
### [bt]: Starting calculation of 1 jobs
### [bt]: Setting working directory to '/content/drive/MyDrive/GitHub/Mater_Thesis_Calibration'
ece.R :
Friedmann_tasks.R :
Functions.R :
ici.R :
mse_feature_effects.R :
PipeOpCalibration_TuningExperiment.R :
PipeOpCalibration.R :
PipeOpCalibrationUnion.R :
plotCD.R :
### [bt]: Memory measurement disabled
### [bt]: Starting job [batchtools job.id=410]
### [bt]: Setting seed to 533 ...
Warning: glm.fit: fitted probabilities numerically 0 or 1 occurred
This happened PipeOp classif.ranger's $train()
[1] -58.3495
[1] 61.36319
Warning: glm.fit: fitted probabilities numerically 0 or 1 occurred
This happened PipeOp classif.ranger's $train()
[1] -64.58152
[1] 65.2548
Warning: glm.fit: fitted probabilities numerically 0 or 1 occurred
This happened PipeOp classif.ranger's $train()
[1] -59.65154
[1] 75.13167
Warning: glm.fit: fitted probabilities numerically 0 or 1 occurred
This happened PipeOp classif.ranger's $train()
[1] -56.64872
[1] 65.99336
Warning: glm.fit: fitted probabilities numerically 0 or 1 occurred
This happened PipeOp classif.ranger's $train()
[1] -61.16819
[1] 68.02273

### [bt]: Job terminated successfully [batchtools job.id=410]
### [bt]: Calculation finished!
