### [bt]: This is batchtools v0.9.17
### [bt]: Starting calculation of 1 jobs
### [bt]: Setting working directory to '/content/drive/MyDrive/GitHub/Mater_Thesis_Calibration'
ece.R :
Friedmann_tasks.R :
Functions.R :
ici.R :
mse_feature_effects.R :
PipeOpCalibration_TuningExperiment.R :
PipeOpCalibration.R :
PipeOpCalibrationUnion.R :
plotCD.R :
### [bt]: Memory measurement disabled
### [bt]: Starting job [batchtools job.id=1551]
### [bt]: Setting seed to 1674 ...
[1] -41.65271
[1] 41.88854
[1] -54.70034
[1] 25.90906
[1] -40.47079
[1] 41.1207
[1] -40.12695
[1] 45.92448
[1] -45.65902
[1] 41.41507

### [bt]: Job terminated successfully [batchtools job.id=1551]
### [bt]: Calculation finished!
