### [bt]: This is batchtools v0.9.17
### [bt]: Starting calculation of 1 jobs
### [bt]: Setting working directory to '/content/drive/MyDrive/GitHub/Mater_Thesis_Calibration'
ece.R :
Friedmann_tasks.R :
Functions.R :
ici.R :
mse_feature_effects.R :
PipeOpCalibration.R :
PipeOpCalibrationUnion.R :
### [bt]: Memory measurement disabled
### [bt]: Starting job [batchtools job.id=1893]
### [bt]: Setting seed to 2016 ...
# weights:  37
initial  value 5659.776026 
iter  10 value 4479.292651
iter  20 value 4290.933654
iter  30 value 4261.988306
iter  40 value 4190.088754
iter  50 value 4174.846469
iter  60 value 4161.874275
iter  70 value 4148.324796
iter  80 value 4140.907802
iter  90 value 4139.508423
iter 100 value 4135.844144
final  value 4135.844144 
stopped after 100 iterations
# weights:  37
initial  value 5561.322702 
iter  10 value 4489.286538
iter  20 value 4292.960375
iter  30 value 4185.754063
iter  40 value 4154.181215
iter  50 value 4136.870810
iter  60 value 4118.333327
iter  70 value 4114.192994
iter  80 value 4112.585922
iter  90 value 4110.457597
iter 100 value 4108.847381
final  value 4108.847381 
stopped after 100 iterations
# weights:  37
initial  value 5611.033811 
iter  10 value 4439.663131
iter  20 value 4385.280149
iter  30 value 4315.535549
iter  40 value 4255.624936
iter  50 value 4233.375667
iter  60 value 4222.136280
iter  70 value 4207.854857
iter  80 value 4199.065595
iter  90 value 4197.808133
iter 100 value 4194.834977
final  value 4194.834977 
stopped after 100 iterations
# weights:  37
initial  value 5621.866863 
iter  10 value 4895.204359
iter  20 value 4615.112175
iter  30 value 4348.734410
iter  40 value 4252.616865
iter  50 value 4170.418394
iter  60 value 4136.043820
iter  70 value 4125.954857
iter  80 value 4122.555274
iter  90 value 4119.775387
iter 100 value 4114.919428
final  value 4114.919428 
stopped after 100 iterations
# weights:  37
initial  value 6618.256840 
iter  10 value 4760.098130
iter  20 value 4527.378343
iter  30 value 4279.743077
iter  40 value 4200.395208
iter  50 value 4168.406287
iter  60 value 4154.460811
iter  70 value 4144.324457
iter  80 value 4127.797159
iter  90 value 4111.458693
iter 100 value 4104.849886
final  value 4104.849886 
stopped after 100 iterations

### [bt]: Job terminated successfully [batchtools job.id=1893]
### [bt]: Calculation finished!
