### [bt]: This is batchtools v0.9.17
### [bt]: Starting calculation of 1 jobs
### [bt]: Setting working directory to '/content/drive/MyDrive/GitHub/Mater_Thesis_Calibration'
ece.R :
Friedmann_tasks.R :
Functions.R :
ici.R :
mse_feature_effects.R :
PipeOpCalibration.R :
PipeOpCalibrationUnion.R :
### [bt]: Memory measurement disabled
### [bt]: Starting job [batchtools job.id=1695]
### [bt]: Setting seed to 1818 ...
[1] -0.3456457
[1] 27.79982
[1] -23.85622
[1] 0.3503376
[1] -1.276615
[1] 26.19438
Warning: glm.fit: fitted probabilities numerically 0 or 1 occurred
This happened PipeOp classif.rpart's $train()
Warning: glm.fit: fitted probabilities numerically 0 or 1 occurred
This happened PipeOp classif.rpart's $train()
[1] -33.54775
[1] -0.964187
[1] -28.31904
[1] 4.603566

### [bt]: Job terminated successfully [batchtools job.id=1695]
### [bt]: Calculation finished!
