### [bt]: This is batchtools v0.9.17
### [bt]: Starting calculation of 1 jobs
### [bt]: Setting working directory to '/content/drive/MyDrive/GitHub/Mater_Thesis_Calibration'
ece.R :
Friedmann_tasks.R :
Functions.R :
ici.R :
mse_feature_effects.R :
PipeOpCalibration.R :
PipeOpCalibrationUnion.R :
### [bt]: Memory measurement disabled
### [bt]: Starting job [batchtools job.id=1346]
### [bt]: Setting seed to 1469 ...
# weights:  37
initial  value 5568.273787 
iter  10 value 3813.097400
iter  20 value 3424.895433
iter  30 value 2201.439559
iter  40 value 2038.428023
iter  50 value 1988.366771
iter  60 value 1958.394792
iter  70 value 1935.713773
iter  80 value 1920.769987
iter  90 value 1918.187003
iter 100 value 1916.583729
final  value 1916.583729 
stopped after 100 iterations
# weights:  37
initial  value 5798.979806 
iter  10 value 4135.404116
iter  20 value 3136.793235
iter  30 value 2305.650305
iter  40 value 2118.860689
iter  50 value 2048.383367
iter  60 value 1969.137593
iter  70 value 1956.449896
iter  80 value 1949.048270
iter  90 value 1941.760795
iter 100 value 1935.291510
final  value 1935.291510 
stopped after 100 iterations
# weights:  37
initial  value 5853.086877 
iter  10 value 4826.429229
iter  20 value 4320.675850
iter  30 value 3489.525876
iter  40 value 2448.747141
iter  50 value 2040.636927
iter  60 value 1769.696639
iter  70 value 1450.853762
iter  80 value 1422.866523
iter  90 value 1354.818297
iter 100 value 1328.903794
final  value 1328.903794 
stopped after 100 iterations
# weights:  37
initial  value 5684.907483 
iter  10 value 3647.050569
iter  20 value 2072.682192
iter  30 value 1933.165634
iter  40 value 1707.624297
iter  50 value 1498.410930
iter  60 value 1370.732837
iter  70 value 1290.167241
iter  80 value 1235.793944
iter  90 value 1224.131090
iter 100 value 1223.109241
final  value 1223.109241 
stopped after 100 iterations
# weights:  37
initial  value 5802.580439 
iter  10 value 3943.007871
iter  20 value 3627.570316
iter  30 value 3159.635351
iter  40 value 2772.030603
iter  50 value 2522.065722
iter  60 value 2497.788754
iter  70 value 2471.474658
iter  80 value 2463.006193
iter  90 value 2432.611276
iter 100 value 2347.990887
final  value 2347.990887 
stopped after 100 iterations
[1] -28.19884
[1] 44.50815
[1] -27.5442
[1] 46.96172
Warning: glm.fit: fitted probabilities numerically 0 or 1 occurred
This happened PipeOp classif.nnet's $train()
[1] -31.72872
[1] 46.59692
Warning: glm.fit: fitted probabilities numerically 0 or 1 occurred
This happened PipeOp classif.nnet's $train()
[1] -33.55513
[1] 44.85893
[1] -24.05978
[1] 46.03135

### [bt]: Job terminated successfully [batchtools job.id=1346]
### [bt]: Calculation finished!
