### [bt]: This is batchtools v0.9.17
### [bt]: Starting calculation of 1 jobs
### [bt]: Setting working directory to '/content/drive/MyDrive/GitHub/Mater_Thesis_Calibration'
ece.R :
Friedmann_tasks.R :
Functions.R :
ici.R :
mse_feature_effects.R :
PipeOpCalibration.R :
PipeOpCalibrationUnion.R :
### [bt]: Memory measurement disabled
### [bt]: Starting job [batchtools job.id=832]
### [bt]: Setting seed to 955 ...
[1] -14.53609
[1] 11.42428
[1] -13.16911
[1] 12.81058
[1] -16.73711
[1] 11.4193
[1] -16.4572
[1] 11.31363
[1] -15.39872
[1] 11.73562

### [bt]: Job terminated successfully [batchtools job.id=832]
### [bt]: Calculation finished!
