### [bt]: This is batchtools v0.9.17
### [bt]: Starting calculation of 1 jobs
### [bt]: Setting working directory to '/content/drive/MyDrive/GitHub/Mater_Thesis_Calibration'
ece.R :
Friedmann_tasks.R :
Functions.R :
ici.R :
mse_feature_effects.R :
PipeOpCalibration.R :
PipeOpCalibrationUnion.R :
### [bt]: Memory measurement disabled
### [bt]: Starting job [batchtools job.id=781]
### [bt]: Setting seed to 904 ...
# weights:  37
initial  value 6325.902919 
iter  10 value 1413.051404
iter  20 value 1262.095367
iter  30 value 1249.145761
iter  40 value 1246.407314
iter  50 value 1228.594945
iter  60 value 1162.048896
iter  70 value 1143.842389
iter  80 value 1141.628754
iter  90 value 1139.793735
iter 100 value 1137.538781
final  value 1137.538781 
stopped after 100 iterations
# weights:  37
initial  value 5992.263525 
iter  10 value 1382.044453
iter  20 value 1249.440084
iter  30 value 1216.760470
iter  40 value 1207.069181
iter  50 value 1200.868052
iter  60 value 1200.528751
iter  70 value 1200.339797
iter  80 value 1200.069617
iter  90 value 1199.869855
iter 100 value 1199.567224
final  value 1199.567224 
stopped after 100 iterations
# weights:  37
initial  value 5277.344189 
iter  10 value 1509.182889
iter  20 value 1204.224899
iter  30 value 1179.814964
iter  40 value 1162.979331
iter  50 value 1159.608675
iter  60 value 1158.868825
iter  70 value 1158.517007
iter  80 value 1157.005059
iter  90 value 1153.255288
iter 100 value 1143.878185
final  value 1143.878185 
stopped after 100 iterations
# weights:  37
initial  value 5781.373981 
iter  10 value 1364.010724
iter  20 value 1287.237768
iter  30 value 1270.411060
iter  40 value 1256.748473
iter  50 value 1223.737480
iter  60 value 1210.253840
iter  70 value 1207.832357
iter  80 value 1205.607160
iter  90 value 1197.733945
iter 100 value 1188.618392
final  value 1188.618392 
stopped after 100 iterations
# weights:  37
initial  value 5490.546429 
iter  10 value 1284.368623
iter  20 value 1264.890804
iter  30 value 1261.033251
iter  40 value 1245.287505
iter  50 value 1217.210662
iter  60 value 1203.228570
iter  70 value 1198.674531
iter  80 value 1194.309571
iter  90 value 1187.760631
iter 100 value 1179.740073
final  value 1179.740073 
stopped after 100 iterations

### [bt]: Job terminated successfully [batchtools job.id=781]
### [bt]: Calculation finished!
