### [bt]: This is batchtools v0.9.17
### [bt]: Starting calculation of 1 jobs
### [bt]: Setting working directory to '/content/drive/MyDrive/GitHub/Mater_Thesis_Calibration'
ece.R :
Friedmann_tasks.R :
Functions.R :
ici.R :
mse_feature_effects.R :
PipeOpCalibration_TuningExperiment.R :
PipeOpCalibration.R :
PipeOpCalibrationUnion.R :
plotCD.R :
### [bt]: Memory measurement disabled
### [bt]: Starting job [batchtools job.id=915]
### [bt]: Setting seed to 1038 ...
[1] -37.09425
[1] 35.00703
[1] -22.83036
[1] 48.97913
[1] -32.70125
[1] 38.47447
[1] -37.14066
[1] 35.78033
[1] -43.30687
[1] 38.08536

### [bt]: Job terminated successfully [batchtools job.id=915]
### [bt]: Calculation finished!
