### [bt]: This is batchtools v0.9.17
### [bt]: Starting calculation of 1 jobs
### [bt]: Setting working directory to '/content/drive/MyDrive/GitHub/Mater_Thesis_Calibration'
ece.R :
Friedmann_tasks.R :
Functions.R :
ici.R :
mse_feature_effects.R :
PipeOpCalibration_TuningExperiment.R :
PipeOpCalibration.R :
PipeOpCalibrationUnion.R :
plotCD.R :
### [bt]: Memory measurement disabled
### [bt]: Starting job [batchtools job.id=222]
### [bt]: Setting seed to 345 ...
# weights:  37
initial  value 7695.577476 
iter  10 value 5930.660579
iter  20 value 5816.136263
iter  30 value 5793.929111
iter  40 value 5751.238208
iter  50 value 5643.814317
iter  60 value 5634.324712
iter  70 value 5632.141198
iter  80 value 5622.618075
iter  90 value 5616.899400
iter 100 value 5613.251902
final  value 5613.251902 
stopped after 100 iterations

### [bt]: Job terminated successfully [batchtools job.id=222]
### [bt]: Calculation finished!
