### [bt]: This is batchtools v0.9.17
### [bt]: Starting calculation of 1 jobs
### [bt]: Setting working directory to '/content/drive/MyDrive/GitHub/Mater_Thesis_Calibration'
ece.R :
Friedmann_tasks.R :
Functions.R :
ici.R :
mse_feature_effects.R :
PipeOpCalibration.R :
PipeOpCalibrationUnion.R :
### [bt]: Memory measurement disabled
### [bt]: Starting job [batchtools job.id=1345]
### [bt]: Setting seed to 1468 ...
# weights:  37
initial  value 6689.042880 
iter  10 value 4170.640735
iter  20 value 3263.567806
iter  30 value 2515.175364
iter  40 value 2180.059424
iter  50 value 2077.217415
iter  60 value 1977.172228
iter  70 value 1829.432618
iter  80 value 1776.282565
iter  90 value 1746.637510
iter 100 value 1728.222831
final  value 1728.222831 
stopped after 100 iterations
# weights:  37
initial  value 5463.824549 
iter  10 value 3851.876403
iter  20 value 2479.550948
iter  30 value 2338.869502
iter  40 value 2314.148192
iter  50 value 2289.260767
iter  60 value 2053.054790
iter  70 value 1839.024274
iter  80 value 1804.287798
iter  90 value 1766.342120
iter 100 value 1763.756807
final  value 1763.756807 
stopped after 100 iterations
# weights:  37
initial  value 5672.670736 
iter  10 value 3942.537673
iter  20 value 3537.718995
iter  30 value 2964.121969
iter  40 value 2511.802073
iter  50 value 2123.375496
iter  60 value 1928.970919
iter  70 value 1811.153112
iter  80 value 1787.931344
iter  90 value 1776.117697
iter 100 value 1767.665522
final  value 1767.665522 
stopped after 100 iterations
# weights:  37
initial  value 5632.063190 
iter  10 value 3896.941393
iter  20 value 2701.184867
iter  30 value 2544.736369
iter  40 value 2417.248273
iter  50 value 2339.255990
iter  60 value 2315.825919
iter  70 value 2298.505393
iter  80 value 2288.943940
iter  90 value 2286.468895
iter 100 value 2283.429282
final  value 2283.429282 
stopped after 100 iterations
# weights:  37
initial  value 7238.547010 
iter  10 value 4022.149245
iter  20 value 3872.967064
iter  30 value 3560.801849
iter  40 value 3057.697929
iter  50 value 2751.638898
iter  60 value 2410.066853
iter  70 value 2337.098519
iter  80 value 2314.429641
iter  90 value 2302.809166
iter 100 value 2289.057564
final  value 2289.057564 
stopped after 100 iterations
Warning: glm.fit: fitted probabilities numerically 0 or 1 occurred
This happened PipeOp classif.nnet's $train()
[1] -30.44258
[1] 38.68338
Warning: glm.fit: fitted probabilities numerically 0 or 1 occurred
This happened PipeOp classif.nnet's $train()
[1] -45.11327
[1] 41.29
[1] -36.75915
[1] 43.86968
[1] -29.36465
[1] 42.98411
[1] -33.36533
[1] 41.50853

### [bt]: Job terminated successfully [batchtools job.id=1345]
### [bt]: Calculation finished!
