### [bt]: This is batchtools v0.9.17
### [bt]: Starting calculation of 1 jobs
### [bt]: Setting working directory to '/content/drive/MyDrive/GitHub/Mater_Thesis_Calibration'
ece.R :
Friedmann_tasks.R :
Functions.R :
ici.R :
mse_feature_effects.R :
PipeOpCalibration.R :
PipeOpCalibrationUnion.R :
### [bt]: Memory measurement disabled
### [bt]: Starting job [batchtools job.id=1895]
### [bt]: Setting seed to 2018 ...
# weights:  37
initial  value 5763.694029 
iter  10 value 2488.098938
iter  20 value 2032.654280
iter  30 value 1922.861669
iter  40 value 1909.423528
iter  50 value 1902.556614
iter  60 value 1884.086574
iter  70 value 1867.558099
iter  80 value 1829.575243
iter  90 value 1824.667799
iter 100 value 1815.458375
final  value 1815.458375 
stopped after 100 iterations
# weights:  37
initial  value 5580.916703 
iter  10 value 1995.614803
iter  20 value 1966.217820
iter  30 value 1951.675093
iter  40 value 1950.026983
iter  50 value 1924.782332
iter  60 value 1864.373923
iter  70 value 1739.959233
iter  80 value 1658.349239
iter  90 value 1563.082654
iter 100 value 1550.556789
final  value 1550.556789 
stopped after 100 iterations
# weights:  37
initial  value 6767.639541 
iter  10 value 2146.327422
iter  20 value 1995.779535
iter  30 value 1870.574860
iter  40 value 1854.998845
iter  50 value 1852.448885
iter  60 value 1852.366725
final  value 1852.306777 
converged
# weights:  37
initial  value 5578.482505 
iter  10 value 2051.256036
iter  20 value 1936.741983
iter  30 value 1896.630521
iter  40 value 1800.436192
iter  50 value 1794.866621
iter  60 value 1794.125697
iter  70 value 1794.065996
final  value 1794.033867 
converged
# weights:  37
initial  value 5645.247331 
iter  10 value 2006.635873
iter  20 value 1913.619354
iter  30 value 1814.078019
iter  40 value 1663.868595
iter  50 value 1638.464267
iter  60 value 1616.400784
iter  70 value 1594.083463
iter  80 value 1583.223061
iter  90 value 1580.964966
iter 100 value 1578.743833
final  value 1578.743833 
stopped after 100 iterations

### [bt]: Job terminated successfully [batchtools job.id=1895]
### [bt]: Calculation finished!
