### [bt]: This is batchtools v0.9.17
### [bt]: Starting calculation of 1 jobs
### [bt]: Setting working directory to '/content/drive/MyDrive/GitHub/Mater_Thesis_Calibration'
ece.R :
Friedmann_tasks.R :
Functions.R :
ici.R :
mse_feature_effects.R :
PipeOpCalibration_TuningExperiment.R :
PipeOpCalibration.R :
PipeOpCalibrationUnion.R :
plotCD.R :
### [bt]: Memory measurement disabled
### [bt]: Starting job [batchtools job.id=1365]
### [bt]: Setting seed to 1488 ...
# weights:  37
initial  value 5590.765915 
iter  10 value 4727.139404
iter  20 value 4660.118970
iter  30 value 4515.392444
iter  40 value 4298.427881
iter  50 value 4209.443811
iter  60 value 4186.974439
iter  70 value 4183.370023
iter  80 value 4181.499092
iter  90 value 4180.296104
iter 100 value 4176.689951
final  value 4176.689951 
stopped after 100 iterations
# weights:  37
initial  value 5608.255358 
iter  10 value 4670.540277
iter  20 value 4636.966654
iter  30 value 4632.559935
iter  40 value 4625.564900
iter  50 value 4579.647062
iter  60 value 4505.806303
iter  70 value 4482.714191
iter  80 value 4464.189320
iter  90 value 4435.615542
iter 100 value 4384.692480
final  value 4384.692480 
stopped after 100 iterations
# weights:  37
initial  value 5626.191238 
iter  10 value 4811.346123
iter  20 value 4641.182305
iter  30 value 4614.145053
iter  40 value 4544.271949
iter  50 value 4510.504408
iter  60 value 4310.198358
iter  70 value 4176.221269
iter  80 value 4135.927545
iter  90 value 4109.995454
iter 100 value 4085.585866
final  value 4085.585866 
stopped after 100 iterations
# weights:  37
initial  value 6504.242152 
iter  10 value 4682.904869
iter  20 value 4618.734635
iter  30 value 4579.167859
iter  40 value 4504.505888
iter  50 value 4484.763279
iter  60 value 4472.610688
iter  70 value 4462.297878
iter  80 value 4459.526816
iter  90 value 4458.597399
iter 100 value 4457.440606
final  value 4457.440606 
stopped after 100 iterations
# weights:  37
initial  value 5549.506700 
iter  10 value 4868.097916
iter  20 value 4624.960639
iter  30 value 4603.390173
iter  40 value 4583.117510
iter  50 value 4483.698362
iter  60 value 4459.074193
iter  70 value 4446.496881
iter  80 value 4444.894514
iter  90 value 4440.157173
iter 100 value 4429.723046
final  value 4429.723046 
stopped after 100 iterations

### [bt]: Job terminated successfully [batchtools job.id=1365]
### [bt]: Calculation finished!
