### [bt]: This is batchtools v0.9.17
### [bt]: Starting calculation of 1 jobs
### [bt]: Setting working directory to '/content/drive/MyDrive/GitHub/Mater_Thesis_Calibration'
ece.R :
Friedmann_tasks.R :
Functions.R :
ici.R :
mse_feature_effects.R :
PipeOpCalibration.R :
PipeOpCalibrationUnion.R :
### [bt]: Memory measurement disabled
### [bt]: Starting job [batchtools job.id=777]
### [bt]: Setting seed to 900 ...
# weights:  37
initial  value 5644.354447 
iter  10 value 4703.403244
iter  20 value 4378.981532
iter  30 value 4281.969208
iter  40 value 4257.814139
iter  50 value 4245.937822
iter  60 value 4220.064275
iter  70 value 4193.713559
iter  80 value 4176.476126
iter  90 value 4165.332248
iter 100 value 4156.206049
final  value 4156.206049 
stopped after 100 iterations
# weights:  37
initial  value 5795.121389 
iter  10 value 4692.889028
iter  20 value 4455.373727
iter  30 value 4331.383077
iter  40 value 4259.848489
iter  50 value 4246.033965
iter  60 value 4241.528245
iter  70 value 4232.469160
iter  80 value 4230.990710
iter  90 value 4229.945896
iter 100 value 4222.895449
final  value 4222.895449 
stopped after 100 iterations
# weights:  37
initial  value 6269.924547 
iter  10 value 5180.226669
iter  20 value 4431.620125
iter  30 value 4274.210744
iter  40 value 4243.385927
iter  50 value 4190.475075
iter  60 value 4169.474003
iter  70 value 4154.913975
iter  80 value 4147.891540
iter  90 value 4141.782523
iter 100 value 4136.386210
final  value 4136.386210 
stopped after 100 iterations
# weights:  37
initial  value 5653.361702 
iter  10 value 4417.513303
iter  20 value 4342.551552
iter  30 value 4301.880941
iter  40 value 4295.505725
iter  50 value 4279.142403
iter  60 value 4268.891818
iter  70 value 4257.822331
iter  80 value 4239.614726
iter  90 value 4235.559801
iter 100 value 4232.797627
final  value 4232.797627 
stopped after 100 iterations
# weights:  37
initial  value 6228.209747 
iter  10 value 5038.764597
iter  20 value 4648.577689
iter  30 value 4401.214191
iter  40 value 4376.769113
iter  50 value 4372.829438
iter  60 value 4356.691629
iter  70 value 4338.567998
iter  80 value 4329.575277
iter  90 value 4316.872360
iter 100 value 4296.751195
final  value 4296.751195 
stopped after 100 iterations

### [bt]: Job terminated successfully [batchtools job.id=777]
### [bt]: Calculation finished!
