### [bt]: This is batchtools v0.9.17
### [bt]: Starting calculation of 1 jobs
### [bt]: Setting working directory to '/content/drive/MyDrive/GitHub/Mater_Thesis_Calibration'
ece.R :
Friedmann_tasks.R :
Functions.R :
ici.R :
mse_feature_effects.R :
PipeOpCalibration_TuningExperiment.R :
PipeOpCalibration.R :
PipeOpCalibrationUnion.R :
plotCD.R :
### [bt]: Memory measurement disabled
### [bt]: Starting job [batchtools job.id=1707]
### [bt]: Setting seed to 1830 ...
[1] -30.8509
[1] 0.8045799
[1] 1.089829
[1] 40.99001
[1] -23.01531
[1] 1.203475
[1] -30.42006
[1] 0.5371571
Warning: glm.fit: fitted probabilities numerically 0 or 1 occurred
This happened PipeOp classif.rpart's $train()
[1] 0.6934464
[1] 34.82579

### [bt]: Job terminated successfully [batchtools job.id=1707]
### [bt]: Calculation finished!
