### [bt]: This is batchtools v0.9.17
### [bt]: Starting calculation of 1 jobs
### [bt]: Setting working directory to '/content/drive/MyDrive/GitHub/Mater_Thesis_Calibration'
ece.R :
Friedmann_tasks.R :
Functions.R :
ici.R :
mse_feature_effects.R :
PipeOpCalibration.R :
PipeOpCalibrationUnion.R :
### [bt]: Memory measurement disabled
### [bt]: Starting job [batchtools job.id=1306]
### [bt]: Setting seed to 1429 ...
# weights:  37
initial  value 7478.980350 
iter  10 value 5733.901429
iter  20 value 5388.699320
iter  30 value 5145.761924
iter  40 value 5036.222097
iter  50 value 4979.723615
iter  60 value 4940.486282
iter  70 value 4871.958084
iter  80 value 4732.537107
iter  90 value 4643.779363
iter 100 value 4625.161168
final  value 4625.161168 
stopped after 100 iterations

### [bt]: Job terminated successfully [batchtools job.id=1306]
### [bt]: Calculation finished!
