### [bt]: This is batchtools v0.9.17
### [bt]: Starting calculation of 1 jobs
### [bt]: Setting working directory to '/content/drive/MyDrive/GitHub/Mater_Thesis_Calibration'
ece.R :
Friedmann_tasks.R :
Functions.R :
ici.R :
mse_feature_effects.R :
PipeOpCalibration.R :
PipeOpCalibrationUnion.R :
### [bt]: Memory measurement disabled
### [bt]: Starting job [batchtools job.id=1896]
### [bt]: Setting seed to 2019 ...
# weights:  37
initial  value 5480.238760 
iter  10 value 4088.109526
iter  20 value 3965.923709
iter  30 value 3935.917210
iter  40 value 3926.178988
iter  50 value 3917.942186
iter  60 value 3912.952377
iter  70 value 3902.593182
iter  80 value 3900.064933
iter  90 value 3898.586440
iter 100 value 3897.511337
final  value 3897.511337 
stopped after 100 iterations
# weights:  37
initial  value 5681.687266 
iter  10 value 4158.118363
iter  20 value 4030.442299
iter  30 value 4013.411447
iter  40 value 3948.194211
iter  50 value 3931.198771
iter  60 value 3925.095892
iter  70 value 3921.789739
iter  80 value 3920.229286
iter  90 value 3919.214075
iter 100 value 3913.627820
final  value 3913.627820 
stopped after 100 iterations
# weights:  37
initial  value 5935.800573 
iter  10 value 4118.222936
iter  20 value 4027.155573
iter  30 value 3999.884657
iter  40 value 3993.353757
iter  50 value 3992.355030
iter  60 value 3992.219437
iter  70 value 3991.755381
iter  80 value 3991.295658
iter  90 value 3990.877515
iter 100 value 3990.612897
final  value 3990.612897 
stopped after 100 iterations
# weights:  37
initial  value 5616.781106 
iter  10 value 4206.756155
iter  20 value 4013.631473
iter  30 value 3948.922791
iter  40 value 3920.314244
iter  50 value 3895.639273
iter  60 value 3882.212753
iter  70 value 3879.597996
iter  80 value 3878.301261
iter  90 value 3877.408651
iter 100 value 3876.347663
final  value 3876.347663 
stopped after 100 iterations
# weights:  37
initial  value 5698.404805 
iter  10 value 4147.216909
iter  20 value 4018.029408
iter  30 value 3973.203823
iter  40 value 3961.486759
iter  50 value 3952.674485
iter  60 value 3943.378213
iter  70 value 3940.725866
iter  80 value 3939.283111
iter  90 value 3937.147424
iter 100 value 3934.455670
final  value 3934.455670 
stopped after 100 iterations

### [bt]: Job terminated successfully [batchtools job.id=1896]
### [bt]: Calculation finished!
