### [bt]: This is batchtools v0.9.17
### [bt]: Starting calculation of 1 jobs
### [bt]: Setting working directory to '/content/drive/MyDrive/GitHub/Mater_Thesis_Calibration'
ece.R :
Friedmann_tasks.R :
Functions.R :
ici.R :
mse_feature_effects.R :
PipeOpCalibration_TuningExperiment.R :
PipeOpCalibration.R :
PipeOpCalibrationUnion.R :
plotCD.R :
### [bt]: Memory measurement disabled
### [bt]: Starting job [batchtools job.id=1366]
### [bt]: Setting seed to 1489 ...
# weights:  37
initial  value 5973.881038 
iter  10 value 4853.517217
iter  20 value 4006.538867
iter  30 value 3769.267344
iter  40 value 3734.101872
iter  50 value 3702.737390
iter  60 value 3083.768441
iter  70 value 2333.786755
iter  80 value 2214.885169
iter  90 value 2120.272671
iter 100 value 2062.296251
final  value 2062.296251 
stopped after 100 iterations
# weights:  37
initial  value 5810.008975 
iter  10 value 5118.949426
iter  20 value 4262.854956
iter  30 value 3785.733538
iter  40 value 3558.163671
iter  50 value 2963.238127
iter  60 value 2822.469272
iter  70 value 2268.258272
iter  80 value 2182.579190
iter  90 value 2122.521179
iter 100 value 2056.733406
final  value 2056.733406 
stopped after 100 iterations
# weights:  37
initial  value 5542.324066 
iter  10 value 4262.520541
iter  20 value 4047.071863
iter  30 value 3811.568095
iter  40 value 3699.386904
iter  50 value 3353.246284
iter  60 value 2757.005564
iter  70 value 2524.680120
iter  80 value 2207.322268
iter  90 value 2118.515798
iter 100 value 2040.487745
final  value 2040.487745 
stopped after 100 iterations
# weights:  37
initial  value 5981.386722 
iter  10 value 4686.512839
iter  20 value 4199.520760
iter  30 value 3598.110743
iter  40 value 3048.986426
iter  50 value 2906.011532
iter  60 value 2880.342395
iter  70 value 2670.641231
iter  80 value 2581.774322
iter  90 value 2496.199561
iter 100 value 2446.307613
final  value 2446.307613 
stopped after 100 iterations
# weights:  37
initial  value 6087.476568 
iter  10 value 4555.698995
iter  20 value 3874.503733
iter  30 value 2740.463559
iter  40 value 2425.664967
iter  50 value 2349.565202
iter  60 value 2072.403943
iter  70 value 2038.516764
iter  80 value 2032.572021
iter  90 value 2023.976202
iter 100 value 2015.635455
final  value 2015.635455 
stopped after 100 iterations

### [bt]: Job terminated successfully [batchtools job.id=1366]
### [bt]: Calculation finished!
