### [bt]: This is batchtools v0.9.17
### [bt]: Starting calculation of 1 jobs
### [bt]: Setting working directory to '/content/drive/MyDrive/GitHub/Mater_Thesis_Calibration'
ece.R :
Friedmann_tasks.R :
Functions.R :
ici.R :
mse_feature_effects.R :
PipeOpCalibration.R :
PipeOpCalibrationUnion.R :
### [bt]: Memory measurement disabled
### [bt]: Starting job [batchtools job.id=699]
### [bt]: Setting seed to 822 ...
[1] -21.47103
[1] 11.72947
[1] -15.62282
[1] 18.49618
[1] -19.04467
[1] 13.61242
[1] -15.76992
[1] 17.2881
[1] -16.45618
[1] 13.7382

### [bt]: Job terminated successfully [batchtools job.id=699]
### [bt]: Calculation finished!
