### [bt]: This is batchtools v0.9.17
### [bt]: Starting calculation of 1 jobs
### [bt]: Setting working directory to '/content/drive/MyDrive/GitHub/Mater_Thesis_Calibration'
ece.R :
Friedmann_tasks.R :
Functions.R :
ici.R :
mse_feature_effects.R :
PipeOpCalibration.R :
PipeOpCalibrationUnion.R :
### [bt]: Memory measurement disabled
### [bt]: Starting job [batchtools job.id=405]
### [bt]: Setting seed to 528 ...
[1] -35.84311
[1] 37.49311
[1] -36.04882
[1] 35.15079
[1] -21.45942
[1] 48.17806
[1] -46.08969
[1] 28.86037
[1] -42.94834
[1] 26.42695

### [bt]: Job terminated successfully [batchtools job.id=405]
### [bt]: Calculation finished!
