### [bt]: This is batchtools v0.9.17
### [bt]: Starting calculation of 5 jobs
### [bt]: Setting working directory to '/Users/adrian/Desktop/Mater_Thesis_Calibration'
### [bt]: Memory measurement disabled
### [bt]: Starting job [batchtools job.id=171]
### [bt]: Generating problem instance for problem '4beaf3246701ad3e' ...
### [bt]: Applying algorithm 'run_learner' on problem '4beaf3246701ad3e' for job 171 (seed = 172) ...
INFO  [11:19:34.308] [mlr3] Applying learner 'Ranger: Calibrated Logistic CV' on task 'spambase' (iter 1/10)
INFO  [11:19:38.640] [mlr3] Applying learner 'Ranger: Uncalibrated' on task 'spambase' (iter 1/5)
INFO  [11:19:39.763] [mlr3] Applying learner 'Ranger: Uncalibrated' on task 'spambase' (iter 2/5)
INFO  [11:19:40.742] [mlr3] Applying learner 'Ranger: Uncalibrated' on task 'spambase' (iter 3/5)
INFO  [11:19:41.715] [mlr3] Applying learner 'Ranger: Uncalibrated' on task 'spambase' (iter 4/5)
INFO  [11:19:42.714] [mlr3] Applying learner 'Ranger: Uncalibrated' on task 'spambase' (iter 5/5)

### [bt]: Job terminated successfully [batchtools job.id=171]
### [bt]: Starting job [batchtools job.id=172]
### [bt]: Generating problem instance for problem '4beaf3246701ad3e' ...
### [bt]: Applying algorithm 'run_learner' on problem '4beaf3246701ad3e' for job 172 (seed = 173) ...
INFO  [11:19:46.851] [mlr3] Applying learner 'Ranger: Calibrated Logistic CV' on task 'spambase' (iter 2/10)
INFO  [11:19:46.966] [mlr3] Applying learner 'Ranger: Uncalibrated' on task 'spambase' (iter 1/5)
INFO  [11:19:51.361] [mlr3] Applying learner 'Ranger: Uncalibrated' on task 'spambase' (iter 2/5)
INFO  [11:19:53.965] [mlr3] Applying learner 'Ranger: Uncalibrated' on task 'spambase' (iter 3/5)
INFO  [11:19:55.317] [mlr3] Applying learner 'Ranger: Uncalibrated' on task 'spambase' (iter 4/5)
INFO  [11:19:56.450] [mlr3] Applying learner 'Ranger: Uncalibrated' on task 'spambase' (iter 5/5)

### [bt]: Job terminated successfully [batchtools job.id=172]
### [bt]: Starting job [batchtools job.id=173]
### [bt]: Generating problem instance for problem '4beaf3246701ad3e' ...
### [bt]: Applying algorithm 'run_learner' on problem '4beaf3246701ad3e' for job 173 (seed = 174) ...
INFO  [11:20:01.174] [mlr3] Applying learner 'Ranger: Calibrated Logistic CV' on task 'spambase' (iter 3/10)
INFO  [11:20:01.243] [mlr3] Applying learner 'Ranger: Uncalibrated' on task 'spambase' (iter 1/5)
INFO  [11:20:03.603] [mlr3] Applying learner 'Ranger: Uncalibrated' on task 'spambase' (iter 2/5)
INFO  [11:20:04.634] [mlr3] Applying learner 'Ranger: Uncalibrated' on task 'spambase' (iter 3/5)
INFO  [11:20:05.740] [mlr3] Applying learner 'Ranger: Uncalibrated' on task 'spambase' (iter 4/5)
INFO  [11:20:06.716] [mlr3] Applying learner 'Ranger: Uncalibrated' on task 'spambase' (iter 5/5)

### [bt]: Job terminated successfully [batchtools job.id=173]
### [bt]: Starting job [batchtools job.id=174]
### [bt]: Generating problem instance for problem '4beaf3246701ad3e' ...
### [bt]: Applying algorithm 'run_learner' on problem '4beaf3246701ad3e' for job 174 (seed = 175) ...
INFO  [11:20:12.937] [mlr3] Applying learner 'Ranger: Calibrated Logistic CV' on task 'spambase' (iter 4/10)
INFO  [11:20:13.003] [mlr3] Applying learner 'Ranger: Uncalibrated' on task 'spambase' (iter 1/5)
INFO  [11:20:15.400] [mlr3] Applying learner 'Ranger: Uncalibrated' on task 'spambase' (iter 2/5)
INFO  [11:20:16.479] [mlr3] Applying learner 'Ranger: Uncalibrated' on task 'spambase' (iter 3/5)
INFO  [11:20:17.477] [mlr3] Applying learner 'Ranger: Uncalibrated' on task 'spambase' (iter 4/5)
INFO  [11:20:18.482] [mlr3] Applying learner 'Ranger: Uncalibrated' on task 'spambase' (iter 5/5)

### [bt]: Job terminated successfully [batchtools job.id=174]
### [bt]: Starting job [batchtools job.id=175]
### [bt]: Generating problem instance for problem '4beaf3246701ad3e' ...
### [bt]: Applying algorithm 'run_learner' on problem '4beaf3246701ad3e' for job 175 (seed = 176) ...
INFO  [11:20:23.489] [mlr3] Applying learner 'Ranger: Calibrated Logistic CV' on task 'spambase' (iter 5/10)
INFO  [11:20:23.556] [mlr3] Applying learner 'Ranger: Uncalibrated' on task 'spambase' (iter 1/5)
INFO  [11:20:25.990] [mlr3] Applying learner 'Ranger: Uncalibrated' on task 'spambase' (iter 2/5)
INFO  [11:20:27.016] [mlr3] Applying learner 'Ranger: Uncalibrated' on task 'spambase' (iter 3/5)
INFO  [11:20:28.062] [mlr3] Applying learner 'Ranger: Uncalibrated' on task 'spambase' (iter 4/5)
INFO  [11:20:29.065] [mlr3] Applying learner 'Ranger: Uncalibrated' on task 'spambase' (iter 5/5)

### [bt]: Job terminated successfully [batchtools job.id=175]
### [bt]: Calculation finished!
