### [bt]: This is batchtools v0.9.17
### [bt]: Starting calculation of 5 jobs
### [bt]: Setting working directory to '/Users/adrian/Desktop/Mater_Thesis_Calibration'
### [bt]: Memory measurement disabled
### [bt]: Starting job [batchtools job.id=266]
### [bt]: Generating problem instance for problem '1441772d306a147f' ...
### [bt]: Applying algorithm 'run_learner' on problem '1441772d306a147f' for job 266 (seed = 267) ...
INFO  [11:42:08.606] [mlr3] Applying learner 'Ranger: Calibrated Logistic CV' on task 'sick' (iter 6/10)
INFO  [11:42:08.668] [mlr3] Applying learner 'Ranger: Uncalibrated' on task 'sick' (iter 1/5)
INFO  [11:42:15.090] [mlr3] Applying learner 'Ranger: Uncalibrated' on task 'sick' (iter 2/5)
INFO  [11:42:15.497] [mlr3] Applying learner 'Ranger: Uncalibrated' on task 'sick' (iter 3/5)
INFO  [11:42:15.896] [mlr3] Applying learner 'Ranger: Uncalibrated' on task 'sick' (iter 4/5)
INFO  [11:42:16.303] [mlr3] Applying learner 'Ranger: Uncalibrated' on task 'sick' (iter 5/5)

### [bt]: Job terminated successfully [batchtools job.id=266]
### [bt]: Starting job [batchtools job.id=267]
### [bt]: Generating problem instance for problem '1441772d306a147f' ...
### [bt]: Applying algorithm 'run_learner' on problem '1441772d306a147f' for job 267 (seed = 268) ...
INFO  [11:42:18.331] [mlr3] Applying learner 'Ranger: Calibrated Logistic CV' on task 'sick' (iter 7/10)
INFO  [11:42:18.430] [mlr3] Applying learner 'Ranger: Uncalibrated' on task 'sick' (iter 1/5)
INFO  [11:42:20.895] [mlr3] Applying learner 'Ranger: Uncalibrated' on task 'sick' (iter 2/5)
INFO  [11:42:21.319] [mlr3] Applying learner 'Ranger: Uncalibrated' on task 'sick' (iter 3/5)
INFO  [11:42:21.820] [mlr3] Applying learner 'Ranger: Uncalibrated' on task 'sick' (iter 4/5)
INFO  [11:42:22.283] [mlr3] Applying learner 'Ranger: Uncalibrated' on task 'sick' (iter 5/5)

### [bt]: Job terminated successfully [batchtools job.id=267]
### [bt]: Starting job [batchtools job.id=268]
### [bt]: Generating problem instance for problem '1441772d306a147f' ...
### [bt]: Applying algorithm 'run_learner' on problem '1441772d306a147f' for job 268 (seed = 269) ...
INFO  [11:42:24.601] [mlr3] Applying learner 'Ranger: Calibrated Logistic CV' on task 'sick' (iter 8/10)
INFO  [11:42:24.656] [mlr3] Applying learner 'Ranger: Uncalibrated' on task 'sick' (iter 1/5)
INFO  [11:42:27.097] [mlr3] Applying learner 'Ranger: Uncalibrated' on task 'sick' (iter 2/5)
INFO  [11:42:27.540] [mlr3] Applying learner 'Ranger: Uncalibrated' on task 'sick' (iter 3/5)
INFO  [11:42:27.935] [mlr3] Applying learner 'Ranger: Uncalibrated' on task 'sick' (iter 4/5)
INFO  [11:42:28.334] [mlr3] Applying learner 'Ranger: Uncalibrated' on task 'sick' (iter 5/5)

### [bt]: Job terminated successfully [batchtools job.id=268]
### [bt]: Starting job [batchtools job.id=269]
### [bt]: Generating problem instance for problem '1441772d306a147f' ...
### [bt]: Applying algorithm 'run_learner' on problem '1441772d306a147f' for job 269 (seed = 270) ...
INFO  [11:42:30.456] [mlr3] Applying learner 'Ranger: Calibrated Logistic CV' on task 'sick' (iter 9/10)
INFO  [11:42:30.511] [mlr3] Applying learner 'Ranger: Uncalibrated' on task 'sick' (iter 1/5)
INFO  [11:42:32.878] [mlr3] Applying learner 'Ranger: Uncalibrated' on task 'sick' (iter 2/5)
INFO  [11:42:33.314] [mlr3] Applying learner 'Ranger: Uncalibrated' on task 'sick' (iter 3/5)
INFO  [11:42:33.757] [mlr3] Applying learner 'Ranger: Uncalibrated' on task 'sick' (iter 4/5)
INFO  [11:42:34.229] [mlr3] Applying learner 'Ranger: Uncalibrated' on task 'sick' (iter 5/5)

### [bt]: Job terminated successfully [batchtools job.id=269]
### [bt]: Starting job [batchtools job.id=270]
### [bt]: Generating problem instance for problem '1441772d306a147f' ...
### [bt]: Applying algorithm 'run_learner' on problem '1441772d306a147f' for job 270 (seed = 271) ...
INFO  [11:42:36.733] [mlr3] Applying learner 'Ranger: Calibrated Logistic CV' on task 'sick' (iter 10/10)
INFO  [11:42:36.790] [mlr3] Applying learner 'Ranger: Uncalibrated' on task 'sick' (iter 1/5)
INFO  [11:42:39.179] [mlr3] Applying learner 'Ranger: Uncalibrated' on task 'sick' (iter 2/5)
INFO  [11:42:39.582] [mlr3] Applying learner 'Ranger: Uncalibrated' on task 'sick' (iter 3/5)
INFO  [11:42:39.977] [mlr3] Applying learner 'Ranger: Uncalibrated' on task 'sick' (iter 4/5)
INFO  [11:42:40.381] [mlr3] Applying learner 'Ranger: Uncalibrated' on task 'sick' (iter 5/5)

### [bt]: Job terminated successfully [batchtools job.id=270]
### [bt]: Calculation finished!
