### [bt]: This is batchtools v0.9.17
### [bt]: Starting calculation of 5 jobs
### [bt]: Setting working directory to '/Users/adrian/Desktop/Mater_Thesis_Calibration'
### [bt]: Memory measurement disabled
### [bt]: Starting job [batchtools job.id=196]
### [bt]: Generating problem instance for problem '72df15e114df220d' ...
### [bt]: Applying algorithm 'run_learner' on problem '72df15e114df220d' for job 196 (seed = 197) ...
INFO  [11:21:59.982] [mlr3] Applying learner 'Ranger: Calibrated Logistic' on task 'tic-tac-toe' (iter 6/10)
<ParamSetCollection>
Warning: Unknown argument 'on' has been passed.
This happened PipeOp classif.ranger's $train()
Key: <id>
                                             id    class lower upper nlevels
                                         <char>   <char> <num> <num>   <num>
 1:                        classif.ranger.alpha ParamDbl  -Inf   Inf     Inf
 2:       classif.ranger.always.split.variables ParamUty    NA    NA     Inf
 3:                classif.ranger.class.weights ParamUty    NA    NA     Inf
 4:                      classif.ranger.holdout ParamLgl    NA    NA       2
 5:                   classif.ranger.importance ParamFct    NA    NA       4
 6:                   classif.ranger.keep.inbag ParamLgl    NA    NA       2
 7:                    classif.ranger.max.depth ParamInt     0   Inf     Inf
 8:                   classif.ranger.min.bucket ParamInt     1   Inf     Inf
 9:                classif.ranger.min.node.size ParamInt     1   Inf     Inf
10:                      classif.ranger.minprop ParamDbl  -Inf   Inf     Inf
11:                         classif.ranger.mtry ParamInt     1   Inf     Inf
12:                   classif.ranger.mtry.ratio ParamDbl     0     1     Inf
13:                   classif.ranger.node.stats ParamLgl    NA    NA       2
14:            classif.ranger.num.random.splits ParamInt     1   Inf     Inf
15:                  classif.ranger.num.threads ParamInt     1   Inf     Inf
16:                    classif.ranger.num.trees ParamInt     1   Inf     Inf
17:                    classif.ranger.oob.error ParamLgl    NA    NA       2
18:        classif.ranger.regularization.factor ParamUty    NA    NA     Inf
19:      classif.ranger.regularization.usedepth ParamLgl    NA    NA       2
20:                      classif.ranger.replace ParamLgl    NA    NA       2
21:    classif.ranger.respect.unordered.factors ParamFct    NA    NA       3
22:              classif.ranger.sample.fraction ParamDbl     0     1     Inf
23:                  classif.ranger.save.memory ParamLgl    NA    NA       2
24: classif.ranger.scale.permutation.importance ParamLgl    NA    NA       2
25:                    classif.ranger.se.method ParamFct    NA    NA       2
26:                         classif.ranger.seed ParamInt  -Inf   Inf     Inf
27:         classif.ranger.split.select.weights ParamUty    NA    NA     Inf
28:                    classif.ranger.splitrule ParamFct    NA    NA       3
29:                      classif.ranger.verbose ParamLgl    NA    NA       2
30:                 classif.ranger.write.forest ParamLgl    NA    NA       2
31:                   imputemode.affect_columns ParamUty    NA    NA     Inf
                                             id    class lower upper nlevels
                                                                                      default                   parents
                                                                                       <list>                    <list>
 1:                                                                                       0.5                          
 2: <NoDefault>\n  Public:\n    clone: function (deep = FALSE) \n    initialize: function ()                           
 3:                                                                                                                    
 4:                                                                                     FALSE                          
 5: <NoDefault>\n  Public:\n    clone: function (deep = FALSE) \n    initialize: function ()                           
 6:                                                                                     FALSE                          
 7:                                                                                                                    
 8:                                                                                         1                          
 9:                                                                                                                    
10:                                                                                       0.1                          
11: <NoDefault>\n  Public:\n    clone: function (deep = FALSE) \n    initialize: function ()                           
12: <NoDefault>\n  Public:\n    clone: function (deep = FALSE) \n    initialize: function ()                           
13:                                                                                     FALSE                          
14:                                                                                         1  classif.ranger.splitrule
15:                                                                                         1                          
16:                                                                                       500                          
17:                                                                                      TRUE                          
18:                                                                                         1                          
19:                                                                                     FALSE                          
20:                                                                                      TRUE                          
21:                                                                                    ignore                          
22: <NoDefault>\n  Public:\n    clone: function (deep = FALSE) \n    initialize: function ()                           
23:                                                                                     FALSE                          
24:                                                                                     FALSE classif.ranger.importance
25:                                                                                   infjack                          
26:                                                                                                                    
27:                                                                                                                    
28:                                                                                      gini                          
29:                                                                                      TRUE                          
30:                                                                                      TRUE                          
31: <NoDefault>\n  Public:\n    clone: function (deep = FALSE) \n    initialize: function ()                           
                                                                                      default                   parents
     value
    <list>
 1:       
 2:       
 3:       
 4:       
 5:       
 6:       
 7:       
 8:       
 9:       
10:       
11:       
12:       
13:       
14:       
15:      6
16:       
17:       
18:       
19:       
20:       
21:       
22:       
23:       
24:       
25:       
26:       
27:       
28:       
29:       
30:       
31:       
     value
Warning: glm.fit: fitted probabilities numerically 0 or 1 occurred
This happened PipeOp classif.ranger's $train()

### [bt]: Job terminated successfully [batchtools job.id=196]
### [bt]: Starting job [batchtools job.id=197]
### [bt]: Generating problem instance for problem '72df15e114df220d' ...
### [bt]: Applying algorithm 'run_learner' on problem '72df15e114df220d' for job 197 (seed = 198) ...
INFO  [11:22:04.561] [mlr3] Applying learner 'Ranger: Calibrated Logistic' on task 'tic-tac-toe' (iter 7/10)
<ParamSetCollection>
Warning: Unknown argument 'on' has been passed.
This happened PipeOp classif.ranger's $train()
Key: <id>
                                             id    class lower upper nlevels
                                         <char>   <char> <num> <num>   <num>
 1:                        classif.ranger.alpha ParamDbl  -Inf   Inf     Inf
 2:       classif.ranger.always.split.variables ParamUty    NA    NA     Inf
 3:                classif.ranger.class.weights ParamUty    NA    NA     Inf
 4:                      classif.ranger.holdout ParamLgl    NA    NA       2
 5:                   classif.ranger.importance ParamFct    NA    NA       4
 6:                   classif.ranger.keep.inbag ParamLgl    NA    NA       2
 7:                    classif.ranger.max.depth ParamInt     0   Inf     Inf
 8:                   classif.ranger.min.bucket ParamInt     1   Inf     Inf
 9:                classif.ranger.min.node.size ParamInt     1   Inf     Inf
10:                      classif.ranger.minprop ParamDbl  -Inf   Inf     Inf
11:                         classif.ranger.mtry ParamInt     1   Inf     Inf
12:                   classif.ranger.mtry.ratio ParamDbl     0     1     Inf
13:                   classif.ranger.node.stats ParamLgl    NA    NA       2
14:            classif.ranger.num.random.splits ParamInt     1   Inf     Inf
15:                  classif.ranger.num.threads ParamInt     1   Inf     Inf
16:                    classif.ranger.num.trees ParamInt     1   Inf     Inf
17:                    classif.ranger.oob.error ParamLgl    NA    NA       2
18:        classif.ranger.regularization.factor ParamUty    NA    NA     Inf
19:      classif.ranger.regularization.usedepth ParamLgl    NA    NA       2
20:                      classif.ranger.replace ParamLgl    NA    NA       2
21:    classif.ranger.respect.unordered.factors ParamFct    NA    NA       3
22:              classif.ranger.sample.fraction ParamDbl     0     1     Inf
23:                  classif.ranger.save.memory ParamLgl    NA    NA       2
24: classif.ranger.scale.permutation.importance ParamLgl    NA    NA       2
25:                    classif.ranger.se.method ParamFct    NA    NA       2
26:                         classif.ranger.seed ParamInt  -Inf   Inf     Inf
27:         classif.ranger.split.select.weights ParamUty    NA    NA     Inf
28:                    classif.ranger.splitrule ParamFct    NA    NA       3
29:                      classif.ranger.verbose ParamLgl    NA    NA       2
30:                 classif.ranger.write.forest ParamLgl    NA    NA       2
31:                   imputemode.affect_columns ParamUty    NA    NA     Inf
                                             id    class lower upper nlevels
                                                                                      default                   parents
                                                                                       <list>                    <list>
 1:                                                                                       0.5                          
 2: <NoDefault>\n  Public:\n    clone: function (deep = FALSE) \n    initialize: function ()                           
 3:                                                                                                                    
 4:                                                                                     FALSE                          
 5: <NoDefault>\n  Public:\n    clone: function (deep = FALSE) \n    initialize: function ()                           
 6:                                                                                     FALSE                          
 7:                                                                                                                    
 8:                                                                                         1                          
 9:                                                                                                                    
10:                                                                                       0.1                          
11: <NoDefault>\n  Public:\n    clone: function (deep = FALSE) \n    initialize: function ()                           
12: <NoDefault>\n  Public:\n    clone: function (deep = FALSE) \n    initialize: function ()                           
13:                                                                                     FALSE                          
14:                                                                                         1  classif.ranger.splitrule
15:                                                                                         1                          
16:                                                                                       500                          
17:                                                                                      TRUE                          
18:                                                                                         1                          
19:                                                                                     FALSE                          
20:                                                                                      TRUE                          
21:                                                                                    ignore                          
22: <NoDefault>\n  Public:\n    clone: function (deep = FALSE) \n    initialize: function ()                           
23:                                                                                     FALSE                          
24:                                                                                     FALSE classif.ranger.importance
25:                                                                                   infjack                          
26:                                                                                                                    
27:                                                                                                                    
28:                                                                                      gini                          
29:                                                                                      TRUE                          
30:                                                                                      TRUE                          
31: <NoDefault>\n  Public:\n    clone: function (deep = FALSE) \n    initialize: function ()                           
                                                                                      default                   parents
     value
    <list>
 1:       
 2:       
 3:       
 4:       
 5:       
 6:       
 7:       
 8:       
 9:       
10:       
11:       
12:       
13:       
14:       
15:      6
16:       
17:       
18:       
19:       
20:       
21:       
22:       
23:       
24:       
25:       
26:       
27:       
28:       
29:       
30:       
31:       
     value

### [bt]: Job terminated successfully [batchtools job.id=197]
### [bt]: Starting job [batchtools job.id=198]
### [bt]: Generating problem instance for problem '72df15e114df220d' ...
### [bt]: Applying algorithm 'run_learner' on problem '72df15e114df220d' for job 198 (seed = 199) ...
INFO  [11:22:06.603] [mlr3] Applying learner 'Ranger: Calibrated Logistic' on task 'tic-tac-toe' (iter 8/10)
<ParamSetCollection>
Warning: Unknown argument 'on' has been passed.
This happened PipeOp classif.ranger's $train()
Key: <id>
                                             id    class lower upper nlevels
                                         <char>   <char> <num> <num>   <num>
 1:                        classif.ranger.alpha ParamDbl  -Inf   Inf     Inf
 2:       classif.ranger.always.split.variables ParamUty    NA    NA     Inf
 3:                classif.ranger.class.weights ParamUty    NA    NA     Inf
 4:                      classif.ranger.holdout ParamLgl    NA    NA       2
 5:                   classif.ranger.importance ParamFct    NA    NA       4
 6:                   classif.ranger.keep.inbag ParamLgl    NA    NA       2
 7:                    classif.ranger.max.depth ParamInt     0   Inf     Inf
 8:                   classif.ranger.min.bucket ParamInt     1   Inf     Inf
 9:                classif.ranger.min.node.size ParamInt     1   Inf     Inf
10:                      classif.ranger.minprop ParamDbl  -Inf   Inf     Inf
11:                         classif.ranger.mtry ParamInt     1   Inf     Inf
12:                   classif.ranger.mtry.ratio ParamDbl     0     1     Inf
13:                   classif.ranger.node.stats ParamLgl    NA    NA       2
14:            classif.ranger.num.random.splits ParamInt     1   Inf     Inf
15:                  classif.ranger.num.threads ParamInt     1   Inf     Inf
16:                    classif.ranger.num.trees ParamInt     1   Inf     Inf
17:                    classif.ranger.oob.error ParamLgl    NA    NA       2
18:        classif.ranger.regularization.factor ParamUty    NA    NA     Inf
19:      classif.ranger.regularization.usedepth ParamLgl    NA    NA       2
20:                      classif.ranger.replace ParamLgl    NA    NA       2
21:    classif.ranger.respect.unordered.factors ParamFct    NA    NA       3
22:              classif.ranger.sample.fraction ParamDbl     0     1     Inf
23:                  classif.ranger.save.memory ParamLgl    NA    NA       2
24: classif.ranger.scale.permutation.importance ParamLgl    NA    NA       2
25:                    classif.ranger.se.method ParamFct    NA    NA       2
26:                         classif.ranger.seed ParamInt  -Inf   Inf     Inf
27:         classif.ranger.split.select.weights ParamUty    NA    NA     Inf
28:                    classif.ranger.splitrule ParamFct    NA    NA       3
29:                      classif.ranger.verbose ParamLgl    NA    NA       2
30:                 classif.ranger.write.forest ParamLgl    NA    NA       2
31:                   imputemode.affect_columns ParamUty    NA    NA     Inf
                                             id    class lower upper nlevels
                                                                                      default                   parents
                                                                                       <list>                    <list>
 1:                                                                                       0.5                          
 2: <NoDefault>\n  Public:\n    clone: function (deep = FALSE) \n    initialize: function ()                           
 3:                                                                                                                    
 4:                                                                                     FALSE                          
 5: <NoDefault>\n  Public:\n    clone: function (deep = FALSE) \n    initialize: function ()                           
 6:                                                                                     FALSE                          
 7:                                                                                                                    
 8:                                                                                         1                          
 9:                                                                                                                    
10:                                                                                       0.1                          
11: <NoDefault>\n  Public:\n    clone: function (deep = FALSE) \n    initialize: function ()                           
12: <NoDefault>\n  Public:\n    clone: function (deep = FALSE) \n    initialize: function ()                           
13:                                                                                     FALSE                          
14:                                                                                         1  classif.ranger.splitrule
15:                                                                                         1                          
16:                                                                                       500                          
17:                                                                                      TRUE                          
18:                                                                                         1                          
19:                                                                                     FALSE                          
20:                                                                                      TRUE                          
21:                                                                                    ignore                          
22: <NoDefault>\n  Public:\n    clone: function (deep = FALSE) \n    initialize: function ()                           
23:                                                                                     FALSE                          
24:                                                                                     FALSE classif.ranger.importance
25:                                                                                   infjack                          
26:                                                                                                                    
27:                                                                                                                    
28:                                                                                      gini                          
29:                                                                                      TRUE                          
30:                                                                                      TRUE                          
31: <NoDefault>\n  Public:\n    clone: function (deep = FALSE) \n    initialize: function ()                           
                                                                                      default                   parents
     value
    <list>
 1:       
 2:       
 3:       
 4:       
 5:       
 6:       
 7:       
 8:       
 9:       
10:       
11:       
12:       
13:       
14:       
15:      6
16:       
17:       
18:       
19:       
20:       
21:       
22:       
23:       
24:       
25:       
26:       
27:       
28:       
29:       
30:       
31:       
     value

### [bt]: Job terminated successfully [batchtools job.id=198]
### [bt]: Starting job [batchtools job.id=199]
### [bt]: Generating problem instance for problem '72df15e114df220d' ...
### [bt]: Applying algorithm 'run_learner' on problem '72df15e114df220d' for job 199 (seed = 200) ...
INFO  [11:22:07.200] [mlr3] Applying learner 'Ranger: Calibrated Logistic' on task 'tic-tac-toe' (iter 9/10)
<ParamSetCollection>
Warning: Unknown argument 'on' has been passed.
This happened PipeOp classif.ranger's $train()
Key: <id>
                                             id    class lower upper nlevels
                                         <char>   <char> <num> <num>   <num>
 1:                        classif.ranger.alpha ParamDbl  -Inf   Inf     Inf
 2:       classif.ranger.always.split.variables ParamUty    NA    NA     Inf
 3:                classif.ranger.class.weights ParamUty    NA    NA     Inf
 4:                      classif.ranger.holdout ParamLgl    NA    NA       2
 5:                   classif.ranger.importance ParamFct    NA    NA       4
 6:                   classif.ranger.keep.inbag ParamLgl    NA    NA       2
 7:                    classif.ranger.max.depth ParamInt     0   Inf     Inf
 8:                   classif.ranger.min.bucket ParamInt     1   Inf     Inf
 9:                classif.ranger.min.node.size ParamInt     1   Inf     Inf
10:                      classif.ranger.minprop ParamDbl  -Inf   Inf     Inf
11:                         classif.ranger.mtry ParamInt     1   Inf     Inf
12:                   classif.ranger.mtry.ratio ParamDbl     0     1     Inf
13:                   classif.ranger.node.stats ParamLgl    NA    NA       2
14:            classif.ranger.num.random.splits ParamInt     1   Inf     Inf
15:                  classif.ranger.num.threads ParamInt     1   Inf     Inf
16:                    classif.ranger.num.trees ParamInt     1   Inf     Inf
17:                    classif.ranger.oob.error ParamLgl    NA    NA       2
18:        classif.ranger.regularization.factor ParamUty    NA    NA     Inf
19:      classif.ranger.regularization.usedepth ParamLgl    NA    NA       2
20:                      classif.ranger.replace ParamLgl    NA    NA       2
21:    classif.ranger.respect.unordered.factors ParamFct    NA    NA       3
22:              classif.ranger.sample.fraction ParamDbl     0     1     Inf
23:                  classif.ranger.save.memory ParamLgl    NA    NA       2
24: classif.ranger.scale.permutation.importance ParamLgl    NA    NA       2
25:                    classif.ranger.se.method ParamFct    NA    NA       2
26:                         classif.ranger.seed ParamInt  -Inf   Inf     Inf
27:         classif.ranger.split.select.weights ParamUty    NA    NA     Inf
28:                    classif.ranger.splitrule ParamFct    NA    NA       3
29:                      classif.ranger.verbose ParamLgl    NA    NA       2
30:                 classif.ranger.write.forest ParamLgl    NA    NA       2
31:                   imputemode.affect_columns ParamUty    NA    NA     Inf
                                             id    class lower upper nlevels
                                                                                      default                   parents
                                                                                       <list>                    <list>
 1:                                                                                       0.5                          
 2: <NoDefault>\n  Public:\n    clone: function (deep = FALSE) \n    initialize: function ()                           
 3:                                                                                                                    
 4:                                                                                     FALSE                          
 5: <NoDefault>\n  Public:\n    clone: function (deep = FALSE) \n    initialize: function ()                           
 6:                                                                                     FALSE                          
 7:                                                                                                                    
 8:                                                                                         1                          
 9:                                                                                                                    
10:                                                                                       0.1                          
11: <NoDefault>\n  Public:\n    clone: function (deep = FALSE) \n    initialize: function ()                           
12: <NoDefault>\n  Public:\n    clone: function (deep = FALSE) \n    initialize: function ()                           
13:                                                                                     FALSE                          
14:                                                                                         1  classif.ranger.splitrule
15:                                                                                         1                          
16:                                                                                       500                          
17:                                                                                      TRUE                          
18:                                                                                         1                          
19:                                                                                     FALSE                          
20:                                                                                      TRUE                          
21:                                                                                    ignore                          
22: <NoDefault>\n  Public:\n    clone: function (deep = FALSE) \n    initialize: function ()                           
23:                                                                                     FALSE                          
24:                                                                                     FALSE classif.ranger.importance
25:                                                                                   infjack                          
26:                                                                                                                    
27:                                                                                                                    
28:                                                                                      gini                          
29:                                                                                      TRUE                          
30:                                                                                      TRUE                          
31: <NoDefault>\n  Public:\n    clone: function (deep = FALSE) \n    initialize: function ()                           
                                                                                      default                   parents
     value
    <list>
 1:       
 2:       
 3:       
 4:       
 5:       
 6:       
 7:       
 8:       
 9:       
10:       
11:       
12:       
13:       
14:       
15:      6
16:       
17:       
18:       
19:       
20:       
21:       
22:       
23:       
24:       
25:       
26:       
27:       
28:       
29:       
30:       
31:       
     value

### [bt]: Job terminated successfully [batchtools job.id=199]
### [bt]: Starting job [batchtools job.id=200]
### [bt]: Generating problem instance for problem '72df15e114df220d' ...
### [bt]: Applying algorithm 'run_learner' on problem '72df15e114df220d' for job 200 (seed = 201) ...
INFO  [11:22:09.180] [mlr3] Applying learner 'Ranger: Calibrated Logistic' on task 'tic-tac-toe' (iter 10/10)
<ParamSetCollection>
Warning: Unknown argument 'on' has been passed.
This happened PipeOp classif.ranger's $train()
Key: <id>
                                             id    class lower upper nlevels
                                         <char>   <char> <num> <num>   <num>
 1:                        classif.ranger.alpha ParamDbl  -Inf   Inf     Inf
 2:       classif.ranger.always.split.variables ParamUty    NA    NA     Inf
 3:                classif.ranger.class.weights ParamUty    NA    NA     Inf
 4:                      classif.ranger.holdout ParamLgl    NA    NA       2
 5:                   classif.ranger.importance ParamFct    NA    NA       4
 6:                   classif.ranger.keep.inbag ParamLgl    NA    NA       2
 7:                    classif.ranger.max.depth ParamInt     0   Inf     Inf
 8:                   classif.ranger.min.bucket ParamInt     1   Inf     Inf
 9:                classif.ranger.min.node.size ParamInt     1   Inf     Inf
10:                      classif.ranger.minprop ParamDbl  -Inf   Inf     Inf
11:                         classif.ranger.mtry ParamInt     1   Inf     Inf
12:                   classif.ranger.mtry.ratio ParamDbl     0     1     Inf
13:                   classif.ranger.node.stats ParamLgl    NA    NA       2
14:            classif.ranger.num.random.splits ParamInt     1   Inf     Inf
15:                  classif.ranger.num.threads ParamInt     1   Inf     Inf
16:                    classif.ranger.num.trees ParamInt     1   Inf     Inf
17:                    classif.ranger.oob.error ParamLgl    NA    NA       2
18:        classif.ranger.regularization.factor ParamUty    NA    NA     Inf
19:      classif.ranger.regularization.usedepth ParamLgl    NA    NA       2
20:                      classif.ranger.replace ParamLgl    NA    NA       2
21:    classif.ranger.respect.unordered.factors ParamFct    NA    NA       3
22:              classif.ranger.sample.fraction ParamDbl     0     1     Inf
23:                  classif.ranger.save.memory ParamLgl    NA    NA       2
24: classif.ranger.scale.permutation.importance ParamLgl    NA    NA       2
25:                    classif.ranger.se.method ParamFct    NA    NA       2
26:                         classif.ranger.seed ParamInt  -Inf   Inf     Inf
27:         classif.ranger.split.select.weights ParamUty    NA    NA     Inf
28:                    classif.ranger.splitrule ParamFct    NA    NA       3
29:                      classif.ranger.verbose ParamLgl    NA    NA       2
30:                 classif.ranger.write.forest ParamLgl    NA    NA       2
31:                   imputemode.affect_columns ParamUty    NA    NA     Inf
                                             id    class lower upper nlevels
                                                                                      default                   parents
                                                                                       <list>                    <list>
 1:                                                                                       0.5                          
 2: <NoDefault>\n  Public:\n    clone: function (deep = FALSE) \n    initialize: function ()                           
 3:                                                                                                                    
 4:                                                                                     FALSE                          
 5: <NoDefault>\n  Public:\n    clone: function (deep = FALSE) \n    initialize: function ()                           
 6:                                                                                     FALSE                          
 7:                                                                                                                    
 8:                                                                                         1                          
 9:                                                                                                                    
10:                                                                                       0.1                          
11: <NoDefault>\n  Public:\n    clone: function (deep = FALSE) \n    initialize: function ()                           
12: <NoDefault>\n  Public:\n    clone: function (deep = FALSE) \n    initialize: function ()                           
13:                                                                                     FALSE                          
14:                                                                                         1  classif.ranger.splitrule
15:                                                                                         1                          
16:                                                                                       500                          
17:                                                                                      TRUE                          
18:                                                                                         1                          
19:                                                                                     FALSE                          
20:                                                                                      TRUE                          
21:                                                                                    ignore                          
22: <NoDefault>\n  Public:\n    clone: function (deep = FALSE) \n    initialize: function ()                           
23:                                                                                     FALSE                          
24:                                                                                     FALSE classif.ranger.importance
25:                                                                                   infjack                          
26:                                                                                                                    
27:                                                                                                                    
28:                                                                                      gini                          
29:                                                                                      TRUE                          
30:                                                                                      TRUE                          
31: <NoDefault>\n  Public:\n    clone: function (deep = FALSE) \n    initialize: function ()                           
                                                                                      default                   parents
     value
    <list>
 1:       
 2:       
 3:       
 4:       
 5:       
 6:       
 7:       
 8:       
 9:       
10:       
11:       
12:       
13:       
14:       
15:      6
16:       
17:       
18:       
19:       
20:       
21:       
22:       
23:       
24:       
25:       
26:       
27:       
28:       
29:       
30:       
31:       
     value

### [bt]: Job terminated successfully [batchtools job.id=200]
### [bt]: Calculation finished!
