### [bt]: This is batchtools v0.9.17
### [bt]: Starting calculation of 5 jobs
### [bt]: Setting working directory to '/Users/adrian/Desktop/Mater_Thesis_Calibration'
### [bt]: Memory measurement disabled
### [bt]: Starting job [batchtools job.id=231]
### [bt]: Generating problem instance for problem '1a4625c9af666827' ...
### [bt]: Applying algorithm 'run_learner' on problem '1a4625c9af666827' for job 231 (seed = 232) ...
INFO  [11:26:32.352] [mlr3] Applying learner 'Ranger: Calibrated Logistic CV' on task 'electricity' (iter 1/10)
INFO  [11:26:32.448] [mlr3] Applying learner 'Ranger: Uncalibrated' on task 'electricity' (iter 1/5)
INFO  [11:26:43.307] [mlr3] Applying learner 'Ranger: Uncalibrated' on task 'electricity' (iter 2/5)
INFO  [11:26:50.990] [mlr3] Applying learner 'Ranger: Uncalibrated' on task 'electricity' (iter 3/5)
INFO  [11:26:57.460] [mlr3] Applying learner 'Ranger: Uncalibrated' on task 'electricity' (iter 4/5)
INFO  [11:27:05.231] [mlr3] Applying learner 'Ranger: Uncalibrated' on task 'electricity' (iter 5/5)

### [bt]: Job terminated successfully [batchtools job.id=231]
### [bt]: Starting job [batchtools job.id=232]
### [bt]: Generating problem instance for problem '1a4625c9af666827' ...
### [bt]: Applying algorithm 'run_learner' on problem '1a4625c9af666827' for job 232 (seed = 233) ...
INFO  [11:27:50.808] [mlr3] Applying learner 'Ranger: Calibrated Logistic CV' on task 'electricity' (iter 2/10)
INFO  [11:27:50.940] [mlr3] Applying learner 'Ranger: Uncalibrated' on task 'electricity' (iter 1/5)
INFO  [11:28:00.497] [mlr3] Applying learner 'Ranger: Uncalibrated' on task 'electricity' (iter 2/5)
INFO  [11:28:07.735] [mlr3] Applying learner 'Ranger: Uncalibrated' on task 'electricity' (iter 3/5)
INFO  [11:28:14.847] [mlr3] Applying learner 'Ranger: Uncalibrated' on task 'electricity' (iter 4/5)
INFO  [11:28:25.962] [mlr3] Applying learner 'Ranger: Uncalibrated' on task 'electricity' (iter 5/5)

### [bt]: Job terminated successfully [batchtools job.id=232]
### [bt]: Starting job [batchtools job.id=233]
### [bt]: Generating problem instance for problem '1a4625c9af666827' ...
### [bt]: Applying algorithm 'run_learner' on problem '1a4625c9af666827' for job 233 (seed = 234) ...
INFO  [11:29:34.928] [mlr3] Applying learner 'Ranger: Calibrated Logistic CV' on task 'electricity' (iter 3/10)
INFO  [11:29:35.049] [mlr3] Applying learner 'Ranger: Uncalibrated' on task 'electricity' (iter 1/5)
INFO  [11:29:47.444] [mlr3] Applying learner 'Ranger: Uncalibrated' on task 'electricity' (iter 2/5)
INFO  [11:29:54.694] [mlr3] Applying learner 'Ranger: Uncalibrated' on task 'electricity' (iter 3/5)
INFO  [11:30:01.919] [mlr3] Applying learner 'Ranger: Uncalibrated' on task 'electricity' (iter 4/5)
INFO  [11:30:09.329] [mlr3] Applying learner 'Ranger: Uncalibrated' on task 'electricity' (iter 5/5)

### [bt]: Job terminated successfully [batchtools job.id=233]
### [bt]: Starting job [batchtools job.id=234]
### [bt]: Generating problem instance for problem '1a4625c9af666827' ...
### [bt]: Applying algorithm 'run_learner' on problem '1a4625c9af666827' for job 234 (seed = 235) ...
INFO  [11:31:17.722] [mlr3] Applying learner 'Ranger: Calibrated Logistic CV' on task 'electricity' (iter 4/10)
INFO  [11:31:22.468] [mlr3] Applying learner 'Ranger: Uncalibrated' on task 'electricity' (iter 1/5)
INFO  [11:31:31.128] [mlr3] Applying learner 'Ranger: Uncalibrated' on task 'electricity' (iter 2/5)
INFO  [11:31:39.647] [mlr3] Applying learner 'Ranger: Uncalibrated' on task 'electricity' (iter 3/5)
INFO  [11:31:47.137] [mlr3] Applying learner 'Ranger: Uncalibrated' on task 'electricity' (iter 4/5)
INFO  [11:32:26.496] [mlr3] Applying learner 'Ranger: Uncalibrated' on task 'electricity' (iter 5/5)

### [bt]: Job terminated successfully [batchtools job.id=234]
### [bt]: Starting job [batchtools job.id=235]
### [bt]: Generating problem instance for problem '1a4625c9af666827' ...
### [bt]: Applying algorithm 'run_learner' on problem '1a4625c9af666827' for job 235 (seed = 236) ...
INFO  [11:33:09.520] [mlr3] Applying learner 'Ranger: Calibrated Logistic CV' on task 'electricity' (iter 5/10)
INFO  [11:33:09.710] [mlr3] Applying learner 'Ranger: Uncalibrated' on task 'electricity' (iter 1/5)
INFO  [11:33:17.789] [mlr3] Applying learner 'Ranger: Uncalibrated' on task 'electricity' (iter 2/5)
INFO  [11:33:23.964] [mlr3] Applying learner 'Ranger: Uncalibrated' on task 'electricity' (iter 3/5)
INFO  [11:33:30.498] [mlr3] Applying learner 'Ranger: Uncalibrated' on task 'electricity' (iter 4/5)
INFO  [11:34:03.931] [mlr3] Applying learner 'Ranger: Uncalibrated' on task 'electricity' (iter 5/5)

### [bt]: Job terminated successfully [batchtools job.id=235]
### [bt]: Calculation finished!
