### [bt]: This is batchtools v0.9.17
### [bt]: Starting calculation of 1 jobs
### [bt]: Setting working directory to '/content/drive/MyDrive/GitHub/Mater_Thesis_Calibration'
ece.R :
Friedmann_tasks.R :
Functions.R :
ici.R :
mse_feature_effects.R :
PipeOpCalibration.R :
PipeOpCalibrationUnion.R :
### [bt]: Memory measurement disabled
### [bt]: Starting job [batchtools job.id=3782]
### [bt]: Generating problem instance for problem '341ee781c7d79b8f' ...
### [bt]: Applying algorithm 'run_learner' on problem '341ee781c7d79b8f' for job 3782 (seed = 3905) ...
INFO  [20:16:51.944] [mlr3] Applying learner 'nnet calibrated beta cv3' on task 'wdbc' (iter 2/10)
# weights:  97
initial  value 225.146809 
final  value 224.613228 
converged
# weights:  97
initial  value 233.395549 
final  value 227.594212 
converged
# weights:  97
initial  value 224.816776 
iter  10 value 156.261466
iter  20 value 109.970675
iter  30 value 75.212635
iter  40 value 55.418566
iter  50 value 43.080294
iter  60 value 42.024464
iter  70 value 41.435322
iter  80 value 41.222362
iter  90 value 41.216841
final  value 41.216732 
converged
[1] -42.37339
[1] 7.6584

### [bt]: Job terminated successfully [batchtools job.id=3782]
### [bt]: Calculation finished!
