### [bt]: This is batchtools v0.9.17
### [bt]: Starting calculation of 1 jobs
### [bt]: Setting working directory to '/content/drive/MyDrive/GitHub/Mater_Thesis_Calibration'
ece.R :
Friedmann_tasks.R :
Functions.R :
ici.R :
mse_feature_effects.R :
PipeOpCalibration.R :
PipeOpCalibrationUnion.R :
### [bt]: Memory measurement disabled
### [bt]: Starting job [batchtools job.id=2994]
### [bt]: Generating problem instance for problem '358d8f8187803581' ...
### [bt]: Applying algorithm 'run_learner' on problem '358d8f8187803581' for job 2994 (seed = 3117) ...
INFO  [21:03:48.305] [mlr3] Applying learner 'nnet calibrated beta cv5' on task 'electricity' (iter 4/10)
# weights:  46
initial  value 24297.263637 
iter  10 value 20505.045787
iter  20 value 18905.485147
iter  30 value 18170.615320
iter  40 value 16673.952841
iter  50 value 15987.718052
iter  60 value 15646.902165
iter  70 value 15587.787309
iter  80 value 15558.934343
iter  90 value 15538.860803
iter 100 value 15530.209546
final  value 15530.209546 
stopped after 100 iterations
# weights:  46
initial  value 22344.152550 
iter  10 value 19923.874183
iter  20 value 18576.542299
iter  30 value 17092.465991
iter  40 value 15964.846285
iter  50 value 15813.134931
iter  60 value 15753.878151
iter  70 value 15726.839060
iter  80 value 15719.046116
iter  90 value 15712.644177
iter 100 value 15709.870384
final  value 15709.870384 
stopped after 100 iterations
# weights:  46
initial  value 24654.028814 
iter  10 value 19958.230967
iter  20 value 18143.429618
iter  30 value 16890.607095
iter  40 value 16061.023936
iter  50 value 15732.637970
iter  60 value 15638.570031
iter  70 value 15570.524201
iter  80 value 15504.116491
iter  90 value 15488.267959
iter 100 value 15470.332114
final  value 15470.332114 
stopped after 100 iterations
# weights:  46
initial  value 28512.003571 
iter  10 value 19674.104686
iter  20 value 18138.236704
iter  30 value 16220.551795
iter  40 value 15970.470963
iter  50 value 15847.043306
iter  60 value 15742.660990
iter  70 value 15707.306550
iter  80 value 15687.988844
iter  90 value 15616.921337
iter 100 value 15584.160103
final  value 15584.160103 
stopped after 100 iterations
# weights:  46
initial  value 27930.450062 
iter  10 value 20639.353012
iter  20 value 18734.916005
iter  30 value 17569.121990
iter  40 value 16531.536459
iter  50 value 16275.530742
iter  60 value 16157.149549
iter  70 value 16017.632507
iter  80 value 15853.650562
iter  90 value 15738.080962
iter 100 value 15665.216200
final  value 15665.216200 
stopped after 100 iterations
[1] -36.134
[1] 38.0905
[1] -39.1404
[1] 31.40208
[1] -30.66401
[1] 44.22611
[1] -34.8225
[1] 38.471
[1] -40.61544
[1] 33.4762

### [bt]: Job terminated successfully [batchtools job.id=2994]
### [bt]: Calculation finished!
