### [bt]: This is batchtools v0.9.17
### [bt]: Starting calculation of 1 jobs
### [bt]: Setting working directory to '/content/drive/MyDrive/GitHub/Mater_Thesis_Calibration'
ece.R :
Friedmann_tasks.R :
Functions.R :
ici.R :
mse_feature_effects.R :
PipeOpCalibration.R :
PipeOpCalibrationUnion.R :
### [bt]: Memory measurement disabled
### [bt]: Starting job [batchtools job.id=3948]
### [bt]: Generating problem instance for problem '341ee781c7d79b8f' ...
### [bt]: Applying algorithm 'run_learner' on problem '341ee781c7d79b8f' for job 3948 (seed = 4071) ...
INFO  [20:17:03.529] [mlr3] Applying learner 'svm calibrated beta cv5' on task 'wdbc' (iter 8/10)
[1] -82.33337
[1] 14.31277
Warning: glm.fit: fitted probabilities numerically 0 or 1 occurred
This happened PipeOp classif.svm's $train()
[1] -2.23568e+16
[1] 1.921282e+16
Warning: glm.fit: fitted probabilities numerically 0 or 1 occurred
This happened PipeOp classif.svm's $train()
[1] -1.812438e+16
[1] 2.932763e+16
Warning: glm.fit: fitted probabilities numerically 0 or 1 occurred
This happened PipeOp classif.svm's $train()
[1] -81.6275
[1] 41.13906
Warning: glm.fit: fitted probabilities numerically 0 or 1 occurred
This happened PipeOp classif.svm's $train()
[1] -120.8402
[1] 11.43448

### [bt]: Job terminated successfully [batchtools job.id=3948]
### [bt]: Calculation finished!
