### [bt]: This is batchtools v0.9.17
### [bt]: Starting calculation of 1 jobs
### [bt]: Setting working directory to '/content/drive/MyDrive/GitHub/Mater_Thesis_Calibration'
ece.R :
Friedmann_tasks.R :
Functions.R :
ici.R :
mse_feature_effects.R :
PipeOpCalibration.R :
PipeOpCalibrationUnion.R :
### [bt]: Memory measurement disabled
### [bt]: Starting job [batchtools job.id=3779]
### [bt]: Generating problem instance for problem '341ee781c7d79b8f' ...
### [bt]: Applying algorithm 'run_learner' on problem '341ee781c7d79b8f' for job 3779 (seed = 3902) ...
INFO  [20:16:52.028] [mlr3] Applying learner 'nnet calibrated beta 90' on task 'wdbc' (iter 9/10)
# weights:  97
initial  value 325.074700 
final  value 302.379975 
converged

### [bt]: Job terminated successfully [batchtools job.id=3779]
### [bt]: Calculation finished!
