### [bt]: This is batchtools v0.9.17
### [bt]: Starting calculation of 1 jobs
### [bt]: Setting working directory to '/content/drive/MyDrive/GitHub/Mater_Thesis_Calibration'
ece.R :
Friedmann_tasks.R :
Functions.R :
ici.R :
mse_feature_effects.R :
PipeOpCalibration.R :
PipeOpCalibrationUnion.R :
### [bt]: Memory measurement disabled
### [bt]: Starting job [batchtools job.id=1538]
### [bt]: Generating problem instance for problem '22f4988139232849' ...
### [bt]: Applying algorithm 'run_learner' on problem '22f4988139232849' for job 1538 (seed = 1661) ...
INFO  [20:50:27.657] [mlr3] Applying learner 'nnet calibrated beta union' on task 'nomao' (iter 8/10)
# weights:  442
initial  value 15472.680534 
iter  10 value 9796.533643
iter  20 value 8005.455021
iter  30 value 4810.547669
iter  40 value 4242.504389
iter  50 value 3917.495347
iter  60 value 3681.689370
iter  70 value 3445.190846
iter  80 value 3253.190282
iter  90 value 3168.395296
iter 100 value 3114.823344
final  value 3114.823344 
stopped after 100 iterations
# weights:  442
initial  value 17408.139862 
iter  10 value 4830.034771
iter  20 value 3577.951372
iter  30 value 3201.591485
iter  40 value 3028.071900
iter  50 value 2948.141937
iter  60 value 2893.411576
iter  70 value 2859.055725
iter  80 value 2830.584191
iter  90 value 2807.535531
iter 100 value 2791.803836
final  value 2791.803836 
stopped after 100 iterations
# weights:  442
initial  value 16833.647949 
iter  10 value 6672.062005
iter  20 value 4836.636006
iter  30 value 4065.600747
iter  40 value 3515.258072
iter  50 value 3234.934832
iter  60 value 3095.114594
iter  70 value 3003.565451
iter  80 value 2941.472652
iter  90 value 2889.150282
iter 100 value 2848.218946
final  value 2848.218946 
stopped after 100 iterations
# weights:  442
initial  value 17879.904841 
iter  10 value 6963.143947
iter  20 value 5253.925702
iter  30 value 4412.503478
iter  40 value 3748.671935
iter  50 value 3350.503825
iter  60 value 3147.699149
iter  70 value 3063.471137
iter  80 value 2997.936778
iter  90 value 2928.382478
iter 100 value 2855.152374
final  value 2855.152374 
stopped after 100 iterations
# weights:  442
initial  value 17143.253951 
iter  10 value 4191.602721
iter  20 value 3446.900984
iter  30 value 3225.498430
iter  40 value 3025.993539
iter  50 value 2954.943271
iter  60 value 2857.211980
iter  70 value 2801.117107
iter  80 value 2767.657651
iter  90 value 2746.612423
iter 100 value 2734.225603
final  value 2734.225603 
stopped after 100 iterations
Warning: glm.fit: fitted probabilities numerically 0 or 1 occurred
This happened PipeOp classif.nnet's $train()
[1] -33.37738
[1] 36.52455

### [bt]: Job terminated successfully [batchtools job.id=1538]
### [bt]: Calculation finished!
