### [bt]: This is batchtools v0.9.17
### [bt]: Starting calculation of 1 jobs
### [bt]: Setting working directory to '/content/drive/MyDrive/GitHub/Mater_Thesis_Calibration'
ece.R :
Friedmann_tasks.R :
Functions.R :
ici.R :
mse_feature_effects.R :
PipeOpCalibration.R :
PipeOpCalibrationUnion.R :
### [bt]: Memory measurement disabled
### [bt]: Starting job [batchtools job.id=826]
### [bt]: Generating problem instance for problem '341ee781c7d79b8f' ...
### [bt]: Applying algorithm 'run_learner' on problem '341ee781c7d79b8f' for job 826 (seed = 949) ...
INFO  [19:59:48.844] [mlr3] Applying learner 'nnet calibrated isotonic union' on task 'wdbc' (iter 6/10)
# weights:  97
initial  value 313.335228 
final  value 273.735917 
converged
# weights:  97
initial  value 305.171978 
final  value 269.336671 
converged
# weights:  97
initial  value 295.001520 
final  value 270.854880 
converged
# weights:  97
initial  value 269.558339 
iter  10 value 119.489683
iter  20 value 118.152354
final  value 118.152339 
converged
# weights:  97
initial  value 377.017828 
final  value 269.796712 
converged

### [bt]: Job terminated successfully [batchtools job.id=826]
### [bt]: Calculation finished!
