### [bt]: This is batchtools v0.9.17
### [bt]: Starting calculation of 1 jobs
### [bt]: Setting working directory to '/content/drive/MyDrive/GitHub/Mater_Thesis_Calibration'
ece.R :
Friedmann_tasks.R :
Functions.R :
ici.R :
mse_feature_effects.R :
PipeOpCalibration.R :
PipeOpCalibrationUnion.R :
### [bt]: Memory measurement disabled
### [bt]: Starting job [batchtools job.id=2808]
### [bt]: Generating problem instance for problem '358d8f8187803581' ...
### [bt]: Applying algorithm 'run_learner' on problem '358d8f8187803581' for job 2808 (seed = 2931) ...
INFO  [21:00:23.381] [mlr3] Applying learner 'glmnet calibrated beta 70' on task 'electricity' (iter 8/10)
Warning: glm.fit: fitted probabilities numerically 0 or 1 occurred
This happened PipeOp classif.glmnet's $train()
[1] -52.77493
[1] 30.83316

### [bt]: Job terminated successfully [batchtools job.id=2808]
### [bt]: Calculation finished!
