### [bt]: This is batchtools v0.9.17
### [bt]: Starting calculation of 1 jobs
### [bt]: Setting working directory to '/content/drive/MyDrive/GitHub/Mater_Thesis_Calibration'
ece.R :
Friedmann_tasks.R :
Functions.R :
ici.R :
mse_feature_effects.R :
PipeOpCalibration.R :
PipeOpCalibrationUnion.R :
### [bt]: Memory measurement disabled
### [bt]: Starting job [batchtools job.id=2279]
### [bt]: Generating problem instance for problem '7f16ca74b5d8776b' ...
### [bt]: Applying algorithm 'run_learner' on problem '7f16ca74b5d8776b' for job 2279 (seed = 2402) ...
INFO  [20:09:04.853] [mlr3] Applying learner 'nnet calibrated platt union' on task 'churn' (iter 9/10)
# weights:  94
initial  value 1560.416599 
final  value 1486.620448 
converged
# weights:  94
initial  value 4201.675616 
final  value 1465.111290 
converged
# weights:  94
initial  value 2026.074179 
iter  10 value 1457.855340
iter  20 value 1455.780316
iter  30 value 1453.817151
iter  40 value 1453.417632
iter  50 value 1453.175742
iter  60 value 1453.018397
iter  70 value 1452.977437
iter  80 value 1452.579790
iter  90 value 1451.995107
iter 100 value 1451.425902
final  value 1451.425902 
stopped after 100 iterations
# weights:  94
initial  value 2104.114742 
final  value 1422.957133 
converged
# weights:  94
initial  value 3029.862960 
iter  10 value 1498.899567
iter  20 value 1498.860792
final  value 1498.859279 
converged

### [bt]: Job terminated successfully [batchtools job.id=2279]
### [bt]: Calculation finished!
