### [bt]: This is batchtools v0.9.17
### [bt]: Starting calculation of 1 jobs
### [bt]: Setting working directory to '/content/drive/MyDrive/GitHub/Mater_Thesis_Calibration'
ece.R :
Friedmann_tasks.R :
Functions.R :
ici.R :
mse_feature_effects.R :
PipeOpCalibration.R :
PipeOpCalibrationUnion.R :
### [bt]: Memory measurement disabled
### [bt]: Starting job [batchtools job.id=3380]
### [bt]: Generating problem instance for problem 'b541340d6c2eb21d' ...
### [bt]: Applying algorithm 'run_learner' on problem 'b541340d6c2eb21d' for job 3380 (seed = 3503) ...
INFO  [20:15:37.895] [mlr3] Applying learner 'nnet calibrated beta 90' on task 'kc1' (iter 10/10)
# weights:  70
initial  value 1045.411074 
iter  10 value 656.308901
iter  20 value 640.263902
iter  30 value 626.608344
iter  40 value 623.857737
iter  50 value 622.705294
iter  60 value 620.705193
iter  70 value 620.419269
iter  80 value 617.837959
iter  90 value 617.703143
final  value 617.699738 
converged
[1] -193.706
[1] -3.199575

### [bt]: Job terminated successfully [batchtools job.id=3380]
### [bt]: Calculation finished!
