### [bt]: This is batchtools v0.9.17
### [bt]: Starting calculation of 1 jobs
### [bt]: Setting working directory to '/content/drive/MyDrive/GitHub/Mater_Thesis_Calibration'
ece.R :
Friedmann_tasks.R :
Functions.R :
ici.R :
mse_feature_effects.R :
PipeOpCalibration.R :
PipeOpCalibrationUnion.R :
### [bt]: Memory measurement disabled
### [bt]: Starting job [batchtools job.id=3995]
### [bt]: Generating problem instance for problem '341ee781c7d79b8f' ...
### [bt]: Applying algorithm 'run_learner' on problem '341ee781c7d79b8f' for job 3995 (seed = 4118) ...
INFO  [20:17:15.380] [mlr3] Applying learner 'xgboost calibrated beta cv5' on task 'wdbc' (iter 5/10)
[1] -21.36317
[1] 45.75098
[1] -161.3373
[1] -0.6321817
[1] -41.3709
[1] 25.99996
Warning: glm.fit: algorithm did not converge
This happened PipeOp classif.xgboost's $train()
Warning: glm.fit: fitted probabilities numerically 0 or 1 occurred
This happened PipeOp classif.xgboost's $train()
Warning: glm.fit: algorithm did not converge
This happened PipeOp classif.xgboost's $train()
Warning: glm.fit: fitted probabilities numerically 0 or 1 occurred
This happened PipeOp classif.xgboost's $train()
[1] -2273.483
[1] -68.55205
[1] -86.86638
[1] 48.41447

### [bt]: Job terminated successfully [batchtools job.id=3995]
### [bt]: Calculation finished!
