### [bt]: This is batchtools v0.9.17
### [bt]: Starting calculation of 1 jobs
### [bt]: Setting working directory to '/content/drive/MyDrive/GitHub/Mater_Thesis_Calibration'
ece.R :
Friedmann_tasks.R :
Functions.R :
ici.R :
mse_feature_effects.R :
PipeOpCalibration.R :
PipeOpCalibrationUnion.R :
### [bt]: Memory measurement disabled
### [bt]: Starting job [batchtools job.id=4956]
### [bt]: Generating problem instance for problem '22f4988139232849' ...
### [bt]: Applying algorithm 'run_learner' on problem '22f4988139232849' for job 4956 (seed = 5079) ...
INFO  [21:12:15.980] [mlr3] Applying learner 'nnet calibrated beta 70' on task 'nomao' (iter 6/10)
# weights:  442
initial  value 23542.699657 
iter  10 value 6975.726424
iter  20 value 4438.607270
iter  30 value 3854.700885
iter  40 value 3446.235898
iter  50 value 3203.501963
iter  60 value 3084.356711
iter  70 value 3019.100864
iter  80 value 2935.653474
iter  90 value 2792.143681
iter 100 value 2659.591537
final  value 2659.591537 
stopped after 100 iterations
[1] -44.49003
[1] 20.68196

### [bt]: Job terminated successfully [batchtools job.id=4956]
### [bt]: Calculation finished!
