### [bt]: This is batchtools v0.9.17
### [bt]: Starting calculation of 1 jobs
### [bt]: Setting working directory to '/content/drive/MyDrive/GitHub/Mater_Thesis_Calibration'
ece.R :
Friedmann_tasks.R :
Functions.R :
ici.R :
mse_feature_effects.R :
PipeOpCalibration.R :
PipeOpCalibrationUnion.R :
### [bt]: Memory measurement disabled
### [bt]: Starting job [batchtools job.id=3752]
### [bt]: Generating problem instance for problem '341ee781c7d79b8f' ...
### [bt]: Applying algorithm 'run_learner' on problem '341ee781c7d79b8f' for job 3752 (seed = 3875) ...
INFO  [20:16:49.878] [mlr3] Applying learner 'nnet calibrated beta 70' on task 'wdbc' (iter 2/10)
# weights:  97
initial  value 316.864580 
final  value 235.116306 
converged

### [bt]: Job terminated successfully [batchtools job.id=3752]
### [bt]: Calculation finished!
