### [bt]: This is batchtools v0.9.17
### [bt]: Starting calculation of 1 jobs
### [bt]: Setting working directory to '/content/drive/MyDrive/GitHub/Mater_Thesis_Calibration'
ece.R :
Friedmann_tasks.R :
Functions.R :
ici.R :
mse_feature_effects.R :
PipeOpCalibration.R :
PipeOpCalibrationUnion.R :
### [bt]: Memory measurement disabled
### [bt]: Starting job [batchtools job.id=4732]
### [bt]: Generating problem instance for problem 'c27a1cbf9c91424a' ...
### [bt]: Applying algorithm 'run_learner' on problem 'c27a1cbf9c91424a' for job 4732 (seed = 4855) ...
INFO  [20:18:57.655] [mlr3] Applying learner 'svm calibrated beta cv3' on task 'ilpd' (iter 2/10)
Warning: glm.fit: fitted probabilities numerically 0 or 1 occurred
This happened PipeOp classif.svm's $train()
[1] 4.040674
[1] 160.5362
[1] 1.851507
[1] 80.31046
[1] 4.108495
[1] 135.8849

### [bt]: Job terminated successfully [batchtools job.id=4732]
### [bt]: Calculation finished!
