### [bt]: This is batchtools v0.9.17
### [bt]: Starting calculation of 1 jobs
### [bt]: Setting working directory to '/content/drive/MyDrive/GitHub/Mater_Thesis_Calibration'
ece.R :
Friedmann_tasks.R :
Functions.R :
ici.R :
mse_feature_effects.R :
PipeOpCalibration.R :
PipeOpCalibrationUnion.R :
### [bt]: Memory measurement disabled
### [bt]: Starting job [batchtools job.id=5044]
### [bt]: Generating problem instance for problem '22f4988139232849' ...
### [bt]: Applying algorithm 'run_learner' on problem '22f4988139232849' for job 5044 (seed = 5167) ...
INFO  [03:06:06.661] [mlr3] Applying learner 'ranger calibrated beta cv5' on task 'nomao' (iter 4/10)
Growing trees.. Progress: 71%. Estimated remaining time: 12 seconds.
Growing trees.. Progress: 71%. Estimated remaining time: 12 seconds.
Growing trees.. Progress: 73%. Estimated remaining time: 11 seconds.
Growing trees.. Progress: 70%. Estimated remaining time: 13 seconds.
Growing trees.. Progress: 67%. Estimated remaining time: 15 seconds.
Warning: glm.fit: fitted probabilities numerically 0 or 1 occurred
This happened PipeOp classif.ranger's $train()
[1] -62.37827
[1] 37.9135
Warning: glm.fit: fitted probabilities numerically 0 or 1 occurred
This happened PipeOp classif.ranger's $train()
[1] -46.17032
[1] 69.32287
Warning: glm.fit: fitted probabilities numerically 0 or 1 occurred
This happened PipeOp classif.ranger's $train()
[1] -70.56929
[1] 36.54896
Warning: glm.fit: fitted probabilities numerically 0 or 1 occurred
This happened PipeOp classif.ranger's $train()
[1] -24.20801
[1] 88.14486
Warning: glm.fit: fitted probabilities numerically 0 or 1 occurred
This happened PipeOp classif.ranger's $train()
[1] -53.30214
[1] 54.23758

### [bt]: Job terminated successfully [batchtools job.id=5044]
### [bt]: Calculation finished!
