### [bt]: This is batchtools v0.9.17
### [bt]: Starting calculation of 1 jobs
### [bt]: Setting working directory to '/content/drive/MyDrive/GitHub/Mater_Thesis_Calibration'
ece.R :
Friedmann_tasks.R :
Functions.R :
ici.R :
mse_feature_effects.R :
PipeOpCalibration.R :
PipeOpCalibrationUnion.R :
### [bt]: Memory measurement disabled
### [bt]: Starting job [batchtools job.id=4940]
### [bt]: Generating problem instance for problem '22f4988139232849' ...
### [bt]: Applying algorithm 'run_learner' on problem '22f4988139232849' for job 4940 (seed = 5063) ...
INFO  [21:12:12.046] [mlr3] Applying learner 'naive_bayes calibrated beta cv3' on task 'nomao' (iter 10/10)
[1] -3.822408
[1] -1.133161
[1] -3.855758
[1] -1.089003
[1] -3.958441
[1] -1.151879

### [bt]: Job terminated successfully [batchtools job.id=4940]
### [bt]: Calculation finished!
