### [bt]: This is batchtools v0.9.17
### [bt]: Starting calculation of 1 jobs
### [bt]: Setting working directory to '/content/drive/MyDrive/GitHub/Mater_Thesis_Calibration'
ece.R :
Friedmann_tasks.R :
Functions.R :
ici.R :
mse_feature_effects.R :
PipeOpCalibration.R :
PipeOpCalibrationUnion.R :
### [bt]: Memory measurement disabled
### [bt]: Starting job [batchtools job.id=3773]
### [bt]: Generating problem instance for problem '341ee781c7d79b8f' ...
### [bt]: Applying algorithm 'run_learner' on problem '341ee781c7d79b8f' for job 3773 (seed = 3896) ...
INFO  [20:16:51.316] [mlr3] Applying learner 'nnet calibrated beta 90' on task 'wdbc' (iter 3/10)
# weights:  97
initial  value 304.617390 
iter  10 value 302.931516
final  value 302.931507 
converged

### [bt]: Job terminated successfully [batchtools job.id=3773]
### [bt]: Calculation finished!
