### [bt]: This is batchtools v0.9.17
### [bt]: Starting calculation of 1 jobs
### [bt]: Setting working directory to '/content/drive/MyDrive/GitHub/Mater_Thesis_Calibration'
ece.R :
Friedmann_tasks.R :
Functions.R :
ici.R :
mse_feature_effects.R :
PipeOpCalibration.R :
PipeOpCalibrationUnion.R :
### [bt]: Memory measurement disabled
### [bt]: Starting job [batchtools job.id=3131]
### [bt]: Generating problem instance for problem '358d8f8187803581' ...
### [bt]: Applying algorithm 'run_learner' on problem '358d8f8187803581' for job 3131 (seed = 3254) ...
INFO  [07:40:30.329] [mlr3] Applying learner 'svm calibrated beta cv3' on task 'electricity' (iter 1/10)
[1] -52.48892
[1] 21.96148
[1] -50.75034
[1] 24.94982
[1] -47.17641
[1] 23.9188

### [bt]: Job terminated successfully [batchtools job.id=3131]
### [bt]: Calculation finished!
