### [bt]: This is batchtools v0.9.17
### [bt]: Starting calculation of 1 jobs
### [bt]: Setting working directory to '/content/drive/MyDrive/GitHub/Mater_Thesis_Calibration'
ece.R :
Friedmann_tasks.R :
Functions.R :
ici.R :
mse_feature_effects.R :
PipeOpCalibration.R :
PipeOpCalibrationUnion.R :
### [bt]: Memory measurement disabled
### [bt]: Starting job [batchtools job.id=4160]
### [bt]: Generating problem instance for problem 'a6b2cabd9f84c607' ...
### [bt]: Applying algorithm 'run_learner' on problem 'a6b2cabd9f84c607' for job 4160 (seed = 4283) ...
INFO  [20:17:39.661] [mlr3] Applying learner 'nnet calibrated beta 70' on task 'phoneme' (iter 10/10)
# weights:  22
initial  value 2144.779721 
iter  10 value 1509.487646
iter  20 value 1429.529020
iter  30 value 1376.747051
iter  40 value 1357.111497
iter  50 value 1354.918012
iter  60 value 1354.108587
iter  70 value 1335.187905
iter  80 value 1326.094542
iter  90 value 1322.672749
iter 100 value 1322.525434
final  value 1322.525434 
stopped after 100 iterations
[1] -49.97689
[1] 32.69599

### [bt]: Job terminated successfully [batchtools job.id=4160]
### [bt]: Calculation finished!
