### [bt]: This is batchtools v0.9.17
### [bt]: Starting calculation of 1 jobs
### [bt]: Setting working directory to '/content/drive/MyDrive/GitHub/Mater_Thesis_Calibration'
ece.R :
Friedmann_tasks.R :
Functions.R :
ici.R :
mse_feature_effects.R :
PipeOpCalibration.R :
PipeOpCalibrationUnion.R :
### [bt]: Memory measurement disabled
### [bt]: Starting job [batchtools job.id=4991]
### [bt]: Generating problem instance for problem '22f4988139232849' ...
### [bt]: Applying algorithm 'run_learner' on problem '22f4988139232849' for job 4991 (seed = 5114) ...
INFO  [21:13:25.905] [mlr3] Applying learner 'nnet calibrated beta cv5' on task 'nomao' (iter 1/10)
# weights:  442
initial  value 15985.420462 
iter  10 value 5695.551993
iter  20 value 4117.267488
iter  30 value 3604.628366
iter  40 value 3374.695767
iter  50 value 3102.148600
iter  60 value 2932.009426
iter  70 value 2831.429273
iter  80 value 2740.137240
iter  90 value 2694.286358
iter 100 value 2669.436525
final  value 2669.436525 
stopped after 100 iterations
# weights:  442
initial  value 18662.163726 
iter  10 value 5993.206340
iter  20 value 3782.937207
iter  30 value 3302.539533
iter  40 value 3030.901120
iter  50 value 2907.853059
iter  60 value 2851.114697
iter  70 value 2785.343057
iter  80 value 2707.688411
iter  90 value 2647.197271
iter 100 value 2603.412393
final  value 2603.412393 
stopped after 100 iterations
# weights:  442
initial  value 20161.049451 
iter  10 value 14177.812205
iter  20 value 13484.237061
iter  30 value 7629.241362
iter  40 value 5169.757157
iter  50 value 4040.814428
iter  60 value 3448.369542
iter  70 value 3180.987828
iter  80 value 3037.244966
iter  90 value 2886.272757
iter 100 value 2777.139772
final  value 2777.139772 
stopped after 100 iterations
# weights:  442
initial  value 18499.722044 
iter  10 value 12015.187810
iter  20 value 6094.343694
iter  30 value 4396.893252
iter  40 value 3790.441601
iter  50 value 3577.251757
iter  60 value 3509.264903
iter  70 value 3406.916023
iter  80 value 3280.968021
iter  90 value 3121.078366
iter 100 value 3044.937861
final  value 3044.937861 
stopped after 100 iterations
# weights:  442
initial  value 16856.393622 
iter  10 value 5092.794134
iter  20 value 3809.747725
iter  30 value 3521.935288
iter  40 value 3126.304201
iter  50 value 2958.149822
iter  60 value 2866.882147
iter  70 value 2782.250722
iter  80 value 2694.993623
iter  90 value 2588.372132
iter 100 value 2513.990346
final  value 2513.990346 
stopped after 100 iterations
[1] -34.54535
[1] 34.34022
[1] -32.89319
[1] 37.21769
[1] -35.46073
[1] 34.09169
[1] -39.47485
[1] 31.77771
Warning: glm.fit: fitted probabilities numerically 0 or 1 occurred
This happened PipeOp classif.nnet's $train()
[1] -31.96542
[1] 29.94475

### [bt]: Job terminated successfully [batchtools job.id=4991]
### [bt]: Calculation finished!
