### [bt]: This is batchtools v0.9.17
### [bt]: Starting calculation of 1 jobs
### [bt]: Setting working directory to '/content/drive/MyDrive/GitHub/Mater_Thesis_Calibration'
ece.R :
Friedmann_tasks.R :
Functions.R :
ici.R :
mse_feature_effects.R :
PipeOpCalibration.R :
PipeOpCalibrationUnion.R :
### [bt]: Memory measurement disabled
### [bt]: Starting job [batchtools job.id=3628]
### [bt]: Generating problem instance for problem '341ee781c7d79b8f' ...
### [bt]: Applying algorithm 'run_learner' on problem '341ee781c7d79b8f' for job 3628 (seed = 3751) ...
INFO  [20:16:31.761] [mlr3] Applying learner 'glmnet calibrated beta 90' on task 'wdbc' (iter 8/10)
Warning: glm.fit: algorithm did not converge
This happened PipeOp classif.glmnet's $train()
Warning: glm.fit: fitted probabilities numerically 0 or 1 occurred
This happened PipeOp classif.glmnet's $train()
Warning: glm.fit: algorithm did not converge
This happened PipeOp classif.glmnet's $train()
Warning: glm.fit: fitted probabilities numerically 0 or 1 occurred
This happened PipeOp classif.glmnet's $train()
[1] 42.82672
[1] 2282.701

### [bt]: Job terminated successfully [batchtools job.id=3628]
### [bt]: Calculation finished!
