### [bt]: This is batchtools v0.9.17
### [bt]: Starting calculation of 1 jobs
### [bt]: Setting working directory to '/content/drive/MyDrive/GitHub/Mater_Thesis_Calibration'
ece.R :
Friedmann_tasks.R :
Functions.R :
ici.R :
mse_feature_effects.R :
PipeOpCalibration.R :
PipeOpCalibrationUnion.R :
### [bt]: Memory measurement disabled
### [bt]: Starting job [batchtools job.id=5356]
### [bt]: Generating problem instance for problem '0ecb79b078d7aa0a' ...
### [bt]: Applying algorithm 'run_learner' on problem '0ecb79b078d7aa0a' for job 5356 (seed = 5479) ...
INFO  [20:19:47.045] [mlr3] Applying learner 'nnet calibrated beta 70' on task 'PhishingWebsites' (iter 6/10)
# weights:  121
initial  value 4811.534155 
iter  10 value 1502.716027
iter  20 value 1016.156507
iter  30 value 882.240204
iter  40 value 835.091040
iter  50 value 797.471424
iter  60 value 785.791168
iter  70 value 773.365244
iter  80 value 765.780335
iter  90 value 751.808321
iter 100 value 745.883391
final  value 745.883391 
stopped after 100 iterations
[1] -33.12204
[1] 20.41321

### [bt]: Job terminated successfully [batchtools job.id=5356]
### [bt]: Calculation finished!
