### [bt]: This is batchtools v0.9.17
### [bt]: Starting calculation of 1 jobs
### [bt]: Setting working directory to '/content/drive/MyDrive/GitHub/Mater_Thesis_Calibration'
ece.R :
Friedmann_tasks.R :
Functions.R :
ici.R :
mse_feature_effects.R :
PipeOpCalibration.R :
PipeOpCalibrationUnion.R :
### [bt]: Memory measurement disabled
### [bt]: Starting job [batchtools job.id=6194]
### [bt]: Generating problem instance for problem '7f16ca74b5d8776b' ...
### [bt]: Applying algorithm 'run_learner' on problem '7f16ca74b5d8776b' for job 6194 (seed = 6317) ...
INFO  [20:23:50.300] [mlr3] Applying learner 'nnet calibrated beta cv5' on task 'churn' (iter 4/10)
# weights:  94
initial  value 1883.175103 
iter  10 value 1465.432754
iter  20 value 1463.138525
final  value 1463.137630 
converged
# weights:  94
initial  value 3186.629771 
final  value 1437.759916 
converged
# weights:  94
initial  value 2037.655457 
iter  10 value 1510.762246
iter  20 value 1509.860047
iter  30 value 1506.198551
iter  40 value 1504.898853
iter  50 value 1502.151947
iter  60 value 1500.904220
iter  70 value 1499.755422
iter  80 value 1499.357282
iter  90 value 1499.334127
iter 100 value 1499.194605
final  value 1499.194605 
stopped after 100 iterations
# weights:  94
initial  value 3450.376978 
final  value 1445.104771 
converged
# weights:  94
initial  value 1663.960170 
final  value 1470.519269 
converged
[1] -44989.71
[1] -890179.6
[1] -209.108
[1] 34.33895

### [bt]: Job terminated successfully [batchtools job.id=6194]
### [bt]: Calculation finished!
