### [bt]: This is batchtools v0.9.17
### [bt]: Starting calculation of 1 jobs
### [bt]: Setting working directory to '/content/drive/MyDrive/GitHub/Mater_Thesis_Calibration'
ece.R :
Friedmann_tasks.R :
Functions.R :
ici.R :
mse_feature_effects.R :
PipeOpCalibration.R :
PipeOpCalibrationUnion.R :
### [bt]: Memory measurement disabled
### [bt]: Starting job [batchtools job.id=6190]
### [bt]: Generating problem instance for problem '7f16ca74b5d8776b' ...
### [bt]: Applying algorithm 'run_learner' on problem '7f16ca74b5d8776b' for job 6190 (seed = 6313) ...
INFO  [20:23:49.976] [mlr3] Applying learner 'nnet calibrated beta cv3' on task 'churn' (iter 10/10)
# weights:  94
initial  value 2490.820792 
iter  10 value 1223.911978
final  value 1223.850473 
converged
# weights:  94
initial  value 1953.887164 
iter  10 value 1201.245764
iter  20 value 1199.874711
iter  30 value 1198.544056
iter  40 value 1195.230585
iter  50 value 1189.901010
iter  60 value 1187.862192
iter  70 value 1186.883914
iter  80 value 1185.653262
iter  90 value 1185.367318
iter 100 value 1185.239046
final  value 1185.239046 
stopped after 100 iterations
# weights:  94
initial  value 1728.963992 
iter  10 value 1274.895092
iter  20 value 1237.244513
iter  30 value 1232.844545
iter  40 value 1229.387027
iter  50 value 1228.280276
iter  60 value 1227.509153
iter  70 value 1224.579059
iter  80 value 1221.433829
iter  90 value 1220.635972
iter 100 value 1220.404897
final  value 1220.404897 
stopped after 100 iterations
[1] -4.482533
[1] -54.86943
[1] -1.25336
[1] 7.70913
[1] -1.367813
[1] 7.88692

### [bt]: Job terminated successfully [batchtools job.id=6190]
### [bt]: Calculation finished!
