### [bt]: This is batchtools v0.9.17
### [bt]: Starting calculation of 1 jobs
### [bt]: Setting working directory to '/content/drive/MyDrive/GitHub/Mater_Thesis_Calibration'
ece.R :
Friedmann_tasks.R :
Functions.R :
ici.R :
mse_feature_effects.R :
PipeOpCalibration.R :
PipeOpCalibrationUnion.R :
### [bt]: Memory measurement disabled
### [bt]: Starting job [batchtools job.id=5023]
### [bt]: Generating problem instance for problem '22f4988139232849' ...
### [bt]: Applying algorithm 'run_learner' on problem '22f4988139232849' for job 5023 (seed = 5146) ...
INFO  [15:51:08.649] [mlr3] Applying learner 'ranger calibrated beta 90' on task 'nomao' (iter 3/10)
Growing trees.. Progress: 41%. Estimated remaining time: 44 seconds.
Growing trees.. Progress: 84%. Estimated remaining time: 11 seconds.
Warning: glm.fit: fitted probabilities numerically 0 or 1 occurred
This happened PipeOp classif.ranger's $train()
[1] -58.96835
[1] 64.44113

### [bt]: Job terminated successfully [batchtools job.id=5023]
### [bt]: Calculation finished!
