### [bt]: This is batchtools v0.9.17
### [bt]: Starting calculation of 1 jobs
### [bt]: Setting working directory to '/content/drive/MyDrive/GitHub/Mater_Thesis_Calibration'
ece.R :
Friedmann_tasks.R :
Functions.R :
ici.R :
mse_feature_effects.R :
PipeOpCalibration.R :
PipeOpCalibrationUnion.R :
### [bt]: Memory measurement disabled
### [bt]: Starting job [batchtools job.id=815]
### [bt]: Generating problem instance for problem '341ee781c7d79b8f' ...
### [bt]: Applying algorithm 'run_learner' on problem '341ee781c7d79b8f' for job 815 (seed = 938) ...
INFO  [19:59:47.510] [mlr3] Applying learner 'nnet calibrated beta union' on task 'wdbc' (iter 5/10)
# weights:  97
initial  value 298.284656 
final  value 270.387071 
converged
# weights:  97
initial  value 272.862849 
final  value 267.682256 
converged
# weights:  97
initial  value 253.896566 
iter  10 value 126.957291
iter  20 value 125.980928
iter  30 value 114.693224
iter  40 value 109.228125
iter  50 value 94.431342
iter  60 value 78.938152
iter  70 value 48.139830
iter  80 value 31.108315
iter  90 value 21.628368
iter 100 value 17.510473
final  value 17.510473 
stopped after 100 iterations
# weights:  97
initial  value 300.885373 
final  value 270.331023 
converged
# weights:  97
initial  value 273.170676 
final  value 272.846303 
converged
[1] -2.036827
[1] 48.31336

### [bt]: Job terminated successfully [batchtools job.id=815]
### [bt]: Calculation finished!
