### [bt]: This is batchtools v0.9.17
### [bt]: Starting calculation of 1 jobs
### [bt]: Setting working directory to '/content/drive/MyDrive/GitHub/Mater_Thesis_Calibration'
ece.R :
Friedmann_tasks.R :
Functions.R :
ici.R :
mse_feature_effects.R :
PipeOpCalibration.R :
PipeOpCalibrationUnion.R :
### [bt]: Memory measurement disabled
### [bt]: Starting job [batchtools job.id=2978]
### [bt]: Generating problem instance for problem '358d8f8187803581' ...
### [bt]: Applying algorithm 'run_learner' on problem '358d8f8187803581' for job 2978 (seed = 3101) ...
INFO  [21:03:44.067] [mlr3] Applying learner 'nnet calibrated beta 90' on task 'electricity' (iter 8/10)
# weights:  46
initial  value 26096.266935 
iter  10 value 23244.710360
iter  20 value 21982.954798
iter  30 value 20245.413483
iter  40 value 19205.156225
iter  50 value 18889.298473
iter  60 value 18651.731599
iter  70 value 18288.015861
iter  80 value 18084.471417
iter  90 value 17925.895832
iter 100 value 17874.511827
final  value 17874.511827 
stopped after 100 iterations
[1] -31.84549
[1] 40.1242

### [bt]: Job terminated successfully [batchtools job.id=2978]
### [bt]: Calculation finished!
