### [bt]: This is batchtools v0.9.17
### [bt]: Starting calculation of 1 jobs
### [bt]: Setting working directory to '/content/drive/MyDrive/GitHub/Mater_Thesis_Calibration'
ece.R :
Friedmann_tasks.R :
Functions.R :
ici.R :
mse_feature_effects.R :
PipeOpCalibration.R :
PipeOpCalibrationUnion.R :
### [bt]: Memory measurement disabled
### [bt]: Starting job [batchtools job.id=4140]
### [bt]: Generating problem instance for problem 'a6b2cabd9f84c607' ...
### [bt]: Applying algorithm 'run_learner' on problem 'a6b2cabd9f84c607' for job 4140 (seed = 4263) ...
INFO  [20:17:38.506] [mlr3] Applying learner 'naive_bayes calibrated beta cv3' on task 'phoneme' (iter 10/10)
[1] -10.77517
[1] 18.11196
[1] -8.653223
[1] 15.02937
[1] -7.829238
[1] 14.57004

### [bt]: Job terminated successfully [batchtools job.id=4140]
### [bt]: Calculation finished!
