### [bt]: This is batchtools v0.9.17
### [bt]: Starting calculation of 1 jobs
### [bt]: Setting working directory to '/content/drive/MyDrive/GitHub/Mater_Thesis_Calibration'
ece.R :
Friedmann_tasks.R :
Functions.R :
ici.R :
mse_feature_effects.R :
PipeOpCalibration.R :
PipeOpCalibrationUnion.R :
### [bt]: Memory measurement disabled
### [bt]: Starting job [batchtools job.id=4799]
### [bt]: Generating problem instance for problem 'c27a1cbf9c91424a' ...
### [bt]: Applying algorithm 'run_learner' on problem 'c27a1cbf9c91424a' for job 4799 (seed = 4922) ...
INFO  [20:19:09.962] [mlr3] Applying learner 'xgboost calibrated beta cv5' on task 'ilpd' (iter 9/10)
[1] -16.57992
[1] 24.47648
[1] -0.5763602
[1] 8.988121
[1] 0.5811675
[1] 32.05096
[1] -20.51875
[1] 18.11058
[1] -7.998541
[1] 19.81505

### [bt]: Job terminated successfully [batchtools job.id=4799]
### [bt]: Calculation finished!
