### [bt]: This is batchtools v0.9.17
### [bt]: Starting calculation of 1 jobs
### [bt]: Setting working directory to '/content/drive/MyDrive/GitHub/Mater_Thesis_Calibration'
ece.R :
Friedmann_tasks.R :
Functions.R :
ici.R :
mse_feature_effects.R :
PipeOpCalibration.R :
PipeOpCalibrationUnion.R :
### [bt]: Memory measurement disabled
### [bt]: Starting job [batchtools job.id=1535]
### [bt]: Generating problem instance for problem '22f4988139232849' ...
### [bt]: Applying algorithm 'run_learner' on problem '22f4988139232849' for job 1535 (seed = 1658) ...
INFO  [20:49:16.031] [mlr3] Applying learner 'nnet calibrated beta union' on task 'nomao' (iter 5/10)
# weights:  442
initial  value 16420.896799 
iter  10 value 6429.516436
iter  20 value 4754.303099
iter  30 value 4131.148185
iter  40 value 3714.044823
iter  50 value 3511.694885
iter  60 value 3372.078991
iter  70 value 3198.006317
iter  80 value 2912.929643
iter  90 value 2813.565567
iter 100 value 2758.224300
final  value 2758.224300 
stopped after 100 iterations
# weights:  442
initial  value 17286.906010 
iter  10 value 7379.726732
iter  20 value 5068.300376
iter  30 value 4488.079020
iter  40 value 4042.641392
iter  50 value 3740.699914
iter  60 value 3599.183002
iter  70 value 3484.565251
iter  80 value 3408.486931
iter  90 value 3328.696534
iter 100 value 3284.332559
final  value 3284.332559 
stopped after 100 iterations
# weights:  442
initial  value 16659.936049 
iter  10 value 6465.246039
iter  20 value 4907.805460
iter  30 value 3881.978514
iter  40 value 3533.404811
iter  50 value 3329.879968
iter  60 value 3175.156224
iter  70 value 3038.795362
iter  80 value 2975.195282
iter  90 value 2943.364922
iter 100 value 2917.223957
final  value 2917.223957 
stopped after 100 iterations
# weights:  442
initial  value 24788.715206 
iter  10 value 10826.179302
iter  20 value 7786.861852
iter  30 value 7424.218981
iter  40 value 7305.750368
iter  50 value 7167.233855
iter  60 value 7120.726501
iter  70 value 7086.754346
iter  80 value 7028.219257
iter  90 value 6990.636997
iter 100 value 6912.465642
final  value 6912.465642 
stopped after 100 iterations
# weights:  442
initial  value 19110.886925 
iter  10 value 10118.901210
iter  20 value 5644.832657
iter  30 value 4280.396734
iter  40 value 3917.979496
iter  50 value 3775.682390
iter  60 value 3696.670575
iter  70 value 3616.985381
iter  80 value 3438.917399
iter  90 value 3392.316851
iter 100 value 3366.837513
final  value 3366.837513 
stopped after 100 iterations
Warning: glm.fit: fitted probabilities numerically 0 or 1 occurred
This happened PipeOp classif.nnet's $train()
[1] -36.29776
[1] 31.23238

### [bt]: Job terminated successfully [batchtools job.id=1535]
### [bt]: Calculation finished!
