### [bt]: This is batchtools v0.9.17
### [bt]: Starting calculation of 1 jobs
### [bt]: Setting working directory to '/content/drive/MyDrive/GitHub/Mater_Thesis_Calibration'
ece.R :
Friedmann_tasks.R :
Functions.R :
ici.R :
mse_feature_effects.R :
PipeOpCalibration.R :
PipeOpCalibrationUnion.R :
### [bt]: Memory measurement disabled
### [bt]: Starting job [batchtools job.id=1061]
### [bt]: Generating problem instance for problem 'a6b2cabd9f84c607' ...
### [bt]: Applying algorithm 'run_learner' on problem 'a6b2cabd9f84c607' for job 1061 (seed = 1184) ...
INFO  [20:00:57.753] [mlr3] Applying learner 'nnet calibrated isotonic union' on task 'phoneme' (iter 1/10)
# weights:  22
initial  value 2860.273889 
iter  10 value 1738.569850
iter  20 value 1599.513672
iter  30 value 1541.602728
iter  40 value 1515.694099
iter  50 value 1476.140859
iter  60 value 1451.642913
iter  70 value 1448.319417
iter  80 value 1447.242640
iter  90 value 1447.104698
iter 100 value 1446.398791
final  value 1446.398791 
stopped after 100 iterations
# weights:  22
initial  value 2574.751595 
iter  10 value 1761.822358
iter  20 value 1635.712585
iter  30 value 1499.717675
iter  40 value 1462.823878
iter  50 value 1452.956291
iter  60 value 1447.170657
iter  70 value 1444.192287
iter  80 value 1443.160552
iter  90 value 1440.813779
iter 100 value 1439.844141
final  value 1439.844141 
stopped after 100 iterations
# weights:  22
initial  value 2836.652946 
iter  10 value 1679.662081
iter  20 value 1590.032144
iter  30 value 1541.920533
iter  40 value 1519.740909
iter  50 value 1513.075858
iter  60 value 1510.452882
iter  70 value 1507.576298
iter  80 value 1503.763234
iter  90 value 1460.694580
iter 100 value 1454.027126
final  value 1454.027126 
stopped after 100 iterations
# weights:  22
initial  value 2484.773834 
iter  10 value 1708.752392
iter  20 value 1635.427252
iter  30 value 1609.555566
iter  40 value 1607.498433
iter  50 value 1607.199341
iter  60 value 1602.105039
iter  70 value 1599.689450
iter  80 value 1599.578189
iter  90 value 1599.553968
final  value 1599.553655 
converged
# weights:  22
initial  value 2661.599540 
iter  10 value 1829.578913
iter  20 value 1696.860624
iter  30 value 1576.716519
iter  40 value 1538.935528
iter  50 value 1528.355491
iter  60 value 1523.005759
iter  70 value 1518.066943
iter  80 value 1514.992935
iter  90 value 1513.358551
iter 100 value 1512.956280
final  value 1512.956280 
stopped after 100 iterations

### [bt]: Job terminated successfully [batchtools job.id=1061]
### [bt]: Calculation finished!
