### [bt]: This is batchtools v0.9.17
### [bt]: Starting calculation of 1 jobs
### [bt]: Setting working directory to '/content/drive/MyDrive/GitHub/Mater_Thesis_Calibration'
ece.R :
Friedmann_tasks.R :
Functions.R :
ici.R :
mse_feature_effects.R :
PipeOpCalibration.R :
PipeOpCalibrationUnion.R :
### [bt]: Memory measurement disabled
### [bt]: Starting job [batchtools job.id=3492]
### [bt]: Generating problem instance for problem 'b541340d6c2eb21d' ...
### [bt]: Applying algorithm 'run_learner' on problem 'b541340d6c2eb21d' for job 3492 (seed = 3615) ...
INFO  [20:15:57.207] [mlr3] Applying learner 'rpart calibrated beta cv5' on task 'kc1' (iter 2/10)
[1] -8.151792
[1] 26.36264
Warning: glm.fit: fitted probabilities numerically 0 or 1 occurred
This happened PipeOp classif.rpart's $train()
Warning: glm.fit: fitted probabilities numerically 0 or 1 occurred
This happened PipeOp classif.rpart's $train()
[1] 0.7238344
[1] 42.08334
[1] -36.76483
[1] 0.6884251
[1] -2.495729
[1] 10.4168
[1] -46.99553
[1] -0.5645999

### [bt]: Job terminated successfully [batchtools job.id=3492]
### [bt]: Calculation finished!
