### [bt]: This is batchtools v0.9.17
### [bt]: Starting calculation of 1 jobs
### [bt]: Setting working directory to '/content/drive/MyDrive/GitHub/Mater_Thesis_Calibration'
ece.R :
Friedmann_tasks.R :
Functions.R :
ici.R :
mse_feature_effects.R :
PipeOpCalibration.R :
PipeOpCalibrationUnion.R :
### [bt]: Memory measurement disabled
### [bt]: Starting job [batchtools job.id=6290]
### [bt]: Generating problem instance for problem '7f16ca74b5d8776b' ...
### [bt]: Applying algorithm 'run_learner' on problem '7f16ca74b5d8776b' for job 6290 (seed = 6413) ...
INFO  [20:24:10.502] [mlr3] Applying learner 'rpart calibrated beta cv3' on task 'churn' (iter 10/10)
[1] -16.61448
[1] 40.74712
[1] -21.24061
[1] 39.5308
Warning: glm.fit: fitted probabilities numerically 0 or 1 occurred
This happened PipeOp classif.rpart's $train()
[1] -5.21375e+15
[1] 3.250119e+15

### [bt]: Job terminated successfully [batchtools job.id=6290]
### [bt]: Calculation finished!
