### [bt]: This is batchtools v0.9.17
### [bt]: Starting calculation of 1 jobs
### [bt]: Setting working directory to '/content/drive/MyDrive/GitHub/Mater_Thesis_Calibration'
ece.R :
Friedmann_tasks.R :
Functions.R :
ici.R :
mse_feature_effects.R :
PipeOpCalibration.R :
PipeOpCalibrationUnion.R :
### [bt]: Memory measurement disabled
### [bt]: Starting job [batchtools job.id=5043]
### [bt]: Generating problem instance for problem '22f4988139232849' ...
### [bt]: Applying algorithm 'run_learner' on problem '22f4988139232849' for job 5043 (seed = 5166) ...
INFO  [03:04:26.708] [mlr3] Applying learner 'ranger calibrated beta cv5' on task 'nomao' (iter 3/10)
Growing trees.. Progress: 67%. Estimated remaining time: 15 seconds.
Growing trees.. Progress: 68%. Estimated remaining time: 14 seconds.
Growing trees.. Progress: 46%. Estimated remaining time: 36 seconds.
Growing trees.. Progress: 94%. Estimated remaining time: 3 seconds.
Growing trees.. Progress: 61%. Estimated remaining time: 20 seconds.
Growing trees.. Progress: 70%. Estimated remaining time: 13 seconds.
Warning: glm.fit: fitted probabilities numerically 0 or 1 occurred
This happened PipeOp classif.ranger's $train()
[1] -50.59798
[1] 57.69636
Warning: glm.fit: fitted probabilities numerically 0 or 1 occurred
This happened PipeOp classif.ranger's $train()
[1] -36.67184
[1] 66.16615
Warning: glm.fit: fitted probabilities numerically 0 or 1 occurred
This happened PipeOp classif.ranger's $train()
[1] -36.71885
[1] 73.12427
Warning: glm.fit: fitted probabilities numerically 0 or 1 occurred
This happened PipeOp classif.ranger's $train()
[1] -53.42552
[1] 50.35614
Warning: glm.fit: fitted probabilities numerically 0 or 1 occurred
This happened PipeOp classif.ranger's $train()
[1] -51.70328
[1] 55.8585

### [bt]: Job terminated successfully [batchtools job.id=5043]
### [bt]: Calculation finished!
