### [bt]: This is batchtools v0.9.17
### [bt]: Starting calculation of 1 jobs
### [bt]: Setting working directory to '/content/drive/MyDrive/GitHub/Mater_Thesis_Calibration'
ece.R :
Friedmann_tasks.R :
Functions.R :
ici.R :
mse_feature_effects.R :
PipeOpCalibration.R :
PipeOpCalibrationUnion.R :
### [bt]: Memory measurement disabled
### [bt]: Starting job [batchtools job.id=580]
### [bt]: Generating problem instance for problem 'b541340d6c2eb21d' ...
### [bt]: Applying algorithm 'run_learner' on problem 'b541340d6c2eb21d' for job 580 (seed = 703) ...
INFO  [19:58:26.502] [mlr3] Applying learner 'nnet calibrated beta union' on task 'kc1' (iter 10/10)
# weights:  70
initial  value 1105.827512 
iter  10 value 644.079680
iter  20 value 641.356554
iter  30 value 638.303453
iter  40 value 627.218920
iter  50 value 625.644686
iter  60 value 625.010187
iter  70 value 624.655601
final  value 624.476771 
converged
# weights:  70
initial  value 767.313076 
iter  10 value 619.471019
iter  20 value 558.971330
iter  30 value 552.168238
iter  40 value 545.671878
iter  50 value 543.425813
iter  60 value 539.336353
iter  70 value 538.013671
iter  80 value 536.254555
iter  90 value 535.221465
iter 100 value 535.178128
final  value 535.178128 
stopped after 100 iterations
# weights:  70
initial  value 1131.733363 
iter  10 value 561.608892
iter  20 value 538.181408
iter  30 value 532.225052
iter  40 value 519.949099
iter  50 value 510.152737
iter  60 value 502.973737
iter  70 value 497.104844
iter  80 value 492.294145
iter  90 value 491.589012
iter 100 value 491.580399
final  value 491.580399 
stopped after 100 iterations
# weights:  70
initial  value 1024.000781 
iter  10 value 570.488498
iter  20 value 562.313286
iter  30 value 558.111300
iter  40 value 555.442342
iter  50 value 552.058297
iter  60 value 550.787386
iter  70 value 550.339977
iter  80 value 550.060999
iter  90 value 550.055552
final  value 550.055407 
converged
# weights:  70
initial  value 1351.241952 
iter  10 value 557.483698
iter  20 value 540.117632
iter  30 value 536.988259
iter  40 value 530.180888
iter  50 value 527.592079
iter  60 value 525.106392
iter  70 value 522.899870
iter  80 value 521.315292
iter  90 value 515.436480
iter 100 value 513.152416
final  value 513.152416 
stopped after 100 iterations
[1] -97.58035
[1] 1.941266

### [bt]: Job terminated successfully [batchtools job.id=580]
### [bt]: Calculation finished!
