### [bt]: This is batchtools v0.9.17
### [bt]: Starting calculation of 1 jobs
### [bt]: Setting working directory to '/content/drive/MyDrive/GitHub/Mater_Thesis_Calibration'
ece.R :
Friedmann_tasks.R :
Functions.R :
ici.R :
mse_feature_effects.R :
PipeOpCalibration.R :
PipeOpCalibrationUnion.R :
### [bt]: Memory measurement disabled
### [bt]: Starting job [batchtools job.id=1585]
### [bt]: Generating problem instance for problem '22f4988139232849' ...
### [bt]: Applying algorithm 'run_learner' on problem '22f4988139232849' for job 1585 (seed = 1708) ...
INFO  [09:52:27.440] [mlr3] Applying learner 'ranger calibrated platt union' on task 'nomao' (iter 5/10)
Growing trees.. Progress: 54%. Estimated remaining time: 26 seconds.
Growing trees.. Progress: 55%. Estimated remaining time: 25 seconds.
Growing trees.. Progress: 55%. Estimated remaining time: 25 seconds.
Growing trees.. Progress: 55%. Estimated remaining time: 25 seconds.
Growing trees.. Progress: 56%. Estimated remaining time: 24 seconds.

### [bt]: Job terminated successfully [batchtools job.id=1585]
### [bt]: Calculation finished!
