### [bt]: This is batchtools v0.9.17
### [bt]: Starting calculation of 1 jobs
### [bt]: Setting working directory to '/content/drive/MyDrive/GitHub/Mater_Thesis_Calibration'
ece.R :
Friedmann_tasks.R :
Functions.R :
ici.R :
mse_feature_effects.R :
PipeOpCalibration.R :
PipeOpCalibrationUnion.R :
### [bt]: Memory measurement disabled
### [bt]: Starting job [batchtools job.id=4384]
### [bt]: Generating problem instance for problem 'a6b2cabd9f84c607' ...
### [bt]: Applying algorithm 'run_learner' on problem 'a6b2cabd9f84c607' for job 4384 (seed = 4507) ...
INFO  [20:18:16.039] [mlr3] Applying learner 'xgboost calibrated beta cv3' on task 'phoneme' (iter 4/10)
[1] -25.83357
[1] 27.45563
[1] -29.85636
[1] 28.29385
[1] -28.50472
[1] 29.27286

### [bt]: Job terminated successfully [batchtools job.id=4384]
### [bt]: Calculation finished!
