### [bt]: This is batchtools v0.9.17
### [bt]: Starting calculation of 1 jobs
### [bt]: Setting working directory to '/content/drive/MyDrive/GitHub/Mater_Thesis_Calibration'
ece.R :
Friedmann_tasks.R :
Functions.R :
ici.R :
mse_feature_effects.R :
PipeOpCalibration.R :
PipeOpCalibrationUnion.R :
### [bt]: Memory measurement disabled
### [bt]: Starting job [batchtools job.id=4840]
### [bt]: Generating problem instance for problem '22f4988139232849' ...
### [bt]: Applying algorithm 'run_learner' on problem '22f4988139232849' for job 4840 (seed = 4963) ...
INFO  [21:05:34.613] [mlr3] Applying learner 'glmnet calibrated beta cv3' on task 'nomao' (iter 10/10)
[1] -48.77033
[1] 40.4439
[1] -46.78371
[1] 38.00857
[1] -49.71589
[1] 36.32406

### [bt]: Job terminated successfully [batchtools job.id=4840]
### [bt]: Calculation finished!
