### [bt]: This is batchtools v0.9.17
### [bt]: Starting calculation of 1 jobs
### [bt]: Setting working directory to '/content/drive/MyDrive/GitHub/Mater_Thesis_Calibration'
ece.R :
Friedmann_tasks.R :
Functions.R :
ici.R :
mse_feature_effects.R :
PipeOpCalibration.R :
PipeOpCalibrationUnion.R :
### [bt]: Memory measurement disabled
### [bt]: Starting job [batchtools job.id=5048]
### [bt]: Generating problem instance for problem '22f4988139232849' ...
### [bt]: Applying algorithm 'run_learner' on problem '22f4988139232849' for job 5048 (seed = 5171) ...
INFO  [03:10:53.073] [mlr3] Applying learner 'ranger calibrated beta cv5' on task 'nomao' (iter 8/10)
Growing trees.. Progress: 46%. Estimated remaining time: 36 seconds.
Growing trees.. Progress: 91%. Estimated remaining time: 6 seconds.
Growing trees.. Progress: 55%. Estimated remaining time: 25 seconds.
Growing trees.. Progress: 65%. Estimated remaining time: 16 seconds.
Growing trees.. Progress: 67%. Estimated remaining time: 15 seconds.
Growing trees.. Progress: 60%. Estimated remaining time: 20 seconds.
Warning: glm.fit: fitted probabilities numerically 0 or 1 occurred
This happened PipeOp classif.ranger's $train()
[1] -37.34182
[1] 78.01879
Warning: glm.fit: fitted probabilities numerically 0 or 1 occurred
This happened PipeOp classif.ranger's $train()
[1] -57.86914
[1] 47.11658
Warning: glm.fit: fitted probabilities numerically 0 or 1 occurred
This happened PipeOp classif.ranger's $train()
[1] -36.74118
[1] 64.11331
Warning: glm.fit: fitted probabilities numerically 0 or 1 occurred
This happened PipeOp classif.ranger's $train()
[1] -16.8518
[1] 94.98376
Warning: glm.fit: fitted probabilities numerically 0 or 1 occurred
This happened PipeOp classif.ranger's $train()
[1] -58.94278
[1] 48.46252

### [bt]: Job terminated successfully [batchtools job.id=5048]
### [bt]: Calculation finished!
