### [bt]: This is batchtools v0.9.17
### [bt]: Starting calculation of 1 jobs
### [bt]: Setting working directory to '/content/drive/MyDrive/GitHub/Mater_Thesis_Calibration'
ece.R :
Friedmann_tasks.R :
Functions.R :
ici.R :
mse_feature_effects.R :
PipeOpCalibration.R :
PipeOpCalibrationUnion.R :
### [bt]: Memory measurement disabled
### [bt]: Starting job [batchtools job.id=3494]
### [bt]: Generating problem instance for problem 'b541340d6c2eb21d' ...
### [bt]: Applying algorithm 'run_learner' on problem 'b541340d6c2eb21d' for job 3494 (seed = 3617) ...
INFO  [20:15:57.354] [mlr3] Applying learner 'rpart calibrated beta cv5' on task 'kc1' (iter 4/10)
[1] -40.60441
[1] -1.92074
[1] -60.72188
[1] -1.981919
[1] 0.05995978
[1] 32.88082
[1] -51.15163
[1] -2.230127
[1] -5.358206
[1] -1.431957

### [bt]: Job terminated successfully [batchtools job.id=3494]
### [bt]: Calculation finished!
