### [bt]: This is batchtools v0.9.17
### [bt]: Starting calculation of 1 jobs
### [bt]: Setting working directory to '/content/drive/MyDrive/GitHub/Mater_Thesis_Calibration'
ece.R :
Friedmann_tasks.R :
Functions.R :
ici.R :
mse_feature_effects.R :
PipeOpCalibration.R :
PipeOpCalibrationUnion.R :
### [bt]: Memory measurement disabled
### [bt]: Starting job [batchtools job.id=5631]
### [bt]: Generating problem instance for problem 'cfb05fadfc1e266b' ...
### [bt]: Applying algorithm 'run_learner' on problem 'cfb05fadfc1e266b' for job 5631 (seed = 5754) ...
INFO  [21:14:29.858] [mlr3] Applying learner 'glmnet calibrated beta cv3' on task 'numerai28.6' (iter 1/10)
[1] 1.341585
[1] 71.98423
[1] -46.64599
[1] 45.31888
[1] -62.75115
[1] 18.37772

### [bt]: Job terminated successfully [batchtools job.id=5631]
### [bt]: Calculation finished!
