### [bt]: This is batchtools v0.9.17
### [bt]: Starting calculation of 1 jobs
### [bt]: Setting working directory to '/content/drive/MyDrive/GitHub/Mater_Thesis_Calibration'
ece.R :
Friedmann_tasks.R :
Functions.R :
ici.R :
mse_feature_effects.R :
PipeOpCalibration.R :
PipeOpCalibrationUnion.R :
### [bt]: Memory measurement disabled
### [bt]: Starting job [batchtools job.id=6242]
### [bt]: Generating problem instance for problem '7f16ca74b5d8776b' ...
### [bt]: Applying algorithm 'run_learner' on problem '7f16ca74b5d8776b' for job 6242 (seed = 6365) ...
INFO  [20:24:03.411] [mlr3] Applying learner 'ranger calibrated beta cv5' on task 'churn' (iter 2/10)
[1] -205.4994
[1] -4.048618
Warning: glm.fit: fitted probabilities numerically 0 or 1 occurred
This happened PipeOp classif.ranger's $train()
[1] -309.5799
[1] 0.2902594
[1] -223.3053
[1] -3.999979
[1] -256.7403
[1] -0.9565203
[1] -176.251
[1] -1.537286

### [bt]: Job terminated successfully [batchtools job.id=6242]
### [bt]: Calculation finished!
