### [bt]: This is batchtools v0.9.17
### [bt]: Starting calculation of 1 jobs
### [bt]: Setting working directory to '/content/drive/MyDrive/GitHub/Mater_Thesis_Calibration'
ece.R :
Friedmann_tasks.R :
Functions.R :
ici.R :
mse_feature_effects.R :
PipeOpCalibration.R :
PipeOpCalibrationUnion.R :
### [bt]: Memory measurement disabled
### [bt]: Starting job [batchtools job.id=3437]
### [bt]: Generating problem instance for problem 'b541340d6c2eb21d' ...
### [bt]: Applying algorithm 'run_learner' on problem 'b541340d6c2eb21d' for job 3437 (seed = 3560) ...
INFO  [20:15:47.743] [mlr3] Applying learner 'ranger calibrated beta cv3' on task 'kc1' (iter 7/10)
[1] -107.8509
[1] 2.096118
[1] -42.23872
[1] 13.68284
[1] -76.78614
[1] 3.878228

### [bt]: Job terminated successfully [batchtools job.id=3437]
### [bt]: Calculation finished!
