### [bt]: This is batchtools v0.9.17
### [bt]: Starting calculation of 1 jobs
### [bt]: Setting working directory to '/content/drive/MyDrive/GitHub/Mater_Thesis_Calibration'
ece.R :
Friedmann_tasks.R :
Functions.R :
ici.R :
mse_feature_effects.R :
PipeOpCalibration.R :
PipeOpCalibrationUnion.R :
### [bt]: Memory measurement disabled
### [bt]: Starting job [batchtools job.id=4237]
### [bt]: Generating problem instance for problem 'a6b2cabd9f84c607' ...
### [bt]: Applying algorithm 'run_learner' on problem 'a6b2cabd9f84c607' for job 4237 (seed = 4360) ...
INFO  [20:17:44.091] [mlr3] Applying learner 'ranger calibrated beta cv3' on task 'phoneme' (iter 7/10)
Warning: glm.fit: fitted probabilities numerically 0 or 1 occurred
This happened PipeOp classif.ranger's $train()
[1] -57.18057
[1] 37.96004
[1] -120.771
[1] 10.94057
[1] -105.7131
[1] 2.115362

### [bt]: Job terminated successfully [batchtools job.id=4237]
### [bt]: Calculation finished!
