### [bt]: This is batchtools v0.9.17
### [bt]: Starting calculation of 1 jobs
### [bt]: Setting working directory to '/content/drive/MyDrive/GitHub/Mater_Thesis_Calibration'
ece.R :
Friedmann_tasks.R :
Functions.R :
ici.R :
mse_feature_effects.R :
PipeOpCalibration.R :
PipeOpCalibrationUnion.R :
### [bt]: Memory measurement disabled
### [bt]: Starting job [batchtools job.id=3963]
### [bt]: Generating problem instance for problem '341ee781c7d79b8f' ...
### [bt]: Applying algorithm 'run_learner' on problem '341ee781c7d79b8f' for job 3963 (seed = 4086) ...
INFO  [20:17:07.035] [mlr3] Applying learner 'xgboost calibrated beta 80' on task 'wdbc' (iter 3/10)
Warning: glm.fit: fitted probabilities numerically 0 or 1 occurred
This happened PipeOp classif.xgboost's $train()
[1] -55.64302
[1] 150.5219

### [bt]: Job terminated successfully [batchtools job.id=3963]
### [bt]: Calculation finished!
