### [bt]: This is batchtools v0.9.17
### [bt]: Starting calculation of 1 jobs
### [bt]: Setting working directory to '/content/drive/MyDrive/GitHub/Mater_Thesis_Calibration'
ece.R :
Friedmann_tasks.R :
Functions.R :
ici.R :
mse_feature_effects.R :
PipeOpCalibration.R :
PipeOpCalibrationUnion.R :
### [bt]: Memory measurement disabled
### [bt]: Starting job [batchtools job.id=5884]
### [bt]: Generating problem instance for problem 'cfb05fadfc1e266b' ...
### [bt]: Applying algorithm 'run_learner' on problem 'cfb05fadfc1e266b' for job 5884 (seed = 6007) ...
INFO  [21:20:02.396] [mlr3] Applying learner 'rpart calibrated beta cv3' on task 'numerai28.6' (iter 4/10)
[1] -0.09537179
[1] 0.004406478
[1] -0.1045742
[1] 0.2585495
[1] 0.01292341
[1] 0.070777

### [bt]: Job terminated successfully [batchtools job.id=5884]
### [bt]: Calculation finished!
