### [bt]: This is batchtools v0.9.17
### [bt]: Starting calculation of 1 jobs
### [bt]: Setting working directory to '/content/drive/MyDrive/GitHub/Mater_Thesis_Calibration'
ece.R :
Friedmann_tasks.R :
Functions.R :
ici.R :
mse_feature_effects.R :
PipeOpCalibration.R :
PipeOpCalibrationUnion.R :
### [bt]: Memory measurement disabled
### [bt]: Starting job [batchtools job.id=4967]
### [bt]: Generating problem instance for problem '22f4988139232849' ...
### [bt]: Applying algorithm 'run_learner' on problem '22f4988139232849' for job 4967 (seed = 5090) ...
INFO  [21:12:43.465] [mlr3] Applying learner 'nnet calibrated beta 80' on task 'nomao' (iter 7/10)
# weights:  442
initial  value 16306.280931 
iter  10 value 6719.017603
iter  20 value 5046.082688
iter  30 value 4265.117401
iter  40 value 3890.944698
iter  50 value 3650.398774
iter  60 value 3437.414639
iter  70 value 3238.050867
iter  80 value 3007.687602
iter  90 value 2914.918142
iter 100 value 2846.881087
final  value 2846.881087 
stopped after 100 iterations
[1] -35.24177
[1] 35.00499

### [bt]: Job terminated successfully [batchtools job.id=4967]
### [bt]: Calculation finished!
