### [bt]: This is batchtools v0.9.17
### [bt]: Starting calculation of 1 jobs
### [bt]: Setting working directory to '/content/drive/MyDrive/GitHub/Mater_Thesis_Calibration'
ece.R :
Friedmann_tasks.R :
Functions.R :
ici.R :
mse_feature_effects.R :
PipeOpCalibration.R :
PipeOpCalibrationUnion.R :
### [bt]: Memory measurement disabled
### [bt]: Starting job [batchtools job.id=6383]
### [bt]: Generating problem instance for problem '7f16ca74b5d8776b' ...
### [bt]: Applying algorithm 'run_learner' on problem '7f16ca74b5d8776b' for job 6383 (seed = 6506) ...
INFO  [20:25:06.546] [mlr3] Applying learner 'xgboost calibrated beta cv3' on task 'churn' (iter 3/10)
[1] -121.089
[1] 11.34714
[1] -90.01158
[1] 15.11047
[1] -104.2347
[1] 13.22383

### [bt]: Job terminated successfully [batchtools job.id=6383]
### [bt]: Calculation finished!
