### [bt]: This is batchtools v0.9.17
### [bt]: Starting calculation of 1 jobs
### [bt]: Setting working directory to '/content/drive/MyDrive/GitHub/Mater_Thesis_Calibration'
ece.R :
Friedmann_tasks.R :
Functions.R :
ici.R :
mse_feature_effects.R :
PipeOpCalibration.R :
PipeOpCalibrationUnion.R :
### [bt]: Memory measurement disabled
### [bt]: Starting job [batchtools job.id=3240]
### [bt]: Generating problem instance for problem 'b541340d6c2eb21d' ...
### [bt]: Applying algorithm 'run_learner' on problem 'b541340d6c2eb21d' for job 3240 (seed = 3363) ...
INFO  [20:15:12.789] [mlr3] Applying learner 'glmnet calibrated beta cv3' on task 'kc1' (iter 10/10)
[1] -27.58534
[1] 42.47867
[1] -0.4511057
[1] 51.67375
[1] -49.26814
[1] 28.79568

### [bt]: Job terminated successfully [batchtools job.id=3240]
### [bt]: Calculation finished!
