### [bt]: This is batchtools v0.9.17
### [bt]: Starting calculation of 1 jobs
### [bt]: Setting working directory to '/content/drive/MyDrive/GitHub/Mater_Thesis_Calibration'
ece.R :
Friedmann_tasks.R :
Functions.R :
ici.R :
mse_feature_effects.R :
PipeOpCalibration.R :
PipeOpCalibrationUnion.R :
### [bt]: Memory measurement disabled
### [bt]: Starting job [batchtools job.id=3134]
### [bt]: Generating problem instance for problem '358d8f8187803581' ...
### [bt]: Applying algorithm 'run_learner' on problem '358d8f8187803581' for job 3134 (seed = 3257) ...
INFO  [07:41:44.609] [mlr3] Applying learner 'svm calibrated beta cv3' on task 'electricity' (iter 4/10)
[1] -49.21911
[1] 24.07946
[1] -53.0925
[1] 21.76409
[1] -48.56714
[1] 24.54473

### [bt]: Job terminated successfully [batchtools job.id=3134]
### [bt]: Calculation finished!
