### [bt]: This is batchtools v0.9.17
### [bt]: Starting calculation of 1 jobs
### [bt]: Setting working directory to '/content/drive/MyDrive/GitHub/Mater_Thesis_Calibration'
ece.R :
Friedmann_tasks.R :
Functions.R :
ici.R :
mse_feature_effects.R :
PipeOpCalibration.R :
PipeOpCalibrationUnion.R :
### [bt]: Memory measurement disabled
### [bt]: Starting job [batchtools job.id=4694]
### [bt]: Generating problem instance for problem 'c27a1cbf9c91424a' ...
### [bt]: Applying algorithm 'run_learner' on problem 'c27a1cbf9c91424a' for job 4694 (seed = 4817) ...
INFO  [20:18:54.582] [mlr3] Applying learner 'rpart calibrated beta cv5' on task 'ilpd' (iter 4/10)
[1] 0.3324167
[1] 34.48403
[1] -0.4552713
[1] 16.63347
[1] 0.7197477
[1] 45.00411
[1] 1.003357
[1] 39.18186
[1] -0.5957074
[1] 8.667071

### [bt]: Job terminated successfully [batchtools job.id=4694]
### [bt]: Calculation finished!
