### [bt]: This is batchtools v0.9.17
### [bt]: Starting calculation of 1 jobs
### [bt]: Setting working directory to '/content/drive/MyDrive/GitHub/Mater_Thesis_Calibration'
ece.R :
Friedmann_tasks.R :
Functions.R :
ici.R :
mse_feature_effects.R :
PipeOpCalibration.R :
PipeOpCalibrationUnion.R :
### [bt]: Memory measurement disabled
### [bt]: Starting job [batchtools job.id=1051]
### [bt]: Generating problem instance for problem 'a6b2cabd9f84c607' ...
### [bt]: Applying algorithm 'run_learner' on problem 'a6b2cabd9f84c607' for job 1051 (seed = 1174) ...
INFO  [20:00:56.737] [mlr3] Applying learner 'nnet calibrated beta union' on task 'phoneme' (iter 1/10)
# weights:  22
initial  value 3705.430337 
iter  10 value 1789.540725
iter  20 value 1607.154279
iter  30 value 1517.442879
iter  40 value 1494.993814
iter  50 value 1488.863253
iter  60 value 1487.461974
iter  70 value 1484.029806
iter  80 value 1480.424688
iter  90 value 1477.034212
iter 100 value 1476.796936
final  value 1476.796936 
stopped after 100 iterations
# weights:  22
initial  value 2535.005065 
iter  10 value 1667.417525
iter  20 value 1614.668700
iter  30 value 1591.404996
iter  40 value 1583.752594
iter  50 value 1581.955182
iter  60 value 1578.085223
iter  70 value 1576.979850
iter  80 value 1574.974177
iter  90 value 1574.072346
iter 100 value 1570.410969
final  value 1570.410969 
stopped after 100 iterations
# weights:  22
initial  value 3160.752495 
iter  10 value 1747.744679
iter  20 value 1675.328037
iter  30 value 1525.111393
iter  40 value 1488.866456
iter  50 value 1481.304625
iter  60 value 1472.695800
iter  70 value 1465.319112
iter  80 value 1461.135188
iter  90 value 1456.196901
iter 100 value 1454.737761
final  value 1454.737761 
stopped after 100 iterations
# weights:  22
initial  value 2586.599023 
iter  10 value 1747.776129
iter  20 value 1605.276005
iter  30 value 1564.755708
iter  40 value 1553.708897
iter  50 value 1543.786130
iter  60 value 1536.210722
iter  70 value 1522.769576
iter  80 value 1518.525944
iter  90 value 1518.371389
iter 100 value 1518.332211
final  value 1518.332211 
stopped after 100 iterations
# weights:  22
initial  value 2306.630404 
iter  10 value 1772.802422
iter  20 value 1609.228346
iter  30 value 1551.971086
iter  40 value 1518.908837
iter  50 value 1478.180894
iter  60 value 1453.557390
iter  70 value 1448.215413
iter  80 value 1447.870398
iter  90 value 1447.865502
final  value 1447.865007 
converged
[1] -30.02312
[1] 39.76204

### [bt]: Job terminated successfully [batchtools job.id=1051]
### [bt]: Calculation finished!
