### [bt]: This is batchtools v0.9.17
### [bt]: Starting calculation of 1 jobs
### [bt]: Setting working directory to '/content/drive/MyDrive/GitHub/Mater_Thesis_Calibration'
ece.R :
Friedmann_tasks.R :
Functions.R :
ici.R :
mse_feature_effects.R :
PipeOpCalibration.R :
PipeOpCalibrationUnion.R :
### [bt]: Memory measurement disabled
### [bt]: Starting job [batchtools job.id=2650]
### [bt]: Generating problem instance for problem '563768ad2e048da7' ...
### [bt]: Applying algorithm 'run_learner' on problem '563768ad2e048da7' for job 2650 (seed = 2773) ...
INFO  [20:14:24.603] [mlr3] Applying learner 'ranger calibrated beta cv5' on task 'credit-g' (iter 10/10)
[1] -3.192954
[1] 58.64538
[1] -131.8412
[1] -2.128963
[1] -66.96113
[1] 46.32621
[1] -135.2148
[1] 9.128421
[1] -16.90668
[1] 68.48223

### [bt]: Job terminated successfully [batchtools job.id=2650]
### [bt]: Calculation finished!
