### [bt]: This is batchtools v0.9.17
### [bt]: Starting calculation of 1 jobs
### [bt]: Setting working directory to '/content/drive/MyDrive/GitHub/Mater_Thesis_Calibration'
ece.R :
Friedmann_tasks.R :
Functions.R :
ici.R :
mse_feature_effects.R :
PipeOpCalibration.R :
PipeOpCalibrationUnion.R :
### [bt]: Memory measurement disabled
### [bt]: Starting job [batchtools job.id=2831]
### [bt]: Generating problem instance for problem '358d8f8187803581' ...
### [bt]: Applying algorithm 'run_learner' on problem '358d8f8187803581' for job 2831 (seed = 2954) ...
INFO  [21:00:55.879] [mlr3] Applying learner 'glmnet calibrated beta cv3' on task 'electricity' (iter 1/10)
Warning: glm.fit: fitted probabilities numerically 0 or 1 occurred
This happened PipeOp classif.glmnet's $train()
[1] -49.6515
[1] 29.47991
[1] -51.64159
[1] 27.55279
[1] -61.24961
[1] 20.16346

### [bt]: Job terminated successfully [batchtools job.id=2831]
### [bt]: Calculation finished!
