### [bt]: This is batchtools v0.9.17
### [bt]: Starting calculation of 1 jobs
### [bt]: Setting working directory to '/content/drive/MyDrive/GitHub/Mater_Thesis_Calibration'
ece.R :
Friedmann_tasks.R :
Functions.R :
ici.R :
mse_feature_effects.R :
PipeOpCalibration.R :
PipeOpCalibrationUnion.R :
### [bt]: Memory measurement disabled
### [bt]: Starting job [batchtools job.id=3094]
### [bt]: Generating problem instance for problem '358d8f8187803581' ...
### [bt]: Applying algorithm 'run_learner' on problem '358d8f8187803581' for job 3094 (seed = 3217) ...
INFO  [21:04:05.567] [mlr3] Applying learner 'rpart calibrated beta cv5' on task 'electricity' (iter 4/10)
Warning: glm.fit: fitted probabilities numerically 0 or 1 occurred
This happened PipeOp classif.rpart's $train()
[1] -11.68892
[1] 44.76804
Warning: glm.fit: fitted probabilities numerically 0 or 1 occurred
This happened PipeOp classif.rpart's $train()
[1] -48.3871
[1] 0.8643036
Warning: glm.fit: algorithm did not converge
This happened PipeOp classif.rpart's $train()
[1] -20.18538
[1] 30.66946
Warning: glm.fit: fitted probabilities numerically 0 or 1 occurred
This happened PipeOp classif.rpart's $train()
[1] -30.76398
[1] 19.62969
[1] -27.72274
[1] 17.86286

### [bt]: Job terminated successfully [batchtools job.id=3094]
### [bt]: Calculation finished!
