### [bt]: This is batchtools v0.9.17
### [bt]: Starting calculation of 1 jobs
### [bt]: Setting working directory to '/content/drive/MyDrive/GitHub/Mater_Thesis_Calibration'
ece.R :
Friedmann_tasks.R :
Functions.R :
ici.R :
mse_feature_effects.R :
PipeOpCalibration.R :
PipeOpCalibrationUnion.R :
### [bt]: Memory measurement disabled
### [bt]: Starting job [batchtools job.id=3900]
### [bt]: Generating problem instance for problem '341ee781c7d79b8f' ...
### [bt]: Applying algorithm 'run_learner' on problem '341ee781c7d79b8f' for job 3900 (seed = 4023) ...
INFO  [20:17:00.729] [mlr3] Applying learner 'rpart calibrated beta cv5' on task 'wdbc' (iter 10/10)
[1] -53.44376
[1] 4.415465
Warning: glm.fit: fitted probabilities numerically 0 or 1 occurred
This happened PipeOp classif.rpart's $train()
[1] -181.9876
[1] 50.9655
[1] -11.47647
[1] 50.79096
[1] 1.5782
[1] 58.69608
[1] -50.49773
[1] -2.094181

### [bt]: Job terminated successfully [batchtools job.id=3900]
### [bt]: Calculation finished!
