### [bt]: This is batchtools v0.9.17
### [bt]: Starting calculation of 1 jobs
### [bt]: Setting working directory to '/content/drive/MyDrive/GitHub/Mater_Thesis_Calibration'
ece.R :
Friedmann_tasks.R :
Functions.R :
ici.R :
mse_feature_effects.R :
PipeOpCalibration.R :
PipeOpCalibrationUnion.R :
### [bt]: Memory measurement disabled
### [bt]: Starting job [batchtools job.id=5819]
### [bt]: Generating problem instance for problem 'cfb05fadfc1e266b' ...
### [bt]: Applying algorithm 'run_learner' on problem 'cfb05fadfc1e266b' for job 5819 (seed = 5942) ...
INFO  [16:15:16.648] [mlr3] Applying learner 'ranger calibrated beta 80' on task 'numerai28.6' (iter 9/10)
Growing trees.. Progress: 12%. Estimated remaining time: 3 minutes, 51 seconds.
Growing trees.. Progress: 23%. Estimated remaining time: 3 minutes, 21 seconds.
Growing trees.. Progress: 35%. Estimated remaining time: 2 minutes, 51 seconds.
Growing trees.. Progress: 47%. Estimated remaining time: 2 minutes, 21 seconds.
Growing trees.. Progress: 58%. Estimated remaining time: 1 minute, 51 seconds.
Growing trees.. Progress: 70%. Estimated remaining time: 1 minute, 18 seconds.
Growing trees.. Progress: 82%. Estimated remaining time: 48 seconds.
Growing trees.. Progress: 93%. Estimated remaining time: 18 seconds.
[1] -22.84467
[1] 0.164886

### [bt]: Job terminated successfully [batchtools job.id=5819]
### [bt]: Calculation finished!
