### [bt]: This is batchtools v0.9.17
### [bt]: Starting calculation of 1 jobs
### [bt]: Setting working directory to '/content/drive/MyDrive/GitHub/Mater_Thesis_Calibration'
ece.R :
Friedmann_tasks.R :
Functions.R :
ici.R :
mse_feature_effects.R :
PipeOpCalibration.R :
PipeOpCalibrationUnion.R :
### [bt]: Memory measurement disabled
### [bt]: Starting job [batchtools job.id=5134]
### [bt]: Generating problem instance for problem '22f4988139232849' ...
### [bt]: Applying algorithm 'run_learner' on problem '22f4988139232849' for job 5134 (seed = 5257) ...
INFO  [08:52:24.582] [mlr3] Applying learner 'svm calibrated beta cv3' on task 'nomao' (iter 4/10)
[1] -35.9959
[1] 36.18711
[1] -31.70991
[1] 39.37488
[1] -37.68943
[1] 38.18984

### [bt]: Job terminated successfully [batchtools job.id=5134]
### [bt]: Calculation finished!
