### [bt]: This is batchtools v0.9.17
### [bt]: Starting calculation of 1 jobs
### [bt]: Setting working directory to '/content/drive/MyDrive/GitHub/Mater_Thesis_Calibration'
ece.R :
Friedmann_tasks.R :
Functions.R :
ici.R :
mse_feature_effects.R :
PipeOpCalibration.R :
PipeOpCalibrationUnion.R :
### [bt]: Memory measurement disabled
### [bt]: Starting job [batchtools job.id=2587]
### [bt]: Generating problem instance for problem '563768ad2e048da7' ...
### [bt]: Applying algorithm 'run_learner' on problem '563768ad2e048da7' for job 2587 (seed = 2710) ...
INFO  [20:14:18.833] [mlr3] Applying learner 'nnet calibrated beta cv3' on task 'credit-g' (iter 7/10)
# weights:  157
initial  value 358.258082 
iter  10 value 348.949150
iter  20 value 348.935124
final  value 348.935043 
converged
# weights:  157
initial  value 536.712315 
final  value 374.598784 
converged
# weights:  157
initial  value 522.743370 
final  value 369.844545 
converged
[1] -0.2768058
[1] 9.406236
Warning: glm.fit: algorithm did not converge
This happened PipeOp classif.nnet's $train()
Warning: glm.fit: algorithm did not converge
This happened PipeOp classif.nnet's $train()
[1] -1311825
[1] -43340820

### [bt]: Job terminated successfully [batchtools job.id=2587]
### [bt]: Calculation finished!
