### [bt]: This is batchtools v0.9.17
### [bt]: Starting calculation of 1 jobs
### [bt]: Setting working directory to '/content/drive/MyDrive/GitHub/Mater_Thesis_Calibration'
ece.R :
Friedmann_tasks.R :
Functions.R :
ici.R :
mse_feature_effects.R :
PipeOpCalibration.R :
PipeOpCalibrationUnion.R :
### [bt]: Memory measurement disabled
### [bt]: Starting job [batchtools job.id=6235]
### [bt]: Generating problem instance for problem '7f16ca74b5d8776b' ...
### [bt]: Applying algorithm 'run_learner' on problem '7f16ca74b5d8776b' for job 6235 (seed = 6358) ...
INFO  [20:23:59.951] [mlr3] Applying learner 'ranger calibrated beta cv3' on task 'churn' (iter 5/10)
[1] -221.3621
[1] -3.978103
[1] -266.2428
[1] -3.807801
[1] -264.4569
[1] -4.356646

### [bt]: Job terminated successfully [batchtools job.id=6235]
### [bt]: Calculation finished!
