### [bt]: This is batchtools v0.9.17
### [bt]: Starting calculation of 1 jobs
### [bt]: Setting working directory to '/content/drive/MyDrive/GitHub/Mater_Thesis_Calibration'
ece.R :
Friedmann_tasks.R :
Functions.R :
ici.R :
mse_feature_effects.R :
PipeOpCalibration.R :
PipeOpCalibrationUnion.R :
### [bt]: Memory measurement disabled
### [bt]: Starting job [batchtools job.id=4573]
### [bt]: Generating problem instance for problem 'c27a1cbf9c91424a' ...
### [bt]: Applying algorithm 'run_learner' on problem 'c27a1cbf9c91424a' for job 4573 (seed = 4696) ...
INFO  [20:18:44.730] [mlr3] Applying learner 'nnet calibrated beta 90' on task 'ilpd' (iter 3/10)
# weights:  37
initial  value 284.481938 
iter  10 value 270.111713
iter  20 value 269.966214
final  value 269.965646 
converged

### [bt]: Job terminated successfully [batchtools job.id=4573]
### [bt]: Calculation finished!
