### [bt]: This is batchtools v0.9.17
### [bt]: Starting calculation of 1 jobs
### [bt]: Setting working directory to '/content/drive/MyDrive/GitHub/Mater_Thesis_Calibration'
ece.R :
Friedmann_tasks.R :
Functions.R :
ici.R :
mse_feature_effects.R :
PipeOpCalibration.R :
PipeOpCalibrationUnion.R :
### [bt]: Memory measurement disabled
### [bt]: Starting job [batchtools job.id=834]
### [bt]: Generating problem instance for problem '341ee781c7d79b8f' ...
### [bt]: Applying algorithm 'run_learner' on problem '341ee781c7d79b8f' for job 834 (seed = 957) ...
INFO  [19:59:49.237] [mlr3] Applying learner 'nnet calibrated platt union' on task 'wdbc' (iter 4/10)
# weights:  97
initial  value 374.896198 
final  value 272.362777 
converged
# weights:  97
initial  value 452.968990 
final  value 269.336671 
converged
# weights:  97
initial  value 305.779453 
final  value 268.130759 
converged
# weights:  97
initial  value 254.478120 
iter  10 value 113.985136
iter  20 value 111.142870
iter  30 value 111.132559
iter  40 value 111.127956
iter  50 value 111.127445
iter  60 value 111.127130
iter  70 value 111.126977
iter  80 value 111.126943
iter  90 value 111.126635
final  value 111.126579 
converged
# weights:  97
initial  value 276.210933 
final  value 272.363995 
converged

### [bt]: Job terminated successfully [batchtools job.id=834]
### [bt]: Calculation finished!
