### [bt]: This is batchtools v0.9.17
### [bt]: Starting calculation of 1 jobs
### [bt]: Setting working directory to '/content/drive/MyDrive/GitHub/Mater_Thesis_Calibration'
ece.R :
Friedmann_tasks.R :
Functions.R :
ici.R :
mse_feature_effects.R :
PipeOpCalibration.R :
PipeOpCalibrationUnion.R :
### [bt]: Memory measurement disabled
### [bt]: Starting job [batchtools job.id=4877]
### [bt]: Generating problem instance for problem '22f4988139232849' ...
### [bt]: Applying algorithm 'run_learner' on problem '22f4988139232849' for job 4877 (seed = 5000) ...
INFO  [21:07:37.874] [mlr3] Applying learner 'kknn calibrated beta 90' on task 'nomao' (iter 7/10)
Warning: glm.fit: fitted probabilities numerically 0 or 1 occurred
This happened PipeOp classif.kknn's $train()
[1] -8.584196
[1] 41.00193

### [bt]: Job terminated successfully [batchtools job.id=4877]
### [bt]: Calculation finished!
