### [bt]: This is batchtools v0.9.17
### [bt]: Starting calculation of 1 jobs
### [bt]: Setting working directory to '/content/drive/MyDrive/GitHub/Mater_Thesis_Calibration'
ece.R :
Friedmann_tasks.R :
Functions.R :
ici.R :
mse_feature_effects.R :
PipeOpCalibration.R :
PipeOpCalibrationUnion.R :
### [bt]: Memory measurement disabled
### [bt]: Starting job [batchtools job.id=1544]
### [bt]: Generating problem instance for problem '22f4988139232849' ...
### [bt]: Applying algorithm 'run_learner' on problem '22f4988139232849' for job 1544 (seed = 1667) ...
INFO  [20:50:37.954] [mlr3] Applying learner 'nnet calibrated isotonic union' on task 'nomao' (iter 4/10)
# weights:  442
initial  value 23155.540475 
iter  10 value 10059.152228
iter  20 value 7970.088270
iter  30 value 4694.476750
iter  40 value 3882.162816
iter  50 value 3218.181421
iter  60 value 2983.224367
iter  70 value 2866.113157
iter  80 value 2797.536474
iter  90 value 2750.207092
iter 100 value 2716.043497
final  value 2716.043497 
stopped after 100 iterations
# weights:  442
initial  value 22435.543509 
iter  10 value 5574.420725
iter  20 value 4615.783465
iter  30 value 3807.921215
iter  40 value 3305.029332
iter  50 value 2969.589337
iter  60 value 2851.593395
iter  70 value 2785.489507
iter  80 value 2755.229958
iter  90 value 2739.784612
iter 100 value 2729.408159
final  value 2729.408159 
stopped after 100 iterations
# weights:  442
initial  value 16365.715797 
iter  10 value 10821.586715
iter  20 value 5466.535779
iter  30 value 4268.344738
iter  40 value 3573.382267
iter  50 value 3295.433911
iter  60 value 3058.242604
iter  70 value 2922.623876
iter  80 value 2855.332945
iter  90 value 2790.320919
iter 100 value 2749.390314
final  value 2749.390314 
stopped after 100 iterations
# weights:  442
initial  value 15730.269581 
iter  10 value 9314.249157
iter  20 value 5126.075935
iter  30 value 3982.642815
iter  40 value 3619.709396
iter  50 value 3358.253089
iter  60 value 3177.313690
iter  70 value 3040.487455
iter  80 value 2968.101027
iter  90 value 2929.385596
iter 100 value 2898.001799
final  value 2898.001799 
stopped after 100 iterations
# weights:  442
initial  value 17523.107852 
iter  10 value 5630.491022
iter  20 value 4637.277504
iter  30 value 3863.802599
iter  40 value 3459.691785
iter  50 value 3237.988730
iter  60 value 3097.741416
iter  70 value 2934.667032
iter  80 value 2862.330173
iter  90 value 2784.576045
iter 100 value 2730.855010
final  value 2730.855010 
stopped after 100 iterations

### [bt]: Job terminated successfully [batchtools job.id=1544]
### [bt]: Calculation finished!
