### [bt]: This is batchtools v0.9.17
### [bt]: Starting calculation of 1 jobs
### [bt]: Setting working directory to '/content/drive/MyDrive/GitHub/Mater_Thesis_Calibration'
ece.R :
Friedmann_tasks.R :
Functions.R :
ici.R :
mse_feature_effects.R :
PipeOpCalibration.R :
PipeOpCalibrationUnion.R :
### [bt]: Memory measurement disabled
### [bt]: Starting job [batchtools job.id=2970]
### [bt]: Generating problem instance for problem '358d8f8187803581' ...
### [bt]: Applying algorithm 'run_learner' on problem '358d8f8187803581' for job 2970 (seed = 3093) ...
INFO  [21:03:41.118] [mlr3] Applying learner 'nnet calibrated beta 80' on task 'electricity' (iter 10/10)
# weights:  46
initial  value 23693.565502 
iter  10 value 20242.550517
iter  20 value 18047.400331
iter  30 value 16445.600505
iter  40 value 15998.846047
iter  50 value 15820.140002
iter  60 value 15741.264013
iter  70 value 15632.208167
iter  80 value 15576.003111
iter  90 value 15554.767153
iter 100 value 15548.543098
final  value 15548.543098 
stopped after 100 iterations
[1] -39.10392
[1] 38.63786

### [bt]: Job terminated successfully [batchtools job.id=2970]
### [bt]: Calculation finished!
