### [bt]: This is batchtools v0.9.17
### [bt]: Starting calculation of 1 jobs
### [bt]: Setting working directory to '/content/drive/MyDrive/GitHub/Mater_Thesis_Calibration'
ece.R :
Friedmann_tasks.R :
Functions.R :
ici.R :
mse_feature_effects.R :
PipeOpCalibration.R :
PipeOpCalibrationUnion.R :
### [bt]: Memory measurement disabled
### [bt]: Starting job [batchtools job.id=1771]
### [bt]: Generating problem instance for problem '0ecb79b078d7aa0a' ...
### [bt]: Applying algorithm 'run_learner' on problem '0ecb79b078d7aa0a' for job 1771 (seed = 1894) ...
INFO  [20:03:34.648] [mlr3] Applying learner 'nnet calibrated beta union' on task 'PhishingWebsites' (iter 1/10)
# weights:  121
initial  value 5544.395646 
iter  10 value 1380.389717
iter  20 value 1216.263647
iter  30 value 1146.170996
iter  40 value 1091.888964
iter  50 value 1046.249369
iter  60 value 972.398056
iter  70 value 906.314955
iter  80 value 882.522119
iter  90 value 863.748173
iter 100 value 854.182719
final  value 854.182719 
stopped after 100 iterations
# weights:  121
initial  value 6013.974329 
iter  10 value 2123.481063
iter  20 value 1464.862316
iter  30 value 1302.267471
iter  40 value 1225.110739
iter  50 value 1142.379010
iter  60 value 1123.917701
iter  70 value 1116.865214
iter  80 value 1098.376991
iter  90 value 1078.524434
iter 100 value 1068.690845
final  value 1068.690845 
stopped after 100 iterations
# weights:  121
initial  value 5569.111883 
iter  10 value 1542.955423
iter  20 value 1310.412545
iter  30 value 1169.967069
iter  40 value 1107.165338
iter  50 value 1037.718298
iter  60 value 871.038246
iter  70 value 832.623052
iter  80 value 817.261606
iter  90 value 800.021677
iter 100 value 791.917615
final  value 791.917615 
stopped after 100 iterations
# weights:  121
initial  value 5580.763750 
iter  10 value 1396.711495
iter  20 value 1216.950358
iter  30 value 1109.882195
iter  40 value 998.078669
iter  50 value 913.340482
iter  60 value 859.689582
iter  70 value 830.165567
iter  80 value 817.503907
iter  90 value 808.831746
iter 100 value 802.227537
final  value 802.227537 
stopped after 100 iterations
# weights:  121
initial  value 5486.543875 
iter  10 value 1321.445733
iter  20 value 1038.619507
iter  30 value 968.813257
iter  40 value 939.766706
iter  50 value 929.406571
iter  60 value 922.898229
iter  70 value 918.335249
iter  80 value 915.542862
iter  90 value 912.697961
iter 100 value 908.920645
final  value 908.920645 
stopped after 100 iterations
[1] -29.54403
[1] 26.92513

### [bt]: Job terminated successfully [batchtools job.id=1771]
### [bt]: Calculation finished!
