### [bt]: This is batchtools v0.9.17
### [bt]: Starting calculation of 1 jobs
### [bt]: Setting working directory to '/content/drive/MyDrive/GitHub/Mater_Thesis_Calibration'
ece.R :
Friedmann_tasks.R :
Functions.R :
ici.R :
mse_feature_effects.R :
PipeOpCalibration.R :
PipeOpCalibrationUnion.R :
### [bt]: Memory measurement disabled
### [bt]: Starting job [batchtools job.id=100]
### [bt]: Generating problem instance for problem '563768ad2e048da7' ...
### [bt]: Applying algorithm 'run_learner' on problem '563768ad2e048da7' for job 100 (seed = 223) ...
INFO  [19:57:51.117] [mlr3] Applying learner 'nnet calibrated beta union' on task 'credit-g' (iter 10/10)
# weights:  157
initial  value 441.914636 
final  value 441.503689 
converged
# weights:  157
initial  value 472.278513 
final  value 439.822297 
converged
# weights:  157
initial  value 641.220796 
final  value 439.822297 
converged
# weights:  157
initial  value 495.461780 
final  value 428.241893 
converged
# weights:  157
initial  value 488.193541 
final  value 448.746196 
converged
[1] -7.612057
[1] -214.2629

### [bt]: Job terminated successfully [batchtools job.id=100]
### [bt]: Calculation finished!
