### [bt]: This is batchtools v0.9.17
### [bt]: Starting calculation of 1 jobs
### [bt]: Setting working directory to '/content/drive/MyDrive/GitHub/Mater_Thesis_Calibration'
ece.R :
Friedmann_tasks.R :
Functions.R :
ici.R :
mse_feature_effects.R :
PipeOpCalibration.R :
PipeOpCalibrationUnion.R :
### [bt]: Memory measurement disabled
### [bt]: Starting job [batchtools job.id=1060]
### [bt]: Generating problem instance for problem 'a6b2cabd9f84c607' ...
### [bt]: Applying algorithm 'run_learner' on problem 'a6b2cabd9f84c607' for job 1060 (seed = 1183) ...
INFO  [20:00:57.546] [mlr3] Applying learner 'nnet calibrated beta union' on task 'phoneme' (iter 10/10)
# weights:  22
initial  value 2341.965946 
iter  10 value 1730.281916
iter  20 value 1631.822257
iter  30 value 1526.091694
iter  40 value 1490.290364
iter  50 value 1467.084981
iter  60 value 1446.780674
iter  70 value 1438.550260
iter  80 value 1435.369518
iter  90 value 1434.747412
iter 100 value 1434.714133
final  value 1434.714133 
stopped after 100 iterations
# weights:  22
initial  value 2454.835490 
iter  10 value 1925.020625
iter  20 value 1610.185287
iter  30 value 1561.171662
iter  40 value 1553.917523
iter  50 value 1552.173577
iter  60 value 1551.095349
iter  70 value 1529.145408
iter  80 value 1522.502991
iter  90 value 1516.435116
iter 100 value 1515.929892
final  value 1515.929892 
stopped after 100 iterations
# weights:  22
initial  value 2965.066928 
iter  10 value 1825.415810
iter  20 value 1719.111368
iter  30 value 1629.106418
iter  40 value 1599.649281
iter  50 value 1560.737850
iter  60 value 1552.107251
iter  70 value 1544.315412
iter  80 value 1537.839837
iter  90 value 1536.398397
iter 100 value 1536.322824
final  value 1536.322824 
stopped after 100 iterations
# weights:  22
initial  value 2733.958371 
iter  10 value 1742.396172
iter  20 value 1598.233397
iter  30 value 1575.893227
iter  40 value 1554.235203
iter  50 value 1526.876565
iter  60 value 1501.288232
iter  70 value 1499.612451
iter  80 value 1491.682297
iter  90 value 1480.838022
iter 100 value 1476.623951
final  value 1476.623951 
stopped after 100 iterations
# weights:  22
initial  value 3215.843409 
iter  10 value 1772.174160
iter  20 value 1634.238872
iter  30 value 1602.864971
iter  40 value 1590.133708
iter  50 value 1589.506017
iter  60 value 1587.705366
iter  70 value 1584.569198
iter  80 value 1583.292150
iter  90 value 1581.970348
iter 100 value 1576.454431
final  value 1576.454431 
stopped after 100 iterations
[1] -25.83222
[1] 40.91884

### [bt]: Job terminated successfully [batchtools job.id=1060]
### [bt]: Calculation finished!
