### [bt]: This is batchtools v0.9.17
### [bt]: Starting calculation of 1 jobs
### [bt]: Setting working directory to '/content/drive/MyDrive/GitHub/Mater_Thesis_Calibration'
ece.R :
Friedmann_tasks.R :
Functions.R :
ici.R :
mse_feature_effects.R :
PipeOpCalibration.R :
PipeOpCalibrationUnion.R :
### [bt]: Memory measurement disabled
### [bt]: Starting job [batchtools job.id=2061]
### [bt]: Generating problem instance for problem 'cfb05fadfc1e266b' ...
### [bt]: Applying algorithm 'run_learner' on problem 'cfb05fadfc1e266b' for job 2061 (seed = 2184) ...
INFO  [19:10:13.564] [mlr3] Applying learner 'ranger calibrated platt union' on task 'numerai28.6' (iter 1/10)
Growing trees.. Progress: 13%. Estimated remaining time: 3 minutes, 27 seconds.
Growing trees.. Progress: 25%. Estimated remaining time: 3 minutes, 5 seconds.
Growing trees.. Progress: 37%. Estimated remaining time: 2 minutes, 41 seconds.
Growing trees.. Progress: 49%. Estimated remaining time: 2 minutes, 11 seconds.
Growing trees.. Progress: 60%. Estimated remaining time: 1 minute, 44 seconds.
Growing trees.. Progress: 72%. Estimated remaining time: 1 minute, 11 seconds.
Growing trees.. Progress: 85%. Estimated remaining time: 38 seconds.
Growing trees.. Progress: 96%. Estimated remaining time: 9 seconds.
Growing trees.. Progress: 12%. Estimated remaining time: 3 minutes, 56 seconds.
Growing trees.. Progress: 23%. Estimated remaining time: 3 minutes, 22 seconds.
Growing trees.. Progress: 35%. Estimated remaining time: 2 minutes, 52 seconds.
Growing trees.. Progress: 47%. Estimated remaining time: 2 minutes, 22 seconds.
Growing trees.. Progress: 59%. Estimated remaining time: 1 minute, 47 seconds.
Growing trees.. Progress: 71%. Estimated remaining time: 1 minute, 17 seconds.
Growing trees.. Progress: 82%. Estimated remaining time: 47 seconds.
Growing trees.. Progress: 94%. Estimated remaining time: 16 seconds.
Growing trees.. Progress: 12%. Estimated remaining time: 3 minutes, 42 seconds.
Growing trees.. Progress: 24%. Estimated remaining time: 3 minutes, 18 seconds.
Growing trees.. Progress: 35%. Estimated remaining time: 2 minutes, 49 seconds.
Growing trees.. Progress: 47%. Estimated remaining time: 2 minutes, 19 seconds.
Growing trees.. Progress: 59%. Estimated remaining time: 1 minute, 48 seconds.
Growing trees.. Progress: 71%. Estimated remaining time: 1 minute, 17 seconds.
Growing trees.. Progress: 82%. Estimated remaining time: 47 seconds.
Growing trees.. Progress: 93%. Estimated remaining time: 17 seconds.
Growing trees.. Progress: 12%. Estimated remaining time: 3 minutes, 38 seconds.
Growing trees.. Progress: 25%. Estimated remaining time: 3 minutes, 10 seconds.
Growing trees.. Progress: 37%. Estimated remaining time: 2 minutes, 39 seconds.
Growing trees.. Progress: 50%. Estimated remaining time: 2 minutes, 5 seconds.
Growing trees.. Progress: 62%. Estimated remaining time: 1 minute, 34 seconds.
Growing trees.. Progress: 75%. Estimated remaining time: 1 minute, 3 seconds.
Growing trees.. Progress: 88%. Estimated remaining time: 30 seconds.
Growing trees.. Progress: 16%. Estimated remaining time: 2 minutes, 45 seconds.
Growing trees.. Progress: 32%. Estimated remaining time: 2 minutes, 14 seconds.
Growing trees.. Progress: 47%. Estimated remaining time: 1 minute, 44 seconds.
Growing trees.. Progress: 63%. Estimated remaining time: 1 minute, 11 seconds.
Growing trees.. Progress: 78%. Estimated remaining time: 43 seconds.
Growing trees.. Progress: 93%. Estimated remaining time: 13 seconds.

### [bt]: Job terminated successfully [batchtools job.id=2061]
### [bt]: Calculation finished!
