### [bt]: This is batchtools v0.9.17
### [bt]: Starting calculation of 1 jobs
### [bt]: Setting working directory to '/content/drive/MyDrive/GitHub/Mater_Thesis_Calibration'
ece.R :
Friedmann_tasks.R :
Functions.R :
ici.R :
mse_feature_effects.R :
PipeOpCalibration.R :
PipeOpCalibrationUnion.R :
### [bt]: Memory measurement disabled
### [bt]: Starting job [batchtools job.id=6156]
### [bt]: Generating problem instance for problem '7f16ca74b5d8776b' ...
### [bt]: Applying algorithm 'run_learner' on problem '7f16ca74b5d8776b' for job 6156 (seed = 6279) ...
INFO  [20:23:46.538] [mlr3] Applying learner 'nnet calibrated beta 70' on task 'churn' (iter 6/10)
# weights:  94
initial  value 2647.170903 
iter  10 value 1279.076786
iter  20 value 1278.982529
iter  30 value 1278.913336
iter  40 value 1278.599165
iter  50 value 1246.807255
iter  60 value 1223.917654
iter  70 value 1217.863221
iter  80 value 1213.579500
iter  90 value 1210.486952
iter 100 value 1208.254372
final  value 1208.254372 
stopped after 100 iterations
[1] -168.5509
[1] -2.552677

### [bt]: Job terminated successfully [batchtools job.id=6156]
### [bt]: Calculation finished!
