### [bt]: This is batchtools v0.9.17
### [bt]: Starting calculation of 1 jobs
### [bt]: Setting working directory to '/content/drive/MyDrive/GitHub/Mater_Thesis_Calibration'
ece.R :
Friedmann_tasks.R :
Functions.R :
ici.R :
mse_feature_effects.R :
PipeOpCalibration.R :
PipeOpCalibrationUnion.R :
### [bt]: Memory measurement disabled
### [bt]: Starting job [batchtools job.id=2964]
### [bt]: Generating problem instance for problem '358d8f8187803581' ...
### [bt]: Applying algorithm 'run_learner' on problem '358d8f8187803581' for job 2964 (seed = 3087) ...
INFO  [21:03:38.449] [mlr3] Applying learner 'nnet calibrated beta 80' on task 'electricity' (iter 4/10)
# weights:  46
initial  value 22681.805035 
iter  10 value 20528.692166
iter  20 value 19645.804419
iter  30 value 17211.681866
iter  40 value 16187.692528
iter  50 value 15760.940695
iter  60 value 15594.011954
iter  70 value 15561.081707
iter  80 value 15533.090649
iter  90 value 15494.742086
iter 100 value 15469.683383
final  value 15469.683383 
stopped after 100 iterations
[1] -32.21136
[1] 41.5807

### [bt]: Job terminated successfully [batchtools job.id=2964]
### [bt]: Calculation finished!
