### [bt]: This is batchtools v0.9.17
### [bt]: Starting calculation of 1 jobs
### [bt]: Setting working directory to '/content/drive/MyDrive/GitHub/Mater_Thesis_Calibration'
ece.R :
Friedmann_tasks.R :
Functions.R :
ici.R :
mse_feature_effects.R :
PipeOpCalibration.R :
PipeOpCalibrationUnion.R :
### [bt]: Memory measurement disabled
### [bt]: Starting job [batchtools job.id=3737]
### [bt]: Generating problem instance for problem '341ee781c7d79b8f' ...
### [bt]: Applying algorithm 'run_learner' on problem '341ee781c7d79b8f' for job 3737 (seed = 3860) ...
INFO  [20:16:48.839] [mlr3] Applying learner 'naive_bayes calibrated beta cv3' on task 'wdbc' (iter 7/10)
[1] -4.838492
[1] 4.562264
[1] -5.017471
[1] 8.917593
[1] -4.255848
[1] 4.828498

### [bt]: Job terminated successfully [batchtools job.id=3737]
### [bt]: Calculation finished!
