### [bt]: This is batchtools v0.9.17
### [bt]: Starting calculation of 1 jobs
### [bt]: Setting working directory to '/content/drive/MyDrive/GitHub/Mater_Thesis_Calibration'
ece.R :
Friedmann_tasks.R :
Functions.R :
ici.R :
mse_feature_effects.R :
PipeOpCalibration.R :
PipeOpCalibrationUnion.R :
### [bt]: Memory measurement disabled
### [bt]: Starting job [batchtools job.id=345]
### [bt]: Generating problem instance for problem '358d8f8187803581' ...
### [bt]: Applying algorithm 'run_learner' on problem '358d8f8187803581' for job 345 (seed = 468) ...
INFO  [20:37:45.166] [mlr3] Applying learner 'nnet calibrated isotonic union' on task 'electricity' (iter 5/10)
# weights:  46
initial  value 26034.515355 
iter  10 value 21139.301425
iter  20 value 18748.535396
iter  30 value 16659.320844
iter  40 value 16133.729847
iter  50 value 15893.031307
iter  60 value 15710.126918
iter  70 value 15498.809779
iter  80 value 15387.816135
iter  90 value 15372.547951
iter 100 value 15368.978965
final  value 15368.978965 
stopped after 100 iterations
# weights:  46
initial  value 29025.769433 
iter  10 value 19999.474789
iter  20 value 18210.342544
iter  30 value 16295.959743
iter  40 value 16030.474028
iter  50 value 15853.418335
iter  60 value 15525.597124
iter  70 value 15381.874651
iter  80 value 15349.065678
iter  90 value 15321.017054
iter 100 value 15314.490030
final  value 15314.490030 
stopped after 100 iterations
# weights:  46
initial  value 24052.817093 
iter  10 value 19321.795098
iter  20 value 16976.455244
iter  30 value 16353.086184
iter  40 value 15949.584358
iter  50 value 15640.023607
iter  60 value 15467.444815
iter  70 value 15422.808704
iter  80 value 15407.847930
iter  90 value 15403.664940
iter 100 value 15398.886143
final  value 15398.886143 
stopped after 100 iterations
# weights:  46
initial  value 23092.293015 
iter  10 value 19689.058839
iter  20 value 17992.509454
iter  30 value 17041.596004
iter  40 value 16326.231142
iter  50 value 15936.110912
iter  60 value 15822.278309
iter  70 value 15774.527867
iter  80 value 15756.399862
iter  90 value 15748.750082
iter 100 value 15747.139347
final  value 15747.139347 
stopped after 100 iterations
# weights:  46
initial  value 22738.034106 
iter  10 value 19916.709062
iter  20 value 19591.128009
iter  30 value 19419.463712
final  value 19419.435271 
converged

### [bt]: Job terminated successfully [batchtools job.id=345]
### [bt]: Calculation finished!
