### [bt]: This is batchtools v0.9.17
### [bt]: Starting calculation of 1 jobs
### [bt]: Setting working directory to '/content/drive/MyDrive/GitHub/Mater_Thesis_Calibration'
ece.R :
Friedmann_tasks.R :
Functions.R :
ici.R :
mse_feature_effects.R :
PipeOpCalibration.R :
PipeOpCalibrationUnion.R :
### [bt]: Memory measurement disabled
### [bt]: Starting job [batchtools job.id=4584]
### [bt]: Generating problem instance for problem 'c27a1cbf9c91424a' ...
### [bt]: Applying algorithm 'run_learner' on problem 'c27a1cbf9c91424a' for job 4584 (seed = 4707) ...
INFO  [20:18:45.204] [mlr3] Applying learner 'nnet calibrated beta cv3' on task 'ilpd' (iter 4/10)
# weights:  37
initial  value 252.680438 
iter  10 value 205.386288
iter  20 value 202.719639
iter  30 value 201.563252
iter  40 value 200.726329
iter  50 value 196.295746
iter  60 value 193.741446
iter  70 value 190.951989
iter  80 value 190.548612
final  value 190.547950 
converged
# weights:  37
initial  value 393.735842 
iter  10 value 209.981303
iter  20 value 209.962620
final  value 209.962601 
converged
# weights:  37
initial  value 370.241322 
iter  10 value 202.081442
iter  20 value 202.064443
final  value 202.064427 
converged
Warning: glm.fit: fitted probabilities numerically 0 or 1 occurred
This happened PipeOp classif.nnet's $train()
[1] -0.8426602
[1] 1.352696

### [bt]: Job terminated successfully [batchtools job.id=4584]
### [bt]: Calculation finished!
