### [bt]: This is batchtools v0.9.17
### [bt]: Starting calculation of 1 jobs
### [bt]: Setting working directory to '/content/drive/MyDrive/GitHub/Mater_Thesis_Calibration'
ece.R :
Friedmann_tasks.R :
Functions.R :
ici.R :
mse_feature_effects.R :
PipeOpCalibration.R :
PipeOpCalibrationUnion.R :
### [bt]: Memory measurement disabled
### [bt]: Starting job [batchtools job.id=5034]
### [bt]: Generating problem instance for problem '22f4988139232849' ...
### [bt]: Applying algorithm 'run_learner' on problem '22f4988139232849' for job 5034 (seed = 5157) ...
INFO  [17:07:19.110] [mlr3] Applying learner 'ranger calibrated beta cv3' on task 'nomao' (iter 4/10)
Growing trees.. Progress: 54%. Estimated remaining time: 26 seconds.
Growing trees.. Progress: 49%. Estimated remaining time: 32 seconds.
Growing trees.. Progress: 97%. Estimated remaining time: 1 seconds.
Growing trees.. Progress: 73%. Estimated remaining time: 11 seconds.
Warning: glm.fit: fitted probabilities numerically 0 or 1 occurred
This happened PipeOp classif.ranger's $train()
[1] -48.57848
[1] 57.93316
Warning: glm.fit: fitted probabilities numerically 0 or 1 occurred
This happened PipeOp classif.ranger's $train()
[1] -42.28794
[1] 64.815
Warning: glm.fit: fitted probabilities numerically 0 or 1 occurred
This happened PipeOp classif.ranger's $train()
[1] -57.28124
[1] 46.79997

### [bt]: Job terminated successfully [batchtools job.id=5034]
### [bt]: Calculation finished!
