### [bt]: This is batchtools v0.9.17
### [bt]: Starting calculation of 1 jobs
### [bt]: Setting working directory to '/content/drive/MyDrive/GitHub/Mater_Thesis_Calibration'
ece.R :
Friedmann_tasks.R :
Functions.R :
ici.R :
mse_feature_effects.R :
PipeOpCalibration.R :
PipeOpCalibrationUnion.R :
### [bt]: Memory measurement disabled
### [bt]: Starting job [batchtools job.id=3182]
### [bt]: Generating problem instance for problem '358d8f8187803581' ...
### [bt]: Applying algorithm 'run_learner' on problem '358d8f8187803581' for job 3182 (seed = 3305) ...
INFO  [16:59:25.719] [mlr3] Applying learner 'xgboost calibrated beta cv3' on task 'electricity' (iter 2/10)
[1] -35.21166
[1] 34.12974
[1] -35.40163
[1] 33.65575
[1] -30.69331
[1] 37.58828

### [bt]: Job terminated successfully [batchtools job.id=3182]
### [bt]: Calculation finished!
