### [bt]: This is batchtools v0.9.17
### [bt]: Starting calculation of 1 jobs
### [bt]: Setting working directory to '/content/drive/MyDrive/GitHub/Mater_Thesis_Calibration'
ece.R :
Friedmann_tasks.R :
Functions.R :
ici.R :
mse_feature_effects.R :
PipeOpCalibration.R :
PipeOpCalibrationUnion.R :
### [bt]: Memory measurement disabled
### [bt]: Starting job [batchtools job.id=3881]
### [bt]: Generating problem instance for problem '341ee781c7d79b8f' ...
### [bt]: Applying algorithm 'run_learner' on problem '341ee781c7d79b8f' for job 3881 (seed = 4004) ...
INFO  [20:16:59.373] [mlr3] Applying learner 'rpart calibrated beta cv3' on task 'wdbc' (iter 1/10)
[1] -41.79351
[1] 13.76178
[1] -0.0005027596
[1] 50.33793
[1] -12.55394
[1] 34.32319

### [bt]: Job terminated successfully [batchtools job.id=3881]
### [bt]: Calculation finished!
