### [bt]: This is batchtools v0.9.17
### [bt]: Starting calculation of 1 jobs
### [bt]: Setting working directory to '/content/drive/MyDrive/GitHub/Mater_Thesis_Calibration'
ece.R :
Friedmann_tasks.R :
Functions.R :
ici.R :
mse_feature_effects.R :
PipeOpCalibration.R :
PipeOpCalibrationUnion.R :
### [bt]: Memory measurement disabled
### [bt]: Starting job [batchtools job.id=5789]
### [bt]: Generating problem instance for problem 'cfb05fadfc1e266b' ...
### [bt]: Applying algorithm 'run_learner' on problem 'cfb05fadfc1e266b' for job 5789 (seed = 5912) ...
INFO  [21:19:14.963] [mlr3] Applying learner 'nnet calibrated beta cv3' on task 'numerai28.6' (iter 9/10)
# weights:  70
initial  value 41173.535278 
iter  10 value 39970.115220
iter  20 value 39935.906366
iter  30 value 39917.056903
iter  40 value 39909.043641
iter  50 value 39906.887706
iter  60 value 39903.127583
iter  70 value 39896.750429
iter  80 value 39893.111055
iter  90 value 39888.599495
iter 100 value 39884.268149
final  value 39884.268149 
stopped after 100 iterations
# weights:  70
initial  value 40168.821737 
iter  10 value 39975.342944
iter  20 value 39951.573859
iter  30 value 39934.649503
iter  40 value 39918.855427
iter  50 value 39913.142727
iter  60 value 39906.604508
iter  70 value 39904.069477
iter  80 value 39897.349160
iter  90 value 39883.777287
iter 100 value 39871.620842
final  value 39871.620842 
stopped after 100 iterations
# weights:  70
initial  value 40136.311136 
iter  10 value 39965.387605
iter  20 value 39933.081200
iter  30 value 39900.037889
iter  40 value 39884.037534
iter  50 value 39878.475182
iter  60 value 39873.749724
iter  70 value 39869.369557
iter  80 value 39864.304103
iter  90 value 39858.692380
iter 100 value 39853.517218
final  value 39853.517218 
stopped after 100 iterations
[1] -49.7249
[1] -0.9162285
[1] -21.32989
[1] -0.3899626
[1] -12.87923
[1] 14.77246

### [bt]: Job terminated successfully [batchtools job.id=5789]
### [bt]: Calculation finished!
