### [bt]: This is batchtools v0.9.17
### [bt]: Starting calculation of 1 jobs
### [bt]: Setting working directory to '/content/drive/MyDrive/GitHub/Mater_Thesis_Calibration'
ece.R :
Friedmann_tasks.R :
Functions.R :
ici.R :
mse_feature_effects.R :
PipeOpCalibration.R :
PipeOpCalibrationUnion.R :
### [bt]: Memory measurement disabled
### [bt]: Starting job [batchtools job.id=2649]
### [bt]: Generating problem instance for problem '563768ad2e048da7' ...
### [bt]: Applying algorithm 'run_learner' on problem '563768ad2e048da7' for job 2649 (seed = 2772) ...
INFO  [20:14:24.400] [mlr3] Applying learner 'ranger calibrated beta cv5' on task 'credit-g' (iter 9/10)
[1] -68.30222
[1] 19.93761
[1] -85.15357
[1] 12.30869
[1] -82.21325
[1] 38.36359
[1] -120.1857
[1] -2.362653
[1] 1.969804
[1] 84.87191

### [bt]: Job terminated successfully [batchtools job.id=2649]
### [bt]: Calculation finished!
