### [bt]: This is batchtools v0.9.17
### [bt]: Starting calculation of 1 jobs
### [bt]: Setting working directory to '/content/drive/MyDrive/GitHub/Mater_Thesis_Calibration'
ece.R :
Friedmann_tasks.R :
Functions.R :
ici.R :
mse_feature_effects.R :
PipeOpCalibration.R :
PipeOpCalibrationUnion.R :
### [bt]: Memory measurement disabled
### [bt]: Starting job [batchtools job.id=3359]
### [bt]: Generating problem instance for problem 'b541340d6c2eb21d' ...
### [bt]: Applying algorithm 'run_learner' on problem 'b541340d6c2eb21d' for job 3359 (seed = 3482) ...
INFO  [20:15:35.797] [mlr3] Applying learner 'nnet calibrated beta 70' on task 'kc1' (iter 9/10)
# weights:  70
initial  value 1546.669942 
iter  10 value 560.641292
iter  20 value 507.793777
iter  30 value 501.509355
iter  40 value 498.235350
iter  50 value 494.558386
iter  60 value 493.454863
iter  70 value 492.819764
iter  80 value 492.326477
iter  90 value 492.131999
iter 100 value 491.991022
final  value 491.991022 
stopped after 100 iterations
[1] -216.596
[1] -3.003941

### [bt]: Job terminated successfully [batchtools job.id=3359]
### [bt]: Calculation finished!
