### [bt]: This is batchtools v0.9.17
### [bt]: Starting calculation of 1 jobs
### [bt]: Setting working directory to '/content/drive/MyDrive/GitHub/Mater_Thesis_Calibration'
ece.R :
Friedmann_tasks.R :
Functions.R :
ici.R :
mse_feature_effects.R :
PipeOpCalibration.R :
PipeOpCalibrationUnion.R :
### [bt]: Memory measurement disabled
### [bt]: Starting job [batchtools job.id=2955]
### [bt]: Generating problem instance for problem '358d8f8187803581' ...
### [bt]: Applying algorithm 'run_learner' on problem '358d8f8187803581' for job 2955 (seed = 3078) ...
INFO  [21:03:33.999] [mlr3] Applying learner 'nnet calibrated beta 70' on task 'electricity' (iter 5/10)
# weights:  46
initial  value 22082.761197 
iter  10 value 17426.203829
iter  20 value 16686.061819
iter  30 value 15040.290216
iter  40 value 14348.050592
iter  50 value 14045.039858
iter  60 value 13987.817475
iter  70 value 13916.771203
iter  80 value 13906.038463
iter  90 value 13901.597032
iter 100 value 13898.361436
final  value 13898.361436 
stopped after 100 iterations
Warning: glm.fit: fitted probabilities numerically 0 or 1 occurred
This happened PipeOp classif.nnet's $train()
[1] -35.88918
[1] 38.6499

### [bt]: Job terminated successfully [batchtools job.id=2955]
### [bt]: Calculation finished!
