### [bt]: This is batchtools v0.9.17
### [bt]: Starting calculation of 1 jobs
### [bt]: Setting working directory to '/content/drive/MyDrive/GitHub/Mater_Thesis_Calibration'
ece.R :
Friedmann_tasks.R :
Functions.R :
ici.R :
mse_feature_effects.R :
PipeOpCalibration.R :
PipeOpCalibrationUnion.R :
### [bt]: Memory measurement disabled
### [bt]: Starting job [batchtools job.id=5281]
### [bt]: Generating problem instance for problem '0ecb79b078d7aa0a' ...
### [bt]: Applying algorithm 'run_learner' on problem '0ecb79b078d7aa0a' for job 5281 (seed = 5404) ...
INFO  [20:19:38.452] [mlr3] Applying learner 'kknn calibrated beta cv3' on task 'PhishingWebsites' (iter 1/10)
Warning: glm.fit: fitted probabilities numerically 0 or 1 occurred
This happened PipeOp classif.kknn's $train()
[1] -3.870058
[1] 154.0688
Warning: glm.fit: fitted probabilities numerically 0 or 1 occurred
This happened PipeOp classif.kknn's $train()
[1] -6.266113
[1] 156.6339
Warning: glm.fit: fitted probabilities numerically 0 or 1 occurred
This happened PipeOp classif.kknn's $train()
[1] -48.25711
[1] 107.641

### [bt]: Job terminated successfully [batchtools job.id=5281]
### [bt]: Calculation finished!
