### [bt]: This is batchtools v0.9.17
### [bt]: Starting calculation of 1 jobs
### [bt]: Setting working directory to '/content/drive/MyDrive/GitHub/Mater_Thesis_Calibration'
ece.R :
Friedmann_tasks.R :
Functions.R :
ici.R :
mse_feature_effects.R :
PipeOpCalibration.R :
PipeOpCalibrationUnion.R :
### [bt]: Memory measurement disabled
### [bt]: Starting job [batchtools job.id=5803]
### [bt]: Generating problem instance for problem 'cfb05fadfc1e266b' ...
### [bt]: Applying algorithm 'run_learner' on problem 'cfb05fadfc1e266b' for job 5803 (seed = 5926) ...
INFO  [16:07:29.124] [mlr3] Applying learner 'ranger calibrated beta 70' on task 'numerai28.6' (iter 3/10)
Growing trees.. Progress: 10%. Estimated remaining time: 4 minutes, 24 seconds.
Growing trees.. Progress: 20%. Estimated remaining time: 4 minutes, 2 seconds.
Growing trees.. Progress: 30%. Estimated remaining time: 3 minutes, 34 seconds.
Growing trees.. Progress: 40%. Estimated remaining time: 3 minutes, 6 seconds.
Growing trees.. Progress: 50%. Estimated remaining time: 2 minutes, 36 seconds.
Growing trees.. Progress: 60%. Estimated remaining time: 2 minutes, 6 seconds.
Growing trees.. Progress: 69%. Estimated remaining time: 1 minute, 35 seconds.
Growing trees.. Progress: 79%. Estimated remaining time: 1 minute, 5 seconds.
Growing trees.. Progress: 89%. Estimated remaining time: 33 seconds.
Growing trees.. Progress: 100%. Estimated remaining time: 0 seconds.
[1] -10.45468
[1] 5.048388

### [bt]: Job terminated successfully [batchtools job.id=5803]
### [bt]: Calculation finished!
