### [bt]: This is batchtools v0.9.17
### [bt]: Starting calculation of 1 jobs
### [bt]: Setting working directory to '/content/drive/MyDrive/GitHub/Mater_Thesis_Calibration'
ece.R :
Friedmann_tasks.R :
Functions.R :
ici.R :
mse_feature_effects.R :
PipeOpCalibration.R :
PipeOpCalibrationUnion.R :
### [bt]: Memory measurement disabled
### [bt]: Starting job [batchtools job.id=5824]
### [bt]: Generating problem instance for problem 'cfb05fadfc1e266b' ...
### [bt]: Applying algorithm 'run_learner' on problem 'cfb05fadfc1e266b' for job 5824 (seed = 5947) ...
INFO  [16:20:12.942] [mlr3] Applying learner 'ranger calibrated beta 90' on task 'numerai28.6' (iter 4/10)
Growing trees.. Progress: 7%. Estimated remaining time: 7 minutes, 25 seconds.
Growing trees.. Progress: 13%. Estimated remaining time: 6 minutes, 57 seconds.
Growing trees.. Progress: 19%. Estimated remaining time: 6 minutes, 28 seconds.
Growing trees.. Progress: 28%. Estimated remaining time: 5 minutes, 16 seconds.
Growing trees.. Progress: 38%. Estimated remaining time: 4 minutes, 17 seconds.
Growing trees.. Progress: 47%. Estimated remaining time: 3 minutes, 29 seconds.
Growing trees.. Progress: 56%. Estimated remaining time: 2 minutes, 48 seconds.
Growing trees.. Progress: 66%. Estimated remaining time: 2 minutes, 9 seconds.
Growing trees.. Progress: 75%. Estimated remaining time: 1 minute, 32 seconds.
Growing trees.. Progress: 85%. Estimated remaining time: 56 seconds.
Growing trees.. Progress: 94%. Estimated remaining time: 21 seconds.
[1] 0.4636896
[1] 25.03497

### [bt]: Job terminated successfully [batchtools job.id=5824]
### [bt]: Calculation finished!
