### [bt]: This is batchtools v0.9.17
### [bt]: Starting calculation of 1 jobs
### [bt]: Setting working directory to '/content/drive/MyDrive/GitHub/Mater_Thesis_Calibration'
ece.R :
Friedmann_tasks.R :
Functions.R :
ici.R :
mse_feature_effects.R :
PipeOpCalibration.R :
PipeOpCalibrationUnion.R :
### [bt]: Memory measurement disabled
### [bt]: Starting job [batchtools job.id=4960]
### [bt]: Generating problem instance for problem '22f4988139232849' ...
### [bt]: Applying algorithm 'run_learner' on problem '22f4988139232849' for job 4960 (seed = 5083) ...
INFO  [21:12:29.567] [mlr3] Applying learner 'nnet calibrated beta 70' on task 'nomao' (iter 10/10)
# weights:  442
initial  value 16853.917538 
iter  10 value 7431.023381
iter  20 value 5231.815230
iter  30 value 3701.163920
iter  40 value 3080.348023
iter  50 value 2787.748777
iter  60 value 2658.369425
iter  70 value 2545.630420
iter  80 value 2464.958756
iter  90 value 2423.183805
iter 100 value 2394.064622
final  value 2394.064622 
stopped after 100 iterations
[1] -29.66336
[1] 37.47471

### [bt]: Job terminated successfully [batchtools job.id=4960]
### [bt]: Calculation finished!
