### [bt]: This is batchtools v0.9.17
### [bt]: Starting calculation of 1 jobs
### [bt]: Setting working directory to '/content/drive/MyDrive/GitHub/Mater_Thesis_Calibration'
ece.R :
Friedmann_tasks.R :
Functions.R :
ici.R :
mse_feature_effects.R :
PipeOpCalibration.R :
PipeOpCalibrationUnion.R :
### [bt]: Memory measurement disabled
### [bt]: Starting job [batchtools job.id=5350]
### [bt]: Generating problem instance for problem '0ecb79b078d7aa0a' ...
### [bt]: Applying algorithm 'run_learner' on problem '0ecb79b078d7aa0a' for job 5350 (seed = 5473) ...
INFO  [20:19:46.812] [mlr3] Applying learner 'naive_bayes calibrated beta cv5' on task 'PhishingWebsites' (iter 10/10)
[1] -24.14444
[1] 30.70235
[1] -27.67709
[1] 28.36493
[1] -31.98043
[1] 24.76041
[1] -26.5785
[1] 28.23757
[1] -24.33453
[1] 32.88609

### [bt]: Job terminated successfully [batchtools job.id=5350]
### [bt]: Calculation finished!
