### [bt]: This is batchtools v0.9.17
### [bt]: Starting calculation of 1 jobs
### [bt]: Setting working directory to '/content/drive/MyDrive/GitHub/Mater_Thesis_Calibration'
ece.R :
Friedmann_tasks.R :
Functions.R :
ici.R :
mse_feature_effects.R :
PipeOpCalibration.R :
PipeOpCalibrationUnion.R :
### [bt]: Memory measurement disabled
### [bt]: Starting job [batchtools job.id=1296]
### [bt]: Generating problem instance for problem 'c27a1cbf9c91424a' ...
### [bt]: Applying algorithm 'run_learner' on problem 'c27a1cbf9c91424a' for job 1296 (seed = 1419) ...
INFO  [20:02:01.470] [mlr3] Applying learner 'nnet calibrated beta union' on task 'ilpd' (iter 6/10)
# weights:  37
initial  value 270.672259 
iter  10 value 246.233973
iter  20 value 245.708685
final  value 245.708487 
converged
# weights:  37
initial  value 250.413272 
iter  10 value 243.937570
iter  20 value 238.845051
iter  30 value 236.835356
iter  40 value 235.677101
iter  50 value 235.543131
iter  60 value 235.447824
iter  70 value 235.421816
final  value 235.421636 
converged
# weights:  37
initial  value 249.962411 
iter  10 value 234.294394
iter  20 value 226.207879
iter  30 value 223.351182
iter  40 value 221.858986
iter  50 value 219.270752
iter  60 value 213.917208
iter  70 value 200.116064
iter  80 value 197.162097
iter  90 value 191.772536
iter 100 value 190.446491
final  value 190.446491 
stopped after 100 iterations
# weights:  37
initial  value 292.099629 
iter  10 value 250.944755
iter  20 value 250.936286
final  value 250.936280 
converged
# weights:  37
initial  value 263.604499 
iter  10 value 242.334223
iter  20 value 239.788694
iter  30 value 237.529506
iter  40 value 237.468399
iter  50 value 237.233516
iter  60 value 237.193015
iter  70 value 237.058007
iter  80 value 236.949986
iter  90 value 236.948875
final  value 236.948164 
converged
[1] -73.38526
[1] 1.974741

### [bt]: Job terminated successfully [batchtools job.id=1296]
### [bt]: Calculation finished!
