### [bt]: This is batchtools v0.9.17
### [bt]: Starting calculation of 1 jobs
### [bt]: Setting working directory to '/content/drive/MyDrive/GitHub/Mater_Thesis_Calibration'
ece.R :
Friedmann_tasks.R :
Functions.R :
ici.R :
mse_feature_effects.R :
PipeOpCalibration.R :
PipeOpCalibrationUnion.R :
### [bt]: Memory measurement disabled
### [bt]: Starting job [batchtools job.id=5982]
### [bt]: Generating problem instance for problem 'cfb05fadfc1e266b' ...
### [bt]: Applying algorithm 'run_learner' on problem 'cfb05fadfc1e266b' for job 5982 (seed = 6105) ...
INFO  [06:28:19.757] [mlr3] Applying learner 'xgboost calibrated beta cv3' on task 'numerai28.6' (iter 2/10)
[1] 0.07343089
[1] 2.872441
[1] -2.828337
[1] 0.0517168
[1] 0.06465464
[1] 1.905427

### [bt]: Job terminated successfully [batchtools job.id=5982]
### [bt]: Calculation finished!
