### [bt]: This is batchtools v0.9.17
### [bt]: Starting calculation of 1 jobs
### [bt]: Setting working directory to '/content/drive/MyDrive/GitHub/Mater_Thesis_Calibration'
ece.R :
Friedmann_tasks.R :
Functions.R :
ici.R :
mse_feature_effects.R :
PipeOpCalibration.R :
PipeOpCalibrationUnion.R :
### [bt]: Memory measurement disabled
### [bt]: Starting job [batchtools job.id=5531]
### [bt]: Generating problem instance for problem '0ecb79b078d7aa0a' ...
### [bt]: Applying algorithm 'run_learner' on problem '0ecb79b078d7aa0a' for job 5531 (seed = 5654) ...
INFO  [20:20:32.281] [mlr3] Applying learner 'svm calibrated beta cv3' on task 'PhishingWebsites' (iter 1/10)
[1] -50.67555
[1] 23.76584
[1] -36.69821
[1] 33.04461
[1] -46.06756
[1] 28.49617

### [bt]: Job terminated successfully [batchtools job.id=5531]
### [bt]: Calculation finished!
