### [bt]: This is batchtools v0.9.17
### [bt]: Starting calculation of 1 jobs
### [bt]: Setting working directory to '/content/drive/MyDrive/GitHub/Mater_Thesis_Calibration'
ece.R :
Friedmann_tasks.R :
Functions.R :
ici.R :
mse_feature_effects.R :
PipeOpCalibration.R :
PipeOpCalibrationUnion.R :
### [bt]: Memory measurement disabled
### [bt]: Starting job [batchtools job.id=2963]
### [bt]: Generating problem instance for problem '358d8f8187803581' ...
### [bt]: Applying algorithm 'run_learner' on problem '358d8f8187803581' for job 2963 (seed = 3086) ...
INFO  [21:03:38.195] [mlr3] Applying learner 'nnet calibrated beta 80' on task 'electricity' (iter 3/10)
# weights:  46
initial  value 22210.247919 
iter  10 value 19115.005261
iter  20 value 17332.425369
iter  30 value 16032.027817
iter  40 value 15738.347322
iter  50 value 15675.731429
iter  60 value 15665.782220
iter  70 value 15662.621465
iter  80 value 15662.213912
iter  90 value 15661.444227
iter 100 value 15661.352919
final  value 15661.352919 
stopped after 100 iterations
[1] -35.53713
[1] 33.63497

### [bt]: Job terminated successfully [batchtools job.id=2963]
### [bt]: Calculation finished!
