### [bt]: This is batchtools v0.9.17
### [bt]: Starting calculation of 1 jobs
### [bt]: Setting working directory to '/content/drive/MyDrive/GitHub/Mater_Thesis_Calibration'
ece.R :
Friedmann_tasks.R :
Functions.R :
ici.R :
mse_feature_effects.R :
PipeOpCalibration.R :
PipeOpCalibrationUnion.R :
### [bt]: Memory measurement disabled
### [bt]: Starting job [batchtools job.id=5936]
### [bt]: Generating problem instance for problem 'cfb05fadfc1e266b' ...
### [bt]: Applying algorithm 'run_learner' on problem 'cfb05fadfc1e266b' for job 5936 (seed = 6059) ...
INFO  [11:48:16.722] [mlr3] Applying learner 'svm calibrated beta cv3' on task 'numerai28.6' (iter 6/10)
[1] -17.13449
[1] 74.35791
[1] -84.482
[1] -1.589351
[1] -68.97709
[1] -1.261166

### [bt]: Job terminated successfully [batchtools job.id=5936]
### [bt]: Calculation finished!
