### [bt]: This is batchtools v0.9.17
### [bt]: Starting calculation of 1 jobs
### [bt]: Setting working directory to '/content/drive/MyDrive/GitHub/Mater_Thesis_Calibration'
Loading required package: mlr3verse
Loading required package: mlr3

Attaching package: ‘dplyr’

The following object is masked from ‘package:MASS’:

    select

The following object is masked from ‘package:mlr3misc’:

    cross_join

The following objects are masked from ‘package:stats’:

    filter, lag

The following objects are masked from ‘package:base’:

    intersect, setdiff, setequal, union


Attaching package: ‘batchtools’

The following object is masked from ‘package:mlr3misc’:

    chunk

Loading required package: randomForest
randomForest 4.7-1.2
Type rfNews() to see new features/changes/bug fixes.

Attaching package: ‘randomForest’

The following object is masked from ‘package:dplyr’:

    combine

The following object is masked from ‘package:ggplot2’:

    margin

Loading required package: ranger

Attaching package: ‘ranger’

The following object is masked from ‘package:randomForest’:

    importance

Loading required package: palmerpenguins
ece.R :
Friedmann_tasks.R :
Functions.R :
ici.R :
mse_feature_effects.R :
PipeOpCalibration.R :
PipeOpCalibrationUnion.R :
### [bt]: Memory measurement disabled
### [bt]: Starting job [batchtools job.id=5949]
### [bt]: Generating problem instance for problem 'cfb05fadfc1e266b' ...
### [bt]: Applying algorithm 'run_learner' on problem 'cfb05fadfc1e266b' for job 5949 (seed = 6072) ...
INFO  [21:35:35.774] [mlr3] Applying learner 'svm calibrated beta cv5' on task 'numerai28.6' (iter 9/10)
[1] -58.82782
[1] -1.07823
[1] -60.68203
[1] -1.123006
[1] -101.4387
[1] -1.890431
[1] -90.40877
[1] -1.687216
[1] 1.544495
[1] 82.97669

### [bt]: Job terminated successfully [batchtools job.id=5949]
### [bt]: Calculation finished!
