### [bt]: This is batchtools v0.9.17
### [bt]: Starting calculation of 1 jobs
### [bt]: Setting working directory to '/content/drive/MyDrive/GitHub/Mater_Thesis_Calibration'
ece.R :
Friedmann_tasks.R :
Functions.R :
ici.R :
mse_feature_effects.R :
PipeOpCalibration.R :
PipeOpCalibrationUnion.R :
### [bt]: Memory measurement disabled
### [bt]: Starting job [batchtools job.id=1791]
### [bt]: Generating problem instance for problem '0ecb79b078d7aa0a' ...
### [bt]: Applying algorithm 'run_learner' on problem '0ecb79b078d7aa0a' for job 1791 (seed = 1914) ...
INFO  [20:03:44.260] [mlr3] Applying learner 'nnet calibrated platt union' on task 'PhishingWebsites' (iter 1/10)
# weights:  121
initial  value 5440.135714 
iter  10 value 1608.239637
iter  20 value 1106.366060
iter  30 value 970.475801
iter  40 value 909.800031
iter  50 value 866.503252
iter  60 value 838.412764
iter  70 value 814.989458
iter  80 value 802.651824
iter  90 value 795.663044
iter 100 value 789.740713
final  value 789.740713 
stopped after 100 iterations
# weights:  121
initial  value 5492.308154 
iter  10 value 1541.133142
iter  20 value 1132.538383
iter  30 value 998.387546
iter  40 value 955.831449
iter  50 value 919.222720
iter  60 value 907.255053
iter  70 value 901.704403
iter  80 value 897.096657
iter  90 value 892.051744
iter 100 value 884.174908
final  value 884.174908 
stopped after 100 iterations
# weights:  121
initial  value 5499.258461 
iter  10 value 2134.613764
iter  20 value 1547.168293
iter  30 value 1261.977597
iter  40 value 1121.340239
iter  50 value 1022.551567
iter  60 value 970.909472
iter  70 value 918.506739
iter  80 value 891.997520
iter  90 value 859.000932
iter 100 value 849.848533
final  value 849.848533 
stopped after 100 iterations
# weights:  121
initial  value 5845.183126 
iter  10 value 1430.560021
iter  20 value 1102.275837
iter  30 value 976.040652
iter  40 value 918.406821
iter  50 value 874.937731
iter  60 value 850.151942
iter  70 value 835.324059
iter  80 value 828.728118
iter  90 value 825.022986
iter 100 value 822.014706
final  value 822.014706 
stopped after 100 iterations
# weights:  121
initial  value 5535.245813 
iter  10 value 2272.846188
iter  20 value 1409.986174
iter  30 value 1081.381163
iter  40 value 994.329130
iter  50 value 966.223777
iter  60 value 944.132868
iter  70 value 927.149772
iter  80 value 922.278354
iter  90 value 918.211301
iter 100 value 915.574893
final  value 915.574893 
stopped after 100 iterations

### [bt]: Job terminated successfully [batchtools job.id=1791]
### [bt]: Calculation finished!
