### [bt]: This is batchtools v0.9.17
### [bt]: Starting calculation of 1 jobs
### [bt]: Setting working directory to '/content/drive/MyDrive/GitHub/Mater_Thesis_Calibration'
ece.R :
Friedmann_tasks.R :
Functions.R :
ici.R :
mse_feature_effects.R :
PipeOpCalibration.R :
PipeOpCalibrationUnion.R :
### [bt]: Memory measurement disabled
### [bt]: Starting job [batchtools job.id=1307]
### [bt]: Generating problem instance for problem 'c27a1cbf9c91424a' ...
### [bt]: Applying algorithm 'run_learner' on problem 'c27a1cbf9c91424a' for job 1307 (seed = 1430) ...
INFO  [20:02:02.441] [mlr3] Applying learner 'nnet calibrated isotonic union' on task 'ilpd' (iter 7/10)
# weights:  37
initial  value 302.057176 
iter  10 value 233.294639
iter  20 value 231.253757
iter  30 value 230.985187
iter  40 value 230.599757
iter  50 value 230.411454
iter  60 value 230.409715
iter  70 value 230.409089
final  value 230.409003 
converged
# weights:  37
initial  value 272.127455 
iter  10 value 238.934802
iter  20 value 236.690048
iter  30 value 236.258978
iter  40 value 235.991565
iter  50 value 235.715038
iter  60 value 235.667914
iter  70 value 235.646506
iter  80 value 235.641434
iter  90 value 235.403939
iter 100 value 235.400569
final  value 235.400569 
stopped after 100 iterations
# weights:  37
initial  value 276.640526 
iter  10 value 241.499841
iter  20 value 227.945575
iter  30 value 222.599322
iter  40 value 218.324337
iter  50 value 213.758009
iter  60 value 211.976656
iter  70 value 211.125908
iter  80 value 210.714673
iter  90 value 210.424959
iter 100 value 210.418351
final  value 210.418351 
stopped after 100 iterations
# weights:  37
initial  value 308.478477 
final  value 245.563314 
converged
# weights:  37
initial  value 447.160874 
iter  10 value 251.854253
iter  20 value 249.791137
iter  30 value 249.090691
iter  40 value 248.395943
iter  50 value 248.389000
iter  60 value 248.386435
final  value 248.386411 
converged

### [bt]: Job terminated successfully [batchtools job.id=1307]
### [bt]: Calculation finished!
