### [bt]: This is batchtools v0.9.17
### [bt]: Starting calculation of 1 jobs
### [bt]: Setting working directory to '/content/drive/MyDrive/GitHub/Mater_Thesis_Calibration'
ece.R :
Friedmann_tasks.R :
Functions.R :
ici.R :
mse_feature_effects.R :
PipeOpCalibration.R :
PipeOpCalibrationUnion.R :
### [bt]: Memory measurement disabled
### [bt]: Starting job [batchtools job.id=3587]
### [bt]: Generating problem instance for problem 'b541340d6c2eb21d' ...
### [bt]: Applying algorithm 'run_learner' on problem 'b541340d6c2eb21d' for job 3587 (seed = 3710) ...
INFO  [20:16:20.192] [mlr3] Applying learner 'xgboost calibrated beta cv3' on task 'kc1' (iter 7/10)
[1] -38.25869
[1] 9.572032
[1] -14.00019
[1] 16.70553
[1] -15.6509
[1] 19.62525

### [bt]: Job terminated successfully [batchtools job.id=3587]
### [bt]: Calculation finished!
