### [bt]: This is batchtools v0.9.17
### [bt]: Starting calculation of 1 jobs
### [bt]: Setting working directory to '/content/drive/MyDrive/GitHub/Mater_Thesis_Calibration'
ece.R :
Friedmann_tasks.R :
Functions.R :
ici.R :
mse_feature_effects.R :
PipeOpCalibration.R :
PipeOpCalibrationUnion.R :
### [bt]: Memory measurement disabled
### [bt]: Starting job [batchtools job.id=1796]
### [bt]: Generating problem instance for problem '0ecb79b078d7aa0a' ...
### [bt]: Applying algorithm 'run_learner' on problem '0ecb79b078d7aa0a' for job 1796 (seed = 1919) ...
INFO  [20:03:44.597] [mlr3] Applying learner 'nnet calibrated platt union' on task 'PhishingWebsites' (iter 6/10)
# weights:  121
initial  value 5736.725037 
iter  10 value 1726.117731
iter  20 value 1217.830848
iter  30 value 1056.381909
iter  40 value 997.326102
iter  50 value 950.895900
iter  60 value 925.224226
iter  70 value 905.251722
iter  80 value 892.225108
iter  90 value 882.043518
iter 100 value 877.017557
final  value 877.017557 
stopped after 100 iterations
# weights:  121
initial  value 5819.602104 
iter  10 value 1528.520423
iter  20 value 1181.992663
iter  30 value 1014.713407
iter  40 value 945.987269
iter  50 value 910.311779
iter  60 value 871.772307
iter  70 value 847.192272
iter  80 value 830.175810
iter  90 value 806.089494
iter 100 value 787.062088
final  value 787.062088 
stopped after 100 iterations
# weights:  121
initial  value 5450.515591 
iter  10 value 1242.053347
iter  20 value 1031.278068
iter  30 value 923.733384
iter  40 value 885.404736
iter  50 value 855.228397
iter  60 value 826.643764
iter  70 value 817.305852
iter  80 value 811.174629
iter  90 value 802.654541
iter 100 value 791.386788
final  value 791.386788 
stopped after 100 iterations
# weights:  121
initial  value 5488.859737 
iter  10 value 1315.519711
iter  20 value 1147.814609
iter  30 value 1047.229144
iter  40 value 942.079898
iter  50 value 899.264088
iter  60 value 863.279721
iter  70 value 840.921241
iter  80 value 826.317337
iter  90 value 816.999711
iter 100 value 804.548218
final  value 804.548218 
stopped after 100 iterations
# weights:  121
initial  value 5497.556609 
iter  10 value 1491.123609
iter  20 value 1158.226304
iter  30 value 1043.969656
iter  40 value 980.059738
iter  50 value 942.181735
iter  60 value 925.584742
iter  70 value 921.191769
iter  80 value 916.420879
iter  90 value 903.263864
iter 100 value 890.117673
final  value 890.117673 
stopped after 100 iterations

### [bt]: Job terminated successfully [batchtools job.id=1796]
### [bt]: Calculation finished!
