### [bt]: This is batchtools v0.9.17
### [bt]: Starting calculation of 1 jobs
### [bt]: Setting working directory to '/content/drive/MyDrive/GitHub/Mater_Thesis_Calibration'
ece.R :
Friedmann_tasks.R :
Functions.R :
ici.R :
mse_feature_effects.R :
PipeOpCalibration.R :
PipeOpCalibrationUnion.R :
### [bt]: Memory measurement disabled
### [bt]: Starting job [batchtools job.id=351]
### [bt]: Generating problem instance for problem '358d8f8187803581' ...
### [bt]: Applying algorithm 'run_learner' on problem '358d8f8187803581' for job 351 (seed = 474) ...
INFO  [20:37:51.135] [mlr3] Applying learner 'nnet calibrated platt union' on task 'electricity' (iter 1/10)
# weights:  46
initial  value 22448.878187 
iter  10 value 19909.912060
iter  20 value 18753.175515
iter  30 value 17102.977877
iter  40 value 15886.078041
iter  50 value 15807.424555
iter  60 value 15716.784977
iter  70 value 15682.832910
iter  80 value 15673.289611
iter  90 value 15665.830417
iter 100 value 15662.753721
final  value 15662.753721 
stopped after 100 iterations
# weights:  46
initial  value 23840.464066 
iter  10 value 20322.963475
iter  20 value 18342.558408
iter  30 value 17031.159170
iter  40 value 16468.844625
iter  50 value 16033.933045
iter  60 value 15722.678601
iter  70 value 15515.441706
iter  80 value 15382.351713
iter  90 value 15339.594971
iter 100 value 15325.584637
final  value 15325.584637 
stopped after 100 iterations
# weights:  46
initial  value 22331.703347 
iter  10 value 19406.088459
iter  20 value 16868.452251
iter  30 value 15987.379103
iter  40 value 15839.117185
iter  50 value 15780.355976
iter  60 value 15777.498944
iter  70 value 15763.361820
iter  80 value 15752.995896
iter  90 value 15750.032819
iter 100 value 15731.594956
final  value 15731.594956 
stopped after 100 iterations
# weights:  46
initial  value 22318.826462 
iter  10 value 20385.668460
iter  20 value 19979.921763
iter  30 value 18991.295616
iter  40 value 17844.735349
iter  50 value 17223.060367
iter  60 value 16549.083561
iter  70 value 15846.389258
iter  80 value 15582.364585
iter  90 value 15507.243890
iter 100 value 15473.901550
final  value 15473.901550 
stopped after 100 iterations
# weights:  46
initial  value 23203.496393 
iter  10 value 19987.532654
iter  20 value 18901.146354
iter  30 value 17959.383234
iter  40 value 16819.428965
iter  50 value 16063.702055
iter  60 value 15678.645768
iter  70 value 15568.131596
iter  80 value 15518.440344
iter  90 value 15466.682957
iter 100 value 15441.627496
final  value 15441.627496 
stopped after 100 iterations

### [bt]: Job terminated successfully [batchtools job.id=351]
### [bt]: Calculation finished!
