### [bt]: This is batchtools v0.9.17
### [bt]: Starting calculation of 1 jobs
### [bt]: Setting working directory to '/content/drive/MyDrive/GitHub/Mater_Thesis_Calibration'
ece.R :
Friedmann_tasks.R :
Functions.R :
ici.R :
mse_feature_effects.R :
PipeOpCalibration.R :
PipeOpCalibrationUnion.R :
### [bt]: Memory measurement disabled
### [bt]: Starting job [batchtools job.id=1553]
### [bt]: Generating problem instance for problem '22f4988139232849' ...
### [bt]: Applying algorithm 'run_learner' on problem '22f4988139232849' for job 1553 (seed = 1676) ...
INFO  [20:50:43.267] [mlr3] Applying learner 'nnet calibrated platt union' on task 'nomao' (iter 3/10)
# weights:  442
initial  value 21571.858417 
iter  10 value 13868.972729
iter  20 value 13104.493961
iter  30 value 9297.709063
iter  40 value 5711.742961
iter  50 value 4646.763299
iter  60 value 4461.961004
iter  70 value 4392.949440
iter  80 value 4335.241959
iter  90 value 4234.004267
iter 100 value 4132.734395
final  value 4132.734395 
stopped after 100 iterations
# weights:  442
initial  value 18395.397372 
iter  10 value 5190.886509
iter  20 value 4237.643645
iter  30 value 3597.656399
iter  40 value 3192.443955
iter  50 value 3031.465366
iter  60 value 2929.908424
iter  70 value 2812.147703
iter  80 value 2768.487868
iter  90 value 2734.368651
iter 100 value 2713.507650
final  value 2713.507650 
stopped after 100 iterations
# weights:  442
initial  value 15196.081541 
iter  10 value 4608.094385
iter  20 value 3449.112406
iter  30 value 3136.545580
iter  40 value 2965.997678
iter  50 value 2857.442115
iter  60 value 2771.220577
iter  70 value 2731.588968
iter  80 value 2692.337083
iter  90 value 2675.488196
iter 100 value 2646.903665
final  value 2646.903665 
stopped after 100 iterations
# weights:  442
initial  value 19570.005437 
iter  10 value 5208.377325
iter  20 value 4207.830409
iter  30 value 3625.250835
iter  40 value 3277.327223
iter  50 value 3085.938833
iter  60 value 2883.607719
iter  70 value 2731.806468
iter  80 value 2583.436259
iter  90 value 2501.553092
iter 100 value 2461.330830
final  value 2461.330830 
stopped after 100 iterations
# weights:  442
initial  value 15961.745083 
iter  10 value 8127.005995
iter  20 value 5379.012055
iter  30 value 4043.452299
iter  40 value 3737.024470
iter  50 value 3461.724400
iter  60 value 3285.660854
iter  70 value 3127.632015
iter  80 value 2949.270769
iter  90 value 2853.950755
iter 100 value 2792.072458
final  value 2792.072458 
stopped after 100 iterations

### [bt]: Job terminated successfully [batchtools job.id=1553]
### [bt]: Calculation finished!
