### [bt]: This is batchtools v0.9.17
### [bt]: Starting calculation of 1 jobs
### [bt]: Setting working directory to '/content/drive/MyDrive/GitHub/Mater_Thesis_Calibration'
ece.R :
Friedmann_tasks.R :
Functions.R :
ici.R :
mse_feature_effects.R :
PipeOpCalibration.R :
PipeOpCalibrationUnion.R :
### [bt]: Memory measurement disabled
### [bt]: Starting job [batchtools job.id=3187]
### [bt]: Generating problem instance for problem '358d8f8187803581' ...
### [bt]: Applying algorithm 'run_learner' on problem '358d8f8187803581' for job 3187 (seed = 3310) ...
INFO  [16:59:32.460] [mlr3] Applying learner 'xgboost calibrated beta cv3' on task 'electricity' (iter 7/10)
[1] -34.95636
[1] 33.52853
[1] -38.11402
[1] 32.24662
[1] -32.25602
[1] 36.90115

### [bt]: Job terminated successfully [batchtools job.id=3187]
### [bt]: Calculation finished!
