### [bt]: This is batchtools v0.9.17
### [bt]: Starting calculation of 1 jobs
### [bt]: Setting working directory to '/content/drive/MyDrive/GitHub/Mater_Thesis_Calibration'
ece.R :
Friedmann_tasks.R :
Functions.R :
ici.R :
mse_feature_effects.R :
PipeOpCalibration.R :
PipeOpCalibrationUnion.R :
### [bt]: Memory measurement disabled
### [bt]: Starting job [batchtools job.id=5632]
### [bt]: Generating problem instance for problem 'cfb05fadfc1e266b' ...
### [bt]: Applying algorithm 'run_learner' on problem 'cfb05fadfc1e266b' for job 5632 (seed = 5755) ...
INFO  [21:14:29.971] [mlr3] Applying learner 'glmnet calibrated beta cv3' on task 'numerai28.6' (iter 2/10)
[1] 1.247725
[1] 67.20804
[1] -82.38121
[1] -1.525749
[1] -89.22191
[1] -1.656286

### [bt]: Job terminated successfully [batchtools job.id=5632]
### [bt]: Calculation finished!
