### [bt]: This is batchtools v0.9.17
### [bt]: Starting calculation of 1 jobs
### [bt]: Setting working directory to '/content/drive/MyDrive/GitHub/Mater_Thesis_Calibration'
ece.R :
Friedmann_tasks.R :
Functions.R :
ici.R :
mse_feature_effects.R :
PipeOpCalibration.R :
PipeOpCalibrationUnion.R :
### [bt]: Memory measurement disabled
### [bt]: Starting job [batchtools job.id=2843]
### [bt]: Generating problem instance for problem '358d8f8187803581' ...
### [bt]: Applying algorithm 'run_learner' on problem '358d8f8187803581' for job 2843 (seed = 2966) ...
INFO  [21:01:05.175] [mlr3] Applying learner 'glmnet calibrated beta cv5' on task 'electricity' (iter 3/10)
[1] -54.74398
[1] 25.424
[1] -54.68424
[1] 26.10324
Warning: glm.fit: fitted probabilities numerically 0 or 1 occurred
This happened PipeOp classif.glmnet's $train()
[1] -50.58401
[1] 31.01592
Warning: glm.fit: fitted probabilities numerically 0 or 1 occurred
This happened PipeOp classif.glmnet's $train()
[1] -49.31878
[1] 30.38249
[1] -56.29031
[1] 21.41893

### [bt]: Job terminated successfully [batchtools job.id=2843]
### [bt]: Calculation finished!
