### [bt]: This is batchtools v0.9.17
### [bt]: Starting calculation of 1 jobs
### [bt]: Setting working directory to '/content/drive/MyDrive/GitHub/Mater_Thesis_Calibration'
ece.R :
Friedmann_tasks.R :
Functions.R :
ici.R :
mse_feature_effects.R :
PipeOpCalibration.R :
PipeOpCalibrationUnion.R :
### [bt]: Memory measurement disabled
### [bt]: Starting job [batchtools job.id=827]
### [bt]: Generating problem instance for problem '341ee781c7d79b8f' ...
### [bt]: Applying algorithm 'run_learner' on problem '341ee781c7d79b8f' for job 827 (seed = 950) ...
INFO  [19:59:48.856] [mlr3] Applying learner 'nnet calibrated isotonic union' on task 'wdbc' (iter 7/10)
# weights:  97
initial  value 315.492383 
final  value 271.884421 
converged
# weights:  97
initial  value 338.812121 
iter  10 value 268.890400
iter  20 value 268.875228
iter  20 value 268.875228
iter  20 value 268.875225
final  value 268.875225 
converged
# weights:  97
initial  value 283.371485 
final  value 274.672561 
converged
# weights:  97
initial  value 280.438502 
iter  10 value 140.265351
iter  20 value 137.613246
final  value 137.612498 
converged
# weights:  97
initial  value 255.545053 
iter  10 value 115.712224
iter  20 value 66.285191
iter  30 value 66.068935
iter  40 value 61.681495
iter  50 value 61.666177
iter  60 value 61.664485
iter  70 value 61.663287
iter  80 value 61.663238
iter  90 value 61.662944
final  value 61.662905 
converged

### [bt]: Job terminated successfully [batchtools job.id=827]
### [bt]: Calculation finished!
