### [bt]: This is batchtools v0.9.17
### [bt]: Starting calculation of 1 jobs
### [bt]: Setting working directory to '/content/drive/MyDrive/GitHub/Mater_Thesis_Calibration'
ece.R :
Friedmann_tasks.R :
Functions.R :
ici.R :
mse_feature_effects.R :
PipeOpCalibration.R :
PipeOpCalibrationUnion.R :
### [bt]: Memory measurement disabled
### [bt]: Starting job [batchtools job.id=3396]
### [bt]: Generating problem instance for problem 'b541340d6c2eb21d' ...
### [bt]: Applying algorithm 'run_learner' on problem 'b541340d6c2eb21d' for job 3396 (seed = 3519) ...
INFO  [20:15:39.521] [mlr3] Applying learner 'nnet calibrated beta cv5' on task 'kc1' (iter 6/10)
# weights:  70
initial  value 1235.375999 
iter  10 value 616.043614
iter  20 value 564.082578
iter  30 value 555.151319
iter  40 value 550.113273
iter  50 value 548.288100
iter  60 value 547.780820
iter  70 value 547.720970
iter  80 value 547.588293
iter  90 value 547.461959
iter 100 value 547.336463
final  value 547.336463 
stopped after 100 iterations
# weights:  70
initial  value 1570.099066 
iter  10 value 649.837504
iter  20 value 647.161771
iter  30 value 647.136053
iter  40 value 647.127463
iter  50 value 647.102712
iter  60 value 646.961039
iter  70 value 646.589727
iter  80 value 646.267028
iter  90 value 646.149830
iter 100 value 646.129765
final  value 646.129765 
stopped after 100 iterations
# weights:  70
initial  value 1086.819481 
iter  10 value 598.782945
iter  20 value 574.768816
iter  30 value 564.052910
iter  40 value 551.298799
iter  50 value 549.813018
iter  60 value 544.008950
iter  70 value 539.832865
iter  80 value 533.655630
iter  90 value 531.828451
iter 100 value 531.002690
final  value 531.002690 
stopped after 100 iterations
# weights:  70
initial  value 870.213258 
iter  10 value 538.900994
iter  20 value 532.335864
iter  30 value 529.649475
iter  40 value 528.989081
iter  50 value 527.666743
iter  60 value 526.439518
iter  70 value 526.166037
iter  80 value 525.816332
iter  90 value 525.513290
iter 100 value 525.246920
final  value 525.246920 
stopped after 100 iterations
# weights:  70
initial  value 1268.033800 
iter  10 value 566.828051
iter  20 value 538.140015
iter  30 value 525.024356
iter  40 value 496.546456
iter  50 value 487.759022
iter  60 value 479.802625
iter  70 value 476.214791
iter  80 value 475.150688
iter  90 value 474.507543
iter 100 value 473.934305
final  value 473.934305 
stopped after 100 iterations
[1] -328.956
[1] -2.117475
Warning: glm.fit: fitted probabilities numerically 0 or 1 occurred
This happened PipeOp classif.nnet's $train()
Warning: glm.fit: fitted probabilities numerically 0 or 1 occurred
This happened PipeOp classif.nnet's $train()
[1] -29739.72
[1] -158.6195
[1] -208.1842
[1] -3.39877
[1] -63.8217
[1] 35.09891
[1] -1.778439
[1] 22.81479

### [bt]: Job terminated successfully [batchtools job.id=3396]
### [bt]: Calculation finished!
