### [bt]: This is batchtools v0.9.17
### [bt]: Starting calculation of 1 jobs
### [bt]: Setting working directory to '/content/drive/MyDrive/GitHub/Mater_Thesis_Calibration'
ece.R :
Friedmann_tasks.R :
Functions.R :
ici.R :
mse_feature_effects.R :
PipeOpCalibration.R :
PipeOpCalibrationUnion.R :
### [bt]: Memory measurement disabled
### [bt]: Starting job [batchtools job.id=3488]
### [bt]: Generating problem instance for problem 'b541340d6c2eb21d' ...
### [bt]: Applying algorithm 'run_learner' on problem 'b541340d6c2eb21d' for job 3488 (seed = 3611) ...
INFO  [20:15:56.968] [mlr3] Applying learner 'rpart calibrated beta cv3' on task 'kc1' (iter 8/10)
[1] -20.59458
[1] 27.10698
[1] 0.3194503
[1] 29.66746
[1] -3.978821
[1] 38.75104

### [bt]: Job terminated successfully [batchtools job.id=3488]
### [bt]: Calculation finished!
