### [bt]: This is batchtools v0.9.17
### [bt]: Starting calculation of 1 jobs
### [bt]: Setting working directory to '/content/drive/MyDrive/GitHub/Mater_Thesis_Calibration'
ece.R :
Friedmann_tasks.R :
Functions.R :
ici.R :
mse_feature_effects.R :
PipeOpCalibration.R :
PipeOpCalibrationUnion.R :
### [bt]: Memory measurement disabled
### [bt]: Starting job [batchtools job.id=6135]
### [bt]: Generating problem instance for problem '7f16ca74b5d8776b' ...
### [bt]: Applying algorithm 'run_learner' on problem '7f16ca74b5d8776b' for job 6135 (seed = 6258) ...
INFO  [20:23:42.732] [mlr3] Applying learner 'naive_bayes calibrated beta cv3' on task 'churn' (iter 5/10)
[1] -30.13973
[1] 31.47277
[1] -33.09913
[1] 23.88637
[1] -83.96112
[1] 6.358774

### [bt]: Job terminated successfully [batchtools job.id=6135]
### [bt]: Calculation finished!
