### [bt]: This is batchtools v0.9.17
### [bt]: Starting calculation of 1 jobs
### [bt]: Setting working directory to '/content/drive/MyDrive/GitHub/Mater_Thesis_Calibration'
ece.R :
Friedmann_tasks.R :
Functions.R :
ici.R :
mse_feature_effects.R :
PipeOpCalibration.R :
PipeOpCalibrationUnion.R :
### [bt]: Memory measurement disabled
### [bt]: Starting job [batchtools job.id=2034]
### [bt]: Generating problem instance for problem 'cfb05fadfc1e266b' ...
### [bt]: Applying algorithm 'run_learner' on problem 'cfb05fadfc1e266b' for job 2034 (seed = 2157) ...
INFO  [20:58:34.604] [mlr3] Applying learner 'nnet calibrated platt union' on task 'numerai28.6' (iter 4/10)
# weights:  70
initial  value 49090.670602 
iter  10 value 47965.255617
iter  20 value 47918.417400
iter  30 value 47904.561775
iter  40 value 47896.502758
iter  50 value 47889.268851
iter  60 value 47881.741191
iter  70 value 47877.391805
iter  80 value 47875.018512
iter  90 value 47871.751801
iter 100 value 47863.752327
final  value 47863.752327 
stopped after 100 iterations
# weights:  70
initial  value 48128.240774 
iter  10 value 47977.265367
iter  20 value 47932.330565
iter  30 value 47910.927309
iter  40 value 47896.793788
iter  50 value 47887.511039
iter  60 value 47884.354425
iter  70 value 47881.750877
iter  80 value 47880.103743
iter  90 value 47878.891162
iter 100 value 47877.754074
final  value 47877.754074 
stopped after 100 iterations
# weights:  70
initial  value 48384.875773 
iter  10 value 47955.220905
iter  20 value 47934.020858
iter  30 value 47906.870054
iter  40 value 47900.263165
iter  50 value 47895.233332
iter  60 value 47893.445777
iter  70 value 47889.133414
iter  80 value 47885.358850
iter  90 value 47881.088663
iter 100 value 47874.617060
final  value 47874.617060 
stopped after 100 iterations
# weights:  70
initial  value 48804.489840 
iter  10 value 48073.540893
iter  20 value 48006.069350
iter  30 value 47983.466546
iter  40 value 47961.154871
iter  50 value 47942.196633
iter  60 value 47935.583050
iter  70 value 47930.374714
iter  80 value 47927.722215
iter  90 value 47926.541363
iter 100 value 47925.837186
final  value 47925.837186 
stopped after 100 iterations
# weights:  70
initial  value 54573.331307 
iter  10 value 48023.403094
iter  20 value 47974.387389
iter  30 value 47937.974161
iter  40 value 47918.998693
iter  50 value 47908.555033
iter  60 value 47904.096305
iter  70 value 47896.391884
iter  80 value 47892.949897
iter  90 value 47888.330054
iter 100 value 47881.297539
final  value 47881.297539 
stopped after 100 iterations

### [bt]: Job terminated successfully [batchtools job.id=2034]
### [bt]: Calculation finished!
