### [bt]: This is batchtools v0.9.17
### [bt]: Starting calculation of 1 jobs
### [bt]: Setting working directory to '/content/drive/MyDrive/GitHub/Mater_Thesis_Calibration'
ece.R :
Friedmann_tasks.R :
Functions.R :
ici.R :
mse_feature_effects.R :
PipeOpCalibration.R :
PipeOpCalibrationUnion.R :
### [bt]: Memory measurement disabled
### [bt]: Starting job [batchtools job.id=1776]
### [bt]: Generating problem instance for problem '0ecb79b078d7aa0a' ...
### [bt]: Applying algorithm 'run_learner' on problem '0ecb79b078d7aa0a' for job 1776 (seed = 1899) ...
INFO  [20:03:38.079] [mlr3] Applying learner 'nnet calibrated beta union' on task 'PhishingWebsites' (iter 6/10)
# weights:  121
initial  value 5643.376725 
iter  10 value 1364.978855
iter  20 value 1042.003905
iter  30 value 967.028484
iter  40 value 931.658187
iter  50 value 906.463260
iter  60 value 885.929020
iter  70 value 865.507519
iter  80 value 848.743125
iter  90 value 834.825030
iter 100 value 821.299075
final  value 821.299075 
stopped after 100 iterations
# weights:  121
initial  value 7602.386160 
iter  10 value 1667.018532
iter  20 value 1071.622468
iter  30 value 967.142141
iter  40 value 927.951969
iter  50 value 908.405708
iter  60 value 857.659234
iter  70 value 840.682608
iter  80 value 836.997310
iter  90 value 833.524113
iter 100 value 831.216786
final  value 831.216786 
stopped after 100 iterations
# weights:  121
initial  value 5608.268400 
iter  10 value 2011.364068
iter  20 value 1630.698015
iter  30 value 1275.431610
iter  40 value 1072.690139
iter  50 value 982.852411
iter  60 value 955.165343
iter  70 value 946.102299
iter  80 value 943.979791
iter  90 value 940.875540
iter 100 value 934.963663
final  value 934.963663 
stopped after 100 iterations
# weights:  121
initial  value 7307.932175 
iter  10 value 2098.688782
iter  20 value 1433.489411
iter  30 value 1285.270780
iter  40 value 1212.837480
iter  50 value 1191.750246
iter  60 value 1170.947025
iter  70 value 1151.641326
iter  80 value 1149.917565
iter  90 value 1149.107176
iter 100 value 1146.169237
final  value 1146.169237 
stopped after 100 iterations
# weights:  121
initial  value 5553.304696 
iter  10 value 1735.353499
iter  20 value 1487.526031
iter  30 value 1373.929028
iter  40 value 1259.239370
iter  50 value 1212.334952
iter  60 value 1195.232803
iter  70 value 1181.653689
iter  80 value 1163.256573
iter  90 value 1051.818924
iter 100 value 1005.036849
final  value 1005.036849 
stopped after 100 iterations
Warning: glm.fit: fitted probabilities numerically 0 or 1 occurred
This happened PipeOp classif.nnet's $train()
[1] -37.28953
[1] 19.18833

### [bt]: Job terminated successfully [batchtools job.id=1776]
### [bt]: Calculation finished!
