### [bt]: This is batchtools v0.9.17
### [bt]: Starting calculation of 1 jobs
### [bt]: Setting working directory to '/content/drive/MyDrive/GitHub/Mater_Thesis_Calibration'
ece.R :
Friedmann_tasks.R :
Functions.R :
ici.R :
mse_feature_effects.R :
PipeOpCalibration.R :
PipeOpCalibrationUnion.R :
### [bt]: Memory measurement disabled
### [bt]: Starting job [batchtools job.id=2444]
### [bt]: Generating problem instance for problem '563768ad2e048da7' ...
### [bt]: Applying algorithm 'run_learner' on problem '563768ad2e048da7' for job 2444 (seed = 2567) ...
INFO  [20:13:56.772] [mlr3] Applying learner 'glmnet calibrated beta cv5' on task 'credit-g' (iter 4/10)
[1] -35.18516
[1] 34.79947
[1] -8.250173
[1] 43.39884
[1] -15.07556
[1] 26.96654
[1] 0.4901177
[1] 46.63497
[1] 0.9485611
[1] 41.51764

### [bt]: Job terminated successfully [batchtools job.id=2444]
### [bt]: Calculation finished!
