### [bt]: This is batchtools v0.9.17
### [bt]: Starting calculation of 1 jobs
### [bt]: Setting working directory to '/content/drive/MyDrive/GitHub/Mater_Thesis_Calibration'
ece.R :
Friedmann_tasks.R :
Functions.R :
ici.R :
mse_feature_effects.R :
PipeOpCalibration.R :
PipeOpCalibrationUnion.R :
### [bt]: Memory measurement disabled
### [bt]: Starting job [batchtools job.id=5100]
### [bt]: Generating problem instance for problem '22f4988139232849' ...
### [bt]: Applying algorithm 'run_learner' on problem '22f4988139232849' for job 5100 (seed = 5223) ...
INFO  [21:14:03.638] [mlr3] Applying learner 'rpart calibrated beta cv5' on task 'nomao' (iter 10/10)
[1] -29.96497
[1] 25.99942
Warning: glm.fit: fitted probabilities numerically 0 or 1 occurred
This happened PipeOp classif.rpart's $train()
[1] -16.93837
[1] 40.77795
Warning: glm.fit: fitted probabilities numerically 0 or 1 occurred
This happened PipeOp classif.rpart's $train()
[1] -47.13468
[1] 7.642602
Warning: glm.fit: fitted probabilities numerically 0 or 1 occurred
This happened PipeOp classif.rpart's $train()
[1] -32.20589
[1] 26.62263
Warning: glm.fit: fitted probabilities numerically 0 or 1 occurred
This happened PipeOp classif.rpart's $train()
[1] -39.32767
[1] 8.178502

### [bt]: Job terminated successfully [batchtools job.id=5100]
### [bt]: Calculation finished!
