### [bt]: This is batchtools v0.9.17
### [bt]: Starting calculation of 1 jobs
### [bt]: Setting working directory to '/content/drive/MyDrive/GitHub/Mater_Thesis_Calibration'
ece.R :
Friedmann_tasks.R :
Functions.R :
ici.R :
mse_feature_effects.R :
PipeOpCalibration.R :
PipeOpCalibrationUnion.R :
### [bt]: Memory measurement disabled
### [bt]: Starting job [batchtools job.id=2739]
### [bt]: Generating problem instance for problem '563768ad2e048da7' ...
### [bt]: Applying algorithm 'run_learner' on problem '563768ad2e048da7' for job 2739 (seed = 2862) ...
INFO  [20:14:34.862] [mlr3] Applying learner 'svm calibrated beta cv3' on task 'credit-g' (iter 9/10)
Warning in svm.default(x = data, y = task$truth(), probability = (self$predict_type ==  :
  Variable(s) ‘personal_status.female.single’ and ‘purpose.vacation’ constant. Cannot scale data.
This happened PipeOp classif.svm's $train()
This happened PipeOp classif.svm's $train()
Warning in svm.default(x = data, y = task$truth(), probability = (self$predict_type ==  :
  Variable(s) ‘personal_status.female.single’ and ‘purpose.vacation’ constant. Cannot scale data.
This happened PipeOp classif.svm's $train()
This happened PipeOp classif.svm's $train()
Warning in svm.default(x = data, y = task$truth(), probability = (self$predict_type ==  :
  Variable(s) ‘personal_status.female.single’ and ‘purpose.vacation’ constant. Cannot scale data.
This happened PipeOp classif.svm's $train()
This happened PipeOp classif.svm's $train()
[1] -1.406088
[1] -20.07493
[1] 0.3542633
[1] 37.62017
[1] -1.879555
[1] -32.28443

### [bt]: Job terminated successfully [batchtools job.id=2739]
### [bt]: Calculation finished!
