### [bt]: This is batchtools v0.9.17
### [bt]: Starting calculation of 1 jobs
### [bt]: Setting working directory to '/content/drive/MyDrive/GitHub/Mater_Thesis_Calibration'
ece.R :
Friedmann_tasks.R :
Functions.R :
ici.R :
mse_feature_effects.R :
PipeOpCalibration.R :
PipeOpCalibrationUnion.R :
### [bt]: Memory measurement disabled
### [bt]: Starting job [batchtools job.id=1777]
### [bt]: Generating problem instance for problem '0ecb79b078d7aa0a' ...
### [bt]: Applying algorithm 'run_learner' on problem '0ecb79b078d7aa0a' for job 1777 (seed = 1900) ...
INFO  [20:03:38.598] [mlr3] Applying learner 'nnet calibrated beta union' on task 'PhishingWebsites' (iter 7/10)
# weights:  121
initial  value 5577.261558 
iter  10 value 1948.076716
iter  20 value 1501.469890
iter  30 value 1413.398329
iter  40 value 1298.635371
iter  50 value 1184.984244
iter  60 value 1047.613152
iter  70 value 977.200208
iter  80 value 933.123269
iter  90 value 896.047297
iter 100 value 874.372355
final  value 874.372355 
stopped after 100 iterations
# weights:  121
initial  value 5244.460918 
iter  10 value 1606.015397
iter  20 value 1025.890601
iter  30 value 959.244802
iter  40 value 944.019816
iter  50 value 901.882949
iter  60 value 875.795990
iter  70 value 848.515222
iter  80 value 825.300949
iter  90 value 807.775185
iter 100 value 802.766537
final  value 802.766537 
stopped after 100 iterations
# weights:  121
initial  value 5493.166825 
iter  10 value 1769.118954
iter  20 value 1179.696650
iter  30 value 999.040130
iter  40 value 973.556004
iter  50 value 952.929403
iter  60 value 942.479171
iter  70 value 931.904097
iter  80 value 927.196735
iter  90 value 922.408702
iter 100 value 919.498870
final  value 919.498870 
stopped after 100 iterations
# weights:  121
initial  value 5932.968274 
iter  10 value 1557.156341
iter  20 value 1225.377430
iter  30 value 1131.347269
iter  40 value 1080.239185
iter  50 value 1039.818874
iter  60 value 1008.757542
iter  70 value 992.349319
iter  80 value 979.979104
iter  90 value 969.859744
iter 100 value 961.216581
final  value 961.216581 
stopped after 100 iterations
# weights:  121
initial  value 5639.740413 
iter  10 value 1928.598066
iter  20 value 1364.881164
iter  30 value 1221.265350
iter  40 value 1162.917764
iter  50 value 1092.301443
iter  60 value 1074.818639
iter  70 value 1065.146009
iter  80 value 1050.826012
iter  90 value 1042.125729
iter 100 value 1028.301326
final  value 1028.301326 
stopped after 100 iterations
Warning: glm.fit: fitted probabilities numerically 0 or 1 occurred
This happened PipeOp classif.nnet's $train()
[1] -36.05768
[1] 23.44053

### [bt]: Job terminated successfully [batchtools job.id=1777]
### [bt]: Calculation finished!
