### [bt]: This is batchtools v0.9.17
### [bt]: Starting calculation of 1 jobs
### [bt]: Setting working directory to '/content/drive/MyDrive/GitHub/Mater_Thesis_Calibration'
ece.R :
Friedmann_tasks.R :
Functions.R :
ici.R :
mse_feature_effects.R :
PipeOpCalibration.R :
PipeOpCalibrationUnion.R :
### [bt]: Memory measurement disabled
### [bt]: Starting job [batchtools job.id=820]
### [bt]: Generating problem instance for problem '341ee781c7d79b8f' ...
### [bt]: Applying algorithm 'run_learner' on problem '341ee781c7d79b8f' for job 820 (seed = 943) ...
INFO  [19:59:48.122] [mlr3] Applying learner 'nnet calibrated beta union' on task 'wdbc' (iter 10/10)
# weights:  97
initial  value 272.704039 
final  value 268.696610 
converged
# weights:  97
initial  value 316.615999 
iter  10 value 153.948701
iter  20 value 141.938284
iter  30 value 141.854351
iter  40 value 136.227599
iter  50 value 135.392743
iter  60 value 135.392448
final  value 135.392356 
converged
# weights:  97
initial  value 350.588689 
final  value 266.967305 
converged
# weights:  97
initial  value 314.674274 
iter  10 value 110.230713
iter  20 value 100.529803
iter  30 value 93.458136
iter  40 value 90.239868
iter  50 value 84.733714
iter  60 value 71.654213
iter  70 value 68.570714
iter  80 value 62.937716
iter  90 value 43.186462
iter 100 value 24.548117
final  value 24.548117 
stopped after 100 iterations
# weights:  97
initial  value 273.889708 
final  value 272.345492 
converged
[1] -6.990109
[1] 58.7846

### [bt]: Job terminated successfully [batchtools job.id=820]
### [bt]: Calculation finished!
