### [bt]: This is batchtools v0.9.17
### [bt]: Starting calculation of 1 jobs
### [bt]: Setting working directory to '/content/drive/MyDrive/GitHub/Mater_Thesis_Calibration'
ece.R :
Friedmann_tasks.R :
Functions.R :
ici.R :
mse_feature_effects.R :
PipeOpCalibration.R :
PipeOpCalibrationUnion.R :
### [bt]: Memory measurement disabled
### [bt]: Starting job [batchtools job.id=2993]
### [bt]: Generating problem instance for problem '358d8f8187803581' ...
### [bt]: Applying algorithm 'run_learner' on problem '358d8f8187803581' for job 2993 (seed = 3116) ...
INFO  [21:03:48.209] [mlr3] Applying learner 'nnet calibrated beta cv5' on task 'electricity' (iter 3/10)
# weights:  46
initial  value 27208.244723 
iter  10 value 20158.145645
iter  20 value 17296.780263
iter  30 value 16530.989708
iter  40 value 15988.789620
iter  50 value 15709.730619
iter  60 value 15528.176039
iter  70 value 15374.450175
iter  80 value 15320.500701
iter  90 value 15285.015548
iter 100 value 15277.656476
final  value 15277.656476 
stopped after 100 iterations
# weights:  46
initial  value 26431.590617 
iter  10 value 21299.641987
iter  20 value 18799.517118
iter  30 value 17426.716608
iter  40 value 16069.023255
iter  50 value 15837.857554
iter  60 value 15708.038175
iter  70 value 15574.349747
iter  80 value 15549.861955
iter  90 value 15525.923615
iter 100 value 15517.921254
final  value 15517.921254 
stopped after 100 iterations
# weights:  46
initial  value 23130.663355 
iter  10 value 19527.329160
iter  20 value 17527.330014
iter  30 value 16714.230160
iter  40 value 16032.091712
iter  50 value 15758.619651
iter  60 value 15556.666483
iter  70 value 15277.089080
iter  80 value 15149.840445
iter  90 value 15005.902181
iter 100 value 14930.552252
final  value 14930.552252 
stopped after 100 iterations
# weights:  46
initial  value 22675.001236 
iter  10 value 20362.272477
iter  20 value 18458.712899
iter  30 value 17639.240440
iter  40 value 16814.035773
iter  50 value 16103.481303
iter  60 value 15793.802045
iter  70 value 15740.072224
iter  80 value 15571.338618
iter  90 value 15463.833143
iter 100 value 15431.323377
final  value 15431.323377 
stopped after 100 iterations
# weights:  46
initial  value 22554.328040 
iter  10 value 20273.722063
iter  20 value 19389.163594
iter  30 value 18077.386784
iter  40 value 16810.174178
iter  50 value 16113.625741
iter  60 value 15877.388040
iter  70 value 15767.869082
iter  80 value 15733.931467
iter  90 value 15711.735541
iter 100 value 15705.537994
final  value 15705.537994 
stopped after 100 iterations
[1] -43.87434
[1] 26.58391
[1] -38.18709
[1] 35.44629
[1] -33.79778
[1] 39.04989
[1] -37.87152
[1] 35.82243
[1] -42.75057
[1] 34.56791

### [bt]: Job terminated successfully [batchtools job.id=2993]
### [bt]: Calculation finished!
