### [bt]: This is batchtools v0.9.17
### [bt]: Starting calculation of 1 jobs
### [bt]: Setting working directory to '/content/drive/MyDrive/GitHub/Mater_Thesis_Calibration'
ece.R :
Friedmann_tasks.R :
Functions.R :
ici.R :
mse_feature_effects.R :
PipeOpCalibration.R :
PipeOpCalibrationUnion.R :
### [bt]: Memory measurement disabled
### [bt]: Starting job [batchtools job.id=3896]
### [bt]: Generating problem instance for problem '341ee781c7d79b8f' ...
### [bt]: Applying algorithm 'run_learner' on problem '341ee781c7d79b8f' for job 3896 (seed = 4019) ...
INFO  [20:16:59.832] [mlr3] Applying learner 'rpart calibrated beta cv5' on task 'wdbc' (iter 6/10)
[1] -19.13793
[1] 21.66968
[1] 3.166748
[1] 79.07903
[1] 0.3445549
[1] 52.45094
[1] -27.14834
[1] 36.86559
[1] -15.31544
[1] 39.12371

### [bt]: Job terminated successfully [batchtools job.id=3896]
### [bt]: Calculation finished!
