### [bt]: This is batchtools v0.9.17
### [bt]: Starting calculation of 1 jobs
### [bt]: Setting working directory to '/content/drive/MyDrive/GitHub/Mater_Thesis_Calibration'
ece.R :
Friedmann_tasks.R :
Functions.R :
ici.R :
mse_feature_effects.R :
PipeOpCalibration.R :
PipeOpCalibrationUnion.R :
### [bt]: Memory measurement disabled
### [bt]: Starting job [batchtools job.id=4383]
### [bt]: Generating problem instance for problem 'a6b2cabd9f84c607' ...
### [bt]: Applying algorithm 'run_learner' on problem 'a6b2cabd9f84c607' for job 4383 (seed = 4506) ...
INFO  [20:18:15.841] [mlr3] Applying learner 'xgboost calibrated beta cv3' on task 'phoneme' (iter 3/10)
[1] -29.7574
[1] 29.14183
[1] -25.41859
[1] 26.61296
[1] -27.97467
[1] 32.17743

### [bt]: Job terminated successfully [batchtools job.id=4383]
### [bt]: Calculation finished!
