### [bt]: This is batchtools v0.9.17
### [bt]: Starting calculation of 1 jobs
### [bt]: Setting working directory to '/content/drive/MyDrive/GitHub/Mater_Thesis_Calibration'
ece.R :
Friedmann_tasks.R :
Functions.R :
ici.R :
mse_feature_effects.R :
PipeOpCalibration.R :
PipeOpCalibrationUnion.R :
### [bt]: Memory measurement disabled
### [bt]: Starting job [batchtools job.id=2020]
### [bt]: Generating problem instance for problem 'cfb05fadfc1e266b' ...
### [bt]: Applying algorithm 'run_learner' on problem 'cfb05fadfc1e266b' for job 2020 (seed = 2143) ...
INFO  [20:57:57.323] [mlr3] Applying learner 'nnet calibrated beta union' on task 'numerai28.6' (iter 10/10)
# weights:  70
initial  value 48443.719919 
iter  10 value 47964.630234
iter  20 value 47931.082431
iter  30 value 47909.232825
iter  40 value 47899.518866
iter  50 value 47895.749138
iter  60 value 47891.440171
iter  70 value 47887.710388
iter  80 value 47880.691198
iter  90 value 47875.946614
iter 100 value 47867.423442
final  value 47867.423442 
stopped after 100 iterations
# weights:  70
initial  value 52774.751352 
iter  10 value 48011.004294
iter  20 value 47934.870458
iter  30 value 47913.514588
iter  40 value 47906.852320
iter  50 value 47900.617155
iter  60 value 47891.138694
iter  70 value 47888.512308
iter  80 value 47886.107210
iter  90 value 47885.361231
iter 100 value 47885.105641
final  value 47885.105641 
stopped after 100 iterations
# weights:  70
initial  value 48191.263581 
iter  10 value 47973.659448
iter  20 value 47941.922898
iter  30 value 47913.125719
iter  40 value 47893.290376
iter  50 value 47875.309059
iter  60 value 47866.351223
iter  70 value 47854.645650
iter  80 value 47846.896773
iter  90 value 47841.423564
iter 100 value 47838.804154
final  value 47838.804154 
stopped after 100 iterations
# weights:  70
initial  value 48134.360858 
iter  10 value 47980.160310
iter  20 value 47941.468604
iter  30 value 47920.090897
iter  40 value 47907.655679
iter  50 value 47898.761504
iter  60 value 47895.957213
iter  70 value 47891.727763
iter  80 value 47888.830744
iter  90 value 47886.206968
iter 100 value 47883.153845
final  value 47883.153845 
stopped after 100 iterations
# weights:  70
initial  value 48171.640512 
iter  10 value 47978.378268
iter  20 value 47935.632207
iter  30 value 47905.337052
iter  40 value 47888.124358
iter  50 value 47881.536572
iter  60 value 47875.192477
iter  70 value 47869.929077
iter  80 value 47860.554829
iter  90 value 47845.829067
iter 100 value 47840.960700
final  value 47840.960700 
stopped after 100 iterations
[1] 0.664725
[1] 35.26535

### [bt]: Job terminated successfully [batchtools job.id=2020]
### [bt]: Calculation finished!
