### [bt]: This is batchtools v0.9.17
### [bt]: Starting calculation of 1 jobs
### [bt]: Setting working directory to '/content/drive/MyDrive/GitHub/Mater_Thesis_Calibration'
ece.R :
Friedmann_tasks.R :
Functions.R :
ici.R :
mse_feature_effects.R :
PipeOpCalibration.R :
PipeOpCalibrationUnion.R :
### [bt]: Memory measurement disabled
### [bt]: Starting job [batchtools job.id=5898]
### [bt]: Generating problem instance for problem 'cfb05fadfc1e266b' ...
### [bt]: Applying algorithm 'run_learner' on problem 'cfb05fadfc1e266b' for job 5898 (seed = 6021) ...
INFO  [21:20:27.482] [mlr3] Applying learner 'rpart calibrated beta cv5' on task 'numerai28.6' (iter 8/10)
[1] 0.02129803
[1] -0.09071822
[1] -0.07814836
[1] 0.4841101
[1] 0.04189741
[1] 0.1701122
[1] -0.1828261
[1] 0.1302508
[1] -0.05980956
[1] 0.007528498

### [bt]: Job terminated successfully [batchtools job.id=5898]
### [bt]: Calculation finished!
