### [bt]: This is batchtools v0.9.17
### [bt]: Starting calculation of 1 jobs
### [bt]: Setting working directory to '/content/drive/MyDrive/GitHub/Mater_Thesis_Calibration'
ece.R :
Friedmann_tasks.R :
Functions.R :
ici.R :
mse_feature_effects.R :
PipeOpCalibration.R :
PipeOpCalibrationUnion.R :
### [bt]: Memory measurement disabled
### [bt]: Starting job [batchtools job.id=2450]
### [bt]: Generating problem instance for problem '563768ad2e048da7' ...
### [bt]: Applying algorithm 'run_learner' on problem '563768ad2e048da7' for job 2450 (seed = 2573) ...
INFO  [20:13:58.543] [mlr3] Applying learner 'glmnet calibrated beta cv5' on task 'credit-g' (iter 10/10)
[1] -16.10702
[1] 36.51331
[1] -1.521412
[1] 38.16991
[1] -103.0902
[1] 13.28936
[1] 0.2324372
[1] 30.78799
[1] -66.80694
[1] 12.47506

### [bt]: Job terminated successfully [batchtools job.id=2450]
### [bt]: Calculation finished!
