### [bt]: This is batchtools v0.9.17
### [bt]: Starting calculation of 1 jobs
### [bt]: Setting working directory to '/content/drive/MyDrive/GitHub/Mater_Thesis_Calibration'
ece.R :
Friedmann_tasks.R :
Functions.R :
ici.R :
mse_feature_effects.R :
PipeOpCalibration.R :
PipeOpCalibrationUnion.R :
### [bt]: Memory measurement disabled
### [bt]: Starting job [batchtools job.id=2645]
### [bt]: Generating problem instance for problem '563768ad2e048da7' ...
### [bt]: Applying algorithm 'run_learner' on problem '563768ad2e048da7' for job 2645 (seed = 2768) ...
INFO  [20:14:23.920] [mlr3] Applying learner 'ranger calibrated beta cv5' on task 'credit-g' (iter 5/10)
[1] -76.01363
[1] 12.51649
[1] -43.62457
[1] 41.10155
[1] -79.22776
[1] 36.09969
[1] -136.2248
[1] 3.665605
[1] -97.15572
[1] 12.90054

### [bt]: Job terminated successfully [batchtools job.id=2645]
### [bt]: Calculation finished!
