### [bt]: This is batchtools v0.9.17
### [bt]: Starting calculation of 1 jobs
### [bt]: Setting working directory to '/content/drive/MyDrive/GitHub/Mater_Thesis_Calibration'
ece.R :
Friedmann_tasks.R :
Functions.R :
ici.R :
mse_feature_effects.R :
PipeOpCalibration.R :
PipeOpCalibrationUnion.R :
### [bt]: Memory measurement disabled
### [bt]: Starting job [batchtools job.id=5755]
### [bt]: Generating problem instance for problem 'cfb05fadfc1e266b' ...
### [bt]: Applying algorithm 'run_learner' on problem 'cfb05fadfc1e266b' for job 5755 (seed = 5878) ...
INFO  [21:18:45.930] [mlr3] Applying learner 'nnet calibrated beta 70' on task 'numerai28.6' (iter 5/10)
# weights:  70
initial  value 42060.201584 
iter  10 value 41963.228971
iter  20 value 41937.813028
iter  30 value 41914.688312
iter  40 value 41901.205498
iter  50 value 41891.922242
iter  60 value 41883.750111
iter  70 value 41873.580807
iter  80 value 41865.584906
iter  90 value 41860.354693
iter 100 value 41857.153540
final  value 41857.153540 
stopped after 100 iterations
[1] 0.6130479
[1] 32.26061

### [bt]: Job terminated successfully [batchtools job.id=5755]
### [bt]: Calculation finished!
