### [bt]: This is batchtools v0.9.17
### [bt]: Starting calculation of 1 jobs
### [bt]: Setting working directory to '/content/drive/MyDrive/GitHub/Mater_Thesis_Calibration'
ece.R :
Friedmann_tasks.R :
Functions.R :
ici.R :
mse_feature_effects.R :
PipeOpCalibration.R :
PipeOpCalibrationUnion.R :
### [bt]: Memory measurement disabled
### [bt]: Starting job [batchtools job.id=4440]
### [bt]: Generating problem instance for problem 'c27a1cbf9c91424a' ...
### [bt]: Applying algorithm 'run_learner' on problem 'c27a1cbf9c91424a' for job 4440 (seed = 4563) ...
INFO  [20:18:31.053] [mlr3] Applying learner 'glmnet calibrated beta cv3' on task 'ilpd' (iter 10/10)
[1] -17.64555
[1] 48.92114
[1] -38.70919
[1] 19.50628
Warning: glm.fit: fitted probabilities numerically 0 or 1 occurred
This happened PipeOp classif.glmnet's $train()
Warning: glm.fit: fitted probabilities numerically 0 or 1 occurred
This happened PipeOp classif.glmnet's $train()
[1] 2.325408
[1] 102.8588

### [bt]: Job terminated successfully [batchtools job.id=4440]
### [bt]: Calculation finished!
