### [bt]: This is batchtools v0.9.17
### [bt]: Starting calculation of 1 jobs
### [bt]: Setting working directory to '/content/drive/MyDrive/GitHub/Mater_Thesis_Calibration'
ece.R :
Friedmann_tasks.R :
Functions.R :
ici.R :
mse_feature_effects.R :
PipeOpCalibration.R :
PipeOpCalibrationUnion.R :
### [bt]: Memory measurement disabled
### [bt]: Starting job [batchtools job.id=5738]
### [bt]: Generating problem instance for problem 'cfb05fadfc1e266b' ...
### [bt]: Applying algorithm 'run_learner' on problem 'cfb05fadfc1e266b' for job 5738 (seed = 5861) ...
INFO  [21:17:48.802] [mlr3] Applying learner 'naive_bayes calibrated beta cv3' on task 'numerai28.6' (iter 8/10)
[1] -2.2121
[1] 16.62296
[1] -21.18436
[1] 2.967841
[1] -5.919045
[1] 19.04978

### [bt]: Job terminated successfully [batchtools job.id=5738]
### [bt]: Calculation finished!
