### [bt]: This is batchtools v0.9.17
### [bt]: Starting calculation of 1 jobs
### [bt]: Setting working directory to '/content/drive/MyDrive/GitHub/Mater_Thesis_Calibration'
ece.R :
Friedmann_tasks.R :
Functions.R :
ici.R :
mse_feature_effects.R :
PipeOpCalibration.R :
PipeOpCalibrationUnion.R :
### [bt]: Memory measurement disabled
### [bt]: Starting job [batchtools job.id=3699]
### [bt]: Generating problem instance for problem '341ee781c7d79b8f' ...
### [bt]: Applying algorithm 'run_learner' on problem '341ee781c7d79b8f' for job 3699 (seed = 3822) ...
INFO  [20:16:43.262] [mlr3] Applying learner 'kknn calibrated beta cv5' on task 'wdbc' (iter 9/10)
Warning: glm.fit: fitted probabilities numerically 0 or 1 occurred
This happened PipeOp classif.kknn's $train()
Warning: glm.fit: fitted probabilities numerically 0 or 1 occurred
This happened PipeOp classif.kknn's $train()
[1] -370.936
[1] -4.403355
Warning: glm.fit: fitted probabilities numerically 0 or 1 occurred
This happened PipeOp classif.kknn's $train()
[1] -112.6433
[1] 16.43571
Warning: glm.fit: fitted probabilities numerically 0 or 1 occurred
This happened PipeOp classif.kknn's $train()
[1] -2.306427e+15
[1] 7.1332e+15
Warning: glm.fit: fitted probabilities numerically 0 or 1 occurred
This happened PipeOp classif.kknn's $train()
[1] -287.7131
[1] 0.2070127
Warning: glm.fit: fitted probabilities numerically 0 or 1 occurred
This happened PipeOp classif.kknn's $train()
[1] -202.2317
[1] 34.08488

### [bt]: Job terminated successfully [batchtools job.id=3699]
### [bt]: Calculation finished!
