### [bt]: This is batchtools v0.9.17
### [bt]: Starting calculation of 1 jobs
### [bt]: Setting working directory to '/content/drive/MyDrive/GitHub/Mater_Thesis_Calibration'
ece.R :
Friedmann_tasks.R :
Functions.R :
ici.R :
mse_feature_effects.R :
PipeOpCalibration.R :
PipeOpCalibrationUnion.R :
### [bt]: Memory measurement disabled
### [bt]: Starting job [batchtools job.id=5848]
### [bt]: Generating problem instance for problem 'cfb05fadfc1e266b' ...
### [bt]: Applying algorithm 'run_learner' on problem 'cfb05fadfc1e266b' for job 5848 (seed = 5971) ...
INFO  [06:05:31.924] [mlr3] Applying learner 'ranger calibrated beta cv5' on task 'numerai28.6' (iter 8/10)
Growing trees.. Progress: 14%. Estimated remaining time: 3 minutes, 3 seconds.
Growing trees.. Progress: 29%. Estimated remaining time: 2 minutes, 32 seconds.
Growing trees.. Progress: 43%. Estimated remaining time: 2 minutes, 1 seconds.
Growing trees.. Progress: 58%. Estimated remaining time: 1 minute, 28 seconds.
Growing trees.. Progress: 73%. Estimated remaining time: 58 seconds.
Growing trees.. Progress: 87%. Estimated remaining time: 27 seconds.
Growing trees.. Progress: 14%. Estimated remaining time: 3 minutes, 3 seconds.
Growing trees.. Progress: 29%. Estimated remaining time: 2 minutes, 33 seconds.
Growing trees.. Progress: 43%. Estimated remaining time: 2 minutes, 2 seconds.
Growing trees.. Progress: 57%. Estimated remaining time: 1 minute, 31 seconds.
Growing trees.. Progress: 72%. Estimated remaining time: 1 minute, 1 seconds.
Growing trees.. Progress: 86%. Estimated remaining time: 29 seconds.
Growing trees.. Progress: 13%. Estimated remaining time: 3 minutes, 27 seconds.
Growing trees.. Progress: 26%. Estimated remaining time: 2 minutes, 56 seconds.
Growing trees.. Progress: 39%. Estimated remaining time: 2 minutes, 25 seconds.
Growing trees.. Progress: 52%. Estimated remaining time: 1 minute, 55 seconds.
Growing trees.. Progress: 65%. Estimated remaining time: 1 minute, 24 seconds.
Growing trees.. Progress: 78%. Estimated remaining time: 53 seconds.
Growing trees.. Progress: 91%. Estimated remaining time: 22 seconds.
Growing trees.. Progress: 17%. Estimated remaining time: 2 minutes, 32 seconds.
Growing trees.. Progress: 33%. Estimated remaining time: 2 minutes, 3 seconds.
Growing trees.. Progress: 50%. Estimated remaining time: 1 minute, 32 seconds.
Growing trees.. Progress: 66%. Estimated remaining time: 1 minute, 4 seconds.
Growing trees.. Progress: 80%. Estimated remaining time: 39 seconds.
Growing trees.. Progress: 95%. Estimated remaining time: 10 seconds.
Growing trees.. Progress: 14%. Estimated remaining time: 3 minutes, 5 seconds.
Growing trees.. Progress: 29%. Estimated remaining time: 2 minutes, 31 seconds.
Growing trees.. Progress: 44%. Estimated remaining time: 1 minute, 58 seconds.
Growing trees.. Progress: 60%. Estimated remaining time: 1 minute, 22 seconds.
Growing trees.. Progress: 76%. Estimated remaining time: 49 seconds.
Growing trees.. Progress: 92%. Estimated remaining time: 16 seconds.
[1] 0.267281
[1] 13.78952
[1] -15.55934
[1] 9.834662
[1] 0.4069839
[1] 21.36971
[1] -1.165703
[1] 21.52925
[1] 0.3343109
[1] 16.38705

### [bt]: Job terminated successfully [batchtools job.id=5848]
### [bt]: Calculation finished!
