### [bt]: This is batchtools v0.9.17
### [bt]: Starting calculation of 1 jobs
### [bt]: Setting working directory to '/content/drive/MyDrive/GitHub/Mater_Thesis_Calibration'
ece.R :
Friedmann_tasks.R :
Functions.R :
ici.R :
mse_feature_effects.R :
PipeOpCalibration.R :
PipeOpCalibrationUnion.R :
### [bt]: Memory measurement disabled
### [bt]: Starting job [batchtools job.id=4688]
### [bt]: Generating problem instance for problem 'c27a1cbf9c91424a' ...
### [bt]: Applying algorithm 'run_learner' on problem 'c27a1cbf9c91424a' for job 4688 (seed = 4811) ...
INFO  [20:18:54.410] [mlr3] Applying learner 'rpart calibrated beta cv3' on task 'ilpd' (iter 8/10)
[1] -0.02899203
[1] 19.74295
[1] 0.2069667
[1] 28.95679
[1] -1.226704
[1] 29.32991

### [bt]: Job terminated successfully [batchtools job.id=4688]
### [bt]: Calculation finished!
