### [bt]: This is batchtools v0.9.17
### [bt]: Starting calculation of 1 jobs
### [bt]: Setting working directory to '/content/drive/MyDrive/GitHub/Mater_Thesis_Calibration'
ece.R :
Friedmann_tasks.R :
Functions.R :
ici.R :
mse_feature_effects.R :
PipeOpCalibration_TuningExperiment.R :
PipeOpCalibration.R :
PipeOpCalibrationUnion.R :
### [bt]: Memory measurement disabled
### [bt]: Starting job [batchtools job.id=1936]
### [bt]: Generating problem instance for problem 'c27a1cbf9c91424a' ...
### [bt]: Applying algorithm 'run_learner' on problem 'c27a1cbf9c91424a' for job 1936 (seed = 2059) ...
INFO  [17:26:26.248] [mlr3] Applying learner 'ranger TbC isotonic' on task 'ilpd' (iter 6/10)
INFO  [17:26:27.190] [bbotk] Starting to optimize 4 parameter(s) with '<OptimizerMbo>' and '<TerminatorEvals> [n_evals=100, k=0]'
INFO  [17:26:29.970] [bbotk] Evaluating 16 configuration(s)
INFO  [17:27:02.726] [bbotk] Result of batch 1:
INFO  [17:27:02.790] [bbotk]  mtry.ratio num.trees replace sample.fraction classif.bbrier warnings errors
INFO  [17:27:02.790] [bbotk]  0.55255550       342   FALSE       0.2944655      0.1714758        0      0
INFO  [17:27:02.790] [bbotk]  0.05255549      1342    TRUE       0.7444655      0.1713720        0      0
INFO  [17:27:02.790] [bbotk]  0.80255550      1842    TRUE       0.9694655      0.1688306        0      0
INFO  [17:27:02.790] [bbotk]  0.30255550       842   FALSE       0.5194655      0.1702161        0      0
INFO  [17:27:02.790] [bbotk]  0.92755550       592    TRUE       0.8569655      0.1708473        0      0
INFO  [17:27:02.790] [bbotk]  0.42755550      1592   FALSE       0.4069655      0.1716793        0      0
INFO  [17:27:02.790] [bbotk]  0.17755549        92    TRUE       0.6319655      0.1710427        0      0
INFO  [17:27:02.790] [bbotk]  0.67755550      1092   FALSE       0.1819655      0.1748405        0      0
INFO  [17:27:02.790] [bbotk]  0.24005549      1967   FALSE       0.8007155      0.1695349        0      0
INFO  [17:27:02.790] [bbotk]  0.74005550       967    TRUE       0.3507155      0.1729775        0      0
INFO  [17:27:02.790] [bbotk]  0.49005550       467    TRUE       0.1257155      0.1750821        0      0
INFO  [17:27:02.790] [bbotk]  0.99005550      1467   FALSE       0.5757155      0.1714574        0      0
INFO  [17:27:02.790] [bbotk]  0.61505550      1717    TRUE       0.4632155      0.1724165        0      0
INFO  [17:27:02.790] [bbotk]  0.11505549       717   FALSE       0.9132155      0.1680061        0      0
INFO  [17:27:02.790] [bbotk]  0.86505550       217   FALSE       0.6882155      0.1738541        0      0
INFO  [17:27:02.790] [bbotk]  0.36505550      1217    TRUE       0.2382155      0.1733727        0      0
INFO  [17:27:02.790] [bbotk]  runtime_learners                                uhash
INFO  [17:27:02.790] [bbotk]             0.402 c2b10d1f-6d3d-4438-855b-6333d5bd7490
INFO  [17:27:02.790] [bbotk]             1.646 2710a1b1-133c-411c-a0ae-35c11524d1e4
INFO  [17:27:02.790] [bbotk]             4.511 4ef1501e-8ff2-4cf4-9500-8fa37c04f28d
INFO  [17:27:02.790] [bbotk]             1.174 f54d5025-c1a7-49f1-ae68-d38ad5b15e44
INFO  [17:27:02.790] [bbotk]             2.519 2ea8973a-b1dc-4930-9820-ec1aa0912811
INFO  [17:27:02.790] [bbotk]             3.217 00fc152b-2f77-4043-afa0-43744f392eb9
INFO  [17:27:02.790] [bbotk]             0.195 72de18c4-ee64-452b-a6ec-ddcc9341d54e
INFO  [17:27:02.790] [bbotk]             1.166 b2f993ea-6362-4240-a20a-4dc74ac2dcea
INFO  [17:27:02.790] [bbotk]             2.963 c0a66162-306b-4ff9-aa62-a16884ff2086
INFO  [17:27:02.790] [bbotk]             1.190 058a85aa-c1a5-42e0-b46f-9383d8cc40ec
INFO  [17:27:02.790] [bbotk]             0.451 a929185e-ba3f-4192-b1e0-0b2bf6181d97
INFO  [17:27:02.790] [bbotk]             2.773 a05bfa32-9ae7-446c-99f7-eff92d1ebd24
INFO  [17:27:02.790] [bbotk]             2.495 4858da4c-2f59-468f-8ed2-e26c52e526de
INFO  [17:27:02.790] [bbotk]             1.202 8bd08757-b27a-4f4a-b43e-affed6104143
INFO  [17:27:02.790] [bbotk]             0.764 4f9c9c4a-622e-4d84-be89-6e4d7a4247cc
INFO  [17:27:02.790] [bbotk]             2.330 e1db7e73-dc9e-42c2-b233-85c903ee8601
INFO  [17:27:07.913] [bbotk] Evaluating 1 configuration(s)
INFO  [17:27:12.285] [bbotk] Result of batch 2:
INFO  [17:27:12.377] [bbotk]  mtry.ratio num.trees replace sample.fraction       acq_ei  x_domain
INFO  [17:27:12.377] [bbotk]    0.109487       754   FALSE       0.9124043 7.970484e-05 <list[4]>
INFO  [17:27:12.377] [bbotk]  .already_evaluated classif.bbrier warnings errors runtime_learners
INFO  [17:27:12.377] [bbotk]               FALSE      0.1678475        0      0            4.034
INFO  [17:27:12.377] [bbotk]                                 uhash
INFO  [17:27:12.377] [bbotk]  4178bbec-ade3-4ec0-b85f-a85f56c860c5
INFO  [17:27:16.507] [bbotk] Evaluating 1 configuration(s)
INFO  [17:27:18.879] [bbotk] Result of batch 3:
INFO  [17:27:18.913] [bbotk]  mtry.ratio num.trees replace sample.fraction       acq_ei  x_domain
INFO  [17:27:18.913] [bbotk]   0.1402841       744   FALSE       0.9842456 0.0001768496 <list[4]>
INFO  [17:27:18.913] [bbotk]  .already_evaluated classif.bbrier warnings errors runtime_learners
INFO  [17:27:18.913] [bbotk]               FALSE      0.1687428        0      0            1.779
INFO  [17:27:18.913] [bbotk]                                 uhash
INFO  [17:27:18.913] [bbotk]  45985986-6ee3-4e87-acd7-a9090d0e7500
INFO  [17:27:22.828] [bbotk] Evaluating 1 configuration(s)
INFO  [17:27:24.419] [bbotk] Result of batch 4:
INFO  [17:27:24.555] [bbotk]  mtry.ratio num.trees replace sample.fraction     acq_ei  x_domain
INFO  [17:27:24.555] [bbotk]   0.1139096       645   FALSE       0.8602682 6.1597e-05 <list[4]>
INFO  [17:27:24.555] [bbotk]  .already_evaluated classif.bbrier warnings errors runtime_learners
INFO  [17:27:24.555] [bbotk]               FALSE      0.1691805        0      0            1.201
INFO  [17:27:24.555] [bbotk]                                 uhash
INFO  [17:27:24.555] [bbotk]  4442a75f-f6a3-4120-85fc-b321492d89be
INFO  [17:27:28.046] [bbotk] Evaluating 1 configuration(s)
INFO  [17:27:29.241] [bbotk] Result of batch 5:
INFO  [17:27:29.317] [bbotk]  mtry.ratio num.trees replace sample.fraction       acq_ei  x_domain
INFO  [17:27:29.317] [bbotk]  0.05810667       486   FALSE       0.9195383 2.602896e-05 <list[4]>
INFO  [17:27:29.317] [bbotk]  .already_evaluated classif.bbrier warnings errors runtime_learners
INFO  [17:27:29.317] [bbotk]               FALSE      0.1699726        0      0            0.919
INFO  [17:27:29.317] [bbotk]                                 uhash
INFO  [17:27:29.317] [bbotk]  c5021cdf-ddea-4a31-99d0-e0e7d1593f94
INFO  [17:27:33.354] [bbotk] Evaluating 1 configuration(s)
INFO  [17:27:35.085] [bbotk] Result of batch 6:
INFO  [17:27:35.202] [bbotk]  mtry.ratio num.trees replace sample.fraction       acq_ei  x_domain
INFO  [17:27:35.202] [bbotk]  0.09927821       778   FALSE       0.9359008 2.186213e-05 <list[4]>
INFO  [17:27:35.202] [bbotk]  .already_evaluated classif.bbrier warnings errors runtime_learners
INFO  [17:27:35.202] [bbotk]               FALSE      0.1689063        0      0            1.281
INFO  [17:27:35.202] [bbotk]                                 uhash
INFO  [17:27:35.202] [bbotk]  00248154-98a4-4adb-972f-18ad3951f378
INFO  [17:27:38.837] [bbotk] Evaluating 1 configuration(s)
INFO  [17:27:40.753] [bbotk] Result of batch 7:
INFO  [17:27:40.796] [bbotk]  mtry.ratio num.trees replace sample.fraction      acq_ei  x_domain
INFO  [17:27:40.796] [bbotk]  0.09251332      1203   FALSE       0.7766633 1.78777e-05 <list[4]>
INFO  [17:27:40.796] [bbotk]  .already_evaluated classif.bbrier warnings errors runtime_learners
INFO  [17:27:40.796] [bbotk]               FALSE      0.1704431        0      0            1.541
INFO  [17:27:40.796] [bbotk]                                 uhash
INFO  [17:27:40.796] [bbotk]  d97605b3-f4ca-40b7-a224-9676145332df
INFO  [17:27:45.167] [bbotk] Evaluating 1 configuration(s)
INFO  [17:27:46.541] [bbotk] Result of batch 8:
INFO  [17:27:46.650] [bbotk]  mtry.ratio num.trees replace sample.fraction       acq_ei  x_domain
INFO  [17:27:46.650] [bbotk]    0.287765       536   FALSE       0.9659182 5.475624e-05 <list[4]>
INFO  [17:27:46.650] [bbotk]  .already_evaluated classif.bbrier warnings errors runtime_learners
INFO  [17:27:46.650] [bbotk]               FALSE       0.171157        0      0             1.04
INFO  [17:27:46.650] [bbotk]                                 uhash
INFO  [17:27:46.650] [bbotk]  773845e8-9824-48a2-89a0-171f8d7a175a
INFO  [17:27:50.558] [bbotk] Evaluating 1 configuration(s)
INFO  [17:27:53.528] [bbotk] Result of batch 9:
INFO  [17:27:53.653] [bbotk]  mtry.ratio num.trees replace sample.fraction       acq_ei  x_domain
INFO  [17:27:53.653] [bbotk]    0.137746      1029   FALSE       0.8908729 2.217474e-05 <list[4]>
INFO  [17:27:53.653] [bbotk]  .already_evaluated classif.bbrier warnings errors runtime_learners
INFO  [17:27:53.653] [bbotk]               FALSE      0.1680415        0      0            2.645
INFO  [17:27:53.653] [bbotk]                                 uhash
INFO  [17:27:53.653] [bbotk]  eb2f52d7-945a-4666-9707-9c2b59628f99
INFO  [17:27:57.261] [bbotk] Evaluating 1 configuration(s)
INFO  [17:28:02.333] [bbotk] Result of batch 10:
INFO  [17:28:02.431] [bbotk]  mtry.ratio num.trees replace sample.fraction      acq_ei  x_domain
INFO  [17:28:02.431] [bbotk]   0.8550997      1957    TRUE       0.9869829 5.26966e-05 <list[4]>
INFO  [17:28:02.431] [bbotk]  .already_evaluated classif.bbrier warnings errors runtime_learners
INFO  [17:28:02.431] [bbotk]               FALSE      0.1693372        0      0            4.647
INFO  [17:28:02.431] [bbotk]                                 uhash
INFO  [17:28:02.431] [bbotk]  a85a225b-d8b9-41b6-995e-fb41f4d7682c
INFO  [17:28:06.405] [bbotk] Evaluating 1 configuration(s)
INFO  [17:28:08.513] [bbotk] Result of batch 11:
INFO  [17:28:08.667] [bbotk]  mtry.ratio num.trees replace sample.fraction       acq_ei  x_domain
INFO  [17:28:08.667] [bbotk]   0.1181675      1029   FALSE       0.8844779 4.161512e-05 <list[4]>
INFO  [17:28:08.667] [bbotk]  .already_evaluated classif.bbrier warnings errors runtime_learners
INFO  [17:28:08.667] [bbotk]               FALSE      0.1679846        0      0            1.829
INFO  [17:28:08.667] [bbotk]                                 uhash
INFO  [17:28:08.667] [bbotk]  0b6e62f1-a6f9-4d1b-8e74-07df5e2f6cd1
INFO  [17:28:12.799] [bbotk] Evaluating 1 configuration(s)
INFO  [17:28:14.434] [bbotk] Result of batch 12:
INFO  [17:28:14.785] [bbotk]  mtry.ratio num.trees replace sample.fraction       acq_ei  x_domain
INFO  [17:28:14.785] [bbotk]  0.08611944       980   FALSE       0.9083493 5.498201e-05 <list[4]>
INFO  [17:28:14.785] [bbotk]  .already_evaluated classif.bbrier warnings errors runtime_learners
INFO  [17:28:14.785] [bbotk]               FALSE      0.1701558        0      0            1.308
INFO  [17:28:14.785] [bbotk]                                 uhash
INFO  [17:28:14.785] [bbotk]  aff278bd-9143-4b5f-a4e3-68869e2c2de5
INFO  [17:28:18.855] [bbotk] Evaluating 1 configuration(s)
INFO  [17:28:21.067] [bbotk] Result of batch 13:
INFO  [17:28:21.151] [bbotk]  mtry.ratio num.trees replace sample.fraction       acq_ei  x_domain
INFO  [17:28:21.151] [bbotk]   0.1189998      1097    TRUE       0.8888629 0.0001322502 <list[4]>
INFO  [17:28:21.151] [bbotk]  .already_evaluated classif.bbrier warnings errors runtime_learners
INFO  [17:28:21.151] [bbotk]               FALSE       0.168162        0      0            1.892
INFO  [17:28:21.151] [bbotk]                                 uhash
INFO  [17:28:21.151] [bbotk]  2b863e1c-e9ba-45f6-a6da-561ce9abcc25
INFO  [17:28:25.535] [bbotk] Evaluating 1 configuration(s)
INFO  [17:28:28.989] [bbotk] Result of batch 14:
INFO  [17:28:29.173] [bbotk]  mtry.ratio num.trees replace sample.fraction       acq_ei  x_domain
INFO  [17:28:29.173] [bbotk]    0.112154      1353   FALSE       0.8724244 4.968407e-05 <list[4]>
INFO  [17:28:29.173] [bbotk]  .already_evaluated classif.bbrier warnings errors runtime_learners
INFO  [17:28:29.173] [bbotk]               FALSE      0.1685694        0      0            2.929
INFO  [17:28:29.173] [bbotk]                                 uhash
INFO  [17:28:29.173] [bbotk]  f3bd468e-7a7b-4334-9333-04ae341a9081
INFO  [17:28:33.066] [bbotk] Evaluating 1 configuration(s)
INFO  [17:28:35.268] [bbotk] Result of batch 15:
INFO  [17:28:35.358] [bbotk]  mtry.ratio num.trees replace sample.fraction       acq_ei  x_domain
INFO  [17:28:35.358] [bbotk]   0.1876573      1061    TRUE       0.8866769 7.924824e-05 <list[4]>
INFO  [17:28:35.358] [bbotk]  .already_evaluated classif.bbrier warnings errors runtime_learners
INFO  [17:28:35.358] [bbotk]               FALSE      0.1685903        0      0            1.728
INFO  [17:28:35.358] [bbotk]                                 uhash
INFO  [17:28:35.358] [bbotk]  91ea96fe-4c21-46a8-84b9-e52de1470be4
INFO  [17:28:46.062] [bbotk] Evaluating 1 configuration(s)
INFO  [17:28:48.648] [bbotk] Result of batch 16:
INFO  [17:28:48.661] [bbotk]  mtry.ratio num.trees replace sample.fraction       acq_ei  x_domain
INFO  [17:28:48.661] [bbotk]  0.08893538      1059   FALSE        0.901981 1.783788e-05 <list[4]>
INFO  [17:28:48.661] [bbotk]  .already_evaluated classif.bbrier warnings errors runtime_learners
INFO  [17:28:48.661] [bbotk]               FALSE      0.1696785        0      0            2.083
INFO  [17:28:48.661] [bbotk]                                 uhash
INFO  [17:28:48.661] [bbotk]  4d5f5636-c702-4f26-9d6f-ef554627bc9b
INFO  [17:28:51.914] [bbotk] Evaluating 1 configuration(s)
INFO  [17:28:54.016] [bbotk] Result of batch 17:
INFO  [17:28:54.044] [bbotk]  mtry.ratio num.trees replace sample.fraction       acq_ei  x_domain
INFO  [17:28:54.044] [bbotk]   0.2545962      1028   FALSE       0.9135608 1.525473e-05 <list[4]>
INFO  [17:28:54.044] [bbotk]  .already_evaluated classif.bbrier warnings errors runtime_learners
INFO  [17:28:54.044] [bbotk]               FALSE      0.1697115        0      0            1.833
INFO  [17:28:54.044] [bbotk]                                 uhash
INFO  [17:28:54.044] [bbotk]  037e3292-48b3-4d2b-b64c-9189302a86e0
INFO  [17:28:56.825] [bbotk] Evaluating 1 configuration(s)
INFO  [17:28:58.426] [bbotk] Result of batch 18:
INFO  [17:28:58.482] [bbotk]  mtry.ratio num.trees replace sample.fraction       acq_ei  x_domain
INFO  [17:28:58.482] [bbotk]   0.1088051       736   FALSE       0.8954011 1.587104e-05 <list[4]>
INFO  [17:28:58.482] [bbotk]  .already_evaluated classif.bbrier warnings errors runtime_learners
INFO  [17:28:58.482] [bbotk]               FALSE      0.1685823        0      0            1.283
INFO  [17:28:58.482] [bbotk]                                 uhash
INFO  [17:28:58.482] [bbotk]  e76e37d3-ee93-445d-b0e4-5323b7582e76
INFO  [17:29:03.123] [bbotk] Evaluating 1 configuration(s)
INFO  [17:29:04.872] [bbotk] Result of batch 19:
INFO  [17:29:04.931] [bbotk]  mtry.ratio num.trees replace sample.fraction       acq_ei  x_domain
INFO  [17:29:04.931] [bbotk]   0.1122057       698   FALSE       0.9086104 5.197496e-05 <list[4]>
INFO  [17:29:04.931] [bbotk]  .already_evaluated classif.bbrier warnings errors runtime_learners
INFO  [17:29:04.931] [bbotk]               FALSE      0.1688321        0      0            1.303
INFO  [17:29:04.931] [bbotk]                                 uhash
INFO  [17:29:04.931] [bbotk]  54f3e916-9c7d-4807-9950-bbe1d10d4be5
INFO  [17:29:07.928] [bbotk] Evaluating 1 configuration(s)
INFO  [17:29:09.680] [bbotk] Result of batch 20:
INFO  [17:29:09.749] [bbotk]  mtry.ratio num.trees replace sample.fraction       acq_ei  x_domain
INFO  [17:29:09.749] [bbotk]   0.2722896       799    TRUE       0.9246226 1.550384e-05 <list[4]>
INFO  [17:29:09.749] [bbotk]  .already_evaluated classif.bbrier warnings errors runtime_learners
INFO  [17:29:09.749] [bbotk]               FALSE      0.1686972        0      0            1.468
INFO  [17:29:09.749] [bbotk]                                 uhash
INFO  [17:29:09.749] [bbotk]  87b81061-21b4-45ff-9135-0c36e8a02966
INFO  [17:29:13.199] [bbotk] Evaluating 1 configuration(s)
INFO  [17:29:17.283] [bbotk] Result of batch 21:
INFO  [17:29:17.299] [bbotk]  mtry.ratio num.trees replace sample.fraction       acq_ei  x_domain
INFO  [17:29:17.299] [bbotk]   0.6972986      1787    TRUE       0.9880133 5.555861e-05 <list[4]>
INFO  [17:29:17.299] [bbotk]  .already_evaluated classif.bbrier warnings errors runtime_learners
INFO  [17:29:17.299] [bbotk]               FALSE      0.1684368        0      0            3.825
INFO  [17:29:17.299] [bbotk]                                 uhash
INFO  [17:29:17.299] [bbotk]  b92a7dc8-4e31-4749-8d9f-6dd1c3c756a9
INFO  [17:29:20.460] [bbotk] Evaluating 1 configuration(s)
INFO  [17:29:23.714] [bbotk] Result of batch 22:
INFO  [17:29:23.775] [bbotk]  mtry.ratio num.trees replace sample.fraction       acq_ei  x_domain
INFO  [17:29:23.775] [bbotk]     0.14947      1146   FALSE       0.8683327 3.343675e-05 <list[4]>
INFO  [17:29:23.775] [bbotk]  .already_evaluated classif.bbrier warnings errors runtime_learners
INFO  [17:29:23.775] [bbotk]               FALSE      0.1683419        0      0            2.661
INFO  [17:29:23.775] [bbotk]                                 uhash
INFO  [17:29:23.775] [bbotk]  bcbaff98-65c5-4ee0-8e6f-3b7b04c3d597
INFO  [17:29:27.043] [bbotk] Evaluating 1 configuration(s)
INFO  [17:29:28.591] [bbotk] Result of batch 23:
INFO  [17:29:28.650] [bbotk]  mtry.ratio num.trees replace sample.fraction    acq_ei  x_domain
INFO  [17:29:28.650] [bbotk]   0.2663766       661    TRUE       0.9116743 1.819e-05 <list[4]>
INFO  [17:29:28.650] [bbotk]  .already_evaluated classif.bbrier warnings errors runtime_learners
INFO  [17:29:28.650] [bbotk]               FALSE      0.1693378        0      0            1.123
INFO  [17:29:28.650] [bbotk]                                 uhash
INFO  [17:29:28.650] [bbotk]  92883837-6fb5-4737-9574-eacbd15df029
INFO  [17:29:32.377] [bbotk] Evaluating 1 configuration(s)
INFO  [17:29:33.556] [bbotk] Result of batch 24:
INFO  [17:29:33.611] [bbotk]  mtry.ratio num.trees replace sample.fraction       acq_ei  x_domain
INFO  [17:29:33.611] [bbotk]   0.1338568       456   FALSE        0.874259 1.174298e-05 <list[4]>
INFO  [17:29:33.611] [bbotk]  .already_evaluated classif.bbrier warnings errors runtime_learners
INFO  [17:29:33.611] [bbotk]               FALSE      0.1688604        0      0            0.856
INFO  [17:29:33.611] [bbotk]                                 uhash
INFO  [17:29:33.611] [bbotk]  f88e340d-82ad-4111-b8de-a9a8d2e8aa85
INFO  [17:29:37.231] [bbotk] Evaluating 1 configuration(s)
INFO  [17:29:41.662] [bbotk] Result of batch 25:
INFO  [17:29:41.888] [bbotk]  mtry.ratio num.trees replace sample.fraction       acq_ei  x_domain
INFO  [17:29:41.888] [bbotk]   0.1938663      1621   FALSE       0.8386745 1.042509e-05 <list[4]>
INFO  [17:29:41.888] [bbotk]  .already_evaluated classif.bbrier warnings errors runtime_learners
INFO  [17:29:41.888] [bbotk]               FALSE        0.16841        0      0            3.342
INFO  [17:29:41.888] [bbotk]                                 uhash
INFO  [17:29:41.888] [bbotk]  49bbb98a-7935-4ebc-8193-4cad59a1ec55
INFO  [17:29:49.485] [bbotk] Evaluating 1 configuration(s)
INFO  [17:29:51.434] [bbotk] Result of batch 26:
INFO  [17:29:51.531] [bbotk]  mtry.ratio num.trees replace sample.fraction       acq_ei  x_domain
INFO  [17:29:51.531] [bbotk]   0.6983106       731    TRUE       0.8890644 3.446135e-05 <list[4]>
INFO  [17:29:51.531] [bbotk]  .already_evaluated classif.bbrier warnings errors runtime_learners
INFO  [17:29:51.531] [bbotk]               FALSE      0.1689577        0      0            1.511
INFO  [17:29:51.531] [bbotk]                                 uhash
INFO  [17:29:51.531] [bbotk]  c788e78f-110b-4b81-a840-60bd766e10b9
INFO  [17:29:57.244] [bbotk] Evaluating 1 configuration(s)
INFO  [17:29:59.787] [bbotk] Result of batch 27:
INFO  [17:29:59.858] [bbotk]  mtry.ratio num.trees replace sample.fraction       acq_ei  x_domain
INFO  [17:29:59.858] [bbotk]   0.2146314      1105   FALSE       0.8548492 2.109185e-05 <list[4]>
INFO  [17:29:59.858] [bbotk]  .already_evaluated classif.bbrier warnings errors runtime_learners
INFO  [17:29:59.858] [bbotk]               FALSE      0.1688073        0      0            2.135
INFO  [17:29:59.858] [bbotk]                                 uhash
INFO  [17:29:59.858] [bbotk]  a77f5e5a-50e8-4e8a-9ff4-03fecb6cea5f
INFO  [17:30:03.823] [bbotk] Evaluating 1 configuration(s)
INFO  [17:30:06.274] [bbotk] Result of batch 28:
INFO  [17:30:06.333] [bbotk]  mtry.ratio num.trees replace sample.fraction       acq_ei  x_domain
INFO  [17:30:06.333] [bbotk]   0.6403752       761    TRUE        0.995206 1.618847e-05 <list[4]>
INFO  [17:30:06.333] [bbotk]  .already_evaluated classif.bbrier warnings errors runtime_learners
INFO  [17:30:06.333] [bbotk]               FALSE      0.1694873        0      0            2.096
INFO  [17:30:06.333] [bbotk]                                 uhash
INFO  [17:30:06.333] [bbotk]  fbf12bad-326d-4ccf-ac53-7665eae01b66
INFO  [17:30:10.113] [bbotk] Evaluating 1 configuration(s)
INFO  [17:30:13.430] [bbotk] Result of batch 29:
INFO  [17:30:13.568] [bbotk]  mtry.ratio num.trees replace sample.fraction       acq_ei  x_domain
INFO  [17:30:13.568] [bbotk]   0.1588844      1461   FALSE       0.7489498 1.709333e-05 <list[4]>
INFO  [17:30:13.568] [bbotk]  .already_evaluated classif.bbrier warnings errors runtime_learners
INFO  [17:30:13.568] [bbotk]               FALSE      0.1694002        0      0            2.873
INFO  [17:30:13.568] [bbotk]                                 uhash
INFO  [17:30:13.568] [bbotk]  95856d81-95de-4a76-b643-9f8ea6a7db88
INFO  [17:30:18.974] [bbotk] Evaluating 1 configuration(s)
INFO  [17:30:20.722] [bbotk] Result of batch 30:
INFO  [17:30:20.837] [bbotk]  mtry.ratio num.trees replace sample.fraction       acq_ei  x_domain
INFO  [17:30:20.837] [bbotk]   0.1260245       755   FALSE       0.9122441 3.580099e-05 <list[4]>
INFO  [17:30:20.837] [bbotk]  .already_evaluated classif.bbrier warnings errors runtime_learners
INFO  [17:30:20.837] [bbotk]               FALSE      0.1674292        0      0            1.305
INFO  [17:30:20.837] [bbotk]                                 uhash
INFO  [17:30:20.837] [bbotk]  a8f2469a-be99-4709-ab78-9fa9d9d1c72c
INFO  [17:30:24.770] [bbotk] Evaluating 1 configuration(s)
INFO  [17:30:26.062] [bbotk] Result of batch 31:
INFO  [17:30:26.089] [bbotk]  mtry.ratio num.trees replace sample.fraction       acq_ei  x_domain
INFO  [17:30:26.089] [bbotk]   0.3109268       457   FALSE       0.8775167 1.019491e-05 <list[4]>
INFO  [17:30:26.089] [bbotk]  .already_evaluated classif.bbrier warnings errors runtime_learners
INFO  [17:30:26.089] [bbotk]               FALSE      0.1707855        0      0            0.989
INFO  [17:30:26.089] [bbotk]                                 uhash
INFO  [17:30:26.089] [bbotk]  6cfff29b-98d5-4480-8add-d738b96962ad
INFO  [17:30:36.610] [bbotk] Evaluating 1 configuration(s)
INFO  [17:30:38.569] [bbotk] Result of batch 32:
INFO  [17:30:38.667] [bbotk]  mtry.ratio num.trees replace sample.fraction       acq_ei  x_domain
INFO  [17:30:38.667] [bbotk]   0.7104365       810    TRUE       0.6650892 3.758396e-06 <list[4]>
INFO  [17:30:38.667] [bbotk]  .already_evaluated classif.bbrier warnings errors runtime_learners
INFO  [17:30:38.667] [bbotk]               FALSE      0.1702487        0      0            1.604
INFO  [17:30:38.667] [bbotk]                                 uhash
INFO  [17:30:38.667] [bbotk]  e3223006-5d32-41e0-87ed-b16c6532e89f
INFO  [17:30:44.452] [bbotk] Evaluating 1 configuration(s)
INFO  [17:30:50.627] [bbotk] Result of batch 33:
INFO  [17:30:50.724] [bbotk]  mtry.ratio num.trees replace sample.fraction       acq_ei  x_domain
INFO  [17:30:50.724] [bbotk]   0.7942817      1795   FALSE       0.9435331 7.575061e-06 <list[4]>
INFO  [17:30:50.724] [bbotk]  .already_evaluated classif.bbrier warnings errors runtime_learners
INFO  [17:30:50.724] [bbotk]               FALSE      0.1872026        0      0            5.843
INFO  [17:30:50.724] [bbotk]                                 uhash
INFO  [17:30:50.724] [bbotk]  82d24bd3-3619-47fa-8168-b85ea0f3d799
INFO  [17:30:54.449] [bbotk] Evaluating 1 configuration(s)
INFO  [17:30:58.653] [bbotk] Result of batch 34:
INFO  [17:30:58.700] [bbotk]  mtry.ratio num.trees replace sample.fraction       acq_ei  x_domain
INFO  [17:30:58.700] [bbotk]   0.8754159      1826    TRUE       0.9389428 0.0008429485 <list[4]>
INFO  [17:30:58.700] [bbotk]  .already_evaluated classif.bbrier warnings errors runtime_learners
INFO  [17:30:58.700] [bbotk]               FALSE       0.169454        0      0            3.938
INFO  [17:30:58.700] [bbotk]                                 uhash
INFO  [17:30:58.700] [bbotk]  c3e80493-fc47-4974-a389-d25a443a44e8
INFO  [17:31:02.044] [bbotk] Evaluating 1 configuration(s)
INFO  [17:31:06.035] [bbotk] Result of batch 35:
INFO  [17:31:06.160] [bbotk]  mtry.ratio num.trees replace sample.fraction       acq_ei  x_domain
INFO  [17:31:06.160] [bbotk]   0.6917462      1767   FALSE       0.9424903 0.0006025912 <list[4]>
INFO  [17:31:06.160] [bbotk]  .already_evaluated classif.bbrier warnings errors runtime_learners
INFO  [17:31:06.160] [bbotk]               FALSE      0.1826667        0      0            3.558
INFO  [17:31:06.160] [bbotk]                                 uhash
INFO  [17:31:06.160] [bbotk]  8d54d785-fa47-4465-b227-1f3e5ef5500b
INFO  [17:31:11.440] [bbotk] Evaluating 1 configuration(s)
INFO  [17:31:17.483] [bbotk] Result of batch 36:
INFO  [17:31:17.585] [bbotk]  mtry.ratio num.trees replace sample.fraction      acq_ei  x_domain
INFO  [17:31:17.585] [bbotk]   0.7929635      1935    TRUE       0.9910903 0.000687284 <list[4]>
INFO  [17:31:17.585] [bbotk]  .already_evaluated classif.bbrier warnings errors runtime_learners
INFO  [17:31:17.585] [bbotk]               FALSE      0.1691209        0      0            5.383
INFO  [17:31:17.585] [bbotk]                                 uhash
INFO  [17:31:17.585] [bbotk]  83aeb110-7301-4c17-8583-32f24f7b6e46
INFO  [17:31:22.191] [bbotk] Evaluating 1 configuration(s)
INFO  [17:31:30.133] [bbotk] Result of batch 37:
INFO  [17:31:30.294] [bbotk]  mtry.ratio num.trees replace sample.fraction       acq_ei  x_domain
INFO  [17:31:30.294] [bbotk]   0.1307765      1695   FALSE       0.9630664 0.0006733973 <list[4]>
INFO  [17:31:30.294] [bbotk]  .already_evaluated classif.bbrier warnings errors runtime_learners
INFO  [17:31:30.294] [bbotk]               FALSE      0.1684818        0      0             7.48
INFO  [17:31:30.294] [bbotk]                                 uhash
INFO  [17:31:30.294] [bbotk]  fd24254d-90c0-4357-a046-1e251e78d56a
INFO  [17:31:33.984] [bbotk] Evaluating 1 configuration(s)
INFO  [17:31:38.666] [bbotk] Result of batch 38:
INFO  [17:31:38.715] [bbotk]  mtry.ratio num.trees replace sample.fraction       acq_ei  x_domain
INFO  [17:31:38.715] [bbotk]   0.5659088      1749    TRUE       0.9823324 0.0003978273 <list[4]>
INFO  [17:31:38.715] [bbotk]  .already_evaluated classif.bbrier warnings errors runtime_learners
INFO  [17:31:38.715] [bbotk]               FALSE      0.1686161        0      0            4.213
INFO  [17:31:38.715] [bbotk]                                 uhash
INFO  [17:31:38.715] [bbotk]  f4810eb8-7b49-48f1-b5c6-39e7c68ac790
INFO  [17:31:42.356] [bbotk] Evaluating 1 configuration(s)
INFO  [17:31:46.169] [bbotk] Result of batch 39:
INFO  [17:31:46.201] [bbotk]  mtry.ratio num.trees replace sample.fraction       acq_ei  x_domain
INFO  [17:31:46.201] [bbotk]   0.1926452      1526   FALSE       0.9457072 0.0002533893 <list[4]>
INFO  [17:31:46.201] [bbotk]  .already_evaluated classif.bbrier warnings errors runtime_learners
INFO  [17:31:46.201] [bbotk]               FALSE       0.168672        0      0            3.159
INFO  [17:31:46.201] [bbotk]                                 uhash
INFO  [17:31:46.201] [bbotk]  f1d56493-f786-427b-81c1-03814037cdba
INFO  [17:31:49.410] [bbotk] Evaluating 1 configuration(s)
INFO  [17:31:53.483] [bbotk] Result of batch 40:
INFO  [17:31:53.565] [bbotk]  mtry.ratio num.trees replace sample.fraction       acq_ei  x_domain
INFO  [17:31:53.565] [bbotk]   0.3593752      1935   FALSE       0.9461399 0.0004582058 <list[4]>
INFO  [17:31:53.565] [bbotk]  .already_evaluated classif.bbrier warnings errors runtime_learners
INFO  [17:31:53.565] [bbotk]               FALSE      0.1719739        0      0            3.598
INFO  [17:31:53.565] [bbotk]                                 uhash
INFO  [17:31:53.565] [bbotk]  3df80337-077a-43bd-a3a6-fcdbe795ea19
INFO  [17:31:57.372] [bbotk] Evaluating 1 configuration(s)
INFO  [17:32:03.421] [bbotk] Result of batch 41:
INFO  [17:32:03.449] [bbotk]  mtry.ratio num.trees replace sample.fraction       acq_ei  x_domain
INFO  [17:32:03.449] [bbotk]   0.7080002      1764    TRUE       0.9640228 0.0004513784 <list[4]>
INFO  [17:32:03.449] [bbotk]  .already_evaluated classif.bbrier warnings errors runtime_learners
INFO  [17:32:03.449] [bbotk]               FALSE      0.1691273        0      0            5.455
INFO  [17:32:03.449] [bbotk]                                 uhash
INFO  [17:32:03.449] [bbotk]  5e3234a0-6431-42fe-aafb-288e4dd8bc9f
INFO  [17:32:07.670] [bbotk] Evaluating 1 configuration(s)
INFO  [17:32:15.091] [bbotk] Result of batch 42:
INFO  [17:32:15.136] [bbotk]  mtry.ratio num.trees replace sample.fraction       acq_ei  x_domain
INFO  [17:32:15.136] [bbotk]   0.8452461      1850    TRUE       0.9313982 0.0004543654 <list[4]>
INFO  [17:32:15.136] [bbotk]  .already_evaluated classif.bbrier warnings errors runtime_learners
INFO  [17:32:15.136] [bbotk]               FALSE      0.1697647        0      0             6.93
INFO  [17:32:15.136] [bbotk]                                 uhash
INFO  [17:32:15.136] [bbotk]  30279eb9-0a19-418d-a5b8-2d8ef1ade4a9
INFO  [17:32:20.455] [bbotk] Evaluating 1 configuration(s)
INFO  [17:32:23.996] [bbotk] Result of batch 43:
INFO  [17:32:24.141] [bbotk]  mtry.ratio num.trees replace sample.fraction       acq_ei  x_domain
INFO  [17:32:24.141] [bbotk]   0.1025255      1594   FALSE       0.9439593 0.0003939701 <list[4]>
INFO  [17:32:24.141] [bbotk]  .already_evaluated classif.bbrier warnings errors runtime_learners
INFO  [17:32:24.141] [bbotk]               FALSE      0.1680169        0      0            2.642
INFO  [17:32:24.141] [bbotk]                                 uhash
INFO  [17:32:24.141] [bbotk]  2559c3ce-8a17-4a72-b21d-8a0f591d2517
INFO  [17:32:28.789] [bbotk] Evaluating 1 configuration(s)
INFO  [17:32:32.574] [bbotk] Result of batch 44:
INFO  [17:32:32.597] [bbotk]  mtry.ratio num.trees replace sample.fraction       acq_ei  x_domain
INFO  [17:32:32.597] [bbotk]   0.1947204      1809    TRUE       0.8168126 0.0003433681 <list[4]>
INFO  [17:32:32.597] [bbotk]  .already_evaluated classif.bbrier warnings errors runtime_learners
INFO  [17:32:32.597] [bbotk]               FALSE      0.1687546        0      0            2.967
INFO  [17:32:32.597] [bbotk]                                 uhash
INFO  [17:32:32.597] [bbotk]  0ea1ed11-5227-47d1-a565-29ed82e13b6a
INFO  [17:32:37.724] [bbotk] Evaluating 1 configuration(s)
INFO  [17:32:42.562] [bbotk] Result of batch 45:
INFO  [17:32:42.605] [bbotk]  mtry.ratio num.trees replace sample.fraction       acq_ei  x_domain
INFO  [17:32:42.605] [bbotk]   0.6907525      1821   FALSE       0.9028938 0.0001397557 <list[4]>
INFO  [17:32:42.605] [bbotk]  .already_evaluated classif.bbrier warnings errors runtime_learners
INFO  [17:32:42.605] [bbotk]               FALSE      0.1786816        0      0            4.288
INFO  [17:32:42.605] [bbotk]                                 uhash
INFO  [17:32:42.605] [bbotk]  b197e113-7269-4b4c-bf0e-1b100602af91
INFO  [17:32:47.099] [bbotk] Evaluating 1 configuration(s)
INFO  [17:32:50.678] [bbotk] Result of batch 46:
INFO  [17:32:50.717] [bbotk]  mtry.ratio num.trees replace sample.fraction       acq_ei  x_domain
INFO  [17:32:50.717] [bbotk]   0.1273552      1757    TRUE       0.9418448 0.0004059563 <list[4]>
INFO  [17:32:50.717] [bbotk]  .already_evaluated classif.bbrier warnings errors runtime_learners
INFO  [17:32:50.717] [bbotk]               FALSE      0.1686654        0      0            3.079
INFO  [17:32:50.717] [bbotk]                                 uhash
INFO  [17:32:50.717] [bbotk]  800044a5-43cf-4d4e-b3f1-6b037209439f
INFO  [17:32:56.812] [bbotk] Evaluating 1 configuration(s)
INFO  [17:33:00.435] [bbotk] Result of batch 47:
INFO  [17:33:00.506] [bbotk]  mtry.ratio num.trees replace sample.fraction       acq_ei  x_domain
INFO  [17:33:00.506] [bbotk]   0.1329252      1779   FALSE       0.9273088 0.0007231535 <list[4]>
INFO  [17:33:00.506] [bbotk]  .already_evaluated classif.bbrier warnings errors runtime_learners
INFO  [17:33:00.506] [bbotk]               FALSE      0.1684769        0      0            3.086
INFO  [17:33:00.506] [bbotk]                                 uhash
INFO  [17:33:00.506] [bbotk]  c01ef1a0-7393-4e79-a0c5-f1d38c91e425
INFO  [17:33:04.092] [bbotk] Evaluating 1 configuration(s)
INFO  [17:33:09.871] [bbotk] Result of batch 48:
INFO  [17:33:09.916] [bbotk]  mtry.ratio num.trees replace sample.fraction       acq_ei  x_domain
INFO  [17:33:09.916] [bbotk]   0.7707225      1746   FALSE        0.947817 0.0002735425 <list[4]>
INFO  [17:33:09.916] [bbotk]  .already_evaluated classif.bbrier warnings errors runtime_learners
INFO  [17:33:09.916] [bbotk]               FALSE      0.1883857        0      0            5.519
INFO  [17:33:09.916] [bbotk]                                 uhash
INFO  [17:33:09.916] [bbotk]  ee8e010f-8262-4184-81f4-633f12315908
INFO  [17:33:14.510] [bbotk] Evaluating 1 configuration(s)
INFO  [17:33:19.287] [bbotk] Result of batch 49:
INFO  [17:33:19.353] [bbotk]  mtry.ratio num.trees replace sample.fraction       acq_ei  x_domain
INFO  [17:33:19.353] [bbotk]   0.7845238      1735    TRUE       0.9364171 0.0003702646 <list[4]>
INFO  [17:33:19.353] [bbotk]  .already_evaluated classif.bbrier warnings errors runtime_learners
INFO  [17:33:19.353] [bbotk]               FALSE      0.1696504        0      0            4.385
INFO  [17:33:19.353] [bbotk]                                 uhash
INFO  [17:33:19.353] [bbotk]  cc61c265-7543-4d78-b6bc-9509ab6eb1da
INFO  [17:33:24.791] [bbotk] Evaluating 1 configuration(s)
INFO  [17:33:28.041] [bbotk] Result of batch 50:
INFO  [17:33:28.103] [bbotk]  mtry.ratio num.trees replace sample.fraction       acq_ei  x_domain
INFO  [17:33:28.103] [bbotk]   0.7976253       850   FALSE       0.9824815 0.0002720323 <list[4]>
INFO  [17:33:28.103] [bbotk]  .already_evaluated classif.bbrier warnings errors runtime_learners
INFO  [17:33:28.103] [bbotk]               FALSE      0.1961072        0      0            2.963
INFO  [17:33:28.103] [bbotk]                                 uhash
INFO  [17:33:28.103] [bbotk]  f542bcf0-a6eb-435c-9dda-04716ac04ec8
INFO  [17:33:34.548] [bbotk] Evaluating 1 configuration(s)
INFO  [17:33:37.514] [bbotk] Result of batch 51:
INFO  [17:33:37.556] [bbotk]  mtry.ratio num.trees replace sample.fraction       acq_ei  x_domain
INFO  [17:33:37.556] [bbotk]   0.6614107       970   FALSE       0.9701347 0.0004371498 <list[4]>
INFO  [17:33:37.556] [bbotk]  .already_evaluated classif.bbrier warnings errors runtime_learners
INFO  [17:33:37.556] [bbotk]               FALSE      0.1864859        0      0            2.526
INFO  [17:33:37.556] [bbotk]                                 uhash
INFO  [17:33:37.556] [bbotk]  c8d73dab-fff9-4147-89c0-e651d215a8ae
INFO  [17:33:41.697] [bbotk] Evaluating 1 configuration(s)
INFO  [17:33:46.488] [bbotk] Result of batch 52:
INFO  [17:33:46.542] [bbotk]  mtry.ratio num.trees replace sample.fraction       acq_ei  x_domain
INFO  [17:33:46.542] [bbotk]   0.9357908      1727    TRUE       0.9661201 0.0008923568 <list[4]>
INFO  [17:33:46.542] [bbotk]  .already_evaluated classif.bbrier warnings errors runtime_learners
INFO  [17:33:46.542] [bbotk]               FALSE      0.1692713        0      0            4.312
INFO  [17:33:46.542] [bbotk]                                 uhash
INFO  [17:33:46.542] [bbotk]  aaa01e8f-aa0c-4bc6-a61c-ef8646d33683
INFO  [17:33:50.174] [bbotk] Evaluating 1 configuration(s)
INFO  [17:33:52.392] [bbotk] Result of batch 53:
INFO  [17:33:52.517] [bbotk]  mtry.ratio num.trees replace sample.fraction      acq_ei  x_domain
INFO  [17:33:52.517] [bbotk]   0.2111464       904   FALSE       0.9692213 0.001104692 <list[4]>
INFO  [17:33:52.517] [bbotk]  .already_evaluated classif.bbrier warnings errors runtime_learners
INFO  [17:33:52.517] [bbotk]               FALSE      0.1698929        0      0            1.925
INFO  [17:33:52.517] [bbotk]                                 uhash
INFO  [17:33:52.517] [bbotk]  4f7741a3-8d1b-4537-9bb9-6c5d3d859d0b
INFO  [17:33:56.334] [bbotk] Evaluating 1 configuration(s)
INFO  [17:34:00.388] [bbotk] Result of batch 54:
INFO  [17:34:00.429] [bbotk]  mtry.ratio num.trees replace sample.fraction       acq_ei  x_domain
INFO  [17:34:00.429] [bbotk]   0.9160583      1589    TRUE       0.9692129 0.0005187968 <list[4]>
INFO  [17:34:00.429] [bbotk]  .already_evaluated classif.bbrier warnings errors runtime_learners
INFO  [17:34:00.429] [bbotk]               FALSE      0.1690437        0      0            3.765
INFO  [17:34:00.429] [bbotk]                                 uhash
INFO  [17:34:00.429] [bbotk]  cc70dbd7-d63a-453d-85e1-6ed4ce042356
INFO  [17:34:04.009] [bbotk] Evaluating 1 configuration(s)
INFO  [17:34:06.652] [bbotk] Result of batch 55:
INFO  [17:34:06.680] [bbotk]  mtry.ratio num.trees replace sample.fraction       acq_ei  x_domain
INFO  [17:34:06.680] [bbotk]   0.6582856       669    TRUE       0.9729363 0.0008452155 <list[4]>
INFO  [17:34:06.680] [bbotk]  .already_evaluated classif.bbrier warnings errors runtime_learners
INFO  [17:34:06.680] [bbotk]               FALSE      0.1683262        0      0            1.751
INFO  [17:34:06.680] [bbotk]                                 uhash
INFO  [17:34:06.680] [bbotk]  4ec89213-46fd-4d12-811c-4e6eb48a121c
INFO  [17:34:09.621] [bbotk] Evaluating 1 configuration(s)
INFO  [17:34:12.149] [bbotk] Result of batch 56:
INFO  [17:34:12.184] [bbotk]  mtry.ratio num.trees replace sample.fraction       acq_ei  x_domain
INFO  [17:34:12.184] [bbotk]   0.1409641      1228   FALSE       0.9833428 0.0009159943 <list[4]>
INFO  [17:34:12.184] [bbotk]  .already_evaluated classif.bbrier warnings errors runtime_learners
INFO  [17:34:12.184] [bbotk]               FALSE      0.1679453        0      0            2.119
INFO  [17:34:12.184] [bbotk]                                 uhash
INFO  [17:34:12.184] [bbotk]  5462c216-9fe2-4865-a04e-848db311ed2b
INFO  [17:34:17.267] [bbotk] Evaluating 1 configuration(s)
INFO  [17:34:21.549] [bbotk] Result of batch 57:
INFO  [17:34:21.604] [bbotk]  mtry.ratio num.trees replace sample.fraction       acq_ei  x_domain
INFO  [17:34:21.604] [bbotk]   0.7945881      1823    TRUE       0.9526346 0.0007495566 <list[4]>
INFO  [17:34:21.604] [bbotk]  .already_evaluated classif.bbrier warnings errors runtime_learners
INFO  [17:34:21.604] [bbotk]               FALSE      0.1695417        0      0            3.718
INFO  [17:34:21.604] [bbotk]                                 uhash
INFO  [17:34:21.604] [bbotk]  1139af81-4069-4070-8c3f-1420174d434f
INFO  [17:34:26.528] [bbotk] Evaluating 1 configuration(s)
INFO  [17:34:30.434] [bbotk] Result of batch 58:
INFO  [17:34:30.504] [bbotk]  mtry.ratio num.trees replace sample.fraction       acq_ei  x_domain
INFO  [17:34:30.504] [bbotk]   0.8059783      1413    TRUE       0.9769325 0.0005404649 <list[4]>
INFO  [17:34:30.504] [bbotk]  .already_evaluated classif.bbrier warnings errors runtime_learners
INFO  [17:34:30.504] [bbotk]               FALSE      0.1692096        0      0            3.585
INFO  [17:34:30.504] [bbotk]                                 uhash
INFO  [17:34:30.504] [bbotk]  dd2d20a3-ef23-4870-821e-f5a5b7903972
INFO  [17:34:34.606] [bbotk] Evaluating 1 configuration(s)
INFO  [17:34:37.399] [bbotk] Result of batch 59:
INFO  [17:34:37.509] [bbotk]  mtry.ratio num.trees replace sample.fraction       acq_ei  x_domain
INFO  [17:34:37.509] [bbotk]   0.7181099       872    TRUE       0.7840203 0.0008413692 <list[4]>
INFO  [17:34:37.509] [bbotk]  .already_evaluated classif.bbrier warnings errors runtime_learners
INFO  [17:34:37.509] [bbotk]               FALSE      0.1694301        0      0            2.047
INFO  [17:34:37.509] [bbotk]                                 uhash
INFO  [17:34:37.509] [bbotk]  b5632f02-7a78-4997-9d2e-b39eb8262339
INFO  [17:34:42.751] [bbotk] Evaluating 1 configuration(s)
INFO  [17:34:45.935] [bbotk] Result of batch 60:
INFO  [17:34:45.965] [bbotk]  mtry.ratio num.trees replace sample.fraction       acq_ei  x_domain
INFO  [17:34:45.965] [bbotk]    0.933322       878   FALSE       0.9867266 0.0009811599 <list[4]>
INFO  [17:34:45.965] [bbotk]  .already_evaluated classif.bbrier warnings errors runtime_learners
INFO  [17:34:45.965] [bbotk]               FALSE      0.2351438        0      0            2.577
INFO  [17:34:45.965] [bbotk]                                 uhash
INFO  [17:34:45.965] [bbotk]  190a50fa-b49e-4522-90bc-fe396e91e2de
INFO  [17:34:50.117] [bbotk] Evaluating 1 configuration(s)
INFO  [17:34:52.257] [bbotk] Result of batch 61:
INFO  [17:34:52.315] [bbotk]  mtry.ratio num.trees replace sample.fraction      acq_ei  x_domain
INFO  [17:34:52.315] [bbotk]  0.08722044       919   FALSE       0.9863324 0.002164422 <list[4]>
INFO  [17:34:52.315] [bbotk]  .already_evaluated classif.bbrier warnings errors runtime_learners
INFO  [17:34:52.315] [bbotk]               FALSE      0.1699446        0      0            1.628
INFO  [17:34:52.315] [bbotk]                                 uhash
INFO  [17:34:52.315] [bbotk]  026f4de7-5a6b-4b60-841a-978c9b11b1de
INFO  [17:34:56.215] [bbotk] Evaluating 1 configuration(s)
INFO  [17:34:58.930] [bbotk] Result of batch 62:
INFO  [17:34:58.965] [bbotk]  mtry.ratio num.trees replace sample.fraction      acq_ei  x_domain
INFO  [17:34:58.965] [bbotk]   0.9381285       815    TRUE       0.9922938 0.001153484 <list[4]>
INFO  [17:34:58.965] [bbotk]  .already_evaluated classif.bbrier warnings errors runtime_learners
INFO  [17:34:58.965] [bbotk]               FALSE      0.1694778        0      0            2.452
INFO  [17:34:58.965] [bbotk]                                 uhash
INFO  [17:34:58.965] [bbotk]  18ee7deb-0d83-4b70-84f4-3e9832acab36
INFO  [17:35:02.415] [bbotk] Evaluating 1 configuration(s)
INFO  [17:35:04.481] [bbotk] Result of batch 63:
INFO  [17:35:04.580] [bbotk]  mtry.ratio num.trees replace sample.fraction      acq_ei  x_domain
INFO  [17:35:04.580] [bbotk]   0.9633012       546    TRUE       0.9868564 0.002790421 <list[4]>
INFO  [17:35:04.580] [bbotk]  .already_evaluated classif.bbrier warnings errors runtime_learners
INFO  [17:35:04.580] [bbotk]               FALSE      0.1688172        0      0            1.445
INFO  [17:35:04.580] [bbotk]                                 uhash
INFO  [17:35:04.580] [bbotk]  ac7789d6-00ae-4540-ad4c-6ffdf62db5f4
INFO  [17:35:08.884] [bbotk] Evaluating 1 configuration(s)
INFO  [17:35:20.325] [bbotk] Result of batch 64:
INFO  [17:35:20.725] [bbotk]  mtry.ratio num.trees replace sample.fraction      acq_ei  x_domain
INFO  [17:35:20.725] [bbotk]   0.9369919      1969    TRUE       0.9893455 0.001849259 <list[4]>
INFO  [17:35:20.725] [bbotk]  .already_evaluated classif.bbrier warnings errors runtime_learners
INFO  [17:35:20.725] [bbotk]               FALSE       0.169369        0      0            9.974
INFO  [17:35:20.725] [bbotk]                                 uhash
INFO  [17:35:20.725] [bbotk]  50d7beb0-8a4a-41c5-8795-b18496243f42
INFO  [17:35:26.099] [bbotk] Evaluating 1 configuration(s)
INFO  [17:35:27.447] [bbotk] Result of batch 65:
INFO  [17:35:27.509] [bbotk]  mtry.ratio num.trees replace sample.fraction      acq_ei  x_domain
INFO  [17:35:27.509] [bbotk]    0.965249       206   FALSE         0.98529 0.002309368 <list[4]>
INFO  [17:35:27.509] [bbotk]  .already_evaluated classif.bbrier warnings errors runtime_learners
INFO  [17:35:27.509] [bbotk]               FALSE      0.2303443        0      0            0.852
INFO  [17:35:27.509] [bbotk]                                 uhash
INFO  [17:35:27.509] [bbotk]  574b1faf-537c-465a-8255-ceaa78167258
INFO  [17:35:37.682] [bbotk] Evaluating 1 configuration(s)
INFO  [17:35:42.089] [bbotk] Result of batch 66:
INFO  [17:35:42.163] [bbotk]  mtry.ratio num.trees replace sample.fraction      acq_ei  x_domain
INFO  [17:35:42.163] [bbotk]   0.2183362      1783   FALSE       0.9858106 0.001929282 <list[4]>
INFO  [17:35:42.163] [bbotk]  .already_evaluated classif.bbrier warnings errors runtime_learners
INFO  [17:35:42.163] [bbotk]               FALSE      0.1696662        0      0             3.77
INFO  [17:35:42.163] [bbotk]                                 uhash
INFO  [17:35:42.163] [bbotk]  8552786d-8360-4662-971f-c6aa17a0762f
INFO  [17:35:46.655] [bbotk] Evaluating 1 configuration(s)
INFO  [17:35:48.057] [bbotk] Result of batch 67:
INFO  [17:35:48.214] [bbotk]  mtry.ratio num.trees replace sample.fraction     acq_ei  x_domain
INFO  [17:35:48.214] [bbotk]  0.09755569        49   FALSE       0.8078248 0.00206771 <list[4]>
INFO  [17:35:48.214] [bbotk]  .already_evaluated classif.bbrier warnings errors runtime_learners
INFO  [17:35:48.214] [bbotk]               FALSE      0.1695762        0      0            0.458
INFO  [17:35:48.214] [bbotk]                                 uhash
INFO  [17:35:48.214] [bbotk]  49a15236-d41a-4f5e-b26d-df5b9d31bc95
INFO  [17:36:02.975] [bbotk] Evaluating 1 configuration(s)
INFO  [17:36:06.290] [bbotk] Result of batch 68:
INFO  [17:36:06.338] [bbotk]  mtry.ratio num.trees replace sample.fraction      acq_ei  x_domain
INFO  [17:36:06.338] [bbotk]   0.4470146      1435   FALSE       0.9863622 0.001651106 <list[4]>
INFO  [17:36:06.338] [bbotk]  .already_evaluated classif.bbrier warnings errors runtime_learners
INFO  [17:36:06.338] [bbotk]               FALSE      0.1770514        0      0            2.873
INFO  [17:36:06.338] [bbotk]                                 uhash
INFO  [17:36:06.338] [bbotk]  2d092e5d-076f-4aad-b974-5d15c9339449
INFO  [17:36:15.176] [bbotk] Evaluating 1 configuration(s)
INFO  [17:36:16.936] [bbotk] Result of batch 69:
INFO  [17:36:16.963] [bbotk]  mtry.ratio num.trees replace sample.fraction      acq_ei  x_domain
INFO  [17:36:16.963] [bbotk]   0.9600713       560    TRUE       0.9869093 0.003157901 <list[4]>
INFO  [17:36:16.963] [bbotk]  .already_evaluated classif.bbrier warnings errors runtime_learners
INFO  [17:36:16.963] [bbotk]               FALSE      0.1701943        0      0            1.389
INFO  [17:36:16.963] [bbotk]                                 uhash
INFO  [17:36:16.963] [bbotk]  eca74ce0-355b-44d2-9e1d-3650ec6b12e2
INFO  [17:36:20.602] [bbotk] Evaluating 1 configuration(s)
INFO  [17:36:25.447] [bbotk] Result of batch 70:
INFO  [17:36:25.548] [bbotk]  mtry.ratio num.trees replace sample.fraction      acq_ei  x_domain
INFO  [17:36:25.548] [bbotk]   0.9140046      1224    TRUE       0.9866411 0.002407983 <list[4]>
INFO  [17:36:25.548] [bbotk]  .already_evaluated classif.bbrier warnings errors runtime_learners
INFO  [17:36:25.548] [bbotk]               FALSE      0.1691354        0      0            4.263
INFO  [17:36:25.548] [bbotk]                                 uhash
INFO  [17:36:25.548] [bbotk]  23f3360d-0613-429c-8b7d-2cf34d1ccc2c
INFO  [17:36:30.423] [bbotk] Evaluating 1 configuration(s)
INFO  [17:36:31.526] [bbotk] Result of batch 71:
INFO  [17:36:31.550] [bbotk]  mtry.ratio num.trees replace sample.fraction      acq_ei  x_domain
INFO  [17:36:31.550] [bbotk]   0.7617652       111    TRUE       0.9834728 0.002615307 <list[4]>
INFO  [17:36:31.550] [bbotk]  .already_evaluated classif.bbrier warnings errors runtime_learners
INFO  [17:36:31.550] [bbotk]               FALSE      0.1684575        0      0            0.421
INFO  [17:36:31.550] [bbotk]                                 uhash
INFO  [17:36:31.550] [bbotk]  a1b41e93-131b-4dfd-8028-eaa0a876ce1c
INFO  [17:36:36.016] [bbotk] Evaluating 1 configuration(s)
INFO  [17:36:36.767] [bbotk] Result of batch 72:
INFO  [17:36:36.799] [bbotk]  mtry.ratio num.trees replace sample.fraction      acq_ei  x_domain
INFO  [17:36:36.799] [bbotk]   0.9810349       195    TRUE       0.8990137 0.002497904 <list[4]>
INFO  [17:36:36.799] [bbotk]  .already_evaluated classif.bbrier warnings errors runtime_learners
INFO  [17:36:36.799] [bbotk]               FALSE      0.1709923        0      0            0.502
INFO  [17:36:36.799] [bbotk]                                 uhash
INFO  [17:36:36.799] [bbotk]  c3f80957-7542-47c5-ba3b-68e73c591302
INFO  [17:36:40.725] [bbotk] Evaluating 1 configuration(s)
INFO  [17:36:42.130] [bbotk] Result of batch 73:
INFO  [17:36:42.157] [bbotk]  mtry.ratio num.trees replace sample.fraction      acq_ei  x_domain
INFO  [17:36:42.157] [bbotk]   0.6610745       203    TRUE        0.993459 0.002480473 <list[4]>
INFO  [17:36:42.157] [bbotk]  .already_evaluated classif.bbrier warnings errors runtime_learners
INFO  [17:36:42.157] [bbotk]               FALSE      0.1688103        0      0            0.794
INFO  [17:36:42.157] [bbotk]                                 uhash
INFO  [17:36:42.157] [bbotk]  6a536303-48e4-4dad-8897-25edd7905041
INFO  [17:36:46.262] [bbotk] Evaluating 1 configuration(s)
INFO  [17:36:51.214] [bbotk] Result of batch 74:
INFO  [17:36:51.293] [bbotk]  mtry.ratio num.trees replace sample.fraction      acq_ei  x_domain
INFO  [17:36:51.293] [bbotk]   0.9476154      1372   FALSE       0.7976009 0.002426438 <list[4]>
INFO  [17:36:51.293] [bbotk]  .already_evaluated classif.bbrier warnings errors runtime_learners
INFO  [17:36:51.293] [bbotk]               FALSE      0.1766964        0      0            4.526
INFO  [17:36:51.293] [bbotk]                                 uhash
INFO  [17:36:51.293] [bbotk]  24bf84d6-eadd-43d1-bf68-fbc15ee0af30
INFO  [17:36:54.408] [bbotk] Evaluating 1 configuration(s)
INFO  [17:36:55.694] [bbotk] Result of batch 75:
INFO  [17:36:55.815] [bbotk]  mtry.ratio num.trees replace sample.fraction      acq_ei  x_domain
INFO  [17:36:55.815] [bbotk]   0.1457279       250   FALSE        0.903204 0.001417735 <list[4]>
INFO  [17:36:55.815] [bbotk]  .already_evaluated classif.bbrier warnings errors runtime_learners
INFO  [17:36:55.815] [bbotk]               FALSE      0.1690885        0      0            0.543
INFO  [17:36:55.815] [bbotk]                                 uhash
INFO  [17:36:55.815] [bbotk]  392ff223-7e84-4a4d-b167-44ff63c462d0
INFO  [17:37:00.429] [bbotk] Evaluating 1 configuration(s)
INFO  [17:37:07.926] [bbotk] Result of batch 76:
INFO  [17:37:08.112] [bbotk]  mtry.ratio num.trees replace sample.fraction      acq_ei  x_domain
INFO  [17:37:08.112] [bbotk]    0.207137      1320   FALSE       0.9867182 0.002062872 <list[4]>
INFO  [17:37:08.112] [bbotk]  .already_evaluated classif.bbrier warnings errors runtime_learners
INFO  [17:37:08.112] [bbotk]               FALSE      0.1701133        0      0            6.204
INFO  [17:37:08.112] [bbotk]                                 uhash
INFO  [17:37:08.112] [bbotk]  f8177ada-70c8-44c0-927c-d25216c912ad
INFO  [17:37:12.817] [bbotk] Evaluating 1 configuration(s)
INFO  [17:37:14.119] [bbotk] Result of batch 77:
INFO  [17:37:14.173] [bbotk]  mtry.ratio num.trees replace sample.fraction      acq_ei  x_domain
INFO  [17:37:14.173] [bbotk]   0.2188338       121   FALSE         0.98556 0.002918634 <list[4]>
INFO  [17:37:14.173] [bbotk]  .already_evaluated classif.bbrier warnings errors runtime_learners
INFO  [17:37:14.173] [bbotk]               FALSE      0.1712112        0      0            0.473
INFO  [17:37:14.173] [bbotk]                                 uhash
INFO  [17:37:14.173] [bbotk]  74fd9329-5dde-47b1-839d-75e930da2451
INFO  [17:37:18.792] [bbotk] Evaluating 1 configuration(s)
INFO  [17:37:19.612] [bbotk] Result of batch 78:
INFO  [17:37:19.644] [bbotk]  mtry.ratio num.trees replace sample.fraction      acq_ei  x_domain
INFO  [17:37:19.644] [bbotk]   0.9916408       210    TRUE       0.9183535 0.002502177 <list[4]>
INFO  [17:37:19.644] [bbotk]  .already_evaluated classif.bbrier warnings errors runtime_learners
INFO  [17:37:19.644] [bbotk]               FALSE      0.1702869        0      0            0.547
INFO  [17:37:19.644] [bbotk]                                 uhash
INFO  [17:37:19.644] [bbotk]  595e4bd5-cdf6-47e5-b0de-990e667881d4
INFO  [17:37:25.556] [bbotk] Evaluating 1 configuration(s)
INFO  [17:37:30.371] [bbotk] Result of batch 79:
INFO  [17:37:30.468] [bbotk]  mtry.ratio num.trees replace sample.fraction      acq_ei  x_domain
INFO  [17:37:30.468] [bbotk]   0.9643291      1546    TRUE       0.9883287 0.002774294 <list[4]>
INFO  [17:37:30.468] [bbotk]  .already_evaluated classif.bbrier warnings errors runtime_learners
INFO  [17:37:30.468] [bbotk]               FALSE      0.1693068        0      0             4.08
INFO  [17:37:30.468] [bbotk]                                 uhash
INFO  [17:37:30.468] [bbotk]  a87f2279-c530-4210-9664-51c464d6e220
INFO  [17:37:35.872] [bbotk] Evaluating 1 configuration(s)
INFO  [17:37:36.624] [bbotk] Result of batch 80:
INFO  [17:37:36.655] [bbotk]  mtry.ratio num.trees replace sample.fraction      acq_ei  x_domain
INFO  [17:37:36.655] [bbotk]   0.1612985       211   FALSE       0.8319247 0.002215875 <list[4]>
INFO  [17:37:36.655] [bbotk]  .already_evaluated classif.bbrier warnings errors runtime_learners
INFO  [17:37:36.655] [bbotk]               FALSE       0.168631        0      0            0.449
INFO  [17:37:36.655] [bbotk]                                 uhash
INFO  [17:37:36.655] [bbotk]  489b5478-ae04-4974-9b82-ce3a0c68b48a
INFO  [17:37:40.197] [bbotk] Evaluating 1 configuration(s)
INFO  [17:37:44.211] [bbotk] Result of batch 81:
INFO  [17:37:44.312] [bbotk]  mtry.ratio num.trees replace sample.fraction      acq_ei  x_domain
INFO  [17:37:44.312] [bbotk]   0.9336246      1113    TRUE        0.940333 0.003771483 <list[4]>
INFO  [17:37:44.312] [bbotk]  .already_evaluated classif.bbrier warnings errors runtime_learners
INFO  [17:37:44.312] [bbotk]               FALSE      0.1699791        0      0            3.589
INFO  [17:37:44.312] [bbotk]                                 uhash
INFO  [17:37:44.312] [bbotk]  12a4fa56-d71b-490b-8891-3f4bd23d620f
INFO  [17:37:48.670] [bbotk] Evaluating 1 configuration(s)
INFO  [17:37:49.151] [bbotk] Result of batch 82:
INFO  [17:37:49.166] [bbotk]  mtry.ratio num.trees replace sample.fraction      acq_ei  x_domain
INFO  [17:37:49.166] [bbotk]   0.9659863        48    TRUE        0.768647 0.001838914 <list[4]>
INFO  [17:37:49.166] [bbotk]  .already_evaluated classif.bbrier warnings errors runtime_learners
INFO  [17:37:49.166] [bbotk]               FALSE      0.1676147        0      0            0.229
INFO  [17:37:49.166] [bbotk]                                 uhash
INFO  [17:37:49.166] [bbotk]  7ee22fc6-2cc1-43d7-bc51-3da1bd042114
INFO  [17:37:52.691] [bbotk] Evaluating 1 configuration(s)
INFO  [17:37:55.210] [bbotk] Result of batch 83:
INFO  [17:37:55.233] [bbotk]  mtry.ratio num.trees replace sample.fraction      acq_ei  x_domain
INFO  [17:37:55.233] [bbotk]   0.9809916       796    TRUE       0.9824265 0.002732022 <list[4]>
INFO  [17:37:55.233] [bbotk]  .already_evaluated classif.bbrier warnings errors runtime_learners
INFO  [17:37:55.233] [bbotk]               FALSE       0.169655        0      0            2.262
INFO  [17:37:55.233] [bbotk]                                 uhash
INFO  [17:37:55.233] [bbotk]  b6f97798-e530-4a27-b6b3-0f785d666581
INFO  [17:37:59.901] [bbotk] Evaluating 1 configuration(s)
INFO  [17:38:00.270] [bbotk] Result of batch 84:
INFO  [17:38:00.309] [bbotk]  mtry.ratio num.trees replace sample.fraction      acq_ei  x_domain
INFO  [17:38:00.309] [bbotk]   0.9770912        10    TRUE       0.6243155 0.002304623 <list[4]>
INFO  [17:38:00.309] [bbotk]  .already_evaluated classif.bbrier warnings errors runtime_learners
INFO  [17:38:00.309] [bbotk]               FALSE      0.1809706        0      0            0.117
INFO  [17:38:00.309] [bbotk]                                 uhash
INFO  [17:38:00.309] [bbotk]  740ac52a-a833-4675-9424-f4ca828bb263
INFO  [17:38:03.460] [bbotk] Evaluating 1 configuration(s)
INFO  [17:38:05.412] [bbotk] Result of batch 85:
INFO  [17:38:05.456] [bbotk]  mtry.ratio num.trees replace sample.fraction      acq_ei  x_domain
INFO  [17:38:05.456] [bbotk]   0.1667654       878   FALSE       0.9894619 0.002658147 <list[4]>
INFO  [17:38:05.456] [bbotk]  .already_evaluated classif.bbrier warnings errors runtime_learners
INFO  [17:38:05.456] [bbotk]               FALSE      0.1670926        0      0            1.675
INFO  [17:38:05.456] [bbotk]                                 uhash
INFO  [17:38:05.456] [bbotk]  d31d428a-9c31-4b45-a5ac-0606141e0233
INFO  [17:38:05.768] [bbotk] Finished optimizing after 100 evaluation(s)
INFO  [17:38:05.788] [bbotk] Result:
INFO  [17:38:05.816] [bbotk]  mtry.ratio num.trees replace sample.fraction learner_param_vals  x_domain
INFO  [17:38:05.816] [bbotk]       <num>     <int>  <lgcl>           <num>             <list>    <list>
INFO  [17:38:05.816] [bbotk]   0.1667654       878   FALSE       0.9894619          <list[5]> <list[4]>
INFO  [17:38:05.816] [bbotk]  classif.bbrier
INFO  [17:38:05.816] [bbotk]           <num>
INFO  [17:38:05.816] [bbotk]       0.1670926

### [bt]: Job terminated successfully [batchtools job.id=1936]
### [bt]: Calculation finished!
