### [bt]: This is batchtools v0.9.17
### [bt]: Starting calculation of 1 jobs
### [bt]: Setting working directory to '/content/drive/MyDrive/GitHub/Mater_Thesis_Calibration'
ece.R :
Friedmann_tasks.R :
Functions.R :
ici.R :
mse_feature_effects.R :
PipeOpCalibration_TuningExperiment.R :
PipeOpCalibration.R :
PipeOpCalibrationUnion.R :
### [bt]: Memory measurement disabled
### [bt]: Starting job [batchtools job.id=3551]
### [bt]: Generating problem instance for problem '7f16ca74b5d8776b' ...
### [bt]: Applying algorithm 'run_learner' on problem '7f16ca74b5d8776b' for job 3551 (seed = 3674) ...
INFO  [14:02:32.273] [mlr3] Applying learner 'xgboost TbC isotonic' on task 'churn' (iter 1/10)
INFO  [14:02:34.759] [bbotk] Starting to optimize 8 parameter(s) with '<OptimizerMbo>' and '<TerminatorEvals> [n_evals=100, k=0]'
INFO  [14:02:36.787] [bbotk] Evaluating 32 configuration(s)
INFO  [14:26:06.447] [bbotk] Result of batch 1:
INFO  [14:26:06.464] [bbotk]       alpha colsample_bylevel colsample_bytree        eta     lambda max_depth
INFO  [14:26:06.464] [bbotk]   0.5323362         0.5631493        0.1655638 -5.3991130 -4.5034149        11
INFO  [14:26:06.464] [bbotk]  -6.3754193         0.1131492        0.6155638 -0.7939429  2.4043406         1
INFO  [14:26:06.464] [bbotk]  -2.9215418         0.7881493        0.3905638 -7.7016980  5.8582182         6
INFO  [14:26:06.464] [bbotk]   3.9862139         0.3381492        0.8405638 -3.0965280 -1.0495375        16
INFO  [14:26:06.464] [bbotk]  -4.6484804         0.6756493        0.9530638 -1.9452354  0.6774017         8
INFO  [14:26:06.464] [bbotk]   2.2592750         0.2256492        0.5030638 -6.5504056 -6.2303538        18
INFO  [14:26:06.464] [bbotk]   5.7131527         0.9006493        0.7280638 -4.2478205 -2.7764763        13
INFO  [14:26:06.464] [bbotk]  -1.1946030         0.4506492        0.2780638 -8.8529906  4.1312794         3
INFO  [14:26:06.464] [bbotk]   1.3958056         0.5068992        0.5593138 -7.1260517  1.5408711        14
INFO  [14:26:06.464] [bbotk]  -5.5119499         0.9568993        0.1093138 -2.5208817 -5.3668843         4
INFO  [14:26:06.464] [bbotk]  -2.0580724         0.2818992        0.7843138 -4.8234668 -1.9130069         9
INFO  [14:26:06.464] [bbotk]   4.8496833         0.7318993        0.3343138 -0.2182966  4.9947488        19
INFO  [14:26:06.464] [bbotk]  -3.7850110         0.3943992        0.4468138 -3.6721742 -3.6399455         7
INFO  [14:26:06.464] [bbotk]   3.1227444         0.8443993        0.8968138 -8.2773443  3.2678100        17
INFO  [14:26:06.464] [bbotk]   6.5766221         0.1693992        0.2218138 -1.3695891  6.7216876        12
INFO  [14:26:06.464] [bbotk]  -0.3311336         0.6193993        0.6718138 -5.9747593 -0.1860681         2
INFO  [14:26:06.464] [bbotk]   4.4179486         0.3100242        0.6999388 -9.1408137 -4.9351496         5
INFO  [14:26:06.464] [bbotk]  -2.4898071         0.7600243        0.2499388 -4.5356436  1.9726059        15
INFO  [14:26:06.464] [bbotk]  -5.9436846         0.5350242        0.9249388 -6.8382287  5.4264835        20
INFO  [14:26:06.464] [bbotk]   0.9640709         0.9850243        0.4749388 -2.2330585 -1.4812722        10
INFO  [14:26:06.464] [bbotk]  -4.2167457         0.8725243        0.5874388 -5.6869362  3.6995447        12
INFO  [14:26:06.464] [bbotk]   2.6910097         0.4225242        0.1374388 -1.0817660 -3.2082110         2
INFO  [14:26:06.464] [bbotk]  -0.7628683         0.1975242        0.3624388 -3.3843511  0.2456670        17
INFO  [14:26:06.464] [bbotk]   6.1448874         0.6475243        0.8124388 -7.9895211 -6.6620885         7
INFO  [14:26:06.464] [bbotk]   1.8275403         0.7037743        0.6436888 -2.8087048  6.2899529         4
INFO  [14:26:06.464] [bbotk]  -5.0802152         0.2537742        0.1936888 -7.4138749 -0.6178028        14
INFO  [14:26:06.464] [bbotk]  -1.6263377         0.9287743        0.8686888 -0.5061197 -4.0716802        19
INFO  [14:26:06.464] [bbotk]   5.2814180         0.4787742        0.4186888 -5.1112899  2.8360753         9
INFO  [14:26:06.464] [bbotk]  -6.8071540         0.5912743        0.5311888 -8.5651675 -2.3447416        16
INFO  [14:26:06.464] [bbotk]   0.1006015         0.1412742        0.9811888 -3.9599974  4.5630141         6
INFO  [14:26:06.464] [bbotk]   3.5544792         0.8162743        0.3061888 -6.2625825  1.1091364         1
INFO  [14:26:06.464] [bbotk]  -3.3532765         0.3662742        0.7561888 -1.6574123 -5.7986190        11
INFO  [14:26:06.464] [bbotk]       alpha colsample_bylevel colsample_bytree        eta     lambda max_depth
INFO  [14:26:06.464] [bbotk]  nrounds subsample classif.bbrier warnings errors runtime_learners
INFO  [14:26:06.464] [bbotk]     2291 0.8984705     0.07062243        0      0           28.535
INFO  [14:26:06.464] [bbotk]     4791 0.4484705     0.09316060        0      0           26.274
INFO  [14:26:06.464] [bbotk]     1041 0.2234705     0.21464970        0      0           12.059
INFO  [14:26:06.464] [bbotk]     3541 0.6734705     0.08913300        0      0           24.828
INFO  [14:26:06.464] [bbotk]     1666 0.7859705     0.04201053        0      0           54.410
INFO  [14:26:06.464] [bbotk]     4166 0.3359705     0.08810928        0      0           39.689
INFO  [14:26:06.464] [bbotk]      416 0.1109705     0.25000000        0      0            4.511
INFO  [14:26:06.464] [bbotk]     2916 0.5609705     0.17819025        0      0           24.667
INFO  [14:26:06.464] [bbotk]     3229 0.7297205     0.06560580        0      0           94.155
INFO  [14:26:06.464] [bbotk]      729 0.2797205     0.07163920        0      0            7.064
INFO  [14:26:06.464] [bbotk]     4479 0.5047205     0.04357941        0      0           97.767
INFO  [14:26:06.464] [bbotk]     1979 0.9547205     0.10272294        0      0           12.441
INFO  [14:26:06.464] [bbotk]     2604 0.6172205     0.04732270        0      0           43.340
INFO  [14:26:06.464] [bbotk]      104 0.1672205     0.24442437        0      0            4.397
INFO  [14:26:06.464] [bbotk]     3854 0.3922205     0.25000000        0      0           15.606
INFO  [14:26:06.464] [bbotk]     1354 0.8422205     0.07726195        0      0           16.938
INFO  [14:26:06.464] [bbotk]     1197 0.5328455     0.22098078        0      0           18.373
INFO  [14:26:06.464] [bbotk]     3697 0.9828455     0.05023023        0      0          102.022
INFO  [14:26:06.464] [bbotk]     2447 0.7578455     0.08856304        0      0          104.163
INFO  [14:26:06.464] [bbotk]     4947 0.3078455     0.05204888        0      0           60.997
INFO  [14:26:06.464] [bbotk]     4322 0.1953455     0.07197320        0      0          100.039
INFO  [14:26:06.464] [bbotk]     1822 0.6453455     0.07972267        0      0           11.090
INFO  [14:26:06.464] [bbotk]      572 0.4203455     0.05900085        0      0           10.322
INFO  [14:26:06.464] [bbotk]     3072 0.8703455     0.16499442        0      0           96.063
INFO  [14:26:06.464] [bbotk]     2760 0.8140955     0.05818221        0      0           63.738
INFO  [14:26:06.464] [bbotk]      260 0.3640955     0.21405886        0      0            4.884
INFO  [14:26:06.464] [bbotk]     4010 0.1390955     0.16091483        0      0           36.054
INFO  [14:26:06.464] [bbotk]     1510 0.5890955     0.11295810        0      0           15.350
INFO  [14:26:06.464] [bbotk]     3385 0.9265955     0.11675497        0      0          201.024
INFO  [14:26:06.464] [bbotk]      885 0.4765955     0.07546619        0      0           13.112
INFO  [14:26:06.464] [bbotk]     4635 0.2515955     0.11026536        0      0           27.551
INFO  [14:26:06.464] [bbotk]     2135 0.7015955     0.04901064        0      0           31.213
INFO  [14:26:06.464] [bbotk]  nrounds subsample classif.bbrier warnings errors runtime_learners
INFO  [14:26:06.464] [bbotk]                                 uhash
INFO  [14:26:06.464] [bbotk]  a2dc2805-ee39-4731-93aa-ff5cf9b6e173
INFO  [14:26:06.464] [bbotk]  5d546c76-7f8e-48ef-878e-f1e7519f97b5
INFO  [14:26:06.464] [bbotk]  c989909f-8486-49ec-a085-54f1462e2d8c
INFO  [14:26:06.464] [bbotk]  df85be4c-7df8-4d70-9056-1aee51846dd3
INFO  [14:26:06.464] [bbotk]  7175da5a-cef5-48ad-9071-1ffec7b7f53d
INFO  [14:26:06.464] [bbotk]  ddf99fc0-0b46-44dc-b842-1e3d680ff954
INFO  [14:26:06.464] [bbotk]  aec33c79-476d-4f9d-9cc4-5094f654efb8
INFO  [14:26:06.464] [bbotk]  1766d608-1b52-4983-80c6-dc61e2c243e4
INFO  [14:26:06.464] [bbotk]  fb4c547e-6494-45e2-abab-f50047bfa04e
INFO  [14:26:06.464] [bbotk]  456067f0-431c-4a51-9d38-d362418f2cd4
INFO  [14:26:06.464] [bbotk]  f2f48f7c-d126-4902-a43d-beff9b6747c6
INFO  [14:26:06.464] [bbotk]  caef34c2-0a02-4899-aff5-8c707b70844b
INFO  [14:26:06.464] [bbotk]  05d65d68-c290-4d40-b744-1367e8d10808
INFO  [14:26:06.464] [bbotk]  2a6720c9-bbe1-400c-8bf7-2e0daf964504
INFO  [14:26:06.464] [bbotk]  9e460fda-2b4c-4e30-a1ee-5e0ad392d730
INFO  [14:26:06.464] [bbotk]  bf5916b0-f847-4771-9f32-cd1499495163
INFO  [14:26:06.464] [bbotk]  2194b59e-df2d-4fb5-b907-37e6c8fc96ce
INFO  [14:26:06.464] [bbotk]  6dbe0341-c62f-4977-9dca-a1af84dd77d8
INFO  [14:26:06.464] [bbotk]  a5110f44-2785-4628-a99c-7401f70b1b73
INFO  [14:26:06.464] [bbotk]  ddf2c0d6-999b-4edd-83ba-18c0e85784c5
INFO  [14:26:06.464] [bbotk]  dc9d710a-5fd0-4b8e-ba36-cef7d8d7a94b
INFO  [14:26:06.464] [bbotk]  d7914fec-5f8d-4828-a088-be00d2836630
INFO  [14:26:06.464] [bbotk]  167a68f6-5c9e-461a-b3c0-d091e2721440
INFO  [14:26:06.464] [bbotk]  a8bf3c6e-a1d1-4fff-9306-8cadd107e708
INFO  [14:26:06.464] [bbotk]  39af7fb6-69c3-4492-afe4-783672d875c8
INFO  [14:26:06.464] [bbotk]  3b86939f-7a25-4b7c-9504-e4ef44bc075b
INFO  [14:26:06.464] [bbotk]  b5ef4d7f-6d00-4228-bc2a-33a6a8172b34
INFO  [14:26:06.464] [bbotk]  b9c6b93e-0e70-4b49-8b65-64219823ac14
INFO  [14:26:06.464] [bbotk]  e5d8c70a-64f5-42b9-ae2b-28dbdbcccd1f
INFO  [14:26:06.464] [bbotk]  3079a696-6b1f-4c41-b65b-d1260cd6dbb6
INFO  [14:26:06.464] [bbotk]  3a671b93-b9cd-430e-a285-6918dd001b6d
INFO  [14:26:06.464] [bbotk]  1536b192-8d39-4be7-8091-6f42e66990e2
INFO  [14:26:06.464] [bbotk]                                 uhash
WARN  [14:26:07.504] [mlr3] train: Stopped because hard maximum generation limit was hit.
INFO  [14:26:11.852] [bbotk] Evaluating 1 configuration(s)
INFO  [14:28:42.942] [bbotk] Result of batch 2:
INFO  [14:28:42.966] [bbotk]      alpha colsample_bylevel colsample_bytree      eta   lambda max_depth
INFO  [14:28:42.966] [bbotk]  0.4751632         0.6467556        0.4500581 -5.01751 1.674413        20
INFO  [14:28:42.966] [bbotk]  nrounds subsample     acq_ei  x_domain .already_evaluated classif.bbrier
INFO  [14:28:42.966] [bbotk]     4971 0.5955524 0.03027283 <list[8]>              FALSE     0.04679068
INFO  [14:28:42.966] [bbotk]  warnings errors runtime_learners                                uhash
INFO  [14:28:42.966] [bbotk]         0      0          150.757 00f1ce45-c06f-4749-8bfc-ea41cccdc385
INFO  [14:28:47.001] [bbotk] Evaluating 1 configuration(s)
INFO  [14:30:26.942] [bbotk] Result of batch 3:
INFO  [14:30:26.956] [bbotk]      alpha colsample_bylevel colsample_bytree       eta    lambda max_depth
INFO  [14:30:26.956] [bbotk]  -1.688092         0.9506842        0.4045811 -3.730147 -2.909452        11
INFO  [14:30:26.956] [bbotk]  nrounds subsample     acq_ei  x_domain .already_evaluated classif.bbrier
INFO  [14:30:26.956] [bbotk]     4474 0.4409119 0.02545521 <list[8]>              FALSE     0.04969043
INFO  [14:30:26.956] [bbotk]  warnings errors runtime_learners                                uhash
INFO  [14:30:26.956] [bbotk]         0      0           99.631 9f4b5b41-9cdd-48a1-9707-9f10f16146f4
WARN  [14:30:27.425] [mlr3] train: Stopped because hard maximum generation limit was hit.
INFO  [14:30:31.274] [bbotk] Evaluating 1 configuration(s)
INFO  [14:30:56.628] [bbotk] Result of batch 4:
INFO  [14:30:56.654] [bbotk]      alpha colsample_bylevel colsample_bytree       eta   lambda max_depth
INFO  [14:30:56.654] [bbotk]  -3.388587         0.6855222        0.3299323 -1.867762 1.537666         8
INFO  [14:30:56.654] [bbotk]  nrounds subsample     acq_ei  x_domain .already_evaluated classif.bbrier
INFO  [14:30:56.654] [bbotk]     1347 0.7321161 0.01669561 <list[8]>              FALSE     0.05078382
INFO  [14:30:56.654] [bbotk]  warnings errors runtime_learners                                uhash
INFO  [14:30:56.654] [bbotk]         0      0           25.062 c99f6127-7a53-4dcd-b187-4c17f485ea6b
WARN  [14:30:57.263] [mlr3] train: Stopped because hard maximum generation limit was hit.
INFO  [14:31:01.984] [bbotk] Evaluating 1 configuration(s)
INFO  [14:33:46.122] [bbotk] Result of batch 5:
INFO  [14:33:46.132] [bbotk]      alpha colsample_bylevel colsample_bytree       eta   lambda max_depth
INFO  [14:33:46.132] [bbotk]  -1.330259         0.4515185        0.8131715 -4.333996 3.599865        12
INFO  [14:33:46.132] [bbotk]  nrounds subsample     acq_ei  x_domain .already_evaluated classif.bbrier
INFO  [14:33:46.132] [bbotk]     3782 0.8335547 0.01462927 <list[8]>              FALSE     0.04310635
INFO  [14:33:46.132] [bbotk]  warnings errors runtime_learners                                uhash
INFO  [14:33:46.132] [bbotk]         0      0          163.711 6b4901b6-6f1d-44ea-92e3-e23b7d92be04
INFO  [14:33:50.551] [bbotk] Evaluating 1 configuration(s)
INFO  [14:35:30.242] [bbotk] Result of batch 6:
INFO  [14:35:30.263] [bbotk]       alpha colsample_bylevel colsample_bytree       eta      lambda max_depth
INFO  [14:35:30.263] [bbotk]  -0.3392233         0.7860802        0.5001987 -2.844536 0.007928333         6
INFO  [14:35:30.263] [bbotk]  nrounds subsample     acq_ei  x_domain .already_evaluated classif.bbrier
INFO  [14:35:30.263] [bbotk]     4474 0.5634222 0.01131662 <list[8]>              FALSE     0.04640423
INFO  [14:35:30.263] [bbotk]  warnings errors runtime_learners                                uhash
INFO  [14:35:30.263] [bbotk]         0      0           99.262 506a9eaa-b3ef-4d7e-84fe-d92bbc291abf
INFO  [14:35:35.126] [bbotk] Evaluating 1 configuration(s)
INFO  [14:36:31.240] [bbotk] Result of batch 7:
INFO  [14:36:31.270] [bbotk]      alpha colsample_bylevel colsample_bytree       eta    lambda max_depth
INFO  [14:36:31.270] [bbotk]  -4.757968         0.2343881        0.8197993 -3.349562 -0.457355        19
INFO  [14:36:31.270] [bbotk]  nrounds subsample     acq_ei  x_domain .already_evaluated classif.bbrier
INFO  [14:36:31.270] [bbotk]     2754 0.8754708 0.01079117 <list[8]>              FALSE     0.04123794
INFO  [14:36:31.270] [bbotk]  warnings errors runtime_learners                                uhash
INFO  [14:36:31.270] [bbotk]         0      0           55.788 3695a993-66eb-4be8-b7c6-c7efb4c8ab9c
INFO  [14:36:36.461] [bbotk] Evaluating 1 configuration(s)
INFO  [14:37:10.135] [bbotk] Result of batch 8:
INFO  [14:37:10.146] [bbotk]     alpha colsample_bylevel colsample_bytree      eta    lambda max_depth
INFO  [14:37:10.146] [bbotk]  -1.15736         0.3199943        0.8031038 -2.93042 -3.292496        17
INFO  [14:37:10.146] [bbotk]  nrounds subsample      acq_ei  x_domain .already_evaluated classif.bbrier
INFO  [14:37:10.146] [bbotk]     1281 0.8060371 0.009648845 <list[8]>              FALSE     0.04029112
INFO  [14:37:10.146] [bbotk]  warnings errors runtime_learners                                uhash
INFO  [14:37:10.146] [bbotk]         0      0           33.272 aa16b375-2644-4b6b-8340-6f75e4f637a5
INFO  [14:37:15.297] [bbotk] Evaluating 1 configuration(s)
INFO  [14:41:20.336] [bbotk] Result of batch 9:
INFO  [14:41:20.346] [bbotk]      alpha colsample_bylevel colsample_bytree       eta   lambda max_depth
INFO  [14:41:20.346] [bbotk]  -4.969905         0.8473626        0.8106876 -4.446194 0.280107        11
INFO  [14:41:20.346] [bbotk]  nrounds subsample      acq_ei  x_domain .already_evaluated classif.bbrier
INFO  [14:41:20.346] [bbotk]     4018 0.9649748 0.008180104 <list[8]>              FALSE      0.0397332
INFO  [14:41:20.346] [bbotk]  warnings errors runtime_learners                                uhash
INFO  [14:41:20.346] [bbotk]         0      0          244.694 3f2b1475-8e74-4bca-ae96-1dfb982e055c
INFO  [14:41:25.669] [bbotk] Evaluating 1 configuration(s)
INFO  [14:41:58.670] [bbotk] Result of batch 10:
INFO  [14:41:58.681] [bbotk]      alpha colsample_bylevel colsample_bytree       eta    lambda max_depth
INFO  [14:41:58.681] [bbotk]  -6.131898         0.3609551        0.6055909 -2.714054 -1.842474        11
INFO  [14:41:58.681] [bbotk]  nrounds subsample      acq_ei  x_domain .already_evaluated classif.bbrier
INFO  [14:41:58.681] [bbotk]     1624 0.9631243 0.006307689 <list[8]>              FALSE     0.04274001
INFO  [14:41:58.681] [bbotk]  warnings errors runtime_learners                                uhash
INFO  [14:41:58.681] [bbotk]         0      0           32.741 44bf7dd8-403a-43a2-a4f5-5a4ba03b9024
INFO  [14:42:03.420] [bbotk] Evaluating 1 configuration(s)
INFO  [14:44:12.866] [bbotk] Result of batch 11:
INFO  [14:44:12.877] [bbotk]      alpha colsample_bylevel colsample_bytree       eta   lambda max_depth
INFO  [14:44:12.877] [bbotk]  -3.591095         0.5785577        0.8599689 -4.304674 2.769607        18
INFO  [14:44:12.877] [bbotk]  nrounds subsample      acq_ei  x_domain .already_evaluated classif.bbrier
INFO  [14:44:12.877] [bbotk]     2081 0.9594897 0.006293448 <list[8]>              FALSE     0.04017668
INFO  [14:44:12.877] [bbotk]  warnings errors runtime_learners                                uhash
INFO  [14:44:12.877] [bbotk]         0      0           129.15 01ad0795-28a2-45e6-abce-00d86e7fe4c3
INFO  [14:44:19.141] [bbotk] Evaluating 1 configuration(s)
INFO  [14:45:08.421] [bbotk] Result of batch 12:
INFO  [14:45:08.431] [bbotk]     alpha colsample_bylevel colsample_bytree      eta   lambda max_depth
INFO  [14:45:08.431] [bbotk]  1.293934         0.2978198        0.5668324 -5.09481 4.360152        16
INFO  [14:45:08.431] [bbotk]  nrounds subsample      acq_ei  x_domain .already_evaluated classif.bbrier
INFO  [14:45:08.431] [bbotk]     2210 0.9074015 0.006196474 <list[8]>              FALSE     0.06569914
INFO  [14:45:08.431] [bbotk]  warnings errors runtime_learners                                uhash
INFO  [14:45:08.431] [bbotk]         0      0           48.957 06f9b8ca-885e-4597-8bd4-f5e7ff18f471
INFO  [14:45:13.715] [bbotk] Evaluating 1 configuration(s)
INFO  [14:46:44.394] [bbotk] Result of batch 13:
INFO  [14:46:44.409] [bbotk]      alpha colsample_bylevel colsample_bytree      eta    lambda max_depth
INFO  [14:46:44.409] [bbotk]  -2.937196          0.715067        0.8026716 -2.66734 -1.775948        16
INFO  [14:46:44.409] [bbotk]  nrounds subsample      acq_ei  x_domain .already_evaluated classif.bbrier
INFO  [14:46:44.409] [bbotk]     2798 0.9650551 0.007006101 <list[8]>              FALSE     0.04021917
INFO  [14:46:44.409] [bbotk]  warnings errors runtime_learners                                uhash
INFO  [14:46:44.409] [bbotk]         0      0           90.333 6213d613-d66c-41ae-9114-30d9af951cb3
WARN  [14:46:46.057] [mlr3] train: Stopped because hard maximum generation limit was hit.
INFO  [14:46:51.652] [bbotk] Evaluating 1 configuration(s)
INFO  [14:47:34.608] [bbotk] Result of batch 14:
INFO  [14:47:34.619] [bbotk]      alpha colsample_bylevel colsample_bytree       eta    lambda max_depth
INFO  [14:47:34.619] [bbotk]  -3.086002         0.2993471        0.8702634 -3.018971 -1.971295         7
INFO  [14:47:34.619] [bbotk]  nrounds subsample      acq_ei  x_domain .already_evaluated classif.bbrier
INFO  [14:47:34.619] [bbotk]     1904 0.8338767 0.006287326 <list[8]>              FALSE     0.04175815
INFO  [14:47:34.619] [bbotk]  warnings errors runtime_learners                                uhash
INFO  [14:47:34.619] [bbotk]         0      0           42.673 5ac5e240-c4c2-4cba-8e1f-9ee1bf5f1573
WARN  [14:47:35.333] [mlr3] train: Stopped because hard maximum generation limit was hit.
INFO  [14:47:39.720] [bbotk] Evaluating 1 configuration(s)
INFO  [14:52:15.240] [bbotk] Result of batch 15:
INFO  [14:52:15.264] [bbotk]       alpha colsample_bylevel colsample_bytree       eta   lambda max_depth
INFO  [14:52:15.264] [bbotk]  0.03998909         0.8356358         0.784312 -5.711834 3.769491        11
INFO  [14:52:15.264] [bbotk]  nrounds subsample      acq_ei  x_domain .already_evaluated classif.bbrier
INFO  [14:52:15.264] [bbotk]     4343 0.6878035 0.006426479 <list[8]>              FALSE     0.04876678
INFO  [14:52:15.264] [bbotk]  warnings errors runtime_learners                                uhash
INFO  [14:52:15.264] [bbotk]         0      0          275.249 2db58f3b-d42b-4788-8913-30c7e58bd288
INFO  [14:52:19.962] [bbotk] Evaluating 1 configuration(s)
INFO  [14:53:12.519] [bbotk] Result of batch 16:
INFO  [14:53:12.535] [bbotk]      alpha colsample_bylevel colsample_bytree       eta   lambda max_depth
INFO  [14:53:12.535] [bbotk]  -1.568644         0.3731704        0.3605248 -3.160554 1.694585         8
INFO  [14:53:12.535] [bbotk]  nrounds subsample      acq_ei  x_domain .already_evaluated classif.bbrier
INFO  [14:53:12.535] [bbotk]     4518 0.2764413 0.006011349 <list[8]>              FALSE     0.05799256
INFO  [14:53:12.535] [bbotk]  warnings errors runtime_learners                                uhash
INFO  [14:53:12.535] [bbotk]         0      0           52.294 a4c67932-bab7-41ea-b3eb-6fb577262691
INFO  [14:53:17.910] [bbotk] Evaluating 1 configuration(s)
INFO  [14:53:48.554] [bbotk] Result of batch 17:
INFO  [14:53:48.565] [bbotk]      alpha colsample_bylevel colsample_bytree       eta    lambda max_depth
INFO  [14:53:48.565] [bbotk]  -4.812139         0.6730793        0.7094292 -2.573011 -2.914867        14
INFO  [14:53:48.565] [bbotk]  nrounds subsample      acq_ei  x_domain .already_evaluated classif.bbrier
INFO  [14:53:48.565] [bbotk]      746 0.7812638 0.006489319 <list[8]>              FALSE     0.03992438
INFO  [14:53:48.565] [bbotk]  warnings errors runtime_learners                                uhash
INFO  [14:53:48.565] [bbotk]         0      0           30.361 de41aaa3-49fb-4c90-964b-536ea38d715f
INFO  [14:53:53.665] [bbotk] Evaluating 1 configuration(s)
INFO  [14:56:50.881] [bbotk] Result of batch 18:
INFO  [14:56:50.898] [bbotk]      alpha colsample_bylevel colsample_bytree       eta   lambda max_depth
INFO  [14:56:50.898] [bbotk]  -6.275076         0.6627645        0.7292635 -3.412575 3.558133        13
INFO  [14:56:50.898] [bbotk]  nrounds subsample     acq_ei  x_domain .already_evaluated classif.bbrier
INFO  [14:56:50.898] [bbotk]     3625 0.7457111 0.00634933 <list[8]>              FALSE     0.04349524
INFO  [14:56:50.898] [bbotk]  warnings errors runtime_learners                                uhash
INFO  [14:56:50.898] [bbotk]         0      0          176.841 8de9e362-d4c8-4e98-9d75-d5de39422d82
INFO  [14:56:56.436] [bbotk] Evaluating 1 configuration(s)
INFO  [15:02:03.871] [bbotk] Result of batch 19:
INFO  [15:02:03.894] [bbotk]      alpha colsample_bylevel colsample_bytree       eta     lambda max_depth
INFO  [15:02:03.894] [bbotk]  -3.790394         0.5956859        0.8532007 -5.982041 -0.6730828        20
INFO  [15:02:03.894] [bbotk]  nrounds subsample      acq_ei  x_domain .already_evaluated classif.bbrier
INFO  [15:02:03.894] [bbotk]     4491 0.9196682 0.005405966 <list[8]>              FALSE     0.03858496
INFO  [15:02:03.894] [bbotk]  warnings errors runtime_learners                                uhash
INFO  [15:02:03.894] [bbotk]         0      0          307.118 ce371bb8-7d77-4ead-aac9-01532d9a9a82
INFO  [15:02:09.311] [bbotk] Evaluating 1 configuration(s)
INFO  [15:02:33.921] [bbotk] Result of batch 20:
INFO  [15:02:33.946] [bbotk]      alpha colsample_bylevel colsample_bytree       eta    lambda max_depth
INFO  [15:02:33.946] [bbotk]  0.5532551         0.7701837        0.3954905 -2.876413 -1.021818        11
INFO  [15:02:33.946] [bbotk]  nrounds subsample      acq_ei  x_domain .already_evaluated classif.bbrier
INFO  [15:02:33.946] [bbotk]      639 0.7434345 0.004412556 <list[8]>              FALSE     0.04382501
INFO  [15:02:33.946] [bbotk]  warnings errors runtime_learners                                uhash
INFO  [15:02:33.946] [bbotk]         0      0           24.298 05ca9bbf-540f-4511-841f-a3564d48a8c2
WARN  [15:02:35.248] [mlr3] train: Stopped because hard maximum generation limit was hit.
INFO  [15:02:39.679] [bbotk] Evaluating 1 configuration(s)
INFO  [15:05:23.755] [bbotk] Result of batch 21:
INFO  [15:05:23.765] [bbotk]      alpha colsample_bylevel colsample_bytree       eta    lambda max_depth
INFO  [15:05:23.765] [bbotk]  -5.090088         0.6755993        0.8169642 -4.440166 -0.659437        17
INFO  [15:05:23.765] [bbotk]  nrounds subsample     acq_ei  x_domain .already_evaluated classif.bbrier
INFO  [15:05:23.765] [bbotk]     3500 0.8233619 0.00477586 <list[8]>              FALSE     0.03919428
INFO  [15:05:23.765] [bbotk]  warnings errors runtime_learners                                uhash
INFO  [15:05:23.765] [bbotk]         0      0          163.738 42d15de0-5a18-45c7-bd67-0d6e57d297ed
INFO  [15:05:28.676] [bbotk] Evaluating 1 configuration(s)
INFO  [15:08:21.571] [bbotk] Result of batch 22:
INFO  [15:08:21.583] [bbotk]     alpha colsample_bylevel colsample_bytree       eta    lambda max_depth
INFO  [15:08:21.583] [bbotk]  -3.32591         0.4358028        0.6356154 -5.508434 -0.236214        14
INFO  [15:08:21.583] [bbotk]  nrounds subsample      acq_ei  x_domain .already_evaluated classif.bbrier
INFO  [15:08:21.583] [bbotk]     4699 0.8145945 0.004805892 <list[8]>              FALSE     0.04066474
INFO  [15:08:21.583] [bbotk]  warnings errors runtime_learners                                uhash
INFO  [15:08:21.583] [bbotk]         0      0          172.536 7074db3f-44ab-41bf-828b-26da2f01f751
INFO  [15:08:26.784] [bbotk] Evaluating 1 configuration(s)
INFO  [15:09:11.265] [bbotk] Result of batch 23:
INFO  [15:09:11.275] [bbotk]      alpha colsample_bylevel colsample_bytree       eta    lambda max_depth
INFO  [15:09:11.275] [bbotk]  -1.020726         0.4024191         0.583477 -3.319385 -2.060707        15
INFO  [15:09:11.275] [bbotk]  nrounds subsample      acq_ei  x_domain .already_evaluated classif.bbrier
INFO  [15:09:11.275] [bbotk]     1803 0.6736566 0.005124933 <list[8]>              FALSE     0.04276565
INFO  [15:09:11.275] [bbotk]  warnings errors runtime_learners                                uhash
INFO  [15:09:11.275] [bbotk]         0      0            44.07 7794399f-cced-40e1-9ff9-f911957e30dd
INFO  [15:09:18.079] [bbotk] Evaluating 1 configuration(s)
INFO  [15:09:34.082] [bbotk] Result of batch 24:
INFO  [15:09:34.093] [bbotk]       alpha colsample_bylevel colsample_bytree       eta    lambda max_depth
INFO  [15:09:34.093] [bbotk]  -0.1494591         0.7402181        0.7156109 -1.419086 -2.081724        18
INFO  [15:09:34.093] [bbotk]  nrounds subsample      acq_ei  x_domain .already_evaluated classif.bbrier
INFO  [15:09:34.093] [bbotk]      672 0.9860648 0.004616078 <list[8]>              FALSE     0.04069821
INFO  [15:09:34.093] [bbotk]  warnings errors runtime_learners                                uhash
INFO  [15:09:34.093] [bbotk]         0      0           15.737 164c1f50-0869-4e72-b89f-758ea10c9e23
INFO  [15:09:39.356] [bbotk] Evaluating 1 configuration(s)
INFO  [15:10:30.081] [bbotk] Result of batch 25:
INFO  [15:10:30.091] [bbotk]     alpha colsample_bylevel colsample_bytree       eta    lambda max_depth
INFO  [15:10:30.091] [bbotk]  1.215688         0.8340313        0.7334745 -1.493111 -3.575208         9
INFO  [15:10:30.091] [bbotk]  nrounds subsample      acq_ei  x_domain .already_evaluated classif.bbrier
INFO  [15:10:30.091] [bbotk]     3787 0.9098759 0.003813792 <list[8]>              FALSE     0.04154608
INFO  [15:10:30.091] [bbotk]  warnings errors runtime_learners                                uhash
INFO  [15:10:30.091] [bbotk]         0      0           50.428 ba86e445-6630-4eac-8d84-c3975e74854f
INFO  [15:10:35.515] [bbotk] Evaluating 1 configuration(s)
INFO  [15:11:08.043] [bbotk] Result of batch 26:
INFO  [15:11:08.062] [bbotk]       alpha colsample_bylevel colsample_bytree       eta    lambda max_depth
INFO  [15:11:08.062] [bbotk]  -0.1753618         0.7007004         0.757203 -1.851875 -1.990682         9
INFO  [15:11:08.062] [bbotk]  nrounds subsample      acq_ei  x_domain .already_evaluated classif.bbrier
INFO  [15:11:08.062] [bbotk]     1227  0.851705 0.004199554 <list[8]>              FALSE     0.03925984
INFO  [15:11:08.062] [bbotk]  warnings errors runtime_learners                                uhash
INFO  [15:11:08.062] [bbotk]         0      0           32.274 7f32bf46-b95a-4a11-b28a-d22aaa536926
INFO  [15:11:13.798] [bbotk] Evaluating 1 configuration(s)
INFO  [15:11:49.541] [bbotk] Result of batch 27:
INFO  [15:11:49.551] [bbotk]     alpha colsample_bylevel colsample_bytree       eta   lambda max_depth
INFO  [15:11:49.551] [bbotk]  1.241124         0.9240537        0.3578962 -2.098494 -2.91721         9
INFO  [15:11:49.551] [bbotk]  nrounds subsample      acq_ei  x_domain .already_evaluated classif.bbrier
INFO  [15:11:49.551] [bbotk]     2546 0.8841993 0.004246441 <list[8]>              FALSE     0.04538549
INFO  [15:11:49.551] [bbotk]  warnings errors runtime_learners                                uhash
INFO  [15:11:49.551] [bbotk]         0      0           35.494 0cce2d38-b143-48e9-a924-bbe9d45a3ac1
INFO  [15:11:55.298] [bbotk] Evaluating 1 configuration(s)
INFO  [15:14:23.171] [bbotk] Result of batch 28:
INFO  [15:14:23.215] [bbotk]     alpha colsample_bylevel colsample_bytree       eta  lambda max_depth
INFO  [15:14:23.215] [bbotk]  -6.55929          0.681496        0.8846461 -3.424101 1.68604         5
INFO  [15:14:23.215] [bbotk]  nrounds subsample      acq_ei  x_domain .already_evaluated classif.bbrier
INFO  [15:14:23.215] [bbotk]     4996 0.4250423 0.003415132 <list[8]>              FALSE      0.0477838
INFO  [15:14:23.215] [bbotk]  warnings errors runtime_learners                                uhash
INFO  [15:14:23.215] [bbotk]         0      0          147.313 84c4b335-a805-4e1e-a29e-6545a43e8e97
INFO  [15:14:28.746] [bbotk] Evaluating 1 configuration(s)
INFO  [15:14:55.873] [bbotk] Result of batch 29:
INFO  [15:14:55.897] [bbotk]      alpha colsample_bylevel colsample_bytree       eta   lambda max_depth
INFO  [15:14:55.897] [bbotk]  -3.271402         0.3642005         0.767955 -2.632819 5.192317        20
INFO  [15:14:55.897] [bbotk]  nrounds subsample      acq_ei  x_domain .already_evaluated classif.bbrier
INFO  [15:14:55.897] [bbotk]      637 0.8622451 0.002703889 <list[8]>              FALSE     0.05155744
INFO  [15:14:55.897] [bbotk]  warnings errors runtime_learners                                uhash
INFO  [15:14:55.897] [bbotk]         0      0           26.879 241f3071-c4ee-4ecb-9ca3-12927145dec0
WARN  [15:14:57.238] [mlr3] train: Stopped because hard maximum generation limit was hit.
INFO  [15:15:00.962] [bbotk] Evaluating 1 configuration(s)
INFO  [15:18:02.595] [bbotk] Result of batch 30:
INFO  [15:18:02.605] [bbotk]      alpha colsample_bylevel colsample_bytree       eta     lambda max_depth
INFO  [15:18:02.605] [bbotk]  -5.063134         0.4859144        0.8723417 -5.283285 -0.7682651        14
INFO  [15:18:02.605] [bbotk]  nrounds subsample      acq_ei  x_domain .already_evaluated classif.bbrier
INFO  [15:18:02.605] [bbotk]     3393 0.9978538 0.003924597 <list[8]>              FALSE     0.03892752
INFO  [15:18:02.605] [bbotk]  warnings errors runtime_learners                                uhash
INFO  [15:18:02.605] [bbotk]         0      0          181.327 e315260a-1248-4c71-930f-780b4910c7ca
INFO  [15:18:07.765] [bbotk] Evaluating 1 configuration(s)
INFO  [15:20:16.487] [bbotk] Result of batch 31:
INFO  [15:20:16.498] [bbotk]      alpha colsample_bylevel colsample_bytree       eta    lambda max_depth
INFO  [15:20:16.498] [bbotk]  -4.457916         0.3462171        0.8625073 -4.567548 -0.587751        12
INFO  [15:20:16.498] [bbotk]  nrounds subsample      acq_ei  x_domain .already_evaluated classif.bbrier
INFO  [15:20:16.498] [bbotk]     3702 0.9561891 0.003005176 <list[8]>              FALSE     0.03916127
INFO  [15:20:16.498] [bbotk]  warnings errors runtime_learners                                uhash
INFO  [15:20:16.498] [bbotk]         0      0          128.449 cc9db7e7-d17a-4a49-afbe-f835d90aa7f8
WARN  [15:20:18.145] [mlr3] train: Stopped because hard maximum generation limit was hit.
INFO  [15:20:24.938] [bbotk] Evaluating 1 configuration(s)
INFO  [15:20:56.808] [bbotk] Result of batch 32:
INFO  [15:20:56.819] [bbotk]      alpha colsample_bylevel colsample_bytree      eta    lambda max_depth
INFO  [15:20:56.819] [bbotk]  -6.508589         0.1910091        0.7209048 -2.82488 0.4292207        11
INFO  [15:20:56.819] [bbotk]  nrounds subsample      acq_ei  x_domain .already_evaluated classif.bbrier
INFO  [15:20:56.819] [bbotk]     1769 0.4703353 0.002815004 <list[8]>              FALSE     0.05116565
INFO  [15:20:56.819] [bbotk]  warnings errors runtime_learners                                uhash
INFO  [15:20:56.819] [bbotk]         0      0           31.589 b9ee68c0-5c3e-4f86-876d-0e39ce130271
WARN  [15:20:59.471] [mlr3] train: Stopped because hard maximum generation limit was hit.
INFO  [15:21:05.149] [bbotk] Evaluating 1 configuration(s)
INFO  [15:21:38.721] [bbotk] Result of batch 33:
INFO  [15:21:38.744] [bbotk]       alpha colsample_bylevel colsample_bytree      eta    lambda max_depth
INFO  [15:21:38.744] [bbotk]  -0.2567667         0.5981961        0.9805938 -1.90341 -5.224877        15
INFO  [15:21:38.744] [bbotk]  nrounds subsample      acq_ei  x_domain .already_evaluated classif.bbrier
INFO  [15:21:38.744] [bbotk]     1689 0.9657322 0.002322741 <list[8]>              FALSE     0.03971226
INFO  [15:21:38.744] [bbotk]  warnings errors runtime_learners                                uhash
INFO  [15:21:38.744] [bbotk]         0      0           33.234 450daf8e-ed7f-45fc-8582-32f33991d770
INFO  [15:21:45.712] [bbotk] Evaluating 1 configuration(s)
INFO  [15:22:52.960] [bbotk] Result of batch 34:
INFO  [15:22:52.977] [bbotk]     alpha colsample_bylevel colsample_bytree       eta     lambda max_depth
INFO  [15:22:52.977] [bbotk]  1.289269         0.8529102        0.8939436 -2.183335 -0.3817511        12
INFO  [15:22:52.977] [bbotk]  nrounds subsample      acq_ei  x_domain .already_evaluated classif.bbrier
INFO  [15:22:52.977] [bbotk]     2869 0.8482777 0.002325421 <list[8]>              FALSE     0.04148327
INFO  [15:22:52.977] [bbotk]  warnings errors runtime_learners                                uhash
INFO  [15:22:52.977] [bbotk]         0      0           66.908 2c9502e4-4420-4909-9011-c38422dd9a34
INFO  [15:22:58.612] [bbotk] Evaluating 1 configuration(s)
INFO  [15:23:10.823] [bbotk] Result of batch 35:
INFO  [15:23:10.832] [bbotk]      alpha colsample_bylevel colsample_bytree       eta    lambda max_depth
INFO  [15:23:10.832] [bbotk]  -4.387286          0.170103        0.8209551 -1.600069 -4.120715        16
INFO  [15:23:10.832] [bbotk]  nrounds subsample      acq_ei  x_domain .already_evaluated classif.bbrier
INFO  [15:23:10.832] [bbotk]      626 0.9853497 0.002325005 <list[8]>              FALSE     0.04522169
INFO  [15:23:10.832] [bbotk]  warnings errors runtime_learners                                uhash
INFO  [15:23:10.832] [bbotk]         0      0           11.895 c2a044a0-32a5-4971-bb02-419a11e9119e
INFO  [15:23:15.826] [bbotk] Evaluating 1 configuration(s)
INFO  [15:24:43.027] [bbotk] Result of batch 36:
INFO  [15:24:43.038] [bbotk]      alpha colsample_bylevel colsample_bytree       eta   lambda max_depth
INFO  [15:24:43.038] [bbotk]  -6.384557         0.7584928         0.953275 -2.475538 1.256266        18
INFO  [15:24:43.038] [bbotk]  nrounds subsample      acq_ei  x_domain .already_evaluated classif.bbrier
INFO  [15:24:43.038] [bbotk]     1566 0.9955164 0.003505744 <list[8]>              FALSE     0.04032703
INFO  [15:24:43.038] [bbotk]  warnings errors runtime_learners                                uhash
INFO  [15:24:43.038] [bbotk]         0      0           86.938 8b56810c-60ed-4e02-b3f2-b1aea03ea0de
INFO  [15:24:49.902] [bbotk] Evaluating 1 configuration(s)
INFO  [15:27:33.265] [bbotk] Result of batch 37:
INFO  [15:27:33.296] [bbotk]      alpha colsample_bylevel colsample_bytree       eta   lambda max_depth
INFO  [15:27:33.296] [bbotk]  -5.349576         0.6141365        0.8863313 -3.673763 4.329348        14
INFO  [15:27:33.296] [bbotk]  nrounds subsample      acq_ei  x_domain .already_evaluated classif.bbrier
INFO  [15:27:33.296] [bbotk]     2462 0.8965356 0.002268079 <list[8]>              FALSE     0.04277594
INFO  [15:27:33.296] [bbotk]  warnings errors runtime_learners                                uhash
INFO  [15:27:33.296] [bbotk]         0      0          163.022 f1ffa44f-2e9e-404c-b08e-7e3c3b9e09a5
INFO  [15:27:38.872] [bbotk] Evaluating 1 configuration(s)
INFO  [15:29:29.991] [bbotk] Result of batch 38:
INFO  [15:29:30.001] [bbotk]     alpha colsample_bylevel colsample_bytree      eta    lambda max_depth
INFO  [15:29:30.001] [bbotk]  1.974299         0.9283368        0.8432857 -3.46101 -1.431166        15
INFO  [15:29:30.001] [bbotk]  nrounds subsample      acq_ei  x_domain .already_evaluated classif.bbrier
INFO  [15:29:30.001] [bbotk]     4626 0.9180226 0.004742953 <list[8]>              FALSE     0.04257508
INFO  [15:29:30.001] [bbotk]  warnings errors runtime_learners                                uhash
INFO  [15:29:30.001] [bbotk]         0      0          110.743 a255d3e5-02e0-4dbc-8174-5f5133149757
WARN  [15:29:32.339] [mlr3] train: Stopped because hard maximum generation limit was hit.
INFO  [15:29:36.659] [bbotk] Evaluating 1 configuration(s)
INFO  [15:30:04.678] [bbotk] Result of batch 39:
INFO  [15:30:04.688] [bbotk]      alpha colsample_bylevel colsample_bytree       eta    lambda max_depth
INFO  [15:30:04.688] [bbotk]  -5.895047         0.4203491        0.9407399 -2.405708 -5.569177        15
INFO  [15:30:04.688] [bbotk]  nrounds subsample      acq_ei  x_domain .already_evaluated classif.bbrier
INFO  [15:30:04.688] [bbotk]      799 0.8258346 0.002619029 <list[8]>              FALSE     0.03963327
INFO  [15:30:04.688] [bbotk]  warnings errors runtime_learners                                uhash
INFO  [15:30:04.688] [bbotk]         0      0            27.76 07edfa42-3dd3-42c7-a063-7577f356f7e4
INFO  [15:30:12.536] [bbotk] Evaluating 1 configuration(s)
INFO  [15:32:58.170] [bbotk] Result of batch 40:
INFO  [15:32:58.181] [bbotk]      alpha colsample_bylevel colsample_bytree       eta     lambda max_depth
INFO  [15:32:58.181] [bbotk]  -2.910274          0.320761        0.9411305 -4.986562 -0.2200727        20
INFO  [15:32:58.181] [bbotk]  nrounds subsample      acq_ei  x_domain .already_evaluated classif.bbrier
INFO  [15:32:58.181] [bbotk]     4080 0.9853284 0.002681185 <list[8]>              FALSE     0.03859947
INFO  [15:32:58.181] [bbotk]  warnings errors runtime_learners                                uhash
INFO  [15:32:58.181] [bbotk]         0      0          165.333 54320cb3-b7bc-403f-9b9e-3ae5583b10d9
INFO  [15:33:04.286] [bbotk] Evaluating 1 configuration(s)
INFO  [15:33:50.645] [bbotk] Result of batch 41:
INFO  [15:33:50.654] [bbotk]      alpha colsample_bylevel colsample_bytree       eta    lambda max_depth
INFO  [15:33:50.654] [bbotk]  -3.349049         0.5604068        0.7608205 -2.416028 -1.906192        14
INFO  [15:33:50.654] [bbotk]  nrounds subsample      acq_ei  x_domain .already_evaluated classif.bbrier
INFO  [15:33:50.654] [bbotk]     1438 0.8724261 0.002659354 <list[8]>              FALSE     0.04079993
INFO  [15:33:50.654] [bbotk]  warnings errors runtime_learners                                uhash
INFO  [15:33:50.654] [bbotk]         0      0           46.056 2c7572db-5ffc-4c10-bcc5-54759e3c2dea
INFO  [15:33:58.922] [bbotk] Evaluating 1 configuration(s)
INFO  [15:34:01.952] [bbotk] Result of batch 42:
INFO  [15:34:01.973] [bbotk]      alpha colsample_bylevel colsample_bytree       eta     lambda max_depth
INFO  [15:34:01.973] [bbotk]  -5.557103         0.1699772        0.4647959 -1.902232 -0.9385207         2
INFO  [15:34:01.973] [bbotk]  nrounds subsample      acq_ei  x_domain .already_evaluated classif.bbrier
INFO  [15:34:01.973] [bbotk]       28  0.765575 0.002772977 <list[8]>              FALSE     0.09566277
INFO  [15:34:01.973] [bbotk]  warnings errors runtime_learners                                uhash
INFO  [15:34:01.973] [bbotk]         0      0            2.761 aac244f0-d186-4a8c-ab35-c7ca592cbe6c
WARN  [15:34:03.801] [mlr3] train: Stopped because hard maximum generation limit was hit.
INFO  [15:34:09.122] [bbotk] Evaluating 1 configuration(s)
INFO  [15:35:24.397] [bbotk] Result of batch 43:
INFO  [15:35:24.413] [bbotk]     alpha colsample_bylevel colsample_bytree       eta    lambda max_depth
INFO  [15:35:24.413] [bbotk]  -6.76345         0.6067855        0.7871436 -2.779381 -2.701699        18
INFO  [15:35:24.413] [bbotk]  nrounds subsample      acq_ei  x_domain .already_evaluated classif.bbrier
INFO  [15:35:24.413] [bbotk]     2407 0.9819989 0.003975828 <list[8]>              FALSE     0.04000448
INFO  [15:35:24.413] [bbotk]  warnings errors runtime_learners                                uhash
INFO  [15:35:24.413] [bbotk]         0      0           74.996 f77fc276-e3e3-4d9a-b2af-c17f9647bfe1
WARN  [15:35:26.500] [mlr3] train: Stopped because hard maximum generation limit was hit.
INFO  [15:35:32.406] [bbotk] Evaluating 1 configuration(s)
INFO  [15:37:12.971] [bbotk] Result of batch 44:
INFO  [15:37:12.994] [bbotk]       alpha colsample_bylevel colsample_bytree       eta     lambda max_depth
INFO  [15:37:12.994] [bbotk]  -0.4842862         0.6762268        0.9391087 -3.236096 -0.8994049        10
INFO  [15:37:12.994] [bbotk]  nrounds subsample      acq_ei  x_domain .already_evaluated classif.bbrier
INFO  [15:37:12.994] [bbotk]     3053 0.9544365 0.004022689 <list[8]>              FALSE     0.03932836
INFO  [15:37:12.994] [bbotk]  warnings errors runtime_learners                                uhash
INFO  [15:37:12.994] [bbotk]         0      0          100.198 6ad9fc3a-9604-4953-82f6-208f306cd429
WARN  [15:37:15.973] [mlr3] train: Stopped because hard maximum generation limit was hit.
INFO  [15:37:21.880] [bbotk] Evaluating 1 configuration(s)
INFO  [15:37:52.434] [bbotk] Result of batch 45:
INFO  [15:37:52.457] [bbotk]      alpha colsample_bylevel colsample_bytree       eta    lambda max_depth
INFO  [15:37:52.457] [bbotk]  0.5390473         0.8515421        0.9925879 -1.044181 0.4362943         8
INFO  [15:37:52.457] [bbotk]  nrounds subsample      acq_ei  x_domain .already_evaluated classif.bbrier
INFO  [15:37:52.457] [bbotk]     1371 0.9723505 0.003640708 <list[8]>              FALSE     0.04161708
INFO  [15:37:52.457] [bbotk]  warnings errors runtime_learners                                uhash
INFO  [15:37:52.457] [bbotk]         0      0           30.221 4a4e7e16-eaea-40b6-89ed-43df77abec9a
INFO  [15:37:59.299] [bbotk] Evaluating 1 configuration(s)
INFO  [15:39:24.978] [bbotk] Result of batch 46:
INFO  [15:39:24.988] [bbotk]      alpha colsample_bylevel colsample_bytree       eta    lambda max_depth
INFO  [15:39:24.988] [bbotk]  -6.236988         0.7427195        0.7931258 -2.749902 -3.045882         8
INFO  [15:39:24.988] [bbotk]  nrounds subsample      acq_ei  x_domain .already_evaluated classif.bbrier
INFO  [15:39:24.988] [bbotk]     2689 0.7930643 0.003263747 <list[8]>              FALSE     0.04122529
INFO  [15:39:24.988] [bbotk]  warnings errors runtime_learners                                uhash
INFO  [15:39:24.988] [bbotk]         0      0           85.362 449b34e8-18b3-4eae-9c08-3c9ee603fede
WARN  [15:39:27.743] [mlr3] train: Stopped because hard maximum generation limit was hit.
INFO  [15:39:32.886] [bbotk] Evaluating 1 configuration(s)
INFO  [15:40:52.478] [bbotk] Result of batch 47:
INFO  [15:40:52.487] [bbotk]      alpha colsample_bylevel colsample_bytree       eta    lambda max_depth
INFO  [15:40:52.487] [bbotk]  -4.286228         0.5091431        0.8966074 -3.479457 -2.803018        15
INFO  [15:40:52.487] [bbotk]  nrounds subsample      acq_ei  x_domain .already_evaluated classif.bbrier
INFO  [15:40:52.487] [bbotk]     1938 0.9860079 0.004886305 <list[8]>              FALSE     0.03943043
INFO  [15:40:52.487] [bbotk]  warnings errors runtime_learners                                uhash
INFO  [15:40:52.487] [bbotk]         0      0            79.16 4eca38c2-4e6c-467c-ad0c-5497d5df43e4
WARN  [15:40:54.296] [mlr3] train: Stopped because hard maximum generation limit was hit.
INFO  [15:41:00.740] [bbotk] Evaluating 1 configuration(s)
INFO  [15:45:11.923] [bbotk] Result of batch 48:
INFO  [15:45:11.933] [bbotk]      alpha colsample_bylevel colsample_bytree       eta   lambda max_depth
INFO  [15:45:11.933] [bbotk]  -1.789558         0.4627068        0.8013285 -5.688596 1.302409        17
INFO  [15:45:11.933] [bbotk]  nrounds subsample      acq_ei  x_domain .already_evaluated classif.bbrier
INFO  [15:45:11.933] [bbotk]     4667 0.8964931 0.002732993 <list[8]>              FALSE     0.03958759
INFO  [15:45:11.933] [bbotk]  warnings errors runtime_learners                                uhash
INFO  [15:45:11.933] [bbotk]         0      0           250.89 e1649bee-6e1c-4bbc-963f-7db88791e603
INFO  [15:45:18.756] [bbotk] Evaluating 1 configuration(s)
INFO  [15:47:15.391] [bbotk] Result of batch 49:
INFO  [15:47:15.412] [bbotk]     alpha colsample_bylevel colsample_bytree       eta    lambda max_depth
INFO  [15:47:15.412] [bbotk]  1.204066         0.9511462         0.908745 -2.118842 -2.759663        12
INFO  [15:47:15.412] [bbotk]  nrounds subsample      acq_ei  x_domain .already_evaluated classif.bbrier
INFO  [15:47:15.412] [bbotk]     4928 0.6774254 0.005300176 <list[8]>              FALSE     0.04215043
INFO  [15:47:15.412] [bbotk]  warnings errors runtime_learners                                uhash
INFO  [15:47:15.412] [bbotk]         0      0          116.261 cf6c7cf0-759b-4aa4-8b37-58f53ef71427
WARN  [15:47:18.925] [mlr3] train: Stopped because hard maximum generation limit was hit.
INFO  [15:47:24.939] [bbotk] Evaluating 1 configuration(s)
INFO  [15:48:28.581] [bbotk] Result of batch 50:
INFO  [15:48:28.591] [bbotk]      alpha colsample_bylevel colsample_bytree       eta   lambda max_depth
INFO  [15:48:28.591] [bbotk]  -6.164208         0.9661521         0.188024 -3.236732 4.036562        16
INFO  [15:48:28.591] [bbotk]  nrounds subsample      acq_ei  x_domain .already_evaluated classif.bbrier
INFO  [15:48:28.591] [bbotk]     4900 0.2401652 0.002289595 <list[8]>              FALSE     0.06489997
INFO  [15:48:28.591] [bbotk]  warnings errors runtime_learners                                uhash
INFO  [15:48:28.591] [bbotk]         0      0           63.379 340a951c-a15a-4eb6-b247-1ecff976f6ea
WARN  [15:48:31.101] [mlr3] train: Stopped because hard maximum generation limit was hit.
INFO  [15:48:35.505] [bbotk] Evaluating 1 configuration(s)
INFO  [15:50:10.302] [bbotk] Result of batch 51:
INFO  [15:50:10.310] [bbotk]     alpha colsample_bylevel colsample_bytree      eta    lambda max_depth
INFO  [15:50:10.310] [bbotk]  1.585499         0.9448647        0.8309601 -2.16731 -4.761711         4
INFO  [15:50:10.310] [bbotk]  nrounds subsample      acq_ei  x_domain .already_evaluated classif.bbrier
INFO  [15:50:10.310] [bbotk]     4895 0.8104106 0.004225678 <list[8]>              FALSE      0.0439626
INFO  [15:50:10.310] [bbotk]  warnings errors runtime_learners                                uhash
INFO  [15:50:10.310] [bbotk]         0      0           94.447 9abebaec-31b4-4d31-93ff-02e0441918ca
INFO  [15:50:16.662] [bbotk] Evaluating 1 configuration(s)
INFO  [15:50:36.546] [bbotk] Result of batch 52:
INFO  [15:50:36.556] [bbotk]      alpha colsample_bylevel colsample_bytree       eta    lambda max_depth
INFO  [15:50:36.556] [bbotk]  -5.421021         0.7943669        0.1767145 -2.072907 -1.587338        20
INFO  [15:50:36.556] [bbotk]  nrounds subsample      acq_ei  x_domain .already_evaluated classif.bbrier
INFO  [15:50:36.556] [bbotk]     1056 0.8702158 0.002161019 <list[8]>              FALSE     0.06830794
INFO  [15:50:36.556] [bbotk]  warnings errors runtime_learners                                uhash
INFO  [15:50:36.556] [bbotk]         0      0           19.679 0a704999-e218-4755-a49f-6deae097b133
WARN  [15:50:39.236] [mlr3] train: Stopped because hard maximum generation limit was hit.
INFO  [15:50:45.045] [bbotk] Evaluating 1 configuration(s)
INFO  [15:51:56.614] [bbotk] Result of batch 53:
INFO  [15:51:56.624] [bbotk]    alpha colsample_bylevel colsample_bytree       eta    lambda max_depth
INFO  [15:51:56.624] [bbotk]  1.12757         0.6696218        0.9931103 -2.133275 -1.105083        10
INFO  [15:51:56.624] [bbotk]  nrounds subsample      acq_ei  x_domain .already_evaluated classif.bbrier
INFO  [15:51:56.624] [bbotk]     4335 0.9541383 0.002413387 <list[8]>              FALSE     0.03972871
INFO  [15:51:56.624] [bbotk]  warnings errors runtime_learners                                uhash
INFO  [15:51:56.624] [bbotk]         0      0           71.206 86435c8c-0dc4-4d16-8ec5-303fdd338b01
WARN  [15:51:59.237] [mlr3] train: Stopped because hard maximum generation limit was hit.
INFO  [15:52:04.322] [bbotk] Evaluating 1 configuration(s)
INFO  [15:53:19.011] [bbotk] Result of batch 54:
INFO  [15:53:19.022] [bbotk]      alpha colsample_bylevel colsample_bytree      eta   lambda max_depth
INFO  [15:53:19.022] [bbotk]  -6.088713         0.1538845        0.7847905 -4.06464 -6.01715        16
INFO  [15:53:19.022] [bbotk]  nrounds subsample      acq_ei  x_domain .already_evaluated classif.bbrier
INFO  [15:53:19.022] [bbotk]     4732 0.4200193 0.002279925 <list[8]>              FALSE     0.05228012
INFO  [15:53:19.022] [bbotk]  warnings errors runtime_learners                                uhash
INFO  [15:53:19.022] [bbotk]         0      0           74.317 f94684e9-1987-4921-8e69-0516cccd8092
WARN  [15:53:21.164] [mlr3] train: Stopped because hard maximum generation limit was hit.
INFO  [15:53:27.223] [bbotk] Evaluating 1 configuration(s)
INFO  [15:56:17.147] [bbotk] Result of batch 55:
INFO  [15:56:17.162] [bbotk]      alpha colsample_bylevel colsample_bytree       eta   lambda max_depth
INFO  [15:56:17.162] [bbotk]  -5.085344         0.6293805        0.6613753 -3.112016 1.111627        13
INFO  [15:56:17.162] [bbotk]  nrounds subsample      acq_ei  x_domain .already_evaluated classif.bbrier
INFO  [15:56:17.162] [bbotk]     4998 0.9841281 0.001804016 <list[8]>              FALSE     0.04032435
INFO  [15:56:17.162] [bbotk]  warnings errors runtime_learners                                uhash
INFO  [15:56:17.162] [bbotk]         0      0            169.6 9537cbdf-b6e1-4013-a453-adece85b2b92
INFO  [15:56:25.627] [bbotk] Evaluating 1 configuration(s)
INFO  [16:00:43.950] [bbotk] Result of batch 56:
INFO  [16:00:43.961] [bbotk]      alpha colsample_bylevel colsample_bytree       eta    lambda max_depth
INFO  [16:00:43.961] [bbotk]  -2.444094         0.6389592        0.9522802 -4.933642 0.6531936        18
INFO  [16:00:43.961] [bbotk]  nrounds subsample    acq_ei  x_domain .already_evaluated classif.bbrier
INFO  [16:00:43.961] [bbotk]     3644 0.8454629 0.0026322 <list[8]>              FALSE     0.03894292
INFO  [16:00:43.961] [bbotk]  warnings errors runtime_learners                                uhash
INFO  [16:00:43.961] [bbotk]         0      0          258.036 81425444-cd38-4eea-9d91-b0b593bcacb6
WARN  [16:00:46.068] [mlr3] train: Stopped because hard maximum generation limit was hit.
INFO  [16:00:51.894] [bbotk] Evaluating 1 configuration(s)
INFO  [16:01:30.677] [bbotk] Result of batch 57:
INFO  [16:01:30.686] [bbotk]      alpha colsample_bylevel colsample_bytree      eta    lambda max_depth
INFO  [16:01:30.686] [bbotk]  -6.108367         0.1018583        0.9516964 -2.54054 -1.650724        17
INFO  [16:01:30.686] [bbotk]  nrounds subsample      acq_ei  x_domain .already_evaluated classif.bbrier
INFO  [16:01:30.686] [bbotk]     2545 0.9743356 0.001960531 <list[8]>              FALSE     0.04549638
INFO  [16:01:30.686] [bbotk]  warnings errors runtime_learners                                uhash
INFO  [16:01:30.686] [bbotk]         0      0           38.487 58641574-f9bc-4a4f-8612-bf1d4fd3a72c
INFO  [16:01:38.417] [bbotk] Evaluating 1 configuration(s)
INFO  [16:05:49.194] [bbotk] Result of batch 58:
INFO  [16:05:49.217] [bbotk]      alpha colsample_bylevel colsample_bytree       eta    lambda max_depth
INFO  [16:05:49.217] [bbotk]  0.5340584         0.5360773        0.9549142 -5.275468 -2.371554        14
INFO  [16:05:49.217] [bbotk]  nrounds subsample      acq_ei  x_domain .already_evaluated classif.bbrier
INFO  [16:05:49.217] [bbotk]     4862 0.5876387 0.001715699 <list[8]>              FALSE     0.04045552
INFO  [16:05:49.217] [bbotk]  warnings errors runtime_learners                                uhash
INFO  [16:05:49.217] [bbotk]         0      0          250.477 38d90c52-4309-4ed2-b6c7-f16b034dcee1
WARN  [16:05:53.674] [mlr3] train: Stopped because hard maximum generation limit was hit.
INFO  [16:06:01.923] [bbotk] Evaluating 1 configuration(s)
INFO  [16:06:17.467] [bbotk] Result of batch 59:
INFO  [16:06:17.478] [bbotk]     alpha colsample_bylevel colsample_bytree       eta    lambda max_depth
INFO  [16:06:17.478] [bbotk]  1.286531         0.5856177        0.9995421 -1.199259 -6.632722        20
INFO  [16:06:17.478] [bbotk]  nrounds subsample      acq_ei  x_domain .already_evaluated classif.bbrier
INFO  [16:06:17.478] [bbotk]      282 0.9562981 0.002422255 <list[8]>              FALSE     0.04074015
INFO  [16:06:17.478] [bbotk]  warnings errors runtime_learners                                uhash
INFO  [16:06:17.478] [bbotk]         0      0           15.168 290655ee-3ffd-4bec-a703-6a58280fc17e
WARN  [16:06:19.215] [mlr3] train: Stopped because hard maximum generation limit was hit.
INFO  [16:06:25.172] [bbotk] Evaluating 1 configuration(s)
INFO  [16:06:47.483] [bbotk] Result of batch 60:
INFO  [16:06:47.502] [bbotk]     alpha colsample_bylevel colsample_bytree       eta    lambda max_depth
INFO  [16:06:47.502] [bbotk]  1.058434         0.5302102        0.7545827 -1.601667 -6.035799        10
INFO  [16:06:47.502] [bbotk]  nrounds subsample      acq_ei  x_domain .already_evaluated classif.bbrier
INFO  [16:06:47.502] [bbotk]     1703 0.9957944 0.001547107 <list[8]>              FALSE     0.04143989
INFO  [16:06:47.502] [bbotk]  warnings errors runtime_learners                                uhash
INFO  [16:06:47.502] [bbotk]         0      0            21.95 87f59972-2097-435a-a9c6-36575d54ca00
WARN  [16:06:53.131] [mlr3] train: Stopped because hard maximum generation limit was hit.
INFO  [16:06:59.849] [bbotk] Evaluating 1 configuration(s)
INFO  [16:08:03.070] [bbotk] Result of batch 61:
INFO  [16:08:03.089] [bbotk]      alpha colsample_bylevel colsample_bytree       eta     lambda max_depth
INFO  [16:08:03.089] [bbotk]  -1.593928         0.8557457        0.8507522 -1.907617 -0.5009577         3
INFO  [16:08:03.089] [bbotk]  nrounds subsample      acq_ei  x_domain .already_evaluated classif.bbrier
INFO  [16:08:03.089] [bbotk]     2499 0.9922502 0.004034711 <list[8]>              FALSE     0.04240562
INFO  [16:08:03.089] [bbotk]  warnings errors runtime_learners                                uhash
INFO  [16:08:03.089] [bbotk]         0      0           62.779 a163533a-fb76-4472-965d-8e9f4ce7a6d0
WARN  [16:08:05.898] [mlr3] train: Stopped because hard maximum generation limit was hit.
INFO  [16:08:10.551] [bbotk] Evaluating 1 configuration(s)
INFO  [16:09:14.239] [bbotk] Result of batch 62:
INFO  [16:09:14.266] [bbotk]       alpha colsample_bylevel colsample_bytree       eta   lambda max_depth
INFO  [16:09:14.266] [bbotk]  -0.3359867         0.9606217         0.873272 -1.179514 -2.11884         8
INFO  [16:09:14.266] [bbotk]  nrounds subsample     acq_ei  x_domain .already_evaluated classif.bbrier
INFO  [16:09:14.266] [bbotk]     3971   0.99798 0.00167771 <list[8]>              FALSE     0.04028317
INFO  [16:09:14.266] [bbotk]  warnings errors runtime_learners                                uhash
INFO  [16:09:14.266] [bbotk]         0      0           63.192 8251960d-676f-457f-8307-d34b8a3ff99f
WARN  [16:09:17.412] [mlr3] train: Stopped because hard maximum generation limit was hit.
INFO  [16:09:23.750] [bbotk] Evaluating 1 configuration(s)
INFO  [16:10:43.993] [bbotk] Result of batch 63:
INFO  [16:10:44.000] [bbotk]    alpha colsample_bylevel colsample_bytree       eta   lambda max_depth
INFO  [16:10:44.000] [bbotk]  1.56376         0.9036036        0.9182874 -2.468371 1.702042        20
INFO  [16:10:44.000] [bbotk]  nrounds subsample      acq_ei  x_domain .already_evaluated classif.bbrier
INFO  [16:10:44.000] [bbotk]     3940 0.9826155 0.002594387 <list[8]>              FALSE     0.04138651
INFO  [16:10:44.000] [bbotk]  warnings errors runtime_learners                                uhash
INFO  [16:10:44.000] [bbotk]         0      0           79.913 9acb2e01-5b4b-4566-b8fb-79dbf300c32f
WARN  [16:10:46.289] [mlr3] train: Stopped because hard maximum generation limit was hit.
INFO  [16:10:51.636] [bbotk] Evaluating 1 configuration(s)
INFO  [16:15:50.642] [bbotk] Result of batch 64:
INFO  [16:15:50.653] [bbotk]      alpha colsample_bylevel colsample_bytree       eta    lambda max_depth
INFO  [16:15:50.653] [bbotk]  -0.443531         0.5528738        0.9646748 -5.518243 -2.752219        19
INFO  [16:15:50.653] [bbotk]  nrounds subsample      acq_ei  x_domain .already_evaluated classif.bbrier
INFO  [16:15:50.653] [bbotk]     4315 0.7383214 0.001717409 <list[8]>              FALSE      0.0386096
INFO  [16:15:50.653] [bbotk]  warnings errors runtime_learners                                uhash
INFO  [16:15:50.653] [bbotk]         0      0          298.673 7eca05ad-23be-4b5b-9626-88d3c31afb3b
WARN  [16:15:53.036] [mlr3] train: Stopped because hard maximum generation limit was hit.
INFO  [16:16:01.252] [bbotk] Evaluating 1 configuration(s)
INFO  [16:17:42.935] [bbotk] Result of batch 65:
INFO  [16:17:42.946] [bbotk]      alpha colsample_bylevel colsample_bytree       eta     lambda max_depth
INFO  [16:17:42.946] [bbotk]  -4.895391         0.5838138        0.7943011 -3.370921 -0.3258791        16
INFO  [16:17:42.946] [bbotk]  nrounds subsample      acq_ei  x_domain .already_evaluated classif.bbrier
INFO  [16:17:42.946] [bbotk]     2096 0.9775297 0.002140947 <list[8]>              FALSE     0.03937675
INFO  [16:17:42.946] [bbotk]  warnings errors runtime_learners                                uhash
INFO  [16:17:42.946] [bbotk]         0      0          101.286 ee9c11ea-99d6-427a-a02d-6afdbf59063a
WARN  [16:17:47.014] [mlr3] train: Stopped because hard maximum generation limit was hit.
INFO  [16:17:52.934] [bbotk] Evaluating 1 configuration(s)
INFO  [16:21:25.487] [bbotk] Result of batch 66:
INFO  [16:21:25.498] [bbotk]      alpha colsample_bylevel colsample_bytree       eta    lambda max_depth
INFO  [16:21:25.498] [bbotk]  -6.824743         0.5639297        0.8440494 -4.608962 -2.404898        14
INFO  [16:21:25.498] [bbotk]  nrounds subsample     acq_ei  x_domain .already_evaluated classif.bbrier
INFO  [16:21:25.498] [bbotk]     3566 0.9842279 0.00187817 <list[8]>              FALSE     0.03898826
INFO  [16:21:25.498] [bbotk]  warnings errors runtime_learners                                uhash
INFO  [16:21:25.498] [bbotk]         0      0          212.177 c01cb342-446c-4437-b86b-f748f56e9173
WARN  [16:21:27.739] [mlr3] train: Stopped because hard maximum generation limit was hit.
INFO  [16:21:34.171] [bbotk] Evaluating 1 configuration(s)
INFO  [16:21:57.802] [bbotk] Result of batch 67:
INFO  [16:21:57.818] [bbotk]      alpha colsample_bylevel colsample_bytree       eta    lambda max_depth
INFO  [16:21:57.818] [bbotk]  -2.869488          0.534187        0.9298558 -3.208813 -1.471923        20
INFO  [16:21:57.818] [bbotk]  nrounds subsample      acq_ei  x_domain .already_evaluated classif.bbrier
INFO  [16:21:57.818] [bbotk]      226 0.9226887 0.002063737 <list[8]>              FALSE     0.03880656
INFO  [16:21:57.818] [bbotk]  warnings errors runtime_learners                                uhash
INFO  [16:21:57.818] [bbotk]         0      0           23.174 d9a160ad-a293-49fb-bfb4-872103e0057f
WARN  [16:22:00.382] [mlr3] train: Stopped because hard maximum generation limit was hit.
INFO  [16:22:05.269] [bbotk] Evaluating 1 configuration(s)
INFO  [16:22:25.894] [bbotk] Result of batch 68:
INFO  [16:22:25.917] [bbotk]      alpha colsample_bylevel colsample_bytree       eta    lambda max_depth
INFO  [16:22:25.917] [bbotk]  -2.577265         0.4029937        0.8809138 -2.860437 -5.760015        12
INFO  [16:22:25.917] [bbotk]  nrounds subsample      acq_ei  x_domain .already_evaluated classif.bbrier
INFO  [16:22:25.917] [bbotk]      393 0.6708127 0.002541314 <list[8]>              FALSE     0.03966874
INFO  [16:22:25.917] [bbotk]  warnings errors runtime_learners                                uhash
INFO  [16:22:25.917] [bbotk]         0      0           20.298 e01ee56a-d4d2-4009-aacb-5a0576e2513e
WARN  [16:22:28.648] [mlr3] train: Stopped because hard maximum generation limit was hit.
INFO  [16:22:33.863] [bbotk] Evaluating 1 configuration(s)
INFO  [16:24:16.724] [bbotk] Result of batch 69:
INFO  [16:24:16.734] [bbotk]     alpha colsample_bylevel colsample_bytree       eta   lambda max_depth
INFO  [16:24:16.734] [bbotk]  -5.51245         0.9022317        0.8536146 -2.543398 2.155946         9
INFO  [16:24:16.734] [bbotk]  nrounds subsample      acq_ei  x_domain .already_evaluated classif.bbrier
INFO  [16:24:16.734] [bbotk]     1393 0.9796065 0.002302106 <list[8]>              FALSE      0.0398886
INFO  [16:24:16.734] [bbotk]  warnings errors runtime_learners                                uhash
INFO  [16:24:16.734] [bbotk]         0      0          102.589 9dce8805-2bba-4137-b5f5-be56dd7d8e8c
WARN  [16:24:20.968] [mlr3] train: Stopped because hard maximum generation limit was hit.
INFO  [16:24:21.105] [bbotk] Finished optimizing after 100 evaluation(s)
INFO  [16:24:21.107] [bbotk] Result:
INFO  [16:24:21.114] [bbotk]      alpha colsample_bylevel colsample_bytree       eta     lambda max_depth
INFO  [16:24:21.114] [bbotk]      <num>             <num>            <num>     <num>      <num>     <int>
INFO  [16:24:21.114] [bbotk]  -3.790394         0.5956859        0.8532007 -5.982041 -0.6730828        20
INFO  [16:24:21.114] [bbotk]  nrounds subsample learner_param_vals  x_domain classif.bbrier
INFO  [16:24:21.114] [bbotk]    <int>     <num>             <list>    <list>          <num>
INFO  [16:24:21.114] [bbotk]     4491 0.9196682         <list[10]> <list[8]>     0.03858496

### [bt]: Job terminated successfully [batchtools job.id=3551]
### [bt]: Calculation finished!
