### [bt]: This is batchtools v0.9.17
### [bt]: Starting calculation of 1 jobs
### [bt]: Setting working directory to '/content/drive/MyDrive/GitHub/Mater_Thesis_Calibration'
ece.R :
Friedmann_tasks.R :
Functions.R :
ici.R :
mse_feature_effects.R :
PipeOpCalibration_TuningExperiment.R :
PipeOpCalibration.R :
PipeOpCalibrationUnion.R :
### [bt]: Memory measurement disabled
### [bt]: Starting job [batchtools job.id=3546]
### [bt]: Generating problem instance for problem '7f16ca74b5d8776b' ...
### [bt]: Applying algorithm 'run_learner' on problem '7f16ca74b5d8776b' for job 3546 (seed = 3669) ...
INFO  [13:27:41.311] [mlr3] Applying learner 'xgboost TbC beta' on task 'churn' (iter 6/10)
INFO  [13:27:44.301] [bbotk] Starting to optimize 8 parameter(s) with '<OptimizerMbo>' and '<TerminatorEvals> [n_evals=100, k=0]'
INFO  [13:27:44.896] [bbotk] Evaluating 32 configuration(s)
INFO  [13:47:01.600] [bbotk] Result of batch 1:
INFO  [13:47:01.611] [bbotk]        alpha colsample_bylevel colsample_bytree        eta     lambda max_depth
INFO  [13:47:01.611] [bbotk]  -6.54477338         0.5427454        0.7623838 -5.9657006  5.8481134        18
INFO  [13:47:01.611] [bbotk]   0.36298166         0.9927454        0.3123838 -1.3605304 -1.0596423         8
INFO  [13:47:01.611] [bbotk]  -3.09089556         0.7677454        0.5373838 -3.6631155  2.3942358        13
INFO  [13:47:01.611] [bbotk]   3.81685930         0.3177454        0.9873838 -8.2682856 -4.5135197         3
INFO  [13:47:01.611] [bbotk]   2.08992048         0.4302454        0.4248838 -0.2092379 -2.7865811         5
INFO  [13:47:01.611] [bbotk]  -4.81783459         0.8802454        0.8748838 -4.8144081  4.1211746        15
INFO  [13:47:01.611] [bbotk]   5.54379812         0.6552454        0.6498838 -7.1169930 -6.2404585        10
INFO  [13:47:01.611] [bbotk]  -1.36395674         0.2052454        0.1998838 -2.5118230  0.6672970        20
INFO  [13:47:01.611] [bbotk]  -3.95436518         0.2614954        0.3686338 -7.6926393 -0.1961729        11
INFO  [13:47:01.611] [bbotk]   2.95338989         0.7114954        0.8186338 -3.0874692  6.7115828         1
INFO  [13:47:01.611] [bbotk]   6.40726753         0.4864954        0.1436338 -5.3900543  3.2577052         6
INFO  [13:47:01.611] [bbotk]  -0.50048733         0.9364954        0.5936338 -0.7848842 -3.6500503        16
INFO  [13:47:01.611] [bbotk]  -2.22742615         0.3739954        0.9311338 -1.9361767 -5.3769891        14
INFO  [13:47:01.611] [bbotk]   4.68032871         0.8239954        0.4811338 -6.5413469  1.5307664         4
INFO  [13:47:01.611] [bbotk]  -5.68130400         0.5989954        0.2561338 -8.8439318 -1.9231117        19
INFO  [13:47:01.611] [bbotk]   1.22645107         0.1489954        0.7061338 -4.2387618  4.9846440         9
INFO  [13:47:01.611] [bbotk]   1.65818578         0.5708704        0.3405088 -5.1022312 -4.9452544        13
INFO  [13:47:01.611] [bbotk]  -5.24956929         0.1208704        0.7905088 -0.4970610  1.9625011         3
INFO  [13:47:01.611] [bbotk]  -1.79569145         0.7958704        0.1155088 -7.4048162  5.4163787         8
INFO  [13:47:01.611] [bbotk]   5.11206342         0.3458704        0.5655088 -2.7996461 -1.4913770        18
INFO  [13:47:01.611] [bbotk]   6.83900224         0.9083704        0.9030088 -3.9509387 -3.2183158        11
INFO  [13:47:01.611] [bbotk]  -0.06875263         0.4583704        0.4530088 -8.5561087  3.6894399         1
INFO  [13:47:01.611] [bbotk]   3.38512460         0.2333704        0.2280088 -6.2535238 -6.6721933        16
INFO  [13:47:01.611] [bbotk]  -3.52263047         0.6833704        0.6780088 -1.6483536  0.2355623         6
INFO  [13:47:01.611] [bbotk]   4.24859401         0.7396204        0.1717588 -1.0727073  4.5529093        17
INFO  [13:47:01.611] [bbotk]  -2.65916086         0.2896204        0.6217588 -5.6778775 -2.3548464         7
INFO  [13:47:01.611] [bbotk]   0.79471637         0.5146204        0.8467588 -7.9804624  1.0990317        12
INFO  [13:47:01.611] [bbotk]  -6.11303870         0.9646204        0.3967588 -3.3752924 -5.8087238         2
INFO  [13:47:01.611] [bbotk]  -4.38609988         0.4021204        0.2842588 -4.5265849 -4.0817850         9
INFO  [13:47:01.611] [bbotk]   2.52165519         0.8521204        0.7342588 -9.1317550  2.8259705        19
INFO  [13:47:01.611] [bbotk]   5.97553283         0.1771204        0.5092588 -2.2239998  6.2798481        14
INFO  [13:47:01.611] [bbotk]  -0.93222204         0.6271204        0.9592588 -6.8291700 -0.6279076         4
INFO  [13:47:01.611] [bbotk]        alpha colsample_bylevel colsample_bytree        eta     lambda max_depth
INFO  [13:47:01.611] [bbotk]  nrounds subsample classif.bbrier warnings errors runtime_learners
INFO  [13:47:01.611] [bbotk]     4162  0.584907     0.07878059        0      0          140.716
INFO  [13:47:01.611] [bbotk]     1662  0.134907     0.08429305        0      0           16.640
INFO  [13:47:01.611] [bbotk]      412  0.809907     0.04592160        0      0           22.747
INFO  [13:47:01.611] [bbotk]     2912  0.359907     0.14168746        0      0           32.124
INFO  [13:47:01.611] [bbotk]     4787  0.697407     0.05880846        0      0           31.089
INFO  [13:47:01.611] [bbotk]     2287  0.247407     0.06740682        0      0           80.917
INFO  [13:47:01.611] [bbotk]     1037  0.922407     0.14723667        0      0           30.598
INFO  [13:47:01.611] [bbotk]     3537  0.472407     0.06185586        0      0           23.485
INFO  [13:47:01.611] [bbotk]     3224  0.528657     0.09437239        0      0           50.989
INFO  [13:47:01.611] [bbotk]      724  0.978657     0.10209468        0      0            8.591
INFO  [13:47:01.611] [bbotk]     4474  0.753657     0.18716915        0      0           20.302
INFO  [13:47:01.611] [bbotk]     1974  0.303657     0.06763707        0      0           24.195
INFO  [13:47:01.611] [bbotk]     3849  0.641157     0.04715710        0      0           58.549
INFO  [13:47:01.611] [bbotk]     1349  0.191157     0.15288672        0      0           15.979
INFO  [13:47:01.611] [bbotk]       99  0.866157     0.24592257        0      0            5.081
INFO  [13:47:01.611] [bbotk]     2599  0.416157     0.08050612        0      0           28.990
INFO  [13:47:01.611] [bbotk]     4318  0.838032     0.04879827        0      0           87.017
INFO  [13:47:01.611] [bbotk]     1818  0.388032     0.06914233        0      0           13.775
INFO  [13:47:01.611] [bbotk]     3068  0.163032     0.15513803        0      0           15.350
INFO  [13:47:01.611] [bbotk]      568  0.613032     0.10486368        0      0            5.774
INFO  [13:47:01.611] [bbotk]     3693  0.275532     0.25000000        0      0           28.947
INFO  [13:47:01.611] [bbotk]     1193  0.725532     0.20262425        0      0            9.161
INFO  [13:47:01.611] [bbotk]     2443  0.500532     0.11502222        0      0           12.995
INFO  [13:47:01.611] [bbotk]     4943  0.950532     0.04614496        0      0           91.496
INFO  [13:47:01.611] [bbotk]     4005  0.781782     0.10865111        0      0           19.430
INFO  [13:47:01.611] [bbotk]     1505  0.331782     0.05348956        0      0           23.316
INFO  [13:47:01.611] [bbotk]      255  0.556782     0.22242172        0      0           10.392
INFO  [13:47:01.611] [bbotk]     2755  0.106782     0.06824453        0      0           19.408
INFO  [13:47:01.611] [bbotk]      880  0.669282     0.05963485        0      0           16.493
INFO  [13:47:01.611] [bbotk]     3380  0.219282     0.17972303        0      0           69.083
INFO  [13:47:01.611] [bbotk]     2130  0.444282     0.19348352        0      0           10.919
INFO  [13:47:01.611] [bbotk]     4630  0.894282     0.04248715        0      0          125.864
INFO  [13:47:01.611] [bbotk]  nrounds subsample classif.bbrier warnings errors runtime_learners
INFO  [13:47:01.611] [bbotk]                                 uhash
INFO  [13:47:01.611] [bbotk]  fc9e6e1b-c3bb-4ccd-a814-775283b6d880
INFO  [13:47:01.611] [bbotk]  71db370c-695c-471b-80ed-b6c2c5dfe59b
INFO  [13:47:01.611] [bbotk]  a2409586-8621-4076-93d9-ad413b0ebd06
INFO  [13:47:01.611] [bbotk]  799486a2-b404-4415-9dd3-54835f884072
INFO  [13:47:01.611] [bbotk]  6e52b6d6-7443-49fd-a48c-06a7b4c377e0
INFO  [13:47:01.611] [bbotk]  529d95d7-1eaf-4e54-bf76-4db6eccf765a
INFO  [13:47:01.611] [bbotk]  bda580e1-8eb8-4edb-809d-d43bc0172af9
INFO  [13:47:01.611] [bbotk]  ee3874df-e820-4aca-8103-dd5209ae47ad
INFO  [13:47:01.611] [bbotk]  a9d8726c-059c-463a-af8f-48f5d3f398e4
INFO  [13:47:01.611] [bbotk]  c5239735-6d04-40b5-b6d2-36b3be4418a0
INFO  [13:47:01.611] [bbotk]  c3a86bef-4ec4-41c6-b5fc-f6532a039dba
INFO  [13:47:01.611] [bbotk]  7dd98d69-f7c7-4e6a-9b83-b89c1d0e89b2
INFO  [13:47:01.611] [bbotk]  89148a64-5620-4deb-b98f-559cda436052
INFO  [13:47:01.611] [bbotk]  54625527-3a31-46b8-8a31-bbecb281ca8f
INFO  [13:47:01.611] [bbotk]  6e3b0ea0-17aa-4ee0-95c0-547d1471e2f7
INFO  [13:47:01.611] [bbotk]  c3bd0557-b47f-4411-aa83-58fe5a1d731b
INFO  [13:47:01.611] [bbotk]  815131e6-6c90-4b39-9824-19f0c47df05f
INFO  [13:47:01.611] [bbotk]  ae83e809-554b-4143-9e56-c58c7fb858b7
INFO  [13:47:01.611] [bbotk]  995fefb6-7edd-4c52-8749-7e910ee79a9e
INFO  [13:47:01.611] [bbotk]  93332394-2130-4e77-9160-6f7a79ae0714
INFO  [13:47:01.611] [bbotk]  22169a01-80a9-4f3f-96d4-7bc1bf140f1d
INFO  [13:47:01.611] [bbotk]  8e4d37c0-c225-48fc-8d8f-b6e705c9b779
INFO  [13:47:01.611] [bbotk]  bfb09d73-d2ba-4f70-886a-3a6ec83efd93
INFO  [13:47:01.611] [bbotk]  16a92323-550e-4943-83a3-e92811c179f4
INFO  [13:47:01.611] [bbotk]  40744c0c-3d8c-4218-bf13-da1f9181c793
INFO  [13:47:01.611] [bbotk]  00186424-3e88-4ccc-8bc4-68349b51211d
INFO  [13:47:01.611] [bbotk]  bafae51f-3519-4555-96a6-24b9637c5a66
INFO  [13:47:01.611] [bbotk]  55469689-0bce-485c-8c2f-2adf39bbb1c8
INFO  [13:47:01.611] [bbotk]  058e0f82-5194-419f-9c44-c7b96f4e002a
INFO  [13:47:01.611] [bbotk]  c8b042cd-6e61-4093-b271-ed0a610a7586
INFO  [13:47:01.611] [bbotk]  b92ce482-ab32-4c48-a92c-b7c53b2062c3
INFO  [13:47:01.611] [bbotk]  c75b13d8-ed22-4661-9ded-3282487e79c3
INFO  [13:47:01.611] [bbotk]                                 uhash
INFO  [13:47:06.139] [bbotk] Evaluating 1 configuration(s)
INFO  [13:48:01.309] [bbotk] Result of batch 2:
INFO  [13:48:01.319] [bbotk]      alpha colsample_bylevel colsample_bytree       eta    lambda max_depth
INFO  [13:48:01.319] [bbotk]  -2.723412         0.1613498        0.5920018 -4.682919 0.5598841         7
INFO  [13:48:01.319] [bbotk]  nrounds subsample     acq_ei  x_domain .already_evaluated classif.bbrier
INFO  [13:48:01.319] [bbotk]     4150 0.9639101 0.03377874 <list[8]>              FALSE     0.04530807
INFO  [13:48:01.319] [bbotk]  warnings errors runtime_learners                                uhash
INFO  [13:48:01.319] [bbotk]         0      0           54.778 1029916d-df92-485e-bc44-5ac25cd8ce5a
INFO  [13:48:05.767] [bbotk] Evaluating 1 configuration(s)
INFO  [13:48:49.882] [bbotk] Result of batch 3:
INFO  [13:48:49.893] [bbotk]      alpha colsample_bylevel colsample_bytree       eta    lambda max_depth
INFO  [13:48:49.893] [bbotk]  -2.297843         0.5251062        0.6959093 -3.223146 -4.343422        15
INFO  [13:48:49.893] [bbotk]  nrounds subsample    acq_ei  x_domain .already_evaluated classif.bbrier
INFO  [13:48:49.893] [bbotk]     1646 0.7077636 0.0193456 <list[8]>              FALSE     0.04324045
INFO  [13:48:49.893] [bbotk]  warnings errors runtime_learners                                uhash
INFO  [13:48:49.893] [bbotk]         0      0           43.871 f6f87324-414e-42e5-ba87-beac5fca69ed
WARN  [13:48:50.376] [mlr3] train: Stopped because hard maximum generation limit was hit.
INFO  [13:48:54.161] [bbotk] Evaluating 1 configuration(s)
INFO  [13:52:17.694] [bbotk] Result of batch 4:
INFO  [13:52:17.709] [bbotk]      alpha colsample_bylevel colsample_bytree       eta    lambda max_depth
INFO  [13:52:17.709] [bbotk]  -2.876423         0.6192074        0.6411296 -5.490667 -6.865686        15
INFO  [13:52:17.709] [bbotk]  nrounds subsample     acq_ei  x_domain .already_evaluated classif.bbrier
INFO  [13:52:17.709] [bbotk]     4452  0.780699 0.01536476 <list[8]>              FALSE     0.04011696
INFO  [13:52:17.709] [bbotk]  warnings errors runtime_learners                                uhash
INFO  [13:52:17.709] [bbotk]         0      0          203.261 755a9fbb-6ef1-4892-880c-666637e40428
INFO  [13:52:22.296] [bbotk] Evaluating 1 configuration(s)
INFO  [13:53:17.540] [bbotk] Result of batch 5:
INFO  [13:53:17.550] [bbotk]       alpha colsample_bylevel colsample_bytree       eta    lambda max_depth
INFO  [13:53:17.550] [bbotk]  -0.4496059         0.1524777        0.6442945 -6.113718 -4.483525         6
INFO  [13:53:17.550] [bbotk]  nrounds subsample     acq_ei  x_domain .already_evaluated classif.bbrier
INFO  [13:53:17.550] [bbotk]     4540 0.7836374 0.01517855 <list[8]>              FALSE     0.04993173
INFO  [13:53:17.550] [bbotk]  warnings errors runtime_learners                                uhash
INFO  [13:53:17.550] [bbotk]         0      0           54.959 aa6faec7-1164-44fd-8a40-9be33bef8dc8
INFO  [13:53:21.840] [bbotk] Evaluating 1 configuration(s)
INFO  [13:53:51.579] [bbotk] Result of batch 6:
INFO  [13:53:51.590] [bbotk]      alpha colsample_bylevel colsample_bytree       eta     lambda max_depth
INFO  [13:53:51.590] [bbotk]  -3.560848         0.2530992        0.9732762 -6.197562 -0.3453015         1
INFO  [13:53:51.590] [bbotk]  nrounds subsample     acq_ei  x_domain .already_evaluated classif.bbrier
INFO  [13:53:51.590] [bbotk]     4700 0.9436649 0.01833355 <list[8]>              FALSE     0.08913463
INFO  [13:53:51.590] [bbotk]  warnings errors runtime_learners                                uhash
INFO  [13:53:51.590] [bbotk]         0      0           29.465 688d65bd-a2f4-4a63-bfdf-01b45cb824ed
INFO  [13:53:56.509] [bbotk] Evaluating 1 configuration(s)
INFO  [13:54:34.018] [bbotk] Result of batch 7:
INFO  [13:54:34.029] [bbotk]      alpha colsample_bylevel colsample_bytree       eta    lambda max_depth
INFO  [13:54:34.029] [bbotk]  -1.435933         0.8744132        0.5070098 -4.497934 -6.077935         1
INFO  [13:54:34.029] [bbotk]  nrounds subsample     acq_ei  x_domain .already_evaluated classif.bbrier
INFO  [13:54:34.029] [bbotk]     4958 0.9539706 0.01544826 <list[8]>              FALSE     0.08201952
INFO  [13:54:34.029] [bbotk]  warnings errors runtime_learners                                uhash
INFO  [13:54:34.029] [bbotk]         0      0           37.261 6d1a319e-4d8a-42ee-804c-4665867eb7e2
WARN  [13:54:34.534] [mlr3] train: Stopped because hard maximum generation limit was hit.
INFO  [13:54:38.638] [bbotk] Evaluating 1 configuration(s)
INFO  [13:56:19.137] [bbotk] Result of batch 8:
INFO  [13:56:19.161] [bbotk]      alpha colsample_bylevel colsample_bytree      eta    lambda max_depth
INFO  [13:56:19.161] [bbotk]  -2.136401         0.3699571        0.6229056 -4.69481 -2.383745        18
INFO  [13:56:19.161] [bbotk]  nrounds subsample    acq_ei  x_domain .already_evaluated classif.bbrier
INFO  [13:56:19.161] [bbotk]     4363 0.6453885 0.0111734 <list[8]>              FALSE     0.04395763
INFO  [13:56:19.161] [bbotk]  warnings errors runtime_learners                                uhash
INFO  [13:56:19.161] [bbotk]         0      0          100.277 f65be627-df85-4bce-a6cf-ea99dbfb5ac6
WARN  [13:56:19.768] [mlr3] train: Stopped because hard maximum generation limit was hit.
INFO  [13:56:23.745] [bbotk] Evaluating 1 configuration(s)
INFO  [13:56:47.707] [bbotk] Result of batch 9:
INFO  [13:56:47.718] [bbotk]      alpha colsample_bylevel colsample_bytree       eta    lambda max_depth
INFO  [13:56:47.718] [bbotk]  -3.338451         0.1942368        0.4448554 -2.037186 -1.557501        17
INFO  [13:56:47.718] [bbotk]  nrounds subsample     acq_ei  x_domain .already_evaluated classif.bbrier
INFO  [13:56:47.718] [bbotk]     2874 0.5948855 0.01589791 <list[8]>              FALSE     0.05846201
INFO  [13:56:47.718] [bbotk]  warnings errors runtime_learners                                uhash
INFO  [13:56:47.718] [bbotk]         0      0           23.645 6cc26cfe-329a-480b-9f65-aec83d529d1a
WARN  [13:56:48.472] [mlr3] train: Stopped because hard maximum generation limit was hit.
INFO  [13:56:52.664] [bbotk] Evaluating 1 configuration(s)
INFO  [14:01:32.126] [bbotk] Result of batch 10:
INFO  [14:01:32.137] [bbotk]      alpha colsample_bylevel colsample_bytree      eta    lambda max_depth
INFO  [14:01:32.137] [bbotk]  0.1762475         0.6669604        0.9948564 -6.23456 -2.258954        16
INFO  [14:01:32.137] [bbotk]  nrounds subsample     acq_ei  x_domain .already_evaluated classif.bbrier
INFO  [14:01:32.137] [bbotk]     3790 0.8830568 0.01993262 <list[8]>              FALSE     0.03913333
INFO  [14:01:32.137] [bbotk]  warnings errors runtime_learners                                uhash
INFO  [14:01:32.137] [bbotk]         0      0          279.148 8f9aab21-d97a-4d5f-bf2a-7abe38ebd846
INFO  [14:01:37.544] [bbotk] Evaluating 1 configuration(s)
INFO  [14:02:47.338] [bbotk] Result of batch 11:
INFO  [14:02:47.362] [bbotk]      alpha colsample_bylevel colsample_bytree       eta    lambda max_depth
INFO  [14:02:47.362] [bbotk]  -2.014297         0.3248262        0.6068528 -4.570615 -5.912822        12
INFO  [14:02:47.362] [bbotk]  nrounds subsample     acq_ei  x_domain .already_evaluated classif.bbrier
INFO  [14:02:47.362] [bbotk]     2754 0.8105362 0.01142488 <list[8]>              FALSE     0.04278556
INFO  [14:02:47.362] [bbotk]  warnings errors runtime_learners                                uhash
INFO  [14:02:47.362] [bbotk]         0      0            69.54 9f94e36d-32df-464d-b892-bb5a9313beda
INFO  [14:02:52.292] [bbotk] Evaluating 1 configuration(s)
INFO  [14:03:46.814] [bbotk] Result of batch 12:
INFO  [14:03:46.825] [bbotk]       alpha colsample_bylevel colsample_bytree      eta    lambda max_depth
INFO  [14:03:46.825] [bbotk]  -0.7729499         0.5599899        0.6182969 -2.30195 0.7414385        13
INFO  [14:03:46.825] [bbotk]  nrounds subsample     acq_ei  x_domain .already_evaluated classif.bbrier
INFO  [14:03:46.825] [bbotk]     2525 0.9088742 0.01761565 <list[8]>              FALSE     0.04137236
INFO  [14:03:46.825] [bbotk]  warnings errors runtime_learners                                uhash
INFO  [14:03:46.825] [bbotk]         0      0           54.242 64778d3e-a8cc-4c4d-ab94-08a357698861
INFO  [14:03:51.732] [bbotk] Evaluating 1 configuration(s)
INFO  [14:05:22.685] [bbotk] Result of batch 13:
INFO  [14:05:22.694] [bbotk]      alpha colsample_bylevel colsample_bytree       eta   lambda max_depth
INFO  [14:05:22.694] [bbotk]  -1.119182         0.6710275        0.6576414 -0.525432 3.918138         6
INFO  [14:05:22.694] [bbotk]  nrounds subsample     acq_ei  x_domain .already_evaluated classif.bbrier
INFO  [14:05:22.694] [bbotk]     3938 0.9159116 0.01368472 <list[8]>              FALSE     0.04701039
INFO  [14:05:22.694] [bbotk]  warnings errors runtime_learners                                uhash
INFO  [14:05:22.694] [bbotk]         0      0           90.633 0d3ff898-f409-49bc-ad3b-15f1efab1e1e
INFO  [14:05:28.450] [bbotk] Evaluating 1 configuration(s)
INFO  [14:05:30.829] [bbotk] Result of batch 14:
INFO  [14:05:30.852] [bbotk]        alpha colsample_bylevel colsample_bytree       eta    lambda max_depth
INFO  [14:05:30.852] [bbotk]  -0.09153631         0.1125652        0.4172513 -1.981223 -3.257904        12
INFO  [14:05:30.852] [bbotk]  nrounds subsample      acq_ei  x_domain .already_evaluated classif.bbrier
INFO  [14:05:30.852] [bbotk]       28 0.9354834 0.009430396 <list[8]>              FALSE     0.09693228
INFO  [14:05:30.852] [bbotk]  warnings errors runtime_learners                                uhash
INFO  [14:05:30.852] [bbotk]         0      0            2.121 5dcf4af1-4d59-41d4-9b20-be7564b316e8
INFO  [14:05:37.448] [bbotk] Evaluating 1 configuration(s)
INFO  [14:09:08.300] [bbotk] Result of batch 15:
INFO  [14:09:08.312] [bbotk]      alpha colsample_bylevel colsample_bytree       eta     lambda max_depth
INFO  [14:09:08.312] [bbotk]  -1.904928         0.6629844        0.8593561 -5.257016 -0.7061496        15
INFO  [14:09:08.312] [bbotk]  nrounds subsample      acq_ei  x_domain .already_evaluated classif.bbrier
INFO  [14:09:08.312] [bbotk]     3279 0.8818027 0.009372209 <list[8]>              FALSE     0.03846552
INFO  [14:09:08.312] [bbotk]  warnings errors runtime_learners                                uhash
INFO  [14:09:08.312] [bbotk]         0      0          210.433 6ef1a423-5529-49be-a77f-26c5ef4ba012
INFO  [14:09:13.484] [bbotk] Evaluating 1 configuration(s)
INFO  [14:10:14.863] [bbotk] Result of batch 16:
INFO  [14:10:14.873] [bbotk]       alpha colsample_bylevel colsample_bytree       eta    lambda max_depth
INFO  [14:10:14.873] [bbotk]  -0.8250045         0.5631659        0.6564553 -2.289469 -2.237619        12
INFO  [14:10:14.873] [bbotk]  nrounds subsample     acq_ei  x_domain .already_evaluated classif.bbrier
INFO  [14:10:14.873] [bbotk]     4519 0.8581493 0.01149897 <list[8]>              FALSE      0.0421937
INFO  [14:10:14.873] [bbotk]  warnings errors runtime_learners                                uhash
INFO  [14:10:14.873] [bbotk]         0      0             61.1 df508398-8079-44bb-8118-30e4ce7b7879
WARN  [14:10:16.996] [mlr3] train: Stopped because hard maximum generation limit was hit.
INFO  [14:10:21.441] [bbotk] Evaluating 1 configuration(s)
INFO  [14:12:16.928] [bbotk] Result of batch 17:
INFO  [14:12:16.951] [bbotk]      alpha colsample_bylevel colsample_bytree       eta   lambda max_depth
INFO  [14:12:16.951] [bbotk]  -3.254845         0.5322228        0.5226042 -3.811504 2.523256        12
INFO  [14:12:16.951] [bbotk]  nrounds subsample   acq_ei  x_domain .already_evaluated classif.bbrier
INFO  [14:12:16.951] [bbotk]     3933 0.6534478 0.015526 <list[8]>              FALSE     0.04707668
INFO  [14:12:16.951] [bbotk]  warnings errors runtime_learners                                uhash
INFO  [14:12:16.951] [bbotk]         0      0          115.227 52e763d5-91f0-4632-9e80-ff8af11e8f88
INFO  [14:12:22.099] [bbotk] Evaluating 1 configuration(s)
INFO  [14:15:51.715] [bbotk] Result of batch 18:
INFO  [14:15:51.725] [bbotk]      alpha colsample_bylevel colsample_bytree       eta   lambda max_depth
INFO  [14:15:51.725] [bbotk]  -1.478162         0.5940902        0.6592981 -6.030816 -6.51762        12
INFO  [14:15:51.725] [bbotk]  nrounds subsample      acq_ei  x_domain .already_evaluated classif.bbrier
INFO  [14:15:51.725] [bbotk]     4351 0.9378232 0.008411514 <list[8]>              FALSE     0.03859527
INFO  [14:15:51.725] [bbotk]  warnings errors runtime_learners                                uhash
INFO  [14:15:51.725] [bbotk]         0      0          209.346 9fd380f8-d5fd-42b3-af0e-0acc1a003ee2
INFO  [14:15:57.029] [bbotk] Evaluating 1 configuration(s)
INFO  [14:16:28.488] [bbotk] Result of batch 19:
INFO  [14:16:28.498] [bbotk]       alpha colsample_bylevel colsample_bytree        eta    lambda max_depth
INFO  [14:16:28.498] [bbotk]  -0.9878986         0.7240695        0.3605158 -0.2091464 -3.026776        11
INFO  [14:16:28.498] [bbotk]  nrounds subsample      acq_ei  x_domain .already_evaluated classif.bbrier
INFO  [14:16:28.498] [bbotk]     4526  0.809047 0.006284301 <list[8]>              FALSE     0.06369655
INFO  [14:16:28.498] [bbotk]  warnings errors runtime_learners                                uhash
INFO  [14:16:28.498] [bbotk]         0      0           31.138 91f14671-e390-476d-a556-fd2549900e17
INFO  [14:16:33.991] [bbotk] Evaluating 1 configuration(s)
INFO  [14:16:44.067] [bbotk] Result of batch 20:
INFO  [14:16:44.078] [bbotk]      alpha colsample_bylevel colsample_bytree       eta     lambda max_depth
INFO  [14:16:44.078] [bbotk]  -3.665516         0.6809555        0.6286693 -3.699485 -0.1396366         1
INFO  [14:16:44.078] [bbotk]  nrounds subsample      acq_ei  x_domain .already_evaluated classif.bbrier
INFO  [14:16:44.078] [bbotk]     1129 0.7969602 0.008676345 <list[8]>              FALSE     0.08250224
INFO  [14:16:44.078] [bbotk]  warnings errors runtime_learners                                uhash
INFO  [14:16:44.078] [bbotk]         0      0            9.833 55b2d810-d0db-4a46-8f30-bc25f636c778
INFO  [14:16:49.353] [bbotk] Evaluating 1 configuration(s)
INFO  [14:20:59.006] [bbotk] Result of batch 21:
INFO  [14:20:59.017] [bbotk]       alpha colsample_bylevel colsample_bytree       eta   lambda max_depth
INFO  [14:20:59.017] [bbotk]  -0.0275048         0.6790781        0.9406403 -4.384688 0.487073        14
INFO  [14:20:59.017] [bbotk]  nrounds subsample     acq_ei  x_domain .already_evaluated classif.bbrier
INFO  [14:20:59.017] [bbotk]     4857  0.869013 0.01852773 <list[8]>              FALSE     0.03939436
INFO  [14:20:59.017] [bbotk]  warnings errors runtime_learners                                uhash
INFO  [14:20:59.017] [bbotk]         0      0           249.41 db982df0-2402-4579-be79-a5767adbf758
INFO  [14:21:03.917] [bbotk] Evaluating 1 configuration(s)
INFO  [14:22:13.933] [bbotk] Result of batch 22:
INFO  [14:22:13.946] [bbotk]      alpha colsample_bylevel colsample_bytree       eta     lambda max_depth
INFO  [14:22:13.946] [bbotk]  0.9457258         0.9050816        0.7052818 -3.078551 -0.8334443        19
INFO  [14:22:13.946] [bbotk]  nrounds subsample     acq_ei  x_domain .already_evaluated classif.bbrier
INFO  [14:22:13.946] [bbotk]     3057 0.9460272 0.00860395 <list[8]>              FALSE     0.04031765
INFO  [14:22:13.946] [bbotk]  warnings errors runtime_learners                                uhash
INFO  [14:22:13.946] [bbotk]         0      0           69.646 7fd4b274-17dc-4110-a342-39ded5880165
WARN  [14:22:15.273] [mlr3] train: Stopped because hard maximum generation limit was hit.
INFO  [14:22:20.134] [bbotk] Evaluating 1 configuration(s)
INFO  [14:23:07.297] [bbotk] Result of batch 23:
INFO  [14:23:07.309] [bbotk]       alpha colsample_bylevel colsample_bytree       eta    lambda max_depth
INFO  [14:23:07.309] [bbotk]  -0.1107034         0.3611028        0.2544195 -5.245751 0.3219966        16
INFO  [14:23:07.309] [bbotk]  nrounds subsample      acq_ei  x_domain .already_evaluated classif.bbrier
INFO  [14:23:07.309] [bbotk]     3690 0.9898111 0.008485061 <list[8]>              FALSE      0.0590198
INFO  [14:23:07.309] [bbotk]  warnings errors runtime_learners                                uhash
INFO  [14:23:07.309] [bbotk]         0      0           46.912 f6951f19-f335-4e54-b736-4ca1c81d5bc6
INFO  [14:23:11.936] [bbotk] Evaluating 1 configuration(s)
INFO  [14:27:43.636] [bbotk] Result of batch 24:
INFO  [14:27:43.647] [bbotk]     alpha colsample_bylevel colsample_bytree       eta    lambda max_depth
INFO  [14:27:43.647] [bbotk]  1.112927         0.5953741         0.988763 -5.774914 -4.490418        13
INFO  [14:27:43.647] [bbotk]  nrounds subsample      acq_ei  x_domain .already_evaluated classif.bbrier
INFO  [14:27:43.647] [bbotk]     4235 0.9090899 0.009650083 <list[8]>              FALSE     0.04027596
INFO  [14:27:43.647] [bbotk]  warnings errors runtime_learners                                uhash
INFO  [14:27:43.647] [bbotk]         0      0          271.368 2a79f4a3-9ea6-479a-8545-0bff05184e6d
INFO  [14:27:49.080] [bbotk] Evaluating 1 configuration(s)
INFO  [14:29:48.798] [bbotk] Result of batch 25:
INFO  [14:29:48.810] [bbotk]      alpha colsample_bylevel colsample_bytree       eta    lambda max_depth
INFO  [14:29:48.810] [bbotk]  -2.596804         0.2953318        0.9886575 -5.730743 -6.062151        16
INFO  [14:29:48.810] [bbotk]  nrounds subsample     acq_ei  x_domain .already_evaluated classif.bbrier
INFO  [14:29:48.810] [bbotk]     4363 0.3440121 0.00758037 <list[8]>              FALSE     0.04465245
INFO  [14:29:48.810] [bbotk]  warnings errors runtime_learners                                uhash
INFO  [14:29:48.810] [bbotk]         0      0          119.445 ad850020-d085-477b-9a19-2b95659613e6
INFO  [14:29:53.310] [bbotk] Evaluating 1 configuration(s)
INFO  [14:37:57.829] [bbotk] Result of batch 26:
INFO  [14:37:57.836] [bbotk]       alpha colsample_bylevel colsample_bytree       eta    lambda max_depth
INFO  [14:37:57.836] [bbotk]  -0.3104221         0.9348631        0.9606117 -6.455973 -5.874707        18
INFO  [14:37:57.836] [bbotk]  nrounds subsample      acq_ei  x_domain .already_evaluated classif.bbrier
INFO  [14:37:57.836] [bbotk]     4728  0.850366 0.007006667 <list[8]>              FALSE     0.03882412
INFO  [14:37:57.836] [bbotk]  warnings errors runtime_learners                                uhash
INFO  [14:37:57.836] [bbotk]         0      0          484.113 2d877130-05ee-45e4-b371-53a783457f63
WARN  [14:37:59.566] [mlr3] train: Stopped because hard maximum generation limit was hit.
INFO  [14:38:04.302] [bbotk] Evaluating 1 configuration(s)
INFO  [14:40:10.085] [bbotk] Result of batch 27:
INFO  [14:40:10.095] [bbotk]     alpha colsample_bylevel colsample_bytree       eta  lambda max_depth
INFO  [14:40:10.095] [bbotk]  -2.08142         0.6428116        0.9659162 -1.922854 1.35789         9
INFO  [14:40:10.095] [bbotk]  nrounds subsample      acq_ei  x_domain .already_evaluated classif.bbrier
INFO  [14:40:10.095] [bbotk]     4101  0.875502 0.005177431 <list[8]>              FALSE     0.04313813
INFO  [14:40:10.095] [bbotk]  warnings errors runtime_learners                                uhash
INFO  [14:40:10.095] [bbotk]         0      0          125.482 1b54bec4-1d0c-4a34-8a19-fd95e546172c
WARN  [14:40:11.406] [mlr3] train: Stopped because hard maximum generation limit was hit.
INFO  [14:40:16.315] [bbotk] Evaluating 1 configuration(s)
INFO  [14:40:23.737] [bbotk] Result of batch 28:
INFO  [14:40:23.748] [bbotk]    alpha colsample_bylevel colsample_bytree       eta    lambda max_depth
INFO  [14:40:23.748] [bbotk]  -2.7074         0.3148387        0.7650957 -3.693749 -1.166559        14
INFO  [14:40:23.748] [bbotk]  nrounds subsample      acq_ei  x_domain .already_evaluated classif.bbrier
INFO  [14:40:23.748] [bbotk]      331 0.1667577 0.006294082 <list[8]>              FALSE     0.05893487
INFO  [14:40:23.748] [bbotk]  warnings errors runtime_learners                                uhash
INFO  [14:40:23.748] [bbotk]         0      0            7.084 609e1375-cdd0-4350-b8a7-c046f037b923
INFO  [14:40:31.543] [bbotk] Evaluating 1 configuration(s)
INFO  [14:41:15.793] [bbotk] Result of batch 29:
INFO  [14:41:15.803] [bbotk]      alpha colsample_bylevel colsample_bytree      eta   lambda max_depth
INFO  [14:41:15.803] [bbotk]  -1.616911         0.1063971           0.8147 -1.45161 3.848642         7
INFO  [14:41:15.803] [bbotk]  nrounds subsample      acq_ei  x_domain .already_evaluated classif.bbrier
INFO  [14:41:15.803] [bbotk]     4655 0.8929243 0.004756151 <list[8]>              FALSE     0.05303185
INFO  [14:41:15.803] [bbotk]  warnings errors runtime_learners                                uhash
INFO  [14:41:15.803] [bbotk]         0      0           43.789 64f501e5-0074-450d-ba3e-b2836908bdef
INFO  [14:41:22.185] [bbotk] Evaluating 1 configuration(s)
INFO  [14:43:09.795] [bbotk] Result of batch 30:
INFO  [14:43:09.821] [bbotk]      alpha colsample_bylevel colsample_bytree       eta    lambda max_depth
INFO  [14:43:09.821] [bbotk]  -6.131175         0.9829946        0.7140386 -1.228143 0.1615048        13
INFO  [14:43:09.821] [bbotk]  nrounds subsample      acq_ei  x_domain .already_evaluated classif.bbrier
INFO  [14:43:09.821] [bbotk]     4714 0.6505757 0.007690485 <list[8]>              FALSE     0.05223435
INFO  [14:43:09.821] [bbotk]  warnings errors runtime_learners                                uhash
INFO  [14:43:09.821] [bbotk]         0      0          107.331 33fe0184-ee82-492b-a917-de96f64e3dcf
INFO  [14:43:15.521] [bbotk] Evaluating 1 configuration(s)
INFO  [14:50:15.317] [bbotk] Result of batch 31:
INFO  [14:50:15.327] [bbotk]      alpha colsample_bylevel colsample_bytree       eta    lambda max_depth
INFO  [14:50:15.327] [bbotk]  0.5237227         0.9725191        0.9065297 -5.993989 -0.649215        10
INFO  [14:50:15.327] [bbotk]  nrounds subsample      acq_ei  x_domain .already_evaluated classif.bbrier
INFO  [14:50:15.327] [bbotk]     4892 0.8463676 0.006731994 <list[8]>              FALSE     0.03992302
INFO  [14:50:15.327] [bbotk]  warnings errors runtime_learners                                uhash
INFO  [14:50:15.327] [bbotk]         0      0          419.546 aecaa149-52d1-4b3c-be1a-f72a518ff8ae
WARN  [14:50:16.463] [mlr3] train: Stopped because hard maximum generation limit was hit.
INFO  [14:50:21.936] [bbotk] Evaluating 1 configuration(s)
INFO  [14:51:03.704] [bbotk] Result of batch 32:
INFO  [14:51:03.729] [bbotk]     alpha colsample_bylevel colsample_bytree       eta    lambda max_depth
INFO  [14:51:03.729] [bbotk]  1.389354         0.3208706        0.6327745 -2.305857 -2.755493        15
INFO  [14:51:03.729] [bbotk]  nrounds subsample      acq_ei  x_domain .already_evaluated classif.bbrier
INFO  [14:51:03.729] [bbotk]     3866 0.8025574 0.005688672 <list[8]>              FALSE     0.04509753
INFO  [14:51:03.729] [bbotk]  warnings errors runtime_learners                                uhash
INFO  [14:51:03.729] [bbotk]         0      0           41.421 8b0736e7-76fa-4b3d-a26f-46f63b7b055b
INFO  [14:51:09.342] [bbotk] Evaluating 1 configuration(s)
INFO  [14:54:13.430] [bbotk] Result of batch 33:
INFO  [14:54:13.452] [bbotk]      alpha colsample_bylevel colsample_bytree       eta    lambda max_depth
INFO  [14:54:13.452] [bbotk]  -1.846793         0.4293782         0.905546 -6.058146 -1.564103        10
INFO  [14:54:13.452] [bbotk]  nrounds subsample      acq_ei  x_domain .already_evaluated classif.bbrier
INFO  [14:54:13.452] [bbotk]     4198 0.7352895 0.005459227 <list[8]>              FALSE     0.03937737
INFO  [14:54:13.452] [bbotk]  warnings errors runtime_learners                                uhash
INFO  [14:54:13.452] [bbotk]         0      0          183.718 00372e42-1f8e-48df-99cb-5eb5e9c36cfc
INFO  [14:54:18.911] [bbotk] Evaluating 1 configuration(s)
INFO  [14:54:58.879] [bbotk] Result of batch 34:
INFO  [14:54:58.903] [bbotk]      alpha colsample_bylevel colsample_bytree       eta    lambda max_depth
INFO  [14:54:58.903] [bbotk]  -4.041147         0.2244072        0.4299208 -4.816427 -5.745372        10
INFO  [14:54:58.903] [bbotk]  nrounds subsample      acq_ei  x_domain .already_evaluated classif.bbrier
INFO  [14:54:58.903] [bbotk]     3140 0.2317034 0.005042199 <list[8]>              FALSE     0.05909614
INFO  [14:54:58.903] [bbotk]  warnings errors runtime_learners                                uhash
INFO  [14:54:58.903] [bbotk]         0      0           39.632 c9767d44-c0a5-4b6b-9592-b580eb6694e1
WARN  [14:55:01.427] [mlr3] train: Stopped because hard maximum generation limit was hit.
INFO  [14:55:05.749] [bbotk] Evaluating 1 configuration(s)
INFO  [14:58:39.212] [bbotk] Result of batch 35:
INFO  [14:58:39.222] [bbotk]      alpha colsample_bylevel colsample_bytree       eta    lambda max_depth
INFO  [14:58:39.222] [bbotk]  -3.592946          0.582399        0.8801773 -4.989176 -2.033853        20
INFO  [14:58:39.222] [bbotk]  nrounds subsample      acq_ei  x_domain .already_evaluated classif.bbrier
INFO  [14:58:39.222] [bbotk]     4014 0.9378096 0.006095437 <list[8]>              FALSE     0.03867753
INFO  [14:58:39.222] [bbotk]  warnings errors runtime_learners                                uhash
INFO  [14:58:39.222] [bbotk]         0      0          213.235 80ef2ab5-984c-45fa-9557-157611a549e6
INFO  [14:58:46.473] [bbotk] Evaluating 1 configuration(s)
INFO  [15:02:46.037] [bbotk] Result of batch 36:
INFO  [15:02:46.060] [bbotk]       alpha colsample_bylevel colsample_bytree       eta     lambda max_depth
INFO  [15:02:46.060] [bbotk]  -0.2635923         0.5506618        0.9778918 -5.494769 -0.1523184        10
INFO  [15:02:46.060] [bbotk]  nrounds subsample      acq_ei  x_domain .already_evaluated classif.bbrier
INFO  [15:02:46.060] [bbotk]     4359  0.913356 0.006369722 <list[8]>              FALSE     0.03889831
INFO  [15:02:46.060] [bbotk]  warnings errors runtime_learners                                uhash
INFO  [15:02:46.060] [bbotk]         0      0          239.249 cf1068fd-603d-45e4-8534-24829c4907f1
WARN  [15:02:48.929] [mlr3] train: Stopped because hard maximum generation limit was hit.
INFO  [15:02:53.054] [bbotk] Evaluating 1 configuration(s)
INFO  [15:05:35.353] [bbotk] Result of batch 37:
INFO  [15:05:35.383] [bbotk]      alpha colsample_bylevel colsample_bytree       eta    lambda max_depth
INFO  [15:05:35.383] [bbotk]  -2.775422         0.2658479        0.9749047 -6.289173 -4.535908        16
INFO  [15:05:35.383] [bbotk]  nrounds subsample      acq_ei  x_domain .already_evaluated classif.bbrier
INFO  [15:05:35.383] [bbotk]     3731 0.7222258 0.005195497 <list[8]>              FALSE      0.0394534
INFO  [15:05:35.383] [bbotk]  warnings errors runtime_learners                                uhash
INFO  [15:05:35.383] [bbotk]         0      0          161.952 d30b1edf-75b6-4e80-a7bc-577e2fbb0c4f
INFO  [15:05:42.079] [bbotk] Evaluating 1 configuration(s)
INFO  [15:08:04.374] [bbotk] Result of batch 38:
INFO  [15:08:04.383] [bbotk]      alpha colsample_bylevel colsample_bytree       eta   lambda max_depth
INFO  [15:08:04.383] [bbotk]  -4.035615         0.6635647        0.8841966 -2.619284 1.132531        14
INFO  [15:08:04.383] [bbotk]  nrounds subsample     acq_ei  x_domain .already_evaluated classif.bbrier
INFO  [15:08:04.383] [bbotk]     3736 0.9999193 0.00457627 <list[8]>              FALSE     0.04077681
INFO  [15:08:04.383] [bbotk]  warnings errors runtime_learners                                uhash
INFO  [15:08:04.383] [bbotk]         0      0          141.857 c42506ee-021f-4b74-8338-ba78eb436493
INFO  [15:08:10.205] [bbotk] Evaluating 1 configuration(s)
INFO  [15:12:41.669] [bbotk] Result of batch 39:
INFO  [15:12:41.683] [bbotk]      alpha colsample_bylevel colsample_bytree       eta   lambda max_depth
INFO  [15:12:41.683] [bbotk]  -2.308793         0.6768967        0.7470881 -1.718092 6.853614        18
INFO  [15:12:41.683] [bbotk]  nrounds subsample      acq_ei  x_domain .already_evaluated classif.bbrier
INFO  [15:12:41.683] [bbotk]     4432  0.887248 0.006111404 <list[8]>              FALSE      0.0474008
INFO  [15:12:41.683] [bbotk]  warnings errors runtime_learners                                uhash
INFO  [15:12:41.683] [bbotk]         0      0          271.165 565424c8-b48a-4721-a8ac-1a33128f8acd
WARN  [15:12:44.630] [mlr3] train: Stopped because hard maximum generation limit was hit.
INFO  [15:12:49.383] [bbotk] Evaluating 1 configuration(s)
INFO  [15:15:02.251] [bbotk] Result of batch 40:
INFO  [15:15:02.263] [bbotk]       alpha colsample_bylevel colsample_bytree      eta   lambda max_depth
INFO  [15:15:02.263] [bbotk]  -0.3662876          0.966825        0.8416781 -2.69785 5.524251        17
INFO  [15:15:02.263] [bbotk]  nrounds subsample      acq_ei  x_domain .already_evaluated classif.bbrier
INFO  [15:15:02.263] [bbotk]     1390 0.8083792 0.004598135 <list[8]>              FALSE     0.04855484
INFO  [15:15:02.263] [bbotk]  warnings errors runtime_learners                                uhash
INFO  [15:15:02.263] [bbotk]         0      0          132.565 25de910e-6f08-4f16-b888-d9b8ceaedae8
INFO  [15:15:08.003] [bbotk] Evaluating 1 configuration(s)
INFO  [15:16:53.309] [bbotk] Result of batch 41:
INFO  [15:16:53.319] [bbotk]      alpha colsample_bylevel colsample_bytree       eta   lambda max_depth
INFO  [15:16:53.319] [bbotk]  -2.397982         0.5479595        0.7929249 -3.522526 3.204322        19
INFO  [15:16:53.319] [bbotk]  nrounds subsample      acq_ei  x_domain .already_evaluated classif.bbrier
INFO  [15:16:53.319] [bbotk]     1959 0.9230778 0.004310211 <list[8]>              FALSE     0.04142056
INFO  [15:16:53.319] [bbotk]  warnings errors runtime_learners                                uhash
INFO  [15:16:53.319] [bbotk]         0      0          105.077 6b6a1e49-e074-4af7-be98-7e00863bf8e3
INFO  [15:16:58.250] [bbotk] Evaluating 1 configuration(s)
INFO  [15:17:51.851] [bbotk] Result of batch 42:
INFO  [15:17:51.871] [bbotk]      alpha colsample_bylevel colsample_bytree        eta     lambda max_depth
INFO  [15:17:51.871] [bbotk]  -5.958793         0.6450418        0.6829096 -0.7302218 -0.2804435         5
INFO  [15:17:51.871] [bbotk]  nrounds subsample      acq_ei  x_domain .already_evaluated classif.bbrier
INFO  [15:17:51.871] [bbotk]     3388 0.8869523 0.003116665 <list[8]>              FALSE     0.04997028
INFO  [15:17:51.871] [bbotk]  warnings errors runtime_learners                                uhash
INFO  [15:17:51.871] [bbotk]         0      0           53.289 7de62f51-db87-4aaa-8828-0cf2677a52a5
INFO  [15:17:58.099] [bbotk] Evaluating 1 configuration(s)
INFO  [15:19:26.544] [bbotk] Result of batch 43:
INFO  [15:19:26.583] [bbotk]      alpha colsample_bylevel colsample_bytree       eta    lambda max_depth
INFO  [15:19:26.583] [bbotk]  -1.481276         0.8723369        0.7238413 -2.542841 -1.959437        17
INFO  [15:19:26.583] [bbotk]  nrounds subsample      acq_ei  x_domain .already_evaluated classif.bbrier
INFO  [15:19:26.583] [bbotk]     3326 0.9513574 0.003180878 <list[8]>              FALSE     0.03949061
INFO  [15:19:26.583] [bbotk]  warnings errors runtime_learners                                uhash
INFO  [15:19:26.583] [bbotk]         0      0           88.142 d8d79671-eba7-4299-a9c4-6732fb594eff
INFO  [15:19:31.972] [bbotk] Evaluating 1 configuration(s)
INFO  [15:20:42.545] [bbotk] Result of batch 44:
INFO  [15:20:42.559] [bbotk]      alpha colsample_bylevel colsample_bytree       eta     lambda max_depth
INFO  [15:20:42.559] [bbotk]  -3.109404         0.2756601        0.4557802 -4.797172 -0.8203241        15
INFO  [15:20:42.559] [bbotk]  nrounds subsample      acq_ei  x_domain .already_evaluated classif.bbrier
INFO  [15:20:42.559] [bbotk]     2931 0.8676849 0.005099966 <list[8]>              FALSE     0.04685427
INFO  [15:20:42.559] [bbotk]  warnings errors runtime_learners                                uhash
INFO  [15:20:42.559] [bbotk]         0      0           70.261 436e24e3-3fe1-40e1-ba79-c754612b5a6a
INFO  [15:20:52.023] [bbotk] Evaluating 1 configuration(s)
INFO  [15:28:34.840] [bbotk] Result of batch 45:
INFO  [15:28:34.850] [bbotk]     alpha colsample_bylevel colsample_bytree       eta    lambda max_depth
INFO  [15:28:34.850] [bbotk]  -2.70869          0.866411        0.9842568 -6.221042 -5.831196        14
INFO  [15:28:34.850] [bbotk]  nrounds subsample      acq_ei  x_domain .already_evaluated classif.bbrier
INFO  [15:28:34.850] [bbotk]     4251 0.8331059 0.003871095 <list[8]>              FALSE     0.03862245
INFO  [15:28:34.850] [bbotk]  warnings errors runtime_learners                                uhash
INFO  [15:28:34.850] [bbotk]         0      0          462.446 3249bdb7-9216-43a4-ad8c-cd60559e39e4
WARN  [15:28:35.906] [mlr3] train: Stopped because hard maximum generation limit was hit.
INFO  [15:28:40.251] [bbotk] Evaluating 1 configuration(s)
INFO  [15:29:42.904] [bbotk] Result of batch 46:
INFO  [15:29:42.912] [bbotk]     alpha colsample_bylevel colsample_bytree      eta   lambda max_depth
INFO  [15:29:42.912] [bbotk]  -5.66652         0.8705844        0.6130865 -1.69678 3.290945        10
INFO  [15:29:42.912] [bbotk]  nrounds subsample      acq_ei  x_domain .already_evaluated classif.bbrier
INFO  [15:29:42.912] [bbotk]     1426  0.829023 0.004538694 <list[8]>              FALSE     0.04448637
INFO  [15:29:42.912] [bbotk]  warnings errors runtime_learners                                uhash
INFO  [15:29:42.912] [bbotk]         0      0           62.445 58ce6261-3911-403e-bf41-b28caa7768b4
WARN  [15:29:47.036] [mlr3] train: Stopped because hard maximum generation limit was hit.
INFO  [15:29:51.879] [bbotk] Evaluating 1 configuration(s)
INFO  [15:36:18.284] [bbotk] Result of batch 47:
INFO  [15:36:18.304] [bbotk]       alpha colsample_bylevel colsample_bytree       eta    lambda max_depth
INFO  [15:36:18.304] [bbotk]  0.08100896         0.7546818        0.9802954 -7.424638 -2.116813        11
INFO  [15:36:18.304] [bbotk]  nrounds subsample     acq_ei  x_domain .already_evaluated classif.bbrier
INFO  [15:36:18.304] [bbotk]     4352 0.9323856 0.00326092 <list[8]>              FALSE     0.04198057
INFO  [15:36:18.304] [bbotk]  warnings errors runtime_learners                                uhash
INFO  [15:36:18.304] [bbotk]         0      0          386.193 afd1cc8e-5f97-46f7-9b56-b5175a762c83
INFO  [15:36:25.806] [bbotk] Evaluating 1 configuration(s)
INFO  [15:39:11.857] [bbotk] Result of batch 48:
INFO  [15:39:11.873] [bbotk]      alpha colsample_bylevel colsample_bytree       eta    lambda max_depth
INFO  [15:39:11.873] [bbotk]  0.3902228         0.5797013        0.8787209 -4.424261 -2.757098        15
INFO  [15:39:11.873] [bbotk]  nrounds subsample      acq_ei  x_domain .already_evaluated classif.bbrier
INFO  [15:39:11.873] [bbotk]     4328 0.9569069 0.003594653 <list[8]>              FALSE     0.03861429
INFO  [15:39:11.873] [bbotk]  warnings errors runtime_learners                                uhash
INFO  [15:39:11.873] [bbotk]         0      0          165.746 1a460f41-4461-4670-b170-36b1205243e4
INFO  [15:39:18.800] [bbotk] Evaluating 1 configuration(s)
INFO  [15:43:22.308] [bbotk] Result of batch 49:
INFO  [15:43:22.318] [bbotk]       alpha colsample_bylevel colsample_bytree       eta    lambda max_depth
INFO  [15:43:22.318] [bbotk]  -0.8845507         0.4681611        0.7678297 -6.272195 -1.166462        11
INFO  [15:43:22.318] [bbotk]  nrounds subsample      acq_ei  x_domain .already_evaluated classif.bbrier
INFO  [15:43:22.318] [bbotk]     4629  0.989017 0.003416123 <list[8]>              FALSE     0.03838051
INFO  [15:43:22.318] [bbotk]  warnings errors runtime_learners                                uhash
INFO  [15:43:22.318] [bbotk]         0      0          243.251 f9d82323-272f-427d-ba16-437b11209a48
INFO  [15:43:30.267] [bbotk] Evaluating 1 configuration(s)
INFO  [15:45:09.880] [bbotk] Result of batch 50:
INFO  [15:45:09.887] [bbotk]      alpha colsample_bylevel colsample_bytree       eta    lambda max_depth
INFO  [15:45:09.887] [bbotk]  -3.837486         0.9221101        0.9825472 -2.236748 -2.249402        20
INFO  [15:45:09.887] [bbotk]  nrounds subsample      acq_ei  x_domain .already_evaluated classif.bbrier
INFO  [15:45:09.887] [bbotk]     2357 0.8566651 0.004133145 <list[8]>              FALSE     0.04154915
INFO  [15:45:09.887] [bbotk]  warnings errors runtime_learners                                uhash
INFO  [15:45:09.887] [bbotk]         0      0           99.186 d4ba3ac3-64ee-4b7a-8e78-405d142d1e54
WARN  [15:45:12.137] [mlr3] train: Stopped because hard maximum generation limit was hit.
INFO  [15:45:16.695] [bbotk] Evaluating 1 configuration(s)
INFO  [15:45:46.746] [bbotk] Result of batch 51:
INFO  [15:45:46.757] [bbotk]      alpha colsample_bylevel colsample_bytree       eta   lambda max_depth
INFO  [15:45:46.757] [bbotk]  -3.416964          0.785618        0.4480703 -2.366313 3.066744        19
INFO  [15:45:46.757] [bbotk]  nrounds subsample      acq_ei  x_domain .already_evaluated classif.bbrier
INFO  [15:45:46.757] [bbotk]      852 0.5530451 0.007549893 <list[8]>              FALSE     0.05122659
INFO  [15:45:46.757] [bbotk]  warnings errors runtime_learners                                uhash
INFO  [15:45:46.757] [bbotk]         0      0           29.734 3e022dbc-287e-4128-ae7c-0df506e0dad9
INFO  [15:45:53.335] [bbotk] Evaluating 1 configuration(s)
INFO  [15:47:37.338] [bbotk] Result of batch 52:
INFO  [15:47:37.362] [bbotk]     alpha colsample_bylevel colsample_bytree       eta   lambda max_depth
INFO  [15:47:37.362] [bbotk]  1.402663         0.4483966         0.609997 -3.784984 3.229851        20
INFO  [15:47:37.362] [bbotk]  nrounds subsample      acq_ei  x_domain .already_evaluated classif.bbrier
INFO  [15:47:37.362] [bbotk]     4353 0.9478024 0.003606573 <list[8]>              FALSE     0.04503746
INFO  [15:47:37.362] [bbotk]  warnings errors runtime_learners                                uhash
INFO  [15:47:37.362] [bbotk]         0      0          103.638 bb956c40-40cf-4992-b1aa-b94f09d5a72e
INFO  [15:47:43.095] [bbotk] Evaluating 1 configuration(s)
INFO  [15:48:29.756] [bbotk] Result of batch 53:
INFO  [15:48:29.766] [bbotk]      alpha colsample_bylevel colsample_bytree      eta     lambda max_depth
INFO  [15:48:29.766] [bbotk]  -6.461456          0.947475        0.8581411 -2.47359 -0.5341842        10
INFO  [15:48:29.766] [bbotk]  nrounds subsample      acq_ei  x_domain .already_evaluated classif.bbrier
INFO  [15:48:29.766] [bbotk]      931 0.4575211 0.002837312 <list[8]>              FALSE     0.04571103
INFO  [15:48:29.766] [bbotk]  warnings errors runtime_learners                                uhash
INFO  [15:48:29.766] [bbotk]         0      0           46.385 2dfd7ddb-0423-460e-8715-71175cfa9e46
WARN  [15:48:33.606] [mlr3] train: Stopped because hard maximum generation limit was hit.
INFO  [15:48:37.508] [bbotk] Evaluating 1 configuration(s)
INFO  [15:49:26.951] [bbotk] Result of batch 54:
INFO  [15:49:26.960] [bbotk]      alpha colsample_bylevel colsample_bytree       eta    lambda max_depth
INFO  [15:49:26.960] [bbotk]  -6.674649         0.8361766        0.7952688 -1.368158 -5.019465        12
INFO  [15:49:26.960] [bbotk]  nrounds subsample      acq_ei  x_domain .already_evaluated classif.bbrier
INFO  [15:49:26.960] [bbotk]     1929  0.658849 0.004429493 <list[8]>              FALSE     0.04924709
INFO  [15:49:26.960] [bbotk]  warnings errors runtime_learners                                uhash
INFO  [15:49:26.960] [bbotk]         0      0           49.186 0e4540ee-5d39-47ff-88e1-f79b8b958a3f
WARN  [15:49:30.423] [mlr3] train: Stopped because hard maximum generation limit was hit.
INFO  [15:49:35.084] [bbotk] Evaluating 1 configuration(s)
INFO  [15:50:27.296] [bbotk] Result of batch 55:
INFO  [15:50:27.312] [bbotk]      alpha colsample_bylevel colsample_bytree       eta   lambda max_depth
INFO  [15:50:27.312] [bbotk]  0.6061397         0.6398061        0.5932483 -1.644071 2.486956        14
INFO  [15:50:27.312] [bbotk]  nrounds subsample      acq_ei  x_domain .already_evaluated classif.bbrier
INFO  [15:50:27.312] [bbotk]     3756 0.9405301 0.003137117 <list[8]>              FALSE     0.04290369
INFO  [15:50:27.312] [bbotk]  warnings errors runtime_learners                                uhash
INFO  [15:50:27.312] [bbotk]         0      0           51.907 3360134c-6ecc-4039-8fc1-b785b92e2963
INFO  [15:50:36.583] [bbotk] Evaluating 1 configuration(s)
INFO  [15:53:43.208] [bbotk] Result of batch 56:
INFO  [15:53:43.219] [bbotk]      alpha colsample_bylevel colsample_bytree       eta    lambda max_depth
INFO  [15:53:43.219] [bbotk]  -2.558177         0.6967714        0.9022275 -4.076426 -2.402726        16
INFO  [15:53:43.219] [bbotk]  nrounds subsample      acq_ei  x_domain .already_evaluated classif.bbrier
INFO  [15:53:43.219] [bbotk]     3560 0.8310656 0.002948696 <list[8]>              FALSE     0.03968317
INFO  [15:53:43.219] [bbotk]  warnings errors runtime_learners                                uhash
INFO  [15:53:43.219] [bbotk]         0      0          186.255 d747425c-f67e-458a-8bc1-0926a421253e
INFO  [15:53:50.855] [bbotk] Evaluating 1 configuration(s)
INFO  [15:54:38.025] [bbotk] Result of batch 57:
INFO  [15:54:38.035] [bbotk]     alpha colsample_bylevel colsample_bytree       eta    lambda max_depth
INFO  [15:54:38.035] [bbotk]  1.273953         0.4584236        0.5538787 -2.262334 -3.207533        20
INFO  [15:54:38.035] [bbotk]  nrounds subsample      acq_ei  x_domain .already_evaluated classif.bbrier
INFO  [15:54:38.035] [bbotk]     4807 0.9844594 0.002915969 <list[8]>              FALSE     0.04246036
INFO  [15:54:38.035] [bbotk]  warnings errors runtime_learners                                uhash
INFO  [15:54:38.035] [bbotk]         0      0           46.901 32c9ef9c-6b9e-4d2b-8927-cfdfdb1575d9
WARN  [15:54:41.344] [mlr3] train: Stopped because hard maximum generation limit was hit.
INFO  [15:54:47.256] [bbotk] Evaluating 1 configuration(s)
INFO  [15:55:44.328] [bbotk] Result of batch 58:
INFO  [15:55:44.339] [bbotk]      alpha colsample_bylevel colsample_bytree        eta    lambda max_depth
INFO  [15:55:44.339] [bbotk]  -5.075898         0.9665306        0.9904165 -0.6348475 -3.088205         9
INFO  [15:55:44.339] [bbotk]  nrounds subsample      acq_ei  x_domain .already_evaluated classif.bbrier
INFO  [15:55:44.339] [bbotk]     2591 0.4151432 0.002377223 <list[8]>              FALSE     0.07154309
INFO  [15:55:44.339] [bbotk]  warnings errors runtime_learners                                uhash
INFO  [15:55:44.339] [bbotk]         0      0           56.808 1238ddc0-3ae2-41e3-80e5-715992e1c6e5
INFO  [15:55:51.794] [bbotk] Evaluating 1 configuration(s)
INFO  [15:57:06.796] [bbotk] Result of batch 59:
INFO  [15:57:06.806] [bbotk]      alpha colsample_bylevel colsample_bytree       eta   lambda max_depth
INFO  [15:57:06.806] [bbotk]  -6.461887         0.6291507        0.3673046 -2.076122 2.281483        11
INFO  [15:57:06.806] [bbotk]  nrounds subsample      acq_ei  x_domain .already_evaluated classif.bbrier
INFO  [15:57:06.806] [bbotk]     3368 0.8039403 0.003507277 <list[8]>              FALSE     0.05059122
INFO  [15:57:06.806] [bbotk]  warnings errors runtime_learners                                uhash
INFO  [15:57:06.806] [bbotk]         0      0           74.668 cfd2979c-2c35-4741-baf7-3db3ff6c3bdd
INFO  [15:57:18.286] [bbotk] Evaluating 1 configuration(s)
INFO  [15:58:50.952] [bbotk] Result of batch 60:
INFO  [15:58:50.963] [bbotk]      alpha colsample_bylevel colsample_bytree       eta    lambda max_depth
INFO  [15:58:50.963] [bbotk]  0.4354068         0.5714118        0.9321478 -2.451953 -2.483129        20
INFO  [15:58:50.963] [bbotk]  nrounds subsample      acq_ei  x_domain .already_evaluated classif.bbrier
INFO  [15:58:50.963] [bbotk]     4239 0.5621539 0.003942899 <list[8]>              FALSE     0.04348194
INFO  [15:58:50.963] [bbotk]  warnings errors runtime_learners                                uhash
INFO  [15:58:50.963] [bbotk]         0      0           92.313 eb1b84c4-c4b4-4c58-9a10-e21935af16d8
INFO  [15:58:57.335] [bbotk] Evaluating 1 configuration(s)
INFO  [16:04:58.416] [bbotk] Result of batch 61:
INFO  [16:04:58.426] [bbotk]      alpha colsample_bylevel colsample_bytree       eta    lambda max_depth
INFO  [16:04:58.426] [bbotk]  0.3948821         0.9078129        0.8481057 -6.732226 -3.574353         8
INFO  [16:04:58.426] [bbotk]  nrounds subsample      acq_ei  x_domain .already_evaluated classif.bbrier
INFO  [16:04:58.426] [bbotk]     4978 0.7024786 0.002266578 <list[8]>              FALSE     0.04031197
INFO  [16:04:58.426] [bbotk]  warnings errors runtime_learners                                uhash
INFO  [16:04:58.426] [bbotk]         0      0           360.76 4eb56a2a-09b6-4a0d-9b50-0d45c5ce7a46
WARN  [16:05:04.979] [mlr3] train: Stopped because hard maximum generation limit was hit.
INFO  [16:05:13.079] [bbotk] Evaluating 1 configuration(s)
INFO  [16:11:39.797] [bbotk] Result of batch 62:
INFO  [16:11:39.821] [bbotk]      alpha colsample_bylevel colsample_bytree       eta    lambda max_depth
INFO  [16:11:39.821] [bbotk]  -2.034303         0.7200657        0.8980932 -5.934267 -1.695832        19
INFO  [16:11:39.821] [bbotk]  nrounds subsample      acq_ei  x_domain .already_evaluated classif.bbrier
INFO  [16:11:39.821] [bbotk]     4159 0.8270449 0.002550887 <list[8]>              FALSE     0.03828496
INFO  [16:11:39.821] [bbotk]  warnings errors runtime_learners                                uhash
INFO  [16:11:39.821] [bbotk]         0      0          386.432 625a5db4-1715-4d55-856f-31f51f2ee1d2
INFO  [16:11:48.490] [bbotk] Evaluating 1 configuration(s)
INFO  [16:12:53.479] [bbotk] Result of batch 63:
INFO  [16:12:53.502] [bbotk]      alpha colsample_bylevel colsample_bytree       eta    lambda max_depth
INFO  [16:12:53.502] [bbotk]  -6.629195         0.8545422        0.7475632 -2.107047 0.1616806        18
INFO  [16:12:53.502] [bbotk]  nrounds subsample      acq_ei  x_domain .already_evaluated classif.bbrier
INFO  [16:12:53.502] [bbotk]     1125 0.8473294 0.002265611 <list[8]>              FALSE     0.04225646
INFO  [16:12:53.502] [bbotk]  warnings errors runtime_learners                                uhash
INFO  [16:12:53.502] [bbotk]         0      0           64.592 e885bec3-1efe-432a-8f85-007168515519
INFO  [16:13:04.353] [bbotk] Evaluating 1 configuration(s)
INFO  [16:14:38.289] [bbotk] Result of batch 64:
INFO  [16:14:38.301] [bbotk]      alpha colsample_bylevel colsample_bytree       eta    lambda max_depth
INFO  [16:14:38.301] [bbotk]  -6.005706         0.9286935        0.7585924 -3.031203 -3.795519        18
INFO  [16:14:38.301] [bbotk]  nrounds subsample     acq_ei  x_domain .already_evaluated classif.bbrier
INFO  [16:14:38.301] [bbotk]     1575 0.9413666 0.00252225 <list[8]>              FALSE     0.04036307
INFO  [16:14:38.301] [bbotk]  warnings errors runtime_learners                                uhash
INFO  [16:14:38.301] [bbotk]         0      0           93.684 7a451f4f-600c-4154-b191-2b39e3b297e9
INFO  [16:14:47.193] [bbotk] Evaluating 1 configuration(s)
INFO  [16:22:13.398] [bbotk] Result of batch 65:
INFO  [16:22:13.420] [bbotk]      alpha colsample_bylevel colsample_bytree       eta    lambda max_depth
INFO  [16:22:13.420] [bbotk]  -1.030029         0.7714607         0.890244 -5.874358 -3.882374        15
INFO  [16:22:13.420] [bbotk]  nrounds subsample      acq_ei  x_domain .already_evaluated classif.bbrier
INFO  [16:22:13.420] [bbotk]     4585 0.8715688 0.002856806 <list[8]>              FALSE     0.03825541
INFO  [16:22:13.420] [bbotk]  warnings errors runtime_learners                                uhash
INFO  [16:22:13.420] [bbotk]         0      0           445.62 19d48260-9be6-4c96-94d4-77ef59087824
WARN  [16:22:18.394] [mlr3] train: Stopped because hard maximum generation limit was hit.
INFO  [16:22:23.518] [bbotk] Evaluating 1 configuration(s)
INFO  [16:23:24.718] [bbotk] Result of batch 66:
INFO  [16:23:24.741] [bbotk]      alpha colsample_bylevel colsample_bytree       eta     lambda max_depth
INFO  [16:23:24.741] [bbotk]  -4.285911         0.3894348        0.2726869 -2.659373 -0.6933385        10
INFO  [16:23:24.741] [bbotk]  nrounds subsample      acq_ei  x_domain .already_evaluated classif.bbrier
INFO  [16:23:24.741] [bbotk]     4279 0.9497587 0.003244064 <list[8]>              FALSE     0.05640429
INFO  [16:23:24.741] [bbotk]  warnings errors runtime_learners                                uhash
INFO  [16:23:24.741] [bbotk]         0      0           60.928 bcb7ef68-eb08-4245-8a1f-af650081afc7
WARN  [16:23:27.346] [mlr3] train: Stopped because hard maximum generation limit was hit.
INFO  [16:23:33.291] [bbotk] Evaluating 1 configuration(s)
INFO  [16:24:11.481] [bbotk] Result of batch 67:
INFO  [16:24:11.490] [bbotk]     alpha colsample_bylevel colsample_bytree        eta    lambda max_depth
INFO  [16:24:11.490] [bbotk]  2.789972         0.5307967        0.9752084 -0.9885932 -6.724061        20
INFO  [16:24:11.490] [bbotk]  nrounds subsample      acq_ei  x_domain .already_evaluated classif.bbrier
INFO  [16:24:11.490] [bbotk]     2570 0.8010788 0.002240394 <list[8]>              FALSE     0.05521981
INFO  [16:24:11.490] [bbotk]  warnings errors runtime_learners                                uhash
INFO  [16:24:11.490] [bbotk]         0      0           37.753 8a08b2e1-bb83-4a09-a1ee-9ed4a14aa387
WARN  [16:24:14.814] [mlr3] train: Stopped because hard maximum generation limit was hit.
INFO  [16:24:19.200] [bbotk] Evaluating 1 configuration(s)
INFO  [16:25:16.416] [bbotk] Result of batch 68:
INFO  [16:25:16.427] [bbotk]     alpha colsample_bylevel colsample_bytree       eta    lambda max_depth
INFO  [16:25:16.427] [bbotk]  1.622765         0.6779014        0.4205525 -3.273704 -6.709902        20
INFO  [16:25:16.427] [bbotk]  nrounds subsample      acq_ei  x_domain .already_evaluated classif.bbrier
INFO  [16:25:16.427] [bbotk]     2433 0.8412424 0.002328333 <list[8]>              FALSE     0.04585569
INFO  [16:25:16.427] [bbotk]  warnings errors runtime_learners                                uhash
INFO  [16:25:16.427] [bbotk]         0      0            56.85 141636c7-da21-4841-8cfd-1a517e966299
INFO  [16:25:24.458] [bbotk] Evaluating 1 configuration(s)
INFO  [16:36:28.930] [bbotk] Result of batch 69:
INFO  [16:36:28.955] [bbotk]      alpha colsample_bylevel colsample_bytree       eta    lambda max_depth
INFO  [16:36:28.955] [bbotk]  -2.923375         0.8099623        0.9816214 -6.463431 -4.007888        19
INFO  [16:36:28.955] [bbotk]  nrounds subsample      acq_ei  x_domain .already_evaluated classif.bbrier
INFO  [16:36:28.955] [bbotk]     4721  0.889762 0.002115085 <list[8]>              FALSE     0.03830909
INFO  [16:36:28.955] [bbotk]  warnings errors runtime_learners                                uhash
INFO  [16:36:28.955] [bbotk]         0      0          664.007 8782fec1-30ad-4d36-93a1-97b16897571f
INFO  [16:36:31.487] [bbotk] Finished optimizing after 100 evaluation(s)
INFO  [16:36:31.489] [bbotk] Result:
INFO  [16:36:31.509] [bbotk]      alpha colsample_bylevel colsample_bytree       eta    lambda max_depth
INFO  [16:36:31.509] [bbotk]      <num>             <num>            <num>     <num>     <num>     <int>
INFO  [16:36:31.509] [bbotk]  -1.030029         0.7714607         0.890244 -5.874358 -3.882374        15
INFO  [16:36:31.509] [bbotk]  nrounds subsample learner_param_vals  x_domain classif.bbrier
INFO  [16:36:31.509] [bbotk]    <int>     <num>             <list>    <list>          <num>
INFO  [16:36:31.509] [bbotk]     4585 0.8715688         <list[10]> <list[8]>     0.03825541
[1] -65.41256
[1] 28.69366
[1] -104.0219
[1] 15.10762
[1] -70.89388
[1] 19.28157
[1] -34.44492
[1] 26.70443
[1] -58.37677
[1] 15.32555

### [bt]: Job terminated successfully [batchtools job.id=3546]
### [bt]: Calculation finished!
