### [bt]: This is batchtools v0.9.17
### [bt]: Starting calculation of 1 jobs
### [bt]: Setting working directory to '/content/drive/MyDrive/GitHub/Mater_Thesis_Calibration'
ece.R :
Friedmann_tasks.R :
Functions.R :
ici.R :
mse_feature_effects.R :
PipeOpCalibration_TuningExperiment.R :
PipeOpCalibration.R :
PipeOpCalibrationUnion.R :
### [bt]: Memory measurement disabled
### [bt]: Starting job [batchtools job.id=1761]
### [bt]: Generating problem instance for problem 'a6b2cabd9f84c607' ...
### [bt]: Applying algorithm 'run_learner' on problem 'a6b2cabd9f84c607' for job 1761 (seed = 1884) ...
INFO  [18:41:05.301] [mlr3] Applying learner 'xgboost TbC platt' on task 'phoneme' (iter 1/10)
INFO  [18:41:17.305] [bbotk] Starting to optimize 8 parameter(s) with '<OptimizerMbo>' and '<TerminatorEvals> [n_evals=100, k=0]'
INFO  [18:41:18.747] [bbotk] Evaluating 32 configuration(s)
INFO  [19:00:52.919] [bbotk] Result of batch 1:
INFO  [19:00:52.944] [bbotk]       alpha colsample_bylevel colsample_bytree        eta     lambda max_depth
INFO  [19:00:52.944] [bbotk]  -0.5997832         0.7442057        0.2983615 -4.7278283  5.3810651         8
INFO  [19:00:52.944] [bbotk]   6.3079720         0.2942057        0.7483615 -0.1226584 -1.5266898        18
INFO  [19:00:52.944] [bbotk]  -4.0536609         0.5192057        0.9733615 -2.4252435  1.9271874         3
INFO  [19:00:52.944] [bbotk]   2.8540944         0.9692057        0.5233615 -7.0304134 -4.9805674        13
INFO  [19:00:52.944] [bbotk]   4.5810332         0.6317057        0.8608615 -1.2739509 -3.2536286        11
INFO  [19:00:52.944] [bbotk]  -2.3267221         0.1817057        0.4108615 -5.8791209  3.6541263         1
INFO  [19:00:52.944] [bbotk]   1.1271556         0.4067057        0.1858615 -8.1817060 -6.7075063        16
INFO  [19:00:52.944] [bbotk]  -5.7805997         0.8567057        0.6358615 -3.5765360  0.2002486         6
INFO  [19:00:52.944] [bbotk]   3.7175638         0.4629557        0.3546115 -4.1521823  6.2445345        14
INFO  [19:00:52.944] [bbotk]  -3.1901915         0.9129557        0.8046115 -8.7573523 -0.6632204         4
INFO  [19:00:52.944] [bbotk]   0.2636862         0.6879557        0.5796115 -6.4547671  2.7906569        19
INFO  [19:00:52.944] [bbotk]  -6.6440691         0.2379557        0.1296115 -1.8495972 -4.1170980         9
INFO  [19:00:52.944] [bbotk]  -4.9171303         0.5754557        0.4671115 -0.6983047 -5.8440369         2
INFO  [19:00:52.944] [bbotk]   1.9906250         0.1254557        0.9171115 -5.3034746  1.0637180        12
INFO  [19:00:52.944] [bbotk]   5.4445026         0.8004557        0.2421115 -3.0008898  4.5175957        17
INFO  [19:00:52.944] [bbotk]  -1.4632526         0.3504557        0.6921115 -7.6060597 -2.3901592         7
INFO  [19:00:52.944] [bbotk]   1.5588903         0.8848307        0.9452365 -0.9861278  6.6762692         1
INFO  [19:00:52.944] [bbotk]  -5.3488650         0.4348307        0.4952365 -5.5912977 -0.2314857        11
INFO  [19:00:52.944] [bbotk]   5.0127679         0.2098307        0.2702365 -7.8938828  3.2223916         6
INFO  [19:00:52.944] [bbotk]  -1.8949874         0.6598307        0.7202365 -3.2887129 -3.6853633        16
INFO  [19:00:52.944] [bbotk]  -3.6219262         0.9973307        0.1577365 -6.7425903 -1.9584245        19
INFO  [19:00:52.944] [bbotk]   3.2858291         0.5473307        0.6077365 -2.1374203  4.9493304         9
INFO  [19:00:52.944] [bbotk]  -0.1680485         0.3223307        0.8327365 -4.4400054 -5.4123022        14
INFO  [19:00:52.944] [bbotk]   6.7397067         0.7723307        0.3827365 -9.0451754  1.4954527         4
INFO  [19:00:52.944] [bbotk]  -4.4853956         0.1535807        0.5514865 -8.4695291  5.8127998        17
INFO  [19:00:52.944] [bbotk]   2.4223597         0.6035807        0.1014865 -3.8643592 -1.0949551         7
INFO  [19:00:52.944] [bbotk]   5.8762373         0.3785807        0.7764865 -6.1669440 -4.5488327         2
INFO  [19:00:52.944] [bbotk]  -1.0315179         0.8285807        0.3264865 -1.5617741  2.3589221        12
INFO  [19:00:52.944] [bbotk]   4.1492985         0.9410807        0.6639865 -5.0156514 -6.2757716        10
INFO  [19:00:52.944] [bbotk]  -2.7584568         0.4910807        0.2139865 -0.4104815  0.6319833        20
INFO  [19:00:52.944] [bbotk]   0.6954209         0.2660807        0.4389865 -2.7130666 -2.8218939         5
INFO  [19:00:52.944] [bbotk]  -6.2123343         0.7160807        0.8889865 -7.3182365  4.0858610        15
INFO  [19:00:52.944] [bbotk]       alpha colsample_bylevel colsample_bytree        eta     lambda max_depth
INFO  [19:00:52.944] [bbotk]  nrounds subsample classif.bbrier warnings errors runtime_learners
INFO  [19:00:52.944] [bbotk]     3007 0.6894345     0.12599799        0      0           39.545
INFO  [19:00:52.944] [bbotk]      507 0.2394345     0.25000000        0      0            5.495
INFO  [19:00:52.944] [bbotk]     1757 0.9144345     0.08680329        0      0           20.892
INFO  [19:00:52.944] [bbotk]     4257 0.4644345     0.13201190        0      0           48.989
INFO  [19:00:52.944] [bbotk]     3632 0.5769345     0.15015247        0      0           26.139
INFO  [19:00:52.944] [bbotk]     1132 0.1269345     0.16326499        0      0            9.079
INFO  [19:00:52.944] [bbotk]     2382 0.8019345     0.18455576        0      0           41.338
INFO  [19:00:52.944] [bbotk]     4882 0.3519345     0.08527120        0      0           80.589
INFO  [19:00:52.944] [bbotk]     2070 0.8581845     0.13650821        0      0           26.554
INFO  [19:00:52.944] [bbotk]     4570 0.4081845     0.15542554        0      0           78.591
INFO  [19:00:52.944] [bbotk]     3320 0.6331845     0.11216426        0      0           66.779
INFO  [19:00:52.944] [bbotk]      820 0.1831845     0.16117788        0      0           16.980
INFO  [19:00:52.944] [bbotk]     2695 0.7456845     0.11812890        0      0           24.092
INFO  [19:00:52.944] [bbotk]      195 0.2956845     0.16072189        0      0            5.362
INFO  [19:00:52.944] [bbotk]     3945 0.5206845     0.18998256        0      0           28.316
INFO  [19:00:52.944] [bbotk]     1445 0.9706845     0.15080703        0      0           32.120
INFO  [19:00:52.944] [bbotk]      663 0.3800595     0.12916787        0      0            7.407
INFO  [19:00:52.944] [bbotk]     3163 0.8300595     0.08854455        0      0           94.273
INFO  [19:00:52.944] [bbotk]     4413 0.1550595     0.24999923        0      0           27.761
INFO  [19:00:52.944] [bbotk]     1913 0.6050595     0.08249648        0      0           46.960
INFO  [19:00:52.944] [bbotk]       38 0.4925595     0.24285484        0      0            7.818
INFO  [19:00:52.944] [bbotk]     2538 0.9425595     0.11680813        0      0           19.128
INFO  [19:00:52.944] [bbotk]     3788 0.2675595     0.08049030        0      0           67.367
INFO  [19:00:52.944] [bbotk]     1288 0.7175595     0.25000000        0      0           12.003
INFO  [19:00:52.944] [bbotk]     4101 0.3238095     0.21814057        0      0           53.589
INFO  [19:00:52.944] [bbotk]     1601 0.7738095     0.12089029        0      0           27.454
INFO  [19:00:52.944] [bbotk]     2851 0.9988095     0.18650170        0      0           29.217
INFO  [19:00:52.944] [bbotk]      351 0.5488095     0.12871374        0      0           11.976
INFO  [19:00:52.944] [bbotk]      976 0.4363095     0.15109245        0      0           18.563
INFO  [19:00:52.944] [bbotk]     3476 0.8863095     0.17388678        0      0           65.196
INFO  [19:00:52.944] [bbotk]     4726 0.2113095     0.09411555        0      0           64.437
INFO  [19:00:52.944] [bbotk]     2226 0.6613095     0.14425140        0      0           55.696
INFO  [19:00:52.944] [bbotk]  nrounds subsample classif.bbrier warnings errors runtime_learners
INFO  [19:00:52.944] [bbotk]                                 uhash
INFO  [19:00:52.944] [bbotk]  de0dc2a0-6a9f-4703-8c05-2882b0b07c5a
INFO  [19:00:52.944] [bbotk]  24239593-cf47-4e68-b121-461ee06868df
INFO  [19:00:52.944] [bbotk]  a4081d71-c774-425d-84e3-66b4ec3b1f8d
INFO  [19:00:52.944] [bbotk]  a35a18e8-cb61-464d-9391-5245cc0b673d
INFO  [19:00:52.944] [bbotk]  b57ab800-0008-4e5e-97fc-a5055144fd2e
INFO  [19:00:52.944] [bbotk]  d806bf4a-ada5-429a-b3e2-8011b132b234
INFO  [19:00:52.944] [bbotk]  e67a0ef2-631f-4faa-9f62-d195e496715e
INFO  [19:00:52.944] [bbotk]  46f802f7-4146-4254-b651-d7152881974e
INFO  [19:00:52.944] [bbotk]  5fcdf8c1-cae8-4403-9138-3a536b26e4a4
INFO  [19:00:52.944] [bbotk]  2324ca78-5d70-4a72-a8b8-86c55870e798
INFO  [19:00:52.944] [bbotk]  0d6c065c-ee8b-4173-b67e-8e69d1ddf78f
INFO  [19:00:52.944] [bbotk]  838f7179-d580-4a69-bca8-7303c4829d32
INFO  [19:00:52.944] [bbotk]  970fb2e8-6552-4029-aa90-ae73003256ab
INFO  [19:00:52.944] [bbotk]  e889ada9-91f0-429a-91b9-a86ecdac6189
INFO  [19:00:52.944] [bbotk]  4487c91a-d22e-425e-809e-966ec2556914
INFO  [19:00:52.944] [bbotk]  378247e1-cdfe-4237-8e0c-d9edeb938cfe
INFO  [19:00:52.944] [bbotk]  723e15ea-8e45-41dd-b203-8b8ad15775c9
INFO  [19:00:52.944] [bbotk]  5aba7406-9c39-44e7-b95c-bb7f2cfd72ec
INFO  [19:00:52.944] [bbotk]  51622fe4-a685-4ac4-b9e4-9a4c51d7c4d6
INFO  [19:00:52.944] [bbotk]  64c38db3-1a08-4185-b760-4f07db8227fe
INFO  [19:00:52.944] [bbotk]  7290141f-9285-4c76-aa1d-2a10039c3f3f
INFO  [19:00:52.944] [bbotk]  721309b6-ef12-4179-b861-8d20b4f65bde
INFO  [19:00:52.944] [bbotk]  ec933fa3-169f-4261-851b-0c0a070c79c3
INFO  [19:00:52.944] [bbotk]  8f76543d-8439-4109-bb1b-6d6214eb92f0
INFO  [19:00:52.944] [bbotk]  09fd838e-5402-4a7e-8982-20d2782e24e8
INFO  [19:00:52.944] [bbotk]  57b6778d-e999-4383-aed4-1099ea4116c9
INFO  [19:00:52.944] [bbotk]  f50bac53-b836-4095-a46d-77a835e6ad04
INFO  [19:00:52.944] [bbotk]  3978371a-94c4-4106-acd0-ead385375b56
INFO  [19:00:52.944] [bbotk]  b7be8277-46ee-472b-a1b5-729b3c860b8b
INFO  [19:00:52.944] [bbotk]  a17e2e67-6d50-4692-be2f-a405a8ed5459
INFO  [19:00:52.944] [bbotk]  f579b6ac-3ec7-4016-9b3a-87c6a6421631
INFO  [19:00:52.944] [bbotk]  33ca64de-9fe1-4f66-9dc8-280c03cfde98
INFO  [19:00:52.944] [bbotk]                                 uhash
INFO  [19:01:03.455] [bbotk] Evaluating 1 configuration(s)
INFO  [19:02:54.248] [bbotk] Result of batch 2:
INFO  [19:02:54.255] [bbotk]    alpha colsample_bylevel colsample_bytree       eta    lambda max_depth
INFO  [19:02:54.255] [bbotk]  -2.0009         0.5514523          0.78456 -4.326772 -2.889249        10
INFO  [19:02:54.255] [bbotk]  nrounds subsample     acq_ei  x_domain .already_evaluated classif.bbrier
INFO  [19:02:54.255] [bbotk]     4130 0.9905015 0.02845988 <list[8]>              FALSE     0.08168161
INFO  [19:02:54.255] [bbotk]  warnings errors runtime_learners                                uhash
INFO  [19:02:54.255] [bbotk]         0      0          110.049 ead00ef8-1b16-48e7-ae53-3d76ac251ab0
INFO  [19:03:07.700] [bbotk] Evaluating 1 configuration(s)
INFO  [19:04:05.614] [bbotk] Result of batch 3:
INFO  [19:04:05.634] [bbotk]      alpha colsample_bylevel colsample_bytree       eta    lambda max_depth
INFO  [19:04:05.634] [bbotk]  -3.117566         0.6310493        0.6067473 -3.503194 0.3329813         6
INFO  [19:04:05.634] [bbotk]  nrounds subsample     acq_ei  x_domain .already_evaluated classif.bbrier
INFO  [19:04:05.634] [bbotk]     3748 0.4634783 0.02007181 <list[8]>              FALSE      0.0841669
INFO  [19:04:05.634] [bbotk]  warnings errors runtime_learners                                uhash
INFO  [19:04:05.634] [bbotk]         0      0           57.444 943be89e-ee3a-40eb-929c-f4cbe01f6205
INFO  [19:04:15.392] [bbotk] Evaluating 1 configuration(s)
INFO  [19:05:26.121] [bbotk] Result of batch 4:
INFO  [19:05:26.148] [bbotk]      alpha colsample_bylevel colsample_bytree       eta    lambda max_depth
INFO  [19:05:26.148] [bbotk]  -6.278688         0.4093177        0.7206554 -4.477876 -3.242694         7
INFO  [19:05:26.148] [bbotk]  nrounds subsample     acq_ei  x_domain .already_evaluated classif.bbrier
INFO  [19:05:26.148] [bbotk]     2997 0.7905207 0.02038957 <list[8]>              FALSE     0.08207055
INFO  [19:05:26.148] [bbotk]  warnings errors runtime_learners                                uhash
INFO  [19:05:26.148] [bbotk]         0      0           70.279 7a423428-8367-4e17-8794-ef9b6f5f3a41
WARN  [19:05:32.274] [mlr3] train: Stopped because hard maximum generation limit was hit.
INFO  [19:05:39.399] [bbotk] Evaluating 1 configuration(s)
INFO  [19:07:50.373] [bbotk] Result of batch 5:
INFO  [19:07:50.418] [bbotk]      alpha colsample_bylevel colsample_bytree       eta   lambda max_depth
INFO  [19:07:50.418] [bbotk]  -4.874478         0.7500777        0.9273735 -4.749406 -6.74299        14
INFO  [19:07:50.418] [bbotk]  nrounds subsample     acq_ei  x_domain .already_evaluated classif.bbrier
INFO  [19:07:50.418] [bbotk]     3676 0.3826644 0.01099366 <list[8]>              FALSE     0.07797904
INFO  [19:07:50.418] [bbotk]  warnings errors runtime_learners                                uhash
INFO  [19:07:50.418] [bbotk]         0      0          130.538 74500453-566e-492f-98a2-5220cba74a95
INFO  [19:07:59.500] [bbotk] Evaluating 1 configuration(s)
INFO  [19:09:13.549] [bbotk] Result of batch 6:
INFO  [19:09:13.560] [bbotk]      alpha colsample_bylevel colsample_bytree       eta   lambda max_depth
INFO  [19:09:13.560] [bbotk]  -0.744459         0.5522912         0.765714 -4.032554 -2.70057         7
INFO  [19:09:13.560] [bbotk]  nrounds subsample    acq_ei  x_domain .already_evaluated classif.bbrier
INFO  [19:09:13.560] [bbotk]     4077 0.7107092 0.0113076 <list[8]>              FALSE     0.08175129
INFO  [19:09:13.560] [bbotk]  warnings errors runtime_learners                                uhash
INFO  [19:09:13.560] [bbotk]         0      0           73.553 483bd8f3-071c-4e5b-b70f-8b98b4eabfaf
INFO  [19:09:21.780] [bbotk] Evaluating 1 configuration(s)
INFO  [19:11:58.923] [bbotk] Result of batch 7:
INFO  [19:11:58.930] [bbotk]      alpha colsample_bylevel colsample_bytree       eta    lambda max_depth
INFO  [19:11:58.930] [bbotk]  -6.247534         0.2799585        0.6855394 -5.340872 -5.705622        17
INFO  [19:11:58.930] [bbotk]  nrounds subsample      acq_ei  x_domain .already_evaluated classif.bbrier
INFO  [19:11:58.930] [bbotk]     4876 0.6324989 0.006628689 <list[8]>              FALSE      0.0794495
INFO  [19:11:58.930] [bbotk]  warnings errors runtime_learners                                uhash
INFO  [19:11:58.930] [bbotk]         0      0          156.756 f22397cc-3084-43ae-b123-f88e8821813b
WARN  [19:12:02.736] [mlr3] train: Stopped because hard maximum generation limit was hit.
INFO  [19:12:10.070] [bbotk] Evaluating 1 configuration(s)
INFO  [19:13:49.197] [bbotk] Result of batch 8:
INFO  [19:13:49.220] [bbotk]      alpha colsample_bylevel colsample_bytree       eta   lambda max_depth
INFO  [19:13:49.220] [bbotk]  -3.084518         0.3616102        0.7340716 -4.487236 -4.76757        14
INFO  [19:13:49.220] [bbotk]  nrounds subsample      acq_ei  x_domain .already_evaluated classif.bbrier
INFO  [19:13:49.220] [bbotk]     4452 0.4799014 0.008473033 <list[8]>              FALSE     0.08151181
INFO  [19:13:49.220] [bbotk]  warnings errors runtime_learners                                uhash
INFO  [19:13:49.220] [bbotk]         0      0           98.456 022f019b-5c61-41ec-825d-ec866d6a5ded
INFO  [19:14:02.637] [bbotk] Evaluating 1 configuration(s)
INFO  [19:18:21.723] [bbotk] Result of batch 9:
INFO  [19:18:21.730] [bbotk]     alpha colsample_bylevel colsample_bytree       eta    lambda max_depth
INFO  [19:18:21.730] [bbotk]  -5.76246         0.9635316        0.8608033 -5.549862 -5.760181        18
INFO  [19:18:21.730] [bbotk]  nrounds subsample      acq_ei  x_domain .already_evaluated classif.bbrier
INFO  [19:18:21.730] [bbotk]     4409 0.9247112 0.008950571 <list[8]>              FALSE     0.07637636
INFO  [19:18:21.730] [bbotk]  warnings errors runtime_learners                                uhash
INFO  [19:18:21.730] [bbotk]         0      0           258.79 0ee6fd56-b3bb-4706-bb05-0b867fbf67bc
INFO  [19:18:29.773] [bbotk] Evaluating 1 configuration(s)
INFO  [19:18:58.023] [bbotk] Result of batch 10:
INFO  [19:18:58.032] [bbotk]      alpha colsample_bylevel colsample_bytree       eta    lambda max_depth
INFO  [19:18:58.032] [bbotk]  -0.711737          0.765522        0.7561844 -2.503926 -4.651679         2
INFO  [19:18:58.032] [bbotk]  nrounds subsample      acq_ei  x_domain .already_evaluated classif.bbrier
INFO  [19:18:58.032] [bbotk]     2870  0.459505 0.008914723 <list[8]>              FALSE     0.09682602
INFO  [19:18:58.032] [bbotk]  warnings errors runtime_learners                                uhash
INFO  [19:18:58.032] [bbotk]         0      0            27.92 6f84197c-fdf7-40e9-b220-ad1622fea25f
INFO  [19:19:08.234] [bbotk] Evaluating 1 configuration(s)
INFO  [19:21:06.226] [bbotk] Result of batch 11:
INFO  [19:21:06.240] [bbotk]      alpha colsample_bylevel colsample_bytree       eta   lambda max_depth
INFO  [19:21:06.240] [bbotk]  -4.916664         0.7059115        0.7304948 -3.748288 0.771566        13
INFO  [19:21:06.240] [bbotk]  nrounds subsample      acq_ei  x_domain .already_evaluated classif.bbrier
INFO  [19:21:06.240] [bbotk]     3833 0.7762783 0.008266086 <list[8]>              FALSE     0.08145144
INFO  [19:21:06.240] [bbotk]  warnings errors runtime_learners                                uhash
INFO  [19:21:06.240] [bbotk]         0      0          117.622 72a8bf9c-2780-447b-abc1-7525fde7683e
INFO  [19:21:17.862] [bbotk] Evaluating 1 configuration(s)
INFO  [19:22:45.735] [bbotk] Result of batch 12:
INFO  [19:22:45.745] [bbotk]       alpha colsample_bylevel colsample_bytree      eta   lambda max_depth
INFO  [19:22:45.745] [bbotk]  -0.6376961         0.7396147        0.9782779 -5.06017 -6.37198        19
INFO  [19:22:45.745] [bbotk]  nrounds subsample      acq_ei  x_domain .already_evaluated classif.bbrier
INFO  [19:22:45.745] [bbotk]     2444 0.7844762 0.005266621 <list[8]>              FALSE     0.07413755
INFO  [19:22:45.745] [bbotk]  warnings errors runtime_learners                                uhash
INFO  [19:22:45.745] [bbotk]         0      0            87.26 78500779-7f32-4fd1-942e-5c3e52d0d9b4
WARN  [19:22:46.686] [mlr3] train: Stopped because hard maximum generation limit was hit.
INFO  [19:22:53.875] [bbotk] Evaluating 1 configuration(s)
INFO  [19:23:59.376] [bbotk] Result of batch 13:
INFO  [19:23:59.385] [bbotk]     alpha colsample_bylevel colsample_bytree       eta    lambda max_depth
INFO  [19:23:59.385] [bbotk]  1.055633            0.3552         0.526106 -4.434036 -5.733233        18
INFO  [19:23:59.385] [bbotk]  nrounds subsample      acq_ei  x_domain .already_evaluated classif.bbrier
INFO  [19:23:59.385] [bbotk]     3415 0.9563782 0.007892871 <list[8]>              FALSE     0.08709678
INFO  [19:23:59.385] [bbotk]  warnings errors runtime_learners                                uhash
INFO  [19:23:59.385] [bbotk]         0      0            65.21 1cfcaa30-a0b0-4375-9426-d523e9958203
WARN  [19:24:00.575] [mlr3] train: Stopped because hard maximum generation limit was hit.
INFO  [19:24:09.801] [bbotk] Evaluating 1 configuration(s)
INFO  [19:25:18.795] [bbotk] Result of batch 14:
INFO  [19:25:18.894] [bbotk]       alpha colsample_bylevel colsample_bytree       eta    lambda max_depth
INFO  [19:25:18.894] [bbotk]  -0.2291496           0.48933        0.8124135 -4.044936 -3.075068        16
INFO  [19:25:18.894] [bbotk]  nrounds subsample      acq_ei  x_domain .already_evaluated classif.bbrier
INFO  [19:25:18.894] [bbotk]     2882 0.8428117 0.004812757 <list[8]>              FALSE     0.07685298
INFO  [19:25:18.894] [bbotk]  warnings errors runtime_learners                                uhash
INFO  [19:25:18.894] [bbotk]         0      0           67.623 98fca8c3-5319-4276-b634-47214f819ca0
INFO  [19:25:32.571] [bbotk] Evaluating 1 configuration(s)
INFO  [19:27:26.989] [bbotk] Result of batch 15:
INFO  [19:27:27.028] [bbotk]      alpha colsample_bylevel colsample_bytree       eta    lambda max_depth
INFO  [19:27:27.028] [bbotk]  -2.509795          0.429502          0.99375 -5.695827 -5.643846        17
INFO  [19:27:27.028] [bbotk]  nrounds subsample      acq_ei  x_domain .already_evaluated classif.bbrier
INFO  [19:27:27.028] [bbotk]     3655 0.6574694 0.003953991 <list[8]>              FALSE     0.07513556
INFO  [19:27:27.028] [bbotk]  warnings errors runtime_learners                                uhash
INFO  [19:27:27.028] [bbotk]         0      0          113.847 416641b9-dfcf-4796-a877-fab02347cf77
INFO  [19:27:33.084] [bbotk] Evaluating 1 configuration(s)
INFO  [19:29:34.075] [bbotk] Result of batch 16:
INFO  [19:29:34.090] [bbotk]       alpha colsample_bylevel colsample_bytree       eta    lambda max_depth
INFO  [19:29:34.090] [bbotk]  -0.1580386         0.7762245        0.9657275 -4.361635 0.7906344        15
INFO  [19:29:34.090] [bbotk]  nrounds subsample      acq_ei  x_domain .already_evaluated classif.bbrier
INFO  [19:29:34.090] [bbotk]     4870 0.3422433 0.005211635 <list[8]>              FALSE     0.07855616
INFO  [19:29:34.090] [bbotk]  warnings errors runtime_learners                                uhash
INFO  [19:29:34.090] [bbotk]         0      0          120.715 1dc93cdb-3a03-434c-ae70-64019c41c8c1
INFO  [19:29:43.598] [bbotk] Evaluating 1 configuration(s)
INFO  [19:32:02.456] [bbotk] Result of batch 17:
INFO  [19:32:02.511] [bbotk]      alpha colsample_bylevel colsample_bytree       eta    lambda max_depth
INFO  [19:32:02.511] [bbotk]  -6.851053          0.459748        0.6720224 -5.825921 -4.901574        12
INFO  [19:32:02.511] [bbotk]  nrounds subsample      acq_ei  x_domain .already_evaluated classif.bbrier
INFO  [19:32:02.511] [bbotk]     4737 0.8079303 0.003490276 <list[8]>              FALSE     0.07828733
INFO  [19:32:02.511] [bbotk]  warnings errors runtime_learners                                uhash
INFO  [19:32:02.511] [bbotk]         0      0          138.303 d205ec1b-aa38-49c3-8611-94a74cfe7e1b
WARN  [19:32:06.690] [mlr3] train: Stopped because hard maximum generation limit was hit.
INFO  [19:32:17.126] [bbotk] Evaluating 1 configuration(s)
INFO  [19:35:59.561] [bbotk] Result of batch 18:
INFO  [19:35:59.579] [bbotk]      alpha colsample_bylevel colsample_bytree       eta    lambda max_depth
INFO  [19:35:59.579] [bbotk]  -1.029778         0.9098798        0.9019658 -5.321297 -3.348136        18
INFO  [19:35:59.579] [bbotk]  nrounds subsample      acq_ei  x_domain .already_evaluated classif.bbrier
INFO  [19:35:59.579] [bbotk]     4193 0.8420524 0.006007159 <list[8]>              FALSE     0.07482633
INFO  [19:35:59.579] [bbotk]  warnings errors runtime_learners                                uhash
INFO  [19:35:59.579] [bbotk]         0      0          221.933 039f120c-4a24-4852-9fed-ac06ac93e3d1
INFO  [19:36:11.638] [bbotk] Evaluating 1 configuration(s)
INFO  [19:38:39.780] [bbotk] Result of batch 19:
INFO  [19:38:39.790] [bbotk]      alpha colsample_bylevel colsample_bytree       eta    lambda max_depth
INFO  [19:38:39.790] [bbotk]  -2.765094         0.8199115        0.8417286 -5.336268 -5.441475        19
INFO  [19:38:39.790] [bbotk]  nrounds subsample      acq_ei  x_domain .already_evaluated classif.bbrier
INFO  [19:38:39.790] [bbotk]     3171 0.6022658 0.002595979 <list[8]>              FALSE     0.07500044
INFO  [19:38:39.790] [bbotk]  warnings errors runtime_learners                                uhash
INFO  [19:38:39.790] [bbotk]         0      0          147.616 951d0006-7f9b-435e-98bb-b4050a9f5aaf
WARN  [19:38:41.704] [mlr3] train: Stopped because hard maximum generation limit was hit.
INFO  [19:38:49.464] [bbotk] Evaluating 1 configuration(s)
INFO  [19:41:53.782] [bbotk] Result of batch 20:
INFO  [19:41:53.792] [bbotk]      alpha colsample_bylevel colsample_bytree       eta    lambda max_depth
INFO  [19:41:53.792] [bbotk]  -6.409017         0.6695532        0.7011073 -5.285146 -3.332866        20
INFO  [19:41:53.792] [bbotk]  nrounds subsample      acq_ei  x_domain .already_evaluated classif.bbrier
INFO  [19:41:53.792] [bbotk]     3984 0.9014011 0.002526234 <list[8]>              FALSE     0.07918683
INFO  [19:41:53.792] [bbotk]  warnings errors runtime_learners                                uhash
INFO  [19:41:53.792] [bbotk]         0      0          183.976 56e3986d-f0ef-4775-865e-3162a03a9871
INFO  [19:42:04.785] [bbotk] Evaluating 1 configuration(s)
INFO  [19:45:57.565] [bbotk] Result of batch 21:
INFO  [19:45:57.613] [bbotk]      alpha colsample_bylevel colsample_bytree       eta    lambda max_depth
INFO  [19:45:57.613] [bbotk]  -3.242174         0.8226368        0.9938688 -5.569857 -2.963334        12
INFO  [19:45:57.613] [bbotk]  nrounds subsample     acq_ei  x_domain .already_evaluated classif.bbrier
INFO  [19:45:57.613] [bbotk]     4990 0.6375371 0.00405602 <list[8]>              FALSE     0.07579181
INFO  [19:45:57.613] [bbotk]  warnings errors runtime_learners                                uhash
INFO  [19:45:57.613] [bbotk]         0      0          232.047 cb1e19e5-6777-4c8d-ae1a-f8c1d0b8b32a
WARN  [19:46:02.668] [mlr3] train: Stopped because hard maximum generation limit was hit.
INFO  [19:46:14.030] [bbotk] Evaluating 1 configuration(s)
INFO  [19:48:55.067] [bbotk] Result of batch 22:
INFO  [19:48:55.081] [bbotk]     alpha colsample_bylevel colsample_bytree       eta    lambda max_depth
INFO  [19:48:55.081] [bbotk]  -4.54222          0.615166        0.9783889 -5.336156 -3.056078        15
INFO  [19:48:55.081] [bbotk]  nrounds subsample      acq_ei  x_domain .already_evaluated classif.bbrier
INFO  [19:48:55.081] [bbotk]     3755 0.9084545 0.002970705 <list[8]>              FALSE     0.07573154
INFO  [19:48:55.081] [bbotk]  warnings errors runtime_learners                                uhash
INFO  [19:48:55.081] [bbotk]         0      0          160.494 e52b51b2-d5ed-4be0-bf46-d1412e2488de
WARN  [19:48:58.378] [mlr3] train: Stopped because hard maximum generation limit was hit.
INFO  [19:49:04.933] [bbotk] Evaluating 1 configuration(s)
INFO  [19:50:41.344] [bbotk] Result of batch 23:
INFO  [19:50:41.366] [bbotk]      alpha colsample_bylevel colsample_bytree       eta    lambda max_depth
INFO  [19:50:41.366] [bbotk]  -1.845044         0.7830637        0.8685559 -5.447604 -3.580691        17
INFO  [19:50:41.366] [bbotk]  nrounds subsample      acq_ei  x_domain .already_evaluated classif.bbrier
INFO  [19:50:41.366] [bbotk]     4778 0.1333319 0.003056286 <list[8]>              FALSE     0.08305766
INFO  [19:50:41.366] [bbotk]  warnings errors runtime_learners                                uhash
INFO  [19:50:41.366] [bbotk]         0      0           95.963 dead9c42-9622-4ad9-a300-a2177af29689
WARN  [19:50:45.794] [mlr3] train: Stopped because hard maximum generation limit was hit.
INFO  [19:50:52.794] [bbotk] Evaluating 1 configuration(s)
INFO  [19:54:23.681] [bbotk] Result of batch 24:
INFO  [19:54:23.690] [bbotk]      alpha colsample_bylevel colsample_bytree      eta    lambda max_depth
INFO  [19:54:23.690] [bbotk]  -3.275604         0.8753416        0.9679385 -5.53384 -6.103575        16
INFO  [19:54:23.690] [bbotk]  nrounds subsample      acq_ei  x_domain .already_evaluated classif.bbrier
INFO  [19:54:23.690] [bbotk]     4094 0.7007492 0.002707127 <list[8]>              FALSE     0.07536011
INFO  [19:54:23.690] [bbotk]  warnings errors runtime_learners                                uhash
INFO  [19:54:23.690] [bbotk]         0      0           210.45 32f6e76d-e1f9-4558-9629-2b1a2916e123
WARN  [19:54:25.115] [mlr3] train: Stopped because hard maximum generation limit was hit.
INFO  [19:54:33.933] [bbotk] Evaluating 1 configuration(s)
INFO  [19:57:08.498] [bbotk] Result of batch 25:
INFO  [19:57:08.508] [bbotk]      alpha colsample_bylevel colsample_bytree       eta    lambda max_depth
INFO  [19:57:08.508] [bbotk]  -1.113312         0.8217705         0.887072 -5.454423 -6.170182        20
INFO  [19:57:08.508] [bbotk]  nrounds subsample      acq_ei  x_domain .already_evaluated classif.bbrier
INFO  [19:57:08.508] [bbotk]     3423 0.7735262 0.002786359 <list[8]>              FALSE     0.07462182
INFO  [19:57:08.508] [bbotk]  warnings errors runtime_learners                                uhash
INFO  [19:57:08.508] [bbotk]         0      0           154.05 bb31e5dd-7eb9-454e-8617-315e2e9ee63b
WARN  [19:57:13.947] [mlr3] train: Stopped because hard maximum generation limit was hit.
INFO  [19:57:23.203] [bbotk] Evaluating 1 configuration(s)
INFO  [19:58:38.597] [bbotk] Result of batch 26:
INFO  [19:58:38.635] [bbotk]      alpha colsample_bylevel colsample_bytree       eta     lambda max_depth
INFO  [19:58:38.635] [bbotk]  -3.609096         0.9984937        0.9182024 -2.940677 -0.7797321        10
INFO  [19:58:38.635] [bbotk]  nrounds subsample      acq_ei  x_domain .already_evaluated classif.bbrier
INFO  [19:58:38.635] [bbotk]     1656 0.9613084 0.002180469 <list[8]>              FALSE     0.08145575
INFO  [19:58:38.635] [bbotk]  warnings errors runtime_learners                                uhash
INFO  [19:58:38.635] [bbotk]         0      0           75.035 0220fd62-cce2-4776-9a9b-c8f6f444b52e
WARN  [19:58:41.410] [mlr3] train: Stopped because hard maximum generation limit was hit.
INFO  [19:58:45.100] [bbotk] Evaluating 1 configuration(s)
INFO  [20:00:49.823] [bbotk] Result of batch 27:
INFO  [20:00:49.834] [bbotk]      alpha colsample_bylevel colsample_bytree       eta    lambda max_depth
INFO  [20:00:49.834] [bbotk]  -6.772378         0.4524554        0.5056148 -4.808868 -4.629666        11
INFO  [20:00:49.834] [bbotk]  nrounds subsample      acq_ei  x_domain .already_evaluated classif.bbrier
INFO  [20:00:49.834] [bbotk]     4997 0.8330142 0.001930502 <list[8]>              FALSE     0.09133683
INFO  [20:00:49.834] [bbotk]  warnings errors runtime_learners                                uhash
INFO  [20:00:49.834] [bbotk]         0      0          124.356 95b8b5fb-3613-4929-b9c8-6b26209cf951
INFO  [20:00:59.686] [bbotk] Evaluating 1 configuration(s)
INFO  [20:02:28.279] [bbotk] Result of batch 28:
INFO  [20:02:28.298] [bbotk]      alpha colsample_bylevel colsample_bytree       eta    lambda max_depth
INFO  [20:02:28.298] [bbotk]  -4.192775         0.5090546        0.6693753 -5.321849 -6.646194        12
INFO  [20:02:28.298] [bbotk]  nrounds subsample      acq_ei  x_domain .already_evaluated classif.bbrier
INFO  [20:02:28.298] [bbotk]     2716 0.7892425 0.002260056 <list[8]>              FALSE     0.07833542
INFO  [20:02:28.298] [bbotk]  warnings errors runtime_learners                                uhash
INFO  [20:02:28.298] [bbotk]         0      0           88.233 f599f385-9a60-411e-bb8d-01074d046b1e
WARN  [20:02:30.214] [mlr3] train: Stopped because hard maximum generation limit was hit.
INFO  [20:02:41.103] [bbotk] Evaluating 1 configuration(s)
INFO  [20:03:35.939] [bbotk] Result of batch 29:
INFO  [20:03:35.980] [bbotk]      alpha colsample_bylevel colsample_bytree       eta   lambda max_depth
INFO  [20:03:35.980] [bbotk]  -6.387711         0.8678068        0.9930872 -2.313876 4.199554         2
INFO  [20:03:35.980] [bbotk]  nrounds subsample      acq_ei  x_domain .already_evaluated classif.bbrier
INFO  [20:03:35.980] [bbotk]     4510 0.5200408 0.002069998 <list[8]>              FALSE     0.09457955
INFO  [20:03:35.980] [bbotk]  warnings errors runtime_learners                                uhash
INFO  [20:03:35.980] [bbotk]         0      0           54.311 d7e6265f-9fa0-45ae-9502-d612246b6e60
WARN  [20:03:40.696] [mlr3] train: Stopped because hard maximum generation limit was hit.
INFO  [20:03:47.031] [bbotk] Evaluating 1 configuration(s)
INFO  [20:05:29.036] [bbotk] Result of batch 30:
INFO  [20:05:29.079] [bbotk]      alpha colsample_bylevel colsample_bytree      eta    lambda max_depth
INFO  [20:05:29.079] [bbotk]  0.3064058         0.5824616        0.9935944 -4.18127 -4.701458        19
INFO  [20:05:29.079] [bbotk]  nrounds subsample      acq_ei  x_domain .already_evaluated classif.bbrier
INFO  [20:05:29.079] [bbotk]     4405  0.404496 0.001287293 <list[8]>              FALSE     0.07851461
INFO  [20:05:29.079] [bbotk]  warnings errors runtime_learners                                uhash
INFO  [20:05:29.079] [bbotk]         0      0          101.401 6646827f-b901-4db9-88fd-cd451fac925e
INFO  [20:05:42.913] [bbotk] Evaluating 1 configuration(s)
INFO  [20:08:42.440] [bbotk] Result of batch 31:
INFO  [20:08:42.448] [bbotk]      alpha colsample_bylevel colsample_bytree       eta    lambda max_depth
INFO  [20:08:42.448] [bbotk]  -1.012865          0.794368        0.9215699 -5.376976 -4.394756        16
INFO  [20:08:42.448] [bbotk]  nrounds subsample      acq_ei  x_domain .already_evaluated classif.bbrier
INFO  [20:08:42.448] [bbotk]     4016 0.6604391 0.002384196 <list[8]>              FALSE      0.0749949
INFO  [20:08:42.448] [bbotk]  warnings errors runtime_learners                                uhash
INFO  [20:08:42.448] [bbotk]         0      0          179.238 e021e399-bc91-4286-a95b-880cff4787e0
INFO  [20:08:51.878] [bbotk] Evaluating 1 configuration(s)
INFO  [20:11:15.458] [bbotk] Result of batch 32:
INFO  [20:11:15.464] [bbotk]     alpha colsample_bylevel colsample_bytree       eta     lambda max_depth
INFO  [20:11:15.464] [bbotk]  -2.18449          0.761838        0.9554471 -4.971001 -0.6001731        20
INFO  [20:11:15.464] [bbotk]  nrounds subsample      acq_ei  x_domain .already_evaluated classif.bbrier
INFO  [20:11:15.464] [bbotk]     2735 0.8246407 0.002532677 <list[8]>              FALSE     0.07503824
INFO  [20:11:15.464] [bbotk]  warnings errors runtime_learners                                uhash
INFO  [20:11:15.464] [bbotk]         0      0          143.233 e27003e4-9869-493e-b927-a0a45aa13875
INFO  [20:11:23.853] [bbotk] Evaluating 1 configuration(s)
INFO  [20:11:42.003] [bbotk] Result of batch 33:
INFO  [20:11:42.014] [bbotk]      alpha colsample_bylevel colsample_bytree       eta    lambda max_depth
INFO  [20:11:42.014] [bbotk]  -2.246764         0.6234919        0.6010854 -3.125098 -2.634872         2
INFO  [20:11:42.014] [bbotk]  nrounds subsample      acq_ei  x_domain .already_evaluated classif.bbrier
INFO  [20:11:42.014] [bbotk]     2013 0.9991708 0.001317427 <list[8]>              FALSE      0.0975323
INFO  [20:11:42.014] [bbotk]  warnings errors runtime_learners                                uhash
INFO  [20:11:42.014] [bbotk]         0      0           17.732 837e1d41-db01-47b2-a2d1-fb817738b4b3
INFO  [20:11:48.810] [bbotk] Evaluating 1 configuration(s)
INFO  [20:12:59.834] [bbotk] Result of batch 34:
INFO  [20:12:59.850] [bbotk]      alpha colsample_bylevel colsample_bytree       eta    lambda max_depth
INFO  [20:12:59.850] [bbotk]  -5.559461         0.1011567        0.9488163 -4.799243 -1.387246        18
INFO  [20:12:59.850] [bbotk]  nrounds subsample      acq_ei  x_domain .already_evaluated classif.bbrier
INFO  [20:12:59.850] [bbotk]     2202 0.8475267 0.002014157 <list[8]>              FALSE     0.07587519
INFO  [20:12:59.850] [bbotk]  warnings errors runtime_learners                                uhash
INFO  [20:12:59.850] [bbotk]         0      0           70.574 0bac1675-81a9-4b35-8425-ce27cdaef691
WARN  [20:13:03.004] [mlr3] train: Stopped because hard maximum generation limit was hit.
INFO  [20:13:11.641] [bbotk] Evaluating 1 configuration(s)
INFO  [20:14:18.847] [bbotk] Result of batch 35:
INFO  [20:14:18.856] [bbotk]      alpha colsample_bylevel colsample_bytree       eta    lambda max_depth
INFO  [20:14:18.856] [bbotk]  -4.369251         0.3823122        0.9861225 -3.981214 -2.405596        17
INFO  [20:14:18.856] [bbotk]  nrounds subsample      acq_ei  x_domain .already_evaluated classif.bbrier
INFO  [20:14:18.856] [bbotk]     2704 0.5850791 0.002383185 <list[8]>              FALSE      0.0787035
INFO  [20:14:18.856] [bbotk]  warnings errors runtime_learners                                uhash
INFO  [20:14:18.856] [bbotk]         0      0           66.818 692fc021-bbed-4833-8914-bfa55093abc7
WARN  [20:14:21.908] [mlr3] train: Stopped because hard maximum generation limit was hit.
INFO  [20:14:31.024] [bbotk] Evaluating 1 configuration(s)
INFO  [20:15:38.105] [bbotk] Result of batch 36:
INFO  [20:15:38.114] [bbotk]      alpha colsample_bylevel colsample_bytree       eta    lambda max_depth
INFO  [20:15:38.114] [bbotk]  -2.862805         0.1946976        0.9504459 -4.569283 -5.689738        18
INFO  [20:15:38.114] [bbotk]  nrounds subsample      acq_ei  x_domain .already_evaluated classif.bbrier
INFO  [20:15:38.114] [bbotk]     2219 0.9030986 0.002674836 <list[8]>              FALSE     0.07672604
INFO  [20:15:38.114] [bbotk]  warnings errors runtime_learners                                uhash
INFO  [20:15:38.114] [bbotk]         0      0           66.782 4b3ed0ff-a770-46be-ae80-d74297d09699
INFO  [20:15:47.112] [bbotk] Evaluating 1 configuration(s)
INFO  [20:16:49.552] [bbotk] Result of batch 37:
INFO  [20:16:49.571] [bbotk]      alpha colsample_bylevel colsample_bytree       eta    lambda max_depth
INFO  [20:16:49.571] [bbotk]  -6.521571         0.1504606        0.8783398 -4.676944 -5.750517        20
INFO  [20:16:49.571] [bbotk]  nrounds subsample      acq_ei  x_domain .already_evaluated classif.bbrier
INFO  [20:16:49.571] [bbotk]     1472 0.9167187 0.001550241 <list[8]>              FALSE     0.07535234
INFO  [20:16:49.571] [bbotk]  warnings errors runtime_learners                                uhash
INFO  [20:16:49.571] [bbotk]         0      0           61.719 3dc461b6-981a-44ef-81df-2ae3a8435626
WARN  [20:16:51.633] [mlr3] train: Stopped because hard maximum generation limit was hit.
INFO  [20:17:01.665] [bbotk] Evaluating 1 configuration(s)
INFO  [20:18:31.656] [bbotk] Result of batch 38:
INFO  [20:18:31.679] [bbotk]      alpha colsample_bylevel colsample_bytree       eta    lambda max_depth
INFO  [20:18:31.679] [bbotk]  -6.725688         0.2106087        0.8526002 -5.406604 -6.304003        19
INFO  [20:18:31.679] [bbotk]  nrounds subsample      acq_ei  x_domain .already_evaluated classif.bbrier
INFO  [20:18:31.679] [bbotk]     3022 0.6328129 0.003483562 <list[8]>              FALSE     0.07529577
INFO  [20:18:31.679] [bbotk]  warnings errors runtime_learners                                uhash
INFO  [20:18:31.679] [bbotk]         0      0           89.422 8e1b593e-d5d1-4a2f-a6e9-dd1674bf0240
WARN  [20:18:34.120] [mlr3] train: Stopped because hard maximum generation limit was hit.
INFO  [20:18:42.682] [bbotk] Evaluating 1 configuration(s)
INFO  [20:19:57.099] [bbotk] Result of batch 39:
INFO  [20:19:57.116] [bbotk]      alpha colsample_bylevel colsample_bytree       eta    lambda max_depth
INFO  [20:19:57.116] [bbotk]  -1.779381          0.321761        0.8911739 -5.234912 -4.185128        20
INFO  [20:19:57.116] [bbotk]  nrounds subsample      acq_ei  x_domain .already_evaluated classif.bbrier
INFO  [20:19:57.116] [bbotk]     2550 0.7410208 0.001508126 <list[8]>              FALSE     0.07517193
INFO  [20:19:57.116] [bbotk]  warnings errors runtime_learners                                uhash
INFO  [20:19:57.116] [bbotk]         0      0           73.738 50a62868-a510-429c-a45e-1bd2ecb4ce76
WARN  [20:20:01.240] [mlr3] train: Stopped because hard maximum generation limit was hit.
INFO  [20:20:08.368] [bbotk] Evaluating 1 configuration(s)
INFO  [20:21:14.018] [bbotk] Result of batch 40:
INFO  [20:21:14.049] [bbotk]     alpha colsample_bylevel colsample_bytree       eta   lambda max_depth
INFO  [20:21:14.049] [bbotk]  -5.40286         0.7663469        0.9096111 -1.547028 6.394475         9
INFO  [20:21:14.049] [bbotk]  nrounds subsample      acq_ei  x_domain .already_evaluated classif.bbrier
INFO  [20:21:14.049] [bbotk]     1858 0.9200007 0.001107586 <list[8]>              FALSE     0.08182553
INFO  [20:21:14.049] [bbotk]  warnings errors runtime_learners                                uhash
INFO  [20:21:14.049] [bbotk]         0      0           65.196 5945f134-f065-4b92-aabe-796ef434b121
WARN  [20:21:15.793] [mlr3] train: Stopped because hard maximum generation limit was hit.
INFO  [20:21:24.598] [bbotk] Evaluating 1 configuration(s)
INFO  [20:22:50.897] [bbotk] Result of batch 41:
INFO  [20:22:50.915] [bbotk]      alpha colsample_bylevel colsample_bytree       eta    lambda max_depth
INFO  [20:22:50.915] [bbotk]  -4.205416         0.5517519        0.8374952 -4.955505 -5.144732        16
INFO  [20:22:50.915] [bbotk]  nrounds subsample      acq_ei  x_domain .already_evaluated classif.bbrier
INFO  [20:22:50.915] [bbotk]     2260  0.840364 0.001809319 <list[8]>              FALSE     0.07556009
INFO  [20:22:50.915] [bbotk]  warnings errors runtime_learners                                uhash
INFO  [20:22:50.915] [bbotk]         0      0           85.858 3ac0d4ed-ba55-4c3a-989b-64a7d4360313
WARN  [20:22:52.927] [mlr3] train: Stopped because hard maximum generation limit was hit.
INFO  [20:23:01.083] [bbotk] Evaluating 1 configuration(s)
INFO  [20:24:06.283] [bbotk] Result of batch 42:
INFO  [20:24:06.327] [bbotk]     alpha colsample_bylevel colsample_bytree       eta    lambda max_depth
INFO  [20:24:06.327] [bbotk]  -5.20431          0.121225        0.7370754 -5.396758 -3.106831        13
INFO  [20:24:06.327] [bbotk]  nrounds subsample      acq_ei  x_domain .already_evaluated classif.bbrier
INFO  [20:24:06.327] [bbotk]     2309 0.9937188 0.001548233 <list[8]>              FALSE      0.0775446
INFO  [20:24:06.327] [bbotk]  warnings errors runtime_learners                                uhash
INFO  [20:24:06.327] [bbotk]         0      0             64.7 c08a1928-234c-47fe-bcfa-4a9192573346
WARN  [20:24:08.682] [mlr3] train: Stopped because hard maximum generation limit was hit.
INFO  [20:24:14.011] [bbotk] Evaluating 1 configuration(s)
INFO  [20:25:11.240] [bbotk] Result of batch 43:
INFO  [20:25:11.249] [bbotk]      alpha colsample_bylevel colsample_bytree       eta   lambda max_depth
INFO  [20:25:11.249] [bbotk]  -2.347721         0.9907585        0.9419531 -2.761522 3.268313        11
INFO  [20:25:11.249] [bbotk]  nrounds subsample      acq_ei  x_domain .already_evaluated classif.bbrier
INFO  [20:25:11.249] [bbotk]     4334 0.1268562 0.001236687 <list[8]>              FALSE     0.08787853
INFO  [20:25:11.249] [bbotk]  warnings errors runtime_learners                                uhash
INFO  [20:25:11.249] [bbotk]         0      0           56.939 6d19429e-de96-4726-93d9-ba227ba7febc
WARN  [20:25:14.089] [mlr3] train: Stopped because hard maximum generation limit was hit.
INFO  [20:25:21.286] [bbotk] Evaluating 1 configuration(s)
INFO  [20:27:46.555] [bbotk] Result of batch 44:
INFO  [20:27:46.567] [bbotk]      alpha colsample_bylevel colsample_bytree       eta    lambda max_depth
INFO  [20:27:46.567] [bbotk]  -6.204833         0.7728926        0.9058516 -5.383005 -0.794628         8
INFO  [20:27:46.567] [bbotk]  nrounds subsample       acq_ei  x_domain .already_evaluated classif.bbrier
INFO  [20:27:46.567] [bbotk]     4854 0.7057637 0.0009435095 <list[8]>              FALSE     0.07655273
INFO  [20:27:46.567] [bbotk]  warnings errors runtime_learners                                uhash
INFO  [20:27:46.567] [bbotk]         0      0           144.93 f53c43ff-e973-4397-99fd-31625cd63026
WARN  [20:27:47.729] [mlr3] train: Stopped because hard maximum generation limit was hit.
INFO  [20:27:53.229] [bbotk] Evaluating 1 configuration(s)
INFO  [20:28:44.785] [bbotk] Result of batch 45:
INFO  [20:28:44.795] [bbotk]     alpha colsample_bylevel colsample_bytree       eta   lambda max_depth
INFO  [20:28:44.795] [bbotk]  -5.48048         0.9468342        0.9629909 -2.119082 4.266303        20
INFO  [20:28:44.795] [bbotk]  nrounds subsample      acq_ei  x_domain .already_evaluated classif.bbrier
INFO  [20:28:44.795] [bbotk]     1405 0.9435516 0.001060393 <list[8]>              FALSE     0.07712684
INFO  [20:28:44.795] [bbotk]  warnings errors runtime_learners                                uhash
INFO  [20:28:44.795] [bbotk]         0      0           50.924 06da18ca-60ec-4ad5-952b-ce01d6ec2076
WARN  [20:28:50.873] [mlr3] train: Stopped because hard maximum generation limit was hit.
INFO  [20:28:56.018] [bbotk] Evaluating 1 configuration(s)
INFO  [20:30:03.750] [bbotk] Result of batch 46:
INFO  [20:30:03.774] [bbotk]      alpha colsample_bylevel colsample_bytree      eta    lambda max_depth
INFO  [20:30:03.774] [bbotk]  -4.907701         0.9284753        0.9715041 -2.48019 0.2759619        18
INFO  [20:30:03.774] [bbotk]  nrounds subsample      acq_ei  x_domain .already_evaluated classif.bbrier
INFO  [20:30:03.774] [bbotk]     2245 0.9569331 0.001173433 <list[8]>              FALSE     0.08134657
INFO  [20:30:03.774] [bbotk]  warnings errors runtime_learners                                uhash
INFO  [20:30:03.774] [bbotk]         0      0           67.288 06eda2c6-0c02-49f8-a8a9-1252554a7ff0
WARN  [20:30:06.487] [mlr3] train: Stopped because hard maximum generation limit was hit.
INFO  [20:30:11.775] [bbotk] Evaluating 1 configuration(s)
INFO  [20:31:38.426] [bbotk] Result of batch 47:
INFO  [20:31:38.435] [bbotk]      alpha colsample_bylevel colsample_bytree       eta    lambda max_depth
INFO  [20:31:38.435] [bbotk]  -5.852773         0.3888396        0.8433984 -5.384339 -5.439087        20
INFO  [20:31:38.435] [bbotk]  nrounds subsample    acq_ei  x_domain .already_evaluated classif.bbrier
INFO  [20:31:38.435] [bbotk]     2939 0.8850312 0.0017523 <list[8]>              FALSE     0.07534914
INFO  [20:31:38.435] [bbotk]  warnings errors runtime_learners                                uhash
INFO  [20:31:38.435] [bbotk]         0      0           86.334 382a4a51-3376-4115-9160-e8c63a5d05b0
WARN  [20:31:46.298] [mlr3] train: Stopped because hard maximum generation limit was hit.
INFO  [20:31:52.783] [bbotk] Evaluating 1 configuration(s)
INFO  [20:32:53.300] [bbotk] Result of batch 48:
INFO  [20:32:53.340] [bbotk]       alpha colsample_bylevel colsample_bytree       eta   lambda max_depth
INFO  [20:32:53.340] [bbotk]  -0.3917395         0.5175723        0.9132351 -4.176005 0.974131        15
INFO  [20:32:53.340] [bbotk]  nrounds subsample      acq_ei  x_domain .already_evaluated classif.bbrier
INFO  [20:32:53.340] [bbotk]     1637 0.9371086 0.002138269 <list[8]>              FALSE     0.07490788
INFO  [20:32:53.340] [bbotk]  warnings errors runtime_learners                                uhash
INFO  [20:32:53.340] [bbotk]         0      0           59.527 849c17e9-18db-4fa4-943e-c705bbf462a9
WARN  [20:32:57.500] [mlr3] train: Stopped because hard maximum generation limit was hit.
INFO  [20:33:03.595] [bbotk] Evaluating 1 configuration(s)
INFO  [20:33:34.767] [bbotk] Result of batch 49:
INFO  [20:33:34.777] [bbotk]      alpha colsample_bylevel colsample_bytree       eta  lambda max_depth
INFO  [20:33:34.777] [bbotk]  -5.824444         0.9872966        0.9124702 -2.706524 1.44483        14
INFO  [20:33:34.777] [bbotk]  nrounds subsample      acq_ei  x_domain .already_evaluated classif.bbrier
INFO  [20:33:34.777] [bbotk]     1156 0.5149522 0.001397629 <list[8]>              FALSE     0.07806859
INFO  [20:33:34.777] [bbotk]  warnings errors runtime_learners                                uhash
INFO  [20:33:34.777] [bbotk]         0      0           30.868 038cd826-7303-45a4-85b8-2889afdce0b4
WARN  [20:33:37.831] [mlr3] train: Stopped because hard maximum generation limit was hit.
INFO  [20:33:43.715] [bbotk] Evaluating 1 configuration(s)
INFO  [20:34:03.390] [bbotk] Result of batch 50:
INFO  [20:34:03.397] [bbotk]      alpha colsample_bylevel colsample_bytree       eta   lambda max_depth
INFO  [20:34:03.397] [bbotk]  -3.393594         0.6583857        0.9277897 -3.219643 3.292666        19
INFO  [20:34:03.397] [bbotk]  nrounds subsample      acq_ei  x_domain .already_evaluated classif.bbrier
INFO  [20:34:03.397] [bbotk]      596 0.7927011 0.001521398 <list[8]>              FALSE     0.08059707
INFO  [20:34:03.397] [bbotk]  warnings errors runtime_learners                                uhash
INFO  [20:34:03.397] [bbotk]         0      0            19.22 af3ca234-f76d-4035-8129-13186be92f38
WARN  [20:34:10.267] [mlr3] train: Stopped because hard maximum generation limit was hit.
INFO  [20:34:16.236] [bbotk] Evaluating 1 configuration(s)
INFO  [20:35:00.055] [bbotk] Result of batch 51:
INFO  [20:35:00.063] [bbotk]      alpha colsample_bylevel colsample_bytree       eta   lambda max_depth
INFO  [20:35:00.063] [bbotk]  -2.461626         0.5415636        0.9688095 -3.395097 6.745402        14
INFO  [20:35:00.063] [bbotk]  nrounds subsample     acq_ei  x_domain .already_evaluated classif.bbrier
INFO  [20:35:00.063] [bbotk]     1838 0.8119421 0.00177174 <list[8]>              FALSE      0.1032731
INFO  [20:35:00.063] [bbotk]  warnings errors runtime_learners                                uhash
INFO  [20:35:00.063] [bbotk]         0      0           43.527 a44f7e12-8cd1-4dfc-8cad-f1bb84aa972a
INFO  [20:35:09.584] [bbotk] Evaluating 1 configuration(s)
INFO  [20:35:25.818] [bbotk] Result of batch 52:
INFO  [20:35:25.825] [bbotk]      alpha colsample_bylevel colsample_bytree       eta     lambda max_depth
INFO  [20:35:25.825] [bbotk]  -5.119006         0.5619521        0.8835541 -2.162282 -0.3717354        16
INFO  [20:35:25.825] [bbotk]  nrounds subsample      acq_ei  x_domain .already_evaluated classif.bbrier
INFO  [20:35:25.825] [bbotk]      603 0.9748571 0.003625971 <list[8]>              FALSE     0.07963661
INFO  [20:35:25.825] [bbotk]  warnings errors runtime_learners                                uhash
INFO  [20:35:25.825] [bbotk]         0      0           16.023 faa63312-b206-43e7-8813-d24884d08d79
WARN  [20:35:29.320] [mlr3] train: Stopped because hard maximum generation limit was hit.
INFO  [20:35:35.849] [bbotk] Evaluating 1 configuration(s)
INFO  [20:36:11.070] [bbotk] Result of batch 53:
INFO  [20:36:11.084] [bbotk]      alpha colsample_bylevel colsample_bytree       eta   lambda max_depth
INFO  [20:36:11.084] [bbotk]  -5.888689         0.6872019        0.8290002 -2.542881 2.976656        13
INFO  [20:36:11.084] [bbotk]  nrounds subsample      acq_ei  x_domain .already_evaluated classif.bbrier
INFO  [20:36:11.084] [bbotk]     1233 0.9551598 0.003352155 <list[8]>              FALSE     0.07734734
INFO  [20:36:11.084] [bbotk]  warnings errors runtime_learners                                uhash
INFO  [20:36:11.084] [bbotk]         0      0           34.877 622c1326-12c4-4c80-9056-3eec24aba9a5
WARN  [20:36:14.781] [mlr3] train: Stopped because hard maximum generation limit was hit.
INFO  [20:36:20.206] [bbotk] Evaluating 1 configuration(s)
INFO  [20:36:34.889] [bbotk] Result of batch 54:
INFO  [20:36:34.907] [bbotk]      alpha colsample_bylevel colsample_bytree        eta   lambda max_depth
INFO  [20:36:34.907] [bbotk]  -6.593028         0.6243394        0.9762812 -0.2285531 2.751929        11
INFO  [20:36:34.907] [bbotk]  nrounds subsample     acq_ei  x_domain .already_evaluated classif.bbrier
INFO  [20:36:34.907] [bbotk]      875  0.367774 0.00187349 <list[8]>              FALSE     0.09059615
INFO  [20:36:34.907] [bbotk]  warnings errors runtime_learners                                uhash
INFO  [20:36:34.907] [bbotk]         0      0           14.276 de1459a7-b797-44ed-81dc-0db20f4084b1
INFO  [20:36:43.160] [bbotk] Evaluating 1 configuration(s)
INFO  [20:37:12.585] [bbotk] Result of batch 55:
INFO  [20:37:12.592] [bbotk]      alpha colsample_bylevel colsample_bytree       eta    lambda max_depth
INFO  [20:37:12.592] [bbotk]  -4.548957         0.8381899        0.9989827 -1.600195 0.8526107        13
INFO  [20:37:12.592] [bbotk]  nrounds subsample      acq_ei  x_domain .already_evaluated classif.bbrier
INFO  [20:37:12.592] [bbotk]      837 0.9410016 0.002463693 <list[8]>              FALSE     0.08244773
INFO  [20:37:12.592] [bbotk]  warnings errors runtime_learners                                uhash
INFO  [20:37:12.592] [bbotk]         0      0           28.848 0d2eb7a5-8912-4331-a10b-1a948068f047
WARN  [20:37:17.710] [mlr3] train: Stopped because hard maximum generation limit was hit.
INFO  [20:37:23.483] [bbotk] Evaluating 1 configuration(s)
INFO  [20:38:14.234] [bbotk] Result of batch 56:
INFO  [20:38:14.247] [bbotk]        alpha colsample_bylevel colsample_bytree       eta   lambda max_depth
INFO  [20:38:14.247] [bbotk]  -0.03614431         0.7023325        0.9336293 -3.618051 1.180862        18
INFO  [20:38:14.247] [bbotk]  nrounds subsample      acq_ei  x_domain .already_evaluated classif.bbrier
INFO  [20:38:14.247] [bbotk]     1858 0.8659558 0.002152389 <list[8]>              FALSE     0.07554095
INFO  [20:38:14.247] [bbotk]  warnings errors runtime_learners                                uhash
INFO  [20:38:14.247] [bbotk]         0      0           50.239 5edd8455-5542-4126-8977-b825e445b2d7
INFO  [20:38:24.210] [bbotk] Evaluating 1 configuration(s)
INFO  [20:39:28.862] [bbotk] Result of batch 57:
INFO  [20:39:28.878] [bbotk]     alpha colsample_bylevel colsample_bytree       eta    lambda max_depth
INFO  [20:39:28.878] [bbotk]  -1.51033         0.5333579         0.870752 -4.917559 -4.053694        20
INFO  [20:39:28.878] [bbotk]  nrounds subsample      acq_ei  x_domain .already_evaluated classif.bbrier
INFO  [20:39:28.878] [bbotk]     1808 0.9830671 0.001892874 <list[8]>              FALSE     0.07443693
INFO  [20:39:28.878] [bbotk]  warnings errors runtime_learners                                uhash
INFO  [20:39:28.878] [bbotk]         0      0           64.384 c254ded5-a9e2-41ed-bd7a-702564665af3
WARN  [20:39:34.688] [mlr3] train: Stopped because hard maximum generation limit was hit.
INFO  [20:39:43.430] [bbotk] Evaluating 1 configuration(s)
INFO  [20:42:00.488] [bbotk] Result of batch 58:
INFO  [20:42:00.512] [bbotk]     alpha colsample_bylevel colsample_bytree       eta     lambda max_depth
INFO  [20:42:00.512] [bbotk]  -4.26502         0.9044769        0.6360878 -5.299834 -0.4799436        10
INFO  [20:42:00.512] [bbotk]  nrounds subsample      acq_ei  x_domain .already_evaluated classif.bbrier
INFO  [20:42:00.512] [bbotk]     4714 0.9028219 0.001962308 <list[8]>              FALSE     0.07845909
INFO  [20:42:00.512] [bbotk]  warnings errors runtime_learners                                uhash
INFO  [20:42:00.512] [bbotk]         0      0          136.551 a7b07aa8-f085-40d3-b8d4-41f05ce7f67b
WARN  [20:42:06.080] [mlr3] train: Stopped because hard maximum generation limit was hit.
INFO  [20:42:11.269] [bbotk] Evaluating 1 configuration(s)
INFO  [20:42:45.038] [bbotk] Result of batch 59:
INFO  [20:42:45.056] [bbotk]      alpha colsample_bylevel colsample_bytree       eta     lambda max_depth
INFO  [20:42:45.056] [bbotk]  -2.822159         0.3459577        0.9672148 -4.281181 -0.4384466        18
INFO  [20:42:45.056] [bbotk]  nrounds subsample      acq_ei  x_domain .already_evaluated classif.bbrier
INFO  [20:42:45.056] [bbotk]     1118 0.9455775 0.002372169 <list[8]>              FALSE     0.07554131
INFO  [20:42:45.056] [bbotk]  warnings errors runtime_learners                                uhash
INFO  [20:42:45.056] [bbotk]         0      0           33.197 673de770-f726-4add-9768-968ad895544a
WARN  [20:42:47.920] [mlr3] train: Stopped because hard maximum generation limit was hit.
INFO  [20:42:53.526] [bbotk] Evaluating 1 configuration(s)
INFO  [20:45:28.556] [bbotk] Result of batch 60:
INFO  [20:45:28.604] [bbotk]      alpha colsample_bylevel colsample_bytree       eta  lambda max_depth
INFO  [20:45:28.604] [bbotk]  -5.080868         0.6095581        0.8690148 -5.994668 -3.1545        17
INFO  [20:45:28.604] [bbotk]  nrounds subsample      acq_ei  x_domain .already_evaluated classif.bbrier
INFO  [20:45:28.604] [bbotk]     4604 0.8116494 0.001562311 <list[8]>              FALSE     0.07419563
INFO  [20:45:28.604] [bbotk]  warnings errors runtime_learners                                uhash
INFO  [20:45:28.604] [bbotk]         0      0          154.497 1d00cc44-23ed-4b17-8aeb-190b3a379e0c
WARN  [20:45:32.588] [mlr3] train: Stopped because hard maximum generation limit was hit.
INFO  [20:45:37.922] [bbotk] Evaluating 1 configuration(s)
INFO  [20:46:18.394] [bbotk] Result of batch 61:
INFO  [20:46:18.403] [bbotk]      alpha colsample_bylevel colsample_bytree       eta  lambda max_depth
INFO  [20:46:18.403] [bbotk]  -6.641704         0.9515157        0.8821788 -1.152834 2.84295        17
INFO  [20:46:18.403] [bbotk]  nrounds subsample      acq_ei  x_domain .already_evaluated classif.bbrier
INFO  [20:46:18.403] [bbotk]     1957 0.5175752 0.002554848 <list[8]>              FALSE     0.08448253
INFO  [20:46:18.403] [bbotk]  warnings errors runtime_learners                                uhash
INFO  [20:46:18.403] [bbotk]         0      0           40.128 10ee28b2-d7d2-4727-93e1-48e28ea25675
WARN  [20:46:25.339] [mlr3] train: Stopped because hard maximum generation limit was hit.
INFO  [20:46:30.432] [bbotk] Evaluating 1 configuration(s)
INFO  [20:46:44.860] [bbotk] Result of batch 62:
INFO  [20:46:44.871] [bbotk]    alpha colsample_bylevel colsample_bytree        eta   lambda max_depth
INFO  [20:46:44.871] [bbotk]  -6.1592         0.9642538        0.7739073 -0.1493311 5.967604         1
INFO  [20:46:44.871] [bbotk]  nrounds subsample      acq_ei  x_domain .already_evaluated classif.bbrier
INFO  [20:46:44.871] [bbotk]     1726  0.667397 0.001887653 <list[8]>              FALSE      0.1171445
INFO  [20:46:44.871] [bbotk]  warnings errors runtime_learners                                uhash
INFO  [20:46:44.871] [bbotk]         0      0           14.208 d193ca97-a777-493a-9038-43f9c35196bd
WARN  [20:46:50.093] [mlr3] train: Stopped because hard maximum generation limit was hit.
INFO  [20:46:57.888] [bbotk] Evaluating 1 configuration(s)
INFO  [20:47:22.107] [bbotk] Result of batch 63:
INFO  [20:47:22.133] [bbotk]      alpha colsample_bylevel colsample_bytree       eta   lambda max_depth
INFO  [20:47:22.133] [bbotk]  -6.313519         0.6032877        0.9142638 -1.622069 2.027523        12
INFO  [20:47:22.133] [bbotk]  nrounds subsample      acq_ei  x_domain .already_evaluated classif.bbrier
INFO  [20:47:22.133] [bbotk]     1549 0.3632142 0.002315613 <list[8]>              FALSE     0.08316368
INFO  [20:47:22.133] [bbotk]  warnings errors runtime_learners                                uhash
INFO  [20:47:22.133] [bbotk]         0      0           23.771 6dac8f04-fef4-41bf-a27e-4c6ed14239f8
INFO  [20:47:35.048] [bbotk] Evaluating 1 configuration(s)
INFO  [20:47:56.267] [bbotk] Result of batch 64:
INFO  [20:47:56.298] [bbotk]      alpha colsample_bylevel colsample_bytree       eta   lambda max_depth
INFO  [20:47:56.298] [bbotk]  -6.777323         0.2129872        0.9674234 -2.977414 2.677701        16
INFO  [20:47:56.298] [bbotk]  nrounds subsample      acq_ei  x_domain .already_evaluated classif.bbrier
INFO  [20:47:56.298] [bbotk]      912 0.9304707 0.001843605 <list[8]>              FALSE     0.07742394
INFO  [20:47:56.298] [bbotk]  warnings errors runtime_learners                                uhash
INFO  [20:47:56.298] [bbotk]         0      0           20.859 b6e310be-5f57-49f8-8a4c-da0ea77c05c7
WARN  [20:47:59.336] [mlr3] train: Stopped because hard maximum generation limit was hit.
INFO  [20:48:05.471] [bbotk] Evaluating 1 configuration(s)
INFO  [20:49:44.680] [bbotk] Result of batch 65:
INFO  [20:49:44.691] [bbotk]      alpha colsample_bylevel colsample_bytree       eta    lambda max_depth
INFO  [20:49:44.691] [bbotk]  -1.184702         0.5815364        0.8138474 -5.237403 -6.230925        18
INFO  [20:49:44.691] [bbotk]  nrounds subsample      acq_ei  x_domain .already_evaluated classif.bbrier
INFO  [20:49:44.691] [bbotk]     3506 0.5964767 0.001053653 <list[8]>              FALSE     0.07534496
INFO  [20:49:44.691] [bbotk]  warnings errors runtime_learners                                uhash
INFO  [20:49:44.691] [bbotk]         0      0           98.767 fc7063b8-5458-442d-a4dd-00d0e3346a86
WARN  [20:49:49.403] [mlr3] train: Stopped because hard maximum generation limit was hit.
INFO  [20:49:56.760] [bbotk] Evaluating 1 configuration(s)
INFO  [20:51:42.032] [bbotk] Result of batch 66:
INFO  [20:51:42.075] [bbotk]      alpha colsample_bylevel colsample_bytree       eta  lambda max_depth
INFO  [20:51:42.075] [bbotk]  0.5421594         0.7991853        0.7966516 -4.755291 1.72731        14
INFO  [20:51:42.075] [bbotk]  nrounds subsample     acq_ei  x_domain .already_evaluated classif.bbrier
INFO  [20:51:42.075] [bbotk]     3545 0.9857693 0.00105315 <list[8]>              FALSE      0.0785225
INFO  [20:51:42.075] [bbotk]  warnings errors runtime_learners                                uhash
INFO  [20:51:42.075] [bbotk]         0      0          104.709 5aa36ba2-6fce-49e3-8dc4-fc393c31eb58
WARN  [20:51:47.340] [mlr3] train: Stopped because hard maximum generation limit was hit.
INFO  [20:51:52.815] [bbotk] Evaluating 1 configuration(s)
INFO  [20:52:12.454] [bbotk] Result of batch 67:
INFO  [20:52:12.463] [bbotk]      alpha colsample_bylevel colsample_bytree       eta   lambda max_depth
INFO  [20:52:12.463] [bbotk]  -6.236643         0.1070298        0.8821503 -1.775447 3.171205         9
INFO  [20:52:12.463] [bbotk]  nrounds subsample      acq_ei  x_domain .already_evaluated classif.bbrier
INFO  [20:52:12.463] [bbotk]     1094 0.9552342 0.001209319 <list[8]>              FALSE     0.07988352
INFO  [20:52:12.463] [bbotk]  warnings errors runtime_learners                                uhash
INFO  [20:52:12.463] [bbotk]         0      0           19.305 1f9c45fc-625a-4bdd-8124-84c6fca1aefd
WARN  [20:52:20.485] [mlr3] train: Stopped because hard maximum generation limit was hit.
INFO  [20:52:26.843] [bbotk] Evaluating 1 configuration(s)
INFO  [20:53:20.256] [bbotk] Result of batch 68:
INFO  [20:53:20.267] [bbotk]     alpha colsample_bylevel colsample_bytree       eta    lambda max_depth
INFO  [20:53:20.267] [bbotk]  -1.88554         0.9969299        0.9910121 -3.887255 -2.096502        19
INFO  [20:53:20.267] [bbotk]  nrounds subsample      acq_ei  x_domain .already_evaluated classif.bbrier
INFO  [20:53:20.267] [bbotk]     1879 0.7011325 0.002050966 <list[8]>              FALSE     0.07755443
INFO  [20:53:20.267] [bbotk]  warnings errors runtime_learners                                uhash
INFO  [20:53:20.267] [bbotk]         0      0           53.076 0934f365-361b-42b4-8f1d-98a02723c06e
WARN  [20:53:24.246] [mlr3] train: Stopped because hard maximum generation limit was hit.
INFO  [20:53:30.196] [bbotk] Evaluating 1 configuration(s)
INFO  [20:54:50.950] [bbotk] Result of batch 69:
INFO  [20:54:51.002] [bbotk]       alpha colsample_bylevel colsample_bytree       eta    lambda max_depth
INFO  [20:54:51.002] [bbotk]  -0.6523367          0.788009        0.9789677 -4.122212 0.4705827        15
INFO  [20:54:51.002] [bbotk]  nrounds subsample      acq_ei  x_domain .already_evaluated classif.bbrier
INFO  [20:54:51.002] [bbotk]     2466 0.9598871 0.001148969 <list[8]>              FALSE     0.07562141
INFO  [20:54:51.002] [bbotk]  warnings errors runtime_learners                                uhash
INFO  [20:54:51.002] [bbotk]         0      0           80.338 fe68e7c8-b37d-490b-a456-63e5c84aff62
WARN  [20:54:54.928] [mlr3] train: Stopped because hard maximum generation limit was hit.
INFO  [20:54:55.026] [bbotk] Finished optimizing after 100 evaluation(s)
INFO  [20:54:55.027] [bbotk] Result:
INFO  [20:54:55.033] [bbotk]       alpha colsample_bylevel colsample_bytree      eta   lambda max_depth
INFO  [20:54:55.033] [bbotk]       <num>             <num>            <num>    <num>    <num>     <int>
INFO  [20:54:55.033] [bbotk]  -0.6376961         0.7396147        0.9782779 -5.06017 -6.37198        19
INFO  [20:54:55.033] [bbotk]  nrounds subsample learner_param_vals  x_domain classif.bbrier
INFO  [20:54:55.033] [bbotk]    <int>     <num>             <list>    <list>          <num>
INFO  [20:54:55.033] [bbotk]     2444 0.7844762         <list[10]> <list[8]>     0.07413755

### [bt]: Job terminated successfully [batchtools job.id=1761]
### [bt]: Calculation finished!
