### [bt]: This is batchtools v0.9.17
### [bt]: Starting calculation of 1 jobs
### [bt]: Setting working directory to '/content/drive/MyDrive/GitHub/Mater_Thesis_Calibration'
Loading required package: mlr3verse
Loading required package: mlr3

Attaching package: ‘dplyr’

The following object is masked from ‘package:MASS’:

    select

The following object is masked from ‘package:mlr3misc’:

    cross_join

The following objects are masked from ‘package:stats’:

    filter, lag

The following objects are masked from ‘package:base’:

    intersect, setdiff, setequal, union


Attaching package: ‘batchtools’

The following object is masked from ‘package:mlr3misc’:

    chunk

Loading required package: randomForest
randomForest 4.7-1.2
Type rfNews() to see new features/changes/bug fixes.

Attaching package: ‘randomForest’

The following object is masked from ‘package:dplyr’:

    combine

The following object is masked from ‘package:ggplot2’:

    margin

Loading required package: ranger

Attaching package: ‘ranger’

The following object is masked from ‘package:randomForest’:

    importance

Loading required package: palmerpenguins
ece.R :
Friedmann_tasks.R :
Functions.R :
ici.R :
mse_feature_effects.R :
PipeOpCalibration_TuningExperiment.R :
PipeOpCalibration.R :
PipeOpCalibrationUnion.R :
### [bt]: Memory measurement disabled
### [bt]: Starting job [batchtools job.id=1444]
### [bt]: Generating problem instance for problem 'a6b2cabd9f84c607' ...
### [bt]: Applying algorithm 'run_learner' on problem 'a6b2cabd9f84c607' for job 1444 (seed = 1567) ...
INFO  [17:47:57.951] [mlr3] Applying learner 'glmnet TbC beta' on task 'phoneme' (iter 4/10)
INFO  [17:48:22.370] [bbotk] Starting to optimize 2 parameter(s) with '<OptimizerMbo>' and '<TerminatorEvals> [n_evals=100, k=0]'
INFO  [17:48:40.567] [bbotk] Evaluating 8 configuration(s)
INFO  [17:48:45.673] [bbotk] Result of batch 1:
INFO  [17:48:45.696] [bbotk]      alpha          s classif.bbrier warnings errors runtime_learners
INFO  [17:48:45.696] [bbotk]  0.6860521  8.3081152      0.2077673        0      0            1.494
INFO  [17:48:45.696] [bbotk]  0.1860521 -0.9022257      0.1906349        0      0            0.112
INFO  [17:48:45.696] [bbotk]  0.4360521  3.7029450      0.2077673        0      0            0.164
INFO  [17:48:45.696] [bbotk]  0.9360521 -5.5073956      0.1585570        0      0            0.161
INFO  [17:48:45.696] [bbotk]  0.5610521 -3.2048108      0.1604993        0      0            0.168
INFO  [17:48:45.696] [bbotk]  0.0610521  6.0055301      0.2077673        0      0            0.149
INFO  [17:48:45.696] [bbotk]  0.3110521 -7.8099808      0.1586693        0      0            0.100
INFO  [17:48:45.696] [bbotk]  0.8110521  1.4003600      0.2077673        0      0            0.114
INFO  [17:48:45.696] [bbotk]                                 uhash
INFO  [17:48:45.696] [bbotk]  62a6946d-6624-4f9a-b6f2-d774f7fa7ad2
INFO  [17:48:45.696] [bbotk]  176677e9-9421-400e-8701-0bcb5c617b65
INFO  [17:48:45.696] [bbotk]  69c3b591-f358-422c-80c8-b061535d2326
INFO  [17:48:45.696] [bbotk]  30c6b494-20d5-4f16-b7cb-9192b84ae127
INFO  [17:48:45.696] [bbotk]  c20d9a60-7840-4363-a38e-22759dd5f89e
INFO  [17:48:45.696] [bbotk]  c62e60d2-8d66-40b2-a88a-e96c4fdb06f4
INFO  [17:48:45.696] [bbotk]  88eaab28-e450-4ee1-8bbd-04e810539634
INFO  [17:48:45.696] [bbotk]  c315ff58-1c4e-4eed-a220-d8aab99bbc1b
INFO  [17:48:49.454] [bbotk] Evaluating 1 configuration(s)
INFO  [17:48:49.859] [bbotk] Result of batch 2:
INFO  [17:48:49.880] [bbotk]      alpha         s      acq_ei  x_domain .already_evaluated classif.bbrier
INFO  [17:48:49.880] [bbotk]  0.1553617 -5.174636 0.005070532 <list[2]>              FALSE      0.1585566
INFO  [17:48:49.880] [bbotk]  warnings errors runtime_learners                                uhash
INFO  [17:48:49.880] [bbotk]         0      0            0.191 08fa52e5-c4a2-45b1-9291-faab79cdfc33
INFO  [17:48:51.756] [bbotk] Evaluating 1 configuration(s)
INFO  [17:48:52.155] [bbotk] Result of batch 3:
INFO  [17:48:52.190] [bbotk]      alpha         s      acq_ei  x_domain .already_evaluated classif.bbrier
INFO  [17:48:52.190] [bbotk]  0.6221285 -4.545879 0.002348281 <list[2]>              FALSE      0.1584909
INFO  [17:48:52.190] [bbotk]  warnings errors runtime_learners                                uhash
INFO  [17:48:52.190] [bbotk]         0      0            0.215 2db6e7b7-673e-4b04-a75c-7be616184d78
INFO  [17:48:54.345] [bbotk] Evaluating 1 configuration(s)
INFO  [17:48:54.790] [bbotk] Result of batch 4:
INFO  [17:48:54.811] [bbotk]      alpha         s      acq_ei  x_domain .already_evaluated classif.bbrier
INFO  [17:48:54.811] [bbotk]  0.4849144 -6.467952 0.001768335 <list[2]>              FALSE      0.1586679
INFO  [17:48:54.811] [bbotk]  warnings errors runtime_learners                                uhash
INFO  [17:48:54.811] [bbotk]         0      0            0.184 caf03db1-6949-42d9-83c1-9afac4ada31a
INFO  [17:48:57.492] [bbotk] Evaluating 1 configuration(s)
INFO  [17:48:58.116] [bbotk] Result of batch 5:
INFO  [17:48:58.185] [bbotk]      alpha         s      acq_ei  x_domain .already_evaluated classif.bbrier
INFO  [17:48:58.185] [bbotk]  0.9868241 -9.139881 0.001455331 <list[2]>              FALSE      0.1586772
INFO  [17:48:58.185] [bbotk]  warnings errors runtime_learners                                uhash
INFO  [17:48:58.185] [bbotk]         0      0            0.205 c24bbf33-d003-4769-84db-2ebe1fb16f59
INFO  [17:48:59.986] [bbotk] Evaluating 1 configuration(s)
INFO  [17:49:00.893] [bbotk] Result of batch 6:
INFO  [17:49:00.921] [bbotk]      alpha         s      acq_ei  x_domain .already_evaluated classif.bbrier
INFO  [17:49:00.921] [bbotk]  0.9947139 -7.914642 0.001284934 <list[2]>              FALSE      0.1586776
INFO  [17:49:00.921] [bbotk]  warnings errors runtime_learners                                uhash
INFO  [17:49:00.921] [bbotk]         0      0            0.489 6b6c76cc-ce3f-45c3-aae7-44d655d9ed84
INFO  [17:49:03.040] [bbotk] Evaluating 1 configuration(s)
INFO  [17:49:04.029] [bbotk] Result of batch 7:
INFO  [17:49:04.089] [bbotk]        alpha         s       acq_ei  x_domain .already_evaluated classif.bbrier
INFO  [17:49:04.089] [bbotk]  0.006316336 -9.141328 0.0008066695 <list[2]>              FALSE       0.158662
INFO  [17:49:04.089] [bbotk]  warnings errors runtime_learners                                uhash
INFO  [17:49:04.089] [bbotk]         0      0            0.587 c26e14b5-c196-4d24-9136-b9f12f324faa
INFO  [17:49:07.047] [bbotk] Evaluating 1 configuration(s)
INFO  [17:49:07.625] [bbotk] Result of batch 8:
INFO  [17:49:07.646] [bbotk]    alpha         s       acq_ei  x_domain .already_evaluated classif.bbrier
INFO  [17:49:07.646] [bbotk]  0.99868 -3.928288 0.0007520419 <list[2]>              FALSE      0.1592156
INFO  [17:49:07.646] [bbotk]  warnings errors runtime_learners                                uhash
INFO  [17:49:07.646] [bbotk]         0      0            0.254 226fb470-f594-4bc8-9d8f-d6ff6d25377a
INFO  [17:49:09.659] [bbotk] Evaluating 1 configuration(s)
INFO  [17:49:10.448] [bbotk] Result of batch 9:
INFO  [17:49:10.588] [bbotk]      alpha         s      acq_ei  x_domain .already_evaluated classif.bbrier
INFO  [17:49:10.588] [bbotk]  0.4932051 -9.069938 0.000579854 <list[2]>              FALSE       0.158669
INFO  [17:49:10.588] [bbotk]  warnings errors runtime_learners                                uhash
INFO  [17:49:10.588] [bbotk]         0      0            0.403 89d67090-4bef-4a5e-bb9d-6d8a08b9b047
INFO  [17:49:13.208] [bbotk] Evaluating 1 configuration(s)
INFO  [17:49:14.381] [bbotk] Result of batch 10:
INFO  [17:49:14.411] [bbotk]       alpha         s      acq_ei  x_domain .already_evaluated classif.bbrier
INFO  [17:49:14.411] [bbotk]  0.01952681 -4.012908 0.000328795 <list[2]>              FALSE      0.1584361
INFO  [17:49:14.411] [bbotk]  warnings errors runtime_learners                                uhash
INFO  [17:49:14.411] [bbotk]         0      0            0.618 1cd65b74-fdfa-4251-9cd5-4859f26dbd4f
INFO  [17:49:16.731] [bbotk] Evaluating 1 configuration(s)
INFO  [17:49:17.564] [bbotk] Result of batch 11:
INFO  [17:49:17.618] [bbotk]      alpha         s       acq_ei  x_domain .already_evaluated classif.bbrier
INFO  [17:49:17.618] [bbotk]  0.3191964 -4.138046 0.0002915447 <list[2]>              FALSE      0.1584864
INFO  [17:49:17.618] [bbotk]  warnings errors runtime_learners                                uhash
INFO  [17:49:17.618] [bbotk]         0      0            0.306 1f03575f-7814-43f2-9388-220b262a0c62
INFO  [17:49:20.012] [bbotk] Evaluating 1 configuration(s)
INFO  [17:49:20.839] [bbotk] Result of batch 12:
INFO  [17:49:20.856] [bbotk]        alpha         s       acq_ei  x_domain .already_evaluated classif.bbrier
INFO  [17:49:20.856] [bbotk]  0.005065387 -6.997979 0.0002867303 <list[2]>              FALSE      0.1586422
INFO  [17:49:20.856] [bbotk]  warnings errors runtime_learners                                uhash
INFO  [17:49:20.856] [bbotk]         0      0            0.366 7a9448ea-17e2-4ff8-9bfd-061e51ebbf7f
INFO  [17:49:22.751] [bbotk] Evaluating 1 configuration(s)
INFO  [17:49:24.274] [bbotk] Result of batch 13:
INFO  [17:49:24.291] [bbotk]         alpha         s       acq_ei  x_domain .already_evaluated
INFO  [17:49:24.291] [bbotk]  0.0005067424 -8.400153 0.0002169217 <list[2]>              FALSE
INFO  [17:49:24.291] [bbotk]  classif.bbrier warnings errors runtime_learners
INFO  [17:49:24.291] [bbotk]       0.1584221        0      0            1.101
INFO  [17:49:24.291] [bbotk]                                 uhash
INFO  [17:49:24.291] [bbotk]  76986e5b-c309-4117-a4b5-2618f0f5e341
INFO  [17:49:26.131] [bbotk] Evaluating 1 configuration(s)
INFO  [17:49:27.352] [bbotk] Result of batch 14:
INFO  [17:49:27.404] [bbotk]       alpha         s       acq_ei  x_domain .already_evaluated classif.bbrier
INFO  [17:49:27.404] [bbotk]  0.00554896 -4.472902 0.0001324677 <list[2]>              FALSE      0.1584664
INFO  [17:49:27.404] [bbotk]  warnings errors runtime_learners                                uhash
INFO  [17:49:27.404] [bbotk]         0      0            0.705 e0dcc75b-52b2-4d8d-bdea-bd57011b6b85
INFO  [17:49:29.517] [bbotk] Evaluating 1 configuration(s)
INFO  [17:49:30.610] [bbotk] Result of batch 15:
INFO  [17:49:30.655] [bbotk]      alpha         s       acq_ei  x_domain .already_evaluated classif.bbrier
INFO  [17:49:30.655] [bbotk]  0.7829161 -8.502332 0.0001211296 <list[2]>              FALSE       0.158673
INFO  [17:49:30.655] [bbotk]  warnings errors runtime_learners                                uhash
INFO  [17:49:30.655] [bbotk]         0      0            0.711 5881a971-b9fa-4371-9e51-d9d3b7cbdb49
INFO  [17:49:32.716] [bbotk] Evaluating 1 configuration(s)
INFO  [17:49:33.615] [bbotk] Result of batch 16:
INFO  [17:49:33.710] [bbotk]       alpha         s     acq_ei  x_domain .already_evaluated classif.bbrier
INFO  [17:49:33.710] [bbotk]  0.00209269 -5.881989 0.00010612 <list[2]>              FALSE       0.158524
INFO  [17:49:33.710] [bbotk]  warnings errors runtime_learners                                uhash
INFO  [17:49:33.710] [bbotk]         0      0             0.53 a33a5173-f9d6-4b45-9264-c464228b3a97
INFO  [17:49:35.699] [bbotk] Evaluating 1 configuration(s)
INFO  [17:49:36.615] [bbotk] Result of batch 17:
INFO  [17:49:36.699] [bbotk]      alpha         s       acq_ei  x_domain .already_evaluated classif.bbrier
INFO  [17:49:36.699] [bbotk]  0.1663218 -8.689889 6.954747e-05 <list[2]>              FALSE      0.1586627
INFO  [17:49:36.699] [bbotk]  warnings errors runtime_learners                                uhash
INFO  [17:49:36.699] [bbotk]         0      0            0.309 0efa2130-8dcc-4299-b2bb-673951d2b8a5
INFO  [17:49:39.001] [bbotk] Evaluating 1 configuration(s)
INFO  [17:49:40.193] [bbotk] Result of batch 18:
INFO  [17:49:40.248] [bbotk]      alpha         s       acq_ei  x_domain .already_evaluated classif.bbrier
INFO  [17:49:40.248] [bbotk]  0.6632265 -5.668541 8.381962e-05 <list[2]>              FALSE      0.1585906
INFO  [17:49:40.248] [bbotk]  warnings errors runtime_learners                                uhash
INFO  [17:49:40.248] [bbotk]         0      0            0.709 25251257-ed9e-4024-8ed3-715df95f3061
INFO  [17:49:42.457] [bbotk] Evaluating 1 configuration(s)
INFO  [17:49:43.549] [bbotk] Result of batch 19:
INFO  [17:49:43.603] [bbotk]      alpha         s       acq_ei  x_domain .already_evaluated classif.bbrier
INFO  [17:49:43.603] [bbotk]  0.9862113 -6.484825 5.809534e-05 <list[2]>              FALSE      0.1586632
INFO  [17:49:43.603] [bbotk]  warnings errors runtime_learners                                uhash
INFO  [17:49:43.603] [bbotk]         0      0            0.563 634978b8-98ef-4ab9-a91b-3770dcafb85f
INFO  [17:49:45.588] [bbotk] Evaluating 1 configuration(s)
INFO  [17:49:46.932] [bbotk] Result of batch 20:
INFO  [17:49:47.068] [bbotk]        alpha        s       acq_ei  x_domain .already_evaluated classif.bbrier
INFO  [17:49:47.068] [bbotk]  0.004678051 -7.98841 3.635852e-05 <list[2]>              FALSE      0.1586338
INFO  [17:49:47.068] [bbotk]  warnings errors runtime_learners                                uhash
INFO  [17:49:47.068] [bbotk]         0      0            0.779 66db2d1e-aeb1-4d62-918a-91f683b8209d
INFO  [17:49:49.828] [bbotk] Evaluating 1 configuration(s)
INFO  [17:49:50.999] [bbotk] Result of batch 21:
INFO  [17:49:51.066] [bbotk]        alpha         s       acq_ei  x_domain .already_evaluated classif.bbrier
INFO  [17:49:51.066] [bbotk]  0.001042103 -4.144977 4.418952e-05 <list[2]>              FALSE      0.1584357
INFO  [17:49:51.066] [bbotk]  warnings errors runtime_learners                                uhash
INFO  [17:49:51.066] [bbotk]         0      0             0.66 2d3f54f6-b417-47b5-8b24-8da2f8d19217
WARN  [17:49:51.359] [mlr3] train: Stopped because hard maximum generation limit was hit.
INFO  [17:49:53.521] [bbotk] Evaluating 1 configuration(s)
INFO  [17:49:54.231] [bbotk] Result of batch 22:
INFO  [17:49:54.266] [bbotk]      alpha         s       acq_ei  x_domain .already_evaluated classif.bbrier
INFO  [17:49:54.266] [bbotk]  0.5002612 -4.147319 3.203808e-05 <list[2]>              FALSE      0.1585445
INFO  [17:49:54.266] [bbotk]  warnings errors runtime_learners                                uhash
INFO  [17:49:54.266] [bbotk]         0      0            0.283 1a794c69-3534-474e-adbf-a3659c0c7d2a
INFO  [17:49:56.811] [bbotk] Evaluating 1 configuration(s)
INFO  [17:49:57.832] [bbotk] Result of batch 23:
INFO  [17:49:57.870] [bbotk]     alpha         s       acq_ei  x_domain .already_evaluated classif.bbrier
INFO  [17:49:57.870] [bbotk]  0.864807 -7.207167 4.341862e-05 <list[2]>              FALSE      0.1586779
INFO  [17:49:57.870] [bbotk]  warnings errors runtime_learners                                uhash
INFO  [17:49:57.870] [bbotk]         0      0            0.513 8a7d173e-d4b9-4158-bcda-5107a0057990
WARN  [17:49:58.143] [mlr3] train: Stopped because hard maximum generation limit was hit.
INFO  [17:50:00.480] [bbotk] Evaluating 1 configuration(s)
INFO  [17:50:01.278] [bbotk] Result of batch 24:
INFO  [17:50:01.301] [bbotk]      alpha        s       acq_ei  x_domain .already_evaluated classif.bbrier
INFO  [17:50:01.301] [bbotk]  0.4524903 -4.90856 2.261603e-05 <list[2]>              FALSE      0.1585019
INFO  [17:50:01.301] [bbotk]  warnings errors runtime_learners                                uhash
INFO  [17:50:01.301] [bbotk]         0      0            0.368 91ba6124-0ae2-42f3-aa87-fb74bbbc3aa0
INFO  [17:50:03.700] [bbotk] Evaluating 1 configuration(s)
INFO  [17:50:04.692] [bbotk] Result of batch 25:
INFO  [17:50:04.779] [bbotk]         alpha         s       acq_ei  x_domain .already_evaluated
INFO  [17:50:04.779] [bbotk]  0.0008489264 -8.717752 1.696064e-05 <list[2]>              FALSE
INFO  [17:50:04.779] [bbotk]  classif.bbrier warnings errors runtime_learners
INFO  [17:50:04.779] [bbotk]       0.1584222        0      0            0.576
INFO  [17:50:04.779] [bbotk]                                 uhash
INFO  [17:50:04.779] [bbotk]  44e90b1f-6293-447f-b51e-91994e6b0742
INFO  [17:50:07.345] [bbotk] Evaluating 1 configuration(s)
INFO  [17:50:08.463] [bbotk] Result of batch 26:
INFO  [17:50:08.537] [bbotk]      alpha         s      acq_ei  x_domain .already_evaluated classif.bbrier
INFO  [17:50:08.537] [bbotk]  0.7661034 -4.954847 1.01417e-05 <list[2]>              FALSE      0.1585022
INFO  [17:50:08.537] [bbotk]  warnings errors runtime_learners                                uhash
INFO  [17:50:08.537] [bbotk]         0      0            0.651 e0c0ebe4-3734-4b1d-8599-cd32b0e4fb0c
WARN  [17:50:09.073] [mlr3] train: Stopped because hard maximum generation limit was hit.
INFO  [17:50:11.323] [bbotk] Evaluating 1 configuration(s)
INFO  [17:50:11.885] [bbotk] Result of batch 27:
INFO  [17:50:11.933] [bbotk]        alpha         s       acq_ei  x_domain .already_evaluated classif.bbrier
INFO  [17:50:11.933] [bbotk]  0.002281869 -8.571175 1.909603e-05 <list[2]>              FALSE      0.1585376
INFO  [17:50:11.933] [bbotk]  warnings errors runtime_learners                                uhash
INFO  [17:50:11.933] [bbotk]         0      0            0.252 fe5d3449-7dc5-4014-9665-ff4d438eb81b
INFO  [17:50:14.890] [bbotk] Evaluating 1 configuration(s)
INFO  [17:50:15.413] [bbotk] Result of batch 28:
INFO  [17:50:15.433] [bbotk]       alpha         s       acq_ei  x_domain .already_evaluated classif.bbrier
INFO  [17:50:15.433] [bbotk]  0.01036828 -4.155918 2.262995e-05 <list[2]>              FALSE      0.1584366
INFO  [17:50:15.433] [bbotk]  warnings errors runtime_learners                                uhash
INFO  [17:50:15.433] [bbotk]         0      0             0.27 33e04a5c-e7d3-4d02-abf8-832d1f62d020
INFO  [17:50:18.335] [bbotk] Evaluating 1 configuration(s)
INFO  [17:50:18.920] [bbotk] Result of batch 29:
INFO  [17:50:18.936] [bbotk]       alpha         s       acq_ei  x_domain .already_evaluated classif.bbrier
INFO  [17:50:18.936] [bbotk]  0.09420589 -4.256905 1.872571e-05 <list[2]>              FALSE      0.1584455
INFO  [17:50:18.936] [bbotk]  warnings errors runtime_learners                                uhash
INFO  [17:50:18.936] [bbotk]         0      0            0.227 7f339ab6-e799-48dc-aa89-4feb85fb1cab
WARN  [17:50:19.344] [mlr3] train: Stopped because hard maximum generation limit was hit.
INFO  [17:50:21.789] [bbotk] Evaluating 1 configuration(s)
INFO  [17:50:22.640] [bbotk] Result of batch 30:
INFO  [17:50:22.662] [bbotk]        alpha         s       acq_ei  x_domain .already_evaluated classif.bbrier
INFO  [17:50:22.662] [bbotk]  0.001712447 -4.237164 1.896732e-05 <list[2]>              FALSE      0.1584415
INFO  [17:50:22.662] [bbotk]  warnings errors runtime_learners                                uhash
INFO  [17:50:22.662] [bbotk]         0      0            0.443 01dc345c-793a-4eb0-b0f2-6f2e6a7cfd5a
WARN  [17:50:23.086] [mlr3] train: Stopped because hard maximum generation limit was hit.
INFO  [17:50:25.484] [bbotk] Evaluating 1 configuration(s)
INFO  [17:50:25.943] [bbotk] Result of batch 31:
INFO  [17:50:25.968] [bbotk]       alpha         s       acq_ei  x_domain .already_evaluated classif.bbrier
INFO  [17:50:25.968] [bbotk]  0.04438001 -4.160029 1.379336e-05 <list[2]>              FALSE      0.1584389
INFO  [17:50:25.968] [bbotk]  warnings errors runtime_learners                                uhash
INFO  [17:50:25.968] [bbotk]         0      0            0.204 98165bcc-446a-46a2-93fd-3d63ffb003b9
INFO  [17:50:29.080] [bbotk] Evaluating 1 configuration(s)
INFO  [17:50:29.901] [bbotk] Result of batch 32:
INFO  [17:50:29.954] [bbotk]       alpha         s       acq_ei  x_domain .already_evaluated classif.bbrier
INFO  [17:50:29.954] [bbotk]  0.00526824 -8.883039 0.0001175981 <list[2]>              FALSE      0.1586461
INFO  [17:50:29.954] [bbotk]  warnings errors runtime_learners                                uhash
INFO  [17:50:29.954] [bbotk]         0      0            0.344 d2f7078c-2258-4deb-a7bc-282edeba8963
WARN  [17:50:30.545] [mlr3] train: Stopped because hard maximum generation limit was hit.
INFO  [17:50:32.939] [bbotk] Evaluating 1 configuration(s)
INFO  [17:50:33.668] [bbotk] Result of batch 33:
INFO  [17:50:33.704] [bbotk]       alpha        s       acq_ei  x_domain .already_evaluated classif.bbrier
INFO  [17:50:33.704] [bbotk]  0.01505468 -4.21776 1.658195e-05 <list[2]>              FALSE      0.1584403
INFO  [17:50:33.704] [bbotk]  warnings errors runtime_learners                                uhash
INFO  [17:50:33.704] [bbotk]         0      0            0.303 abbec98c-b7a5-4274-b132-91cc4b165b90
WARN  [17:50:34.245] [mlr3] train: Stopped because hard maximum generation limit was hit.
INFO  [17:50:36.533] [bbotk] Evaluating 1 configuration(s)
INFO  [17:50:37.270] [bbotk] Result of batch 34:
INFO  [17:50:37.319] [bbotk]       alpha        s       acq_ei  x_domain .already_evaluated classif.bbrier
INFO  [17:50:37.319] [bbotk]  0.01227048 -4.20159 1.500622e-05 <list[2]>              FALSE      0.1584392
INFO  [17:50:37.319] [bbotk]  warnings errors runtime_learners                                uhash
INFO  [17:50:37.319] [bbotk]         0      0            0.301 8e000468-cbb2-41a1-ba6d-090a8b458488
WARN  [17:50:37.745] [mlr3] train: Stopped because hard maximum generation limit was hit.
INFO  [17:50:39.817] [bbotk] Evaluating 1 configuration(s)
INFO  [17:50:40.535] [bbotk] Result of batch 35:
INFO  [17:50:40.577] [bbotk]       alpha         s       acq_ei  x_domain .already_evaluated classif.bbrier
INFO  [17:50:40.577] [bbotk]  0.01261256 -4.177448 1.392858e-05 <list[2]>              FALSE      0.1584378
INFO  [17:50:40.577] [bbotk]  warnings errors runtime_learners                                uhash
INFO  [17:50:40.577] [bbotk]         0      0            0.339 6580b5b6-a5f4-4f3e-8ced-088ea551f104
WARN  [17:50:41.005] [mlr3] train: Stopped because hard maximum generation limit was hit.
INFO  [17:50:43.213] [bbotk] Evaluating 1 configuration(s)
INFO  [17:50:43.901] [bbotk] Result of batch 36:
INFO  [17:50:43.986] [bbotk]       alpha         s       acq_ei  x_domain .already_evaluated classif.bbrier
INFO  [17:50:43.986] [bbotk]  0.01016518 -4.186493 1.254829e-05 <list[2]>              FALSE      0.1584383
INFO  [17:50:43.986] [bbotk]  warnings errors runtime_learners                                uhash
INFO  [17:50:43.986] [bbotk]         0      0            0.313 6405ed6e-ef84-4305-ba7c-37b0935d1a7f
WARN  [17:50:45.366] [mlr3] train: Stopped because hard maximum generation limit was hit.
INFO  [17:50:47.538] [bbotk] Evaluating 1 configuration(s)
INFO  [17:50:47.950] [bbotk] Result of batch 37:
INFO  [17:50:47.970] [bbotk]        alpha         s       acq_ei  x_domain .already_evaluated classif.bbrier
INFO  [17:50:47.970] [bbotk]  0.004298441 -4.126311 1.211547e-05 <list[2]>              FALSE      0.1584351
INFO  [17:50:47.970] [bbotk]  warnings errors runtime_learners                                uhash
INFO  [17:50:47.970] [bbotk]         0      0            0.214 06d76210-e7b2-4ed5-a318-db20a71a8448
INFO  [17:50:50.423] [bbotk] Evaluating 1 configuration(s)
INFO  [17:50:51.383] [bbotk] Result of batch 38:
INFO  [17:50:51.407] [bbotk]      alpha         s       acq_ei  x_domain .already_evaluated classif.bbrier
INFO  [17:50:51.407] [bbotk]  0.6283034 -8.161469 0.0002430965 <list[2]>              FALSE      0.1586756
INFO  [17:50:51.407] [bbotk]  warnings errors runtime_learners                                uhash
INFO  [17:50:51.407] [bbotk]         0      0            0.613 d58c0c25-7f89-4c17-86d2-06460e720eaf
INFO  [17:50:54.150] [bbotk] Evaluating 1 configuration(s)
INFO  [17:50:55.115] [bbotk] Result of batch 39:
INFO  [17:50:55.194] [bbotk]      alpha         s     acq_ei  x_domain .already_evaluated classif.bbrier
INFO  [17:50:55.194] [bbotk]  0.8029963 -9.208555 0.00015483 <list[2]>              FALSE      0.1586743
INFO  [17:50:55.194] [bbotk]  warnings errors runtime_learners                                uhash
INFO  [17:50:55.194] [bbotk]         0      0            0.547 12741373-48a1-4b9d-81d3-3aaefebe9390
INFO  [17:50:57.706] [bbotk] Evaluating 1 configuration(s)
INFO  [17:50:58.451] [bbotk] Result of batch 40:
INFO  [17:50:58.499] [bbotk]      alpha         s       acq_ei  x_domain .already_evaluated classif.bbrier
INFO  [17:50:58.499] [bbotk]  0.9881921 -6.006132 0.0001401264 <list[2]>              FALSE      0.1586157
INFO  [17:50:58.499] [bbotk]  warnings errors runtime_learners                                uhash
INFO  [17:50:58.499] [bbotk]         0      0            0.263 ba6e8ab0-2dea-45bc-bc6d-03f53e38b7d6
INFO  [17:51:01.107] [bbotk] Evaluating 1 configuration(s)
INFO  [17:51:02.151] [bbotk] Result of batch 41:
INFO  [17:51:02.187] [bbotk]       alpha         s       acq_ei  x_domain .already_evaluated classif.bbrier
INFO  [17:51:02.187] [bbotk]  0.02110033 -4.115316 1.003494e-05 <list[2]>              FALSE      0.1584359
INFO  [17:51:02.187] [bbotk]  warnings errors runtime_learners                                uhash
INFO  [17:51:02.187] [bbotk]         0      0            0.525 9033a4f1-ebf9-4b1a-b558-48abeab0241d
WARN  [17:51:02.571] [mlr3] train: Stopped because hard maximum generation limit was hit.
INFO  [17:51:04.623] [bbotk] Evaluating 1 configuration(s)
INFO  [17:51:05.655] [bbotk] Result of batch 42:
INFO  [17:51:05.731] [bbotk]        alpha         s       acq_ei  x_domain .already_evaluated classif.bbrier
INFO  [17:51:05.731] [bbotk]  0.004498549 -4.223273 9.608585e-06 <list[2]>              FALSE      0.1584405
INFO  [17:51:05.731] [bbotk]  warnings errors runtime_learners                                uhash
INFO  [17:51:05.731] [bbotk]         0      0            0.534 ee708466-a7bb-4e3e-adca-35002cb6ca4e
INFO  [17:51:08.396] [bbotk] Evaluating 1 configuration(s)
INFO  [17:51:09.406] [bbotk] Result of batch 43:
INFO  [17:51:09.439] [bbotk]      alpha        s       acq_ei  x_domain .already_evaluated classif.bbrier
INFO  [17:51:09.439] [bbotk]  0.9772576 -8.72706 0.0001230534 <list[2]>              FALSE      0.1586768
INFO  [17:51:09.439] [bbotk]  warnings errors runtime_learners                                uhash
INFO  [17:51:09.439] [bbotk]         0      0            0.513 3439edbc-a4d1-4bcb-93b8-9747463ef636
WARN  [17:51:09.940] [mlr3] train: Stopped because hard maximum generation limit was hit.
INFO  [17:51:12.237] [bbotk] Evaluating 1 configuration(s)
INFO  [17:51:13.210] [bbotk] Result of batch 44:
INFO  [17:51:13.242] [bbotk]      alpha         s       acq_ei  x_domain .already_evaluated classif.bbrier
INFO  [17:51:13.242] [bbotk]  0.2266759 -4.234454 1.330729e-05 <list[2]>              FALSE      0.1584575
INFO  [17:51:13.242] [bbotk]  warnings errors runtime_learners                                uhash
INFO  [17:51:13.242] [bbotk]         0      0            0.475 450e1329-8297-459e-9c1a-7966eb8e768a
INFO  [17:51:16.435] [bbotk] Evaluating 1 configuration(s)
INFO  [17:51:17.533] [bbotk] Result of batch 45:
INFO  [17:51:17.550] [bbotk]       alpha         s       acq_ei  x_domain .already_evaluated classif.bbrier
INFO  [17:51:17.550] [bbotk]  0.01299265 -4.094147 8.454202e-06 <list[2]>              FALSE      0.1584348
INFO  [17:51:17.550] [bbotk]  warnings errors runtime_learners                                uhash
INFO  [17:51:17.550] [bbotk]         0      0            0.589 47c05cbf-873e-4207-ad04-f7f1337c6175
INFO  [17:51:20.246] [bbotk] Evaluating 1 configuration(s)
INFO  [17:51:20.952] [bbotk] Result of batch 46:
INFO  [17:51:20.988] [bbotk]       alpha         s       acq_ei  x_domain .already_evaluated classif.bbrier
INFO  [17:51:20.988] [bbotk]  0.01925501 -4.100516 7.964813e-06 <list[2]>              FALSE      0.1584355
INFO  [17:51:20.988] [bbotk]  warnings errors runtime_learners                                uhash
INFO  [17:51:20.988] [bbotk]         0      0            0.301 ecf2acf8-83ad-4e81-a078-1b1acac42e50
INFO  [17:51:23.821] [bbotk] Evaluating 1 configuration(s)
INFO  [17:51:24.887] [bbotk] Result of batch 47:
INFO  [17:51:24.906] [bbotk]       alpha         s       acq_ei  x_domain .already_evaluated classif.bbrier
INFO  [17:51:24.906] [bbotk]  0.01163501 -7.517793 0.0001850396 <list[2]>              FALSE      0.1586654
INFO  [17:51:24.906] [bbotk]  warnings errors runtime_learners                                uhash
INFO  [17:51:24.906] [bbotk]         0      0            0.481 d0c19094-ef8f-41e5-b37f-035bd3d6e0c1
WARN  [17:51:25.339] [mlr3] train: Stopped because hard maximum generation limit was hit.
INFO  [17:51:27.587] [bbotk] Evaluating 1 configuration(s)
INFO  [17:51:28.400] [bbotk] Result of batch 48:
INFO  [17:51:28.481] [bbotk]        alpha         s       acq_ei  x_domain .already_evaluated classif.bbrier
INFO  [17:51:28.481] [bbotk]  0.003411431 -4.065751 7.690092e-06 <list[2]>              FALSE      0.1584336
INFO  [17:51:28.481] [bbotk]  warnings errors runtime_learners                                uhash
INFO  [17:51:28.481] [bbotk]         0      0            0.325 de07ee08-418c-4326-b8f5-b1e695e445bd
INFO  [17:51:31.193] [bbotk] Evaluating 1 configuration(s)
INFO  [17:51:32.009] [bbotk] Result of batch 49:
INFO  [17:51:32.121] [bbotk]        alpha         s       acq_ei  x_domain .already_evaluated classif.bbrier
INFO  [17:51:32.121] [bbotk]  0.002309685 -6.381297 0.0001040747 <list[2]>              FALSE      0.1585395
INFO  [17:51:32.121] [bbotk]  warnings errors runtime_learners                                uhash
INFO  [17:51:32.121] [bbotk]         0      0            0.417 6ae719d1-e7b1-4dac-a347-f0cc59575898
INFO  [17:51:34.604] [bbotk] Evaluating 1 configuration(s)
INFO  [17:51:35.088] [bbotk] Result of batch 50:
INFO  [17:51:35.160] [bbotk]      alpha         s       acq_ei  x_domain .already_evaluated classif.bbrier
INFO  [17:51:35.160] [bbotk]  0.7981034 -7.659804 6.019528e-05 <list[2]>              FALSE       0.158674
INFO  [17:51:35.160] [bbotk]  warnings errors runtime_learners                                uhash
INFO  [17:51:35.160] [bbotk]         0      0            0.205 6e1c657a-9274-4755-b877-cd607d0b66db
WARN  [17:51:35.840] [mlr3] train: Stopped because hard maximum generation limit was hit.
INFO  [17:51:37.832] [bbotk] Evaluating 1 configuration(s)
INFO  [17:51:38.741] [bbotk] Result of batch 51:
INFO  [17:51:38.802] [bbotk]       alpha         s       acq_ei  x_domain .already_evaluated classif.bbrier
INFO  [17:51:38.802] [bbotk]  0.01510307 -3.570287 6.309064e-05 <list[2]>              FALSE      0.1585244
INFO  [17:51:38.802] [bbotk]  warnings errors runtime_learners                                uhash
INFO  [17:51:38.802] [bbotk]         0      0            0.363 b59aa914-219e-44b3-8b57-1d82a0df1638
WARN  [17:51:39.270] [mlr3] train: Stopped because hard maximum generation limit was hit.
INFO  [17:51:41.478] [bbotk] Evaluating 1 configuration(s)
INFO  [17:51:42.307] [bbotk] Result of batch 52:
INFO  [17:51:42.361] [bbotk]      alpha         s      acq_ei  x_domain .already_evaluated classif.bbrier
INFO  [17:51:42.361] [bbotk]  0.2615992 -9.161018 0.001294051 <list[2]>              FALSE       0.158665
INFO  [17:51:42.361] [bbotk]  warnings errors runtime_learners                                uhash
INFO  [17:51:42.361] [bbotk]         0      0            0.465 230e6a47-d8fd-4de7-86c6-4ca72bc111de
INFO  [17:51:45.212] [bbotk] Evaluating 1 configuration(s)
INFO  [17:51:45.996] [bbotk] Result of batch 53:
INFO  [17:51:46.043] [bbotk]      alpha         s       acq_ei  x_domain .already_evaluated classif.bbrier
INFO  [17:51:46.043] [bbotk]  0.9746666 -4.678647 4.371944e-05 <list[2]>              FALSE      0.1585237
INFO  [17:51:46.043] [bbotk]  warnings errors runtime_learners                                uhash
INFO  [17:51:46.043] [bbotk]         0      0            0.377 fcefa913-3f33-44ab-808c-a33a7d951bea
INFO  [17:51:48.985] [bbotk] Evaluating 1 configuration(s)
INFO  [17:51:49.586] [bbotk] Result of batch 54:
INFO  [17:51:49.655] [bbotk]      alpha         s       acq_ei  x_domain .already_evaluated classif.bbrier
INFO  [17:51:49.655] [bbotk]  0.2529908 -6.070683 3.949033e-05 <list[2]>              FALSE      0.1586567
INFO  [17:51:49.655] [bbotk]  warnings errors runtime_learners                                uhash
INFO  [17:51:49.655] [bbotk]         0      0             0.26 8010c9a0-1fb0-4426-8410-876b6cc4ce9b
WARN  [17:51:50.563] [mlr3] train: Stopped because hard maximum generation limit was hit.
INFO  [17:51:52.933] [bbotk] Evaluating 1 configuration(s)
INFO  [17:51:53.847] [bbotk] Result of batch 55:
INFO  [17:51:53.963] [bbotk]        alpha         s       acq_ei  x_domain .already_evaluated classif.bbrier
INFO  [17:51:53.963] [bbotk]  0.009246642 -3.855475 2.829975e-05 <list[2]>              FALSE      0.1584457
INFO  [17:51:53.963] [bbotk]  warnings errors runtime_learners                                uhash
INFO  [17:51:53.963] [bbotk]         0      0            0.432 85c60158-21ab-4156-b1f4-af5f661b2799
WARN  [17:51:54.543] [mlr3] train: Stopped because hard maximum generation limit was hit.
INFO  [17:51:57.414] [bbotk] Evaluating 1 configuration(s)
INFO  [17:51:58.200] [bbotk] Result of batch 56:
INFO  [17:51:58.243] [bbotk]        alpha         s       acq_ei  x_domain .already_evaluated classif.bbrier
INFO  [17:51:58.243] [bbotk]  0.005782377 -3.903083 1.897036e-05 <list[2]>              FALSE      0.1584399
INFO  [17:51:58.243] [bbotk]  warnings errors runtime_learners                                uhash
INFO  [17:51:58.243] [bbotk]         0      0            0.412 b02d1364-7893-411e-8cb5-75ef400efab6
WARN  [17:51:58.878] [mlr3] train: Stopped because hard maximum generation limit was hit.
INFO  [17:52:01.232] [bbotk] Evaluating 1 configuration(s)
INFO  [17:52:02.075] [bbotk] Result of batch 57:
INFO  [17:52:02.096] [bbotk]       alpha         s       acq_ei  x_domain .already_evaluated classif.bbrier
INFO  [17:52:02.096] [bbotk]  0.00233466 -5.475902 3.709037e-05 <list[2]>              FALSE      0.1585412
INFO  [17:52:02.096] [bbotk]  warnings errors runtime_learners                                uhash
INFO  [17:52:02.096] [bbotk]         0      0            0.428 6dffa139-d319-41a7-bf5e-e3f91d99f294
WARN  [17:52:02.565] [mlr3] train: Stopped because hard maximum generation limit was hit.
INFO  [17:52:05.345] [bbotk] Evaluating 1 configuration(s)
INFO  [17:52:06.048] [bbotk] Result of batch 58:
INFO  [17:52:06.084] [bbotk]        alpha        s       acq_ei  x_domain .already_evaluated classif.bbrier
INFO  [17:52:06.084] [bbotk]  0.002813557 -4.92279 3.635147e-05 <list[2]>              FALSE      0.1585325
INFO  [17:52:06.084] [bbotk]  warnings errors runtime_learners                                uhash
INFO  [17:52:06.084] [bbotk]         0      0            0.277 ef6932da-f6fe-41ef-b7d2-d4478b8e777e
WARN  [17:52:06.585] [mlr3] train: Stopped because hard maximum generation limit was hit.
INFO  [17:52:09.090] [bbotk] Evaluating 1 configuration(s)
INFO  [17:52:09.656] [bbotk] Result of batch 59:
INFO  [17:52:09.683] [bbotk]      alpha         s      acq_ei  x_domain .already_evaluated classif.bbrier
INFO  [17:52:09.683] [bbotk]  0.9760575 -8.352752 3.16637e-05 <list[2]>              FALSE      0.1586767
INFO  [17:52:09.683] [bbotk]  warnings errors runtime_learners                                uhash
INFO  [17:52:09.683] [bbotk]         0      0            0.275 cdc8aa21-ac90-4423-8d4b-1cd906d68928
INFO  [17:52:13.587] [bbotk] Evaluating 1 configuration(s)
INFO  [17:52:14.327] [bbotk] Result of batch 60:
INFO  [17:52:14.344] [bbotk]      alpha         s       acq_ei  x_domain .already_evaluated classif.bbrier
INFO  [17:52:14.344] [bbotk]  0.9884461 -6.852549 2.148991e-05 <list[2]>              FALSE      0.1586773
INFO  [17:52:14.344] [bbotk]  warnings errors runtime_learners                                uhash
INFO  [17:52:14.344] [bbotk]         0      0            0.292 8301b163-6f50-4a77-aa1f-39b803cefa24
WARN  [17:52:15.040] [mlr3] train: Stopped because hard maximum generation limit was hit.
INFO  [17:52:16.991] [bbotk] Evaluating 1 configuration(s)
INFO  [17:52:17.494] [bbotk] Result of batch 61:
INFO  [17:52:17.519] [bbotk]      alpha         s       acq_ei  x_domain .already_evaluated classif.bbrier
INFO  [17:52:17.519] [bbotk]  0.9992655 -5.138316 2.195462e-05 <list[2]>              FALSE      0.1585156
INFO  [17:52:17.519] [bbotk]  warnings errors runtime_learners                                uhash
INFO  [17:52:17.519] [bbotk]         0      0            0.235 632af474-6f87-4091-b198-2f3968ed8d1d
INFO  [17:52:21.108] [bbotk] Evaluating 1 configuration(s)
INFO  [17:52:22.042] [bbotk] Result of batch 62:
INFO  [17:52:22.066] [bbotk]         alpha         s       acq_ei  x_domain .already_evaluated
INFO  [17:52:22.066] [bbotk]  0.0008376848 -3.879135 1.067465e-05 <list[2]>              FALSE
INFO  [17:52:22.066] [bbotk]  classif.bbrier warnings errors runtime_learners
INFO  [17:52:22.066] [bbotk]        0.158441        0      0            0.474
INFO  [17:52:22.066] [bbotk]                                 uhash
INFO  [17:52:22.066] [bbotk]  164f7808-9aed-4b10-8ad5-09383abacb86
INFO  [17:52:24.326] [bbotk] Evaluating 1 configuration(s)
INFO  [17:52:25.043] [bbotk] Result of batch 63:
INFO  [17:52:25.091] [bbotk]       alpha        s       acq_ei  x_domain .already_evaluated classif.bbrier
INFO  [17:52:25.091] [bbotk]  0.01311363 -6.68545 9.956869e-06 <list[2]>              FALSE      0.1586605
INFO  [17:52:25.091] [bbotk]  warnings errors runtime_learners                                uhash
INFO  [17:52:25.091] [bbotk]         0      0            0.441 82294214-f21f-42c1-b7ff-b7242c31a1bd
INFO  [17:52:27.883] [bbotk] Evaluating 1 configuration(s)
INFO  [17:52:28.832] [bbotk] Result of batch 64:
INFO  [17:52:28.853] [bbotk]       alpha         s       acq_ei  x_domain .already_evaluated classif.bbrier
INFO  [17:52:28.853] [bbotk]  0.01047452 -3.916128 7.775604e-06 <list[2]>              FALSE      0.1584398
INFO  [17:52:28.853] [bbotk]  warnings errors runtime_learners                                uhash
INFO  [17:52:28.853] [bbotk]         0      0            0.576 5c6e90f1-b7ac-4ff0-9caf-30f7bf49f27b
INFO  [17:52:32.053] [bbotk] Evaluating 1 configuration(s)
INFO  [17:52:32.869] [bbotk] Result of batch 65:
INFO  [17:52:32.908] [bbotk]        alpha         s       acq_ei  x_domain .already_evaluated classif.bbrier
INFO  [17:52:32.908] [bbotk]  0.009209256 -3.841641 6.964484e-06 <list[2]>              FALSE      0.1584476
INFO  [17:52:32.908] [bbotk]  warnings errors runtime_learners                                uhash
INFO  [17:52:32.908] [bbotk]         0      0            0.397 e07c1db4-fdd8-4679-a10f-b44e595a37ea
WARN  [17:52:33.367] [mlr3] train: Stopped because hard maximum generation limit was hit.
INFO  [17:52:35.492] [bbotk] Evaluating 1 configuration(s)
INFO  [17:52:36.324] [bbotk] Result of batch 66:
INFO  [17:52:36.381] [bbotk]        alpha         s       acq_ei  x_domain .already_evaluated classif.bbrier
INFO  [17:52:36.381] [bbotk]  0.003358382 -3.930949 6.240727e-06 <list[2]>              FALSE      0.1584372
INFO  [17:52:36.381] [bbotk]  warnings errors runtime_learners                                uhash
INFO  [17:52:36.381] [bbotk]         0      0            0.436 1b05f70f-f1d1-435d-bbb4-aa968f086eaf
WARN  [17:52:37.325] [mlr3] train: Stopped because hard maximum generation limit was hit.
INFO  [17:52:39.713] [bbotk] Evaluating 1 configuration(s)
INFO  [17:52:40.733] [bbotk] Result of batch 67:
INFO  [17:52:40.770] [bbotk]        alpha         s       acq_ei  x_domain .already_evaluated classif.bbrier
INFO  [17:52:40.770] [bbotk]  0.007905561 -8.335079 9.215248e-06 <list[2]>              FALSE      0.1586656
INFO  [17:52:40.770] [bbotk]  warnings errors runtime_learners                                uhash
INFO  [17:52:40.770] [bbotk]         0      0             0.66 12b8394f-9694-40f7-bef9-aaf8dacab1cf
WARN  [17:52:41.177] [mlr3] train: Stopped because hard maximum generation limit was hit.
INFO  [17:52:43.339] [bbotk] Evaluating 1 configuration(s)
INFO  [17:52:44.029] [bbotk] Result of batch 68:
INFO  [17:52:44.085] [bbotk]      alpha        s       acq_ei  x_domain .already_evaluated classif.bbrier
INFO  [17:52:44.085] [bbotk]  0.5965658 -7.91985 9.177675e-05 <list[2]>              FALSE      0.1586728
INFO  [17:52:44.085] [bbotk]  warnings errors runtime_learners                                uhash
INFO  [17:52:44.085] [bbotk]         0      0            0.319 f32b4774-03a2-44f1-8737-da05b62c27b0
WARN  [17:52:44.986] [mlr3] train: Stopped because hard maximum generation limit was hit.
INFO  [17:52:47.262] [bbotk] Evaluating 1 configuration(s)
INFO  [17:52:48.199] [bbotk] Result of batch 69:
INFO  [17:52:48.232] [bbotk]        alpha         s       acq_ei  x_domain .already_evaluated classif.bbrier
INFO  [17:52:48.232] [bbotk]  0.006735822 -2.918308 6.901339e-05 <list[2]>              FALSE      0.1591972
INFO  [17:52:48.232] [bbotk]  warnings errors runtime_learners                                uhash
INFO  [17:52:48.232] [bbotk]         0      0            0.554 6ec71cd2-a20d-45be-b220-da61597fc395
WARN  [17:52:48.820] [mlr3] train: Stopped because hard maximum generation limit was hit.
INFO  [17:52:51.263] [bbotk] Evaluating 1 configuration(s)
INFO  [17:52:51.838] [bbotk] Result of batch 70:
INFO  [17:52:51.888] [bbotk]      alpha        s       acq_ei  x_domain .already_evaluated classif.bbrier
INFO  [17:52:51.888] [bbotk]  0.1900714 -7.40875 0.0004310849 <list[2]>              FALSE       0.158665
INFO  [17:52:51.888] [bbotk]  warnings errors runtime_learners                                uhash
INFO  [17:52:51.888] [bbotk]         0      0            0.259 cb637834-8135-4f50-a5a7-11e3f6a9ad37
INFO  [17:52:54.616] [bbotk] Evaluating 1 configuration(s)
INFO  [17:52:55.106] [bbotk] Result of batch 71:
INFO  [17:52:55.129] [bbotk]      alpha         s       acq_ei  x_domain .already_evaluated classif.bbrier
INFO  [17:52:55.129] [bbotk]  0.3409838 -4.446076 1.136902e-05 <list[2]>              FALSE      0.1584663
INFO  [17:52:55.129] [bbotk]  warnings errors runtime_learners                                uhash
INFO  [17:52:55.129] [bbotk]         0      0            0.222 66488166-402a-43a5-b13c-e78025b8746b
INFO  [17:52:57.451] [bbotk] Evaluating 1 configuration(s)
INFO  [17:52:58.046] [bbotk] Result of batch 72:
INFO  [17:52:58.068] [bbotk]      alpha         s       acq_ei  x_domain .already_evaluated classif.bbrier
INFO  [17:52:58.068] [bbotk]  0.2461749 -8.412211 0.0002838214 <list[2]>              FALSE      0.1586683
INFO  [17:52:58.068] [bbotk]  warnings errors runtime_learners                                uhash
INFO  [17:52:58.068] [bbotk]         0      0            0.358 9f424d64-d47e-4708-bde0-8d0949ed9a0d
WARN  [17:52:58.791] [mlr3] train: Stopped because hard maximum generation limit was hit.
INFO  [17:53:00.894] [bbotk] Evaluating 1 configuration(s)
INFO  [17:53:02.098] [bbotk] Result of batch 73:
INFO  [17:53:02.139] [bbotk]      alpha         s       acq_ei  x_domain .already_evaluated classif.bbrier
INFO  [17:53:02.139] [bbotk]  0.4439042 -8.209602 0.0001510773 <list[2]>              FALSE      0.1586699
INFO  [17:53:02.139] [bbotk]  warnings errors runtime_learners                                uhash
INFO  [17:53:02.139] [bbotk]         0      0             0.77 bbe95aef-8613-4e0b-9264-b5453a2c20c4
INFO  [17:53:04.837] [bbotk] Evaluating 1 configuration(s)
INFO  [17:53:05.652] [bbotk] Result of batch 74:
INFO  [17:53:05.673] [bbotk]         alpha         s       acq_ei  x_domain .already_evaluated
INFO  [17:53:05.673] [bbotk]  0.0001128945 -3.191708 0.0001239214 <list[2]>              FALSE
INFO  [17:53:05.673] [bbotk]  classif.bbrier warnings errors runtime_learners
INFO  [17:53:05.673] [bbotk]       0.1587831        0      0            0.283
INFO  [17:53:05.673] [bbotk]                                 uhash
INFO  [17:53:05.673] [bbotk]  29df0a31-5812-4561-9c90-2f6bb1b0619e
WARN  [17:53:06.350] [mlr3] train: Stopped because hard maximum generation limit was hit.
INFO  [17:53:08.872] [bbotk] Evaluating 1 configuration(s)
INFO  [17:53:09.660] [bbotk] Result of batch 75:
INFO  [17:53:09.687] [bbotk]      alpha        s       acq_ei  x_domain .already_evaluated classif.bbrier
INFO  [17:53:09.687] [bbotk]  0.9994948 -7.36925 9.631681e-05 <list[2]>              FALSE      0.1586778
INFO  [17:53:09.687] [bbotk]  warnings errors runtime_learners                                uhash
INFO  [17:53:09.687] [bbotk]         0      0            0.397 444c6315-a0b4-4566-8542-8206d254dce9
WARN  [17:53:10.542] [mlr3] train: Stopped because hard maximum generation limit was hit.
INFO  [17:53:12.721] [bbotk] Evaluating 1 configuration(s)
INFO  [17:53:13.491] [bbotk] Result of batch 76:
INFO  [17:53:13.546] [bbotk]      alpha        s     acq_ei  x_domain .already_evaluated classif.bbrier
INFO  [17:53:13.546] [bbotk]  0.1713759 -4.20973 2.4877e-05 <list[2]>              FALSE      0.1584512
INFO  [17:53:13.546] [bbotk]  warnings errors runtime_learners                                uhash
INFO  [17:53:13.546] [bbotk]         0      0            0.411 2950b662-691b-446d-b824-5db40bfaeae7
WARN  [17:53:14.105] [mlr3] train: Stopped because hard maximum generation limit was hit.
INFO  [17:53:16.906] [bbotk] Evaluating 1 configuration(s)
INFO  [17:53:18.022] [bbotk] Result of batch 77:
INFO  [17:53:18.120] [bbotk]      alpha        s       acq_ei  x_domain .already_evaluated classif.bbrier
INFO  [17:53:18.120] [bbotk]  0.4263658 -7.14119 8.794137e-05 <list[2]>              FALSE      0.1586674
INFO  [17:53:18.120] [bbotk]  warnings errors runtime_learners                                uhash
INFO  [17:53:18.120] [bbotk]         0      0            0.562 b9b1bf51-3de8-4cdc-b7c1-ead8804682e5
INFO  [17:53:20.644] [bbotk] Evaluating 1 configuration(s)
INFO  [17:53:21.658] [bbotk] Result of batch 78:
INFO  [17:53:21.719] [bbotk]      alpha         s       acq_ei  x_domain .already_evaluated classif.bbrier
INFO  [17:53:21.719] [bbotk]  0.4584847 -8.738382 5.728571e-05 <list[2]>              FALSE      0.1586719
INFO  [17:53:21.719] [bbotk]  warnings errors runtime_learners                                uhash
INFO  [17:53:21.719] [bbotk]         0      0             0.65 fcfdb4b3-a7d3-4d8a-b00a-38f0da33a186
WARN  [17:53:22.535] [mlr3] train: Stopped because hard maximum generation limit was hit.
INFO  [17:53:25.055] [bbotk] Evaluating 1 configuration(s)
INFO  [17:53:26.384] [bbotk] Result of batch 79:
INFO  [17:53:26.401] [bbotk]       alpha         s       acq_ei  x_domain .already_evaluated classif.bbrier
INFO  [17:53:26.401] [bbotk]  0.01736052 -4.093553 9.078927e-06 <list[2]>              FALSE      0.1584353
INFO  [17:53:26.401] [bbotk]  warnings errors runtime_learners                                uhash
INFO  [17:53:26.401] [bbotk]         0      0            0.769 c645da06-8cdd-4b55-a28e-4595388edfa5
INFO  [17:53:29.801] [bbotk] Evaluating 1 configuration(s)
INFO  [17:53:30.728] [bbotk] Result of batch 80:
INFO  [17:53:30.760] [bbotk]       alpha         s       acq_ei  x_domain .already_evaluated classif.bbrier
INFO  [17:53:30.760] [bbotk]  0.01637629 -4.010361 8.691734e-06 <list[2]>              FALSE      0.1584357
INFO  [17:53:30.760] [bbotk]  warnings errors runtime_learners                                uhash
INFO  [17:53:30.760] [bbotk]         0      0            0.386 8fda461c-e95e-4caa-871b-23f7020448fd
WARN  [17:53:31.604] [mlr3] train: Stopped because hard maximum generation limit was hit.
INFO  [17:53:34.497] [bbotk] Evaluating 1 configuration(s)
INFO  [17:53:34.885] [bbotk] Result of batch 81:
INFO  [17:53:34.916] [bbotk]     alpha         s       acq_ei  x_domain .already_evaluated classif.bbrier
INFO  [17:53:34.916] [bbotk]  0.743972 -5.310227 4.750779e-05 <list[2]>              FALSE      0.1585401
INFO  [17:53:34.916] [bbotk]  warnings errors runtime_learners                                uhash
INFO  [17:53:34.916] [bbotk]         0      0            0.169 98e8c6df-6709-4797-8c6d-5436c6549eb7
WARN  [17:53:35.389] [mlr3] train: Stopped because hard maximum generation limit was hit.
INFO  [17:53:37.689] [bbotk] Evaluating 1 configuration(s)
INFO  [17:53:38.592] [bbotk] Result of batch 82:
INFO  [17:53:38.631] [bbotk]      alpha         s       acq_ei  x_domain .already_evaluated classif.bbrier
INFO  [17:53:38.631] [bbotk]  0.9780817 -4.394716 4.424133e-05 <list[2]>              FALSE      0.1586214
INFO  [17:53:38.631] [bbotk]  warnings errors runtime_learners                                uhash
INFO  [17:53:38.631] [bbotk]         0      0            0.262 97210bb8-c838-405e-afb0-b9d10b71a551
WARN  [17:53:39.844] [mlr3] train: Stopped because hard maximum generation limit was hit.
INFO  [17:53:42.113] [bbotk] Evaluating 1 configuration(s)
INFO  [17:53:42.940] [bbotk] Result of batch 83:
INFO  [17:53:42.999] [bbotk]        alpha        s       acq_ei  x_domain .already_evaluated classif.bbrier
INFO  [17:53:42.999] [bbotk]  0.002170391 -4.13722 9.792257e-06 <list[2]>              FALSE      0.1584354
INFO  [17:53:42.999] [bbotk]  warnings errors runtime_learners                                uhash
INFO  [17:53:42.999] [bbotk]         0      0            0.491 78b603b6-7b33-4101-9169-09176d570ad8
WARN  [17:53:43.696] [mlr3] train: Stopped because hard maximum generation limit was hit.
INFO  [17:53:46.157] [bbotk] Evaluating 1 configuration(s)
INFO  [17:53:47.117] [bbotk] Result of batch 84:
INFO  [17:53:47.162] [bbotk]        alpha         s       acq_ei  x_domain .already_evaluated classif.bbrier
INFO  [17:53:47.162] [bbotk]  0.004508249 -4.082284 9.001645e-06 <list[2]>              FALSE      0.1584339
INFO  [17:53:47.162] [bbotk]  warnings errors runtime_learners                                uhash
INFO  [17:53:47.162] [bbotk]         0      0            0.553 2b67785a-2dfb-42e0-9849-a0e7c79fa9a8
INFO  [17:53:49.911] [bbotk] Evaluating 1 configuration(s)
INFO  [17:53:51.018] [bbotk] Result of batch 85:
INFO  [17:53:51.032] [bbotk]      alpha         s       acq_ei  x_domain .already_evaluated classif.bbrier
INFO  [17:53:51.032] [bbotk]  0.8512739 -6.252868 3.543587e-05 <list[2]>              FALSE      0.1586472
INFO  [17:53:51.032] [bbotk]  warnings errors runtime_learners                                uhash
INFO  [17:53:51.032] [bbotk]         0      0            0.546 43f45653-ca87-4ce2-b486-eff4c3b9bf86
WARN  [17:53:51.983] [mlr3] train: Stopped because hard maximum generation limit was hit.
INFO  [17:53:54.207] [bbotk] Evaluating 1 configuration(s)
INFO  [17:53:55.071] [bbotk] Result of batch 86:
INFO  [17:53:55.110] [bbotk]        alpha         s       acq_ei  x_domain .already_evaluated classif.bbrier
INFO  [17:53:55.110] [bbotk]  0.002487894 -3.989718 9.792187e-06 <list[2]>              FALSE      0.1584343
INFO  [17:53:55.110] [bbotk]  warnings errors runtime_learners                                uhash
INFO  [17:53:55.110] [bbotk]         0      0            0.536 5b86593e-b639-41eb-b91c-21edfd4d2bff
WARN  [17:53:55.820] [mlr3] train: Stopped because hard maximum generation limit was hit.
INFO  [17:53:58.057] [bbotk] Evaluating 1 configuration(s)
INFO  [17:53:59.115] [bbotk] Result of batch 87:
INFO  [17:53:59.159] [bbotk]     alpha        s      acq_ei  x_domain .already_evaluated classif.bbrier
INFO  [17:53:59.159] [bbotk]  0.997568 5.995693 0.001379322 <list[2]>              FALSE      0.2077673
INFO  [17:53:59.159] [bbotk]  warnings errors runtime_learners                                uhash
INFO  [17:53:59.159] [bbotk]         0      0             0.65 cc06fd7c-650a-4ed4-b7d9-acf4907d6042
WARN  [17:54:00.110] [mlr3] train: Stopped because hard maximum generation limit was hit.
INFO  [17:54:02.324] [bbotk] Evaluating 1 configuration(s)
INFO  [17:54:03.199] [bbotk] Result of batch 88:
INFO  [17:54:03.227] [bbotk]        alpha         s       acq_ei  x_domain .already_evaluated classif.bbrier
INFO  [17:54:03.227] [bbotk]  0.007249479 -4.060162 8.320079e-06 <list[2]>              FALSE       0.158434
INFO  [17:54:03.227] [bbotk]  warnings errors runtime_learners                                uhash
INFO  [17:54:03.227] [bbotk]         0      0            0.415 d6c49932-ab3c-4a89-a053-8a179952557f
WARN  [17:54:04.100] [mlr3] train: Stopped because hard maximum generation limit was hit.
INFO  [17:54:06.676] [bbotk] Evaluating 1 configuration(s)
INFO  [17:54:07.454] [bbotk] Result of batch 89:
INFO  [17:54:07.470] [bbotk]         alpha         s       acq_ei  x_domain .already_evaluated
INFO  [17:54:07.470] [bbotk]  0.0005458512 -8.425808 5.194873e-05 <list[2]>              FALSE
INFO  [17:54:07.470] [bbotk]  classif.bbrier warnings errors runtime_learners
INFO  [17:54:07.470] [bbotk]       0.1584221        0      0            0.351
INFO  [17:54:07.470] [bbotk]                                 uhash
INFO  [17:54:07.470] [bbotk]  5b79416c-a0ec-4d94-8899-60e24f49ea5e
INFO  [17:54:09.864] [bbotk] Evaluating 1 configuration(s)
INFO  [17:54:10.801] [bbotk] Result of batch 90:
INFO  [17:54:10.825] [bbotk]        alpha         s       acq_ei  x_domain .already_evaluated classif.bbrier
INFO  [17:54:10.825] [bbotk]  0.003705416 -2.386582 5.134444e-05 <list[2]>              FALSE      0.1607621
INFO  [17:54:10.825] [bbotk]  warnings errors runtime_learners                                uhash
INFO  [17:54:10.825] [bbotk]         0      0            0.511 08c046d7-2e17-4686-b8e6-99519f6cd799
WARN  [17:54:12.172] [mlr3] train: Stopped because hard maximum generation limit was hit.
INFO  [17:54:14.194] [bbotk] Evaluating 1 configuration(s)
INFO  [17:54:15.180] [bbotk] Result of batch 91:
INFO  [17:54:15.202] [bbotk]      alpha         s       acq_ei  x_domain .already_evaluated classif.bbrier
INFO  [17:54:15.202] [bbotk]  0.1468456 -4.281975 1.000197e-05 <list[2]>              FALSE      0.1584495
INFO  [17:54:15.202] [bbotk]  warnings errors runtime_learners                                uhash
INFO  [17:54:15.202] [bbotk]         0      0            0.559 bef26c04-c3c2-4996-b306-4ebe9a0a3d75
INFO  [17:54:18.362] [bbotk] Evaluating 1 configuration(s)
INFO  [17:54:19.167] [bbotk] Result of batch 92:
INFO  [17:54:19.229] [bbotk]       alpha        s      acq_ei  x_domain .already_evaluated classif.bbrier
INFO  [17:54:19.229] [bbotk]  0.01359584 9.185255 7.93965e-05 <list[2]>              FALSE      0.2077673
INFO  [17:54:19.229] [bbotk]  warnings errors runtime_learners                                uhash
INFO  [17:54:19.229] [bbotk]         0      0            0.242 cdef134e-0e81-4125-9601-de3b62319311
INFO  [17:54:22.775] [bbotk] Evaluating 1 configuration(s)
INFO  [17:54:23.346] [bbotk] Result of batch 93:
INFO  [17:54:23.372] [bbotk]      alpha         s       acq_ei  x_domain .already_evaluated classif.bbrier
INFO  [17:54:23.372] [bbotk]  0.1909584 -4.704672 4.600141e-05 <list[2]>              FALSE       0.158487
INFO  [17:54:23.372] [bbotk]  warnings errors runtime_learners                                uhash
INFO  [17:54:23.372] [bbotk]         0      0            0.248 7a8ee453-4af3-43b1-950b-09faa6922c9b
WARN  [17:54:23.939] [mlr3] train: Stopped because hard maximum generation limit was hit.
INFO  [17:54:24.038] [bbotk] Finished optimizing after 100 evaluation(s)
INFO  [17:54:24.069] [bbotk] Result:
INFO  [17:54:24.098] [bbotk]         alpha         s learner_param_vals  x_domain classif.bbrier
INFO  [17:54:24.098] [bbotk]         <num>     <num>             <list>    <list>          <num>
INFO  [17:54:24.098] [bbotk]  0.0005067424 -8.400153          <list[2]> <list[2]>      0.1584221
[1] 1.565785
[1] 68.02939
[1] 1.329162
[1] 66.82916
[1] 1.460462
[1] 69.70232
[1] 1.249385
[1] 58.14109
[1] 1.20553
[1] 61.01157

### [bt]: Job terminated successfully [batchtools job.id=1444]
### [bt]: Calculation finished!
