### [bt]: This is batchtools v0.9.17
### [bt]: Starting calculation of 1 jobs
### [bt]: Setting working directory to '/content/drive/MyDrive/GitHub/Mater_Thesis_Calibration'
Loading required package: mlr3verse
Loading required package: mlr3

Attaching package: ‘dplyr’

The following object is masked from ‘package:MASS’:

    select

The following object is masked from ‘package:mlr3misc’:

    cross_join

The following objects are masked from ‘package:stats’:

    filter, lag

The following objects are masked from ‘package:base’:

    intersect, setdiff, setequal, union


Attaching package: ‘batchtools’

The following object is masked from ‘package:mlr3misc’:

    chunk

Loading required package: randomForest
randomForest 4.7-1.2
Type rfNews() to see new features/changes/bug fixes.

Attaching package: ‘randomForest’

The following object is masked from ‘package:dplyr’:

    combine

The following object is masked from ‘package:ggplot2’:

    margin

Loading required package: ranger

Attaching package: ‘ranger’

The following object is masked from ‘package:randomForest’:

    importance

Loading required package: palmerpenguins
ece.R :
Friedmann_tasks.R :
Functions.R :
ici.R :
mse_feature_effects.R :
PipeOpCalibration_TuningExperiment.R :
PipeOpCalibration.R :
PipeOpCalibrationUnion.R :
### [bt]: Memory measurement disabled
### [bt]: Starting job [batchtools job.id=1081]
### [bt]: Generating problem instance for problem '341ee781c7d79b8f' ...
### [bt]: Applying algorithm 'run_learner' on problem '341ee781c7d79b8f' for job 1081 (seed = 1204) ...
INFO  [15:29:39.108] [mlr3] Applying learner 'glmnet TbC beta' on task 'wdbc' (iter 1/10)
INFO  [15:29:44.373] [bbotk] Starting to optimize 2 parameter(s) with '<OptimizerMbo>' and '<TerminatorEvals> [n_evals=100, k=0]'
INFO  [15:30:02.435] [bbotk] Evaluating 8 configuration(s)
INFO  [15:30:06.907] [bbotk] Result of batch 1:
INFO  [15:30:06.937] [bbotk]       alpha          s classif.bbrier warnings errors runtime_learners
INFO  [15:30:06.937] [bbotk]  0.01848808  4.9295400     0.23541118        0      0            0.822
INFO  [15:30:06.937] [bbotk]  0.51848811 -4.2808010     0.02475186        0      0            0.168
INFO  [15:30:06.937] [bbotk]  0.76848811  0.3243698     0.23541118        0      0            0.169
INFO  [15:30:06.937] [bbotk]  0.26848808 -8.8859711     0.02923489        0      0            0.109
INFO  [15:30:06.937] [bbotk]  0.64348811  7.2321250     0.23541118        0      0            0.120
INFO  [15:30:06.937] [bbotk]  0.14348808 -1.9782159     0.04516981        0      0            0.076
INFO  [15:30:06.937] [bbotk]  0.39348808  2.6269549     0.23541118        0      0            0.093
INFO  [15:30:06.937] [bbotk]  0.89348811 -6.5833861     0.02178944        0      0            0.159
INFO  [15:30:06.937] [bbotk]                                 uhash
INFO  [15:30:06.937] [bbotk]  86eb22b2-be4f-477c-b9ac-755b0e7c82b9
INFO  [15:30:06.937] [bbotk]  d31bc107-a55d-471c-a6d3-4c4cc3d812d8
INFO  [15:30:06.937] [bbotk]  97a7d06a-87a0-4dbb-aa4b-d42031bca2e8
INFO  [15:30:06.937] [bbotk]  d89ddf36-57ec-4df7-94de-3cacd68b37e0
INFO  [15:30:06.937] [bbotk]  67ba1048-fb31-479b-938c-7c9771e9c4d7
INFO  [15:30:06.937] [bbotk]  eee0fe7b-b95b-4d87-a843-e24b12b16c79
INFO  [15:30:06.937] [bbotk]  7f740481-fbae-4361-847e-bb9fca055181
INFO  [15:30:06.937] [bbotk]  9aef4e1d-f70c-4d11-a708-700be6143140
INFO  [15:30:10.685] [bbotk] Evaluating 1 configuration(s)
INFO  [15:30:10.935] [bbotk] Result of batch 2:
INFO  [15:30:11.002] [bbotk]         alpha         s     acq_ei  x_domain .already_evaluated classif.bbrier
INFO  [15:30:11.002] [bbotk]  4.146481e-06 -5.196384 0.04101703 <list[2]>              FALSE     0.02700427
INFO  [15:30:11.002] [bbotk]  warnings errors runtime_learners                                uhash
INFO  [15:30:11.002] [bbotk]         0      0            0.067 3c962304-bd26-4a6a-957f-7f9a404d035f
INFO  [15:30:12.387] [bbotk] Evaluating 1 configuration(s)
INFO  [15:30:12.693] [bbotk] Result of batch 3:
INFO  [15:30:12.743] [bbotk]      alpha         s     acq_ei  x_domain .already_evaluated classif.bbrier
INFO  [15:30:12.743] [bbotk]  0.5180049 -7.011946 0.01387957 <list[2]>              FALSE     0.02254091
INFO  [15:30:12.743] [bbotk]  warnings errors runtime_learners                                uhash
INFO  [15:30:12.743] [bbotk]         0      0            0.144 e2139f62-df24-4108-a41b-bf79a199dce2
INFO  [15:30:14.005] [bbotk] Evaluating 1 configuration(s)
INFO  [15:30:14.234] [bbotk] Result of batch 4:
INFO  [15:30:14.302] [bbotk]        alpha         s     acq_ei  x_domain .already_evaluated classif.bbrier
INFO  [15:30:14.302] [bbotk]  0.004542088 -3.400488 0.01254491 <list[2]>              FALSE      0.0262121
INFO  [15:30:14.302] [bbotk]  warnings errors runtime_learners                                uhash
INFO  [15:30:14.302] [bbotk]         0      0            0.076 0df10294-2ffa-4420-9102-ab7874b31924
INFO  [15:30:15.534] [bbotk] Evaluating 1 configuration(s)
INFO  [15:30:15.904] [bbotk] Result of batch 5:
INFO  [15:30:15.997] [bbotk]      alpha         s     acq_ei  x_domain .already_evaluated classif.bbrier
INFO  [15:30:15.997] [bbotk]  0.9974991 -9.158745 0.01133733 <list[2]>              FALSE     0.03512901
INFO  [15:30:15.997] [bbotk]  warnings errors runtime_learners                                uhash
INFO  [15:30:15.997] [bbotk]         0      0            0.213 19e05285-158a-455a-b97b-40c1d48835a0
INFO  [15:30:17.217] [bbotk] Evaluating 1 configuration(s)
INFO  [15:30:17.489] [bbotk] Result of batch 6:
INFO  [15:30:17.555] [bbotk]      alpha         s      acq_ei  x_domain .already_evaluated classif.bbrier
INFO  [15:30:17.555] [bbotk]  0.5845176 -5.756839 0.004438151 <list[2]>              FALSE     0.01928111
INFO  [15:30:17.555] [bbotk]  warnings errors runtime_learners                                uhash
INFO  [15:30:17.555] [bbotk]         0      0            0.114 f1dd0a84-91a4-44f6-88f9-6b48ba75d9ec
INFO  [15:30:18.886] [bbotk] Evaluating 1 configuration(s)
INFO  [15:30:19.127] [bbotk] Result of batch 7:
INFO  [15:30:19.189] [bbotk]      alpha         s      acq_ei  x_domain .already_evaluated classif.bbrier
INFO  [15:30:19.189] [bbotk]  0.2748854 -4.838978 0.006531927 <list[2]>              FALSE     0.02071146
INFO  [15:30:19.189] [bbotk]  warnings errors runtime_learners                                uhash
INFO  [15:30:19.189] [bbotk]         0      0            0.087 d882b778-72ba-4d2f-8aa3-66aef55aadda
INFO  [15:30:20.498] [bbotk] Evaluating 1 configuration(s)
INFO  [15:30:20.781] [bbotk] Result of batch 8:
INFO  [15:30:20.825] [bbotk]      alpha         s       acq_ei  x_domain .already_evaluated classif.bbrier
INFO  [15:30:20.825] [bbotk]  0.7405278 -7.959666 0.0008689885 <list[2]>              FALSE     0.02760623
INFO  [15:30:20.825] [bbotk]  warnings errors runtime_learners                                uhash
INFO  [15:30:20.825] [bbotk]         0      0            0.127 49f376ca-e988-4752-a9a1-55912d67dbf7
INFO  [15:30:22.476] [bbotk] Evaluating 1 configuration(s)
INFO  [15:30:22.889] [bbotk] Result of batch 9:
INFO  [15:30:22.947] [bbotk]      alpha        s       acq_ei  x_domain .already_evaluated classif.bbrier
INFO  [15:30:22.947] [bbotk]  0.9990472 -5.43649 0.0006822304 <list[2]>              FALSE     0.02170122
INFO  [15:30:22.947] [bbotk]  warnings errors runtime_learners                                uhash
INFO  [15:30:22.947] [bbotk]         0      0            0.255 85e73cd6-632a-450c-8535-0d49f8d34c88
INFO  [15:30:24.099] [bbotk] Evaluating 1 configuration(s)
INFO  [15:30:24.373] [bbotk] Result of batch 10:
INFO  [15:30:24.425] [bbotk]      alpha         s       acq_ei  x_domain .already_evaluated classif.bbrier
INFO  [15:30:24.425] [bbotk]  0.5449301 -5.276895 0.0004764508 <list[2]>              FALSE     0.01990333
INFO  [15:30:24.425] [bbotk]  warnings errors runtime_learners                                uhash
INFO  [15:30:24.425] [bbotk]         0      0            0.097 7f3ac4e8-93f7-4b93-bfc4-bd79f6eb2a7f
INFO  [15:30:25.637] [bbotk] Evaluating 1 configuration(s)
INFO  [15:30:26.205] [bbotk] Result of batch 11:
INFO  [15:30:26.253] [bbotk]      alpha         s       acq_ei  x_domain .already_evaluated classif.bbrier
INFO  [15:30:26.253] [bbotk]  0.4078319 -5.713299 0.0005062657 <list[2]>              FALSE     0.01932986
INFO  [15:30:26.253] [bbotk]  warnings errors runtime_learners                                uhash
INFO  [15:30:26.253] [bbotk]         0      0            0.374 4fbaa390-3ed7-4054-91c5-23cbf961a6ed
INFO  [15:30:27.446] [bbotk] Evaluating 1 configuration(s)
INFO  [15:30:27.688] [bbotk] Result of batch 12:
INFO  [15:30:27.738] [bbotk]      alpha         s       acq_ei  x_domain .already_evaluated classif.bbrier
INFO  [15:30:27.738] [bbotk]  0.5015078 -6.073596 0.0001766635 <list[2]>              FALSE     0.01975755
INFO  [15:30:27.738] [bbotk]  warnings errors runtime_learners                                uhash
INFO  [15:30:27.738] [bbotk]         0      0            0.095 d07513ea-4bb1-4c18-bdd6-e951f5a2532f
INFO  [15:30:28.901] [bbotk] Evaluating 1 configuration(s)
INFO  [15:30:29.123] [bbotk] Result of batch 13:
INFO  [15:30:29.168] [bbotk]        alpha         s       acq_ei  x_domain .already_evaluated classif.bbrier
INFO  [15:30:29.168] [bbotk]  0.003430248 -7.890015 0.0001334202 <list[2]>              FALSE     0.02111606
INFO  [15:30:29.168] [bbotk]  warnings errors runtime_learners                                uhash
INFO  [15:30:29.168] [bbotk]         0      0             0.06 c08ba213-3c3c-4f52-85f2-b410dd4fed26
INFO  [15:30:30.340] [bbotk] Evaluating 1 configuration(s)
INFO  [15:30:30.636] [bbotk] Result of batch 14:
INFO  [15:30:30.669] [bbotk]      alpha         s       acq_ei  x_domain .already_evaluated classif.bbrier
INFO  [15:30:30.669] [bbotk]  0.7718695 -5.764755 0.0001608647 <list[2]>              FALSE     0.01960414
INFO  [15:30:30.669] [bbotk]  warnings errors runtime_learners                                uhash
INFO  [15:30:30.669] [bbotk]         0      0            0.127 1800f379-96be-4804-87b4-8484e957a342
INFO  [15:30:31.913] [bbotk] Evaluating 1 configuration(s)
INFO  [15:30:32.149] [bbotk] Result of batch 15:
INFO  [15:30:32.182] [bbotk]      alpha         s      acq_ei  x_domain .already_evaluated classif.bbrier
INFO  [15:30:32.182] [bbotk]  0.4863923 -5.677091 7.74857e-05 <list[2]>              FALSE     0.01929441
INFO  [15:30:32.182] [bbotk]  warnings errors runtime_learners                                uhash
INFO  [15:30:32.182] [bbotk]         0      0            0.099 ea8a172e-fb30-43b2-af6a-d53a7ed3b2fb
INFO  [15:30:33.434] [bbotk] Evaluating 1 configuration(s)
INFO  [15:30:33.649] [bbotk] Result of batch 16:
INFO  [15:30:33.672] [bbotk]      alpha         s       acq_ei  x_domain .already_evaluated classif.bbrier
INFO  [15:30:33.672] [bbotk]  0.1491985 -7.366179 4.679574e-05 <list[2]>              FALSE       0.023567
INFO  [15:30:33.672] [bbotk]  warnings errors runtime_learners                                uhash
INFO  [15:30:33.672] [bbotk]         0      0            0.082 04c7a25d-250d-4a75-ba9b-190d032e2b21
WARN  [15:30:33.933] [mlr3] train: Stopped because hard maximum generation limit was hit.
INFO  [15:30:35.109] [bbotk] Evaluating 1 configuration(s)
INFO  [15:30:35.349] [bbotk] Result of batch 17:
INFO  [15:30:35.373] [bbotk]         alpha         s       acq_ei  x_domain .already_evaluated
INFO  [15:30:35.373] [bbotk]  0.0009741236 -8.753421 0.0001381435 <list[2]>              FALSE
INFO  [15:30:35.373] [bbotk]  classif.bbrier warnings errors runtime_learners
INFO  [15:30:35.373] [bbotk]      0.02701604        0      0            0.077
INFO  [15:30:35.373] [bbotk]                                 uhash
INFO  [15:30:35.373] [bbotk]  211c19a9-1277-46a0-afb0-0540f846e8b5
INFO  [15:30:36.952] [bbotk] Evaluating 1 configuration(s)
INFO  [15:30:37.375] [bbotk] Result of batch 18:
INFO  [15:30:37.403] [bbotk]      alpha        s       acq_ei  x_domain .already_evaluated classif.bbrier
INFO  [15:30:37.403] [bbotk]  0.4980545 -5.74907 6.996864e-05 <list[2]>              FALSE     0.01928379
INFO  [15:30:37.403] [bbotk]  warnings errors runtime_learners                                uhash
INFO  [15:30:37.403] [bbotk]         0      0            0.191 3e333b09-014c-41da-b7c3-99620c595499
WARN  [15:30:37.616] [mlr3] train: Stopped because hard maximum generation limit was hit.
INFO  [15:30:39.503] [bbotk] Evaluating 1 configuration(s)
INFO  [15:30:39.907] [bbotk] Result of batch 19:
INFO  [15:30:39.921] [bbotk]      alpha         s       acq_ei  x_domain .already_evaluated classif.bbrier
INFO  [15:30:39.921] [bbotk]  0.9724301 -5.964216 2.386956e-05 <list[2]>              FALSE     0.02060923
INFO  [15:30:39.921] [bbotk]  warnings errors runtime_learners                                uhash
INFO  [15:30:39.921] [bbotk]         0      0            0.228 3fdd09b8-bd4a-4ccf-8a77-5cddc4b4f379
INFO  [15:30:41.892] [bbotk] Evaluating 1 configuration(s)
INFO  [15:30:42.288] [bbotk] Result of batch 20:
INFO  [15:30:42.343] [bbotk]      alpha         s       acq_ei  x_domain .already_evaluated classif.bbrier
INFO  [15:30:42.343] [bbotk]  0.2729123 -3.010719 2.953294e-05 <list[2]>              FALSE     0.03375941
INFO  [15:30:42.343] [bbotk]  warnings errors runtime_learners                                uhash
INFO  [15:30:42.343] [bbotk]         0      0             0.18 cfedd93a-5330-48b2-b673-65cd1934fe48
INFO  [15:30:44.161] [bbotk] Evaluating 1 configuration(s)
INFO  [15:30:44.750] [bbotk] Result of batch 21:
INFO  [15:30:44.772] [bbotk]      alpha        s      acq_ei  x_domain .already_evaluated classif.bbrier
INFO  [15:30:44.772] [bbotk]  0.6427713 -5.79938 1.60759e-05 <list[2]>              FALSE     0.01935537
INFO  [15:30:44.772] [bbotk]  warnings errors runtime_learners                                uhash
INFO  [15:30:44.772] [bbotk]         0      0            0.277 241be9a6-a05c-44f8-8b8e-8a75b95f9d9c
INFO  [15:30:46.756] [bbotk] Evaluating 1 configuration(s)
INFO  [15:30:47.016] [bbotk] Result of batch 22:
INFO  [15:30:47.049] [bbotk]      alpha         s       acq_ei  x_domain .already_evaluated classif.bbrier
INFO  [15:30:47.049] [bbotk]  0.1712846 -8.126218 9.644145e-06 <list[2]>              FALSE     0.02659133
INFO  [15:30:47.049] [bbotk]  warnings errors runtime_learners                                uhash
INFO  [15:30:47.049] [bbotk]         0      0            0.103 14c19f0d-0774-47d3-a6f1-7ddf0b4d7828
WARN  [15:30:47.366] [mlr3] train: Stopped because hard maximum generation limit was hit.
INFO  [15:30:49.114] [bbotk] Evaluating 1 configuration(s)
INFO  [15:30:49.427] [bbotk] Result of batch 23:
INFO  [15:30:49.466] [bbotk]        alpha         s       acq_ei  x_domain .already_evaluated classif.bbrier
INFO  [15:30:49.466] [bbotk]  0.001083237 -6.891014 9.725256e-05 <list[2]>              FALSE     0.02652054
INFO  [15:30:49.466] [bbotk]  warnings errors runtime_learners                                uhash
INFO  [15:30:49.466] [bbotk]         0      0             0.09 e5eb5265-c9c1-40f4-a9a2-450f6e374789
INFO  [15:30:51.466] [bbotk] Evaluating 1 configuration(s)
INFO  [15:30:51.799] [bbotk] Result of batch 24:
INFO  [15:30:51.821] [bbotk]      alpha         s       acq_ei  x_domain .already_evaluated classif.bbrier
INFO  [15:30:51.821] [bbotk]  0.3999781 -5.378328 2.729121e-05 <list[2]>              FALSE     0.01951066
INFO  [15:30:51.821] [bbotk]  warnings errors runtime_learners                                uhash
INFO  [15:30:51.821] [bbotk]         0      0            0.141 719e20be-7e59-46ef-b8c9-da21bc235ab6
INFO  [15:30:54.075] [bbotk] Evaluating 1 configuration(s)
INFO  [15:30:54.447] [bbotk] Result of batch 25:
INFO  [15:30:54.513] [bbotk]       alpha         s       acq_ei  x_domain .already_evaluated classif.bbrier
INFO  [15:30:54.513] [bbotk]  0.06086153 -9.202985 2.300377e-05 <list[2]>              FALSE     0.02364126
INFO  [15:30:54.513] [bbotk]  warnings errors runtime_learners                                uhash
INFO  [15:30:54.513] [bbotk]         0      0            0.126 1f9576e6-09ac-4ab3-9b13-f3b093185a58
INFO  [15:30:56.793] [bbotk] Evaluating 1 configuration(s)
INFO  [15:30:57.204] [bbotk] Result of batch 26:
INFO  [15:30:57.257] [bbotk]      alpha         s       acq_ei  x_domain .already_evaluated classif.bbrier
INFO  [15:30:57.257] [bbotk]  0.5693067 -5.828728 1.472709e-05 <list[2]>              FALSE     0.01932471
INFO  [15:30:57.257] [bbotk]  warnings errors runtime_learners                                uhash
INFO  [15:30:57.257] [bbotk]         0      0            0.182 2a600242-39b6-424f-a28f-8f693ff12c94
WARN  [15:30:57.619] [mlr3] train: Stopped because hard maximum generation limit was hit.
INFO  [15:30:59.451] [bbotk] Evaluating 1 configuration(s)
INFO  [15:30:59.778] [bbotk] Result of batch 27:
INFO  [15:30:59.822] [bbotk]      alpha         s       acq_ei  x_domain .already_evaluated classif.bbrier
INFO  [15:30:59.822] [bbotk]  0.4532794 -5.717488 1.634334e-05 <list[2]>              FALSE     0.01930116
INFO  [15:30:59.822] [bbotk]  warnings errors runtime_learners                                uhash
INFO  [15:30:59.822] [bbotk]         0      0            0.134 dd7f3a66-3d26-46f6-a7dd-732b7e898f39
WARN  [15:31:00.030] [mlr3] train: Stopped because hard maximum generation limit was hit.
INFO  [15:31:01.938] [bbotk] Evaluating 1 configuration(s)
INFO  [15:31:02.278] [bbotk] Result of batch 28:
INFO  [15:31:02.294] [bbotk]      alpha         s       acq_ei  x_domain .already_evaluated classif.bbrier
INFO  [15:31:02.294] [bbotk]  0.5353756 -5.725474 1.444855e-05 <list[2]>              FALSE     0.01928087
INFO  [15:31:02.294] [bbotk]  warnings errors runtime_learners                                uhash
INFO  [15:31:02.294] [bbotk]         0      0            0.144 ca30f4f7-bdc9-4d7f-9f83-3395b63ebae9
INFO  [15:31:04.045] [bbotk] Evaluating 1 configuration(s)
INFO  [15:31:04.344] [bbotk] Result of batch 29:
INFO  [15:31:04.376] [bbotk]       alpha        s       acq_ei  x_domain .already_evaluated classif.bbrier
INFO  [15:31:04.376] [bbotk]  0.01607636 9.189183 1.082144e-05 <list[2]>              FALSE      0.2354112
INFO  [15:31:04.376] [bbotk]  warnings errors runtime_learners                                uhash
INFO  [15:31:04.376] [bbotk]         0      0            0.096 5468c577-d65b-4a58-8712-91860e4de41b
INFO  [15:31:06.286] [bbotk] Evaluating 1 configuration(s)
INFO  [15:31:06.677] [bbotk] Result of batch 30:
INFO  [15:31:06.696] [bbotk]      alpha         s       acq_ei  x_domain .already_evaluated classif.bbrier
INFO  [15:31:06.696] [bbotk]  0.5771087 -5.761562 3.618528e-06 <list[2]>              FALSE     0.01927879
INFO  [15:31:06.696] [bbotk]  warnings errors runtime_learners                                uhash
INFO  [15:31:06.696] [bbotk]         0      0            0.181 8204d98c-e358-4a6c-882c-cf104d05e72e
WARN  [15:31:06.966] [mlr3] train: Stopped because hard maximum generation limit was hit.
INFO  [15:31:08.670] [bbotk] Evaluating 1 configuration(s)
INFO  [15:31:09.045] [bbotk] Result of batch 31:
INFO  [15:31:09.082] [bbotk]      alpha         s       acq_ei  x_domain .already_evaluated classif.bbrier
INFO  [15:31:09.082] [bbotk]  0.5338877 -5.729555 4.605201e-06 <list[2]>              FALSE     0.01928308
INFO  [15:31:09.082] [bbotk]  warnings errors runtime_learners                                uhash
INFO  [15:31:09.082] [bbotk]         0      0            0.177 680cfd1b-2b64-46a6-9081-ae42cf04abbe
INFO  [15:31:11.294] [bbotk] Evaluating 1 configuration(s)
INFO  [15:31:11.671] [bbotk] Result of batch 32:
INFO  [15:31:11.700] [bbotk]     alpha         s     acq_ei  x_domain .already_evaluated classif.bbrier
INFO  [15:31:11.700] [bbotk]  0.197872 -4.137203 3.7754e-06 <list[2]>              FALSE     0.02359032
INFO  [15:31:11.700] [bbotk]  warnings errors runtime_learners                                uhash
INFO  [15:31:11.700] [bbotk]         0      0            0.141 0488cbfd-2eb9-4bd2-ad7e-cf50faeabb72
INFO  [15:31:13.904] [bbotk] Evaluating 1 configuration(s)
INFO  [15:31:14.273] [bbotk] Result of batch 33:
INFO  [15:31:14.289] [bbotk]      alpha         s       acq_ei  x_domain .already_evaluated classif.bbrier
INFO  [15:31:14.289] [bbotk]  0.5864404 -5.744769 2.149381e-06 <list[2]>              FALSE     0.01928218
INFO  [15:31:14.289] [bbotk]  warnings errors runtime_learners                                uhash
INFO  [15:31:14.289] [bbotk]         0      0            0.176 1a9e674c-efd9-4dda-aba8-f310e8c332f8
INFO  [15:31:16.989] [bbotk] Evaluating 1 configuration(s)
INFO  [15:31:17.879] [bbotk] Result of batch 34:
INFO  [15:31:17.901] [bbotk]      alpha         s     acq_ei  x_domain .already_evaluated classif.bbrier
INFO  [15:31:17.901] [bbotk]  0.5766497 -5.758965 2.7373e-06 <list[2]>              FALSE     0.01927821
INFO  [15:31:17.901] [bbotk]  warnings errors runtime_learners                                uhash
INFO  [15:31:17.901] [bbotk]         0      0            0.264 cb5e74c0-76cb-4aed-a784-eee13d405c2d
WARN  [15:31:18.515] [mlr3] train: Stopped because hard maximum generation limit was hit.
INFO  [15:31:20.438] [bbotk] Evaluating 1 configuration(s)
INFO  [15:31:20.812] [bbotk] Result of batch 35:
INFO  [15:31:20.880] [bbotk]       alpha         s      acq_ei  x_domain .already_evaluated classif.bbrier
INFO  [15:31:20.880] [bbotk]  0.06779471 -4.078921 0.009259656 <list[2]>              FALSE     0.02317589
INFO  [15:31:20.880] [bbotk]  warnings errors runtime_learners                                uhash
INFO  [15:31:20.880] [bbotk]         0      0             0.16 d675ff2c-2c83-4817-9f86-22cbe65bc512
INFO  [15:31:23.191] [bbotk] Evaluating 1 configuration(s)
INFO  [15:31:23.453] [bbotk] Result of batch 36:
INFO  [15:31:23.473] [bbotk]         alpha         s       acq_ei  x_domain .already_evaluated
INFO  [15:31:23.473] [bbotk]  0.0007298526 -2.609439 2.168734e-05 <list[2]>              FALSE
INFO  [15:31:23.473] [bbotk]  classif.bbrier warnings errors runtime_learners
INFO  [15:31:23.473] [bbotk]       0.0318438        0      0            0.086
INFO  [15:31:23.473] [bbotk]                                 uhash
INFO  [15:31:23.473] [bbotk]  6ccc9972-f9b6-460a-b985-d8d82819d16f
WARN  [15:31:23.836] [mlr3] train: Stopped because hard maximum generation limit was hit.
INFO  [15:31:25.700] [bbotk] Evaluating 1 configuration(s)
INFO  [15:31:26.331] [bbotk] Result of batch 37:
INFO  [15:31:26.373] [bbotk]      alpha         s       acq_ei  x_domain .already_evaluated classif.bbrier
INFO  [15:31:26.373] [bbotk]  0.9969144 -2.798914 2.427726e-05 <list[2]>              FALSE     0.05084653
INFO  [15:31:26.373] [bbotk]  warnings errors runtime_learners                                uhash
INFO  [15:31:26.373] [bbotk]         0      0            0.373 94a83072-4e9b-454d-9f7e-e1a40e97cb26
WARN  [15:31:27.029] [mlr3] train: Stopped because hard maximum generation limit was hit.
INFO  [15:31:28.495] [bbotk] Evaluating 1 configuration(s)
INFO  [15:31:29.048] [bbotk] Result of batch 38:
INFO  [15:31:29.077] [bbotk]      alpha         s       acq_ei  x_domain .already_evaluated classif.bbrier
INFO  [15:31:29.077] [bbotk]  0.9859358 -7.364648 7.073413e-06 <list[2]>              FALSE     0.02690087
INFO  [15:31:29.077] [bbotk]  warnings errors runtime_learners                                uhash
INFO  [15:31:29.077] [bbotk]         0      0            0.343 b76cbbc3-0143-4816-b29a-c956439a5aa2
INFO  [15:31:31.825] [bbotk] Evaluating 1 configuration(s)
INFO  [15:31:32.246] [bbotk] Result of batch 39:
INFO  [15:31:32.263] [bbotk]      alpha         s       acq_ei  x_domain .already_evaluated classif.bbrier
INFO  [15:31:32.263] [bbotk]  0.5719718 -9.208103 6.201065e-06 <list[2]>              FALSE     0.03091138
INFO  [15:31:32.263] [bbotk]  warnings errors runtime_learners                                uhash
INFO  [15:31:32.263] [bbotk]         0      0            0.138 af86da47-84a0-48a4-bf53-310fcb45feb3
INFO  [15:31:34.366] [bbotk] Evaluating 1 configuration(s)
INFO  [15:31:34.785] [bbotk] Result of batch 40:
INFO  [15:31:34.797] [bbotk]      alpha         s       acq_ei  x_domain .already_evaluated classif.bbrier
INFO  [15:31:34.797] [bbotk]  0.4627989 -5.535757 2.537374e-05 <list[2]>              FALSE     0.01933863
INFO  [15:31:34.797] [bbotk]  warnings errors runtime_learners                                uhash
INFO  [15:31:34.797] [bbotk]         0      0            0.176 795c8d02-ab7c-46a3-92f1-5e4c70ee262d
WARN  [15:31:35.085] [mlr3] train: Stopped because hard maximum generation limit was hit.
INFO  [15:31:37.203] [bbotk] Evaluating 1 configuration(s)
INFO  [15:31:37.637] [bbotk] Result of batch 41:
INFO  [15:31:37.669] [bbotk]      alpha         s       acq_ei  x_domain .already_evaluated classif.bbrier
INFO  [15:31:37.669] [bbotk]  0.3932855 -6.424927 5.227034e-06 <list[2]>              FALSE     0.02051206
INFO  [15:31:37.669] [bbotk]  warnings errors runtime_learners                                uhash
INFO  [15:31:37.669] [bbotk]         0      0            0.174 7bab310f-3354-4147-8e32-d5fd67311b4f
WARN  [15:31:38.047] [mlr3] train: Stopped because hard maximum generation limit was hit.
INFO  [15:31:39.985] [bbotk] Evaluating 1 configuration(s)
INFO  [15:31:40.586] [bbotk] Result of batch 42:
INFO  [15:31:40.671] [bbotk]      alpha         s       acq_ei  x_domain .already_evaluated classif.bbrier
INFO  [15:31:40.671] [bbotk]  0.5605528 -5.749283 3.895957e-06 <list[2]>              FALSE      0.0192774
INFO  [15:31:40.671] [bbotk]  warnings errors runtime_learners                                uhash
INFO  [15:31:40.671] [bbotk]         0      0            0.219 1cb6c367-1916-45c1-8529-539ad6b76522
WARN  [15:31:41.449] [mlr3] train: Stopped because hard maximum generation limit was hit.
INFO  [15:31:43.226] [bbotk] Evaluating 1 configuration(s)
INFO  [15:31:43.605] [bbotk] Result of batch 43:
INFO  [15:31:43.622] [bbotk]      alpha         s       acq_ei  x_domain .already_evaluated classif.bbrier
INFO  [15:31:43.622] [bbotk]  0.5528787 -5.735313 2.482476e-06 <list[2]>              FALSE       0.019276
INFO  [15:31:43.622] [bbotk]  warnings errors runtime_learners                                uhash
INFO  [15:31:43.622] [bbotk]         0      0            0.181 539d40e6-856b-41a3-9027-b671a9be2162
WARN  [15:31:44.160] [mlr3] train: Stopped because hard maximum generation limit was hit.
INFO  [15:31:46.226] [bbotk] Evaluating 1 configuration(s)
INFO  [15:31:46.596] [bbotk] Result of batch 44:
INFO  [15:31:46.622] [bbotk]      alpha         s       acq_ei  x_domain .already_evaluated classif.bbrier
INFO  [15:31:46.622] [bbotk]  0.3161446 -4.599152 2.024157e-06 <list[2]>              FALSE     0.02179685
INFO  [15:31:46.622] [bbotk]  warnings errors runtime_learners                                uhash
INFO  [15:31:46.622] [bbotk]         0      0            0.162 b087e38b-3534-4787-9b8b-f9ac5d48f730
INFO  [15:31:48.992] [bbotk] Evaluating 1 configuration(s)
INFO  [15:31:49.530] [bbotk] Result of batch 45:
INFO  [15:31:49.577] [bbotk]      alpha         s       acq_ei  x_domain .already_evaluated classif.bbrier
INFO  [15:31:49.577] [bbotk]  0.8816125 -4.822155 2.940643e-06 <list[2]>              FALSE     0.02337912
INFO  [15:31:49.577] [bbotk]  warnings errors runtime_learners                                uhash
INFO  [15:31:49.577] [bbotk]         0      0            0.281 d1a8710f-feb9-4b58-a0f5-cf8597a9458c
INFO  [15:31:51.892] [bbotk] Evaluating 1 configuration(s)
INFO  [15:31:52.326] [bbotk] Result of batch 46:
INFO  [15:31:52.341] [bbotk]      alpha         s       acq_ei  x_domain .already_evaluated classif.bbrier
INFO  [15:31:52.341] [bbotk]  0.5301013 -5.754962 1.339583e-06 <list[2]>              FALSE     0.01929318
INFO  [15:31:52.341] [bbotk]  warnings errors runtime_learners                                uhash
INFO  [15:31:52.341] [bbotk]         0      0            0.191 5afa9f2f-ae7d-423f-a8f1-9f3233716bb3
WARN  [15:31:52.664] [mlr3] train: Stopped because hard maximum generation limit was hit.
INFO  [15:31:55.357] [bbotk] Evaluating 1 configuration(s)
INFO  [15:31:55.693] [bbotk] Result of batch 47:
INFO  [15:31:55.705] [bbotk]      alpha         s       acq_ei  x_domain .already_evaluated classif.bbrier
INFO  [15:31:55.705] [bbotk]  0.5808094 -5.670814 7.804147e-07 <list[2]>              FALSE     0.01929864
INFO  [15:31:55.705] [bbotk]  warnings errors runtime_learners                                uhash
INFO  [15:31:55.705] [bbotk]         0      0             0.15 b210412b-80f3-4a79-af2a-5b504c065843
WARN  [15:31:56.044] [mlr3] train: Stopped because hard maximum generation limit was hit.
INFO  [15:31:58.443] [bbotk] Evaluating 1 configuration(s)
INFO  [15:31:58.947] [bbotk] Result of batch 48:
INFO  [15:31:59.028] [bbotk]      alpha         s      acq_ei  x_domain .already_evaluated classif.bbrier
INFO  [15:31:59.028] [bbotk]  0.5605593 -5.728153 2.32428e-06 <list[2]>              FALSE     0.01927263
INFO  [15:31:59.028] [bbotk]  warnings errors runtime_learners                                uhash
INFO  [15:31:59.028] [bbotk]         0      0            0.175 b4f145df-fa14-472f-ad79-16bcfd8acfe1
INFO  [15:32:00.923] [bbotk] Evaluating 1 configuration(s)
INFO  [15:32:01.308] [bbotk] Result of batch 49:
INFO  [15:32:01.318] [bbotk]      alpha         s       acq_ei  x_domain .already_evaluated classif.bbrier
INFO  [15:32:01.318] [bbotk]  0.5835698 -5.757898 3.564696e-07 <list[2]>              FALSE     0.01928058
INFO  [15:32:01.318] [bbotk]  warnings errors runtime_learners                                uhash
INFO  [15:32:01.318] [bbotk]         0      0             0.19 604a2dc2-17e3-4798-ab17-b42490d6f13d
INFO  [15:32:03.957] [bbotk] Evaluating 1 configuration(s)
INFO  [15:32:04.565] [bbotk] Result of batch 50:
INFO  [15:32:04.607] [bbotk]      alpha         s       acq_ei  x_domain .already_evaluated classif.bbrier
INFO  [15:32:04.607] [bbotk]  0.5587496 -5.722762 1.162448e-06 <list[2]>              FALSE      0.0192706
INFO  [15:32:04.607] [bbotk]  warnings errors runtime_learners                                uhash
INFO  [15:32:04.607] [bbotk]         0      0            0.167 24b6d768-0ca6-4e0f-986f-6390886e45ae
WARN  [15:32:05.056] [mlr3] train: Stopped because hard maximum generation limit was hit.
INFO  [15:32:06.906] [bbotk] Evaluating 1 configuration(s)
INFO  [15:32:07.295] [bbotk] Result of batch 51:
INFO  [15:32:07.365] [bbotk]      alpha         s       acq_ei  x_domain .already_evaluated classif.bbrier
INFO  [15:32:07.365] [bbotk]  0.5785559 -5.752005 3.906786e-07 <list[2]>              FALSE     0.01927684
INFO  [15:32:07.365] [bbotk]  warnings errors runtime_learners                                uhash
INFO  [15:32:07.365] [bbotk]         0      0            0.186 b28bda27-4576-41ab-b6ed-530c9d7d9c42
INFO  [15:32:09.822] [bbotk] Evaluating 1 configuration(s)
INFO  [15:32:10.213] [bbotk] Result of batch 52:
INFO  [15:32:10.223] [bbotk]      alpha         s       acq_ei  x_domain .already_evaluated classif.bbrier
INFO  [15:32:10.223] [bbotk]  0.3941699 -4.997844 2.580185e-07 <list[2]>              FALSE     0.02038384
INFO  [15:32:10.223] [bbotk]  warnings errors runtime_learners                                uhash
INFO  [15:32:10.223] [bbotk]         0      0            0.167 9f466f32-6381-463c-87c7-ee1c04337dfe
INFO  [15:32:12.563] [bbotk] Evaluating 1 configuration(s)
INFO  [15:32:13.004] [bbotk] Result of batch 53:
INFO  [15:32:13.304] [bbotk]      alpha         s       acq_ei  x_domain .already_evaluated classif.bbrier
INFO  [15:32:13.304] [bbotk]  0.3047308 -7.710877 2.501827e-07 <list[2]>              FALSE     0.02498549
INFO  [15:32:13.304] [bbotk]  warnings errors runtime_learners                                uhash
INFO  [15:32:13.304] [bbotk]         0      0            0.156 e83a66a2-59c1-442f-8308-5bf825c27aab
INFO  [15:32:15.823] [bbotk] Evaluating 1 configuration(s)
INFO  [15:32:16.389] [bbotk] Result of batch 54:
INFO  [15:32:16.478] [bbotk]     alpha         s       acq_ei  x_domain .already_evaluated classif.bbrier
INFO  [15:32:16.478] [bbotk]  0.551427 -5.722522 5.021675e-07 <list[2]>              FALSE     0.01927367
INFO  [15:32:16.478] [bbotk]  warnings errors runtime_learners                                uhash
INFO  [15:32:16.478] [bbotk]         0      0            0.346 248289d4-452a-4df9-bf9b-d3d721a5b995
INFO  [15:32:19.031] [bbotk] Evaluating 1 configuration(s)
INFO  [15:32:19.447] [bbotk] Result of batch 55:
INFO  [15:32:19.479] [bbotk]      alpha         s       acq_ei  x_domain .already_evaluated classif.bbrier
INFO  [15:32:19.479] [bbotk]  0.6825544 -6.271488 3.710054e-07 <list[2]>              FALSE     0.02029921
INFO  [15:32:19.479] [bbotk]  warnings errors runtime_learners                                uhash
INFO  [15:32:19.479] [bbotk]         0      0            0.197 f03dd980-6bfb-4cd5-90ce-02915726989a
INFO  [15:32:21.963] [bbotk] Evaluating 1 configuration(s)
INFO  [15:32:22.526] [bbotk] Result of batch 56:
INFO  [15:32:22.621] [bbotk]      alpha         s       acq_ei  x_domain .already_evaluated classif.bbrier
INFO  [15:32:22.621] [bbotk]  0.5663033 -5.741684 1.069204e-06 <list[2]>              FALSE     0.01927464
INFO  [15:32:22.621] [bbotk]  warnings errors runtime_learners                                uhash
INFO  [15:32:22.621] [bbotk]         0      0              0.2 c8be57f3-1ac9-4836-a56b-09260e630e09
INFO  [15:32:25.439] [bbotk] Evaluating 1 configuration(s)
INFO  [15:32:25.872] [bbotk] Result of batch 57:
INFO  [15:32:25.929] [bbotk]      alpha         s       acq_ei  x_domain .already_evaluated classif.bbrier
INFO  [15:32:25.929] [bbotk]  0.5529923 -5.724785 6.074317e-07 <list[2]>              FALSE     0.01927384
INFO  [15:32:25.929] [bbotk]  warnings errors runtime_learners                                uhash
INFO  [15:32:25.929] [bbotk]         0      0            0.185 7e4cad59-d005-40ed-9374-243433fc0555
WARN  [15:32:26.611] [mlr3] train: Stopped because hard maximum generation limit was hit.
INFO  [15:32:28.770] [bbotk] Evaluating 1 configuration(s)
INFO  [15:32:29.222] [bbotk] Result of batch 58:
INFO  [15:32:29.249] [bbotk]      alpha         s       acq_ei  x_domain .already_evaluated classif.bbrier
INFO  [15:32:29.249] [bbotk]  0.5610789 -5.740859 8.852523e-07 <list[2]>              FALSE     0.01927438
INFO  [15:32:29.249] [bbotk]  warnings errors runtime_learners                                uhash
INFO  [15:32:29.249] [bbotk]         0      0             0.19 7bde5aae-cacb-4e90-844e-0e065938a6da
INFO  [15:32:31.513] [bbotk] Evaluating 1 configuration(s)
INFO  [15:32:32.033] [bbotk] Result of batch 59:
INFO  [15:32:32.064] [bbotk]      alpha         s       acq_ei  x_domain .already_evaluated classif.bbrier
INFO  [15:32:32.064] [bbotk]  0.5574843 -5.757109 2.069277e-07 <list[2]>              FALSE     0.01927947
INFO  [15:32:32.064] [bbotk]  warnings errors runtime_learners                                uhash
INFO  [15:32:32.064] [bbotk]         0      0            0.243 6a486e20-776a-4ff2-98cd-f7dcbc4856b0
INFO  [15:32:34.596] [bbotk] Evaluating 1 configuration(s)
INFO  [15:32:35.054] [bbotk] Result of batch 60:
INFO  [15:32:35.072] [bbotk]      alpha         s       acq_ei  x_domain .already_evaluated classif.bbrier
INFO  [15:32:35.072] [bbotk]  0.5656042 -5.743517 7.904754e-07 <list[2]>              FALSE     0.01927417
INFO  [15:32:35.072] [bbotk]  warnings errors runtime_learners                                uhash
INFO  [15:32:35.072] [bbotk]         0      0            0.199 74fed1fe-bd4a-4ae0-83dc-84f8e152b545
WARN  [15:32:35.544] [mlr3] train: Stopped because hard maximum generation limit was hit.
INFO  [15:32:37.643] [bbotk] Evaluating 1 configuration(s)
INFO  [15:32:38.025] [bbotk] Result of batch 61:
INFO  [15:32:38.045] [bbotk]      alpha         s       acq_ei  x_domain .already_evaluated classif.bbrier
INFO  [15:32:38.045] [bbotk]  0.5685278 -5.748557 5.343555e-07 <list[2]>              FALSE     0.01927645
INFO  [15:32:38.045] [bbotk]  warnings errors runtime_learners                                uhash
INFO  [15:32:38.045] [bbotk]         0      0            0.174 2eb48f16-ea04-4d7b-8621-250a4a05610a
WARN  [15:32:38.567] [mlr3] train: Stopped because hard maximum generation limit was hit.
INFO  [15:32:40.915] [bbotk] Evaluating 1 configuration(s)
INFO  [15:32:41.831] [bbotk] Result of batch 62:
INFO  [15:32:41.861] [bbotk]      alpha         s       acq_ei  x_domain .already_evaluated classif.bbrier
INFO  [15:32:41.861] [bbotk]  0.5729108 -5.702797 2.122422e-07 <list[2]>              FALSE      0.0192753
INFO  [15:32:41.861] [bbotk]  warnings errors runtime_learners                                uhash
INFO  [15:32:41.861] [bbotk]         0      0             0.36 6e7bfa35-b4fe-4a63-abb1-6b942cf8438d
INFO  [15:32:44.141] [bbotk] Evaluating 1 configuration(s)
INFO  [15:32:44.591] [bbotk] Result of batch 63:
INFO  [15:32:44.610] [bbotk]      alpha         s       acq_ei  x_domain .already_evaluated classif.bbrier
INFO  [15:32:44.610] [bbotk]  0.3547799 -5.545104 2.086645e-07 <list[2]>              FALSE     0.01936424
INFO  [15:32:44.610] [bbotk]  warnings errors runtime_learners                                uhash
INFO  [15:32:44.610] [bbotk]         0      0            0.157 1138c757-88c6-421d-9180-3be0dd3bc997
INFO  [15:32:47.191] [bbotk] Evaluating 1 configuration(s)
INFO  [15:32:47.609] [bbotk] Result of batch 64:
INFO  [15:32:47.627] [bbotk]      alpha         s       acq_ei  x_domain .already_evaluated classif.bbrier
INFO  [15:32:47.627] [bbotk]  0.5768403 -5.726588 8.558429e-07 <list[2]>              FALSE     0.01927648
INFO  [15:32:47.627] [bbotk]  warnings errors runtime_learners                                uhash
INFO  [15:32:47.627] [bbotk]         0      0            0.212 8593a511-e81f-449e-939b-6918ff936f89
INFO  [15:32:50.271] [bbotk] Evaluating 1 configuration(s)
INFO  [15:32:50.687] [bbotk] Result of batch 65:
INFO  [15:32:50.707] [bbotk]      alpha         s       acq_ei  x_domain .already_evaluated classif.bbrier
INFO  [15:32:50.707] [bbotk]  0.5700662 -5.695778 7.522871e-08 <list[2]>              FALSE     0.01927509
INFO  [15:32:50.707] [bbotk]  warnings errors runtime_learners                                uhash
INFO  [15:32:50.707] [bbotk]         0      0            0.159 b0facd76-0549-40d9-8484-fcb15bfc243b
INFO  [15:32:54.032] [bbotk] Evaluating 1 configuration(s)
INFO  [15:32:54.742] [bbotk] Result of batch 66:
INFO  [15:32:54.873] [bbotk]      alpha         s       acq_ei  x_domain .already_evaluated classif.bbrier
INFO  [15:32:54.873] [bbotk]  0.5498851 -5.710906 2.479598e-07 <list[2]>              FALSE     0.01927217
INFO  [15:32:54.873] [bbotk]  warnings errors runtime_learners                                uhash
INFO  [15:32:54.873] [bbotk]         0      0            0.283 ae0c942b-5c70-4e68-8b67-123f73e0ca15
INFO  [15:32:57.323] [bbotk] Evaluating 1 configuration(s)
INFO  [15:32:57.766] [bbotk] Result of batch 67:
INFO  [15:32:57.798] [bbotk]      alpha         s       acq_ei  x_domain .already_evaluated classif.bbrier
INFO  [15:32:57.798] [bbotk]  0.5627318 -5.717911 1.176695e-06 <list[2]>              FALSE     0.01927099
INFO  [15:32:57.798] [bbotk]  warnings errors runtime_learners                                uhash
INFO  [15:32:57.798] [bbotk]         0      0            0.188 04480144-a54b-4939-b859-9602535451a3
INFO  [15:33:00.269] [bbotk] Evaluating 1 configuration(s)
INFO  [15:33:00.669] [bbotk] Result of batch 68:
INFO  [15:33:00.695] [bbotk]      alpha         s     acq_ei  x_domain .already_evaluated classif.bbrier
INFO  [15:33:00.695] [bbotk]  0.5862494 -5.717016 1.6188e-07 <list[2]>              FALSE     0.01928565
INFO  [15:33:00.695] [bbotk]  warnings errors runtime_learners                                uhash
INFO  [15:33:00.695] [bbotk]         0      0            0.197 da053072-36a1-424a-a289-2aa7f194aed3
INFO  [15:33:03.101] [bbotk] Evaluating 1 configuration(s)
INFO  [15:33:03.731] [bbotk] Result of batch 69:
INFO  [15:33:03.818] [bbotk]      alpha         s       acq_ei  x_domain .already_evaluated classif.bbrier
INFO  [15:33:03.818] [bbotk]  0.5511295 -5.701803 1.828854e-07 <list[2]>              FALSE      0.0192712
INFO  [15:33:03.818] [bbotk]  warnings errors runtime_learners                                uhash
INFO  [15:33:03.818] [bbotk]         0      0             0.35 dd269274-7eb7-480e-9267-fd25e9f8c2f8
INFO  [15:33:05.901] [bbotk] Evaluating 1 configuration(s)
INFO  [15:33:06.305] [bbotk] Result of batch 70:
INFO  [15:33:06.324] [bbotk]      alpha         s       acq_ei  x_domain .already_evaluated classif.bbrier
INFO  [15:33:06.324] [bbotk]  0.5551172 -5.709351 7.077089e-07 <list[2]>              FALSE      0.0192716
INFO  [15:33:06.324] [bbotk]  warnings errors runtime_learners                                uhash
INFO  [15:33:06.324] [bbotk]         0      0            0.199 2a1c4633-0134-44ee-8fca-16d246b2dadb
WARN  [15:33:07.258] [mlr3] train: Stopped because hard maximum generation limit was hit.
INFO  [15:33:09.232] [bbotk] Evaluating 1 configuration(s)
INFO  [15:33:09.585] [bbotk] Result of batch 71:
INFO  [15:33:09.599] [bbotk]      alpha         s       acq_ei  x_domain .already_evaluated classif.bbrier
INFO  [15:33:09.599] [bbotk]  0.8597685 -5.802207 2.966839e-08 <list[2]>              FALSE     0.01974329
INFO  [15:33:09.599] [bbotk]  warnings errors runtime_learners                                uhash
INFO  [15:33:09.599] [bbotk]         0      0             0.18 0ca53f67-eec1-42dd-a561-7d862d32ae0a
INFO  [15:33:12.286] [bbotk] Evaluating 1 configuration(s)
INFO  [15:33:12.730] [bbotk] Result of batch 72:
INFO  [15:33:12.745] [bbotk]      alpha         s       acq_ei  x_domain .already_evaluated classif.bbrier
INFO  [15:33:12.745] [bbotk]  0.5742623 -5.703855 2.446571e-07 <list[2]>              FALSE     0.01927638
INFO  [15:33:12.745] [bbotk]  warnings errors runtime_learners                                uhash
INFO  [15:33:12.745] [bbotk]         0      0            0.199 48465666-b021-4ae7-b8e7-dec957467816
WARN  [15:33:13.719] [mlr3] train: Stopped because hard maximum generation limit was hit.
INFO  [15:33:15.377] [bbotk] Evaluating 1 configuration(s)
INFO  [15:33:15.850] [bbotk] Result of batch 73:
INFO  [15:33:15.863] [bbotk]      alpha         s       acq_ei  x_domain .already_evaluated classif.bbrier
INFO  [15:33:15.863] [bbotk]  0.5436624 -5.735014 1.333403e-07 <list[2]>              FALSE       0.019278
INFO  [15:33:15.863] [bbotk]  warnings errors runtime_learners                                uhash
INFO  [15:33:15.863] [bbotk]         0      0            0.191 6f00b127-6907-4b15-861b-b5b09265dff7
INFO  [15:33:18.646] [bbotk] Evaluating 1 configuration(s)
INFO  [15:33:19.095] [bbotk] Result of batch 74:
INFO  [15:33:19.147] [bbotk]     alpha         s       acq_ei  x_domain .already_evaluated classif.bbrier
INFO  [15:33:19.147] [bbotk]  0.556338 -5.729812 9.504251e-07 <list[2]>              FALSE     0.01927411
INFO  [15:33:19.147] [bbotk]  warnings errors runtime_learners                                uhash
INFO  [15:33:19.147] [bbotk]         0      0            0.189 31d9dcbc-6d12-46bf-afd8-09ec2ce98559
INFO  [15:33:21.882] [bbotk] Evaluating 1 configuration(s)
INFO  [15:33:22.455] [bbotk] Result of batch 75:
INFO  [15:33:22.496] [bbotk]      alpha         s       acq_ei  x_domain .already_evaluated classif.bbrier
INFO  [15:33:22.496] [bbotk]  0.5684072 -5.747771 4.561753e-07 <list[2]>              FALSE     0.01927627
INFO  [15:33:22.496] [bbotk]  warnings errors runtime_learners                                uhash
INFO  [15:33:22.496] [bbotk]         0      0             0.19 332f750b-3781-4468-a01b-4decd237cbfa
INFO  [15:33:24.534] [bbotk] Evaluating 1 configuration(s)
INFO  [15:33:24.958] [bbotk] Result of batch 76:
INFO  [15:33:24.969] [bbotk]      alpha         s       acq_ei  x_domain .already_evaluated classif.bbrier
INFO  [15:33:24.969] [bbotk]  0.5757464 -5.730174 1.658964e-07 <list[2]>              FALSE     0.01927565
INFO  [15:33:24.969] [bbotk]  warnings errors runtime_learners                                uhash
INFO  [15:33:24.969] [bbotk]         0      0            0.192 195a15f0-7bd8-4f05-983d-9e172454eb24
INFO  [15:33:27.903] [bbotk] Evaluating 1 configuration(s)
INFO  [15:33:28.332] [bbotk] Result of batch 77:
INFO  [15:33:28.375] [bbotk]      alpha         s       acq_ei  x_domain .already_evaluated classif.bbrier
INFO  [15:33:28.375] [bbotk]  0.3046511 -5.917922 3.714518e-08 <list[2]>              FALSE     0.01946477
INFO  [15:33:28.375] [bbotk]  warnings errors runtime_learners                                uhash
INFO  [15:33:28.375] [bbotk]         0      0            0.161 05049750-2d42-4f0f-8f77-d74290cbb09d
INFO  [15:33:30.714] [bbotk] Evaluating 1 configuration(s)
INFO  [15:33:31.156] [bbotk] Result of batch 78:
INFO  [15:33:31.180] [bbotk]      alpha         s       acq_ei  x_domain .already_evaluated classif.bbrier
INFO  [15:33:31.180] [bbotk]  0.5688555 -5.741865 5.359353e-07 <list[2]>              FALSE     0.01927533
INFO  [15:33:31.180] [bbotk]  warnings errors runtime_learners                                uhash
INFO  [15:33:31.180] [bbotk]         0      0            0.195 f549339a-72fa-438b-9688-6da43e61f52d
INFO  [15:33:33.689] [bbotk] Evaluating 1 configuration(s)
INFO  [15:33:34.132] [bbotk] Result of batch 79:
INFO  [15:33:34.153] [bbotk]      alpha         s       acq_ei  x_domain .already_evaluated classif.bbrier
INFO  [15:33:34.153] [bbotk]  0.5570831 -5.717544 9.683073e-07 <list[2]>              FALSE     0.01927157
INFO  [15:33:34.153] [bbotk]  warnings errors runtime_learners                                uhash
INFO  [15:33:34.153] [bbotk]         0      0            0.195 5df626a7-f21b-4ce2-80c3-7be16ea8ca1d
WARN  [15:33:34.744] [mlr3] train: Stopped because hard maximum generation limit was hit.
INFO  [15:33:37.781] [bbotk] Evaluating 1 configuration(s)
INFO  [15:33:38.063] [bbotk] Result of batch 80:
INFO  [15:33:38.083] [bbotk]      alpha         s       acq_ei  x_domain .already_evaluated classif.bbrier
INFO  [15:33:38.083] [bbotk]  0.3290655 -5.719579 2.064989e-07 <list[2]>              FALSE     0.01934653
INFO  [15:33:38.083] [bbotk]  warnings errors runtime_learners                                uhash
INFO  [15:33:38.083] [bbotk]         0      0             0.12 1f6152d0-cf06-49d1-a231-05638c465966
INFO  [15:33:40.565] [bbotk] Evaluating 1 configuration(s)
INFO  [15:33:40.996] [bbotk] Result of batch 81:
INFO  [15:33:41.026] [bbotk]      alpha         s      acq_ei  x_domain .already_evaluated classif.bbrier
INFO  [15:33:41.026] [bbotk]  0.3471141 -5.844063 1.80616e-07 <list[2]>              FALSE     0.01942323
INFO  [15:33:41.026] [bbotk]  warnings errors runtime_learners                                uhash
INFO  [15:33:41.026] [bbotk]         0      0            0.191 15213a89-9766-4524-b4eb-e3b4eb630c9f
INFO  [15:33:43.413] [bbotk] Evaluating 1 configuration(s)
INFO  [15:33:43.810] [bbotk] Result of batch 82:
INFO  [15:33:43.823] [bbotk]      alpha         s       acq_ei  x_domain .already_evaluated classif.bbrier
INFO  [15:33:43.823] [bbotk]  0.5697871 -5.742413 4.944009e-07 <list[2]>              FALSE     0.01927566
INFO  [15:33:43.823] [bbotk]  warnings errors runtime_learners                                uhash
INFO  [15:33:43.823] [bbotk]         0      0            0.199 56647823-b39f-4fae-809b-f2e0ab1d2c72
INFO  [15:33:46.995] [bbotk] Evaluating 1 configuration(s)
INFO  [15:33:47.399] [bbotk] Result of batch 83:
INFO  [15:33:47.414] [bbotk]      alpha         s       acq_ei  x_domain .already_evaluated classif.bbrier
INFO  [15:33:47.414] [bbotk]  0.5639502 -5.739306 6.661521e-07 <list[2]>              FALSE     0.01927421
INFO  [15:33:47.414] [bbotk]  warnings errors runtime_learners                                uhash
INFO  [15:33:47.414] [bbotk]         0      0            0.196 e48c5384-97a8-4637-952d-2cfb18c2d95a
INFO  [15:33:50.475] [bbotk] Evaluating 1 configuration(s)
INFO  [15:33:51.164] [bbotk] Result of batch 84:
INFO  [15:33:51.232] [bbotk]      alpha         s       acq_ei  x_domain .already_evaluated classif.bbrier
INFO  [15:33:51.232] [bbotk]  0.2814396 -5.473056 4.678595e-07 <list[2]>              FALSE     0.01939706
INFO  [15:33:51.232] [bbotk]  warnings errors runtime_learners                                uhash
INFO  [15:33:51.232] [bbotk]         0      0            0.272 46becf64-d6e5-44ab-80cb-8040d1717ed7
WARN  [15:33:52.137] [mlr3] train: Stopped because hard maximum generation limit was hit.
INFO  [15:33:54.115] [bbotk] Evaluating 1 configuration(s)
INFO  [15:33:54.520] [bbotk] Result of batch 85:
INFO  [15:33:54.542] [bbotk]      alpha         s       acq_ei  x_domain .already_evaluated classif.bbrier
INFO  [15:33:54.542] [bbotk]  0.2492926 -5.799687 7.093849e-08 <list[2]>              FALSE     0.01935105
INFO  [15:33:54.542] [bbotk]  warnings errors runtime_learners                                uhash
INFO  [15:33:54.542] [bbotk]         0      0            0.178 265c6972-9ca2-4f3f-8ecf-3752318d94bf
INFO  [15:33:57.330] [bbotk] Evaluating 1 configuration(s)
INFO  [15:33:57.696] [bbotk] Result of batch 86:
INFO  [15:33:57.711] [bbotk]      alpha         s       acq_ei  x_domain .already_evaluated classif.bbrier
INFO  [15:33:57.711] [bbotk]  0.5634416 -5.740534 5.772046e-07 <list[2]>              FALSE     0.01927441
INFO  [15:33:57.711] [bbotk]  warnings errors runtime_learners                                uhash
INFO  [15:33:57.711] [bbotk]         0      0             0.17 8bb37555-fe2d-4b61-b437-ed85e8a1a18d
INFO  [15:34:01.219] [bbotk] Evaluating 1 configuration(s)
INFO  [15:34:01.636] [bbotk] Result of batch 87:
INFO  [15:34:01.664] [bbotk]    alpha         s     acq_ei  x_domain .already_evaluated classif.bbrier
INFO  [15:34:01.664] [bbotk]  0.55021 -5.719981 4.8069e-07 <list[2]>              FALSE     0.01927342
INFO  [15:34:01.664] [bbotk]  warnings errors runtime_learners                                uhash
INFO  [15:34:01.664] [bbotk]         0      0            0.189 6c1f433f-9176-4aa5-9744-89b3d3a90b0b
INFO  [15:34:04.311] [bbotk] Evaluating 1 configuration(s)
INFO  [15:34:04.772] [bbotk] Result of batch 88:
INFO  [15:34:04.848] [bbotk]      alpha         s       acq_ei  x_domain .already_evaluated classif.bbrier
INFO  [15:34:04.848] [bbotk]  0.5654136 -5.729107 8.994016e-07 <list[2]>              FALSE     0.01927202
INFO  [15:34:04.848] [bbotk]  warnings errors runtime_learners                                uhash
INFO  [15:34:04.848] [bbotk]         0      0            0.179 2d2c8fc7-83cc-46a0-8734-5629bb76b3fc
INFO  [15:34:08.948] [bbotk] Evaluating 1 configuration(s)
INFO  [15:34:09.444] [bbotk] Result of batch 89:
INFO  [15:34:09.495] [bbotk]      alpha         s      acq_ei  x_domain .already_evaluated classif.bbrier
INFO  [15:34:09.495] [bbotk]  0.2323772 -6.197287 2.29973e-07 <list[2]>              FALSE     0.01983513
INFO  [15:34:09.495] [bbotk]  warnings errors runtime_learners                                uhash
INFO  [15:34:09.495] [bbotk]         0      0              0.2 cd85115a-244e-44ad-9503-8f5739d6564d
INFO  [15:34:11.674] [bbotk] Evaluating 1 configuration(s)
INFO  [15:34:12.049] [bbotk] Result of batch 90:
INFO  [15:34:12.099] [bbotk]      alpha         s      acq_ei  x_domain .already_evaluated classif.bbrier
INFO  [15:34:12.099] [bbotk]  0.5655457 -5.720945 1.00442e-06 <list[2]>              FALSE     0.01927134
INFO  [15:34:12.099] [bbotk]  warnings errors runtime_learners                                uhash
INFO  [15:34:12.099] [bbotk]         0      0            0.179 e9e7e5eb-d7dc-458f-8e60-9b3f29b5ffc4
INFO  [15:34:14.874] [bbotk] Evaluating 1 configuration(s)
INFO  [15:34:15.271] [bbotk] Result of batch 91:
INFO  [15:34:15.304] [bbotk]      alpha         s       acq_ei  x_domain .already_evaluated classif.bbrier
INFO  [15:34:15.304] [bbotk]  0.5609163 -5.733145 7.631735e-07 <list[2]>              FALSE     0.01927357
INFO  [15:34:15.304] [bbotk]  warnings errors runtime_learners                                uhash
INFO  [15:34:15.304] [bbotk]         0      0            0.186 f0efa486-e9a7-4501-94ae-d0858abe453e
INFO  [15:34:18.165] [bbotk] Evaluating 1 configuration(s)
INFO  [15:34:18.789] [bbotk] Result of batch 92:
INFO  [15:34:18.921] [bbotk]      alpha         s      acq_ei  x_domain .already_evaluated classif.bbrier
INFO  [15:34:18.921] [bbotk]  0.5579875 -5.732414 6.65342e-07 <list[2]>              FALSE     0.01927265
INFO  [15:34:18.921] [bbotk]  warnings errors runtime_learners                                uhash
INFO  [15:34:18.921] [bbotk]         0      0            0.282 2fafa87b-12a4-463a-92fc-1f914c3a483a
WARN  [15:34:19.575] [mlr3] train: Stopped because hard maximum generation limit was hit.
INFO  [15:34:21.766] [bbotk] Evaluating 1 configuration(s)
INFO  [15:34:22.202] [bbotk] Result of batch 93:
INFO  [15:34:22.214] [bbotk]      alpha         s       acq_ei  x_domain .already_evaluated classif.bbrier
INFO  [15:34:22.214] [bbotk]  0.5652532 -5.701745 3.923366e-07 <list[2]>              FALSE     0.01927098
INFO  [15:34:22.214] [bbotk]  warnings errors runtime_learners                                uhash
INFO  [15:34:22.214] [bbotk]         0      0            0.198 fab6b493-9aad-4221-a68a-5c87a01bad8e
WARN  [15:34:23.531] [mlr3] train: Stopped because hard maximum generation limit was hit.
INFO  [15:34:23.679] [bbotk] Finished optimizing after 100 evaluation(s)
INFO  [15:34:23.709] [bbotk] Result:
INFO  [15:34:23.760] [bbotk]      alpha         s learner_param_vals  x_domain classif.bbrier
INFO  [15:34:23.760] [bbotk]      <num>     <num>             <list>    <list>          <num>
INFO  [15:34:23.760] [bbotk]  0.5587496 -5.722762          <list[2]> <list[2]>      0.0192706
Warning: glm.fit: fitted probabilities numerically 0 or 1 occurred
This happened PipeOp classif.glmnet's $train()
[1] -131.3682
[1] 10.2348
Warning: glm.fit: fitted probabilities numerically 0 or 1 occurred
This happened PipeOp classif.glmnet's $train()
[1] -77.28731
[1] 38.55882
Warning: glm.fit: fitted probabilities numerically 0 or 1 occurred
This happened PipeOp classif.glmnet's $train()
[1] -80.96383
[1] 30.21381
Warning: glm.fit: fitted probabilities numerically 0 or 1 occurred
This happened PipeOp classif.glmnet's $train()
[1] -90.13497
[1] 66.34686
Warning: glm.fit: fitted probabilities numerically 0 or 1 occurred
This happened PipeOp classif.glmnet's $train()
[1] -172.4869
[1] 19.86146

### [bt]: Job terminated successfully [batchtools job.id=1081]
### [bt]: Calculation finished!
