### [bt]: This is batchtools v0.9.17
### [bt]: Starting calculation of 1 jobs
### [bt]: Setting working directory to '/content/drive/MyDrive/GitHub/Mater_Thesis_Calibration'
ece.R :
Friedmann_tasks.R :
Functions.R :
ici.R :
mse_feature_effects.R :
PipeOpCalibration_TuningExperiment.R :
PipeOpCalibration.R :
PipeOpCalibrationUnion.R :
### [bt]: Memory measurement disabled
### [bt]: Starting job [batchtools job.id=2114]
### [bt]: Generating problem instance for problem 'c27a1cbf9c91424a' ...
### [bt]: Applying algorithm 'run_learner' on problem 'c27a1cbf9c91424a' for job 2114 (seed = 2237) ...
INFO  [18:58:57.445] [mlr3] Applying learner 'xgboost TbC isotonic' on task 'ilpd' (iter 4/10)
INFO  [18:59:09.571] [bbotk] Starting to optimize 8 parameter(s) with '<OptimizerMbo>' and '<TerminatorEvals> [n_evals=100, k=0]'
INFO  [18:59:11.939] [bbotk] Evaluating 32 configuration(s)
INFO  [19:14:48.015] [bbotk] Result of batch 1:
INFO  [19:14:48.058] [bbotk]         alpha colsample_bylevel colsample_bytree        eta      lambda
INFO  [19:14:48.058] [bbotk]   3.027199855         0.8775975        0.8827538 -5.0485158 -1.38877938
INFO  [19:14:48.058] [bbotk]  -3.880555218         0.4275975        0.4327539 -0.4433456  5.51897631
INFO  [19:14:48.058] [bbotk]   6.481077495         0.2025975        0.2077539 -2.7459307 -4.84265702
INFO  [19:14:48.058] [bbotk]  -0.426677373         0.6525975        0.6577538 -7.3511009  2.06509867
INFO  [19:14:48.058] [bbotk]   1.300261035         0.5400975        0.7702538 -6.1998083 -3.11571820
INFO  [19:14:48.058] [bbotk]  -5.607493935         0.9900975        0.3202539 -1.5946382  3.79203749
INFO  [19:14:48.058] [bbotk]   4.754138675         0.7650975        0.5452539 -3.8972233 -6.56959576
INFO  [19:14:48.058] [bbotk]  -2.153616192         0.3150975        0.9952538 -8.5023934  0.33815985
INFO  [19:14:48.058] [bbotk]   2.163730445         0.2588475        0.3765039 -7.9267472  4.65550690
INFO  [19:14:48.058] [bbotk]  -4.744024628         0.7088475        0.8265038 -3.3215770 -2.25224879
INFO  [19:14:48.058] [bbotk]   5.617608085         0.9338475        0.6015038 -1.0189919  1.20162926
INFO  [19:14:48.058] [bbotk]  -1.290146782         0.4838475        0.1515039 -5.6241621 -5.70612633
INFO  [19:14:48.058] [bbotk]   0.436791626         0.5963475        0.2640039 -9.0780397  6.38244572
INFO  [19:14:48.058] [bbotk]  -6.470963345         0.1463475        0.7140038 -4.4728695 -0.52530997
INFO  [19:14:48.058] [bbotk]   3.890669265         0.3713475        0.9390038 -2.1702844  2.92856808
INFO  [19:14:48.058] [bbotk]  -3.017085602         0.8213475        0.4890039 -6.7754546 -3.97918761
INFO  [19:14:48.058] [bbotk]   5.185873380         0.4557225        0.4608789 -8.2145703 -0.95704468
INFO  [19:14:48.058] [bbotk]  -1.721881487         0.9057225        0.9108788 -3.6094001  5.95071101
INFO  [19:14:48.058] [bbotk]  -5.175759333         0.2307225        0.2358789 -5.9119852  2.49683338
INFO  [19:14:48.058] [bbotk]   1.731995740         0.6807225        0.6858788 -1.3068150 -4.41092232
INFO  [19:14:48.058] [bbotk]  -6.902698072         0.5682225        0.3483789 -4.7606927  0.76989456
INFO  [19:14:48.058] [bbotk]   0.005056921         0.1182225        0.7983788 -0.1555225 -6.13786108
INFO  [19:14:48.058] [bbotk]  -3.448820307         0.3432225        0.5733788 -2.4581076  4.22377220
INFO  [19:14:48.058] [bbotk]   3.458934560         0.7932225        0.1233789 -7.0632778 -2.68398350
INFO  [19:14:48.058] [bbotk]  -6.039228640         0.5119725        0.8546288 -7.6389240 -3.54745291
INFO  [19:14:48.058] [bbotk]   0.868526331         0.9619725        0.4046289 -3.0337538  3.36030279
INFO  [19:14:48.058] [bbotk]   4.322403970         0.2869725        0.6296288 -5.3363389  6.81418042
INFO  [19:14:48.058] [bbotk]  -2.585350897         0.7369725        0.1796289 -0.7311687 -0.09357527
INFO  [19:14:48.058] [bbotk]   2.595465150         0.3994725        0.2921289 -4.1850464  1.63336397
INFO  [19:14:48.058] [bbotk]  -4.312289923         0.8494725        0.7421288 -8.7902166 -5.27439162
INFO  [19:14:48.058] [bbotk]  -0.858412077         0.1744725        0.5171289 -1.8824613 -1.82051409
INFO  [19:14:48.058] [bbotk]   6.049342790         0.6244725        0.9671288 -6.4876315  5.08724160
INFO  [19:14:48.058] [bbotk]         alpha colsample_bylevel colsample_bytree        eta      lambda
INFO  [19:14:48.058] [bbotk]  max_depth nrounds subsample classif.bbrier warnings errors runtime_learners
INFO  [19:14:48.058] [bbotk]          1    3854 0.9169009      0.1892603        0      0           24.573
INFO  [19:14:48.058] [bbotk]         11    1354 0.4669009      0.1925810        0      0           14.259
INFO  [19:14:48.058] [bbotk]          6     104 0.6919009      0.2500000        0      0           12.691
INFO  [19:14:48.058] [bbotk]         16    2604 0.2419009      0.1923514        0      0           32.833
INFO  [19:14:48.058] [bbotk]          9    1979 0.3544009      0.1802757        0      0           26.403
INFO  [19:14:48.058] [bbotk]         19    4479 0.8044009      0.2293530        0      0           30.672
INFO  [19:14:48.058] [bbotk]          4    3229 0.1294009      0.2500000        0      0           23.084
INFO  [19:14:48.058] [bbotk]         14     729 0.5794009      0.2335579        0      0           15.486
INFO  [19:14:48.058] [bbotk]          5     417 0.7481509      0.2457120        0      0           13.834
INFO  [19:14:48.058] [bbotk]         15    2917 0.2981509      0.2376517        0      0           42.454
INFO  [19:14:48.058] [bbotk]         10    4167 0.9731509      0.2500000        0      0           29.185
INFO  [19:14:48.058] [bbotk]         20    1667 0.5231509      0.1847304        0      0           15.695
INFO  [19:14:48.058] [bbotk]          8    3542 0.1856509      0.2491394        0      0           18.527
INFO  [19:14:48.058] [bbotk]         18    1042 0.6356509      0.1921264        0      0           22.338
INFO  [19:14:48.058] [bbotk]          3    2292 0.4106509      0.2500000        0      0           21.047
INFO  [19:14:48.058] [bbotk]         13    4792 0.8606509      0.2030608        0      0          106.928
INFO  [19:14:48.058] [bbotk]         14    2761 0.4950259      0.2500000        0      0           31.601
INFO  [19:14:48.058] [bbotk]          4     261 0.9450259      0.2014545        0      0           12.360
INFO  [19:14:48.058] [bbotk]          9    4011 0.7200259      0.1801287        0      0           41.781
INFO  [19:14:48.058] [bbotk]         19    1511 0.2700259      0.1966018        0      0           22.354
INFO  [19:14:48.058] [bbotk]          2    2136 0.1575259      0.1785439        0      0           17.618
INFO  [19:14:48.058] [bbotk]         12    4636 0.6075259      0.2592267        0      0           45.697
INFO  [19:14:48.058] [bbotk]          7    3386 0.3825259      0.1960399        0      0           23.998
INFO  [19:14:48.058] [bbotk]         17     886 0.8325259      0.2270947        0      0           20.800
INFO  [19:14:48.058] [bbotk]          3    3698 0.3262759      0.1809076        0      0           47.775
INFO  [19:14:48.058] [bbotk]         13    1198 0.7762759      0.1906176        0      0           20.595
INFO  [19:14:48.058] [bbotk]         18    4948 0.5512759      0.2500000        0      0           45.064
INFO  [19:14:48.058] [bbotk]          8    2448 0.1012759      0.2713001        0      0           30.964
INFO  [19:14:48.058] [bbotk]         16    3073 0.4387759      0.1905749        0      0           16.654
INFO  [19:14:48.058] [bbotk]          6     573 0.8887759      0.2383781        0      0           22.819
INFO  [19:14:48.058] [bbotk]          1    4323 0.6637759      0.2372252        0      0           39.044
INFO  [19:14:48.058] [bbotk]         11    1823 0.2137759      0.2500000        0      0           21.949
INFO  [19:14:48.058] [bbotk]  max_depth nrounds subsample classif.bbrier warnings errors runtime_learners
INFO  [19:14:48.058] [bbotk]                                 uhash
INFO  [19:14:48.058] [bbotk]  b8a022cd-64c2-4294-ace3-807080179a4f
INFO  [19:14:48.058] [bbotk]  2d43a1ae-13b0-46ba-9662-2b42ba70b604
INFO  [19:14:48.058] [bbotk]  ce6a26eb-1fe9-444b-9c0f-02495c85af5b
INFO  [19:14:48.058] [bbotk]  e2b1c5ec-8ab4-4b71-b0b5-339e9dad90ae
INFO  [19:14:48.058] [bbotk]  88bb2c3b-4cde-4bad-bc6b-7f58e86df323
INFO  [19:14:48.058] [bbotk]  ab0fcf43-5f88-4fe0-b432-710b4844e931
INFO  [19:14:48.058] [bbotk]  5edafd6d-73b9-4acc-a616-fc5027c1c550
INFO  [19:14:48.058] [bbotk]  de597969-7e27-40a5-a0d2-f3e1d0679f65
INFO  [19:14:48.058] [bbotk]  0940dc3c-b350-49f2-81ab-321b95468971
INFO  [19:14:48.058] [bbotk]  9788d719-b030-40c3-85d9-6bea6f6a3b1a
INFO  [19:14:48.058] [bbotk]  857eb31e-7d5c-4f80-9dc4-8f039e843c28
INFO  [19:14:48.058] [bbotk]  747985c9-b709-42df-bf66-7bfc5038b85b
INFO  [19:14:48.058] [bbotk]  ddef3aa8-efe7-44f7-b453-07bcc572858f
INFO  [19:14:48.058] [bbotk]  ad7a6b2b-f518-455b-9f35-6a5b8313bda1
INFO  [19:14:48.058] [bbotk]  ff58fad6-ead5-49ab-9fd8-388ccccfaaf2
INFO  [19:14:48.058] [bbotk]  800b9f17-45ed-481a-b5a7-bc2579408d82
INFO  [19:14:48.058] [bbotk]  ca3993a3-da2e-4dc6-960d-552226b0910f
INFO  [19:14:48.058] [bbotk]  5d80e792-3462-4f64-9868-071e74de1338
INFO  [19:14:48.058] [bbotk]  7a1a821a-2127-4b10-9561-1883bb4e7e49
INFO  [19:14:48.058] [bbotk]  76bb55c9-f6c1-4928-8326-ef5848ee4e4e
INFO  [19:14:48.058] [bbotk]  6aa42593-e90a-4e99-9be5-84b29285eacb
INFO  [19:14:48.058] [bbotk]  830f365c-afdd-4cfc-bffd-dc142ba99344
INFO  [19:14:48.058] [bbotk]  9d61c1c8-225a-409e-90ac-99443707d3bc
INFO  [19:14:48.058] [bbotk]  fc8397a4-2182-40e0-a773-39774a722174
INFO  [19:14:48.058] [bbotk]  fe6b2430-b450-4098-a711-95a60eb63f6f
INFO  [19:14:48.058] [bbotk]  64412499-a522-408b-8e88-dea480d7d075
INFO  [19:14:48.058] [bbotk]  f93c3957-dec6-40e2-9973-b1cfb622e155
INFO  [19:14:48.058] [bbotk]  fd6e4edb-9d67-4bf8-92a5-9989eb964692
INFO  [19:14:48.058] [bbotk]  47f44f8f-17f6-4c29-b815-d36e2b01ad79
INFO  [19:14:48.058] [bbotk]  63e92e74-e1c0-462a-9bc4-11133a7fde36
INFO  [19:14:48.058] [bbotk]  454d367a-cdd7-4f13-9074-f44ce1ccc3fa
INFO  [19:14:48.058] [bbotk]  4c5da804-0a78-445f-a4ae-4874f60e1369
INFO  [19:14:48.058] [bbotk]                                 uhash
INFO  [19:15:06.475] [bbotk] Evaluating 1 configuration(s)
INFO  [19:15:36.938] [bbotk] Result of batch 2:
INFO  [19:15:37.043] [bbotk]     alpha colsample_bylevel colsample_bytree       eta    lambda max_depth
INFO  [19:15:37.043] [bbotk]  1.014462         0.8802179        0.6131326 -4.760019 -1.389406        20
INFO  [19:15:37.043] [bbotk]  nrounds subsample     acq_ei  x_domain .already_evaluated classif.bbrier
INFO  [19:15:37.043] [bbotk]     4551 0.6799365 0.01298326 <list[8]>              FALSE      0.1999253
INFO  [19:15:37.043] [bbotk]  warnings errors runtime_learners                                uhash
INFO  [19:15:37.043] [bbotk]         0      0           29.856 ccdd9dba-c168-41d5-86b5-0ea5dcd444ab
INFO  [19:15:50.625] [bbotk] Evaluating 1 configuration(s)
INFO  [19:16:21.425] [bbotk] Result of batch 3:
INFO  [19:16:21.863] [bbotk]     alpha colsample_bylevel colsample_bytree      eta     lambda max_depth
INFO  [19:16:21.863] [bbotk]  -6.38154         0.4519777        0.2289423 -6.21683 -0.4184305         1
INFO  [19:16:21.863] [bbotk]  nrounds subsample     acq_ei  x_domain .already_evaluated classif.bbrier
INFO  [19:16:21.863] [bbotk]     3150 0.5230101 0.01091867 <list[8]>              FALSE      0.1772474
INFO  [19:16:21.863] [bbotk]  warnings errors runtime_learners                                uhash
INFO  [19:16:21.863] [bbotk]         0      0            29.91 a6896b24-d4fb-425b-86b8-3ecc91b403c5
INFO  [19:16:44.926] [bbotk] Evaluating 1 configuration(s)
INFO  [19:17:12.078] [bbotk] Result of batch 4:
INFO  [19:17:12.104] [bbotk]     alpha colsample_bylevel colsample_bytree       eta   lambda max_depth
INFO  [19:17:12.104] [bbotk]  -6.51652         0.3917932        0.4917284 -6.790884 3.269892         5
INFO  [19:17:12.104] [bbotk]  nrounds subsample      acq_ei  x_domain .already_evaluated classif.bbrier
INFO  [19:17:12.104] [bbotk]     2077 0.2036683 0.008833616 <list[8]>              FALSE      0.2049437
INFO  [19:17:12.104] [bbotk]  warnings errors runtime_learners                                uhash
INFO  [19:17:12.104] [bbotk]         0      0           26.752 c70aedc6-ac7b-4695-b17e-7a54671ce4f7
INFO  [19:17:20.132] [bbotk] Evaluating 1 configuration(s)
INFO  [19:17:37.482] [bbotk] Result of batch 5:
INFO  [19:17:37.504] [bbotk]      alpha colsample_bylevel colsample_bytree       eta    lambda max_depth
INFO  [19:17:37.504] [bbotk]  0.5581067         0.5680148        0.5087305 -1.657283 -6.412278        18
INFO  [19:17:37.504] [bbotk]  nrounds subsample      acq_ei  x_domain .already_evaluated classif.bbrier
INFO  [19:17:37.504] [bbotk]      876 0.4265581 0.007433805 <list[8]>              FALSE      0.2162984
INFO  [19:17:37.504] [bbotk]  warnings errors runtime_learners                                uhash
INFO  [19:17:37.504] [bbotk]         0      0           16.743 05dc92c7-2377-4bb5-80e3-4e05ed8746bc
WARN  [19:17:41.181] [mlr3] train: Stopped because hard maximum generation limit was hit.
INFO  [19:18:02.575] [bbotk] Evaluating 1 configuration(s)
INFO  [19:18:30.466] [bbotk] Result of batch 6:
INFO  [19:18:30.967] [bbotk]      alpha colsample_bylevel colsample_bytree       eta    lambda max_depth
INFO  [19:18:30.967] [bbotk]  0.3617928         0.5214833        0.7181784 -5.442833 0.6394715         8
INFO  [19:18:30.967] [bbotk]  nrounds subsample      acq_ei  x_domain .already_evaluated classif.bbrier
INFO  [19:18:30.967] [bbotk]     2126 0.8237134 0.007293224 <list[8]>              FALSE      0.1928904
INFO  [19:18:30.967] [bbotk]  warnings errors runtime_learners                                uhash
INFO  [19:18:30.967] [bbotk]         0      0            25.53 d721e184-f7eb-450f-8f83-47c599b99d67
INFO  [19:18:54.485] [bbotk] Evaluating 1 configuration(s)
INFO  [19:19:21.735] [bbotk] Result of batch 7:
INFO  [19:19:21.742] [bbotk]      alpha colsample_bylevel colsample_bytree       eta    lambda max_depth
INFO  [19:19:21.742] [bbotk]  -3.892019         0.3927259        0.5046138 -5.854632 -2.735852         3
INFO  [19:19:21.742] [bbotk]  nrounds subsample      acq_ei  x_domain .already_evaluated classif.bbrier
INFO  [19:19:21.742] [bbotk]     1740 0.1557105 0.008077487 <list[8]>              FALSE       0.177348
INFO  [19:19:21.742] [bbotk]  warnings errors runtime_learners                                uhash
INFO  [19:19:21.742] [bbotk]         0      0           26.509 f431d4ae-4aaa-4043-b4de-3186e89f4d0b
INFO  [19:19:30.225] [bbotk] Evaluating 1 configuration(s)
INFO  [19:20:09.739] [bbotk] Result of batch 8:
INFO  [19:20:09.748] [bbotk]      alpha colsample_bylevel colsample_bytree      eta   lambda max_depth
INFO  [19:20:09.748] [bbotk]  -4.479318         0.4181197        0.1743332 -4.19598 2.890655        14
INFO  [19:20:09.748] [bbotk]  nrounds subsample     acq_ei  x_domain .already_evaluated classif.bbrier
INFO  [19:20:09.748] [bbotk]     2916 0.6192654 0.00529624 <list[8]>              FALSE      0.1881847
INFO  [19:20:09.748] [bbotk]  warnings errors runtime_learners                                uhash
INFO  [19:20:09.748] [bbotk]         0      0           38.859 1ab9b87c-7af2-4f63-bac6-7e74bf95775e
INFO  [19:20:22.701] [bbotk] Evaluating 1 configuration(s)
INFO  [19:21:20.805] [bbotk] Result of batch 9:
INFO  [19:21:21.030] [bbotk]      alpha colsample_bylevel colsample_bytree       eta    lambda max_depth
INFO  [19:21:21.030] [bbotk]  -5.700796         0.1396292        0.5051419 -5.516333 -2.065244         5
INFO  [19:21:21.030] [bbotk]  nrounds subsample     acq_ei  x_domain .already_evaluated classif.bbrier
INFO  [19:21:21.030] [bbotk]     3608 0.2233952 0.00671177 <list[8]>              FALSE       0.188408
INFO  [19:21:21.030] [bbotk]  warnings errors runtime_learners                                uhash
INFO  [19:21:21.030] [bbotk]         0      0           55.242 e87013e6-cfa8-4987-b1b0-c2877aadbdb0
INFO  [19:21:36.772] [bbotk] Evaluating 1 configuration(s)
INFO  [19:22:05.368] [bbotk] Result of batch 10:
INFO  [19:22:05.578] [bbotk]       alpha colsample_bylevel colsample_bytree      eta    lambda max_depth
INFO  [19:22:05.578] [bbotk]  -0.9342237         0.4923589        0.7785038 -5.98348 -2.931099         3
INFO  [19:22:05.578] [bbotk]  nrounds subsample      acq_ei  x_domain .already_evaluated classif.bbrier
INFO  [19:22:05.578] [bbotk]     1997 0.2288271 0.005686236 <list[8]>              FALSE      0.1821375
INFO  [19:22:05.578] [bbotk]  warnings errors runtime_learners                                uhash
INFO  [19:22:05.578] [bbotk]         0      0           26.062 db3dca0e-ca86-4a10-85f7-b099b1138a3f
INFO  [19:22:18.336] [bbotk] Evaluating 1 configuration(s)
INFO  [19:22:34.532] [bbotk] Result of batch 11:
INFO  [19:22:34.543] [bbotk]      alpha colsample_bylevel colsample_bytree       eta    lambda max_depth
INFO  [19:22:34.543] [bbotk]  -5.388302         0.5556689         0.277343 -5.788445 0.2899303        10
INFO  [19:22:34.543] [bbotk]  nrounds subsample      acq_ei  x_domain .already_evaluated classif.bbrier
INFO  [19:22:34.543] [bbotk]     1569 0.2040247 0.005902493 <list[8]>              FALSE      0.1779287
INFO  [19:22:34.543] [bbotk]  warnings errors runtime_learners                                uhash
INFO  [19:22:34.543] [bbotk]         0      0           16.006 d7eb45b8-a362-4573-8999-75bbdcc5b460
INFO  [19:23:00.564] [bbotk] Evaluating 1 configuration(s)
INFO  [19:23:26.725] [bbotk] Result of batch 12:
INFO  [19:23:26.734] [bbotk]      alpha colsample_bylevel colsample_bytree       eta    lambda max_depth
INFO  [19:23:26.734] [bbotk]  -6.402864         0.2068685         0.411654 -6.441992 -2.832334        13
INFO  [19:23:26.734] [bbotk]  nrounds subsample      acq_ei  x_domain .already_evaluated classif.bbrier
INFO  [19:23:26.734] [bbotk]     1553  0.259527 0.004568274 <list[8]>              FALSE      0.1786962
INFO  [19:23:26.734] [bbotk]  warnings errors runtime_learners                                uhash
INFO  [19:23:26.734] [bbotk]         0      0            24.47 836d7d38-c4ae-40f9-abe2-55f2c61a53b0
INFO  [19:23:45.790] [bbotk] Evaluating 1 configuration(s)
INFO  [19:24:16.643] [bbotk] Result of batch 13:
INFO  [19:24:16.716] [bbotk]      alpha colsample_bylevel colsample_bytree       eta    lambda max_depth
INFO  [19:24:16.716] [bbotk]  -5.743689         0.5906807        0.3223176 -7.063224 -2.889915         1
INFO  [19:24:16.716] [bbotk]  nrounds subsample      acq_ei  x_domain .already_evaluated classif.bbrier
INFO  [19:24:16.716] [bbotk]     2965 0.1603511 0.004551502 <list[8]>              FALSE      0.1808537
INFO  [19:24:16.716] [bbotk]  warnings errors runtime_learners                                uhash
INFO  [19:24:16.716] [bbotk]         0      0           30.345 75b1d895-7750-4e60-b592-aa382141b523
INFO  [19:25:08.599] [bbotk] Evaluating 1 configuration(s)
INFO  [19:25:37.365] [bbotk] Result of batch 14:
INFO  [19:25:37.378] [bbotk]      alpha colsample_bylevel colsample_bytree       eta   lambda max_depth
INFO  [19:25:37.378] [bbotk]  -5.577522         0.3139639        0.7581629 -5.876069 0.686279         4
INFO  [19:25:37.378] [bbotk]  nrounds subsample      acq_ei  x_domain .already_evaluated classif.bbrier
INFO  [19:25:37.378] [bbotk]     2660 0.5387847 0.004781104 <list[8]>              FALSE      0.1869033
INFO  [19:25:37.378] [bbotk]  warnings errors runtime_learners                                uhash
INFO  [19:25:37.378] [bbotk]         0      0           27.619 e8600ad3-20a0-4559-8973-4a9111d627bd
WARN  [19:25:42.103] [mlr3] train: Stopped because hard maximum generation limit was hit.
INFO  [19:25:52.008] [bbotk] Evaluating 1 configuration(s)
INFO  [19:26:33.554] [bbotk] Result of batch 15:
INFO  [19:26:33.705] [bbotk]      alpha colsample_bylevel colsample_bytree       eta   lambda max_depth
INFO  [19:26:33.705] [bbotk]  -4.752701         0.2757184        0.1285578 -6.061807 1.074513         6
INFO  [19:26:33.705] [bbotk]  nrounds subsample      acq_ei  x_domain .already_evaluated classif.bbrier
INFO  [19:26:33.705] [bbotk]     3525 0.4827228 0.005494665 <list[8]>              FALSE      0.1813164
INFO  [19:26:33.705] [bbotk]  warnings errors runtime_learners                                uhash
INFO  [19:26:33.705] [bbotk]         0      0           41.343 1f4de8cd-e907-49f9-a5df-e63d4a0cc56f
INFO  [19:26:49.964] [bbotk] Evaluating 1 configuration(s)
INFO  [19:27:02.988] [bbotk] Result of batch 16:
INFO  [19:27:03.013] [bbotk]      alpha colsample_bylevel colsample_bytree     eta    lambda max_depth
INFO  [19:27:03.013] [bbotk]  -6.533274         0.4346736        0.1918459 -5.2081 0.2554094        12
INFO  [19:27:03.013] [bbotk]  nrounds subsample      acq_ei  x_domain .already_evaluated classif.bbrier
INFO  [19:27:03.013] [bbotk]      830 0.6164798 0.004808765 <list[8]>              FALSE       0.180178
INFO  [19:27:03.013] [bbotk]  warnings errors runtime_learners                                uhash
INFO  [19:27:03.013] [bbotk]         0      0           12.643 c7e8f979-ad5a-4abf-b215-feac7ae42c33
INFO  [19:27:19.961] [bbotk] Evaluating 1 configuration(s)
INFO  [19:27:36.061] [bbotk] Result of batch 17:
INFO  [19:27:36.148] [bbotk]      alpha colsample_bylevel colsample_bytree       eta   lambda max_depth
INFO  [19:27:36.148] [bbotk]  0.1035031         0.1999711        0.2644223 -4.840766 -3.10142         9
INFO  [19:27:36.148] [bbotk]  nrounds subsample      acq_ei  x_domain .already_evaluated classif.bbrier
INFO  [19:27:36.148] [bbotk]     1360 0.2723375 0.003655348 <list[8]>              FALSE      0.1794571
INFO  [19:27:36.148] [bbotk]  warnings errors runtime_learners                                uhash
INFO  [19:27:36.148] [bbotk]         0      0           15.559 c1b47cda-90e5-485f-a3a1-54a5f6b2826e
INFO  [19:28:08.945] [bbotk] Evaluating 1 configuration(s)
INFO  [19:28:21.015] [bbotk] Result of batch 18:
INFO  [19:28:21.024] [bbotk]      alpha colsample_bylevel colsample_bytree       eta    lambda max_depth
INFO  [19:28:21.024] [bbotk]  -5.837552         0.8095822         0.154636 -5.715595 -3.470936        10
INFO  [19:28:21.024] [bbotk]  nrounds subsample      acq_ei  x_domain .already_evaluated classif.bbrier
INFO  [19:28:21.024] [bbotk]     1159 0.3003339 0.005837875 <list[8]>              FALSE      0.1815528
INFO  [19:28:21.024] [bbotk]  warnings errors runtime_learners                                uhash
INFO  [19:28:21.024] [bbotk]         0      0           11.569 9fd54a52-cccf-4f79-aaf9-16d403f4f2c4
INFO  [19:28:36.685] [bbotk] Evaluating 1 configuration(s)
INFO  [19:29:06.008] [bbotk] Result of batch 19:
INFO  [19:29:06.067] [bbotk]       alpha colsample_bylevel colsample_bytree       eta   lambda max_depth
INFO  [19:29:06.067] [bbotk]  -0.6611768         0.4791362        0.1203704 -5.577225 3.066003        20
INFO  [19:29:06.067] [bbotk]  nrounds subsample      acq_ei  x_domain .already_evaluated classif.bbrier
INFO  [19:29:06.067] [bbotk]     1885 0.1744066 0.003498458 <list[8]>              FALSE      0.1890436
INFO  [19:29:06.067] [bbotk]  warnings errors runtime_learners                                uhash
INFO  [19:29:06.067] [bbotk]         0      0           27.444 63659d6d-8eec-4e4b-9f3c-bd7ae723eca9
INFO  [19:29:20.775] [bbotk] Evaluating 1 configuration(s)
INFO  [19:29:37.190] [bbotk] Result of batch 20:
INFO  [19:29:37.216] [bbotk]     alpha colsample_bylevel colsample_bytree       eta    lambda max_depth
INFO  [19:29:37.216] [bbotk]  1.226403          0.809994        0.6947868 -4.883034 -1.950263        15
INFO  [19:29:37.216] [bbotk]  nrounds subsample     acq_ei  x_domain .already_evaluated classif.bbrier
INFO  [19:29:37.216] [bbotk]      714 0.1304226 0.00329847 <list[8]>              FALSE      0.1810445
INFO  [19:29:37.216] [bbotk]  warnings errors runtime_learners                                uhash
INFO  [19:29:37.216] [bbotk]         0      0           15.865 1c68958a-afc1-4a27-a9ab-7f49ee2e2abf
INFO  [19:30:12.594] [bbotk] Evaluating 1 configuration(s)
INFO  [19:30:34.499] [bbotk] Result of batch 21:
INFO  [19:30:34.530] [bbotk]      alpha colsample_bylevel colsample_bytree       eta     lambda max_depth
INFO  [19:30:34.530] [bbotk]  -6.835568         0.3708763        0.2974711 -5.711007 0.06686324         5
INFO  [19:30:34.530] [bbotk]  nrounds subsample      acq_ei  x_domain .already_evaluated classif.bbrier
INFO  [19:30:34.530] [bbotk]     2194 0.3905987 0.003221551 <list[8]>              FALSE      0.1811774
INFO  [19:30:34.530] [bbotk]  warnings errors runtime_learners                                uhash
INFO  [19:30:34.530] [bbotk]         0      0           21.681 5c395356-285e-4986-9345-af19e06c3f01
INFO  [19:30:47.124] [bbotk] Evaluating 1 configuration(s)
INFO  [19:31:03.137] [bbotk] Result of batch 22:
INFO  [19:31:03.160] [bbotk]     alpha colsample_bylevel colsample_bytree      eta    lambda max_depth
INFO  [19:31:03.160] [bbotk]  1.187933         0.1698637        0.5089173 -5.51648 -2.966184        18
INFO  [19:31:03.160] [bbotk]  nrounds subsample      acq_ei  x_domain .already_evaluated classif.bbrier
INFO  [19:31:03.160] [bbotk]      433 0.1857937 0.007152405 <list[8]>              FALSE      0.1945713
INFO  [19:31:03.160] [bbotk]  warnings errors runtime_learners                                uhash
INFO  [19:31:03.160] [bbotk]         0      0           15.459 c170910f-d2b2-47f7-96c3-db26bec55f5b
INFO  [19:31:46.648] [bbotk] Evaluating 1 configuration(s)
INFO  [19:32:05.860] [bbotk] Result of batch 23:
INFO  [19:32:05.988] [bbotk]      alpha colsample_bylevel colsample_bytree       eta   lambda max_depth
INFO  [19:32:05.988] [bbotk]  0.2710907         0.4252535        0.1452445 -5.400435 -3.50918         2
INFO  [19:32:05.988] [bbotk]  nrounds subsample      acq_ei  x_domain .already_evaluated classif.bbrier
INFO  [19:32:05.988] [bbotk]     1478 0.3844202 0.003567221 <list[8]>              FALSE      0.1779172
INFO  [19:32:05.988] [bbotk]  warnings errors runtime_learners                                uhash
INFO  [19:32:05.988] [bbotk]         0      0           18.589 22481770-b418-4e28-9a05-08891fad4745
INFO  [19:32:33.267] [bbotk] Evaluating 1 configuration(s)
INFO  [19:32:57.636] [bbotk] Result of batch 24:
INFO  [19:32:57.749] [bbotk]     alpha colsample_bylevel colsample_bytree       eta    lambda max_depth
INFO  [19:32:57.749] [bbotk]  1.587679          0.686765        0.7121921 -4.473024 -3.011753         9
INFO  [19:32:57.749] [bbotk]  nrounds subsample      acq_ei  x_domain .already_evaluated classif.bbrier
INFO  [19:32:57.749] [bbotk]     1498 0.4541535 0.003747999 <list[8]>              FALSE      0.1826898
INFO  [19:32:57.749] [bbotk]  warnings errors runtime_learners                                uhash
INFO  [19:32:57.749] [bbotk]         0      0           22.091 5810ff85-e697-4995-8a55-17b59c061f55
INFO  [19:33:24.732] [bbotk] Evaluating 1 configuration(s)
INFO  [19:33:42.195] [bbotk] Result of batch 25:
INFO  [19:33:42.253] [bbotk]     alpha colsample_bylevel colsample_bytree       eta    lambda max_depth
INFO  [19:33:42.253] [bbotk]  2.348365         0.7275078        0.2183305 -4.768775 -1.825848         2
INFO  [19:33:42.253] [bbotk]  nrounds subsample      acq_ei  x_domain .already_evaluated classif.bbrier
INFO  [19:33:42.253] [bbotk]     1298 0.8261953 0.006136548 <list[8]>              FALSE      0.1812575
INFO  [19:33:42.253] [bbotk]  warnings errors runtime_learners                                uhash
INFO  [19:33:42.253] [bbotk]         0      0           16.416 a250bcba-a3b7-4ad8-9590-78f275c44166
INFO  [19:33:51.644] [bbotk] Evaluating 1 configuration(s)
INFO  [19:34:11.032] [bbotk] Result of batch 26:
INFO  [19:34:11.039] [bbotk]     alpha colsample_bylevel colsample_bytree       eta     lambda max_depth
INFO  [19:34:11.039] [bbotk]  1.061112         0.9155078        0.2961753 -4.743171 -0.4543283        19
INFO  [19:34:11.039] [bbotk]  nrounds subsample      acq_ei  x_domain .already_evaluated classif.bbrier
INFO  [19:34:11.039] [bbotk]     1618 0.1694509 0.005000635 <list[8]>              FALSE      0.1775369
INFO  [19:34:11.039] [bbotk]  warnings errors runtime_learners                                uhash
INFO  [19:34:11.039] [bbotk]         0      0           18.607 de23cfa2-e515-4c32-b955-a0340b8d8eb3
WARN  [19:34:12.672] [mlr3] train: Stopped because hard maximum generation limit was hit.
INFO  [19:34:26.716] [bbotk] Evaluating 1 configuration(s)
INFO  [19:34:50.514] [bbotk] Result of batch 27:
INFO  [19:34:50.622] [bbotk]     alpha colsample_bylevel colsample_bytree       eta     lambda max_depth
INFO  [19:34:50.622] [bbotk]  1.400441         0.9182735        0.5099918 -4.885876 -0.7604365         4
INFO  [19:34:50.622] [bbotk]  nrounds subsample      acq_ei  x_domain .already_evaluated classif.bbrier
INFO  [19:34:50.622] [bbotk]     1438 0.4157904 0.004768876 <list[8]>              FALSE      0.1809759
INFO  [19:34:50.622] [bbotk]  warnings errors runtime_learners                                uhash
INFO  [19:34:50.622] [bbotk]         0      0           23.016 2ba3fc08-3446-4693-91a0-81f2495c0e1e
INFO  [19:35:23.820] [bbotk] Evaluating 1 configuration(s)
INFO  [19:35:46.605] [bbotk] Result of batch 28:
INFO  [19:35:46.615] [bbotk]      alpha colsample_bylevel colsample_bytree      eta    lambda max_depth
INFO  [19:35:46.615] [bbotk]  -2.297678         0.4751645        0.1021974 -6.35359 -1.679472        13
INFO  [19:35:46.615] [bbotk]  nrounds subsample      acq_ei  x_domain .already_evaluated classif.bbrier
INFO  [19:35:46.615] [bbotk]      981 0.2019643 0.003193634 <list[8]>              FALSE      0.1879861
INFO  [19:35:46.615] [bbotk]  warnings errors runtime_learners                                uhash
INFO  [19:35:46.615] [bbotk]         0      0           21.593 0d611cd3-2324-4fcd-8cf2-7bd70d3c1e1d
INFO  [19:35:57.725] [bbotk] Evaluating 1 configuration(s)
INFO  [19:37:06.984] [bbotk] Result of batch 29:
INFO  [19:37:07.037] [bbotk]     alpha colsample_bylevel colsample_bytree       eta    lambda max_depth
INFO  [19:37:07.037] [bbotk]  -6.89477         0.4116891        0.9513103 -6.665199 -3.973583         4
INFO  [19:37:07.037] [bbotk]  nrounds subsample      acq_ei  x_domain .already_evaluated classif.bbrier
INFO  [19:37:07.037] [bbotk]     3571 0.7051814 0.002476933 <list[8]>              FALSE      0.1930247
INFO  [19:37:07.037] [bbotk]  warnings errors runtime_learners                                uhash
INFO  [19:37:07.037] [bbotk]         0      0           67.902 40daecd2-3ce0-4051-966f-6398be06efca
INFO  [19:37:37.824] [bbotk] Evaluating 1 configuration(s)
INFO  [19:37:48.636] [bbotk] Result of batch 30:
INFO  [19:37:48.650] [bbotk]      alpha colsample_bylevel colsample_bytree       eta   lambda max_depth
INFO  [19:37:48.650] [bbotk]  -1.124366         0.8257201        0.2051205 -4.940728 1.586369        18
INFO  [19:37:48.650] [bbotk]  nrounds subsample      acq_ei  x_domain .already_evaluated classif.bbrier
INFO  [19:37:48.650] [bbotk]      129  0.226271 0.004653339 <list[8]>              FALSE      0.2067252
INFO  [19:37:48.650] [bbotk]  warnings errors runtime_learners                                uhash
INFO  [19:37:48.650] [bbotk]         0      0             9.94 b33a06e6-b076-4fc9-9493-52f08b16a4d9
INFO  [19:38:19.232] [bbotk] Evaluating 1 configuration(s)
INFO  [19:38:45.743] [bbotk] Result of batch 31:
INFO  [19:38:45.753] [bbotk]    alpha colsample_bylevel colsample_bytree       eta     lambda max_depth
INFO  [19:38:45.753] [bbotk]  1.55965          0.745602        0.3165327 -4.787178 -0.5026611         6
INFO  [19:38:45.753] [bbotk]  nrounds subsample      acq_ei  x_domain .already_evaluated classif.bbrier
INFO  [19:38:45.753] [bbotk]     3091 0.1004009 0.004525653 <list[8]>              FALSE      0.1872577
INFO  [19:38:45.753] [bbotk]  warnings errors runtime_learners                                uhash
INFO  [19:38:45.753] [bbotk]         0      0           25.599 cb8ea6b4-8ae0-4877-8b84-dc87782dc595
WARN  [19:38:47.655] [mlr3] train: Stopped because hard maximum generation limit was hit.
INFO  [19:38:55.880] [bbotk] Evaluating 1 configuration(s)
INFO  [19:39:10.115] [bbotk] Result of batch 32:
INFO  [19:39:10.188] [bbotk]     alpha colsample_bylevel colsample_bytree      eta    lambda max_depth
INFO  [19:39:10.188] [bbotk]  1.171728         0.8284783        0.3160371 -5.26878 -2.988685        17
INFO  [19:39:10.188] [bbotk]  nrounds subsample     acq_ei  x_domain .already_evaluated classif.bbrier
INFO  [19:39:10.188] [bbotk]     1292 0.2108438 0.00419153 <list[8]>              FALSE      0.1786865
INFO  [19:39:10.188] [bbotk]  warnings errors runtime_learners                                uhash
INFO  [19:39:10.188] [bbotk]         0      0           13.648 0a55b32f-7990-4098-9abe-e5eaa6173d0c
INFO  [19:39:20.642] [bbotk] Evaluating 1 configuration(s)
INFO  [19:39:36.133] [bbotk] Result of batch 33:
INFO  [19:39:36.178] [bbotk]      alpha colsample_bylevel colsample_bytree       eta   lambda max_depth
INFO  [19:39:36.178] [bbotk]  -3.591884         0.1119925        0.1230343 -2.093922 6.831138         4
INFO  [19:39:36.178] [bbotk]  nrounds subsample      acq_ei  x_domain .already_evaluated classif.bbrier
INFO  [19:39:36.178] [bbotk]      827 0.5500551 0.002870087 <list[8]>              FALSE      0.1856666
INFO  [19:39:36.178] [bbotk]  warnings errors runtime_learners                                uhash
INFO  [19:39:36.178] [bbotk]         0      0           14.962 4560c470-4e24-4fc9-b2c9-f45cdd5702f6
INFO  [19:40:21.374] [bbotk] Evaluating 1 configuration(s)
INFO  [19:40:42.456] [bbotk] Result of batch 34:
INFO  [19:40:42.499] [bbotk]      alpha colsample_bylevel colsample_bytree      eta    lambda max_depth
INFO  [19:40:42.499] [bbotk]  -5.746875         0.3562761        0.1769468 -6.13239 -2.327013         8
INFO  [19:40:42.499] [bbotk]  nrounds subsample     acq_ei  x_domain .already_evaluated classif.bbrier
INFO  [19:40:42.499] [bbotk]     1660 0.2199137 0.00321766 <list[8]>              FALSE       0.181065
INFO  [19:40:42.499] [bbotk]  warnings errors runtime_learners                                uhash
INFO  [19:40:42.499] [bbotk]         0      0           20.019 ae1374ca-37a8-4899-bf9d-49d6e61172e1
INFO  [19:41:10.261] [bbotk] Evaluating 1 configuration(s)
INFO  [19:41:41.481] [bbotk] Result of batch 35:
INFO  [19:41:41.579] [bbotk]      alpha colsample_bylevel colsample_bytree       eta   lambda max_depth
INFO  [19:41:41.579] [bbotk]  0.2607204         0.6024434        0.4562754 -6.496128 -4.00989         5
INFO  [19:41:41.579] [bbotk]  nrounds subsample      acq_ei  x_domain .already_evaluated classif.bbrier
INFO  [19:41:41.579] [bbotk]     2780 0.2113395 0.005644699 <list[8]>              FALSE      0.1796439
INFO  [19:41:41.579] [bbotk]  warnings errors runtime_learners                                uhash
INFO  [19:41:41.579] [bbotk]         0      0           29.862 1dc75fdd-29b6-416f-8948-111cdb35a456
INFO  [19:41:51.711] [bbotk] Evaluating 1 configuration(s)
INFO  [19:42:37.867] [bbotk] Result of batch 36:
INFO  [19:42:37.919] [bbotk]      alpha colsample_bylevel colsample_bytree       eta     lambda max_depth
INFO  [19:42:37.919] [bbotk]  -1.626296          0.802842        0.8383625 -6.656411 -0.8652196        17
INFO  [19:42:37.919] [bbotk]  nrounds subsample      acq_ei  x_domain .already_evaluated classif.bbrier
INFO  [19:42:37.919] [bbotk]     3469 0.3717548 0.004913462 <list[8]>              FALSE      0.1893376
INFO  [19:42:37.919] [bbotk]  warnings errors runtime_learners                                uhash
INFO  [19:42:37.919] [bbotk]         0      0           45.733 aa027f4e-03bc-4661-82ce-64609f795743
INFO  [19:43:21.551] [bbotk] Evaluating 1 configuration(s)
INFO  [19:43:40.129] [bbotk] Result of batch 37:
INFO  [19:43:40.310] [bbotk]      alpha colsample_bylevel colsample_bytree       eta   lambda max_depth
INFO  [19:43:40.310] [bbotk]  -3.797652         0.1819511        0.1503102 -2.866836 4.893575        12
INFO  [19:43:40.310] [bbotk]  nrounds subsample      acq_ei  x_domain .already_evaluated classif.bbrier
INFO  [19:43:40.310] [bbotk]      820 0.6513604 0.004648645 <list[8]>              FALSE      0.1784804
INFO  [19:43:40.310] [bbotk]  warnings errors runtime_learners                                uhash
INFO  [19:43:40.310] [bbotk]         0      0           14.278 c5380240-03eb-4de5-83f3-cce0a48248ae
INFO  [19:44:04.515] [bbotk] Evaluating 1 configuration(s)
INFO  [19:44:25.777] [bbotk] Result of batch 38:
INFO  [19:44:25.789] [bbotk]      alpha colsample_bylevel colsample_bytree       eta   lambda max_depth
INFO  [19:44:25.789] [bbotk]  -5.896042         0.7455964        0.2589431 -3.913626 4.317917         5
INFO  [19:44:25.789] [bbotk]  nrounds subsample      acq_ei  x_domain .already_evaluated classif.bbrier
INFO  [19:44:25.789] [bbotk]      850 0.5214963 0.002744522 <list[8]>              FALSE      0.1801923
INFO  [19:44:25.789] [bbotk]  warnings errors runtime_learners                                uhash
INFO  [19:44:25.789] [bbotk]         0      0            20.55 679536b8-123b-4a66-9eb6-29a26da37abe
INFO  [19:44:45.207] [bbotk] Evaluating 1 configuration(s)
INFO  [19:45:26.520] [bbotk] Result of batch 39:
INFO  [19:45:26.589] [bbotk]      alpha colsample_bylevel colsample_bytree       eta  lambda max_depth
INFO  [19:45:26.589] [bbotk]  -3.605691         0.9159516        0.3009803 -3.371449 4.49932        11
INFO  [19:45:26.589] [bbotk]  nrounds subsample      acq_ei  x_domain .already_evaluated classif.bbrier
INFO  [19:45:26.589] [bbotk]     2004 0.4570725 0.005070124 <list[8]>              FALSE      0.1818507
INFO  [19:45:26.589] [bbotk]  warnings errors runtime_learners                                uhash
INFO  [19:45:26.589] [bbotk]         0      0           40.102 48946335-f1c0-42e0-b748-ecbf0fe09464
INFO  [19:45:40.875] [bbotk] Evaluating 1 configuration(s)
INFO  [19:46:08.650] [bbotk] Result of batch 40:
INFO  [19:46:08.657] [bbotk]      alpha colsample_bylevel colsample_bytree       eta     lambda max_depth
INFO  [19:46:08.657] [bbotk]  -6.792515         0.3624326        0.5382699 -7.230197 -0.9468584         3
INFO  [19:46:08.657] [bbotk]  nrounds subsample      acq_ei  x_domain .already_evaluated classif.bbrier
INFO  [19:46:08.657] [bbotk]     4486 0.1139023 0.003115187 <list[8]>              FALSE      0.1776975
INFO  [19:46:08.657] [bbotk]  warnings errors runtime_learners                                uhash
INFO  [19:46:08.657] [bbotk]         0      0           24.483 442b249a-ad72-4de0-bed3-06b4367a333c
INFO  [19:46:18.700] [bbotk] Evaluating 1 configuration(s)
INFO  [19:47:31.255] [bbotk] Result of batch 41:
INFO  [19:47:31.270] [bbotk]      alpha colsample_bylevel colsample_bytree       eta      lambda max_depth
INFO  [19:47:31.270] [bbotk]  -6.325863         0.8268307        0.6401202 -6.743668 -0.06129344        16
INFO  [19:47:31.270] [bbotk]  nrounds subsample      acq_ei  x_domain .already_evaluated classif.bbrier
INFO  [19:47:31.270] [bbotk]     4017 0.4558176 0.003659273 <list[8]>              FALSE      0.1885109
INFO  [19:47:31.270] [bbotk]  warnings errors runtime_learners                                uhash
INFO  [19:47:31.270] [bbotk]         0      0           71.881 a8168541-4693-402e-9000-29fa4c8ae296
WARN  [19:47:34.109] [mlr3] train: Stopped because hard maximum generation limit was hit.
INFO  [19:47:53.472] [bbotk] Evaluating 1 configuration(s)
INFO  [19:48:49.405] [bbotk] Result of batch 42:
INFO  [19:48:49.447] [bbotk]      alpha colsample_bylevel colsample_bytree       eta   lambda max_depth
INFO  [19:48:49.447] [bbotk]  -1.129631         0.6643096        0.4187414 -5.698898 1.797619         2
INFO  [19:48:49.447] [bbotk]  nrounds subsample      acq_ei  x_domain .already_evaluated classif.bbrier
INFO  [19:48:49.447] [bbotk]     3633 0.7113339 0.005642061 <list[8]>              FALSE      0.1840766
INFO  [19:48:49.447] [bbotk]  warnings errors runtime_learners                                uhash
INFO  [19:48:49.447] [bbotk]         0      0            54.67 4deedacc-2d45-4c58-a900-2936392d3e60
INFO  [19:49:10.924] [bbotk] Evaluating 1 configuration(s)
INFO  [19:49:35.625] [bbotk] Result of batch 43:
INFO  [19:49:35.636] [bbotk]      alpha colsample_bylevel colsample_bytree       eta  lambda max_depth
INFO  [19:49:35.636] [bbotk]  -4.208744         0.4157588        0.3482964 -3.301198 5.06603         5
INFO  [19:49:35.636] [bbotk]  nrounds subsample    acq_ei  x_domain .already_evaluated classif.bbrier
INFO  [19:49:35.636] [bbotk]     1929 0.6377392 0.0028765 <list[8]>              FALSE      0.1796349
INFO  [19:49:35.636] [bbotk]  warnings errors runtime_learners                                uhash
INFO  [19:49:35.636] [bbotk]         0      0           24.128 2242b56b-c9a3-4317-8020-26c59d21992b
INFO  [19:49:50.219] [bbotk] Evaluating 1 configuration(s)
INFO  [19:50:15.622] [bbotk] Result of batch 44:
INFO  [19:50:15.635] [bbotk]      alpha colsample_bylevel colsample_bytree       eta    lambda max_depth
INFO  [19:50:15.635] [bbotk]  -4.987445         0.1056724        0.4839621 -7.103184 0.1665476         1
INFO  [19:50:15.635] [bbotk]  nrounds subsample      acq_ei  x_domain .already_evaluated classif.bbrier
INFO  [19:50:15.635] [bbotk]     4356 0.6315187 0.002905544 <list[8]>              FALSE      0.1801246
INFO  [19:50:15.635] [bbotk]  warnings errors runtime_learners                                uhash
INFO  [19:50:15.635] [bbotk]         0      0           24.854 8349c3cc-f24d-4250-96ca-6ec7b6d73fa1
INFO  [19:50:26.334] [bbotk] Evaluating 1 configuration(s)
INFO  [19:50:54.717] [bbotk] Result of batch 45:
INFO  [19:50:54.806] [bbotk]      alpha colsample_bylevel colsample_bytree       eta   lambda max_depth
INFO  [19:50:54.806] [bbotk]  -6.547524         0.9379488          0.59397 -5.911494 1.385257         1
INFO  [19:50:54.806] [bbotk]  nrounds subsample      acq_ei  x_domain .already_evaluated classif.bbrier
INFO  [19:50:54.806] [bbotk]     3997 0.3853604 0.004831935 <list[8]>              FALSE      0.1794729
INFO  [19:50:54.806] [bbotk]  warnings errors runtime_learners                                uhash
INFO  [19:50:54.806] [bbotk]         0      0           27.914 c99278e3-1a7b-46aa-8a61-c395e6c285bf
INFO  [19:51:41.778] [bbotk] Evaluating 1 configuration(s)
INFO  [19:52:09.562] [bbotk] Result of batch 46:
INFO  [19:52:09.604] [bbotk]      alpha colsample_bylevel colsample_bytree       eta   lambda max_depth
INFO  [19:52:09.604] [bbotk]  -5.358147         0.5611016        0.1043231 -2.285738 5.951448        14
INFO  [19:52:09.604] [bbotk]  nrounds subsample      acq_ei  x_domain .already_evaluated classif.bbrier
INFO  [19:52:09.604] [bbotk]     1325 0.3401944 0.004071836 <list[8]>              FALSE      0.1797831
INFO  [19:52:09.604] [bbotk]  warnings errors runtime_learners                                uhash
INFO  [19:52:09.604] [bbotk]         0      0           25.448 b6584a4d-3dba-4f77-b0f6-884053b29c99
INFO  [19:52:19.490] [bbotk] Evaluating 1 configuration(s)
INFO  [19:52:41.122] [bbotk] Result of batch 47:
INFO  [19:52:41.220] [bbotk]      alpha colsample_bylevel colsample_bytree       eta   lambda max_depth
INFO  [19:52:41.220] [bbotk]  -2.557735           0.36448        0.5156407 -3.154281 5.419953        13
INFO  [19:52:41.220] [bbotk]  nrounds subsample      acq_ei  x_domain .already_evaluated classif.bbrier
INFO  [19:52:41.220] [bbotk]     1197 0.1686918 0.002308229 <list[8]>              FALSE      0.1874686
INFO  [19:52:41.220] [bbotk]  warnings errors runtime_learners                                uhash
INFO  [19:52:41.220] [bbotk]         0      0            19.96 68de2ef8-a013-4a52-bb35-2d02b086dff2
INFO  [19:52:55.443] [bbotk] Evaluating 1 configuration(s)
INFO  [19:53:13.057] [bbotk] Result of batch 48:
INFO  [19:53:13.066] [bbotk]      alpha colsample_bylevel colsample_bytree       eta   lambda max_depth
INFO  [19:53:13.066] [bbotk]  -3.637468         0.7392752        0.3439239 -2.267013 6.578281        20
INFO  [19:53:13.066] [bbotk]  nrounds subsample      acq_ei  x_domain .already_evaluated classif.bbrier
INFO  [19:53:13.066] [bbotk]      755 0.6941162 0.002492566 <list[8]>              FALSE      0.1815046
INFO  [19:53:13.066] [bbotk]  warnings errors runtime_learners                                uhash
INFO  [19:53:13.066] [bbotk]         0      0           16.799 d1d56441-17e0-408b-8c57-20c0e75dba54
INFO  [19:53:35.961] [bbotk] Evaluating 1 configuration(s)
INFO  [19:54:18.268] [bbotk] Result of batch 49:
INFO  [19:54:18.380] [bbotk]      alpha colsample_bylevel colsample_bytree       eta     lambda max_depth
INFO  [19:54:18.380] [bbotk]  -4.918277         0.5014636        0.4633716 -6.963445 -0.5896301         1
INFO  [19:54:18.380] [bbotk]  nrounds subsample      acq_ei  x_domain .already_evaluated classif.bbrier
INFO  [19:54:18.380] [bbotk]     4755 0.4063504 0.003017692 <list[8]>              FALSE      0.1762196
INFO  [19:54:18.380] [bbotk]  warnings errors runtime_learners                                uhash
INFO  [19:54:18.380] [bbotk]         0      0           39.142 d54c6c28-01d3-4349-95e9-bd570ed6ba5e
INFO  [19:54:43.776] [bbotk] Evaluating 1 configuration(s)
INFO  [19:55:09.249] [bbotk] Result of batch 50:
INFO  [19:55:09.259] [bbotk]      alpha colsample_bylevel colsample_bytree       eta   lambda max_depth
INFO  [19:55:09.259] [bbotk]  -3.884169          0.704224        0.1924208 -5.239779 5.263768         2
INFO  [19:55:09.259] [bbotk]  nrounds subsample      acq_ei  x_domain .already_evaluated classif.bbrier
INFO  [19:55:09.259] [bbotk]     4417 0.5272242 0.002030741 <list[8]>              FALSE      0.1842665
INFO  [19:55:09.259] [bbotk]  warnings errors runtime_learners                                uhash
INFO  [19:55:09.259] [bbotk]         0      0           24.834 b9ee939d-7c5a-4dcb-a70f-07ee41e438ec
WARN  [19:55:16.432] [mlr3] train: Stopped because hard maximum generation limit was hit.
INFO  [19:55:32.059] [bbotk] Evaluating 1 configuration(s)
INFO  [19:55:50.496] [bbotk] Result of batch 51:
INFO  [19:55:50.512] [bbotk]      alpha colsample_bylevel colsample_bytree       eta    lambda max_depth
INFO  [19:55:50.512] [bbotk]  -6.662038         0.7648635        0.4332823 -5.794751 -1.729307         6
INFO  [19:55:50.512] [bbotk]  nrounds subsample      acq_ei  x_domain .already_evaluated classif.bbrier
INFO  [19:55:50.512] [bbotk]     1140 0.2311118 0.002127578 <list[8]>              FALSE      0.1815782
INFO  [19:55:50.512] [bbotk]  warnings errors runtime_learners                                uhash
INFO  [19:55:50.512] [bbotk]         0      0           16.872 9f9a51b2-b6e8-4598-a68c-5798e22a0774
INFO  [19:56:21.174] [bbotk] Evaluating 1 configuration(s)
INFO  [19:56:52.032] [bbotk] Result of batch 52:
INFO  [19:56:52.194] [bbotk]     alpha colsample_bylevel colsample_bytree       eta   lambda max_depth
INFO  [19:56:52.194] [bbotk]  -5.03474         0.3440719        0.6391275 -1.837049 6.725575        13
INFO  [19:56:52.194] [bbotk]  nrounds subsample    acq_ei  x_domain .already_evaluated classif.bbrier
INFO  [19:56:52.194] [bbotk]     1264  0.754607 0.0032662 <list[8]>              FALSE      0.1825384
INFO  [19:56:52.194] [bbotk]  warnings errors runtime_learners                                uhash
INFO  [19:56:52.194] [bbotk]         0      0           29.286 22dc9f25-d6f3-4c0d-a768-97eb3233e806
INFO  [19:57:12.166] [bbotk] Evaluating 1 configuration(s)
INFO  [19:57:31.076] [bbotk] Result of batch 53:
INFO  [19:57:31.145] [bbotk]     alpha colsample_bylevel colsample_bytree       eta    lambda max_depth
INFO  [19:57:31.145] [bbotk]  1.998088         0.8573925        0.2127968 -4.279766 -1.577299        19
INFO  [19:57:31.145] [bbotk]  nrounds subsample     acq_ei  x_domain .already_evaluated classif.bbrier
INFO  [19:57:31.145] [bbotk]     1441 0.6017297 0.00192288 <list[8]>              FALSE      0.1786276
INFO  [19:57:31.145] [bbotk]  warnings errors runtime_learners                                uhash
INFO  [19:57:31.145] [bbotk]         0      0           18.314 7f9aad39-9317-446a-8639-332c3159cdf2
INFO  [19:57:56.686] [bbotk] Evaluating 1 configuration(s)
INFO  [19:58:25.259] [bbotk] Result of batch 54:
INFO  [19:58:25.374] [bbotk]      alpha colsample_bylevel colsample_bytree       eta    lambda max_depth
INFO  [19:58:25.374] [bbotk]  -4.213919         0.1559268        0.3306106 -6.668858 -6.233313         9
INFO  [19:58:25.374] [bbotk]  nrounds subsample      acq_ei  x_domain .already_evaluated classif.bbrier
INFO  [19:58:25.374] [bbotk]     2797 0.1104517 0.001560796 <list[8]>              FALSE      0.1773375
INFO  [19:58:25.374] [bbotk]  warnings errors runtime_learners                                uhash
INFO  [19:58:25.374] [bbotk]         0      0           27.181 4e4731fb-1cca-4329-891b-3cb6da7e1f7e
INFO  [19:58:42.678] [bbotk] Evaluating 1 configuration(s)
INFO  [19:59:14.357] [bbotk] Result of batch 55:
INFO  [19:59:14.366] [bbotk]     alpha colsample_bylevel colsample_bytree       eta    lambda max_depth
INFO  [19:59:14.366] [bbotk]  -1.21895         0.1871241        0.2251638 -6.002463 -3.634842        13
INFO  [19:59:14.366] [bbotk]  nrounds subsample      acq_ei  x_domain .already_evaluated classif.bbrier
INFO  [19:59:14.366] [bbotk]     3515 0.1574906 0.001866915 <list[8]>              FALSE      0.1803284
INFO  [19:59:14.366] [bbotk]  warnings errors runtime_learners                                uhash
INFO  [19:59:14.366] [bbotk]         0      0           30.345 aa7a5111-26fb-40fd-b0d5-eb8e9f74c837
WARN  [19:59:35.460] [mlr3] train: Stopped because hard maximum generation limit was hit.
INFO  [20:00:09.837] [bbotk] Evaluating 1 configuration(s)
INFO  [20:00:41.931] [bbotk] Result of batch 56:
INFO  [20:00:42.053] [bbotk]      alpha colsample_bylevel colsample_bytree       eta    lambda max_depth
INFO  [20:00:42.053] [bbotk]  -4.026901         0.2969458        0.2432104 -6.132352 -3.992773        10
INFO  [20:00:42.053] [bbotk]  nrounds subsample      acq_ei  x_domain .already_evaluated classif.bbrier
INFO  [20:00:42.053] [bbotk]     2008 0.1301086 0.002841975 <list[8]>              FALSE      0.1787762
INFO  [20:00:42.053] [bbotk]  warnings errors runtime_learners                                uhash
INFO  [20:00:42.053] [bbotk]         0      0           30.459 8bdb485b-efa1-4b43-89b5-e1386b4c193a
WARN  [20:00:49.506] [mlr3] train: Stopped because hard maximum generation limit was hit.
INFO  [20:01:10.599] [bbotk] Evaluating 1 configuration(s)
INFO  [20:01:44.158] [bbotk] Result of batch 57:
INFO  [20:01:44.533] [bbotk]      alpha colsample_bylevel colsample_bytree       eta    lambda max_depth
INFO  [20:01:44.533] [bbotk]  -1.310156         0.4905912        0.3023313 -6.188957 -4.598598         9
INFO  [20:01:44.533] [bbotk]  nrounds subsample      acq_ei  x_domain .already_evaluated classif.bbrier
INFO  [20:01:44.533] [bbotk]     2120 0.2273217 0.001589823 <list[8]>              FALSE      0.1785379
INFO  [20:01:44.533] [bbotk]  warnings errors runtime_learners                                uhash
INFO  [20:01:44.533] [bbotk]         0      0           30.781 54b8d871-c4f7-44e8-87f1-a1ea3fdb8d7d
WARN  [20:01:47.303] [mlr3] train: Stopped because hard maximum generation limit was hit.
INFO  [20:02:08.741] [bbotk] Evaluating 1 configuration(s)
INFO  [20:02:32.159] [bbotk] Result of batch 58:
INFO  [20:02:32.370] [bbotk]     alpha colsample_bylevel colsample_bytree       eta    lambda max_depth
INFO  [20:02:32.370] [bbotk]  1.036819          0.295226        0.1771017 -5.651695 -2.177052        11
INFO  [20:02:32.370] [bbotk]  nrounds subsample      acq_ei  x_domain .already_evaluated classif.bbrier
INFO  [20:02:32.370] [bbotk]     2570 0.6195307 0.001905556 <list[8]>              FALSE      0.1790475
INFO  [20:02:32.370] [bbotk]  warnings errors runtime_learners                                uhash
INFO  [20:02:32.370] [bbotk]         0      0           21.222 bfc5ca62-60ad-4500-8993-38eb9e7b539a
WARN  [20:02:39.809] [mlr3] train: Stopped because hard maximum generation limit was hit.
INFO  [20:02:53.949] [bbotk] Evaluating 1 configuration(s)
INFO  [20:03:57.023] [bbotk] Result of batch 59:
INFO  [20:03:57.151] [bbotk]      alpha colsample_bylevel colsample_bytree       eta    lambda max_depth
INFO  [20:03:57.151] [bbotk]  -5.788727         0.6274765        0.1648133 -6.926503 0.2126605         2
INFO  [20:03:57.151] [bbotk]  nrounds subsample      acq_ei  x_domain .already_evaluated classif.bbrier
INFO  [20:03:57.151] [bbotk]     4648 0.4916469 0.001783691 <list[8]>              FALSE      0.1803252
INFO  [20:03:57.151] [bbotk]  warnings errors runtime_learners                                uhash
INFO  [20:03:57.151] [bbotk]         0      0             59.9 410b9225-9dc5-4a7e-b602-741921823bdd
INFO  [20:04:45.897] [bbotk] Evaluating 1 configuration(s)
INFO  [20:05:18.749] [bbotk] Result of batch 60:
INFO  [20:05:18.802] [bbotk]      alpha colsample_bylevel colsample_bytree       eta    lambda max_depth
INFO  [20:05:18.802] [bbotk]  -5.544823         0.3086438        0.5537329 -7.056091 -5.762012        18
INFO  [20:05:18.802] [bbotk]  nrounds subsample      acq_ei  x_domain .already_evaluated classif.bbrier
INFO  [20:05:18.802] [bbotk]     2153 0.1207302 0.001765657 <list[8]>              FALSE      0.1799624
INFO  [20:05:18.802] [bbotk]  warnings errors runtime_learners                                uhash
INFO  [20:05:18.802] [bbotk]         0      0            32.17 e37a5719-491b-48f1-ba19-2911bf832202
INFO  [20:05:35.620] [bbotk] Evaluating 1 configuration(s)
INFO  [20:05:55.471] [bbotk] Result of batch 61:
INFO  [20:05:55.485] [bbotk]      alpha colsample_bylevel colsample_bytree       eta   lambda max_depth
INFO  [20:05:55.485] [bbotk]  -4.746832          0.963456        0.2408334 -2.921856 6.283585         6
INFO  [20:05:55.485] [bbotk]  nrounds subsample      acq_ei  x_domain .already_evaluated classif.bbrier
INFO  [20:05:55.485] [bbotk]      863  0.624939 0.001473086 <list[8]>              FALSE      0.1857404
INFO  [20:05:55.485] [bbotk]  warnings errors runtime_learners                                uhash
INFO  [20:05:55.485] [bbotk]         0      0           19.097 93c0bd71-04aa-4a62-865b-768c3e650c07
INFO  [20:06:56.322] [bbotk] Evaluating 1 configuration(s)
INFO  [20:07:37.605] [bbotk] Result of batch 62:
INFO  [20:07:37.622] [bbotk]      alpha colsample_bylevel colsample_bytree       eta    lambda max_depth
INFO  [20:07:37.622] [bbotk]  -2.508567         0.2477856        0.9471368 -7.146229 -4.813292         1
INFO  [20:07:37.622] [bbotk]  nrounds subsample      acq_ei  x_domain .already_evaluated classif.bbrier
INFO  [20:07:37.622] [bbotk]     4222 0.1195734 0.001724364 <list[8]>              FALSE      0.1770361
INFO  [20:07:37.622] [bbotk]  warnings errors runtime_learners                                uhash
INFO  [20:07:37.622] [bbotk]         0      0           40.618 2afa9008-1a17-44ae-8838-894d1ffc1b0e
WARN  [20:08:02.936] [mlr3] train: Stopped because hard maximum generation limit was hit.
INFO  [20:08:14.397] [bbotk] Evaluating 1 configuration(s)
INFO  [20:08:41.408] [bbotk] Result of batch 63:
INFO  [20:08:41.418] [bbotk]      alpha colsample_bylevel colsample_bytree       eta    lambda max_depth
INFO  [20:08:41.418] [bbotk]  -1.725636         0.2866859        0.3520098 -7.052614 -3.112329         2
INFO  [20:08:41.418] [bbotk]  nrounds subsample      acq_ei  x_domain .already_evaluated classif.bbrier
INFO  [20:08:41.418] [bbotk]     3500 0.3840549 0.002305215 <list[8]>              FALSE       0.178574
INFO  [20:08:41.418] [bbotk]  warnings errors runtime_learners                                uhash
INFO  [20:08:41.418] [bbotk]         0      0           26.153 2c63387f-2cc2-4875-b3b0-04e5be0e4033
INFO  [20:08:55.473] [bbotk] Evaluating 1 configuration(s)
INFO  [20:09:52.250] [bbotk] Result of batch 64:
INFO  [20:09:52.412] [bbotk]      alpha colsample_bylevel colsample_bytree     eta    lambda max_depth
INFO  [20:09:52.412] [bbotk]  -4.582856           0.18129        0.6701568 -7.6034 -4.370014         7
INFO  [20:09:52.412] [bbotk]  nrounds subsample      acq_ei  x_domain .already_evaluated classif.bbrier
INFO  [20:09:52.412] [bbotk]     3732 0.1391426 0.002527219 <list[8]>              FALSE      0.1796306
INFO  [20:09:52.412] [bbotk]  warnings errors runtime_learners                                uhash
INFO  [20:09:52.412] [bbotk]         0      0            55.87 e92ef904-2a52-4641-8e94-a91aef9d3cb7
WARN  [20:10:04.423] [mlr3] train: Stopped because hard maximum generation limit was hit.
INFO  [20:10:16.309] [bbotk] Evaluating 1 configuration(s)
INFO  [20:10:35.400] [bbotk] Result of batch 65:
INFO  [20:10:35.461] [bbotk]      alpha colsample_bylevel colsample_bytree       eta    lambda max_depth
INFO  [20:10:35.461] [bbotk]  -3.791835         0.4938375        0.4298147 -4.816915 -1.103728         1
INFO  [20:10:35.461] [bbotk]  nrounds subsample      acq_ei  x_domain .already_evaluated classif.bbrier
INFO  [20:10:35.461] [bbotk]      875 0.4346238 0.002048607 <list[8]>              FALSE      0.1767777
INFO  [20:10:35.461] [bbotk]  warnings errors runtime_learners                                uhash
INFO  [20:10:35.461] [bbotk]         0      0           17.915 d2fc19aa-8d48-45ca-b906-5cb87a7977bf
INFO  [20:10:50.815] [bbotk] Evaluating 1 configuration(s)
INFO  [20:11:25.997] [bbotk] Result of batch 66:
INFO  [20:11:26.050] [bbotk]      alpha colsample_bylevel colsample_bytree       eta    lambda max_depth
INFO  [20:11:26.050] [bbotk]  -2.783905         0.2757655        0.2226559 -6.092825 -4.939627         4
INFO  [20:11:26.050] [bbotk]  nrounds subsample      acq_ei  x_domain .already_evaluated classif.bbrier
INFO  [20:11:26.050] [bbotk]     2454 0.5671017 0.002037787 <list[8]>              FALSE      0.1832874
INFO  [20:11:26.050] [bbotk]  warnings errors runtime_learners                                uhash
INFO  [20:11:26.050] [bbotk]         0      0           33.048 c0230f3e-3926-4862-827a-932c4e94a85e
INFO  [20:12:18.148] [bbotk] Evaluating 1 configuration(s)
INFO  [20:12:52.033] [bbotk] Result of batch 67:
INFO  [20:12:52.042] [bbotk]      alpha colsample_bylevel colsample_bytree      eta   lambda max_depth
INFO  [20:12:52.042] [bbotk]  -5.581872           0.79154        0.2486815 -5.30019 2.969998         1
INFO  [20:12:52.042] [bbotk]  nrounds subsample     acq_ei  x_domain .already_evaluated classif.bbrier
INFO  [20:12:52.042] [bbotk]     2588 0.8027401 0.00219863 <list[8]>              FALSE      0.1772043
INFO  [20:12:52.042] [bbotk]  warnings errors runtime_learners                                uhash
INFO  [20:12:52.042] [bbotk]         0      0           32.748 b188ffb7-d519-408c-bcc6-4612e2d0242d
INFO  [20:13:21.259] [bbotk] Evaluating 1 configuration(s)
INFO  [20:14:16.306] [bbotk] Result of batch 68:
INFO  [20:14:16.318] [bbotk]      alpha colsample_bylevel colsample_bytree       eta    lambda max_depth
INFO  [20:14:16.318] [bbotk]  -1.726816         0.1176129        0.8437832 -7.141879 -2.793716         4
INFO  [20:14:16.318] [bbotk]  nrounds subsample      acq_ei  x_domain .already_evaluated classif.bbrier
INFO  [20:14:16.318] [bbotk]     4429 0.2136715 0.003241355 <list[8]>              FALSE      0.1779541
INFO  [20:14:16.318] [bbotk]  warnings errors runtime_learners                                uhash
INFO  [20:14:16.318] [bbotk]         0      0           52.371 6e818301-dbf9-4bc3-ba39-8e0db3fc2fe6
INFO  [20:14:33.470] [bbotk] Evaluating 1 configuration(s)
INFO  [20:14:46.842] [bbotk] Result of batch 69:
INFO  [20:14:46.862] [bbotk]      alpha colsample_bylevel colsample_bytree       eta   lambda max_depth
INFO  [20:14:46.862] [bbotk]  -4.161698         0.5321503        0.2515836 -4.443345 2.995222         2
INFO  [20:14:46.862] [bbotk]  nrounds subsample      acq_ei  x_domain .already_evaluated classif.bbrier
INFO  [20:14:46.862] [bbotk]     1712 0.3365761 0.001566236 <list[8]>              FALSE      0.1776465
INFO  [20:14:46.862] [bbotk]  warnings errors runtime_learners                                uhash
INFO  [20:14:46.862] [bbotk]         0      0           12.723 a1727901-a7a4-40ad-81de-7136326a1cdb
WARN  [20:14:49.674] [mlr3] train: Stopped because hard maximum generation limit was hit.
INFO  [20:14:49.820] [bbotk] Finished optimizing after 100 evaluation(s)
INFO  [20:14:49.826] [bbotk] Result:
INFO  [20:14:49.840] [bbotk]      alpha colsample_bylevel colsample_bytree       eta     lambda max_depth
INFO  [20:14:49.840] [bbotk]      <num>             <num>            <num>     <num>      <num>     <int>
INFO  [20:14:49.840] [bbotk]  -4.918277         0.5014636        0.4633716 -6.963445 -0.5896301         1
INFO  [20:14:49.840] [bbotk]  nrounds subsample learner_param_vals  x_domain classif.bbrier
INFO  [20:14:49.840] [bbotk]    <int>     <num>             <list>    <list>          <num>
INFO  [20:14:49.840] [bbotk]     4755 0.4063504         <list[10]> <list[8]>      0.1762196

### [bt]: Job terminated successfully [batchtools job.id=2114]
### [bt]: Calculation finished!
