### [bt]: This is batchtools v0.9.17
### [bt]: Starting calculation of 1 jobs
### [bt]: Setting working directory to '/content/drive/MyDrive/GitHub/Mater_Thesis_Calibration'
ece.R :
Friedmann_tasks.R :
Functions.R :
ici.R :
mse_feature_effects.R :
PipeOpCalibration_TuningExperiment.R :
PipeOpCalibration.R :
PipeOpCalibrationUnion.R :
### [bt]: Memory measurement disabled
### [bt]: Starting job [batchtools job.id=2705]
### [bt]: Generating problem instance for problem '0ecb79b078d7aa0a' ...
### [bt]: Applying algorithm 'run_learner' on problem '0ecb79b078d7aa0a' for job 2705 (seed = 2828) ...
INFO  [13:17:03.377] [mlr3] Applying learner 'rpart TbC beta' on task 'PhishingWebsites' (iter 5/10)
INFO  [13:17:03.932] [bbotk] Starting to optimize 3 parameter(s) with '<OptimizerMbo>' and '<TerminatorEvals> [n_evals=100, k=0]'
INFO  [13:17:04.614] [bbotk] Evaluating 12 configuration(s)
INFO  [13:17:17.876] [bbotk] Result of batch 1:
INFO  [13:17:17.884] [bbotk]         cp  minbucket  minsplit classif.bbrier warnings errors runtime_learners
INFO  [13:17:17.884] [bbotk]  -3.981526 1.91197053 1.2398385     0.08397277        0      0            0.885
INFO  [13:17:17.884] [bbotk]  -7.435404 3.99916429 3.3231712     0.05691908        0      0            1.160
INFO  [13:17:17.884] [bbotk]  -5.708465 2.95556747 4.3648375     0.06075806        0      0            1.562
INFO  [13:17:17.884] [bbotk]  -9.162343 0.86837371 2.2815049     0.03972859        0      0            0.882
INFO  [13:17:17.884] [bbotk]  -8.298873 2.43376906 0.7190054     0.04696279        0      0            0.819
INFO  [13:17:17.884] [bbotk]  -4.844996 0.34657533 2.8023380     0.06763900        0      0            0.865
INFO  [13:17:17.884] [bbotk]  -3.118057 3.47736588 1.7606717     0.09791372        0      0            0.622
INFO  [13:17:17.884] [bbotk]  -6.571935 1.39017212 3.8440043     0.05172244        0      0            0.766
INFO  [13:17:17.884] [bbotk]  -7.003669 0.08567612 1.5002551     0.04851483        0      0            0.676
INFO  [13:17:17.884] [bbotk]  -3.549792 2.17286986 3.5835877     0.08397277        0      0            0.710
INFO  [13:17:17.884] [bbotk]  -8.730608 3.21646668 4.6252541     0.05498261        0      0            0.745
INFO  [13:17:17.884] [bbotk]  -5.276731 1.12927292 2.5419214     0.06763900        0      0            0.668
INFO  [13:17:17.884] [bbotk]                                 uhash
INFO  [13:17:17.884] [bbotk]  e0ab4481-ce57-4cdf-a061-c41d586a1b73
INFO  [13:17:17.884] [bbotk]  ff30b57e-dfd7-4073-afd1-e19c6103376c
INFO  [13:17:17.884] [bbotk]  2f76fc58-0927-4406-b9b3-265cc7f49c05
INFO  [13:17:17.884] [bbotk]  f3212d6c-a148-49da-abba-eb60f6c583c8
INFO  [13:17:17.884] [bbotk]  160acf18-a2f9-4ecc-a319-50647b153fb3
INFO  [13:17:17.884] [bbotk]  20583b0d-e568-4050-adec-32ccddc867b5
INFO  [13:17:17.884] [bbotk]  1b2b3324-270a-4f05-9c28-73899e596991
INFO  [13:17:17.884] [bbotk]  630e7e26-cc71-4359-ae57-8377dde53919
INFO  [13:17:17.884] [bbotk]  32baa3dd-b37e-4ac2-bfbf-d8ac5271ade7
INFO  [13:17:17.884] [bbotk]  2deb5f5f-6631-4203-9099-f35a60a98989
INFO  [13:17:17.884] [bbotk]  9673c42d-da83-4026-bb08-a755900d7ed9
INFO  [13:17:17.884] [bbotk]  c588f384-dc71-476a-8944-f6c46b898045
INFO  [13:17:20.729] [bbotk] Evaluating 1 configuration(s)
INFO  [13:17:22.137] [bbotk] Result of batch 2:
INFO  [13:17:22.158] [bbotk]         cp minbucket  minsplit      acq_ei  x_domain .already_evaluated
INFO  [13:17:22.158] [bbotk]  -9.203399 0.1034027 0.9625558 0.002876171 <list[3]>              FALSE
INFO  [13:17:22.158] [bbotk]  classif.bbrier warnings errors runtime_learners
INFO  [13:17:22.158] [bbotk]      0.03729981        0      0            1.056
INFO  [13:17:22.158] [bbotk]                                 uhash
INFO  [13:17:22.158] [bbotk]  a8c452cd-8f84-4ecc-89c8-bf82862eb222
INFO  [13:17:24.445] [bbotk] Evaluating 1 configuration(s)
INFO  [13:17:25.725] [bbotk] Result of batch 3:
INFO  [13:17:25.742] [bbotk]         cp  minbucket minsplit       acq_ei  x_domain .already_evaluated
INFO  [13:17:25.742] [bbotk]  -9.147437 0.05413391 1.169365 0.0007613846 <list[3]>              FALSE
INFO  [13:17:25.742] [bbotk]  classif.bbrier warnings errors runtime_learners
INFO  [13:17:25.742] [bbotk]        0.038514        0      0            0.942
INFO  [13:17:25.742] [bbotk]                                 uhash
INFO  [13:17:25.742] [bbotk]  6a21d9b2-0c18-42ba-a2be-8c6ce0ca7417
INFO  [13:17:28.584] [bbotk] Evaluating 1 configuration(s)
INFO  [13:17:29.808] [bbotk] Result of batch 4:
INFO  [13:17:29.828] [bbotk]       cp minbucket minsplit       acq_ei  x_domain .already_evaluated
INFO  [13:17:29.828] [bbotk]  -9.1937 0.2293066 1.044987 0.0003731883 <list[3]>              FALSE
INFO  [13:17:29.828] [bbotk]  classif.bbrier warnings errors runtime_learners
INFO  [13:17:29.828] [bbotk]      0.03729981        0      0            0.852
INFO  [13:17:29.828] [bbotk]                                 uhash
INFO  [13:17:29.828] [bbotk]  2d9dd4c3-0cae-4e56-a17c-d32446a3759f
INFO  [13:17:32.698] [bbotk] Evaluating 1 configuration(s)
INFO  [13:17:33.558] [bbotk] Result of batch 5:
INFO  [13:17:33.565] [bbotk]         cp minbucket  minsplit      acq_ei  x_domain .already_evaluated
INFO  [13:17:33.565] [bbotk]  -9.178569  1.815527 0.7410846 0.001801402 <list[3]>              FALSE
INFO  [13:17:33.565] [bbotk]  classif.bbrier warnings errors runtime_learners
INFO  [13:17:33.565] [bbotk]      0.04345245        0      0            0.541
INFO  [13:17:33.565] [bbotk]                                 uhash
INFO  [13:17:33.565] [bbotk]  98158501-69e3-4123-a8e3-316d507bc666
INFO  [13:17:35.860] [bbotk] Evaluating 1 configuration(s)
INFO  [13:17:37.510] [bbotk] Result of batch 6:
INFO  [13:17:37.518] [bbotk]         cp  minbucket minsplit       acq_ei  x_domain .already_evaluated
INFO  [13:17:37.518] [bbotk]  -9.197467 0.01818923 1.057595 0.0004436746 <list[3]>              FALSE
INFO  [13:17:37.518] [bbotk]  classif.bbrier warnings errors runtime_learners
INFO  [13:17:37.518] [bbotk]      0.03729981        0      0            1.361
INFO  [13:17:37.518] [bbotk]                                 uhash
INFO  [13:17:37.518] [bbotk]  a58e1841-77bd-481b-8dd0-1730082bcee2
INFO  [13:17:40.287] [bbotk] Evaluating 1 configuration(s)
INFO  [13:17:42.632] [bbotk] Result of batch 7:
INFO  [13:17:42.640] [bbotk]         cp  minbucket minsplit       acq_ei  x_domain .already_evaluated
INFO  [13:17:42.640] [bbotk]  -8.993884 0.03142599 2.836157 0.0003636343 <list[3]>              FALSE
INFO  [13:17:42.640] [bbotk]  classif.bbrier warnings errors runtime_learners
INFO  [13:17:42.640] [bbotk]      0.04053143        0      0            2.019
INFO  [13:17:42.640] [bbotk]                                 uhash
INFO  [13:17:42.640] [bbotk]  fb91bb38-29b6-4149-a3e7-776b5c7378e8
INFO  [13:17:45.716] [bbotk] Evaluating 1 configuration(s)
INFO  [13:17:47.636] [bbotk] Result of batch 8:
INFO  [13:17:47.657] [bbotk]         cp  minbucket  minsplit       acq_ei  x_domain .already_evaluated
INFO  [13:17:47.657] [bbotk]  -9.160678 0.06278581 0.7480373 0.0002332724 <list[3]>              FALSE
INFO  [13:17:47.657] [bbotk]  classif.bbrier warnings errors runtime_learners
INFO  [13:17:47.657] [bbotk]      0.03729981        0      0            1.624
INFO  [13:17:47.657] [bbotk]                                 uhash
INFO  [13:17:47.657] [bbotk]  2fc8363a-68f1-4d84-ab10-e1ffd69e3389
WARN  [13:17:47.892] [mlr3] train: Stopped because hard maximum generation limit was hit.
INFO  [13:17:50.365] [bbotk] Evaluating 1 configuration(s)
INFO  [13:17:51.959] [bbotk] Result of batch 9:
INFO  [13:17:51.967] [bbotk]         cp minbucket minsplit       acq_ei  x_domain .already_evaluated
INFO  [13:17:51.967] [bbotk]  -9.191926 0.1610723 1.229525 0.0001893293 <list[3]>              FALSE
INFO  [13:17:51.967] [bbotk]  classif.bbrier warnings errors runtime_learners
INFO  [13:17:51.967] [bbotk]      0.03861655        0      0            1.259
INFO  [13:17:51.967] [bbotk]                                 uhash
INFO  [13:17:51.967] [bbotk]  c9837470-b73f-4e0b-bea6-62587ab97960
INFO  [13:17:55.301] [bbotk] Evaluating 1 configuration(s)
INFO  [13:17:57.125] [bbotk] Result of batch 10:
INFO  [13:17:57.133] [bbotk]         cp minbucket  minsplit       acq_ei  x_domain .already_evaluated
INFO  [13:17:57.133] [bbotk]  -8.954569 0.2224798 0.7827036 0.0002441479 <list[3]>              FALSE
INFO  [13:17:57.133] [bbotk]  classif.bbrier warnings errors runtime_learners
INFO  [13:17:57.133] [bbotk]      0.03847299        0      0            1.487
INFO  [13:17:57.133] [bbotk]                                 uhash
INFO  [13:17:57.133] [bbotk]  7c49ce34-888a-44b1-9a96-dce7f4d8c2b3
WARN  [13:17:57.345] [mlr3] train: Stopped because hard maximum generation limit was hit.
INFO  [13:17:59.612] [bbotk] Evaluating 1 configuration(s)
INFO  [13:18:00.922] [bbotk] Result of batch 11:
INFO  [13:18:00.943] [bbotk]         cp minbucket  minsplit      acq_ei  x_domain .already_evaluated
INFO  [13:18:00.943] [bbotk]  -9.086127 0.0405443 0.7157408 0.000177716 <list[3]>              FALSE
INFO  [13:18:00.943] [bbotk]  classif.bbrier warnings errors runtime_learners
INFO  [13:18:00.943] [bbotk]      0.03786901        0      0            0.988
INFO  [13:18:00.943] [bbotk]                                 uhash
INFO  [13:18:00.943] [bbotk]  ed6adbc1-bb1c-4386-8e4f-6c5a030f3c4b
INFO  [13:18:03.557] [bbotk] Evaluating 1 configuration(s)
INFO  [13:18:04.871] [bbotk] Result of batch 12:
INFO  [13:18:04.881] [bbotk]         cp minbucket  minsplit       acq_ei  x_domain .already_evaluated
INFO  [13:18:04.881] [bbotk]  -9.124145 0.1645772 0.7238005 9.084654e-05 <list[3]>              FALSE
INFO  [13:18:04.881] [bbotk]  classif.bbrier warnings errors runtime_learners
INFO  [13:18:04.881] [bbotk]      0.03719725        0      0             0.99
INFO  [13:18:04.881] [bbotk]                                 uhash
INFO  [13:18:04.881] [bbotk]  91c384f0-817e-422a-9df8-77bc6623faf1
INFO  [13:18:07.477] [bbotk] Evaluating 1 configuration(s)
INFO  [13:18:09.670] [bbotk] Result of batch 13:
INFO  [13:18:09.679] [bbotk]         cp minbucket  minsplit       acq_ei  x_domain .already_evaluated
INFO  [13:18:09.679] [bbotk]  -9.165344 0.2167314 0.8021538 9.062953e-05 <list[3]>              FALSE
INFO  [13:18:09.679] [bbotk]  classif.bbrier warnings errors runtime_learners
INFO  [13:18:09.679] [bbotk]      0.03729981        0      0            1.871
INFO  [13:18:09.679] [bbotk]                                 uhash
INFO  [13:18:09.679] [bbotk]  e84930d7-d4a7-46cd-8873-10ae479d30f7
INFO  [13:18:12.479] [bbotk] Evaluating 1 configuration(s)
INFO  [13:18:14.193] [bbotk] Result of batch 14:
INFO  [13:18:14.203] [bbotk]         cp  minbucket  minsplit      acq_ei  x_domain .already_evaluated
INFO  [13:18:14.203] [bbotk]  -9.151208 0.08817127 0.7385251 9.26754e-05 <list[3]>              FALSE
INFO  [13:18:14.203] [bbotk]  classif.bbrier warnings errors runtime_learners
INFO  [13:18:14.203] [bbotk]      0.03719725        0      0            1.427
INFO  [13:18:14.203] [bbotk]                                 uhash
INFO  [13:18:14.203] [bbotk]  ff2b8006-6050-4cdc-8d55-af7ef7afec58
WARN  [13:18:14.479] [mlr3] train: Stopped because hard maximum generation limit was hit.
INFO  [13:18:16.729] [bbotk] Evaluating 1 configuration(s)
INFO  [13:18:18.077] [bbotk] Result of batch 15:
INFO  [13:18:18.085] [bbotk]         cp minbucket  minsplit       acq_ei  x_domain .already_evaluated
INFO  [13:18:18.085] [bbotk]  -9.188722 0.3109526 0.8643397 5.243655e-05 <list[3]>              FALSE
INFO  [13:18:18.085] [bbotk]  classif.bbrier warnings errors runtime_learners
INFO  [13:18:18.085] [bbotk]      0.03729981        0      0            0.975
INFO  [13:18:18.085] [bbotk]                                 uhash
INFO  [13:18:18.085] [bbotk]  245eafb4-c8a7-4eca-a2f4-af1b2c7a03c8
INFO  [13:18:21.020] [bbotk] Evaluating 1 configuration(s)
INFO  [13:18:22.344] [bbotk] Result of batch 16:
INFO  [13:18:22.356] [bbotk]         cp  minbucket  minsplit       acq_ei  x_domain .already_evaluated
INFO  [13:18:22.356] [bbotk]  -9.193533 0.04443899 0.8393587 9.331031e-05 <list[3]>              FALSE
INFO  [13:18:22.356] [bbotk]  classif.bbrier warnings errors runtime_learners
INFO  [13:18:22.356] [bbotk]      0.03729981        0      0             0.94
INFO  [13:18:22.356] [bbotk]                                 uhash
INFO  [13:18:22.356] [bbotk]  68c731aa-701c-42f0-8343-4f5235971d56
WARN  [13:18:22.851] [mlr3] train: Stopped because hard maximum generation limit was hit.
INFO  [13:18:25.285] [bbotk] Evaluating 1 configuration(s)
INFO  [13:18:27.679] [bbotk] Result of batch 17:
INFO  [13:18:27.685] [bbotk]         cp minbucket minsplit      acq_ei  x_domain .already_evaluated
INFO  [13:18:27.685] [bbotk]  -9.128821 0.8200844 4.804202 9.49216e-05 <list[3]>              FALSE
INFO  [13:18:27.685] [bbotk]  classif.bbrier warnings errors runtime_learners
INFO  [13:18:27.685] [bbotk]      0.04891278        0      0            2.074
INFO  [13:18:27.685] [bbotk]                                 uhash
INFO  [13:18:27.685] [bbotk]  c4b8ddd6-cb93-4853-abca-1bd4ebac1a80
INFO  [13:18:30.279] [bbotk] Evaluating 1 configuration(s)
INFO  [13:18:31.699] [bbotk] Result of batch 18:
INFO  [13:18:31.717] [bbotk]         cp minbucket minsplit       acq_ei  x_domain .already_evaluated
INFO  [13:18:31.717] [bbotk]  -9.201439 0.5057866 0.790093 6.074647e-05 <list[3]>              FALSE
INFO  [13:18:31.717] [bbotk]  classif.bbrier warnings errors runtime_learners
INFO  [13:18:31.717] [bbotk]      0.03729981        0      0            0.984
INFO  [13:18:31.717] [bbotk]                                 uhash
INFO  [13:18:31.717] [bbotk]  c4501c5c-7379-49f4-af58-fbffdc58af82
WARN  [13:18:31.920] [mlr3] train: Stopped because hard maximum generation limit was hit.
INFO  [13:18:34.576] [bbotk] Evaluating 1 configuration(s)
INFO  [13:18:35.679] [bbotk] Result of batch 19:
INFO  [13:18:35.686] [bbotk]         cp minbucket  minsplit       acq_ei  x_domain .already_evaluated
INFO  [13:18:35.686] [bbotk]  -9.109784 0.1025321 0.8169644 9.556863e-06 <list[3]>              FALSE
INFO  [13:18:35.686] [bbotk]  classif.bbrier warnings errors runtime_learners
INFO  [13:18:35.686] [bbotk]      0.03719725        0      0            0.701
INFO  [13:18:35.686] [bbotk]                                 uhash
INFO  [13:18:35.686] [bbotk]  98091ed1-a059-40f8-976a-6acb9a1ab1fc
INFO  [13:18:38.541] [bbotk] Evaluating 1 configuration(s)
INFO  [13:18:40.665] [bbotk] Result of batch 20:
INFO  [13:18:40.673] [bbotk]         cp minbucket  minsplit       acq_ei  x_domain .already_evaluated
INFO  [13:18:40.673] [bbotk]  -9.133214 0.2443262 0.7422403 7.517527e-05 <list[3]>              FALSE
INFO  [13:18:40.673] [bbotk]  classif.bbrier warnings errors runtime_learners
INFO  [13:18:40.673] [bbotk]      0.03719725        0      0            1.762
INFO  [13:18:40.673] [bbotk]                                 uhash
INFO  [13:18:40.673] [bbotk]  5e1f85a3-0abd-415c-a159-ba363defac8d
INFO  [13:18:43.040] [bbotk] Evaluating 1 configuration(s)
INFO  [13:18:44.584] [bbotk] Result of batch 21:
INFO  [13:18:44.616] [bbotk]         cp minbucket minsplit       acq_ei  x_domain .already_evaluated
INFO  [13:18:44.616] [bbotk]  -7.290299 0.1595213 4.723894 1.015702e-06 <list[3]>              FALSE
INFO  [13:18:44.616] [bbotk]  classif.bbrier warnings errors runtime_learners
INFO  [13:18:44.616] [bbotk]      0.05018338        0      0            1.196
INFO  [13:18:44.616] [bbotk]                                 uhash
INFO  [13:18:44.616] [bbotk]  f42b4cf5-76a9-4003-bfdf-2cb3bdac8164
INFO  [13:18:47.367] [bbotk] Evaluating 1 configuration(s)
INFO  [13:18:48.308] [bbotk] Result of batch 22:
INFO  [13:18:48.316] [bbotk]         cp minbucket  minsplit       acq_ei  x_domain .already_evaluated
INFO  [13:18:48.316] [bbotk]  -9.105122  0.103211 0.7360555 4.243612e-05 <list[3]>              FALSE
INFO  [13:18:48.316] [bbotk]  classif.bbrier warnings errors runtime_learners
INFO  [13:18:48.316] [bbotk]      0.03719725        0      0            0.678
INFO  [13:18:48.316] [bbotk]                                 uhash
INFO  [13:18:48.316] [bbotk]  d320054f-b625-4a13-93a7-ac62ab91bb13
WARN  [13:18:48.689] [mlr3] train: Stopped because hard maximum generation limit was hit.
INFO  [13:18:50.934] [bbotk] Evaluating 1 configuration(s)
INFO  [13:18:52.106] [bbotk] Result of batch 23:
INFO  [13:18:52.116] [bbotk]         cp minbucket  minsplit       acq_ei  x_domain .already_evaluated
INFO  [13:18:52.116] [bbotk]  -9.197117 0.4839865 0.8668264 3.778618e-05 <list[3]>              FALSE
INFO  [13:18:52.116] [bbotk]  classif.bbrier warnings errors runtime_learners
INFO  [13:18:52.116] [bbotk]      0.03729981        0      0            0.863
INFO  [13:18:52.116] [bbotk]                                 uhash
INFO  [13:18:52.116] [bbotk]  032cf914-9931-44da-abc6-e7af79ebc850
WARN  [13:18:52.406] [mlr3] train: Stopped because hard maximum generation limit was hit.
INFO  [13:18:54.974] [bbotk] Evaluating 1 configuration(s)
INFO  [13:18:57.501] [bbotk] Result of batch 24:
INFO  [13:18:57.510] [bbotk]         cp minbucket  minsplit       acq_ei  x_domain .already_evaluated
INFO  [13:18:57.510] [bbotk]  -9.184701 0.2954068 0.9685702 2.360206e-05 <list[3]>              FALSE
INFO  [13:18:57.510] [bbotk]  classif.bbrier warnings errors runtime_learners
INFO  [13:18:57.510] [bbotk]      0.03729981        0      0             2.22
INFO  [13:18:57.510] [bbotk]                                 uhash
INFO  [13:18:57.510] [bbotk]  44341a5b-af4c-4843-9f3b-51f5daa5c71d
WARN  [13:18:57.734] [mlr3] train: Stopped because hard maximum generation limit was hit.
INFO  [13:18:59.967] [bbotk] Evaluating 1 configuration(s)
INFO  [13:19:01.457] [bbotk] Result of batch 25:
INFO  [13:19:01.475] [bbotk]         cp minbucket  minsplit     acq_ei  x_domain .already_evaluated
INFO  [13:19:01.475] [bbotk]  -9.104461 0.1994956 0.7192711 4.3419e-05 <list[3]>              FALSE
INFO  [13:19:01.475] [bbotk]  classif.bbrier warnings errors runtime_learners
INFO  [13:19:01.475] [bbotk]      0.03719725        0      0            1.034
INFO  [13:19:01.475] [bbotk]                                 uhash
INFO  [13:19:01.475] [bbotk]  d8d56f6f-89be-4098-9a7c-cfa5d1560097
WARN  [13:19:01.864] [mlr3] train: Stopped because hard maximum generation limit was hit.
INFO  [13:19:04.240] [bbotk] Evaluating 1 configuration(s)
INFO  [13:19:05.338] [bbotk] Result of batch 26:
INFO  [13:19:05.345] [bbotk]         cp minbucket minsplit       acq_ei  x_domain .already_evaluated
INFO  [13:19:05.345] [bbotk]  -9.192115 0.3207035 1.096268 2.875573e-06 <list[3]>              FALSE
INFO  [13:19:05.345] [bbotk]  classif.bbrier warnings errors runtime_learners
INFO  [13:19:05.345] [bbotk]      0.03729981        0      0            0.837
INFO  [13:19:05.345] [bbotk]                                 uhash
INFO  [13:19:05.345] [bbotk]  cf775f51-dda4-4533-8052-725290aabe24
INFO  [13:19:08.159] [bbotk] Evaluating 1 configuration(s)
INFO  [13:19:09.413] [bbotk] Result of batch 27:
INFO  [13:19:09.438] [bbotk]         cp minbucket  minsplit       acq_ei  x_domain .already_evaluated
INFO  [13:19:09.438] [bbotk]  -9.195214 0.4688224 0.8386888 9.106198e-05 <list[3]>              FALSE
INFO  [13:19:09.438] [bbotk]  classif.bbrier warnings errors runtime_learners
INFO  [13:19:09.438] [bbotk]      0.03729981        0      0            0.943
INFO  [13:19:09.438] [bbotk]                                 uhash
INFO  [13:19:09.438] [bbotk]  98ab199a-3adb-4792-9fe9-a037ceb4d92a
WARN  [13:19:09.911] [mlr3] train: Stopped because hard maximum generation limit was hit.
INFO  [13:19:12.887] [bbotk] Evaluating 1 configuration(s)
INFO  [13:19:14.828] [bbotk] Result of batch 28:
INFO  [13:19:14.848] [bbotk]         cp minbucket minsplit       acq_ei  x_domain .already_evaluated
INFO  [13:19:14.848] [bbotk]  -9.180445 0.4195476 0.721066 0.0001866296 <list[3]>              FALSE
INFO  [13:19:14.848] [bbotk]  classif.bbrier warnings errors runtime_learners
INFO  [13:19:14.848] [bbotk]      0.03729981        0      0            1.652
INFO  [13:19:14.848] [bbotk]                                 uhash
INFO  [13:19:14.848] [bbotk]  ebe6af6c-04cb-49c1-870a-d720b062bb4f
WARN  [13:19:15.124] [mlr3] train: Stopped because hard maximum generation limit was hit.
INFO  [13:19:18.226] [bbotk] Evaluating 1 configuration(s)
INFO  [13:19:19.910] [bbotk] Result of batch 29:
INFO  [13:19:19.959] [bbotk]        cp minbucket minsplit       acq_ei  x_domain .already_evaluated
INFO  [13:19:19.959] [bbotk]  -9.16476 0.1839895 0.715211 0.0001891724 <list[3]>              FALSE
INFO  [13:19:19.959] [bbotk]  classif.bbrier warnings errors runtime_learners
INFO  [13:19:19.959] [bbotk]      0.03729981        0      0            1.199
INFO  [13:19:19.959] [bbotk]                                 uhash
INFO  [13:19:19.959] [bbotk]  4d8674f7-f1e1-4223-b963-20b2f1ff764e
WARN  [13:19:20.431] [mlr3] train: Stopped because hard maximum generation limit was hit.
INFO  [13:19:23.622] [bbotk] Evaluating 1 configuration(s)
INFO  [13:19:24.559] [bbotk] Result of batch 30:
INFO  [13:19:24.567] [bbotk]        cp minbucket  minsplit      acq_ei  x_domain .already_evaluated
INFO  [13:19:24.567] [bbotk]  -9.13629 0.3126176 0.8457515 3.15229e-05 <list[3]>              FALSE
INFO  [13:19:24.567] [bbotk]  classif.bbrier warnings errors runtime_learners
INFO  [13:19:24.567] [bbotk]      0.03719725        0      0            0.673
INFO  [13:19:24.567] [bbotk]                                 uhash
INFO  [13:19:24.567] [bbotk]  eeaa68fc-aded-42cb-b133-8ca5b736c413
WARN  [13:19:24.928] [mlr3] train: Stopped because hard maximum generation limit was hit.
INFO  [13:19:27.534] [bbotk] Evaluating 1 configuration(s)
INFO  [13:19:29.365] [bbotk] Result of batch 31:
INFO  [13:19:29.381] [bbotk]         cp minbucket minsplit       acq_ei  x_domain .already_evaluated
INFO  [13:19:29.381] [bbotk]  -9.208144 0.4910231 3.250056 2.138471e-05 <list[3]>              FALSE
INFO  [13:19:29.381] [bbotk]  classif.bbrier warnings errors runtime_learners
INFO  [13:19:29.381] [bbotk]      0.04106541        0      0            1.388
INFO  [13:19:29.381] [bbotk]                                 uhash
INFO  [13:19:29.381] [bbotk]  7a1cfe2b-5012-4200-9429-1b621679b256
WARN  [13:19:29.793] [mlr3] train: Stopped because hard maximum generation limit was hit.
INFO  [13:19:32.976] [bbotk] Evaluating 1 configuration(s)
INFO  [13:19:35.826] [bbotk] Result of batch 32:
INFO  [13:19:35.846] [bbotk]         cp minbucket  minsplit       acq_ei  x_domain .already_evaluated
INFO  [13:19:35.846] [bbotk]  -9.140922 0.3561895 0.7094207 0.0001076269 <list[3]>              FALSE
INFO  [13:19:35.846] [bbotk]  classif.bbrier warnings errors runtime_learners
INFO  [13:19:35.846] [bbotk]      0.03719725        0      0             2.48
INFO  [13:19:35.846] [bbotk]                                 uhash
INFO  [13:19:35.846] [bbotk]  18f34d06-639f-4255-964d-2db8cbdf339f
WARN  [13:19:36.214] [mlr3] train: Stopped because hard maximum generation limit was hit.
INFO  [13:19:38.460] [bbotk] Evaluating 1 configuration(s)
INFO  [13:19:41.658] [bbotk] Result of batch 33:
INFO  [13:19:41.691] [bbotk]         cp  minbucket  minsplit       acq_ei  x_domain .already_evaluated
INFO  [13:19:41.691] [bbotk]  -9.142932 0.07545214 0.8701858 1.976014e-05 <list[3]>              FALSE
INFO  [13:19:41.691] [bbotk]  classif.bbrier warnings errors runtime_learners
INFO  [13:19:41.691] [bbotk]      0.03719725        0      0            2.775
INFO  [13:19:41.691] [bbotk]                                 uhash
INFO  [13:19:41.691] [bbotk]  66218a3a-5b71-4e3c-9227-b262580c3e88
WARN  [13:19:42.214] [mlr3] train: Stopped because hard maximum generation limit was hit.
INFO  [13:19:44.596] [bbotk] Evaluating 1 configuration(s)
INFO  [13:19:45.765] [bbotk] Result of batch 34:
INFO  [13:19:45.774] [bbotk]         cp minbucket  minsplit       acq_ei  x_domain .already_evaluated
INFO  [13:19:45.774] [bbotk]  -9.196199 0.1350327 0.8376516 0.0001315886 <list[3]>              FALSE
INFO  [13:19:45.774] [bbotk]  classif.bbrier warnings errors runtime_learners
INFO  [13:19:45.774] [bbotk]      0.03729981        0      0            0.925
INFO  [13:19:45.774] [bbotk]                                 uhash
INFO  [13:19:45.774] [bbotk]  8ac1f1dc-dd85-4d92-88ac-6356c25e4141
WARN  [13:19:46.288] [mlr3] train: Stopped because hard maximum generation limit was hit.
INFO  [13:19:48.880] [bbotk] Evaluating 1 configuration(s)
INFO  [13:19:50.212] [bbotk] Result of batch 35:
INFO  [13:19:50.220] [bbotk]         cp minbucket  minsplit       acq_ei  x_domain .already_evaluated
INFO  [13:19:50.220] [bbotk]  -9.189461 0.3860048 0.8700927 7.722631e-05 <list[3]>              FALSE
INFO  [13:19:50.220] [bbotk]  classif.bbrier warnings errors runtime_learners
INFO  [13:19:50.220] [bbotk]      0.03729981        0      0            1.029
INFO  [13:19:50.220] [bbotk]                                 uhash
INFO  [13:19:50.220] [bbotk]  0e7e2a4e-5984-4359-99cc-33a7672d2b81
WARN  [13:19:50.534] [mlr3] train: Stopped because hard maximum generation limit was hit.
INFO  [13:19:52.846] [bbotk] Evaluating 1 configuration(s)
INFO  [13:19:53.870] [bbotk] Result of batch 36:
INFO  [13:19:53.890] [bbotk]         cp minbucket minsplit       acq_ei  x_domain .already_evaluated
INFO  [13:19:53.890] [bbotk]  -9.196085   0.23095  0.86809 0.0001130053 <list[3]>              FALSE
INFO  [13:19:53.890] [bbotk]  classif.bbrier warnings errors runtime_learners
INFO  [13:19:53.890] [bbotk]      0.03729981        0      0            0.664
INFO  [13:19:53.890] [bbotk]                                 uhash
INFO  [13:19:53.890] [bbotk]  a73b3fbd-89d6-458b-9784-71585c212b60
WARN  [13:19:54.261] [mlr3] train: Stopped because hard maximum generation limit was hit.
INFO  [13:19:57.022] [bbotk] Evaluating 1 configuration(s)
INFO  [13:19:58.796] [bbotk] Result of batch 37:
INFO  [13:19:58.816] [bbotk]         cp  minbucket  minsplit       acq_ei  x_domain .already_evaluated
INFO  [13:19:58.816] [bbotk]  -9.097659 0.02160551 0.9494528 7.434265e-07 <list[3]>              FALSE
INFO  [13:19:58.816] [bbotk]  classif.bbrier warnings errors runtime_learners
INFO  [13:19:58.816] [bbotk]      0.03719725        0      0            1.442
INFO  [13:19:58.816] [bbotk]                                 uhash
INFO  [13:19:58.816] [bbotk]  cf1da1ab-a57d-43de-9825-f2a7c88411ef
WARN  [13:19:59.223] [mlr3] train: Stopped because hard maximum generation limit was hit.
INFO  [13:20:01.952] [bbotk] Evaluating 1 configuration(s)
INFO  [13:20:03.892] [bbotk] Result of batch 38:
INFO  [13:20:03.900] [bbotk]        cp minbucket  minsplit       acq_ei  x_domain .already_evaluated
INFO  [13:20:03.900] [bbotk]  -9.06908 0.2039453 0.9727668 4.184941e-06 <list[3]>              FALSE
INFO  [13:20:03.900] [bbotk]  classif.bbrier warnings errors runtime_learners
INFO  [13:20:03.900] [bbotk]      0.03826651        0      0            1.632
INFO  [13:20:03.900] [bbotk]                                 uhash
INFO  [13:20:03.900] [bbotk]  d3260784-076e-4efc-ba61-e14dc1d82c66
WARN  [13:20:04.372] [mlr3] train: Stopped because hard maximum generation limit was hit.
INFO  [13:20:06.992] [bbotk] Evaluating 1 configuration(s)
INFO  [13:20:08.981] [bbotk] Result of batch 39:
INFO  [13:20:09.001] [bbotk]        cp minbucket  minsplit       acq_ei  x_domain .already_evaluated
INFO  [13:20:09.001] [bbotk]  -9.09278 0.5225484 0.8046462 8.029993e-06 <list[3]>              FALSE
INFO  [13:20:09.001] [bbotk]  classif.bbrier warnings errors runtime_learners
INFO  [13:20:09.001] [bbotk]      0.03719725        0      0            1.689
INFO  [13:20:09.001] [bbotk]                                 uhash
INFO  [13:20:09.001] [bbotk]  bc9775af-8958-4233-9592-bb4915d7c1eb
INFO  [13:20:11.791] [bbotk] Evaluating 1 configuration(s)
INFO  [13:20:13.876] [bbotk] Result of batch 40:
INFO  [13:20:13.882] [bbotk]         cp  minbucket  minsplit       acq_ei  x_domain .already_evaluated
INFO  [13:20:13.882] [bbotk]  -9.167653 0.04981965 0.8511409 6.055633e-05 <list[3]>              FALSE
INFO  [13:20:13.882] [bbotk]  classif.bbrier warnings errors runtime_learners
INFO  [13:20:13.882] [bbotk]      0.03729981        0      0            1.742
INFO  [13:20:13.882] [bbotk]                                 uhash
INFO  [13:20:13.882] [bbotk]  586d7e08-8466-420b-9d96-f102a8ce90a2
WARN  [13:20:14.571] [mlr3] train: Stopped because hard maximum generation limit was hit.
INFO  [13:20:17.342] [bbotk] Evaluating 1 configuration(s)
INFO  [13:20:21.042] [bbotk] Result of batch 41:
INFO  [13:20:21.051] [bbotk]         cp minbucket  minsplit       acq_ei  x_domain .already_evaluated
INFO  [13:20:21.051] [bbotk]  -9.183127 0.6731325 0.7230034 4.015814e-05 <list[3]>              FALSE
INFO  [13:20:21.051] [bbotk]  classif.bbrier warnings errors runtime_learners
INFO  [13:20:21.051] [bbotk]      0.03729981        0      0            3.326
INFO  [13:20:21.051] [bbotk]                                 uhash
INFO  [13:20:21.051] [bbotk]  32dbef05-63b0-40ff-a1c8-76b70c17d4e2
WARN  [13:20:21.339] [mlr3] train: Stopped because hard maximum generation limit was hit.
INFO  [13:20:24.030] [bbotk] Evaluating 1 configuration(s)
INFO  [13:20:25.740] [bbotk] Result of batch 42:
INFO  [13:20:25.758] [bbotk]         cp minbucket  minsplit       acq_ei  x_domain .already_evaluated
INFO  [13:20:25.758] [bbotk]  -9.187039 0.7294889 0.7708154 1.958846e-05 <list[3]>              FALSE
INFO  [13:20:25.758] [bbotk]  classif.bbrier warnings errors runtime_learners
INFO  [13:20:25.758] [bbotk]      0.03938651        0      0            1.335
INFO  [13:20:25.758] [bbotk]                                 uhash
INFO  [13:20:25.758] [bbotk]  765e244a-b921-4cc7-965a-663aefb77324
INFO  [13:20:31.243] [bbotk] Evaluating 1 configuration(s)
INFO  [13:20:33.453] [bbotk] Result of batch 43:
INFO  [13:20:33.460] [bbotk]        cp minbucket  minsplit       acq_ei  x_domain .already_evaluated
INFO  [13:20:33.460] [bbotk]  -9.09287 0.1538096 0.8778134 4.305484e-05 <list[3]>              FALSE
INFO  [13:20:33.460] [bbotk]  classif.bbrier warnings errors runtime_learners
INFO  [13:20:33.460] [bbotk]      0.03719725        0      0            1.893
INFO  [13:20:33.460] [bbotk]                                 uhash
INFO  [13:20:33.460] [bbotk]  6fd67841-5af9-4b1a-b6fa-3591e05f5c1a
INFO  [13:20:35.955] [bbotk] Evaluating 1 configuration(s)
INFO  [13:20:38.286] [bbotk] Result of batch 44:
INFO  [13:20:38.301] [bbotk]         cp  minbucket  minsplit       acq_ei  x_domain .already_evaluated
INFO  [13:20:38.301] [bbotk]  -9.072264 0.04856652 0.7126494 7.953554e-05 <list[3]>              FALSE
INFO  [13:20:38.301] [bbotk]  classif.bbrier warnings errors runtime_learners
INFO  [13:20:38.301] [bbotk]      0.03826651        0      0            1.933
INFO  [13:20:38.301] [bbotk]                                 uhash
INFO  [13:20:38.301] [bbotk]  f5ba96ea-0b2e-47f9-b5b6-21b53f6d1eec
WARN  [13:20:38.771] [mlr3] train: Stopped because hard maximum generation limit was hit.
INFO  [13:20:41.782] [bbotk] Evaluating 1 configuration(s)
INFO  [13:20:43.256] [bbotk] Result of batch 45:
INFO  [13:20:43.268] [bbotk]         cp minbucket  minsplit       acq_ei  x_domain .already_evaluated
INFO  [13:20:43.268] [bbotk]  -9.205226  0.445763 0.7017403 0.0001565738 <list[3]>              FALSE
INFO  [13:20:43.268] [bbotk]  classif.bbrier warnings errors runtime_learners
INFO  [13:20:43.268] [bbotk]      0.03729981        0      0            1.072
INFO  [13:20:43.268] [bbotk]                                 uhash
INFO  [13:20:43.268] [bbotk]  ad55ae32-2cfc-4608-99c2-12b82d78c6f6
WARN  [13:20:43.799] [mlr3] train: Stopped because hard maximum generation limit was hit.
INFO  [13:20:46.718] [bbotk] Evaluating 1 configuration(s)
INFO  [13:20:48.693] [bbotk] Result of batch 46:
INFO  [13:20:48.713] [bbotk]         cp minbucket  minsplit       acq_ei  x_domain .already_evaluated
INFO  [13:20:48.713] [bbotk]  -9.203408 0.5510281 0.7188195 7.041049e-05 <list[3]>              FALSE
INFO  [13:20:48.713] [bbotk]  classif.bbrier warnings errors runtime_learners
INFO  [13:20:48.713] [bbotk]      0.03729981        0      0            1.625
INFO  [13:20:48.713] [bbotk]                                 uhash
INFO  [13:20:48.713] [bbotk]  c1872f63-5b2d-4064-b1a6-5b893a2887e1
WARN  [13:20:49.067] [mlr3] train: Stopped because hard maximum generation limit was hit.
INFO  [13:20:52.079] [bbotk] Evaluating 1 configuration(s)
INFO  [13:20:53.360] [bbotk] Result of batch 47:
INFO  [13:20:53.376] [bbotk]         cp minbucket minsplit       acq_ei  x_domain .already_evaluated
INFO  [13:20:53.376] [bbotk]  -9.056979 0.3352044 0.920386 2.173074e-05 <list[3]>              FALSE
INFO  [13:20:53.376] [bbotk]  classif.bbrier warnings errors runtime_learners
INFO  [13:20:53.376] [bbotk]      0.03826651        0      0            0.977
INFO  [13:20:53.376] [bbotk]                                 uhash
INFO  [13:20:53.376] [bbotk]  56811a09-65a9-4590-9338-12f6b371fd63
WARN  [13:20:53.829] [mlr3] train: Stopped because hard maximum generation limit was hit.
INFO  [13:20:56.718] [bbotk] Evaluating 1 configuration(s)
INFO  [13:20:58.771] [bbotk] Result of batch 48:
INFO  [13:20:58.779] [bbotk]         cp minbucket minsplit       acq_ei  x_domain .already_evaluated
INFO  [13:20:58.779] [bbotk]  -9.139394 0.2999701 0.751439 0.0001101724 <list[3]>              FALSE
INFO  [13:20:58.779] [bbotk]  classif.bbrier warnings errors runtime_learners
INFO  [13:20:58.779] [bbotk]      0.03719725        0      0            1.678
INFO  [13:20:58.779] [bbotk]                                 uhash
INFO  [13:20:58.779] [bbotk]  7c8cd2b0-c817-454e-88e3-a015e6218fd5
WARN  [13:20:59.031] [mlr3] train: Stopped because hard maximum generation limit was hit.
INFO  [13:21:01.536] [bbotk] Evaluating 1 configuration(s)
INFO  [13:21:02.804] [bbotk] Result of batch 49:
INFO  [13:21:02.812] [bbotk]         cp minbucket minsplit       acq_ei  x_domain .already_evaluated
INFO  [13:21:02.812] [bbotk]  -9.205543 0.4957036 1.184569 1.298676e-05 <list[3]>              FALSE
INFO  [13:21:02.812] [bbotk]  classif.bbrier warnings errors runtime_learners
INFO  [13:21:02.812] [bbotk]      0.03861655        0      0            1.038
INFO  [13:21:02.812] [bbotk]                                 uhash
INFO  [13:21:02.812] [bbotk]  ca32783e-1165-49e2-82cc-792574c6e917
INFO  [13:21:05.838] [bbotk] Evaluating 1 configuration(s)
INFO  [13:21:07.416] [bbotk] Result of batch 50:
INFO  [13:21:07.424] [bbotk]         cp  minbucket  minsplit       acq_ei  x_domain .already_evaluated
INFO  [13:21:07.424] [bbotk]  -9.126828 0.02746504 0.8708196 4.794902e-05 <list[3]>              FALSE
INFO  [13:21:07.424] [bbotk]  classif.bbrier warnings errors runtime_learners
INFO  [13:21:07.424] [bbotk]      0.03719725        0      0            1.214
INFO  [13:21:07.424] [bbotk]                                 uhash
INFO  [13:21:07.424] [bbotk]  51a15574-051f-44cb-b6bc-ae6723434062
WARN  [13:21:07.865] [mlr3] train: Stopped because hard maximum generation limit was hit.
INFO  [13:21:10.246] [bbotk] Evaluating 1 configuration(s)
INFO  [13:21:12.773] [bbotk] Result of batch 51:
INFO  [13:21:12.783] [bbotk]         cp minbucket  minsplit       acq_ei  x_domain .already_evaluated
INFO  [13:21:12.783] [bbotk]  -9.151465 0.1487202 0.8269895 0.0001187759 <list[3]>              FALSE
INFO  [13:21:12.783] [bbotk]  classif.bbrier warnings errors runtime_learners
INFO  [13:21:12.783] [bbotk]      0.03719725        0      0            2.158
INFO  [13:21:12.783] [bbotk]                                 uhash
INFO  [13:21:12.783] [bbotk]  80734332-8d79-44da-8d76-044d51f1b026
WARN  [13:21:13.115] [mlr3] train: Stopped because hard maximum generation limit was hit.
INFO  [13:21:16.516] [bbotk] Evaluating 1 configuration(s)
INFO  [13:21:19.802] [bbotk] Result of batch 52:
INFO  [13:21:19.808] [bbotk]         cp minbucket minsplit       acq_ei  x_domain .already_evaluated
INFO  [13:21:19.808] [bbotk]  -9.172966 0.2770268 1.101086 2.054055e-05 <list[3]>              FALSE
INFO  [13:21:19.808] [bbotk]  classif.bbrier warnings errors runtime_learners
INFO  [13:21:19.808] [bbotk]      0.03861655        0      0            2.833
INFO  [13:21:19.808] [bbotk]                                 uhash
INFO  [13:21:19.808] [bbotk]  721e8207-26fd-44d0-aa66-8056592d5772
INFO  [13:21:22.866] [bbotk] Evaluating 1 configuration(s)
INFO  [13:21:24.486] [bbotk] Result of batch 53:
INFO  [13:21:24.494] [bbotk]         cp minbucket  minsplit       acq_ei  x_domain .already_evaluated
INFO  [13:21:24.494] [bbotk]  -9.170044 0.2151176 0.7826272 0.0001603094 <list[3]>              FALSE
INFO  [13:21:24.494] [bbotk]  classif.bbrier warnings errors runtime_learners
INFO  [13:21:24.494] [bbotk]      0.03729981        0      0            1.241
INFO  [13:21:24.494] [bbotk]                                 uhash
INFO  [13:21:24.494] [bbotk]  b736046d-3b7e-4b5e-8128-80df8bd6f8b1
INFO  [13:21:27.660] [bbotk] Evaluating 1 configuration(s)
INFO  [13:21:28.957] [bbotk] Result of batch 54:
INFO  [13:21:28.966] [bbotk]         cp minbucket  minsplit       acq_ei  x_domain .already_evaluated
INFO  [13:21:28.966] [bbotk]  -9.171085 0.1451841 0.9349263 6.659824e-05 <list[3]>              FALSE
INFO  [13:21:28.966] [bbotk]  classif.bbrier warnings errors runtime_learners
INFO  [13:21:28.966] [bbotk]      0.03729981        0      0            0.993
INFO  [13:21:28.966] [bbotk]                                 uhash
INFO  [13:21:28.966] [bbotk]  63daf495-5c05-48a7-949c-470a1a434ee7
INFO  [13:21:32.016] [bbotk] Evaluating 1 configuration(s)
INFO  [13:21:33.455] [bbotk] Result of batch 55:
INFO  [13:21:33.469] [bbotk]         cp minbucket minsplit       acq_ei  x_domain .already_evaluated
INFO  [13:21:33.469] [bbotk]  -9.141929 0.2276159 0.743197 0.0001414045 <list[3]>              FALSE
INFO  [13:21:33.469] [bbotk]  classif.bbrier warnings errors runtime_learners
INFO  [13:21:33.469] [bbotk]      0.03719725        0      0            1.095
INFO  [13:21:33.469] [bbotk]                                 uhash
INFO  [13:21:33.469] [bbotk]  2eff811f-24bc-435a-9360-c17e0c0ed201
WARN  [13:21:33.965] [mlr3] train: Stopped because hard maximum generation limit was hit.
INFO  [13:21:36.561] [bbotk] Evaluating 1 configuration(s)
INFO  [13:21:37.612] [bbotk] Result of batch 56:
INFO  [13:21:37.630] [bbotk]         cp minbucket  minsplit       acq_ei  x_domain .already_evaluated
INFO  [13:21:37.630] [bbotk]  -9.160483 0.1331583 0.8149503 0.0001268447 <list[3]>              FALSE
INFO  [13:21:37.630] [bbotk]  classif.bbrier warnings errors runtime_learners
INFO  [13:21:37.630] [bbotk]      0.03729981        0      0            0.687
INFO  [13:21:37.630] [bbotk]                                 uhash
INFO  [13:21:37.630] [bbotk]  e27771ce-1c24-45bf-8a89-9536d20f5b4c
INFO  [13:21:40.943] [bbotk] Evaluating 1 configuration(s)
INFO  [13:21:43.440] [bbotk] Result of batch 57:
INFO  [13:21:43.458] [bbotk]         cp  minbucket  minsplit       acq_ei  x_domain .already_evaluated
INFO  [13:21:43.458] [bbotk]  -9.148255 0.01705963 0.8265655 9.644642e-05 <list[3]>              FALSE
INFO  [13:21:43.458] [bbotk]  classif.bbrier warnings errors runtime_learners
INFO  [13:21:43.458] [bbotk]      0.03719725        0      0            2.076
INFO  [13:21:43.458] [bbotk]                                 uhash
INFO  [13:21:43.458] [bbotk]  80dd0e69-8387-4411-ab58-7f20b3f9d8bc
WARN  [13:21:44.003] [mlr3] train: Stopped because hard maximum generation limit was hit.
INFO  [13:21:46.359] [bbotk] Evaluating 1 configuration(s)
INFO  [13:21:47.719] [bbotk] Result of batch 58:
INFO  [13:21:47.727] [bbotk]        cp minbucket  minsplit      acq_ei  x_domain .already_evaluated
INFO  [13:21:47.727] [bbotk]  -9.13618  0.475818 0.6936746 6.03414e-05 <list[3]>              FALSE
INFO  [13:21:47.727] [bbotk]  classif.bbrier warnings errors runtime_learners
INFO  [13:21:47.727] [bbotk]      0.03719725        0      0            1.055
INFO  [13:21:47.727] [bbotk]                                 uhash
INFO  [13:21:47.727] [bbotk]  b5203fd5-559d-49ca-b8ea-53929f5011d9
WARN  [13:21:48.111] [mlr3] train: Stopped because hard maximum generation limit was hit.
INFO  [13:21:50.545] [bbotk] Evaluating 1 configuration(s)
INFO  [13:21:52.173] [bbotk] Result of batch 59:
INFO  [13:21:52.189] [bbotk]         cp minbucket  minsplit       acq_ei  x_domain .already_evaluated
INFO  [13:21:52.189] [bbotk]  -9.070355 0.2780299 0.8112752 3.006273e-05 <list[3]>              FALSE
INFO  [13:21:52.189] [bbotk]  classif.bbrier warnings errors runtime_learners
INFO  [13:21:52.189] [bbotk]      0.03826651        0      0             1.25
INFO  [13:21:52.189] [bbotk]                                 uhash
INFO  [13:21:52.189] [bbotk]  8b4e9def-e073-4778-b86c-6c61c8350d1c
WARN  [13:21:52.635] [mlr3] train: Stopped because hard maximum generation limit was hit.
INFO  [13:21:56.262] [bbotk] Evaluating 1 configuration(s)
INFO  [13:22:01.841] [bbotk] Result of batch 60:
INFO  [13:22:01.847] [bbotk]         cp minbucket  minsplit       acq_ei  x_domain .already_evaluated
INFO  [13:22:01.847] [bbotk]  -9.142612 0.2609416 0.9295918 3.218845e-05 <list[3]>              FALSE
INFO  [13:22:01.847] [bbotk]  classif.bbrier warnings errors runtime_learners
INFO  [13:22:01.847] [bbotk]      0.03719725        0      0            5.196
INFO  [13:22:01.847] [bbotk]                                 uhash
INFO  [13:22:01.847] [bbotk]  bf1e417b-6fe4-45e9-9743-a2b2bfa1f45f
INFO  [13:22:04.732] [bbotk] Evaluating 1 configuration(s)
INFO  [13:22:07.656] [bbotk] Result of batch 61:
INFO  [13:22:07.663] [bbotk]         cp minbucket minsplit       acq_ei  x_domain .already_evaluated
INFO  [13:22:07.663] [bbotk]  -9.106356  0.347488 0.727287 6.629693e-05 <list[3]>              FALSE
INFO  [13:22:07.663] [bbotk]  classif.bbrier warnings errors runtime_learners
INFO  [13:22:07.663] [bbotk]      0.03719725        0      0            2.493
INFO  [13:22:07.663] [bbotk]                                 uhash
INFO  [13:22:07.663] [bbotk]  19803dac-3b1e-4c2b-8a37-0474d00dc183
WARN  [13:22:08.261] [mlr3] train: Stopped because hard maximum generation limit was hit.
INFO  [13:22:10.867] [bbotk] Evaluating 1 configuration(s)
INFO  [13:22:14.548] [bbotk] Result of batch 62:
INFO  [13:22:14.568] [bbotk]        cp  minbucket  minsplit       acq_ei  x_domain .already_evaluated
INFO  [13:22:14.568] [bbotk]  -9.12519 0.09906416 0.8501737 6.104545e-05 <list[3]>              FALSE
INFO  [13:22:14.568] [bbotk]  classif.bbrier warnings errors runtime_learners
INFO  [13:22:14.568] [bbotk]      0.03719725        0      0            3.194
INFO  [13:22:14.568] [bbotk]                                 uhash
INFO  [13:22:14.568] [bbotk]  6b6e5ed0-96ca-466b-864d-e024718b8680
WARN  [13:22:15.054] [mlr3] train: Stopped because hard maximum generation limit was hit.
INFO  [13:22:17.677] [bbotk] Evaluating 1 configuration(s)
INFO  [13:22:19.798] [bbotk] Result of batch 63:
INFO  [13:22:19.805] [bbotk]         cp  minbucket minsplit      acq_ei  x_domain .already_evaluated
INFO  [13:22:19.805] [bbotk]  -9.179959 0.08387099 1.118522 2.17722e-05 <list[3]>              FALSE
INFO  [13:22:19.805] [bbotk]  classif.bbrier warnings errors runtime_learners
INFO  [13:22:19.805] [bbotk]      0.03861655        0      0            1.754
INFO  [13:22:19.805] [bbotk]                                 uhash
INFO  [13:22:19.805] [bbotk]  ba4b6c51-6f58-44ac-bbde-e861c63577c2
WARN  [13:22:20.466] [mlr3] train: Stopped because hard maximum generation limit was hit.
INFO  [13:22:22.983] [bbotk] Evaluating 1 configuration(s)
INFO  [13:22:26.218] [bbotk] Result of batch 64:
INFO  [13:22:26.226] [bbotk]         cp minbucket minsplit       acq_ei  x_domain .already_evaluated
INFO  [13:22:26.226] [bbotk]  -9.172739 0.5806645 0.706911 4.076113e-05 <list[3]>              FALSE
INFO  [13:22:26.226] [bbotk]  classif.bbrier warnings errors runtime_learners
INFO  [13:22:26.226] [bbotk]      0.03729981        0      0            2.865
INFO  [13:22:26.226] [bbotk]                                 uhash
INFO  [13:22:26.226] [bbotk]  ad03ea2f-8ec3-40b7-9050-06c2e6cf665b
WARN  [13:22:26.632] [mlr3] train: Stopped because hard maximum generation limit was hit.
INFO  [13:22:30.609] [bbotk] Evaluating 1 configuration(s)
INFO  [13:22:35.228] [bbotk] Result of batch 65:
INFO  [13:22:35.246] [bbotk]         cp minbucket minsplit       acq_ei  x_domain .already_evaluated
INFO  [13:22:35.246] [bbotk]  -9.012057 0.1609058 0.756022 2.209109e-05 <list[3]>              FALSE
INFO  [13:22:35.246] [bbotk]  classif.bbrier warnings errors runtime_learners
INFO  [13:22:35.246] [bbotk]      0.03826651        0      0            4.077
INFO  [13:22:35.246] [bbotk]                                 uhash
INFO  [13:22:35.246] [bbotk]  7acd5612-c9c4-4592-a819-635bb3e71121
WARN  [13:22:35.702] [mlr3] train: Stopped because hard maximum generation limit was hit.
INFO  [13:22:38.083] [bbotk] Evaluating 1 configuration(s)
INFO  [13:22:40.134] [bbotk] Result of batch 66:
INFO  [13:22:40.164] [bbotk]         cp minbucket  minsplit       acq_ei  x_domain .already_evaluated
INFO  [13:22:40.164] [bbotk]  -9.099348 0.1138889 0.7164048 9.566674e-05 <list[3]>              FALSE
INFO  [13:22:40.164] [bbotk]  classif.bbrier warnings errors runtime_learners
INFO  [13:22:40.164] [bbotk]      0.03719725        0      0            1.717
INFO  [13:22:40.164] [bbotk]                                 uhash
INFO  [13:22:40.164] [bbotk]  8a5897a6-8b49-44a8-ae48-eba71041d868
WARN  [13:22:40.734] [mlr3] train: Stopped because hard maximum generation limit was hit.
INFO  [13:22:43.797] [bbotk] Evaluating 1 configuration(s)
INFO  [13:22:46.263] [bbotk] Result of batch 67:
INFO  [13:22:46.292] [bbotk]         cp  minbucket  minsplit       acq_ei  x_domain .already_evaluated
INFO  [13:22:46.292] [bbotk]  -9.116655 0.09598373 0.7268671 0.0001203249 <list[3]>              FALSE
INFO  [13:22:46.292] [bbotk]  classif.bbrier warnings errors runtime_learners
INFO  [13:22:46.292] [bbotk]      0.03719725        0      0             2.09
INFO  [13:22:46.292] [bbotk]                                 uhash
INFO  [13:22:46.292] [bbotk]  85818d0f-b928-4392-ab76-cb3e569c85d5
INFO  [13:22:49.502] [bbotk] Evaluating 1 configuration(s)
INFO  [13:22:52.638] [bbotk] Result of batch 68:
INFO  [13:22:52.647] [bbotk]         cp minbucket  minsplit       acq_ei  x_domain .already_evaluated
INFO  [13:22:52.647] [bbotk]  -9.207315 0.6458993 0.8153474 1.408831e-05 <list[3]>              FALSE
INFO  [13:22:52.647] [bbotk]  classif.bbrier warnings errors runtime_learners
INFO  [13:22:52.647] [bbotk]      0.03729981        0      0            2.808
INFO  [13:22:52.647] [bbotk]                                 uhash
INFO  [13:22:52.647] [bbotk]  dd679595-159c-4524-ad6e-056b40fb83a6
WARN  [13:22:53.106] [mlr3] train: Stopped because hard maximum generation limit was hit.
INFO  [13:22:55.961] [bbotk] Evaluating 1 configuration(s)
INFO  [13:22:57.529] [bbotk] Result of batch 69:
INFO  [13:22:57.536] [bbotk]         cp minbucket minsplit       acq_ei  x_domain .already_evaluated
INFO  [13:22:57.536] [bbotk]  -9.152821 0.3215693 0.834591 7.989145e-05 <list[3]>              FALSE
INFO  [13:22:57.536] [bbotk]  classif.bbrier warnings errors runtime_learners
INFO  [13:22:57.536] [bbotk]      0.03719725        0      0            1.205
INFO  [13:22:57.536] [bbotk]                                 uhash
INFO  [13:22:57.536] [bbotk]  2c50253d-f0ee-4e3f-bc57-ba38e8e3b2dc
WARN  [13:22:58.076] [mlr3] train: Stopped because hard maximum generation limit was hit.
INFO  [13:23:00.732] [bbotk] Evaluating 1 configuration(s)
INFO  [13:23:02.699] [bbotk] Result of batch 70:
INFO  [13:23:02.711] [bbotk]         cp minbucket  minsplit       acq_ei  x_domain .already_evaluated
INFO  [13:23:02.711] [bbotk]  -9.062992 0.4577693 0.7672932 1.050051e-05 <list[3]>              FALSE
INFO  [13:23:02.711] [bbotk]  classif.bbrier warnings errors runtime_learners
INFO  [13:23:02.711] [bbotk]      0.03826651        0      0            1.672
INFO  [13:23:02.711] [bbotk]                                 uhash
INFO  [13:23:02.711] [bbotk]  6eeab98d-ecf1-409a-91c3-574945bd064e
WARN  [13:23:03.528] [mlr3] train: Stopped because hard maximum generation limit was hit.
INFO  [13:23:06.676] [bbotk] Evaluating 1 configuration(s)
INFO  [13:23:09.941] [bbotk] Result of batch 71:
INFO  [13:23:09.965] [bbotk]         cp minbucket  minsplit       acq_ei  x_domain .already_evaluated
INFO  [13:23:09.965] [bbotk]  -9.190735 0.3453321 0.7997027 0.0001673344 <list[3]>              FALSE
INFO  [13:23:09.965] [bbotk]  classif.bbrier warnings errors runtime_learners
INFO  [13:23:09.965] [bbotk]      0.03729981        0      0            2.823
INFO  [13:23:09.965] [bbotk]                                 uhash
INFO  [13:23:09.965] [bbotk]  ec5e2509-1e28-4dc8-862d-02eec865dddf
WARN  [13:23:10.459] [mlr3] train: Stopped because hard maximum generation limit was hit.
INFO  [13:23:13.564] [bbotk] Evaluating 1 configuration(s)
INFO  [13:23:14.698] [bbotk] Result of batch 72:
INFO  [13:23:14.705] [bbotk]         cp  minbucket  minsplit       acq_ei  x_domain .already_evaluated
INFO  [13:23:14.705] [bbotk]  -9.199537 0.09429967 0.8838049 0.0001506853 <list[3]>              FALSE
INFO  [13:23:14.705] [bbotk]  classif.bbrier warnings errors runtime_learners
INFO  [13:23:14.705] [bbotk]      0.03729981        0      0            0.833
INFO  [13:23:14.705] [bbotk]                                 uhash
INFO  [13:23:14.705] [bbotk]  02b0b8aa-291b-476c-9a77-900283c7ccc7
WARN  [13:23:15.124] [mlr3] train: Stopped because hard maximum generation limit was hit.
INFO  [13:23:18.346] [bbotk] Evaluating 1 configuration(s)
INFO  [13:23:19.778] [bbotk] Result of batch 73:
INFO  [13:23:19.785] [bbotk]         cp minbucket  minsplit       acq_ei  x_domain .already_evaluated
INFO  [13:23:19.785] [bbotk]  -9.178352 0.2646753 0.7748139 0.0001888237 <list[3]>              FALSE
INFO  [13:23:19.785] [bbotk]  classif.bbrier warnings errors runtime_learners
INFO  [13:23:19.785] [bbotk]      0.03729981        0      0            1.119
INFO  [13:23:19.785] [bbotk]                                 uhash
INFO  [13:23:19.785] [bbotk]  4c3067e4-362a-4793-8813-3299aaa359ee
WARN  [13:23:20.228] [mlr3] train: Stopped because hard maximum generation limit was hit.
INFO  [13:23:22.692] [bbotk] Evaluating 1 configuration(s)
INFO  [13:23:24.616] [bbotk] Result of batch 74:
INFO  [13:23:24.637] [bbotk]         cp minbucket  minsplit     acq_ei  x_domain .already_evaluated
INFO  [13:23:24.637] [bbotk]  -9.141026 0.1727953 0.7184211 0.00015263 <list[3]>              FALSE
INFO  [13:23:24.637] [bbotk]  classif.bbrier warnings errors runtime_learners
INFO  [13:23:24.637] [bbotk]      0.03719725        0      0            1.586
INFO  [13:23:24.637] [bbotk]                                 uhash
INFO  [13:23:24.637] [bbotk]  3d0d9799-6f2b-490f-acd8-f3bc3c1a42a7
WARN  [13:23:25.399] [mlr3] train: Stopped because hard maximum generation limit was hit.
INFO  [13:23:28.167] [bbotk] Evaluating 1 configuration(s)
INFO  [13:23:31.258] [bbotk] Result of batch 75:
INFO  [13:23:31.273] [bbotk]         cp minbucket  minsplit       acq_ei  x_domain .already_evaluated
INFO  [13:23:31.273] [bbotk]  -9.209898 0.5514038 0.7139756 8.823297e-05 <list[3]>              FALSE
INFO  [13:23:31.273] [bbotk]  classif.bbrier warnings errors runtime_learners
INFO  [13:23:31.273] [bbotk]      0.03729981        0      0            2.651
INFO  [13:23:31.273] [bbotk]                                 uhash
INFO  [13:23:31.273] [bbotk]  df95d227-9317-4f11-95ca-aed23a82b477
WARN  [13:23:31.997] [mlr3] train: Stopped because hard maximum generation limit was hit.
INFO  [13:23:35.083] [bbotk] Evaluating 1 configuration(s)
INFO  [13:23:37.204] [bbotk] Result of batch 76:
INFO  [13:23:37.223] [bbotk]         cp  minbucket  minsplit      acq_ei  x_domain .already_evaluated
INFO  [13:23:37.223] [bbotk]  -9.140055 0.08910269 0.7863198 0.000107717 <list[3]>              FALSE
INFO  [13:23:37.223] [bbotk]  classif.bbrier warnings errors runtime_learners
INFO  [13:23:37.223] [bbotk]      0.03719725        0      0            1.677
INFO  [13:23:37.223] [bbotk]                                 uhash
INFO  [13:23:37.223] [bbotk]  ef1d093e-c22f-42b8-b404-a92e44b810a1
INFO  [13:23:40.718] [bbotk] Evaluating 1 configuration(s)
INFO  [13:23:42.191] [bbotk] Result of batch 77:
INFO  [13:23:42.233] [bbotk]         cp  minbucket  minsplit       acq_ei  x_domain .already_evaluated
INFO  [13:23:42.233] [bbotk]  -9.163571 0.06897288 0.7529876 0.0001854079 <list[3]>              FALSE
INFO  [13:23:42.233] [bbotk]  classif.bbrier warnings errors runtime_learners
INFO  [13:23:42.233] [bbotk]      0.03729981        0      0            1.239
INFO  [13:23:42.233] [bbotk]                                 uhash
INFO  [13:23:42.233] [bbotk]  f765df99-3cce-47dd-bfe0-8c3fa8612da3
WARN  [13:23:42.653] [mlr3] train: Stopped because hard maximum generation limit was hit.
INFO  [13:23:45.322] [bbotk] Evaluating 1 configuration(s)
INFO  [13:23:47.710] [bbotk] Result of batch 78:
INFO  [13:23:47.727] [bbotk]         cp minbucket  minsplit       acq_ei  x_domain .already_evaluated
INFO  [13:23:47.727] [bbotk]  -9.124648  0.242196 0.8886052 3.131534e-05 <list[3]>              FALSE
INFO  [13:23:47.727] [bbotk]  classif.bbrier warnings errors runtime_learners
INFO  [13:23:47.727] [bbotk]      0.03719725        0      0            2.023
INFO  [13:23:47.727] [bbotk]                                 uhash
INFO  [13:23:47.727] [bbotk]  8f260e0b-66e4-42f2-82f8-f6ef210a6804
WARN  [13:23:48.452] [mlr3] train: Stopped because hard maximum generation limit was hit.
INFO  [13:23:51.653] [bbotk] Evaluating 1 configuration(s)
INFO  [13:23:54.957] [bbotk] Result of batch 79:
INFO  [13:23:54.988] [bbotk]         cp minbucket minsplit       acq_ei  x_domain .already_evaluated
INFO  [13:23:54.988] [bbotk]  -9.139203 0.1844682 0.873965 5.791904e-05 <list[3]>              FALSE
INFO  [13:23:54.988] [bbotk]  classif.bbrier warnings errors runtime_learners
INFO  [13:23:54.988] [bbotk]      0.03719725        0      0            2.888
INFO  [13:23:54.988] [bbotk]                                 uhash
INFO  [13:23:54.988] [bbotk]  1a1eb8d9-6af5-4b34-9b8c-24b84e688db5
WARN  [13:23:55.687] [mlr3] train: Stopped because hard maximum generation limit was hit.
INFO  [13:23:58.796] [bbotk] Evaluating 1 configuration(s)
INFO  [13:24:01.780] [bbotk] Result of batch 80:
INFO  [13:24:01.789] [bbotk]         cp  minbucket  minsplit       acq_ei  x_domain .already_evaluated
INFO  [13:24:01.789] [bbotk]  -9.168188 0.09964746 0.7822981 0.0001741746 <list[3]>              FALSE
INFO  [13:24:01.789] [bbotk]  classif.bbrier warnings errors runtime_learners
INFO  [13:24:01.789] [bbotk]      0.03729981        0      0            2.554
INFO  [13:24:01.789] [bbotk]                                 uhash
INFO  [13:24:01.789] [bbotk]  1144f748-2d81-449d-8a56-b2ea78073b9b
WARN  [13:24:02.246] [mlr3] train: Stopped because hard maximum generation limit was hit.
INFO  [13:24:04.537] [bbotk] Evaluating 1 configuration(s)
INFO  [13:24:06.849] [bbotk] Result of batch 81:
INFO  [13:24:06.856] [bbotk]        cp minbucket  minsplit       acq_ei  x_domain .already_evaluated
INFO  [13:24:06.856] [bbotk]  -9.19324 0.4592605 0.8511884 7.022357e-05 <list[3]>              FALSE
INFO  [13:24:06.856] [bbotk]  classif.bbrier warnings errors runtime_learners
INFO  [13:24:06.856] [bbotk]      0.03729981        0      0              1.8
INFO  [13:24:06.856] [bbotk]                                 uhash
INFO  [13:24:06.856] [bbotk]  d6aa35b0-f76c-4c3d-983c-ee6cc6869ef4
INFO  [13:24:10.522] [bbotk] Evaluating 1 configuration(s)
INFO  [13:24:12.836] [bbotk] Result of batch 82:
INFO  [13:24:12.845] [bbotk]         cp minbucket  minsplit       acq_ei  x_domain .already_evaluated
INFO  [13:24:12.845] [bbotk]  -9.108959 0.4732776 0.7995172 1.368769e-05 <list[3]>              FALSE
INFO  [13:24:12.845] [bbotk]  classif.bbrier warnings errors runtime_learners
INFO  [13:24:12.845] [bbotk]      0.03719725        0      0            1.849
INFO  [13:24:12.845] [bbotk]                                 uhash
INFO  [13:24:12.845] [bbotk]  47e92139-5256-4742-9e0b-0d5f830b32b8
WARN  [13:24:13.356] [mlr3] train: Stopped because hard maximum generation limit was hit.
INFO  [13:24:16.094] [bbotk] Evaluating 1 configuration(s)
INFO  [13:24:18.774] [bbotk] Result of batch 83:
INFO  [13:24:18.793] [bbotk]         cp minbucket minsplit       acq_ei  x_domain .already_evaluated
INFO  [13:24:18.793] [bbotk]  -9.178781 0.1218936 2.174024 1.128047e-06 <list[3]>              FALSE
INFO  [13:24:18.793] [bbotk]  classif.bbrier warnings errors runtime_learners
INFO  [13:24:18.793] [bbotk]      0.03837791        0      0            2.342
INFO  [13:24:18.793] [bbotk]                                 uhash
INFO  [13:24:18.793] [bbotk]  cdac3737-4d68-458f-8247-3791d8e16164
WARN  [13:24:19.401] [mlr3] train: Stopped because hard maximum generation limit was hit.
INFO  [13:24:22.712] [bbotk] Evaluating 1 configuration(s)
INFO  [13:24:24.182] [bbotk] Result of batch 84:
INFO  [13:24:24.195] [bbotk]        cp  minbucket  minsplit       acq_ei  x_domain .already_evaluated
INFO  [13:24:24.195] [bbotk]  -9.16677 0.05059261 0.9098732 6.866176e-05 <list[3]>              FALSE
INFO  [13:24:24.195] [bbotk]  classif.bbrier warnings errors runtime_learners
INFO  [13:24:24.195] [bbotk]      0.03729981        0      0            1.053
INFO  [13:24:24.195] [bbotk]                                 uhash
INFO  [13:24:24.195] [bbotk]  6555b9e4-55ac-48f2-869b-62849e1fa932
WARN  [13:24:24.746] [mlr3] train: Stopped because hard maximum generation limit was hit.
INFO  [13:24:27.478] [bbotk] Evaluating 1 configuration(s)
INFO  [13:24:29.912] [bbotk] Result of batch 85:
INFO  [13:24:29.934] [bbotk]         cp minbucket  minsplit      acq_ei  x_domain .already_evaluated
INFO  [13:24:29.934] [bbotk]  -9.175121 0.2770272 0.9087686 7.93079e-05 <list[3]>              FALSE
INFO  [13:24:29.934] [bbotk]  classif.bbrier warnings errors runtime_learners
INFO  [13:24:29.934] [bbotk]      0.03729981        0      0            1.917
INFO  [13:24:29.934] [bbotk]                                 uhash
INFO  [13:24:29.934] [bbotk]  cdc17542-dc50-4e22-a85c-9300431098bc
INFO  [13:24:34.415] [bbotk] Evaluating 1 configuration(s)
INFO  [13:24:38.102] [bbotk] Result of batch 86:
INFO  [13:24:38.121] [bbotk]         cp minbucket  minsplit       acq_ei  x_domain .already_evaluated
INFO  [13:24:38.121] [bbotk]  -9.077895 0.4176405 0.7001182 1.815354e-05 <list[3]>              FALSE
INFO  [13:24:38.121] [bbotk]  classif.bbrier warnings errors runtime_learners
INFO  [13:24:38.121] [bbotk]      0.03769756        0      0            3.267
INFO  [13:24:38.121] [bbotk]                                 uhash
INFO  [13:24:38.121] [bbotk]  15157d86-09e3-4351-96a2-cd84454868c4
WARN  [13:24:38.796] [mlr3] train: Stopped because hard maximum generation limit was hit.
INFO  [13:24:41.670] [bbotk] Evaluating 1 configuration(s)
INFO  [13:24:42.600] [bbotk] Result of batch 87:
INFO  [13:24:42.606] [bbotk]         cp minbucket  minsplit       acq_ei  x_domain .already_evaluated
INFO  [13:24:42.606] [bbotk]  -9.028352 0.1503924 0.7903888 6.445549e-06 <list[3]>              FALSE
INFO  [13:24:42.606] [bbotk]  classif.bbrier warnings errors runtime_learners
INFO  [13:24:42.606] [bbotk]      0.03826651        0      0            0.684
INFO  [13:24:42.606] [bbotk]                                 uhash
INFO  [13:24:42.606] [bbotk]  066a9fbd-a664-4ce8-8b78-4a342ef731e0
WARN  [13:24:43.216] [mlr3] train: Stopped because hard maximum generation limit was hit.
INFO  [13:24:45.993] [bbotk] Evaluating 1 configuration(s)
INFO  [13:24:49.025] [bbotk] Result of batch 88:
INFO  [13:24:49.031] [bbotk]         cp minbucket  minsplit       acq_ei  x_domain .already_evaluated
INFO  [13:24:49.031] [bbotk]  -9.158982 0.6187449 0.7690941 8.979636e-06 <list[3]>              FALSE
INFO  [13:24:49.031] [bbotk]  classif.bbrier warnings errors runtime_learners
INFO  [13:24:49.031] [bbotk]      0.03729981        0      0            2.652
INFO  [13:24:49.031] [bbotk]                                 uhash
INFO  [13:24:49.031] [bbotk]  f1062b81-fb89-4960-9e85-82d6d29cf993
WARN  [13:24:50.088] [mlr3] train: Stopped because hard maximum generation limit was hit.
INFO  [13:24:52.931] [bbotk] Evaluating 1 configuration(s)
INFO  [13:24:56.883] [bbotk] Result of batch 89:
INFO  [13:24:56.900] [bbotk]         cp minbucket  minsplit       acq_ei  x_domain .already_evaluated
INFO  [13:24:56.900] [bbotk]  -9.182072  0.073314 0.7620119 0.0002094741 <list[3]>              FALSE
INFO  [13:24:56.900] [bbotk]  classif.bbrier warnings errors runtime_learners
INFO  [13:24:56.900] [bbotk]      0.03729981        0      0            3.466
INFO  [13:24:56.900] [bbotk]                                 uhash
INFO  [13:24:56.900] [bbotk]  27ee106c-0199-4986-b1a2-d3c1c1e73bb4
WARN  [13:24:58.602] [mlr3] train: Stopped because hard maximum generation limit was hit.
INFO  [13:24:58.722] [bbotk] Finished optimizing after 100 evaluation(s)
INFO  [13:24:58.724] [bbotk] Result:
INFO  [13:24:58.728] [bbotk]         cp minbucket  minsplit learner_param_vals  x_domain classif.bbrier
INFO  [13:24:58.728] [bbotk]      <num>     <num>     <num>             <list>    <list>          <num>
INFO  [13:24:58.728] [bbotk]  -9.124145 0.1645772 0.7238005          <list[4]> <list[3]>     0.03719725
[1] 0.9038578
[1] 8.956847
[1] -2.095734
[1] 6.101001
[1] 0.603145
[1] 8.21969
[1] 2.70305
[1] 9.141844
[1] -1.759859
[1] 6.423823

### [bt]: Job terminated successfully [batchtools job.id=2705]
### [bt]: Calculation finished!
