### [bt]: This is batchtools v0.9.17
### [bt]: Starting calculation of 1 jobs
### [bt]: Setting working directory to '/content/drive/MyDrive/GitHub/Mater_Thesis_Calibration'
Loading required package: mlr3verse
Loading required package: mlr3

Attaching package: ‘dplyr’

The following object is masked from ‘package:MASS’:

    select

The following object is masked from ‘package:mlr3misc’:

    cross_join

The following objects are masked from ‘package:stats’:

    filter, lag

The following objects are masked from ‘package:base’:

    intersect, setdiff, setequal, union


Attaching package: ‘batchtools’

The following object is masked from ‘package:mlr3misc’:

    chunk

Loading required package: randomForest
randomForest 4.7-1.2
Type rfNews() to see new features/changes/bug fixes.

Attaching package: ‘randomForest’

The following object is masked from ‘package:dplyr’:

    combine

The following object is masked from ‘package:ggplot2’:

    margin

Loading required package: ranger

Attaching package: ‘ranger’

The following object is masked from ‘package:randomForest’:

    importance

Loading required package: palmerpenguins
ece.R :
Friedmann_tasks.R :
Functions.R :
ici.R :
mse_feature_effects.R :
PipeOpCalibration_TuningExperiment.R :
PipeOpCalibration.R :
PipeOpCalibrationUnion.R :
### [bt]: Memory measurement disabled
### [bt]: Starting job [batchtools job.id=1523]
### [bt]: Generating problem instance for problem 'a6b2cabd9f84c607' ...
### [bt]: Applying algorithm 'run_learner' on problem 'a6b2cabd9f84c607' for job 1523 (seed = 1646) ...
INFO  [17:48:16.574] [mlr3] Applying learner 'kknn TbC platt' on task 'phoneme' (iter 3/10)
INFO  [17:48:25.753] [bbotk] Starting to optimize 3 parameter(s) with '<OptimizerMbo>' and '<TerminatorEvals> [n_evals=100, k=0]'
INFO  [17:48:27.490] [bbotk] Evaluating 12 configuration(s)
INFO  [17:49:14.729] [bbotk] Result of batch 1:
INFO  [17:49:14.777] [bbotk]           k distance       kernel classif.bbrier warnings errors
INFO  [17:49:14.777] [bbotk]  2.00674825 1.906477     biweight     0.08400844        0      0
INFO  [17:49:14.777] [bbotk]  0.04083543 3.906477         rank     0.11165947        0      0
INFO  [17:49:14.777] [bbotk]  1.02379184 2.906477      optimal     0.09717172        0      0
INFO  [17:49:14.777] [bbotk]  2.98970466 4.906477          cos     0.09472966        0      0
INFO  [17:49:14.777] [bbotk]  1.51527005 4.406477 epanechnikov     0.08798837        0      0
INFO  [17:49:14.777] [bbotk]  3.48118286 2.406477          inv     0.09447731        0      0
INFO  [17:49:14.777] [bbotk]  0.53231364 1.406477    triweight     0.11042566        0      0
INFO  [17:49:14.777] [bbotk]  2.49822645 3.406477  rectangular     0.10282862        0      0
INFO  [17:49:14.777] [bbotk]  2.25248735 4.156477         rank     0.09191857        0      0
INFO  [17:49:14.777] [bbotk]  0.28657454 2.156477    triweight     0.10980876        0      0
INFO  [17:49:14.777] [bbotk]  1.26953094 3.156477          inv     0.08736762        0      0
INFO  [17:49:14.777] [bbotk]  3.23544376 1.156477      optimal     0.09462201        0      0
INFO  [17:49:14.777] [bbotk]  runtime_learners                                uhash
INFO  [17:49:14.777] [bbotk]             2.750 6eadfa4f-9b0c-43b9-b34a-6453cd84075e
INFO  [17:49:14.777] [bbotk]             2.712 deff16e9-e1ec-40d5-85b2-6786a79c3c21
INFO  [17:49:14.777] [bbotk]             2.647 fb19463e-17d4-480a-8152-8ac134f71117
INFO  [17:49:14.777] [bbotk]             2.866 5b393894-a6fe-435b-a276-ee4c232ea5dd
INFO  [17:49:14.777] [bbotk]             2.554 f1c6dfe2-9c6c-478c-8e4e-fe258ba3a55a
INFO  [17:49:14.777] [bbotk]             3.707 99665714-f84a-40aa-b37a-2975a77eb0d5
INFO  [17:49:14.777] [bbotk]             2.908 bb57c2b2-f654-4760-a2df-39773a80926b
INFO  [17:49:14.777] [bbotk]             3.948 b698bf02-5c52-41d3-a018-174c0390703c
INFO  [17:49:14.777] [bbotk]             3.845 94fd157d-469e-48f0-8ee5-4d5b21a6529a
INFO  [17:49:14.777] [bbotk]             3.324 42ea82ae-0574-43aa-b427-ee303d117eef
INFO  [17:49:14.777] [bbotk]             4.803 58bf2686-37fe-459e-9d02-86bb498386a8
INFO  [17:49:14.777] [bbotk]             5.413 4dcb1bbc-8fb8-4df1-998a-751f425294a2
INFO  [17:49:18.501] [bbotk] Evaluating 1 configuration(s)
INFO  [17:49:23.268] [bbotk] Result of batch 2:
INFO  [17:49:23.293] [bbotk]         k distance   kernel       acq_ei  x_domain .already_evaluated
INFO  [17:49:23.293] [bbotk]  2.099197 1.796991 biweight 0.0004290155 <list[3]>              FALSE
INFO  [17:49:23.293] [bbotk]  classif.bbrier warnings errors runtime_learners
INFO  [17:49:23.293] [bbotk]       0.0835175        0      0            4.283
INFO  [17:49:23.293] [bbotk]                                 uhash
INFO  [17:49:23.293] [bbotk]  2b919195-b61f-4e51-8520-32fb8b70c3b6
INFO  [17:49:26.425] [bbotk] Evaluating 1 configuration(s)
INFO  [17:49:31.312] [bbotk] Result of batch 3:
INFO  [17:49:31.365] [bbotk]         k distance   kernel       acq_ei  x_domain .already_evaluated
INFO  [17:49:31.365] [bbotk]  1.435843 1.609896 biweight 0.0003284999 <list[3]>              FALSE
INFO  [17:49:31.365] [bbotk]  classif.bbrier warnings errors runtime_learners
INFO  [17:49:31.365] [bbotk]      0.08817757        0      0            4.459
INFO  [17:49:31.365] [bbotk]                                 uhash
INFO  [17:49:31.365] [bbotk]  09a6b6c5-68a6-4452-97b6-ebe80df69a5f
INFO  [17:49:34.382] [bbotk] Evaluating 1 configuration(s)
INFO  [17:49:38.128] [bbotk] Result of batch 4:
INFO  [17:49:38.157] [bbotk]         k distance   kernel       acq_ei  x_domain .already_evaluated
INFO  [17:49:38.157] [bbotk]  2.038235  1.67426 biweight 0.0002320075 <list[3]>              FALSE
INFO  [17:49:38.157] [bbotk]  classif.bbrier warnings errors runtime_learners
INFO  [17:49:38.157] [bbotk]      0.08370637        0      0            3.323
INFO  [17:49:38.157] [bbotk]                                 uhash
INFO  [17:49:38.157] [bbotk]  3a782121-8c2a-47aa-b440-ba708e68d711
INFO  [17:49:41.399] [bbotk] Evaluating 1 configuration(s)
INFO  [17:49:45.771] [bbotk] Result of batch 5:
INFO  [17:49:45.787] [bbotk]          k distance   kernel       acq_ei  x_domain .already_evaluated
INFO  [17:49:45.787] [bbotk]  0.8078016 1.835407 biweight 0.0004734621 <list[3]>              FALSE
INFO  [17:49:45.787] [bbotk]  classif.bbrier warnings errors runtime_learners
INFO  [17:49:45.787] [bbotk]      0.09680619        0      0            4.034
INFO  [17:49:45.787] [bbotk]                                 uhash
INFO  [17:49:45.787] [bbotk]  e8f9e84b-c4ef-43d7-9d23-357950b77a6c
INFO  [17:49:48.538] [bbotk] Evaluating 1 configuration(s)
INFO  [17:49:52.739] [bbotk] Result of batch 6:
INFO  [17:49:52.789] [bbotk]         k distance   kernel       acq_ei  x_domain .already_evaluated
INFO  [17:49:52.789] [bbotk]  2.032852 2.000224 biweight 0.0003533333 <list[3]>              FALSE
INFO  [17:49:52.789] [bbotk]  classif.bbrier warnings errors runtime_learners
INFO  [17:49:52.789] [bbotk]       0.0841166        0      0            3.708
INFO  [17:49:52.789] [bbotk]                                 uhash
INFO  [17:49:52.789] [bbotk]  1bd25ce1-b681-4729-9d57-5f430fc78c3a
INFO  [17:49:55.875] [bbotk] Evaluating 1 configuration(s)
INFO  [17:50:00.463] [bbotk] Result of batch 7:
INFO  [17:50:00.512] [bbotk]         k distance   kernel       acq_ei  x_domain .already_evaluated
INFO  [17:50:00.512] [bbotk]  1.021889 1.687835 biweight 0.0001721322 <list[3]>              FALSE
INFO  [17:50:00.512] [bbotk]  classif.bbrier warnings errors runtime_learners
INFO  [17:50:00.512] [bbotk]      0.09654706        0      0            4.353
INFO  [17:50:00.512] [bbotk]                                 uhash
INFO  [17:50:00.512] [bbotk]  f2583a81-3415-4b02-b896-2eae536dcc35
INFO  [17:50:04.274] [bbotk] Evaluating 1 configuration(s)
INFO  [17:50:08.894] [bbotk] Result of batch 8:
INFO  [17:50:08.927] [bbotk]         k distance   kernel       acq_ei  x_domain .already_evaluated
INFO  [17:50:08.927] [bbotk]  2.170291 2.063781 biweight 0.0001347854 <list[3]>              FALSE
INFO  [17:50:08.927] [bbotk]  classif.bbrier warnings errors runtime_learners
INFO  [17:50:08.927] [bbotk]      0.08400024        0      0            4.063
INFO  [17:50:08.927] [bbotk]                                 uhash
INFO  [17:50:08.927] [bbotk]  33640bbc-20b2-4fe0-9831-789fb509d0b2
INFO  [17:50:13.076] [bbotk] Evaluating 1 configuration(s)
INFO  [17:50:17.662] [bbotk] Result of batch 9:
INFO  [17:50:17.740] [bbotk]        k distance   kernel       acq_ei  x_domain .already_evaluated
INFO  [17:50:17.740] [bbotk]  1.73367 1.895017 biweight 0.0001778001 <list[3]>              FALSE
INFO  [17:50:17.740] [bbotk]  classif.bbrier warnings errors runtime_learners
INFO  [17:50:17.740] [bbotk]      0.08658939        0      0            4.239
INFO  [17:50:17.740] [bbotk]                                 uhash
INFO  [17:50:17.740] [bbotk]  5f46e35c-0da5-46bd-8844-39c1e56f62cc
INFO  [17:50:20.867] [bbotk] Evaluating 1 configuration(s)
INFO  [17:50:26.365] [bbotk] Result of batch 10:
INFO  [17:50:26.393] [bbotk]       k distance kernel       acq_ei  x_domain .already_evaluated
INFO  [17:50:26.393] [bbotk]  2.1071 1.546598    cos 0.0003190179 <list[3]>              FALSE
INFO  [17:50:26.393] [bbotk]  classif.bbrier warnings errors runtime_learners
INFO  [17:50:26.393] [bbotk]      0.08523106        0      0            5.061
INFO  [17:50:26.393] [bbotk]                                 uhash
INFO  [17:50:26.393] [bbotk]  b1c5c0ea-86fa-4e81-ac50-60c0d3a594c9
INFO  [17:50:29.427] [bbotk] Evaluating 1 configuration(s)
INFO  [17:50:33.863] [bbotk] Result of batch 11:
INFO  [17:50:33.886] [bbotk]        k distance       kernel       acq_ei  x_domain .already_evaluated
INFO  [17:50:33.886] [bbotk]  2.01833 1.511806 epanechnikov 0.0002385207 <list[3]>              FALSE
INFO  [17:50:33.886] [bbotk]  classif.bbrier warnings errors runtime_learners
INFO  [17:50:33.886] [bbotk]      0.08579284        0      0            4.097
INFO  [17:50:33.886] [bbotk]                                 uhash
INFO  [17:50:33.886] [bbotk]  6d359154-9bc4-4cf2-a90d-f7477f61f410
INFO  [17:50:36.740] [bbotk] Evaluating 1 configuration(s)
INFO  [17:50:40.731] [bbotk] Result of batch 12:
INFO  [17:50:40.767] [bbotk]         k distance kernel       acq_ei  x_domain .already_evaluated
INFO  [17:50:40.767] [bbotk]  1.973027 1.403606    cos 0.0003190913 <list[3]>              FALSE
INFO  [17:50:40.767] [bbotk]  classif.bbrier warnings errors runtime_learners
INFO  [17:50:40.767] [bbotk]       0.0849448        0      0             3.56
INFO  [17:50:40.767] [bbotk]                                 uhash
INFO  [17:50:40.767] [bbotk]  d10830d8-3e3b-46e3-8449-f59785fa264e
INFO  [17:50:43.482] [bbotk] Evaluating 1 configuration(s)
INFO  [17:50:48.421] [bbotk] Result of batch 13:
INFO  [17:50:48.445] [bbotk]         k distance kernel       acq_ei  x_domain .already_evaluated
INFO  [17:50:48.445] [bbotk]  2.639952 1.455619    cos 0.0005051013 <list[3]>              FALSE
INFO  [17:50:48.445] [bbotk]  classif.bbrier warnings errors runtime_learners
INFO  [17:50:48.445] [bbotk]      0.08868356        0      0            4.532
INFO  [17:50:48.445] [bbotk]                                 uhash
INFO  [17:50:48.445] [bbotk]  d37d416b-a490-432f-94eb-0c5d3d85c309
INFO  [17:50:51.810] [bbotk] Evaluating 1 configuration(s)
INFO  [17:50:56.269] [bbotk] Result of batch 14:
INFO  [17:50:56.303] [bbotk]         k distance   kernel       acq_ei  x_domain .already_evaluated
INFO  [17:50:56.303] [bbotk]  1.327731 2.122822 biweight 0.0001818745 <list[3]>              FALSE
INFO  [17:50:56.303] [bbotk]  classif.bbrier warnings errors runtime_learners
INFO  [17:50:56.303] [bbotk]      0.09152145        0      0            4.051
INFO  [17:50:56.303] [bbotk]                                 uhash
INFO  [17:50:56.303] [bbotk]  c0005a3a-2487-435a-b1cd-170b442db906
INFO  [17:50:59.572] [bbotk] Evaluating 1 configuration(s)
INFO  [17:51:04.047] [bbotk] Result of batch 15:
INFO  [17:51:04.084] [bbotk]         k distance   kernel       acq_ei  x_domain .already_evaluated
INFO  [17:51:04.084] [bbotk]  2.134875  1.45543 biweight 0.0002609783 <list[3]>              FALSE
INFO  [17:51:04.084] [bbotk]  classif.bbrier warnings errors runtime_learners
INFO  [17:51:04.084] [bbotk]      0.08300926        0      0              4.2
INFO  [17:51:04.084] [bbotk]                                 uhash
INFO  [17:51:04.084] [bbotk]  0cea238d-8de2-42c4-a3f0-3088c15c7fc7
INFO  [17:51:07.084] [bbotk] Evaluating 1 configuration(s)
INFO  [17:51:11.809] [bbotk] Result of batch 16:
INFO  [17:51:11.894] [bbotk]        k distance   kernel       acq_ei  x_domain .already_evaluated
INFO  [17:51:11.894] [bbotk]  2.21499 2.092377 biweight 0.0003572674 <list[3]>              FALSE
INFO  [17:51:11.894] [bbotk]  classif.bbrier warnings errors runtime_learners
INFO  [17:51:11.894] [bbotk]      0.08370314        0      0            4.382
INFO  [17:51:11.894] [bbotk]                                 uhash
INFO  [17:51:11.894] [bbotk]  92530bd6-22a1-4cd8-becc-183a81f6d44b
INFO  [17:51:15.063] [bbotk] Evaluating 1 configuration(s)
INFO  [17:51:19.140] [bbotk] Result of batch 17:
INFO  [17:51:19.170] [bbotk]         k distance   kernel       acq_ei  x_domain .already_evaluated
INFO  [17:51:19.170] [bbotk]  2.081435 2.062971 biweight 0.0001536458 <list[3]>              FALSE
INFO  [17:51:19.170] [bbotk]  classif.bbrier warnings errors runtime_learners
INFO  [17:51:19.170] [bbotk]      0.08399907        0      0            3.622
INFO  [17:51:19.170] [bbotk]                                 uhash
INFO  [17:51:19.170] [bbotk]  ee07ba05-ef95-47dc-87a1-221158b30333
INFO  [17:51:21.885] [bbotk] Evaluating 1 configuration(s)
INFO  [17:51:26.134] [bbotk] Result of batch 18:
INFO  [17:51:26.158] [bbotk]         k distance   kernel       acq_ei  x_domain .already_evaluated
INFO  [17:51:26.158] [bbotk]  2.375527 1.796751 biweight 0.0001380785 <list[3]>              FALSE
INFO  [17:51:26.158] [bbotk]  classif.bbrier warnings errors runtime_learners
INFO  [17:51:26.158] [bbotk]      0.08351645        0      0            3.866
INFO  [17:51:26.158] [bbotk]                                 uhash
INFO  [17:51:26.158] [bbotk]  cb3a6666-3341-4b21-a06e-35e327e31455
INFO  [17:51:28.905] [bbotk] Evaluating 1 configuration(s)
INFO  [17:51:33.466] [bbotk] Result of batch 19:
INFO  [17:51:33.487] [bbotk]         k distance   kernel       acq_ei  x_domain .already_evaluated
INFO  [17:51:33.487] [bbotk]  1.908099 1.405242 biweight 0.0001886697 <list[3]>              FALSE
INFO  [17:51:33.487] [bbotk]  classif.bbrier warnings errors runtime_learners
INFO  [17:51:33.487] [bbotk]      0.08419006        0      0            4.185
INFO  [17:51:33.487] [bbotk]                                 uhash
INFO  [17:51:33.487] [bbotk]  b107cda2-29a3-48ca-aa01-d97c59ac8ad3
INFO  [17:51:36.367] [bbotk] Evaluating 1 configuration(s)
INFO  [17:51:40.720] [bbotk] Result of batch 20:
INFO  [17:51:40.745] [bbotk]         k distance   kernel       acq_ei  x_domain .already_evaluated
INFO  [17:51:40.745] [bbotk]  1.837236 1.281525 biweight 0.0005256569 <list[3]>              FALSE
INFO  [17:51:40.745] [bbotk]  classif.bbrier warnings errors runtime_learners
INFO  [17:51:40.745] [bbotk]      0.08404791        0      0            3.977
INFO  [17:51:40.745] [bbotk]                                 uhash
INFO  [17:51:40.745] [bbotk]  74279354-1de9-4e87-bb9a-5d7ac0ec6250
INFO  [17:51:43.879] [bbotk] Evaluating 1 configuration(s)
INFO  [17:51:48.171] [bbotk] Result of batch 21:
INFO  [17:51:48.205] [bbotk]         k distance   kernel       acq_ei  x_domain .already_evaluated
INFO  [17:51:48.205] [bbotk]  2.691325 1.178897 biweight 0.0003420928 <list[3]>              FALSE
INFO  [17:51:48.205] [bbotk]  classif.bbrier warnings errors runtime_learners
INFO  [17:51:48.205] [bbotk]         0.08422        0      0             4.02
INFO  [17:51:48.205] [bbotk]                                 uhash
INFO  [17:51:48.205] [bbotk]  a0a8e30f-b6b1-431a-8a8d-e74cbf0ee389
INFO  [17:51:51.809] [bbotk] Evaluating 1 configuration(s)
INFO  [17:51:55.962] [bbotk] Result of batch 22:
INFO  [17:51:56.001] [bbotk]         k distance   kernel       acq_ei  x_domain .already_evaluated
INFO  [17:51:56.001] [bbotk]  1.065482 2.065172 biweight 7.428401e-05 <list[3]>              FALSE
INFO  [17:51:56.001] [bbotk]  classif.bbrier warnings errors runtime_learners
INFO  [17:51:56.001] [bbotk]       0.0976682        0      0            3.826
INFO  [17:51:56.001] [bbotk]                                 uhash
INFO  [17:51:56.001] [bbotk]  5c8762e2-0dfe-495d-a7cc-c9aae2982641
INFO  [17:51:59.493] [bbotk] Evaluating 1 configuration(s)
INFO  [17:52:03.834] [bbotk] Result of batch 23:
INFO  [17:52:03.869] [bbotk]         k distance   kernel       acq_ei  x_domain .already_evaluated
INFO  [17:52:03.869] [bbotk]  1.830067 1.230878 biweight 0.0002394428 <list[3]>              FALSE
INFO  [17:52:03.869] [bbotk]  classif.bbrier warnings errors runtime_learners
INFO  [17:52:03.869] [bbotk]      0.08400328        0      0            4.021
INFO  [17:52:03.869] [bbotk]                                 uhash
INFO  [17:52:03.869] [bbotk]  8898386b-d310-4787-8d1d-01de82a9a27f
INFO  [17:52:07.336] [bbotk] Evaluating 1 configuration(s)
INFO  [17:52:11.585] [bbotk] Result of batch 24:
INFO  [17:52:11.607] [bbotk]         k distance   kernel       acq_ei  x_domain .already_evaluated
INFO  [17:52:11.607] [bbotk]  2.484576 2.073518 biweight 0.0002968717 <list[3]>              FALSE
INFO  [17:52:11.607] [bbotk]  classif.bbrier warnings errors runtime_learners
INFO  [17:52:11.607] [bbotk]       0.0840237        0      0            3.798
INFO  [17:52:11.607] [bbotk]                                 uhash
INFO  [17:52:11.607] [bbotk]  2c2672af-2159-4d8b-8e49-a5354074e846
INFO  [17:52:14.796] [bbotk] Evaluating 1 configuration(s)
INFO  [17:52:18.865] [bbotk] Result of batch 25:
INFO  [17:52:18.898] [bbotk]         k distance  kernel       acq_ei  x_domain .already_evaluated
INFO  [17:52:18.898] [bbotk]  2.292572 1.934919 optimal 0.0001754236 <list[3]>              FALSE
INFO  [17:52:18.898] [bbotk]  classif.bbrier warnings errors runtime_learners
INFO  [17:52:18.898] [bbotk]       0.0866636        0      0            3.734
INFO  [17:52:18.898] [bbotk]                                 uhash
INFO  [17:52:18.898] [bbotk]  44e29bda-208c-4b8c-964e-62e455647705
INFO  [17:52:22.344] [bbotk] Evaluating 1 configuration(s)
INFO  [17:52:25.947] [bbotk] Result of batch 26:
INFO  [17:52:26.021] [bbotk]         k distance kernel       acq_ei  x_domain .already_evaluated
INFO  [17:52:26.021] [bbotk]  1.283154 2.807978   rank 0.0003542775 <list[3]>              FALSE
INFO  [17:52:26.021] [bbotk]  classif.bbrier warnings errors runtime_learners
INFO  [17:52:26.021] [bbotk]      0.08977083        0      0            3.269
INFO  [17:52:26.021] [bbotk]                                 uhash
INFO  [17:52:26.021] [bbotk]  aaba2ff8-fe6c-461b-8179-ed3ff5641d90
INFO  [17:52:29.698] [bbotk] Evaluating 1 configuration(s)
INFO  [17:52:33.181] [bbotk] Result of batch 27:
INFO  [17:52:33.206] [bbotk]         k distance    kernel       acq_ei  x_domain .already_evaluated
INFO  [17:52:33.206] [bbotk]  2.399449 1.416879 triweight 0.0001290004 <list[3]>              FALSE
INFO  [17:52:33.206] [bbotk]  classif.bbrier warnings errors runtime_learners
INFO  [17:52:33.206] [bbotk]      0.08202504        0      0            3.129
INFO  [17:52:33.206] [bbotk]                                 uhash
INFO  [17:52:33.206] [bbotk]  f6f2b99a-63c6-422e-9b47-43615192917c
INFO  [17:52:36.010] [bbotk] Evaluating 1 configuration(s)
INFO  [17:52:39.660] [bbotk] Result of batch 28:
INFO  [17:52:39.705] [bbotk]        k distance    kernel       acq_ei  x_domain .already_evaluated
INFO  [17:52:39.705] [bbotk]  2.26369 1.425803 triweight 0.0008199905 <list[3]>              FALSE
INFO  [17:52:39.705] [bbotk]  classif.bbrier warnings errors runtime_learners
INFO  [17:52:39.705] [bbotk]      0.08264139        0      0            3.381
INFO  [17:52:39.705] [bbotk]                                 uhash
INFO  [17:52:39.705] [bbotk]  4c68238e-7f0f-4754-841a-aa8b433b0049
INFO  [17:52:42.617] [bbotk] Evaluating 1 configuration(s)
INFO  [17:52:47.262] [bbotk] Result of batch 29:
INFO  [17:52:47.284] [bbotk]         k distance   kernel       acq_ei  x_domain .already_evaluated
INFO  [17:52:47.284] [bbotk]  2.497655 1.314346 biweight 0.0001584759 <list[3]>              FALSE
INFO  [17:52:47.284] [bbotk]  classif.bbrier warnings errors runtime_learners
INFO  [17:52:47.284] [bbotk]      0.08351712        0      0            4.238
INFO  [17:52:47.284] [bbotk]                                 uhash
INFO  [17:52:47.284] [bbotk]  b08d7e9b-d34d-484d-8ddb-7f09638b7b82
INFO  [17:52:50.320] [bbotk] Evaluating 1 configuration(s)
INFO  [17:52:55.063] [bbotk] Result of batch 30:
INFO  [17:52:55.079] [bbotk]         k distance   kernel       acq_ei  x_domain .already_evaluated
INFO  [17:52:55.079] [bbotk]  2.451023 1.449704 gaussian 0.0005652035 <list[3]>              FALSE
INFO  [17:52:55.079] [bbotk]  classif.bbrier warnings errors runtime_learners
INFO  [17:52:55.079] [bbotk]      0.08916869        0      0            4.408
INFO  [17:52:55.079] [bbotk]                                 uhash
INFO  [17:52:55.079] [bbotk]  e4bd371d-695f-4aa0-9ea5-6b5cabd42fe1
INFO  [17:52:58.392] [bbotk] Evaluating 1 configuration(s)
INFO  [17:53:03.698] [bbotk] Result of batch 31:
INFO  [17:53:03.732] [bbotk]         k distance    kernel      acq_ei  x_domain .already_evaluated
INFO  [17:53:03.732] [bbotk]  2.372901 1.300848 triweight 0.001129075 <list[3]>              FALSE
INFO  [17:53:03.732] [bbotk]  classif.bbrier warnings errors runtime_learners
INFO  [17:53:03.732] [bbotk]      0.08220913        0      0            5.013
INFO  [17:53:03.732] [bbotk]                                 uhash
INFO  [17:53:03.732] [bbotk]  e824793c-9f24-4f88-9036-d80cccb0be30
INFO  [17:53:06.960] [bbotk] Evaluating 1 configuration(s)
INFO  [17:53:11.337] [bbotk] Result of batch 32:
INFO  [17:53:11.367] [bbotk]         k distance    kernel       acq_ei  x_domain .already_evaluated
INFO  [17:53:11.367] [bbotk]  2.418279 1.418702 triweight 0.0004395841 <list[3]>              FALSE
INFO  [17:53:11.367] [bbotk]  classif.bbrier warnings errors runtime_learners
INFO  [17:53:11.367] [bbotk]      0.08202631        0      0            3.948
INFO  [17:53:11.367] [bbotk]                                 uhash
INFO  [17:53:11.367] [bbotk]  6a4af885-41d5-472d-9ace-b3c0712cb966
INFO  [17:53:14.496] [bbotk] Evaluating 1 configuration(s)
INFO  [17:53:18.140] [bbotk] Result of batch 33:
INFO  [17:53:18.156] [bbotk]         k distance    kernel       acq_ei  x_domain .already_evaluated
INFO  [17:53:18.156] [bbotk]  1.382086 2.025049 triweight 0.0008691932 <list[3]>              FALSE
INFO  [17:53:18.156] [bbotk]  classif.bbrier warnings errors runtime_learners
INFO  [17:53:18.156] [bbotk]      0.09447415        0      0            3.345
INFO  [17:53:18.156] [bbotk]                                 uhash
INFO  [17:53:18.156] [bbotk]  69102367-3a4d-4b58-9589-453626049d5d
INFO  [17:53:21.799] [bbotk] Evaluating 1 configuration(s)
INFO  [17:53:27.403] [bbotk] Result of batch 34:
INFO  [17:53:27.431] [bbotk]        k distance    kernel       acq_ei  x_domain .already_evaluated
INFO  [17:53:27.431] [bbotk]  2.32991 1.045044 triweight 0.0003062171 <list[3]>              FALSE
INFO  [17:53:27.431] [bbotk]  classif.bbrier warnings errors runtime_learners
INFO  [17:53:27.431] [bbotk]      0.08204644        0      0            5.149
INFO  [17:53:27.431] [bbotk]                                 uhash
INFO  [17:53:27.431] [bbotk]  501a50a5-4029-47fb-b6d1-52bc49947508
INFO  [17:53:30.557] [bbotk] Evaluating 1 configuration(s)
INFO  [17:53:36.020] [bbotk] Result of batch 35:
INFO  [17:53:36.036] [bbotk]         k distance      kernel       acq_ei  x_domain .already_evaluated
INFO  [17:53:36.036] [bbotk]  2.420217 1.416287 rectangular 0.0004160899 <list[3]>              FALSE
INFO  [17:53:36.036] [bbotk]  classif.bbrier warnings errors runtime_learners
INFO  [17:53:36.036] [bbotk]      0.09895772        0      0            5.061
INFO  [17:53:36.036] [bbotk]                                 uhash
INFO  [17:53:36.036] [bbotk]  21037980-0f19-4471-84db-7c5be194ffe9
INFO  [17:53:39.430] [bbotk] Evaluating 1 configuration(s)
INFO  [17:53:44.040] [bbotk] Result of batch 36:
INFO  [17:53:44.085] [bbotk]         k distance    kernel      acq_ei  x_domain .already_evaluated
INFO  [17:53:44.085] [bbotk]  1.971215 1.419524 triweight 0.000335565 <list[3]>              FALSE
INFO  [17:53:44.085] [bbotk]  classif.bbrier warnings errors runtime_learners
INFO  [17:53:44.085] [bbotk]      0.08443784        0      0            4.228
INFO  [17:53:44.085] [bbotk]                                 uhash
INFO  [17:53:44.085] [bbotk]  0b419ba6-b5d7-4314-bd01-4fcdfead890b
INFO  [17:53:47.001] [bbotk] Evaluating 1 configuration(s)
INFO  [17:53:51.534] [bbotk] Result of batch 37:
INFO  [17:53:51.552] [bbotk]         k distance    kernel       acq_ei  x_domain .already_evaluated
INFO  [17:53:51.552] [bbotk]  1.069827 1.455286 triweight 0.0002193876 <list[3]>              FALSE
INFO  [17:53:51.552] [bbotk]  classif.bbrier warnings errors runtime_learners
INFO  [17:53:51.552] [bbotk]       0.0988673        0      0             4.24
INFO  [17:53:51.552] [bbotk]                                 uhash
INFO  [17:53:51.552] [bbotk]  80c5cfee-397f-47ee-85fb-97cb810f6db0
INFO  [17:53:55.189] [bbotk] Evaluating 1 configuration(s)
INFO  [17:54:00.068] [bbotk] Result of batch 38:
INFO  [17:54:00.104] [bbotk]         k distance    kernel       acq_ei  x_domain .already_evaluated
INFO  [17:54:00.104] [bbotk]  2.269964 1.364707 triweight 0.0004844983 <list[3]>              FALSE
INFO  [17:54:00.104] [bbotk]  classif.bbrier warnings errors runtime_learners
INFO  [17:54:00.104] [bbotk]      0.08262765        0      0            4.424
INFO  [17:54:00.104] [bbotk]                                 uhash
INFO  [17:54:00.104] [bbotk]  ce025c00-1afe-4608-acb4-d48527f897b5
INFO  [17:54:03.561] [bbotk] Evaluating 1 configuration(s)
INFO  [17:54:07.845] [bbotk] Result of batch 39:
INFO  [17:54:07.936] [bbotk]         k distance    kernel       acq_ei  x_domain .already_evaluated
INFO  [17:54:07.936] [bbotk]  2.326485 1.156656 triweight 0.0002743346 <list[3]>              FALSE
INFO  [17:54:07.936] [bbotk]  classif.bbrier warnings errors runtime_learners
INFO  [17:54:07.936] [bbotk]      0.08209935        0      0            3.967
INFO  [17:54:07.936] [bbotk]                                 uhash
INFO  [17:54:07.936] [bbotk]  fbc2af5d-0577-443f-9fe2-4fc5c6d3bde2
INFO  [17:54:11.252] [bbotk] Evaluating 1 configuration(s)
INFO  [17:54:14.968] [bbotk] Result of batch 40:
INFO  [17:54:15.061] [bbotk]         k distance    kernel       acq_ei  x_domain .already_evaluated
INFO  [17:54:15.061] [bbotk]  2.412803 1.990378 triweight 0.0005997112 <list[3]>              FALSE
INFO  [17:54:15.061] [bbotk]  classif.bbrier warnings errors runtime_learners
INFO  [17:54:15.061] [bbotk]      0.08274318        0      0            3.334
INFO  [17:54:15.061] [bbotk]                                 uhash
INFO  [17:54:15.061] [bbotk]  89ac0d0e-e163-48e5-9fb1-d75b343a5b61
INFO  [17:54:19.013] [bbotk] Evaluating 1 configuration(s)
INFO  [17:54:23.730] [bbotk] Result of batch 41:
INFO  [17:54:23.768] [bbotk]         k distance      kernel       acq_ei  x_domain .already_evaluated
INFO  [17:54:23.768] [bbotk]  2.359754 1.363881 rectangular 0.0003647212 <list[3]>              FALSE
INFO  [17:54:23.768] [bbotk]  classif.bbrier warnings errors runtime_learners
INFO  [17:54:23.768] [bbotk]      0.09778737        0      0            4.339
INFO  [17:54:23.768] [bbotk]                                 uhash
INFO  [17:54:23.768] [bbotk]  cdb3dd8d-fe06-455d-b9ff-1b778fe18613
INFO  [17:54:25.876] [bbotk] Evaluating 1 configuration(s)
INFO  [17:54:29.080] [bbotk] Result of batch 42:
INFO  [17:54:29.108] [bbotk]         k distance    kernel       acq_ei  x_domain .already_evaluated
INFO  [17:54:29.108] [bbotk]  2.429121 1.297851 triweight 0.0005272533 <list[3]>              FALSE
INFO  [17:54:29.108] [bbotk]  classif.bbrier warnings errors runtime_learners
INFO  [17:54:29.108] [bbotk]      0.08192086        0      0            2.975
INFO  [17:54:29.108] [bbotk]                                 uhash
INFO  [17:54:29.108] [bbotk]  d705fbe9-0b7b-47dc-83e4-893ba61bec49
INFO  [17:54:31.288] [bbotk] Evaluating 1 configuration(s)
INFO  [17:54:34.481] [bbotk] Result of batch 43:
INFO  [17:54:34.496] [bbotk]         k distance    kernel       acq_ei  x_domain .already_evaluated
INFO  [17:54:34.496] [bbotk]  2.577711 1.383256 triweight 0.0003682431 <list[3]>              FALSE
INFO  [17:54:34.496] [bbotk]  classif.bbrier warnings errors runtime_learners
INFO  [17:54:34.496] [bbotk]      0.08196002        0      0            2.958
INFO  [17:54:34.496] [bbotk]                                 uhash
INFO  [17:54:34.496] [bbotk]  48b53471-fbb2-4516-a743-757dd8ba8c7b
INFO  [17:54:36.714] [bbotk] Evaluating 1 configuration(s)
INFO  [17:54:39.789] [bbotk] Result of batch 44:
INFO  [17:54:39.821] [bbotk]         k distance    kernel      acq_ei  x_domain .already_evaluated
INFO  [17:54:39.821] [bbotk]  1.512797 1.646125 triweight 0.000284921 <list[3]>              FALSE
INFO  [17:54:39.821] [bbotk]  classif.bbrier warnings errors runtime_learners
INFO  [17:54:39.821] [bbotk]      0.09105478        0      0            2.879
INFO  [17:54:39.821] [bbotk]                                 uhash
INFO  [17:54:39.821] [bbotk]  b2444b27-d3c0-424b-8bd8-f41d13567e6b
INFO  [17:54:42.034] [bbotk] Evaluating 1 configuration(s)
INFO  [17:54:45.276] [bbotk] Result of batch 45:
INFO  [17:54:45.301] [bbotk]         k distance    kernel       acq_ei  x_domain .already_evaluated
INFO  [17:54:45.301] [bbotk]  1.318125  1.11991 triweight 0.0002887514 <list[3]>              FALSE
INFO  [17:54:45.301] [bbotk]  classif.bbrier warnings errors runtime_learners
INFO  [17:54:45.301] [bbotk]      0.09503826        0      0            3.022
INFO  [17:54:45.301] [bbotk]                                 uhash
INFO  [17:54:45.301] [bbotk]  ee8dd655-0d3c-4849-84a0-7ea2498fe225
INFO  [17:54:47.702] [bbotk] Evaluating 1 configuration(s)
INFO  [17:54:51.359] [bbotk] Result of batch 46:
INFO  [17:54:51.384] [bbotk]         k distance    kernel       acq_ei  x_domain .already_evaluated
INFO  [17:54:51.384] [bbotk]  2.689981 1.376002 triweight 0.0004319877 <list[3]>              FALSE
INFO  [17:54:51.384] [bbotk]  classif.bbrier warnings errors runtime_learners
INFO  [17:54:51.384] [bbotk]      0.08199433        0      0            3.358
INFO  [17:54:51.384] [bbotk]                                 uhash
INFO  [17:54:51.384] [bbotk]  e3aafefa-6de7-4aa4-aa88-99065b6b6ac2
INFO  [17:54:53.489] [bbotk] Evaluating 1 configuration(s)
INFO  [17:54:56.775] [bbotk] Result of batch 47:
INFO  [17:54:56.793] [bbotk]       k distance    kernel       acq_ei  x_domain .already_evaluated
INFO  [17:54:56.793] [bbotk]  1.8036 1.318601 triweight 0.0003493471 <list[3]>              FALSE
INFO  [17:54:56.793] [bbotk]  classif.bbrier warnings errors runtime_learners
INFO  [17:54:56.793] [bbotk]      0.08588119        0      0            3.032
INFO  [17:54:56.793] [bbotk]                                 uhash
INFO  [17:54:56.793] [bbotk]  df0048a0-2b11-42d8-92f8-a47584486228
INFO  [17:54:58.983] [bbotk] Evaluating 1 configuration(s)
INFO  [17:55:02.389] [bbotk] Result of batch 48:
INFO  [17:55:02.418] [bbotk]         k distance    kernel       acq_ei  x_domain .already_evaluated
INFO  [17:55:02.418] [bbotk]  1.657464 1.079828 triweight 0.0002293145 <list[3]>              FALSE
INFO  [17:55:02.418] [bbotk]  classif.bbrier warnings errors runtime_learners
INFO  [17:55:02.418] [bbotk]      0.08861193        0      0             3.13
INFO  [17:55:02.418] [bbotk]                                 uhash
INFO  [17:55:02.418] [bbotk]  3bf990cf-7d11-4a8b-9155-5f15c8f6316f
INFO  [17:55:04.961] [bbotk] Evaluating 1 configuration(s)
INFO  [17:55:08.234] [bbotk] Result of batch 49:
INFO  [17:55:08.268] [bbotk]         k distance    kernel       acq_ei  x_domain .already_evaluated
INFO  [17:55:08.268] [bbotk]  2.187217 1.016583 triweight 0.0002059227 <list[3]>              FALSE
INFO  [17:55:08.268] [bbotk]  classif.bbrier warnings errors runtime_learners
INFO  [17:55:08.268] [bbotk]      0.08370033        0      0             3.04
INFO  [17:55:08.268] [bbotk]                                 uhash
INFO  [17:55:08.268] [bbotk]  13b04385-e48c-4c69-a559-0a6452bbc143
INFO  [17:55:10.825] [bbotk] Evaluating 1 configuration(s)
INFO  [17:55:14.607] [bbotk] Result of batch 50:
INFO  [17:55:14.635] [bbotk]         k distance    kernel       acq_ei  x_domain .already_evaluated
INFO  [17:55:14.635] [bbotk]  2.600927 1.376504 triweight 0.0003322064 <list[3]>              FALSE
INFO  [17:55:14.635] [bbotk]  classif.bbrier warnings errors runtime_learners
INFO  [17:55:14.635] [bbotk]      0.08195796        0      0            3.468
INFO  [17:55:14.635] [bbotk]                                 uhash
INFO  [17:55:14.635] [bbotk]  c3059b54-1419-4dd0-9cf0-0c4985480291
INFO  [17:55:17.269] [bbotk] Evaluating 1 configuration(s)
INFO  [17:55:20.526] [bbotk] Result of batch 51:
INFO  [17:55:20.542] [bbotk]         k distance   kernel       acq_ei  x_domain .already_evaluated
INFO  [17:55:20.542] [bbotk]  2.361448 2.078431 biweight 0.0002817515 <list[3]>              FALSE
INFO  [17:55:20.542] [bbotk]  classif.bbrier warnings errors runtime_learners
INFO  [17:55:20.542] [bbotk]      0.08390815        0      0            2.986
INFO  [17:55:20.542] [bbotk]                                 uhash
INFO  [17:55:20.542] [bbotk]  d01a781a-9342-49a3-9d01-72d8cade2dcc
INFO  [17:55:23.716] [bbotk] Evaluating 1 configuration(s)
INFO  [17:55:27.321] [bbotk] Result of batch 52:
INFO  [17:55:27.370] [bbotk]         k distance   kernel       acq_ei  x_domain .already_evaluated
INFO  [17:55:27.370] [bbotk]  2.384729 1.117256 biweight 0.0002251316 <list[3]>              FALSE
INFO  [17:55:27.370] [bbotk]  classif.bbrier warnings errors runtime_learners
INFO  [17:55:27.370] [bbotk]      0.08268608        0      0            3.295
INFO  [17:55:27.370] [bbotk]                                 uhash
INFO  [17:55:27.370] [bbotk]  d5efff7f-44db-4337-9085-29073fdc7cb3
INFO  [17:55:29.717] [bbotk] Evaluating 1 configuration(s)
INFO  [17:55:33.454] [bbotk] Result of batch 53:
INFO  [17:55:33.483] [bbotk]         k distance    kernel       acq_ei  x_domain .already_evaluated
INFO  [17:55:33.483] [bbotk]  3.054261 1.121397 triweight 0.0002716651 <list[3]>              FALSE
INFO  [17:55:33.483] [bbotk]  classif.bbrier warnings errors runtime_learners
INFO  [17:55:33.483] [bbotk]      0.08324468        0      0            3.506
INFO  [17:55:33.483] [bbotk]                                 uhash
INFO  [17:55:33.483] [bbotk]  9ef4beba-c6d2-4460-8882-38086d2632ef
INFO  [17:55:35.758] [bbotk] Evaluating 1 configuration(s)
INFO  [17:55:39.004] [bbotk] Result of batch 54:
INFO  [17:55:39.032] [bbotk]         k distance    kernel       acq_ei  x_domain .already_evaluated
INFO  [17:55:39.032] [bbotk]  2.805286 2.169405 triweight 0.0004178539 <list[3]>              FALSE
INFO  [17:55:39.032] [bbotk]  classif.bbrier warnings errors runtime_learners
INFO  [17:55:39.032] [bbotk]      0.08287639        0      0            3.024
INFO  [17:55:39.032] [bbotk]                                 uhash
INFO  [17:55:39.032] [bbotk]  1bf2a0c7-dfb1-4808-b700-5c144d2f9c7b
INFO  [17:55:41.548] [bbotk] Evaluating 1 configuration(s)
INFO  [17:55:44.938] [bbotk] Result of batch 55:
INFO  [17:55:44.981] [bbotk]         k distance    kernel       acq_ei  x_domain .already_evaluated
INFO  [17:55:44.981] [bbotk]  2.616381 2.227671 triweight 0.0006546706 <list[3]>              FALSE
INFO  [17:55:44.981] [bbotk]  classif.bbrier warnings errors runtime_learners
INFO  [17:55:44.981] [bbotk]      0.08281166        0      0            3.111
INFO  [17:55:44.981] [bbotk]                                 uhash
INFO  [17:55:44.981] [bbotk]  e1b14533-dfed-4eca-a7eb-bddc6b6813f0
INFO  [17:55:47.326] [bbotk] Evaluating 1 configuration(s)
INFO  [17:55:50.732] [bbotk] Result of batch 56:
INFO  [17:55:50.753] [bbotk]         k distance    kernel      acq_ei  x_domain .already_evaluated
INFO  [17:55:50.753] [bbotk]  2.606217 1.418801 triweight 0.000400803 <list[3]>              FALSE
INFO  [17:55:50.753] [bbotk]  classif.bbrier warnings errors runtime_learners
INFO  [17:55:50.753] [bbotk]      0.08198952        0      0            3.184
INFO  [17:55:50.753] [bbotk]                                 uhash
INFO  [17:55:50.753] [bbotk]  83a05337-5ff0-432d-9862-eb5e80a07d94
INFO  [17:55:52.975] [bbotk] Evaluating 1 configuration(s)
INFO  [17:55:56.769] [bbotk] Result of batch 57:
INFO  [17:55:56.826] [bbotk]         k distance    kernel       acq_ei  x_domain .already_evaluated
INFO  [17:55:56.826] [bbotk]  3.537157 2.284477 triweight 0.0004934628 <list[3]>              FALSE
INFO  [17:55:56.826] [bbotk]  classif.bbrier warnings errors runtime_learners
INFO  [17:55:56.826] [bbotk]      0.08840463        0      0            3.493
INFO  [17:55:56.826] [bbotk]                                 uhash
INFO  [17:55:56.826] [bbotk]  92edc56f-9ebd-459f-b915-6ad1fa0d1eb2
INFO  [17:55:59.333] [bbotk] Evaluating 1 configuration(s)
INFO  [17:56:02.959] [bbotk] Result of batch 58:
INFO  [17:56:02.998] [bbotk]         k distance    kernel       acq_ei  x_domain .already_evaluated
INFO  [17:56:02.998] [bbotk]  2.974658 1.403095 triweight 0.0003695183 <list[3]>              FALSE
INFO  [17:56:02.998] [bbotk]  classif.bbrier warnings errors runtime_learners
INFO  [17:56:02.998] [bbotk]      0.08288322        0      0            3.385
INFO  [17:56:02.998] [bbotk]                                 uhash
INFO  [17:56:02.998] [bbotk]  18a5d9fb-5f42-4785-a61d-ef835d1dd2a5
INFO  [17:56:05.559] [bbotk] Evaluating 1 configuration(s)
INFO  [17:56:09.003] [bbotk] Result of batch 59:
INFO  [17:56:09.022] [bbotk]         k distance    kernel      acq_ei  x_domain .already_evaluated
INFO  [17:56:09.022] [bbotk]  2.974335 1.100092 triweight 0.000263563 <list[3]>              FALSE
INFO  [17:56:09.022] [bbotk]  classif.bbrier warnings errors runtime_learners
INFO  [17:56:09.022] [bbotk]      0.08279334        0      0            3.238
INFO  [17:56:09.022] [bbotk]                                 uhash
INFO  [17:56:09.022] [bbotk]  0c18c6e6-74bd-45e3-87ef-fef4947200af
INFO  [17:56:11.413] [bbotk] Evaluating 1 configuration(s)
INFO  [17:56:15.187] [bbotk] Result of batch 60:
INFO  [17:56:15.209] [bbotk]         k distance   kernel       acq_ei  x_domain .already_evaluated
INFO  [17:56:15.209] [bbotk]  2.992206 1.035009 biweight 0.0002491152 <list[3]>              FALSE
INFO  [17:56:15.209] [bbotk]  classif.bbrier warnings errors runtime_learners
INFO  [17:56:15.209] [bbotk]      0.08614419        0      0            3.511
INFO  [17:56:15.209] [bbotk]                                 uhash
INFO  [17:56:15.209] [bbotk]  2ae2c39b-2db8-4bbc-8eed-654077868fcb
INFO  [17:56:17.657] [bbotk] Evaluating 1 configuration(s)
INFO  [17:56:21.254] [bbotk] Result of batch 61:
INFO  [17:56:21.285] [bbotk]         k distance  kernel       acq_ei  x_domain .already_evaluated
INFO  [17:56:21.285] [bbotk]  2.456631 1.356589 optimal 0.0002399522 <list[3]>              FALSE
INFO  [17:56:21.285] [bbotk]  classif.bbrier warnings errors runtime_learners
INFO  [17:56:21.285] [bbotk]      0.08734096        0      0            3.345
INFO  [17:56:21.285] [bbotk]                                 uhash
INFO  [17:56:21.285] [bbotk]  459e22a0-eb6f-406f-92ec-e7594a4031d4
INFO  [17:56:23.656] [bbotk] Evaluating 1 configuration(s)
INFO  [17:56:26.767] [bbotk] Result of batch 62:
INFO  [17:56:26.789] [bbotk]         k distance    kernel       acq_ei  x_domain .already_evaluated
INFO  [17:56:26.789] [bbotk]  2.510093 2.212082 triweight 0.0005980403 <list[3]>              FALSE
INFO  [17:56:26.789] [bbotk]  classif.bbrier warnings errors runtime_learners
INFO  [17:56:26.789] [bbotk]      0.08291956        0      0            2.825
INFO  [17:56:26.789] [bbotk]                                 uhash
INFO  [17:56:26.789] [bbotk]  1ded0722-6406-403f-81ba-d180b2b2ec08
INFO  [17:56:29.275] [bbotk] Evaluating 1 configuration(s)
INFO  [17:56:32.661] [bbotk] Result of batch 63:
INFO  [17:56:32.677] [bbotk]         k distance    kernel       acq_ei  x_domain .already_evaluated
INFO  [17:56:32.677] [bbotk]  2.829861 2.110019 triweight 0.0002373531 <list[3]>              FALSE
INFO  [17:56:32.677] [bbotk]  classif.bbrier warnings errors runtime_learners
INFO  [17:56:32.677] [bbotk]      0.08281063        0      0             3.12
INFO  [17:56:32.677] [bbotk]                                 uhash
INFO  [17:56:32.677] [bbotk]  03adad0e-8a77-44bc-8daf-55781e188bd9
INFO  [17:56:35.274] [bbotk] Evaluating 1 configuration(s)
INFO  [17:56:38.462] [bbotk] Result of batch 64:
INFO  [17:56:38.491] [bbotk]         k distance    kernel       acq_ei  x_domain .already_evaluated
INFO  [17:56:38.491] [bbotk]  2.426759 2.238622 triweight 0.0003908615 <list[3]>              FALSE
INFO  [17:56:38.491] [bbotk]  classif.bbrier warnings errors runtime_learners
INFO  [17:56:38.491] [bbotk]      0.08304681        0      0             2.95
INFO  [17:56:38.491] [bbotk]                                 uhash
INFO  [17:56:38.491] [bbotk]  7135f50e-7307-421c-aee4-4eb8ae8a195f
INFO  [17:56:40.915] [bbotk] Evaluating 1 configuration(s)
INFO  [17:56:44.346] [bbotk] Result of batch 65:
INFO  [17:56:44.388] [bbotk]         k distance    kernel       acq_ei  x_domain .already_evaluated
INFO  [17:56:44.388] [bbotk]  3.103837  2.80748 triweight 0.0004414464 <list[3]>              FALSE
INFO  [17:56:44.388] [bbotk]  classif.bbrier warnings errors runtime_learners
INFO  [17:56:44.388] [bbotk]      0.08519339        0      0            3.205
INFO  [17:56:44.388] [bbotk]                                 uhash
INFO  [17:56:44.388] [bbotk]  34b69456-c881-46e9-be47-4e87ac9085f2
INFO  [17:56:47.011] [bbotk] Evaluating 1 configuration(s)
INFO  [17:56:50.329] [bbotk] Result of batch 66:
INFO  [17:56:50.359] [bbotk]         k distance    kernel       acq_ei  x_domain .already_evaluated
INFO  [17:56:50.359] [bbotk]  2.409132 1.533661 triweight 0.0003258164 <list[3]>              FALSE
INFO  [17:56:50.359] [bbotk]  classif.bbrier warnings errors runtime_learners
INFO  [17:56:50.359] [bbotk]      0.08211033        0      0            3.098
INFO  [17:56:50.359] [bbotk]                                 uhash
INFO  [17:56:50.359] [bbotk]  67f651d1-2d3e-4c51-a7ff-fa9870657fcb
INFO  [17:56:52.932] [bbotk] Evaluating 1 configuration(s)
INFO  [17:56:56.613] [bbotk] Result of batch 67:
INFO  [17:56:56.666] [bbotk]         k distance    kernel       acq_ei  x_domain .already_evaluated
INFO  [17:56:56.666] [bbotk]  3.198969 1.358255 triweight 0.0003199555 <list[3]>              FALSE
INFO  [17:56:56.666] [bbotk]  classif.bbrier warnings errors runtime_learners
INFO  [17:56:56.666] [bbotk]      0.08394565        0      0            3.454
INFO  [17:56:56.666] [bbotk]                                 uhash
INFO  [17:56:56.666] [bbotk]  28eb811f-71b3-4d39-ab8e-465d6fc24fcb
INFO  [17:56:59.074] [bbotk] Evaluating 1 configuration(s)
INFO  [17:57:02.315] [bbotk] Result of batch 68:
INFO  [17:57:02.353] [bbotk]         k distance    kernel       acq_ei  x_domain .already_evaluated
INFO  [17:57:02.353] [bbotk]  2.621598 4.867701 triweight 0.0001457668 <list[3]>              FALSE
INFO  [17:57:02.353] [bbotk]  classif.bbrier warnings errors runtime_learners
INFO  [17:57:02.353] [bbotk]      0.08507983        0      0            2.969
INFO  [17:57:02.353] [bbotk]                                 uhash
INFO  [17:57:02.353] [bbotk]  d78c680a-935f-4fda-abd6-a7481bdee112
INFO  [17:57:04.784] [bbotk] Evaluating 1 configuration(s)
INFO  [17:57:08.035] [bbotk] Result of batch 69:
INFO  [17:57:08.056] [bbotk]         k distance    kernel       acq_ei  x_domain .already_evaluated
INFO  [17:57:08.056] [bbotk]  2.547257 2.127037 triweight 0.0004862198 <list[3]>              FALSE
INFO  [17:57:08.056] [bbotk]  classif.bbrier warnings errors runtime_learners
INFO  [17:57:08.056] [bbotk]      0.08284474        0      0            3.011
INFO  [17:57:08.056] [bbotk]                                 uhash
INFO  [17:57:08.056] [bbotk]  a41ed836-389a-4904-8183-bbd53afd37bd
INFO  [17:57:10.827] [bbotk] Evaluating 1 configuration(s)
INFO  [17:57:14.653] [bbotk] Result of batch 70:
INFO  [17:57:14.672] [bbotk]         k distance    kernel      acq_ei  x_domain .already_evaluated
INFO  [17:57:14.672] [bbotk]  3.344324 4.824813 triweight 0.000524772 <list[3]>              FALSE
INFO  [17:57:14.672] [bbotk]  classif.bbrier warnings errors runtime_learners
INFO  [17:57:14.672] [bbotk]      0.08857972        0      0            3.519
INFO  [17:57:14.672] [bbotk]                                 uhash
INFO  [17:57:14.672] [bbotk]  a34d8678-0282-4887-a8a3-47557595ac93
INFO  [17:57:17.118] [bbotk] Evaluating 1 configuration(s)
INFO  [17:57:20.354] [bbotk] Result of batch 71:
INFO  [17:57:20.387] [bbotk]         k distance    kernel       acq_ei  x_domain .already_evaluated
INFO  [17:57:20.387] [bbotk]  2.417453 1.750934 triweight 0.0002731091 <list[3]>              FALSE
INFO  [17:57:20.387] [bbotk]  classif.bbrier warnings errors runtime_learners
INFO  [17:57:20.387] [bbotk]      0.08236968        0      0            3.023
INFO  [17:57:20.387] [bbotk]                                 uhash
INFO  [17:57:20.387] [bbotk]  249c3e03-d1ad-409a-8e1b-4831ae86ff4c
INFO  [17:57:23.403] [bbotk] Evaluating 1 configuration(s)
INFO  [17:57:26.649] [bbotk] Result of batch 72:
INFO  [17:57:26.672] [bbotk]         k distance    kernel       acq_ei  x_domain .already_evaluated
INFO  [17:57:26.672] [bbotk]  2.633297 2.158737 triweight 0.0005410357 <list[3]>              FALSE
INFO  [17:57:26.672] [bbotk]  classif.bbrier warnings errors runtime_learners
INFO  [17:57:26.672] [bbotk]      0.08272208        0      0            3.069
INFO  [17:57:26.672] [bbotk]                                 uhash
INFO  [17:57:26.672] [bbotk]  d579ad53-baab-4baf-9bf5-7a4d1ac6f7c3
INFO  [17:57:29.040] [bbotk] Evaluating 1 configuration(s)
INFO  [17:57:32.411] [bbotk] Result of batch 73:
INFO  [17:57:32.437] [bbotk]         k distance    kernel       acq_ei  x_domain .already_evaluated
INFO  [17:57:32.437] [bbotk]  2.890564 2.462438 triweight 0.0003572384 <list[3]>              FALSE
INFO  [17:57:32.437] [bbotk]  classif.bbrier warnings errors runtime_learners
INFO  [17:57:32.437] [bbotk]      0.08364306        0      0            3.148
INFO  [17:57:32.437] [bbotk]                                 uhash
INFO  [17:57:32.437] [bbotk]  aa6d00c8-da48-4a9e-a6f0-a17a99cba26e
INFO  [17:57:34.657] [bbotk] Evaluating 1 configuration(s)
INFO  [17:57:38.779] [bbotk] Result of batch 74:
INFO  [17:57:38.800] [bbotk]         k distance   kernel       acq_ei  x_domain .already_evaluated
INFO  [17:57:38.800] [bbotk]  2.938467 1.369623 biweight 0.0002455807 <list[3]>              FALSE
INFO  [17:57:38.800] [bbotk]  classif.bbrier warnings errors runtime_learners
INFO  [17:57:38.800] [bbotk]      0.08572154        0      0            3.831
INFO  [17:57:38.800] [bbotk]                                 uhash
INFO  [17:57:38.800] [bbotk]  3b0b9b64-234b-42f4-8fd9-8eafa4560314
INFO  [17:57:41.154] [bbotk] Evaluating 1 configuration(s)
INFO  [17:57:45.208] [bbotk] Result of batch 75:
INFO  [17:57:45.233] [bbotk]         k distance    kernel       acq_ei  x_domain .already_evaluated
INFO  [17:57:45.233] [bbotk]  3.211178 1.187925 triweight 0.0002168757 <list[3]>              FALSE
INFO  [17:57:45.233] [bbotk]  classif.bbrier warnings errors runtime_learners
INFO  [17:57:45.233] [bbotk]      0.08390925        0      0            3.727
INFO  [17:57:45.233] [bbotk]                                 uhash
INFO  [17:57:45.233] [bbotk]  655274ed-b4eb-44d8-8fc6-19fb1b629079
INFO  [17:57:47.700] [bbotk] Evaluating 1 configuration(s)
INFO  [17:57:51.229] [bbotk] Result of batch 76:
INFO  [17:57:51.257] [bbotk]         k distance    kernel       acq_ei  x_domain .already_evaluated
INFO  [17:57:51.257] [bbotk]  2.969291 2.131663 triweight 0.0004347669 <list[3]>              FALSE
INFO  [17:57:51.257] [bbotk]  classif.bbrier warnings errors runtime_learners
INFO  [17:57:51.257] [bbotk]      0.08357851        0      0            3.298
INFO  [17:57:51.257] [bbotk]                                 uhash
INFO  [17:57:51.257] [bbotk]  d8df330e-55e2-479b-97fd-11179d51957a
INFO  [17:57:53.670] [bbotk] Evaluating 1 configuration(s)
INFO  [17:57:56.968] [bbotk] Result of batch 77:
INFO  [17:57:56.995] [bbotk]         k distance    kernel       acq_ei  x_domain .already_evaluated
INFO  [17:57:56.995] [bbotk]  2.719053 2.144627 triweight 0.0002764363 <list[3]>              FALSE
INFO  [17:57:56.995] [bbotk]  classif.bbrier warnings errors runtime_learners
INFO  [17:57:56.995] [bbotk]      0.08282577        0      0            3.024
INFO  [17:57:56.995] [bbotk]                                 uhash
INFO  [17:57:56.995] [bbotk]  9c9522b6-2d39-4cee-81f9-00100c170d33
INFO  [17:57:59.441] [bbotk] Evaluating 1 configuration(s)
INFO  [17:58:02.948] [bbotk] Result of batch 78:
INFO  [17:58:02.964] [bbotk]         k distance    kernel       acq_ei  x_domain .already_evaluated
INFO  [17:58:02.964] [bbotk]  2.661511 1.403831 triweight 0.0004129916 <list[3]>              FALSE
INFO  [17:58:02.964] [bbotk]  classif.bbrier warnings errors runtime_learners
INFO  [17:58:02.964] [bbotk]      0.08198245        0      0            3.267
INFO  [17:58:02.964] [bbotk]                                 uhash
INFO  [17:58:02.964] [bbotk]  5507a1e4-4ab2-4f98-aeec-fd382a984309
INFO  [17:58:05.660] [bbotk] Evaluating 1 configuration(s)
INFO  [17:58:09.369] [bbotk] Result of batch 79:
INFO  [17:58:09.386] [bbotk]         k distance    kernel       acq_ei  x_domain .already_evaluated
INFO  [17:58:09.386] [bbotk]  2.937696 1.413347 triweight 0.0004911575 <list[3]>              FALSE
INFO  [17:58:09.386] [bbotk]  classif.bbrier warnings errors runtime_learners
INFO  [17:58:09.386] [bbotk]      0.08257932        0      0            3.463
INFO  [17:58:09.386] [bbotk]                                 uhash
INFO  [17:58:09.386] [bbotk]  53c50051-4faf-4ade-a72a-3101042a53a0
INFO  [17:58:11.993] [bbotk] Evaluating 1 configuration(s)
INFO  [17:58:15.283] [bbotk] Result of batch 80:
INFO  [17:58:15.318] [bbotk]         k distance    kernel       acq_ei  x_domain .already_evaluated
INFO  [17:58:15.318] [bbotk]  1.167778  2.20816 triweight 0.0002426886 <list[3]>              FALSE
INFO  [17:58:15.318] [bbotk]  classif.bbrier warnings errors runtime_learners
INFO  [17:58:15.318] [bbotk]      0.09490763        0      0            3.028
INFO  [17:58:15.318] [bbotk]                                 uhash
INFO  [17:58:15.318] [bbotk]  b4e2981b-9569-457f-8a2b-9f6d0f6d0c9d
INFO  [17:58:17.764] [bbotk] Evaluating 1 configuration(s)
INFO  [17:58:21.753] [bbotk] Result of batch 81:
INFO  [17:58:21.777] [bbotk]         k distance    kernel      acq_ei  x_domain .already_evaluated
INFO  [17:58:21.777] [bbotk]  3.264153 1.114741 triweight 0.000321834 <list[3]>              FALSE
INFO  [17:58:21.777] [bbotk]  classif.bbrier warnings errors runtime_learners
INFO  [17:58:21.777] [bbotk]      0.08443952        0      0            3.776
INFO  [17:58:21.777] [bbotk]                                 uhash
INFO  [17:58:21.777] [bbotk]  3c2b08d6-d737-4f5c-b534-1c1fd2fd2d5a
INFO  [17:58:24.410] [bbotk] Evaluating 1 configuration(s)
INFO  [17:58:27.847] [bbotk] Result of batch 82:
INFO  [17:58:27.925] [bbotk]         k distance    kernel       acq_ei  x_domain .already_evaluated
INFO  [17:58:27.925] [bbotk]  2.841724 2.158692 triweight 0.0004586136 <list[3]>              FALSE
INFO  [17:58:27.925] [bbotk]  classif.bbrier warnings errors runtime_learners
INFO  [17:58:27.925] [bbotk]      0.08301058        0      0            3.188
INFO  [17:58:27.925] [bbotk]                                 uhash
INFO  [17:58:27.925] [bbotk]  0e60619c-05fe-4d27-b853-b8caf11db9f2
INFO  [17:58:30.604] [bbotk] Evaluating 1 configuration(s)
INFO  [17:58:34.799] [bbotk] Result of batch 83:
INFO  [17:58:34.823] [bbotk]         k distance    kernel       acq_ei  x_domain .already_evaluated
INFO  [17:58:34.823] [bbotk]  3.907775 1.406375 triweight 0.0004714064 <list[3]>              FALSE
INFO  [17:58:34.823] [bbotk]  classif.bbrier warnings errors runtime_learners
INFO  [17:58:34.823] [bbotk]      0.09159122        0      0            3.941
INFO  [17:58:34.823] [bbotk]                                 uhash
INFO  [17:58:34.823] [bbotk]  69973371-fbed-4c5d-b864-8681a6bf75f7
INFO  [17:58:37.488] [bbotk] Evaluating 1 configuration(s)
INFO  [17:58:40.702] [bbotk] Result of batch 84:
INFO  [17:58:40.746] [bbotk]         k distance       kernel       acq_ei  x_domain .already_evaluated
INFO  [17:58:40.746] [bbotk]  1.879106 1.407876 epanechnikov 0.0004135988 <list[3]>              FALSE
INFO  [17:58:40.746] [bbotk]  classif.bbrier warnings errors runtime_learners
INFO  [17:58:40.746] [bbotk]      0.08533884        0      0            2.997
INFO  [17:58:40.746] [bbotk]                                 uhash
INFO  [17:58:40.746] [bbotk]  0aff4d19-d208-438a-afee-8c5cf1ababf5
INFO  [17:58:43.214] [bbotk] Evaluating 1 configuration(s)
INFO  [17:58:46.396] [bbotk] Result of batch 85:
INFO  [17:58:46.465] [bbotk]         k distance    kernel       acq_ei  x_domain .already_evaluated
INFO  [17:58:46.465] [bbotk]  2.504041 2.034504 triweight 0.0001555425 <list[3]>              FALSE
INFO  [17:58:46.465] [bbotk]  classif.bbrier warnings errors runtime_learners
INFO  [17:58:46.465] [bbotk]      0.08273977        0      0            2.979
INFO  [17:58:46.465] [bbotk]                                 uhash
INFO  [17:58:46.465] [bbotk]  2b8bb32f-8367-41f2-bea6-0bdf57d78b50
INFO  [17:58:48.619] [bbotk] Evaluating 1 configuration(s)
INFO  [17:58:51.776] [bbotk] Result of batch 86:
INFO  [17:58:51.820] [bbotk]         k distance kernel       acq_ei  x_domain .already_evaluated
INFO  [17:58:51.820] [bbotk]  2.792469 2.064369   rank 0.0002207305 <list[3]>              FALSE
INFO  [17:58:51.820] [bbotk]  classif.bbrier warnings errors runtime_learners
INFO  [17:58:51.820] [bbotk]      0.09546547        0      0            2.917
INFO  [17:58:51.820] [bbotk]                                 uhash
INFO  [17:58:51.820] [bbotk]  b6d6ce35-98cb-4890-8759-9dc3c654d3e8
INFO  [17:58:54.122] [bbotk] Evaluating 1 configuration(s)
INFO  [17:58:57.205] [bbotk] Result of batch 87:
INFO  [17:58:57.230] [bbotk]         k distance    kernel       acq_ei  x_domain .already_evaluated
INFO  [17:58:57.230] [bbotk]  2.158416 1.411805 triweight 0.0004324401 <list[3]>              FALSE
INFO  [17:58:57.230] [bbotk]  classif.bbrier warnings errors runtime_learners
INFO  [17:58:57.230] [bbotk]      0.08321726        0      0            2.847
INFO  [17:58:57.230] [bbotk]                                 uhash
INFO  [17:58:57.230] [bbotk]  e480e01f-8807-4c31-8ef0-3202edb63b0a
INFO  [17:58:59.726] [bbotk] Evaluating 1 configuration(s)
INFO  [17:59:03.075] [bbotk] Result of batch 88:
INFO  [17:59:03.094] [bbotk]         k distance    kernel       acq_ei  x_domain .already_evaluated
INFO  [17:59:03.094] [bbotk]  2.226639 2.152109 triweight 0.0004949775 <list[3]>              FALSE
INFO  [17:59:03.094] [bbotk]  classif.bbrier warnings errors runtime_learners
INFO  [17:59:03.094] [bbotk]      0.08363422        0      0            3.111
INFO  [17:59:03.094] [bbotk]                                 uhash
INFO  [17:59:03.094] [bbotk]  cfceb1f8-3a38-4697-9212-fd3b3f640b82
INFO  [17:59:05.667] [bbotk] Evaluating 1 configuration(s)
INFO  [17:59:08.672] [bbotk] Result of batch 89:
INFO  [17:59:08.691] [bbotk]         k distance    kernel       acq_ei  x_domain .already_evaluated
INFO  [17:59:08.691] [bbotk]  2.485332 2.959659 triweight 0.0002496689 <list[3]>              FALSE
INFO  [17:59:08.691] [bbotk]  classif.bbrier warnings errors runtime_learners
INFO  [17:59:08.691] [bbotk]      0.08365198        0      0             2.81
INFO  [17:59:08.691] [bbotk]                                 uhash
INFO  [17:59:08.691] [bbotk]  6f03d560-2f15-4365-aac4-b2e1ddcd4c4b
INFO  [17:59:08.903] [bbotk] Finished optimizing after 100 evaluation(s)
INFO  [17:59:08.916] [bbotk] Result:
INFO  [17:59:08.928] [bbotk]         k distance    kernel learner_param_vals  x_domain classif.bbrier
INFO  [17:59:08.928] [bbotk]     <num>    <num>    <char>             <list>    <list>          <num>
INFO  [17:59:08.928] [bbotk]  2.429121 1.297851 triweight          <list[3]> <list[3]>     0.08192086

### [bt]: Job terminated successfully [batchtools job.id=1523]
### [bt]: Calculation finished!
