### [bt]: This is batchtools v0.9.17
### [bt]: Starting calculation of 1 jobs
### [bt]: Setting working directory to '/content/drive/MyDrive/GitHub/Mater_Thesis_Calibration'
ece.R :
Friedmann_tasks.R :
Functions.R :
ici.R :
mse_feature_effects.R :
PipeOpCalibration_TuningExperiment.R :
PipeOpCalibration.R :
PipeOpCalibrationUnion.R :
### [bt]: Memory measurement disabled
### [bt]: Starting job [batchtools job.id=3553]
### [bt]: Generating problem instance for problem '7f16ca74b5d8776b' ...
### [bt]: Applying algorithm 'run_learner' on problem '7f16ca74b5d8776b' for job 3553 (seed = 3676) ...
INFO  [14:11:40.711] [mlr3] Applying learner 'xgboost TbC isotonic' on task 'churn' (iter 3/10)
INFO  [14:11:43.823] [bbotk] Starting to optimize 8 parameter(s) with '<OptimizerMbo>' and '<TerminatorEvals> [n_evals=100, k=0]'
INFO  [14:11:44.303] [bbotk] Evaluating 32 configuration(s)
INFO  [14:34:01.972] [bbotk] Result of batch 1:
INFO  [14:34:01.995] [bbotk]       alpha colsample_bylevel colsample_bytree         eta     lambda max_depth
INFO  [14:34:01.995] [bbotk]  -0.1449391         0.6346018        0.7421758 -7.84073340  5.8036420         3
INFO  [14:34:01.995] [bbotk]   6.7628166         0.1846018        0.2921758 -3.23556294 -1.1041137        13
INFO  [14:34:01.995] [bbotk]   3.3089389         0.8596018        0.9671758 -5.53814831 -4.5579913        18
INFO  [14:34:01.995] [bbotk]  -3.5988168         0.4096018        0.5171758 -0.93297785  2.3497644         8
INFO  [14:34:01.995] [bbotk]   1.5820001         0.5221018        0.6296758 -6.68944085 -6.2849301        11
INFO  [14:34:01.995] [bbotk]  -5.3257555         0.9721018        0.1796758 -2.08427039  0.6228255         1
INFO  [14:34:01.995] [bbotk]   5.0358778         0.7471018        0.4046758 -4.38685548 -2.8310525        16
INFO  [14:34:01.995] [bbotk]  -1.8718779         0.2971018        0.8546758 -8.99202588  4.0767032         6
INFO  [14:34:01.995] [bbotk]   5.8993472         0.9158518        0.6859258 -0.35733157  4.9401726        12
INFO  [14:34:01.995] [bbotk]  -1.0084085         0.4658518        0.2359258 -4.96250203 -1.9675831         2
INFO  [14:34:01.995] [bbotk]   2.4454695         0.2408518        0.4609258 -7.26508713  1.4862949        17
INFO  [14:34:01.995] [bbotk]  -4.4622862         0.6908518        0.9109258 -2.65991667 -5.4214606         7
INFO  [14:34:01.995] [bbotk]  -6.1892249         0.1283518        0.5734258 -3.81120921 -3.6945219         4
INFO  [14:34:01.995] [bbotk]   0.7185307         0.5783518        0.1234258 -8.41637960  3.2132338        14
INFO  [14:34:01.995] [bbotk]   4.1724083         0.3533518        0.7984258 -1.50862412  6.6671114        19
INFO  [14:34:01.995] [bbotk]  -2.7353473         0.8033518        0.3484258 -6.11379458 -0.2406443         9
INFO  [14:34:01.995] [bbotk]   2.8772042         0.3814768        0.2078008 -3.52338607  4.5084379         4
INFO  [14:34:01.995] [bbotk]  -4.0305515         0.8314768        0.6578008 -8.12855647 -2.3993178        14
INFO  [14:34:01.995] [bbotk]   6.3310819         0.6064768        0.8828008 -5.82597144  1.0545602         9
INFO  [14:34:01.995] [bbotk]  -0.5766738         0.1564768        0.4328008 -1.22080098 -5.8531953        19
INFO  [14:34:01.995] [bbotk]  -2.3036126         0.7189768        0.3203008 -0.06950844 -4.1262566        11
INFO  [14:34:01.995] [bbotk]   4.6041430         0.2689768        0.7703008 -4.67467890  2.7814991         1
INFO  [14:34:01.995] [bbotk]   1.1502654         0.9439768        0.5453008 -2.37209353  6.2353767         6
INFO  [14:34:01.995] [bbotk]  -5.7574902         0.4939768        0.9953008 -6.97726399 -0.6723790        16
INFO  [14:34:01.995] [bbotk]  -4.8940209         0.2127268        0.1515508 -6.40161772  5.3719073        13
INFO  [14:34:01.995] [bbotk]   2.0137348         0.6627268        0.6015508 -1.79644726 -1.5358484         3
INFO  [14:34:01.995] [bbotk]   5.4676125         0.4377268        0.3765508 -8.70420274 -4.9897260         8
INFO  [14:34:01.995] [bbotk]  -1.4401432         0.8877268        0.8265508 -4.09903235  1.9180296        18
INFO  [14:34:01.995] [bbotk]   3.7406736         0.7752268        0.2640508 -7.55291026 -6.7166648         5
INFO  [14:34:01.995] [bbotk]  -3.1670821         0.3252268        0.7140508 -2.94773980  0.1910908        15
INFO  [14:34:01.995] [bbotk]   0.2867960         0.1002268        0.9390508 -0.64515471 -3.2627872        10
INFO  [14:34:01.995] [bbotk]  -6.6209596         0.5502268        0.4890508 -5.25032517  3.6449685        20
INFO  [14:34:01.995] [bbotk]       alpha colsample_bylevel colsample_bytree         eta     lambda max_depth
INFO  [14:34:01.995] [bbotk]  nrounds subsample classif.bbrier warnings errors runtime_learners
INFO  [14:34:01.995] [bbotk]     1095 0.6390919     0.19324323        0      0           21.644
INFO  [14:34:01.995] [bbotk]     3595 0.1890919     0.25000000        0      0           17.453
INFO  [14:34:01.995] [bbotk]     2345 0.4140919     0.08551889        0      0           73.600
INFO  [14:34:01.995] [bbotk]     4845 0.8640919     0.05355185        0      0           59.151
INFO  [14:34:01.995] [bbotk]     4220 0.9765919     0.04792480        0      0          151.398
INFO  [14:34:01.995] [bbotk]     1720 0.5265919     0.08589985        0      0           10.255
INFO  [14:34:01.995] [bbotk]      470 0.7515919     0.10314854        0      0            9.054
INFO  [14:34:01.995] [bbotk]     2970 0.3015919     0.18472864        0      0           41.525
INFO  [14:34:01.995] [bbotk]     2032 0.3578419     0.20569020        0      0           18.306
INFO  [14:34:01.995] [bbotk]     4532 0.8078419     0.06647172        0      0           29.795
INFO  [14:34:01.995] [bbotk]     3282 0.1328419     0.11324748        0      0           20.578
INFO  [14:34:01.995] [bbotk]      782 0.5828419     0.04457758        0      0           30.186
INFO  [14:34:01.995] [bbotk]     2657 0.2453419     0.05635637        0      0           21.136
INFO  [14:34:01.995] [bbotk]      157 0.6953419     0.24153115        0      0            3.001
INFO  [14:34:01.995] [bbotk]     3907 0.9203419     0.09319317        0      0           27.473
INFO  [14:34:01.995] [bbotk]     1407 0.4703419     0.06621490        0      0           38.319
INFO  [14:34:01.995] [bbotk]      626 0.8359669     0.09504983        0      0            7.474
INFO  [14:34:01.995] [bbotk]     3126 0.3859669     0.08895270        0      0          166.136
INFO  [14:34:01.995] [bbotk]     4376 0.6109669     0.20136378        0      0           57.021
INFO  [14:34:01.995] [bbotk]     1876 0.1609669     0.08724098        0      0           13.128
INFO  [14:34:01.995] [bbotk]     3751 0.7234669     0.08117406        0      0           33.492
INFO  [14:34:01.995] [bbotk]     1251 0.2734669     0.12306029        0      0            7.631
INFO  [14:34:01.995] [bbotk]     2501 0.4984669     0.06216002        0      0           78.580
INFO  [14:34:01.995] [bbotk]        1 0.9484669     0.24963453        0      0            1.964
INFO  [14:34:01.995] [bbotk]     2189 0.1047169     0.14070264        0      0           10.549
INFO  [14:34:01.995] [bbotk]     4689 0.5547169     0.05370019        0      0           49.431
INFO  [14:34:01.995] [bbotk]      939 0.7797169     0.22244298        0      0           11.832
INFO  [14:34:01.995] [bbotk]     3439 0.3297169     0.04845282        0      0          133.363
INFO  [14:34:01.995] [bbotk]     2814 0.4422169     0.11802541        0      0           31.695
INFO  [14:34:01.995] [bbotk]      314 0.8922169     0.04171521        0      0           14.025
INFO  [14:34:01.995] [bbotk]     1564 0.2172169     0.09297323        0      0           11.857
INFO  [14:34:01.995] [bbotk]     4064 0.6672169     0.05465621        0      0          129.933
INFO  [14:34:01.995] [bbotk]  nrounds subsample classif.bbrier warnings errors runtime_learners
INFO  [14:34:01.995] [bbotk]                                 uhash
INFO  [14:34:01.995] [bbotk]  25921bcf-186b-4f90-937d-c80f65c46912
INFO  [14:34:01.995] [bbotk]  2eb20e46-a90c-4cff-a3b8-edc5e6976019
INFO  [14:34:01.995] [bbotk]  e2ad4c56-1b4a-4f2c-a16b-bb34ccb2bdb6
INFO  [14:34:01.995] [bbotk]  2422b197-dc99-4283-8a32-1c567a25d448
INFO  [14:34:01.995] [bbotk]  75370538-8528-47a3-bca3-1c3248b941c7
INFO  [14:34:01.995] [bbotk]  ca92c298-efbf-4e4a-826e-4c5eb3755238
INFO  [14:34:01.995] [bbotk]  69c74caf-0217-427a-b197-41d195508765
INFO  [14:34:01.995] [bbotk]  cdba1476-0ab0-471c-96de-77cb82a39221
INFO  [14:34:01.995] [bbotk]  c4143971-fa7e-43ed-898e-6665f1afabb3
INFO  [14:34:01.995] [bbotk]  42c32d55-c032-44cc-bb49-ca2dc17771a6
INFO  [14:34:01.995] [bbotk]  991bedcd-16fb-406d-9ac6-5dba56a7be8a
INFO  [14:34:01.995] [bbotk]  bf4e6369-6877-4c60-afb7-39f55ecd08b8
INFO  [14:34:01.995] [bbotk]  5951e7ee-6328-4e64-91be-12c066c7bf09
INFO  [14:34:01.995] [bbotk]  c4d6d295-f366-4b95-a81c-70d0c9af08c8
INFO  [14:34:01.995] [bbotk]  5f424f95-1fda-4df1-8a71-7260c6f59702
INFO  [14:34:01.995] [bbotk]  cd7289fd-0d01-4a10-b61b-bb3095682c94
INFO  [14:34:01.995] [bbotk]  ea0f6fb7-ccb3-425f-a24f-ab3276a7de7c
INFO  [14:34:01.995] [bbotk]  dbcd6f1a-1d55-4406-816c-cef464197373
INFO  [14:34:01.995] [bbotk]  a4558086-d202-4a52-8040-05530dd00eff
INFO  [14:34:01.995] [bbotk]  20d3503b-d84a-46c2-b796-49fe64eb95a1
INFO  [14:34:01.995] [bbotk]  040afbc1-51ec-4806-b650-5f49c8617271
INFO  [14:34:01.995] [bbotk]  5ed42da1-8af7-4f69-8bb7-2e83baf17178
INFO  [14:34:01.995] [bbotk]  59f536c9-1d9d-4add-8f28-fbcb793de9c7
INFO  [14:34:01.995] [bbotk]  a33cc76d-4a3d-4e10-b8d5-10dbd41f0395
INFO  [14:34:01.995] [bbotk]  31bbb1f4-76a9-4782-af35-90eaffdcc2ff
INFO  [14:34:01.995] [bbotk]  1515b17a-ac82-4f08-b743-0a96bb0e016f
INFO  [14:34:01.995] [bbotk]  71673cf1-473e-4fbe-9b4d-71ad4d6e36c2
INFO  [14:34:01.995] [bbotk]  3f933c89-3c85-40c1-9452-c8628a2ce3bd
INFO  [14:34:01.995] [bbotk]  db565954-7407-4189-9fa9-8a5bc482aa91
INFO  [14:34:01.995] [bbotk]  97ae3dcc-8099-47f5-9bd4-d2bf6a97331d
INFO  [14:34:01.995] [bbotk]  9fa0d993-1fb0-43b6-aa62-9e6b1bdababb
INFO  [14:34:01.995] [bbotk]  e9aa0cd1-393f-4415-a60d-872510303e32
INFO  [14:34:01.995] [bbotk]                                 uhash
INFO  [14:34:06.571] [bbotk] Evaluating 1 configuration(s)
INFO  [14:35:32.689] [bbotk] Result of batch 2:
INFO  [14:35:32.700] [bbotk]      alpha colsample_bylevel colsample_bytree       eta    lambda max_depth
INFO  [14:35:32.700] [bbotk]  -1.884288         0.7149846        0.5329954 -4.080236 -5.561776        11
INFO  [14:35:32.700] [bbotk]  nrounds subsample     acq_ei  x_domain .already_evaluated classif.bbrier
INFO  [14:35:32.700] [bbotk]     2995 0.4636963 0.05354714 <list[8]>              FALSE     0.04709887
INFO  [14:35:32.700] [bbotk]  warnings errors runtime_learners                                uhash
INFO  [14:35:32.700] [bbotk]         0      0           85.835 6ae7f4fb-a8e3-4b5f-a6fa-39034fe51908
INFO  [14:35:38.006] [bbotk] Evaluating 1 configuration(s)
INFO  [14:39:18.035] [bbotk] Result of batch 3:
INFO  [14:39:18.063] [bbotk]      alpha colsample_bylevel colsample_bytree       eta lambda max_depth
INFO  [14:39:18.063] [bbotk]  -2.713028         0.9746099        0.5572875 -6.071039 -2.864        16
INFO  [14:39:18.063] [bbotk]  nrounds subsample    acq_ei  x_domain .already_evaluated classif.bbrier
INFO  [14:39:18.063] [bbotk]     3120 0.6360779 0.0260796 <list[8]>              FALSE     0.04333946
INFO  [14:39:18.063] [bbotk]  warnings errors runtime_learners                                uhash
INFO  [14:39:18.063] [bbotk]         0      0          219.708 de75136a-45cc-4c79-a782-67d2ef37166e
WARN  [14:39:18.798] [mlr3] train: Stopped because hard maximum generation limit was hit.
INFO  [14:39:23.158] [bbotk] Evaluating 1 configuration(s)
INFO  [14:40:22.493] [bbotk] Result of batch 4:
INFO  [14:40:22.502] [bbotk]      alpha colsample_bylevel colsample_bytree       eta    lambda max_depth
INFO  [14:40:22.502] [bbotk]  0.6475228         0.5251322        0.7815481 -2.435034 -1.693452        20
INFO  [14:40:22.502] [bbotk]  nrounds subsample    acq_ei  x_domain .already_evaluated classif.bbrier
INFO  [14:40:22.502] [bbotk]     4533  0.921844 0.0229834 <list[8]>              FALSE     0.04057494
INFO  [14:40:22.502] [bbotk]  warnings errors runtime_learners                                uhash
INFO  [14:40:22.502] [bbotk]         0      0           59.103 4d982c9d-21be-4388-aa46-96ccf211026e
WARN  [14:40:23.014] [mlr3] train: Stopped because hard maximum generation limit was hit.
INFO  [14:40:28.135] [bbotk] Evaluating 1 configuration(s)
INFO  [14:41:35.400] [bbotk] Result of batch 5:
INFO  [14:41:35.411] [bbotk]      alpha colsample_bylevel colsample_bytree       eta   lambda max_depth
INFO  [14:41:35.411] [bbotk]  -1.641929          0.552689        0.8175321 -3.237639 3.331456        10
INFO  [14:41:35.411] [bbotk]  nrounds subsample     acq_ei  x_domain .already_evaluated classif.bbrier
INFO  [14:41:35.411] [bbotk]     1447 0.5701348 0.02022788 <list[8]>              FALSE     0.04730612
INFO  [14:41:35.411] [bbotk]  warnings errors runtime_learners                                uhash
INFO  [14:41:35.411] [bbotk]         0      0               67 b8752992-974a-459c-a59b-05998e12cdb7
INFO  [14:41:40.043] [bbotk] Evaluating 1 configuration(s)
INFO  [14:43:25.761] [bbotk] Result of batch 6:
INFO  [14:43:25.772] [bbotk]       alpha colsample_bylevel colsample_bytree       eta   lambda max_depth
INFO  [14:43:25.772] [bbotk]  -0.8800301         0.7533989        0.9365181 -1.779453 1.408856         7
INFO  [14:43:25.772] [bbotk]  nrounds subsample     acq_ei  x_domain .already_evaluated classif.bbrier
INFO  [14:43:25.772] [bbotk]     4309 0.9059596 0.01710292 <list[8]>              FALSE     0.04297879
INFO  [14:43:25.772] [bbotk]  warnings errors runtime_learners                                uhash
INFO  [14:43:25.772] [bbotk]         0      0          105.476 78fd30b1-efc6-467d-a5ee-c2486c471a28
INFO  [14:43:30.823] [bbotk] Evaluating 1 configuration(s)
INFO  [14:45:18.994] [bbotk] Result of batch 7:
INFO  [14:45:19.005] [bbotk]      alpha colsample_bylevel colsample_bytree       eta   lambda max_depth
INFO  [14:45:19.005] [bbotk]  -4.220627         0.5302829        0.6313511 -2.816601 2.920013        20
INFO  [14:45:19.005] [bbotk]  nrounds subsample     acq_ei  x_domain .already_evaluated classif.bbrier
INFO  [14:45:19.005] [bbotk]     3924    0.6143 0.01958546 <list[8]>              FALSE     0.04962053
INFO  [14:45:19.005] [bbotk]  warnings errors runtime_learners                                uhash
INFO  [14:45:19.005] [bbotk]         0      0          107.952 2ae91c49-a905-405d-b365-421752d6b6c3
INFO  [14:45:23.324] [bbotk] Evaluating 1 configuration(s)
INFO  [14:47:41.861] [bbotk] Result of batch 8:
INFO  [14:47:41.872] [bbotk]      alpha colsample_bylevel colsample_bytree       eta    lambda max_depth
INFO  [14:47:41.872] [bbotk]  0.2105054         0.8576365        0.5188176 -6.217585 -5.158657         7
INFO  [14:47:41.872] [bbotk]  nrounds subsample     acq_ei  x_domain .already_evaluated classif.bbrier
INFO  [14:47:41.872] [bbotk]     4908 0.3477141 0.01529517 <list[8]>              FALSE     0.04695111
INFO  [14:47:41.872] [bbotk]  warnings errors runtime_learners                                uhash
INFO  [14:47:41.872] [bbotk]         0      0          138.265 5c3646e8-e4a7-4e33-8177-ce71b0fb0e62
WARN  [14:47:42.639] [mlr3] train: Stopped because hard maximum generation limit was hit.
INFO  [14:47:47.024] [bbotk] Evaluating 1 configuration(s)
INFO  [14:48:13.490] [bbotk] Result of batch 9:
INFO  [14:48:13.505] [bbotk]      alpha colsample_bylevel colsample_bytree       eta    lambda max_depth
INFO  [14:48:13.505] [bbotk]  0.2667521         0.5900241         0.716416 -2.235732 -5.749387         4
INFO  [14:48:13.505] [bbotk]  nrounds subsample     acq_ei  x_domain .already_evaluated classif.bbrier
INFO  [14:48:13.505] [bbotk]     1418 0.9305539 0.01533142 <list[8]>              FALSE     0.04317747
INFO  [14:48:13.505] [bbotk]  warnings errors runtime_learners                                uhash
INFO  [14:48:13.505] [bbotk]         0      0           26.222 b8635af5-62a8-4277-8a14-37a3f747dd38
INFO  [14:48:18.613] [bbotk] Evaluating 1 configuration(s)
INFO  [14:48:39.744] [bbotk] Result of batch 10:
INFO  [14:48:39.755] [bbotk]       alpha colsample_bylevel colsample_bytree       eta    lambda max_depth
INFO  [14:48:39.755] [bbotk]  0.02004914          0.966196        0.4848622 -4.267437 -1.874007         5
INFO  [14:48:39.755] [bbotk]  nrounds subsample     acq_ei  x_domain .already_evaluated classif.bbrier
INFO  [14:48:39.755] [bbotk]      764 0.4297285 0.01026404 <list[8]>              FALSE     0.04501737
INFO  [14:48:39.755] [bbotk]  warnings errors runtime_learners                                uhash
INFO  [14:48:39.755] [bbotk]         0      0           20.842 c7473a9c-7bf4-4467-a237-a8da7e362b10
INFO  [14:48:45.046] [bbotk] Evaluating 1 configuration(s)
INFO  [14:52:01.127] [bbotk] Result of batch 11:
INFO  [14:52:01.137] [bbotk]      alpha colsample_bylevel colsample_bytree       eta     lambda max_depth
INFO  [14:52:01.137] [bbotk]  0.9069788         0.9381117        0.5395059 -5.135735 -0.2259033        17
INFO  [14:52:01.137] [bbotk]  nrounds subsample     acq_ei  x_domain .already_evaluated classif.bbrier
INFO  [14:52:01.137] [bbotk]     3879  0.916244 0.01574282 <list[8]>              FALSE     0.04255099
INFO  [14:52:01.137] [bbotk]  warnings errors runtime_learners                                uhash
INFO  [14:52:01.137] [bbotk]         0      0          195.787 a9d97384-d7f6-411d-b1e2-5779586bc631
INFO  [14:52:05.874] [bbotk] Evaluating 1 configuration(s)
INFO  [14:54:23.015] [bbotk] Result of batch 12:
INFO  [14:54:23.030] [bbotk]      alpha colsample_bylevel colsample_bytree      eta    lambda max_depth
INFO  [14:54:23.030] [bbotk]  -6.408165         0.9491932        0.5784352 -5.54703 -6.660611        10
INFO  [14:54:23.030] [bbotk]  nrounds subsample     acq_ei  x_domain .already_evaluated classif.bbrier
INFO  [14:54:23.030] [bbotk]     4227 0.2531351 0.01072219 <list[8]>              FALSE     0.04790286
INFO  [14:54:23.030] [bbotk]  warnings errors runtime_learners                                uhash
INFO  [14:54:23.030] [bbotk]         0      0          136.795 ec04d3a6-6412-4a0b-91c9-0a313386464f
INFO  [14:54:27.923] [bbotk] Evaluating 1 configuration(s)
INFO  [14:54:53.435] [bbotk] Result of batch 13:
INFO  [14:54:53.446] [bbotk]      alpha colsample_bylevel colsample_bytree       eta    lambda max_depth
INFO  [14:54:53.446] [bbotk]  -3.328345         0.1807144        0.7770972 -2.257915 -4.960266        13
INFO  [14:54:53.446] [bbotk]  nrounds subsample     acq_ei  x_domain .already_evaluated classif.bbrier
INFO  [14:54:53.446] [bbotk]     1654  0.987746 0.01024486 <list[8]>              FALSE     0.04791035
INFO  [14:54:53.446] [bbotk]  warnings errors runtime_learners                                uhash
INFO  [14:54:53.446] [bbotk]         0      0           25.177 1da0f688-2ae5-4650-aa18-78a20d20d894
INFO  [14:54:58.638] [bbotk] Evaluating 1 configuration(s)
INFO  [14:55:58.592] [bbotk] Result of batch 14:
INFO  [14:55:58.607] [bbotk]      alpha colsample_bylevel colsample_bytree     eta    lambda max_depth
INFO  [14:55:58.607] [bbotk]  0.8221384         0.8917579          0.82225 -3.3844 -1.601667        20
INFO  [14:55:58.607] [bbotk]  nrounds subsample      acq_ei  x_domain .already_evaluated classif.bbrier
INFO  [14:55:58.607] [bbotk]      769 0.8225048 0.009331826 <list[8]>              FALSE     0.04049077
INFO  [14:55:58.607] [bbotk]  warnings errors runtime_learners                                uhash
INFO  [14:55:58.607] [bbotk]         0      0           59.606 71ec6097-4769-4b84-a527-8728bc42521d
INFO  [14:56:04.373] [bbotk] Evaluating 1 configuration(s)
INFO  [14:57:06.587] [bbotk] Result of batch 15:
INFO  [14:57:06.602] [bbotk]      alpha colsample_bylevel colsample_bytree      eta     lambda max_depth
INFO  [14:57:06.602] [bbotk]  -3.562151         0.8998166        0.7327404 -2.66512 -0.4396988         4
INFO  [14:57:06.602] [bbotk]  nrounds subsample     acq_ei  x_domain .already_evaluated classif.bbrier
INFO  [14:57:06.602] [bbotk]     2138 0.7175809 0.01354355 <list[8]>              FALSE     0.04720163
INFO  [14:57:06.602] [bbotk]  warnings errors runtime_learners                                uhash
INFO  [14:57:06.602] [bbotk]         0      0           61.838 32dd18c3-e13a-4c35-83ea-18d42024b892
INFO  [14:57:11.903] [bbotk] Evaluating 1 configuration(s)
INFO  [14:59:23.851] [bbotk] Result of batch 16:
INFO  [14:59:23.864] [bbotk]      alpha colsample_bylevel colsample_bytree       eta      lambda max_depth
INFO  [14:59:23.864] [bbotk]  -5.725179         0.9100099        0.5835124 -4.650491 -0.06653276         7
INFO  [14:59:23.864] [bbotk]  nrounds subsample      acq_ei  x_domain .already_evaluated classif.bbrier
INFO  [14:59:23.864] [bbotk]     4150 0.3689106 0.007832698 <list[8]>              FALSE     0.04762752
INFO  [14:59:23.864] [bbotk]  warnings errors runtime_learners                                uhash
INFO  [14:59:23.864] [bbotk]         0      0          131.546 9a988a21-d63a-4b46-8361-ec5df95c74ac
INFO  [14:59:28.633] [bbotk] Evaluating 1 configuration(s)
INFO  [15:00:24.677] [bbotk] Result of batch 17:
INFO  [15:00:24.687] [bbotk]      alpha colsample_bylevel colsample_bytree       eta   lambda max_depth
INFO  [15:00:24.687] [bbotk]  0.1548514         0.4407865        0.6577176 -1.509515 3.215796        12
INFO  [15:00:24.687] [bbotk]  nrounds subsample      acq_ei  x_domain .already_evaluated classif.bbrier
INFO  [15:00:24.687] [bbotk]     3795 0.9431471 0.009071491 <list[8]>              FALSE     0.04456346
INFO  [15:00:24.687] [bbotk]  warnings errors runtime_learners                                uhash
INFO  [15:00:24.687] [bbotk]         0      0           55.774 c873dfdf-21a6-4eb1-8373-b809df96bf5a
INFO  [15:00:29.492] [bbotk] Evaluating 1 configuration(s)
INFO  [15:01:13.307] [bbotk] Result of batch 18:
INFO  [15:01:13.320] [bbotk]      alpha colsample_bylevel colsample_bytree       eta    lambda max_depth
INFO  [15:01:13.320] [bbotk]  -1.522025         0.7307974        0.5667184 -3.702034 -3.957497        11
INFO  [15:01:13.320] [bbotk]  nrounds subsample      acq_ei  x_domain .already_evaluated classif.bbrier
INFO  [15:01:13.320] [bbotk]     1042 0.6759098 0.009443213 <list[8]>              FALSE     0.04217419
INFO  [15:01:13.320] [bbotk]  warnings errors runtime_learners                                uhash
INFO  [15:01:13.320] [bbotk]         0      0           43.524 ba8f56b0-ac56-4d80-a813-983d6b431aa2
INFO  [15:01:18.505] [bbotk] Evaluating 1 configuration(s)
INFO  [15:05:49.317] [bbotk] Result of batch 19:
INFO  [15:05:49.338] [bbotk]      alpha colsample_bylevel colsample_bytree       eta    lambda max_depth
INFO  [15:05:49.338] [bbotk]  -2.045954         0.8309573        0.4128276 -7.271348 -6.845303        20
INFO  [15:05:49.338] [bbotk]  nrounds subsample      acq_ei  x_domain .already_evaluated classif.bbrier
INFO  [15:05:49.338] [bbotk]     4882 0.6766249 0.009697288 <list[8]>              FALSE      0.0577162
INFO  [15:05:49.338] [bbotk]  warnings errors runtime_learners                                uhash
INFO  [15:05:49.338] [bbotk]         0      0          270.319 2ce7c0c6-4223-4816-a113-f4fa3775e79a
INFO  [15:05:54.549] [bbotk] Evaluating 1 configuration(s)
INFO  [15:07:13.369] [bbotk] Result of batch 20:
INFO  [15:07:13.393] [bbotk]     alpha colsample_bylevel colsample_bytree       eta    lambda max_depth
INFO  [15:07:13.393] [bbotk]  0.986739         0.7453505         0.482907 -5.235517 -6.389647         8
INFO  [15:07:13.393] [bbotk]  nrounds subsample      acq_ei  x_domain .already_evaluated classif.bbrier
INFO  [15:07:13.393] [bbotk]     2117 0.9355972 0.009641332 <list[8]>              FALSE     0.04406645
INFO  [15:07:13.393] [bbotk]  warnings errors runtime_learners                                uhash
INFO  [15:07:13.393] [bbotk]         0      0           78.413 10262233-0500-4e76-b0a6-572f883c92b3
INFO  [15:07:19.280] [bbotk] Evaluating 1 configuration(s)
INFO  [15:07:35.164] [bbotk] Result of batch 21:
INFO  [15:07:35.174] [bbotk]      alpha colsample_bylevel colsample_bytree      eta    lambda max_depth
INFO  [15:07:35.174] [bbotk]  -3.895793          0.899028        0.5897923 -4.92363 -6.674301         1
INFO  [15:07:35.174] [bbotk]  nrounds subsample      acq_ei  x_domain .already_evaluated classif.bbrier
INFO  [15:07:35.174] [bbotk]     2042 0.1374983 0.007469421 <list[8]>              FALSE     0.08646685
INFO  [15:07:35.174] [bbotk]  warnings errors runtime_learners                                uhash
INFO  [15:07:35.174] [bbotk]         0      0           15.524 d8739e4a-e8c6-4230-a61e-f62d0ecda4f3
INFO  [15:07:41.164] [bbotk] Evaluating 1 configuration(s)
INFO  [15:08:34.944] [bbotk] Result of batch 22:
INFO  [15:08:34.951] [bbotk]      alpha colsample_bylevel colsample_bytree       eta    lambda max_depth
INFO  [15:08:34.951] [bbotk]  -6.244775         0.1404169        0.8561883 -3.099933 -5.395628         6
INFO  [15:08:34.951] [bbotk]  nrounds subsample      acq_ei  x_domain .already_evaluated classif.bbrier
INFO  [15:08:34.951] [bbotk]     4946 0.6184715 0.009056154 <list[8]>              FALSE      0.0546971
INFO  [15:08:34.951] [bbotk]  warnings errors runtime_learners                                uhash
INFO  [15:08:34.951] [bbotk]         0      0           53.359 48aab858-c3eb-4842-9f39-ec22fd18b224
WARN  [15:08:36.067] [mlr3] train: Stopped because hard maximum generation limit was hit.
INFO  [15:08:41.078] [bbotk] Evaluating 1 configuration(s)
INFO  [15:09:02.794] [bbotk] Result of batch 23:
INFO  [15:09:02.821] [bbotk]      alpha colsample_bylevel colsample_bytree       eta    lambda max_depth
INFO  [15:09:02.821] [bbotk]  -5.064506          0.420353        0.7471207 -2.119662 0.4258068        13
INFO  [15:09:02.821] [bbotk]  nrounds subsample     acq_ei  x_domain .already_evaluated classif.bbrier
INFO  [15:09:02.821] [bbotk]      660 0.6210966 0.01154223 <list[8]>              FALSE     0.04518152
INFO  [15:09:02.821] [bbotk]  warnings errors runtime_learners                                uhash
INFO  [15:09:02.821] [bbotk]         0      0           21.368 06ee94b8-67eb-455f-9be8-fc01eaa8ea7c
WARN  [15:09:04.107] [mlr3] train: Stopped because hard maximum generation limit was hit.
INFO  [15:09:08.821] [bbotk] Evaluating 1 configuration(s)
INFO  [15:12:02.561] [bbotk] Result of batch 24:
INFO  [15:12:02.571] [bbotk]      alpha colsample_bylevel colsample_bytree      eta   lambda max_depth
INFO  [15:12:02.571] [bbotk]  0.1331771         0.8307006        0.4779456 -5.93488 -4.52382        11
INFO  [15:12:02.571] [bbotk]  nrounds subsample      acq_ei  x_domain .already_evaluated classif.bbrier
INFO  [15:12:02.571] [bbotk]     3830 0.6976067 0.007809382 <list[8]>              FALSE     0.04458592
INFO  [15:12:02.571] [bbotk]  warnings errors runtime_learners                                uhash
INFO  [15:12:02.571] [bbotk]         0      0          173.471 ea00abf3-c79b-47c4-b7b3-b0d33f1cc5c6
INFO  [15:12:07.234] [bbotk] Evaluating 1 configuration(s)
INFO  [15:13:16.713] [bbotk] Result of batch 25:
INFO  [15:13:16.724] [bbotk]    alpha colsample_bylevel colsample_bytree       eta    lambda max_depth
INFO  [15:13:16.724] [bbotk]  1.97613         0.6772509        0.6731947 -3.935264 -1.962573         4
INFO  [15:13:16.724] [bbotk]  nrounds subsample      acq_ei  x_domain .already_evaluated classif.bbrier
INFO  [15:13:16.724] [bbotk]     4665 0.9081416 0.009720347 <list[8]>              FALSE     0.04527768
INFO  [15:13:16.724] [bbotk]  warnings errors runtime_learners                                uhash
INFO  [15:13:16.724] [bbotk]         0      0           69.157 afc54550-8d38-4a08-a16f-f71765aa8d8b
INFO  [15:13:23.665] [bbotk] Evaluating 1 configuration(s)
INFO  [15:16:13.319] [bbotk] Result of batch 26:
INFO  [15:16:13.329] [bbotk]      alpha colsample_bylevel colsample_bytree       eta     lambda max_depth
INFO  [15:16:13.329] [bbotk]  -3.863661         0.9143751        0.3540697 -5.214274 -0.9989698        20
INFO  [15:16:13.329] [bbotk]  nrounds subsample      acq_ei  x_domain .already_evaluated classif.bbrier
INFO  [15:16:13.329] [bbotk]     4946 0.5164878 0.008794276 <list[8]>              FALSE     0.05234281
INFO  [15:16:13.329] [bbotk]  warnings errors runtime_learners                                uhash
INFO  [15:16:13.329] [bbotk]         0      0          169.331 54e716c6-5698-43a4-9c09-67fa1f6fe76b
INFO  [15:16:19.298] [bbotk] Evaluating 1 configuration(s)
INFO  [15:17:32.619] [bbotk] Result of batch 27:
INFO  [15:17:32.630] [bbotk]     alpha colsample_bylevel colsample_bytree       eta    lambda max_depth
INFO  [15:17:32.630] [bbotk]  1.040811         0.4266977        0.8949198 -3.393617 -1.682867         9
INFO  [15:17:32.630] [bbotk]  nrounds subsample      acq_ei  x_domain .already_evaluated classif.bbrier
INFO  [15:17:32.630] [bbotk]     3536 0.8443455 0.006784228 <list[8]>              FALSE     0.04096958
INFO  [15:17:32.630] [bbotk]  warnings errors runtime_learners                                uhash
INFO  [15:17:32.630] [bbotk]         0      0           72.846 964e71eb-8186-4fd2-9baa-949772cfde3f
WARN  [15:17:34.151] [mlr3] train: Stopped because hard maximum generation limit was hit.
INFO  [15:17:38.546] [bbotk] Evaluating 1 configuration(s)
INFO  [15:17:42.117] [bbotk] Result of batch 28:
INFO  [15:17:42.127] [bbotk]      alpha colsample_bylevel colsample_bytree       eta   lambda max_depth
INFO  [15:17:42.127] [bbotk]  -2.880339         0.8736382         0.726212 -1.945504 -1.61082         6
INFO  [15:17:42.127] [bbotk]  nrounds subsample      acq_ei  x_domain .already_evaluated classif.bbrier
INFO  [15:17:42.127] [bbotk]       17 0.9326529 0.006224841 <list[8]>              FALSE     0.04566028
INFO  [15:17:42.127] [bbotk]  warnings errors runtime_learners                                uhash
INFO  [15:17:42.127] [bbotk]         0      0            3.317 ecdef05a-d711-48a6-994c-5b7e5112ef6b
INFO  [15:17:47.307] [bbotk] Evaluating 1 configuration(s)
INFO  [15:19:06.375] [bbotk] Result of batch 29:
INFO  [15:19:06.386] [bbotk]      alpha colsample_bylevel colsample_bytree       eta    lambda max_depth
INFO  [15:19:06.386] [bbotk]  0.7436925         0.5950544        0.6342143 -4.263234 -2.284403        19
INFO  [15:19:06.386] [bbotk]  nrounds subsample      acq_ei  x_domain .already_evaluated classif.bbrier
INFO  [15:19:06.386] [bbotk]     2155 0.5412456 0.007209407 <list[8]>              FALSE     0.04426907
INFO  [15:19:06.386] [bbotk]  warnings errors runtime_learners                                uhash
INFO  [15:19:06.386] [bbotk]         0      0           78.783 27cdf296-e742-4e00-b537-1a8041cbae1f
INFO  [15:19:12.903] [bbotk] Evaluating 1 configuration(s)
INFO  [15:21:09.871] [bbotk] Result of batch 30:
INFO  [15:21:09.884] [bbotk]      alpha colsample_bylevel colsample_bytree       eta    lambda max_depth
INFO  [15:21:09.884] [bbotk]  -6.797693         0.5492226        0.5053528 -4.581169 -5.682755         8
INFO  [15:21:09.884] [bbotk]  nrounds subsample      acq_ei  x_domain .already_evaluated classif.bbrier
INFO  [15:21:09.884] [bbotk]     4643 0.6765619 0.006237515 <list[8]>              FALSE     0.04640717
INFO  [15:21:09.884] [bbotk]  warnings errors runtime_learners                                uhash
INFO  [15:21:09.884] [bbotk]         0      0          116.643 d83a87a2-1598-403f-accb-4abe64d0254b
WARN  [15:21:10.868] [mlr3] train: Stopped because hard maximum generation limit was hit.
INFO  [15:21:15.760] [bbotk] Evaluating 1 configuration(s)
INFO  [15:22:13.848] [bbotk] Result of batch 31:
INFO  [15:22:13.858] [bbotk]      alpha colsample_bylevel colsample_bytree      eta    lambda max_depth
INFO  [15:22:13.858] [bbotk]  -6.646283         0.4575895         0.522818 -3.06791 -5.902181        13
INFO  [15:22:13.858] [bbotk]  nrounds subsample      acq_ei  x_domain .already_evaluated classif.bbrier
INFO  [15:22:13.858] [bbotk]     3341 0.6658644 0.006457188 <list[8]>              FALSE     0.05004372
INFO  [15:22:13.858] [bbotk]  warnings errors runtime_learners                                uhash
INFO  [15:22:13.858] [bbotk]         0      0           57.848 e9d1142d-4740-48d0-8254-4bc88069cfd5
INFO  [15:22:19.810] [bbotk] Evaluating 1 configuration(s)
INFO  [15:23:35.029] [bbotk] Result of batch 32:
INFO  [15:23:35.050] [bbotk]      alpha colsample_bylevel colsample_bytree       eta     lambda max_depth
INFO  [15:23:35.050] [bbotk]  0.9379508         0.7845544        0.6718489 -2.290982 -0.7389179         5
INFO  [15:23:35.050] [bbotk]  nrounds subsample     acq_ei  x_domain .already_evaluated classif.bbrier
INFO  [15:23:35.050] [bbotk]     4808 0.9001877 0.00673563 <list[8]>              FALSE     0.04293786
INFO  [15:23:35.050] [bbotk]  warnings errors runtime_learners                                uhash
INFO  [15:23:35.050] [bbotk]         0      0           74.882 80740a62-b966-46dc-b13b-44f416cc4b9c
INFO  [15:23:40.180] [bbotk] Evaluating 1 configuration(s)
INFO  [15:24:00.656] [bbotk] Result of batch 33:
INFO  [15:24:00.665] [bbotk]     alpha colsample_bylevel colsample_bytree       eta     lambda max_depth
INFO  [15:24:00.665] [bbotk]  1.501477          0.672874        0.6123093 -3.182177 -0.7354602        16
INFO  [15:24:00.665] [bbotk]  nrounds subsample      acq_ei  x_domain .already_evaluated classif.bbrier
INFO  [15:24:00.665] [bbotk]      357 0.8318453 0.005761127 <list[8]>              FALSE     0.04461857
INFO  [15:24:00.665] [bbotk]  warnings errors runtime_learners                                uhash
INFO  [15:24:00.665] [bbotk]         0      0           20.242 de3594a8-798f-434a-97f9-d0340f84b51f
INFO  [15:24:09.239] [bbotk] Evaluating 1 configuration(s)
INFO  [15:24:43.795] [bbotk] Result of batch 34:
INFO  [15:24:43.803] [bbotk]      alpha colsample_bylevel colsample_bytree       eta    lambda max_depth
INFO  [15:24:43.803] [bbotk]  0.5295943         0.3680109         0.781922 -2.065172 -3.412667         1
INFO  [15:24:43.803] [bbotk]  nrounds subsample      acq_ei  x_domain .already_evaluated classif.bbrier
INFO  [15:24:43.803] [bbotk]     4676 0.7942855 0.005679819 <list[8]>              FALSE     0.08999882
INFO  [15:24:43.803] [bbotk]  warnings errors runtime_learners                                uhash
INFO  [15:24:43.803] [bbotk]         0      0           34.283 9d7dd896-5b29-4f22-bc92-5073ccbc3c43
INFO  [15:24:50.793] [bbotk] Evaluating 1 configuration(s)
INFO  [15:25:50.876] [bbotk] Result of batch 35:
INFO  [15:25:50.905] [bbotk]     alpha colsample_bylevel colsample_bytree       eta    lambda max_depth
INFO  [15:25:50.905] [bbotk]  2.214875         0.8297301        0.8294091 -2.164761 0.4899738        17
INFO  [15:25:50.905] [bbotk]  nrounds subsample     acq_ei  x_domain .already_evaluated classif.bbrier
INFO  [15:25:50.905] [bbotk]     4501 0.9394207 0.01289792 <list[8]>              FALSE     0.04657191
INFO  [15:25:50.905] [bbotk]  warnings errors runtime_learners                                uhash
INFO  [15:25:50.905] [bbotk]         0      0            59.68 4a32079a-cedf-4b1a-ba66-b135f08adba3
WARN  [15:25:52.120] [mlr3] train: Stopped because hard maximum generation limit was hit.
INFO  [15:25:56.911] [bbotk] Evaluating 1 configuration(s)
INFO  [15:26:46.129] [bbotk] Result of batch 36:
INFO  [15:26:46.137] [bbotk]      alpha colsample_bylevel colsample_bytree       eta    lambda max_depth
INFO  [15:26:46.137] [bbotk]  0.6538407         0.7031618        0.8450901 -2.503096 -3.044093        10
INFO  [15:26:46.137] [bbotk]  nrounds subsample      acq_ei  x_domain .already_evaluated classif.bbrier
INFO  [15:26:46.137] [bbotk]     1449 0.7290869 0.008814731 <list[8]>              FALSE     0.04147934
INFO  [15:26:46.137] [bbotk]  warnings errors runtime_learners                                uhash
INFO  [15:26:46.137] [bbotk]         0      0            48.92 8c969e21-1889-487d-a39e-730bcefe493d
INFO  [15:26:51.426] [bbotk] Evaluating 1 configuration(s)
INFO  [15:28:13.385] [bbotk] Result of batch 37:
INFO  [15:28:13.398] [bbotk]     alpha colsample_bylevel colsample_bytree      eta    lambda max_depth
INFO  [15:28:13.398] [bbotk]  1.158436         0.6955447        0.7798841 -3.74255 -1.496486        17
INFO  [15:28:13.398] [bbotk]  nrounds subsample      acq_ei  x_domain .already_evaluated classif.bbrier
INFO  [15:28:13.398] [bbotk]     2937 0.9731167 0.009346558 <list[8]>              FALSE     0.04142485
INFO  [15:28:13.398] [bbotk]  warnings errors runtime_learners                                uhash
INFO  [15:28:13.398] [bbotk]         0      0           81.614 80ff8dd7-0e3e-406f-a51e-394734734a91
INFO  [15:28:19.542] [bbotk] Evaluating 1 configuration(s)
INFO  [15:28:50.620] [bbotk] Result of batch 38:
INFO  [15:28:50.629] [bbotk]     alpha colsample_bylevel colsample_bytree       eta    lambda max_depth
INFO  [15:28:50.629] [bbotk]  2.336821         0.7523557        0.5075853 -3.208436 -5.902639        11
INFO  [15:28:50.629] [bbotk]  nrounds subsample      acq_ei  x_domain .already_evaluated classif.bbrier
INFO  [15:28:50.629] [bbotk]     2349 0.9605426 0.007558027 <list[8]>              FALSE     0.05102237
INFO  [15:28:50.629] [bbotk]  warnings errors runtime_learners                                uhash
INFO  [15:28:50.629] [bbotk]         0      0           30.829 5e5983f2-6efc-4c71-a796-b9cb4e40583d
WARN  [15:28:51.675] [mlr3] train: Stopped because hard maximum generation limit was hit.
INFO  [15:28:56.140] [bbotk] Evaluating 1 configuration(s)
INFO  [15:29:52.598] [bbotk] Result of batch 39:
INFO  [15:29:52.620] [bbotk]       alpha colsample_bylevel colsample_bytree       eta     lambda max_depth
INFO  [15:29:52.620] [bbotk]  -0.9312678         0.8612599        0.8131611 -2.802182 -0.3175595        11
INFO  [15:29:52.620] [bbotk]  nrounds subsample      acq_ei  x_domain .already_evaluated classif.bbrier
INFO  [15:29:52.620] [bbotk]      984 0.9446576 0.006563378 <list[8]>              FALSE     0.03984107
INFO  [15:29:52.620] [bbotk]  warnings errors runtime_learners                                uhash
INFO  [15:29:52.620] [bbotk]         0      0           55.994 b58dac5d-1b3d-4304-9254-cb7960d64135
WARN  [15:29:54.738] [mlr3] train: Stopped because hard maximum generation limit was hit.
INFO  [15:29:59.004] [bbotk] Evaluating 1 configuration(s)
INFO  [15:30:43.361] [bbotk] Result of batch 40:
INFO  [15:30:43.385] [bbotk]      alpha colsample_bylevel colsample_bytree       eta    lambda max_depth
INFO  [15:30:43.385] [bbotk]  -2.047934         0.6191387        0.6779971 -1.973957 -2.092107        13
INFO  [15:30:43.385] [bbotk]  nrounds subsample      acq_ei  x_domain .already_evaluated classif.bbrier
INFO  [15:30:43.385] [bbotk]     1727 0.8997937 0.006646805 <list[8]>              FALSE     0.04338279
INFO  [15:30:43.385] [bbotk]  warnings errors runtime_learners                                uhash
INFO  [15:30:43.385] [bbotk]         0      0           43.827 7e4f152b-491b-4ccf-8555-629e57600e22
INFO  [15:30:49.090] [bbotk] Evaluating 1 configuration(s)
INFO  [15:33:52.336] [bbotk] Result of batch 41:
INFO  [15:33:52.346] [bbotk]      alpha colsample_bylevel colsample_bytree       eta   lambda max_depth
INFO  [15:33:52.346] [bbotk]  -2.812919         0.5432042        0.7568154 -4.142196 1.302801        12
INFO  [15:33:52.346] [bbotk]  nrounds subsample      acq_ei  x_domain .already_evaluated classif.bbrier
INFO  [15:33:52.346] [bbotk]     4401 0.7921769 0.006407183 <list[8]>              FALSE     0.04215896
INFO  [15:33:52.346] [bbotk]  warnings errors runtime_learners                                uhash
INFO  [15:33:52.346] [bbotk]         0      0          182.977 8cc34bbc-b46e-4b4f-8c57-81575417915c
INFO  [15:33:59.370] [bbotk] Evaluating 1 configuration(s)
INFO  [15:35:28.222] [bbotk] Result of batch 42:
INFO  [15:35:28.232] [bbotk]     alpha colsample_bylevel colsample_bytree       eta   lambda max_depth
INFO  [15:35:28.232] [bbotk]  1.323103         0.6083224        0.6912195 -2.442553 3.787356        13
INFO  [15:35:28.232] [bbotk]  nrounds subsample      acq_ei  x_domain .already_evaluated classif.bbrier
INFO  [15:35:28.232] [bbotk]     4322 0.9653121 0.006387688 <list[8]>              FALSE     0.04517721
INFO  [15:35:28.232] [bbotk]  warnings errors runtime_learners                                uhash
INFO  [15:35:28.232] [bbotk]         0      0           88.527 22d655ca-b85a-464a-8282-5e70acf8c299
INFO  [15:35:35.960] [bbotk] Evaluating 1 configuration(s)
INFO  [15:36:34.179] [bbotk] Result of batch 43:
INFO  [15:36:34.197] [bbotk]     alpha colsample_bylevel colsample_bytree       eta    lambda max_depth
INFO  [15:36:34.197] [bbotk]  0.990424         0.7647876         0.775014 -3.907511 -4.881694        13
INFO  [15:36:34.197] [bbotk]  nrounds subsample      acq_ei  x_domain .already_evaluated classif.bbrier
INFO  [15:36:34.197] [bbotk]      805 0.7697858 0.005950738 <list[8]>              FALSE     0.04145691
INFO  [15:36:34.197] [bbotk]  warnings errors runtime_learners                                uhash
INFO  [15:36:34.197] [bbotk]         0      0            57.88 623b578e-abdf-43e5-84fd-2252fc8eb70b
INFO  [15:36:39.730] [bbotk] Evaluating 1 configuration(s)
INFO  [15:38:09.264] [bbotk] Result of batch 44:
INFO  [15:38:09.275] [bbotk]      alpha colsample_bylevel colsample_bytree       eta    lambda max_depth
INFO  [15:38:09.275] [bbotk]  -6.905688         0.3160926        0.7996982 -3.636555 0.5818951        12
INFO  [15:38:09.275] [bbotk]  nrounds subsample      acq_ei  x_domain .already_evaluated classif.bbrier
INFO  [15:38:09.275] [bbotk]     3885 0.4774798 0.006063367 <list[8]>              FALSE      0.0487322
INFO  [15:38:09.275] [bbotk]  warnings errors runtime_learners                                uhash
INFO  [15:38:09.275] [bbotk]         0      0           89.237 25463577-f75a-4eef-b82a-bd924e44d692
INFO  [15:38:15.821] [bbotk] Evaluating 1 configuration(s)
INFO  [15:38:38.103] [bbotk] Result of batch 45:
INFO  [15:38:38.117] [bbotk]      alpha colsample_bylevel colsample_bytree       eta    lambda max_depth
INFO  [15:38:38.117] [bbotk]  -3.926246         0.3805912        0.8949985 -2.036543 -1.560131         8
INFO  [15:38:38.117] [bbotk]  nrounds subsample      acq_ei  x_domain .already_evaluated classif.bbrier
INFO  [15:38:38.117] [bbotk]      767 0.8170432 0.005638903 <list[8]>              FALSE     0.04408714
INFO  [15:38:38.117] [bbotk]  warnings errors runtime_learners                                uhash
INFO  [15:38:38.117] [bbotk]         0      0           21.656 89368c92-8b94-4e07-8055-ca45ad16d6bd
INFO  [15:38:43.614] [bbotk] Evaluating 1 configuration(s)
INFO  [15:43:31.157] [bbotk] Result of batch 46:
INFO  [15:43:31.167] [bbotk]     alpha colsample_bylevel colsample_bytree        eta   lambda max_depth
INFO  [15:43:31.167] [bbotk]  0.698465          0.903642        0.8985137 -0.6158386 6.381063         9
INFO  [15:43:31.167] [bbotk]  nrounds subsample     acq_ei  x_domain .already_evaluated classif.bbrier
INFO  [15:43:31.167] [bbotk]     4648 0.8689478 0.00468824 <list[8]>              FALSE     0.04722745
INFO  [15:43:31.167] [bbotk]  warnings errors runtime_learners                                uhash
INFO  [15:43:31.167] [bbotk]         0      0           287.18 f166f0b9-02d6-461e-be46-3e735ea94a13
WARN  [15:43:33.965] [mlr3] train: Stopped because hard maximum generation limit was hit.
INFO  [15:43:39.664] [bbotk] Evaluating 1 configuration(s)
INFO  [15:46:32.110] [bbotk] Result of batch 47:
INFO  [15:46:32.121] [bbotk]     alpha colsample_bylevel colsample_bytree       eta    lambda max_depth
INFO  [15:46:32.121] [bbotk]  1.257814         0.9207544        0.8231528 -4.219923 -2.964634         9
INFO  [15:46:32.121] [bbotk]  nrounds subsample      acq_ei  x_domain .already_evaluated classif.bbrier
INFO  [15:46:32.121] [bbotk]     3896  0.909372 0.006273142 <list[8]>              FALSE     0.04158379
INFO  [15:46:32.121] [bbotk]  warnings errors runtime_learners                                uhash
INFO  [15:46:32.121] [bbotk]         0      0          171.989 dbda0564-b47e-488b-8b57-18f8b092ec1e
INFO  [15:46:39.781] [bbotk] Evaluating 1 configuration(s)
INFO  [15:50:27.096] [bbotk] Result of batch 48:
INFO  [15:50:27.139] [bbotk]      alpha colsample_bylevel colsample_bytree       eta    lambda max_depth
INFO  [15:50:27.139] [bbotk]  -4.009061         0.7863591        0.6019253 -5.486374 -1.711131        13
INFO  [15:50:27.139] [bbotk]  nrounds subsample      acq_ei  x_domain .already_evaluated classif.bbrier
INFO  [15:50:27.139] [bbotk]     4071 0.7417709 0.005129695 <list[8]>              FALSE     0.04145807
INFO  [15:50:27.139] [bbotk]  warnings errors runtime_learners                                uhash
INFO  [15:50:27.139] [bbotk]         0      0          226.964 4d458a2b-0ece-4c70-ab23-2eba5d2b488f
INFO  [15:50:34.576] [bbotk] Evaluating 1 configuration(s)
INFO  [15:55:48.307] [bbotk] Result of batch 49:
INFO  [15:55:48.318] [bbotk]      alpha colsample_bylevel colsample_bytree       eta  lambda max_depth
INFO  [15:55:48.318] [bbotk]  -2.373973         0.9116477        0.7294669 -1.458698 6.32365        14
INFO  [15:55:48.318] [bbotk]  nrounds subsample      acq_ei  x_domain .already_evaluated classif.bbrier
INFO  [15:55:48.318] [bbotk]     4667 0.5999877 0.004640065 <list[8]>              FALSE     0.05155059
INFO  [15:55:48.318] [bbotk]  warnings errors runtime_learners                                uhash
INFO  [15:55:48.318] [bbotk]         0      0          313.443 801357c5-b46e-4b7d-97bf-a80bbdf8b8a7
WARN  [15:55:50.012] [mlr3] train: Stopped because hard maximum generation limit was hit.
INFO  [15:55:54.704] [bbotk] Evaluating 1 configuration(s)
INFO  [15:56:30.313] [bbotk] Result of batch 50:
INFO  [15:56:30.336] [bbotk]      alpha colsample_bylevel colsample_bytree       eta    lambda max_depth
INFO  [15:56:30.336] [bbotk]  -2.869265         0.6135375        0.8306272 -2.155146 -2.044225        18
INFO  [15:56:30.336] [bbotk]  nrounds subsample     acq_ei  x_domain .already_evaluated classif.bbrier
INFO  [15:56:30.336] [bbotk]      859 0.9337476 0.00619358 <list[8]>              FALSE     0.04043262
INFO  [15:56:30.336] [bbotk]  warnings errors runtime_learners                                uhash
INFO  [15:56:30.336] [bbotk]         0      0           35.018 9581b461-3683-478e-8b2e-5badd5b68fad
INFO  [15:56:37.372] [bbotk] Evaluating 1 configuration(s)
INFO  [15:56:58.920] [bbotk] Result of batch 51:
INFO  [15:56:58.927] [bbotk]     alpha colsample_bylevel colsample_bytree       eta    lambda max_depth
INFO  [15:56:58.927] [bbotk]  1.234466         0.4470174        0.6597619 -2.917719 -5.597951         6
INFO  [15:56:58.927] [bbotk]  nrounds subsample      acq_ei  x_domain .already_evaluated classif.bbrier
INFO  [15:56:58.927] [bbotk]      682 0.7608515 0.007226323 <list[8]>              FALSE     0.04420703
INFO  [15:56:58.927] [bbotk]  warnings errors runtime_learners                                uhash
INFO  [15:56:58.927] [bbotk]         0      0           21.192 18ae584b-d7d1-43b4-ad13-047c3295bd99
INFO  [15:57:07.413] [bbotk] Evaluating 1 configuration(s)
INFO  [15:57:29.440] [bbotk] Result of batch 52:
INFO  [15:57:29.447] [bbotk]       alpha colsample_bylevel colsample_bytree       eta    lambda max_depth
INFO  [15:57:29.447] [bbotk]  -0.2678441         0.6897208        0.7878897 -2.449953 -4.184963        14
INFO  [15:57:29.447] [bbotk]  nrounds subsample      acq_ei  x_domain .already_evaluated classif.bbrier
INFO  [15:57:29.447] [bbotk]      327 0.7120593 0.004311846 <list[8]>              FALSE     0.04051346
INFO  [15:57:29.447] [bbotk]  warnings errors runtime_learners                                uhash
INFO  [15:57:29.447] [bbotk]         0      0           21.593 b6b32833-dba4-437a-9e6d-eb2c09afc034
INFO  [15:57:36.018] [bbotk] Evaluating 1 configuration(s)
INFO  [15:59:10.341] [bbotk] Result of batch 53:
INFO  [15:59:10.350] [bbotk]      alpha colsample_bylevel colsample_bytree        eta   lambda max_depth
INFO  [15:59:10.350] [bbotk]  0.9873398         0.4704139        0.8628841 -0.7020918 5.153524        20
INFO  [15:59:10.350] [bbotk]  nrounds subsample      acq_ei  x_domain .already_evaluated classif.bbrier
INFO  [15:59:10.350] [bbotk]     4053  0.936541 0.006091234 <list[8]>              FALSE     0.04674343
INFO  [15:59:10.350] [bbotk]  warnings errors runtime_learners                                uhash
INFO  [15:59:10.350] [bbotk]         0      0           93.764 b606f60e-bf48-4b26-a33f-7d3fa03cf8e6
INFO  [15:59:19.431] [bbotk] Evaluating 1 configuration(s)
INFO  [16:01:17.918] [bbotk] Result of batch 54:
INFO  [16:01:17.928] [bbotk]      alpha colsample_bylevel colsample_bytree       eta    lambda max_depth
INFO  [16:01:17.928] [bbotk]  0.8905884         0.6502879        0.6081315 -4.480977 -2.719268        10
INFO  [16:01:17.928] [bbotk]  nrounds subsample      acq_ei  x_domain .already_evaluated classif.bbrier
INFO  [16:01:17.928] [bbotk]     2708 0.8232723 0.004326952 <list[8]>              FALSE     0.04163562
INFO  [16:01:17.928] [bbotk]  warnings errors runtime_learners                                uhash
INFO  [16:01:17.928] [bbotk]         0      0          118.157 846704f1-5ccb-4f60-833f-eaab91d099de
INFO  [16:01:26.334] [bbotk] Evaluating 1 configuration(s)
INFO  [16:02:01.246] [bbotk] Result of batch 55:
INFO  [16:02:01.286] [bbotk]      alpha colsample_bylevel colsample_bytree       eta    lambda max_depth
INFO  [16:02:01.286] [bbotk]  -2.678196         0.6093625        0.7560719 -2.264692 0.4017303        11
INFO  [16:02:01.286] [bbotk]  nrounds subsample      acq_ei  x_domain .already_evaluated classif.bbrier
INFO  [16:02:01.286] [bbotk]      847 0.7649807 0.004040181 <list[8]>              FALSE     0.04261145
INFO  [16:02:01.286] [bbotk]  warnings errors runtime_learners                                uhash
INFO  [16:02:01.286] [bbotk]         0      0           34.508 956c269d-191c-4b52-8b49-ddcd62794a5e
WARN  [16:02:03.580] [mlr3] train: Stopped because hard maximum generation limit was hit.
INFO  [16:02:08.614] [bbotk] Evaluating 1 configuration(s)
INFO  [16:02:24.958] [bbotk] Result of batch 56:
INFO  [16:02:24.965] [bbotk]    alpha colsample_bylevel colsample_bytree      eta   lambda max_depth nrounds
INFO  [16:02:24.965] [bbotk]  1.27667         0.9672918        0.9161549 -3.08071 -5.16377         1     999
INFO  [16:02:24.965] [bbotk]  subsample      acq_ei  x_domain .already_evaluated classif.bbrier warnings
INFO  [16:02:24.965] [bbotk]  0.9807288 0.005987079 <list[8]>              FALSE     0.08402488        0
INFO  [16:02:24.965] [bbotk]  errors runtime_learners                                uhash
INFO  [16:02:24.965] [bbotk]       0           16.113 a0b62608-16a4-4448-af6c-461ba255aef5
INFO  [16:02:31.778] [bbotk] Evaluating 1 configuration(s)
INFO  [16:06:36.735] [bbotk] Result of batch 57:
INFO  [16:06:36.750] [bbotk]      alpha colsample_bylevel colsample_bytree       eta    lambda max_depth
INFO  [16:06:36.750] [bbotk]  0.4288355         0.9882346        0.5878639 -6.149504 -6.679811        19
INFO  [16:06:36.750] [bbotk]  nrounds subsample      acq_ei  x_domain .already_evaluated classif.bbrier
INFO  [16:06:36.750] [bbotk]     4040 0.4703985 0.006092836 <list[8]>              FALSE     0.04445071
INFO  [16:06:36.750] [bbotk]  warnings errors runtime_learners                                uhash
INFO  [16:06:36.750] [bbotk]         0      0          244.673 9a87535c-7850-40a4-8103-89d004bdeccf
INFO  [16:06:45.459] [bbotk] Evaluating 1 configuration(s)
INFO  [16:09:22.839] [bbotk] Result of batch 58:
INFO  [16:09:22.856] [bbotk]      alpha colsample_bylevel colsample_bytree       eta    lambda max_depth
INFO  [16:09:22.856] [bbotk]  -1.045317         0.2645095        0.8386373 -5.031741 -4.380938        15
INFO  [16:09:22.856] [bbotk]  nrounds subsample      acq_ei  x_domain .already_evaluated classif.bbrier
INFO  [16:09:22.856] [bbotk]     4939 0.8826423 0.005753028 <list[8]>              FALSE      0.0403285
INFO  [16:09:22.856] [bbotk]  warnings errors runtime_learners                                uhash
INFO  [16:09:22.856] [bbotk]         0      0           156.87 72386ff7-a4ad-45ff-91d3-3cee8e630e8a
WARN  [16:09:25.945] [mlr3] train: Stopped because hard maximum generation limit was hit.
INFO  [16:09:31.469] [bbotk] Evaluating 1 configuration(s)
INFO  [16:13:13.495] [bbotk] Result of batch 59:
INFO  [16:13:13.523] [bbotk]      alpha colsample_bylevel colsample_bytree       eta    lambda max_depth
INFO  [16:13:13.523] [bbotk]  0.6933515         0.6693228        0.9386721 -4.017316 -3.331135        13
INFO  [16:13:13.523] [bbotk]  nrounds subsample     acq_ei  x_domain .already_evaluated classif.bbrier
INFO  [16:13:13.523] [bbotk]     4616 0.8429829 0.00696589 <list[8]>              FALSE     0.04044665
INFO  [16:13:13.523] [bbotk]  warnings errors runtime_learners                                uhash
INFO  [16:13:13.523] [bbotk]         0      0          221.733 4a487ceb-f23d-41e9-89c5-874a0fbb6403
WARN  [16:13:19.412] [mlr3] train: Stopped because hard maximum generation limit was hit.
INFO  [16:13:25.080] [bbotk] Evaluating 1 configuration(s)
INFO  [16:15:32.823] [bbotk] Result of batch 60:
INFO  [16:15:32.841] [bbotk]      alpha colsample_bylevel colsample_bytree      eta   lambda max_depth
INFO  [16:15:32.841] [bbotk]  -1.228472         0.3609168        0.9003848 -1.27784 3.188167        14
INFO  [16:15:32.841] [bbotk]  nrounds subsample      acq_ei  x_domain .already_evaluated classif.bbrier
INFO  [16:15:32.841] [bbotk]     4825 0.9306316 0.005407629 <list[8]>              FALSE     0.04443018
INFO  [16:15:32.841] [bbotk]  warnings errors runtime_learners                                uhash
INFO  [16:15:32.841] [bbotk]         0      0          127.259 33b87734-257e-43c1-a06a-85b13e4d0d8d
INFO  [16:15:43.563] [bbotk] Evaluating 1 configuration(s)
INFO  [16:15:48.469] [bbotk] Result of batch 61:
INFO  [16:15:48.507] [bbotk]     alpha colsample_bylevel colsample_bytree       eta    lambda max_depth
INFO  [16:15:48.507] [bbotk]  -3.25913         0.1730251        0.5035115 -1.887605 -1.739083        20
INFO  [16:15:48.507] [bbotk]  nrounds subsample      acq_ei  x_domain .already_evaluated classif.bbrier
INFO  [16:15:48.507] [bbotk]       23 0.6821995 0.005090993 <list[8]>              FALSE     0.07352978
INFO  [16:15:48.507] [bbotk]  warnings errors runtime_learners                                uhash
INFO  [16:15:48.507] [bbotk]         0      0            4.267 68e671a7-abe6-4745-8049-7a1f99816864
INFO  [16:15:57.897] [bbotk] Evaluating 1 configuration(s)
INFO  [16:16:46.178] [bbotk] Result of batch 62:
INFO  [16:16:46.202] [bbotk]      alpha colsample_bylevel colsample_bytree      eta   lambda max_depth
INFO  [16:16:46.202] [bbotk]  -5.581463         0.6753649        0.4265216 -2.98366 2.670064         7
INFO  [16:16:46.202] [bbotk]  nrounds subsample      acq_ei  x_domain .already_evaluated classif.bbrier
INFO  [16:16:46.202] [bbotk]     1291 0.8799012 0.005718603 <list[8]>              FALSE     0.04607896
INFO  [16:16:46.202] [bbotk]  warnings errors runtime_learners                                uhash
INFO  [16:16:46.202] [bbotk]         0      0           47.913 028417f9-0e71-4ba6-a3c9-a77f8191dc59
WARN  [16:16:51.316] [mlr3] train: Stopped because hard maximum generation limit was hit.
INFO  [16:16:56.828] [bbotk] Evaluating 1 configuration(s)
INFO  [16:17:41.880] [bbotk] Result of batch 63:
INFO  [16:17:41.888] [bbotk]      alpha colsample_bylevel colsample_bytree       eta    lambda max_depth
INFO  [16:17:41.888] [bbotk]  -5.827283         0.5254575        0.7789439 -2.141871 -4.359212         8
INFO  [16:17:41.888] [bbotk]  nrounds subsample      acq_ei  x_domain .already_evaluated classif.bbrier
INFO  [16:17:41.888] [bbotk]     1231 0.9810943 0.004736787 <list[8]>              FALSE      0.0431142
INFO  [16:17:41.888] [bbotk]  warnings errors runtime_learners                                uhash
INFO  [16:17:41.888] [bbotk]         0      0           44.631 39fbc027-6c72-4e6f-8bdb-a0ab095f54e4
WARN  [16:17:44.666] [mlr3] train: Stopped because hard maximum generation limit was hit.
INFO  [16:17:51.846] [bbotk] Evaluating 1 configuration(s)
INFO  [16:22:02.393] [bbotk] Result of batch 64:
INFO  [16:22:02.404] [bbotk]       alpha colsample_bylevel colsample_bytree       eta    lambda max_depth
INFO  [16:22:02.404] [bbotk]  -0.8397814         0.6724878        0.6960632 -4.971556 -2.680413        16
INFO  [16:22:02.404] [bbotk]  nrounds subsample      acq_ei  x_domain .already_evaluated classif.bbrier
INFO  [16:22:02.404] [bbotk]     4640  0.892932 0.006223394 <list[8]>              FALSE       0.039625
INFO  [16:22:02.404] [bbotk]  warnings errors runtime_learners                                uhash
INFO  [16:22:02.404] [bbotk]         0      0          250.293 1dd62f29-5103-4834-a5ca-36d65f55b839
WARN  [16:22:04.365] [mlr3] train: Stopped because hard maximum generation limit was hit.
INFO  [16:22:10.794] [bbotk] Evaluating 1 configuration(s)
INFO  [16:24:32.485] [bbotk] Result of batch 65:
INFO  [16:24:32.495] [bbotk]      alpha colsample_bylevel colsample_bytree       eta    lambda max_depth
INFO  [16:24:32.495] [bbotk]  -4.145245         0.6915794        0.5387573 -5.786744 -2.250645        15
INFO  [16:24:32.495] [bbotk]  nrounds subsample      acq_ei  x_domain .already_evaluated classif.bbrier
INFO  [16:24:32.495] [bbotk]     4427 0.2619956 0.005063758 <list[8]>              FALSE     0.05047043
INFO  [16:24:32.495] [bbotk]  warnings errors runtime_learners                                uhash
INFO  [16:24:32.495] [bbotk]         0      0          141.418 30c44205-479f-4d2a-a3ae-e6155d3c0977
WARN  [16:24:36.540] [mlr3] train: Stopped because hard maximum generation limit was hit.
INFO  [16:24:43.268] [bbotk] Evaluating 1 configuration(s)
INFO  [16:26:03.992] [bbotk] Result of batch 66:
INFO  [16:26:04.006] [bbotk]      alpha colsample_bylevel colsample_bytree       eta    lambda max_depth
INFO  [16:26:04.006] [bbotk]  -4.767245         0.2344745        0.7023173 -3.591392 -1.755541        11
INFO  [16:26:04.006] [bbotk]  nrounds subsample      acq_ei  x_domain .already_evaluated classif.bbrier
INFO  [16:26:04.006] [bbotk]     3740 0.9094525 0.005593255 <list[8]>              FALSE     0.04588431
INFO  [16:26:04.006] [bbotk]  warnings errors runtime_learners                                uhash
INFO  [16:26:04.006] [bbotk]         0      0           80.119 86141dc0-9910-4788-969f-7bacc82bb4f9
WARN  [16:26:06.734] [mlr3] train: Stopped because hard maximum generation limit was hit.
INFO  [16:26:11.641] [bbotk] Evaluating 1 configuration(s)
INFO  [16:27:02.595] [bbotk] Result of batch 67:
INFO  [16:27:02.612] [bbotk]      alpha colsample_bylevel colsample_bytree       eta    lambda max_depth
INFO  [16:27:02.612] [bbotk]  0.3287386         0.6770244        0.9097363 -2.409565 -5.022219        17
INFO  [16:27:02.612] [bbotk]  nrounds subsample    acq_ei  x_domain .already_evaluated classif.bbrier
INFO  [16:27:02.612] [bbotk]     1363 0.9492486 0.0054728 <list[8]>              FALSE     0.04028939
INFO  [16:27:02.612] [bbotk]  warnings errors runtime_learners                                uhash
INFO  [16:27:02.612] [bbotk]         0      0           50.644 2710bd0c-6d32-4b0f-a952-f67a9fbbf438
WARN  [16:27:07.741] [mlr3] train: Stopped because hard maximum generation limit was hit.
INFO  [16:27:13.640] [bbotk] Evaluating 1 configuration(s)
INFO  [16:29:38.298] [bbotk] Result of batch 68:
INFO  [16:29:38.308] [bbotk]     alpha colsample_bylevel colsample_bytree       eta   lambda max_depth
INFO  [16:29:38.308] [bbotk]  1.370274         0.3683049        0.7109534 -5.218067 -5.43034        10
INFO  [16:29:38.308] [bbotk]  nrounds subsample      acq_ei  x_domain .already_evaluated classif.bbrier
INFO  [16:29:38.308] [bbotk]     4875 0.9596375 0.006594813 <list[8]>              FALSE     0.04284255
INFO  [16:29:38.308] [bbotk]  warnings errors runtime_learners                                uhash
INFO  [16:29:38.308] [bbotk]         0      0          144.239 805b9e24-abf1-4c2e-b0fd-1a420e54d15d
INFO  [16:29:46.553] [bbotk] Evaluating 1 configuration(s)
INFO  [16:33:19.211] [bbotk] Result of batch 69:
INFO  [16:33:19.242] [bbotk]      alpha colsample_bylevel colsample_bytree       eta  lambda max_depth
INFO  [16:33:19.242] [bbotk]  0.1217584         0.5752588          0.98775 -1.611824 4.62939        20
INFO  [16:33:19.242] [bbotk]  nrounds subsample      acq_ei  x_domain .already_evaluated classif.bbrier
INFO  [16:33:19.242] [bbotk]     4940  0.964851 0.004533617 <list[8]>              FALSE      0.0435141
INFO  [16:33:19.242] [bbotk]  warnings errors runtime_learners                                uhash
INFO  [16:33:19.242] [bbotk]         0      0          212.404 45443b61-7b5f-49cd-b6f0-93aa05a08163
WARN  [16:33:23.458] [mlr3] train: Stopped because hard maximum generation limit was hit.
INFO  [16:33:23.654] [bbotk] Finished optimizing after 100 evaluation(s)
INFO  [16:33:23.662] [bbotk] Result:
INFO  [16:33:23.702] [bbotk]       alpha colsample_bylevel colsample_bytree       eta    lambda max_depth
INFO  [16:33:23.702] [bbotk]       <num>             <num>            <num>     <num>     <num>     <int>
INFO  [16:33:23.702] [bbotk]  -0.8397814         0.6724878        0.6960632 -4.971556 -2.680413        16
INFO  [16:33:23.702] [bbotk]  nrounds subsample learner_param_vals  x_domain classif.bbrier
INFO  [16:33:23.702] [bbotk]    <int>     <num>             <list>    <list>          <num>
INFO  [16:33:23.702] [bbotk]     4640  0.892932         <list[10]> <list[8]>       0.039625

### [bt]: Job terminated successfully [batchtools job.id=3553]
### [bt]: Calculation finished!
