### [bt]: This is batchtools v0.9.17
### [bt]: Starting calculation of 1 jobs
### [bt]: Setting working directory to '/content/drive/MyDrive/GitHub/Mater_Thesis_Calibration'
ece.R :
Friedmann_tasks.R :
Functions.R :
ici.R :
mse_feature_effects.R :
PipeOpCalibration_TuningExperiment.R :
PipeOpCalibration.R :
PipeOpCalibrationUnion.R :
### [bt]: Memory measurement disabled
### [bt]: Starting job [batchtools job.id=2659]
### [bt]: Generating problem instance for problem '0ecb79b078d7aa0a' ...
### [bt]: Applying algorithm 'run_learner' on problem '0ecb79b078d7aa0a' for job 2659 (seed = 2782) ...
INFO  [12:12:16.987] [mlr3] Applying learner 'ranger TbC isotonic' on task 'PhishingWebsites' (iter 9/10)
INFO  [12:12:18.036] [bbotk] Starting to optimize 4 parameter(s) with '<OptimizerMbo>' and '<TerminatorEvals> [n_evals=100, k=0]'
INFO  [12:12:19.145] [bbotk] Evaluating 16 configuration(s)
INFO  [12:21:49.703] [bbotk] Result of batch 1:
INFO  [12:21:49.711] [bbotk]  mtry.ratio num.trees replace sample.fraction classif.bbrier warnings errors
INFO  [12:21:49.711] [bbotk]  0.28064302       851    TRUE       0.8880713     0.02821560        0      0
INFO  [12:21:49.711] [bbotk]  0.78064305      1851   FALSE       0.4380712     0.03132935        0      0
INFO  [12:21:49.711] [bbotk]  0.53064305       351    TRUE       0.6630713     0.02920789        0      0
INFO  [12:21:49.711] [bbotk]  0.03064302      1351   FALSE       0.2130712     0.13133731        0      0
INFO  [12:21:49.711] [bbotk]  0.90564305       601   FALSE       0.3255712     0.03402005        0      0
INFO  [12:21:49.711] [bbotk]  0.40564302      1601    TRUE       0.7755713     0.02833956        0      0
INFO  [12:21:49.711] [bbotk]  0.15564302       101   FALSE       0.1005712     0.05149099        0      0
INFO  [12:21:49.711] [bbotk]  0.65564305      1101    TRUE       0.5505713     0.03033052        0      0
INFO  [12:21:49.711] [bbotk]  0.71814305       976   FALSE       0.8318213     0.02711792        0      0
INFO  [12:21:49.711] [bbotk]  0.21814302      1976    TRUE       0.3818212     0.03556399        0      0
INFO  [12:21:49.711] [bbotk]  0.46814302       476   FALSE       0.6068213     0.02883661        0      0
INFO  [12:21:49.711] [bbotk]  0.96814305      1476    TRUE       0.1568212     0.03983573        0      0
INFO  [12:21:49.711] [bbotk]  0.34314302      1226   FALSE       0.7193213     0.02793834        0      0
INFO  [12:21:49.711] [bbotk]  0.84314305       226    TRUE       0.2693212     0.03585138        0      0
INFO  [12:21:49.711] [bbotk]  0.09314302       726    TRUE       0.4943212     0.04571881        0      0
INFO  [12:21:49.711] [bbotk]  0.59314305      1726   FALSE       0.9443213     0.02610154        0      0
INFO  [12:21:49.711] [bbotk]  runtime_learners                                uhash
INFO  [12:21:49.711] [bbotk]            43.133 8c0b43f1-d2c5-4084-9440-e380e54df7ca
INFO  [12:21:49.711] [bbotk]            72.373 391e7e77-8ae8-4ff1-9510-1deae43dd526
INFO  [12:21:49.711] [bbotk]            14.296 c5476275-94b3-40c7-82c9-71b581152c28
INFO  [12:21:49.711] [bbotk]            20.971 38a5d6fa-5fee-468e-bd13-859760fc7ef1
INFO  [12:21:49.711] [bbotk]            20.527 1a26cfeb-3c15-487e-92a8-c2e98aa8d58d
INFO  [12:21:49.711] [bbotk]            61.698 7de34be3-75a0-4663-b3b2-878012b9fcac
INFO  [12:21:49.711] [bbotk]             2.348 545f5c7a-7b4a-45b5-b3f8-049e5624c905
INFO  [12:21:49.711] [bbotk]            37.741 c1c7cd27-79c2-402c-9cbc-575077b44a9d
INFO  [12:21:49.711] [bbotk]            46.204 6e9f31d6-4caf-4be1-8885-8359ce15783c
INFO  [12:21:49.711] [bbotk]            50.369 daa2ce01-c2ed-4114-9011-21789af21e9c
INFO  [12:21:49.711] [bbotk]            17.063 0c6bc72c-664e-42d9-b00d-cb60ceaf3e63
INFO  [12:21:49.711] [bbotk]            30.793 0f3f58d0-c522-4c65-9357-1660734a4ddb
INFO  [12:21:49.711] [bbotk]            41.644 d3bbd26b-3176-496f-9b64-53dbcfb230e9
INFO  [12:21:49.711] [bbotk]             5.810 88110276-e800-4b03-8d86-330b03b6c071
INFO  [12:21:49.711] [bbotk]            18.155 b28ef4e3-35a5-4b45-adbf-7b75adb4decc
INFO  [12:21:49.711] [bbotk]            83.009 a3761a4e-2984-455e-84fa-e51c39d96f60
INFO  [12:21:53.552] [bbotk] Evaluating 1 configuration(s)
INFO  [12:23:07.375] [bbotk] Result of batch 2:
INFO  [12:23:07.383] [bbotk]  mtry.ratio num.trees replace sample.fraction      acq_ei  x_domain
INFO  [12:23:07.383] [bbotk]   0.7463568      1339   FALSE       0.9249319 0.001598871 <list[4]>
INFO  [12:23:07.383] [bbotk]  .already_evaluated classif.bbrier warnings errors runtime_learners
INFO  [12:23:07.383] [bbotk]               FALSE     0.02701501        0      0           73.537
INFO  [12:23:07.383] [bbotk]                                 uhash
INFO  [12:23:07.383] [bbotk]  4893c213-2436-4918-b42e-6ce2ef1c294c
INFO  [12:23:10.887] [bbotk] Evaluating 1 configuration(s)
INFO  [12:23:33.308] [bbotk] Result of batch 3:
INFO  [12:23:33.330] [bbotk]  mtry.ratio num.trees replace sample.fraction     acq_ei  x_domain
INFO  [12:23:33.330] [bbotk]  0.01459247      1363   FALSE       0.9562156 0.00179812 <list[4]>
INFO  [12:23:33.330] [bbotk]  .already_evaluated classif.bbrier warnings errors runtime_learners
INFO  [12:23:33.330] [bbotk]               FALSE      0.1214923        0      0            22.05
INFO  [12:23:33.330] [bbotk]                                 uhash
INFO  [12:23:33.330] [bbotk]  6f401b7a-e192-4a91-a7c0-0ea3a9bb8fd9
INFO  [12:23:36.731] [bbotk] Evaluating 1 configuration(s)
INFO  [12:24:06.008] [bbotk] Result of batch 4:
INFO  [12:24:06.039] [bbotk]  mtry.ratio num.trees replace sample.fraction      acq_ei  x_domain
INFO  [12:24:06.039] [bbotk]  0.06993574       968   FALSE        0.772945 0.004524215 <list[4]>
INFO  [12:24:06.039] [bbotk]  .already_evaluated classif.bbrier warnings errors runtime_learners
INFO  [12:24:06.039] [bbotk]               FALSE     0.04044506        0      0           28.868
INFO  [12:24:06.039] [bbotk]                                 uhash
INFO  [12:24:06.039] [bbotk]  e49386a3-fbad-4877-abde-b77111ea95c3
INFO  [12:24:10.615] [bbotk] Evaluating 1 configuration(s)
INFO  [12:24:43.780] [bbotk] Result of batch 5:
INFO  [12:24:43.793] [bbotk]  mtry.ratio num.trees replace sample.fraction      acq_ei  x_domain
INFO  [12:24:43.793] [bbotk]  0.05165671      1338    TRUE        0.931814 0.003426088 <list[4]>
INFO  [12:24:43.793] [bbotk]  .already_evaluated classif.bbrier warnings errors runtime_learners
INFO  [12:24:43.793] [bbotk]               FALSE     0.05808634        0      0           32.796
INFO  [12:24:43.793] [bbotk]                                 uhash
INFO  [12:24:43.793] [bbotk]  cd011c25-4edc-44c1-8230-fba189590f30
INFO  [12:24:46.963] [bbotk] Evaluating 1 configuration(s)
INFO  [12:26:09.168] [bbotk] Result of batch 6:
INFO  [12:26:09.176] [bbotk]  mtry.ratio num.trees replace sample.fraction      acq_ei  x_domain
INFO  [12:26:09.176] [bbotk]   0.6010945      1763   FALSE       0.9448784 0.002258941 <list[4]>
INFO  [12:26:09.176] [bbotk]  .already_evaluated classif.bbrier warnings errors runtime_learners
INFO  [12:26:09.176] [bbotk]               FALSE     0.02622637        0      0           81.787
INFO  [12:26:09.176] [bbotk]                                 uhash
INFO  [12:26:09.176] [bbotk]  38162b83-43aa-4aae-aed1-871ca50a4bb8
INFO  [12:26:12.687] [bbotk] Evaluating 1 configuration(s)
INFO  [12:27:28.282] [bbotk] Result of batch 7:
INFO  [12:27:28.290] [bbotk]  mtry.ratio num.trees replace sample.fraction     acq_ei  x_domain
INFO  [12:27:28.290] [bbotk]   0.4651651      1781   FALSE       0.9467023 0.00293832 <list[4]>
INFO  [12:27:28.290] [bbotk]  .already_evaluated classif.bbrier warnings errors runtime_learners
INFO  [12:27:28.290] [bbotk]               FALSE     0.02577754        0      0           75.253
INFO  [12:27:28.290] [bbotk]                                 uhash
INFO  [12:27:28.290] [bbotk]  60aaa3df-5906-4a38-b48f-754aab9872fd
INFO  [12:27:31.626] [bbotk] Evaluating 1 configuration(s)
INFO  [12:28:28.969] [bbotk] Result of batch 8:
INFO  [12:28:28.993] [bbotk]  mtry.ratio num.trees replace sample.fraction      acq_ei  x_domain
INFO  [12:28:28.993] [bbotk]   0.3757791      1435   FALSE       0.9514046 0.002345971 <list[4]>
INFO  [12:28:28.993] [bbotk]  .already_evaluated classif.bbrier warnings errors runtime_learners
INFO  [12:28:28.993] [bbotk]               FALSE      0.0258123        0      0           56.919
INFO  [12:28:28.993] [bbotk]                                 uhash
INFO  [12:28:28.993] [bbotk]  c2e11e2b-de97-477f-b855-e7b735327a5a
INFO  [12:28:32.338] [bbotk] Evaluating 1 configuration(s)
INFO  [12:29:16.194] [bbotk] Result of batch 9:
INFO  [12:29:16.205] [bbotk]  mtry.ratio num.trees replace sample.fraction     acq_ei  x_domain
INFO  [12:29:16.205] [bbotk]   0.1982092      1366   FALSE       0.9481235 0.00295557 <list[4]>
INFO  [12:29:16.205] [bbotk]  .already_evaluated classif.bbrier warnings errors runtime_learners
INFO  [12:29:16.205] [bbotk]               FALSE     0.02813131        0      0           43.501
INFO  [12:29:16.205] [bbotk]                                 uhash
INFO  [12:29:16.205] [bbotk]  c4fd66ef-5675-468e-a67a-15edd96941cb
INFO  [12:29:19.101] [bbotk] Evaluating 1 configuration(s)
INFO  [12:30:12.611] [bbotk] Result of batch 10:
INFO  [12:30:12.632] [bbotk]  mtry.ratio num.trees replace sample.fraction      acq_ei  x_domain
INFO  [12:30:12.632] [bbotk]   0.2661116      1449   FALSE       0.9524665 0.003229483 <list[4]>
INFO  [12:30:12.632] [bbotk]  .already_evaluated classif.bbrier warnings errors runtime_learners
INFO  [12:30:12.632] [bbotk]               FALSE     0.02666635        0      0            53.17
INFO  [12:30:12.632] [bbotk]                                 uhash
INFO  [12:30:12.632] [bbotk]  ace81a57-168e-4087-8ffb-1807470bbd2a
INFO  [12:30:15.937] [bbotk] Evaluating 1 configuration(s)
INFO  [12:30:53.110] [bbotk] Result of batch 11:
INFO  [12:30:53.138] [bbotk]  mtry.ratio num.trees replace sample.fraction      acq_ei  x_domain
INFO  [12:30:53.138] [bbotk]  0.04165958      1504   FALSE       0.5889312 0.004237891 <list[4]>
INFO  [12:30:53.138] [bbotk]  .already_evaluated classif.bbrier warnings errors runtime_learners
INFO  [12:30:53.138] [bbotk]               FALSE     0.05954407        0      0           36.819
INFO  [12:30:53.138] [bbotk]                                 uhash
INFO  [12:30:53.138] [bbotk]  f33562b3-297f-4756-ab12-67d97e8f58e1
INFO  [12:30:56.129] [bbotk] Evaluating 1 configuration(s)
INFO  [12:31:50.916] [bbotk] Result of batch 12:
INFO  [12:31:50.933] [bbotk]  mtry.ratio num.trees replace sample.fraction      acq_ei  x_domain
INFO  [12:31:50.933] [bbotk]   0.3060514      1364   FALSE       0.9913596 0.002978159 <list[4]>
INFO  [12:31:50.933] [bbotk]  .already_evaluated classif.bbrier warnings errors runtime_learners
INFO  [12:31:50.933] [bbotk]               FALSE     0.02579788        0      0           54.405
INFO  [12:31:50.933] [bbotk]                                 uhash
INFO  [12:31:50.933] [bbotk]  08b9e797-e25d-417e-a276-bd40145d8079
INFO  [12:31:54.592] [bbotk] Evaluating 1 configuration(s)
INFO  [12:33:08.003] [bbotk] Result of batch 13:
INFO  [12:33:08.011] [bbotk]  mtry.ratio num.trees replace sample.fraction     acq_ei  x_domain
INFO  [12:33:08.011] [bbotk]   0.8066126      1349   FALSE       0.9095221 0.00181002 <list[4]>
INFO  [12:33:08.011] [bbotk]  .already_evaluated classif.bbrier warnings errors runtime_learners
INFO  [12:33:08.011] [bbotk]               FALSE     0.02752302        0      0           72.972
INFO  [12:33:08.011] [bbotk]                                 uhash
INFO  [12:33:08.011] [bbotk]  d19f8476-f319-4105-936c-9e7066062359
INFO  [12:33:11.406] [bbotk] Evaluating 1 configuration(s)
INFO  [12:34:15.199] [bbotk] Result of batch 14:
INFO  [12:34:15.207] [bbotk]  mtry.ratio num.trees replace sample.fraction      acq_ei  x_domain
INFO  [12:34:15.207] [bbotk]   0.5237038      1389   FALSE       0.9853188 0.003715677 <list[4]>
INFO  [12:34:15.207] [bbotk]  .already_evaluated classif.bbrier warnings errors runtime_learners
INFO  [12:34:15.207] [bbotk]               FALSE     0.02571741        0      0            63.48
INFO  [12:34:15.207] [bbotk]                                 uhash
INFO  [12:34:15.207] [bbotk]  37efa4ae-f1fc-4ce2-83f1-042d5dbee81c
INFO  [12:34:18.531] [bbotk] Evaluating 1 configuration(s)
INFO  [12:35:35.567] [bbotk] Result of batch 15:
INFO  [12:35:35.576] [bbotk]  mtry.ratio num.trees replace sample.fraction      acq_ei  x_domain
INFO  [12:35:35.576] [bbotk]    0.488644      1656   FALSE       0.9715609 0.004029195 <list[4]>
INFO  [12:35:35.576] [bbotk]  .already_evaluated classif.bbrier warnings errors runtime_learners
INFO  [12:35:35.576] [bbotk]               FALSE     0.02568162        0      0           76.626
INFO  [12:35:35.576] [bbotk]                                 uhash
INFO  [12:35:35.576] [bbotk]  944b095a-2bb7-4fe3-8f73-d93e2e510e2d
INFO  [12:35:39.718] [bbotk] Evaluating 1 configuration(s)
INFO  [12:36:19.425] [bbotk] Result of batch 16:
INFO  [12:36:19.459] [bbotk]  mtry.ratio num.trees replace sample.fraction      acq_ei  x_domain
INFO  [12:36:19.459] [bbotk]   0.5496891      1758   FALSE       0.2451866 0.002616048 <list[4]>
INFO  [12:36:19.459] [bbotk]  .already_evaluated classif.bbrier warnings errors runtime_learners
INFO  [12:36:19.459] [bbotk]               FALSE     0.03586069        0      0             39.3
INFO  [12:36:19.459] [bbotk]                                 uhash
INFO  [12:36:19.459] [bbotk]  d9f47c41-235b-4141-b402-3b0d2b3f1276
INFO  [12:36:22.559] [bbotk] Evaluating 1 configuration(s)
INFO  [12:36:47.321] [bbotk] Result of batch 17:
INFO  [12:36:47.329] [bbotk]  mtry.ratio num.trees replace sample.fraction      acq_ei  x_domain
INFO  [12:36:47.329] [bbotk]  0.03811016      1009   FALSE       0.8687594 0.001199528 <list[4]>
INFO  [12:36:47.329] [bbotk]  .already_evaluated classif.bbrier warnings errors runtime_learners
INFO  [12:36:47.329] [bbotk]               FALSE     0.05662119        0      0           24.445
INFO  [12:36:47.329] [bbotk]                                 uhash
INFO  [12:36:47.329] [bbotk]  4e0d438f-740a-4911-8ab8-a13bd5915db6
INFO  [12:36:50.867] [bbotk] Evaluating 1 configuration(s)
INFO  [12:37:48.612] [bbotk] Result of batch 18:
INFO  [12:37:48.633] [bbotk]  mtry.ratio num.trees replace sample.fraction     acq_ei  x_domain
INFO  [12:37:48.633] [bbotk]   0.4076698      1370   FALSE       0.9845622 0.00303987 <list[4]>
INFO  [12:37:48.633] [bbotk]  .already_evaluated classif.bbrier warnings errors runtime_learners
INFO  [12:37:48.633] [bbotk]               FALSE     0.02558447        0      0           57.295
INFO  [12:37:48.633] [bbotk]                                 uhash
INFO  [12:37:48.633] [bbotk]  4db98c29-05ed-4ece-b1f1-85bd22988e06
INFO  [12:37:52.353] [bbotk] Evaluating 1 configuration(s)
INFO  [12:38:53.036] [bbotk] Result of batch 19:
INFO  [12:38:53.044] [bbotk]  mtry.ratio num.trees replace sample.fraction    acq_ei  x_domain
INFO  [12:38:53.044] [bbotk]   0.6646706      1174   FALSE       0.9543299 0.0018143 <list[4]>
INFO  [12:38:53.044] [bbotk]  .already_evaluated classif.bbrier warnings errors runtime_learners
INFO  [12:38:53.044] [bbotk]               FALSE     0.02638016        0      0           60.355
INFO  [12:38:53.044] [bbotk]                                 uhash
INFO  [12:38:53.044] [bbotk]  ff53c19a-4f9d-4e39-a4be-35693f9bf2bd
INFO  [12:38:56.796] [bbotk] Evaluating 1 configuration(s)
INFO  [12:39:42.861] [bbotk] Result of batch 20:
INFO  [12:39:42.879] [bbotk]  mtry.ratio num.trees replace sample.fraction      acq_ei  x_domain
INFO  [12:39:42.879] [bbotk]   0.4957923      1064   FALSE        0.970704 0.004361754 <list[4]>
INFO  [12:39:42.879] [bbotk]  .already_evaluated classif.bbrier warnings errors runtime_learners
INFO  [12:39:42.879] [bbotk]               FALSE     0.02570486        0      0           45.594
INFO  [12:39:42.879] [bbotk]                                 uhash
INFO  [12:39:42.879] [bbotk]  83070277-a521-424a-b0fc-c49a79d3f9f1
INFO  [12:39:46.679] [bbotk] Evaluating 1 configuration(s)
INFO  [12:40:51.012] [bbotk] Result of batch 21:
INFO  [12:40:51.020] [bbotk]  mtry.ratio num.trees replace sample.fraction      acq_ei  x_domain
INFO  [12:40:51.020] [bbotk]    0.426173      1567   FALSE       0.9616729 0.001589499 <list[4]>
INFO  [12:40:51.020] [bbotk]  .already_evaluated classif.bbrier warnings errors runtime_learners
INFO  [12:40:51.020] [bbotk]               FALSE     0.02576935        0      0           63.987
INFO  [12:40:51.020] [bbotk]                                 uhash
INFO  [12:40:51.020] [bbotk]  df5afdd5-973a-4022-bb44-cc2f3e85832b
INFO  [12:40:54.506] [bbotk] Evaluating 1 configuration(s)
INFO  [12:41:16.055] [bbotk] Result of batch 22:
INFO  [12:41:16.063] [bbotk]  mtry.ratio num.trees replace sample.fraction      acq_ei  x_domain
INFO  [12:41:16.063] [bbotk]  0.02831492      1410   FALSE       0.1420447 0.001756963 <list[4]>
INFO  [12:41:16.063] [bbotk]  .already_evaluated classif.bbrier warnings errors runtime_learners
INFO  [12:41:16.063] [bbotk]               FALSE      0.1329759        0      0           21.193
INFO  [12:41:16.063] [bbotk]                                 uhash
INFO  [12:41:16.063] [bbotk]  48e62619-b091-453d-ab92-fd6c680d8ca8
INFO  [12:41:19.371] [bbotk] Evaluating 1 configuration(s)
INFO  [12:41:51.889] [bbotk] Result of batch 23:
INFO  [12:41:51.897] [bbotk]  mtry.ratio num.trees replace sample.fraction      acq_ei  x_domain
INFO  [12:41:51.897] [bbotk]   0.2714144      1579   FALSE       0.1905271 0.002100921 <list[4]>
INFO  [12:41:51.897] [bbotk]  .already_evaluated classif.bbrier warnings errors runtime_learners
INFO  [12:41:51.897] [bbotk]               FALSE     0.03960778        0      0           32.139
INFO  [12:41:51.897] [bbotk]                                 uhash
INFO  [12:41:51.897] [bbotk]  a8914f02-85a4-4299-a801-f1f8ecfeffb9
INFO  [12:41:54.938] [bbotk] Evaluating 1 configuration(s)
INFO  [12:42:36.889] [bbotk] Result of batch 24:
INFO  [12:42:36.909] [bbotk]  mtry.ratio num.trees replace sample.fraction      acq_ei  x_domain
INFO  [12:42:36.909] [bbotk]   0.3866623      1347    TRUE       0.6585091 0.001905089 <list[4]>
INFO  [12:42:36.909] [bbotk]  .already_evaluated classif.bbrier warnings errors runtime_learners
INFO  [12:42:36.909] [bbotk]               FALSE     0.02948415        0      0           41.547
INFO  [12:42:36.909] [bbotk]                                 uhash
INFO  [12:42:36.909] [bbotk]  86363954-4017-48f3-b1c0-cb513d080179
INFO  [12:42:40.591] [bbotk] Evaluating 1 configuration(s)
INFO  [12:43:15.655] [bbotk] Result of batch 25:
INFO  [12:43:15.664] [bbotk]  mtry.ratio num.trees replace sample.fraction      acq_ei  x_domain
INFO  [12:43:15.664] [bbotk]   0.6080268      1437   FALSE        0.234847 0.002324842 <list[4]>
INFO  [12:43:15.664] [bbotk]  .already_evaluated classif.bbrier warnings errors runtime_learners
INFO  [12:43:15.664] [bbotk]               FALSE     0.03618118        0      0           34.593
INFO  [12:43:15.664] [bbotk]                                 uhash
INFO  [12:43:15.664] [bbotk]  336ff026-8703-4e78-9b38-da9a6efa179b
INFO  [12:43:19.126] [bbotk] Evaluating 1 configuration(s)
INFO  [12:43:46.335] [bbotk] Result of batch 26:
INFO  [12:43:46.344] [bbotk]  mtry.ratio num.trees replace sample.fraction      acq_ei  x_domain
INFO  [12:43:46.344] [bbotk]   0.4502035      1315   FALSE       0.2265704 0.002103655 <list[4]>
INFO  [12:43:46.344] [bbotk]  .already_evaluated classif.bbrier warnings errors runtime_learners
INFO  [12:43:46.344] [bbotk]               FALSE     0.03671569        0      0           26.869
INFO  [12:43:46.344] [bbotk]                                 uhash
INFO  [12:43:46.344] [bbotk]  ede9bf3f-6973-4d6e-991d-8e64d78ddc4e
INFO  [12:43:49.524] [bbotk] Evaluating 1 configuration(s)
INFO  [12:44:36.365] [bbotk] Result of batch 27:
INFO  [12:44:36.386] [bbotk]  mtry.ratio num.trees replace sample.fraction      acq_ei  x_domain
INFO  [12:44:36.386] [bbotk]  0.03442843      1686    TRUE       0.9086319 0.002617126 <list[4]>
INFO  [12:44:36.386] [bbotk]  .already_evaluated classif.bbrier warnings errors runtime_learners
INFO  [12:44:36.386] [bbotk]               FALSE     0.05783778        0      0           46.455
INFO  [12:44:36.386] [bbotk]                                 uhash
INFO  [12:44:36.386] [bbotk]  6d213614-a9fc-4053-918f-22a4275dd6a8
INFO  [12:44:40.130] [bbotk] Evaluating 1 configuration(s)
INFO  [12:45:42.121] [bbotk] Result of batch 28:
INFO  [12:45:42.129] [bbotk]  mtry.ratio num.trees replace sample.fraction     acq_ei  x_domain
INFO  [12:45:42.129] [bbotk]    0.498741      1354   FALSE       0.9719275 0.00145905 <list[4]>
INFO  [12:45:42.129] [bbotk]  .already_evaluated classif.bbrier warnings errors runtime_learners
INFO  [12:45:42.129] [bbotk]               FALSE     0.02575743        0      0           61.607
INFO  [12:45:42.129] [bbotk]                                 uhash
INFO  [12:45:42.129] [bbotk]  54f2b598-7450-4547-a8ff-b85718a5e82b
INFO  [12:45:45.682] [bbotk] Evaluating 1 configuration(s)
INFO  [12:47:00.758] [bbotk] Result of batch 29:
INFO  [12:47:00.780] [bbotk]  mtry.ratio num.trees replace sample.fraction      acq_ei  x_domain
INFO  [12:47:00.780] [bbotk]   0.7747471      1364   FALSE       0.9557808 0.003131919 <list[4]>
INFO  [12:47:00.780] [bbotk]  .already_evaluated classif.bbrier warnings errors runtime_learners
INFO  [12:47:00.780] [bbotk]               FALSE     0.02731601        0      0           74.737
INFO  [12:47:00.780] [bbotk]                                 uhash
INFO  [12:47:00.780] [bbotk]  cf9a221b-83df-45fc-aa07-225e4cbc57ee
INFO  [12:47:04.603] [bbotk] Evaluating 1 configuration(s)
INFO  [12:47:26.163] [bbotk] Result of batch 30:
INFO  [12:47:26.171] [bbotk]  mtry.ratio num.trees replace sample.fraction      acq_ei  x_domain
INFO  [12:47:26.171] [bbotk]  0.03283341      1430    TRUE       0.2115357 0.001778152 <list[4]>
INFO  [12:47:26.171] [bbotk]  .already_evaluated classif.bbrier warnings errors runtime_learners
INFO  [12:47:26.171] [bbotk]               FALSE      0.1309534        0      0           21.184
INFO  [12:47:26.171] [bbotk]                                 uhash
INFO  [12:47:26.171] [bbotk]  e3b19cbb-b00f-445f-84cf-ffd2eb044b9a
INFO  [12:47:29.272] [bbotk] Evaluating 1 configuration(s)
INFO  [12:48:08.431] [bbotk] Result of batch 31:
INFO  [12:48:08.464] [bbotk]  mtry.ratio num.trees replace sample.fraction      acq_ei  x_domain
INFO  [12:48:08.464] [bbotk]   0.3311545      1397    TRUE       0.5890047 0.001480659 <list[4]>
INFO  [12:48:08.464] [bbotk]  .already_evaluated classif.bbrier warnings errors runtime_learners
INFO  [12:48:08.464] [bbotk]               FALSE      0.0306953        0      0            38.85
INFO  [12:48:08.464] [bbotk]                                 uhash
INFO  [12:48:08.464] [bbotk]  dd793e5d-443f-46de-b591-9af332818c4f
INFO  [12:48:11.943] [bbotk] Evaluating 1 configuration(s)
INFO  [12:49:13.190] [bbotk] Result of batch 32:
INFO  [12:49:13.199] [bbotk]  mtry.ratio num.trees replace sample.fraction      acq_ei  x_domain
INFO  [12:49:13.199] [bbotk]    0.410745      1415    TRUE       0.9734924 0.002482406 <list[4]>
INFO  [12:49:13.199] [bbotk]  .already_evaluated classif.bbrier warnings errors runtime_learners
INFO  [12:49:13.199] [bbotk]               FALSE     0.02691776        0      0           60.769
INFO  [12:49:13.199] [bbotk]                                 uhash
INFO  [12:49:13.199] [bbotk]  d9678552-5dbb-442b-b6e4-2359b9c8981f
INFO  [12:49:17.010] [bbotk] Evaluating 1 configuration(s)
INFO  [12:49:41.354] [bbotk] Result of batch 33:
INFO  [12:49:41.368] [bbotk]  mtry.ratio num.trees replace sample.fraction      acq_ei  x_domain
INFO  [12:49:41.368] [bbotk]   0.6467663      1084    TRUE       0.2211357 0.001858924 <list[4]>
INFO  [12:49:41.368] [bbotk]  .already_evaluated classif.bbrier warnings errors runtime_learners
INFO  [12:49:41.368] [bbotk]               FALSE     0.03701718        0      0           24.007
INFO  [12:49:41.368] [bbotk]                                 uhash
INFO  [12:49:41.368] [bbotk]  f140f66f-30f7-4d6e-a17d-3910a2cf4911
INFO  [12:49:44.951] [bbotk] Evaluating 1 configuration(s)
INFO  [12:50:08.533] [bbotk] Result of batch 34:
INFO  [12:50:08.543] [bbotk]  mtry.ratio num.trees replace sample.fraction      acq_ei  x_domain
INFO  [12:50:08.543] [bbotk]   0.2798762      1360    TRUE       0.1500082 0.002501221 <list[4]>
INFO  [12:50:08.543] [bbotk]  .already_evaluated classif.bbrier warnings errors runtime_learners
INFO  [12:50:08.543] [bbotk]               FALSE     0.04215127        0      0            23.08
INFO  [12:50:08.543] [bbotk]                                 uhash
INFO  [12:50:08.543] [bbotk]  dad1ce9e-f852-425c-a445-70c3a9f0a749
INFO  [12:50:11.927] [bbotk] Evaluating 1 configuration(s)
INFO  [12:51:17.155] [bbotk] Result of batch 35:
INFO  [12:51:17.162] [bbotk]  mtry.ratio num.trees replace sample.fraction      acq_ei  x_domain
INFO  [12:51:17.162] [bbotk]    0.629635      1429   FALSE       0.8439206 0.001553622 <list[4]>
INFO  [12:51:17.162] [bbotk]  .already_evaluated classif.bbrier warnings errors runtime_learners
INFO  [12:51:17.162] [bbotk]               FALSE     0.02670709        0      0           64.863
INFO  [12:51:17.162] [bbotk]                                 uhash
INFO  [12:51:17.162] [bbotk]  66ad3028-95db-495b-9769-b426c647ce7b
INFO  [12:51:20.024] [bbotk] Evaluating 1 configuration(s)
INFO  [12:52:38.952] [bbotk] Result of batch 36:
INFO  [12:52:38.959] [bbotk]  mtry.ratio num.trees replace sample.fraction      acq_ei  x_domain
INFO  [12:52:38.959] [bbotk]   0.3825824      1901   FALSE       0.9589193 0.003591832 <list[4]>
INFO  [12:52:38.959] [bbotk]  .already_evaluated classif.bbrier warnings errors runtime_learners
INFO  [12:52:38.959] [bbotk]               FALSE     0.02574165        0      0           78.594
INFO  [12:52:38.959] [bbotk]                                 uhash
INFO  [12:52:38.959] [bbotk]  556b0cb9-819e-40bf-a3f4-01b069acf718
INFO  [12:52:43.214] [bbotk] Evaluating 1 configuration(s)
INFO  [12:53:21.006] [bbotk] Result of batch 37:
INFO  [12:53:21.014] [bbotk]  mtry.ratio num.trees replace sample.fraction      acq_ei  x_domain
INFO  [12:53:21.014] [bbotk]  0.03481078      1455   FALSE       0.9728745 0.001946102 <list[4]>
INFO  [12:53:21.014] [bbotk]  .already_evaluated classif.bbrier warnings errors runtime_learners
INFO  [12:53:21.014] [bbotk]               FALSE     0.05555034        0      0           37.436
INFO  [12:53:21.014] [bbotk]                                 uhash
INFO  [12:53:21.014] [bbotk]  207b6816-fdf5-4435-b945-30a3232bb37c
INFO  [12:53:24.246] [bbotk] Evaluating 1 configuration(s)
INFO  [12:54:16.296] [bbotk] Result of batch 38:
INFO  [12:54:16.324] [bbotk]  mtry.ratio num.trees replace sample.fraction      acq_ei  x_domain
INFO  [12:54:16.324] [bbotk]   0.3520003      1350    TRUE       0.9931624 0.001340038 <list[4]>
INFO  [12:54:16.324] [bbotk]  .already_evaluated classif.bbrier warnings errors runtime_learners
INFO  [12:54:16.324] [bbotk]               FALSE     0.02704591        0      0           51.647
INFO  [12:54:16.324] [bbotk]                                 uhash
INFO  [12:54:16.324] [bbotk]  af0b172a-49a9-4a3b-9980-e4d04463415e
INFO  [12:54:19.571] [bbotk] Evaluating 1 configuration(s)
INFO  [12:54:51.420] [bbotk] Result of batch 39:
INFO  [12:54:51.429] [bbotk]  mtry.ratio num.trees replace sample.fraction      acq_ei  x_domain
INFO  [12:54:51.429] [bbotk]   0.5379974      1791    TRUE       0.1369811 0.002652751 <list[4]>
INFO  [12:54:51.429] [bbotk]  .already_evaluated classif.bbrier warnings errors runtime_learners
INFO  [12:54:51.429] [bbotk]               FALSE     0.04085039        0      0           31.436
INFO  [12:54:51.429] [bbotk]                                 uhash
INFO  [12:54:51.429] [bbotk]  a0ed43ba-cdcd-497a-835b-86f582225f46
INFO  [12:54:55.111] [bbotk] Evaluating 1 configuration(s)
INFO  [12:55:56.779] [bbotk] Result of batch 40:
INFO  [12:55:56.796] [bbotk]  mtry.ratio num.trees replace sample.fraction      acq_ei  x_domain
INFO  [12:55:56.796] [bbotk]    0.525293      1353   FALSE       0.9552636 0.001388027 <list[4]>
INFO  [12:55:56.796] [bbotk]  .already_evaluated classif.bbrier warnings errors runtime_learners
INFO  [12:55:56.796] [bbotk]               FALSE     0.02582799        0      0           61.242
INFO  [12:55:56.796] [bbotk]                                 uhash
INFO  [12:55:56.796] [bbotk]  d2801319-4ecb-4c4c-a73b-e2d46642b239
INFO  [12:56:00.246] [bbotk] Evaluating 1 configuration(s)
INFO  [12:57:01.579] [bbotk] Result of batch 41:
INFO  [12:57:01.586] [bbotk]  mtry.ratio num.trees replace sample.fraction      acq_ei  x_domain
INFO  [12:57:01.586] [bbotk]    0.592962      1338   FALSE       0.9579372 0.001566783 <list[4]>
INFO  [12:57:01.586] [bbotk]  .already_evaluated classif.bbrier warnings errors runtime_learners
INFO  [12:57:01.586] [bbotk]               FALSE     0.02603902        0      0           61.024
INFO  [12:57:01.586] [bbotk]                                 uhash
INFO  [12:57:01.586] [bbotk]  8ee1df7e-dfc4-49ad-bce6-ef235f9a448c
INFO  [12:57:04.835] [bbotk] Evaluating 1 configuration(s)
INFO  [12:57:32.369] [bbotk] Result of batch 42:
INFO  [12:57:32.376] [bbotk]  mtry.ratio num.trees replace sample.fraction      acq_ei  x_domain
INFO  [12:57:32.376] [bbotk]   0.4902833      1483   FALSE       0.1407223 0.002320638 <list[4]>
INFO  [12:57:32.376] [bbotk]  .already_evaluated classif.bbrier warnings errors runtime_learners
INFO  [12:57:32.376] [bbotk]               FALSE     0.04053958        0      0           27.159
INFO  [12:57:32.376] [bbotk]                                 uhash
INFO  [12:57:32.376] [bbotk]  a745c239-a0ed-4b50-b383-ad72376a7f18
INFO  [12:57:35.623] [bbotk] Evaluating 1 configuration(s)
INFO  [12:57:43.862] [bbotk] Result of batch 43:
INFO  [12:57:43.869] [bbotk]  mtry.ratio num.trees replace sample.fraction      acq_ei  x_domain
INFO  [12:57:43.869] [bbotk]   0.4813245       339    TRUE        0.217141 0.001834679 <list[4]>
INFO  [12:57:43.869] [bbotk]  .already_evaluated classif.bbrier warnings errors runtime_learners
INFO  [12:57:43.869] [bbotk]               FALSE     0.03753486        0      0            7.836
INFO  [12:57:43.869] [bbotk]                                 uhash
INFO  [12:57:43.869] [bbotk]  c9a18621-e0ee-4d75-99da-1bff8c11c497
INFO  [12:57:47.558] [bbotk] Evaluating 1 configuration(s)
INFO  [12:58:16.360] [bbotk] Result of batch 44:
INFO  [12:58:16.377] [bbotk]  mtry.ratio num.trees replace sample.fraction      acq_ei  x_domain
INFO  [12:58:16.377] [bbotk]   0.5414885      1363    TRUE       0.1850013 0.001993407 <list[4]>
INFO  [12:58:16.377] [bbotk]  .already_evaluated classif.bbrier warnings errors runtime_learners
INFO  [12:58:16.377] [bbotk]               FALSE     0.03852603        0      0           28.433
INFO  [12:58:16.377] [bbotk]                                 uhash
INFO  [12:58:16.377] [bbotk]  76ead6ef-a52c-4899-a2e7-59efb9accaaf
INFO  [12:58:19.757] [bbotk] Evaluating 1 configuration(s)
INFO  [12:59:24.139] [bbotk] Result of batch 45:
INFO  [12:59:24.159] [bbotk]  mtry.ratio num.trees replace sample.fraction      acq_ei  x_domain
INFO  [12:59:24.159] [bbotk]   0.5928408      1363   FALSE       0.9562634 0.003376259 <list[4]>
INFO  [12:59:24.159] [bbotk]  .already_evaluated classif.bbrier warnings errors runtime_learners
INFO  [12:59:24.159] [bbotk]               FALSE     0.02600841        0      0           64.019
INFO  [12:59:24.159] [bbotk]                                 uhash
INFO  [12:59:24.159] [bbotk]  30b384c6-089a-4050-93a4-a67ff4cdc4e9
INFO  [12:59:27.280] [bbotk] Evaluating 1 configuration(s)
INFO  [13:00:44.462] [bbotk] Result of batch 46:
INFO  [13:00:44.469] [bbotk]  mtry.ratio num.trees replace sample.fraction      acq_ei  x_domain
INFO  [13:00:44.469] [bbotk]   0.4599825      1873   FALSE       0.9519686 0.001310461 <list[4]>
INFO  [13:00:44.469] [bbotk]  .already_evaluated classif.bbrier warnings errors runtime_learners
INFO  [13:00:44.469] [bbotk]               FALSE     0.02577694        0      0           76.827
INFO  [13:00:44.469] [bbotk]                                 uhash
INFO  [13:00:44.469] [bbotk]  612ec38b-fc13-4253-bfe7-c42868d58ed1
INFO  [13:00:47.746] [bbotk] Evaluating 1 configuration(s)
INFO  [13:00:50.947] [bbotk] Result of batch 47:
INFO  [13:00:50.970] [bbotk]  mtry.ratio num.trees replace sample.fraction     acq_ei  x_domain
INFO  [13:00:50.970] [bbotk]   0.1876109        52   FALSE       0.9788159 0.00103527 <list[4]>
INFO  [13:00:50.970] [bbotk]  .already_evaluated classif.bbrier warnings errors runtime_learners
INFO  [13:00:50.970] [bbotk]               FALSE     0.02822847        0      0            2.807
INFO  [13:00:50.970] [bbotk]                                 uhash
INFO  [13:00:50.970] [bbotk]  f1b175c5-d31b-44a2-969a-7efde4c71cdd
INFO  [13:00:54.526] [bbotk] Evaluating 1 configuration(s)
INFO  [13:01:30.833] [bbotk] Result of batch 48:
INFO  [13:01:30.852] [bbotk]  mtry.ratio num.trees replace sample.fraction      acq_ei  x_domain
INFO  [13:01:30.852] [bbotk]   0.9117979      1177   FALSE       0.2157975 0.001388902 <list[4]>
INFO  [13:01:30.852] [bbotk]  .already_evaluated classif.bbrier warnings errors runtime_learners
INFO  [13:01:30.852] [bbotk]               FALSE     0.03709391        0      0           35.914
INFO  [13:01:30.852] [bbotk]                                 uhash
INFO  [13:01:30.852] [bbotk]  9bd7f4d6-318c-4ef0-8c8f-1ca14ced7fec
INFO  [13:01:34.345] [bbotk] Evaluating 1 configuration(s)
INFO  [13:02:24.959] [bbotk] Result of batch 49:
INFO  [13:02:24.968] [bbotk]  mtry.ratio num.trees replace sample.fraction      acq_ei  x_domain
INFO  [13:02:24.968] [bbotk]   0.1524048      1497    TRUE       0.9564526 0.002901934 <list[4]>
INFO  [13:02:24.968] [bbotk]  .already_evaluated classif.bbrier warnings errors runtime_learners
INFO  [13:02:24.968] [bbotk]               FALSE      0.0313358        0      0           50.316
INFO  [13:02:24.968] [bbotk]                                 uhash
INFO  [13:02:24.968] [bbotk]  2d408eb1-47f4-4a67-bc1a-1b430f0a34cf
INFO  [13:02:28.251] [bbotk] Evaluating 1 configuration(s)
INFO  [13:03:10.122] [bbotk] Result of batch 50:
INFO  [13:03:10.129] [bbotk]  mtry.ratio num.trees replace sample.fraction       acq_ei  x_domain
INFO  [13:03:10.129] [bbotk]   0.4592131      1021   FALSE       0.8938433 0.0009013807 <list[4]>
INFO  [13:03:10.129] [bbotk]  .already_evaluated classif.bbrier warnings errors runtime_learners
INFO  [13:03:10.129] [bbotk]               FALSE      0.0262764        0      0           41.516
INFO  [13:03:10.129] [bbotk]                                 uhash
INFO  [13:03:10.129] [bbotk]  9f37822f-8fe9-43ee-b7c8-aed4e9616ddb
INFO  [13:03:13.457] [bbotk] Evaluating 1 configuration(s)
INFO  [13:04:20.216] [bbotk] Result of batch 51:
INFO  [13:04:20.223] [bbotk]  mtry.ratio num.trees replace sample.fraction      acq_ei  x_domain
INFO  [13:04:20.223] [bbotk]   0.5519522      1405    TRUE        0.992025 0.002921932 <list[4]>
INFO  [13:04:20.223] [bbotk]  .already_evaluated classif.bbrier warnings errors runtime_learners
INFO  [13:04:20.223] [bbotk]               FALSE     0.02670514        0      0           66.398
INFO  [13:04:20.223] [bbotk]                                 uhash
INFO  [13:04:20.223] [bbotk]  4417e914-b673-4183-bf6c-1a135335894e
INFO  [13:04:24.215] [bbotk] Evaluating 1 configuration(s)
INFO  [13:05:31.224] [bbotk] Result of batch 52:
INFO  [13:05:31.231] [bbotk]  mtry.ratio num.trees replace sample.fraction      acq_ei  x_domain
INFO  [13:05:31.231] [bbotk]   0.6920667      1351   FALSE       0.9092585 0.001320173 <list[4]>
INFO  [13:05:31.231] [bbotk]  .already_evaluated classif.bbrier warnings errors runtime_learners
INFO  [13:05:31.231] [bbotk]               FALSE     0.02662536        0      0           66.638
INFO  [13:05:31.231] [bbotk]                                 uhash
INFO  [13:05:31.231] [bbotk]  39ea406d-8c60-4f51-83bc-ec90ffc2452b
INFO  [13:05:34.572] [bbotk] Evaluating 1 configuration(s)
INFO  [13:05:55.941] [bbotk] Result of batch 53:
INFO  [13:05:55.960] [bbotk]  mtry.ratio num.trees replace sample.fraction      acq_ei  x_domain
INFO  [13:05:55.960] [bbotk]   0.3654709       916   FALSE        0.214402 0.003592102 <list[4]>
INFO  [13:05:55.960] [bbotk]  .already_evaluated classif.bbrier warnings errors runtime_learners
INFO  [13:05:55.960] [bbotk]               FALSE     0.03786738        0      0           21.036
INFO  [13:05:55.960] [bbotk]                                 uhash
INFO  [13:05:55.960] [bbotk]  24a14b87-108c-4159-a6f1-1de966f8ddae
INFO  [13:05:59.722] [bbotk] Evaluating 1 configuration(s)
INFO  [13:06:33.724] [bbotk] Result of batch 54:
INFO  [13:06:33.739] [bbotk]  mtry.ratio num.trees replace sample.fraction      acq_ei  x_domain
INFO  [13:06:33.739] [bbotk]   0.9308433      1415    TRUE       0.1999049 0.001570302 <list[4]>
INFO  [13:06:33.739] [bbotk]  .already_evaluated classif.bbrier warnings errors runtime_learners
INFO  [13:06:33.739] [bbotk]               FALSE     0.03801543        0      0           33.609
INFO  [13:06:33.739] [bbotk]                                 uhash
INFO  [13:06:33.739] [bbotk]  b236a3aa-06b5-4563-a50b-380611ee551d
INFO  [13:06:37.384] [bbotk] Evaluating 1 configuration(s)
INFO  [13:07:47.837] [bbotk] Result of batch 55:
INFO  [13:07:47.854] [bbotk]  mtry.ratio num.trees replace sample.fraction      acq_ei  x_domain
INFO  [13:07:47.854] [bbotk]   0.6047221      1350   FALSE       0.9545269 0.002875332 <list[4]>
INFO  [13:07:47.854] [bbotk]  .already_evaluated classif.bbrier warnings errors runtime_learners
INFO  [13:07:47.854] [bbotk]               FALSE     0.02620323        0      0           69.996
INFO  [13:07:47.854] [bbotk]                                 uhash
INFO  [13:07:47.854] [bbotk]  64e59e3a-f713-4ad0-b93f-880d50873dc3
INFO  [13:07:52.409] [bbotk] Evaluating 1 configuration(s)
INFO  [13:08:31.837] [bbotk] Result of batch 56:
INFO  [13:08:31.851] [bbotk]  mtry.ratio num.trees replace sample.fraction      acq_ei  x_domain
INFO  [13:08:31.851] [bbotk]   0.2337119      1352   FALSE       0.5919497 0.002039808 <list[4]>
INFO  [13:08:31.851] [bbotk]  .already_evaluated classif.bbrier warnings errors runtime_learners
INFO  [13:08:31.851] [bbotk]               FALSE     0.03035252        0      0           39.084
INFO  [13:08:31.851] [bbotk]                                 uhash
INFO  [13:08:31.851] [bbotk]  fb5cc302-9938-4ff0-bcef-59e1874db34b
INFO  [13:08:35.505] [bbotk] Evaluating 1 configuration(s)
INFO  [13:09:40.994] [bbotk] Result of batch 57:
INFO  [13:09:41.016] [bbotk]  mtry.ratio num.trees replace sample.fraction      acq_ei  x_domain
INFO  [13:09:41.016] [bbotk]   0.1325927      1972   FALSE       0.9711341 0.001142373 <list[4]>
INFO  [13:09:41.016] [bbotk]  .already_evaluated classif.bbrier warnings errors runtime_learners
INFO  [13:09:41.016] [bbotk]               FALSE     0.03233675        0      0           65.092
INFO  [13:09:41.016] [bbotk]                                 uhash
INFO  [13:09:41.016] [bbotk]  9cd17cf4-20f1-4b68-9589-a8b37931b6f3
INFO  [13:09:44.984] [bbotk] Evaluating 1 configuration(s)
INFO  [13:10:44.966] [bbotk] Result of batch 58:
INFO  [13:10:44.973] [bbotk]  mtry.ratio num.trees replace sample.fraction      acq_ei  x_domain
INFO  [13:10:44.973] [bbotk]   0.4027029      1408   FALSE       0.9732474 0.001258083 <list[4]>
INFO  [13:10:44.973] [bbotk]  .already_evaluated classif.bbrier warnings errors runtime_learners
INFO  [13:10:44.973] [bbotk]               FALSE     0.02568309        0      0           59.494
INFO  [13:10:44.973] [bbotk]                                 uhash
INFO  [13:10:44.973] [bbotk]  9c4fbc2e-da74-4948-a4be-6adc64d4eb2d
INFO  [13:10:48.542] [bbotk] Evaluating 1 configuration(s)
INFO  [13:11:07.972] [bbotk] Result of batch 59:
INFO  [13:11:07.980] [bbotk]  mtry.ratio num.trees replace sample.fraction      acq_ei  x_domain
INFO  [13:11:07.980] [bbotk]   0.5201392       853   FALSE       0.2139705 0.001886332 <list[4]>
INFO  [13:11:07.980] [bbotk]  .already_evaluated classif.bbrier warnings errors runtime_learners
INFO  [13:11:07.980] [bbotk]               FALSE     0.03702003        0      0           19.084
INFO  [13:11:07.980] [bbotk]                                 uhash
INFO  [13:11:07.980] [bbotk]  21a8f352-0030-408f-a1d8-5660704aadf8
INFO  [13:11:11.375] [bbotk] Evaluating 1 configuration(s)
INFO  [13:11:17.278] [bbotk] Result of batch 60:
INFO  [13:11:17.286] [bbotk]  mtry.ratio num.trees replace sample.fraction      acq_ei  x_domain
INFO  [13:11:17.286] [bbotk]  0.09421408       228    TRUE       0.1813409 0.002002607 <list[4]>
INFO  [13:11:17.286] [bbotk]  .already_evaluated classif.bbrier warnings errors runtime_learners
INFO  [13:11:17.286] [bbotk]               FALSE     0.05515139        0      0            5.495
INFO  [13:11:17.286] [bbotk]                                 uhash
INFO  [13:11:17.286] [bbotk]  bca71fd1-9342-4f99-80c4-d5e63696db59
INFO  [13:11:20.849] [bbotk] Evaluating 1 configuration(s)
INFO  [13:12:18.361] [bbotk] Result of batch 61:
INFO  [13:12:18.384] [bbotk]  mtry.ratio num.trees replace sample.fraction       acq_ei  x_domain
INFO  [13:12:18.384] [bbotk]    0.304597      1461   FALSE       0.9599063 0.0007910118 <list[4]>
INFO  [13:12:18.384] [bbotk]  .already_evaluated classif.bbrier warnings errors runtime_learners
INFO  [13:12:18.384] [bbotk]               FALSE     0.02601041        0      0           57.102
INFO  [13:12:18.384] [bbotk]                                 uhash
INFO  [13:12:18.384] [bbotk]  8e70b52b-72f4-4f1e-8668-94eeb54e6b47
INFO  [13:12:22.393] [bbotk] Evaluating 1 configuration(s)
INFO  [13:12:42.908] [bbotk] Result of batch 62:
INFO  [13:12:42.927] [bbotk]  mtry.ratio num.trees replace sample.fraction      acq_ei  x_domain
INFO  [13:12:42.927] [bbotk]  0.03406087       686   FALSE        0.781476 0.001066398 <list[4]>
INFO  [13:12:42.927] [bbotk]  .already_evaluated classif.bbrier warnings errors runtime_learners
INFO  [13:12:42.927] [bbotk]               FALSE     0.05724556        0      0           20.088
INFO  [13:12:42.927] [bbotk]                                 uhash
INFO  [13:12:42.927] [bbotk]  afffde05-6bb9-4ec1-aadd-129e894cc9b8
INFO  [13:12:46.453] [bbotk] Evaluating 1 configuration(s)
INFO  [13:13:23.601] [bbotk] Result of batch 63:
INFO  [13:13:23.608] [bbotk]  mtry.ratio num.trees replace sample.fraction      acq_ei  x_domain
INFO  [13:13:23.608] [bbotk]   0.2202236      1775    TRUE       0.2062752 0.001823636 <list[4]>
INFO  [13:13:23.608] [bbotk]  .already_evaluated classif.bbrier warnings errors runtime_learners
INFO  [13:13:23.608] [bbotk]               FALSE     0.04089112        0      0            36.71
INFO  [13:13:23.608] [bbotk]                                 uhash
INFO  [13:13:23.608] [bbotk]  b1110239-172d-4521-9948-93222448e410
INFO  [13:13:27.033] [bbotk] Evaluating 1 configuration(s)
INFO  [13:14:21.282] [bbotk] Result of batch 64:
INFO  [13:14:21.290] [bbotk]  mtry.ratio num.trees replace sample.fraction      acq_ei  x_domain
INFO  [13:14:21.290] [bbotk]   0.5741686      1091    TRUE       0.9559256 0.001863775 <list[4]>
INFO  [13:14:21.290] [bbotk]  .already_evaluated classif.bbrier warnings errors runtime_learners
INFO  [13:14:21.290] [bbotk]               FALSE     0.02691127        0      0           53.923
INFO  [13:14:21.290] [bbotk]                                 uhash
INFO  [13:14:21.290] [bbotk]  9d6f7640-3bff-453f-b081-87be2ff11c93
INFO  [13:14:24.887] [bbotk] Evaluating 1 configuration(s)
INFO  [13:14:51.340] [bbotk] Result of batch 65:
INFO  [13:14:51.348] [bbotk]  mtry.ratio num.trees replace sample.fraction      acq_ei  x_domain
INFO  [13:14:51.348] [bbotk]   0.6145518      1186   FALSE       0.2088823 0.002004787 <list[4]>
INFO  [13:14:51.348] [bbotk]  .already_evaluated classif.bbrier warnings errors runtime_learners
INFO  [13:14:51.348] [bbotk]               FALSE      0.0371061        0      0            26.05
INFO  [13:14:51.348] [bbotk]                                 uhash
INFO  [13:14:51.348] [bbotk]  1c6ac9e0-7da7-48af-aba8-92d624c92825
INFO  [13:14:55.039] [bbotk] Evaluating 1 configuration(s)
INFO  [13:15:12.749] [bbotk] Result of batch 66:
INFO  [13:15:12.770] [bbotk]  mtry.ratio num.trees replace sample.fraction     acq_ei  x_domain
INFO  [13:15:12.770] [bbotk]   0.6555621       888   FALSE       0.1209796 0.00170343 <list[4]>
INFO  [13:15:12.770] [bbotk]  .already_evaluated classif.bbrier warnings errors runtime_learners
INFO  [13:15:12.770] [bbotk]               FALSE     0.04149807        0      0           17.285
INFO  [13:15:12.770] [bbotk]                                 uhash
INFO  [13:15:12.770] [bbotk]  4eeb2129-1a4a-4f30-8db0-ae4ecd8b8ed0
INFO  [13:15:16.719] [bbotk] Evaluating 1 configuration(s)
INFO  [13:16:35.698] [bbotk] Result of batch 67:
INFO  [13:16:35.707] [bbotk]  mtry.ratio num.trees replace sample.fraction      acq_ei  x_domain
INFO  [13:16:35.707] [bbotk]   0.5028784      1646   FALSE       0.9294672 0.001341547 <list[4]>
INFO  [13:16:35.707] [bbotk]  .already_evaluated classif.bbrier warnings errors runtime_learners
INFO  [13:16:35.707] [bbotk]               FALSE     0.02599297        0      0           78.659
INFO  [13:16:35.707] [bbotk]                                 uhash
INFO  [13:16:35.707] [bbotk]  d9b03c40-1cd3-4c9a-9af7-6c53b16fe41c
INFO  [13:16:40.175] [bbotk] Evaluating 1 configuration(s)
INFO  [13:17:51.190] [bbotk] Result of batch 68:
INFO  [13:17:51.200] [bbotk]  mtry.ratio num.trees replace sample.fraction      acq_ei  x_domain
INFO  [13:17:51.200] [bbotk]   0.5920141      1434    TRUE       0.9747855 0.001568497 <list[4]>
INFO  [13:17:51.200] [bbotk]  .already_evaluated classif.bbrier warnings errors runtime_learners
INFO  [13:17:51.200] [bbotk]               FALSE     0.02680015        0      0           70.662
INFO  [13:17:51.200] [bbotk]                                 uhash
INFO  [13:17:51.200] [bbotk]  68815aad-da25-443a-8c55-c7288ed49596
INFO  [13:17:54.850] [bbotk] Evaluating 1 configuration(s)
INFO  [13:18:37.417] [bbotk] Result of batch 69:
INFO  [13:18:37.439] [bbotk]  mtry.ratio num.trees replace sample.fraction      acq_ei  x_domain
INFO  [13:18:37.439] [bbotk]   0.4204712      1030   FALSE       0.8611798 0.001389769 <list[4]>
INFO  [13:18:37.439] [bbotk]  .already_evaluated classif.bbrier warnings errors runtime_learners
INFO  [13:18:37.439] [bbotk]               FALSE     0.02644448        0      0           42.155
INFO  [13:18:37.439] [bbotk]                                 uhash
INFO  [13:18:37.439] [bbotk]  404a9421-f928-419c-8946-b200c0157b28
INFO  [13:18:41.443] [bbotk] Evaluating 1 configuration(s)
INFO  [13:18:59.784] [bbotk] Result of batch 70:
INFO  [13:18:59.802] [bbotk]  mtry.ratio num.trees replace sample.fraction      acq_ei  x_domain
INFO  [13:18:59.802] [bbotk]  0.08151602       763   FALSE        0.202227 0.002225227 <list[4]>
INFO  [13:18:59.802] [bbotk]  .already_evaluated classif.bbrier warnings errors runtime_learners
INFO  [13:18:59.802] [bbotk]               FALSE     0.05317169        0      0           17.919
INFO  [13:18:59.802] [bbotk]                                 uhash
INFO  [13:18:59.802] [bbotk]  5975c6b2-abe2-46f1-acb6-7d0f3880c462
INFO  [13:19:03.695] [bbotk] Evaluating 1 configuration(s)
INFO  [13:19:13.015] [bbotk] Result of batch 71:
INFO  [13:19:13.035] [bbotk]  mtry.ratio num.trees replace sample.fraction      acq_ei  x_domain
INFO  [13:19:13.035] [bbotk]    0.254698       204   FALSE       0.9671645 0.001318002 <list[4]>
INFO  [13:19:13.035] [bbotk]  .already_evaluated classif.bbrier warnings errors runtime_learners
INFO  [13:19:13.035] [bbotk]               FALSE     0.02656725        0      0            9.022
INFO  [13:19:13.035] [bbotk]                                 uhash
INFO  [13:19:13.035] [bbotk]  24a97fa0-bdb9-4b94-836c-1450d0d66b74
INFO  [13:19:16.893] [bbotk] Evaluating 1 configuration(s)
INFO  [13:19:25.104] [bbotk] Result of batch 72:
INFO  [13:19:25.146] [bbotk]  mtry.ratio num.trees replace sample.fraction       acq_ei  x_domain
INFO  [13:19:25.146] [bbotk]   0.4337445       283   FALSE       0.2105689 0.0009629055 <list[4]>
INFO  [13:19:25.146] [bbotk]  .already_evaluated classif.bbrier warnings errors runtime_learners
INFO  [13:19:25.146] [bbotk]               FALSE     0.03752176        0      0             7.64
INFO  [13:19:25.146] [bbotk]                                 uhash
INFO  [13:19:25.146] [bbotk]  b059020a-6cf6-40a7-8d51-b4af1818dbfc
INFO  [13:19:29.871] [bbotk] Evaluating 1 configuration(s)
INFO  [13:19:51.895] [bbotk] Result of batch 73:
INFO  [13:19:51.904] [bbotk]  mtry.ratio num.trees replace sample.fraction      acq_ei  x_domain
INFO  [13:19:51.904] [bbotk]   0.5463764       847   FALSE       0.2122688 0.002314389 <list[4]>
INFO  [13:19:51.904] [bbotk]  .already_evaluated classif.bbrier warnings errors runtime_learners
INFO  [13:19:51.904] [bbotk]               FALSE     0.03706785        0      0           21.609
INFO  [13:19:51.904] [bbotk]                                 uhash
INFO  [13:19:51.904] [bbotk]  f46423f2-3c3d-4b0d-b849-14f4a7d87e1d
INFO  [13:19:56.395] [bbotk] Evaluating 1 configuration(s)
INFO  [13:20:35.748] [bbotk] Result of batch 74:
INFO  [13:20:35.757] [bbotk]  mtry.ratio num.trees replace sample.fraction      acq_ei  x_domain
INFO  [13:20:35.757] [bbotk]   0.4095812      1814   FALSE       0.2125773 0.003338648 <list[4]>
INFO  [13:20:35.757] [bbotk]  .already_evaluated classif.bbrier warnings errors runtime_learners
INFO  [13:20:35.757] [bbotk]               FALSE     0.03737701        0      0           38.959
INFO  [13:20:35.757] [bbotk]                                 uhash
INFO  [13:20:35.757] [bbotk]  c1f8a3c7-772b-4c70-84e0-2a57ab4fe50e
INFO  [13:20:39.579] [bbotk] Evaluating 1 configuration(s)
INFO  [13:20:51.952] [bbotk] Result of batch 75:
INFO  [13:20:51.973] [bbotk]  mtry.ratio num.trees replace sample.fraction      acq_ei  x_domain
INFO  [13:20:51.973] [bbotk]  0.03337198       407   FALSE       0.9943727 0.001339565 <list[4]>
INFO  [13:20:51.973] [bbotk]  .already_evaluated classif.bbrier warnings errors runtime_learners
INFO  [13:20:51.973] [bbotk]               FALSE      0.0554764        0      0             11.8
INFO  [13:20:51.973] [bbotk]                                 uhash
INFO  [13:20:51.973] [bbotk]  0936c83f-54c8-4a0e-ae14-3910b3ee9747
INFO  [13:20:56.005] [bbotk] Evaluating 1 configuration(s)
INFO  [13:22:27.690] [bbotk] Result of batch 76:
INFO  [13:22:27.701] [bbotk]  mtry.ratio num.trees replace sample.fraction      acq_ei  x_domain
INFO  [13:22:27.701] [bbotk]   0.7743062      1430   FALSE       0.9800289 0.003416913 <list[4]>
INFO  [13:22:27.701] [bbotk]  .already_evaluated classif.bbrier warnings errors runtime_learners
INFO  [13:22:27.701] [bbotk]               FALSE     0.02754713        0      0           91.268
INFO  [13:22:27.701] [bbotk]                                 uhash
INFO  [13:22:27.701] [bbotk]  cd8c0d35-a55c-4b29-9bfb-04f9f0e8b77d
INFO  [13:22:33.503] [bbotk] Evaluating 1 configuration(s)
INFO  [13:23:40.577] [bbotk] Result of batch 77:
INFO  [13:23:40.598] [bbotk]  mtry.ratio num.trees replace sample.fraction      acq_ei  x_domain
INFO  [13:23:40.598] [bbotk]   0.6839719       998   FALSE       0.9709213 0.001055687 <list[4]>
INFO  [13:23:40.598] [bbotk]  .already_evaluated classif.bbrier warnings errors runtime_learners
INFO  [13:23:40.598] [bbotk]               FALSE     0.02649579        0      0           66.545
INFO  [13:23:40.598] [bbotk]                                 uhash
INFO  [13:23:40.598] [bbotk]  fd991582-6bf5-4d2b-8728-33354051788a
INFO  [13:23:45.028] [bbotk] Evaluating 1 configuration(s)
INFO  [13:24:40.412] [bbotk] Result of batch 78:
INFO  [13:24:40.432] [bbotk]  mtry.ratio num.trees replace sample.fraction      acq_ei  x_domain
INFO  [13:24:40.432] [bbotk]   0.2119463      1410    TRUE       0.8786422 0.002061291 <list[4]>
INFO  [13:24:40.432] [bbotk]  .already_evaluated classif.bbrier warnings errors runtime_learners
INFO  [13:24:40.432] [bbotk]               FALSE     0.02936162        0      0           54.948
INFO  [13:24:40.432] [bbotk]                                 uhash
INFO  [13:24:40.432] [bbotk]  04fc9000-7fa8-4d7c-a8a5-89db6f20bf39
INFO  [13:24:44.496] [bbotk] Evaluating 1 configuration(s)
INFO  [13:25:09.734] [bbotk] Result of batch 79:
INFO  [13:25:09.740] [bbotk]  mtry.ratio num.trees replace sample.fraction      acq_ei  x_domain
INFO  [13:25:09.740] [bbotk]   0.0332251      1128   FALSE       0.6231066 0.001148383 <list[4]>
INFO  [13:25:09.740] [bbotk]  .already_evaluated classif.bbrier warnings errors runtime_learners
INFO  [13:25:09.740] [bbotk]               FALSE       0.123631        0      0           24.727
INFO  [13:25:09.740] [bbotk]                                 uhash
INFO  [13:25:09.740] [bbotk]  10b60153-2909-49b2-ba46-eda467612f6c
INFO  [13:25:14.161] [bbotk] Evaluating 1 configuration(s)
INFO  [13:26:00.412] [bbotk] Result of batch 80:
INFO  [13:26:00.431] [bbotk]  mtry.ratio num.trees replace sample.fraction      acq_ei  x_domain
INFO  [13:26:00.431] [bbotk]   0.4405411      1111   FALSE       0.6458612 0.002198713 <list[4]>
INFO  [13:26:00.431] [bbotk]  .already_evaluated classif.bbrier warnings errors runtime_learners
INFO  [13:26:00.431] [bbotk]               FALSE     0.02840313        0      0           45.881
INFO  [13:26:00.431] [bbotk]                                 uhash
INFO  [13:26:00.431] [bbotk]  ff27b1b8-4e41-4ed5-b386-e33331cf61a9
INFO  [13:26:03.662] [bbotk] Evaluating 1 configuration(s)
INFO  [13:27:21.940] [bbotk] Result of batch 81:
INFO  [13:27:21.993] [bbotk]  mtry.ratio num.trees replace sample.fraction    acq_ei  x_domain
INFO  [13:27:21.993] [bbotk]   0.5362747      1412   FALSE       0.9624301 0.0027091 <list[4]>
INFO  [13:27:21.993] [bbotk]  .already_evaluated classif.bbrier warnings errors runtime_learners
INFO  [13:27:21.993] [bbotk]               FALSE     0.02591651        0      0           77.596
INFO  [13:27:21.993] [bbotk]                                 uhash
INFO  [13:27:21.993] [bbotk]  125a50ca-8e7c-4a5f-8594-d6a6c84c639a
INFO  [13:27:25.701] [bbotk] Evaluating 1 configuration(s)
INFO  [13:28:42.503] [bbotk] Result of batch 82:
INFO  [13:28:42.510] [bbotk]  mtry.ratio num.trees replace sample.fraction      acq_ei  x_domain
INFO  [13:28:42.510] [bbotk]   0.5020468      1143   FALSE       0.9361093 0.002255415 <list[4]>
INFO  [13:28:42.510] [bbotk]  .already_evaluated classif.bbrier warnings errors runtime_learners
INFO  [13:28:42.510] [bbotk]               FALSE     0.02596913        0      0           76.158
INFO  [13:28:42.510] [bbotk]                                 uhash
INFO  [13:28:42.510] [bbotk]  f516554f-ad35-4dad-8810-0d777dbd9e14
INFO  [13:28:47.833] [bbotk] Evaluating 1 configuration(s)
INFO  [13:29:39.731] [bbotk] Result of batch 83:
INFO  [13:29:39.737] [bbotk]  mtry.ratio num.trees replace sample.fraction      acq_ei  x_domain
INFO  [13:29:39.737] [bbotk]   0.4343965      1120    TRUE       0.6693434 0.001888679 <list[4]>
INFO  [13:29:39.737] [bbotk]  .already_evaluated classif.bbrier warnings errors runtime_learners
INFO  [13:29:39.737] [bbotk]               FALSE     0.02924617        0      0           51.437
INFO  [13:29:39.737] [bbotk]                                 uhash
INFO  [13:29:39.737] [bbotk]  2aecc2ae-266c-4dd8-bdb2-9744aab84026
INFO  [13:29:43.263] [bbotk] Evaluating 1 configuration(s)
INFO  [13:30:36.071] [bbotk] Result of batch 84:
INFO  [13:30:36.094] [bbotk]  mtry.ratio num.trees replace sample.fraction     acq_ei  x_domain
INFO  [13:30:36.094] [bbotk]  0.03363003      1766   FALSE       0.4877856 0.00284661 <list[4]>
INFO  [13:30:36.094] [bbotk]  .already_evaluated classif.bbrier warnings errors runtime_learners
INFO  [13:30:36.094] [bbotk]               FALSE     0.06119041        0      0           52.222
INFO  [13:30:36.094] [bbotk]                                 uhash
INFO  [13:30:36.094] [bbotk]  fb92417f-ae07-498f-bfc3-c291894ae9b7
INFO  [13:30:40.249] [bbotk] Evaluating 1 configuration(s)
INFO  [13:31:24.279] [bbotk] Result of batch 85:
INFO  [13:31:24.287] [bbotk]  mtry.ratio num.trees replace sample.fraction      acq_ei  x_domain
INFO  [13:31:24.287] [bbotk]   0.7562849      1329   FALSE       0.2132696 0.002560775 <list[4]>
INFO  [13:31:24.287] [bbotk]  .already_evaluated classif.bbrier warnings errors runtime_learners
INFO  [13:31:24.287] [bbotk]               FALSE     0.03694086        0      0           43.527
INFO  [13:31:24.287] [bbotk]                                 uhash
INFO  [13:31:24.287] [bbotk]  c1dde1e0-aaef-4cc4-9f07-684850307950
INFO  [13:31:24.520] [bbotk] Finished optimizing after 100 evaluation(s)
INFO  [13:31:24.522] [bbotk] Result:
INFO  [13:31:24.528] [bbotk]  mtry.ratio num.trees replace sample.fraction learner_param_vals  x_domain
INFO  [13:31:24.528] [bbotk]       <num>     <int>  <lgcl>           <num>             <list>    <list>
INFO  [13:31:24.528] [bbotk]   0.4076698      1370   FALSE       0.9845622          <list[5]> <list[4]>
INFO  [13:31:24.528] [bbotk]  classif.bbrier
INFO  [13:31:24.528] [bbotk]           <num>
INFO  [13:31:24.528] [bbotk]      0.02558447
Growing trees.. Progress: 82%. Estimated remaining time: 7 seconds.
Growing trees.. Progress: 71%. Estimated remaining time: 12 seconds.

### [bt]: Job terminated successfully [batchtools job.id=2659]
### [bt]: Calculation finished!
