### [bt]: This is batchtools v0.9.17
### [bt]: Starting calculation of 1 jobs
### [bt]: Setting working directory to '/content/drive/MyDrive/GitHub/Mater_Thesis_Calibration'
ece.R :
Friedmann_tasks.R :
Functions.R :
ici.R :
mse_feature_effects.R :
PipeOpCalibration_TuningExperiment.R :
PipeOpCalibration.R :
PipeOpCalibrationUnion.R :
### [bt]: Memory measurement disabled
### [bt]: Starting job [batchtools job.id=324]
### [bt]: Generating problem instance for problem '563768ad2e048da7' ...
### [bt]: Applying algorithm 'run_learner' on problem '563768ad2e048da7' for job 324 (seed = 447) ...
INFO  [23:27:17.301] [mlr3] Applying learner 'xgboost TbC platt' on task 'credit-g' (iter 4/10)
INFO  [23:27:18.913] [bbotk] Starting to optimize 8 parameter(s) with '<OptimizerMbo>' and '<TerminatorEvals> [n_evals=100, k=0]'
INFO  [23:27:19.999] [bbotk] Evaluating 32 configuration(s)
INFO  [23:42:08.259] [bbotk] Result of batch 1:
INFO  [23:42:08.271] [bbotk]       alpha colsample_bylevel colsample_bytree        eta     lambda max_depth
INFO  [23:42:08.271] [bbotk]   1.1146314         0.2592216        0.8339728 -8.2164768 -3.6911354        14
INFO  [23:42:08.271] [bbotk]  -5.7931236         0.7092216        0.3839728 -3.6113067  3.2166199         4
INFO  [23:42:08.271] [bbotk]   4.5685091         0.9342216        0.1589728 -1.3087216 -0.2372578        19
INFO  [23:42:08.271] [bbotk]  -2.3392458         0.4842216        0.6089728 -5.9138918  6.6704975         9
INFO  [23:42:08.271] [bbotk]   2.8415703         0.5967216        0.7214728 -7.0651842 -5.4180742        16
INFO  [23:42:08.271] [bbotk]  -4.0661848         0.1467216        0.2714728 -2.4600142  1.4896810         6
INFO  [23:42:08.271] [bbotk]   6.2954479         0.3717216        0.4964728 -0.1574291 -1.9641966        11
INFO  [23:42:08.271] [bbotk]  -0.6123070         0.8217216        0.9464728 -4.7625993  4.9435587         1
INFO  [23:42:08.271] [bbotk]   1.9781009         0.5404716        0.2152228 -5.3382455  2.3531505        20
INFO  [23:42:08.271] [bbotk]  -4.9296542         0.9904716        0.6652228 -0.7330754 -4.5546048        10
INFO  [23:42:08.271] [bbotk]   5.4319785         0.7654716        0.8902228 -3.0356604  5.8070281        15
INFO  [23:42:08.271] [bbotk]  -1.4757764         0.3154716        0.4402228 -7.6408305 -1.1007272         5
INFO  [23:42:08.271] [bbotk]   3.7050397         0.2029716        0.5527228 -4.1869530  4.0800893        18
INFO  [23:42:08.271] [bbotk]  -3.2027152         0.6529716        0.1027228 -8.7921231 -2.8276660         8
INFO  [23:42:08.271] [bbotk]  -6.6565930         0.4279716        0.7777228 -1.8843679 -6.2815436         3
INFO  [23:42:08.271] [bbotk]   0.2511620         0.8779716        0.3277228 -6.4895381  0.6262116        13
INFO  [23:42:08.271] [bbotk]  -4.4979195         0.5123466        0.3558478 -8.5043000  4.5118240        15
INFO  [23:42:08.271] [bbotk]   2.4098356         0.9623466        0.8058478 -3.8991299 -2.3959313         5
INFO  [23:42:08.271] [bbotk]  -1.0440417         0.7373466        0.5808478 -1.5965448  1.0579463        20
INFO  [23:42:08.271] [bbotk]   5.8637132         0.2873466        0.1308478 -6.2017149 -5.8498089        10
INFO  [23:42:08.271] [bbotk]  -6.2248583         0.8498466        0.2433478 -7.3530074  6.2387628        17
INFO  [23:42:08.271] [bbotk]   0.6828967         0.3998466        0.6933478 -2.7478373 -0.6689925         7
INFO  [23:42:08.271] [bbotk]  -2.7709805         0.1748466        0.9183478 -0.4452522  2.7848852        12
INFO  [23:42:08.271] [bbotk]   4.1367744         0.6248466        0.4683478 -5.0504224 -4.1228701         2
INFO  [23:42:08.271] [bbotk]  -3.6344501         0.5685966        0.8620978 -6.7773612 -1.5324619        11
INFO  [23:42:08.271] [bbotk]   3.2733050         0.1185966        0.4120978 -2.1721910  5.3752934         1
INFO  [23:42:08.271] [bbotk]   6.7271826         0.7935966        0.6370978 -9.0799462  1.9214158         6
INFO  [23:42:08.271] [bbotk]  -0.1805723         0.3435966        0.1870978 -4.4747761 -4.9863395        16
INFO  [23:42:08.271] [bbotk]  -5.3613889         0.2310966        0.7495978 -5.6260687 -3.2594007        18
INFO  [23:42:08.271] [bbotk]   1.5463662         0.6810966        0.2995978 -1.0208985  3.6483546         8
INFO  [23:42:08.271] [bbotk]   5.0002438         0.4560966        0.9745978 -7.9286536  0.1944769         3
INFO  [23:42:08.271] [bbotk]  -1.9075111         0.9060966        0.5245978 -3.3234836 -6.7132783        13
INFO  [23:42:08.271] [bbotk]       alpha colsample_bylevel colsample_bytree        eta     lambda max_depth
INFO  [23:42:08.271] [bbotk]  nrounds subsample classif.bbrier warnings errors runtime_learners
INFO  [23:42:08.271] [bbotk]     1207 0.2513532      0.2240848        0      0           20.909
INFO  [23:42:08.271] [bbotk]     3707 0.7013532      0.1787686        0      0           46.055
INFO  [23:42:08.271] [bbotk]     4957 0.4763532      0.2500000        0      0           44.411
INFO  [23:42:08.271] [bbotk]     2457 0.9263532      0.2067790        0      0           55.107
INFO  [23:42:08.271] [bbotk]     3082 0.5888532      0.1876581        0      0           61.580
INFO  [23:42:08.271] [bbotk]      582 0.1388532      0.1694915        0      0            8.071
INFO  [23:42:08.271] [bbotk]     1832 0.8138532      0.2500000        0      0           12.331
INFO  [23:42:08.271] [bbotk]     4332 0.3638532      0.1764977        0      0           37.926
INFO  [23:42:08.271] [bbotk]     1520 0.8701032      0.1756012        0      0           15.481
INFO  [23:42:08.271] [bbotk]     4020 0.4201032      0.2726005        0      0           50.505
INFO  [23:42:08.271] [bbotk]     2770 0.6451032      0.2500000        0      0           30.905
INFO  [23:42:08.271] [bbotk]      270 0.1951032      0.2372697        0      0            4.148
INFO  [23:42:08.271] [bbotk]      895 0.3076032      0.2428866        0      0           10.444
INFO  [23:42:08.271] [bbotk]     3395 0.7576032      0.2163119        0      0           28.952
INFO  [23:42:08.271] [bbotk]     2145 0.9826032      0.2202409        0      0           21.489
INFO  [23:42:08.271] [bbotk]     4645 0.5326032      0.1651301        0      0           62.557
INFO  [23:42:08.271] [bbotk]     2926 0.8419782      0.2271980        0      0           23.940
INFO  [23:42:08.271] [bbotk]      426 0.3919782      0.1759631        0      0           11.747
INFO  [23:42:08.271] [bbotk]     1676 0.6169782      0.2043296        0      0           26.544
INFO  [23:42:08.271] [bbotk]     4176 0.1669782      0.2500000        0      0           18.971
INFO  [23:42:08.271] [bbotk]     1051 0.5044782      0.2435141        0      0           13.149
INFO  [23:42:08.271] [bbotk]     3551 0.9544782      0.1800927        0      0           32.734
INFO  [23:42:08.271] [bbotk]     4801 0.2794782      0.2220017        0      0           32.969
INFO  [23:42:08.271] [bbotk]     2301 0.7294782      0.2179256        0      0           14.766
INFO  [23:42:08.271] [bbotk]     1363 0.5607282      0.1699515        0      0           40.933
INFO  [23:42:08.271] [bbotk]     3863 0.1107282      0.2499056        0      0           15.667
INFO  [23:42:08.271] [bbotk]      113 0.3357282      0.2500000        0      0            6.270
INFO  [23:42:08.271] [bbotk]     2613 0.7857282      0.1679499        0      0           21.998
INFO  [23:42:08.271] [bbotk]     4488 0.2232282      0.1742418        0      0           45.960
INFO  [23:42:08.271] [bbotk]     1988 0.6732282      0.1736363        0      0           19.587
INFO  [23:42:08.271] [bbotk]     3238 0.8982282      0.2500000        0      0           23.496
INFO  [23:42:08.271] [bbotk]      738 0.4482282      0.1919690        0      0           20.555
INFO  [23:42:08.271] [bbotk]  nrounds subsample classif.bbrier warnings errors runtime_learners
INFO  [23:42:08.271] [bbotk]                                 uhash
INFO  [23:42:08.271] [bbotk]  caadbba2-1597-435a-a6d0-b59a363e2c96
INFO  [23:42:08.271] [bbotk]  d15f7072-1072-47ee-b21e-6cdeeb8abdad
INFO  [23:42:08.271] [bbotk]  7a331d6a-57ac-4906-9591-a3265ab695ff
INFO  [23:42:08.271] [bbotk]  9853334d-aaa8-498b-9958-a47ce5124f0f
INFO  [23:42:08.271] [bbotk]  e2d8eb80-76f7-4163-bde0-628f6a70007a
INFO  [23:42:08.271] [bbotk]  2b0a14f7-5814-4e59-9def-23f8369d8aed
INFO  [23:42:08.271] [bbotk]  6a143d7d-a0a2-4a4d-8ecd-14455c24492e
INFO  [23:42:08.271] [bbotk]  b51ee610-453d-43df-9f8e-4807dcabec41
INFO  [23:42:08.271] [bbotk]  58de68c4-2441-4bac-b676-9143a9ca948c
INFO  [23:42:08.271] [bbotk]  a5473924-ce73-497c-8e80-66b55a8e2525
INFO  [23:42:08.271] [bbotk]  0635a65d-7644-4f31-a2ad-412d7a282d61
INFO  [23:42:08.271] [bbotk]  13662077-8b87-4e1a-8a3e-8c7147bcdf50
INFO  [23:42:08.271] [bbotk]  7183bf93-7457-4806-9f7d-18482fb07f4e
INFO  [23:42:08.271] [bbotk]  79798495-54ac-4616-949d-2e2234b91c8c
INFO  [23:42:08.271] [bbotk]  3e3083ae-6117-4317-80a2-60d2f7c67eeb
INFO  [23:42:08.271] [bbotk]  7cf5ce60-39b5-4333-8e6d-80dcc3cebdf5
INFO  [23:42:08.271] [bbotk]  fc74fea1-5946-49b4-a24f-04497f17593b
INFO  [23:42:08.271] [bbotk]  3df89874-8bb6-4faf-bcca-f455b2a08538
INFO  [23:42:08.271] [bbotk]  7c6eb802-78bb-4089-b967-0108d0fccf0c
INFO  [23:42:08.271] [bbotk]  f5183182-0986-4b42-ba66-f47e0dd9e6d5
INFO  [23:42:08.271] [bbotk]  ef46a56d-d782-4772-a2a1-2a135085b2d2
INFO  [23:42:08.271] [bbotk]  08adc5bc-48d0-46f6-a403-79a678cd3398
INFO  [23:42:08.271] [bbotk]  5fca2e53-faa5-4c43-8533-b0462dc2b0bd
INFO  [23:42:08.271] [bbotk]  79589b58-fc57-4500-b41b-4eb105d9c329
INFO  [23:42:08.271] [bbotk]  8d1edae8-f798-4187-a8d9-0a71c7de673b
INFO  [23:42:08.271] [bbotk]  3b5c1171-5f8c-4649-82cb-41411b1a4c04
INFO  [23:42:08.271] [bbotk]  b223d5a7-b80f-446c-b4b7-9890c42c22dc
INFO  [23:42:08.271] [bbotk]  9d2e92bc-7907-45be-8221-662b847f6ca9
INFO  [23:42:08.271] [bbotk]  7e7131a4-f9ac-47dc-834a-d96dad30a984
INFO  [23:42:08.271] [bbotk]  d9986016-bb5d-4be3-ac96-f163f92027ec
INFO  [23:42:08.271] [bbotk]  380f6fc4-c4bb-4524-899f-3e317eda567a
INFO  [23:42:08.271] [bbotk]  03b7ae7e-9d79-453c-a652-31c751041a93
INFO  [23:42:08.271] [bbotk]                                 uhash
INFO  [23:42:15.991] [bbotk] Evaluating 1 configuration(s)
INFO  [23:43:14.692] [bbotk] Result of batch 2:
INFO  [23:43:14.701] [bbotk]      alpha colsample_bylevel colsample_bytree       eta    lambda max_depth
INFO  [23:43:14.701] [bbotk]  0.5900447         0.7109796        0.3511063 -5.068638 -3.229109         8
INFO  [23:43:14.701] [bbotk]  nrounds subsample     acq_ei  x_domain .already_evaluated classif.bbrier
INFO  [23:43:14.701] [bbotk]     3669   0.98202 0.01427263 <list[8]>              FALSE      0.1709767
INFO  [23:43:14.701] [bbotk]  warnings errors runtime_learners                                uhash
INFO  [23:43:14.701] [bbotk]         0      0           58.365 f699cd04-9278-45d3-922c-c8feced8df19
INFO  [23:43:21.425] [bbotk] Evaluating 1 configuration(s)
INFO  [23:44:05.673] [bbotk] Result of batch 3:
INFO  [23:44:05.684] [bbotk]      alpha colsample_bylevel colsample_bytree       eta    lambda max_depth
INFO  [23:44:05.684] [bbotk]  -4.226055          0.486559        0.8508729 -4.798947 -3.342911         9
INFO  [23:44:05.684] [bbotk]  nrounds subsample     acq_ei  x_domain .already_evaluated classif.bbrier
INFO  [23:44:05.684] [bbotk]     2763 0.6549043 0.01239814 <list[8]>              FALSE      0.1856159
INFO  [23:44:05.684] [bbotk]  warnings errors runtime_learners                                uhash
INFO  [23:44:05.684] [bbotk]         0      0           44.046 20630a05-1e10-4ff4-b8bd-68a5538595b6
INFO  [23:44:12.229] [bbotk] Evaluating 1 configuration(s)
INFO  [23:44:30.170] [bbotk] Result of batch 4:
INFO  [23:44:30.177] [bbotk]     alpha colsample_bylevel colsample_bytree       eta    lambda max_depth
INFO  [23:44:30.177] [bbotk]  1.041133         0.8165508        0.1697662 -4.572619 -3.091946        18
INFO  [23:44:30.177] [bbotk]  nrounds subsample      acq_ei  x_domain .already_evaluated classif.bbrier
INFO  [23:44:30.177] [bbotk]     1577 0.5050749 0.008704724 <list[8]>              FALSE      0.1654159
INFO  [23:44:30.177] [bbotk]  warnings errors runtime_learners                                uhash
INFO  [23:44:30.177] [bbotk]         0      0           17.464 432b2eb1-4b76-4e51-ac9f-e9d7b77bfcd8
INFO  [23:44:40.719] [bbotk] Evaluating 1 configuration(s)
INFO  [23:45:21.761] [bbotk] Result of batch 5:
INFO  [23:45:21.783] [bbotk]      alpha colsample_bylevel colsample_bytree       eta    lambda max_depth
INFO  [23:45:21.783] [bbotk]  0.5118701         0.6307891        0.4906326 -4.678312 -1.357546        14
INFO  [23:45:21.783] [bbotk]  nrounds subsample      acq_ei  x_domain .already_evaluated classif.bbrier
INFO  [23:45:21.783] [bbotk]     2376 0.6141683 0.006940233 <list[8]>              FALSE      0.1722816
INFO  [23:45:21.783] [bbotk]  warnings errors runtime_learners                                uhash
INFO  [23:45:21.783] [bbotk]         0      0           40.638 8d5a4a79-003d-4d2b-928f-d9bde22f352d
INFO  [23:45:35.065] [bbotk] Evaluating 1 configuration(s)
INFO  [23:46:18.010] [bbotk] Result of batch 6:
INFO  [23:46:18.021] [bbotk]     alpha colsample_bylevel colsample_bytree       eta    lambda max_depth
INFO  [23:46:18.021] [bbotk]  1.165369         0.9369672        0.3062104 -5.583378 -2.015861        12
INFO  [23:46:18.021] [bbotk]  nrounds subsample      acq_ei  x_domain .already_evaluated classif.bbrier
INFO  [23:46:18.021] [bbotk]     2595 0.5787495 0.006211519 <list[8]>              FALSE      0.1646357
INFO  [23:46:18.021] [bbotk]  warnings errors runtime_learners                                uhash
INFO  [23:46:18.021] [bbotk]         0      0           42.476 fb1e9d61-ff89-41ac-8b19-e96b96c5ea34
INFO  [23:46:26.168] [bbotk] Evaluating 1 configuration(s)
INFO  [23:46:52.953] [bbotk] Result of batch 7:
INFO  [23:46:52.996] [bbotk]    alpha colsample_bylevel colsample_bytree       eta   lambda max_depth
INFO  [23:46:52.996] [bbotk]  1.53479         0.9515961        0.3087472 -4.548051 2.265895        11
INFO  [23:46:52.996] [bbotk]  nrounds subsample      acq_ei  x_domain .already_evaluated classif.bbrier
INFO  [23:46:52.996] [bbotk]     2918 0.5526497 0.005995017 <list[8]>              FALSE      0.1643086
INFO  [23:46:52.996] [bbotk]  warnings errors runtime_learners                                uhash
INFO  [23:46:52.996] [bbotk]         0      0            26.49 4c35b86f-3422-49e2-bd32-012d91b5f060
INFO  [23:47:00.280] [bbotk] Evaluating 1 configuration(s)
INFO  [23:47:09.653] [bbotk] Result of batch 8:
INFO  [23:47:09.782] [bbotk]      alpha colsample_bylevel colsample_bytree       eta   lambda max_depth
INFO  [23:47:09.782] [bbotk]  -4.924399         0.2994845        0.4863074 -4.557058 1.428818         1
INFO  [23:47:09.782] [bbotk]  nrounds subsample      acq_ei  x_domain .already_evaluated classif.bbrier
INFO  [23:47:09.782] [bbotk]     1690 0.2693733 0.005726984 <list[8]>              FALSE      0.1691761
INFO  [23:47:09.782] [bbotk]  warnings errors runtime_learners                                uhash
INFO  [23:47:09.782] [bbotk]         0      0            9.104 f0d02f8c-436b-47df-9037-f85a7783d6cb
INFO  [23:47:18.529] [bbotk] Evaluating 1 configuration(s)
INFO  [23:47:44.542] [bbotk] Result of batch 9:
INFO  [23:47:44.550] [bbotk]     alpha colsample_bylevel colsample_bytree       eta   lambda max_depth
INFO  [23:47:44.550] [bbotk]  1.000762         0.9160495        0.4249844 -6.112571 2.772237         2
INFO  [23:47:44.550] [bbotk]  nrounds subsample      acq_ei  x_domain .already_evaluated classif.bbrier
INFO  [23:47:44.550] [bbotk]     3035 0.4445941 0.008462359 <list[8]>              FALSE      0.1752644
INFO  [23:47:44.550] [bbotk]  warnings errors runtime_learners                                uhash
INFO  [23:47:44.550] [bbotk]         0      0           25.716 43946347-3186-46d1-850a-58499e0d3536
INFO  [23:47:51.320] [bbotk] Evaluating 1 configuration(s)
INFO  [23:48:41.400] [bbotk] Result of batch 10:
INFO  [23:48:41.406] [bbotk]     alpha colsample_bylevel colsample_bytree       eta    lambda max_depth
INFO  [23:48:41.406] [bbotk]  1.317881         0.9002841        0.1744244 -5.904983 -3.021079        20
INFO  [23:48:41.406] [bbotk]  nrounds subsample      acq_ei  x_domain .already_evaluated classif.bbrier
INFO  [23:48:41.406] [bbotk]     4837 0.7563374 0.005986955 <list[8]>              FALSE      0.1662583
INFO  [23:48:41.406] [bbotk]  warnings errors runtime_learners                                uhash
INFO  [23:48:41.406] [bbotk]         0      0           49.781 b29884f5-6a39-4e13-8813-fa23d76ef74d
INFO  [23:48:52.814] [bbotk] Evaluating 1 configuration(s)
INFO  [23:48:56.903] [bbotk] Result of batch 11:
INFO  [23:48:56.925] [bbotk]     alpha colsample_bylevel colsample_bytree       eta    lambda max_depth
INFO  [23:48:56.925] [bbotk]  2.003363         0.9976443        0.1565212 -2.910533 -3.277163        11
INFO  [23:48:56.925] [bbotk]  nrounds subsample      acq_ei  x_domain .already_evaluated classif.bbrier
INFO  [23:48:56.925] [bbotk]      434 0.7614852 0.004062909 <list[8]>              FALSE      0.1682717
INFO  [23:48:56.925] [bbotk]  warnings errors runtime_learners                                uhash
INFO  [23:48:56.925] [bbotk]         0      0            3.701 92ca5191-8d21-4f0d-a8b9-87fffa1455aa
INFO  [23:49:03.086] [bbotk] Evaluating 1 configuration(s)
INFO  [23:49:15.670] [bbotk] Result of batch 12:
INFO  [23:49:15.692] [bbotk]      alpha colsample_bylevel colsample_bytree       eta    lambda max_depth
INFO  [23:49:15.692] [bbotk]  -3.603979         0.2050312        0.8276284 -5.409384 -1.186688        11
INFO  [23:49:15.692] [bbotk]  nrounds subsample      acq_ei  x_domain .already_evaluated classif.bbrier
INFO  [23:49:15.692] [bbotk]      679 0.5507761 0.004703137 <list[8]>              FALSE      0.1649468
INFO  [23:49:15.692] [bbotk]  warnings errors runtime_learners                                uhash
INFO  [23:49:15.692] [bbotk]         0      0           12.108 8d84768a-525f-488f-a62a-f58400e1d829
INFO  [23:49:22.336] [bbotk] Evaluating 1 configuration(s)
INFO  [23:50:17.604] [bbotk] Result of batch 13:
INFO  [23:50:17.613] [bbotk]      alpha colsample_bylevel colsample_bytree       eta   lambda max_depth
INFO  [23:50:17.613] [bbotk]  0.1871042         0.7601547        0.1900417 -5.273241 2.053942        17
INFO  [23:50:17.613] [bbotk]  nrounds subsample      acq_ei  x_domain .already_evaluated classif.bbrier
INFO  [23:50:17.613] [bbotk]     4934 0.8270865 0.005327082 <list[8]>              FALSE      0.1672631
INFO  [23:50:17.613] [bbotk]  warnings errors runtime_learners                                uhash
INFO  [23:50:17.613] [bbotk]         0      0           54.768 b8f777e7-bd1e-4e7b-84e7-b5fe68c37cab
WARN  [23:50:18.184] [mlr3] train: Stopped because hard maximum generation limit was hit.
INFO  [23:50:27.735] [bbotk] Evaluating 1 configuration(s)
INFO  [23:50:49.288] [bbotk] Result of batch 14:
INFO  [23:50:49.323] [bbotk]      alpha colsample_bylevel colsample_bytree       eta   lambda max_depth
INFO  [23:50:49.323] [bbotk]  -3.848048         0.2759426        0.7048227 -5.745107 0.700547        19
INFO  [23:50:49.323] [bbotk]  nrounds subsample      acq_ei  x_domain .already_evaluated classif.bbrier
INFO  [23:50:49.323] [bbotk]     3171 0.1800375 0.004897585 <list[8]>              FALSE      0.1659987
INFO  [23:50:49.323] [bbotk]  warnings errors runtime_learners                                uhash
INFO  [23:50:49.323] [bbotk]         0      0           21.147 96e8e7d8-ab9c-4972-910e-7d411515eac4
INFO  [23:51:00.214] [bbotk] Evaluating 1 configuration(s)
INFO  [23:51:36.758] [bbotk] Result of batch 15:
INFO  [23:51:36.767] [bbotk]      alpha colsample_bylevel colsample_bytree       eta   lambda max_depth
INFO  [23:51:36.767] [bbotk]  -0.346438         0.7947854        0.1564689 -5.364162 -3.46074        10
INFO  [23:51:36.767] [bbotk]  nrounds subsample      acq_ei  x_domain .already_evaluated classif.bbrier
INFO  [23:51:36.767] [bbotk]     4665 0.1906773 0.003864707 <list[8]>              FALSE      0.1693304
INFO  [23:51:36.767] [bbotk]  warnings errors runtime_learners                                uhash
INFO  [23:51:36.767] [bbotk]         0      0           36.237 9c60f821-8d5b-44dd-a8cf-3a7c067d0302
INFO  [23:51:50.171] [bbotk] Evaluating 1 configuration(s)
INFO  [23:51:55.817] [bbotk] Result of batch 16:
INFO  [23:51:55.824] [bbotk]      alpha colsample_bylevel colsample_bytree       eta    lambda max_depth
INFO  [23:51:55.824] [bbotk]  -3.639637         0.2129045        0.6649191 -5.295156 -2.166628         8
INFO  [23:51:55.824] [bbotk]  nrounds subsample      acq_ei  x_domain .already_evaluated classif.bbrier
INFO  [23:51:55.824] [bbotk]      210 0.1547269 0.004986383 <list[8]>              FALSE      0.1883026
INFO  [23:51:55.824] [bbotk]  warnings errors runtime_learners                                uhash
INFO  [23:51:55.824] [bbotk]         0      0            5.254 aaaa20c9-94cd-4f4b-955c-1c8ddfcb3555
INFO  [23:52:11.242] [bbotk] Evaluating 1 configuration(s)
INFO  [23:52:48.681] [bbotk] Result of batch 17:
INFO  [23:52:48.705] [bbotk]      alpha colsample_bylevel colsample_bytree       eta    lambda max_depth
INFO  [23:52:48.705] [bbotk]  -4.600283         0.4326482        0.9111693 -5.587526 0.7061726         5
INFO  [23:52:48.705] [bbotk]  nrounds subsample      acq_ei  x_domain .already_evaluated classif.bbrier
INFO  [23:52:48.705] [bbotk]     1767 0.9026715 0.004898772 <list[8]>              FALSE      0.1675153
INFO  [23:52:48.705] [bbotk]  warnings errors runtime_learners                                uhash
INFO  [23:52:48.705] [bbotk]         0      0            37.15 a70d6e82-f597-48a7-93fb-3b64f501cdca
INFO  [23:53:00.392] [bbotk] Evaluating 1 configuration(s)
INFO  [23:53:20.092] [bbotk] Result of batch 18:
INFO  [23:53:20.113] [bbotk]      alpha colsample_bylevel colsample_bytree       eta   lambda max_depth
INFO  [23:53:20.113] [bbotk]  -4.223631         0.1940328        0.9739875 -4.316159 2.441016        13
INFO  [23:53:20.113] [bbotk]  nrounds subsample      acq_ei  x_domain .already_evaluated classif.bbrier
INFO  [23:53:20.113] [bbotk]     1478 0.6163817 0.007880895 <list[8]>              FALSE      0.1672358
INFO  [23:53:20.113] [bbotk]  warnings errors runtime_learners                                uhash
INFO  [23:53:20.113] [bbotk]         0      0            19.25 a9e5d3ca-2ea2-4fd1-b5fc-4d96009f6a70
INFO  [23:53:29.072] [bbotk] Evaluating 1 configuration(s)
INFO  [23:53:44.799] [bbotk] Result of batch 19:
INFO  [23:53:44.809] [bbotk]      alpha colsample_bylevel colsample_bytree       eta    lambda max_depth
INFO  [23:53:44.809] [bbotk]  -3.987079         0.1493277        0.5193121 -6.073817 -0.591232        20
INFO  [23:53:44.809] [bbotk]  nrounds subsample      acq_ei  x_domain .already_evaluated classif.bbrier
INFO  [23:53:44.809] [bbotk]     2178 0.5611823 0.005673721 <list[8]>              FALSE      0.1647663
INFO  [23:53:44.809] [bbotk]  warnings errors runtime_learners                                uhash
INFO  [23:53:44.809] [bbotk]         0      0            15.47 e323f3dc-fde7-4426-b054-07ceeda224bf
WARN  [23:53:46.743] [mlr3] train: Stopped because hard maximum generation limit was hit.
INFO  [23:53:54.028] [bbotk] Evaluating 1 configuration(s)
INFO  [23:54:31.262] [bbotk] Result of batch 20:
INFO  [23:54:31.269] [bbotk]     alpha colsample_bylevel colsample_bytree       eta   lambda max_depth
INFO  [23:54:31.269] [bbotk]  1.317981          0.913019        0.3704404 -5.083222 -6.01172        11
INFO  [23:54:31.269] [bbotk]  nrounds subsample      acq_ei  x_domain .already_evaluated classif.bbrier
INFO  [23:54:31.269] [bbotk]     2309 0.8269693 0.004094018 <list[8]>              FALSE      0.1658692
INFO  [23:54:31.269] [bbotk]  warnings errors runtime_learners                                uhash
INFO  [23:54:31.269] [bbotk]         0      0           36.707 491695b1-072f-4ce3-9e02-a5d5dc06e8a3
WARN  [23:54:36.240] [mlr3] train: Stopped because hard maximum generation limit was hit.
INFO  [23:54:47.015] [bbotk] Evaluating 1 configuration(s)
INFO  [23:55:30.706] [bbotk] Result of batch 21:
INFO  [23:55:30.718] [bbotk]      alpha colsample_bylevel colsample_bytree       eta    lambda max_depth
INFO  [23:55:30.718] [bbotk]  -4.499716         0.2086442        0.9739229 -6.261103 -1.261292        19
INFO  [23:55:30.718] [bbotk]  nrounds subsample      acq_ei  x_domain .already_evaluated classif.bbrier
INFO  [23:55:30.718] [bbotk]     2483 0.5762591 0.005601417 <list[8]>              FALSE      0.1659165
INFO  [23:55:30.718] [bbotk]  warnings errors runtime_learners                                uhash
INFO  [23:55:30.718] [bbotk]         0      0           43.359 358e5e18-b0d9-4ea8-8c7c-0d3a58317f96
WARN  [23:55:32.509] [mlr3] train: Stopped because hard maximum generation limit was hit.
INFO  [23:55:41.529] [bbotk] Evaluating 1 configuration(s)
INFO  [23:56:08.475] [bbotk] Result of batch 22:
INFO  [23:56:08.501] [bbotk]     alpha colsample_bylevel colsample_bytree       eta    lambda max_depth
INFO  [23:56:08.501] [bbotk]  -3.91993         0.4486705        0.5113774 -4.932659 0.6361639        17
INFO  [23:56:08.501] [bbotk]  nrounds subsample      acq_ei  x_domain .already_evaluated classif.bbrier
INFO  [23:56:08.501] [bbotk]     1260 0.7523023 0.004204808 <list[8]>              FALSE      0.1684879
INFO  [23:56:08.501] [bbotk]  warnings errors runtime_learners                                uhash
INFO  [23:56:08.501] [bbotk]         0      0           26.552 d89a3de8-969a-48f1-90b9-ef09c0c6e182
INFO  [23:56:22.139] [bbotk] Evaluating 1 configuration(s)
INFO  [23:56:38.106] [bbotk] Result of batch 23:
INFO  [23:56:38.137] [bbotk]      alpha colsample_bylevel colsample_bytree       eta   lambda max_depth
INFO  [23:56:38.137] [bbotk]  -4.161035         0.1580921        0.1010963 -3.854923 1.015286         4
INFO  [23:56:38.137] [bbotk]  nrounds subsample      acq_ei  x_domain .already_evaluated classif.bbrier
INFO  [23:56:38.137] [bbotk]     2750 0.7409859 0.003618233 <list[8]>              FALSE       0.167086
INFO  [23:56:38.137] [bbotk]  warnings errors runtime_learners                                uhash
INFO  [23:56:38.137] [bbotk]         0      0           15.538 a3b6d124-c2bc-4e4e-84f4-716d7edf1c6d
INFO  [23:56:48.492] [bbotk] Evaluating 1 configuration(s)
INFO  [23:57:08.303] [bbotk] Result of batch 24:
INFO  [23:57:08.325] [bbotk]      alpha colsample_bylevel colsample_bytree       eta     lambda max_depth
INFO  [23:57:08.325] [bbotk]  -3.679755          0.102558        0.9238371 -5.510254 0.08250069        14
INFO  [23:57:08.325] [bbotk]  nrounds subsample      acq_ei  x_domain .already_evaluated classif.bbrier
INFO  [23:57:08.325] [bbotk]     1241  0.568095 0.004806158 <list[8]>              FALSE      0.1651347
INFO  [23:57:08.325] [bbotk]  warnings errors runtime_learners                                uhash
INFO  [23:57:08.325] [bbotk]         0      0           19.264 74c1b7f2-75f4-4c4f-be2d-703f87a2ef9f
WARN  [23:57:14.366] [mlr3] train: Stopped because hard maximum generation limit was hit.
INFO  [23:57:20.866] [bbotk] Evaluating 1 configuration(s)
INFO  [23:57:29.417] [bbotk] Result of batch 25:
INFO  [23:57:29.426] [bbotk]      alpha colsample_bylevel colsample_bytree       eta   lambda max_depth
INFO  [23:57:29.426] [bbotk]  -4.895279         0.1730183        0.3068498 -3.280587 3.646668         2
INFO  [23:57:29.426] [bbotk]  nrounds subsample      acq_ei  x_domain .already_evaluated classif.bbrier
INFO  [23:57:29.426] [bbotk]     1561 0.8433145 0.004371926 <list[8]>              FALSE      0.1666954
INFO  [23:57:29.426] [bbotk]  warnings errors runtime_learners                                uhash
INFO  [23:57:29.426] [bbotk]         0      0            8.351 45f2fd8a-ce18-4263-bc51-870eb9f5be31
INFO  [23:57:40.672] [bbotk] Evaluating 1 configuration(s)
INFO  [23:57:48.884] [bbotk] Result of batch 26:
INFO  [23:57:48.941] [bbotk]     alpha colsample_bylevel colsample_bytree       eta   lambda max_depth
INFO  [23:57:48.941] [bbotk]  1.316831         0.8074955        0.1986838 -3.525799 2.718293         4
INFO  [23:57:48.941] [bbotk]  nrounds subsample      acq_ei  x_domain .already_evaluated classif.bbrier
INFO  [23:57:48.941] [bbotk]      891 0.9722162 0.003895184 <list[8]>              FALSE      0.1670191
INFO  [23:57:48.941] [bbotk]  warnings errors runtime_learners                                uhash
INFO  [23:57:48.941] [bbotk]         0      0            7.862 4714ab5a-ef18-477a-a1ee-53b615b6777f
WARN  [23:57:51.568] [mlr3] train: Stopped because hard maximum generation limit was hit.
INFO  [23:58:00.673] [bbotk] Evaluating 1 configuration(s)
INFO  [23:58:29.059] [bbotk] Result of batch 27:
INFO  [23:58:29.073] [bbotk]      alpha colsample_bylevel colsample_bytree      eta   lambda max_depth
INFO  [23:58:29.073] [bbotk]  -4.658844         0.1571597        0.5999727 -5.14861 2.004853        19
INFO  [23:58:29.073] [bbotk]  nrounds subsample      acq_ei  x_domain .already_evaluated classif.bbrier
INFO  [23:58:29.073] [bbotk]     4199  0.402522 0.004531449 <list[8]>              FALSE      0.1665841
INFO  [23:58:29.073] [bbotk]  warnings errors runtime_learners                                uhash
INFO  [23:58:29.073] [bbotk]         0      0           27.862 3e6e790b-da1b-4c20-a16e-7c4fde149ff3
WARN  [23:58:32.632] [mlr3] train: Stopped because hard maximum generation limit was hit.
INFO  [23:58:38.457] [bbotk] Evaluating 1 configuration(s)
INFO  [23:59:11.263] [bbotk] Result of batch 28:
INFO  [23:59:11.272] [bbotk]      alpha colsample_bylevel colsample_bytree       eta   lambda max_depth
INFO  [23:59:11.272] [bbotk]  0.5839953         0.9943719        0.2403351 -4.151206 1.242513        10
INFO  [23:59:11.272] [bbotk]  nrounds subsample      acq_ei  x_domain .already_evaluated classif.bbrier
INFO  [23:59:11.272] [bbotk]     3594 0.6268205 0.003185349 <list[8]>              FALSE      0.1744486
INFO  [23:59:11.272] [bbotk]  warnings errors runtime_learners                                uhash
INFO  [23:59:11.272] [bbotk]         0      0           32.625 d237518f-5025-4d23-95fc-5f6a0afedc0b
INFO  [23:59:18.638] [bbotk] Evaluating 1 configuration(s)
INFO  [00:00:33.286] [bbotk] Result of batch 29:
INFO  [00:00:33.308] [bbotk]      alpha colsample_bylevel colsample_bytree       eta    lambda max_depth
INFO  [00:00:33.308] [bbotk]  -2.623865         0.4800443        0.7390703 -6.041586 -0.708769        19
INFO  [00:00:33.308] [bbotk]  nrounds subsample      acq_ei  x_domain .already_evaluated classif.bbrier
INFO  [00:00:33.308] [bbotk]     4853 0.6526681 0.004001377 <list[8]>              FALSE      0.1748771
INFO  [00:00:33.308] [bbotk]  warnings errors runtime_learners                                uhash
INFO  [00:00:33.308] [bbotk]         0      0           74.231 6ff19dd6-28c8-4c8f-a39e-a369185386fb
WARN  [00:00:38.597] [mlr3] train: Stopped because hard maximum generation limit was hit.
INFO  [00:00:46.209] [bbotk] Evaluating 1 configuration(s)
INFO  [00:01:02.287] [bbotk] Result of batch 30:
INFO  [00:01:02.296] [bbotk]      alpha colsample_bylevel colsample_bytree       eta   lambda max_depth
INFO  [00:01:02.296] [bbotk]  -5.448265         0.1001694        0.2115418 -3.160306 3.184707        12
INFO  [00:01:02.296] [bbotk]  nrounds subsample      acq_ei  x_domain .already_evaluated classif.bbrier
INFO  [00:01:02.296] [bbotk]     2594 0.2465062 0.003866469 <list[8]>              FALSE      0.1678448
INFO  [00:01:02.296] [bbotk]  warnings errors runtime_learners                                uhash
INFO  [00:01:02.296] [bbotk]         0      0           15.679 2fde52ee-b0ca-4d7c-a357-d2a769dab987
INFO  [00:01:11.568] [bbotk] Evaluating 1 configuration(s)
INFO  [00:03:00.149] [bbotk] Result of batch 31:
INFO  [00:03:00.159] [bbotk]     alpha colsample_bylevel colsample_bytree       eta    lambda max_depth
INFO  [00:03:00.159] [bbotk]  1.172019         0.9635455        0.6263904 -5.907059 0.7799049        14
INFO  [00:03:00.159] [bbotk]  nrounds subsample      acq_ei  x_domain .already_evaluated classif.bbrier
INFO  [00:03:00.159] [bbotk]     4470 0.7262011 0.002914504 <list[8]>              FALSE      0.1659134
INFO  [00:03:00.159] [bbotk]  warnings errors runtime_learners                                uhash
INFO  [00:03:00.159] [bbotk]         0      0          108.184 22354aab-dd29-4cc6-96ef-afb77b3b5387
WARN  [00:03:03.234] [mlr3] train: Stopped because hard maximum generation limit was hit.
INFO  [00:03:11.778] [bbotk] Evaluating 1 configuration(s)
INFO  [00:03:20.820] [bbotk] Result of batch 32:
INFO  [00:03:20.833] [bbotk]     alpha colsample_bylevel colsample_bytree       eta     lambda max_depth
INFO  [00:03:20.833] [bbotk]  1.939311         0.9886528        0.2046831 -4.694523 0.08012726        20
INFO  [00:03:20.833] [bbotk]  nrounds subsample      acq_ei  x_domain .already_evaluated classif.bbrier
INFO  [00:03:20.833] [bbotk]     1106  0.859391 0.002738883 <list[8]>              FALSE      0.1696063
INFO  [00:03:20.833] [bbotk]  warnings errors runtime_learners                                uhash
INFO  [00:03:20.833] [bbotk]         0      0            8.637 a5747cfb-a0a1-46b4-9dde-6ccf44fc1faa
INFO  [00:03:31.368] [bbotk] Evaluating 1 configuration(s)
INFO  [00:03:51.003] [bbotk] Result of batch 33:
INFO  [00:03:51.026] [bbotk]      alpha colsample_bylevel colsample_bytree       eta    lambda max_depth
INFO  [00:03:51.026] [bbotk]  0.7815038          0.830018        0.1136507 -6.051114 0.3723486        20
INFO  [00:03:51.026] [bbotk]  nrounds subsample      acq_ei  x_domain .already_evaluated classif.bbrier
INFO  [00:03:51.026] [bbotk]     4968 0.1319677 0.002705871 <list[8]>              FALSE      0.1784682
INFO  [00:03:51.026] [bbotk]  warnings errors runtime_learners                                uhash
INFO  [00:03:51.026] [bbotk]         0      0           19.361 0581921f-6680-4148-b148-682b3a669c16
INFO  [00:04:00.421] [bbotk] Evaluating 1 configuration(s)
INFO  [00:04:43.281] [bbotk] Result of batch 34:
INFO  [00:04:43.291] [bbotk]      alpha colsample_bylevel colsample_bytree       eta    lambda max_depth
INFO  [00:04:43.291] [bbotk]  0.6237427         0.8736436        0.2225903 -5.753921 -6.528912        19
INFO  [00:04:43.291] [bbotk]  nrounds subsample      acq_ei  x_domain .already_evaluated classif.bbrier
INFO  [00:04:43.291] [bbotk]     4213 0.5697391 0.002955157 <list[8]>              FALSE      0.1667419
INFO  [00:04:43.291] [bbotk]  warnings errors runtime_learners                                uhash
INFO  [00:04:43.291] [bbotk]         0      0            42.57 c6034148-54eb-4bf5-88b9-9ab8f7a2a8b5
INFO  [00:04:56.223] [bbotk] Evaluating 1 configuration(s)
INFO  [00:05:18.713] [bbotk] Result of batch 35:
INFO  [00:05:18.761] [bbotk]     alpha colsample_bylevel colsample_bytree       eta    lambda max_depth
INFO  [00:05:18.761] [bbotk]  2.034419         0.7445062        0.1756235 -4.070815 -4.949051        12
INFO  [00:05:18.761] [bbotk]  nrounds subsample      acq_ei  x_domain .already_evaluated classif.bbrier
INFO  [00:05:18.761] [bbotk]     2213 0.7559248 0.002858469 <list[8]>              FALSE      0.1670785
INFO  [00:05:18.761] [bbotk]  warnings errors runtime_learners                                uhash
INFO  [00:05:18.761] [bbotk]         0      0           21.618 227c6f9a-eb5b-45bd-b79f-d88feeacf0b5
INFO  [00:05:34.452] [bbotk] Evaluating 1 configuration(s)
INFO  [00:07:27.937] [bbotk] Result of batch 36:
INFO  [00:07:27.946] [bbotk]       alpha colsample_bylevel colsample_bytree       eta    lambda max_depth
INFO  [00:07:27.946] [bbotk]  -0.4727988         0.8881306        0.6591499 -6.010127 -5.949459        20
INFO  [00:07:27.946] [bbotk]  nrounds subsample      acq_ei  x_domain .already_evaluated classif.bbrier
INFO  [00:07:27.946] [bbotk]     4412 0.6326401 0.002538082 <list[8]>              FALSE      0.1736407
INFO  [00:07:27.946] [bbotk]  warnings errors runtime_learners                                uhash
INFO  [00:07:27.946] [bbotk]         0      0          113.049 fea0723d-78f0-475f-b1a3-919346d22dbf
INFO  [00:07:40.374] [bbotk] Evaluating 1 configuration(s)
INFO  [00:08:04.850] [bbotk] Result of batch 37:
INFO  [00:08:04.870] [bbotk]     alpha colsample_bylevel colsample_bytree      eta    lambda max_depth
INFO  [00:08:04.870] [bbotk]  0.442919         0.5216053        0.1596207 -5.80459 -3.487051        17
INFO  [00:08:04.870] [bbotk]  nrounds subsample      acq_ei  x_domain .already_evaluated classif.bbrier
INFO  [00:08:04.870] [bbotk]     4128 0.7280568 0.002592028 <list[8]>              FALSE      0.1658062
INFO  [00:08:04.870] [bbotk]  warnings errors runtime_learners                                uhash
INFO  [00:08:04.870] [bbotk]         0      0            23.95 72663bca-6a18-4da2-99f5-82275e7aa5c2
INFO  [00:08:14.715] [bbotk] Evaluating 1 configuration(s)
INFO  [00:08:59.566] [bbotk] Result of batch 38:
INFO  [00:08:59.621] [bbotk]      alpha colsample_bylevel colsample_bytree       eta     lambda max_depth
INFO  [00:08:59.621] [bbotk]  -4.051739         0.2649006        0.8772661 -6.298377 -0.0300535        14
INFO  [00:08:59.621] [bbotk]  nrounds subsample      acq_ei  x_domain .already_evaluated classif.bbrier
INFO  [00:08:59.621] [bbotk]     3229 0.4209125 0.002228321 <list[8]>              FALSE      0.1658672
INFO  [00:08:59.621] [bbotk]  warnings errors runtime_learners                                uhash
INFO  [00:08:59.621] [bbotk]         0      0           44.268 9c064507-6203-4a3c-a532-b412e93011bd
WARN  [00:09:08.299] [mlr3] train: Stopped because hard maximum generation limit was hit.
INFO  [00:09:16.677] [bbotk] Evaluating 1 configuration(s)
INFO  [00:09:28.929] [bbotk] Result of batch 39:
INFO  [00:09:28.938] [bbotk]      alpha colsample_bylevel colsample_bytree       eta      lambda max_depth
INFO  [00:09:28.938] [bbotk]  -5.783202          0.162955        0.5387874 -3.764712 0.007009609         3
INFO  [00:09:28.938] [bbotk]  nrounds subsample     acq_ei  x_domain .already_evaluated classif.bbrier
INFO  [00:09:28.938] [bbotk]     1185  0.734496 0.00210431 <list[8]>              FALSE      0.1707025
INFO  [00:09:28.938] [bbotk]  warnings errors runtime_learners                                uhash
INFO  [00:09:28.938] [bbotk]         0      0           11.782 8492422c-6b98-45f1-ae05-492d2c800fb8
INFO  [00:09:44.497] [bbotk] Evaluating 1 configuration(s)
INFO  [00:10:04.784] [bbotk] Result of batch 40:
INFO  [00:10:04.793] [bbotk]     alpha colsample_bylevel colsample_bytree       eta    lambda max_depth
INFO  [00:10:04.793] [bbotk]  1.663527         0.9579691        0.4337333 -4.718408 -3.116356        10
INFO  [00:10:04.793] [bbotk]  nrounds subsample      acq_ei  x_domain .already_evaluated classif.bbrier
INFO  [00:10:04.793] [bbotk]     1516 0.6313553 0.001820681 <list[8]>              FALSE      0.1641795
INFO  [00:10:04.793] [bbotk]  warnings errors runtime_learners                                uhash
INFO  [00:10:04.793] [bbotk]         0      0           19.814 294242e8-ae9b-485f-ae71-231ccadabbc9
INFO  [00:10:15.054] [bbotk] Evaluating 1 configuration(s)
INFO  [00:10:23.280] [bbotk] Result of batch 41:
INFO  [00:10:23.300] [bbotk]      alpha colsample_bylevel colsample_bytree       eta   lambda max_depth
INFO  [00:10:23.300] [bbotk]  -3.963368         0.1871835         0.117772 -3.575032 2.882597         4
INFO  [00:10:23.300] [bbotk]  nrounds subsample      acq_ei  x_domain .already_evaluated classif.bbrier
INFO  [00:10:23.300] [bbotk]     1422 0.4517692 0.002670933 <list[8]>              FALSE      0.1708106
INFO  [00:10:23.300] [bbotk]  warnings errors runtime_learners                                uhash
INFO  [00:10:23.300] [bbotk]         0      0            7.674 1849ca84-e379-4cab-81bf-44a4d58d5eb7
WARN  [00:10:26.790] [mlr3] train: Stopped because hard maximum generation limit was hit.
INFO  [00:10:32.464] [bbotk] Evaluating 1 configuration(s)
INFO  [00:10:50.371] [bbotk] Result of batch 42:
INFO  [00:10:50.381] [bbotk]      alpha colsample_bylevel colsample_bytree       eta   lambda max_depth
INFO  [00:10:50.381] [bbotk]  -5.649368         0.1861594        0.7964005 -4.561384 2.737578         1
INFO  [00:10:50.381] [bbotk]  nrounds subsample      acq_ei  x_domain .already_evaluated classif.bbrier
INFO  [00:10:50.381] [bbotk]     3942 0.4478344 0.003145546 <list[8]>              FALSE      0.1678616
INFO  [00:10:50.381] [bbotk]  warnings errors runtime_learners                                uhash
INFO  [00:10:50.381] [bbotk]         0      0           17.466 375f84b7-8731-4044-b070-f52b0f465f76
INFO  [00:11:01.919] [bbotk] Evaluating 1 configuration(s)
INFO  [00:11:20.286] [bbotk] Result of batch 43:
INFO  [00:11:20.297] [bbotk]      alpha colsample_bylevel colsample_bytree       eta     lambda max_depth
INFO  [00:11:20.297] [bbotk]  -4.224524         0.2392893        0.7755856 -6.236531 -0.8733605        11
INFO  [00:11:20.297] [bbotk]  nrounds subsample      acq_ei  x_domain .already_evaluated classif.bbrier
INFO  [00:11:20.297] [bbotk]      766 0.9500299 0.001648825 <list[8]>              FALSE      0.1720131
INFO  [00:11:20.297] [bbotk]  warnings errors runtime_learners                                uhash
INFO  [00:11:20.297] [bbotk]         0      0           18.035 195e6a74-bfdc-4068-8f78-4ceeddc94c44
INFO  [00:11:29.966] [bbotk] Evaluating 1 configuration(s)
INFO  [00:11:55.603] [bbotk] Result of batch 44:
INFO  [00:11:55.611] [bbotk]      alpha colsample_bylevel colsample_bytree       eta    lambda max_depth
INFO  [00:11:55.611] [bbotk]  -5.209406         0.1152261        0.3250803 -3.918692 0.8807412         9
INFO  [00:11:55.611] [bbotk]  nrounds subsample     acq_ei  x_domain .already_evaluated classif.bbrier
INFO  [00:11:55.611] [bbotk]     4593 0.4732777 0.00171591 <list[8]>              FALSE      0.1791797
INFO  [00:11:55.611] [bbotk]  warnings errors runtime_learners                                uhash
INFO  [00:11:55.611] [bbotk]         0      0           25.203 88c1b2ec-f646-4929-a144-f5c63c3e5fff
INFO  [00:12:07.321] [bbotk] Evaluating 1 configuration(s)
INFO  [00:12:20.711] [bbotk] Result of batch 45:
INFO  [00:12:20.731] [bbotk]     alpha colsample_bylevel colsample_bytree       eta    lambda max_depth
INFO  [00:12:20.731] [bbotk]  2.118413         0.8604733        0.2582777 -5.284026 -5.254183        14
INFO  [00:12:20.731] [bbotk]  nrounds subsample      acq_ei  x_domain .already_evaluated classif.bbrier
INFO  [00:12:20.731] [bbotk]      739 0.7064321 0.001889488 <list[8]>              FALSE      0.1789201
INFO  [00:12:20.731] [bbotk]  warnings errors runtime_learners                                uhash
INFO  [00:12:20.731] [bbotk]         0      0           12.516 2361114b-40d3-4c76-b6fb-1ddb632bbd0d
INFO  [00:12:36.016] [bbotk] Evaluating 1 configuration(s)
INFO  [00:12:48.268] [bbotk] Result of batch 46:
INFO  [00:12:48.279] [bbotk]     alpha colsample_bylevel colsample_bytree       eta   lambda max_depth
INFO  [00:12:48.279] [bbotk]  1.704096         0.9671136        0.1369422 -2.954924 1.064953         1
INFO  [00:12:48.279] [bbotk]  nrounds subsample      acq_ei  x_domain .already_evaluated classif.bbrier
INFO  [00:12:48.279] [bbotk]     1678 0.6202225 0.002596794 <list[8]>              FALSE       0.170353
INFO  [00:12:48.279] [bbotk]  warnings errors runtime_learners                                uhash
INFO  [00:12:48.279] [bbotk]         0      0            11.74 1d43734a-1e24-4ee1-9be0-4a70028b364e
INFO  [00:13:01.437] [bbotk] Evaluating 1 configuration(s)
INFO  [00:13:33.860] [bbotk] Result of batch 47:
INFO  [00:13:33.869] [bbotk]      alpha colsample_bylevel colsample_bytree       eta    lambda max_depth
INFO  [00:13:33.869] [bbotk]  -4.676255         0.2475055        0.8263503 -5.470429 0.7105095        15
INFO  [00:13:33.869] [bbotk]  nrounds subsample      acq_ei  x_domain .already_evaluated classif.bbrier
INFO  [00:13:33.869] [bbotk]     1599  0.467143 0.002396231 <list[8]>              FALSE      0.1652075
INFO  [00:13:33.869] [bbotk]  warnings errors runtime_learners                                uhash
INFO  [00:13:33.869] [bbotk]         0      0           31.751 7149bf0a-94cd-4201-94c2-e3a0f787cd6c
INFO  [00:13:49.608] [bbotk] Evaluating 1 configuration(s)
INFO  [00:14:03.506] [bbotk] Result of batch 48:
INFO  [00:14:03.515] [bbotk]     alpha colsample_bylevel colsample_bytree       eta    lambda max_depth
INFO  [00:14:03.515] [bbotk]  1.702342         0.8469173        0.9716065 -2.603622 -1.719407         5
INFO  [00:14:03.515] [bbotk]  nrounds subsample      acq_ei  x_domain .already_evaluated classif.bbrier
INFO  [00:14:03.515] [bbotk]       86 0.7449854 0.001934905 <list[8]>              FALSE      0.1678221
INFO  [00:14:03.515] [bbotk]  warnings errors runtime_learners                                uhash
INFO  [00:14:03.515] [bbotk]         0      0           13.119 cd91ca67-8139-4bdf-8d25-26ac5d86db0b
INFO  [00:14:18.185] [bbotk] Evaluating 1 configuration(s)
INFO  [00:14:35.724] [bbotk] Result of batch 49:
INFO  [00:14:35.771] [bbotk]      alpha colsample_bylevel colsample_bytree       eta    lambda max_depth
INFO  [00:14:35.771] [bbotk]  -3.267024         0.1546114        0.5881135 -4.166308 -1.148289         9
INFO  [00:14:35.771] [bbotk]  nrounds subsample      acq_ei  x_domain .already_evaluated classif.bbrier
INFO  [00:14:35.771] [bbotk]     1057 0.9866573 0.002856474 <list[8]>              FALSE      0.1755181
INFO  [00:14:35.771] [bbotk]  warnings errors runtime_learners                                uhash
INFO  [00:14:35.771] [bbotk]         0      0           16.822 aaa112c6-24b2-4eb2-bbde-b0093536ac16
INFO  [00:14:51.488] [bbotk] Evaluating 1 configuration(s)
INFO  [00:15:19.946] [bbotk] Result of batch 50:
INFO  [00:15:19.955] [bbotk]     alpha colsample_bylevel colsample_bytree      eta    lambda max_depth
INFO  [00:15:19.955] [bbotk]  1.707038         0.9263897        0.2800643 -3.97863 -3.843348        16
INFO  [00:15:19.955] [bbotk]  nrounds subsample      acq_ei  x_domain .already_evaluated classif.bbrier
INFO  [00:15:19.955] [bbotk]     1711  0.614118 0.002379199 <list[8]>              FALSE      0.1649539
INFO  [00:15:19.955] [bbotk]  warnings errors runtime_learners                                uhash
INFO  [00:15:19.955] [bbotk]         0      0           28.053 95907966-6d91-46bf-bfe8-b7251b5dab0f
INFO  [00:15:31.503] [bbotk] Evaluating 1 configuration(s)
INFO  [00:15:51.560] [bbotk] Result of batch 51:
INFO  [00:15:51.569] [bbotk]     alpha colsample_bylevel colsample_bytree      eta    lambda max_depth
INFO  [00:15:51.569] [bbotk]  1.313346         0.7083603        0.4222323 -2.41716 -5.304107         4
INFO  [00:15:51.569] [bbotk]  nrounds subsample      acq_ei  x_domain .already_evaluated classif.bbrier
INFO  [00:15:51.569] [bbotk]     1521 0.8140702 0.002159451 <list[8]>              FALSE      0.1778885
INFO  [00:15:51.569] [bbotk]  warnings errors runtime_learners                                uhash
INFO  [00:15:51.569] [bbotk]         0      0           19.319 02d781c5-b868-43aa-9bf2-dfa01650c56c
WARN  [00:16:00.160] [mlr3] train: Stopped because hard maximum generation limit was hit.
INFO  [00:16:10.136] [bbotk] Evaluating 1 configuration(s)
INFO  [00:16:24.961] [bbotk] Result of batch 52:
INFO  [00:16:24.968] [bbotk]    alpha colsample_bylevel colsample_bytree       eta   lambda max_depth
INFO  [00:16:24.968] [bbotk]  1.29076         0.9855358        0.8535111 -3.018971 2.828279         7
INFO  [00:16:24.968] [bbotk]  nrounds subsample      acq_ei  x_domain .already_evaluated classif.bbrier
INFO  [00:16:24.968] [bbotk]      170 0.7495359 0.002408178 <list[8]>              FALSE      0.1654322
INFO  [00:16:24.968] [bbotk]  warnings errors runtime_learners                                uhash
INFO  [00:16:24.968] [bbotk]         0      0           14.553 447d351c-0647-428d-9e59-05b66a161f58
INFO  [00:16:41.819] [bbotk] Evaluating 1 configuration(s)
INFO  [00:16:54.911] [bbotk] Result of batch 53:
INFO  [00:16:55.014] [bbotk]     alpha colsample_bylevel colsample_bytree       eta  lambda max_depth
INFO  [00:16:55.014] [bbotk]  1.376147         0.9579069        0.1027621 -2.755118 3.48194        16
INFO  [00:16:55.014] [bbotk]  nrounds subsample      acq_ei  x_domain .already_evaluated classif.bbrier
INFO  [00:16:55.014] [bbotk]     1311 0.9830679 0.001864517 <list[8]>              FALSE      0.1673847
INFO  [00:16:55.014] [bbotk]  warnings errors runtime_learners                                uhash
INFO  [00:16:55.014] [bbotk]         0      0            12.08 98a8869c-16a0-4b28-86c6-c72552649e91
INFO  [00:17:15.309] [bbotk] Evaluating 1 configuration(s)
INFO  [00:17:48.004] [bbotk] Result of batch 54:
INFO  [00:17:48.021] [bbotk]     alpha colsample_bylevel colsample_bytree      eta    lambda max_depth
INFO  [00:17:48.021] [bbotk]  1.655038         0.9250381        0.2613412 -4.98047 -1.090138         9
INFO  [00:17:48.021] [bbotk]  nrounds subsample      acq_ei  x_domain .already_evaluated classif.bbrier
INFO  [00:17:48.021] [bbotk]     2748 0.7595871 0.002447322 <list[8]>              FALSE      0.1651209
INFO  [00:17:48.021] [bbotk]  warnings errors runtime_learners                                uhash
INFO  [00:17:48.021] [bbotk]         0      0           32.175 673517d2-78cf-48ea-8b39-35ee168c25b9
INFO  [00:18:02.077] [bbotk] Evaluating 1 configuration(s)
INFO  [00:18:11.785] [bbotk] Result of batch 55:
INFO  [00:18:11.861] [bbotk]     alpha colsample_bylevel colsample_bytree      eta    lambda max_depth
INFO  [00:18:11.861] [bbotk]  1.709201         0.7756767        0.5668739 -2.80556 0.9710476        13
INFO  [00:18:11.861] [bbotk]  nrounds subsample      acq_ei  x_domain .already_evaluated classif.bbrier
INFO  [00:18:11.861] [bbotk]      231 0.8590818 0.001951828 <list[8]>              FALSE       0.164992
INFO  [00:18:11.861] [bbotk]  warnings errors runtime_learners                                uhash
INFO  [00:18:11.861] [bbotk]         0      0            8.783 fc0e55ff-71c8-427d-baef-fe77b0898c45
WARN  [00:18:16.465] [mlr3] train: Stopped because hard maximum generation limit was hit.
INFO  [00:18:23.217] [bbotk] Evaluating 1 configuration(s)
INFO  [00:19:13.622] [bbotk] Result of batch 56:
INFO  [00:19:13.631] [bbotk]     alpha colsample_bylevel colsample_bytree       eta     lambda max_depth
INFO  [00:19:13.631] [bbotk]  1.306716         0.9523778        0.4523162 -4.180747 -0.6755198        11
INFO  [00:19:13.631] [bbotk]  nrounds subsample      acq_ei  x_domain .already_evaluated classif.bbrier
INFO  [00:19:13.631] [bbotk]     2125 0.8567547 0.001682961 <list[8]>              FALSE      0.1675945
INFO  [00:19:13.631] [bbotk]  warnings errors runtime_learners                                uhash
INFO  [00:19:13.631] [bbotk]         0      0           49.953 2e5de4ed-a3e9-4983-bb5b-4a4888362b22
WARN  [00:19:22.759] [mlr3] train: Stopped because hard maximum generation limit was hit.
INFO  [00:19:29.685] [bbotk] Evaluating 1 configuration(s)
INFO  [00:20:24.543] [bbotk] Result of batch 57:
INFO  [00:20:24.568] [bbotk]     alpha colsample_bylevel colsample_bytree       eta    lambda max_depth
INFO  [00:20:24.568] [bbotk]  1.029275         0.6075928        0.2136123 -5.424357 -4.589902        11
INFO  [00:20:24.568] [bbotk]  nrounds subsample      acq_ei  x_domain .already_evaluated classif.bbrier
INFO  [00:20:24.568] [bbotk]     4764 0.6348422 0.002095254 <list[8]>              FALSE      0.1659462
INFO  [00:20:24.568] [bbotk]  warnings errors runtime_learners                                uhash
INFO  [00:20:24.568] [bbotk]         0      0           54.161 344ef320-1799-45a6-9fc2-1ff41b6200fd
INFO  [00:20:40.736] [bbotk] Evaluating 1 configuration(s)
INFO  [00:21:16.474] [bbotk] Result of batch 58:
INFO  [00:21:16.483] [bbotk]     alpha colsample_bylevel colsample_bytree       eta   lambda max_depth
INFO  [00:21:16.483] [bbotk]  1.616276         0.9798055         0.728409 -3.195856 3.281395         6
INFO  [00:21:16.483] [bbotk]  nrounds subsample      acq_ei  x_domain .already_evaluated classif.bbrier
INFO  [00:21:16.483] [bbotk]     2193 0.9217296 0.001562159 <list[8]>              FALSE      0.1673809
INFO  [00:21:16.483] [bbotk]  warnings errors runtime_learners                                uhash
INFO  [00:21:16.483] [bbotk]         0      0           35.331 dabc121e-3324-4109-8d7d-343957922451
INFO  [00:21:28.267] [bbotk] Evaluating 1 configuration(s)
INFO  [00:21:42.230] [bbotk] Result of batch 59:
INFO  [00:21:42.237] [bbotk]      alpha colsample_bylevel colsample_bytree       eta    lambda max_depth
INFO  [00:21:42.237] [bbotk]  -4.373202         0.2741388        0.9334788 -4.749686 -0.922085         5
INFO  [00:21:42.237] [bbotk]  nrounds subsample      acq_ei  x_domain .already_evaluated classif.bbrier
INFO  [00:21:42.237] [bbotk]      975 0.5809331 0.003715667 <list[8]>              FALSE      0.1673086
INFO  [00:21:42.237] [bbotk]  warnings errors runtime_learners                                uhash
INFO  [00:21:42.237] [bbotk]         0      0           13.664 04b610ba-5250-439b-a729-26bcc5aec01e
INFO  [00:21:59.627] [bbotk] Evaluating 1 configuration(s)
INFO  [00:22:18.146] [bbotk] Result of batch 60:
INFO  [00:22:18.155] [bbotk]      alpha colsample_bylevel colsample_bytree       eta    lambda max_depth
INFO  [00:22:18.155] [bbotk]  -4.691717         0.1981563        0.9849666 -5.250799 0.5973077         3
INFO  [00:22:18.155] [bbotk]  nrounds subsample      acq_ei  x_domain .already_evaluated classif.bbrier
INFO  [00:22:18.155] [bbotk]     1811 0.6680716 0.001572645 <list[8]>              FALSE      0.1654542
INFO  [00:22:18.155] [bbotk]  warnings errors runtime_learners                                uhash
INFO  [00:22:18.155] [bbotk]         0      0           18.289 9b31ec24-d988-44e9-b3e9-141ec41ab840
INFO  [00:22:29.405] [bbotk] Evaluating 1 configuration(s)
INFO  [00:22:41.586] [bbotk] Result of batch 61:
INFO  [00:22:41.596] [bbotk]      alpha colsample_bylevel colsample_bytree       eta   lambda max_depth
INFO  [00:22:41.596] [bbotk]  -5.576794         0.1784447        0.5906192 -2.668363 2.603961         3
INFO  [00:22:41.596] [bbotk]  nrounds subsample      acq_ei  x_domain .already_evaluated classif.bbrier
INFO  [00:22:41.596] [bbotk]     1212 0.3550723 0.002311984 <list[8]>              FALSE      0.1726291
INFO  [00:22:41.596] [bbotk]  warnings errors runtime_learners                                uhash
INFO  [00:22:41.596] [bbotk]         0      0           11.783 e500cecd-2b33-4b52-be9f-ba1a90730796
INFO  [00:23:02.920] [bbotk] Evaluating 1 configuration(s)
INFO  [00:23:16.358] [bbotk] Result of batch 62:
INFO  [00:23:16.374] [bbotk]     alpha colsample_bylevel colsample_bytree       eta   lambda max_depth
INFO  [00:23:16.374] [bbotk]  1.911093         0.9843007        0.9102378 -1.632857 5.368317         8
INFO  [00:23:16.374] [bbotk]  nrounds subsample      acq_ei  x_domain .already_evaluated classif.bbrier
INFO  [00:23:16.374] [bbotk]      234 0.7404758 0.001377867 <list[8]>              FALSE      0.1661354
INFO  [00:23:16.374] [bbotk]  warnings errors runtime_learners                                uhash
INFO  [00:23:16.374] [bbotk]         0      0           13.071 1eb7bc45-1f72-45c4-8b3d-730016eebc1a
WARN  [00:23:20.423] [mlr3] train: Stopped because hard maximum generation limit was hit.
INFO  [00:23:25.893] [bbotk] Evaluating 1 configuration(s)
INFO  [00:23:34.196] [bbotk] Result of batch 63:
INFO  [00:23:34.205] [bbotk]     alpha colsample_bylevel colsample_bytree       eta   lambda max_depth
INFO  [00:23:34.205] [bbotk]  1.557329         0.9456605        0.1558954 -2.797524 1.057383         9
INFO  [00:23:34.205] [bbotk]  nrounds subsample      acq_ei  x_domain .already_evaluated classif.bbrier
INFO  [00:23:34.205] [bbotk]      667 0.8655624 0.001307747 <list[8]>              FALSE      0.1667148
INFO  [00:23:34.205] [bbotk]  warnings errors runtime_learners                                uhash
INFO  [00:23:34.205] [bbotk]         0      0             8.07 52f0bd50-6a98-48b2-83cf-d541d7849f0e
INFO  [00:23:46.539] [bbotk] Evaluating 1 configuration(s)
INFO  [00:24:43.449] [bbotk] Result of batch 64:
INFO  [00:24:43.504] [bbotk]     alpha colsample_bylevel colsample_bytree       eta    lambda max_depth
INFO  [00:24:43.504] [bbotk]  1.512982          0.960921        0.5338469 -4.478105 -6.033359        11
INFO  [00:24:43.504] [bbotk]  nrounds subsample      acq_ei  x_domain .already_evaluated classif.bbrier
INFO  [00:24:43.504] [bbotk]     3333  0.483199 0.001659426 <list[8]>              FALSE      0.1667347
INFO  [00:24:43.504] [bbotk]  warnings errors runtime_learners                                uhash
INFO  [00:24:43.504] [bbotk]         0      0           56.527 84f3cfd8-4757-4ebe-a643-2e084c10573a
WARN  [00:24:49.129] [mlr3] train: Stopped because hard maximum generation limit was hit.
INFO  [00:24:55.183] [bbotk] Evaluating 1 configuration(s)
INFO  [00:25:30.195] [bbotk] Result of batch 65:
INFO  [00:25:30.231] [bbotk]      alpha colsample_bylevel colsample_bytree       eta   lambda max_depth
INFO  [00:25:30.231] [bbotk]  -5.477638         0.2152842         0.999179 -5.102868 1.738984        12
INFO  [00:25:30.231] [bbotk]  nrounds subsample      acq_ei  x_domain .already_evaluated classif.bbrier
INFO  [00:25:30.231] [bbotk]     3606 0.1288993 0.001392786 <list[8]>              FALSE      0.1668049
INFO  [00:25:30.231] [bbotk]  warnings errors runtime_learners                                uhash
INFO  [00:25:30.231] [bbotk]         0      0           34.636 d9d61df4-13cc-43fe-8886-f12ffb661044
INFO  [00:25:42.427] [bbotk] Evaluating 1 configuration(s)
INFO  [00:25:46.042] [bbotk] Result of batch 66:
INFO  [00:25:46.055] [bbotk]     alpha colsample_bylevel colsample_bytree       eta lambda max_depth nrounds
INFO  [00:25:46.055] [bbotk]  1.708671         0.8489431         0.270382 -3.722252 4.2403        10      14
INFO  [00:25:46.055] [bbotk]  subsample      acq_ei  x_domain .already_evaluated classif.bbrier warnings
INFO  [00:25:46.055] [bbotk]  0.9129952 0.001430366 <list[8]>              FALSE      0.2342182        0
INFO  [00:25:46.055] [bbotk]  errors runtime_learners                                uhash
INFO  [00:25:46.055] [bbotk]       0            3.095 4b64b902-e2a8-4d9c-b776-b18d7f8cfddf
INFO  [00:26:03.255] [bbotk] Evaluating 1 configuration(s)
INFO  [00:26:19.466] [bbotk] Result of batch 67:
INFO  [00:26:19.504] [bbotk]     alpha colsample_bylevel colsample_bytree       eta    lambda max_depth
INFO  [00:26:19.504] [bbotk]  1.582113          0.808137        0.6679199 -1.552502 0.4428421        19
INFO  [00:26:19.504] [bbotk]  nrounds subsample     acq_ei  x_domain .already_evaluated classif.bbrier
INFO  [00:26:19.504] [bbotk]      613 0.6822076 0.01423951 <list[8]>              FALSE       0.174561
INFO  [00:26:19.504] [bbotk]  warnings errors runtime_learners                                uhash
INFO  [00:26:19.504] [bbotk]         0      0           15.039 c5c1fef4-c319-48b0-b911-f47416af49bd
WARN  [00:26:23.514] [mlr3] train: Stopped because hard maximum generation limit was hit.
INFO  [00:26:28.529] [bbotk] Evaluating 1 configuration(s)
INFO  [00:26:45.113] [bbotk] Result of batch 68:
INFO  [00:26:45.162] [bbotk]    alpha colsample_bylevel colsample_bytree       eta   lambda max_depth
INFO  [00:26:45.162] [bbotk]  1.03183         0.2264443        0.4558812 -2.777675 2.004713         8
INFO  [00:26:45.162] [bbotk]  nrounds subsample      acq_ei  x_domain .already_evaluated classif.bbrier
INFO  [00:26:45.162] [bbotk]     1198  0.776975 0.008233189 <list[8]>              FALSE      0.1683903
INFO  [00:26:45.162] [bbotk]  warnings errors runtime_learners                                uhash
INFO  [00:26:45.162] [bbotk]         0      0           16.065 9b367ac8-6751-4148-a15c-75d4aa6c42f4
INFO  [00:27:04.465] [bbotk] Evaluating 1 configuration(s)
INFO  [00:27:10.958] [bbotk] Result of batch 69:
INFO  [00:27:10.973] [bbotk]       alpha colsample_bylevel colsample_bytree        eta   lambda max_depth
INFO  [00:27:10.973] [bbotk]  -0.3766826         0.5969304        0.9107252 -0.9147846 3.252469         2
INFO  [00:27:10.973] [bbotk]  nrounds subsample     acq_ei  x_domain .already_evaluated classif.bbrier
INFO  [00:27:10.973] [bbotk]       51 0.9944703 0.00568116 <list[8]>              FALSE      0.1728825
INFO  [00:27:10.973] [bbotk]  warnings errors runtime_learners                                uhash
INFO  [00:27:10.973] [bbotk]         0      0            6.209 719ee1d7-8ccf-4697-8fbe-761a19043beb
INFO  [00:27:14.360] [bbotk] Finished optimizing after 100 evaluation(s)
INFO  [00:27:14.362] [bbotk] Result:
INFO  [00:27:14.372] [bbotk]     alpha colsample_bylevel colsample_bytree       eta    lambda max_depth
INFO  [00:27:14.372] [bbotk]     <num>             <num>            <num>     <num>     <num>     <int>
INFO  [00:27:14.372] [bbotk]  1.663527         0.9579691        0.4337333 -4.718408 -3.116356        10
INFO  [00:27:14.372] [bbotk]  nrounds subsample learner_param_vals  x_domain classif.bbrier
INFO  [00:27:14.372] [bbotk]    <int>     <num>             <list>    <list>          <num>
INFO  [00:27:14.372] [bbotk]     1516 0.6313553         <list[10]> <list[8]>      0.1641795

### [bt]: Job terminated successfully [batchtools job.id=324]
### [bt]: Calculation finished!
