### [bt]: This is batchtools v0.9.17
### [bt]: Starting calculation of 1 jobs
### [bt]: Setting working directory to '/content/drive/MyDrive/GitHub/Mater_Thesis_Calibration'
ece.R :
Friedmann_tasks.R :
Functions.R :
ici.R :
mse_feature_effects.R :
PipeOpCalibration_TuningExperiment.R :
PipeOpCalibration.R :
PipeOpCalibrationUnion.R :
### [bt]: Memory measurement disabled
### [bt]: Starting job [batchtools job.id=801]
### [bt]: Generating problem instance for problem 'b541340d6c2eb21d' ...
### [bt]: Applying algorithm 'run_learner' on problem 'b541340d6c2eb21d' for job 801 (seed = 924) ...
INFO  [10:20:51.165] [mlr3] Applying learner 'kknn TbC platt' on task 'kc1' (iter 1/10)
INFO  [10:20:57.293] [bbotk] Starting to optimize 3 parameter(s) with '<OptimizerMbo>' and '<TerminatorEvals> [n_evals=100, k=0]'
INFO  [10:20:58.606] [bbotk] Evaluating 12 configuration(s)
INFO  [10:21:42.455] [bbotk] Result of batch 1:
INFO  [10:21:42.476] [bbotk]          k distance       kernel classif.bbrier warnings errors
INFO  [10:21:42.476] [bbotk]  3.3648917 3.849567     gaussian      0.1096327        0      0
INFO  [10:21:42.476] [bbotk]  1.3989788 1.849567 epanechnikov      0.1343832        0      0
INFO  [10:21:42.476] [bbotk]  2.3819352 2.849567  rectangular      0.1157838        0      0
INFO  [10:21:42.476] [bbotk]  0.4160225 4.849567    triweight      0.1796590        0      0
INFO  [10:21:42.476] [bbotk]  1.8904570 3.349567      optimal      0.1253455        0      0
INFO  [10:21:42.476] [bbotk]  3.8563699 1.349567          cos      0.1094079        0      0
INFO  [10:21:42.476] [bbotk]  0.9075007 2.349567         rank      0.1444456        0      0
INFO  [10:21:42.476] [bbotk]  2.8734135 4.349567     biweight      0.1184470        0      0
INFO  [10:21:42.476] [bbotk]  3.6106308 4.599567 epanechnikov      0.1112573        0      0
INFO  [10:21:42.476] [bbotk]  1.6447179 2.599567          inv      0.1222736        0      0
INFO  [10:21:42.476] [bbotk]  0.6617616 3.599567    triweight      0.1801873        0      0
INFO  [10:21:42.476] [bbotk]  2.6276744 1.599567         rank      0.1138145        0      0
INFO  [10:21:42.476] [bbotk]  runtime_learners                                uhash
INFO  [10:21:42.476] [bbotk]             2.458 4936f41c-7982-4d84-8a31-6dc093811a09
INFO  [10:21:42.476] [bbotk]             2.325 8fd1626e-5de7-4883-a6df-d5df8bef970b
INFO  [10:21:42.476] [bbotk]             5.462 72578341-0f02-4c21-bfe2-e3c2942df41f
INFO  [10:21:42.476] [bbotk]             2.900 c6e298b6-e857-496e-b890-7a65cfc6a056
INFO  [10:21:42.476] [bbotk]             2.491 6c60a502-5ff8-4081-b5b7-92c57897db18
INFO  [10:21:42.476] [bbotk]             3.729 cd7b5cf8-4a10-42b4-9da9-3faa42f3c99b
INFO  [10:21:42.476] [bbotk]             3.653 eb6d84e6-1464-4b2a-af76-96f9f838e76a
INFO  [10:21:42.476] [bbotk]             3.540 51fe607e-2fdb-4ec1-adbd-f45f2a002471
INFO  [10:21:42.476] [bbotk]             3.126 bbe6354e-9147-4678-aed5-9f32a731fb54
INFO  [10:21:42.476] [bbotk]             5.222 656ab66f-51ee-41a5-a81d-e3faf49398cf
INFO  [10:21:42.476] [bbotk]             2.908 86d17171-2309-462e-af1a-fd2645004697
INFO  [10:21:42.476] [bbotk]             2.055 e063d07f-2d28-4e59-af93-10551218fbfc
INFO  [10:21:52.665] [bbotk] Evaluating 1 configuration(s)
INFO  [10:21:56.844] [bbotk] Result of batch 2:
INFO  [10:21:56.862] [bbotk]         k distance    kernel       acq_ei  x_domain .already_evaluated
INFO  [10:21:56.862] [bbotk]  3.625618 4.633589 triweight 0.0007185843 <list[3]>              FALSE
INFO  [10:21:56.862] [bbotk]  classif.bbrier warnings errors runtime_learners
INFO  [10:21:56.862] [bbotk]       0.1145036        0      0             3.57
INFO  [10:21:56.862] [bbotk]                                 uhash
INFO  [10:21:56.862] [bbotk]  7399ccde-c10d-44b6-861b-e8d9fe92c792
INFO  [10:22:01.344] [bbotk] Evaluating 1 configuration(s)
INFO  [10:22:05.581] [bbotk] Result of batch 3:
INFO  [10:22:05.606] [bbotk]         k distance    kernel       acq_ei  x_domain .already_evaluated
INFO  [10:22:05.606] [bbotk]  3.909788 4.732934 triweight 0.0008756604 <list[3]>              FALSE
INFO  [10:22:05.606] [bbotk]  classif.bbrier warnings errors runtime_learners
INFO  [10:22:05.606] [bbotk]       0.1123021        0      0            3.825
INFO  [10:22:05.606] [bbotk]                                 uhash
INFO  [10:22:05.606] [bbotk]  0c0e5e95-f2e9-482e-b5c5-de499cd84f1e
INFO  [10:22:10.119] [bbotk] Evaluating 1 configuration(s)
INFO  [10:22:14.952] [bbotk] Result of batch 4:
INFO  [10:22:14.960] [bbotk]         k distance    kernel      acq_ei  x_domain .already_evaluated
INFO  [10:22:14.960] [bbotk]  3.784438 4.742895 triweight 0.001150353 <list[3]>              FALSE
INFO  [10:22:14.960] [bbotk]  classif.bbrier warnings errors runtime_learners
INFO  [10:22:14.960] [bbotk]       0.1130646        0      0            4.485
INFO  [10:22:14.960] [bbotk]                                 uhash
INFO  [10:22:14.960] [bbotk]  0146ffb0-4746-4764-b7c0-f21deb30c040
INFO  [10:22:19.503] [bbotk] Evaluating 1 configuration(s)
INFO  [10:22:24.744] [bbotk] Result of batch 5:
INFO  [10:22:24.768] [bbotk]         k distance       kernel      acq_ei  x_domain .already_evaluated
INFO  [10:22:24.768] [bbotk]  3.466166 4.856997 epanechnikov 0.001614558 <list[3]>              FALSE
INFO  [10:22:24.768] [bbotk]  classif.bbrier warnings errors runtime_learners
INFO  [10:22:24.768] [bbotk]       0.1114105        0      0            4.585
INFO  [10:22:24.768] [bbotk]                                 uhash
INFO  [10:22:24.768] [bbotk]  bb33539d-8e94-4ae5-9785-26f1f5460473
INFO  [10:22:32.598] [bbotk] Evaluating 1 configuration(s)
INFO  [10:22:36.659] [bbotk] Result of batch 6:
INFO  [10:22:36.727] [bbotk]         k distance kernel       acq_ei  x_domain .already_evaluated
INFO  [10:22:36.727] [bbotk]  3.158899 1.285835   rank 0.0008913203 <list[3]>              FALSE
INFO  [10:22:36.727] [bbotk]  classif.bbrier warnings errors runtime_learners
INFO  [10:22:36.727] [bbotk]       0.1113231        0      0            3.507
INFO  [10:22:36.727] [bbotk]                                 uhash
INFO  [10:22:36.727] [bbotk]  4cc6b089-3423-4dc9-b6a8-949537767bd3
INFO  [10:22:40.099] [bbotk] Evaluating 1 configuration(s)
INFO  [10:22:43.582] [bbotk] Result of batch 7:
INFO  [10:22:43.590] [bbotk]         k distance kernel      acq_ei  x_domain .already_evaluated
INFO  [10:22:43.590] [bbotk]  3.363548 4.968519    cos 0.002284255 <list[3]>              FALSE
INFO  [10:22:43.590] [bbotk]  classif.bbrier warnings errors runtime_learners
INFO  [10:22:43.590] [bbotk]       0.1118329        0      0            3.045
INFO  [10:22:43.590] [bbotk]                                 uhash
INFO  [10:22:43.590] [bbotk]  86e95f1e-62da-4736-a9a6-41016b95778e
INFO  [10:22:46.600] [bbotk] Evaluating 1 configuration(s)
INFO  [10:22:49.199] [bbotk] Result of batch 8:
INFO  [10:22:49.309] [bbotk]         k distance kernel       acq_ei  x_domain .already_evaluated
INFO  [10:22:49.309] [bbotk]  3.370144 4.802913    inv 0.0006979919 <list[3]>              FALSE
INFO  [10:22:49.309] [bbotk]  classif.bbrier warnings errors runtime_learners
INFO  [10:22:49.309] [bbotk]       0.1112249        0      0            2.285
INFO  [10:22:49.309] [bbotk]                                 uhash
INFO  [10:22:49.309] [bbotk]  e7f05d5c-9696-41d2-9f66-39f049d7e244
INFO  [10:22:53.358] [bbotk] Evaluating 1 configuration(s)
INFO  [10:22:56.776] [bbotk] Result of batch 9:
INFO  [10:22:56.838] [bbotk]         k distance   kernel      acq_ei  x_domain .already_evaluated
INFO  [10:22:56.838] [bbotk]  3.462069 3.805212 gaussian 0.001142537 <list[3]>              FALSE
INFO  [10:22:56.838] [bbotk]  classif.bbrier warnings errors runtime_learners
INFO  [10:22:56.838] [bbotk]       0.1096103        0      0            3.173
INFO  [10:22:56.838] [bbotk]                                 uhash
INFO  [10:22:56.838] [bbotk]  66ec6ab8-e379-456d-8c5b-630c6fff5f1d
INFO  [10:23:07.223] [bbotk] Evaluating 1 configuration(s)
INFO  [10:23:09.451] [bbotk] Result of batch 10:
INFO  [10:23:09.540] [bbotk]         k distance   kernel      acq_ei  x_domain .already_evaluated
INFO  [10:23:09.540] [bbotk]  3.335129 3.716239 gaussian 0.001627046 <list[3]>              FALSE
INFO  [10:23:09.540] [bbotk]  classif.bbrier warnings errors runtime_learners
INFO  [10:23:09.540] [bbotk]       0.1096449        0      0            1.879
INFO  [10:23:09.540] [bbotk]                                 uhash
INFO  [10:23:09.540] [bbotk]  54235b15-3890-4a3f-a5e3-8da161174788
INFO  [10:23:13.718] [bbotk] Evaluating 1 configuration(s)
INFO  [10:23:15.455] [bbotk] Result of batch 11:
INFO  [10:23:15.496] [bbotk]          k distance kernel      acq_ei  x_domain .already_evaluated
INFO  [10:23:15.496] [bbotk]  0.8396319 3.635014    inv 0.001429003 <list[3]>              FALSE
INFO  [10:23:15.496] [bbotk]  classif.bbrier warnings errors runtime_learners
INFO  [10:23:15.496] [bbotk]       0.1420173        0      0            1.385
INFO  [10:23:15.496] [bbotk]                                 uhash
INFO  [10:23:15.496] [bbotk]  e9f292fe-b1fd-495a-b9db-ebf53f11382d
INFO  [10:23:20.170] [bbotk] Evaluating 1 configuration(s)
INFO  [10:23:24.444] [bbotk] Result of batch 12:
INFO  [10:23:24.464] [bbotk]         k distance   kernel       acq_ei  x_domain .already_evaluated
INFO  [10:23:24.464] [bbotk]  3.280748 3.697851 gaussian 0.0004971545 <list[3]>              FALSE
INFO  [10:23:24.464] [bbotk]  classif.bbrier warnings errors runtime_learners
INFO  [10:23:24.464] [bbotk]       0.1098584        0      0            4.005
INFO  [10:23:24.464] [bbotk]                                 uhash
INFO  [10:23:24.464] [bbotk]  29d9aff1-4c56-43af-a89f-109c182e0542
INFO  [10:23:28.774] [bbotk] Evaluating 1 configuration(s)
INFO  [10:23:32.042] [bbotk] Result of batch 13:
INFO  [10:23:32.118] [bbotk]        k distance   kernel      acq_ei  x_domain .already_evaluated
INFO  [10:23:32.118] [bbotk]  3.41472 4.836393 gaussian 0.001357744 <list[3]>              FALSE
INFO  [10:23:32.118] [bbotk]  classif.bbrier warnings errors runtime_learners
INFO  [10:23:32.118] [bbotk]       0.1094996        0      0            2.817
INFO  [10:23:32.118] [bbotk]                                 uhash
INFO  [10:23:32.118] [bbotk]  8c4bb458-ab87-43ed-81bb-856532fb1bb5
INFO  [10:23:36.523] [bbotk] Evaluating 1 configuration(s)
INFO  [10:23:38.957] [bbotk] Result of batch 14:
INFO  [10:23:38.969] [bbotk]         k distance    kernel      acq_ei  x_domain .already_evaluated
INFO  [10:23:38.969] [bbotk]  3.132988  4.99314 triweight 0.002593432 <list[3]>              FALSE
INFO  [10:23:38.969] [bbotk]  classif.bbrier warnings errors runtime_learners
INFO  [10:23:38.969] [bbotk]       0.1193591        0      0            2.139
INFO  [10:23:38.969] [bbotk]                                 uhash
INFO  [10:23:38.969] [bbotk]  b24e0a31-d779-44f9-b89f-84e3380d9462
INFO  [10:23:43.615] [bbotk] Evaluating 1 configuration(s)
INFO  [10:23:47.840] [bbotk] Result of batch 15:
INFO  [10:23:47.861] [bbotk]         k distance      kernel       acq_ei  x_domain .already_evaluated
INFO  [10:23:47.861] [bbotk]  3.112171 3.865399 rectangular 0.0003950906 <list[3]>              FALSE
INFO  [10:23:47.861] [bbotk]  classif.bbrier warnings errors runtime_learners
INFO  [10:23:47.861] [bbotk]       0.1122994        0      0            3.822
INFO  [10:23:47.861] [bbotk]                                 uhash
INFO  [10:23:47.861] [bbotk]  9c1a9254-c0b6-4e81-8870-e90895d5d64d
INFO  [10:23:51.274] [bbotk] Evaluating 1 configuration(s)
INFO  [10:23:53.253] [bbotk] Result of batch 16:
INFO  [10:23:53.274] [bbotk]         k distance       kernel      acq_ei  x_domain .already_evaluated
INFO  [10:23:53.274] [bbotk]  3.495493 4.840472 epanechnikov 0.001170548 <list[3]>              FALSE
INFO  [10:23:53.274] [bbotk]  classif.bbrier warnings errors runtime_learners
INFO  [10:23:53.274] [bbotk]       0.1114035        0      0            1.741
INFO  [10:23:53.274] [bbotk]                                 uhash
INFO  [10:23:53.274] [bbotk]  59a002de-524e-47e0-938f-b0cb5a80aa40
INFO  [10:23:56.986] [bbotk] Evaluating 1 configuration(s)
INFO  [10:23:59.122] [bbotk] Result of batch 17:
INFO  [10:23:59.138] [bbotk]         k distance kernel      acq_ei  x_domain .already_evaluated
INFO  [10:23:59.138] [bbotk]  3.332052 3.634121    inv 0.001322389 <list[3]>              FALSE
INFO  [10:23:59.138] [bbotk]  classif.bbrier warnings errors runtime_learners
INFO  [10:23:59.138] [bbotk]        0.111196        0      0            1.854
INFO  [10:23:59.138] [bbotk]                                 uhash
INFO  [10:23:59.138] [bbotk]  39519f90-12da-4693-ab07-6a941a5b2e42
INFO  [10:24:02.967] [bbotk] Evaluating 1 configuration(s)
INFO  [10:24:07.806] [bbotk] Result of batch 18:
INFO  [10:24:07.819] [bbotk]         k distance    kernel      acq_ei  x_domain .already_evaluated
INFO  [10:24:07.819] [bbotk]  3.122373 4.146965 triweight 0.001224111 <list[3]>              FALSE
INFO  [10:24:07.819] [bbotk]  classif.bbrier warnings errors runtime_learners
INFO  [10:24:07.819] [bbotk]       0.1193499        0      0            4.408
INFO  [10:24:07.819] [bbotk]                                 uhash
INFO  [10:24:07.819] [bbotk]  45b52ccc-5156-4ed9-bf77-3237cc72a27f
INFO  [10:24:11.740] [bbotk] Evaluating 1 configuration(s)
INFO  [10:24:14.510] [bbotk] Result of batch 19:
INFO  [10:24:14.530] [bbotk]         k distance   kernel      acq_ei  x_domain .already_evaluated
INFO  [10:24:14.530] [bbotk]  3.608873 3.230217 biweight 0.001215312 <list[3]>              FALSE
INFO  [10:24:14.530] [bbotk]  classif.bbrier warnings errors runtime_learners
INFO  [10:24:14.530] [bbotk]       0.1120565        0      0            2.401
INFO  [10:24:14.530] [bbotk]                                 uhash
INFO  [10:24:14.530] [bbotk]  4eeef740-8717-4314-8c01-3d0999f1c5e1
INFO  [10:24:19.600] [bbotk] Evaluating 1 configuration(s)
INFO  [10:24:24.082] [bbotk] Result of batch 20:
INFO  [10:24:24.129] [bbotk]          k distance    kernel       acq_ei  x_domain .already_evaluated
INFO  [10:24:24.129] [bbotk]  0.7642863 3.871793 triweight 0.0009881209 <list[3]>              FALSE
INFO  [10:24:24.129] [bbotk]  classif.bbrier warnings errors runtime_learners
INFO  [10:24:24.129] [bbotk]       0.1691199        0      0            3.496
INFO  [10:24:24.129] [bbotk]                                 uhash
INFO  [10:24:24.129] [bbotk]  7744cf6f-7739-46fb-a3a7-8d16cf9f9710
INFO  [10:24:28.904] [bbotk] Evaluating 1 configuration(s)
INFO  [10:24:31.456] [bbotk] Result of batch 21:
INFO  [10:24:31.462] [bbotk]         k distance    kernel      acq_ei  x_domain .already_evaluated
INFO  [10:24:31.462] [bbotk]  1.836179 3.868271 triweight 0.001011028 <list[3]>              FALSE
INFO  [10:24:31.462] [bbotk]  classif.bbrier warnings errors runtime_learners
INFO  [10:24:31.462] [bbotk]       0.1422313        0      0            2.157
INFO  [10:24:31.462] [bbotk]                                 uhash
INFO  [10:24:31.462] [bbotk]  15320337-6781-44f7-a54d-ac345d1efe6d
INFO  [10:24:37.686] [bbotk] Evaluating 1 configuration(s)
INFO  [10:24:41.978] [bbotk] Result of batch 22:
INFO  [10:24:41.991] [bbotk]         k distance kernel      acq_ei  x_domain .already_evaluated
INFO  [10:24:41.991] [bbotk]  1.757805 3.816047   rank 0.000636484 <list[3]>              FALSE
INFO  [10:24:41.991] [bbotk]  classif.bbrier warnings errors runtime_learners
INFO  [10:24:41.991] [bbotk]       0.1247216        0      0            3.708
INFO  [10:24:41.991] [bbotk]                                 uhash
INFO  [10:24:41.991] [bbotk]  5c11437e-58db-45b2-b170-b87e42541040
INFO  [10:24:49.972] [bbotk] Evaluating 1 configuration(s)
INFO  [10:24:51.890] [bbotk] Result of batch 23:
INFO  [10:24:51.910] [bbotk]         k distance kernel      acq_ei  x_domain .already_evaluated
INFO  [10:24:51.910] [bbotk]  3.766211 3.440437    cos 0.001238766 <list[3]>              FALSE
INFO  [10:24:51.910] [bbotk]  classif.bbrier warnings errors runtime_learners
INFO  [10:24:51.910] [bbotk]       0.1106079        0      0             1.59
INFO  [10:24:51.910] [bbotk]                                 uhash
INFO  [10:24:51.910] [bbotk]  8e209e87-087f-4fce-bede-9ff5f044affd
INFO  [10:24:56.934] [bbotk] Evaluating 1 configuration(s)
INFO  [10:25:02.643] [bbotk] Result of batch 24:
INFO  [10:25:02.696] [bbotk]         k distance      kernel       acq_ei  x_domain .already_evaluated
INFO  [10:25:02.696] [bbotk]  3.418485 1.421989 rectangular 0.0006885027 <list[3]>              FALSE
INFO  [10:25:02.696] [bbotk]  classif.bbrier warnings errors runtime_learners
INFO  [10:25:02.696] [bbotk]       0.1111658        0      0            5.287
INFO  [10:25:02.696] [bbotk]                                 uhash
INFO  [10:25:02.696] [bbotk]  3fb008a8-2bff-4ef9-beb9-20604342282c
INFO  [10:25:08.433] [bbotk] Evaluating 1 configuration(s)
INFO  [10:25:11.130] [bbotk] Result of batch 25:
INFO  [10:25:11.152] [bbotk]        k distance kernel       acq_ei  x_domain .already_evaluated
INFO  [10:25:11.152] [bbotk]  2.21879 3.996148    cos 0.0009019716 <list[3]>              FALSE
INFO  [10:25:11.152] [bbotk]  classif.bbrier warnings errors runtime_learners
INFO  [10:25:11.152] [bbotk]       0.1224169        0      0            2.226
INFO  [10:25:11.152] [bbotk]                                 uhash
INFO  [10:25:11.152] [bbotk]  0fd5ed62-f7ee-4331-94a4-0d72684c5af2
INFO  [10:25:16.117] [bbotk] Evaluating 1 configuration(s)
INFO  [10:25:19.714] [bbotk] Result of batch 26:
INFO  [10:25:19.775] [bbotk]         k distance kernel      acq_ei  x_domain .already_evaluated
INFO  [10:25:19.775] [bbotk]  3.906746 3.686074    inv 0.000612832 <list[3]>              FALSE
INFO  [10:25:19.775] [bbotk]  classif.bbrier warnings errors runtime_learners
INFO  [10:25:19.775] [bbotk]       0.1106745        0      0            3.175
INFO  [10:25:19.775] [bbotk]                                 uhash
INFO  [10:25:19.775] [bbotk]  9638e571-d3be-4d9e-89e0-9ccaf42e4011
INFO  [10:25:24.808] [bbotk] Evaluating 1 configuration(s)
INFO  [10:25:27.790] [bbotk] Result of batch 27:
INFO  [10:25:27.885] [bbotk]         k distance   kernel      acq_ei  x_domain .already_evaluated
INFO  [10:25:27.885] [bbotk]  3.236695 3.549982 gaussian 0.001973499 <list[3]>              FALSE
INFO  [10:25:27.885] [bbotk]  classif.bbrier warnings errors runtime_learners
INFO  [10:25:27.885] [bbotk]        0.109917        0      0            2.182
INFO  [10:25:27.885] [bbotk]                                 uhash
INFO  [10:25:27.885] [bbotk]  a1d10b8c-7ec7-4875-8c18-bc28b40cd4e4
INFO  [10:25:31.621] [bbotk] Evaluating 1 configuration(s)
INFO  [10:25:33.770] [bbotk] Result of batch 28:
INFO  [10:25:33.833] [bbotk]         k distance   kernel      acq_ei  x_domain .already_evaluated
INFO  [10:25:33.833] [bbotk]  3.459348 4.843495 gaussian 0.001480271 <list[3]>              FALSE
INFO  [10:25:33.833] [bbotk]  classif.bbrier warnings errors runtime_learners
INFO  [10:25:33.833] [bbotk]       0.1094857        0      0            1.827
INFO  [10:25:33.833] [bbotk]                                 uhash
INFO  [10:25:33.833] [bbotk]  54bb102f-d605-4675-b49f-57dc5f5df1b3
INFO  [10:25:37.669] [bbotk] Evaluating 1 configuration(s)
INFO  [10:25:41.325] [bbotk] Result of batch 29:
INFO  [10:25:41.341] [bbotk]         k distance kernel       acq_ei  x_domain .already_evaluated
INFO  [10:25:41.341] [bbotk]  3.876384 1.320113    cos 0.0006488416 <list[3]>              FALSE
INFO  [10:25:41.341] [bbotk]  classif.bbrier warnings errors runtime_learners
INFO  [10:25:41.341] [bbotk]       0.1094192        0      0            3.343
INFO  [10:25:41.341] [bbotk]                                 uhash
INFO  [10:25:41.341] [bbotk]  f106b33e-5891-46af-83d3-a2d37a7fddd2
INFO  [10:25:45.378] [bbotk] Evaluating 1 configuration(s)
INFO  [10:25:47.894] [bbotk] Result of batch 30:
INFO  [10:25:47.924] [bbotk]        k distance kernel       acq_ei  x_domain .already_evaluated
INFO  [10:25:47.924] [bbotk]  3.27467 3.913034    inv 0.0009218262 <list[3]>              FALSE
INFO  [10:25:47.924] [bbotk]  classif.bbrier warnings errors runtime_learners
INFO  [10:25:47.924] [bbotk]       0.1113345        0      0            2.138
INFO  [10:25:47.924] [bbotk]                                 uhash
INFO  [10:25:47.924] [bbotk]  e7468fbd-1d9a-4dae-b4fc-6b064dc3c02b
INFO  [10:25:52.595] [bbotk] Evaluating 1 configuration(s)
INFO  [10:25:54.813] [bbotk] Result of batch 31:
INFO  [10:25:54.832] [bbotk]         k distance   kernel      acq_ei  x_domain .already_evaluated
INFO  [10:25:54.832] [bbotk]  3.413315 3.477774 gaussian 0.001011025 <list[3]>              FALSE
INFO  [10:25:54.832] [bbotk]  classif.bbrier warnings errors runtime_learners
INFO  [10:25:54.832] [bbotk]       0.1098639        0      0            1.948
INFO  [10:25:54.832] [bbotk]                                 uhash
INFO  [10:25:54.832] [bbotk]  74425706-c28c-4d4f-9a75-ffeb76428ccc
INFO  [10:25:59.218] [bbotk] Evaluating 1 configuration(s)
INFO  [10:26:02.034] [bbotk] Result of batch 32:
INFO  [10:26:02.047] [bbotk]         k distance kernel      acq_ei  x_domain .already_evaluated
INFO  [10:26:02.047] [bbotk]  3.473809 4.850579   rank 0.001315253 <list[3]>              FALSE
INFO  [10:26:02.047] [bbotk]  classif.bbrier warnings errors runtime_learners
INFO  [10:26:02.047] [bbotk]       0.1108408        0      0            2.551
INFO  [10:26:02.047] [bbotk]                                 uhash
INFO  [10:26:02.047] [bbotk]  e4b1a666-2d52-4dc8-94c3-ac29669630f7
INFO  [10:26:09.806] [bbotk] Evaluating 1 configuration(s)
INFO  [10:26:13.339] [bbotk] Result of batch 33:
INFO  [10:26:13.365] [bbotk]         k distance kernel     acq_ei  x_domain .already_evaluated
INFO  [10:26:13.365] [bbotk]  3.788813 4.848886    inv 0.00108121 <list[3]>              FALSE
INFO  [10:26:13.365] [bbotk]  classif.bbrier warnings errors runtime_learners
INFO  [10:26:13.365] [bbotk]       0.1110159        0      0            3.052
INFO  [10:26:13.365] [bbotk]                                 uhash
INFO  [10:26:13.365] [bbotk]  0b36119d-523b-4dc8-a85a-3a87cba6752c
INFO  [10:26:19.567] [bbotk] Evaluating 1 configuration(s)
INFO  [10:26:22.220] [bbotk] Result of batch 34:
INFO  [10:26:22.238] [bbotk]         k distance      kernel       acq_ei  x_domain .already_evaluated
INFO  [10:26:22.238] [bbotk]  1.497115 4.850465 rectangular 0.0005765488 <list[3]>              FALSE
INFO  [10:26:22.238] [bbotk]  classif.bbrier warnings errors runtime_learners
INFO  [10:26:22.238] [bbotk]       0.1264089        0      0            2.194
INFO  [10:26:22.238] [bbotk]                                 uhash
INFO  [10:26:22.238] [bbotk]  a9a1d5cd-9c03-45e7-88a0-6b309511c62e
INFO  [10:26:26.371] [bbotk] Evaluating 1 configuration(s)
INFO  [10:26:28.593] [bbotk] Result of batch 35:
INFO  [10:26:28.637] [bbotk]         k distance kernel       acq_ei  x_domain .already_evaluated
INFO  [10:26:28.637] [bbotk]  3.347537 4.845212   rank 0.0005426178 <list[3]>              FALSE
INFO  [10:26:28.637] [bbotk]  classif.bbrier warnings errors runtime_learners
INFO  [10:26:28.637] [bbotk]        0.111175        0      0             1.96
INFO  [10:26:28.637] [bbotk]                                 uhash
INFO  [10:26:28.637] [bbotk]  fd76669a-d541-4931-8326-3da862e391a6
INFO  [10:26:37.077] [bbotk] Evaluating 1 configuration(s)
INFO  [10:26:39.821] [bbotk] Result of batch 36:
INFO  [10:26:39.858] [bbotk]         k distance   kernel       acq_ei  x_domain .already_evaluated
INFO  [10:26:39.858] [bbotk]  3.383703  4.93927 gaussian 0.0008806064 <list[3]>              FALSE
INFO  [10:26:39.858] [bbotk]  classif.bbrier warnings errors runtime_learners
INFO  [10:26:39.858] [bbotk]       0.1096501        0      0            2.364
INFO  [10:26:39.858] [bbotk]                                 uhash
INFO  [10:26:39.858] [bbotk]  4cc905aa-da57-4f8e-a735-486d9b63f4af
INFO  [10:26:44.912] [bbotk] Evaluating 1 configuration(s)
INFO  [10:26:47.744] [bbotk] Result of batch 37:
INFO  [10:26:47.752] [bbotk]         k distance kernel      acq_ei  x_domain .already_evaluated
INFO  [10:26:47.752] [bbotk]  3.399696 4.929128    inv 0.001115702 <list[3]>              FALSE
INFO  [10:26:47.752] [bbotk]  classif.bbrier warnings errors runtime_learners
INFO  [10:26:47.752] [bbotk]       0.1112838        0      0            2.467
INFO  [10:26:47.752] [bbotk]                                 uhash
INFO  [10:26:47.752] [bbotk]  f0cbe975-76a8-488f-9d3f-48f5e8859f85
INFO  [10:26:51.839] [bbotk] Evaluating 1 configuration(s)
INFO  [10:26:54.441] [bbotk] Result of batch 38:
INFO  [10:26:54.449] [bbotk]         k distance       kernel      acq_ei  x_domain .already_evaluated
INFO  [10:26:54.449] [bbotk]  3.539617 3.558409 epanechnikov 0.001000915 <list[3]>              FALSE
INFO  [10:26:54.449] [bbotk]  classif.bbrier warnings errors runtime_learners
INFO  [10:26:54.449] [bbotk]       0.1112472        0      0            2.276
INFO  [10:26:54.449] [bbotk]                                 uhash
INFO  [10:26:54.449] [bbotk]  9dcbf00b-7417-4edc-afe2-7b83b28e849d
INFO  [10:26:58.887] [bbotk] Evaluating 1 configuration(s)
INFO  [10:27:00.608] [bbotk] Result of batch 39:
INFO  [10:27:00.647] [bbotk]         k distance    kernel       acq_ei  x_domain .already_evaluated
INFO  [10:27:00.647] [bbotk]  3.461002 3.676442 triweight 0.0005414285 <list[3]>              FALSE
INFO  [10:27:00.647] [bbotk]  classif.bbrier warnings errors runtime_learners
INFO  [10:27:00.647] [bbotk]        0.115422        0      0            1.485
INFO  [10:27:00.647] [bbotk]                                 uhash
INFO  [10:27:00.647] [bbotk]  55543c0e-48a2-4a5d-b626-2c1cc8d76a7f
INFO  [10:27:04.859] [bbotk] Evaluating 1 configuration(s)
INFO  [10:27:07.968] [bbotk] Result of batch 40:
INFO  [10:27:08.180] [bbotk]        k distance kernel       acq_ei  x_domain .already_evaluated
INFO  [10:27:08.180] [bbotk]  3.24574 3.629136    inv 0.0005159388 <list[3]>              FALSE
INFO  [10:27:08.180] [bbotk]  classif.bbrier warnings errors runtime_learners
INFO  [10:27:08.180] [bbotk]       0.1114032        0      0             2.63
INFO  [10:27:08.180] [bbotk]                                 uhash
INFO  [10:27:08.180] [bbotk]  611db6dd-dc79-488e-87e2-8aa1736e7bc2
INFO  [10:27:13.335] [bbotk] Evaluating 1 configuration(s)
INFO  [10:27:16.537] [bbotk] Result of batch 41:
INFO  [10:27:16.554] [bbotk]         k distance kernel      acq_ei  x_domain .already_evaluated
INFO  [10:27:16.554] [bbotk]  3.681353 3.861849    inv 0.001340096 <list[3]>              FALSE
INFO  [10:27:16.554] [bbotk]  classif.bbrier warnings errors runtime_learners
INFO  [10:27:16.554] [bbotk]        0.111301        0      0            2.885
INFO  [10:27:16.554] [bbotk]                                 uhash
INFO  [10:27:16.554] [bbotk]  30705fd2-48a7-46c7-9731-c6bc52147dd2
INFO  [10:27:20.568] [bbotk] Evaluating 1 configuration(s)
INFO  [10:27:27.512] [bbotk] Result of batch 42:
INFO  [10:27:27.538] [bbotk]         k distance kernel      acq_ei  x_domain .already_evaluated
INFO  [10:27:27.538] [bbotk]  3.920868 1.736825    cos 0.001003705 <list[3]>              FALSE
INFO  [10:27:27.538] [bbotk]  classif.bbrier warnings errors runtime_learners
INFO  [10:27:27.538] [bbotk]       0.1095869        0      0            6.354
INFO  [10:27:27.538] [bbotk]                                 uhash
INFO  [10:27:27.538] [bbotk]  4360dafd-7b6c-419f-9724-9753309fe3e9
INFO  [10:27:32.418] [bbotk] Evaluating 1 configuration(s)
INFO  [10:27:35.874] [bbotk] Result of batch 43:
INFO  [10:27:35.893] [bbotk]         k distance   kernel     acq_ei  x_domain .already_evaluated
INFO  [10:27:35.893] [bbotk]  3.517355 3.648769 gaussian 0.00138989 <list[3]>              FALSE
INFO  [10:27:35.893] [bbotk]  classif.bbrier warnings errors runtime_learners
INFO  [10:27:35.893] [bbotk]       0.1095924        0      0            2.867
INFO  [10:27:35.893] [bbotk]                                 uhash
INFO  [10:27:35.893] [bbotk]  16234329-4969-496b-a112-d46c71f0c627
INFO  [10:27:40.811] [bbotk] Evaluating 1 configuration(s)
INFO  [10:27:43.349] [bbotk] Result of batch 44:
INFO  [10:27:43.366] [bbotk]         k distance   kernel       acq_ei  x_domain .already_evaluated
INFO  [10:27:43.366] [bbotk]  3.443607 4.902803 gaussian 0.0004536141 <list[3]>              FALSE
INFO  [10:27:43.366] [bbotk]  classif.bbrier warnings errors runtime_learners
INFO  [10:27:43.366] [bbotk]       0.1095361        0      0            2.282
INFO  [10:27:43.366] [bbotk]                                 uhash
INFO  [10:27:43.366] [bbotk]  9d24d50c-8e47-4a66-8a19-b07ab318ce0a
INFO  [10:27:47.513] [bbotk] Evaluating 1 configuration(s)
INFO  [10:27:50.169] [bbotk] Result of batch 45:
INFO  [10:27:50.183] [bbotk]         k distance   kernel     acq_ei  x_domain .already_evaluated
INFO  [10:27:50.183] [bbotk]  3.334052 3.647756 gaussian 0.00113557 <list[3]>              FALSE
INFO  [10:27:50.183] [bbotk]  classif.bbrier warnings errors runtime_learners
INFO  [10:27:50.183] [bbotk]       0.1097117        0      0            2.286
INFO  [10:27:50.183] [bbotk]                                 uhash
INFO  [10:27:50.183] [bbotk]  81c3f074-d281-4622-baa9-dcd720bc7377
INFO  [10:27:53.667] [bbotk] Evaluating 1 configuration(s)
INFO  [10:27:57.177] [bbotk] Result of batch 46:
INFO  [10:27:57.200] [bbotk]         k distance      kernel       acq_ei  x_domain .already_evaluated
INFO  [10:27:57.200] [bbotk]  3.678897 4.849265 rectangular 0.0008949909 <list[3]>              FALSE
INFO  [10:27:57.200] [bbotk]  classif.bbrier warnings errors runtime_learners
INFO  [10:27:57.200] [bbotk]       0.1111599        0      0            3.135
INFO  [10:27:57.200] [bbotk]                                 uhash
INFO  [10:27:57.200] [bbotk]  de214b1d-5d40-4e66-9093-4431bd9f3404
INFO  [10:28:04.868] [bbotk] Evaluating 1 configuration(s)
INFO  [10:28:11.835] [bbotk] Result of batch 47:
INFO  [10:28:11.920] [bbotk]         k distance      kernel      acq_ei  x_domain .already_evaluated
INFO  [10:28:11.920] [bbotk]  3.849137 3.882037 rectangular 0.001316132 <list[3]>              FALSE
INFO  [10:28:11.920] [bbotk]  classif.bbrier warnings errors runtime_learners
INFO  [10:28:11.920] [bbotk]       0.1102518        0      0             6.28
INFO  [10:28:11.920] [bbotk]                                 uhash
INFO  [10:28:11.920] [bbotk]  194087f3-a67b-42dd-a984-5192b746d909
INFO  [10:28:15.918] [bbotk] Evaluating 1 configuration(s)
INFO  [10:28:19.169] [bbotk] Result of batch 48:
INFO  [10:28:19.184] [bbotk]          k distance   kernel      acq_ei  x_domain .already_evaluated
INFO  [10:28:19.184] [bbotk]  0.7580513 3.811715 gaussian 0.001268978 <list[3]>              FALSE
INFO  [10:28:19.184] [bbotk]  classif.bbrier warnings errors runtime_learners
INFO  [10:28:19.184] [bbotk]       0.1439248        0      0            2.899
INFO  [10:28:19.184] [bbotk]                                 uhash
INFO  [10:28:19.184] [bbotk]  1359c893-6b4c-4e25-95a7-cca5d0b3e852
INFO  [10:28:22.881] [bbotk] Evaluating 1 configuration(s)
INFO  [10:28:26.276] [bbotk] Result of batch 49:
INFO  [10:28:26.291] [bbotk]         k distance kernel     acq_ei  x_domain .already_evaluated
INFO  [10:28:26.291] [bbotk]  3.418579 4.856047   rank 0.00175958 <list[3]>              FALSE
INFO  [10:28:26.291] [bbotk]  classif.bbrier warnings errors runtime_learners
INFO  [10:28:26.291] [bbotk]       0.1110054        0      0            3.076
INFO  [10:28:26.291] [bbotk]                                 uhash
INFO  [10:28:26.291] [bbotk]  a8238f06-8233-4cc2-8588-3ca8583048fb
INFO  [10:28:29.728] [bbotk] Evaluating 1 configuration(s)
INFO  [10:28:33.121] [bbotk] Result of batch 50:
INFO  [10:28:33.150] [bbotk]         k distance    kernel      acq_ei  x_domain .already_evaluated
INFO  [10:28:33.150] [bbotk]  2.221995 1.342473 triweight 0.001069534 <list[3]>              FALSE
INFO  [10:28:33.150] [bbotk]  classif.bbrier warnings errors runtime_learners
INFO  [10:28:33.150] [bbotk]       0.1306581        0      0            3.056
INFO  [10:28:33.150] [bbotk]                                 uhash
INFO  [10:28:33.150] [bbotk]  8dce1447-1312-48f9-8553-cc230ce404fa
INFO  [10:28:40.074] [bbotk] Evaluating 1 configuration(s)
INFO  [10:28:44.143] [bbotk] Result of batch 51:
INFO  [10:28:44.175] [bbotk]         k distance kernel      acq_ei  x_domain .already_evaluated
INFO  [10:28:44.175] [bbotk]  3.373408 3.608591    cos 0.001445988 <list[3]>              FALSE
INFO  [10:28:44.175] [bbotk]  classif.bbrier warnings errors runtime_learners
INFO  [10:28:44.175] [bbotk]       0.1115362        0      0             3.35
INFO  [10:28:44.175] [bbotk]                                 uhash
INFO  [10:28:44.175] [bbotk]  6ff7e5a9-9562-458b-8007-2bf4936d6ec9
INFO  [10:28:48.591] [bbotk] Evaluating 1 configuration(s)
INFO  [10:28:50.708] [bbotk] Result of batch 52:
INFO  [10:28:50.758] [bbotk]         k distance    kernel       acq_ei  x_domain .already_evaluated
INFO  [10:28:50.758] [bbotk]  3.915885 3.095311 triweight 0.0009075285 <list[3]>              FALSE
INFO  [10:28:50.758] [bbotk]  classif.bbrier warnings errors runtime_learners
INFO  [10:28:50.758] [bbotk]       0.1115223        0      0            1.786
INFO  [10:28:50.758] [bbotk]                                 uhash
INFO  [10:28:50.758] [bbotk]  76811ac2-180a-4742-b6e6-d92f224d9e53
INFO  [10:28:55.363] [bbotk] Evaluating 1 configuration(s)
INFO  [10:28:58.806] [bbotk] Result of batch 53:
INFO  [10:28:58.839] [bbotk]         k distance   kernel      acq_ei  x_domain .already_evaluated
INFO  [10:28:58.839] [bbotk]  3.809132 3.586581 gaussian 0.001462603 <list[3]>              FALSE
INFO  [10:28:58.839] [bbotk]  classif.bbrier warnings errors runtime_learners
INFO  [10:28:58.839] [bbotk]       0.1092205        0      0            2.838
INFO  [10:28:58.839] [bbotk]                                 uhash
INFO  [10:28:58.839] [bbotk]  35f3a67c-7e08-401c-8507-7075ee65eb1a
INFO  [10:29:04.119] [bbotk] Evaluating 1 configuration(s)
INFO  [10:29:09.499] [bbotk] Result of batch 54:
INFO  [10:29:09.592] [bbotk]         k distance    kernel       acq_ei  x_domain .already_evaluated
INFO  [10:29:09.592] [bbotk]  3.880113 1.783168 triweight 0.0008406007 <list[3]>              FALSE
INFO  [10:29:09.592] [bbotk]  classif.bbrier warnings errors runtime_learners
INFO  [10:29:09.592] [bbotk]       0.1112188        0      0            4.978
INFO  [10:29:09.592] [bbotk]                                 uhash
INFO  [10:29:09.592] [bbotk]  be97d608-49c8-4997-bf6f-117d683efc02
INFO  [10:29:13.995] [bbotk] Evaluating 1 configuration(s)
INFO  [10:29:16.390] [bbotk] Result of batch 55:
INFO  [10:29:16.434] [bbotk]         k distance       kernel      acq_ei  x_domain .already_evaluated
INFO  [10:29:16.434] [bbotk]  2.366696 1.930366 epanechnikov 0.001277025 <list[3]>              FALSE
INFO  [10:29:16.434] [bbotk]  classif.bbrier warnings errors runtime_learners
INFO  [10:29:16.434] [bbotk]       0.1192385        0      0            2.078
INFO  [10:29:16.434] [bbotk]                                 uhash
INFO  [10:29:16.434] [bbotk]  9cf4b848-3852-45f1-a12e-5e311a641f3f
INFO  [10:29:22.941] [bbotk] Evaluating 1 configuration(s)
INFO  [10:29:26.424] [bbotk] Result of batch 56:
INFO  [10:29:26.536] [bbotk]         k distance      kernel      acq_ei  x_domain .already_evaluated
INFO  [10:29:26.536] [bbotk]  3.742887 3.581339 rectangular 0.001032479 <list[3]>              FALSE
INFO  [10:29:26.536] [bbotk]  classif.bbrier warnings errors runtime_learners
INFO  [10:29:26.536] [bbotk]        0.110918        0      0             2.81
INFO  [10:29:26.536] [bbotk]                                 uhash
INFO  [10:29:26.536] [bbotk]  62877ea5-29d3-4dfc-bd61-383b3cbd786a
INFO  [10:29:30.524] [bbotk] Evaluating 1 configuration(s)
INFO  [10:29:33.152] [bbotk] Result of batch 57:
INFO  [10:29:33.171] [bbotk]         k distance  kernel      acq_ei  x_domain .already_evaluated
INFO  [10:29:33.171] [bbotk]  3.660863 3.594024 optimal 0.001173734 <list[3]>              FALSE
INFO  [10:29:33.171] [bbotk]  classif.bbrier warnings errors runtime_learners
INFO  [10:29:33.171] [bbotk]       0.1103363        0      0             2.12
INFO  [10:29:33.171] [bbotk]                                 uhash
INFO  [10:29:33.171] [bbotk]  441193e3-aefb-4ec4-bb72-4b204e0a5682
INFO  [10:29:39.959] [bbotk] Evaluating 1 configuration(s)
INFO  [10:29:42.842] [bbotk] Result of batch 58:
INFO  [10:29:42.863] [bbotk]         k distance    kernel       acq_ei  x_domain .already_evaluated
INFO  [10:29:42.863] [bbotk]  3.790463 4.907134 triweight 0.0008168625 <list[3]>              FALSE
INFO  [10:29:42.863] [bbotk]  classif.bbrier warnings errors runtime_learners
INFO  [10:29:42.863] [bbotk]       0.1130905        0      0            2.498
INFO  [10:29:42.863] [bbotk]                                 uhash
INFO  [10:29:42.863] [bbotk]  d5e16846-27d4-4a6c-8928-d18d8735a57f
INFO  [10:29:48.727] [bbotk] Evaluating 1 configuration(s)
INFO  [10:29:52.250] [bbotk] Result of batch 59:
INFO  [10:29:52.286] [bbotk]       k distance   kernel       acq_ei  x_domain .already_evaluated
INFO  [10:29:52.286] [bbotk]  3.2728 3.870907 gaussian 0.0008964729 <list[3]>              FALSE
INFO  [10:29:52.286] [bbotk]  classif.bbrier warnings errors runtime_learners
INFO  [10:29:52.286] [bbotk]       0.1099191        0      0            3.127
INFO  [10:29:52.286] [bbotk]                                 uhash
INFO  [10:29:52.286] [bbotk]  bc03e615-4412-40ab-a2e9-54537acdac0e
INFO  [10:29:56.944] [bbotk] Evaluating 1 configuration(s)
INFO  [10:29:59.694] [bbotk] Result of batch 60:
INFO  [10:29:59.720] [bbotk]         k distance      kernel       acq_ei  x_domain .already_evaluated
INFO  [10:29:59.720] [bbotk]  3.174612 2.429216 rectangular 0.0006742071 <list[3]>              FALSE
INFO  [10:29:59.720] [bbotk]  classif.bbrier warnings errors runtime_learners
INFO  [10:29:59.720] [bbotk]       0.1117039        0      0            2.498
INFO  [10:29:59.720] [bbotk]                                 uhash
INFO  [10:29:59.720] [bbotk]  1f786cfc-84ba-4fb1-aba7-8879b6c6139f
INFO  [10:30:02.970] [bbotk] Evaluating 1 configuration(s)
INFO  [10:30:08.233] [bbotk] Result of batch 61:
INFO  [10:30:08.316] [bbotk]         k distance  kernel       acq_ei  x_domain .already_evaluated
INFO  [10:30:08.316] [bbotk]  3.629939 3.870019 optimal 0.0007420946 <list[3]>              FALSE
INFO  [10:30:08.316] [bbotk]  classif.bbrier warnings errors runtime_learners
INFO  [10:30:08.316] [bbotk]       0.1105232        0      0            4.627
INFO  [10:30:08.316] [bbotk]                                 uhash
INFO  [10:30:08.316] [bbotk]  59c8827b-13b9-4fa7-a233-58fc95293ff2
INFO  [10:30:15.776] [bbotk] Evaluating 1 configuration(s)
INFO  [10:30:20.424] [bbotk] Result of batch 62:
INFO  [10:30:20.470] [bbotk]         k distance   kernel       acq_ei  x_domain .already_evaluated
INFO  [10:30:20.470] [bbotk]  3.511778 3.598455 biweight 0.0008374892 <list[3]>              FALSE
INFO  [10:30:20.470] [bbotk]  classif.bbrier warnings errors runtime_learners
INFO  [10:30:20.470] [bbotk]       0.1127513        0      0            4.333
INFO  [10:30:20.470] [bbotk]                                 uhash
INFO  [10:30:20.470] [bbotk]  36c46817-24ae-45a3-9cbf-06566a03d7a7
INFO  [10:30:24.548] [bbotk] Evaluating 1 configuration(s)
INFO  [10:30:26.932] [bbotk] Result of batch 63:
INFO  [10:30:26.942] [bbotk]         k distance    kernel      acq_ei  x_domain .already_evaluated
INFO  [10:30:26.942] [bbotk]  3.801698  4.87455 triweight 0.001056914 <list[3]>              FALSE
INFO  [10:30:26.942] [bbotk]  classif.bbrier warnings errors runtime_learners
INFO  [10:30:26.942] [bbotk]       0.1130834        0      0            2.125
INFO  [10:30:26.942] [bbotk]                                 uhash
INFO  [10:30:26.942] [bbotk]  217a7d9d-4fbe-4b26-991b-cc831cf26c8e
INFO  [10:30:32.229] [bbotk] Evaluating 1 configuration(s)
INFO  [10:30:36.390] [bbotk] Result of batch 64:
INFO  [10:30:36.405] [bbotk]         k distance kernel       acq_ei  x_domain .already_evaluated
INFO  [10:30:36.405] [bbotk]  3.700081 3.614606   rank 0.0008082225 <list[3]>              FALSE
INFO  [10:30:36.405] [bbotk]  classif.bbrier warnings errors runtime_learners
INFO  [10:30:36.405] [bbotk]       0.1107044        0      0            3.893
INFO  [10:30:36.405] [bbotk]                                 uhash
INFO  [10:30:36.405] [bbotk]  07191d11-6feb-4b53-941f-5cde438c891a
INFO  [10:30:42.110] [bbotk] Evaluating 1 configuration(s)
INFO  [10:30:44.586] [bbotk] Result of batch 65:
INFO  [10:30:44.610] [bbotk]         k distance  kernel       acq_ei  x_domain .already_evaluated
INFO  [10:30:44.610] [bbotk]  3.444764 4.850282 optimal 0.0009537418 <list[3]>              FALSE
INFO  [10:30:44.610] [bbotk]  classif.bbrier warnings errors runtime_learners
INFO  [10:30:44.610] [bbotk]       0.1107146        0      0            2.179
INFO  [10:30:44.610] [bbotk]                                 uhash
INFO  [10:30:44.610] [bbotk]  6e169457-3809-4a65-a70c-d7326f0c9e11
INFO  [10:30:48.378] [bbotk] Evaluating 1 configuration(s)
INFO  [10:30:50.376] [bbotk] Result of batch 66:
INFO  [10:30:50.413] [bbotk]         k distance    kernel       acq_ei  x_domain .already_evaluated
INFO  [10:30:50.413] [bbotk]  1.905239 4.857732 triweight 0.0005760885 <list[3]>              FALSE
INFO  [10:30:50.413] [bbotk]  classif.bbrier warnings errors runtime_learners
INFO  [10:30:50.413] [bbotk]       0.1428631        0      0            1.518
INFO  [10:30:50.413] [bbotk]                                 uhash
INFO  [10:30:50.413] [bbotk]  b8d3853f-88f5-4c61-bb8f-a8773191048a
INFO  [10:30:54.691] [bbotk] Evaluating 1 configuration(s)
INFO  [10:30:56.891] [bbotk] Result of batch 67:
INFO  [10:30:56.904] [bbotk]         k distance    kernel       acq_ei  x_domain .already_evaluated
INFO  [10:30:56.904] [bbotk]  3.203849 3.641775 triweight 0.0008475397 <list[3]>              FALSE
INFO  [10:30:56.904] [bbotk]  classif.bbrier warnings errors runtime_learners
INFO  [10:30:56.904] [bbotk]       0.1178196        0      0            1.885
INFO  [10:30:56.904] [bbotk]                                 uhash
INFO  [10:30:56.904] [bbotk]  c0808653-6e79-42eb-8e47-124f7b63a082
INFO  [10:31:01.081] [bbotk] Evaluating 1 configuration(s)
INFO  [10:31:04.737] [bbotk] Result of batch 68:
INFO  [10:31:04.760] [bbotk]         k distance       kernel       acq_ei  x_domain .already_evaluated
INFO  [10:31:04.760] [bbotk]  3.848866 1.320816 epanechnikov 0.0007960945 <list[3]>              FALSE
INFO  [10:31:04.760] [bbotk]  classif.bbrier warnings errors runtime_learners
INFO  [10:31:04.760] [bbotk]       0.1094674        0      0            3.316
INFO  [10:31:04.760] [bbotk]                                 uhash
INFO  [10:31:04.760] [bbotk]  71d66530-29a5-479d-a599-5e18c0dcffa7
INFO  [10:31:13.420] [bbotk] Evaluating 1 configuration(s)
INFO  [10:31:18.845] [bbotk] Result of batch 69:
INFO  [10:31:18.930] [bbotk]         k distance kernel       acq_ei  x_domain .already_evaluated
INFO  [10:31:18.930] [bbotk]  3.805387 1.917851   rank 0.0004590916 <list[3]>              FALSE
INFO  [10:31:18.930] [bbotk]  classif.bbrier warnings errors runtime_learners
INFO  [10:31:18.930] [bbotk]       0.1100947        0      0            4.945
INFO  [10:31:18.930] [bbotk]                                 uhash
INFO  [10:31:18.930] [bbotk]  5c8398c3-42f8-41b0-8f99-7f355d166fb2
INFO  [10:31:22.608] [bbotk] Evaluating 1 configuration(s)
INFO  [10:31:27.692] [bbotk] Result of batch 70:
INFO  [10:31:27.710] [bbotk]         k distance    kernel      acq_ei  x_domain .already_evaluated
INFO  [10:31:27.710] [bbotk]  3.876778 1.614243 triweight 0.000841294 <list[3]>              FALSE
INFO  [10:31:27.710] [bbotk]  classif.bbrier warnings errors runtime_learners
INFO  [10:31:27.710] [bbotk]       0.1110212        0      0            4.747
INFO  [10:31:27.710] [bbotk]                                 uhash
INFO  [10:31:27.710] [bbotk]  5a0b9af5-e59b-49c7-9867-6a22275f34e7
INFO  [10:31:33.170] [bbotk] Evaluating 1 configuration(s)
INFO  [10:31:38.442] [bbotk] Result of batch 71:
INFO  [10:31:38.519] [bbotk]         k distance   kernel      acq_ei  x_domain .already_evaluated
INFO  [10:31:38.519] [bbotk]  3.719164 3.776255 gaussian 0.000977385 <list[3]>              FALSE
INFO  [10:31:38.519] [bbotk]  classif.bbrier warnings errors runtime_learners
INFO  [10:31:38.519] [bbotk]       0.1094134        0      0            4.443
INFO  [10:31:38.519] [bbotk]                                 uhash
INFO  [10:31:38.519] [bbotk]  ae4b8179-3dc6-401c-bacf-c14b6690b158
INFO  [10:31:42.776] [bbotk] Evaluating 1 configuration(s)
INFO  [10:31:45.681] [bbotk] Result of batch 72:
INFO  [10:31:45.698] [bbotk]         k distance    kernel      acq_ei  x_domain .already_evaluated
INFO  [10:31:45.698] [bbotk]  3.837432 3.043418 triweight 0.001045979 <list[3]>              FALSE
INFO  [10:31:45.698] [bbotk]  classif.bbrier warnings errors runtime_learners
INFO  [10:31:45.698] [bbotk]       0.1120709        0      0             2.46
INFO  [10:31:45.698] [bbotk]                                 uhash
INFO  [10:31:45.698] [bbotk]  b25811bc-623e-4649-bac2-77b1e3749a71
INFO  [10:31:51.507] [bbotk] Evaluating 1 configuration(s)
INFO  [10:31:55.616] [bbotk] Result of batch 73:
INFO  [10:31:55.660] [bbotk]         k distance    kernel       acq_ei  x_domain .already_evaluated
INFO  [10:31:55.660] [bbotk]  1.280294 1.109703 triweight 0.0005205118 <list[3]>              FALSE
INFO  [10:31:55.660] [bbotk]  classif.bbrier warnings errors runtime_learners
INFO  [10:31:55.660] [bbotk]       0.1540707        0      0            3.656
INFO  [10:31:55.660] [bbotk]                                 uhash
INFO  [10:31:55.660] [bbotk]  e6102a6a-00e0-45fc-927e-6d03187b2fa2
INFO  [10:32:00.250] [bbotk] Evaluating 1 configuration(s)
INFO  [10:32:07.352] [bbotk] Result of batch 74:
INFO  [10:32:07.387] [bbotk]         k distance   kernel      acq_ei  x_domain .already_evaluated
INFO  [10:32:07.387] [bbotk]  3.916355 1.209386 biweight 0.002062204 <list[3]>              FALSE
INFO  [10:32:07.387] [bbotk]  classif.bbrier warnings errors runtime_learners
INFO  [10:32:07.387] [bbotk]       0.1092513        0      0            6.487
INFO  [10:32:07.387] [bbotk]                                 uhash
INFO  [10:32:07.387] [bbotk]  da9e81e8-0f0b-4bcc-8cfd-072e1dde9f57
INFO  [10:32:11.252] [bbotk] Evaluating 1 configuration(s)
INFO  [10:32:14.137] [bbotk] Result of batch 75:
INFO  [10:32:14.178] [bbotk]         k distance   kernel      acq_ei  x_domain .already_evaluated
INFO  [10:32:14.178] [bbotk]  3.919371 1.176228 gaussian 0.001473712 <list[3]>              FALSE
INFO  [10:32:14.178] [bbotk]  classif.bbrier warnings errors runtime_learners
INFO  [10:32:14.178] [bbotk]       0.1091112        0      0            2.587
INFO  [10:32:14.178] [bbotk]                                 uhash
INFO  [10:32:14.178] [bbotk]  ba201a6b-bdf6-4e43-98b6-2c9898d56d01
INFO  [10:32:19.241] [bbotk] Evaluating 1 configuration(s)
INFO  [10:32:22.409] [bbotk] Result of batch 76:
INFO  [10:32:22.441] [bbotk]         k distance kernel      acq_ei  x_domain .already_evaluated
INFO  [10:32:22.441] [bbotk]  2.752077 1.156407    cos 0.001210551 <list[3]>              FALSE
INFO  [10:32:22.441] [bbotk]  classif.bbrier warnings errors runtime_learners
INFO  [10:32:22.441] [bbotk]       0.1128817        0      0            2.711
INFO  [10:32:22.441] [bbotk]                                 uhash
INFO  [10:32:22.441] [bbotk]  658f5cad-3523-44cd-9030-0b8c6fd51178
INFO  [10:32:26.267] [bbotk] Evaluating 1 configuration(s)
INFO  [10:32:28.751] [bbotk] Result of batch 77:
INFO  [10:32:28.764] [bbotk]         k distance       kernel      acq_ei  x_domain .already_evaluated
INFO  [10:32:28.764] [bbotk]  3.738599 1.137734 epanechnikov 0.001826679 <list[3]>              FALSE
INFO  [10:32:28.764] [bbotk]  classif.bbrier warnings errors runtime_learners
INFO  [10:32:28.764] [bbotk]       0.1096009        0      0            2.138
INFO  [10:32:28.764] [bbotk]                                 uhash
INFO  [10:32:28.764] [bbotk]  ca62aedb-3348-4a0b-bccb-cbfc2c7ec017
INFO  [10:32:32.640] [bbotk] Evaluating 1 configuration(s)
INFO  [10:32:35.791] [bbotk] Result of batch 78:
INFO  [10:32:35.806] [bbotk]         k distance   kernel      acq_ei  x_domain .already_evaluated
INFO  [10:32:35.806] [bbotk]  3.872587 1.109919 gaussian 0.001392763 <list[3]>              FALSE
INFO  [10:32:35.806] [bbotk]  classif.bbrier warnings errors runtime_learners
INFO  [10:32:35.806] [bbotk]       0.1090289        0      0            2.817
INFO  [10:32:35.806] [bbotk]                                 uhash
INFO  [10:32:35.806] [bbotk]  bd6bb057-c3c3-4812-8a6c-82814e05fdeb
INFO  [10:32:39.835] [bbotk] Evaluating 1 configuration(s)
INFO  [10:32:45.470] [bbotk] Result of batch 79:
INFO  [10:32:45.487] [bbotk]         k distance   kernel      acq_ei  x_domain .already_evaluated
INFO  [10:32:45.487] [bbotk]  3.676581 1.122278 gaussian 0.001998354 <list[3]>              FALSE
INFO  [10:32:45.487] [bbotk]  classif.bbrier warnings errors runtime_learners
INFO  [10:32:45.487] [bbotk]       0.1090292        0      0            5.289
INFO  [10:32:45.487] [bbotk]                                 uhash
INFO  [10:32:45.487] [bbotk]  3dca21d3-29fe-411c-88ed-114b2822476d
INFO  [10:32:49.194] [bbotk] Evaluating 1 configuration(s)
INFO  [10:32:54.466] [bbotk] Result of batch 80:
INFO  [10:32:54.552] [bbotk]         k distance   kernel      acq_ei  x_domain .already_evaluated
INFO  [10:32:54.552] [bbotk]  3.705345 1.053319 gaussian 0.001938664 <list[3]>              FALSE
INFO  [10:32:54.552] [bbotk]  classif.bbrier warnings errors runtime_learners
INFO  [10:32:54.552] [bbotk]        0.108996        0      0            4.866
INFO  [10:32:54.552] [bbotk]                                 uhash
INFO  [10:32:54.552] [bbotk]  7fc96231-5255-4d17-9579-a6ae39a83d11
INFO  [10:32:57.864] [bbotk] Evaluating 1 configuration(s)
INFO  [10:33:02.126] [bbotk] Result of batch 81:
INFO  [10:33:02.206] [bbotk]         k distance  kernel      acq_ei  x_domain .already_evaluated
INFO  [10:33:02.206] [bbotk]  3.852796 1.065826 optimal 0.002299051 <list[3]>              FALSE
INFO  [10:33:02.206] [bbotk]  classif.bbrier warnings errors runtime_learners
INFO  [10:33:02.206] [bbotk]       0.1092575        0      0            3.898
INFO  [10:33:02.206] [bbotk]                                 uhash
INFO  [10:33:02.206] [bbotk]  5cc778a2-fa4a-4dd0-bc71-ad72e4869d21
INFO  [10:33:06.879] [bbotk] Evaluating 1 configuration(s)
INFO  [10:33:11.041] [bbotk] Result of batch 82:
INFO  [10:33:11.127] [bbotk]         k distance kernel       acq_ei  x_domain .already_evaluated
INFO  [10:33:11.127] [bbotk]  3.625595 1.888663    inv 0.0007025278 <list[3]>              FALSE
INFO  [10:33:11.127] [bbotk]  classif.bbrier warnings errors runtime_learners
INFO  [10:33:11.127] [bbotk]        0.110707        0      0            3.683
INFO  [10:33:11.127] [bbotk]                                 uhash
INFO  [10:33:11.127] [bbotk]  0ffcc63b-2125-4016-ab48-b3be1c9291f7
INFO  [10:33:16.543] [bbotk] Evaluating 1 configuration(s)
INFO  [10:33:23.542] [bbotk] Result of batch 83:
INFO  [10:33:23.566] [bbotk]         k distance   kernel      acq_ei  x_domain .already_evaluated
INFO  [10:33:23.566] [bbotk]  3.914378 3.599279 gaussian 0.001270313 <list[3]>              FALSE
INFO  [10:33:23.566] [bbotk]  classif.bbrier warnings errors runtime_learners
INFO  [10:33:23.566] [bbotk]       0.1089191        0      0            6.415
INFO  [10:33:23.566] [bbotk]                                 uhash
INFO  [10:33:23.566] [bbotk]  5d5b4b3c-1b4e-4630-8597-5d83764971aa
INFO  [10:33:27.912] [bbotk] Evaluating 1 configuration(s)
INFO  [10:33:34.475] [bbotk] Result of batch 84:
INFO  [10:33:34.507] [bbotk]        k distance   kernel      acq_ei  x_domain .already_evaluated
INFO  [10:33:34.507] [bbotk]  3.92676 3.612716 gaussian 0.001042625 <list[3]>              FALSE
INFO  [10:33:34.507] [bbotk]  classif.bbrier warnings errors runtime_learners
INFO  [10:33:34.507] [bbotk]       0.1089145        0      0            5.946
INFO  [10:33:34.507] [bbotk]                                 uhash
INFO  [10:33:34.507] [bbotk]  5fcad7e7-ac0a-43c5-b48e-fc6ce4008ac7
INFO  [10:33:38.118] [bbotk] Evaluating 1 configuration(s)
INFO  [10:33:41.938] [bbotk] Result of batch 85:
INFO  [10:33:41.964] [bbotk]         k distance   kernel      acq_ei  x_domain .already_evaluated
INFO  [10:33:41.964] [bbotk]  3.816196 1.007089 gaussian 0.001681224 <list[3]>              FALSE
INFO  [10:33:41.964] [bbotk]  classif.bbrier warnings errors runtime_learners
INFO  [10:33:41.964] [bbotk]       0.1089123        0      0            3.475
INFO  [10:33:41.964] [bbotk]                                 uhash
INFO  [10:33:41.964] [bbotk]  1f66f240-11fc-49f9-9674-9334e7f5aa98
INFO  [10:33:45.817] [bbotk] Evaluating 1 configuration(s)
INFO  [10:33:51.295] [bbotk] Result of batch 86:
INFO  [10:33:51.409] [bbotk]         k distance   kernel       acq_ei  x_domain .already_evaluated
INFO  [10:33:51.409] [bbotk]  3.703606 1.022152 gaussian 0.0009718279 <list[3]>              FALSE
INFO  [10:33:51.409] [bbotk]  classif.bbrier warnings errors runtime_learners
INFO  [10:33:51.409] [bbotk]       0.1090188        0      0            5.087
INFO  [10:33:51.409] [bbotk]                                 uhash
INFO  [10:33:51.409] [bbotk]  a090f71c-91f8-46f1-b058-3d0dcd24a82c
INFO  [10:33:55.293] [bbotk] Evaluating 1 configuration(s)
INFO  [10:33:59.620] [bbotk] Result of batch 87:
INFO  [10:33:59.667] [bbotk]         k distance       kernel      acq_ei  x_domain .already_evaluated
INFO  [10:33:59.667] [bbotk]  3.763478 1.000526 epanechnikov 0.001216925 <list[3]>              FALSE
INFO  [10:33:59.667] [bbotk]  classif.bbrier warnings errors runtime_learners
INFO  [10:33:59.667] [bbotk]       0.1094888        0      0             3.94
INFO  [10:33:59.667] [bbotk]                                 uhash
INFO  [10:33:59.667] [bbotk]  ebe0c501-f2a2-44af-9e95-ddc70cf9d9c1
INFO  [10:34:04.379] [bbotk] Evaluating 1 configuration(s)
INFO  [10:34:07.516] [bbotk] Result of batch 88:
INFO  [10:34:07.545] [bbotk]         k distance  kernel      acq_ei  x_domain .already_evaluated
INFO  [10:34:07.545] [bbotk]  3.316408 3.600467 optimal 0.002197942 <list[3]>              FALSE
INFO  [10:34:07.545] [bbotk]  classif.bbrier warnings errors runtime_learners
INFO  [10:34:07.545] [bbotk]       0.1113813        0      0            2.814
INFO  [10:34:07.545] [bbotk]                                 uhash
INFO  [10:34:07.545] [bbotk]  9d50ebf1-33c9-46fc-abaf-be6df0f36e29
INFO  [10:34:11.356] [bbotk] Evaluating 1 configuration(s)
INFO  [10:34:16.114] [bbotk] Result of batch 89:
INFO  [10:34:16.166] [bbotk]        k distance   kernel      acq_ei  x_domain .already_evaluated
INFO  [10:34:16.166] [bbotk]  3.70792 1.033107 gaussian 0.001026503 <list[3]>              FALSE
INFO  [10:34:16.166] [bbotk]  classif.bbrier warnings errors runtime_learners
INFO  [10:34:16.166] [bbotk]       0.1090039        0      0            4.358
INFO  [10:34:16.166] [bbotk]                                 uhash
INFO  [10:34:16.166] [bbotk]  435fbdc6-2b8e-486d-bdf1-ca3341d790cb
INFO  [10:34:17.074] [bbotk] Finished optimizing after 100 evaluation(s)
INFO  [10:34:17.105] [bbotk] Result:
INFO  [10:34:17.129] [bbotk]         k distance   kernel learner_param_vals  x_domain classif.bbrier
INFO  [10:34:17.129] [bbotk]     <num>    <num>   <char>             <list>    <list>          <num>
INFO  [10:34:17.129] [bbotk]  3.816196 1.007089 gaussian          <list[3]> <list[3]>      0.1089123

### [bt]: Job terminated successfully [batchtools job.id=801]
### [bt]: Calculation finished!
