### [bt]: This is batchtools v0.9.17
### [bt]: Starting calculation of 1 jobs
### [bt]: Setting working directory to '/content/drive/MyDrive/GitHub/Mater_Thesis_Calibration'
ece.R :
Friedmann_tasks.R :
Functions.R :
ici.R :
mse_feature_effects.R :
PipeOpCalibration_TuningExperiment.R :
PipeOpCalibration.R :
PipeOpCalibrationUnion.R :
### [bt]: Memory measurement disabled
### [bt]: Starting job [batchtools job.id=75]
### [bt]: Generating problem instance for problem '563768ad2e048da7' ...
### [bt]: Applying algorithm 'run_learner' on problem '563768ad2e048da7' for job 75 (seed = 198) ...
INFO  [21:00:34.499] [mlr3] Applying learner 'kknn TbC isotonic' on task 'credit-g' (iter 5/10)
INFO  [21:00:35.028] [bbotk] Starting to optimize 3 parameter(s) with '<OptimizerMbo>' and '<TerminatorEvals> [n_evals=100, k=0]'
INFO  [21:00:39.248] [bbotk] Evaluating 12 configuration(s)
INFO  [21:01:19.767] [bbotk] Result of batch 1:
INFO  [21:01:19.802] [bbotk]           k distance       kernel classif.bbrier warnings errors
INFO  [21:01:19.802] [bbotk]  3.27211353 4.757366      optimal      0.1757071        0      0
INFO  [21:01:19.802] [bbotk]  1.30620072 2.757366          inv      0.2077859        0      0
INFO  [21:01:19.802] [bbotk]  2.28915712 1.757366         rank      0.1780252        0      0
INFO  [21:01:19.802] [bbotk]  0.32324434 3.757366    triweight      0.3077778        0      0
INFO  [21:01:19.802] [bbotk]  0.81472251 1.257366  rectangular      0.2219444        0      0
INFO  [21:01:19.802] [bbotk]  2.78063533 3.257366          cos      0.1763650        0      0
INFO  [21:01:19.802] [bbotk]  3.76359174 2.257366 epanechnikov      0.1738847        0      0
INFO  [21:01:19.802] [bbotk]  1.79767892 4.257366     gaussian      0.1856169        0      0
INFO  [21:01:19.802] [bbotk]  2.04341802 4.007366     biweight      0.2098016        0      0
INFO  [21:01:19.802] [bbotk]  0.07750522 2.007366     gaussian      0.3066667        0      0
INFO  [21:01:19.802] [bbotk]  1.06046161 3.007366      optimal      0.2640888        0      0
INFO  [21:01:19.802] [bbotk]  3.02637443 1.007366          cos      0.1736949        0      0
INFO  [21:01:19.802] [bbotk]  runtime_learners                                uhash
INFO  [21:01:19.802] [bbotk]             3.825 3258266f-329a-416d-8887-45cca39b4bce
INFO  [21:01:19.802] [bbotk]             3.464 56f7edc3-26f0-48bf-b7f8-f23340be3b7d
INFO  [21:01:19.802] [bbotk]             3.107 a258b2be-90c4-4303-a738-c2b7c2df2aef
INFO  [21:01:19.802] [bbotk]             3.879 83d334d2-0656-4402-98f9-b57dbf384c66
INFO  [21:01:19.802] [bbotk]             3.055 46c7fe40-c081-4920-8453-d96054621073
INFO  [21:01:19.802] [bbotk]             3.985 0fec9594-801b-4573-8bbb-ed39ba5224ca
INFO  [21:01:19.802] [bbotk]             2.697 8c2c7d44-da43-4bea-9a58-f165ee83d762
INFO  [21:01:19.802] [bbotk]             2.266 eb8d7ac2-cace-4f65-9c4e-340b391cc95d
INFO  [21:01:19.802] [bbotk]             2.343 38419011-4a36-4b8c-992d-78db588252ce
INFO  [21:01:19.802] [bbotk]             2.666 95d8e0e5-5b1d-4261-b0c4-a06a43465616
INFO  [21:01:19.802] [bbotk]             2.830 2c811ee7-f139-43d5-a636-2bb11d7ed83d
INFO  [21:01:19.802] [bbotk]             3.768 449e74fc-9a30-4539-a6dd-5466ab58afaf
INFO  [21:01:24.519] [bbotk] Evaluating 1 configuration(s)
INFO  [21:01:28.915] [bbotk] Result of batch 2:
INFO  [21:01:28.939] [bbotk]        k distance       kernel      acq_ei  x_domain .already_evaluated
INFO  [21:01:28.939] [bbotk]  3.36523 2.296236 epanechnikov 0.003229803 <list[3]>              FALSE
INFO  [21:01:28.939] [bbotk]  classif.bbrier warnings errors runtime_learners
INFO  [21:01:28.939] [bbotk]       0.1730546        0      0            2.697
INFO  [21:01:28.939] [bbotk]                                 uhash
INFO  [21:01:28.939] [bbotk]  55e04b83-8729-471b-b502-3d38e07a1873
INFO  [21:01:38.682] [bbotk] Evaluating 1 configuration(s)
INFO  [21:01:42.123] [bbotk] Result of batch 3:
INFO  [21:01:42.262] [bbotk]         k distance       kernel      acq_ei  x_domain .already_evaluated
INFO  [21:01:42.262] [bbotk]  3.385267    2.143 epanechnikov 0.002430167 <list[3]>              FALSE
INFO  [21:01:42.262] [bbotk]  classif.bbrier warnings errors runtime_learners
INFO  [21:01:42.262] [bbotk]        0.173302        0      0            3.123
INFO  [21:01:42.262] [bbotk]                                 uhash
INFO  [21:01:42.262] [bbotk]  78d3f76e-1bdb-4610-b524-75e61e618e47
INFO  [21:01:47.242] [bbotk] Evaluating 1 configuration(s)
INFO  [21:01:52.030] [bbotk] Result of batch 4:
INFO  [21:01:52.125] [bbotk]         k distance       kernel      acq_ei  x_domain .already_evaluated
INFO  [21:01:52.125] [bbotk]  2.456713 3.263481 epanechnikov 0.003896602 <list[3]>              FALSE
INFO  [21:01:52.125] [bbotk]  classif.bbrier warnings errors runtime_learners
INFO  [21:01:52.125] [bbotk]       0.1811879        0      0            4.018
INFO  [21:01:52.125] [bbotk]                                 uhash
INFO  [21:01:52.125] [bbotk]  46407c72-459a-4d40-b2c5-dfd141e956fd
INFO  [21:01:55.851] [bbotk] Evaluating 1 configuration(s)
INFO  [21:01:58.603] [bbotk] Result of batch 5:
INFO  [21:01:58.630] [bbotk]         k distance       kernel      acq_ei  x_domain .already_evaluated
INFO  [21:01:58.630] [bbotk]  3.231129 2.113498 epanechnikov 0.003422636 <list[3]>              FALSE
INFO  [21:01:58.630] [bbotk]  classif.bbrier warnings errors runtime_learners
INFO  [21:01:58.630] [bbotk]       0.1726412        0      0            2.409
INFO  [21:01:58.630] [bbotk]                                 uhash
INFO  [21:01:58.630] [bbotk]  43347cae-4889-41d6-9a99-e417d038fbe7
INFO  [21:02:02.306] [bbotk] Evaluating 1 configuration(s)
INFO  [21:02:07.649] [bbotk] Result of batch 6:
INFO  [21:02:07.766] [bbotk]         k distance   kernel      acq_ei  x_domain .already_evaluated
INFO  [21:02:07.766] [bbotk]  3.922321 1.626948 gaussian 0.002727048 <list[3]>              FALSE
INFO  [21:02:07.766] [bbotk]  classif.bbrier warnings errors runtime_learners
INFO  [21:02:07.766] [bbotk]       0.1755217        0      0            5.004
INFO  [21:02:07.766] [bbotk]                                 uhash
INFO  [21:02:07.766] [bbotk]  6d7da2ce-9bbb-47a6-ba97-585d1178b22e
INFO  [21:02:11.709] [bbotk] Evaluating 1 configuration(s)
INFO  [21:02:15.605] [bbotk] Result of batch 7:
INFO  [21:02:15.724] [bbotk]         k distance   kernel     acq_ei  x_domain .already_evaluated
INFO  [21:02:15.724] [bbotk]  3.472296 1.832029 gaussian 0.00219748 <list[3]>              FALSE
INFO  [21:02:15.724] [bbotk]  classif.bbrier warnings errors runtime_learners
INFO  [21:02:15.724] [bbotk]       0.1751116        0      0            3.496
INFO  [21:02:15.724] [bbotk]                                 uhash
INFO  [21:02:15.724] [bbotk]  b8511e30-b272-4600-83cd-0a9abf058915
INFO  [21:02:23.383] [bbotk] Evaluating 1 configuration(s)
INFO  [21:02:28.122] [bbotk] Result of batch 8:
INFO  [21:02:28.156] [bbotk]         k distance      kernel      acq_ei  x_domain .already_evaluated
INFO  [21:02:28.156] [bbotk]  3.214913 3.020679 rectangular 0.002458812 <list[3]>              FALSE
INFO  [21:02:28.156] [bbotk]  classif.bbrier warnings errors runtime_learners
INFO  [21:02:28.156] [bbotk]       0.1789545        0      0             4.13
INFO  [21:02:28.156] [bbotk]                                 uhash
INFO  [21:02:28.156] [bbotk]  5aa5af08-8422-4aec-90c4-cae7ae43e414
INFO  [21:02:31.920] [bbotk] Evaluating 1 configuration(s)
INFO  [21:02:36.757] [bbotk] Result of batch 9:
INFO  [21:02:36.778] [bbotk]         k distance kernel      acq_ei  x_domain .already_evaluated
INFO  [21:02:36.778] [bbotk]  3.497661 2.065098    cos 0.005428932 <list[3]>              FALSE
INFO  [21:02:36.778] [bbotk]  classif.bbrier warnings errors runtime_learners
INFO  [21:02:36.778] [bbotk]       0.1732816        0      0            3.744
INFO  [21:02:36.778] [bbotk]                                 uhash
INFO  [21:02:36.778] [bbotk]  8bdfa4a7-50a3-420d-9e35-7306875b7887
INFO  [21:02:41.611] [bbotk] Evaluating 1 configuration(s)
INFO  [21:02:46.580] [bbotk] Result of batch 10:
INFO  [21:02:46.668] [bbotk]         k distance   kernel      acq_ei  x_domain .already_evaluated
INFO  [21:02:46.668] [bbotk]  3.421199 1.730481 gaussian 0.002656811 <list[3]>              FALSE
INFO  [21:02:46.668] [bbotk]  classif.bbrier warnings errors runtime_learners
INFO  [21:02:46.668] [bbotk]       0.1752841        0      0            4.532
INFO  [21:02:46.668] [bbotk]                                 uhash
INFO  [21:02:46.668] [bbotk]  20edde49-e597-4b2b-be2c-1e616b93f77d
INFO  [21:02:51.239] [bbotk] Evaluating 1 configuration(s)
INFO  [21:02:54.483] [bbotk] Result of batch 11:
INFO  [21:02:54.560] [bbotk]         k distance    kernel      acq_ei  x_domain .already_evaluated
INFO  [21:02:54.560] [bbotk]  3.455691 3.511534 triweight 0.002179916 <list[3]>              FALSE
INFO  [21:02:54.560] [bbotk]  classif.bbrier warnings errors runtime_learners
INFO  [21:02:54.560] [bbotk]       0.1863412        0      0            2.885
INFO  [21:02:54.560] [bbotk]                                 uhash
INFO  [21:02:54.560] [bbotk]  1cbfe96b-a55e-41b9-9a10-56af19d0d1bb
INFO  [21:02:57.171] [bbotk] Evaluating 1 configuration(s)
INFO  [21:03:02.077] [bbotk] Result of batch 12:
INFO  [21:03:02.230] [bbotk]         k distance kernel      acq_ei  x_domain .already_evaluated
INFO  [21:03:02.230] [bbotk]  3.585942 2.045416    cos 0.003520772 <list[3]>              FALSE
INFO  [21:03:02.230] [bbotk]  classif.bbrier warnings errors runtime_learners
INFO  [21:03:02.230] [bbotk]       0.1733294        0      0            4.164
INFO  [21:03:02.230] [bbotk]                                 uhash
INFO  [21:03:02.230] [bbotk]  c2f689ca-852f-46ae-8ca4-fa2555f8df72
INFO  [21:03:06.439] [bbotk] Evaluating 1 configuration(s)
INFO  [21:03:10.665] [bbotk] Result of batch 13:
INFO  [21:03:10.764] [bbotk]         k distance   kernel      acq_ei  x_domain .already_evaluated
INFO  [21:03:10.764] [bbotk]  3.164598 2.041035 gaussian 0.002550263 <list[3]>              FALSE
INFO  [21:03:10.764] [bbotk]  classif.bbrier warnings errors runtime_learners
INFO  [21:03:10.764] [bbotk]        0.174384        0      0            3.818
INFO  [21:03:10.764] [bbotk]                                 uhash
INFO  [21:03:10.764] [bbotk]  c97050e3-61e4-4681-8af9-d73f8e49080e
INFO  [21:03:14.927] [bbotk] Evaluating 1 configuration(s)
INFO  [21:03:18.530] [bbotk] Result of batch 14:
INFO  [21:03:18.825] [bbotk]        k distance    kernel      acq_ei  x_domain .already_evaluated
INFO  [21:03:18.825] [bbotk]  3.68271 3.744222 triweight 0.003777989 <list[3]>              FALSE
INFO  [21:03:18.825] [bbotk]  classif.bbrier warnings errors runtime_learners
INFO  [21:03:18.825] [bbotk]       0.1828867        0      0            3.211
INFO  [21:03:18.825] [bbotk]                                 uhash
INFO  [21:03:18.825] [bbotk]  58b8a2e3-da5e-4aac-9d56-2e17f13a1454
INFO  [21:03:23.029] [bbotk] Evaluating 1 configuration(s)
INFO  [21:03:27.542] [bbotk] Result of batch 15:
INFO  [21:03:27.615] [bbotk]         k distance   kernel      acq_ei  x_domain .already_evaluated
INFO  [21:03:27.615] [bbotk]  1.417583 2.133365 gaussian 0.001860618 <list[3]>              FALSE
INFO  [21:03:27.615] [bbotk]  classif.bbrier warnings errors runtime_learners
INFO  [21:03:27.615] [bbotk]       0.1925095        0      0            3.957
INFO  [21:03:27.615] [bbotk]                                 uhash
INFO  [21:03:27.615] [bbotk]  70510611-a4c8-440d-805e-d8e2581eaba7
INFO  [21:03:31.948] [bbotk] Evaluating 1 configuration(s)
INFO  [21:03:35.535] [bbotk] Result of batch 16:
INFO  [21:03:35.567] [bbotk]         k distance   kernel      acq_ei  x_domain .already_evaluated
INFO  [21:03:35.567] [bbotk]  3.772644  1.95465 biweight 0.001894367 <list[3]>              FALSE
INFO  [21:03:35.567] [bbotk]  classif.bbrier warnings errors runtime_learners
INFO  [21:03:35.567] [bbotk]       0.1728172        0      0            2.962
INFO  [21:03:35.567] [bbotk]                                 uhash
INFO  [21:03:35.567] [bbotk]  95f0327d-13bc-4c98-baf2-c18796c04d30
INFO  [21:03:39.619] [bbotk] Evaluating 1 configuration(s)
INFO  [21:03:45.469] [bbotk] Result of batch 17:
INFO  [21:03:45.536] [bbotk]         k distance   kernel      acq_ei  x_domain .already_evaluated
INFO  [21:03:45.536] [bbotk]  3.246748 1.884747 gaussian 0.003611914 <list[3]>              FALSE
INFO  [21:03:45.536] [bbotk]  classif.bbrier warnings errors runtime_learners
INFO  [21:03:45.536] [bbotk]       0.1752799        0      0            5.359
INFO  [21:03:45.536] [bbotk]                                 uhash
INFO  [21:03:45.536] [bbotk]  5c8cc8af-e53c-4b38-8ac0-3da644ed02f3
INFO  [21:03:50.018] [bbotk] Evaluating 1 configuration(s)
INFO  [21:03:52.823] [bbotk] Result of batch 18:
INFO  [21:03:52.873] [bbotk]         k distance  kernel      acq_ei  x_domain .already_evaluated
INFO  [21:03:52.873] [bbotk]  3.270906 4.217943 optimal 0.002771989 <list[3]>              FALSE
INFO  [21:03:52.873] [bbotk]  classif.bbrier warnings errors runtime_learners
INFO  [21:03:52.873] [bbotk]       0.1747691        0      0             2.56
INFO  [21:03:52.873] [bbotk]                                 uhash
INFO  [21:03:52.873] [bbotk]  b5b0dfb8-71f8-47a6-839a-7556dd2d28b2
INFO  [21:03:57.397] [bbotk] Evaluating 1 configuration(s)
INFO  [21:04:01.631] [bbotk] Result of batch 19:
INFO  [21:04:01.746] [bbotk]         k distance  kernel      acq_ei  x_domain .already_evaluated
INFO  [21:04:01.746] [bbotk]  1.166166 3.418727 optimal 0.001921233 <list[3]>              FALSE
INFO  [21:04:01.746] [bbotk]  classif.bbrier warnings errors runtime_learners
INFO  [21:04:01.746] [bbotk]       0.2319943        0      0            3.607
INFO  [21:04:01.746] [bbotk]                                 uhash
INFO  [21:04:01.746] [bbotk]  be8dde00-d450-4907-a547-857562e41ba8
INFO  [21:04:07.085] [bbotk] Evaluating 1 configuration(s)
INFO  [21:04:10.847] [bbotk] Result of batch 20:
INFO  [21:04:10.919] [bbotk]           k distance   kernel      acq_ei  x_domain .already_evaluated
INFO  [21:04:10.919] [bbotk]  0.03344331 1.904426 gaussian 0.003775102 <list[3]>              FALSE
INFO  [21:04:10.919] [bbotk]  classif.bbrier warnings errors runtime_learners
INFO  [21:04:10.919] [bbotk]       0.3044444        0      0            3.236
INFO  [21:04:10.919] [bbotk]                                 uhash
INFO  [21:04:10.919] [bbotk]  3a6562f1-165c-4d7a-ba66-cb93bce4c68d
INFO  [21:04:14.637] [bbotk] Evaluating 1 configuration(s)
INFO  [21:04:17.595] [bbotk] Result of batch 21:
INFO  [21:04:17.619] [bbotk]         k distance kernel      acq_ei  x_domain .already_evaluated
INFO  [21:04:17.619] [bbotk]  3.815652 1.798963    inv 0.002249122 <list[3]>              FALSE
INFO  [21:04:17.619] [bbotk]  classif.bbrier warnings errors runtime_learners
INFO  [21:04:17.619] [bbotk]       0.1781265        0      0            2.765
INFO  [21:04:17.619] [bbotk]                                 uhash
INFO  [21:04:17.619] [bbotk]  a862831d-06e2-4e5f-ae81-3848f18e783c
INFO  [21:04:23.393] [bbotk] Evaluating 1 configuration(s)
INFO  [21:04:27.456] [bbotk] Result of batch 22:
INFO  [21:04:27.477] [bbotk]         k distance   kernel      acq_ei  x_domain .already_evaluated
INFO  [21:04:27.477] [bbotk]  3.321536 1.934135 gaussian 0.004504021 <list[3]>              FALSE
INFO  [21:04:27.477] [bbotk]  classif.bbrier warnings errors runtime_learners
INFO  [21:04:27.477] [bbotk]       0.1759911        0      0            3.572
INFO  [21:04:27.477] [bbotk]                                 uhash
INFO  [21:04:27.477] [bbotk]  5ae5e8b2-73c6-402a-9b07-1df030993ae9
INFO  [21:04:31.760] [bbotk] Evaluating 1 configuration(s)
INFO  [21:04:35.415] [bbotk] Result of batch 23:
INFO  [21:04:35.585] [bbotk]        k distance    kernel      acq_ei  x_domain .already_evaluated
INFO  [21:04:35.585] [bbotk]  3.45191 4.067081 triweight 0.002920174 <list[3]>              FALSE
INFO  [21:04:35.585] [bbotk]  classif.bbrier warnings errors runtime_learners
INFO  [21:04:35.585] [bbotk]       0.1872646        0      0            3.226
INFO  [21:04:35.585] [bbotk]                                 uhash
INFO  [21:04:35.585] [bbotk]  2d571a73-858f-4aab-a419-4ce2ab028df8
INFO  [21:04:38.687] [bbotk] Evaluating 1 configuration(s)
INFO  [21:04:42.355] [bbotk] Result of batch 24:
INFO  [21:04:42.379] [bbotk]         k distance   kernel      acq_ei  x_domain .already_evaluated
INFO  [21:04:42.379] [bbotk]  3.097831 2.008585 gaussian 0.002412382 <list[3]>              FALSE
INFO  [21:04:42.379] [bbotk]  classif.bbrier warnings errors runtime_learners
INFO  [21:04:42.379] [bbotk]       0.1736218        0      0            3.069
INFO  [21:04:42.379] [bbotk]                                 uhash
INFO  [21:04:42.379] [bbotk]  29084357-9c53-4c5e-bc15-8476de7346d5
INFO  [21:04:47.439] [bbotk] Evaluating 1 configuration(s)
INFO  [21:04:51.064] [bbotk] Result of batch 25:
INFO  [21:04:51.117] [bbotk]         k distance   kernel      acq_ei  x_domain .already_evaluated
INFO  [21:04:51.117] [bbotk]  3.254046 1.973266 biweight 0.004653257 <list[3]>              FALSE
INFO  [21:04:51.117] [bbotk]  classif.bbrier warnings errors runtime_learners
INFO  [21:04:51.117] [bbotk]       0.1765018        0      0            3.138
INFO  [21:04:51.117] [bbotk]                                 uhash
INFO  [21:04:51.117] [bbotk]  489fc5fd-b9b5-42e5-92ef-71c480fd8420
INFO  [21:04:58.827] [bbotk] Evaluating 1 configuration(s)
INFO  [21:05:03.249] [bbotk] Result of batch 26:
INFO  [21:05:03.339] [bbotk]         k distance   kernel      acq_ei  x_domain .already_evaluated
INFO  [21:05:03.339] [bbotk]  3.049297 2.008318 gaussian 0.004740479 <list[3]>              FALSE
INFO  [21:05:03.339] [bbotk]  classif.bbrier warnings errors runtime_learners
INFO  [21:05:03.339] [bbotk]       0.1737077        0      0            4.019
INFO  [21:05:03.339] [bbotk]                                 uhash
INFO  [21:05:03.339] [bbotk]  9f53fdf3-e1f3-4ac0-b855-6fa3cfadc37b
INFO  [21:05:06.666] [bbotk] Evaluating 1 configuration(s)
INFO  [21:05:11.410] [bbotk] Result of batch 27:
INFO  [21:05:11.539] [bbotk]         k distance kernel      acq_ei  x_domain .already_evaluated
INFO  [21:05:11.539] [bbotk]  2.692429 1.903763   rank 0.005465135 <list[3]>              FALSE
INFO  [21:05:11.539] [bbotk]  classif.bbrier warnings errors runtime_learners
INFO  [21:05:11.539] [bbotk]       0.1735423        0      0            4.183
INFO  [21:05:11.539] [bbotk]                                 uhash
INFO  [21:05:11.539] [bbotk]  49a651ef-6eae-4f2a-baa9-21988a80e77d
INFO  [21:05:15.803] [bbotk] Evaluating 1 configuration(s)
INFO  [21:05:20.200] [bbotk] Result of batch 28:
INFO  [21:05:20.300] [bbotk]        k distance kernel      acq_ei  x_domain .already_evaluated
INFO  [21:05:20.300] [bbotk]  3.27384 2.007392    cos 0.003188738 <list[3]>              FALSE
INFO  [21:05:20.300] [bbotk]  classif.bbrier warnings errors runtime_learners
INFO  [21:05:20.300] [bbotk]       0.1726264        0      0            4.044
INFO  [21:05:20.300] [bbotk]                                 uhash
INFO  [21:05:20.300] [bbotk]  d6973fe9-108d-4afb-bfb2-2e77f3d92439
INFO  [21:05:24.210] [bbotk] Evaluating 1 configuration(s)
INFO  [21:05:28.056] [bbotk] Result of batch 29:
INFO  [21:05:28.129] [bbotk]         k distance   kernel      acq_ei  x_domain .already_evaluated
INFO  [21:05:28.129] [bbotk]  3.216497 1.916376 biweight 0.002904557 <list[3]>              FALSE
INFO  [21:05:28.129] [bbotk]  classif.bbrier warnings errors runtime_learners
INFO  [21:05:28.129] [bbotk]       0.1767853        0      0            3.254
INFO  [21:05:28.129] [bbotk]                                 uhash
INFO  [21:05:28.129] [bbotk]  60458d54-3058-43e4-81e1-7c6b4940a1de
INFO  [21:05:33.330] [bbotk] Evaluating 1 configuration(s)
INFO  [21:05:40.484] [bbotk] Result of batch 30:
INFO  [21:05:40.510] [bbotk]         k distance   kernel      acq_ei  x_domain .already_evaluated
INFO  [21:05:40.510] [bbotk]  3.627548 2.006567 gaussian 0.002876875 <list[3]>              FALSE
INFO  [21:05:40.510] [bbotk]  classif.bbrier warnings errors runtime_learners
INFO  [21:05:40.510] [bbotk]       0.1755396        0      0            6.476
INFO  [21:05:40.510] [bbotk]                                 uhash
INFO  [21:05:40.510] [bbotk]  dc2de6e7-e31f-44e6-9949-2d33affefb7f
INFO  [21:05:45.313] [bbotk] Evaluating 1 configuration(s)
INFO  [21:05:51.151] [bbotk] Result of batch 31:
INFO  [21:05:51.189] [bbotk]         k distance    kernel      acq_ei  x_domain .already_evaluated
INFO  [21:05:51.189] [bbotk]  2.609481 4.825608 triweight 0.003049428 <list[3]>              FALSE
INFO  [21:05:51.189] [bbotk]  classif.bbrier warnings errors runtime_learners
INFO  [21:05:51.189] [bbotk]       0.2106101        0      0            5.098
INFO  [21:05:51.189] [bbotk]                                 uhash
INFO  [21:05:51.189] [bbotk]  4880820c-7d6e-4156-a3d5-6c4adfa347fe
INFO  [21:05:56.005] [bbotk] Evaluating 1 configuration(s)
INFO  [21:05:59.020] [bbotk] Result of batch 32:
INFO  [21:05:59.066] [bbotk]         k distance kernel      acq_ei  x_domain .already_evaluated
INFO  [21:05:59.066] [bbotk]  1.235892 1.826996    inv 0.003671281 <list[3]>              FALSE
INFO  [21:05:59.066] [bbotk]  classif.bbrier warnings errors runtime_learners
INFO  [21:05:59.066] [bbotk]       0.1982956        0      0            2.665
INFO  [21:05:59.066] [bbotk]                                 uhash
INFO  [21:05:59.066] [bbotk]  4794a3b0-db43-43cf-9299-f5ff6f693928
INFO  [21:06:02.387] [bbotk] Evaluating 1 configuration(s)
INFO  [21:06:06.350] [bbotk] Result of batch 33:
INFO  [21:06:06.437] [bbotk]         k distance       kernel      acq_ei  x_domain .already_evaluated
INFO  [21:06:06.437] [bbotk]  3.445825 1.900558 epanechnikov 0.003526527 <list[3]>              FALSE
INFO  [21:06:06.437] [bbotk]  classif.bbrier warnings errors runtime_learners
INFO  [21:06:06.437] [bbotk]       0.1732733        0      0            3.626
INFO  [21:06:06.437] [bbotk]                                 uhash
INFO  [21:06:06.437] [bbotk]  19b0cd03-7752-4413-a3e1-d3b082ced882
INFO  [21:06:10.702] [bbotk] Evaluating 1 configuration(s)
INFO  [21:06:14.435] [bbotk] Result of batch 34:
INFO  [21:06:14.498] [bbotk]          k distance   kernel      acq_ei  x_domain .already_evaluated
INFO  [21:06:14.498] [bbotk]  0.9720391  1.90616 gaussian 0.001829351 <list[3]>              FALSE
INFO  [21:06:14.498] [bbotk]  classif.bbrier warnings errors runtime_learners
INFO  [21:06:14.498] [bbotk]       0.2248098        0      0            3.333
INFO  [21:06:14.498] [bbotk]                                 uhash
INFO  [21:06:14.498] [bbotk]  a148d9fa-ceb4-4834-8c77-dd7719fc1c57
INFO  [21:06:17.848] [bbotk] Evaluating 1 configuration(s)
INFO  [21:06:21.183] [bbotk] Result of batch 35:
INFO  [21:06:21.209] [bbotk]         k distance kernel      acq_ei  x_domain .already_evaluated
INFO  [21:06:21.209] [bbotk]  3.883061 1.973985   rank 0.003369299 <list[3]>              FALSE
INFO  [21:06:21.209] [bbotk]  classif.bbrier warnings errors runtime_learners
INFO  [21:06:21.209] [bbotk]       0.1768166        0      0              3.1
INFO  [21:06:21.209] [bbotk]                                 uhash
INFO  [21:06:21.209] [bbotk]  5fb16efe-c4c6-489c-bf00-7fa3c7ba438a
INFO  [21:06:28.977] [bbotk] Evaluating 1 configuration(s)
INFO  [21:06:33.245] [bbotk] Result of batch 36:
INFO  [21:06:33.301] [bbotk]         k distance   kernel      acq_ei  x_domain .already_evaluated
INFO  [21:06:33.301] [bbotk]  3.697278 2.005577 gaussian 0.002262264 <list[3]>              FALSE
INFO  [21:06:33.301] [bbotk]  classif.bbrier warnings errors runtime_learners
INFO  [21:06:33.301] [bbotk]       0.1754959        0      0            3.679
INFO  [21:06:33.301] [bbotk]                                 uhash
INFO  [21:06:33.301] [bbotk]  acdc94b1-8e29-4ecb-9082-ca747d002262
INFO  [21:06:38.248] [bbotk] Evaluating 1 configuration(s)
INFO  [21:06:41.949] [bbotk] Result of batch 37:
INFO  [21:06:42.039] [bbotk]         k distance   kernel      acq_ei  x_domain .already_evaluated
INFO  [21:06:42.039] [bbotk]  0.866025 1.904179 biweight 0.002610381 <list[3]>              FALSE
INFO  [21:06:42.039] [bbotk]  classif.bbrier warnings errors runtime_learners
INFO  [21:06:42.039] [bbotk]       0.2665085        0      0            3.107
INFO  [21:06:42.039] [bbotk]                                 uhash
INFO  [21:06:42.039] [bbotk]  c309121b-1326-4e00-8c88-32b31d221e5e
INFO  [21:06:45.994] [bbotk] Evaluating 1 configuration(s)
INFO  [21:06:50.817] [bbotk] Result of batch 38:
INFO  [21:06:50.866] [bbotk]         k distance  kernel      acq_ei  x_domain .already_evaluated
INFO  [21:06:50.866] [bbotk]  3.056415 4.624612 optimal 0.001614207 <list[3]>              FALSE
INFO  [21:06:50.866] [bbotk]  classif.bbrier warnings errors runtime_learners
INFO  [21:06:50.866] [bbotk]       0.1765013        0      0            3.861
INFO  [21:06:50.866] [bbotk]                                 uhash
INFO  [21:06:50.866] [bbotk]  c329bb57-ab57-4ddb-811b-0c4147e08f78
INFO  [21:06:54.013] [bbotk] Evaluating 1 configuration(s)
INFO  [21:07:01.021] [bbotk] Result of batch 39:
INFO  [21:07:01.069] [bbotk]         k distance kernel      acq_ei  x_domain .already_evaluated
INFO  [21:07:01.069] [bbotk]  3.490196 2.542395    cos 0.002683903 <list[3]>              FALSE
INFO  [21:07:01.069] [bbotk]  classif.bbrier warnings errors runtime_learners
INFO  [21:07:01.069] [bbotk]       0.1731619        0      0            6.504
INFO  [21:07:01.069] [bbotk]                                 uhash
INFO  [21:07:01.069] [bbotk]  46ca6e0b-3825-4b3c-9c0d-8d1649df1afb
INFO  [21:07:05.972] [bbotk] Evaluating 1 configuration(s)
INFO  [21:07:08.835] [bbotk] Result of batch 40:
INFO  [21:07:08.904] [bbotk]         k distance   kernel      acq_ei  x_domain .already_evaluated
INFO  [21:07:08.904] [bbotk]  3.287357 2.045057 gaussian 0.002835911 <list[3]>              FALSE
INFO  [21:07:08.904] [bbotk]  classif.bbrier warnings errors runtime_learners
INFO  [21:07:08.904] [bbotk]       0.1759666        0      0            2.382
INFO  [21:07:08.904] [bbotk]                                 uhash
INFO  [21:07:08.904] [bbotk]  ac35bf8c-aa70-4108-b2a8-6e02fa90f6f3
INFO  [21:07:11.633] [bbotk] Evaluating 1 configuration(s)
INFO  [21:07:17.100] [bbotk] Result of batch 41:
INFO  [21:07:17.201] [bbotk]        k distance kernel     acq_ei  x_domain .already_evaluated classif.bbrier
INFO  [21:07:17.201] [bbotk]  1.20243 1.959832    cos 0.00328758 <list[3]>              FALSE      0.2228184
INFO  [21:07:17.201] [bbotk]  warnings errors runtime_learners                                uhash
INFO  [21:07:17.201] [bbotk]         0      0            4.097 1a887a8e-452f-458d-aef8-a3fd155de06c
INFO  [21:07:21.592] [bbotk] Evaluating 1 configuration(s)
INFO  [21:07:26.996] [bbotk] Result of batch 42:
INFO  [21:07:27.098] [bbotk]         k distance kernel      acq_ei  x_domain .already_evaluated
INFO  [21:07:27.098] [bbotk]  3.588018 1.903084   rank 0.002285384 <list[3]>              FALSE
INFO  [21:07:27.098] [bbotk]  classif.bbrier warnings errors runtime_learners
INFO  [21:07:27.098] [bbotk]       0.1757704        0      0             4.91
INFO  [21:07:27.098] [bbotk]                                 uhash
INFO  [21:07:27.098] [bbotk]  568831ac-74f6-4b84-b062-6ae973f13a9a
INFO  [21:07:30.791] [bbotk] Evaluating 1 configuration(s)
INFO  [21:07:35.934] [bbotk] Result of batch 43:
INFO  [21:07:36.000] [bbotk]         k distance    kernel      acq_ei  x_domain .already_evaluated
INFO  [21:07:36.000] [bbotk]  3.290145 3.735367 triweight 0.002493009 <list[3]>              FALSE
INFO  [21:07:36.000] [bbotk]  classif.bbrier warnings errors runtime_learners
INFO  [21:07:36.000] [bbotk]       0.1900048        0      0            4.612
INFO  [21:07:36.000] [bbotk]                                 uhash
INFO  [21:07:36.000] [bbotk]  e17bd886-6964-4c80-9d02-8fd1b4fd4cc5
INFO  [21:07:40.670] [bbotk] Evaluating 1 configuration(s)
INFO  [21:07:44.865] [bbotk] Result of batch 44:
INFO  [21:07:44.990] [bbotk]         k distance  kernel      acq_ei  x_domain .already_evaluated
INFO  [21:07:44.990] [bbotk]  3.057773 4.789788 optimal 0.002536273 <list[3]>              FALSE
INFO  [21:07:44.990] [bbotk]  classif.bbrier warnings errors runtime_learners
INFO  [21:07:44.990] [bbotk]       0.1767026        0      0            3.631
INFO  [21:07:44.990] [bbotk]                                 uhash
INFO  [21:07:44.990] [bbotk]  a86559d4-91c1-4301-a617-df1407a797b5
INFO  [21:07:50.062] [bbotk] Evaluating 1 configuration(s)
INFO  [21:07:55.067] [bbotk] Result of batch 45:
INFO  [21:07:55.185] [bbotk]         k distance   kernel      acq_ei  x_domain .already_evaluated
INFO  [21:07:55.185] [bbotk]  3.413162 1.958752 biweight 0.002024962 <list[3]>              FALSE
INFO  [21:07:55.185] [bbotk]  classif.bbrier warnings errors runtime_learners
INFO  [21:07:55.185] [bbotk]       0.1747499        0      0            4.203
INFO  [21:07:55.185] [bbotk]                                 uhash
INFO  [21:07:55.185] [bbotk]  fe2c4fb2-0471-496c-99dc-ddc2d3e131d6
INFO  [21:07:59.354] [bbotk] Evaluating 1 configuration(s)
INFO  [21:08:03.025] [bbotk] Result of batch 46:
INFO  [21:08:03.089] [bbotk]         k distance   kernel      acq_ei  x_domain .already_evaluated
INFO  [21:08:03.089] [bbotk]  2.987672 1.961833 biweight 0.001414158 <list[3]>              FALSE
INFO  [21:08:03.089] [bbotk]  classif.bbrier warnings errors runtime_learners
INFO  [21:08:03.089] [bbotk]       0.1801149        0      0            3.109
INFO  [21:08:03.089] [bbotk]                                 uhash
INFO  [21:08:03.089] [bbotk]  19dd4ead-fdaa-4c2f-b32f-c85b4d866a49
INFO  [21:08:07.149] [bbotk] Evaluating 1 configuration(s)
INFO  [21:08:13.176] [bbotk] Result of batch 47:
INFO  [21:08:13.265] [bbotk]         k distance      kernel      acq_ei  x_domain .already_evaluated
INFO  [21:08:13.265] [bbotk]  1.950316 1.902897 rectangular 0.002690472 <list[3]>              FALSE
INFO  [21:08:13.265] [bbotk]  classif.bbrier warnings errors runtime_learners
INFO  [21:08:13.265] [bbotk]       0.1826531        0      0             4.98
INFO  [21:08:13.265] [bbotk]                                 uhash
INFO  [21:08:13.265] [bbotk]  582553db-c29a-4664-93a3-58cb4de7711a
INFO  [21:08:18.381] [bbotk] Evaluating 1 configuration(s)
INFO  [21:08:26.832] [bbotk] Result of batch 48:
INFO  [21:08:26.893] [bbotk]         k distance   kernel      acq_ei  x_domain .already_evaluated
INFO  [21:08:26.893] [bbotk]  3.430066  1.91782 biweight 0.002762007 <list[3]>              FALSE
INFO  [21:08:26.893] [bbotk]  classif.bbrier warnings errors runtime_learners
INFO  [21:08:26.893] [bbotk]       0.1746833        0      0            7.713
INFO  [21:08:26.893] [bbotk]                                 uhash
INFO  [21:08:26.893] [bbotk]  c24cc321-eeec-4c1e-9965-e319872b969d
INFO  [21:08:31.507] [bbotk] Evaluating 1 configuration(s)
INFO  [21:08:35.851] [bbotk] Result of batch 49:
INFO  [21:08:35.908] [bbotk]         k distance   kernel      acq_ei  x_domain .already_evaluated
INFO  [21:08:35.908] [bbotk]  2.909504 1.993988 gaussian 0.003919607 <list[3]>              FALSE
INFO  [21:08:35.908] [bbotk]  classif.bbrier warnings errors runtime_learners
INFO  [21:08:35.908] [bbotk]       0.1732134        0      0            3.646
INFO  [21:08:35.908] [bbotk]                                 uhash
INFO  [21:08:35.908] [bbotk]  9667ddfc-8550-4402-9c85-c3e0f8ae4d8d
INFO  [21:08:41.426] [bbotk] Evaluating 1 configuration(s)
INFO  [21:08:48.211] [bbotk] Result of batch 50:
INFO  [21:08:48.241] [bbotk]         k distance   kernel      acq_ei  x_domain .already_evaluated
INFO  [21:08:48.241] [bbotk]  3.817378 2.006824 gaussian 0.002168675 <list[3]>              FALSE
INFO  [21:08:48.241] [bbotk]  classif.bbrier warnings errors runtime_learners
INFO  [21:08:48.241] [bbotk]       0.1752978        0      0            6.009
INFO  [21:08:48.241] [bbotk]                                 uhash
INFO  [21:08:48.241] [bbotk]  6bcd6777-c7e7-4d54-a63d-1b54d6dcb8a0
INFO  [21:09:03.038] [bbotk] Evaluating 1 configuration(s)
INFO  [21:09:06.003] [bbotk] Result of batch 51:
INFO  [21:09:06.093] [bbotk]         k distance   kernel      acq_ei  x_domain .already_evaluated
INFO  [21:09:06.093] [bbotk]  2.639329 2.007406 gaussian 0.002353442 <list[3]>              FALSE
INFO  [21:09:06.093] [bbotk]  classif.bbrier warnings errors runtime_learners
INFO  [21:09:06.093] [bbotk]       0.1730884        0      0            2.593
INFO  [21:09:06.093] [bbotk]                                 uhash
INFO  [21:09:06.093] [bbotk]  8bf49684-1dba-47d5-8798-fd0a90e91f11
INFO  [21:09:10.362] [bbotk] Evaluating 1 configuration(s)
INFO  [21:09:14.353] [bbotk] Result of batch 52:
INFO  [21:09:14.554] [bbotk]         k distance      kernel      acq_ei  x_domain .already_evaluated
INFO  [21:09:14.554] [bbotk]  2.932795 4.470588 rectangular 0.002929587 <list[3]>              FALSE
INFO  [21:09:14.554] [bbotk]  classif.bbrier warnings errors runtime_learners
INFO  [21:09:14.554] [bbotk]       0.1778292        0      0            3.174
INFO  [21:09:14.554] [bbotk]                                 uhash
INFO  [21:09:14.554] [bbotk]  2199efb2-e042-4028-868c-1985a7b5017a
INFO  [21:09:18.109] [bbotk] Evaluating 1 configuration(s)
INFO  [21:09:26.763] [bbotk] Result of batch 53:
INFO  [21:09:26.866] [bbotk]         k distance   kernel     acq_ei  x_domain .already_evaluated
INFO  [21:09:26.866] [bbotk]  3.020349 1.911228 biweight 0.00173041 <list[3]>              FALSE
INFO  [21:09:26.866] [bbotk]  classif.bbrier warnings errors runtime_learners
INFO  [21:09:26.866] [bbotk]       0.1791491        0      0            8.417
INFO  [21:09:26.866] [bbotk]                                 uhash
INFO  [21:09:26.866] [bbotk]  09775d8c-5b6b-419c-82fe-a801c5404c7a
INFO  [21:09:32.254] [bbotk] Evaluating 1 configuration(s)
INFO  [21:09:35.819] [bbotk] Result of batch 54:
INFO  [21:09:35.879] [bbotk]         k distance  kernel      acq_ei  x_domain .already_evaluated
INFO  [21:09:35.879] [bbotk]  3.114641 3.822104 optimal 0.001657678 <list[3]>              FALSE
INFO  [21:09:35.879] [bbotk]  classif.bbrier warnings errors runtime_learners
INFO  [21:09:35.879] [bbotk]       0.1753093        0      0            2.983
INFO  [21:09:35.879] [bbotk]                                 uhash
INFO  [21:09:35.879] [bbotk]  66daf728-0ce3-40e4-b8ca-82500421607f
INFO  [21:09:47.685] [bbotk] Evaluating 1 configuration(s)
INFO  [21:09:51.981] [bbotk] Result of batch 55:
INFO  [21:09:52.035] [bbotk]          k distance kernel      acq_ei  x_domain .already_evaluated
INFO  [21:09:52.035] [bbotk]  0.9326704 2.487221    cos 0.003337065 <list[3]>              FALSE
INFO  [21:09:52.035] [bbotk]  classif.bbrier warnings errors runtime_learners
INFO  [21:09:52.035] [bbotk]       0.2519656        0      0            3.537
INFO  [21:09:52.035] [bbotk]                                 uhash
INFO  [21:09:52.035] [bbotk]  63799901-766d-4c1f-8b74-1d6a139e9478
INFO  [21:09:55.785] [bbotk] Evaluating 1 configuration(s)
INFO  [21:10:01.457] [bbotk] Result of batch 56:
INFO  [21:10:01.549] [bbotk]         k distance   kernel      acq_ei  x_domain .already_evaluated
INFO  [21:10:01.549] [bbotk]  3.912096  1.83853 biweight 0.001843059 <list[3]>              FALSE
INFO  [21:10:01.549] [bbotk]  classif.bbrier warnings errors runtime_learners
INFO  [21:10:01.549] [bbotk]       0.1723168        0      0            4.219
INFO  [21:10:01.549] [bbotk]                                 uhash
INFO  [21:10:01.549] [bbotk]  691b51fc-f2a4-4558-ae44-429b2d820ec7
INFO  [21:10:06.004] [bbotk] Evaluating 1 configuration(s)
INFO  [21:10:13.771] [bbotk] Result of batch 57:
INFO  [21:10:13.890] [bbotk]         k distance  kernel      acq_ei  x_domain .already_evaluated
INFO  [21:10:13.890] [bbotk]  2.838554 3.811271 optimal 0.002838602 <list[3]>              FALSE
INFO  [21:10:13.890] [bbotk]  classif.bbrier warnings errors runtime_learners
INFO  [21:10:13.890] [bbotk]       0.1772775        0      0            7.186
INFO  [21:10:13.890] [bbotk]                                 uhash
INFO  [21:10:13.890] [bbotk]  80be9857-8929-4dd2-ba70-9bdb7fc563e1
INFO  [21:10:19.009] [bbotk] Evaluating 1 configuration(s)
INFO  [21:10:24.293] [bbotk] Result of batch 58:
INFO  [21:10:24.368] [bbotk]         k distance kernel      acq_ei  x_domain .already_evaluated
INFO  [21:10:24.368] [bbotk]  2.534726 1.904412   rank 0.001976874 <list[3]>              FALSE
INFO  [21:10:24.368] [bbotk]  classif.bbrier warnings errors runtime_learners
INFO  [21:10:24.368] [bbotk]       0.1745226        0      0            4.731
INFO  [21:10:24.368] [bbotk]                                 uhash
INFO  [21:10:24.368] [bbotk]  a34c95a4-842b-4af5-97e5-8183729933b5
INFO  [21:10:29.701] [bbotk] Evaluating 1 configuration(s)
INFO  [21:10:33.017] [bbotk] Result of batch 59:
INFO  [21:10:33.053] [bbotk]         k distance    kernel      acq_ei  x_domain .already_evaluated
INFO  [21:10:33.053] [bbotk]  2.769763 4.382629 triweight 0.001826221 <list[3]>              FALSE
INFO  [21:10:33.053] [bbotk]  classif.bbrier warnings errors runtime_learners
INFO  [21:10:33.053] [bbotk]       0.2043625        0      0            2.954
INFO  [21:10:33.053] [bbotk]                                 uhash
INFO  [21:10:33.053] [bbotk]  f1f95166-c9d4-4985-bd0f-853109b1ea5d
INFO  [21:10:36.500] [bbotk] Evaluating 1 configuration(s)
INFO  [21:10:43.958] [bbotk] Result of batch 60:
INFO  [21:10:44.003] [bbotk]         k distance   kernel      acq_ei  x_domain .already_evaluated
INFO  [21:10:44.003] [bbotk]  2.300342 1.916394 gaussian 0.002550991 <list[3]>              FALSE
INFO  [21:10:44.003] [bbotk]  classif.bbrier warnings errors runtime_learners
INFO  [21:10:44.003] [bbotk]       0.1751556        0      0            6.524
INFO  [21:10:44.003] [bbotk]                                 uhash
INFO  [21:10:44.003] [bbotk]  2d81339b-59b6-4f4e-8e85-afa5c102efaa
INFO  [21:10:48.332] [bbotk] Evaluating 1 configuration(s)
INFO  [21:10:55.308] [bbotk] Result of batch 61:
INFO  [21:10:55.480] [bbotk]         k distance   kernel      acq_ei  x_domain .already_evaluated
INFO  [21:10:55.480] [bbotk]  3.710442 1.907011 gaussian 0.003548209 <list[3]>              FALSE
INFO  [21:10:55.480] [bbotk]  classif.bbrier warnings errors runtime_learners
INFO  [21:10:55.480] [bbotk]       0.1753783        0      0            6.009
INFO  [21:10:55.480] [bbotk]                                 uhash
INFO  [21:10:55.480] [bbotk]  e7d996d5-3851-4c64-af59-18270c991eea
INFO  [21:11:00.832] [bbotk] Evaluating 1 configuration(s)
INFO  [21:11:07.133] [bbotk] Result of batch 62:
INFO  [21:11:07.366] [bbotk]         k distance       kernel      acq_ei  x_domain .already_evaluated
INFO  [21:11:07.366] [bbotk]  1.224354   1.7408 epanechnikov 0.002063309 <list[3]>              FALSE
INFO  [21:11:07.366] [bbotk]  classif.bbrier warnings errors runtime_learners
INFO  [21:11:07.366] [bbotk]       0.2196281        0      0            5.362
INFO  [21:11:07.366] [bbotk]                                 uhash
INFO  [21:11:07.366] [bbotk]  dc0521b4-4afd-4dc7-9655-d0225d857eeb
INFO  [21:11:13.505] [bbotk] Evaluating 1 configuration(s)
INFO  [21:11:19.900] [bbotk] Result of batch 63:
INFO  [21:11:20.013] [bbotk]         k distance       kernel      acq_ei  x_domain .already_evaluated
INFO  [21:11:20.013] [bbotk]  2.848352 2.007298 epanechnikov 0.002956273 <list[3]>              FALSE
INFO  [21:11:20.013] [bbotk]  classif.bbrier warnings errors runtime_learners
INFO  [21:11:20.013] [bbotk]        0.174025        0      0            5.913
INFO  [21:11:20.013] [bbotk]                                 uhash
INFO  [21:11:20.013] [bbotk]  a94632e8-e555-4a0f-8bf9-f243985f7bfd
INFO  [21:11:26.161] [bbotk] Evaluating 1 configuration(s)
INFO  [21:11:30.990] [bbotk] Result of batch 64:
INFO  [21:11:31.026] [bbotk]         k distance   kernel      acq_ei  x_domain .already_evaluated
INFO  [21:11:31.026] [bbotk]  3.774843 1.900052 gaussian 0.002980446 <list[3]>              FALSE
INFO  [21:11:31.026] [bbotk]  classif.bbrier warnings errors runtime_learners
INFO  [21:11:31.026] [bbotk]       0.1751509        0      0             4.33
INFO  [21:11:31.026] [bbotk]                                 uhash
INFO  [21:11:31.026] [bbotk]  8c058232-95dd-4536-8ab5-d08843edde11
INFO  [21:11:34.721] [bbotk] Evaluating 1 configuration(s)
INFO  [21:11:38.043] [bbotk] Result of batch 65:
INFO  [21:11:38.159] [bbotk]         k distance   kernel     acq_ei  x_domain .already_evaluated
INFO  [21:11:38.159] [bbotk]  2.842748 1.905593 gaussian 0.00194279 <list[3]>              FALSE
INFO  [21:11:38.159] [bbotk]  classif.bbrier warnings errors runtime_learners
INFO  [21:11:38.159] [bbotk]       0.1731465        0      0            2.829
INFO  [21:11:38.159] [bbotk]                                 uhash
INFO  [21:11:38.159] [bbotk]  3aa2ad18-551e-416b-a32c-4200c5b283c0
INFO  [21:11:41.860] [bbotk] Evaluating 1 configuration(s)
INFO  [21:11:44.255] [bbotk] Result of batch 66:
INFO  [21:11:44.329] [bbotk]         k distance kernel      acq_ei  x_domain .already_evaluated
INFO  [21:11:44.329] [bbotk]  2.297426 1.905642    cos 0.003213697 <list[3]>              FALSE
INFO  [21:11:44.329] [bbotk]  classif.bbrier warnings errors runtime_learners
INFO  [21:11:44.329] [bbotk]       0.1819261        0      0            2.195
INFO  [21:11:44.329] [bbotk]                                 uhash
INFO  [21:11:44.329] [bbotk]  b4b0121b-3dd3-46da-bb9c-947fcaecd372
INFO  [21:11:48.613] [bbotk] Evaluating 1 configuration(s)
INFO  [21:11:56.193] [bbotk] Result of batch 67:
INFO  [21:11:56.256] [bbotk]         k distance  kernel      acq_ei  x_domain .already_evaluated
INFO  [21:11:56.256] [bbotk]  3.300027 3.771818 optimal 0.001952011 <list[3]>              FALSE
INFO  [21:11:56.256] [bbotk]  classif.bbrier warnings errors runtime_learners
INFO  [21:11:56.256] [bbotk]       0.1747549        0      0            7.286
INFO  [21:11:56.256] [bbotk]                                 uhash
INFO  [21:11:56.256] [bbotk]  25c5cad0-60c6-4639-9af6-4bd93f50c14d
INFO  [21:12:00.172] [bbotk] Evaluating 1 configuration(s)
INFO  [21:12:04.924] [bbotk] Result of batch 68:
INFO  [21:12:05.028] [bbotk]         k distance   kernel      acq_ei  x_domain .already_evaluated
INFO  [21:12:05.028] [bbotk]  3.102515 2.014527 gaussian 0.002774831 <list[3]>              FALSE
INFO  [21:12:05.028] [bbotk]  classif.bbrier warnings errors runtime_learners
INFO  [21:12:05.028] [bbotk]       0.1735458        0      0            4.366
INFO  [21:12:05.028] [bbotk]                                 uhash
INFO  [21:12:05.028] [bbotk]  03c0f1ca-3171-474b-8217-fbf49435ccad
INFO  [21:12:08.282] [bbotk] Evaluating 1 configuration(s)
INFO  [21:12:11.212] [bbotk] Result of batch 69:
INFO  [21:12:11.282] [bbotk]         k distance   kernel      acq_ei  x_domain .already_evaluated
INFO  [21:12:11.282] [bbotk]  2.829634 1.483934 gaussian 0.002648074 <list[3]>              FALSE
INFO  [21:12:11.282] [bbotk]  classif.bbrier warnings errors runtime_learners
INFO  [21:12:11.282] [bbotk]       0.1724521        0      0            2.666
INFO  [21:12:11.282] [bbotk]                                 uhash
INFO  [21:12:11.282] [bbotk]  6dc6ffe6-0c8a-4175-8ecd-452c33efca0e
INFO  [21:12:14.634] [bbotk] Evaluating 1 configuration(s)
INFO  [21:12:19.089] [bbotk] Result of batch 70:
INFO  [21:12:19.109] [bbotk]         k distance kernel      acq_ei  x_domain .already_evaluated
INFO  [21:12:19.109] [bbotk]  3.147977 2.657198   rank 0.002679461 <list[3]>              FALSE
INFO  [21:12:19.109] [bbotk]  classif.bbrier warnings errors runtime_learners
INFO  [21:12:19.109] [bbotk]       0.1745381        0      0            4.068
INFO  [21:12:19.109] [bbotk]                                 uhash
INFO  [21:12:19.109] [bbotk]  e1616469-b225-4fb4-9b43-5a62b21a8921
INFO  [21:12:22.948] [bbotk] Evaluating 1 configuration(s)
INFO  [21:12:28.778] [bbotk] Result of batch 71:
INFO  [21:12:28.832] [bbotk]         k distance   kernel      acq_ei  x_domain .already_evaluated
INFO  [21:12:28.832] [bbotk]  2.633442 1.445076 biweight 0.001450597 <list[3]>              FALSE
INFO  [21:12:28.832] [bbotk]  classif.bbrier warnings errors runtime_learners
INFO  [21:12:28.832] [bbotk]       0.1851761        0      0            5.405
INFO  [21:12:28.832] [bbotk]                                 uhash
INFO  [21:12:28.832] [bbotk]  88e03037-36fb-462e-9a4a-028bcb1b9e0f
INFO  [21:12:33.124] [bbotk] Evaluating 1 configuration(s)
INFO  [21:12:37.168] [bbotk] Result of batch 72:
INFO  [21:12:37.257] [bbotk]         k distance   kernel      acq_ei  x_domain .already_evaluated
INFO  [21:12:37.257] [bbotk]  3.885831 1.708356 biweight 0.003001388 <list[3]>              FALSE
INFO  [21:12:37.257] [bbotk]  classif.bbrier warnings errors runtime_learners
INFO  [21:12:37.257] [bbotk]       0.1726107        0      0            3.567
INFO  [21:12:37.257] [bbotk]                                 uhash
INFO  [21:12:37.257] [bbotk]  187d2921-ce4f-4f47-a1e4-be84cd7439ab
INFO  [21:12:40.202] [bbotk] Evaluating 1 configuration(s)
INFO  [21:12:44.820] [bbotk] Result of batch 73:
INFO  [21:12:44.868] [bbotk]         k distance   kernel      acq_ei  x_domain .already_evaluated
INFO  [21:12:44.868] [bbotk]  2.995434 1.973825 gaussian 0.001983645 <list[3]>              FALSE
INFO  [21:12:44.868] [bbotk]  classif.bbrier warnings errors runtime_learners
INFO  [21:12:44.868] [bbotk]       0.1740185        0      0            4.151
INFO  [21:12:44.868] [bbotk]                                 uhash
INFO  [21:12:44.868] [bbotk]  7c891bf3-3be8-4034-8bf5-24727623b8c7
INFO  [21:12:48.439] [bbotk] Evaluating 1 configuration(s)
INFO  [21:12:53.219] [bbotk] Result of batch 74:
INFO  [21:12:53.283] [bbotk]         k distance kernel      acq_ei  x_domain .already_evaluated
INFO  [21:12:53.283] [bbotk]  3.392297 2.405198    cos 0.001993102 <list[3]>              FALSE
INFO  [21:12:53.283] [bbotk]  classif.bbrier warnings errors runtime_learners
INFO  [21:12:53.283] [bbotk]       0.1731185        0      0            4.403
INFO  [21:12:53.283] [bbotk]                                 uhash
INFO  [21:12:53.283] [bbotk]  ef75daf3-5dad-495c-8081-d448c8b135db
INFO  [21:12:56.584] [bbotk] Evaluating 1 configuration(s)
INFO  [21:13:01.990] [bbotk] Result of batch 75:
INFO  [21:13:02.126] [bbotk]         k distance   kernel      acq_ei  x_domain .already_evaluated
INFO  [21:13:02.126] [bbotk]  2.537942 1.905108 gaussian 0.001480801 <list[3]>              FALSE
INFO  [21:13:02.126] [bbotk]  classif.bbrier warnings errors runtime_learners
INFO  [21:13:02.126] [bbotk]       0.1738075        0      0            5.116
INFO  [21:13:02.126] [bbotk]                                 uhash
INFO  [21:13:02.126] [bbotk]  e5f07441-a2c5-4382-8664-dbf31e48eca7
INFO  [21:13:06.484] [bbotk] Evaluating 1 configuration(s)
INFO  [21:13:12.684] [bbotk] Result of batch 76:
INFO  [21:13:12.736] [bbotk]         k distance kernel      acq_ei  x_domain .already_evaluated
INFO  [21:13:12.736] [bbotk]  1.234947 2.147072    cos 0.002564072 <list[3]>              FALSE
INFO  [21:13:12.736] [bbotk]  classif.bbrier warnings errors runtime_learners
INFO  [21:13:12.736] [bbotk]       0.2237507        0      0            5.821
INFO  [21:13:12.736] [bbotk]                                 uhash
INFO  [21:13:12.736] [bbotk]  b0d0fa7b-51aa-4163-aaac-0b5dbe7d95fe
INFO  [21:13:16.428] [bbotk] Evaluating 1 configuration(s)
INFO  [21:13:21.393] [bbotk] Result of batch 77:
INFO  [21:13:21.505] [bbotk]         k distance  kernel      acq_ei  x_domain .already_evaluated
INFO  [21:13:21.505] [bbotk]  3.405633 2.007548 optimal 0.001743184 <list[3]>              FALSE
INFO  [21:13:21.505] [bbotk]  classif.bbrier warnings errors runtime_learners
INFO  [21:13:21.505] [bbotk]       0.1732382        0      0            4.615
INFO  [21:13:21.505] [bbotk]                                 uhash
INFO  [21:13:21.505] [bbotk]  d784385e-257b-4538-89d9-d8ef9cbdb4a6
INFO  [21:13:25.222] [bbotk] Evaluating 1 configuration(s)
INFO  [21:13:30.214] [bbotk] Result of batch 78:
INFO  [21:13:30.242] [bbotk]         k distance kernel      acq_ei  x_domain .already_evaluated
INFO  [21:13:30.242] [bbotk]  3.594816 2.615604    cos 0.002595393 <list[3]>              FALSE
INFO  [21:13:30.242] [bbotk]  classif.bbrier warnings errors runtime_learners
INFO  [21:13:30.242] [bbotk]       0.1733256        0      0             4.45
INFO  [21:13:30.242] [bbotk]                                 uhash
INFO  [21:13:30.242] [bbotk]  9ddde7e8-49bf-4b10-9a3e-42234197e22a
INFO  [21:13:33.787] [bbotk] Evaluating 1 configuration(s)
INFO  [21:13:41.074] [bbotk] Result of batch 79:
INFO  [21:13:41.177] [bbotk]       k distance       kernel     acq_ei  x_domain .already_evaluated
INFO  [21:13:41.177] [bbotk]  3.2591 2.688724 epanechnikov 0.00199374 <list[3]>              FALSE
INFO  [21:13:41.177] [bbotk]  classif.bbrier warnings errors runtime_learners
INFO  [21:13:41.177] [bbotk]        0.173201        0      0            6.904
INFO  [21:13:41.177] [bbotk]                                 uhash
INFO  [21:13:41.177] [bbotk]  4772f9d4-6b05-44d0-8b91-cdd26e7a0b15
INFO  [21:13:45.532] [bbotk] Evaluating 1 configuration(s)
INFO  [21:13:51.042] [bbotk] Result of batch 80:
INFO  [21:13:51.283] [bbotk]         k distance kernel      acq_ei  x_domain .already_evaluated
INFO  [21:13:51.283] [bbotk]  3.282167 2.441451    cos 0.003606345 <list[3]>              FALSE
INFO  [21:13:51.283] [bbotk]  classif.bbrier warnings errors runtime_learners
INFO  [21:13:51.283] [bbotk]       0.1729437        0      0            4.978
INFO  [21:13:51.283] [bbotk]                                 uhash
INFO  [21:13:51.283] [bbotk]  99e362bf-71e1-4dde-a9bc-53003f106739
INFO  [21:13:56.202] [bbotk] Evaluating 1 configuration(s)
INFO  [21:14:00.956] [bbotk] Result of batch 81:
INFO  [21:14:00.990] [bbotk]         k distance kernel      acq_ei  x_domain .already_evaluated
INFO  [21:14:00.990] [bbotk]  3.336427 2.512942    cos 0.003164625 <list[3]>              FALSE
INFO  [21:14:00.990] [bbotk]  classif.bbrier warnings errors runtime_learners
INFO  [21:14:00.990] [bbotk]       0.1731608        0      0            4.401
INFO  [21:14:00.990] [bbotk]                                 uhash
INFO  [21:14:00.990] [bbotk]  82a49d29-3f34-4839-b904-90379f346a44
INFO  [21:14:04.022] [bbotk] Evaluating 1 configuration(s)
INFO  [21:14:07.429] [bbotk] Result of batch 82:
INFO  [21:14:07.491] [bbotk]         k distance kernel     acq_ei  x_domain .already_evaluated
INFO  [21:14:07.491] [bbotk]  2.556602  3.11526   rank 0.00246021 <list[3]>              FALSE
INFO  [21:14:07.491] [bbotk]  classif.bbrier warnings errors runtime_learners
INFO  [21:14:07.491] [bbotk]       0.1781129        0      0            3.078
INFO  [21:14:07.491] [bbotk]                                 uhash
INFO  [21:14:07.491] [bbotk]  a8c2975c-e541-44c6-9a9e-ce8784c0c7fc
INFO  [21:14:16.385] [bbotk] Evaluating 1 configuration(s)
INFO  [21:14:20.586] [bbotk] Result of batch 83:
INFO  [21:14:20.611] [bbotk]         k distance kernel      acq_ei  x_domain .already_evaluated
INFO  [21:14:20.611] [bbotk]  3.327834 2.007254   rank 0.003611403 <list[3]>              FALSE
INFO  [21:14:20.611] [bbotk]  classif.bbrier warnings errors runtime_learners
INFO  [21:14:20.611] [bbotk]       0.1744116        0      0            3.719
INFO  [21:14:20.611] [bbotk]                                 uhash
INFO  [21:14:20.611] [bbotk]  bb91eb51-b90f-49eb-b97a-db328fc35cbf
INFO  [21:14:23.583] [bbotk] Evaluating 1 configuration(s)
INFO  [21:14:26.811] [bbotk] Result of batch 84:
INFO  [21:14:27.013] [bbotk]         k distance       kernel      acq_ei  x_domain .already_evaluated
INFO  [21:14:27.013] [bbotk]  3.244896 2.475812 epanechnikov 0.002322011 <list[3]>              FALSE
INFO  [21:14:27.013] [bbotk]  classif.bbrier warnings errors runtime_learners
INFO  [21:14:27.013] [bbotk]       0.1729502        0      0            2.822
INFO  [21:14:27.013] [bbotk]                                 uhash
INFO  [21:14:27.013] [bbotk]  06101b33-22a6-4b61-8a9e-53d18f61345c
INFO  [21:14:30.223] [bbotk] Evaluating 1 configuration(s)
INFO  [21:14:39.037] [bbotk] Result of batch 85:
INFO  [21:14:39.097] [bbotk]         k distance    kernel      acq_ei  x_domain .already_evaluated
INFO  [21:14:39.097] [bbotk]  2.077969  3.67541 triweight 0.002503069 <list[3]>              FALSE
INFO  [21:14:39.097] [bbotk]  classif.bbrier warnings errors runtime_learners
INFO  [21:14:39.097] [bbotk]       0.2278387        0      0            7.718
INFO  [21:14:39.097] [bbotk]                                 uhash
INFO  [21:14:39.097] [bbotk]  fc6d1532-433c-4bba-9162-cfef70895f3a
INFO  [21:14:44.312] [bbotk] Evaluating 1 configuration(s)
INFO  [21:14:48.627] [bbotk] Result of batch 86:
INFO  [21:14:48.686] [bbotk]         k distance kernel      acq_ei  x_domain .already_evaluated
INFO  [21:14:48.686] [bbotk]  3.724531 2.471546    cos 0.002185129 <list[3]>              FALSE
INFO  [21:14:48.686] [bbotk]  classif.bbrier warnings errors runtime_learners
INFO  [21:14:48.686] [bbotk]       0.1735082        0      0            3.907
INFO  [21:14:48.686] [bbotk]                                 uhash
INFO  [21:14:48.686] [bbotk]  f0b0a5da-afc0-478a-9f07-eac7b8082052
INFO  [21:14:57.979] [bbotk] Evaluating 1 configuration(s)
INFO  [21:15:01.940] [bbotk] Result of batch 87:
INFO  [21:15:01.965] [bbotk]         k distance      kernel     acq_ei  x_domain .already_evaluated
INFO  [21:15:01.965] [bbotk]  1.224887 3.067362 rectangular 0.00156442 <list[3]>              FALSE
INFO  [21:15:01.965] [bbotk]  classif.bbrier warnings errors runtime_learners
INFO  [21:15:01.965] [bbotk]       0.2081481        0      0            3.598
INFO  [21:15:01.965] [bbotk]                                 uhash
INFO  [21:15:01.965] [bbotk]  ef99e3a7-1444-4ca0-b021-8e98c4a5d870
INFO  [21:15:05.588] [bbotk] Evaluating 1 configuration(s)
INFO  [21:15:09.683] [bbotk] Result of batch 88:
INFO  [21:15:09.717] [bbotk]         k distance       kernel      acq_ei  x_domain .already_evaluated
INFO  [21:15:09.717] [bbotk]  2.052401 2.487634 epanechnikov 0.001563055 <list[3]>              FALSE
INFO  [21:15:09.717] [bbotk]  classif.bbrier warnings errors runtime_learners
INFO  [21:15:09.717] [bbotk]       0.1890572        0      0            3.882
INFO  [21:15:09.717] [bbotk]                                 uhash
INFO  [21:15:09.717] [bbotk]  8e5af35c-8dbf-4eae-a08a-1db9868a8af9
INFO  [21:15:14.626] [bbotk] Evaluating 1 configuration(s)
INFO  [21:15:19.576] [bbotk] Result of batch 89:
INFO  [21:15:19.607] [bbotk]         k distance       kernel     acq_ei  x_domain .already_evaluated
INFO  [21:15:19.607] [bbotk]  3.052411 1.313294 epanechnikov 0.00161693 <list[3]>              FALSE
INFO  [21:15:19.607] [bbotk]  classif.bbrier warnings errors runtime_learners
INFO  [21:15:19.607] [bbotk]       0.1725949        0      0            4.501
INFO  [21:15:19.607] [bbotk]                                 uhash
INFO  [21:15:19.607] [bbotk]  30db7306-5fc0-45a1-83cf-05b8b8b3eeaa
INFO  [21:15:20.096] [bbotk] Finished optimizing after 100 evaluation(s)
INFO  [21:15:20.120] [bbotk] Result:
INFO  [21:15:20.179] [bbotk]         k distance   kernel learner_param_vals  x_domain classif.bbrier
INFO  [21:15:20.179] [bbotk]     <num>    <num>   <char>             <list>    <list>          <num>
INFO  [21:15:20.179] [bbotk]  3.912096  1.83853 biweight          <list[3]> <list[3]>      0.1723168

### [bt]: Job terminated successfully [batchtools job.id=75]
### [bt]: Calculation finished!
