### [bt]: This is batchtools v0.9.17
### [bt]: Starting calculation of 1 jobs
### [bt]: Setting working directory to '/content/drive/MyDrive/GitHub/Mater_Thesis_Calibration'
ece.R :
Friedmann_tasks.R :
Functions.R :
ici.R :
mse_feature_effects.R :
PipeOpCalibration_TuningExperiment.R :
PipeOpCalibration.R :
PipeOpCalibrationUnion.R :
### [bt]: Memory measurement disabled
### [bt]: Starting job [batchtools job.id=1215]
### [bt]: Generating problem instance for problem '341ee781c7d79b8f' ...
### [bt]: Applying algorithm 'run_learner' on problem '341ee781c7d79b8f' for job 1215 (seed = 1338) ...
INFO  [15:36:59.262] [mlr3] Applying learner 'ranger TbC isotonic' on task 'wdbc' (iter 5/10)
INFO  [15:36:59.779] [bbotk] Starting to optimize 4 parameter(s) with '<OptimizerMbo>' and '<TerminatorEvals> [n_evals=100, k=0]'
INFO  [15:37:01.447] [bbotk] Evaluating 16 configuration(s)
INFO  [15:37:26.655] [bbotk] Result of batch 1:
INFO  [15:37:26.706] [bbotk]  mtry.ratio num.trees replace sample.fraction classif.bbrier warnings errors
INFO  [15:37:26.706] [bbotk]   0.4652429      1186    TRUE       0.8446761     0.03869951        0      0
INFO  [15:37:26.706] [bbotk]   0.9652429       186   FALSE       0.3946761     0.04052352        0      0
INFO  [15:37:26.706] [bbotk]   0.7152429      1686    TRUE       0.6196761     0.03975372        0      0
INFO  [15:37:26.706] [bbotk]   0.2152429       686   FALSE       0.1696761     0.04175909        0      0
INFO  [15:37:26.706] [bbotk]   0.0902429      1936   FALSE       0.2821761     0.04141533        0      0
INFO  [15:37:26.706] [bbotk]   0.5902429       936    TRUE       0.7321761     0.03908415        0      0
INFO  [15:37:26.706] [bbotk]   0.3402429       436    TRUE       0.9571761     0.03773593        0      0
INFO  [15:37:26.706] [bbotk]   0.8402429      1436   FALSE       0.5071761     0.04090110        0      0
INFO  [15:37:26.706] [bbotk]   0.9027429      1811    TRUE       0.1134261     0.04240980        0      0
INFO  [15:37:26.706] [bbotk]   0.4027429       811   FALSE       0.5634261     0.03990647        0      0
INFO  [15:37:26.706] [bbotk]   0.1527429      1311    TRUE       0.3384261     0.04008148        0      0
INFO  [15:37:26.706] [bbotk]   0.6527429       311   FALSE       0.7884261     0.04214597        0      0
INFO  [15:37:26.706] [bbotk]   0.0277429        61    TRUE       0.4509261     0.04658761        0      0
INFO  [15:37:26.706] [bbotk]   0.5277429      1061   FALSE       0.9009261     0.04172193        0      0
INFO  [15:37:26.706] [bbotk]   0.2777429      1561   FALSE       0.6759261     0.03893448        0      0
INFO  [15:37:26.706] [bbotk]   0.7777429       561    TRUE       0.2259261     0.04086010        0      0
INFO  [15:37:26.706] [bbotk]  runtime_learners                                uhash
INFO  [15:37:26.706] [bbotk]             1.873 e3d733d6-ebda-4206-a276-b17a4fd192c3
INFO  [15:37:26.706] [bbotk]             0.313 2807abc5-45b1-4fe5-b204-ef88073bf71c
INFO  [15:37:26.706] [bbotk]             3.270 adf81930-d8c1-4633-aa8e-62bd5e00d9e3
INFO  [15:37:26.706] [bbotk]             0.470 4663a25b-8192-4595-9c28-4e18f7149765
INFO  [15:37:26.706] [bbotk]             1.333 5fc840c9-b6ed-44dd-9050-6d2e204810d9
INFO  [15:37:26.706] [bbotk]             1.963 bf6db600-c76c-426f-a3e2-9c8f786a88aa
INFO  [15:37:26.706] [bbotk]             0.765 58d409ac-4e17-4705-ad54-3ddcc66c6b31
INFO  [15:37:26.706] [bbotk]             3.033 2b43bf0a-6357-4215-b070-fdd1fbe5e4fc
INFO  [15:37:26.706] [bbotk]             1.232 dc5e0115-05bd-4409-bab8-8f048d733916
INFO  [15:37:26.706] [bbotk]             1.287 475b99c9-07fa-445a-be62-4ff68767de6c
INFO  [15:37:26.706] [bbotk]             0.921 32fb3d8d-47e1-46ec-b863-9e5438c222f8
INFO  [15:37:26.706] [bbotk]             0.919 a45ce83c-89f6-4735-9685-5abf9b5e616e
INFO  [15:37:26.706] [bbotk]             0.113 bfa10e41-34a5-4bca-b551-9eb185d54984
INFO  [15:37:26.706] [bbotk]             3.003 2f2c613f-d3fb-466a-a904-1c3e84b02e64
INFO  [15:37:26.706] [bbotk]             2.370 57f4234c-705d-4f63-8acb-7c663b1714c7
INFO  [15:37:26.706] [bbotk]             0.567 f158416a-b8b5-4c3b-8054-0fee7e083ec7
INFO  [15:37:29.823] [bbotk] Evaluating 1 configuration(s)
INFO  [15:37:30.150] [bbotk] Result of batch 2:
INFO  [15:37:30.167] [bbotk]  mtry.ratio num.trees replace sample.fraction       acq_ei  x_domain
INFO  [15:37:30.167] [bbotk]  0.01834118        81    TRUE       0.5562538 0.0001191642 <list[4]>
INFO  [15:37:30.167] [bbotk]  .already_evaluated classif.bbrier warnings errors runtime_learners
INFO  [15:37:30.167] [bbotk]               FALSE     0.04362353        0      0            0.122
INFO  [15:37:30.167] [bbotk]                                 uhash
INFO  [15:37:30.167] [bbotk]  0e5a86e8-3720-48fc-8a2a-fffeb440658f
INFO  [15:37:32.547] [bbotk] Evaluating 1 configuration(s)
INFO  [15:37:33.456] [bbotk] Result of batch 3:
INFO  [15:37:33.482] [bbotk]  mtry.ratio num.trees replace sample.fraction       acq_ei  x_domain
INFO  [15:37:33.482] [bbotk]   0.3118519       412    TRUE       0.9962847 0.0001352043 <list[4]>
INFO  [15:37:33.482] [bbotk]  .already_evaluated classif.bbrier warnings errors runtime_learners
INFO  [15:37:33.482] [bbotk]               FALSE     0.03711179        0      0              0.7
INFO  [15:37:33.482] [bbotk]                                 uhash
INFO  [15:37:33.482] [bbotk]  ff1e21d8-cba6-4126-b8d2-95763edb7e96
INFO  [15:37:35.932] [bbotk] Evaluating 1 configuration(s)
INFO  [15:37:36.804] [bbotk] Result of batch 4:
INFO  [15:37:36.833] [bbotk]  mtry.ratio num.trees replace sample.fraction       acq_ei  x_domain
INFO  [15:37:36.833] [bbotk]   0.3606718       329    TRUE       0.9299063 0.0001544924 <list[4]>
INFO  [15:37:36.833] [bbotk]  .already_evaluated classif.bbrier warnings errors runtime_learners
INFO  [15:37:36.833] [bbotk]               FALSE     0.03768202        0      0            0.638
INFO  [15:37:36.833] [bbotk]                                 uhash
INFO  [15:37:36.833] [bbotk]  6dca94a7-48c2-4b6d-8806-c244228a927d
INFO  [15:37:39.348] [bbotk] Evaluating 1 configuration(s)
INFO  [15:37:40.177] [bbotk] Result of batch 5:
INFO  [15:37:40.197] [bbotk]  mtry.ratio num.trees replace sample.fraction       acq_ei  x_domain
INFO  [15:37:40.197] [bbotk]   0.3213744       327    TRUE       0.9228592 0.0002278143 <list[4]>
INFO  [15:37:40.197] [bbotk]  .already_evaluated classif.bbrier warnings errors runtime_learners
INFO  [15:37:40.197] [bbotk]               FALSE     0.03734615        0      0            0.602
INFO  [15:37:40.197] [bbotk]                                 uhash
INFO  [15:37:40.197] [bbotk]  54728b8b-854b-45f3-851f-b3b6ebbb5ee7
INFO  [15:37:42.740] [bbotk] Evaluating 1 configuration(s)
INFO  [15:37:43.776] [bbotk] Result of batch 6:
INFO  [15:37:43.803] [bbotk]  mtry.ratio num.trees replace sample.fraction       acq_ei  x_domain
INFO  [15:37:43.803] [bbotk]   0.3536833       383    TRUE       0.9842651 7.899204e-05 <list[4]>
INFO  [15:37:43.803] [bbotk]  .already_evaluated classif.bbrier warnings errors runtime_learners
INFO  [15:37:43.803] [bbotk]               FALSE     0.03729442        0      0            0.796
INFO  [15:37:43.803] [bbotk]                                 uhash
INFO  [15:37:43.803] [bbotk]  5ea299b7-cf83-410e-81ea-3a4d26a345c7
INFO  [15:37:46.503] [bbotk] Evaluating 1 configuration(s)
INFO  [15:37:47.149] [bbotk] Result of batch 7:
INFO  [15:37:47.188] [bbotk]  mtry.ratio num.trees replace sample.fraction      acq_ei  x_domain
INFO  [15:37:47.188] [bbotk]   0.4052998       196    TRUE        0.955125 0.000106582 <list[4]>
INFO  [15:37:47.188] [bbotk]  .already_evaluated classif.bbrier warnings errors runtime_learners
INFO  [15:37:47.188] [bbotk]               FALSE     0.03824973        0      0            0.428
INFO  [15:37:47.188] [bbotk]                                 uhash
INFO  [15:37:47.188] [bbotk]  a59b54fd-dc70-4f44-bf69-f3387e9766f4
INFO  [15:37:49.809] [bbotk] Evaluating 1 configuration(s)
INFO  [15:37:50.457] [bbotk] Result of batch 8:
INFO  [15:37:50.484] [bbotk]  mtry.ratio num.trees replace sample.fraction       acq_ei  x_domain
INFO  [15:37:50.484] [bbotk]  0.08754342       398    TRUE       0.9444177 0.0001786982 <list[4]>
INFO  [15:37:50.484] [bbotk]  .already_evaluated classif.bbrier warnings errors runtime_learners
INFO  [15:37:50.484] [bbotk]               FALSE     0.03647932        0      0            0.435
INFO  [15:37:50.484] [bbotk]                                 uhash
INFO  [15:37:50.484] [bbotk]  2f6888c6-97dd-468b-9471-1c33b42498a7
INFO  [15:37:53.050] [bbotk] Evaluating 1 configuration(s)
INFO  [15:37:53.688] [bbotk] Result of batch 9:
INFO  [15:37:53.716] [bbotk]  mtry.ratio num.trees replace sample.fraction       acq_ei  x_domain
INFO  [15:37:53.716] [bbotk]  0.07294218       415    TRUE       0.9199746 0.0001058032 <list[4]>
INFO  [15:37:53.716] [bbotk]  .already_evaluated classif.bbrier warnings errors runtime_learners
INFO  [15:37:53.716] [bbotk]               FALSE     0.03636832        0      0            0.427
INFO  [15:37:53.716] [bbotk]                                 uhash
INFO  [15:37:53.716] [bbotk]  2985f4f4-d37c-44b6-80ea-633fe2f8ea2a
INFO  [15:37:56.436] [bbotk] Evaluating 1 configuration(s)
INFO  [15:37:57.149] [bbotk] Result of batch 10:
INFO  [15:37:57.207] [bbotk]  mtry.ratio num.trees replace sample.fraction      acq_ei  x_domain
INFO  [15:37:57.207] [bbotk]  0.07727926       445    TRUE       0.9942887 0.000171491 <list[4]>
INFO  [15:37:57.207] [bbotk]  .already_evaluated classif.bbrier warnings errors runtime_learners
INFO  [15:37:57.207] [bbotk]               FALSE     0.03630556        0      0            0.501
INFO  [15:37:57.207] [bbotk]                                 uhash
INFO  [15:37:57.207] [bbotk]  45b7bf22-7ab5-495d-96a1-94c491163030
INFO  [15:37:59.689] [bbotk] Evaluating 1 configuration(s)
INFO  [15:38:00.146] [bbotk] Result of batch 11:
INFO  [15:38:00.167] [bbotk]  mtry.ratio num.trees replace sample.fraction       acq_ei  x_domain
INFO  [15:38:00.167] [bbotk]   0.0522343       262   FALSE        0.986711 0.0001300349 <list[4]>
INFO  [15:38:00.167] [bbotk]  .already_evaluated classif.bbrier warnings errors runtime_learners
INFO  [15:38:00.167] [bbotk]               FALSE     0.03717107        0      0            0.266
INFO  [15:38:00.167] [bbotk]                                 uhash
INFO  [15:38:00.167] [bbotk]  45ba0730-65f9-4cdc-8d85-6e45c5d131cc
INFO  [15:38:02.910] [bbotk] Evaluating 1 configuration(s)
INFO  [15:38:03.647] [bbotk] Result of batch 12:
INFO  [15:38:03.672] [bbotk]  mtry.ratio num.trees replace sample.fraction       acq_ei  x_domain
INFO  [15:38:03.672] [bbotk]  0.05494448       589    TRUE       0.9105266 0.0002434658 <list[4]>
INFO  [15:38:03.672] [bbotk]  .already_evaluated classif.bbrier warnings errors runtime_learners
INFO  [15:38:03.672] [bbotk]               FALSE     0.03725048        0      0             0.54
INFO  [15:38:03.672] [bbotk]                                 uhash
INFO  [15:38:03.672] [bbotk]  d8fe8992-522a-488b-a6b7-911026e6cce1
INFO  [15:38:06.378] [bbotk] Evaluating 1 configuration(s)
INFO  [15:38:07.083] [bbotk] Result of batch 13:
INFO  [15:38:07.142] [bbotk]  mtry.ratio num.trees replace sample.fraction       acq_ei  x_domain
INFO  [15:38:07.142] [bbotk]  0.05523578       502    TRUE       0.9073104 0.0002953911 <list[4]>
INFO  [15:38:07.142] [bbotk]  .already_evaluated classif.bbrier warnings errors runtime_learners
INFO  [15:38:07.142] [bbotk]               FALSE     0.03699831        0      0            0.514
INFO  [15:38:07.142] [bbotk]                                 uhash
INFO  [15:38:07.142] [bbotk]  9b3977f5-d89b-42fd-9484-26c1a03d4880
INFO  [15:38:09.918] [bbotk] Evaluating 1 configuration(s)
INFO  [15:38:10.986] [bbotk] Result of batch 14:
INFO  [15:38:10.999] [bbotk]  mtry.ratio num.trees replace sample.fraction      acq_ei  x_domain
INFO  [15:38:10.999] [bbotk]    0.130263       667   FALSE       0.8901539 0.000142162 <list[4]>
INFO  [15:38:10.999] [bbotk]  .already_evaluated classif.bbrier warnings errors runtime_learners
INFO  [15:38:10.999] [bbotk]               FALSE     0.03634731        0      0            0.819
INFO  [15:38:10.999] [bbotk]                                 uhash
INFO  [15:38:10.999] [bbotk]  b61a3d98-0e6e-4f22-8b28-d3099149e041
INFO  [15:38:13.750] [bbotk] Evaluating 1 configuration(s)
INFO  [15:38:14.626] [bbotk] Result of batch 15:
INFO  [15:38:14.656] [bbotk]  mtry.ratio num.trees replace sample.fraction       acq_ei  x_domain
INFO  [15:38:14.656] [bbotk]  0.08235074       583    TRUE       0.8827512 0.0002911094 <list[4]>
INFO  [15:38:14.656] [bbotk]  .already_evaluated classif.bbrier warnings errors runtime_learners
INFO  [15:38:14.656] [bbotk]               FALSE     0.03553383        0      0            0.595
INFO  [15:38:14.656] [bbotk]                                 uhash
INFO  [15:38:14.656] [bbotk]  70ad801c-8752-40a7-993b-c0e219e75184
INFO  [15:38:17.345] [bbotk] Evaluating 1 configuration(s)
INFO  [15:38:17.846] [bbotk] Result of batch 16:
INFO  [15:38:17.875] [bbotk]  mtry.ratio num.trees replace sample.fraction       acq_ei  x_domain
INFO  [15:38:17.875] [bbotk]   0.1419797       131    TRUE        0.921466 0.0001319968 <list[4]>
INFO  [15:38:17.875] [bbotk]  .already_evaluated classif.bbrier warnings errors runtime_learners
INFO  [15:38:17.875] [bbotk]               FALSE     0.03662714        0      0            0.221
INFO  [15:38:17.875] [bbotk]                                 uhash
INFO  [15:38:17.875] [bbotk]  c801257a-774b-42f2-a5ed-00f4e84ef069
INFO  [15:38:20.543] [bbotk] Evaluating 1 configuration(s)
INFO  [15:38:21.490] [bbotk] Result of batch 17:
INFO  [15:38:21.517] [bbotk]  mtry.ratio num.trees replace sample.fraction       acq_ei  x_domain
INFO  [15:38:21.517] [bbotk]   0.1418725       571    TRUE       0.8643232 0.0001285407 <list[4]>
INFO  [15:38:21.517] [bbotk]  .already_evaluated classif.bbrier warnings errors runtime_learners
INFO  [15:38:21.517] [bbotk]               FALSE     0.03679435        0      0            0.696
INFO  [15:38:21.517] [bbotk]                                 uhash
INFO  [15:38:21.517] [bbotk]  d2e340d5-571a-49af-a8a6-e40610c3d9ce
INFO  [15:38:23.906] [bbotk] Evaluating 1 configuration(s)
INFO  [15:38:24.517] [bbotk] Result of batch 18:
INFO  [15:38:24.549] [bbotk]   mtry.ratio num.trees replace sample.fraction       acq_ei  x_domain
INFO  [15:38:24.549] [bbotk]  0.003230622       459    TRUE       0.8653559 0.0002170532 <list[4]>
INFO  [15:38:24.549] [bbotk]  .already_evaluated classif.bbrier warnings errors runtime_learners
INFO  [15:38:24.549] [bbotk]               FALSE        0.03981        0      0            0.393
INFO  [15:38:24.549] [bbotk]                                 uhash
INFO  [15:38:24.549] [bbotk]  a7627220-bfc8-44b8-ae20-d89152234cf0
INFO  [15:38:27.333] [bbotk] Evaluating 1 configuration(s)
INFO  [15:38:28.435] [bbotk] Result of batch 19:
INFO  [15:38:28.479] [bbotk]  mtry.ratio num.trees replace sample.fraction       acq_ei  x_domain
INFO  [15:38:28.479] [bbotk]   0.1450796       639    TRUE       0.8744601 7.504738e-05 <list[4]>
INFO  [15:38:28.479] [bbotk]  .already_evaluated classif.bbrier warnings errors runtime_learners
INFO  [15:38:28.479] [bbotk]               FALSE     0.03657996        0      0            0.843
INFO  [15:38:28.479] [bbotk]                                 uhash
INFO  [15:38:28.479] [bbotk]  9d267d6c-34fa-4245-b05a-0d0f401577ec
INFO  [15:38:31.277] [bbotk] Evaluating 1 configuration(s)
INFO  [15:38:32.490] [bbotk] Result of batch 20:
INFO  [15:38:32.518] [bbotk]  mtry.ratio num.trees replace sample.fraction       acq_ei  x_domain
INFO  [15:38:32.518] [bbotk]   0.1569461       691   FALSE       0.8993512 2.365294e-05 <list[4]>
INFO  [15:38:32.518] [bbotk]  .already_evaluated classif.bbrier warnings errors runtime_learners
INFO  [15:38:32.518] [bbotk]               FALSE     0.03654437        0      0            1.006
INFO  [15:38:32.518] [bbotk]                                 uhash
INFO  [15:38:32.518] [bbotk]  f3e300d6-b613-4566-b301-116e0c57931d
INFO  [15:38:35.734] [bbotk] Evaluating 1 configuration(s)
INFO  [15:38:36.179] [bbotk] Result of batch 21:
INFO  [15:38:36.207] [bbotk]  mtry.ratio num.trees replace sample.fraction       acq_ei  x_domain
INFO  [15:38:36.207] [bbotk]   0.1544196       114   FALSE       0.9582432 5.672677e-05 <list[4]>
INFO  [15:38:36.207] [bbotk]  .already_evaluated classif.bbrier warnings errors runtime_learners
INFO  [15:38:36.207] [bbotk]               FALSE     0.03689031        0      0            0.217
INFO  [15:38:36.207] [bbotk]                                 uhash
INFO  [15:38:36.207] [bbotk]  17ac2f10-bbf4-4e93-abbb-24151735c579
INFO  [15:38:38.602] [bbotk] Evaluating 1 configuration(s)
INFO  [15:38:38.951] [bbotk] Result of batch 22:
INFO  [15:38:38.972] [bbotk]  mtry.ratio num.trees replace sample.fraction       acq_ei  x_domain
INFO  [15:38:38.972] [bbotk]  0.07483201       102    TRUE       0.8941374 0.0001560495 <list[4]>
INFO  [15:38:38.972] [bbotk]  .already_evaluated classif.bbrier warnings errors runtime_learners
INFO  [15:38:38.972] [bbotk]               FALSE     0.03711472        0      0            0.161
INFO  [15:38:38.972] [bbotk]                                 uhash
INFO  [15:38:38.972] [bbotk]  340403fb-e99d-4b18-b852-fb5160631b94
INFO  [15:38:41.282] [bbotk] Evaluating 1 configuration(s)
INFO  [15:38:41.661] [bbotk] Result of batch 23:
INFO  [15:38:41.700] [bbotk]  mtry.ratio num.trees replace sample.fraction     acq_ei  x_domain
INFO  [15:38:41.700] [bbotk]   0.1198265       101    TRUE       0.8650749 5.8811e-05 <list[4]>
INFO  [15:38:41.700] [bbotk]  .already_evaluated classif.bbrier warnings errors runtime_learners
INFO  [15:38:41.700] [bbotk]               FALSE     0.03600248        0      0            0.161
INFO  [15:38:41.700] [bbotk]                                 uhash
INFO  [15:38:41.700] [bbotk]  2565210a-71ff-4485-8a7c-a008ed17a59d
INFO  [15:38:44.131] [bbotk] Evaluating 1 configuration(s)
INFO  [15:38:44.624] [bbotk] Result of batch 24:
INFO  [15:38:44.643] [bbotk]  mtry.ratio num.trees replace sample.fraction       acq_ei  x_domain
INFO  [15:38:44.643] [bbotk]     0.17403       142   FALSE       0.7701715 6.641336e-05 <list[4]>
INFO  [15:38:44.643] [bbotk]  .already_evaluated classif.bbrier warnings errors runtime_learners
INFO  [15:38:44.643] [bbotk]               FALSE     0.03778589        0      0            0.266
INFO  [15:38:44.643] [bbotk]                                 uhash
INFO  [15:38:44.643] [bbotk]  321cf77c-6e10-422b-ba0a-ce1035bebffb
INFO  [15:38:47.081] [bbotk] Evaluating 1 configuration(s)
INFO  [15:38:47.819] [bbotk] Result of batch 25:
INFO  [15:38:47.860] [bbotk]  mtry.ratio num.trees replace sample.fraction       acq_ei  x_domain
INFO  [15:38:47.860] [bbotk]  0.03922695       484    TRUE       0.8755775 0.0001024686 <list[4]>
INFO  [15:38:47.860] [bbotk]  .already_evaluated classif.bbrier warnings errors runtime_learners
INFO  [15:38:47.860] [bbotk]               FALSE     0.03727846        0      0            0.489
INFO  [15:38:47.860] [bbotk]                                 uhash
INFO  [15:38:47.860] [bbotk]  fbdaf5b9-cbef-40e7-8107-5cf2b6c8765b
INFO  [15:38:50.241] [bbotk] Evaluating 1 configuration(s)
INFO  [15:38:50.593] [bbotk] Result of batch 26:
INFO  [15:38:50.615] [bbotk]  mtry.ratio num.trees replace sample.fraction      acq_ei  x_domain
INFO  [15:38:50.615] [bbotk]   0.0712972        80    TRUE       0.8760683 0.000134678 <list[4]>
INFO  [15:38:50.615] [bbotk]  .already_evaluated classif.bbrier warnings errors runtime_learners
INFO  [15:38:50.615] [bbotk]               FALSE     0.03733539        0      0            0.145
INFO  [15:38:50.615] [bbotk]                                 uhash
INFO  [15:38:50.615] [bbotk]  2c4fe87f-e992-46bf-8630-5b8f829d90c4
INFO  [15:38:53.060] [bbotk] Evaluating 1 configuration(s)
INFO  [15:38:53.397] [bbotk] Result of batch 27:
INFO  [15:38:53.415] [bbotk]  mtry.ratio num.trees replace sample.fraction       acq_ei  x_domain
INFO  [15:38:53.415] [bbotk]   0.2315021        88    TRUE       0.7965955 1.761655e-05 <list[4]>
INFO  [15:38:53.415] [bbotk]  .already_evaluated classif.bbrier warnings errors runtime_learners
INFO  [15:38:53.415] [bbotk]               FALSE     0.03883471        0      0            0.166
INFO  [15:38:53.415] [bbotk]                                 uhash
INFO  [15:38:53.415] [bbotk]  06771e35-006a-4471-a88c-85756ee4d937
INFO  [15:38:55.717] [bbotk] Evaluating 1 configuration(s)
INFO  [15:38:56.533] [bbotk] Result of batch 28:
INFO  [15:38:56.587] [bbotk]  mtry.ratio num.trees replace sample.fraction       acq_ei  x_domain
INFO  [15:38:56.587] [bbotk]  0.08313535       548   FALSE       0.8651308 4.640027e-05 <list[4]>
INFO  [15:38:56.587] [bbotk]  .already_evaluated classif.bbrier warnings errors runtime_learners
INFO  [15:38:56.587] [bbotk]               FALSE     0.03651086        0      0            0.633
INFO  [15:38:56.587] [bbotk]                                 uhash
INFO  [15:38:56.587] [bbotk]  c466c79e-73c9-42ce-842f-7218a93388e2
INFO  [15:38:59.327] [bbotk] Evaluating 1 configuration(s)
INFO  [15:39:00.208] [bbotk] Result of batch 29:
INFO  [15:39:00.257] [bbotk]  mtry.ratio num.trees replace sample.fraction       acq_ei  x_domain
INFO  [15:39:00.257] [bbotk]  0.07454269       572   FALSE       0.7775751 0.0001285191 <list[4]>
INFO  [15:39:00.257] [bbotk]  .already_evaluated classif.bbrier warnings errors runtime_learners
INFO  [15:39:00.257] [bbotk]               FALSE     0.03739602        0      0            0.627
INFO  [15:39:00.257] [bbotk]                                 uhash
INFO  [15:39:00.257] [bbotk]  2d1d0b3a-f876-4463-b056-1bf68e042547
INFO  [15:39:02.772] [bbotk] Evaluating 1 configuration(s)
INFO  [15:39:03.087] [bbotk] Result of batch 30:
INFO  [15:39:03.110] [bbotk]  mtry.ratio num.trees replace sample.fraction       acq_ei  x_domain
INFO  [15:39:03.110] [bbotk]   0.1044758        44   FALSE       0.8662698 5.073671e-05 <list[4]>
INFO  [15:39:03.110] [bbotk]  .already_evaluated classif.bbrier warnings errors runtime_learners
INFO  [15:39:03.110] [bbotk]               FALSE     0.03916121        0      0            0.115
INFO  [15:39:03.110] [bbotk]                                 uhash
INFO  [15:39:03.110] [bbotk]  2a6c32ab-f36a-40ff-8a27-c454f28b1d7b
INFO  [15:39:05.667] [bbotk] Evaluating 1 configuration(s)
INFO  [15:39:06.556] [bbotk] Result of batch 31:
INFO  [15:39:06.573] [bbotk]  mtry.ratio num.trees replace sample.fraction       acq_ei  x_domain
INFO  [15:39:06.573] [bbotk]   0.0361981       652   FALSE       0.9477269 4.814386e-05 <list[4]>
INFO  [15:39:06.573] [bbotk]  .already_evaluated classif.bbrier warnings errors runtime_learners
INFO  [15:39:06.573] [bbotk]               FALSE      0.0359667        0      0            0.696
INFO  [15:39:06.573] [bbotk]                                 uhash
INFO  [15:39:06.573] [bbotk]  05f45f8b-5cd9-4ebe-bdb7-2a030840ed2d
INFO  [15:39:09.058] [bbotk] Evaluating 1 configuration(s)
INFO  [15:39:10.328] [bbotk] Result of batch 32:
INFO  [15:39:10.392] [bbotk]  mtry.ratio num.trees replace sample.fraction       acq_ei  x_domain
INFO  [15:39:10.392] [bbotk]   0.0266159      1053   FALSE       0.8992529 0.0001566608 <list[4]>
INFO  [15:39:10.392] [bbotk]  .already_evaluated classif.bbrier warnings errors runtime_learners
INFO  [15:39:10.392] [bbotk]               FALSE     0.03895341        0      0            1.026
INFO  [15:39:10.392] [bbotk]                                 uhash
INFO  [15:39:10.392] [bbotk]  ec31eb12-d88e-4740-b86e-864b1b8d2a69
INFO  [15:39:12.825] [bbotk] Evaluating 1 configuration(s)
INFO  [15:39:13.988] [bbotk] Result of batch 33:
INFO  [15:39:14.021] [bbotk]  mtry.ratio num.trees replace sample.fraction       acq_ei  x_domain
INFO  [15:39:14.021] [bbotk]  0.07243397       719   FALSE       0.8999506 4.783887e-05 <list[4]>
INFO  [15:39:14.021] [bbotk]  .already_evaluated classif.bbrier warnings errors runtime_learners
INFO  [15:39:14.021] [bbotk]               FALSE     0.03637327        0      0             0.89
INFO  [15:39:14.021] [bbotk]                                 uhash
INFO  [15:39:14.021] [bbotk]  723a31bc-7db7-4e27-b9db-cd17b0473575
INFO  [15:39:16.399] [bbotk] Evaluating 1 configuration(s)
INFO  [15:39:17.145] [bbotk] Result of batch 34:
INFO  [15:39:17.198] [bbotk]  mtry.ratio num.trees replace sample.fraction       acq_ei  x_domain
INFO  [15:39:17.198] [bbotk]  0.03270899       506   FALSE       0.8661531 3.850379e-05 <list[4]>
INFO  [15:39:17.198] [bbotk]  .already_evaluated classif.bbrier warnings errors runtime_learners
INFO  [15:39:17.198] [bbotk]               FALSE     0.03963275        0      0             0.53
INFO  [15:39:17.198] [bbotk]                                 uhash
INFO  [15:39:17.198] [bbotk]  c4607f1e-30a5-4f8f-81e3-0ea7fa9e0fe3
INFO  [15:39:19.672] [bbotk] Evaluating 1 configuration(s)
INFO  [15:39:20.376] [bbotk] Result of batch 35:
INFO  [15:39:20.396] [bbotk]  mtry.ratio num.trees replace sample.fraction       acq_ei  x_domain
INFO  [15:39:20.396] [bbotk]  0.05592504       583   FALSE       0.7639671 4.790289e-05 <list[4]>
INFO  [15:39:20.396] [bbotk]  .already_evaluated classif.bbrier warnings errors runtime_learners
INFO  [15:39:20.396] [bbotk]               FALSE     0.03655194        0      0            0.496
INFO  [15:39:20.396] [bbotk]                                 uhash
INFO  [15:39:20.396] [bbotk]  cf849d5e-ca7e-4c9d-874d-02874819fe9f
INFO  [15:39:22.946] [bbotk] Evaluating 1 configuration(s)
INFO  [15:39:23.815] [bbotk] Result of batch 36:
INFO  [15:39:23.831] [bbotk]  mtry.ratio num.trees replace sample.fraction       acq_ei  x_domain
INFO  [15:39:23.831] [bbotk]  0.08668562       733    TRUE       0.8760988 3.784533e-05 <list[4]>
INFO  [15:39:23.831] [bbotk]  .already_evaluated classif.bbrier warnings errors runtime_learners
INFO  [15:39:23.831] [bbotk]               FALSE     0.03623463        0      0             0.65
INFO  [15:39:23.831] [bbotk]                                 uhash
INFO  [15:39:23.831] [bbotk]  9c718f85-c848-4228-8543-9d86c4e3610a
INFO  [15:39:26.453] [bbotk] Evaluating 1 configuration(s)
INFO  [15:39:27.520] [bbotk] Result of batch 37:
INFO  [15:39:27.535] [bbotk]  mtry.ratio num.trees replace sample.fraction       acq_ei  x_domain
INFO  [15:39:27.535] [bbotk]   0.1184276       734   FALSE       0.9258017 6.980325e-05 <list[4]>
INFO  [15:39:27.535] [bbotk]  .already_evaluated classif.bbrier warnings errors runtime_learners
INFO  [15:39:27.535] [bbotk]               FALSE     0.03646211        0      0            0.861
INFO  [15:39:27.535] [bbotk]                                 uhash
INFO  [15:39:27.535] [bbotk]  46064f4f-d796-4fa7-af85-536ee6352d24
INFO  [15:39:30.328] [bbotk] Evaluating 1 configuration(s)
INFO  [15:39:32.349] [bbotk] Result of batch 38:
INFO  [15:39:32.365] [bbotk]  mtry.ratio num.trees replace sample.fraction      acq_ei  x_domain
INFO  [15:39:32.365] [bbotk]   0.4967246       758   FALSE       0.8337677 3.40263e-05 <list[4]>
INFO  [15:39:32.365] [bbotk]  .already_evaluated classif.bbrier warnings errors runtime_learners
INFO  [15:39:32.365] [bbotk]               FALSE     0.04089675        0      0            1.831
INFO  [15:39:32.365] [bbotk]                                 uhash
INFO  [15:39:32.365] [bbotk]  b34b3273-7d67-48c1-9059-63941cf3809d
INFO  [15:39:35.002] [bbotk] Evaluating 1 configuration(s)
INFO  [15:39:35.350] [bbotk] Result of batch 39:
INFO  [15:39:35.367] [bbotk]  mtry.ratio num.trees replace sample.fraction       acq_ei  x_domain
INFO  [15:39:35.367] [bbotk]   0.1396182        65    TRUE       0.8935892 0.0001202476 <list[4]>
INFO  [15:39:35.367] [bbotk]  .already_evaluated classif.bbrier warnings errors runtime_learners
INFO  [15:39:35.367] [bbotk]               FALSE     0.03703455        0      0            0.134
INFO  [15:39:35.367] [bbotk]                                 uhash
INFO  [15:39:35.367] [bbotk]  ca4af2d8-1cf5-4a27-837b-38c7e1357feb
INFO  [15:39:37.989] [bbotk] Evaluating 1 configuration(s)
INFO  [15:39:39.097] [bbotk] Result of batch 40:
INFO  [15:39:39.159] [bbotk]  mtry.ratio num.trees replace sample.fraction       acq_ei  x_domain
INFO  [15:39:39.159] [bbotk]  0.08669208       823    TRUE       0.8267876 4.140273e-05 <list[4]>
INFO  [15:39:39.159] [bbotk]  .already_evaluated classif.bbrier warnings errors runtime_learners
INFO  [15:39:39.159] [bbotk]               FALSE     0.03604218        0      0            0.864
INFO  [15:39:39.159] [bbotk]                                 uhash
INFO  [15:39:39.159] [bbotk]  c8e35146-8dde-42db-b67b-3d18f7f84e71
INFO  [15:39:41.721] [bbotk] Evaluating 1 configuration(s)
INFO  [15:39:42.018] [bbotk] Result of batch 41:
INFO  [15:39:42.043] [bbotk]  mtry.ratio num.trees replace sample.fraction       acq_ei  x_domain
INFO  [15:39:42.043] [bbotk]   0.0346542        14    TRUE       0.9329666 0.0001200634 <list[4]>
INFO  [15:39:42.043] [bbotk]  .already_evaluated classif.bbrier warnings errors runtime_learners
INFO  [15:39:42.043] [bbotk]               FALSE     0.04143886        0      0            0.075
INFO  [15:39:42.043] [bbotk]                                 uhash
INFO  [15:39:42.043] [bbotk]  9ff4a4f1-1a25-4f6e-8310-af8274704dc1
INFO  [15:39:44.679] [bbotk] Evaluating 1 configuration(s)
INFO  [15:39:45.544] [bbotk] Result of batch 42:
INFO  [15:39:45.567] [bbotk]  mtry.ratio num.trees replace sample.fraction       acq_ei  x_domain
INFO  [15:39:45.567] [bbotk]  0.09422768       687    TRUE       0.7663436 8.649053e-05 <list[4]>
INFO  [15:39:45.567] [bbotk]  .already_evaluated classif.bbrier warnings errors runtime_learners
INFO  [15:39:45.567] [bbotk]               FALSE     0.03665241        0      0            0.653
INFO  [15:39:45.567] [bbotk]                                 uhash
INFO  [15:39:45.567] [bbotk]  b3245efa-2384-4ca9-91ee-3b34d106d508
INFO  [15:39:48.264] [bbotk] Evaluating 1 configuration(s)
INFO  [15:39:49.248] [bbotk] Result of batch 43:
INFO  [15:39:49.264] [bbotk]  mtry.ratio num.trees replace sample.fraction       acq_ei  x_domain
INFO  [15:39:49.264] [bbotk]   0.0358321       814   FALSE       0.9019261 0.0001318481 <list[4]>
INFO  [15:39:49.264] [bbotk]  .already_evaluated classif.bbrier warnings errors runtime_learners
INFO  [15:39:49.264] [bbotk]               FALSE      0.0368874        0      0            0.775
INFO  [15:39:49.264] [bbotk]                                 uhash
INFO  [15:39:49.264] [bbotk]  41fe5cbe-8ac4-4b64-a5fd-77a95644eab7
INFO  [15:39:51.905] [bbotk] Evaluating 1 configuration(s)
INFO  [15:39:52.771] [bbotk] Result of batch 44:
INFO  [15:39:52.801] [bbotk]  mtry.ratio num.trees replace sample.fraction       acq_ei  x_domain
INFO  [15:39:52.801] [bbotk]  0.03531934       636    TRUE       0.9852981 6.346043e-05 <list[4]>
INFO  [15:39:52.801] [bbotk]  .already_evaluated classif.bbrier warnings errors runtime_learners
INFO  [15:39:52.801] [bbotk]               FALSE     0.03687611        0      0            0.653
INFO  [15:39:52.801] [bbotk]                                 uhash
INFO  [15:39:52.801] [bbotk]  c61f8a16-2548-4eab-b892-602a82f993c4
INFO  [15:39:55.348] [bbotk] Evaluating 1 configuration(s)
INFO  [15:39:55.761] [bbotk] Result of batch 45:
INFO  [15:39:55.801] [bbotk]  mtry.ratio num.trees replace sample.fraction       acq_ei  x_domain
INFO  [15:39:55.801] [bbotk]   0.1112455       151    TRUE       0.8580918 5.685986e-05 <list[4]>
INFO  [15:39:55.801] [bbotk]  .already_evaluated classif.bbrier warnings errors runtime_learners
INFO  [15:39:55.801] [bbotk]               FALSE     0.03833773        0      0            0.192
INFO  [15:39:55.801] [bbotk]                                 uhash
INFO  [15:39:55.801] [bbotk]  a6d6dda2-6edc-4e83-8798-db46ec2990b6
INFO  [15:39:58.539] [bbotk] Evaluating 1 configuration(s)
INFO  [15:39:58.893] [bbotk] Result of batch 46:
INFO  [15:39:58.911] [bbotk]  mtry.ratio num.trees replace sample.fraction       acq_ei  x_domain
INFO  [15:39:58.911] [bbotk]   0.1229126        61   FALSE       0.5889888 2.766466e-05 <list[4]>
INFO  [15:39:58.911] [bbotk]  .already_evaluated classif.bbrier warnings errors runtime_learners
INFO  [15:39:58.911] [bbotk]               FALSE     0.03840234        0      0            0.139
INFO  [15:39:58.911] [bbotk]                                 uhash
INFO  [15:39:58.911] [bbotk]  75d65333-22ed-4050-b4f8-0f66f5cae2ca
INFO  [15:40:01.621] [bbotk] Evaluating 1 configuration(s)
INFO  [15:40:02.647] [bbotk] Result of batch 47:
INFO  [15:40:02.673] [bbotk]  mtry.ratio num.trees replace sample.fraction       acq_ei  x_domain
INFO  [15:40:02.673] [bbotk]  0.08503531       885    TRUE       0.8150339 7.698352e-05 <list[4]>
INFO  [15:40:02.673] [bbotk]  .already_evaluated classif.bbrier warnings errors runtime_learners
INFO  [15:40:02.673] [bbotk]               FALSE     0.03708701        0      0            0.827
INFO  [15:40:02.673] [bbotk]                                 uhash
INFO  [15:40:02.673] [bbotk]  5c924ef4-f687-45bf-866a-003802482976
INFO  [15:40:05.321] [bbotk] Evaluating 1 configuration(s)
INFO  [15:40:06.137] [bbotk] Result of batch 48:
INFO  [15:40:06.155] [bbotk]  mtry.ratio num.trees replace sample.fraction       acq_ei  x_domain
INFO  [15:40:06.155] [bbotk]  0.04666439       719   FALSE       0.5798232 0.0001071031 <list[4]>
INFO  [15:40:06.155] [bbotk]  .already_evaluated classif.bbrier warnings errors runtime_learners
INFO  [15:40:06.155] [bbotk]               FALSE     0.03835926        0      0            0.611
INFO  [15:40:06.155] [bbotk]                                 uhash
INFO  [15:40:06.155] [bbotk]  2a059874-aebc-40c2-b74a-bc71d1602e5c
INFO  [15:40:08.636] [bbotk] Evaluating 1 configuration(s)
INFO  [15:40:09.906] [bbotk] Result of batch 49:
INFO  [15:40:09.923] [bbotk]  mtry.ratio num.trees replace sample.fraction       acq_ei  x_domain
INFO  [15:40:09.923] [bbotk]   0.0943139       916   FALSE       0.8619229 4.433664e-05 <list[4]>
INFO  [15:40:09.923] [bbotk]  .already_evaluated classif.bbrier warnings errors runtime_learners
INFO  [15:40:09.923] [bbotk]               FALSE     0.03650853        0      0             1.01
INFO  [15:40:09.923] [bbotk]                                 uhash
INFO  [15:40:09.923] [bbotk]  6442c60b-3a85-4246-81dc-338bd2b73e74
INFO  [15:40:12.781] [bbotk] Evaluating 1 configuration(s)
INFO  [15:40:14.359] [bbotk] Result of batch 50:
INFO  [15:40:14.381] [bbotk]  mtry.ratio num.trees replace sample.fraction       acq_ei  x_domain
INFO  [15:40:14.381] [bbotk]   0.2060746       939    TRUE       0.9100952 3.967499e-05 <list[4]>
INFO  [15:40:14.381] [bbotk]  .already_evaluated classif.bbrier warnings errors runtime_learners
INFO  [15:40:14.381] [bbotk]               FALSE     0.03696948        0      0            1.365
INFO  [15:40:14.381] [bbotk]                                 uhash
INFO  [15:40:14.381] [bbotk]  ba14bdea-989a-4a54-8f56-1cbd6ef3e3d3
INFO  [15:40:17.099] [bbotk] Evaluating 1 configuration(s)
INFO  [15:40:19.257] [bbotk] Result of batch 51:
INFO  [15:40:19.279] [bbotk]  mtry.ratio num.trees replace sample.fraction       acq_ei  x_domain
INFO  [15:40:19.279] [bbotk]  0.08202157      1733   FALSE       0.9604525 2.326773e-05 <list[4]>
INFO  [15:40:19.279] [bbotk]  .already_evaluated classif.bbrier warnings errors runtime_learners
INFO  [15:40:19.279] [bbotk]               FALSE     0.03602318        0      0            1.924
INFO  [15:40:19.279] [bbotk]                                 uhash
INFO  [15:40:19.279] [bbotk]  6f6b373e-44e5-482f-974d-e6c2bc1bb765
INFO  [15:40:21.886] [bbotk] Evaluating 1 configuration(s)
INFO  [15:40:23.947] [bbotk] Result of batch 52:
INFO  [15:40:23.968] [bbotk]  mtry.ratio num.trees replace sample.fraction       acq_ei  x_domain
INFO  [15:40:23.968] [bbotk]  0.06325416      1963   FALSE       0.9543307 5.085446e-05 <list[4]>
INFO  [15:40:23.968] [bbotk]  .already_evaluated classif.bbrier warnings errors runtime_learners
INFO  [15:40:23.968] [bbotk]               FALSE     0.03649123        0      0             1.81
INFO  [15:40:23.968] [bbotk]                                 uhash
INFO  [15:40:23.968] [bbotk]  bb1586fe-cac4-4474-9d8a-32beb85b6f46
INFO  [15:40:26.801] [bbotk] Evaluating 1 configuration(s)
INFO  [15:40:29.051] [bbotk] Result of batch 53:
INFO  [15:40:29.075] [bbotk]  mtry.ratio num.trees replace sample.fraction       acq_ei  x_domain
INFO  [15:40:29.075] [bbotk]  0.08264359      1814   FALSE       0.9656814 0.0001554329 <list[4]>
INFO  [15:40:29.075] [bbotk]  .already_evaluated classif.bbrier warnings errors runtime_learners
INFO  [15:40:29.075] [bbotk]               FALSE     0.03601666        0      0            1.994
INFO  [15:40:29.075] [bbotk]                                 uhash
INFO  [15:40:29.075] [bbotk]  bb90710a-edd7-48e6-bd55-d6a3930e2906
INFO  [15:40:32.027] [bbotk] Evaluating 1 configuration(s)
INFO  [15:40:34.117] [bbotk] Result of batch 54:
INFO  [15:40:34.151] [bbotk]  mtry.ratio num.trees replace sample.fraction       acq_ei  x_domain
INFO  [15:40:34.151] [bbotk]    0.035068      1692   FALSE       0.9609577 0.0001089869 <list[4]>
INFO  [15:40:34.151] [bbotk]  .already_evaluated classif.bbrier warnings errors runtime_learners
INFO  [15:40:34.151] [bbotk]               FALSE     0.03621985        0      0            1.865
INFO  [15:40:34.151] [bbotk]                                 uhash
INFO  [15:40:34.151] [bbotk]  2b9e6bf7-b701-42a9-92da-a5e7cc695370
INFO  [15:40:36.826] [bbotk] Evaluating 1 configuration(s)
INFO  [15:40:38.578] [bbotk] Result of batch 55:
INFO  [15:40:38.607] [bbotk]  mtry.ratio num.trees replace sample.fraction       acq_ei  x_domain
INFO  [15:40:38.607] [bbotk]  0.03399714      1604    TRUE       0.8898768 2.595109e-05 <list[4]>
INFO  [15:40:38.607] [bbotk]  .already_evaluated classif.bbrier warnings errors runtime_learners
INFO  [15:40:38.607] [bbotk]               FALSE     0.03694181        0      0             1.52
INFO  [15:40:38.607] [bbotk]                                 uhash
INFO  [15:40:38.607] [bbotk]  931f9fc2-abd8-4d9a-860c-9f34de40c0be
INFO  [15:40:41.460] [bbotk] Evaluating 1 configuration(s)
INFO  [15:40:41.930] [bbotk] Result of batch 56:
INFO  [15:40:41.945] [bbotk]  mtry.ratio num.trees replace sample.fraction       acq_ei  x_domain
INFO  [15:40:41.945] [bbotk]   0.1299141       124   FALSE       0.8647579 2.214509e-05 <list[4]>
INFO  [15:40:41.945] [bbotk]  .already_evaluated classif.bbrier warnings errors runtime_learners
INFO  [15:40:41.945] [bbotk]               FALSE     0.03737078        0      0            0.244
INFO  [15:40:41.945] [bbotk]                                 uhash
INFO  [15:40:41.945] [bbotk]  9774f4f6-3a69-42b2-8e58-3ad6e5cb6bb9
INFO  [15:40:45.589] [bbotk] Evaluating 1 configuration(s)
INFO  [15:40:47.511] [bbotk] Result of batch 57:
INFO  [15:40:47.527] [bbotk]  mtry.ratio num.trees replace sample.fraction       acq_ei  x_domain
INFO  [15:40:47.527] [bbotk]  0.03492116      1916    TRUE       0.8525406 4.154042e-05 <list[4]>
INFO  [15:40:47.527] [bbotk]  .already_evaluated classif.bbrier warnings errors runtime_learners
INFO  [15:40:47.527] [bbotk]               FALSE     0.03723002        0      0            1.692
INFO  [15:40:47.527] [bbotk]                                 uhash
INFO  [15:40:47.527] [bbotk]  ec9a41f0-4828-42cb-8b0b-9a608fc527f2
INFO  [15:40:49.814] [bbotk] Evaluating 1 configuration(s)
INFO  [15:40:51.893] [bbotk] Result of batch 58:
INFO  [15:40:51.914] [bbotk]  mtry.ratio num.trees replace sample.fraction      acq_ei  x_domain
INFO  [15:40:51.914] [bbotk]  0.08931333      1689   FALSE       0.9022915 3.66857e-05 <list[4]>
INFO  [15:40:51.914] [bbotk]  .already_evaluated classif.bbrier warnings errors runtime_learners
INFO  [15:40:51.914] [bbotk]               FALSE     0.03629852        0      0            1.861
INFO  [15:40:51.914] [bbotk]                                 uhash
INFO  [15:40:51.914] [bbotk]  1a0793aa-ef16-4585-b53c-6dcb78186f7a
INFO  [15:40:54.293] [bbotk] Evaluating 1 configuration(s)
INFO  [15:40:55.224] [bbotk] Result of batch 59:
INFO  [15:40:55.241] [bbotk]  mtry.ratio num.trees replace sample.fraction       acq_ei  x_domain
INFO  [15:40:55.241] [bbotk]  0.03200057       820   FALSE       0.7711098 3.017337e-05 <list[4]>
INFO  [15:40:55.241] [bbotk]  .already_evaluated classif.bbrier warnings errors runtime_learners
INFO  [15:40:55.241] [bbotk]               FALSE     0.04009089        0      0            0.727
INFO  [15:40:55.241] [bbotk]                                 uhash
INFO  [15:40:55.241] [bbotk]  9f3fb95f-cba5-4b14-89b2-6a5b2fb6d97d
INFO  [15:40:57.789] [bbotk] Evaluating 1 configuration(s)
INFO  [15:41:00.140] [bbotk] Result of batch 60:
INFO  [15:41:00.178] [bbotk]  mtry.ratio num.trees replace sample.fraction       acq_ei  x_domain
INFO  [15:41:00.178] [bbotk]   0.1031416      1799   FALSE       0.7466521 3.199901e-05 <list[4]>
INFO  [15:41:00.178] [bbotk]  .already_evaluated classif.bbrier warnings errors runtime_learners
INFO  [15:41:00.178] [bbotk]               FALSE     0.03702293        0      0            2.156
INFO  [15:41:00.178] [bbotk]                                 uhash
INFO  [15:41:00.178] [bbotk]  583ae3b8-85b9-4392-ab7b-6486379becd0
INFO  [15:41:02.716] [bbotk] Evaluating 1 configuration(s)
INFO  [15:41:05.146] [bbotk] Result of batch 61:
INFO  [15:41:05.160] [bbotk]  mtry.ratio num.trees replace sample.fraction       acq_ei  x_domain
INFO  [15:41:05.160] [bbotk]   0.1085928      1947   FALSE       0.7974381 3.046495e-05 <list[4]>
INFO  [15:41:05.160] [bbotk]  .already_evaluated classif.bbrier warnings errors runtime_learners
INFO  [15:41:05.160] [bbotk]               FALSE     0.03702354        0      0            2.229
INFO  [15:41:05.160] [bbotk]                                 uhash
INFO  [15:41:05.160] [bbotk]  6b8657af-fb1a-4a6d-8aa3-41936b547edb
INFO  [15:41:07.634] [bbotk] Evaluating 1 configuration(s)
INFO  [15:41:09.692] [bbotk] Result of batch 62:
INFO  [15:41:09.718] [bbotk]  mtry.ratio num.trees replace sample.fraction       acq_ei  x_domain
INFO  [15:41:09.718] [bbotk]   0.0134678      1869   FALSE       0.9729448 6.727297e-05 <list[4]>
INFO  [15:41:09.718] [bbotk]  .already_evaluated classif.bbrier warnings errors runtime_learners
INFO  [15:41:09.718] [bbotk]               FALSE     0.03846025        0      0            1.871
INFO  [15:41:09.718] [bbotk]                                 uhash
INFO  [15:41:09.718] [bbotk]  d77b19c9-a8b2-4494-8a36-7b479ba19744
INFO  [15:41:12.088] [bbotk] Evaluating 1 configuration(s)
INFO  [15:41:13.100] [bbotk] Result of batch 63:
INFO  [15:41:13.110] [bbotk]  mtry.ratio num.trees replace sample.fraction       acq_ei  x_domain
INFO  [15:41:13.110] [bbotk]  0.08108457       792    TRUE       0.8347116 2.138613e-05 <list[4]>
INFO  [15:41:13.110] [bbotk]  .already_evaluated classif.bbrier warnings errors runtime_learners
INFO  [15:41:13.110] [bbotk]               FALSE     0.03721966        0      0             0.76
INFO  [15:41:13.110] [bbotk]                                 uhash
INFO  [15:41:13.110] [bbotk]  debf85c3-54d0-47ac-b00a-b78a5b3ce244
INFO  [15:41:15.572] [bbotk] Evaluating 1 configuration(s)
INFO  [15:41:17.860] [bbotk] Result of batch 64:
INFO  [15:41:17.885] [bbotk]  mtry.ratio num.trees replace sample.fraction      acq_ei  x_domain
INFO  [15:41:17.885] [bbotk]  0.03459809      1737   FALSE        0.985415 1.98953e-05 <list[4]>
INFO  [15:41:17.885] [bbotk]  .already_evaluated classif.bbrier warnings errors runtime_learners
INFO  [15:41:17.885] [bbotk]               FALSE     0.03619428        0      0             1.89
INFO  [15:41:17.885] [bbotk]                                 uhash
INFO  [15:41:17.885] [bbotk]  95b78b2f-f9db-4888-b934-0ae9486f896f
INFO  [15:41:20.340] [bbotk] Evaluating 1 configuration(s)
INFO  [15:41:22.291] [bbotk] Result of batch 65:
INFO  [15:41:22.349] [bbotk]  mtry.ratio num.trees replace sample.fraction       acq_ei  x_domain
INFO  [15:41:22.349] [bbotk]  0.03412528      1791   FALSE        0.875848 2.460633e-05 <list[4]>
INFO  [15:41:22.349] [bbotk]  .already_evaluated classif.bbrier warnings errors runtime_learners
INFO  [15:41:22.349] [bbotk]               FALSE     0.03651969        0      0            1.728
INFO  [15:41:22.349] [bbotk]                                 uhash
INFO  [15:41:22.349] [bbotk]  9d3a3440-7f6c-449b-9f88-7f4ad4dd3bdc
INFO  [15:41:25.064] [bbotk] Evaluating 1 configuration(s)
INFO  [15:41:27.116] [bbotk] Result of batch 66:
INFO  [15:41:27.131] [bbotk]  mtry.ratio num.trees replace sample.fraction       acq_ei  x_domain
INFO  [15:41:27.131] [bbotk]   0.4447288       684   FALSE       0.9954957 3.997529e-05 <list[4]>
INFO  [15:41:27.131] [bbotk]  .already_evaluated classif.bbrier warnings errors runtime_learners
INFO  [15:41:27.131] [bbotk]               FALSE     0.04141404        0      0            1.839
INFO  [15:41:27.131] [bbotk]                                 uhash
INFO  [15:41:27.131] [bbotk]  cc30877a-f0a4-466d-9f99-d3dfb367c27a
INFO  [15:41:29.622] [bbotk] Evaluating 1 configuration(s)
INFO  [15:41:34.399] [bbotk] Result of batch 67:
INFO  [15:41:34.418] [bbotk]  mtry.ratio num.trees replace sample.fraction       acq_ei  x_domain
INFO  [15:41:34.418] [bbotk]   0.4065616      1861   FALSE       0.9959318 3.483067e-05 <list[4]>
INFO  [15:41:34.418] [bbotk]  .already_evaluated classif.bbrier warnings errors runtime_learners
INFO  [15:41:34.418] [bbotk]               FALSE     0.04053458        0      0            4.594
INFO  [15:41:34.418] [bbotk]                                 uhash
INFO  [15:41:34.418] [bbotk]  d16a603e-52b5-4b88-8b9c-e9faea4b09a4
INFO  [15:41:37.001] [bbotk] Evaluating 1 configuration(s)
INFO  [15:41:41.212] [bbotk] Result of batch 68:
INFO  [15:41:41.243] [bbotk]  mtry.ratio num.trees replace sample.fraction       acq_ei  x_domain
INFO  [15:41:41.243] [bbotk]    0.378939      1684   FALSE       0.9956526 2.511175e-05 <list[4]>
INFO  [15:41:41.243] [bbotk]  .already_evaluated classif.bbrier warnings errors runtime_learners
INFO  [15:41:41.243] [bbotk]               FALSE     0.03991481        0      0            4.018
INFO  [15:41:41.243] [bbotk]                                 uhash
INFO  [15:41:41.243] [bbotk]  45cca133-0f08-48bb-9257-f2d0de94e5ce
INFO  [15:41:43.836] [bbotk] Evaluating 1 configuration(s)
INFO  [15:41:46.397] [bbotk] Result of batch 69:
INFO  [15:41:46.417] [bbotk]  mtry.ratio num.trees replace sample.fraction       acq_ei  x_domain
INFO  [15:41:46.417] [bbotk]   0.3725006      1064   FALSE       0.8817788 3.236501e-05 <list[4]>
INFO  [15:41:46.417] [bbotk]  .already_evaluated classif.bbrier warnings errors runtime_learners
INFO  [15:41:46.417] [bbotk]               FALSE     0.03982333        0      0            2.356
INFO  [15:41:46.417] [bbotk]                                 uhash
INFO  [15:41:46.417] [bbotk]  51c6ab16-a7f4-4b2a-b84d-813f1b6a5373
INFO  [15:41:49.023] [bbotk] Evaluating 1 configuration(s)
INFO  [15:41:50.180] [bbotk] Result of batch 70:
INFO  [15:41:50.200] [bbotk]  mtry.ratio num.trees replace sample.fraction       acq_ei  x_domain
INFO  [15:41:50.200] [bbotk]  0.03441591       848   FALSE       0.9835936 2.967683e-05 <list[4]>
INFO  [15:41:50.200] [bbotk]  .already_evaluated classif.bbrier warnings errors runtime_learners
INFO  [15:41:50.200] [bbotk]               FALSE     0.03568184        0      0            0.967
INFO  [15:41:50.200] [bbotk]                                 uhash
INFO  [15:41:50.200] [bbotk]  5bfd24fd-8c99-4ea8-9d6c-d338aea20088
INFO  [15:41:52.809] [bbotk] Evaluating 1 configuration(s)
INFO  [15:41:53.298] [bbotk] Result of batch 71:
INFO  [15:41:53.320] [bbotk]  mtry.ratio num.trees replace sample.fraction       acq_ei  x_domain
INFO  [15:41:53.320] [bbotk]   0.1221114        83    TRUE       0.8743122 2.791792e-05 <list[4]>
INFO  [15:41:53.320] [bbotk]  .already_evaluated classif.bbrier warnings errors runtime_learners
INFO  [15:41:53.320] [bbotk]               FALSE     0.03635761        0      0            0.166
INFO  [15:41:53.320] [bbotk]                                 uhash
INFO  [15:41:53.320] [bbotk]  6206f8bd-e0a2-4fae-b274-91ae6b2f2ca3
INFO  [15:41:56.123] [bbotk] Evaluating 1 configuration(s)
INFO  [15:41:57.596] [bbotk] Result of batch 72:
INFO  [15:41:57.619] [bbotk]  mtry.ratio num.trees replace sample.fraction       acq_ei  x_domain
INFO  [15:41:57.619] [bbotk]  0.09851754      1096   FALSE       0.9629388 6.118483e-05 <list[4]>
INFO  [15:41:57.619] [bbotk]  .already_evaluated classif.bbrier warnings errors runtime_learners
INFO  [15:41:57.619] [bbotk]               FALSE     0.03599028        0      0            1.268
INFO  [15:41:57.619] [bbotk]                                 uhash
INFO  [15:41:57.619] [bbotk]  34bb09a3-3619-4c7a-a157-c27f4474a7d4
INFO  [15:42:00.342] [bbotk] Evaluating 1 configuration(s)
INFO  [15:42:02.634] [bbotk] Result of batch 73:
INFO  [15:42:02.674] [bbotk]  mtry.ratio num.trees replace sample.fraction       acq_ei  x_domain
INFO  [15:42:02.674] [bbotk]   0.1155474      1886    TRUE       0.8200198 4.046782e-05 <list[4]>
INFO  [15:42:02.674] [bbotk]  .already_evaluated classif.bbrier warnings errors runtime_learners
INFO  [15:42:02.674] [bbotk]               FALSE     0.03694778        0      0            2.086
INFO  [15:42:02.674] [bbotk]                                 uhash
INFO  [15:42:02.674] [bbotk]  91fc318b-cc61-4892-a20c-94760eaeda2a
INFO  [15:42:05.336] [bbotk] Evaluating 1 configuration(s)
INFO  [15:42:06.988] [bbotk] Result of batch 74:
INFO  [15:42:07.014] [bbotk]  mtry.ratio num.trees replace sample.fraction       acq_ei  x_domain
INFO  [15:42:07.014] [bbotk]   0.1220943      1139   FALSE       0.9932771 8.140683e-05 <list[4]>
INFO  [15:42:07.014] [bbotk]  .already_evaluated classif.bbrier warnings errors runtime_learners
INFO  [15:42:07.014] [bbotk]               FALSE      0.0358452        0      0            1.447
INFO  [15:42:07.014] [bbotk]                                 uhash
INFO  [15:42:07.014] [bbotk]  c7742333-d39c-4371-a91b-01e3a966405b
INFO  [15:42:09.747] [bbotk] Evaluating 1 configuration(s)
INFO  [15:42:11.121] [bbotk] Result of batch 75:
INFO  [15:42:11.150] [bbotk]  mtry.ratio num.trees replace sample.fraction       acq_ei  x_domain
INFO  [15:42:11.150] [bbotk]  0.07289573       888   FALSE        0.991534 6.842592e-05 <list[4]>
INFO  [15:42:11.150] [bbotk]  .already_evaluated classif.bbrier warnings errors runtime_learners
INFO  [15:42:11.150] [bbotk]               FALSE     0.03576948        0      0            1.167
INFO  [15:42:11.150] [bbotk]                                 uhash
INFO  [15:42:11.150] [bbotk]  60124661-20f2-4751-a587-7d644fe6e200
INFO  [15:42:13.805] [bbotk] Evaluating 1 configuration(s)
INFO  [15:42:15.626] [bbotk] Result of batch 76:
INFO  [15:42:15.654] [bbotk]  mtry.ratio num.trees replace sample.fraction       acq_ei  x_domain
INFO  [15:42:15.654] [bbotk]    0.211651       875   FALSE       0.9979208 0.0001209397 <list[4]>
INFO  [15:42:15.654] [bbotk]  .already_evaluated classif.bbrier warnings errors runtime_learners
INFO  [15:42:15.654] [bbotk]               FALSE      0.0369198        0      0            1.602
INFO  [15:42:15.654] [bbotk]                                 uhash
INFO  [15:42:15.654] [bbotk]  4a1b8c8d-414a-4759-9fec-96ce44924c27
INFO  [15:42:18.152] [bbotk] Evaluating 1 configuration(s)
INFO  [15:42:19.510] [bbotk] Result of batch 77:
INFO  [15:42:19.568] [bbotk]  mtry.ratio num.trees replace sample.fraction       acq_ei  x_domain
INFO  [15:42:19.568] [bbotk]  0.03389546      1482    TRUE       0.5445602 5.936303e-05 <list[4]>
INFO  [15:42:19.568] [bbotk]  .already_evaluated classif.bbrier warnings errors runtime_learners
INFO  [15:42:19.568] [bbotk]               FALSE     0.03926165        0      0            1.153
INFO  [15:42:19.568] [bbotk]                                 uhash
INFO  [15:42:19.568] [bbotk]  3964eb33-4922-44ca-9c93-5c55f0d7668f
INFO  [15:42:22.428] [bbotk] Evaluating 1 configuration(s)
INFO  [15:42:24.373] [bbotk] Result of batch 78:
INFO  [15:42:24.390] [bbotk]  mtry.ratio num.trees replace sample.fraction       acq_ei  x_domain
INFO  [15:42:24.390] [bbotk]  0.08181903      1878    TRUE       0.6744196 3.757794e-05 <list[4]>
INFO  [15:42:24.390] [bbotk]  .already_evaluated classif.bbrier warnings errors runtime_learners
INFO  [15:42:24.390] [bbotk]               FALSE     0.03757293        0      0            1.746
INFO  [15:42:24.390] [bbotk]                                 uhash
INFO  [15:42:24.390] [bbotk]  5b0663de-daa1-42a7-871e-9bbc61074273
INFO  [15:42:27.242] [bbotk] Evaluating 1 configuration(s)
INFO  [15:42:29.462] [bbotk] Result of batch 79:
INFO  [15:42:29.487] [bbotk]  mtry.ratio num.trees replace sample.fraction       acq_ei  x_domain
INFO  [15:42:29.487] [bbotk]   0.1561494      1382   FALSE       0.9941223 8.934199e-05 <list[4]>
INFO  [15:42:29.487] [bbotk]  .already_evaluated classif.bbrier warnings errors runtime_learners
INFO  [15:42:29.487] [bbotk]               FALSE     0.03613424        0      0            2.004
INFO  [15:42:29.487] [bbotk]                                 uhash
INFO  [15:42:29.487] [bbotk]  a862a90f-f4df-49a6-a404-132e53b75ac7
INFO  [15:42:32.234] [bbotk] Evaluating 1 configuration(s)
INFO  [15:42:35.667] [bbotk] Result of batch 80:
INFO  [15:42:35.695] [bbotk]  mtry.ratio num.trees replace sample.fraction       acq_ei  x_domain
INFO  [15:42:35.695] [bbotk]   0.3643075      1338   FALSE       0.9929523 5.887529e-05 <list[4]>
INFO  [15:42:35.695] [bbotk]  .already_evaluated classif.bbrier warnings errors runtime_learners
INFO  [15:42:35.695] [bbotk]               FALSE      0.0393099        0      0            3.206
INFO  [15:42:35.695] [bbotk]                                 uhash
INFO  [15:42:35.695] [bbotk]  9af6fbc3-b59f-4eda-9f40-fa5fb9b6f4b9
INFO  [15:42:38.436] [bbotk] Evaluating 1 configuration(s)
INFO  [15:42:40.026] [bbotk] Result of batch 81:
INFO  [15:42:40.056] [bbotk]  mtry.ratio num.trees replace sample.fraction       acq_ei  x_domain
INFO  [15:42:40.056] [bbotk]  0.08978908      1313   FALSE       0.9926466 0.0001294043 <list[4]>
INFO  [15:42:40.056] [bbotk]  .already_evaluated classif.bbrier warnings errors runtime_learners
INFO  [15:42:40.056] [bbotk]               FALSE     0.03576763        0      0            1.326
INFO  [15:42:40.056] [bbotk]                                 uhash
INFO  [15:42:40.056] [bbotk]  335837b2-af26-4323-a8e5-0e3a297eac5e
INFO  [15:42:42.736] [bbotk] Evaluating 1 configuration(s)
INFO  [15:42:45.581] [bbotk] Result of batch 82:
INFO  [15:42:45.609] [bbotk]  mtry.ratio num.trees replace sample.fraction       acq_ei  x_domain
INFO  [15:42:45.609] [bbotk]   0.2855883      1388   FALSE       0.9955205 4.489752e-05 <list[4]>
INFO  [15:42:45.609] [bbotk]  .already_evaluated classif.bbrier warnings errors runtime_learners
INFO  [15:42:45.609] [bbotk]               FALSE     0.03751477        0      0            2.634
INFO  [15:42:45.609] [bbotk]                                 uhash
INFO  [15:42:45.609] [bbotk]  86db3035-e161-434a-a371-b4d0b6811ca8
INFO  [15:42:48.448] [bbotk] Evaluating 1 configuration(s)
INFO  [15:42:49.753] [bbotk] Result of batch 83:
INFO  [15:42:49.783] [bbotk]  mtry.ratio num.trees replace sample.fraction       acq_ei  x_domain
INFO  [15:42:49.783] [bbotk]  0.03437294      1044   FALSE       0.9690113 3.460205e-05 <list[4]>
INFO  [15:42:49.783] [bbotk]  .already_evaluated classif.bbrier warnings errors runtime_learners
INFO  [15:42:49.783] [bbotk]               FALSE     0.03582518        0      0            1.104
INFO  [15:42:49.783] [bbotk]                                 uhash
INFO  [15:42:49.783] [bbotk]  91bedd2c-26e0-4080-a2b1-eabe30d1cdc3
INFO  [15:42:52.404] [bbotk] Evaluating 1 configuration(s)
INFO  [15:42:54.049] [bbotk] Result of batch 84:
INFO  [15:42:54.109] [bbotk]  mtry.ratio num.trees replace sample.fraction       acq_ei  x_domain
INFO  [15:42:54.109] [bbotk]   0.3589175       654   FALSE       0.9747295 3.418438e-05 <list[4]>
INFO  [15:42:54.109] [bbotk]  .already_evaluated classif.bbrier warnings errors runtime_learners
INFO  [15:42:54.109] [bbotk]               FALSE     0.03924487        0      0            1.424
INFO  [15:42:54.109] [bbotk]                                 uhash
INFO  [15:42:54.109] [bbotk]  2b1090fd-1681-49a1-a8cd-7b803cb6266f
INFO  [15:42:56.676] [bbotk] Evaluating 1 configuration(s)
INFO  [15:42:57.001] [bbotk] Result of batch 85:
INFO  [15:42:57.022] [bbotk]  mtry.ratio num.trees replace sample.fraction       acq_ei  x_domain
INFO  [15:42:57.022] [bbotk]  0.09122365        75    TRUE       0.5398537 5.975837e-05 <list[4]>
INFO  [15:42:57.022] [bbotk]  .already_evaluated classif.bbrier warnings errors runtime_learners
INFO  [15:42:57.022] [bbotk]               FALSE      0.0399306        0      0             0.12
INFO  [15:42:57.022] [bbotk]                                 uhash
INFO  [15:42:57.022] [bbotk]  c9d644fa-d7f8-49d3-b14e-935ba37a084e
INFO  [15:42:57.207] [bbotk] Finished optimizing after 100 evaluation(s)
INFO  [15:42:57.233] [bbotk] Result:
INFO  [15:42:57.256] [bbotk]  mtry.ratio num.trees replace sample.fraction learner_param_vals  x_domain
INFO  [15:42:57.256] [bbotk]       <num>     <int>  <lgcl>           <num>             <list>    <list>
INFO  [15:42:57.256] [bbotk]  0.08235074       583    TRUE       0.8827512          <list[5]> <list[4]>
INFO  [15:42:57.256] [bbotk]  classif.bbrier
INFO  [15:42:57.256] [bbotk]           <num>
INFO  [15:42:57.256] [bbotk]      0.03553383

### [bt]: Job terminated successfully [batchtools job.id=1215]
### [bt]: Calculation finished!
