### [bt]: This is batchtools v0.9.17
### [bt]: Starting calculation of 1 jobs
### [bt]: Setting working directory to '/content/drive/MyDrive/GitHub/Mater_Thesis_Calibration'
ece.R :
Friedmann_tasks.R :
Functions.R :
ici.R :
mse_feature_effects.R :
PipeOpCalibration_TuningExperiment.R :
PipeOpCalibration.R :
PipeOpCalibrationUnion.R :
### [bt]: Memory measurement disabled
### [bt]: Starting job [batchtools job.id=730]
### [bt]: Generating problem instance for problem 'b541340d6c2eb21d' ...
### [bt]: Applying algorithm 'run_learner' on problem 'b541340d6c2eb21d' for job 730 (seed = 853) ...
INFO  [08:38:03.736] [mlr3] Applying learner 'glmnet TbC beta' on task 'kc1' (iter 10/10)
INFO  [08:38:04.743] [bbotk] Starting to optimize 2 parameter(s) with '<OptimizerMbo>' and '<TerminatorEvals> [n_evals=100, k=0]'
INFO  [08:38:05.630] [bbotk] Evaluating 8 configuration(s)
INFO  [08:38:17.125] [bbotk] Result of batch 1:
INFO  [08:38:17.170] [bbotk]       alpha          s classif.bbrier warnings errors runtime_learners
INFO  [08:38:17.170] [bbotk]  0.31020814 -5.4756775      0.1059303        0      0            0.882
INFO  [08:38:17.170] [bbotk]  0.81020814  3.7346629      0.1309266        0      0            2.002
INFO  [08:38:17.170] [bbotk]  0.56020814 -0.8705073      0.1309266        0      0            1.566
INFO  [08:38:17.170] [bbotk]  0.06020814  8.3398331      0.1309266        0      0            0.680
INFO  [08:38:17.170] [bbotk]  0.93520814 -7.7782626      0.1059236        0      0            1.189
INFO  [08:38:17.170] [bbotk]  0.43520814  1.4320778      0.1309266        0      0            1.949
INFO  [08:38:17.170] [bbotk]  0.18520814 -3.1730924      0.1075921        0      0            0.829
INFO  [08:38:17.170] [bbotk]  0.68520814  6.0372480      0.1309266        0      0            1.000
INFO  [08:38:17.170] [bbotk]                                 uhash
INFO  [08:38:17.170] [bbotk]  00af0731-839d-4427-8730-5d5df0e059fe
INFO  [08:38:17.170] [bbotk]  bf495d0e-35fa-4c4f-bc7e-bd5cf4284360
INFO  [08:38:17.170] [bbotk]  a0b25839-dd3e-43ff-b97b-89c5c01525d4
INFO  [08:38:17.170] [bbotk]  a516f57f-a5ae-4288-bc2c-08f38725a068
INFO  [08:38:17.170] [bbotk]  b7269af3-17f6-4740-a683-39cc7e88aa53
INFO  [08:38:17.170] [bbotk]  5f78ca14-c021-415c-9842-3851e471c9be
INFO  [08:38:17.170] [bbotk]  9402f866-59ad-4015-9670-5cbadfe7331a
INFO  [08:38:17.170] [bbotk]  cca65c8b-16e5-43de-a713-336ca1f341f5
INFO  [08:38:26.107] [bbotk] Evaluating 1 configuration(s)
INFO  [08:38:27.829] [bbotk] Result of batch 2:
INFO  [08:38:27.848] [bbotk]        alpha         s      acq_ei  x_domain .already_evaluated classif.bbrier
INFO  [08:38:27.848] [bbotk]  0.005971369 -6.925367 0.002859842 <list[2]>              FALSE      0.1056366
INFO  [08:38:27.848] [bbotk]  warnings errors runtime_learners                                uhash
INFO  [08:38:27.848] [bbotk]         0      0            1.353 1db42c82-6d24-4587-97c3-13c7c875ac6c
INFO  [08:38:30.369] [bbotk] Evaluating 1 configuration(s)
INFO  [08:38:31.373] [bbotk] Result of batch 3:
INFO  [08:38:31.403] [bbotk]        alpha         s      acq_ei  x_domain .already_evaluated classif.bbrier
INFO  [08:38:31.403] [bbotk]  0.004043672 -5.509696 0.001904571 <list[2]>              FALSE      0.1056527
INFO  [08:38:31.403] [bbotk]  warnings errors runtime_learners                                uhash
INFO  [08:38:31.403] [bbotk]         0      0            0.736 bf2d7cca-e7ea-4162-ae83-4199441bca83
INFO  [08:38:38.995] [bbotk] Evaluating 1 configuration(s)
INFO  [08:38:41.904] [bbotk] Result of batch 4:
INFO  [08:38:41.914] [bbotk]       alpha         s      acq_ei  x_domain .already_evaluated classif.bbrier
INFO  [08:38:41.914] [bbotk]  0.02172541 -4.255993 0.001524293 <list[2]>              FALSE      0.1059131
INFO  [08:38:41.914] [bbotk]  warnings errors runtime_learners                                uhash
INFO  [08:38:41.914] [bbotk]         0      0             2.32 b4278362-bb12-48f7-888f-6136f695ec1d
INFO  [08:38:48.433] [bbotk] Evaluating 1 configuration(s)
INFO  [08:38:50.392] [bbotk] Result of batch 5:
INFO  [08:38:50.400] [bbotk]      alpha         s      acq_ei  x_domain .already_evaluated classif.bbrier
INFO  [08:38:50.400] [bbotk]  0.2219955 -8.202505 0.003236407 <list[2]>              FALSE      0.1062721
INFO  [08:38:50.400] [bbotk]  warnings errors runtime_learners                                uhash
INFO  [08:38:50.400] [bbotk]         0      0            1.669 e1fe615a-9852-45b3-bb1a-adb9affe7366
INFO  [08:38:53.604] [bbotk] Evaluating 1 configuration(s)
INFO  [08:38:57.217] [bbotk] Result of batch 6:
INFO  [08:38:57.230] [bbotk]      alpha         s      acq_ei  x_domain .already_evaluated classif.bbrier
INFO  [08:38:57.230] [bbotk]  0.1607271 -6.050681 0.001480385 <list[2]>              FALSE      0.1057857
INFO  [08:38:57.230] [bbotk]  warnings errors runtime_learners                                uhash
INFO  [08:38:57.230] [bbotk]         0      0              3.1 45f1a4b6-ed76-4946-98d9-d7368a305f43
INFO  [08:39:00.376] [bbotk] Evaluating 1 configuration(s)
INFO  [08:39:02.376] [bbotk] Result of batch 7:
INFO  [08:39:02.493] [bbotk]      alpha         s      acq_ei  x_domain .already_evaluated classif.bbrier
INFO  [08:39:02.493] [bbotk]  0.9889541 -9.166243 0.001538202 <list[2]>              FALSE       0.106934
INFO  [08:39:02.493] [bbotk]  warnings errors runtime_learners                                uhash
INFO  [08:39:02.493] [bbotk]         0      0            1.552 3674c2a9-935d-4086-a55a-51b588aaf8ff
INFO  [08:39:04.885] [bbotk] Evaluating 1 configuration(s)
INFO  [08:39:06.099] [bbotk] Result of batch 8:
INFO  [08:39:06.124] [bbotk]      alpha         s       acq_ei  x_domain .already_evaluated classif.bbrier
INFO  [08:39:06.124] [bbotk]  0.4665577 -7.332365 0.0002814825 <list[2]>              FALSE      0.1059538
INFO  [08:39:06.124] [bbotk]  warnings errors runtime_learners                                uhash
INFO  [08:39:06.124] [bbotk]         0      0            0.958 ec9bbb1f-b09e-4fcb-9ff8-4d623312f965
INFO  [08:39:08.566] [bbotk] Evaluating 1 configuration(s)
INFO  [08:39:10.217] [bbotk] Result of batch 9:
INFO  [08:39:10.225] [bbotk]      alpha         s       acq_ei  x_domain .already_evaluated classif.bbrier
INFO  [08:39:10.225] [bbotk]  0.9993629 -6.104866 0.0002296077 <list[2]>              FALSE      0.1060895
INFO  [08:39:10.225] [bbotk]  warnings errors runtime_learners                                uhash
INFO  [08:39:10.225] [bbotk]         0      0            1.395 38d1f05b-4932-451f-ab64-0588013552f8
INFO  [08:39:15.561] [bbotk] Evaluating 1 configuration(s)
INFO  [08:39:18.651] [bbotk] Result of batch 10:
INFO  [08:39:18.864] [bbotk]     alpha         s       acq_ei  x_domain .already_evaluated classif.bbrier
INFO  [08:39:18.864] [bbotk]  0.978266 -4.013867 0.0002275778 <list[2]>              FALSE      0.1090236
INFO  [08:39:18.864] [bbotk]  warnings errors runtime_learners                                uhash
INFO  [08:39:18.864] [bbotk]         0      0            2.301 1fec3478-995d-4c21-9659-cd33f15d4d06
INFO  [08:39:23.336] [bbotk] Evaluating 1 configuration(s)
INFO  [08:39:24.608] [bbotk] Result of batch 11:
INFO  [08:39:24.621] [bbotk]        alpha         s       acq_ei  x_domain .already_evaluated classif.bbrier
INFO  [08:39:24.621] [bbotk]  0.006739198 -9.183833 0.0001420983 <list[2]>              FALSE      0.1056524
INFO  [08:39:24.621] [bbotk]  warnings errors runtime_learners                                uhash
INFO  [08:39:24.621] [bbotk]         0      0            0.724 e7626fb3-369c-4382-af53-54920fbb3baa
INFO  [08:39:26.735] [bbotk] Evaluating 1 configuration(s)
INFO  [08:39:28.148] [bbotk] Result of batch 12:
INFO  [08:39:28.155] [bbotk]      alpha         s       acq_ei  x_domain .already_evaluated classif.bbrier
INFO  [08:39:28.155] [bbotk]  0.4488042 -9.207162 0.0008256516 <list[2]>              FALSE      0.1067506
INFO  [08:39:28.155] [bbotk]  warnings errors runtime_learners                                uhash
INFO  [08:39:28.155] [bbotk]         0      0            1.138 beeb0eb4-2849-4b3e-be5c-de56029bb8e1
INFO  [08:39:30.912] [bbotk] Evaluating 1 configuration(s)
INFO  [08:39:33.202] [bbotk] Result of batch 13:
INFO  [08:39:33.209] [bbotk]      alpha         s       acq_ei  x_domain .already_evaluated classif.bbrier
INFO  [08:39:33.209] [bbotk]  0.9980247 -7.084685 0.0001737821 <list[2]>              FALSE      0.1059161
INFO  [08:39:33.209] [bbotk]  warnings errors runtime_learners                                uhash
INFO  [08:39:33.209] [bbotk]         0      0            2.003 3b22d3bd-f284-47c8-96c8-9f3a76c51f04
INFO  [08:39:36.343] [bbotk] Evaluating 1 configuration(s)
INFO  [08:39:38.281] [bbotk] Result of batch 14:
INFO  [08:39:38.323] [bbotk]      alpha         s      acq_ei  x_domain .already_evaluated classif.bbrier
INFO  [08:39:38.323] [bbotk]  0.3543604 -7.278981 0.000411224 <list[2]>              FALSE      0.1059367
INFO  [08:39:38.323] [bbotk]  warnings errors runtime_learners                                uhash
INFO  [08:39:38.323] [bbotk]         0      0            1.606 3dccff67-f2f4-4bea-81b6-7155a472b340
INFO  [08:39:41.302] [bbotk] Evaluating 1 configuration(s)
INFO  [08:39:41.924] [bbotk] Result of batch 15:
INFO  [08:39:41.931] [bbotk]        alpha         s      acq_ei  x_domain .already_evaluated classif.bbrier
INFO  [08:39:41.931] [bbotk]  0.001245825 -7.510357 0.000130421 <list[2]>              FALSE       0.105825
INFO  [08:39:41.931] [bbotk]  warnings errors runtime_learners                                uhash
INFO  [08:39:41.931] [bbotk]         0      0            0.336 36e7858d-dd9c-4829-acff-17693389a29f
INFO  [08:39:45.292] [bbotk] Evaluating 1 configuration(s)
INFO  [08:39:46.295] [bbotk] Result of batch 16:
INFO  [08:39:46.302] [bbotk]        alpha         s       acq_ei  x_domain .already_evaluated classif.bbrier
INFO  [08:39:46.302] [bbotk]  0.001170526 -3.788132 5.480996e-05 <list[2]>              FALSE      0.1059965
INFO  [08:39:46.302] [bbotk]  warnings errors runtime_learners                                uhash
INFO  [08:39:46.302] [bbotk]         0      0            0.643 1d54b76d-41cf-4d24-8f9a-b418e3d4bf6b
WARN  [08:39:46.531] [mlr3] train: Stopped because hard maximum generation limit was hit.
INFO  [08:39:49.470] [bbotk] Evaluating 1 configuration(s)
INFO  [08:39:51.051] [bbotk] Result of batch 17:
INFO  [08:39:51.057] [bbotk]     alpha        s      acq_ei  x_domain .already_evaluated classif.bbrier
INFO  [08:39:51.057] [bbotk]  0.999644 8.985623 0.006233743 <list[2]>              FALSE      0.1309266
INFO  [08:39:51.057] [bbotk]  warnings errors runtime_learners                                uhash
INFO  [08:39:51.057] [bbotk]         0      0            1.278 e8f5bb14-99f2-4d4b-8b5e-b4c1a4e8bafc
INFO  [08:39:54.007] [bbotk] Evaluating 1 configuration(s)
INFO  [08:39:54.932] [bbotk] Result of batch 18:
INFO  [08:39:54.997] [bbotk]        alpha         s      acq_ei  x_domain .already_evaluated classif.bbrier
INFO  [08:39:54.997] [bbotk]  0.001383108 -6.542955 4.69621e-05 <list[2]>              FALSE      0.1058015
INFO  [08:39:54.997] [bbotk]  warnings errors runtime_learners                                uhash
INFO  [08:39:54.997] [bbotk]         0      0             0.63 b4381a4c-21b9-4eb1-b32a-88e97a36a1d4
INFO  [08:39:59.191] [bbotk] Evaluating 1 configuration(s)
INFO  [08:40:00.334] [bbotk] Result of batch 19:
INFO  [08:40:00.343] [bbotk]        alpha         s       acq_ei  x_domain .already_evaluated classif.bbrier
INFO  [08:40:00.343] [bbotk]  0.004832384 -5.093469 3.479014e-05 <list[2]>              FALSE      0.1057193
INFO  [08:40:00.343] [bbotk]  warnings errors runtime_learners                                uhash
INFO  [08:40:00.343] [bbotk]         0      0            0.367 d6de892f-9282-4eee-85a0-64645c65567e
INFO  [08:40:02.708] [bbotk] Evaluating 1 configuration(s)
INFO  [08:40:04.329] [bbotk] Result of batch 20:
INFO  [08:40:04.337] [bbotk]        alpha         s       acq_ei  x_domain .already_evaluated classif.bbrier
INFO  [08:40:04.337] [bbotk]  0.006133091 -8.815605 2.737874e-05 <list[2]>              FALSE        0.10564
INFO  [08:40:04.337] [bbotk]  warnings errors runtime_learners                                uhash
INFO  [08:40:04.337] [bbotk]         0      0            1.057 8b8e1f66-5819-4d56-8d69-70257cf55b30
INFO  [08:40:07.096] [bbotk] Evaluating 1 configuration(s)
INFO  [08:40:07.825] [bbotk] Result of batch 21:
INFO  [08:40:07.843] [bbotk]        alpha         s       acq_ei  x_domain .already_evaluated classif.bbrier
INFO  [08:40:07.843] [bbotk]  0.004249627 -7.088166 1.910515e-05 <list[2]>              FALSE      0.1056188
INFO  [08:40:07.843] [bbotk]  warnings errors runtime_learners                                uhash
INFO  [08:40:07.843] [bbotk]         0      0            0.467 51e029bc-37c5-421a-82ca-f1bf1a362b5f
INFO  [08:40:10.495] [bbotk] Evaluating 1 configuration(s)
INFO  [08:40:14.599] [bbotk] Result of batch 22:
INFO  [08:40:14.668] [bbotk]        alpha         s       acq_ei  x_domain .already_evaluated classif.bbrier
INFO  [08:40:14.668] [bbotk]  0.002547417 -9.027118 2.252461e-05 <list[2]>              FALSE      0.1056746
INFO  [08:40:14.668] [bbotk]  warnings errors runtime_learners                                uhash
INFO  [08:40:14.668] [bbotk]         0      0            2.932 e4093b54-d44f-499d-9537-81e319da8f7b
WARN  [08:40:16.096] [mlr3] train: Stopped because hard maximum generation limit was hit.
INFO  [08:40:22.226] [bbotk] Evaluating 1 configuration(s)
INFO  [08:40:24.049] [bbotk] Result of batch 23:
INFO  [08:40:24.111] [bbotk]      alpha         s       acq_ei  x_domain .already_evaluated classif.bbrier
INFO  [08:40:24.111] [bbotk]  0.7911101 -7.029929 0.0001001419 <list[2]>              FALSE      0.1058586
INFO  [08:40:24.111] [bbotk]  warnings errors runtime_learners                                uhash
INFO  [08:40:24.111] [bbotk]         0      0            1.286 56a399a3-ded1-4abc-8beb-b1edea498ddf
WARN  [08:40:24.497] [mlr3] train: Stopped because hard maximum generation limit was hit.
INFO  [08:40:34.655] [bbotk] Evaluating 1 configuration(s)
INFO  [08:40:37.610] [bbotk] Result of batch 24:
INFO  [08:40:37.688] [bbotk]      alpha         s      acq_ei  x_domain .already_evaluated classif.bbrier
INFO  [08:40:37.688] [bbotk]  0.6858095 -8.636082 0.000533797 <list[2]>              FALSE      0.1064311
INFO  [08:40:37.688] [bbotk]  warnings errors runtime_learners                                uhash
INFO  [08:40:37.688] [bbotk]         0      0            2.288 0ce406ce-6dd8-4c89-a313-38b305ee31ab
INFO  [08:40:48.945] [bbotk] Evaluating 1 configuration(s)
INFO  [08:40:49.545] [bbotk] Result of batch 25:
INFO  [08:40:49.555] [bbotk]         alpha         s       acq_ei  x_domain .already_evaluated
INFO  [08:40:49.555] [bbotk]  0.0005734623 -7.070267 1.325077e-05 <list[2]>              FALSE
INFO  [08:40:49.555] [bbotk]  classif.bbrier warnings errors runtime_learners
INFO  [08:40:49.555] [bbotk]       0.1058748        0      0            0.324
INFO  [08:40:49.555] [bbotk]                                 uhash
INFO  [08:40:49.555] [bbotk]  8ffff61b-3178-4721-9291-aa8b4bad6546
WARN  [08:40:49.751] [mlr3] train: Stopped because hard maximum generation limit was hit.
INFO  [08:40:52.460] [bbotk] Evaluating 1 configuration(s)
INFO  [08:40:53.463] [bbotk] Result of batch 26:
INFO  [08:40:53.469] [bbotk]        alpha        s       acq_ei  x_domain .already_evaluated classif.bbrier
INFO  [08:40:53.469] [bbotk]  0.007675726 -5.76799 2.926935e-05 <list[2]>              FALSE      0.1056471
INFO  [08:40:53.469] [bbotk]  warnings errors runtime_learners                                uhash
INFO  [08:40:53.469] [bbotk]         0      0             0.65 891aa41e-cf75-4da2-a936-33ebcdac5b03
INFO  [08:40:56.176] [bbotk] Evaluating 1 configuration(s)
INFO  [08:40:57.903] [bbotk] Result of batch 27:
INFO  [08:40:57.910] [bbotk]      alpha         s      acq_ei  x_domain .already_evaluated classif.bbrier
INFO  [08:40:57.910] [bbotk]  0.0050044 -9.057011 2.72283e-05 <list[2]>              FALSE      0.1056217
INFO  [08:40:57.910] [bbotk]  warnings errors runtime_learners                                uhash
INFO  [08:40:57.910] [bbotk]         0      0            1.091 c17d0547-fc7e-4c9b-8552-82545765e0ba
INFO  [08:41:00.660] [bbotk] Evaluating 1 configuration(s)
INFO  [08:41:02.856] [bbotk] Result of batch 28:
INFO  [08:41:02.876] [bbotk]        alpha        s     acq_ei  x_domain .already_evaluated classif.bbrier
INFO  [08:41:02.876] [bbotk]  0.003303226 -9.20699 2.7367e-05 <list[2]>              FALSE      0.1056357
INFO  [08:41:02.876] [bbotk]  warnings errors runtime_learners                                uhash
INFO  [08:41:02.876] [bbotk]         0      0            0.714 b02388bf-d93f-4a78-b990-662adc2e4e6f
WARN  [08:41:03.464] [mlr3] train: Stopped because hard maximum generation limit was hit.
INFO  [08:41:05.778] [bbotk] Evaluating 1 configuration(s)
INFO  [08:41:07.606] [bbotk] Result of batch 29:
INFO  [08:41:07.613] [bbotk]      alpha         s       acq_ei  x_domain .already_evaluated classif.bbrier
INFO  [08:41:07.613] [bbotk]  0.2477001 -6.064626 0.0004794301 <list[2]>              FALSE       0.105844
INFO  [08:41:07.613] [bbotk]  warnings errors runtime_learners                                uhash
INFO  [08:41:07.613] [bbotk]         0      0            1.603 61753bc1-e7af-4a49-ab72-b155efbe1146
WARN  [08:41:07.855] [mlr3] train: Stopped because hard maximum generation limit was hit.
INFO  [08:41:14.610] [bbotk] Evaluating 1 configuration(s)
INFO  [08:41:16.725] [bbotk] Result of batch 30:
INFO  [08:41:16.821] [bbotk]      alpha         s      acq_ei  x_domain .already_evaluated classif.bbrier
INFO  [08:41:16.821] [bbotk]  0.7393571 -8.384264 0.001454382 <list[2]>              FALSE      0.1062791
INFO  [08:41:16.821] [bbotk]  warnings errors runtime_learners                                uhash
INFO  [08:41:16.821] [bbotk]         0      0            1.605 c8fb6884-03f2-40d9-9f88-48ad21775e6e
WARN  [08:41:17.475] [mlr3] train: Stopped because hard maximum generation limit was hit.
INFO  [08:41:20.414] [bbotk] Evaluating 1 configuration(s)
INFO  [08:41:23.661] [bbotk] Result of batch 31:
INFO  [08:41:23.675] [bbotk]       alpha         s       acq_ei  x_domain .already_evaluated classif.bbrier
INFO  [08:41:23.675] [bbotk]  0.06877922 -9.079334 0.0003541672 <list[2]>              FALSE      0.1064072
INFO  [08:41:23.675] [bbotk]  warnings errors runtime_learners                                uhash
INFO  [08:41:23.675] [bbotk]         0      0            2.789 79fd0fac-340a-4163-8298-3d633a107de2
WARN  [08:41:24.364] [mlr3] train: Stopped because hard maximum generation limit was hit.
INFO  [08:41:27.004] [bbotk] Evaluating 1 configuration(s)
INFO  [08:41:30.340] [bbotk] Result of batch 32:
INFO  [08:41:30.360] [bbotk]        alpha         s       acq_ei  x_domain .already_evaluated classif.bbrier
INFO  [08:41:30.360] [bbotk]  0.006005833 -5.619775 4.506629e-05 <list[2]>              FALSE       0.105647
INFO  [08:41:30.360] [bbotk]  warnings errors runtime_learners                                uhash
INFO  [08:41:30.360] [bbotk]         0      0            2.831 acaea736-24df-4615-9412-b111fd364af6
INFO  [08:41:33.585] [bbotk] Evaluating 1 configuration(s)
INFO  [08:41:35.490] [bbotk] Result of batch 33:
INFO  [08:41:35.517] [bbotk]        alpha        s       acq_ei  x_domain .already_evaluated classif.bbrier
INFO  [08:41:35.517] [bbotk]  0.004276112 -5.76488 4.547626e-05 <list[2]>              FALSE      0.1056192
INFO  [08:41:35.517] [bbotk]  warnings errors runtime_learners                                uhash
INFO  [08:41:35.517] [bbotk]         0      0            1.137 7dffc439-ae57-497c-a64f-1ea306724735
WARN  [08:41:35.924] [mlr3] train: Stopped because hard maximum generation limit was hit.
INFO  [08:41:39.666] [bbotk] Evaluating 1 configuration(s)
INFO  [08:41:44.182] [bbotk] Result of batch 34:
INFO  [08:41:44.233] [bbotk]      alpha         s       acq_ei  x_domain .already_evaluated classif.bbrier
INFO  [08:41:44.233] [bbotk]  0.8484588 -7.555383 0.0002464697 <list[2]>              FALSE      0.1058945
INFO  [08:41:44.233] [bbotk]  warnings errors runtime_learners                                uhash
INFO  [08:41:44.233] [bbotk]         0      0            3.926 00a4a4e0-4993-4b29-a54f-4c6e2eb20d6b
INFO  [08:41:49.551] [bbotk] Evaluating 1 configuration(s)
INFO  [08:41:51.672] [bbotk] Result of batch 35:
INFO  [08:41:51.692] [bbotk]        alpha         s       acq_ei  x_domain .already_evaluated classif.bbrier
INFO  [08:41:51.692] [bbotk]  0.009149977 -5.768871 4.042115e-05 <list[2]>              FALSE      0.1056484
INFO  [08:41:51.692] [bbotk]  warnings errors runtime_learners                                uhash
INFO  [08:41:51.692] [bbotk]         0      0            1.588 05bc1436-91b6-451f-a096-c971af02f93e
WARN  [08:41:52.278] [mlr3] train: Stopped because hard maximum generation limit was hit.
INFO  [08:41:54.793] [bbotk] Evaluating 1 configuration(s)
INFO  [08:41:56.234] [bbotk] Result of batch 36:
INFO  [08:41:56.242] [bbotk]        alpha         s       acq_ei  x_domain .already_evaluated classif.bbrier
INFO  [08:41:56.242] [bbotk]  0.004293915 -5.920554 3.990405e-05 <list[2]>              FALSE      0.1056191
INFO  [08:41:56.242] [bbotk]  warnings errors runtime_learners                                uhash
INFO  [08:41:56.242] [bbotk]         0      0            1.164 7d2b854b-c32c-4c4d-8130-1a841cc0d767
WARN  [08:41:56.529] [mlr3] train: Stopped because hard maximum generation limit was hit.
INFO  [08:41:58.631] [bbotk] Evaluating 1 configuration(s)
INFO  [08:42:01.071] [bbotk] Result of batch 37:
INFO  [08:42:01.172] [bbotk]        alpha         s      acq_ei  x_domain .already_evaluated classif.bbrier
INFO  [08:42:01.172] [bbotk]  0.002134833 -5.932374 4.10094e-05 <list[2]>              FALSE      0.1057112
INFO  [08:42:01.172] [bbotk]  warnings errors runtime_learners                                uhash
INFO  [08:42:01.172] [bbotk]         0      0            1.253 d6370e49-aa17-4cc8-bf03-0b10ae12aabd
WARN  [08:42:05.142] [mlr3] train: Stopped because hard maximum generation limit was hit.
INFO  [08:42:11.663] [bbotk] Evaluating 1 configuration(s)
INFO  [08:42:13.737] [bbotk] Result of batch 38:
INFO  [08:42:13.782] [bbotk]      alpha         s      acq_ei  x_domain .already_evaluated classif.bbrier
INFO  [08:42:13.782] [bbotk]  0.5448638 -8.682149 0.000141865 <list[2]>              FALSE      0.1064645
INFO  [08:42:13.782] [bbotk]  warnings errors runtime_learners                                uhash
INFO  [08:42:13.782] [bbotk]         0      0            1.399 7e740208-0ae1-42fe-ba2f-16e178f0af0f
INFO  [08:42:17.155] [bbotk] Evaluating 1 configuration(s)
INFO  [08:42:19.225] [bbotk] Result of batch 39:
INFO  [08:42:19.245] [bbotk]        alpha         s       acq_ei  x_domain .already_evaluated classif.bbrier
INFO  [08:42:19.245] [bbotk]  0.006114245 -8.141285 2.996857e-05 <list[2]>              FALSE      0.1056395
INFO  [08:42:19.245] [bbotk]  warnings errors runtime_learners                                uhash
INFO  [08:42:19.245] [bbotk]         0      0             1.41 dc3272c7-02f3-4cf5-b864-7b928082e7cd
INFO  [08:42:23.416] [bbotk] Evaluating 1 configuration(s)
INFO  [08:42:28.117] [bbotk] Result of batch 40:
INFO  [08:42:28.124] [bbotk]      alpha         s       acq_ei  x_domain .already_evaluated classif.bbrier
INFO  [08:42:28.124] [bbotk]  0.0060066 -8.320203 3.805894e-05 <list[2]>              FALSE      0.1056378
INFO  [08:42:28.124] [bbotk]  warnings errors runtime_learners                                uhash
INFO  [08:42:28.124] [bbotk]         0      0            3.239 ac89f853-dccc-4fd4-ae75-fc36ab675e99
WARN  [08:42:28.623] [mlr3] train: Stopped because hard maximum generation limit was hit.
INFO  [08:42:34.438] [bbotk] Evaluating 1 configuration(s)
INFO  [08:42:36.665] [bbotk] Result of batch 41:
INFO  [08:42:36.672] [bbotk]        alpha         s      acq_ei  x_domain .already_evaluated classif.bbrier
INFO  [08:42:36.672] [bbotk]  0.002508607 -8.561471 4.28649e-05 <list[2]>              FALSE      0.1056774
INFO  [08:42:36.672] [bbotk]  warnings errors runtime_learners                                uhash
INFO  [08:42:36.672] [bbotk]         0      0            1.506 107be506-0107-4530-b8f0-1e8c65f18ab0
WARN  [08:42:37.617] [mlr3] train: Stopped because hard maximum generation limit was hit.
INFO  [08:42:41.479] [bbotk] Evaluating 1 configuration(s)
INFO  [08:42:42.574] [bbotk] Result of batch 42:
INFO  [08:42:42.592] [bbotk]        alpha        s       acq_ei  x_domain .already_evaluated classif.bbrier
INFO  [08:42:42.592] [bbotk]  0.002265221 -5.67492 2.315905e-05 <list[2]>              FALSE      0.1056988
INFO  [08:42:42.592] [bbotk]  warnings errors runtime_learners                                uhash
INFO  [08:42:42.592] [bbotk]         0      0             0.62 54ad14ed-87f1-4203-8d25-3ed5319af3a4
WARN  [08:42:43.519] [mlr3] train: Stopped because hard maximum generation limit was hit.
INFO  [08:42:52.040] [bbotk] Evaluating 1 configuration(s)
INFO  [08:42:55.693] [bbotk] Result of batch 43:
INFO  [08:42:55.716] [bbotk]         alpha         s       acq_ei  x_domain .already_evaluated
INFO  [08:42:55.716] [bbotk]  0.0001098542 -8.652921 3.338242e-05 <list[2]>              FALSE
INFO  [08:42:55.716] [bbotk]  classif.bbrier warnings errors runtime_learners
INFO  [08:42:55.716] [bbotk]       0.1058739        0      0            2.002
INFO  [08:42:55.716] [bbotk]                                 uhash
INFO  [08:42:55.716] [bbotk]  21711753-6014-4344-8eef-6d066e7aa46a
WARN  [08:42:56.048] [mlr3] train: Stopped because hard maximum generation limit was hit.
INFO  [08:43:00.657] [bbotk] Evaluating 1 configuration(s)
INFO  [08:43:02.747] [bbotk] Result of batch 44:
INFO  [08:43:02.799] [bbotk]        alpha         s       acq_ei  x_domain .already_evaluated classif.bbrier
INFO  [08:43:02.799] [bbotk]  0.001525299 -7.909756 3.003535e-05 <list[2]>              FALSE      0.1057814
INFO  [08:43:02.799] [bbotk]  warnings errors runtime_learners                                uhash
INFO  [08:43:02.799] [bbotk]         0      0            1.507 260afdbd-3096-4802-bdbf-6a6bf8766394
INFO  [08:43:08.648] [bbotk] Evaluating 1 configuration(s)
INFO  [08:43:09.349] [bbotk] Result of batch 45:
INFO  [08:43:09.354] [bbotk]        alpha         s       acq_ei  x_domain .already_evaluated classif.bbrier
INFO  [08:43:09.354] [bbotk]  0.002760646 -5.660244 2.853716e-05 <list[2]>              FALSE      0.1056607
INFO  [08:43:09.354] [bbotk]  warnings errors runtime_learners                                uhash
INFO  [08:43:09.354] [bbotk]         0      0             0.38 a1a4c884-998a-44cc-9b36-b8258f19c509
WARN  [08:43:10.635] [mlr3] train: Stopped because hard maximum generation limit was hit.
INFO  [08:43:13.981] [bbotk] Evaluating 1 configuration(s)
INFO  [08:43:16.463] [bbotk] Result of batch 46:
INFO  [08:43:16.472] [bbotk]      alpha         s     acq_ei  x_domain .already_evaluated classif.bbrier
INFO  [08:43:16.472] [bbotk]  0.5025106 -9.010448 0.00755263 <list[2]>              FALSE      0.1066697
INFO  [08:43:16.472] [bbotk]  warnings errors runtime_learners                                uhash
INFO  [08:43:16.472] [bbotk]         0      0            1.915 3e61a012-a0f1-453f-9859-460b30592252
INFO  [08:43:22.398] [bbotk] Evaluating 1 configuration(s)
INFO  [08:43:25.402] [bbotk] Result of batch 47:
INFO  [08:43:25.427] [bbotk]        alpha         s       acq_ei  x_domain .already_evaluated classif.bbrier
INFO  [08:43:25.427] [bbotk]  0.008848686 -5.612778 2.254168e-05 <list[2]>              FALSE      0.1056518
INFO  [08:43:25.427] [bbotk]  warnings errors runtime_learners                                uhash
INFO  [08:43:25.427] [bbotk]         0      0             1.94 aac277b7-edfa-4a53-81d5-0f8b692664d4
INFO  [08:43:37.600] [bbotk] Evaluating 1 configuration(s)
INFO  [08:43:40.037] [bbotk] Result of batch 48:
INFO  [08:43:40.044] [bbotk]        alpha         s      acq_ei  x_domain .already_evaluated classif.bbrier
INFO  [08:43:40.044] [bbotk]  0.006280161 -5.779062 2.47197e-05 <list[2]>              FALSE       0.105645
INFO  [08:43:40.044] [bbotk]  warnings errors runtime_learners                                uhash
INFO  [08:43:40.044] [bbotk]         0      0            1.661 1111ca14-07dc-404d-ab2b-a9ee08e12e90
INFO  [08:43:43.017] [bbotk] Evaluating 1 configuration(s)
INFO  [08:43:49.745] [bbotk] Result of batch 49:
INFO  [08:43:49.963] [bbotk]        alpha        s       acq_ei  x_domain .already_evaluated classif.bbrier
INFO  [08:43:49.963] [bbotk]  0.003370555 -5.65454 2.431447e-05 <list[2]>              FALSE      0.1056336
INFO  [08:43:49.963] [bbotk]  warnings errors runtime_learners                                uhash
INFO  [08:43:49.963] [bbotk]         0      0            4.529 315b47ff-1bb0-45dc-ab6c-897e5c0c30ea
WARN  [08:43:51.703] [mlr3] train: Stopped because hard maximum generation limit was hit.
INFO  [08:43:55.296] [bbotk] Evaluating 1 configuration(s)
INFO  [08:43:57.387] [bbotk] Result of batch 50:
INFO  [08:43:57.393] [bbotk]       alpha        s       acq_ei  x_domain .already_evaluated classif.bbrier
INFO  [08:43:57.393] [bbotk]  0.00728691 -5.73992 2.296189e-05 <list[2]>              FALSE      0.1056455
INFO  [08:43:57.393] [bbotk]  warnings errors runtime_learners                                uhash
INFO  [08:43:57.393] [bbotk]         0      0            1.655 03cbf63b-9561-4cf8-977c-69c06030b8a8
WARN  [08:43:59.683] [mlr3] train: Stopped because hard maximum generation limit was hit.
INFO  [08:44:02.069] [bbotk] Evaluating 1 configuration(s)
INFO  [08:44:05.320] [bbotk] Result of batch 51:
INFO  [08:44:05.326] [bbotk]      alpha         s      acq_ei  x_domain .already_evaluated classif.bbrier
INFO  [08:44:05.326] [bbotk]  0.8894984 -9.017919 0.004016756 <list[2]>              FALSE      0.1067486
INFO  [08:44:05.326] [bbotk]  warnings errors runtime_learners                                uhash
INFO  [08:44:05.326] [bbotk]         0      0            2.791 1475da6b-2f25-42b3-a98a-d6b1761393be
WARN  [08:44:07.257] [mlr3] train: Stopped because hard maximum generation limit was hit.
INFO  [08:44:10.117] [bbotk] Evaluating 1 configuration(s)
INFO  [08:44:13.517] [bbotk] Result of batch 52:
INFO  [08:44:13.536] [bbotk]        alpha         s       acq_ei  x_domain .already_evaluated classif.bbrier
INFO  [08:44:13.536] [bbotk]  0.002678342 -5.813586 2.342707e-05 <list[2]>              FALSE      0.1056665
INFO  [08:44:13.536] [bbotk]  warnings errors runtime_learners                                uhash
INFO  [08:44:13.536] [bbotk]         0      0            2.189 1e0e3014-fbe1-40dd-b81e-bf48e5d05178
WARN  [08:44:14.874] [mlr3] train: Stopped because hard maximum generation limit was hit.
INFO  [08:44:17.888] [bbotk] Evaluating 1 configuration(s)
INFO  [08:44:20.182] [bbotk] Result of batch 53:
INFO  [08:44:20.203] [bbotk]      alpha         s       acq_ei  x_domain .already_evaluated classif.bbrier
INFO  [08:44:20.203] [bbotk]  0.1946926 -6.095921 0.0002863068 <list[2]>              FALSE      0.1057997
INFO  [08:44:20.203] [bbotk]  warnings errors runtime_learners                                uhash
INFO  [08:44:20.203] [bbotk]         0      0            1.765 4e9d5acf-7f5d-4861-829b-1b9382f1d02e
INFO  [08:44:24.990] [bbotk] Evaluating 1 configuration(s)
INFO  [08:44:26.801] [bbotk] Result of batch 54:
INFO  [08:44:26.806] [bbotk]      alpha        s       acq_ei  x_domain .already_evaluated classif.bbrier
INFO  [08:44:26.806] [bbotk]  0.3032225 -6.97443 0.0002446039 <list[2]>              FALSE      0.1059058
INFO  [08:44:26.806] [bbotk]  warnings errors runtime_learners                                uhash
INFO  [08:44:26.806] [bbotk]         0      0            1.464 fceadde5-d6b2-4b5d-8b05-608d2bc01211
INFO  [08:44:34.416] [bbotk] Evaluating 1 configuration(s)
INFO  [08:44:35.525] [bbotk] Result of batch 55:
INFO  [08:44:35.583] [bbotk]       alpha         s       acq_ei  x_domain .already_evaluated classif.bbrier
INFO  [08:44:35.583] [bbotk]  0.00371586 -5.856511 1.637537e-05 <list[2]>              FALSE      0.1056242
INFO  [08:44:35.583] [bbotk]  warnings errors runtime_learners                                uhash
INFO  [08:44:35.583] [bbotk]         0      0            0.581 a925268b-02ad-41de-9fe7-999250c364e2
WARN  [08:44:37.616] [mlr3] train: Stopped because hard maximum generation limit was hit.
INFO  [08:44:40.015] [bbotk] Evaluating 1 configuration(s)
INFO  [08:44:42.084] [bbotk] Result of batch 56:
INFO  [08:44:42.104] [bbotk]      alpha         s      acq_ei  x_domain .already_evaluated classif.bbrier
INFO  [08:44:42.104] [bbotk]  0.8175579 -9.163925 0.002028111 <list[2]>              FALSE      0.1068216
INFO  [08:44:42.104] [bbotk]  warnings errors runtime_learners                                uhash
INFO  [08:44:42.104] [bbotk]         0      0            1.665 c465a0b3-27d9-4904-8faa-3676576cc51d
WARN  [08:44:42.739] [mlr3] train: Stopped because hard maximum generation limit was hit.
INFO  [08:44:50.742] [bbotk] Evaluating 1 configuration(s)
INFO  [08:44:54.067] [bbotk] Result of batch 57:
INFO  [08:44:54.074] [bbotk]        alpha         s      acq_ei  x_domain .already_evaluated classif.bbrier
INFO  [08:44:54.074] [bbotk]  0.001581594 -9.175831 2.20841e-05 <list[2]>              FALSE      0.1057736
INFO  [08:44:54.074] [bbotk]  warnings errors runtime_learners                                uhash
INFO  [08:44:54.074] [bbotk]         0      0            2.526 998cd4aa-f245-4731-9a34-aa3cdd61ef92
INFO  [08:44:57.466] [bbotk] Evaluating 1 configuration(s)
INFO  [08:44:59.339] [bbotk] Result of batch 58:
INFO  [08:44:59.346] [bbotk]         alpha        s       acq_ei  x_domain .already_evaluated classif.bbrier
INFO  [08:44:59.346] [bbotk]  0.0005664749 -5.79118 2.313488e-05 <list[2]>              FALSE      0.1058748
INFO  [08:44:59.346] [bbotk]  warnings errors runtime_learners                                uhash
INFO  [08:44:59.346] [bbotk]         0      0            1.496 255456ba-958f-46a9-9fef-a1e06d16bb75
WARN  [08:44:59.893] [mlr3] train: Stopped because hard maximum generation limit was hit.
INFO  [08:45:03.517] [bbotk] Evaluating 1 configuration(s)
INFO  [08:45:07.282] [bbotk] Result of batch 59:
INFO  [08:45:07.302] [bbotk]       alpha         s       acq_ei  x_domain .already_evaluated classif.bbrier
INFO  [08:45:07.302] [bbotk]  0.01315321 -5.638581 1.691592e-05 <list[2]>              FALSE      0.1056549
INFO  [08:45:07.302] [bbotk]  warnings errors runtime_learners                                uhash
INFO  [08:45:07.302] [bbotk]         0      0            2.792 2909527c-233e-4aac-89fa-3d32200cf950
INFO  [08:45:14.959] [bbotk] Evaluating 1 configuration(s)
INFO  [08:45:17.887] [bbotk] Result of batch 60:
INFO  [08:45:17.895] [bbotk]        alpha         s       acq_ei  x_domain .already_evaluated classif.bbrier
INFO  [08:45:17.895] [bbotk]  0.002092903 -5.636464 2.001122e-05 <list[2]>              FALSE      0.1057158
INFO  [08:45:17.895] [bbotk]  warnings errors runtime_learners                                uhash
INFO  [08:45:17.895] [bbotk]         0      0            2.449 372edfbd-c637-4f86-a971-44b3da70941f
WARN  [08:45:19.643] [mlr3] train: Stopped because hard maximum generation limit was hit.
INFO  [08:45:25.259] [bbotk] Evaluating 1 configuration(s)
INFO  [08:45:28.450] [bbotk] Result of batch 61:
INFO  [08:45:28.518] [bbotk]        alpha         s     acq_ei  x_domain .already_evaluated classif.bbrier
INFO  [08:45:28.518] [bbotk]  0.001719143 -5.728999 1.8216e-05 <list[2]>              FALSE      0.1057576
INFO  [08:45:28.518] [bbotk]  warnings errors runtime_learners                                uhash
INFO  [08:45:28.518] [bbotk]         0      0            1.538 0199c131-432b-478c-a315-dfeed3692142
WARN  [08:45:30.819] [mlr3] train: Stopped because hard maximum generation limit was hit.
INFO  [08:45:34.042] [bbotk] Evaluating 1 configuration(s)
INFO  [08:45:36.156] [bbotk] Result of batch 62:
INFO  [08:45:36.169] [bbotk]        alpha         s       acq_ei  x_domain .already_evaluated classif.bbrier
INFO  [08:45:36.169] [bbotk]  0.008299701 -5.513734 1.398695e-05 <list[2]>              FALSE       0.105658
INFO  [08:45:36.169] [bbotk]  warnings errors runtime_learners                                uhash
INFO  [08:45:36.169] [bbotk]         0      0             1.04 e5b33132-421d-4e37-8bdb-ffc5a13c1a2e
INFO  [08:45:41.756] [bbotk] Evaluating 1 configuration(s)
INFO  [08:45:44.324] [bbotk] Result of batch 63:
INFO  [08:45:44.333] [bbotk]         alpha         s       acq_ei  x_domain .already_evaluated
INFO  [08:45:44.333] [bbotk]  0.0004457128 -5.527813 1.710333e-05 <list[2]>              FALSE
INFO  [08:45:44.333] [bbotk]  classif.bbrier warnings errors runtime_learners
INFO  [08:45:44.333] [bbotk]        0.105874        0      0            1.679
INFO  [08:45:44.333] [bbotk]                                 uhash
INFO  [08:45:44.333] [bbotk]  5ca14616-d292-4489-b9ed-c9af7d14b42f
WARN  [08:45:44.996] [mlr3] train: Stopped because hard maximum generation limit was hit.
INFO  [08:45:50.052] [bbotk] Evaluating 1 configuration(s)
INFO  [08:45:52.267] [bbotk] Result of batch 64:
INFO  [08:45:52.274] [bbotk]      alpha        s      acq_ei  x_domain .already_evaluated classif.bbrier
INFO  [08:45:52.274] [bbotk]  0.1148568 -9.00964 0.007275542 <list[2]>              FALSE      0.1066391
INFO  [08:45:52.274] [bbotk]  warnings errors runtime_learners                                uhash
INFO  [08:45:52.274] [bbotk]         0      0            1.622 73c7ebca-6e1a-4626-aaa2-9f1489bde8b9
INFO  [08:45:55.133] [bbotk] Evaluating 1 configuration(s)
INFO  [08:45:56.920] [bbotk] Result of batch 65:
INFO  [08:45:56.927] [bbotk]        alpha        s       acq_ei  x_domain .already_evaluated classif.bbrier
INFO  [08:45:56.927] [bbotk]  0.002026092 4.296972 0.0002747591 <list[2]>              FALSE      0.1309237
INFO  [08:45:56.927] [bbotk]  warnings errors runtime_learners                                uhash
INFO  [08:45:56.927] [bbotk]         0      0            1.463 703bbee7-c038-4a90-81fc-653b9d51bd21
WARN  [08:45:57.654] [mlr3] train: Stopped because hard maximum generation limit was hit.
INFO  [08:46:00.049] [bbotk] Evaluating 1 configuration(s)
INFO  [08:46:04.751] [bbotk] Result of batch 66:
INFO  [08:46:04.758] [bbotk]     alpha        s       acq_ei  x_domain .already_evaluated classif.bbrier
INFO  [08:46:04.758] [bbotk]  0.317304 9.116035 0.0003004665 <list[2]>              FALSE      0.1309266
INFO  [08:46:04.758] [bbotk]  warnings errors runtime_learners                                uhash
INFO  [08:46:04.758] [bbotk]         0      0            4.101 716accaa-fd65-4c38-acc3-6f5d73f2c278
INFO  [08:46:12.687] [bbotk] Evaluating 1 configuration(s)
INFO  [08:46:13.866] [bbotk] Result of batch 67:
INFO  [08:46:13.978] [bbotk]         alpha         s       acq_ei  x_domain .already_evaluated
INFO  [08:46:13.978] [bbotk]  0.0009577717 -8.329753 2.353914e-05 <list[2]>              FALSE
INFO  [08:46:13.978] [bbotk]  classif.bbrier warnings errors runtime_learners
INFO  [08:46:13.978] [bbotk]       0.1058796        0      0             0.58
INFO  [08:46:13.978] [bbotk]                                 uhash
INFO  [08:46:13.978] [bbotk]  03d0e9f0-474e-4edd-87e6-9d9779ee8814
INFO  [08:46:17.198] [bbotk] Evaluating 1 configuration(s)
INFO  [08:46:19.850] [bbotk] Result of batch 68:
INFO  [08:46:19.869] [bbotk]       alpha         s       acq_ei  x_domain .already_evaluated classif.bbrier
INFO  [08:46:19.869] [bbotk]  0.02145019 -5.858892 4.395307e-05 <list[2]>              FALSE      0.1056613
INFO  [08:46:19.869] [bbotk]  warnings errors runtime_learners                                uhash
INFO  [08:46:19.869] [bbotk]         0      0            2.109 f14db78f-11e9-4b7e-a90a-4d0f24a27356
WARN  [08:46:20.810] [mlr3] train: Stopped because hard maximum generation limit was hit.
INFO  [08:46:24.064] [bbotk] Evaluating 1 configuration(s)
INFO  [08:46:25.245] [bbotk] Result of batch 69:
INFO  [08:46:25.295] [bbotk]        alpha         s       acq_ei  x_domain .already_evaluated classif.bbrier
INFO  [08:46:25.295] [bbotk]  0.002695252 -5.893917 1.521519e-05 <list[2]>              FALSE      0.1056653
INFO  [08:46:25.295] [bbotk]  warnings errors runtime_learners                                uhash
INFO  [08:46:25.295] [bbotk]         0      0            0.717 bd69a19c-d368-4431-9e8d-9744847e078d
INFO  [08:46:29.331] [bbotk] Evaluating 1 configuration(s)
INFO  [08:46:30.116] [bbotk] Result of batch 70:
INFO  [08:46:30.124] [bbotk]       alpha         s       acq_ei  x_domain .already_evaluated classif.bbrier
INFO  [08:46:30.124] [bbotk]  0.01154057 -5.793204 1.400602e-05 <list[2]>              FALSE      0.1056501
INFO  [08:46:30.124] [bbotk]  warnings errors runtime_learners                                uhash
INFO  [08:46:30.124] [bbotk]         0      0            0.505 509aaf16-60fb-4236-bf7d-3bd1edcac2c7
WARN  [08:46:30.681] [mlr3] train: Stopped because hard maximum generation limit was hit.
INFO  [08:46:32.811] [bbotk] Evaluating 1 configuration(s)
INFO  [08:46:33.426] [bbotk] Result of batch 71:
INFO  [08:46:33.433] [bbotk]        alpha         s       acq_ei  x_domain .already_evaluated classif.bbrier
INFO  [08:46:33.433] [bbotk]  0.001319112 -5.950772 1.487469e-05 <list[2]>              FALSE      0.1058136
INFO  [08:46:33.433] [bbotk]  warnings errors runtime_learners                                uhash
INFO  [08:46:33.433] [bbotk]         0      0             0.36 cbdadd61-b129-4c90-ade0-93c368279076
WARN  [08:46:33.857] [mlr3] train: Stopped because hard maximum generation limit was hit.
INFO  [08:46:36.104] [bbotk] Evaluating 1 configuration(s)
INFO  [08:46:37.088] [bbotk] Result of batch 72:
INFO  [08:46:37.107] [bbotk]      alpha         s       acq_ei  x_domain .already_evaluated classif.bbrier
INFO  [08:46:37.107] [bbotk]  0.0898962 -5.397896 2.014373e-05 <list[2]>              FALSE      0.1058164
INFO  [08:46:37.107] [bbotk]  warnings errors runtime_learners                                uhash
INFO  [08:46:37.107] [bbotk]         0      0            0.766 a0d6f094-af8c-4290-9e1a-d7acb4912c74
WARN  [08:46:37.728] [mlr3] train: Stopped because hard maximum generation limit was hit.
INFO  [08:46:40.656] [bbotk] Evaluating 1 configuration(s)
INFO  [08:46:41.690] [bbotk] Result of batch 73:
INFO  [08:46:41.698] [bbotk]         alpha         s       acq_ei  x_domain .already_evaluated
INFO  [08:46:41.698] [bbotk]  0.0009614106 -9.199821 1.936742e-05 <list[2]>              FALSE
INFO  [08:46:41.698] [bbotk]  classif.bbrier warnings errors runtime_learners
INFO  [08:46:41.698] [bbotk]       0.1058762        0      0            0.347
INFO  [08:46:41.698] [bbotk]                                 uhash
INFO  [08:46:41.698] [bbotk]  0799060a-3295-4799-afc8-48045f6fe1a5
WARN  [08:46:42.248] [mlr3] train: Stopped because hard maximum generation limit was hit.
INFO  [08:46:44.799] [bbotk] Evaluating 1 configuration(s)
INFO  [08:46:46.193] [bbotk] Result of batch 74:
INFO  [08:46:46.206] [bbotk]      alpha         s       acq_ei  x_domain .already_evaluated classif.bbrier
INFO  [08:46:46.206] [bbotk]  0.4060213 -6.831595 0.0001978513 <list[2]>              FALSE      0.1058635
INFO  [08:46:46.206] [bbotk]  warnings errors runtime_learners                                uhash
INFO  [08:46:46.206] [bbotk]         0      0             1.11 5f80dfb9-63fc-4be6-a00f-c2dab6e9b0db
WARN  [08:46:46.671] [mlr3] train: Stopped because hard maximum generation limit was hit.
INFO  [08:46:51.158] [bbotk] Evaluating 1 configuration(s)
INFO  [08:46:53.011] [bbotk] Result of batch 75:
INFO  [08:46:53.018] [bbotk]        alpha         s       acq_ei  x_domain .already_evaluated classif.bbrier
INFO  [08:46:53.018] [bbotk]  0.003641348 -5.773957 1.580241e-05 <list[2]>              FALSE      0.1056263
INFO  [08:46:53.018] [bbotk]  warnings errors runtime_learners                                uhash
INFO  [08:46:53.018] [bbotk]         0      0            1.452 c0369ce3-0adf-4da6-a2f6-b6e7ab99ef4e
WARN  [08:46:53.682] [mlr3] train: Stopped because hard maximum generation limit was hit.
INFO  [08:46:56.149] [bbotk] Evaluating 1 configuration(s)
INFO  [08:46:57.125] [bbotk] Result of batch 76:
INFO  [08:46:57.142] [bbotk]       alpha         s       acq_ei  x_domain .already_evaluated classif.bbrier
INFO  [08:46:57.142] [bbotk]  0.02606667 -5.689372 3.580505e-05 <list[2]>              FALSE      0.1056669
INFO  [08:46:57.142] [bbotk]  warnings errors runtime_learners                                uhash
INFO  [08:46:57.142] [bbotk]         0      0            0.672 12381def-8e51-4d39-97a7-eb0b34591d22
INFO  [08:46:59.983] [bbotk] Evaluating 1 configuration(s)
INFO  [08:47:00.790] [bbotk] Result of batch 77:
INFO  [08:47:00.817] [bbotk]        alpha         s       acq_ei  x_domain .already_evaluated classif.bbrier
INFO  [08:47:00.817] [bbotk]  0.001594913 -5.974668 1.413017e-05 <list[2]>              FALSE      0.1057724
INFO  [08:47:00.817] [bbotk]  warnings errors runtime_learners                                uhash
INFO  [08:47:00.817] [bbotk]         0      0             0.58 eb66007b-8f32-43bb-b0b6-c26ec7a8cfc5
WARN  [08:47:01.526] [mlr3] train: Stopped because hard maximum generation limit was hit.
INFO  [08:47:04.808] [bbotk] Evaluating 1 configuration(s)
INFO  [08:47:05.406] [bbotk] Result of batch 78:
INFO  [08:47:05.415] [bbotk]        alpha         s       acq_ei  x_domain .already_evaluated classif.bbrier
INFO  [08:47:05.415] [bbotk]  0.001643941 -5.679651 1.514971e-05 <list[2]>              FALSE      0.1057652
INFO  [08:47:05.415] [bbotk]  warnings errors runtime_learners                                uhash
INFO  [08:47:05.415] [bbotk]         0      0            0.279 00dd490f-4d4d-430b-9fa7-4c781718533e
INFO  [08:47:09.455] [bbotk] Evaluating 1 configuration(s)
INFO  [08:47:11.401] [bbotk] Result of batch 79:
INFO  [08:47:11.480] [bbotk]        alpha         s       acq_ei  x_domain .already_evaluated classif.bbrier
INFO  [08:47:11.480] [bbotk]  0.002467055 -5.684534 1.385156e-05 <list[2]>              FALSE      0.1056808
INFO  [08:47:11.480] [bbotk]  warnings errors runtime_learners                                uhash
INFO  [08:47:11.480] [bbotk]         0      0            1.477 71a82e25-7eec-4067-bf8e-e4cd6f13a58a
INFO  [08:47:15.617] [bbotk] Evaluating 1 configuration(s)
INFO  [08:47:16.915] [bbotk] Result of batch 80:
INFO  [08:47:16.922] [bbotk]       alpha         s       acq_ei  x_domain .already_evaluated classif.bbrier
INFO  [08:47:16.922] [bbotk]  0.02817437 -5.694107 1.107003e-05 <list[2]>              FALSE       0.105669
INFO  [08:47:16.922] [bbotk]  warnings errors runtime_learners                                uhash
INFO  [08:47:16.922] [bbotk]         0      0            0.949 f9299d83-990d-4605-97d5-7ae5cf68595f
INFO  [08:47:20.639] [bbotk] Evaluating 1 configuration(s)
INFO  [08:47:21.501] [bbotk] Result of batch 81:
INFO  [08:47:21.508] [bbotk]        alpha         s       acq_ei  x_domain .already_evaluated classif.bbrier
INFO  [08:47:21.508] [bbotk]  0.006485291 -5.718486 1.316986e-05 <list[2]>              FALSE      0.1056446
INFO  [08:47:21.508] [bbotk]  warnings errors runtime_learners                                uhash
INFO  [08:47:21.508] [bbotk]         0      0            0.552 bbfca080-f464-409a-b2c8-f07e11b01139
WARN  [08:47:22.031] [mlr3] train: Stopped because hard maximum generation limit was hit.
INFO  [08:47:24.701] [bbotk] Evaluating 1 configuration(s)
INFO  [08:47:25.246] [bbotk] Result of batch 82:
INFO  [08:47:25.254] [bbotk]         alpha         s      acq_ei  x_domain .already_evaluated classif.bbrier
INFO  [08:47:25.254] [bbotk]  0.0004331414 -5.820092 1.36652e-05 <list[2]>              FALSE      0.1058742
INFO  [08:47:25.254] [bbotk]  warnings errors runtime_learners                                uhash
INFO  [08:47:25.254] [bbotk]         0      0            0.264 072758f5-d0cf-49c6-8b32-0cdd9757a1a4
INFO  [08:47:29.071] [bbotk] Evaluating 1 configuration(s)
INFO  [08:47:30.503] [bbotk] Result of batch 83:
INFO  [08:47:30.523] [bbotk]       alpha         s       acq_ei  x_domain .already_evaluated classif.bbrier
INFO  [08:47:30.523] [bbotk]  0.01394303 -5.673738 1.224116e-05 <list[2]>              FALSE      0.1056543
INFO  [08:47:30.523] [bbotk]  warnings errors runtime_learners                                uhash
INFO  [08:47:30.523] [bbotk]         0      0            1.055 d9facead-2a36-437f-a971-4a5948d292a3
WARN  [08:47:31.503] [mlr3] train: Stopped because hard maximum generation limit was hit.
INFO  [08:47:34.657] [bbotk] Evaluating 1 configuration(s)
INFO  [08:47:35.660] [bbotk] Result of batch 84:
INFO  [08:47:35.676] [bbotk]        alpha         s       acq_ei  x_domain .already_evaluated classif.bbrier
INFO  [08:47:35.676] [bbotk]  0.001835106 -5.631134 1.260709e-05 <list[2]>              FALSE      0.1057429
INFO  [08:47:35.676] [bbotk]  warnings errors runtime_learners                                uhash
INFO  [08:47:35.676] [bbotk]         0      0            0.729 3d442782-f731-450f-bc64-5c872366fdd5
INFO  [08:47:38.424] [bbotk] Evaluating 1 configuration(s)
INFO  [08:47:39.286] [bbotk] Result of batch 85:
INFO  [08:47:39.322] [bbotk]        alpha         s       acq_ei  x_domain .already_evaluated classif.bbrier
INFO  [08:47:39.322] [bbotk]  0.004853861 -5.715256 1.218472e-05 <list[2]>              FALSE      0.1056431
INFO  [08:47:39.322] [bbotk]  warnings errors runtime_learners                                uhash
INFO  [08:47:39.322] [bbotk]         0      0            0.547 241f0623-b06c-45a8-aeac-69f45667f4b6
WARN  [08:47:40.247] [mlr3] train: Stopped because hard maximum generation limit was hit.
INFO  [08:47:44.150] [bbotk] Evaluating 1 configuration(s)
INFO  [08:47:45.294] [bbotk] Result of batch 86:
INFO  [08:47:45.302] [bbotk]       alpha         s       acq_ei  x_domain .already_evaluated classif.bbrier
INFO  [08:47:45.302] [bbotk]  0.01743942 -8.187942 6.222113e-05 <list[2]>              FALSE       0.105867
INFO  [08:47:45.302] [bbotk]  warnings errors runtime_learners                                uhash
INFO  [08:47:45.302] [bbotk]         0      0            0.768 f884ade8-27f9-4aee-85fb-55e3158f80b6
WARN  [08:47:45.760] [mlr3] train: Stopped because hard maximum generation limit was hit.
INFO  [08:47:48.035] [bbotk] Evaluating 1 configuration(s)
INFO  [08:47:48.901] [bbotk] Result of batch 87:
INFO  [08:47:48.909] [bbotk]        alpha         s       acq_ei  x_domain .already_evaluated classif.bbrier
INFO  [08:47:48.909] [bbotk]  0.003300061 -5.669714 1.197787e-05 <list[2]>              FALSE      0.1056358
INFO  [08:47:48.909] [bbotk]  warnings errors runtime_learners                                uhash
INFO  [08:47:48.909] [bbotk]         0      0            0.558 5df3f7f9-3c79-4d92-aed9-0bc35b9f17a1
WARN  [08:47:49.525] [mlr3] train: Stopped because hard maximum generation limit was hit.
INFO  [08:47:51.609] [bbotk] Evaluating 1 configuration(s)
INFO  [08:47:52.995] [bbotk] Result of batch 88:
INFO  [08:47:53.003] [bbotk]     alpha        s       acq_ei  x_domain .already_evaluated classif.bbrier
INFO  [08:47:53.003] [bbotk]  0.014833 -5.74708 1.092578e-05 <list[2]>              FALSE      0.1056538
INFO  [08:47:53.003] [bbotk]  warnings errors runtime_learners                                uhash
INFO  [08:47:53.003] [bbotk]         0      0            0.989 153585cc-87f0-4da5-8452-2f256209d239
INFO  [08:47:56.624] [bbotk] Evaluating 1 configuration(s)
INFO  [08:47:57.412] [bbotk] Result of batch 89:
INFO  [08:47:57.419] [bbotk]        alpha         s       acq_ei  x_domain .already_evaluated classif.bbrier
INFO  [08:47:57.419] [bbotk]  0.002853791 -5.759681 1.220501e-05 <list[2]>              FALSE      0.1056553
INFO  [08:47:57.419] [bbotk]  warnings errors runtime_learners                                uhash
INFO  [08:47:57.419] [bbotk]         0      0            0.511 eeebd0bd-e2e0-4ea7-8010-55b0490a6250
WARN  [08:47:58.487] [mlr3] train: Stopped because hard maximum generation limit was hit.
INFO  [08:48:01.410] [bbotk] Evaluating 1 configuration(s)
INFO  [08:48:02.552] [bbotk] Result of batch 90:
INFO  [08:48:02.559] [bbotk]       alpha         s       acq_ei  x_domain .already_evaluated classif.bbrier
INFO  [08:48:02.559] [bbotk]  0.00955648 -5.753509 1.183403e-05 <list[2]>              FALSE      0.1056484
INFO  [08:48:02.559] [bbotk]  warnings errors runtime_learners                                uhash
INFO  [08:48:02.559] [bbotk]         0      0            0.877 71802497-73da-4003-a030-8a01a35bfdb2
WARN  [08:48:03.237] [mlr3] train: Stopped because hard maximum generation limit was hit.
INFO  [08:48:05.593] [bbotk] Evaluating 1 configuration(s)
INFO  [08:48:06.545] [bbotk] Result of batch 91:
INFO  [08:48:06.601] [bbotk]        alpha         s       acq_ei  x_domain .already_evaluated classif.bbrier
INFO  [08:48:06.601] [bbotk]  0.004784855 -5.745117 1.219902e-05 <list[2]>              FALSE      0.1056358
INFO  [08:48:06.601] [bbotk]  warnings errors runtime_learners                                uhash
INFO  [08:48:06.601] [bbotk]         0      0             0.58 ca6b6be1-0997-4d9e-8a81-403db3886c84
INFO  [08:48:10.344] [bbotk] Evaluating 1 configuration(s)
INFO  [08:48:12.114] [bbotk] Result of batch 92:
INFO  [08:48:12.129] [bbotk]       alpha         s       acq_ei  x_domain .already_evaluated classif.bbrier
INFO  [08:48:12.129] [bbotk]  0.01189644 -5.641261 1.125594e-05 <list[2]>              FALSE      0.1056533
INFO  [08:48:12.129] [bbotk]  warnings errors runtime_learners                                uhash
INFO  [08:48:12.129] [bbotk]         0      0            1.447 9701b32c-167c-4ec1-8e04-a0acb5e79d39
WARN  [08:48:13.779] [mlr3] train: Stopped because hard maximum generation limit was hit.
INFO  [08:48:16.297] [bbotk] Evaluating 1 configuration(s)
INFO  [08:48:17.304] [bbotk] Result of batch 93:
INFO  [08:48:17.321] [bbotk]      alpha        s       acq_ei  x_domain .already_evaluated classif.bbrier
INFO  [08:48:17.321] [bbotk]  0.0369334 -5.49118 2.105579e-05 <list[2]>              FALSE      0.1056982
INFO  [08:48:17.321] [bbotk]  warnings errors runtime_learners                                uhash
INFO  [08:48:17.321] [bbotk]         0      0            0.684 9942cf36-c344-476d-9133-e1cb1b35775b
WARN  [08:48:18.088] [mlr3] train: Stopped because hard maximum generation limit was hit.
INFO  [08:48:18.166] [bbotk] Finished optimizing after 100 evaluation(s)
INFO  [08:48:18.168] [bbotk] Result:
INFO  [08:48:18.173] [bbotk]        alpha         s learner_param_vals  x_domain classif.bbrier
INFO  [08:48:18.173] [bbotk]        <num>     <num>             <list>    <list>          <num>
INFO  [08:48:18.173] [bbotk]  0.004249627 -7.088166          <list[2]> <list[2]>      0.1056188
[1] -102.6313
[1] 26.87967
[1] -16.41921
[1] 32.72202
[1] 0.8549866
[1] 47.14689
[1] -3.035214
[1] 66.36685
[1] -77.72909
[1] 19.58986

### [bt]: Job terminated successfully [batchtools job.id=730]
### [bt]: Calculation finished!
