### [bt]: This is batchtools v0.9.17
### [bt]: Starting calculation of 1 jobs
### [bt]: Setting working directory to '/content/drive/MyDrive/GitHub/Mater_Thesis_Calibration'
ece.R :
Friedmann_tasks.R :
Functions.R :
ici.R :
mse_feature_effects.R :
PipeOpCalibration_TuningExperiment.R :
PipeOpCalibration.R :
PipeOpCalibrationUnion.R :
### [bt]: Memory measurement disabled
### [bt]: Starting job [batchtools job.id=1574]
### [bt]: Generating problem instance for problem 'a6b2cabd9f84c607' ...
### [bt]: Applying algorithm 'run_learner' on problem 'a6b2cabd9f84c607' for job 1574 (seed = 1697) ...
INFO  [17:58:50.681] [mlr3] Applying learner 'ranger TbC isotonic' on task 'phoneme' (iter 4/10)
INFO  [17:58:51.152] [bbotk] Starting to optimize 4 parameter(s) with '<OptimizerMbo>' and '<TerminatorEvals> [n_evals=100, k=0]'
INFO  [17:58:52.762] [bbotk] Evaluating 16 configuration(s)
INFO  [18:03:18.250] [bbotk] Result of batch 1:
INFO  [18:03:18.274] [bbotk]   mtry.ratio num.trees replace sample.fraction classif.bbrier warnings errors
INFO  [18:03:18.274] [bbotk]  0.378862023      1446    TRUE       0.8687429     0.08182149        0      0
INFO  [18:03:18.274] [bbotk]  0.878862023       446   FALSE       0.4187429     0.08913911        0      0
INFO  [18:03:18.274] [bbotk]  0.128862023       946   FALSE       0.1937429     0.10158175        0      0
INFO  [18:03:18.274] [bbotk]  0.628862023      1946    TRUE       0.6437429     0.08464480        0      0
INFO  [18:03:18.274] [bbotk]  0.253862023       196    TRUE       0.9812429     0.08086014        0      0
INFO  [18:03:18.274] [bbotk]  0.753862023      1196   FALSE       0.5312429     0.08504989        0      0
INFO  [18:03:18.274] [bbotk]  0.003862031      1696   FALSE       0.3062429     0.09522150        0      0
INFO  [18:03:18.274] [bbotk]  0.503862023       696    TRUE       0.7562429     0.08280185        0      0
INFO  [18:03:18.274] [bbotk]  0.691362023        71   FALSE       0.8124929     0.08282482        0      0
INFO  [18:03:18.274] [bbotk]  0.191362023      1071    TRUE       0.3624929     0.09456143        0      0
INFO  [18:03:18.274] [bbotk]  0.941362023      1571    TRUE       0.1374929     0.10324849        0      0
INFO  [18:03:18.274] [bbotk]  0.441362023       571   FALSE       0.5874929     0.08328158        0      0
INFO  [18:03:18.274] [bbotk]  0.066362031       321    TRUE       0.4749929     0.09155382        0      0
INFO  [18:03:18.274] [bbotk]  0.566362023      1321   FALSE       0.9249929     0.07931569        0      0
INFO  [18:03:18.274] [bbotk]  0.316362023      1821   FALSE       0.6999929     0.08152511        0      0
INFO  [18:03:18.274] [bbotk]  0.816362023       821    TRUE       0.2499929     0.09559929        0      0
INFO  [18:03:18.274] [bbotk]  runtime_learners                                uhash
INFO  [18:03:18.274] [bbotk]            24.097 32d02926-1f14-46f9-b0d4-aa10c668a37f
INFO  [18:03:18.274] [bbotk]             8.627 252fba96-e65a-4fc6-a3d8-f2acd836ce61
INFO  [18:03:18.274] [bbotk]             7.241 cf8d0ff7-f380-4f77-b4be-783a81297c24
INFO  [18:03:18.274] [bbotk]            42.591 34c1a5b1-5eff-439b-91f5-4f2e20785ee7
INFO  [18:03:18.274] [bbotk]             3.936 77c0d28a-62c9-438c-83e7-631b145fde38
INFO  [18:03:18.274] [bbotk]            24.573 609b5a33-4461-44b4-a4ce-3d4555fe7c4b
INFO  [18:03:18.274] [bbotk]            15.622 421f5794-c0ba-4bb4-897b-5159ddc96263
INFO  [18:03:18.274] [bbotk]            14.527 da2abe67-7b71-40ab-9a00-6b984cef42e0
INFO  [18:03:18.274] [bbotk]             2.356 a7297a2a-422f-4edf-9238-1c4918f78f5b
INFO  [18:03:18.274] [bbotk]            10.785 04ae42ef-0964-46cb-b23d-9e3566408fd7
INFO  [18:03:18.274] [bbotk]            15.096 3b944f2b-4e02-40cc-94df-b74d011f3eeb
INFO  [18:03:18.274] [bbotk]            11.096 f85078fc-2ba6-4350-8094-2767ab22b23a
INFO  [18:03:18.274] [bbotk]             3.598 a67380c8-0f9f-49cc-a90b-72c3d2270450
INFO  [18:03:18.274] [bbotk]            34.927 fe4c5054-3cae-42bb-9fc2-597e28c93f85
INFO  [18:03:18.274] [bbotk]            32.346 69524a64-59f7-4383-bffa-fd4437d9966f
INFO  [18:03:18.274] [bbotk]            11.111 4a894735-014a-4e42-beb3-4919e00a8951
INFO  [18:03:22.077] [bbotk] Evaluating 1 configuration(s)
INFO  [18:03:55.600] [bbotk] Result of batch 2:
INFO  [18:03:55.616] [bbotk]  mtry.ratio num.trees replace sample.fraction       acq_ei  x_domain
INFO  [18:03:55.616] [bbotk]   0.5656115      1333   FALSE       0.9064559 0.0001071255 <list[4]>
INFO  [18:03:55.616] [bbotk]  .already_evaluated classif.bbrier warnings errors runtime_learners
INFO  [18:03:55.616] [bbotk]               FALSE     0.07934704        0      0           33.303
INFO  [18:03:55.616] [bbotk]                                 uhash
INFO  [18:03:55.616] [bbotk]  4e356373-c73f-4505-b650-08fa41bd0736
INFO  [18:03:58.316] [bbotk] Evaluating 1 configuration(s)
INFO  [18:04:44.995] [bbotk] Result of batch 3:
INFO  [18:04:45.015] [bbotk]  mtry.ratio num.trees replace sample.fraction       acq_ei  x_domain
INFO  [18:04:45.015] [bbotk]   0.8048143      1538    TRUE        0.902914 0.0004462502 <list[4]>
INFO  [18:04:45.015] [bbotk]  .already_evaluated classif.bbrier warnings errors runtime_learners
INFO  [18:04:45.015] [bbotk]               FALSE     0.08334684        0      0           46.406
INFO  [18:04:45.015] [bbotk]                                 uhash
INFO  [18:04:45.015] [bbotk]  dda6bc6b-78b9-4712-9b3d-086c9ca9f705
INFO  [18:04:47.720] [bbotk] Evaluating 1 configuration(s)
INFO  [18:05:16.749] [bbotk] Result of batch 4:
INFO  [18:05:16.772] [bbotk]  mtry.ratio num.trees replace sample.fraction       acq_ei  x_domain
INFO  [18:05:16.772] [bbotk]   0.8183342       746   FALSE       0.9943043 0.0003630028 <list[4]>
INFO  [18:05:16.772] [bbotk]  .already_evaluated classif.bbrier warnings errors runtime_learners
INFO  [18:05:16.772] [bbotk]               FALSE      0.1099867        0      0           28.671
INFO  [18:05:16.772] [bbotk]                                 uhash
INFO  [18:05:16.772] [bbotk]  1bb7a91b-1603-4373-91de-04879df59fea
INFO  [18:05:19.780] [bbotk] Evaluating 1 configuration(s)
INFO  [18:05:38.892] [bbotk] Result of batch 5:
INFO  [18:05:38.908] [bbotk]  mtry.ratio num.trees replace sample.fraction       acq_ei  x_domain
INFO  [18:05:38.908] [bbotk]   0.7966507       628    TRUE       0.9950636 0.0007986061 <list[4]>
INFO  [18:05:38.908] [bbotk]  .already_evaluated classif.bbrier warnings errors runtime_learners
INFO  [18:05:38.908] [bbotk]               FALSE     0.08127406        0      0           18.768
INFO  [18:05:38.908] [bbotk]                                 uhash
INFO  [18:05:38.908] [bbotk]  8a150f1d-c184-47ed-b465-2f8a8104633e
INFO  [18:05:42.363] [bbotk] Evaluating 1 configuration(s)
INFO  [18:05:47.963] [bbotk] Result of batch 6:
INFO  [18:05:47.995] [bbotk]  mtry.ratio num.trees replace sample.fraction     acq_ei  x_domain
INFO  [18:05:47.995] [bbotk]    0.801595       133   FALSE       0.9967909 0.00104351 <list[4]>
INFO  [18:05:47.995] [bbotk]  .already_evaluated classif.bbrier warnings errors runtime_learners
INFO  [18:05:47.995] [bbotk]               FALSE       0.113875        0      0            5.299
INFO  [18:05:47.995] [bbotk]                                 uhash
INFO  [18:05:47.995] [bbotk]  6aba0d1f-c184-4c26-a021-9deff3eb0a3c
INFO  [18:05:50.519] [bbotk] Evaluating 1 configuration(s)
INFO  [18:05:56.321] [bbotk] Result of batch 7:
INFO  [18:05:56.338] [bbotk]  mtry.ratio num.trees replace sample.fraction      acq_ei  x_domain
INFO  [18:05:56.338] [bbotk]    0.787055       188    TRUE       0.9866514 0.001360284 <list[4]>
INFO  [18:05:56.338] [bbotk]  .already_evaluated classif.bbrier warnings errors runtime_learners
INFO  [18:05:56.338] [bbotk]               FALSE     0.08134152        0      0            5.519
INFO  [18:05:56.338] [bbotk]                                 uhash
INFO  [18:05:56.338] [bbotk]  5e07133c-28c0-4fd3-8771-f571694d34f4
INFO  [18:05:59.460] [bbotk] Evaluating 1 configuration(s)
INFO  [18:06:03.408] [bbotk] Result of batch 8:
INFO  [18:06:03.423] [bbotk]  mtry.ratio num.trees replace sample.fraction      acq_ei  x_domain
INFO  [18:06:03.423] [bbotk]   0.3740661       163   FALSE       0.9878734 0.001263577 <list[4]>
INFO  [18:06:03.423] [bbotk]  .already_evaluated classif.bbrier warnings errors runtime_learners
INFO  [18:06:03.423] [bbotk]               FALSE     0.07924214        0      0            3.627
INFO  [18:06:03.423] [bbotk]                                 uhash
INFO  [18:06:03.423] [bbotk]  c99b3ea9-f47f-46c5-bfd7-733bfdcd94e6
INFO  [18:06:06.212] [bbotk] Evaluating 1 configuration(s)
INFO  [18:06:32.916] [bbotk] Result of batch 9:
INFO  [18:06:32.935] [bbotk]  mtry.ratio num.trees replace sample.fraction      acq_ei  x_domain
INFO  [18:06:32.935] [bbotk]   0.5211371       961   FALSE       0.9956818 0.001568606 <list[4]>
INFO  [18:06:32.935] [bbotk]  .already_evaluated classif.bbrier warnings errors runtime_learners
INFO  [18:06:32.935] [bbotk]               FALSE     0.07912784        0      0           26.347
INFO  [18:06:32.935] [bbotk]                                 uhash
INFO  [18:06:32.935] [bbotk]  480f293f-fff3-4ff6-b623-41d569983e0a
INFO  [18:06:35.663] [bbotk] Evaluating 1 configuration(s)
INFO  [18:06:56.014] [bbotk] Result of batch 10:
INFO  [18:06:56.032] [bbotk]  mtry.ratio num.trees replace sample.fraction      acq_ei  x_domain
INFO  [18:06:56.032] [bbotk]   0.2472843       925   FALSE       0.9928569 0.001063197 <list[4]>
INFO  [18:06:56.032] [bbotk]  .already_evaluated classif.bbrier warnings errors runtime_learners
INFO  [18:06:56.032] [bbotk]               FALSE     0.07802316        0      0           20.081
INFO  [18:06:56.032] [bbotk]                                 uhash
INFO  [18:06:56.032] [bbotk]  38263708-0a86-4c89-ac84-b52728fce0b2
INFO  [18:06:58.893] [bbotk] Evaluating 1 configuration(s)
INFO  [18:07:16.092] [bbotk] Result of batch 11:
INFO  [18:07:16.116] [bbotk]  mtry.ratio num.trees replace sample.fraction       acq_ei  x_domain
INFO  [18:07:16.116] [bbotk]   0.3530922       889    TRUE        0.995942 0.0008749026 <list[4]>
INFO  [18:07:16.116] [bbotk]  .already_evaluated classif.bbrier warnings errors runtime_learners
INFO  [18:07:16.116] [bbotk]               FALSE     0.08069736        0      0           16.894
INFO  [18:07:16.116] [bbotk]                                 uhash
INFO  [18:07:16.116] [bbotk]  aecee1b4-6e68-4e0e-97b3-b9965f0c4951
INFO  [18:07:19.053] [bbotk] Evaluating 1 configuration(s)
INFO  [18:07:19.822] [bbotk] Result of batch 12:
INFO  [18:07:19.838] [bbotk]  mtry.ratio num.trees replace sample.fraction      acq_ei  x_domain
INFO  [18:07:19.838] [bbotk]   0.7996892         8    TRUE        0.987356 0.001049749 <list[4]>
INFO  [18:07:19.838] [bbotk]  .already_evaluated classif.bbrier warnings errors runtime_learners
INFO  [18:07:19.838] [bbotk]               FALSE     0.09126075        0      0             0.49
INFO  [18:07:19.838] [bbotk]                                 uhash
INFO  [18:07:19.838] [bbotk]  6918a74e-5a71-4084-a2c0-79e1781646cb
INFO  [18:07:22.655] [bbotk] Evaluating 1 configuration(s)
INFO  [18:07:49.483] [bbotk] Result of batch 13:
INFO  [18:07:49.516] [bbotk]  mtry.ratio num.trees replace sample.fraction       acq_ei  x_domain
INFO  [18:07:49.516] [bbotk]   0.2092933      1200   FALSE       0.9951306 0.0005667274 <list[4]>
INFO  [18:07:49.516] [bbotk]  .already_evaluated classif.bbrier warnings errors runtime_learners
INFO  [18:07:49.516] [bbotk]               FALSE     0.07814598        0      0           26.581
INFO  [18:07:49.516] [bbotk]                                 uhash
INFO  [18:07:49.516] [bbotk]  a537a4bd-f386-4550-9968-30cdc6e54cdf
INFO  [18:07:52.652] [bbotk] Evaluating 1 configuration(s)
INFO  [18:08:06.863] [bbotk] Result of batch 14:
INFO  [18:08:06.882] [bbotk]  mtry.ratio num.trees replace sample.fraction      acq_ei  x_domain
INFO  [18:08:06.882] [bbotk]    0.227028       625   FALSE       0.9918423 0.001120784 <list[4]>
INFO  [18:08:06.882] [bbotk]  .already_evaluated classif.bbrier warnings errors runtime_learners
INFO  [18:08:06.882] [bbotk]               FALSE     0.07818972        0      0            13.72
INFO  [18:08:06.882] [bbotk]                                 uhash
INFO  [18:08:06.882] [bbotk]  a43080ef-f9c3-4673-ab28-421907226eab
INFO  [18:08:09.993] [bbotk] Evaluating 1 configuration(s)
INFO  [18:09:02.943] [bbotk] Result of batch 15:
INFO  [18:09:02.959] [bbotk]  mtry.ratio num.trees replace sample.fraction      acq_ei  x_domain
INFO  [18:09:02.959] [bbotk]   0.8098037      1609    TRUE       0.9559617 0.001035958 <list[4]>
INFO  [18:09:02.959] [bbotk]  .already_evaluated classif.bbrier warnings errors runtime_learners
INFO  [18:09:02.959] [bbotk]               FALSE     0.08295544        0      0           52.581
INFO  [18:09:02.959] [bbotk]                                 uhash
INFO  [18:09:02.959] [bbotk]  abc53281-1714-4790-9c6e-568e742a5140
INFO  [18:09:06.379] [bbotk] Evaluating 1 configuration(s)
INFO  [18:09:20.080] [bbotk] Result of batch 16:
INFO  [18:09:20.094] [bbotk]  mtry.ratio num.trees replace sample.fraction       acq_ei  x_domain
INFO  [18:09:20.094] [bbotk]   0.2351455       675    TRUE       0.9999955 0.0007585574 <list[4]>
INFO  [18:09:20.094] [bbotk]  .already_evaluated classif.bbrier warnings errors runtime_learners
INFO  [18:09:20.094] [bbotk]               FALSE      0.0805711        0      0           13.323
INFO  [18:09:20.094] [bbotk]                                 uhash
INFO  [18:09:20.094] [bbotk]  7f6ae4f9-961f-466e-9504-d64a1812f063
INFO  [18:09:22.985] [bbotk] Evaluating 1 configuration(s)
INFO  [18:09:26.083] [bbotk] Result of batch 17:
INFO  [18:09:26.106] [bbotk]  mtry.ratio num.trees replace sample.fraction      acq_ei  x_domain
INFO  [18:09:26.106] [bbotk]   0.3451595       131   FALSE        0.973403 0.001017316 <list[4]>
INFO  [18:09:26.106] [bbotk]  .already_evaluated classif.bbrier warnings errors runtime_learners
INFO  [18:09:26.106] [bbotk]               FALSE       0.078567        0      0            2.759
INFO  [18:09:26.106] [bbotk]                                 uhash
INFO  [18:09:26.106] [bbotk]  11dc8304-0739-46c8-ae79-d4a5465f2391
INFO  [18:09:28.659] [bbotk] Evaluating 1 configuration(s)
INFO  [18:09:53.403] [bbotk] Result of batch 18:
INFO  [18:09:53.438] [bbotk]  mtry.ratio num.trees replace sample.fraction       acq_ei  x_domain
INFO  [18:09:53.438] [bbotk]    0.807998       662   FALSE       0.9715567 0.0008494999 <list[4]>
INFO  [18:09:53.438] [bbotk]  .already_evaluated classif.bbrier warnings errors runtime_learners
INFO  [18:09:53.438] [bbotk]               FALSE      0.0967591        0      0            24.47
INFO  [18:09:53.438] [bbotk]                                 uhash
INFO  [18:09:53.438] [bbotk]  bfc7464d-0282-4b64-b84b-2cd6a003ef0d
INFO  [18:09:56.340] [bbotk] Evaluating 1 configuration(s)
INFO  [18:10:16.354] [bbotk] Result of batch 19:
INFO  [18:10:16.364] [bbotk]  mtry.ratio num.trees replace sample.fraction       acq_ei  x_domain
INFO  [18:10:16.364] [bbotk]   0.3975077       900   FALSE       0.9998373 0.0006652188 <list[4]>
INFO  [18:10:16.364] [bbotk]  .already_evaluated classif.bbrier warnings errors runtime_learners
INFO  [18:10:16.364] [bbotk]               FALSE     0.07812451        0      0           19.743
INFO  [18:10:16.364] [bbotk]                                 uhash
INFO  [18:10:16.364] [bbotk]  d4f6c94b-8914-4e23-92aa-a2cda3c0fda1
INFO  [18:10:19.343] [bbotk] Evaluating 1 configuration(s)
INFO  [18:10:25.758] [bbotk] Result of batch 20:
INFO  [18:10:25.783] [bbotk]  mtry.ratio num.trees replace sample.fraction      acq_ei  x_domain
INFO  [18:10:25.783] [bbotk]   0.4021835       225   FALSE       0.9971209 0.001393383 <list[4]>
INFO  [18:10:25.783] [bbotk]  .already_evaluated classif.bbrier warnings errors runtime_learners
INFO  [18:10:25.783] [bbotk]               FALSE     0.07921725        0      0            6.175
INFO  [18:10:25.783] [bbotk]                                 uhash
INFO  [18:10:25.783] [bbotk]  fea42316-5900-472d-9f07-1986d24aca78
INFO  [18:10:28.614] [bbotk] Evaluating 1 configuration(s)
INFO  [18:10:31.538] [bbotk] Result of batch 21:
INFO  [18:10:31.560] [bbotk]  mtry.ratio num.trees replace sample.fraction       acq_ei  x_domain
INFO  [18:10:31.560] [bbotk]   0.3143556       108   FALSE       0.9919709 0.0007276949 <list[4]>
INFO  [18:10:31.560] [bbotk]  .already_evaluated classif.bbrier warnings errors runtime_learners
INFO  [18:10:31.560] [bbotk]               FALSE     0.07819672        0      0            2.544
INFO  [18:10:31.560] [bbotk]                                 uhash
INFO  [18:10:31.560] [bbotk]  83ef4a13-f207-4bb5-a80e-a6ed8f94bb67
INFO  [18:10:34.762] [bbotk] Evaluating 1 configuration(s)
INFO  [18:10:50.678] [bbotk] Result of batch 22:
INFO  [18:10:50.696] [bbotk]  mtry.ratio num.trees replace sample.fraction       acq_ei  x_domain
INFO  [18:10:50.696] [bbotk]    0.278499       747   FALSE       0.9935401 0.0008580795 <list[4]>
INFO  [18:10:50.696] [bbotk]  .already_evaluated classif.bbrier warnings errors runtime_learners
INFO  [18:10:50.696] [bbotk]               FALSE     0.07822663        0      0           15.612
INFO  [18:10:50.696] [bbotk]                                 uhash
INFO  [18:10:50.696] [bbotk]  932b1760-27d0-40a8-a39c-6e87eae1d05a
INFO  [18:10:53.820] [bbotk] Evaluating 1 configuration(s)
INFO  [18:11:03.609] [bbotk] Result of batch 23:
INFO  [18:11:03.625] [bbotk]  mtry.ratio num.trees replace sample.fraction       acq_ei  x_domain
INFO  [18:11:03.625] [bbotk]   0.7909539       291   FALSE       0.9727902 0.0006529822 <list[4]>
INFO  [18:11:03.625] [bbotk]  .already_evaluated classif.bbrier warnings errors runtime_learners
INFO  [18:11:03.625] [bbotk]               FALSE     0.08311292        0      0            9.562
INFO  [18:11:03.625] [bbotk]                                 uhash
INFO  [18:11:03.625] [bbotk]  604ac10e-5523-4bf2-b909-352adf29b13b
INFO  [18:11:06.524] [bbotk] Evaluating 1 configuration(s)
INFO  [18:11:17.756] [bbotk] Result of batch 24:
INFO  [18:11:17.773] [bbotk]  mtry.ratio num.trees replace sample.fraction       acq_ei  x_domain
INFO  [18:11:17.773] [bbotk]   0.2022699       497   FALSE       0.9890551 0.0009976431 <list[4]>
INFO  [18:11:17.773] [bbotk]  .already_evaluated classif.bbrier warnings errors runtime_learners
INFO  [18:11:17.773] [bbotk]               FALSE     0.07839624        0      0           10.957
INFO  [18:11:17.773] [bbotk]                                 uhash
INFO  [18:11:17.773] [bbotk]  8ce61282-2b8d-4b6f-97d7-6af6f87c4fd0
INFO  [18:11:20.982] [bbotk] Evaluating 1 configuration(s)
INFO  [18:11:39.936] [bbotk] Result of batch 25:
INFO  [18:11:39.978] [bbotk]  mtry.ratio num.trees replace sample.fraction       acq_ei  x_domain
INFO  [18:11:39.978] [bbotk]   0.8033884       568    TRUE       0.9894394 0.0004679781 <list[4]>
INFO  [18:11:39.978] [bbotk]  .already_evaluated classif.bbrier warnings errors runtime_learners
INFO  [18:11:39.978] [bbotk]               FALSE     0.08270974        0      0           18.604
INFO  [18:11:39.978] [bbotk]                                 uhash
INFO  [18:11:39.978] [bbotk]  fce5c083-287a-42fd-aa77-9b59b52d6395
INFO  [18:11:42.864] [bbotk] Evaluating 1 configuration(s)
INFO  [18:11:53.208] [bbotk] Result of batch 26:
INFO  [18:11:53.230] [bbotk]  mtry.ratio num.trees replace sample.fraction       acq_ei  x_domain
INFO  [18:11:53.230] [bbotk]   0.3441355       456   FALSE       0.9963143 0.0008320196 <list[4]>
INFO  [18:11:53.230] [bbotk]  .already_evaluated classif.bbrier warnings errors runtime_learners
INFO  [18:11:53.230] [bbotk]               FALSE     0.07811487        0      0           10.015
INFO  [18:11:53.230] [bbotk]                                 uhash
INFO  [18:11:53.230] [bbotk]  b1d6168a-0e9a-433e-8835-cc26a1a7cdd0
INFO  [18:11:56.135] [bbotk] Evaluating 1 configuration(s)
INFO  [18:11:59.217] [bbotk] Result of batch 27:
INFO  [18:11:59.238] [bbotk]  mtry.ratio num.trees replace sample.fraction       acq_ei  x_domain
INFO  [18:11:59.238] [bbotk]    0.334153       127   FALSE       0.9831849 0.0007829284 <list[4]>
INFO  [18:11:59.238] [bbotk]  .already_evaluated classif.bbrier warnings errors runtime_learners
INFO  [18:11:59.238] [bbotk]               FALSE     0.07850784        0      0            2.799
INFO  [18:11:59.238] [bbotk]                                 uhash
INFO  [18:11:59.238] [bbotk]  94d9dcaa-db7a-47d7-a7e3-fb11658a2f44
INFO  [18:12:02.421] [bbotk] Evaluating 1 configuration(s)
INFO  [18:12:24.142] [bbotk] Result of batch 28:
INFO  [18:12:24.152] [bbotk]  mtry.ratio num.trees replace sample.fraction      acq_ei  x_domain
INFO  [18:12:24.152] [bbotk]   0.2575449      1006   FALSE       0.9972713 0.001236817 <list[4]>
INFO  [18:12:24.152] [bbotk]  .already_evaluated classif.bbrier warnings errors runtime_learners
INFO  [18:12:24.152] [bbotk]               FALSE     0.07832919        0      0           21.458
INFO  [18:12:24.152] [bbotk]                                 uhash
INFO  [18:12:24.152] [bbotk]  517974d7-fb83-4737-98d6-60df2f8195af
INFO  [18:12:27.351] [bbotk] Evaluating 1 configuration(s)
INFO  [18:12:30.977] [bbotk] Result of batch 29:
INFO  [18:12:31.005] [bbotk]  mtry.ratio num.trees replace sample.fraction       acq_ei  x_domain
INFO  [18:12:31.005] [bbotk]   0.8004195        79   FALSE       0.9997659 0.0005619599 <list[4]>
INFO  [18:12:31.005] [bbotk]  .already_evaluated classif.bbrier warnings errors runtime_learners
INFO  [18:12:31.005] [bbotk]               FALSE      0.1254725        0      0            3.353
INFO  [18:12:31.005] [bbotk]                                 uhash
INFO  [18:12:31.005] [bbotk]  da35799b-f7a8-4ab8-a4f3-03ebd0f50420
INFO  [18:12:33.974] [bbotk] Evaluating 1 configuration(s)
INFO  [18:13:00.698] [bbotk] Result of batch 30:
INFO  [18:13:00.712] [bbotk]  mtry.ratio num.trees replace sample.fraction      acq_ei  x_domain
INFO  [18:13:00.712] [bbotk]   0.2248051      1211   FALSE       0.9985604 0.001317443 <list[4]>
INFO  [18:13:00.712] [bbotk]  .already_evaluated classif.bbrier warnings errors runtime_learners
INFO  [18:13:00.712] [bbotk]               FALSE     0.07825273        0      0           26.494
INFO  [18:13:00.712] [bbotk]                                 uhash
INFO  [18:13:00.712] [bbotk]  09329e7d-0b19-4b17-8b63-56923d2f4357
INFO  [18:13:03.530] [bbotk] Evaluating 1 configuration(s)
INFO  [18:13:36.789] [bbotk] Result of batch 31:
INFO  [18:13:36.824] [bbotk]  mtry.ratio num.trees replace sample.fraction      acq_ei  x_domain
INFO  [18:13:36.824] [bbotk]    0.796987      1030   FALSE       0.9935631 0.001285505 <list[4]>
INFO  [18:13:36.824] [bbotk]  .already_evaluated classif.bbrier warnings errors runtime_learners
INFO  [18:13:36.824] [bbotk]               FALSE     0.08401598        0      0           33.005
INFO  [18:13:36.824] [bbotk]                                 uhash
INFO  [18:13:36.824] [bbotk]  b0c89d44-3903-4b1e-bf5c-4e1db47d708e
INFO  [18:13:39.586] [bbotk] Evaluating 1 configuration(s)
INFO  [18:13:43.299] [bbotk] Result of batch 32:
INFO  [18:13:43.317] [bbotk]  mtry.ratio num.trees replace sample.fraction       acq_ei  x_domain
INFO  [18:13:43.317] [bbotk]   0.8008156       105   FALSE       0.7423045 0.0002824524 <list[4]>
INFO  [18:13:43.317] [bbotk]  .already_evaluated classif.bbrier warnings errors runtime_learners
INFO  [18:13:43.317] [bbotk]               FALSE     0.08558797        0      0            3.435
INFO  [18:13:43.317] [bbotk]                                 uhash
INFO  [18:13:43.317] [bbotk]  a0e320ad-e96a-4b00-9175-7c6406577a93
INFO  [18:13:46.114] [bbotk] Evaluating 1 configuration(s)
INFO  [18:13:53.973] [bbotk] Result of batch 33:
INFO  [18:13:54.030] [bbotk]  mtry.ratio num.trees replace sample.fraction      acq_ei  x_domain
INFO  [18:13:54.030] [bbotk]   0.3425926       361   FALSE       0.9982866 0.001037904 <list[4]>
INFO  [18:13:54.030] [bbotk]  .already_evaluated classif.bbrier warnings errors runtime_learners
INFO  [18:13:54.030] [bbotk]               FALSE     0.07839624        0      0            7.541
INFO  [18:13:54.030] [bbotk]                                 uhash
INFO  [18:13:54.030] [bbotk]  437ec1ae-c233-4928-a8fe-6524cddd4bea
INFO  [18:13:56.649] [bbotk] Evaluating 1 configuration(s)
INFO  [18:14:23.945] [bbotk] Result of batch 34:
INFO  [18:14:23.973] [bbotk]  mtry.ratio num.trees replace sample.fraction      acq_ei  x_domain
INFO  [18:14:23.973] [bbotk]   0.4203957       990   FALSE       0.9995937 0.002360748 <list[4]>
INFO  [18:14:23.973] [bbotk]  .already_evaluated classif.bbrier warnings errors runtime_learners
INFO  [18:14:23.973] [bbotk]               FALSE     0.07907643        0      0           26.977
INFO  [18:14:23.973] [bbotk]                                 uhash
INFO  [18:14:23.973] [bbotk]  fbaa785e-256c-4e73-869f-185ed50aa3b8
INFO  [18:14:27.252] [bbotk] Evaluating 1 configuration(s)
INFO  [18:14:32.832] [bbotk] Result of batch 35:
INFO  [18:14:32.842] [bbotk]  mtry.ratio num.trees replace sample.fraction       acq_ei  x_domain
INFO  [18:14:32.842] [bbotk]   0.1817474       320   FALSE       0.9994621 0.0005515471 <list[4]>
INFO  [18:14:32.842] [bbotk]  .already_evaluated classif.bbrier warnings errors runtime_learners
INFO  [18:14:32.842] [bbotk]               FALSE     0.08033749        0      0            5.292
INFO  [18:14:32.842] [bbotk]                                 uhash
INFO  [18:14:32.842] [bbotk]  7636a75e-c858-4b50-82ee-0cd928f9c0d1
INFO  [18:14:35.883] [bbotk] Evaluating 1 configuration(s)
INFO  [18:14:46.388] [bbotk] Result of batch 36:
INFO  [18:14:46.414] [bbotk]  mtry.ratio num.trees replace sample.fraction       acq_ei  x_domain
INFO  [18:14:46.414] [bbotk]   0.7582579       301   FALSE       0.9997491 0.0008002272 <list[4]>
INFO  [18:14:46.414] [bbotk]  .already_evaluated classif.bbrier warnings errors runtime_learners
INFO  [18:14:46.414] [bbotk]               FALSE        0.08488        0      0           10.168
INFO  [18:14:46.414] [bbotk]                                 uhash
INFO  [18:14:46.414] [bbotk]  8e37f1d3-8100-4be6-92cd-e567d0532915
INFO  [18:14:49.269] [bbotk] Evaluating 1 configuration(s)
INFO  [18:14:52.239] [bbotk] Result of batch 37:
INFO  [18:14:52.263] [bbotk]  mtry.ratio num.trees replace sample.fraction       acq_ei  x_domain
INFO  [18:14:52.263] [bbotk]    0.342314       128   FALSE       0.9877292 0.0004800179 <list[4]>
INFO  [18:14:52.263] [bbotk]  .already_evaluated classif.bbrier warnings errors runtime_learners
INFO  [18:14:52.263] [bbotk]               FALSE     0.07814935        0      0            2.758
INFO  [18:14:52.263] [bbotk]                                 uhash
INFO  [18:14:52.263] [bbotk]  904cdfa6-f75c-493e-9cbf-f4511e10e1cc
INFO  [18:14:55.257] [bbotk] Evaluating 1 configuration(s)
INFO  [18:14:57.715] [bbotk] Result of batch 38:
INFO  [18:14:57.731] [bbotk]  mtry.ratio num.trees replace sample.fraction      acq_ei  x_domain
INFO  [18:14:57.731] [bbotk]   0.1781364       123   FALSE       0.9987171 0.001060786 <list[4]>
INFO  [18:14:57.731] [bbotk]  .already_evaluated classif.bbrier warnings errors runtime_learners
INFO  [18:14:57.731] [bbotk]               FALSE     0.08069222        0      0            2.142
INFO  [18:14:57.731] [bbotk]                                 uhash
INFO  [18:14:57.731] [bbotk]  bdc1a7f0-2b2f-4e4e-b1a2-18a33d6101a2
INFO  [18:15:00.868] [bbotk] Evaluating 1 configuration(s)
INFO  [18:15:19.302] [bbotk] Result of batch 39:
INFO  [18:15:19.314] [bbotk]  mtry.ratio num.trees replace sample.fraction       acq_ei  x_domain
INFO  [18:15:19.314] [bbotk]   0.1920953      1071   FALSE       0.9832714 0.0004592901 <list[4]>
INFO  [18:15:19.314] [bbotk]  .already_evaluated classif.bbrier warnings errors runtime_learners
INFO  [18:15:19.314] [bbotk]               FALSE     0.08038558        0      0           18.154
INFO  [18:15:19.314] [bbotk]                                 uhash
INFO  [18:15:19.314] [bbotk]  29eefb90-25a2-434c-a4fc-1bd76d79f86c
INFO  [18:15:22.241] [bbotk] Evaluating 1 configuration(s)
INFO  [18:15:33.680] [bbotk] Result of batch 40:
INFO  [18:15:33.694] [bbotk]  mtry.ratio num.trees replace sample.fraction     acq_ei  x_domain
INFO  [18:15:33.694] [bbotk]   0.3337631       525   FALSE       0.9998044 0.00177741 <list[4]>
INFO  [18:15:33.694] [bbotk]  .already_evaluated classif.bbrier warnings errors runtime_learners
INFO  [18:15:33.694] [bbotk]               FALSE     0.07796453        0      0           11.168
INFO  [18:15:33.694] [bbotk]                                 uhash
INFO  [18:15:33.694] [bbotk]  ecbefa34-3c6e-4e2e-bfc1-a77e20de428a
INFO  [18:15:36.624] [bbotk] Evaluating 1 configuration(s)
INFO  [18:15:38.123] [bbotk] Result of batch 41:
INFO  [18:15:38.148] [bbotk]  mtry.ratio num.trees replace sample.fraction       acq_ei  x_domain
INFO  [18:15:38.148] [bbotk]   0.3109286        42   FALSE       0.9806635 0.0009643336 <list[4]>
INFO  [18:15:38.148] [bbotk]  .already_evaluated classif.bbrier warnings errors runtime_learners
INFO  [18:15:38.148] [bbotk]               FALSE     0.07995124        0      0            1.219
INFO  [18:15:38.148] [bbotk]                                 uhash
INFO  [18:15:38.148] [bbotk]  310090d9-16cb-4b5c-8415-642ca05dfc52
INFO  [18:15:40.948] [bbotk] Evaluating 1 configuration(s)
INFO  [18:15:43.253] [bbotk] Result of batch 42:
INFO  [18:15:43.272] [bbotk]  mtry.ratio num.trees replace sample.fraction     acq_ei  x_domain
INFO  [18:15:43.272] [bbotk]   0.3280352        89   FALSE       0.9561911 0.00116809 <list[4]>
INFO  [18:15:43.272] [bbotk]  .already_evaluated classif.bbrier warnings errors runtime_learners
INFO  [18:15:43.272] [bbotk]               FALSE      0.0785787        0      0             2.04
INFO  [18:15:43.272] [bbotk]                                 uhash
INFO  [18:15:43.272] [bbotk]  1eecab55-d690-4b9a-9610-24442a333c52
INFO  [18:15:46.187] [bbotk] Evaluating 1 configuration(s)
INFO  [18:15:59.405] [bbotk] Result of batch 43:
INFO  [18:15:59.429] [bbotk]  mtry.ratio num.trees replace sample.fraction       acq_ei  x_domain
INFO  [18:15:59.429] [bbotk]   0.8003944       454    TRUE        0.792878 0.0004678935 <list[4]>
INFO  [18:15:59.429] [bbotk]  .already_evaluated classif.bbrier warnings errors runtime_learners
INFO  [18:15:59.429] [bbotk]               FALSE     0.08462226        0      0           12.923
INFO  [18:15:59.429] [bbotk]                                 uhash
INFO  [18:15:59.429] [bbotk]  d221cbb1-32ef-46aa-a239-58e164b81fb4
INFO  [18:16:02.270] [bbotk] Evaluating 1 configuration(s)
INFO  [18:16:04.113] [bbotk] Result of batch 44:
INFO  [18:16:04.128] [bbotk]  mtry.ratio num.trees replace sample.fraction      acq_ei  x_domain
INFO  [18:16:04.128] [bbotk]   0.2623026        63   FALSE        0.999808 0.001186368 <list[4]>
INFO  [18:16:04.128] [bbotk]  .already_evaluated classif.bbrier warnings errors runtime_learners
INFO  [18:16:04.128] [bbotk]               FALSE     0.07890343        0      0            1.585
INFO  [18:16:04.128] [bbotk]                                 uhash
INFO  [18:16:04.128] [bbotk]  48f00e78-2ebd-4b86-a5cc-3c4e8c1f3bca
INFO  [18:16:07.270] [bbotk] Evaluating 1 configuration(s)
INFO  [18:16:29.780] [bbotk] Result of batch 45:
INFO  [18:16:29.796] [bbotk]  mtry.ratio num.trees replace sample.fraction       acq_ei  x_domain
INFO  [18:16:29.796] [bbotk]   0.1661231      1321   FALSE       0.9734724 0.0003530448 <list[4]>
INFO  [18:16:29.796] [bbotk]  .already_evaluated classif.bbrier warnings errors runtime_learners
INFO  [18:16:29.796] [bbotk]               FALSE     0.08029809        0      0           22.231
INFO  [18:16:29.796] [bbotk]                                 uhash
INFO  [18:16:29.796] [bbotk]  898b6ef2-c5cc-4659-817e-35b3f3c56978
INFO  [18:16:32.693] [bbotk] Evaluating 1 configuration(s)
INFO  [18:16:35.061] [bbotk] Result of batch 46:
INFO  [18:16:35.107] [bbotk]  mtry.ratio num.trees replace sample.fraction       acq_ei  x_domain
INFO  [18:16:35.107] [bbotk]   0.3163056        76   FALSE       0.9047834 0.0004168065 <list[4]>
INFO  [18:16:35.107] [bbotk]  .already_evaluated classif.bbrier warnings errors runtime_learners
INFO  [18:16:35.107] [bbotk]               FALSE     0.07967568        0      0            2.132
INFO  [18:16:35.107] [bbotk]                                 uhash
INFO  [18:16:35.107] [bbotk]  eb936056-373f-44f4-98c7-674b76398a9a
INFO  [18:16:37.936] [bbotk] Evaluating 1 configuration(s)
INFO  [18:17:20.326] [bbotk] Result of batch 47:
INFO  [18:17:20.368] [bbotk]  mtry.ratio num.trees replace sample.fraction       acq_ei  x_domain
INFO  [18:17:20.368] [bbotk]    0.799583      1363   FALSE       0.8929647 0.0003632758 <list[4]>
INFO  [18:17:20.368] [bbotk]  .already_evaluated classif.bbrier warnings errors runtime_learners
INFO  [18:17:20.368] [bbotk]               FALSE     0.08184708        0      0           41.994
INFO  [18:17:20.368] [bbotk]                                 uhash
INFO  [18:17:20.368] [bbotk]  6fc4fbb2-82f0-40ff-afd8-097e08bb50f3
INFO  [18:17:23.309] [bbotk] Evaluating 1 configuration(s)
INFO  [18:17:26.979] [bbotk] Result of batch 48:
INFO  [18:17:27.009] [bbotk]  mtry.ratio num.trees replace sample.fraction       acq_ei  x_domain
INFO  [18:17:27.009] [bbotk]   0.2454862       154   FALSE       0.9967045 0.0006430344 <list[4]>
INFO  [18:17:27.009] [bbotk]  .already_evaluated classif.bbrier warnings errors runtime_learners
INFO  [18:17:27.009] [bbotk]               FALSE     0.07872296        0      0            3.421
INFO  [18:17:27.009] [bbotk]                                 uhash
INFO  [18:17:27.009] [bbotk]  1877fcf6-7868-48fe-86fc-f89df9eed8b4
INFO  [18:17:29.910] [bbotk] Evaluating 1 configuration(s)
INFO  [18:17:30.917] [bbotk] Result of batch 49:
INFO  [18:17:30.951] [bbotk]  mtry.ratio num.trees replace sample.fraction       acq_ei  x_domain
INFO  [18:17:30.951] [bbotk]  0.08119743        25   FALSE       0.9963403 0.0004316216 <list[4]>
INFO  [18:17:30.951] [bbotk]  .already_evaluated classif.bbrier warnings errors runtime_learners
INFO  [18:17:30.951] [bbotk]               FALSE     0.08183952        0      0            0.724
INFO  [18:17:30.951] [bbotk]                                 uhash
INFO  [18:17:30.951] [bbotk]  e340bfb6-ff42-4849-81ae-997bbc699d69
INFO  [18:17:34.470] [bbotk] Evaluating 1 configuration(s)
INFO  [18:17:44.558] [bbotk] Result of batch 50:
INFO  [18:17:44.566] [bbotk]  mtry.ratio num.trees replace sample.fraction       acq_ei  x_domain
INFO  [18:17:44.566] [bbotk]   0.2423137       505    TRUE       0.9997119 0.0008139249 <list[4]>
INFO  [18:17:44.566] [bbotk]  .already_evaluated classif.bbrier warnings errors runtime_learners
INFO  [18:17:44.566] [bbotk]               FALSE     0.08062473        0      0            9.833
INFO  [18:17:44.566] [bbotk]                                 uhash
INFO  [18:17:44.566] [bbotk]  b0291377-60cf-43cb-85bd-1bd9706eaf00
INFO  [18:17:47.548] [bbotk] Evaluating 1 configuration(s)
INFO  [18:18:01.315] [bbotk] Result of batch 51:
INFO  [18:18:01.336] [bbotk]  mtry.ratio num.trees replace sample.fraction       acq_ei  x_domain
INFO  [18:18:01.336] [bbotk]   0.2621407       989   FALSE       0.5042662 0.0004880609 <list[4]>
INFO  [18:18:01.336] [bbotk]  .already_evaluated classif.bbrier warnings errors runtime_learners
INFO  [18:18:01.336] [bbotk]               FALSE     0.08537726        0      0           13.508
INFO  [18:18:01.336] [bbotk]                                 uhash
INFO  [18:18:01.336] [bbotk]  610e1b3f-24c0-4ece-8dc4-c4992ba9e797
INFO  [18:18:04.099] [bbotk] Evaluating 1 configuration(s)
INFO  [18:18:18.851] [bbotk] Result of batch 52:
INFO  [18:18:18.863] [bbotk]  mtry.ratio num.trees replace sample.fraction       acq_ei  x_domain
INFO  [18:18:18.863] [bbotk]   0.2038451       669   FALSE         0.98687 0.0005555172 <list[4]>
INFO  [18:18:18.863] [bbotk]  .already_evaluated classif.bbrier warnings errors runtime_learners
INFO  [18:18:18.863] [bbotk]               FALSE     0.07824682        0      0            14.53
INFO  [18:18:18.863] [bbotk]                                 uhash
INFO  [18:18:18.863] [bbotk]  e15f9e6d-aa1f-46f0-9e00-6d5e39747587
INFO  [18:18:21.996] [bbotk] Evaluating 1 configuration(s)
INFO  [18:18:40.852] [bbotk] Result of batch 53:
INFO  [18:18:40.907] [bbotk]  mtry.ratio num.trees replace sample.fraction       acq_ei  x_domain
INFO  [18:18:40.907] [bbotk]   0.1322993      1173   FALSE       0.9904646 0.0005687998 <list[4]>
INFO  [18:18:40.907] [bbotk]  .already_evaluated classif.bbrier warnings errors runtime_learners
INFO  [18:18:40.907] [bbotk]               FALSE     0.08028894        0      0           18.441
INFO  [18:18:40.907] [bbotk]                                 uhash
INFO  [18:18:40.907] [bbotk]  eee7f00f-7f2a-45b9-8cfb-55cf8a16f088
INFO  [18:18:43.662] [bbotk] Evaluating 1 configuration(s)
INFO  [18:18:45.879] [bbotk] Result of batch 54:
INFO  [18:18:45.926] [bbotk]  mtry.ratio num.trees replace sample.fraction       acq_ei  x_domain
INFO  [18:18:45.926] [bbotk]   0.5495628        60   FALSE       0.9966039 0.0003744303 <list[4]>
INFO  [18:18:45.926] [bbotk]  .already_evaluated classif.bbrier warnings errors runtime_learners
INFO  [18:18:45.926] [bbotk]               FALSE     0.07996007        0      0            1.971
INFO  [18:18:45.926] [bbotk]                                 uhash
INFO  [18:18:45.926] [bbotk]  d7594469-5b80-46ce-8d22-01f784b1c115
INFO  [18:18:48.918] [bbotk] Evaluating 1 configuration(s)
INFO  [18:18:51.931] [bbotk] Result of batch 55:
INFO  [18:18:51.947] [bbotk]  mtry.ratio num.trees replace sample.fraction       acq_ei  x_domain
INFO  [18:18:51.947] [bbotk]   0.3767752       140   FALSE       0.8449958 0.0007751603 <list[4]>
INFO  [18:18:51.947] [bbotk]  .already_evaluated classif.bbrier warnings errors runtime_learners
INFO  [18:18:51.947] [bbotk]               FALSE     0.07953151        0      0             2.76
INFO  [18:18:51.947] [bbotk]                                 uhash
INFO  [18:18:51.947] [bbotk]  f18fda91-2c4f-4176-a92d-7237573dd357
INFO  [18:18:54.868] [bbotk] Evaluating 1 configuration(s)
INFO  [18:19:24.517] [bbotk] Result of batch 56:
INFO  [18:19:24.532] [bbotk]  mtry.ratio num.trees replace sample.fraction       acq_ei  x_domain
INFO  [18:19:24.532] [bbotk]   0.8047651       762   FALSE       0.9915151 0.0006834604 <list[4]>
INFO  [18:19:24.532] [bbotk]  .already_evaluated classif.bbrier warnings errors runtime_learners
INFO  [18:19:24.532] [bbotk]               FALSE      0.1064387        0      0           29.393
INFO  [18:19:24.532] [bbotk]                                 uhash
INFO  [18:19:24.532] [bbotk]  77daec86-1967-4a63-9985-c4f9dd1a2e20
INFO  [18:19:27.433] [bbotk] Evaluating 1 configuration(s)
INFO  [18:19:44.641] [bbotk] Result of batch 57:
INFO  [18:19:44.693] [bbotk]  mtry.ratio num.trees replace sample.fraction       acq_ei  x_domain
INFO  [18:19:44.693] [bbotk]   0.3702941       809   FALSE       0.9860984 0.0009678303 <list[4]>
INFO  [18:19:44.693] [bbotk]  .already_evaluated classif.bbrier warnings errors runtime_learners
INFO  [18:19:44.693] [bbotk]               FALSE      0.0781769        0      0           16.901
INFO  [18:19:44.693] [bbotk]                                 uhash
INFO  [18:19:44.693] [bbotk]  72dc4064-2bc5-4acb-99f0-a241fddf057f
INFO  [18:19:47.449] [bbotk] Evaluating 1 configuration(s)
INFO  [18:20:02.564] [bbotk] Result of batch 58:
INFO  [18:20:02.602] [bbotk]  mtry.ratio num.trees replace sample.fraction       acq_ei  x_domain
INFO  [18:20:02.602] [bbotk]   0.8005512       471    TRUE       0.9346679 0.0004692345 <list[4]>
INFO  [18:20:02.602] [bbotk]  .already_evaluated classif.bbrier warnings errors runtime_learners
INFO  [18:20:02.602] [bbotk]               FALSE     0.08331543        0      0           14.759
INFO  [18:20:02.602] [bbotk]                                 uhash
INFO  [18:20:02.602] [bbotk]  09e1e5dc-ecdf-4cb4-8c1e-9986f9290043
INFO  [18:20:05.598] [bbotk] Evaluating 1 configuration(s)
INFO  [18:20:20.134] [bbotk] Result of batch 59:
INFO  [18:20:20.156] [bbotk]  mtry.ratio num.trees replace sample.fraction       acq_ei  x_domain
INFO  [18:20:20.156] [bbotk]   0.3476184       745   FALSE        0.788606 0.0007938928 <list[4]>
INFO  [18:20:20.156] [bbotk]  .already_evaluated classif.bbrier warnings errors runtime_learners
INFO  [18:20:20.156] [bbotk]               FALSE     0.08018345        0      0           14.184
INFO  [18:20:20.156] [bbotk]                                 uhash
INFO  [18:20:20.156] [bbotk]  a647bf94-de79-4c10-8c5d-2ec49c3ac8cb
INFO  [18:20:23.256] [bbotk] Evaluating 1 configuration(s)
INFO  [18:20:26.065] [bbotk] Result of batch 60:
INFO  [18:20:26.079] [bbotk]  mtry.ratio num.trees replace sample.fraction       acq_ei  x_domain
INFO  [18:20:26.079] [bbotk]   0.5395617        79   FALSE       0.9561846 0.0009067099 <list[4]>
INFO  [18:20:26.079] [bbotk]  .already_evaluated classif.bbrier warnings errors runtime_learners
INFO  [18:20:26.079] [bbotk]               FALSE     0.08017692        0      0            2.485
INFO  [18:20:26.079] [bbotk]                                 uhash
INFO  [18:20:26.079] [bbotk]  357d4e59-50e0-4603-bf9a-82b224c32e7a
INFO  [18:20:29.381] [bbotk] Evaluating 1 configuration(s)
INFO  [18:21:00.784] [bbotk] Result of batch 61:
INFO  [18:21:00.825] [bbotk]  mtry.ratio num.trees replace sample.fraction      acq_ei  x_domain
INFO  [18:21:00.825] [bbotk]   0.2817372      1488   FALSE       0.9969221 0.000368314 <list[4]>
INFO  [18:21:00.825] [bbotk]  .already_evaluated classif.bbrier warnings errors runtime_learners
INFO  [18:21:00.825] [bbotk]               FALSE     0.07819284        0      0           31.156
INFO  [18:21:00.825] [bbotk]                                 uhash
INFO  [18:21:00.825] [bbotk]  5d079685-293c-4155-94ed-f13c000871ba
INFO  [18:21:03.810] [bbotk] Evaluating 1 configuration(s)
INFO  [18:21:39.405] [bbotk] Result of batch 62:
INFO  [18:21:39.443] [bbotk]  mtry.ratio num.trees replace sample.fraction       acq_ei  x_domain
INFO  [18:21:39.443] [bbotk]   0.4434326      1273   FALSE       0.9968492 0.0003556365 <list[4]>
INFO  [18:21:39.443] [bbotk]  .already_evaluated classif.bbrier warnings errors runtime_learners
INFO  [18:21:39.443] [bbotk]               FALSE     0.07925381        0      0           35.293
INFO  [18:21:39.443] [bbotk]                                 uhash
INFO  [18:21:39.443] [bbotk]  73352e82-73c4-4342-94ea-fa0336b37ca1
INFO  [18:21:42.806] [bbotk] Evaluating 1 configuration(s)
INFO  [18:21:43.663] [bbotk] Result of batch 63:
INFO  [18:21:43.679] [bbotk]  mtry.ratio num.trees replace sample.fraction      acq_ei  x_domain
INFO  [18:21:43.679] [bbotk]   0.3765062        18   FALSE       0.9997727 0.001000068 <list[4]>
INFO  [18:21:43.679] [bbotk]  .already_evaluated classif.bbrier warnings errors runtime_learners
INFO  [18:21:43.679] [bbotk]               FALSE     0.08264368        0      0            0.624
INFO  [18:21:43.679] [bbotk]                                 uhash
INFO  [18:21:43.679] [bbotk]  083ced3c-aef3-4932-8baa-863ba0fe9e32
INFO  [18:21:46.757] [bbotk] Evaluating 1 configuration(s)
INFO  [18:21:52.947] [bbotk] Result of batch 64:
INFO  [18:21:52.990] [bbotk]  mtry.ratio num.trees replace sample.fraction       acq_ei  x_domain
INFO  [18:21:52.990] [bbotk]   0.8014132       167    TRUE       0.9477298 0.0006044887 <list[4]>
INFO  [18:21:52.990] [bbotk]  .already_evaluated classif.bbrier warnings errors runtime_learners
INFO  [18:21:52.990] [bbotk]               FALSE     0.08353587        0      0            5.883
INFO  [18:21:52.990] [bbotk]                                 uhash
INFO  [18:21:52.990] [bbotk]  9a6fedca-5ca1-46e9-a6f0-fbc8b90a2cdb
INFO  [18:21:55.924] [bbotk] Evaluating 1 configuration(s)
INFO  [18:22:24.740] [bbotk] Result of batch 65:
INFO  [18:22:24.767] [bbotk]  mtry.ratio num.trees replace sample.fraction       acq_ei  x_domain
INFO  [18:22:24.767] [bbotk]  0.02514059      1690   FALSE       0.9962184 0.0004376217 <list[4]>
INFO  [18:22:24.767] [bbotk]  .already_evaluated classif.bbrier warnings errors runtime_learners
INFO  [18:22:24.767] [bbotk]               FALSE     0.08021469        0      0           28.451
INFO  [18:22:24.767] [bbotk]                                 uhash
INFO  [18:22:24.767] [bbotk]  9caec408-3abe-44a5-93e8-28b9a14577aa
INFO  [18:22:27.919] [bbotk] Evaluating 1 configuration(s)
INFO  [18:22:44.059] [bbotk] Result of batch 66:
INFO  [18:22:44.070] [bbotk]  mtry.ratio num.trees replace sample.fraction       acq_ei  x_domain
INFO  [18:22:44.070] [bbotk]   0.2846332       747   FALSE       0.9855126 0.0007656083 <list[4]>
INFO  [18:22:44.070] [bbotk]  .already_evaluated classif.bbrier warnings errors runtime_learners
INFO  [18:22:44.070] [bbotk]               FALSE     0.07854365        0      0            15.83
INFO  [18:22:44.070] [bbotk]                                 uhash
INFO  [18:22:44.070] [bbotk]  3b1da2e2-9bc5-4e5c-9fe8-e1819bf87701
INFO  [18:22:46.740] [bbotk] Evaluating 1 configuration(s)
INFO  [18:23:03.300] [bbotk] Result of batch 67:
INFO  [18:23:03.318] [bbotk]  mtry.ratio num.trees replace sample.fraction       acq_ei  x_domain
INFO  [18:23:03.318] [bbotk]   0.3621556       730   FALSE       0.9821919 0.0003480177 <list[4]>
INFO  [18:23:03.318] [bbotk]  .already_evaluated classif.bbrier warnings errors runtime_learners
INFO  [18:23:03.318] [bbotk]               FALSE     0.07828445        0      0           16.269
INFO  [18:23:03.318] [bbotk]                                 uhash
INFO  [18:23:03.318] [bbotk]  30a0b716-7a9c-4db9-9d14-ea89cf4ebbe8
INFO  [18:23:06.192] [bbotk] Evaluating 1 configuration(s)
INFO  [18:23:33.472] [bbotk] Result of batch 68:
INFO  [18:23:33.486] [bbotk]  mtry.ratio num.trees replace sample.fraction      acq_ei  x_domain
INFO  [18:23:33.486] [bbotk]   0.2749538      1238   FALSE       0.9997635 0.001241396 <list[4]>
INFO  [18:23:33.486] [bbotk]  .already_evaluated classif.bbrier warnings errors runtime_learners
INFO  [18:23:33.486] [bbotk]               FALSE     0.07818341        0      0           26.974
INFO  [18:23:33.486] [bbotk]                                 uhash
INFO  [18:23:33.486] [bbotk]  c440c069-66ae-40eb-b2e3-0d26e8082d0c
INFO  [18:23:36.760] [bbotk] Evaluating 1 configuration(s)
INFO  [18:24:08.836] [bbotk] Result of batch 69:
INFO  [18:24:08.855] [bbotk]  mtry.ratio num.trees replace sample.fraction       acq_ei  x_domain
INFO  [18:24:08.855] [bbotk]   0.8098404       961    TRUE       0.9834417 0.0003699501 <list[4]>
INFO  [18:24:08.855] [bbotk]  .already_evaluated classif.bbrier warnings errors runtime_learners
INFO  [18:24:08.855] [bbotk]               FALSE     0.08271418        0      0           31.794
INFO  [18:24:08.855] [bbotk]                                 uhash
INFO  [18:24:08.855] [bbotk]  2d241e23-1620-4e47-ba7a-d26371e101c6
INFO  [18:24:11.732] [bbotk] Evaluating 1 configuration(s)
INFO  [18:24:14.882] [bbotk] Result of batch 70:
INFO  [18:24:14.901] [bbotk]  mtry.ratio num.trees replace sample.fraction       acq_ei  x_domain
INFO  [18:24:14.901] [bbotk]   0.2269954       119   FALSE       0.9911422 0.0003222199 <list[4]>
INFO  [18:24:14.901] [bbotk]  .already_evaluated classif.bbrier warnings errors runtime_learners
INFO  [18:24:14.901] [bbotk]               FALSE     0.07868349        0      0            2.883
INFO  [18:24:14.901] [bbotk]                                 uhash
INFO  [18:24:14.901] [bbotk]  b11901a7-0118-4fe1-b44c-b78784c18a5a
INFO  [18:24:17.726] [bbotk] Evaluating 1 configuration(s)
INFO  [18:24:22.924] [bbotk] Result of batch 71:
INFO  [18:24:22.949] [bbotk]  mtry.ratio num.trees replace sample.fraction       acq_ei  x_domain
INFO  [18:24:22.949] [bbotk]   0.2937332       232   FALSE       0.9999919 0.0003950422 <list[4]>
INFO  [18:24:22.949] [bbotk]  .already_evaluated classif.bbrier warnings errors runtime_learners
INFO  [18:24:22.949] [bbotk]               FALSE      0.0785787        0      0            4.925
INFO  [18:24:22.949] [bbotk]                                 uhash
INFO  [18:24:22.949] [bbotk]  21379531-d8c7-463b-bb4c-f5e19635d22b
INFO  [18:24:26.162] [bbotk] Evaluating 1 configuration(s)
INFO  [18:24:28.261] [bbotk] Result of batch 72:
INFO  [18:24:28.275] [bbotk]  mtry.ratio num.trees replace sample.fraction       acq_ei  x_domain
INFO  [18:24:28.275] [bbotk]   0.4055081        79   FALSE       0.7503475 0.0002143196 <list[4]>
INFO  [18:24:28.275] [bbotk]  .already_evaluated classif.bbrier warnings errors runtime_learners
INFO  [18:24:28.275] [bbotk]               FALSE     0.08145486        0      0             1.83
INFO  [18:24:28.275] [bbotk]                                 uhash
INFO  [18:24:28.275] [bbotk]  79721675-7f37-483a-9ccb-426242574c71
INFO  [18:24:31.309] [bbotk] Evaluating 1 configuration(s)
INFO  [18:24:38.871] [bbotk] Result of batch 73:
INFO  [18:24:38.885] [bbotk]  mtry.ratio num.trees replace sample.fraction      acq_ei  x_domain
INFO  [18:24:38.885] [bbotk]   0.1477905       457   FALSE       0.9997745 0.000581625 <list[4]>
INFO  [18:24:38.885] [bbotk]  .already_evaluated classif.bbrier warnings errors runtime_learners
INFO  [18:24:38.885] [bbotk]               FALSE     0.08023007        0      0            7.273
INFO  [18:24:38.885] [bbotk]                                 uhash
INFO  [18:24:38.885] [bbotk]  5451154e-cc9c-4764-9fce-6df1b64c86da
INFO  [18:24:42.069] [bbotk] Evaluating 1 configuration(s)
INFO  [18:25:39.421] [bbotk] Result of batch 74:
INFO  [18:25:39.465] [bbotk]  mtry.ratio num.trees replace sample.fraction       acq_ei  x_domain
INFO  [18:25:39.465] [bbotk]   0.8271772      1675    TRUE       0.9901408 0.0004462238 <list[4]>
INFO  [18:25:39.465] [bbotk]  .already_evaluated classif.bbrier warnings errors runtime_learners
INFO  [18:25:39.465] [bbotk]               FALSE      0.0827444        0      0           57.125
INFO  [18:25:39.465] [bbotk]                                 uhash
INFO  [18:25:39.465] [bbotk]  80cf208f-ffb1-4fc6-b813-dbe07b4965a4
INFO  [18:25:42.804] [bbotk] Evaluating 1 configuration(s)
INFO  [18:26:06.116] [bbotk] Result of batch 75:
INFO  [18:26:06.134] [bbotk]  mtry.ratio num.trees replace sample.fraction       acq_ei  x_domain
INFO  [18:26:06.134] [bbotk]   0.1596986      1546    TRUE       0.9911255 0.0003809341 <list[4]>
INFO  [18:26:06.134] [bbotk]  .already_evaluated classif.bbrier warnings errors runtime_learners
INFO  [18:26:06.134] [bbotk]               FALSE     0.08325193        0      0            23.04
INFO  [18:26:06.134] [bbotk]                                 uhash
INFO  [18:26:06.134] [bbotk]  96b62d24-bc8e-4389-994a-4f2be98f8442
INFO  [18:26:09.414] [bbotk] Evaluating 1 configuration(s)
INFO  [18:26:41.416] [bbotk] Result of batch 76:
INFO  [18:26:41.429] [bbotk]  mtry.ratio num.trees replace sample.fraction       acq_ei  x_domain
INFO  [18:26:41.429] [bbotk]   0.8964473       966    TRUE       0.9919953 0.0004867149 <list[4]>
INFO  [18:26:41.429] [bbotk]  .already_evaluated classif.bbrier warnings errors runtime_learners
INFO  [18:26:41.429] [bbotk]               FALSE     0.08278947        0      0           31.666
INFO  [18:26:41.429] [bbotk]                                 uhash
INFO  [18:26:41.429] [bbotk]  f5f0dd18-5907-41d2-abf9-5ca4d8678d2a
INFO  [18:26:45.162] [bbotk] Evaluating 1 configuration(s)
INFO  [18:26:47.597] [bbotk] Result of batch 77:
INFO  [18:26:47.605] [bbotk]  mtry.ratio num.trees replace sample.fraction       acq_ei  x_domain
INFO  [18:26:47.605] [bbotk]   0.2659427        89   FALSE       0.9976289 0.0004615264 <list[4]>
INFO  [18:26:47.605] [bbotk]  .already_evaluated classif.bbrier warnings errors runtime_learners
INFO  [18:26:47.605] [bbotk]               FALSE     0.07880848        0      0            2.197
INFO  [18:26:47.605] [bbotk]                                 uhash
INFO  [18:26:47.605] [bbotk]  be00cefa-612a-44b2-b474-1197d1ce9c44
INFO  [18:26:50.493] [bbotk] Evaluating 1 configuration(s)
INFO  [18:27:04.596] [bbotk] Result of batch 78:
INFO  [18:27:04.615] [bbotk]  mtry.ratio num.trees replace sample.fraction       acq_ei  x_domain
INFO  [18:27:04.615] [bbotk]  0.05131339       875   FALSE       0.9873086 0.0003769902 <list[4]>
INFO  [18:27:04.615] [bbotk]  .already_evaluated classif.bbrier warnings errors runtime_learners
INFO  [18:27:04.615] [bbotk]               FALSE     0.08040417        0      0             13.8
INFO  [18:27:04.615] [bbotk]                                 uhash
INFO  [18:27:04.615] [bbotk]  c4a37085-b82f-47eb-922e-585e135207f6
INFO  [18:27:07.529] [bbotk] Evaluating 1 configuration(s)
INFO  [18:27:10.771] [bbotk] Result of batch 79:
INFO  [18:27:10.794] [bbotk]  mtry.ratio num.trees replace sample.fraction      acq_ei  x_domain
INFO  [18:27:10.794] [bbotk]   0.3417663       135   FALSE       0.9789081 0.001248054 <list[4]>
INFO  [18:27:10.794] [bbotk]  .already_evaluated classif.bbrier warnings errors runtime_learners
INFO  [18:27:10.794] [bbotk]               FALSE     0.07865001        0      0            3.008
INFO  [18:27:10.794] [bbotk]                                 uhash
INFO  [18:27:10.794] [bbotk]  44db333d-4e51-4c2e-b12e-03adc8fbb905
INFO  [18:27:13.807] [bbotk] Evaluating 1 configuration(s)
INFO  [18:27:33.519] [bbotk] Result of batch 80:
INFO  [18:27:33.533] [bbotk]  mtry.ratio num.trees replace sample.fraction       acq_ei  x_domain
INFO  [18:27:33.533] [bbotk]   0.4934377       743   FALSE       0.9079104 0.0004476904 <list[4]>
INFO  [18:27:33.533] [bbotk]  .already_evaluated classif.bbrier warnings errors runtime_learners
INFO  [18:27:33.533] [bbotk]               FALSE     0.07911294        0      0           19.386
INFO  [18:27:33.533] [bbotk]                                 uhash
INFO  [18:27:33.533] [bbotk]  83444a37-df6e-4dfe-9ded-accf10895711
INFO  [18:27:36.350] [bbotk] Evaluating 1 configuration(s)
INFO  [18:28:18.731] [bbotk] Result of batch 81:
INFO  [18:28:18.748] [bbotk]  mtry.ratio num.trees replace sample.fraction      acq_ei  x_domain
INFO  [18:28:18.748] [bbotk]   0.6496334      1284   FALSE       0.9998993 0.001224917 <list[4]>
INFO  [18:28:18.748] [bbotk]  .already_evaluated classif.bbrier warnings errors runtime_learners
INFO  [18:28:18.748] [bbotk]               FALSE     0.08487727        0      0           42.041
INFO  [18:28:18.748] [bbotk]                                 uhash
INFO  [18:28:18.748] [bbotk]  2cdfa848-a7ae-48ac-add7-cd48bd60eaa2
INFO  [18:28:21.886] [bbotk] Evaluating 1 configuration(s)
INFO  [18:28:29.915] [bbotk] Result of batch 82:
INFO  [18:28:29.938] [bbotk]  mtry.ratio num.trees replace sample.fraction      acq_ei  x_domain
INFO  [18:28:29.938] [bbotk]   0.2041197       352   FALSE       0.9914379 0.000560404 <list[4]>
INFO  [18:28:29.938] [bbotk]  .already_evaluated classif.bbrier warnings errors runtime_learners
INFO  [18:28:29.938] [bbotk]               FALSE     0.07842206        0      0            7.777
INFO  [18:28:29.938] [bbotk]                                 uhash
INFO  [18:28:29.938] [bbotk]  fbe50e8e-ee66-4c87-81ee-e9cf4c3dcf1b
INFO  [18:28:32.944] [bbotk] Evaluating 1 configuration(s)
INFO  [18:28:47.709] [bbotk] Result of batch 83:
INFO  [18:28:47.728] [bbotk]  mtry.ratio num.trees replace sample.fraction       acq_ei  x_domain
INFO  [18:28:47.728] [bbotk]   0.7991734       478   FALSE        0.936576 0.0003385316 <list[4]>
INFO  [18:28:47.728] [bbotk]  .already_evaluated classif.bbrier warnings errors runtime_learners
INFO  [18:28:47.728] [bbotk]               FALSE      0.0821036        0      0           14.457
INFO  [18:28:47.728] [bbotk]                                 uhash
INFO  [18:28:47.728] [bbotk]  68877963-ba95-481e-800c-f7809503c80e
INFO  [18:28:50.634] [bbotk] Evaluating 1 configuration(s)
INFO  [18:28:54.009] [bbotk] Result of batch 84:
INFO  [18:28:54.023] [bbotk]  mtry.ratio num.trees replace sample.fraction       acq_ei  x_domain
INFO  [18:28:54.023] [bbotk]   0.8963117       111    TRUE       0.7219996 0.0007577766 <list[4]>
INFO  [18:28:54.023] [bbotk]  .already_evaluated classif.bbrier warnings errors runtime_learners
INFO  [18:28:54.023] [bbotk]               FALSE     0.08593754        0      0            3.134
INFO  [18:28:54.023] [bbotk]                                 uhash
INFO  [18:28:54.023] [bbotk]  8699e9cb-aa48-434b-a320-ee081d34a15d
INFO  [18:28:56.663] [bbotk] Evaluating 1 configuration(s)
INFO  [18:29:51.370] [bbotk] Result of batch 85:
INFO  [18:29:51.389] [bbotk]  mtry.ratio num.trees replace sample.fraction       acq_ei  x_domain
INFO  [18:29:51.389] [bbotk]   0.8124575      1667    TRUE       0.9933511 0.0005847695 <list[4]>
INFO  [18:29:51.389] [bbotk]  .already_evaluated classif.bbrier warnings errors runtime_learners
INFO  [18:29:51.389] [bbotk]               FALSE     0.08282573        0      0           54.449
INFO  [18:29:51.389] [bbotk]                                 uhash
INFO  [18:29:51.389] [bbotk]  df7bad26-0359-46ad-965e-b191ae417a00
INFO  [18:29:51.560] [bbotk] Finished optimizing after 100 evaluation(s)
INFO  [18:29:51.604] [bbotk] Result:
INFO  [18:29:51.618] [bbotk]  mtry.ratio num.trees replace sample.fraction learner_param_vals  x_domain
INFO  [18:29:51.618] [bbotk]       <num>     <int>  <lgcl>           <num>             <list>    <list>
INFO  [18:29:51.618] [bbotk]   0.3337631       525   FALSE       0.9998044          <list[5]> <list[4]>
INFO  [18:29:51.618] [bbotk]  classif.bbrier
INFO  [18:29:51.618] [bbotk]           <num>
INFO  [18:29:51.618] [bbotk]      0.07796453

### [bt]: Job terminated successfully [batchtools job.id=1574]
### [bt]: Calculation finished!
