### [bt]: This is batchtools v0.9.17
### [bt]: Starting calculation of 1 jobs
### [bt]: Setting working directory to '/content/drive/MyDrive/GitHub/Mater_Thesis_Calibration'
Loading required package: mlr3verse
Loading required package: mlr3

Attaching package: ‘dplyr’

The following object is masked from ‘package:MASS’:

    select

The following object is masked from ‘package:mlr3misc’:

    cross_join

The following objects are masked from ‘package:stats’:

    filter, lag

The following objects are masked from ‘package:base’:

    intersect, setdiff, setequal, union


Attaching package: ‘batchtools’

The following object is masked from ‘package:mlr3misc’:

    chunk

Loading required package: randomForest
randomForest 4.7-1.2
Type rfNews() to see new features/changes/bug fixes.

Attaching package: ‘randomForest’

The following object is masked from ‘package:dplyr’:

    combine

The following object is masked from ‘package:ggplot2’:

    margin

Loading required package: ranger

Attaching package: ‘ranger’

The following object is masked from ‘package:randomForest’:

    importance

Loading required package: palmerpenguins
ece.R :
Friedmann_tasks.R :
Functions.R :
ici.R :
mse_feature_effects.R :
PipeOpCalibration_TuningExperiment.R :
PipeOpCalibration.R :
PipeOpCalibrationUnion.R :
### [bt]: Memory measurement disabled
### [bt]: Starting job [batchtools job.id=3243]
### [bt]: Generating problem instance for problem '7f16ca74b5d8776b' ...
### [bt]: Applying algorithm 'run_learner' on problem '7f16ca74b5d8776b' for job 3243 (seed = 3366) ...
INFO  [11:24:19.483] [mlr3] Applying learner 'glmnet TbC beta' on task 'churn' (iter 3/10)
INFO  [11:24:39.963] [bbotk] Starting to optimize 2 parameter(s) with '<OptimizerMbo>' and '<TerminatorEvals> [n_evals=100, k=0]'
INFO  [11:24:57.968] [bbotk] Evaluating 8 configuration(s)
INFO  [11:25:07.630] [bbotk] Result of batch 1:
INFO  [11:25:07.672] [bbotk]       alpha          s classif.bbrier warnings errors runtime_learners
INFO  [11:25:07.672] [bbotk]  0.81870902 -7.1547459     0.09518286        0      0            2.132
INFO  [11:25:07.672] [bbotk]  0.31870902  2.0555950     0.12153104        0      0            0.447
INFO  [11:25:07.672] [bbotk]  0.56870902  6.6607652     0.12153104        0      0            0.648
INFO  [11:25:07.672] [bbotk]  0.06870902 -2.5495757     0.09777540        0      0            0.739
INFO  [11:25:07.672] [bbotk]  0.94370902  4.3581801     0.12153104        0      0            0.725
INFO  [11:25:07.672] [bbotk]  0.44370902 -4.8521608     0.09520848        0      0            0.735
INFO  [11:25:07.672] [bbotk]  0.69370902 -0.2469906     0.12153104        0      0            0.801
INFO  [11:25:07.672] [bbotk]  0.19370902  8.9633503     0.12153104        0      0            0.676
INFO  [11:25:07.672] [bbotk]                                 uhash
INFO  [11:25:07.672] [bbotk]  e8182f2b-8593-4032-aafd-a6842112fbab
INFO  [11:25:07.672] [bbotk]  2f3265d6-7c30-47aa-887e-ceac2db3fd1e
INFO  [11:25:07.672] [bbotk]  d02da047-98e5-4673-955c-5886867e63d4
INFO  [11:25:07.672] [bbotk]  cee1cc1b-d419-49bd-b301-63b6a7241f75
INFO  [11:25:07.672] [bbotk]  b876db85-a4aa-41a9-a9d2-bf7cbe7e5034
INFO  [11:25:07.672] [bbotk]  512cab79-88a6-45d5-87a3-bb72c6b3a2cf
INFO  [11:25:07.672] [bbotk]  0e973e33-509c-49c9-8331-3540e4ab4208
INFO  [11:25:07.672] [bbotk]  2a47ef2e-d8ed-4a09-b983-3e9b979f1d55
INFO  [11:25:10.828] [bbotk] Evaluating 1 configuration(s)
INFO  [11:25:11.825] [bbotk] Result of batch 2:
INFO  [11:25:11.853] [bbotk]         alpha         s      acq_ei  x_domain .already_evaluated classif.bbrier
INFO  [11:25:11.853] [bbotk]  8.914759e-05 -7.016726 0.009428894 <list[2]>              FALSE     0.09523853
INFO  [11:25:11.853] [bbotk]  warnings errors runtime_learners                                uhash
INFO  [11:25:11.853] [bbotk]         0      0            0.769 db5d615f-7543-42a5-8fd4-d47e5db34817
INFO  [11:25:13.914] [bbotk] Evaluating 1 configuration(s)
INFO  [11:25:15.440] [bbotk] Result of batch 3:
INFO  [11:25:15.480] [bbotk]       alpha         s      acq_ei  x_domain .already_evaluated classif.bbrier
INFO  [11:25:15.480] [bbotk]  0.00831044 -4.761326 0.002609961 <list[2]>              FALSE     0.09523287
INFO  [11:25:15.480] [bbotk]  warnings errors runtime_learners                                uhash
INFO  [11:25:15.480] [bbotk]         0      0             1.12 b87d4f55-aa66-4eb5-82d2-04e99ac77dd1
INFO  [11:25:18.029] [bbotk] Evaluating 1 configuration(s)
INFO  [11:25:19.705] [bbotk] Result of batch 4:
INFO  [11:25:19.726] [bbotk]      alpha         s      acq_ei  x_domain .already_evaluated classif.bbrier
INFO  [11:25:19.726] [bbotk]  0.3614762 -9.126399 0.001051079 <list[2]>              FALSE     0.09520483
INFO  [11:25:19.726] [bbotk]  warnings errors runtime_learners                                uhash
INFO  [11:25:19.726] [bbotk]         0      0            1.312 d440fba9-bc4f-43b8-ba46-39dbd1b86758
INFO  [11:25:23.459] [bbotk] Evaluating 1 configuration(s)
INFO  [11:25:24.960] [bbotk] Result of batch 5:
INFO  [11:25:24.984] [bbotk]      alpha         s      acq_ei  x_domain .already_evaluated classif.bbrier
INFO  [11:25:24.984] [bbotk]  0.4020041 -7.033508 0.002215315 <list[2]>              FALSE     0.09518849
INFO  [11:25:24.984] [bbotk]  warnings errors runtime_learners                                uhash
INFO  [11:25:24.984] [bbotk]         0      0            1.118 15f21fde-b75c-49cf-ac80-fb8aadf1dc1c
INFO  [11:25:27.578] [bbotk] Evaluating 1 configuration(s)
INFO  [11:25:28.918] [bbotk] Result of batch 6:
INFO  [11:25:28.964] [bbotk]       alpha         s       acq_ei  x_domain .already_evaluated classif.bbrier
INFO  [11:25:28.964] [bbotk]  0.01255726 -8.371491 0.0008556121 <list[2]>              FALSE      0.0952047
INFO  [11:25:28.964] [bbotk]  warnings errors runtime_learners                                uhash
INFO  [11:25:28.964] [bbotk]         0      0            0.921 292f1dec-3e42-4d1d-af81-3841fcd67be6
INFO  [11:25:31.256] [bbotk] Evaluating 1 configuration(s)
INFO  [11:25:32.484] [bbotk] Result of batch 7:
INFO  [11:25:32.513] [bbotk]      alpha         s       acq_ei  x_domain .already_evaluated classif.bbrier
INFO  [11:25:32.513] [bbotk]  0.9953393 -8.833074 0.0007099784 <list[2]>              FALSE     0.09519314
INFO  [11:25:32.513] [bbotk]  warnings errors runtime_learners                                uhash
INFO  [11:25:32.513] [bbotk]         0      0            0.855 cb93fcde-8cb7-4c5c-931e-d36f3b2b1111
INFO  [11:25:35.012] [bbotk] Evaluating 1 configuration(s)
INFO  [11:25:36.882] [bbotk] Result of batch 8:
INFO  [11:25:36.891] [bbotk]        alpha         s       acq_ei  x_domain .already_evaluated classif.bbrier
INFO  [11:25:36.891] [bbotk]  0.005307614 -3.663156 0.0006568015 <list[2]>              FALSE     0.09542898
INFO  [11:25:36.891] [bbotk]  warnings errors runtime_learners                                uhash
INFO  [11:25:36.891] [bbotk]         0      0            1.515 4d43eb5c-094c-41fb-97cc-1a26a5ad58df
INFO  [11:25:39.166] [bbotk] Evaluating 1 configuration(s)
INFO  [11:25:41.024] [bbotk] Result of batch 9:
INFO  [11:25:41.047] [bbotk]     alpha         s       acq_ei  x_domain .already_evaluated classif.bbrier
INFO  [11:25:41.047] [bbotk]  0.993737 -5.806143 0.0004452156 <list[2]>              FALSE     0.09512562
INFO  [11:25:41.047] [bbotk]  warnings errors runtime_learners                                uhash
INFO  [11:25:41.047] [bbotk]         0      0            1.471 d20fefd2-dc09-4968-b516-43e603c514d8
INFO  [11:25:43.171] [bbotk] Evaluating 1 configuration(s)
INFO  [11:25:45.932] [bbotk] Result of batch 10:
INFO  [11:25:45.986] [bbotk]      alpha         s      acq_ei  x_domain .already_evaluated classif.bbrier
INFO  [11:25:45.986] [bbotk]  0.5391309 -5.933986 0.000309691 <list[2]>              FALSE     0.09513808
INFO  [11:25:45.986] [bbotk]  warnings errors runtime_learners                                uhash
INFO  [11:25:45.986] [bbotk]         0      0            2.164 e62b5e40-0c49-4d38-b5a1-1719416382a9
INFO  [11:25:48.867] [bbotk] Evaluating 1 configuration(s)
INFO  [11:25:50.344] [bbotk] Result of batch 11:
INFO  [11:25:50.374] [bbotk]      alpha         s       acq_ei  x_domain .already_evaluated classif.bbrier
INFO  [11:25:50.374] [bbotk]  0.6354271 -8.436873 0.0001831094 <list[2]>              FALSE      0.0951952
INFO  [11:25:50.374] [bbotk]  warnings errors runtime_learners                                uhash
INFO  [11:25:50.374] [bbotk]         0      0            1.021 36decd92-b26d-4c6c-b783-d384ac323bd5
INFO  [11:25:52.548] [bbotk] Evaluating 1 configuration(s)
INFO  [11:25:54.571] [bbotk] Result of batch 12:
INFO  [11:25:54.622] [bbotk]      alpha         s       acq_ei  x_domain .already_evaluated classif.bbrier
INFO  [11:25:54.622] [bbotk]  0.2529701 -5.333783 0.0001165875 <list[2]>              FALSE     0.09515375
INFO  [11:25:54.622] [bbotk]  warnings errors runtime_learners                                uhash
INFO  [11:25:54.622] [bbotk]         0      0            1.584 58ee745b-f3c7-469f-af62-c19cb4fc2342
INFO  [11:25:57.089] [bbotk] Evaluating 1 configuration(s)
INFO  [11:25:58.917] [bbotk] Result of batch 13:
INFO  [11:25:58.949] [bbotk]      alpha         s      acq_ei  x_domain .already_evaluated classif.bbrier
INFO  [11:25:58.949] [bbotk]  0.8415603 -9.205102 0.000102172 <list[2]>              FALSE     0.09519097
INFO  [11:25:58.949] [bbotk]  warnings errors runtime_learners                                uhash
INFO  [11:25:58.949] [bbotk]         0      0            1.333 e958135d-60f7-4950-bb9c-35964ce0b745
INFO  [11:26:01.139] [bbotk] Evaluating 1 configuration(s)
INFO  [11:26:02.564] [bbotk] Result of batch 14:
INFO  [11:26:02.626] [bbotk]      alpha         s       acq_ei  x_domain .already_evaluated classif.bbrier
INFO  [11:26:02.626] [bbotk]  0.9860041 -6.505627 8.938644e-05 <list[2]>              FALSE     0.09513299
INFO  [11:26:02.626] [bbotk]  warnings errors runtime_learners                                uhash
INFO  [11:26:02.626] [bbotk]         0      0            1.013 d771cee3-4d79-450a-b1cc-947f7a951af2
INFO  [11:26:05.057] [bbotk] Evaluating 1 configuration(s)
INFO  [11:26:06.923] [bbotk] Result of batch 15:
INFO  [11:26:06.988] [bbotk]      alpha         s       acq_ei  x_domain .already_evaluated classif.bbrier
INFO  [11:26:06.988] [bbotk]  0.1845503 -7.797214 6.072034e-05 <list[2]>              FALSE     0.09519846
INFO  [11:26:06.988] [bbotk]  warnings errors runtime_learners                                uhash
INFO  [11:26:06.988] [bbotk]         0      0            1.488 a3dfebc9-09f0-4ab5-9135-a4f319105c25
INFO  [11:26:09.453] [bbotk] Evaluating 1 configuration(s)
INFO  [11:26:10.999] [bbotk] Result of batch 16:
INFO  [11:26:11.040] [bbotk]     alpha         s       acq_ei  x_domain .already_evaluated classif.bbrier
INFO  [11:26:11.040] [bbotk]  0.771387 -5.551688 5.322778e-05 <list[2]>              FALSE      0.0951336
INFO  [11:26:11.040] [bbotk]  warnings errors runtime_learners                                uhash
INFO  [11:26:11.040] [bbotk]         0      0            1.236 3965c259-e7b9-48dd-900f-0bf4d12d654f
INFO  [11:26:13.349] [bbotk] Evaluating 1 configuration(s)
INFO  [11:26:14.845] [bbotk] Result of batch 17:
INFO  [11:26:14.861] [bbotk]      alpha         s       acq_ei  x_domain .already_evaluated classif.bbrier
INFO  [11:26:14.861] [bbotk]  0.8664424 -6.112616 3.915082e-05 <list[2]>              FALSE     0.09511718
INFO  [11:26:14.861] [bbotk]  warnings errors runtime_learners                                uhash
INFO  [11:26:14.861] [bbotk]         0      0            1.109 276efa62-511d-40c3-b602-4e196c2eba9b
INFO  [11:26:17.277] [bbotk] Evaluating 1 configuration(s)
INFO  [11:26:18.729] [bbotk] Result of batch 18:
INFO  [11:26:18.764] [bbotk]       alpha         s       acq_ei  x_domain .already_evaluated classif.bbrier
INFO  [11:26:18.764] [bbotk]  0.02210911 -9.192232 3.718623e-05 <list[2]>              FALSE     0.09520765
INFO  [11:26:18.764] [bbotk]  warnings errors runtime_learners                                uhash
INFO  [11:26:18.764] [bbotk]         0      0            1.106 3d349bf5-951d-4f36-8969-f4a96d28a5d0
INFO  [11:26:21.251] [bbotk] Evaluating 1 configuration(s)
INFO  [11:26:23.028] [bbotk] Result of batch 19:
INFO  [11:26:23.058] [bbotk]      alpha         s       acq_ei  x_domain .already_evaluated classif.bbrier
INFO  [11:26:23.058] [bbotk]  0.9911715 -8.007826 1.900402e-05 <list[2]>              FALSE     0.09518534
INFO  [11:26:23.058] [bbotk]  warnings errors runtime_learners                                uhash
INFO  [11:26:23.058] [bbotk]         0      0            1.219 47b41836-f60a-46ce-9e80-0a00e11867fe
INFO  [11:26:25.623] [bbotk] Evaluating 1 configuration(s)
INFO  [11:26:26.820] [bbotk] Result of batch 20:
INFO  [11:26:26.848] [bbotk]      alpha         s       acq_ei  x_domain .already_evaluated classif.bbrier
INFO  [11:26:26.848] [bbotk]  0.4622591 -5.371854 1.818007e-05 <list[2]>              FALSE     0.09512906
INFO  [11:26:26.848] [bbotk]  warnings errors runtime_learners                                uhash
INFO  [11:26:26.848] [bbotk]         0      0            0.781 17d7547d-6ccc-49db-8a37-ef4afd4f2f20
INFO  [11:26:29.035] [bbotk] Evaluating 1 configuration(s)
INFO  [11:26:30.890] [bbotk] Result of batch 21:
INFO  [11:26:30.964] [bbotk]      alpha         s       acq_ei  x_domain .already_evaluated classif.bbrier
INFO  [11:26:30.964] [bbotk]  0.1422126 -4.539953 1.002819e-05 <list[2]>              FALSE     0.09523056
INFO  [11:26:30.964] [bbotk]  warnings errors runtime_learners                                uhash
INFO  [11:26:30.964] [bbotk]         0      0              1.4 80dcfa75-5e31-42c4-83f2-01ae604c7f42
INFO  [11:26:32.872] [bbotk] Evaluating 1 configuration(s)
INFO  [11:26:34.594] [bbotk] Result of batch 22:
INFO  [11:26:34.687] [bbotk]      alpha         s       acq_ei  x_domain .already_evaluated classif.bbrier
INFO  [11:26:34.687] [bbotk]  0.8929019 -5.826833 7.668749e-06 <list[2]>              FALSE     0.09511847
INFO  [11:26:34.687] [bbotk]  warnings errors runtime_learners                                uhash
INFO  [11:26:34.687] [bbotk]         0      0            1.324 b02cfb06-050d-4431-b3a1-de8dc4d7be01
INFO  [11:26:36.970] [bbotk] Evaluating 1 configuration(s)
INFO  [11:26:39.326] [bbotk] Result of batch 23:
INFO  [11:26:39.344] [bbotk]      alpha         s      acq_ei  x_domain .already_evaluated classif.bbrier
INFO  [11:26:39.344] [bbotk]  0.7318235 -5.861036 7.12344e-06 <list[2]>              FALSE      0.0951151
INFO  [11:26:39.344] [bbotk]  warnings errors runtime_learners                                uhash
INFO  [11:26:39.344] [bbotk]         0      0            1.705 a500fdd0-14e5-4c07-b791-698826857c41
INFO  [11:26:41.512] [bbotk] Evaluating 1 configuration(s)
INFO  [11:26:43.986] [bbotk] Result of batch 24:
INFO  [11:26:44.016] [bbotk]      alpha         s       acq_ei  x_domain .already_evaluated classif.bbrier
INFO  [11:26:44.016] [bbotk]  0.9986645 -6.087689 5.287521e-06 <list[2]>              FALSE     0.09511104
INFO  [11:26:44.016] [bbotk]  warnings errors runtime_learners                                uhash
INFO  [11:26:44.016] [bbotk]         0      0            1.943 79ed0d0d-fd12-42cb-9775-cac6610f82e6
INFO  [11:26:46.840] [bbotk] Evaluating 1 configuration(s)
INFO  [11:26:48.479] [bbotk] Result of batch 25:
INFO  [11:26:48.512] [bbotk]      alpha         s       acq_ei  x_domain .already_evaluated classif.bbrier
INFO  [11:26:48.512] [bbotk]  0.1426216 -8.760769 3.576648e-06 <list[2]>              FALSE     0.09521151
INFO  [11:26:48.512] [bbotk]  warnings errors runtime_learners                                uhash
INFO  [11:26:48.512] [bbotk]         0      0            1.182 5bdfaf8c-9ac4-4a29-acab-30f79a419ce6
INFO  [11:26:50.898] [bbotk] Evaluating 1 configuration(s)
INFO  [11:26:52.371] [bbotk] Result of batch 26:
INFO  [11:26:52.413] [bbotk]      alpha         s      acq_ei  x_domain .already_evaluated classif.bbrier
INFO  [11:26:52.413] [bbotk]  0.6340465 -5.650075 2.82523e-06 <list[2]>              FALSE     0.09511891
INFO  [11:26:52.413] [bbotk]  warnings errors runtime_learners                                uhash
INFO  [11:26:52.413] [bbotk]         0      0            1.154 c4c48e7e-bd6c-4c21-b120-7047346e3fe1
INFO  [11:26:55.298] [bbotk] Evaluating 1 configuration(s)
INFO  [11:26:56.757] [bbotk] Result of batch 27:
INFO  [11:26:56.806] [bbotk]      alpha         s       acq_ei  x_domain .already_evaluated classif.bbrier
INFO  [11:26:56.806] [bbotk]  0.3281289 -5.082896 2.369154e-06 <list[2]>              FALSE     0.09514688
INFO  [11:26:56.806] [bbotk]  warnings errors runtime_learners                                uhash
INFO  [11:26:56.806] [bbotk]         0      0            1.036 74a11725-6f12-49af-b2ff-1140682557dc
INFO  [11:26:59.941] [bbotk] Evaluating 1 configuration(s)
INFO  [11:27:01.143] [bbotk] Result of batch 28:
INFO  [11:27:01.243] [bbotk]      alpha         s       acq_ei  x_domain .already_evaluated classif.bbrier
INFO  [11:27:01.243] [bbotk]  0.9951851 -9.210172 2.610018e-06 <list[2]>              FALSE     0.09519314
INFO  [11:27:01.243] [bbotk]  warnings errors runtime_learners                                uhash
INFO  [11:27:01.243] [bbotk]         0      0            0.656 c20e1f0d-ed75-4b11-b747-31953a13c1d9
INFO  [11:27:03.899] [bbotk] Evaluating 1 configuration(s)
INFO  [11:27:05.682] [bbotk] Result of batch 29:
INFO  [11:27:05.788] [bbotk]      alpha         s       acq_ei  x_domain .already_evaluated classif.bbrier
INFO  [11:27:05.788] [bbotk]  0.9594095 -6.051542 2.270709e-06 <list[2]>              FALSE       0.095111
INFO  [11:27:05.788] [bbotk]  warnings errors runtime_learners                                uhash
INFO  [11:27:05.788] [bbotk]         0      0            1.348 530c1209-580d-4250-b8aa-1d04e715cb6c
INFO  [11:27:08.278] [bbotk] Evaluating 1 configuration(s)
INFO  [11:27:10.214] [bbotk] Result of batch 30:
INFO  [11:27:10.250] [bbotk]      alpha         s       acq_ei  x_domain .already_evaluated classif.bbrier
INFO  [11:27:10.250] [bbotk]  0.4020756 -5.621783 1.794878e-06 <list[2]>              FALSE      0.0951435
INFO  [11:27:10.250] [bbotk]  warnings errors runtime_learners                                uhash
INFO  [11:27:10.250] [bbotk]         0      0            1.536 769d6e35-afc1-4cb1-95d6-b8b4f0012ecc
INFO  [11:27:12.912] [bbotk] Evaluating 1 configuration(s)
INFO  [11:27:15.600] [bbotk] Result of batch 31:
INFO  [11:27:15.630] [bbotk]      alpha         s       acq_ei  x_domain .already_evaluated classif.bbrier
INFO  [11:27:15.630] [bbotk]  0.9910989 -6.164023 8.381388e-07 <list[2]>              FALSE     0.09511147
INFO  [11:27:15.630] [bbotk]  warnings errors runtime_learners                                uhash
INFO  [11:27:15.630] [bbotk]         0      0            2.085 f9fb716e-2140-41b6-83fd-2eb91740dcde
INFO  [11:27:18.354] [bbotk] Evaluating 1 configuration(s)
INFO  [11:27:20.555] [bbotk] Result of batch 32:
INFO  [11:27:20.578] [bbotk]      alpha        s       acq_ei  x_domain .already_evaluated classif.bbrier
INFO  [11:27:20.578] [bbotk]  0.9813821 -6.10755 5.704367e-07 <list[2]>              FALSE     0.09511084
INFO  [11:27:20.578] [bbotk]  warnings errors runtime_learners                                uhash
INFO  [11:27:20.578] [bbotk]         0      0            1.577 7038e487-5b2c-4d72-ba14-878808effc90
INFO  [11:27:23.126] [bbotk] Evaluating 1 configuration(s)
INFO  [11:27:24.780] [bbotk] Result of batch 33:
INFO  [11:27:24.813] [bbotk]      alpha         s       acq_ei  x_domain .already_evaluated classif.bbrier
INFO  [11:27:24.813] [bbotk]  0.9852284 -6.031663 3.744796e-07 <list[2]>              FALSE     0.09511196
INFO  [11:27:24.813] [bbotk]  warnings errors runtime_learners                                uhash
INFO  [11:27:24.813] [bbotk]         0      0            1.235 a9dc0aac-67d4-4fe5-a293-6edc9014f9bd
INFO  [11:27:27.359] [bbotk] Evaluating 1 configuration(s)
INFO  [11:27:29.163] [bbotk] Result of batch 34:
INFO  [11:27:29.215] [bbotk]      alpha         s       acq_ei  x_domain .already_evaluated classif.bbrier
INFO  [11:27:29.215] [bbotk]  0.9572255 -6.091035 4.036022e-07 <list[2]>              FALSE     0.09511086
INFO  [11:27:29.215] [bbotk]  warnings errors runtime_learners                                uhash
INFO  [11:27:29.215] [bbotk]         0      0            1.175 db7678c6-3c15-438a-aa1f-cfd5c5f63c09
INFO  [11:27:32.295] [bbotk] Evaluating 1 configuration(s)
INFO  [11:27:34.162] [bbotk] Result of batch 35:
INFO  [11:27:34.202] [bbotk]      alpha         s       acq_ei  x_domain .already_evaluated classif.bbrier
INFO  [11:27:34.202] [bbotk]  0.9639519 -6.107612 3.689679e-07 <list[2]>              FALSE     0.09511082
INFO  [11:27:34.202] [bbotk]  warnings errors runtime_learners                                uhash
INFO  [11:27:34.202] [bbotk]         0      0            1.196 8ee4774d-a15f-44fb-8742-fdbe16117639
INFO  [11:27:37.755] [bbotk] Evaluating 1 configuration(s)
INFO  [11:27:39.222] [bbotk] Result of batch 36:
INFO  [11:27:39.232] [bbotk]     alpha         s      acq_ei  x_domain .already_evaluated classif.bbrier
INFO  [11:27:39.232] [bbotk]  0.975897 -6.090104 3.64251e-07 <list[2]>              FALSE     0.09511086
INFO  [11:27:39.232] [bbotk]  warnings errors runtime_learners                                uhash
INFO  [11:27:39.232] [bbotk]         0      0            0.938 3088edfa-a46f-4ed7-82f1-8c576875af72
INFO  [11:27:41.711] [bbotk] Evaluating 1 configuration(s)
INFO  [11:27:43.087] [bbotk] Result of batch 37:
INFO  [11:27:43.134] [bbotk]      alpha         s       acq_ei  x_domain .already_evaluated classif.bbrier
INFO  [11:27:43.134] [bbotk]  0.5917128 -7.631567 3.254451e-07 <list[2]>              FALSE     0.09518633
INFO  [11:27:43.134] [bbotk]  warnings errors runtime_learners                                uhash
INFO  [11:27:43.134] [bbotk]         0      0            0.955 502430c3-071f-45dd-879b-2f7df1225f70
INFO  [11:27:45.723] [bbotk] Evaluating 1 configuration(s)
INFO  [11:27:47.198] [bbotk] Result of batch 38:
INFO  [11:27:47.226] [bbotk]      alpha         s       acq_ei  x_domain .already_evaluated classif.bbrier
INFO  [11:27:47.226] [bbotk]  0.9590184 -6.100922 3.028795e-07 <list[2]>              FALSE     0.09511084
INFO  [11:27:47.226] [bbotk]  warnings errors runtime_learners                                uhash
INFO  [11:27:47.226] [bbotk]         0      0            1.014 c322b077-37a5-468c-be04-3436160c3e79
INFO  [11:27:50.106] [bbotk] Evaluating 1 configuration(s)
INFO  [11:27:52.802] [bbotk] Result of batch 39:
INFO  [11:27:52.842] [bbotk]      alpha         s       acq_ei  x_domain .already_evaluated classif.bbrier
INFO  [11:27:52.842] [bbotk]  0.9705229 -6.110225 3.261417e-07 <list[2]>              FALSE      0.0951108
INFO  [11:27:52.842] [bbotk]  warnings errors runtime_learners                                uhash
INFO  [11:27:52.842] [bbotk]         0      0            2.173 6eea1dfa-a173-4097-8d00-50bd81a8ae1d
INFO  [11:27:55.560] [bbotk] Evaluating 1 configuration(s)
INFO  [11:27:56.890] [bbotk] Result of batch 40:
INFO  [11:27:56.896] [bbotk]      alpha         s      acq_ei  x_domain .already_evaluated classif.bbrier
INFO  [11:27:56.896] [bbotk]  0.9743629 -6.100847 3.20686e-07 <list[2]>              FALSE     0.09511083
INFO  [11:27:56.896] [bbotk]  warnings errors runtime_learners                                uhash
INFO  [11:27:56.896] [bbotk]         0      0            0.949 86281e59-0d23-41f5-a56a-226ec4c96bde
INFO  [11:27:59.645] [bbotk] Evaluating 1 configuration(s)
INFO  [11:28:00.846] [bbotk] Result of batch 41:
INFO  [11:28:00.877] [bbotk]      alpha         s       acq_ei  x_domain .already_evaluated classif.bbrier
INFO  [11:28:00.877] [bbotk]  0.9608509 -6.126007 2.083644e-07 <list[2]>              FALSE     0.09511107
INFO  [11:28:00.877] [bbotk]  warnings errors runtime_learners                                uhash
INFO  [11:28:00.877] [bbotk]         0      0            0.789 63499d68-e7b6-4592-95b6-1496ad6ac15c
INFO  [11:28:03.323] [bbotk] Evaluating 1 configuration(s)
INFO  [11:28:05.448] [bbotk] Result of batch 42:
INFO  [11:28:05.483] [bbotk]     alpha         s       acq_ei  x_domain .already_evaluated classif.bbrier
INFO  [11:28:05.483] [bbotk]  0.980811 -6.046149 1.150347e-07 <list[2]>              FALSE     0.09511128
INFO  [11:28:05.483] [bbotk]  warnings errors runtime_learners                                uhash
INFO  [11:28:05.483] [bbotk]         0      0            1.727 5ded54af-5915-464d-9bec-5bad545dc875
INFO  [11:28:08.306] [bbotk] Evaluating 1 configuration(s)
INFO  [11:28:09.814] [bbotk] Result of batch 43:
INFO  [11:28:09.831] [bbotk]      alpha         s       acq_ei  x_domain .already_evaluated classif.bbrier
INFO  [11:28:09.831] [bbotk]  0.9875611 -6.103359 2.612218e-07 <list[2]>              FALSE     0.09511091
INFO  [11:28:09.831] [bbotk]  warnings errors runtime_learners                                uhash
INFO  [11:28:09.831] [bbotk]         0      0            0.934 c17b5a58-aeed-455b-b85b-d826fe23d8d5
INFO  [11:28:12.962] [bbotk] Evaluating 1 configuration(s)
INFO  [11:28:14.777] [bbotk] Result of batch 44:
INFO  [11:28:14.808] [bbotk]      alpha         s       acq_ei  x_domain .already_evaluated classif.bbrier
INFO  [11:28:14.808] [bbotk]  0.9624673 -6.078242 2.563494e-07 <list[2]>              FALSE     0.09511089
INFO  [11:28:14.808] [bbotk]  warnings errors runtime_learners                                uhash
INFO  [11:28:14.808] [bbotk]         0      0            1.356 cd703dd0-61b1-41f5-a52d-33d6e3b74d30
INFO  [11:28:18.083] [bbotk] Evaluating 1 configuration(s)
INFO  [11:28:19.631] [bbotk] Result of batch 45:
INFO  [11:28:19.706] [bbotk]      alpha         s       acq_ei  x_domain .already_evaluated classif.bbrier
INFO  [11:28:19.706] [bbotk]  0.9551122 -6.080075 2.187349e-07 <list[2]>              FALSE      0.0951109
INFO  [11:28:19.706] [bbotk]  warnings errors runtime_learners                                uhash
INFO  [11:28:19.706] [bbotk]         0      0            1.176 f42ac67f-c7d4-4699-b82a-38119d3f6731
INFO  [11:28:22.238] [bbotk] Evaluating 1 configuration(s)
INFO  [11:28:23.774] [bbotk] Result of batch 46:
INFO  [11:28:23.801] [bbotk]      alpha         s       acq_ei  x_domain .already_evaluated classif.bbrier
INFO  [11:28:23.801] [bbotk]  0.9794167 -6.128719 2.180323e-07 <list[2]>              FALSE     0.09511081
INFO  [11:28:23.801] [bbotk]  warnings errors runtime_learners                                uhash
INFO  [11:28:23.801] [bbotk]         0      0             0.97 4d744598-c107-4684-a1a3-9c193349f170
INFO  [11:28:27.258] [bbotk] Evaluating 1 configuration(s)
INFO  [11:28:29.260] [bbotk] Result of batch 47:
INFO  [11:28:29.306] [bbotk]      alpha         s       acq_ei  x_domain .already_evaluated classif.bbrier
INFO  [11:28:29.306] [bbotk]  0.9768912 -6.074531 2.193793e-07 <list[2]>              FALSE     0.09511092
INFO  [11:28:29.306] [bbotk]  warnings errors runtime_learners                                uhash
INFO  [11:28:29.306] [bbotk]         0      0            1.405 1b4c3a4c-fa2a-4f1b-bee4-42df87c1c88e
INFO  [11:28:32.637] [bbotk] Evaluating 1 configuration(s)
INFO  [11:28:34.774] [bbotk] Result of batch 48:
INFO  [11:28:34.806] [bbotk]      alpha         s       acq_ei  x_domain .already_evaluated classif.bbrier
INFO  [11:28:34.806] [bbotk]  0.9786294 -6.113233 2.546613e-07 <list[2]>              FALSE     0.09511081
INFO  [11:28:34.806] [bbotk]  warnings errors runtime_learners                                uhash
INFO  [11:28:34.806] [bbotk]         0      0            1.623 de31038c-fd56-433e-bf5f-4e2de1fec8f8
INFO  [11:28:38.062] [bbotk] Evaluating 1 configuration(s)
INFO  [11:28:39.456] [bbotk] Result of batch 49:
INFO  [11:28:39.477] [bbotk]      alpha         s       acq_ei  x_domain .already_evaluated classif.bbrier
INFO  [11:28:39.477] [bbotk]  0.9635389 -6.132384 1.454946e-07 <list[2]>              FALSE     0.09511126
INFO  [11:28:39.477] [bbotk]  warnings errors runtime_learners                                uhash
INFO  [11:28:39.477] [bbotk]         0      0            0.953 9cecc4cd-517c-4ba9-bb89-c014164cf757
INFO  [11:28:42.791] [bbotk] Evaluating 1 configuration(s)
INFO  [11:28:44.527] [bbotk] Result of batch 50:
INFO  [11:28:44.534] [bbotk]      alpha         s       acq_ei  x_domain .already_evaluated classif.bbrier
INFO  [11:28:44.534] [bbotk]  0.9789164 -6.112584 2.406087e-07 <list[2]>              FALSE     0.09511082
INFO  [11:28:44.534] [bbotk]  warnings errors runtime_learners                                uhash
INFO  [11:28:44.534] [bbotk]         0      0            1.292 5f2adc8e-6040-4d9b-9776-c4807c38a215
INFO  [11:28:47.680] [bbotk] Evaluating 1 configuration(s)
INFO  [11:28:49.148] [bbotk] Result of batch 51:
INFO  [11:28:49.181] [bbotk]      alpha         s       acq_ei  x_domain .already_evaluated classif.bbrier
INFO  [11:28:49.181] [bbotk]  0.9999612 -6.110735 1.838205e-07 <list[2]>              FALSE     0.09511091
INFO  [11:28:49.181] [bbotk]  warnings errors runtime_learners                                uhash
INFO  [11:28:49.181] [bbotk]         0      0            1.069 2601e673-57da-4bbc-91ef-a31fcca5c31e
INFO  [11:28:51.839] [bbotk] Evaluating 1 configuration(s)
INFO  [11:28:53.903] [bbotk] Result of batch 52:
INFO  [11:28:53.944] [bbotk]     alpha         s       acq_ei  x_domain .already_evaluated classif.bbrier
INFO  [11:28:53.944] [bbotk]  0.969879 -6.110589 2.230296e-07 <list[2]>              FALSE      0.0951108
INFO  [11:28:53.944] [bbotk]  warnings errors runtime_learners                                uhash
INFO  [11:28:53.944] [bbotk]         0      0             1.53 3f0638ba-5979-4c6b-840e-6527804569a3
WARN  [11:28:54.470] [mlr3] train: Stopped because hard maximum generation limit was hit.
INFO  [11:28:57.670] [bbotk] Evaluating 1 configuration(s)
INFO  [11:28:59.153] [bbotk] Result of batch 53:
INFO  [11:28:59.180] [bbotk]      alpha         s       acq_ei  x_domain .already_evaluated classif.bbrier
INFO  [11:28:59.180] [bbotk]  0.9696452 -6.086951 2.348541e-07 <list[2]>              FALSE     0.09511087
INFO  [11:28:59.180] [bbotk]  warnings errors runtime_learners                                uhash
INFO  [11:28:59.180] [bbotk]         0      0            1.013 3d20e8aa-cea7-4a43-8561-7225eb2c88ed
INFO  [11:29:01.966] [bbotk] Evaluating 1 configuration(s)
INFO  [11:29:03.301] [bbotk] Result of batch 54:
INFO  [11:29:03.331] [bbotk]      alpha         s       acq_ei  x_domain .already_evaluated classif.bbrier
INFO  [11:29:03.331] [bbotk]  0.9651296 -6.106854 2.024798e-07 <list[2]>              FALSE     0.09511082
INFO  [11:29:03.331] [bbotk]  warnings errors runtime_learners                                uhash
INFO  [11:29:03.331] [bbotk]         0      0            1.024 e4392421-7be3-40b0-83ab-2beb2b408806
INFO  [11:29:06.487] [bbotk] Evaluating 1 configuration(s)
INFO  [11:29:08.514] [bbotk] Result of batch 55:
INFO  [11:29:08.555] [bbotk]     alpha         s       acq_ei  x_domain .already_evaluated classif.bbrier
INFO  [11:29:08.555] [bbotk]  0.963027 -6.087821 2.082904e-07 <list[2]>              FALSE     0.09511086
INFO  [11:29:08.555] [bbotk]  warnings errors runtime_learners                                uhash
INFO  [11:29:08.555] [bbotk]         0      0            1.712 1eabf96b-e60d-4f0e-b84d-67aed98a90f4
WARN  [11:29:09.187] [mlr3] train: Stopped because hard maximum generation limit was hit.
INFO  [11:29:10.918] [bbotk] Evaluating 1 configuration(s)
INFO  [11:29:12.490] [bbotk] Result of batch 56:
INFO  [11:29:12.519] [bbotk]      alpha         s       acq_ei  x_domain .already_evaluated classif.bbrier
INFO  [11:29:12.519] [bbotk]  0.9757123 -6.078402 1.966515e-07 <list[2]>              FALSE     0.09511089
INFO  [11:29:12.519] [bbotk]  warnings errors runtime_learners                                uhash
INFO  [11:29:12.519] [bbotk]         0      0            1.125 fb47df8d-9c83-4cf9-beb0-4942fd281cdb
INFO  [11:29:14.844] [bbotk] Evaluating 1 configuration(s)
INFO  [11:29:16.462] [bbotk] Result of batch 57:
INFO  [11:29:16.471] [bbotk]      alpha         s       acq_ei  x_domain .already_evaluated classif.bbrier
INFO  [11:29:16.471] [bbotk]  0.9710546 -6.083466 2.107246e-07 <list[2]>              FALSE     0.09511087
INFO  [11:29:16.471] [bbotk]  warnings errors runtime_learners                                uhash
INFO  [11:29:16.471] [bbotk]         0      0             1.26 026de3d0-daae-4a20-9408-8fef14ca4ff6
INFO  [11:29:19.880] [bbotk] Evaluating 1 configuration(s)
INFO  [11:29:21.657] [bbotk] Result of batch 58:
INFO  [11:29:21.701] [bbotk]      alpha         s       acq_ei  x_domain .already_evaluated classif.bbrier
INFO  [11:29:21.701] [bbotk]  0.9667009 -6.136091 9.852901e-08 <list[2]>              FALSE     0.09511128
INFO  [11:29:21.701] [bbotk]  warnings errors runtime_learners                                uhash
INFO  [11:29:21.701] [bbotk]         0      0            1.478 1637b279-28b7-4fd1-87dd-41376727ae3b
INFO  [11:29:24.389] [bbotk] Evaluating 1 configuration(s)
INFO  [11:29:25.895] [bbotk] Result of batch 59:
INFO  [11:29:25.980] [bbotk]     alpha         s       acq_ei  x_domain .already_evaluated classif.bbrier
INFO  [11:29:25.980] [bbotk]  0.942828 -6.093693 8.053268e-08 <list[2]>              FALSE     0.09511095
INFO  [11:29:25.980] [bbotk]  warnings errors runtime_learners                                uhash
INFO  [11:29:25.980] [bbotk]         0      0            1.048 429af4ec-1ab0-419a-be4a-f7cb5a6a57fb
INFO  [11:29:28.998] [bbotk] Evaluating 1 configuration(s)
INFO  [11:29:30.057] [bbotk] Result of batch 60:
INFO  [11:29:30.075] [bbotk]      alpha         s       acq_ei  x_domain .already_evaluated classif.bbrier
INFO  [11:29:30.075] [bbotk]  0.9851504 -6.131883 1.392375e-07 <list[2]>              FALSE     0.09511084
INFO  [11:29:30.075] [bbotk]  warnings errors runtime_learners                                uhash
INFO  [11:29:30.075] [bbotk]         0      0            0.745 d54b0179-4cd6-432e-8c9f-db674acc843e
INFO  [11:29:33.021] [bbotk] Evaluating 1 configuration(s)
INFO  [11:29:34.401] [bbotk] Result of batch 61:
INFO  [11:29:34.418] [bbotk]      alpha         s       acq_ei  x_domain .already_evaluated classif.bbrier
INFO  [11:29:34.418] [bbotk]  0.9795632 -6.118303 1.854984e-07 <list[2]>              FALSE     0.09511081
INFO  [11:29:34.418] [bbotk]  warnings errors runtime_learners                                uhash
INFO  [11:29:34.418] [bbotk]         0      0            1.039 6ca3eeb7-8788-4ea3-b77b-063084df99eb
INFO  [11:29:37.655] [bbotk] Evaluating 1 configuration(s)
INFO  [11:29:38.954] [bbotk] Result of batch 62:
INFO  [11:29:38.981] [bbotk]      alpha        s       acq_ei  x_domain .already_evaluated classif.bbrier
INFO  [11:29:38.981] [bbotk]  0.9975297 -6.08828 1.244043e-07 <list[2]>              FALSE     0.09511101
INFO  [11:29:38.981] [bbotk]  warnings errors runtime_learners                                uhash
INFO  [11:29:38.981] [bbotk]         0      0            0.872 6a3f1254-2b72-422b-aeb5-3c1105f92d47
WARN  [11:29:39.628] [mlr3] train: Stopped because hard maximum generation limit was hit.
INFO  [11:29:43.034] [bbotk] Evaluating 1 configuration(s)
INFO  [11:29:44.283] [bbotk] Result of batch 63:
INFO  [11:29:44.296] [bbotk]      alpha         s       acq_ei  x_domain .already_evaluated classif.bbrier
INFO  [11:29:44.296] [bbotk]  0.9568741 -6.097849 1.621732e-07 <list[2]>              FALSE     0.09511085
INFO  [11:29:44.296] [bbotk]  warnings errors runtime_learners                                uhash
INFO  [11:29:44.296] [bbotk]         0      0            0.889 3d564d24-9549-4d4a-acb3-de9fc20ebe18
INFO  [11:29:47.401] [bbotk] Evaluating 1 configuration(s)
INFO  [11:29:48.935] [bbotk] Result of batch 64:
INFO  [11:29:48.957] [bbotk]      alpha         s       acq_ei  x_domain .already_evaluated classif.bbrier
INFO  [11:29:48.957] [bbotk]  0.9554541 -6.104134 1.403836e-07 <list[2]>              FALSE     0.09511086
INFO  [11:29:48.957] [bbotk]  warnings errors runtime_learners                                uhash
INFO  [11:29:48.957] [bbotk]         0      0            0.997 6a3a7dcb-1433-4930-8703-01de0c59f7e2
INFO  [11:29:52.923] [bbotk] Evaluating 1 configuration(s)
INFO  [11:29:54.477] [bbotk] Result of batch 65:
INFO  [11:29:54.511] [bbotk]     alpha         s      acq_ei  x_domain .already_evaluated classif.bbrier
INFO  [11:29:54.511] [bbotk]  0.975477 -6.118755 1.71472e-07 <list[2]>              FALSE      0.0951108
INFO  [11:29:54.511] [bbotk]  warnings errors runtime_learners                                uhash
INFO  [11:29:54.511] [bbotk]         0      0            1.088 51ca5947-0443-493e-a845-e2ea4697d92d
INFO  [11:29:57.241] [bbotk] Evaluating 1 configuration(s)
INFO  [11:29:58.780] [bbotk] Result of batch 66:
INFO  [11:29:58.787] [bbotk]      alpha        s       acq_ei  x_domain .already_evaluated classif.bbrier
INFO  [11:29:58.787] [bbotk]  0.9912177 -6.13081 1.347723e-07 <list[2]>              FALSE     0.09511081
INFO  [11:29:58.787] [bbotk]  warnings errors runtime_learners                                uhash
INFO  [11:29:58.787] [bbotk]         0      0            1.063 90a03951-53d3-4bc4-abfc-35d4906e49ce
INFO  [11:30:02.016] [bbotk] Evaluating 1 configuration(s)
INFO  [11:30:03.796] [bbotk] Result of batch 67:
INFO  [11:30:03.813] [bbotk]      alpha         s       acq_ei  x_domain .already_evaluated classif.bbrier
INFO  [11:30:03.813] [bbotk]  0.9639509 -6.084982 1.831904e-07 <list[2]>              FALSE     0.09511087
INFO  [11:30:03.813] [bbotk]  warnings errors runtime_learners                                uhash
INFO  [11:30:03.813] [bbotk]         0      0             1.35 a1ec97b3-ab15-48bd-846d-ebd6318f47d7
INFO  [11:30:06.599] [bbotk] Evaluating 1 configuration(s)
INFO  [11:30:07.647] [bbotk] Result of batch 68:
INFO  [11:30:07.668] [bbotk]     alpha         s       acq_ei  x_domain .already_evaluated classif.bbrier
INFO  [11:30:07.668] [bbotk]  0.979079 -6.096836 1.964846e-07 <list[2]>              FALSE     0.09511087
INFO  [11:30:07.668] [bbotk]  warnings errors runtime_learners                                uhash
INFO  [11:30:07.668] [bbotk]         0      0            0.724 51edc81a-5cc3-4e9f-863f-32efc314ca85
INFO  [11:30:10.424] [bbotk] Evaluating 1 configuration(s)
INFO  [11:30:12.228] [bbotk] Result of batch 69:
INFO  [11:30:12.248] [bbotk]      alpha         s       acq_ei  x_domain .already_evaluated classif.bbrier
INFO  [11:30:12.248] [bbotk]  0.9908982 -6.113009 1.710831e-07 <list[2]>              FALSE     0.09511085
INFO  [11:30:12.248] [bbotk]  warnings errors runtime_learners                                uhash
INFO  [11:30:12.248] [bbotk]         0      0            1.301 fb38a285-1d4c-4dcb-9139-d057815ea00c
INFO  [11:30:15.291] [bbotk] Evaluating 1 configuration(s)
INFO  [11:30:16.690] [bbotk] Result of batch 70:
INFO  [11:30:16.749] [bbotk]      alpha         s       acq_ei  x_domain .already_evaluated classif.bbrier
INFO  [11:30:16.749] [bbotk]  0.9638939 -6.075342 1.556516e-07 <list[2]>              FALSE     0.09511089
INFO  [11:30:16.749] [bbotk]  warnings errors runtime_learners                                uhash
INFO  [11:30:16.749] [bbotk]         0      0            0.964 504e19db-d93d-4bee-a9be-29cabea12b89
WARN  [11:30:17.297] [mlr3] train: Stopped because hard maximum generation limit was hit.
INFO  [11:30:20.415] [bbotk] Evaluating 1 configuration(s)
INFO  [11:30:22.822] [bbotk] Result of batch 71:
INFO  [11:30:22.835] [bbotk]      alpha         s       acq_ei  x_domain .already_evaluated classif.bbrier
INFO  [11:30:22.835] [bbotk]  0.9532544 -6.061762 1.061843e-07 <list[2]>              FALSE     0.09511096
INFO  [11:30:22.835] [bbotk]  warnings errors runtime_learners                                uhash
INFO  [11:30:22.835] [bbotk]         0      0            1.789 ccee6052-145b-4251-9826-d9aa14a88bfc
INFO  [11:30:25.960] [bbotk] Evaluating 1 configuration(s)
INFO  [11:30:27.663] [bbotk] Result of batch 72:
INFO  [11:30:27.707] [bbotk]      alpha         s       acq_ei  x_domain .already_evaluated classif.bbrier
INFO  [11:30:27.707] [bbotk]  0.9641928 -6.120696 1.183058e-07 <list[2]>              FALSE     0.09511084
INFO  [11:30:27.707] [bbotk]  warnings errors runtime_learners                                uhash
INFO  [11:30:27.707] [bbotk]         0      0            1.183 4d89395f-a2c8-468e-b7d4-4ac984b0153f
INFO  [11:30:30.895] [bbotk] Evaluating 1 configuration(s)
INFO  [11:30:33.436] [bbotk] Result of batch 73:
INFO  [11:30:33.445] [bbotk]      alpha         s       acq_ei  x_domain .already_evaluated classif.bbrier
INFO  [11:30:33.445] [bbotk]  0.9763242 -6.106815 1.861054e-07 <list[2]>              FALSE     0.09511082
INFO  [11:30:33.445] [bbotk]  warnings errors runtime_learners                                uhash
INFO  [11:30:33.445] [bbotk]         0      0            2.017 1e6fe79d-ed62-478e-828c-879258457d38
INFO  [11:30:37.335] [bbotk] Evaluating 1 configuration(s)
INFO  [11:30:39.045] [bbotk] Result of batch 74:
INFO  [11:30:39.063] [bbotk]      alpha         s      acq_ei  x_domain .already_evaluated classif.bbrier
INFO  [11:30:39.063] [bbotk]  0.9568517 -6.095548 1.46442e-07 <list[2]>              FALSE     0.09511085
INFO  [11:30:39.063] [bbotk]  warnings errors runtime_learners                                uhash
INFO  [11:30:39.063] [bbotk]         0      0            1.194 bc996dfb-967f-4cd8-b8fc-5dacb94b224c
INFO  [11:30:43.588] [bbotk] Evaluating 1 configuration(s)
INFO  [11:30:46.428] [bbotk] Result of batch 75:
INFO  [11:30:46.495] [bbotk]      alpha         s      acq_ei  x_domain .already_evaluated classif.bbrier
INFO  [11:30:46.495] [bbotk]  0.9724289 -6.080321 1.55605e-07 <list[2]>              FALSE     0.09511088
INFO  [11:30:46.495] [bbotk]  warnings errors runtime_learners                                uhash
INFO  [11:30:46.495] [bbotk]         0      0            2.246 02770429-5eb4-49e4-bf29-3f64614def8e
INFO  [11:30:49.939] [bbotk] Evaluating 1 configuration(s)
INFO  [11:30:52.178] [bbotk] Result of batch 76:
INFO  [11:30:52.184] [bbotk]      alpha         s       acq_ei  x_domain .already_evaluated classif.bbrier
INFO  [11:30:52.184] [bbotk]  0.9942019 -6.083858 9.149501e-08 <list[2]>              FALSE       0.095111
INFO  [11:30:52.184] [bbotk]  warnings errors runtime_learners                                uhash
INFO  [11:30:52.184] [bbotk]         0      0            1.661 a56b2cd7-36c8-411a-9473-fcfb91aa5d80
WARN  [11:30:52.903] [mlr3] train: Stopped because hard maximum generation limit was hit.
INFO  [11:30:55.110] [bbotk] Evaluating 1 configuration(s)
INFO  [11:30:57.370] [bbotk] Result of batch 77:
INFO  [11:30:57.400] [bbotk]      alpha         s       acq_ei  x_domain .already_evaluated classif.bbrier
INFO  [11:30:57.400] [bbotk]  0.9717211 -6.101174 1.831043e-07 <list[2]>              FALSE     0.09511082
INFO  [11:30:57.400] [bbotk]  warnings errors runtime_learners                                uhash
INFO  [11:30:57.400] [bbotk]         0      0            1.762 c8b34458-e7d6-4224-8736-feaf59842ac4
INFO  [11:31:00.476] [bbotk] Evaluating 1 configuration(s)
INFO  [11:31:01.752] [bbotk] Result of batch 78:
INFO  [11:31:01.817] [bbotk]    alpha         s       acq_ei  x_domain .already_evaluated classif.bbrier
INFO  [11:31:01.817] [bbotk]  0.96343 -6.118079 1.171769e-07 <list[2]>              FALSE     0.09511083
INFO  [11:31:01.817] [bbotk]  warnings errors runtime_learners                                uhash
INFO  [11:31:01.817] [bbotk]         0      0            0.928 f1eedd9f-edcf-4b7d-9f9a-8f3249d19110
INFO  [11:31:06.131] [bbotk] Evaluating 1 configuration(s)
INFO  [11:31:08.108] [bbotk] Result of batch 79:
INFO  [11:31:08.122] [bbotk]    alpha         s       acq_ei  x_domain .already_evaluated classif.bbrier
INFO  [11:31:08.122] [bbotk]  0.95647 -6.082702 1.390441e-07 <list[2]>              FALSE     0.09511088
INFO  [11:31:08.122] [bbotk]  warnings errors runtime_learners                                uhash
INFO  [11:31:08.122] [bbotk]         0      0             1.64 df445353-1c26-4dbf-89ed-79fe2711227e
WARN  [11:31:09.243] [mlr3] train: Stopped because hard maximum generation limit was hit.
INFO  [11:31:11.509] [bbotk] Evaluating 1 configuration(s)
INFO  [11:31:13.174] [bbotk] Result of batch 80:
INFO  [11:31:13.226] [bbotk]      alpha         s       acq_ei  x_domain .already_evaluated classif.bbrier
INFO  [11:31:13.226] [bbotk]  0.9749587 -6.108797 1.713087e-07 <list[2]>              FALSE     0.09511081
INFO  [11:31:13.226] [bbotk]  warnings errors runtime_learners                                uhash
INFO  [11:31:13.226] [bbotk]         0      0            1.235 7b80d747-a68c-4e8f-b692-ffe0da10dd79
INFO  [11:31:16.423] [bbotk] Evaluating 1 configuration(s)
INFO  [11:31:18.330] [bbotk] Result of batch 81:
INFO  [11:31:18.359] [bbotk]      alpha         s       acq_ei  x_domain .already_evaluated classif.bbrier
INFO  [11:31:18.359] [bbotk]  0.9712163 -6.068215 1.066567e-07 <list[2]>              FALSE     0.09511092
INFO  [11:31:18.359] [bbotk]  warnings errors runtime_learners                                uhash
INFO  [11:31:18.359] [bbotk]         0      0            1.421 79ab08ab-589f-49ec-9b2f-f1e1e55d84b7
WARN  [11:31:19.250] [mlr3] train: Stopped because hard maximum generation limit was hit.
INFO  [11:31:21.178] [bbotk] Evaluating 1 configuration(s)
INFO  [11:31:22.553] [bbotk] Result of batch 82:
INFO  [11:31:22.621] [bbotk]      alpha         s       acq_ei  x_domain .already_evaluated classif.bbrier
INFO  [11:31:22.621] [bbotk]  0.9715909 -6.108157 1.653383e-07 <list[2]>              FALSE     0.09511081
INFO  [11:31:22.621] [bbotk]  warnings errors runtime_learners                                uhash
INFO  [11:31:22.621] [bbotk]         0      0            0.903 928678d7-173b-4e21-a5b2-d274127888e5
INFO  [11:31:25.478] [bbotk] Evaluating 1 configuration(s)
INFO  [11:31:26.643] [bbotk] Result of batch 83:
INFO  [11:31:26.667] [bbotk]      alpha         s      acq_ei  x_domain .already_evaluated classif.bbrier
INFO  [11:31:26.667] [bbotk]  0.9970278 -6.100101 1.16156e-07 <list[2]>              FALSE     0.09511095
INFO  [11:31:26.667] [bbotk]  warnings errors runtime_learners                                uhash
INFO  [11:31:26.667] [bbotk]         0      0            0.803 9a96af4b-175b-442e-9e01-1788081bb5f2
WARN  [11:31:28.081] [mlr3] train: Stopped because hard maximum generation limit was hit.
INFO  [11:31:30.514] [bbotk] Evaluating 1 configuration(s)
INFO  [11:31:32.064] [bbotk] Result of batch 84:
INFO  [11:31:32.080] [bbotk]      alpha         s       acq_ei  x_domain .already_evaluated classif.bbrier
INFO  [11:31:32.080] [bbotk]  0.9935358 -7.435789 3.500507e-07 <list[2]>              FALSE     0.09519143
INFO  [11:31:32.080] [bbotk]  warnings errors runtime_learners                                uhash
INFO  [11:31:32.080] [bbotk]         0      0            1.105 db1282a2-7311-4361-b8b7-508c17dfe382
INFO  [11:31:35.624] [bbotk] Evaluating 1 configuration(s)
INFO  [11:31:37.378] [bbotk] Result of batch 85:
INFO  [11:31:37.421] [bbotk]      alpha         s       acq_ei  x_domain .already_evaluated classif.bbrier
INFO  [11:31:37.421] [bbotk]  0.9829184 -6.085611 1.295809e-07 <list[2]>              FALSE     0.09511091
INFO  [11:31:37.421] [bbotk]  warnings errors runtime_learners                                uhash
INFO  [11:31:37.421] [bbotk]         0      0            1.372 80fa51dd-7b5a-4855-8e9b-69567be28e72
INFO  [11:31:40.373] [bbotk] Evaluating 1 configuration(s)
INFO  [11:31:41.639] [bbotk] Result of batch 86:
INFO  [11:31:41.650] [bbotk]      alpha         s       acq_ei  x_domain .already_evaluated classif.bbrier
INFO  [11:31:41.650] [bbotk]  0.9641247 -6.072519 1.244018e-07 <list[2]>              FALSE      0.0951109
INFO  [11:31:41.650] [bbotk]  warnings errors runtime_learners                                uhash
INFO  [11:31:41.650] [bbotk]         0      0            0.962 18043f80-3b3f-4241-bd60-665be8659e0e
WARN  [11:31:42.457] [mlr3] train: Stopped because hard maximum generation limit was hit.
INFO  [11:31:45.191] [bbotk] Evaluating 1 configuration(s)
INFO  [11:31:46.397] [bbotk] Result of batch 87:
INFO  [11:31:46.415] [bbotk]      alpha        s      acq_ei  x_domain .already_evaluated classif.bbrier
INFO  [11:31:46.415] [bbotk]  0.9794178 -6.10249 1.65382e-07 <list[2]>              FALSE     0.09511085
INFO  [11:31:46.415] [bbotk]  warnings errors runtime_learners                                uhash
INFO  [11:31:46.415] [bbotk]         0      0            0.875 0d6f9a3c-8c74-4436-9c90-fcece6b826ae
INFO  [11:31:49.454] [bbotk] Evaluating 1 configuration(s)
INFO  [11:31:50.950] [bbotk] Result of batch 88:
INFO  [11:31:50.991] [bbotk]     alpha         s       acq_ei  x_domain .already_evaluated classif.bbrier
INFO  [11:31:50.991] [bbotk]  0.971337 -6.098064 1.652392e-07 <list[2]>              FALSE     0.09511083
INFO  [11:31:50.991] [bbotk]  warnings errors runtime_learners                                uhash
INFO  [11:31:50.991] [bbotk]         0      0            1.021 addcf4a0-3313-4ee5-84f2-1683db070f02
INFO  [11:31:54.707] [bbotk] Evaluating 1 configuration(s)
INFO  [11:31:57.139] [bbotk] Result of batch 89:
INFO  [11:31:57.182] [bbotk]      alpha         s       acq_ei  x_domain .already_evaluated classif.bbrier
INFO  [11:31:57.182] [bbotk]  0.9714062 -6.105817 1.589169e-07 <list[2]>              FALSE     0.09511081
INFO  [11:31:57.182] [bbotk]  warnings errors runtime_learners                                uhash
INFO  [11:31:57.182] [bbotk]         0      0            1.871 2c68e64c-cd53-46a3-a15c-89ef399cc174
INFO  [11:32:00.745] [bbotk] Evaluating 1 configuration(s)
INFO  [11:32:02.992] [bbotk] Result of batch 90:
INFO  [11:32:03.014] [bbotk]      alpha         s      acq_ei  x_domain .already_evaluated classif.bbrier
INFO  [11:32:03.014] [bbotk]  0.9694382 -6.104205 1.56596e-07 <list[2]>              FALSE     0.09511081
INFO  [11:32:03.014] [bbotk]  warnings errors runtime_learners                                uhash
INFO  [11:32:03.014] [bbotk]         0      0            1.654 5cfd3130-350a-4fdf-8d4c-a1c5419ae601
WARN  [11:32:04.054] [mlr3] train: Stopped because hard maximum generation limit was hit.
INFO  [11:32:06.766] [bbotk] Evaluating 1 configuration(s)
INFO  [11:32:08.593] [bbotk] Result of batch 91:
INFO  [11:32:08.645] [bbotk]      alpha         s       acq_ei  x_domain .already_evaluated classif.bbrier
INFO  [11:32:08.645] [bbotk]  0.9811606 -6.113713 1.491375e-07 <list[2]>              FALSE     0.09511083
INFO  [11:32:08.645] [bbotk]  warnings errors runtime_learners                                uhash
INFO  [11:32:08.645] [bbotk]         0      0            1.205 9feac8d9-fb05-4374-9567-298ad499f4f0
INFO  [11:32:12.639] [bbotk] Evaluating 1 configuration(s)
INFO  [11:32:13.588] [bbotk] Result of batch 92:
INFO  [11:32:13.622] [bbotk]      alpha         s       acq_ei  x_domain .already_evaluated classif.bbrier
INFO  [11:32:13.622] [bbotk]  0.9844941 -6.100606 1.459761e-07 <list[2]>              FALSE     0.09511089
INFO  [11:32:13.622] [bbotk]  warnings errors runtime_learners                                uhash
INFO  [11:32:13.622] [bbotk]         0      0            0.671 7729a004-fe02-4dbe-9025-c1dcd99ade1d
WARN  [11:32:14.478] [mlr3] train: Stopped because hard maximum generation limit was hit.
INFO  [11:32:16.368] [bbotk] Evaluating 1 configuration(s)
INFO  [11:32:17.379] [bbotk] Result of batch 93:
INFO  [11:32:17.401] [bbotk]      alpha         s       acq_ei  x_domain .already_evaluated classif.bbrier
INFO  [11:32:17.401] [bbotk]  0.9961695 -6.849733 7.413523e-08 <list[2]>              FALSE     0.09514281
INFO  [11:32:17.401] [bbotk]  warnings errors runtime_learners                                uhash
INFO  [11:32:17.401] [bbotk]         0      0            0.746 f705b6b2-f946-4d70-8204-725f0badbb48
INFO  [11:32:18.230] [bbotk] Finished optimizing after 100 evaluation(s)
INFO  [11:32:18.274] [bbotk] Result:
INFO  [11:32:18.312] [bbotk]     alpha         s learner_param_vals  x_domain classif.bbrier
INFO  [11:32:18.312] [bbotk]     <num>     <num>             <list>    <list>          <num>
INFO  [11:32:18.312] [bbotk]  0.975477 -6.118755          <list[2]> <list[2]>      0.0951108
[1] 0.9857213
[1] 49.76936
[1] 1.134845
[1] 56.45672
[1] 1.742941
[1] 67.93203
[1] 1.269135
[1] 56.18485
[1] -3.499808
[1] 50.52232

### [bt]: Job terminated successfully [batchtools job.id=3243]
### [bt]: Calculation finished!
