### [bt]: This is batchtools v0.9.17
### [bt]: Starting calculation of 1 jobs
### [bt]: Setting working directory to '/content/drive/MyDrive/GitHub/Mater_Thesis_Calibration'
ece.R :
Friedmann_tasks.R :
Functions.R :
ici.R :
mse_feature_effects.R :
PipeOpCalibration_TuningExperiment.R :
PipeOpCalibration.R :
PipeOpCalibrationUnion.R :
### [bt]: Memory measurement disabled
### [bt]: Starting job [batchtools job.id=1629]
### [bt]: Generating problem instance for problem 'a6b2cabd9f84c607' ...
### [bt]: Applying algorithm 'run_learner' on problem 'a6b2cabd9f84c607' for job 1629 (seed = 1752) ...
INFO  [18:09:28.628] [mlr3] Applying learner 'rpart TbC beta' on task 'phoneme' (iter 9/10)
INFO  [18:09:29.107] [bbotk] Starting to optimize 3 parameter(s) with '<OptimizerMbo>' and '<TerminatorEvals> [n_evals=100, k=0]'
INFO  [18:09:29.959] [bbotk] Evaluating 12 configuration(s)
INFO  [18:09:34.214] [bbotk] Result of batch 1:
INFO  [18:09:34.224] [bbotk]         cp minbucket minsplit classif.bbrier warnings errors runtime_learners
INFO  [18:09:34.224] [bbotk]  -6.989632 3.7809984 1.689195      0.1327489        0      0            0.185
INFO  [18:09:34.224] [bbotk]  -3.535754 1.6938049 3.772528      0.1547030        0      0            0.140
INFO  [18:09:34.224] [bbotk]  -5.262693 2.7374016 2.730862      0.1275325        0      0            0.159
INFO  [18:09:34.224] [bbotk]  -8.716571 0.6502081 4.814195      0.1285612        0      0            0.212
INFO  [18:09:34.224] [bbotk]  -4.399224 0.1284097 1.168362      0.1478393        0      0            0.219
INFO  [18:09:34.224] [bbotk]  -7.853101 2.2156032 3.251695      0.1183339        0      0            0.159
INFO  [18:09:34.224] [bbotk]  -2.672285 3.2592000 4.293361      0.1636615        0      0            0.154
INFO  [18:09:34.224] [bbotk]  -6.126163 1.1720065 2.210029      0.1192156        0      0            0.145
INFO  [18:09:34.224] [bbotk]  -5.694428 1.4329057 4.553778      0.1322555        0      0            0.166
INFO  [18:09:34.224] [bbotk]  -9.148306 3.5200992 2.470445      0.1286143        0      0            0.267
INFO  [18:09:34.224] [bbotk]  -7.421367 0.3893089 3.512112      0.1195066        0      0            0.126
INFO  [18:09:34.224] [bbotk]  -3.967489 2.4765024 1.428779      0.1526934        0      0            0.110
INFO  [18:09:34.224] [bbotk]                                 uhash
INFO  [18:09:34.224] [bbotk]  aa1f8666-42b5-4882-b8dc-7b730d83196b
INFO  [18:09:34.224] [bbotk]  edba27fe-3f58-458e-9335-0002d5a2c5e8
INFO  [18:09:34.224] [bbotk]  6eeb1828-2578-4e6f-8933-999782bee8b5
INFO  [18:09:34.224] [bbotk]  1a44bb8a-5529-4401-b09c-7fc8df3f9537
INFO  [18:09:34.224] [bbotk]  068140f1-7b69-4197-b97a-350f45459bb1
INFO  [18:09:34.224] [bbotk]  4022b4a3-5587-40f0-97e4-a005ec28472c
INFO  [18:09:34.224] [bbotk]  78edc987-df2c-4520-aa94-bd7bb2de62f3
INFO  [18:09:34.224] [bbotk]  9f6554a1-0f6b-4561-bf04-31dd105bff8a
INFO  [18:09:34.224] [bbotk]  381512cc-5001-428f-b07f-de6789a14c94
INFO  [18:09:34.224] [bbotk]  b5878846-fd11-4428-bfb0-05a640a81e2a
INFO  [18:09:34.224] [bbotk]  9b640093-1522-4ecd-b531-97f7ec658779
INFO  [18:09:34.224] [bbotk]  172d5883-b308-491c-8496-a180a489757c
INFO  [18:09:36.698] [bbotk] Evaluating 1 configuration(s)
INFO  [18:09:37.092] [bbotk] Result of batch 2:
INFO  [18:09:37.116] [bbotk]         cp minbucket minsplit     acq_ei  x_domain .already_evaluated
INFO  [18:09:37.116] [bbotk]  -6.865818  1.055109 2.789933 0.00292867 <list[3]>              FALSE
INFO  [18:09:37.116] [bbotk]  classif.bbrier warnings errors runtime_learners
INFO  [18:09:37.116] [bbotk]       0.1222689        0      0            0.178
INFO  [18:09:37.116] [bbotk]                                 uhash
INFO  [18:09:37.116] [bbotk]  5c34048a-aaae-4ff9-a3bd-76848569495b
INFO  [18:09:39.422] [bbotk] Evaluating 1 configuration(s)
INFO  [18:09:40.004] [bbotk] Result of batch 3:
INFO  [18:09:40.027] [bbotk]        cp  minbucket minsplit      acq_ei  x_domain .already_evaluated
INFO  [18:09:40.027] [bbotk]  -8.14519 0.01097415 2.917891 0.001693061 <list[3]>              FALSE
INFO  [18:09:40.027] [bbotk]  classif.bbrier warnings errors runtime_learners
INFO  [18:09:40.027] [bbotk]       0.1209085        0      0            0.185
INFO  [18:09:40.027] [bbotk]                                 uhash
INFO  [18:09:40.027] [bbotk]  fb23ea21-aa13-4600-b115-fb44c58fec28
INFO  [18:09:42.267] [bbotk] Evaluating 1 configuration(s)
INFO  [18:09:42.698] [bbotk] Result of batch 4:
INFO  [18:09:42.715] [bbotk]         cp minbucket minsplit       acq_ei  x_domain .already_evaluated
INFO  [18:09:42.715] [bbotk]  -6.450103 0.2876985 3.043772 0.0007670304 <list[3]>              FALSE
INFO  [18:09:42.715] [bbotk]  classif.bbrier warnings errors runtime_learners
INFO  [18:09:42.715] [bbotk]       0.1208628        0      0            0.205
INFO  [18:09:42.715] [bbotk]                                 uhash
INFO  [18:09:42.715] [bbotk]  c3665840-2129-4222-8d8f-1ba02f36d284
INFO  [18:09:45.107] [bbotk] Evaluating 1 configuration(s)
INFO  [18:09:45.544] [bbotk] Result of batch 5:
INFO  [18:09:45.572] [bbotk]         cp minbucket minsplit       acq_ei  x_domain .already_evaluated
INFO  [18:09:45.572] [bbotk]  -7.931054  1.612703  3.73378 0.0006911182 <list[3]>              FALSE
INFO  [18:09:45.572] [bbotk]  classif.bbrier warnings errors runtime_learners
INFO  [18:09:45.572] [bbotk]       0.1201112        0      0            0.177
INFO  [18:09:45.572] [bbotk]                                 uhash
INFO  [18:09:45.572] [bbotk]  42b150c3-0d77-43d5-83cf-9ad5a4589e1d
INFO  [18:09:47.668] [bbotk] Evaluating 1 configuration(s)
INFO  [18:09:48.053] [bbotk] Result of batch 6:
INFO  [18:09:48.077] [bbotk]         cp  minbucket minsplit       acq_ei  x_domain .already_evaluated
INFO  [18:09:48.077] [bbotk]  -5.832029 0.02573662 2.677523 0.0005219193 <list[3]>              FALSE
INFO  [18:09:48.077] [bbotk]  classif.bbrier warnings errors runtime_learners
INFO  [18:09:48.077] [bbotk]       0.1206137        0      0            0.147
INFO  [18:09:48.077] [bbotk]                                 uhash
INFO  [18:09:48.077] [bbotk]  249710b9-42aa-4133-b4c0-542da43a713d
INFO  [18:09:50.406] [bbotk] Evaluating 1 configuration(s)
INFO  [18:09:50.981] [bbotk] Result of batch 7:
INFO  [18:09:50.998] [bbotk]         cp minbucket minsplit       acq_ei  x_domain .already_evaluated
INFO  [18:09:50.998] [bbotk]  -7.754152 0.9928816 3.134737 0.0004009983 <list[3]>              FALSE
INFO  [18:09:50.998] [bbotk]  classif.bbrier warnings errors runtime_learners
INFO  [18:09:50.998] [bbotk]       0.1195681        0      0             0.29
INFO  [18:09:50.998] [bbotk]                                 uhash
INFO  [18:09:50.998] [bbotk]  990c8d5c-bc14-4455-b7a6-d2058f544ce4
INFO  [18:09:53.843] [bbotk] Evaluating 1 configuration(s)
INFO  [18:09:54.293] [bbotk] Result of batch 8:
INFO  [18:09:54.308] [bbotk]         cp minbucket minsplit       acq_ei  x_domain .already_evaluated
INFO  [18:09:54.308] [bbotk]  -6.100973  1.901088 2.904189 0.0002473146 <list[3]>              FALSE
INFO  [18:09:54.308] [bbotk]  classif.bbrier warnings errors runtime_learners
INFO  [18:09:54.308] [bbotk]       0.1183191        0      0            0.176
INFO  [18:09:54.308] [bbotk]                                 uhash
INFO  [18:09:54.308] [bbotk]  df21b047-62a8-426b-880a-0eb7b965a3d9
INFO  [18:09:56.809] [bbotk] Evaluating 1 configuration(s)
INFO  [18:09:57.201] [bbotk] Result of batch 9:
INFO  [18:09:57.211] [bbotk]         cp minbucket minsplit       acq_ei  x_domain .already_evaluated
INFO  [18:09:57.211] [bbotk]  -6.065971  1.771388 2.754677 0.0003695983 <list[3]>              FALSE
INFO  [18:09:57.211] [bbotk]  classif.bbrier warnings errors runtime_learners
INFO  [18:09:57.211] [bbotk]       0.1189293        0      0            0.156
INFO  [18:09:57.211] [bbotk]                                 uhash
INFO  [18:09:57.211] [bbotk]  99c64766-be95-405c-90a3-5bd9f18ece66
INFO  [18:09:59.585] [bbotk] Evaluating 1 configuration(s)
INFO  [18:10:00.037] [bbotk] Result of batch 10:
INFO  [18:10:00.053] [bbotk]       cp minbucket minsplit       acq_ei  x_domain .already_evaluated
INFO  [18:10:00.053] [bbotk]  -7.6836  3.849031 3.537382 0.0002812392 <list[3]>              FALSE
INFO  [18:10:00.053] [bbotk]  classif.bbrier warnings errors runtime_learners
INFO  [18:10:00.053] [bbotk]       0.1328469        0      0            0.189
INFO  [18:10:00.053] [bbotk]                                 uhash
INFO  [18:10:00.053] [bbotk]  05d0a37a-d881-4df7-a4e7-073d719abd06
INFO  [18:10:02.496] [bbotk] Evaluating 1 configuration(s)
INFO  [18:10:02.796] [bbotk] Result of batch 11:
INFO  [18:10:02.809] [bbotk]         cp minbucket minsplit       acq_ei  x_domain .already_evaluated
INFO  [18:10:02.809] [bbotk]  -8.144525  1.419724 3.164086 0.0006550085 <list[3]>              FALSE
INFO  [18:10:02.809] [bbotk]  classif.bbrier warnings errors runtime_learners
INFO  [18:10:02.809] [bbotk]        0.121093        0      0            0.116
INFO  [18:10:02.809] [bbotk]                                 uhash
INFO  [18:10:02.809] [bbotk]  a38ebe52-e491-4311-9609-3e9f9ac91ee3
INFO  [18:10:05.199] [bbotk] Evaluating 1 configuration(s)
INFO  [18:10:05.877] [bbotk] Result of batch 12:
INFO  [18:10:05.909] [bbotk]         cp minbucket minsplit      acq_ei  x_domain .already_evaluated
INFO  [18:10:05.909] [bbotk]  -6.108888  2.283942 2.148128 0.001300358 <list[3]>              FALSE
INFO  [18:10:05.909] [bbotk]  classif.bbrier warnings errors runtime_learners
INFO  [18:10:05.909] [bbotk]       0.1179955        0      0            0.345
INFO  [18:10:05.909] [bbotk]                                 uhash
INFO  [18:10:05.909] [bbotk]  3008add1-3ce3-4ebf-ba3c-a2f6309217d9
INFO  [18:10:08.524] [bbotk] Evaluating 1 configuration(s)
INFO  [18:10:08.959] [bbotk] Result of batch 13:
INFO  [18:10:08.990] [bbotk]         cp   minbucket minsplit      acq_ei  x_domain .already_evaluated
INFO  [18:10:08.990] [bbotk]  -7.613151 0.004952841 2.441472 0.000407259 <list[3]>              FALSE
INFO  [18:10:08.990] [bbotk]  classif.bbrier warnings errors runtime_learners
INFO  [18:10:08.990] [bbotk]       0.1195623        0      0            0.216
INFO  [18:10:08.990] [bbotk]                                 uhash
INFO  [18:10:08.990] [bbotk]  32dc403b-41b3-42c8-ba08-1775616c490a
INFO  [18:10:11.360] [bbotk] Evaluating 1 configuration(s)
INFO  [18:10:11.790] [bbotk] Result of batch 14:
INFO  [18:10:11.813] [bbotk]         cp minbucket minsplit       acq_ei  x_domain .already_evaluated
INFO  [18:10:11.813] [bbotk]  -6.031142  2.155943  2.28528 0.0003230352 <list[3]>              FALSE
INFO  [18:10:11.813] [bbotk]  classif.bbrier warnings errors runtime_learners
INFO  [18:10:11.813] [bbotk]       0.1183321        0      0            0.204
INFO  [18:10:11.813] [bbotk]                                 uhash
INFO  [18:10:11.813] [bbotk]  f4bfc667-37e7-4499-9728-23f9f659eae2
INFO  [18:10:14.379] [bbotk] Evaluating 1 configuration(s)
INFO  [18:10:14.984] [bbotk] Result of batch 15:
INFO  [18:10:15.008] [bbotk]        cp minbucket  minsplit       acq_ei  x_domain .already_evaluated
INFO  [18:10:15.008] [bbotk]  -7.87032  2.328101 0.8566196 0.0002929383 <list[3]>              FALSE
INFO  [18:10:15.008] [bbotk]  classif.bbrier warnings errors runtime_learners
INFO  [18:10:15.008] [bbotk]       0.1188639        0      0            0.354
INFO  [18:10:15.008] [bbotk]                                 uhash
INFO  [18:10:15.008] [bbotk]  3c20144a-81f3-4d3c-ae7d-3245ed5916cb
INFO  [18:10:17.422] [bbotk] Evaluating 1 configuration(s)
INFO  [18:10:17.959] [bbotk] Result of batch 16:
INFO  [18:10:17.983] [bbotk]         cp minbucket minsplit       acq_ei  x_domain .already_evaluated
INFO  [18:10:17.983] [bbotk]  -7.709691   2.15264 2.306894 0.0005338615 <list[3]>              FALSE
INFO  [18:10:17.983] [bbotk]  classif.bbrier warnings errors runtime_learners
INFO  [18:10:17.983] [bbotk]         0.11805        0      0            0.206
INFO  [18:10:17.983] [bbotk]                                 uhash
INFO  [18:10:17.983] [bbotk]  ddac0ff9-3900-4b01-a573-c118af63ee11
INFO  [18:10:20.465] [bbotk] Evaluating 1 configuration(s)
INFO  [18:10:20.953] [bbotk] Result of batch 17:
INFO  [18:10:20.987] [bbotk]         cp  minbucket  minsplit       acq_ei  x_domain .already_evaluated
INFO  [18:10:20.987] [bbotk]  -6.131565 0.05862256 0.7065581 0.0003335894 <list[3]>              FALSE
INFO  [18:10:20.987] [bbotk]  classif.bbrier warnings errors runtime_learners
INFO  [18:10:20.987] [bbotk]       0.1208767        0      0            0.233
INFO  [18:10:20.987] [bbotk]                                 uhash
INFO  [18:10:20.987] [bbotk]  46848557-8017-4197-b03f-c0db66bf7edf
WARN  [18:10:21.385] [mlr3] train: Stopped because hard maximum generation limit was hit.
INFO  [18:10:23.631] [bbotk] Evaluating 1 configuration(s)
INFO  [18:10:23.997] [bbotk] Result of batch 18:
INFO  [18:10:24.012] [bbotk]         cp minbucket  minsplit       acq_ei  x_domain .already_evaluated
INFO  [18:10:24.012] [bbotk]  -9.185493  2.154463 0.7712171 0.0003238032 <list[3]>              FALSE
INFO  [18:10:24.012] [bbotk]  classif.bbrier warnings errors runtime_learners
INFO  [18:10:24.012] [bbotk]         0.11805        0      0             0.14
INFO  [18:10:24.012] [bbotk]                                 uhash
INFO  [18:10:24.012] [bbotk]  70d33ed2-6b85-4573-b9f1-86aeace6e99f
INFO  [18:10:26.544] [bbotk] Evaluating 1 configuration(s)
INFO  [18:10:27.012] [bbotk] Result of batch 19:
INFO  [18:10:27.031] [bbotk]         cp minbucket  minsplit     acq_ei  x_domain .already_evaluated
INFO  [18:10:27.031] [bbotk]  -8.888861  2.324396 0.7225224 0.00068212 <list[3]>              FALSE
INFO  [18:10:27.031] [bbotk]  classif.bbrier warnings errors runtime_learners
INFO  [18:10:27.031] [bbotk]       0.1188559        0      0            0.189
INFO  [18:10:27.031] [bbotk]                                 uhash
INFO  [18:10:27.031] [bbotk]  ba204067-d750-45b9-842f-cecbe50c5018
WARN  [18:10:27.365] [mlr3] train: Stopped because hard maximum generation limit was hit.
INFO  [18:10:29.544] [bbotk] Evaluating 1 configuration(s)
INFO  [18:10:29.944] [bbotk] Result of batch 20:
INFO  [18:10:29.966] [bbotk]         cp  minbucket minsplit       acq_ei  x_domain .already_evaluated
INFO  [18:10:29.966] [bbotk]  -9.103554 0.09361756 0.829633 0.0003802558 <list[3]>              FALSE
INFO  [18:10:29.966] [bbotk]  classif.bbrier warnings errors runtime_learners
INFO  [18:10:29.966] [bbotk]       0.1406244        0      0            0.191
INFO  [18:10:29.966] [bbotk]                                 uhash
INFO  [18:10:29.966] [bbotk]  2b79b62d-f637-4b74-a585-460110b8b5fe
WARN  [18:10:30.294] [mlr3] train: Stopped because hard maximum generation limit was hit.
INFO  [18:10:32.800] [bbotk] Evaluating 1 configuration(s)
INFO  [18:10:33.302] [bbotk] Result of batch 21:
INFO  [18:10:33.325] [bbotk]         cp minbucket  minsplit       acq_ei  x_domain .already_evaluated
INFO  [18:10:33.325] [bbotk]  -9.209206  2.439125 0.8560802 0.0008618286 <list[3]>              FALSE
INFO  [18:10:33.325] [bbotk]  classif.bbrier warnings errors runtime_learners
INFO  [18:10:33.325] [bbotk]       0.1202412        0      0            0.234
INFO  [18:10:33.325] [bbotk]                                 uhash
INFO  [18:10:33.325] [bbotk]  32dc6e37-c45e-414a-a84d-4086246c78cd
INFO  [18:10:35.864] [bbotk] Evaluating 1 configuration(s)
INFO  [18:10:36.391] [bbotk] Result of batch 22:
INFO  [18:10:36.418] [bbotk]         cp minbucket  minsplit       acq_ei  x_domain .already_evaluated
INFO  [18:10:36.418] [bbotk]  -6.212084  1.904412 0.8020221 0.0007656787 <list[3]>              FALSE
INFO  [18:10:36.418] [bbotk]  classif.bbrier warnings errors runtime_learners
INFO  [18:10:36.418] [bbotk]       0.1176985        0      0            0.197
INFO  [18:10:36.418] [bbotk]                                 uhash
INFO  [18:10:36.418] [bbotk]  5900e4a6-e38b-4439-9056-cb8c597b892a
INFO  [18:10:38.937] [bbotk] Evaluating 1 configuration(s)
INFO  [18:10:39.406] [bbotk] Result of batch 23:
INFO  [18:10:39.458] [bbotk]         cp minbucket minsplit       acq_ei  x_domain .already_evaluated
INFO  [18:10:39.458] [bbotk]  -6.201651  2.010448 1.697774 0.0006412988 <list[3]>              FALSE
INFO  [18:10:39.458] [bbotk]  classif.bbrier warnings errors runtime_learners
INFO  [18:10:39.458] [bbotk]       0.1178035        0      0            0.257
INFO  [18:10:39.458] [bbotk]                                 uhash
INFO  [18:10:39.458] [bbotk]  0d8c347d-5cdf-4b5a-ba06-d7cd1745a4bb
INFO  [18:10:42.271] [bbotk] Evaluating 1 configuration(s)
INFO  [18:10:42.776] [bbotk] Result of batch 24:
INFO  [18:10:42.795] [bbotk]         cp minbucket minsplit       acq_ei  x_domain .already_evaluated
INFO  [18:10:42.795] [bbotk]  -6.409483  2.390863 3.200682 0.0009726616 <list[3]>              FALSE
INFO  [18:10:42.795] [bbotk]  classif.bbrier warnings errors runtime_learners
INFO  [18:10:42.795] [bbotk]       0.1180593        0      0            0.188
INFO  [18:10:42.795] [bbotk]                                 uhash
INFO  [18:10:42.795] [bbotk]  fcbca7fd-1810-4170-b1ed-bc2ab584cc5f
INFO  [18:10:45.590] [bbotk] Evaluating 1 configuration(s)
INFO  [18:10:46.077] [bbotk] Result of batch 25:
INFO  [18:10:46.116] [bbotk]         cp  minbucket minsplit       acq_ei  x_domain .already_evaluated
INFO  [18:10:46.116] [bbotk]  -7.745351 0.03026112  4.02485 0.0007320369 <list[3]>              FALSE
INFO  [18:10:46.116] [bbotk]  classif.bbrier warnings errors runtime_learners
INFO  [18:10:46.116] [bbotk]       0.1210477        0      0            0.206
INFO  [18:10:46.116] [bbotk]                                 uhash
INFO  [18:10:46.116] [bbotk]  b3593abe-9420-4f57-8537-e86172079d91
WARN  [18:10:46.509] [mlr3] train: Stopped because hard maximum generation limit was hit.
INFO  [18:10:48.824] [bbotk] Evaluating 1 configuration(s)
INFO  [18:10:49.240] [bbotk] Result of batch 26:
INFO  [18:10:49.281] [bbotk]         cp minbucket  minsplit       acq_ei  x_domain .already_evaluated
INFO  [18:10:49.281] [bbotk]  -7.829649  1.795372 0.7405714 0.0007648286 <list[3]>              FALSE
INFO  [18:10:49.281] [bbotk]  classif.bbrier warnings errors runtime_learners
INFO  [18:10:49.281] [bbotk]       0.1203612        0      0            0.159
INFO  [18:10:49.281] [bbotk]                                 uhash
INFO  [18:10:49.281] [bbotk]  6e9c1d22-66e5-4dbf-8d4d-3eef04c6c6ad
INFO  [18:10:52.003] [bbotk] Evaluating 1 configuration(s)
INFO  [18:10:52.487] [bbotk] Result of batch 27:
INFO  [18:10:52.507] [bbotk]         cp minbucket minsplit       acq_ei  x_domain .already_evaluated
INFO  [18:10:52.507] [bbotk]  -6.243834  2.211269 2.097969 0.0005476333 <list[3]>              FALSE
INFO  [18:10:52.507] [bbotk]  classif.bbrier warnings errors runtime_learners
INFO  [18:10:52.507] [bbotk]       0.1173856        0      0            0.238
INFO  [18:10:52.507] [bbotk]                                 uhash
INFO  [18:10:52.507] [bbotk]  392ebbdc-e587-4aac-93cb-42d2af6d6c6f
INFO  [18:10:55.165] [bbotk] Evaluating 1 configuration(s)
INFO  [18:10:55.522] [bbotk] Result of batch 28:
INFO  [18:10:55.540] [bbotk]         cp minbucket minsplit       acq_ei  x_domain .already_evaluated
INFO  [18:10:55.540] [bbotk]  -9.175059  2.023836 3.112405 0.0004444664 <list[3]>              FALSE
INFO  [18:10:55.540] [bbotk]  classif.bbrier warnings errors runtime_learners
INFO  [18:10:55.540] [bbotk]       0.1201129        0      0            0.133
INFO  [18:10:55.540] [bbotk]                                 uhash
INFO  [18:10:55.540] [bbotk]  470014c4-fff7-45f5-b10f-9a613cb36710
INFO  [18:10:58.286] [bbotk] Evaluating 1 configuration(s)
INFO  [18:10:58.734] [bbotk] Result of batch 29:
INFO  [18:10:58.785] [bbotk]         cp minbucket  minsplit       acq_ei  x_domain .already_evaluated
INFO  [18:10:58.785] [bbotk]  -6.391129  2.313505 0.8118591 0.0003475961 <list[3]>              FALSE
INFO  [18:10:58.785] [bbotk]  classif.bbrier warnings errors runtime_learners
INFO  [18:10:58.785] [bbotk]       0.1200015        0      0            0.155
INFO  [18:10:58.785] [bbotk]                                 uhash
INFO  [18:10:58.785] [bbotk]  c7896952-6b0e-49f1-9938-1cf130d92b8c
WARN  [18:10:59.186] [mlr3] train: Stopped because hard maximum generation limit was hit.
INFO  [18:11:01.290] [bbotk] Evaluating 1 configuration(s)
INFO  [18:11:01.665] [bbotk] Result of batch 30:
INFO  [18:11:01.686] [bbotk]         cp minbucket minsplit       acq_ei  x_domain .already_evaluated
INFO  [18:11:01.686] [bbotk]  -7.339312  2.306954 3.859685 0.0002004951 <list[3]>              FALSE
INFO  [18:11:01.686] [bbotk]  classif.bbrier warnings errors runtime_learners
INFO  [18:11:01.686] [bbotk]       0.1198797        0      0            0.135
INFO  [18:11:01.686] [bbotk]                                 uhash
INFO  [18:11:01.686] [bbotk]  09124c6d-8532-47b4-8c07-eacb260f4bcb
INFO  [18:11:04.618] [bbotk] Evaluating 1 configuration(s)
INFO  [18:11:04.932] [bbotk] Result of batch 31:
INFO  [18:11:04.947] [bbotk]         cp minbucket minsplit       acq_ei  x_domain .already_evaluated
INFO  [18:11:04.947] [bbotk]  -6.277084  2.081535 2.402089 0.0002038343 <list[3]>              FALSE
INFO  [18:11:04.947] [bbotk]  classif.bbrier warnings errors runtime_learners
INFO  [18:11:04.947] [bbotk]       0.1174331        0      0            0.111
INFO  [18:11:04.947] [bbotk]                                 uhash
INFO  [18:11:04.947] [bbotk]  5f6e232a-6abd-4d05-bfb1-aa7142f216c0
INFO  [18:11:07.769] [bbotk] Evaluating 1 configuration(s)
INFO  [18:11:08.147] [bbotk] Result of batch 32:
INFO  [18:11:08.169] [bbotk]         cp minbucket minsplit       acq_ei  x_domain .already_evaluated
INFO  [18:11:08.169] [bbotk]  -6.103298  3.003365  3.99988 0.0001909103 <list[3]>              FALSE
INFO  [18:11:08.169] [bbotk]  classif.bbrier warnings errors runtime_learners
INFO  [18:11:08.169] [bbotk]       0.1260115        0      0            0.133
INFO  [18:11:08.169] [bbotk]                                 uhash
INFO  [18:11:08.169] [bbotk]  2ed2b60b-e33a-408f-83ff-fc54a575234f
INFO  [18:11:11.008] [bbotk] Evaluating 1 configuration(s)
INFO  [18:11:11.590] [bbotk] Result of batch 33:
INFO  [18:11:11.615] [bbotk]         cp minbucket  minsplit       acq_ei  x_domain .already_evaluated
INFO  [18:11:11.615] [bbotk]  -6.110546 0.9375293 0.7203738 0.0002017239 <list[3]>              FALSE
INFO  [18:11:11.615] [bbotk]  classif.bbrier warnings errors runtime_learners
INFO  [18:11:11.615] [bbotk]       0.1208767        0      0            0.279
INFO  [18:11:11.615] [bbotk]                                 uhash
INFO  [18:11:11.615] [bbotk]  e3e3338c-55d7-4b74-8dbe-5b21735e59eb
INFO  [18:11:15.313] [bbotk] Evaluating 1 configuration(s)
INFO  [18:11:15.673] [bbotk] Result of batch 34:
INFO  [18:11:15.684] [bbotk]         cp minbucket minsplit      acq_ei  x_domain .already_evaluated
INFO  [18:11:15.684] [bbotk]  -6.242801  2.127347 1.981518 0.000297606 <list[3]>              FALSE
INFO  [18:11:15.684] [bbotk]  classif.bbrier warnings errors runtime_learners
INFO  [18:11:15.684] [bbotk]       0.1174331        0      0            0.138
INFO  [18:11:15.684] [bbotk]                                 uhash
INFO  [18:11:15.684] [bbotk]  8ae6ec71-6f6e-428c-89a5-d9da86df2b2e
WARN  [18:11:15.910] [mlr3] train: Stopped because hard maximum generation limit was hit.
INFO  [18:11:18.018] [bbotk] Evaluating 1 configuration(s)
INFO  [18:11:18.385] [bbotk] Result of batch 35:
INFO  [18:11:18.401] [bbotk]         cp minbucket minsplit       acq_ei  x_domain .already_evaluated
INFO  [18:11:18.401] [bbotk]  -6.660024  2.034199 2.217622 0.0005949598 <list[3]>              FALSE
INFO  [18:11:18.401] [bbotk]  classif.bbrier warnings errors runtime_learners
INFO  [18:11:18.401] [bbotk]       0.1176032        0      0            0.158
INFO  [18:11:18.401] [bbotk]                                 uhash
INFO  [18:11:18.401] [bbotk]  63327729-a7f6-4c00-bdbc-aed1b376aa09
INFO  [18:11:21.005] [bbotk] Evaluating 1 configuration(s)
INFO  [18:11:21.342] [bbotk] Result of batch 36:
INFO  [18:11:21.385] [bbotk]         cp minbucket minsplit       acq_ei  x_domain .already_evaluated
INFO  [18:11:21.385] [bbotk]  -6.192525  2.012585 2.029317 0.0002951326 <list[3]>              FALSE
INFO  [18:11:21.385] [bbotk]  classif.bbrier warnings errors runtime_learners
INFO  [18:11:21.385] [bbotk]       0.1178035        0      0            0.132
INFO  [18:11:21.385] [bbotk]                                 uhash
INFO  [18:11:21.385] [bbotk]  cd5b211c-4fc5-4a21-aab3-cea67ccb79ee
INFO  [18:11:23.824] [bbotk] Evaluating 1 configuration(s)
INFO  [18:11:24.297] [bbotk] Result of batch 37:
INFO  [18:11:24.310] [bbotk]         cp minbucket minsplit       acq_ei  x_domain .already_evaluated
INFO  [18:11:24.310] [bbotk]  -6.388564  2.029383 2.374965 0.0002594088 <list[3]>              FALSE
INFO  [18:11:24.310] [bbotk]  classif.bbrier warnings errors runtime_learners
INFO  [18:11:24.310] [bbotk]       0.1176067        0      0            0.243
INFO  [18:11:24.310] [bbotk]                                 uhash
INFO  [18:11:24.310] [bbotk]  3846b6cd-352c-44f6-83d4-ee2b98ce564e
INFO  [18:11:26.866] [bbotk] Evaluating 1 configuration(s)
INFO  [18:11:27.333] [bbotk] Result of batch 38:
INFO  [18:11:27.356] [bbotk]         cp minbucket minsplit       acq_ei  x_domain .already_evaluated
INFO  [18:11:27.356] [bbotk]  -6.388694  2.069124 2.460665 0.0001751558 <list[3]>              FALSE
INFO  [18:11:27.356] [bbotk]  classif.bbrier warnings errors runtime_learners
INFO  [18:11:27.356] [bbotk]       0.1176067        0      0            0.196
INFO  [18:11:27.356] [bbotk]                                 uhash
INFO  [18:11:27.356] [bbotk]  8981ce9c-30df-4655-a7f0-200be4706a4c
INFO  [18:11:30.061] [bbotk] Evaluating 1 configuration(s)
INFO  [18:11:30.404] [bbotk] Result of batch 39:
INFO  [18:11:30.429] [bbotk]         cp minbucket minsplit       acq_ei  x_domain .already_evaluated
INFO  [18:11:30.429] [bbotk]  -6.524101  2.269728 2.477217 0.0001251891 <list[3]>              FALSE
INFO  [18:11:30.429] [bbotk]  classif.bbrier warnings errors runtime_learners
INFO  [18:11:30.429] [bbotk]         0.11711        0      0            0.119
INFO  [18:11:30.429] [bbotk]                                 uhash
INFO  [18:11:30.429] [bbotk]  6ae4474c-32ce-43d1-906c-05658d06a366
INFO  [18:11:32.999] [bbotk] Evaluating 1 configuration(s)
INFO  [18:11:33.354] [bbotk] Result of batch 40:
INFO  [18:11:33.368] [bbotk]         cp minbucket minsplit       acq_ei  x_domain .already_evaluated
INFO  [18:11:33.368] [bbotk]  -6.897154  2.398175 2.696382 0.0001161031 <list[3]>              FALSE
INFO  [18:11:33.368] [bbotk]  classif.bbrier warnings errors runtime_learners
INFO  [18:11:33.368] [bbotk]       0.1193953        0      0            0.135
INFO  [18:11:33.368] [bbotk]                                 uhash
INFO  [18:11:33.368] [bbotk]  dcaee01d-872e-4cf1-a9f7-750caad16262
INFO  [18:11:35.938] [bbotk] Evaluating 1 configuration(s)
INFO  [18:11:36.511] [bbotk] Result of batch 41:
INFO  [18:11:36.526] [bbotk]         cp minbucket minsplit       acq_ei  x_domain .already_evaluated
INFO  [18:11:36.526] [bbotk]  -8.331773  2.079443 1.757777 0.0001115731 <list[3]>              FALSE
INFO  [18:11:36.526] [bbotk]  classif.bbrier warnings errors runtime_learners
INFO  [18:11:36.526] [bbotk]         0.11805        0      0            0.327
INFO  [18:11:36.526] [bbotk]                                 uhash
INFO  [18:11:36.526] [bbotk]  b3d53f82-11ff-41ae-8af4-16e7cf12e3e6
INFO  [18:11:38.789] [bbotk] Evaluating 1 configuration(s)
INFO  [18:11:39.272] [bbotk] Result of batch 42:
INFO  [18:11:39.284] [bbotk]        cp minbucket minsplit       acq_ei  x_domain .already_evaluated
INFO  [18:11:39.284] [bbotk]  -6.33534  2.114107 2.571458 8.963151e-05 <list[3]>              FALSE
INFO  [18:11:39.284] [bbotk]  classif.bbrier warnings errors runtime_learners
INFO  [18:11:39.284] [bbotk]       0.1171887        0      0            0.237
INFO  [18:11:39.284] [bbotk]                                 uhash
INFO  [18:11:39.284] [bbotk]  ae9c3295-bb58-486d-8c6e-5d25b3a90f64
INFO  [18:11:41.609] [bbotk] Evaluating 1 configuration(s)
INFO  [18:11:42.008] [bbotk] Result of batch 43:
INFO  [18:11:42.026] [bbotk]         cp minbucket minsplit       acq_ei  x_domain .already_evaluated
INFO  [18:11:42.026] [bbotk]  -6.336537   2.12424  2.50015 8.151503e-05 <list[3]>              FALSE
INFO  [18:11:42.026] [bbotk]  classif.bbrier warnings errors runtime_learners
INFO  [18:11:42.026] [bbotk]       0.1171887        0      0            0.146
INFO  [18:11:42.026] [bbotk]                                 uhash
INFO  [18:11:42.026] [bbotk]  f3b4ca9e-3b8a-467e-8bb8-49bcb0a28366
INFO  [18:11:44.700] [bbotk] Evaluating 1 configuration(s)
INFO  [18:11:45.180] [bbotk] Result of batch 44:
INFO  [18:11:45.203] [bbotk]         cp minbucket minsplit       acq_ei  x_domain .already_evaluated
INFO  [18:11:45.203] [bbotk]  -6.463928   2.14185 2.515127 7.084099e-05 <list[3]>              FALSE
INFO  [18:11:45.203] [bbotk]  classif.bbrier warnings errors runtime_learners
INFO  [18:11:45.203] [bbotk]       0.1181515        0      0             0.21
INFO  [18:11:45.203] [bbotk]                                 uhash
INFO  [18:11:45.203] [bbotk]  5e677052-4884-4306-8978-618e7cfcad9e
INFO  [18:11:47.619] [bbotk] Evaluating 1 configuration(s)
INFO  [18:11:48.000] [bbotk] Result of batch 45:
INFO  [18:11:48.021] [bbotk]         cp minbucket minsplit       acq_ei  x_domain .already_evaluated
INFO  [18:11:48.021] [bbotk]  -6.254065  2.019768 2.090645 9.450163e-05 <list[3]>              FALSE
INFO  [18:11:48.021] [bbotk]  classif.bbrier warnings errors runtime_learners
INFO  [18:11:48.021] [bbotk]       0.1178035        0      0            0.174
INFO  [18:11:48.021] [bbotk]                                 uhash
INFO  [18:11:48.021] [bbotk]  cbe10d62-1958-4d90-be15-3531baf5bcf2
INFO  [18:11:50.330] [bbotk] Evaluating 1 configuration(s)
INFO  [18:11:50.689] [bbotk] Result of batch 46:
INFO  [18:11:50.701] [bbotk]         cp minbucket minsplit       acq_ei  x_domain .already_evaluated
INFO  [18:11:50.701] [bbotk]  -6.302585  2.147052  2.69851 6.283418e-05 <list[3]>              FALSE
INFO  [18:11:50.701] [bbotk]  classif.bbrier warnings errors runtime_learners
INFO  [18:11:50.701] [bbotk]       0.1174331        0      0            0.155
INFO  [18:11:50.701] [bbotk]                                 uhash
INFO  [18:11:50.701] [bbotk]  dd7aea96-dc20-4560-a62c-3eb857856e99
INFO  [18:11:53.416] [bbotk] Evaluating 1 configuration(s)
INFO  [18:11:53.921] [bbotk] Result of batch 47:
INFO  [18:11:53.934] [bbotk]         cp minbucket minsplit       acq_ei  x_domain .already_evaluated
INFO  [18:11:53.934] [bbotk]  -6.219675  1.961704 1.946241 4.975771e-05 <list[3]>              FALSE
INFO  [18:11:53.934] [bbotk]  classif.bbrier warnings errors runtime_learners
INFO  [18:11:53.934] [bbotk]       0.1178035        0      0            0.217
INFO  [18:11:53.934] [bbotk]                                 uhash
INFO  [18:11:53.934] [bbotk]  e8577fd4-9075-4576-a30a-7acdf8c90762
INFO  [18:11:56.845] [bbotk] Evaluating 1 configuration(s)
INFO  [18:11:57.196] [bbotk] Result of batch 48:
INFO  [18:11:57.210] [bbotk]         cp minbucket minsplit       acq_ei  x_domain .already_evaluated
INFO  [18:11:57.210] [bbotk]  -8.942945  2.021383 1.775741 4.242916e-05 <list[3]>              FALSE
INFO  [18:11:57.210] [bbotk]  classif.bbrier warnings errors runtime_learners
INFO  [18:11:57.210] [bbotk]       0.1191382        0      0            0.145
INFO  [18:11:57.210] [bbotk]                                 uhash
INFO  [18:11:57.210] [bbotk]  ad619bf7-fd6a-466d-9887-b7cbd2d5d8eb
INFO  [18:11:59.873] [bbotk] Evaluating 1 configuration(s)
INFO  [18:12:00.319] [bbotk] Result of batch 49:
INFO  [18:12:00.331] [bbotk]         cp minbucket minsplit       acq_ei  x_domain .already_evaluated
INFO  [18:12:00.331] [bbotk]  -6.274957  2.003828 2.403171 4.579134e-05 <list[3]>              FALSE
INFO  [18:12:00.331] [bbotk]  classif.bbrier warnings errors runtime_learners
INFO  [18:12:00.331] [bbotk]       0.1178035        0      0            0.206
INFO  [18:12:00.331] [bbotk]                                 uhash
INFO  [18:12:00.331] [bbotk]  a24e5ec3-dd4b-440b-97a8-0f34d055fbe9
INFO  [18:12:03.050] [bbotk] Evaluating 1 configuration(s)
INFO  [18:12:03.622] [bbotk] Result of batch 50:
INFO  [18:12:03.648] [bbotk]         cp minbucket minsplit       acq_ei  x_domain .already_evaluated
INFO  [18:12:03.648] [bbotk]  -6.235972  2.082463 2.280214 3.803185e-05 <list[3]>              FALSE
INFO  [18:12:03.648] [bbotk]  classif.bbrier warnings errors runtime_learners
INFO  [18:12:03.648] [bbotk]       0.1174331        0      0             0.31
INFO  [18:12:03.648] [bbotk]                                 uhash
INFO  [18:12:03.648] [bbotk]  1c705f00-15bf-4f8b-acc4-64dedea6c4cb
INFO  [18:12:06.154] [bbotk] Evaluating 1 configuration(s)
INFO  [18:12:06.702] [bbotk] Result of batch 51:
INFO  [18:12:06.728] [bbotk]         cp minbucket minsplit       acq_ei  x_domain .already_evaluated
INFO  [18:12:06.728] [bbotk]  -6.262979  2.243596 2.647189 3.710352e-05 <list[3]>              FALSE
INFO  [18:12:06.728] [bbotk]  classif.bbrier warnings errors runtime_learners
INFO  [18:12:06.728] [bbotk]       0.1173856        0      0            0.173
INFO  [18:12:06.728] [bbotk]                                 uhash
INFO  [18:12:06.728] [bbotk]  894cf8a6-2e24-4202-85c2-afafe51f074f
WARN  [18:12:07.206] [mlr3] train: Stopped because hard maximum generation limit was hit.
INFO  [18:12:09.467] [bbotk] Evaluating 1 configuration(s)
INFO  [18:12:10.073] [bbotk] Result of batch 52:
INFO  [18:12:10.094] [bbotk]         cp minbucket minsplit      acq_ei  x_domain .already_evaluated
INFO  [18:12:10.094] [bbotk]  -6.400716  2.176492 2.479683 4.38187e-05 <list[3]>              FALSE
INFO  [18:12:10.094] [bbotk]  classif.bbrier warnings errors runtime_learners
INFO  [18:12:10.094] [bbotk]       0.1171887        0      0            0.338
INFO  [18:12:10.094] [bbotk]                                 uhash
INFO  [18:12:10.094] [bbotk]  ce0f7be5-541c-4b95-b970-c0cc74071c70
INFO  [18:12:12.534] [bbotk] Evaluating 1 configuration(s)
INFO  [18:12:12.988] [bbotk] Result of batch 53:
INFO  [18:12:13.024] [bbotk]        cp minbucket minsplit       acq_ei  x_domain .already_evaluated
INFO  [18:12:13.024] [bbotk]  -6.41374  2.165642 2.641252 4.464089e-05 <list[3]>              FALSE
INFO  [18:12:13.024] [bbotk]  classif.bbrier warnings errors runtime_learners
INFO  [18:12:13.024] [bbotk]       0.1171887        0      0            0.196
INFO  [18:12:13.024] [bbotk]                                 uhash
INFO  [18:12:13.024] [bbotk]  7045d83c-9003-4670-bbd4-27fc0eb83d0f
WARN  [18:12:13.455] [mlr3] train: Stopped because hard maximum generation limit was hit.
INFO  [18:12:15.544] [bbotk] Evaluating 1 configuration(s)
INFO  [18:12:15.972] [bbotk] Result of batch 54:
INFO  [18:12:15.996] [bbotk]         cp minbucket minsplit      acq_ei  x_domain .already_evaluated
INFO  [18:12:15.996] [bbotk]  -6.243498  1.622393 1.124232 4.74482e-05 <list[3]>              FALSE
INFO  [18:12:15.996] [bbotk]  classif.bbrier warnings errors runtime_learners
INFO  [18:12:15.996] [bbotk]       0.1185196        0      0             0.19
INFO  [18:12:15.996] [bbotk]                                 uhash
INFO  [18:12:15.996] [bbotk]  7970a388-f267-468a-8588-1079ed36f301
INFO  [18:12:18.689] [bbotk] Evaluating 1 configuration(s)
INFO  [18:12:19.208] [bbotk] Result of batch 55:
INFO  [18:12:19.233] [bbotk]         cp minbucket minsplit       acq_ei  x_domain .already_evaluated
INFO  [18:12:19.233] [bbotk]  -6.519672  2.170648 2.597784 3.256554e-05 <list[3]>              FALSE
INFO  [18:12:19.233] [bbotk]  classif.bbrier warnings errors runtime_learners
INFO  [18:12:19.233] [bbotk]       0.1178994        0      0            0.282
INFO  [18:12:19.233] [bbotk]                                 uhash
INFO  [18:12:19.233] [bbotk]  e861e88d-b765-4b5a-81aa-96b39d62684d
INFO  [18:12:21.695] [bbotk] Evaluating 1 configuration(s)
INFO  [18:12:22.069] [bbotk] Result of batch 56:
INFO  [18:12:22.096] [bbotk]        cp minbucket minsplit       acq_ei  x_domain .already_evaluated
INFO  [18:12:22.096] [bbotk]  -6.31208  2.164004 2.800099 3.731622e-05 <list[3]>              FALSE
INFO  [18:12:22.096] [bbotk]  classif.bbrier warnings errors runtime_learners
INFO  [18:12:22.096] [bbotk]       0.1174331        0      0             0.14
INFO  [18:12:22.096] [bbotk]                                 uhash
INFO  [18:12:22.096] [bbotk]  9d73be16-f67e-4875-8fc7-3882d44f1938
INFO  [18:12:25.275] [bbotk] Evaluating 1 configuration(s)
INFO  [18:12:25.715] [bbotk] Result of batch 57:
INFO  [18:12:25.744] [bbotk]         cp minbucket minsplit       acq_ei  x_domain .already_evaluated
INFO  [18:12:25.744] [bbotk]  -6.306333  2.110035 2.351685 3.909588e-05 <list[3]>              FALSE
INFO  [18:12:25.744] [bbotk]  classif.bbrier warnings errors runtime_learners
INFO  [18:12:25.744] [bbotk]       0.1174331        0      0            0.189
INFO  [18:12:25.744] [bbotk]                                 uhash
INFO  [18:12:25.744] [bbotk]  0ba1ca1d-b1ab-4caa-b678-86ea282feb4b
INFO  [18:12:28.575] [bbotk] Evaluating 1 configuration(s)
INFO  [18:12:28.996] [bbotk] Result of batch 58:
INFO  [18:12:29.022] [bbotk]         cp minbucket minsplit       acq_ei  x_domain .already_evaluated
INFO  [18:12:29.022] [bbotk]  -6.322192  2.163722 2.615097 4.208793e-05 <list[3]>              FALSE
INFO  [18:12:29.022] [bbotk]  classif.bbrier warnings errors runtime_learners
INFO  [18:12:29.022] [bbotk]       0.1171887        0      0            0.139
INFO  [18:12:29.022] [bbotk]                                 uhash
INFO  [18:12:29.022] [bbotk]  7b91c3f7-4acd-45fa-8646-8533b39ef29b
INFO  [18:12:31.694] [bbotk] Evaluating 1 configuration(s)
INFO  [18:12:32.095] [bbotk] Result of batch 59:
INFO  [18:12:32.115] [bbotk]         cp minbucket minsplit       acq_ei  x_domain .already_evaluated
INFO  [18:12:32.115] [bbotk]  -9.112504  2.424982 4.845829 4.017535e-05 <list[3]>              FALSE
INFO  [18:12:32.115] [bbotk]  classif.bbrier warnings errors runtime_learners
INFO  [18:12:32.115] [bbotk]       0.1306317        0      0            0.167
INFO  [18:12:32.115] [bbotk]                                 uhash
INFO  [18:12:32.115] [bbotk]  ef41ee05-ddae-422f-89ea-72f9bc3c5994
WARN  [18:12:32.560] [mlr3] train: Stopped because hard maximum generation limit was hit.
INFO  [18:12:34.970] [bbotk] Evaluating 1 configuration(s)
INFO  [18:12:35.322] [bbotk] Result of batch 60:
INFO  [18:12:35.349] [bbotk]         cp minbucket  minsplit       acq_ei  x_domain .already_evaluated
INFO  [18:12:35.349] [bbotk]  -8.850604  4.118548 0.7204138 4.820579e-05 <list[3]>              FALSE
INFO  [18:12:35.349] [bbotk]  classif.bbrier warnings errors runtime_learners
INFO  [18:12:35.349] [bbotk]       0.1359623        0      0            0.129
INFO  [18:12:35.349] [bbotk]                                 uhash
INFO  [18:12:35.349] [bbotk]  da5e97d5-563d-48a2-aa57-8735d7cd0765
WARN  [18:12:35.775] [mlr3] train: Stopped because hard maximum generation limit was hit.
INFO  [18:12:38.014] [bbotk] Evaluating 1 configuration(s)
INFO  [18:12:38.486] [bbotk] Result of batch 61:
INFO  [18:12:38.796] [bbotk]         cp minbucket minsplit       acq_ei  x_domain .already_evaluated
INFO  [18:12:38.796] [bbotk]  -6.379916   2.17584 2.687329 4.014499e-05 <list[3]>              FALSE
INFO  [18:12:38.796] [bbotk]  classif.bbrier warnings errors runtime_learners
INFO  [18:12:38.796] [bbotk]       0.1171887        0      0            0.219
INFO  [18:12:38.796] [bbotk]                                 uhash
INFO  [18:12:38.796] [bbotk]  0a7e0286-9ae1-42f1-8c24-bb3712ca8491
WARN  [18:12:39.485] [mlr3] train: Stopped because hard maximum generation limit was hit.
INFO  [18:12:41.711] [bbotk] Evaluating 1 configuration(s)
INFO  [18:12:42.280] [bbotk] Result of batch 62:
INFO  [18:12:42.300] [bbotk]         cp minbucket minsplit       acq_ei  x_domain .already_evaluated
INFO  [18:12:42.300] [bbotk]  -6.298615  2.259847 2.687479 3.614534e-05 <list[3]>              FALSE
INFO  [18:12:42.300] [bbotk]  classif.bbrier warnings errors runtime_learners
INFO  [18:12:42.300] [bbotk]       0.1173856        0      0            0.224
INFO  [18:12:42.300] [bbotk]                                 uhash
INFO  [18:12:42.300] [bbotk]  a50f85d7-1292-4541-8f89-e4127d008680
WARN  [18:12:42.781] [mlr3] train: Stopped because hard maximum generation limit was hit.
INFO  [18:12:45.050] [bbotk] Evaluating 1 configuration(s)
INFO  [18:12:45.506] [bbotk] Result of batch 63:
INFO  [18:12:45.529] [bbotk]         cp minbucket minsplit       acq_ei  x_domain .already_evaluated
INFO  [18:12:45.529] [bbotk]  -6.435479  2.177469 2.703231 3.102119e-05 <list[3]>              FALSE
INFO  [18:12:45.529] [bbotk]  classif.bbrier warnings errors runtime_learners
INFO  [18:12:45.529] [bbotk]       0.1181515        0      0            0.201
INFO  [18:12:45.529] [bbotk]                                 uhash
INFO  [18:12:45.529] [bbotk]  7e7a1b66-3ce4-42a2-83b8-7f6ed364c5b5
WARN  [18:12:45.945] [mlr3] train: Stopped because hard maximum generation limit was hit.
INFO  [18:12:48.175] [bbotk] Evaluating 1 configuration(s)
INFO  [18:12:48.613] [bbotk] Result of batch 64:
INFO  [18:12:48.634] [bbotk]         cp  minbucket minsplit       acq_ei  x_domain .already_evaluated
INFO  [18:12:48.634] [bbotk]  -6.187771 0.05197918 1.974874 4.251194e-05 <list[3]>              FALSE
INFO  [18:12:48.634] [bbotk]  classif.bbrier warnings errors runtime_learners
INFO  [18:12:48.634] [bbotk]       0.1207434        0      0            0.206
INFO  [18:12:48.634] [bbotk]                                 uhash
INFO  [18:12:48.634] [bbotk]  d5d4daff-bc74-4e97-804d-765acdfb86fc
WARN  [18:12:49.395] [mlr3] train: Stopped because hard maximum generation limit was hit.
INFO  [18:12:51.687] [bbotk] Evaluating 1 configuration(s)
INFO  [18:12:52.117] [bbotk] Result of batch 65:
INFO  [18:12:52.141] [bbotk]         cp minbucket minsplit      acq_ei  x_domain .already_evaluated
INFO  [18:12:52.141] [bbotk]  -6.318449  2.137049 2.812416 2.70175e-05 <list[3]>              FALSE
INFO  [18:12:52.141] [bbotk]  classif.bbrier warnings errors runtime_learners
INFO  [18:12:52.141] [bbotk]       0.1171887        0      0            0.177
INFO  [18:12:52.141] [bbotk]                                 uhash
INFO  [18:12:52.141] [bbotk]  bb45d112-7fe4-4143-b3b4-d9701046a5b9
WARN  [18:12:52.777] [mlr3] train: Stopped because hard maximum generation limit was hit.
INFO  [18:12:54.825] [bbotk] Evaluating 1 configuration(s)
INFO  [18:12:55.322] [bbotk] Result of batch 66:
INFO  [18:12:55.339] [bbotk]         cp minbucket minsplit       acq_ei  x_domain .already_evaluated
INFO  [18:12:55.339] [bbotk]  -6.291823  2.129062  2.73429 3.374653e-05 <list[3]>              FALSE
INFO  [18:12:55.339] [bbotk]  classif.bbrier warnings errors runtime_learners
INFO  [18:12:55.339] [bbotk]       0.1174331        0      0            0.255
INFO  [18:12:55.339] [bbotk]                                 uhash
INFO  [18:12:55.339] [bbotk]  63cdf2e2-a770-4eb5-9204-6491de7aa19a
INFO  [18:12:58.275] [bbotk] Evaluating 1 configuration(s)
INFO  [18:12:58.729] [bbotk] Result of batch 67:
INFO  [18:12:58.746] [bbotk]         cp minbucket minsplit      acq_ei  x_domain .already_evaluated
INFO  [18:12:58.746] [bbotk]  -6.301941  2.186605 2.564338 4.54912e-05 <list[3]>              FALSE
INFO  [18:12:58.746] [bbotk]  classif.bbrier warnings errors runtime_learners
INFO  [18:12:58.746] [bbotk]       0.1174331        0      0            0.192
INFO  [18:12:58.746] [bbotk]                                 uhash
INFO  [18:12:58.746] [bbotk]  629cf12e-7577-4b4a-b922-ddef1f460f8d
WARN  [18:12:59.248] [mlr3] train: Stopped because hard maximum generation limit was hit.
INFO  [18:13:01.462] [bbotk] Evaluating 1 configuration(s)
INFO  [18:13:02.048] [bbotk] Result of batch 68:
INFO  [18:13:02.090] [bbotk]       cp minbucket minsplit       acq_ei  x_domain .already_evaluated
INFO  [18:13:02.090] [bbotk]  -6.3623  2.190139 2.753843 3.201152e-05 <list[3]>              FALSE
INFO  [18:13:02.090] [bbotk]  classif.bbrier warnings errors runtime_learners
INFO  [18:13:02.090] [bbotk]       0.1171887        0      0            0.291
INFO  [18:13:02.090] [bbotk]                                 uhash
INFO  [18:13:02.090] [bbotk]  43d960c2-223e-4464-b214-167633a8076c
WARN  [18:13:02.594] [mlr3] train: Stopped because hard maximum generation limit was hit.
INFO  [18:13:04.826] [bbotk] Evaluating 1 configuration(s)
INFO  [18:13:05.213] [bbotk] Result of batch 69:
INFO  [18:13:05.227] [bbotk]         cp minbucket minsplit       acq_ei  x_domain .already_evaluated
INFO  [18:13:05.227] [bbotk]  -6.329448   2.15215  2.58837 4.270718e-05 <list[3]>              FALSE
INFO  [18:13:05.227] [bbotk]  classif.bbrier warnings errors runtime_learners
INFO  [18:13:05.227] [bbotk]       0.1171887        0      0            0.136
INFO  [18:13:05.227] [bbotk]                                 uhash
INFO  [18:13:05.227] [bbotk]  49e451e5-93d2-4b0e-97ef-b0ec8569d09c
WARN  [18:13:05.920] [mlr3] train: Stopped because hard maximum generation limit was hit.
INFO  [18:13:08.365] [bbotk] Evaluating 1 configuration(s)
INFO  [18:13:08.781] [bbotk] Result of batch 70:
INFO  [18:13:08.800] [bbotk]         cp minbucket minsplit       acq_ei  x_domain .already_evaluated
INFO  [18:13:08.800] [bbotk]  -6.274262  2.148223  2.71064 3.356338e-05 <list[3]>              FALSE
INFO  [18:13:08.800] [bbotk]  classif.bbrier warnings errors runtime_learners
INFO  [18:13:08.800] [bbotk]       0.1174331        0      0            0.165
INFO  [18:13:08.800] [bbotk]                                 uhash
INFO  [18:13:08.800] [bbotk]  220761ba-2e7a-40ee-838c-34cab4cccfb7
WARN  [18:13:09.549] [mlr3] train: Stopped because hard maximum generation limit was hit.
INFO  [18:13:11.751] [bbotk] Evaluating 1 configuration(s)
INFO  [18:13:12.129] [bbotk] Result of batch 71:
INFO  [18:13:12.163] [bbotk]         cp minbucket minsplit       acq_ei  x_domain .already_evaluated
INFO  [18:13:12.163] [bbotk]  -6.249087  2.239784 2.777529 3.080602e-05 <list[3]>              FALSE
INFO  [18:13:12.163] [bbotk]  classif.bbrier warnings errors runtime_learners
INFO  [18:13:12.163] [bbotk]       0.1173856        0      0             0.14
INFO  [18:13:12.163] [bbotk]                                 uhash
INFO  [18:13:12.163] [bbotk]  54f265cf-fae7-4944-8393-5e672c4a16a3
WARN  [18:13:12.846] [mlr3] train: Stopped because hard maximum generation limit was hit.
INFO  [18:13:14.992] [bbotk] Evaluating 1 configuration(s)
INFO  [18:13:15.403] [bbotk] Result of batch 72:
INFO  [18:13:15.432] [bbotk]         cp minbucket  minsplit       acq_ei  x_domain .already_evaluated
INFO  [18:13:15.432] [bbotk]  -8.308426  2.164197 0.8887496 2.406825e-05 <list[3]>              FALSE
INFO  [18:13:15.432] [bbotk]  classif.bbrier warnings errors runtime_learners
INFO  [18:13:15.432] [bbotk]         0.11805        0      0            0.157
INFO  [18:13:15.432] [bbotk]                                 uhash
INFO  [18:13:15.432] [bbotk]  988773af-bb47-4c92-b25e-f097c070f225
WARN  [18:13:16.308] [mlr3] train: Stopped because hard maximum generation limit was hit.
INFO  [18:13:18.686] [bbotk] Evaluating 1 configuration(s)
INFO  [18:13:19.139] [bbotk] Result of batch 73:
INFO  [18:13:19.156] [bbotk]         cp minbucket minsplit       acq_ei  x_domain .already_evaluated
INFO  [18:13:19.156] [bbotk]  -6.254912  2.195889 2.822687 2.700237e-05 <list[3]>              FALSE
INFO  [18:13:19.156] [bbotk]  classif.bbrier warnings errors runtime_learners
INFO  [18:13:19.156] [bbotk]       0.1174331        0      0            0.186
INFO  [18:13:19.156] [bbotk]                                 uhash
INFO  [18:13:19.156] [bbotk]  0946fc46-7ee3-4752-b496-72bae7188d00
WARN  [18:13:20.176] [mlr3] train: Stopped because hard maximum generation limit was hit.
INFO  [18:13:22.481] [bbotk] Evaluating 1 configuration(s)
INFO  [18:13:22.976] [bbotk] Result of batch 74:
INFO  [18:13:22.994] [bbotk]        cp minbucket minsplit       acq_ei  x_domain .already_evaluated
INFO  [18:13:22.994] [bbotk]  -6.38372  2.203022  2.62836 2.789677e-05 <list[3]>              FALSE
INFO  [18:13:22.994] [bbotk]  classif.bbrier warnings errors runtime_learners
INFO  [18:13:22.994] [bbotk]       0.1165225        0      0            0.216
INFO  [18:13:22.994] [bbotk]                                 uhash
INFO  [18:13:22.994] [bbotk]  f46cabfa-f271-458f-a7a4-335251d133a4
WARN  [18:13:23.681] [mlr3] train: Stopped because hard maximum generation limit was hit.
INFO  [18:13:26.274] [bbotk] Evaluating 1 configuration(s)
INFO  [18:13:26.686] [bbotk] Result of batch 75:
INFO  [18:13:26.701] [bbotk]         cp minbucket minsplit      acq_ei  x_domain .already_evaluated
INFO  [18:13:26.701] [bbotk]  -5.493627  4.138501 3.175997 6.01117e-06 <list[3]>              FALSE
INFO  [18:13:26.701] [bbotk]  classif.bbrier warnings errors runtime_learners
INFO  [18:13:26.701] [bbotk]       0.1359655        0      0            0.157
INFO  [18:13:26.701] [bbotk]                                 uhash
INFO  [18:13:26.701] [bbotk]  e4b3eeea-1060-4302-a98e-aadeab8f006d
INFO  [18:13:29.956] [bbotk] Evaluating 1 configuration(s)
INFO  [18:13:30.420] [bbotk] Result of batch 76:
INFO  [18:13:30.438] [bbotk]         cp minbucket minsplit       acq_ei  x_domain .already_evaluated
INFO  [18:13:30.438] [bbotk]  -7.854396 0.4103257 3.165973 2.859227e-06 <list[3]>              FALSE
INFO  [18:13:30.438] [bbotk]  classif.bbrier warnings errors runtime_learners
INFO  [18:13:30.438] [bbotk]       0.1190359        0      0             0.23
INFO  [18:13:30.438] [bbotk]                                 uhash
INFO  [18:13:30.438] [bbotk]  1f6e6dc2-91e3-48f0-b939-07a6dd14ccd9
WARN  [18:13:31.312] [mlr3] train: Stopped because hard maximum generation limit was hit.
INFO  [18:13:33.702] [bbotk] Evaluating 1 configuration(s)
INFO  [18:13:34.113] [bbotk] Result of batch 77:
INFO  [18:13:34.146] [bbotk]         cp minbucket  minsplit       acq_ei  x_domain .already_evaluated
INFO  [18:13:34.146] [bbotk]  -5.725089  1.479705 0.6946046 1.995374e-06 <list[3]>              FALSE
INFO  [18:13:34.146] [bbotk]  classif.bbrier warnings errors runtime_learners
INFO  [18:13:34.146] [bbotk]       0.1233079        0      0            0.162
INFO  [18:13:34.146] [bbotk]                                 uhash
INFO  [18:13:34.146] [bbotk]  603b9a4e-a16b-4bc1-a819-5c294cfce550
INFO  [18:13:36.924] [bbotk] Evaluating 1 configuration(s)
INFO  [18:13:37.277] [bbotk] Result of batch 78:
INFO  [18:13:37.297] [bbotk]         cp minbucket  minsplit       acq_ei  x_domain .already_evaluated
INFO  [18:13:37.297] [bbotk]  -7.105737  2.081398 0.8663671 2.773822e-06 <list[3]>              FALSE
INFO  [18:13:37.297] [bbotk]  classif.bbrier warnings errors runtime_learners
INFO  [18:13:37.297] [bbotk]       0.1179577        0      0            0.146
INFO  [18:13:37.297] [bbotk]                                 uhash
INFO  [18:13:37.297] [bbotk]  3db6e1cf-6ee1-4ae3-9a7b-f074682666fc
WARN  [18:13:38.114] [mlr3] train: Stopped because hard maximum generation limit was hit.
INFO  [18:13:40.453] [bbotk] Evaluating 1 configuration(s)
INFO  [18:13:40.923] [bbotk] Result of batch 79:
INFO  [18:13:40.961] [bbotk]         cp minbucket  minsplit       acq_ei  x_domain .already_evaluated
INFO  [18:13:40.961] [bbotk]  -6.553666  1.778291 0.7296984 6.497565e-06 <list[3]>              FALSE
INFO  [18:13:40.961] [bbotk]  classif.bbrier warnings errors runtime_learners
INFO  [18:13:40.961] [bbotk]       0.1186267        0      0            0.192
INFO  [18:13:40.961] [bbotk]                                 uhash
INFO  [18:13:40.961] [bbotk]  20866493-e560-46e9-9fb4-60161a3f0202
WARN  [18:13:41.621] [mlr3] train: Stopped because hard maximum generation limit was hit.
INFO  [18:13:43.905] [bbotk] Evaluating 1 configuration(s)
INFO  [18:13:44.388] [bbotk] Result of batch 80:
INFO  [18:13:44.397] [bbotk]         cp minbucket minsplit       acq_ei  x_domain .already_evaluated
INFO  [18:13:44.397] [bbotk]  -7.483439  2.074848 2.879805 2.270386e-06 <list[3]>              FALSE
INFO  [18:13:44.397] [bbotk]  classif.bbrier warnings errors runtime_learners
INFO  [18:13:44.397] [bbotk]       0.1190711        0      0            0.171
INFO  [18:13:44.397] [bbotk]                                 uhash
INFO  [18:13:44.397] [bbotk]  91a311ed-6e3c-46f1-8675-9a006e0487ce
INFO  [18:13:47.518] [bbotk] Evaluating 1 configuration(s)
INFO  [18:13:47.953] [bbotk] Result of batch 81:
INFO  [18:13:47.990] [bbotk]         cp minbucket minsplit       acq_ei  x_domain .already_evaluated
INFO  [18:13:47.990] [bbotk]  -7.363289  2.109109  1.40431 9.060366e-06 <list[3]>              FALSE
INFO  [18:13:47.990] [bbotk]  classif.bbrier warnings errors runtime_learners
INFO  [18:13:47.990] [bbotk]       0.1173916        0      0            0.207
INFO  [18:13:47.990] [bbotk]                                 uhash
INFO  [18:13:47.990] [bbotk]  6c158318-bb5d-4a27-911a-0d956d1ab356
INFO  [18:13:51.337] [bbotk] Evaluating 1 configuration(s)
INFO  [18:13:51.774] [bbotk] Result of batch 82:
INFO  [18:13:51.792] [bbotk]         cp minbucket minsplit       acq_ei  x_domain .already_evaluated
INFO  [18:13:51.792] [bbotk]  -6.454103  2.036242  1.46387 6.247166e-06 <list[3]>              FALSE
INFO  [18:13:51.792] [bbotk]  classif.bbrier warnings errors runtime_learners
INFO  [18:13:51.792] [bbotk]       0.1178316        0      0            0.141
INFO  [18:13:51.792] [bbotk]                                 uhash
INFO  [18:13:51.792] [bbotk]  80facad5-09ff-4022-830c-171c6fbf9fea
INFO  [18:13:54.871] [bbotk] Evaluating 1 configuration(s)
INFO  [18:13:55.375] [bbotk] Result of batch 83:
INFO  [18:13:55.388] [bbotk]         cp minbucket minsplit       acq_ei  x_domain .already_evaluated
INFO  [18:13:55.388] [bbotk]  -8.406289  2.141525 3.517628 2.112966e-06 <list[3]>              FALSE
INFO  [18:13:55.388] [bbotk]  classif.bbrier warnings errors runtime_learners
INFO  [18:13:55.388] [bbotk]       0.1196985        0      0            0.239
INFO  [18:13:55.388] [bbotk]                                 uhash
INFO  [18:13:55.388] [bbotk]  9be7e48d-6707-43e1-820d-c3a3808e3eb7
INFO  [18:13:58.600] [bbotk] Evaluating 1 configuration(s)
INFO  [18:13:59.065] [bbotk] Result of batch 84:
INFO  [18:13:59.078] [bbotk]         cp minbucket minsplit       acq_ei  x_domain .already_evaluated
INFO  [18:13:59.078] [bbotk]  -7.815236  2.130166 1.498331 3.488623e-06 <list[3]>              FALSE
INFO  [18:13:59.078] [bbotk]  classif.bbrier warnings errors runtime_learners
INFO  [18:13:59.078] [bbotk]         0.11805        0      0            0.242
INFO  [18:13:59.078] [bbotk]                                 uhash
INFO  [18:13:59.078] [bbotk]  cd1c9f6e-29e3-474d-9b13-b3777e7abbaa
WARN  [18:13:59.908] [mlr3] train: Stopped because hard maximum generation limit was hit.
INFO  [18:14:02.249] [bbotk] Evaluating 1 configuration(s)
INFO  [18:14:02.735] [bbotk] Result of batch 85:
INFO  [18:14:02.766] [bbotk]         cp   minbucket  minsplit       acq_ei  x_domain .already_evaluated
INFO  [18:14:02.766] [bbotk]  -7.332686 0.003554481 0.8361016 1.486749e-06 <list[3]>              FALSE
INFO  [18:14:02.766] [bbotk]  classif.bbrier warnings errors runtime_learners
INFO  [18:14:02.766] [bbotk]       0.1309722        0      0            0.258
INFO  [18:14:02.766] [bbotk]                                 uhash
INFO  [18:14:02.766] [bbotk]  5e0d478b-859f-4716-950a-fbaf2323ba79
INFO  [18:14:06.527] [bbotk] Evaluating 1 configuration(s)
INFO  [18:14:06.948] [bbotk] Result of batch 86:
INFO  [18:14:06.965] [bbotk]         cp  minbucket minsplit       acq_ei  x_domain .already_evaluated
INFO  [18:14:06.965] [bbotk]  -7.414607 0.05096543 3.143996 2.308328e-06 <list[3]>              FALSE
INFO  [18:14:06.965] [bbotk]  classif.bbrier warnings errors runtime_learners
INFO  [18:14:06.965] [bbotk]       0.1184768        0      0            0.164
INFO  [18:14:06.965] [bbotk]                                 uhash
INFO  [18:14:06.965] [bbotk]  e4da3c4c-fc55-45f4-962f-5a18c22ed224
WARN  [18:14:07.627] [mlr3] train: Stopped because hard maximum generation limit was hit.
INFO  [18:14:09.837] [bbotk] Evaluating 1 configuration(s)
INFO  [18:14:10.330] [bbotk] Result of batch 87:
INFO  [18:14:10.351] [bbotk]         cp minbucket minsplit       acq_ei  x_domain .already_evaluated
INFO  [18:14:10.351] [bbotk]  -9.202036 0.5175508 3.497506 2.194903e-06 <list[3]>              FALSE
INFO  [18:14:10.351] [bbotk]  classif.bbrier warnings errors runtime_learners
INFO  [18:14:10.351] [bbotk]        0.119305        0      0            0.213
INFO  [18:14:10.351] [bbotk]                                 uhash
INFO  [18:14:10.351] [bbotk]  dd905689-7ebb-49e6-ad25-eedf2803e510
WARN  [18:14:10.906] [mlr3] train: Stopped because hard maximum generation limit was hit.
INFO  [18:14:13.378] [bbotk] Evaluating 1 configuration(s)
INFO  [18:14:13.855] [bbotk] Result of batch 88:
INFO  [18:14:13.871] [bbotk]         cp minbucket minsplit       acq_ei  x_domain .already_evaluated
INFO  [18:14:13.871] [bbotk]  -9.176606  1.221163 3.563169 6.241772e-06 <list[3]>              FALSE
INFO  [18:14:13.871] [bbotk]  classif.bbrier warnings errors runtime_learners
INFO  [18:14:13.871] [bbotk]       0.1209558        0      0            0.213
INFO  [18:14:13.871] [bbotk]                                 uhash
INFO  [18:14:13.871] [bbotk]  d4538805-fd15-4538-8181-91623fb4aba6
WARN  [18:14:14.554] [mlr3] train: Stopped because hard maximum generation limit was hit.
INFO  [18:14:17.227] [bbotk] Evaluating 1 configuration(s)
INFO  [18:14:17.598] [bbotk] Result of batch 89:
INFO  [18:14:17.610] [bbotk]        cp minbucket minsplit       acq_ei  x_domain .already_evaluated
INFO  [18:14:17.610] [bbotk]  -9.19878 0.8265927 2.535222 3.711744e-06 <list[3]>              FALSE
INFO  [18:14:17.610] [bbotk]  classif.bbrier warnings errors runtime_learners
INFO  [18:14:17.610] [bbotk]       0.1201426        0      0            0.146
INFO  [18:14:17.610] [bbotk]                                 uhash
INFO  [18:14:17.610] [bbotk]  88fac4f6-df4e-48c4-813f-35f40a283453
WARN  [18:14:18.891] [mlr3] train: Stopped because hard maximum generation limit was hit.
INFO  [18:14:19.024] [bbotk] Finished optimizing after 100 evaluation(s)
INFO  [18:14:19.039] [bbotk] Result:
INFO  [18:14:19.055] [bbotk]        cp minbucket minsplit learner_param_vals  x_domain classif.bbrier
INFO  [18:14:19.055] [bbotk]     <num>     <num>    <num>             <list>    <list>          <num>
INFO  [18:14:19.055] [bbotk]  -6.38372  2.203022  2.62836          <list[4]> <list[3]>      0.1165225
Warning: glm.fit: fitted probabilities numerically 0 or 1 occurred
This happened PipeOp classif.rpart's $train()
Warning: glm.fit: fitted probabilities numerically 0 or 1 occurred
This happened PipeOp classif.rpart's $train()
[1] -62.97474
[1] -2.133846
Warning: glm.fit: fitted probabilities numerically 0 or 1 occurred
This happened PipeOp classif.rpart's $train()
[1] -59.63945
[1] -0.824524
Warning: glm.fit: fitted probabilities numerically 0 or 1 occurred
This happened PipeOp classif.rpart's $train()
[1] 0.7795169
[1] 48.53733
Warning: glm.fit: fitted probabilities numerically 0 or 1 occurred
This happened PipeOp classif.rpart's $train()
[1] -1.738424
[1] 38.62009
Warning: glm.fit: fitted probabilities numerically 0 or 1 occurred
This happened PipeOp classif.rpart's $train()
[1] -3.039527
[1] 34.35174

### [bt]: Job terminated successfully [batchtools job.id=1629]
### [bt]: Calculation finished!
