### [bt]: This is batchtools v0.9.17
### [bt]: Starting calculation of 1 jobs
### [bt]: Setting working directory to '/content/drive/MyDrive/GitHub/Mater_Thesis_Calibration'
Loading required package: mlr3verse
Loading required package: mlr3

Attaching package: ‘dplyr’

The following object is masked from ‘package:MASS’:

    select

The following object is masked from ‘package:mlr3misc’:

    cross_join

The following objects are masked from ‘package:stats’:

    filter, lag

The following objects are masked from ‘package:base’:

    intersect, setdiff, setequal, union


Attaching package: ‘batchtools’

The following object is masked from ‘package:mlr3misc’:

    chunk

Loading required package: randomForest
randomForest 4.7-1.2
Type rfNews() to see new features/changes/bug fixes.

Attaching package: ‘randomForest’

The following object is masked from ‘package:dplyr’:

    combine

The following object is masked from ‘package:ggplot2’:

    margin

Loading required package: ranger

Attaching package: ‘ranger’

The following object is masked from ‘package:randomForest’:

    importance

Loading required package: palmerpenguins
ece.R :
Friedmann_tasks.R :
Functions.R :
ici.R :
mse_feature_effects.R :
PipeOpCalibration_TuningExperiment.R :
PipeOpCalibration.R :
PipeOpCalibrationUnion.R :
### [bt]: Memory measurement disabled
### [bt]: Starting job [batchtools job.id=3246]
### [bt]: Generating problem instance for problem '7f16ca74b5d8776b' ...
### [bt]: Applying algorithm 'run_learner' on problem '7f16ca74b5d8776b' for job 3246 (seed = 3369) ...
INFO  [11:24:19.484] [mlr3] Applying learner 'glmnet TbC beta' on task 'churn' (iter 6/10)
INFO  [11:24:40.680] [bbotk] Starting to optimize 2 parameter(s) with '<OptimizerMbo>' and '<TerminatorEvals> [n_evals=100, k=0]'
INFO  [11:24:58.387] [bbotk] Evaluating 8 configuration(s)
INFO  [11:25:08.440] [bbotk] Result of batch 1:
INFO  [11:25:08.488] [bbotk]       alpha          s classif.bbrier warnings errors runtime_learners
INFO  [11:25:08.488] [bbotk]  0.88987464  4.1671486     0.12151415        0      0            2.094
INFO  [11:25:08.488] [bbotk]  0.38987467 -5.0431915     0.09517572        0      0            0.706
INFO  [11:25:08.488] [bbotk]  0.13987465  8.7723188     0.12151415        0      0            0.719
INFO  [11:25:08.488] [bbotk]  0.63987464 -0.4380211     0.12151415        0      0            0.694
INFO  [11:25:08.488] [bbotk]  0.76487464 -7.3457766     0.09535408        0      0            0.705
INFO  [11:25:08.488] [bbotk]  0.26487467  1.8645635     0.12151415        0      0            0.845
INFO  [11:25:08.488] [bbotk]  0.01487466 -2.7406062     0.09664234        0      0            0.806
INFO  [11:25:08.488] [bbotk]  0.51487464  6.4697337     0.12151415        0      0            0.670
INFO  [11:25:08.488] [bbotk]                                 uhash
INFO  [11:25:08.488] [bbotk]  e1ac0269-9a5c-44a5-a6a9-7d810f061bbc
INFO  [11:25:08.488] [bbotk]  2c88d51b-f660-43f0-9677-23e002bad1f0
INFO  [11:25:08.488] [bbotk]  cf2c031a-5730-48ba-99ec-c97c9c2a46b7
INFO  [11:25:08.488] [bbotk]  2391c81a-bd3c-42ff-9f52-9f08440fe264
INFO  [11:25:08.488] [bbotk]  59615acc-ffb0-4d25-a3b8-d5e8c8e45601
INFO  [11:25:08.488] [bbotk]  b76ac94d-a3b6-4bdc-931b-fc6c7637e65f
INFO  [11:25:08.488] [bbotk]  fbb2ec71-b3df-4887-a0df-e00d9be09862
INFO  [11:25:08.488] [bbotk]  4776dc67-a686-40ba-891c-d89304dd0951
INFO  [11:25:11.622] [bbotk] Evaluating 1 configuration(s)
INFO  [11:25:12.552] [bbotk] Result of batch 2:
INFO  [11:25:12.583] [bbotk]        alpha         s      acq_ei  x_domain .already_evaluated classif.bbrier
INFO  [11:25:12.583] [bbotk]  0.001535768 -7.476161 0.009564269 <list[2]>              FALSE     0.09545191
INFO  [11:25:12.583] [bbotk]  warnings errors runtime_learners                                uhash
INFO  [11:25:12.583] [bbotk]         0      0            0.721 1fe55323-9110-487a-9528-79301a73c33a
INFO  [11:25:15.168] [bbotk] Evaluating 1 configuration(s)
INFO  [11:25:16.496] [bbotk] Result of batch 3:
INFO  [11:25:16.592] [bbotk]        alpha       s      acq_ei  x_domain .already_evaluated classif.bbrier
INFO  [11:25:16.592] [bbotk]  0.007057955 -4.7625 0.003030093 <list[2]>              FALSE     0.09546767
INFO  [11:25:16.592] [bbotk]  warnings errors runtime_learners                                uhash
INFO  [11:25:16.592] [bbotk]         0      0             1.04 044612c0-3519-438f-8c22-d7cf1adbf714
INFO  [11:25:18.901] [bbotk] Evaluating 1 configuration(s)
INFO  [11:25:20.923] [bbotk] Result of batch 4:
INFO  [11:25:20.945] [bbotk]         alpha        s      acq_ei  x_domain .already_evaluated classif.bbrier
INFO  [11:25:20.945] [bbotk]  0.0007161943 8.502967 0.001369318 <list[2]>              FALSE      0.1215141
INFO  [11:25:20.945] [bbotk]  warnings errors runtime_learners                                uhash
INFO  [11:25:20.945] [bbotk]         0      0            1.478 390d37ec-76ce-4650-a56c-34913cc82bd9
INFO  [11:25:23.691] [bbotk] Evaluating 1 configuration(s)
INFO  [11:25:25.425] [bbotk] Result of batch 5:
INFO  [11:25:25.476] [bbotk]      alpha         s     acq_ei  x_domain .already_evaluated classif.bbrier
INFO  [11:25:25.476] [bbotk]  0.3676752 -6.426917 0.00113519 <list[2]>              FALSE     0.09535973
INFO  [11:25:25.476] [bbotk]  warnings errors runtime_learners                                uhash
INFO  [11:25:25.476] [bbotk]         0      0            1.314 ef2a7f0d-fa47-4988-af9f-d927a9cf1e00
INFO  [11:25:27.753] [bbotk] Evaluating 1 configuration(s)
INFO  [11:25:29.443] [bbotk] Result of batch 6:
INFO  [11:25:29.501] [bbotk]      alpha         s      acq_ei  x_domain .already_evaluated classif.bbrier
INFO  [11:25:29.501] [bbotk]  0.3663489 -9.190222 0.001057337 <list[2]>              FALSE     0.09542013
INFO  [11:25:29.501] [bbotk]  warnings errors runtime_learners                                uhash
INFO  [11:25:29.501] [bbotk]         0      0            1.247 611b547b-62e5-422c-a67d-5a62e817e18a
INFO  [11:25:32.435] [bbotk] Evaluating 1 configuration(s)
INFO  [11:25:33.772] [bbotk] Result of batch 7:
INFO  [11:25:33.796] [bbotk]       alpha       s       acq_ei  x_domain .already_evaluated classif.bbrier
INFO  [11:25:33.796] [bbotk]  0.09584047 -3.7979 0.0008383396 <list[2]>              FALSE     0.09558009
INFO  [11:25:33.796] [bbotk]  warnings errors runtime_learners                                uhash
INFO  [11:25:33.796] [bbotk]         0      0             1.02 7b4fcf16-82cd-4fe0-aa52-c7827ff84685
INFO  [11:25:36.583] [bbotk] Evaluating 1 configuration(s)
INFO  [11:25:37.959] [bbotk] Result of batch 8:
INFO  [11:25:37.986] [bbotk]      alpha         s       acq_ei  x_domain .already_evaluated classif.bbrier
INFO  [11:25:37.986] [bbotk]  0.4068314 -8.114824 0.0006719612 <list[2]>              FALSE     0.09541575
INFO  [11:25:37.986] [bbotk]  warnings errors runtime_learners                                uhash
INFO  [11:25:37.986] [bbotk]         0      0            0.927 9bc36aad-5116-4e19-8344-1c8a64a65649
INFO  [11:25:40.260] [bbotk] Evaluating 1 configuration(s)
INFO  [11:25:41.975] [bbotk] Result of batch 9:
INFO  [11:25:42.058] [bbotk]      alpha         s       acq_ei  x_domain .already_evaluated classif.bbrier
INFO  [11:25:42.058] [bbotk]  0.9980434 -5.513297 0.0006708056 <list[2]>              FALSE     0.09506448
INFO  [11:25:42.058] [bbotk]  warnings errors runtime_learners                                uhash
INFO  [11:25:42.058] [bbotk]         0      0            1.347 592d2055-aa98-43be-b1b8-bbabfea7d8f8
INFO  [11:25:44.528] [bbotk] Evaluating 1 configuration(s)
INFO  [11:25:45.808] [bbotk] Result of batch 10:
INFO  [11:25:45.854] [bbotk]        alpha         s       acq_ei  x_domain .already_evaluated classif.bbrier
INFO  [11:25:45.854] [bbotk]  0.005378725 -9.124821 0.0003839429 <list[2]>              FALSE     0.09543431
INFO  [11:25:45.854] [bbotk]  warnings errors runtime_learners                                uhash
INFO  [11:25:45.854] [bbotk]         0      0            0.902 79a6519c-3e39-4f75-934e-a13a722e65f1
INFO  [11:25:48.303] [bbotk] Evaluating 1 configuration(s)
INFO  [11:25:49.804] [bbotk] Result of batch 11:
INFO  [11:25:49.881] [bbotk]      alpha        s       acq_ei  x_domain .already_evaluated classif.bbrier
INFO  [11:25:49.881] [bbotk]  0.9902603 -9.17183 0.0003070293 <list[2]>              FALSE     0.09540765
INFO  [11:25:49.881] [bbotk]  warnings errors runtime_learners                                uhash
INFO  [11:25:49.881] [bbotk]         0      0            1.043 1394c79c-5420-4759-818f-5ecbfa28df45
INFO  [11:25:51.947] [bbotk] Evaluating 1 configuration(s)
INFO  [11:25:54.492] [bbotk] Result of batch 12:
INFO  [11:25:54.547] [bbotk]      alpha         s      acq_ei  x_domain .already_evaluated classif.bbrier
INFO  [11:25:54.547] [bbotk]  0.7278499 -5.668774 0.000206275 <list[2]>              FALSE     0.09514196
INFO  [11:25:54.547] [bbotk]  warnings errors runtime_learners                                uhash
INFO  [11:25:54.547] [bbotk]         0      0            1.938 de330a2d-31fb-45a7-9f29-5345636d2139
INFO  [11:25:56.761] [bbotk] Evaluating 1 configuration(s)
INFO  [11:25:58.304] [bbotk] Result of batch 13:
INFO  [11:25:58.386] [bbotk]      alpha         s       acq_ei  x_domain .already_evaluated classif.bbrier
INFO  [11:25:58.386] [bbotk]  0.9953231 -6.200549 0.0001167237 <list[2]>              FALSE     0.09518685
INFO  [11:25:58.386] [bbotk]  warnings errors runtime_learners                                uhash
INFO  [11:25:58.386] [bbotk]         0      0            1.123 204dccf3-4a96-42f0-883b-88d4fa79b69d
INFO  [11:26:00.537] [bbotk] Evaluating 1 configuration(s)
INFO  [11:26:02.141] [bbotk] Result of batch 14:
INFO  [11:26:02.228] [bbotk]      alpha         s       acq_ei  x_domain .already_evaluated classif.bbrier
INFO  [11:26:02.228] [bbotk]  0.8554019 -4.939392 5.521176e-05 <list[2]>              FALSE     0.09523827
INFO  [11:26:02.228] [bbotk]  warnings errors runtime_learners                                uhash
INFO  [11:26:02.228] [bbotk]         0      0            1.061 f9265901-f30d-4028-9c14-b1215be91da9
INFO  [11:26:05.277] [bbotk] Evaluating 1 configuration(s)
INFO  [11:26:06.569] [bbotk] Result of batch 15:
INFO  [11:26:06.613] [bbotk]     alpha         s       acq_ei  x_domain .already_evaluated classif.bbrier
INFO  [11:26:06.613] [bbotk]  0.998148 -8.320458 3.727753e-05 <list[2]>              FALSE     0.09539077
INFO  [11:26:06.613] [bbotk]  warnings errors runtime_learners                                uhash
INFO  [11:26:06.613] [bbotk]         0      0            0.872 89a6241b-5e33-4d47-8bbf-aced80f3c9e5
INFO  [11:26:08.670] [bbotk] Evaluating 1 configuration(s)
INFO  [11:26:09.970] [bbotk] Result of batch 16:
INFO  [11:26:10.013] [bbotk]      alpha         s       acq_ei  x_domain .already_evaluated classif.bbrier
INFO  [11:26:10.013] [bbotk]  0.8916162 -5.381727 2.377697e-05 <list[2]>              FALSE      0.0950726
INFO  [11:26:10.013] [bbotk]  warnings errors runtime_learners                                uhash
INFO  [11:26:10.013] [bbotk]         0      0            0.897 e529cc35-8961-41b7-a2d7-e254c1f799b2
INFO  [11:26:12.084] [bbotk] Evaluating 1 configuration(s)
INFO  [11:26:13.661] [bbotk] Result of batch 17:
INFO  [11:26:13.757] [bbotk]      alpha         s       acq_ei  x_domain .already_evaluated classif.bbrier
INFO  [11:26:13.757] [bbotk]  0.7265476 -8.836332 1.398176e-05 <list[2]>              FALSE     0.09541183
INFO  [11:26:13.757] [bbotk]  warnings errors runtime_learners                                uhash
INFO  [11:26:13.757] [bbotk]         0      0            1.158 553e4416-4895-4db5-9e76-bcea9b6a16d1
INFO  [11:26:16.144] [bbotk] Evaluating 1 configuration(s)
INFO  [11:26:17.751] [bbotk] Result of batch 18:
INFO  [11:26:17.847] [bbotk]      alpha         s       acq_ei  x_domain .already_evaluated classif.bbrier
INFO  [11:26:17.847] [bbotk]  0.6448932 -5.216109 1.076556e-05 <list[2]>              FALSE     0.09510377
INFO  [11:26:17.847] [bbotk]  warnings errors runtime_learners                                uhash
INFO  [11:26:17.847] [bbotk]         0      0             1.24 721d0ee5-9407-43b5-afc6-5f89a5fda4ad
INFO  [11:26:20.110] [bbotk] Evaluating 1 configuration(s)
INFO  [11:26:21.525] [bbotk] Result of batch 19:
INFO  [11:26:21.552] [bbotk]      alpha         s       acq_ei  x_domain .already_evaluated classif.bbrier
INFO  [11:26:21.552] [bbotk]  0.9736016 -5.294385 5.891388e-06 <list[2]>              FALSE     0.09509136
INFO  [11:26:21.552] [bbotk]  warnings errors runtime_learners                                uhash
INFO  [11:26:21.552] [bbotk]         0      0            1.096 30fc0fc7-1a2e-4e7a-a150-7e59c9517edc
INFO  [11:26:23.642] [bbotk] Evaluating 1 configuration(s)
INFO  [11:26:24.868] [bbotk] Result of batch 20:
INFO  [11:26:24.922] [bbotk]      alpha         s       acq_ei  x_domain .already_evaluated classif.bbrier
INFO  [11:26:24.922] [bbotk]  0.9951859 -6.938679 5.517939e-06 <list[2]>              FALSE      0.0953196
INFO  [11:26:24.922] [bbotk]  warnings errors runtime_learners                                uhash
INFO  [11:26:24.922] [bbotk]         0      0            0.833 069396db-4409-46e2-be5e-57b57815f4b0
INFO  [11:26:27.471] [bbotk] Evaluating 1 configuration(s)
INFO  [11:26:28.757] [bbotk] Result of batch 21:
INFO  [11:26:28.781] [bbotk]      alpha         s       acq_ei  x_domain .already_evaluated classif.bbrier
INFO  [11:26:28.781] [bbotk]  0.9479726 -5.499231 2.858494e-06 <list[2]>              FALSE     0.09506777
INFO  [11:26:28.781] [bbotk]  warnings errors runtime_learners                                uhash
INFO  [11:26:28.781] [bbotk]         0      0            0.861 d701148c-b486-43c4-ba73-9ad5d8debfef
INFO  [11:26:31.673] [bbotk] Evaluating 1 configuration(s)
INFO  [11:26:33.815] [bbotk] Result of batch 22:
INFO  [11:26:33.913] [bbotk]      alpha         s       acq_ei  x_domain .already_evaluated classif.bbrier
INFO  [11:26:33.913] [bbotk]  0.1961104 -8.731289 9.853006e-07 <list[2]>              FALSE     0.09542333
INFO  [11:26:33.913] [bbotk]  warnings errors runtime_learners                                uhash
INFO  [11:26:33.913] [bbotk]         0      0            1.558 fd167270-5811-46a9-b47a-266f924a4a87
INFO  [11:26:36.391] [bbotk] Evaluating 1 configuration(s)
INFO  [11:26:38.150] [bbotk] Result of batch 23:
INFO  [11:26:38.220] [bbotk]      alpha         s       acq_ei  x_domain .already_evaluated classif.bbrier
INFO  [11:26:38.220] [bbotk]  0.9954279 -5.600094 8.946684e-07 <list[2]>              FALSE     0.09506745
INFO  [11:26:38.220] [bbotk]  warnings errors runtime_learners                                uhash
INFO  [11:26:38.220] [bbotk]         0      0            1.245 4932a31c-4d5e-486b-b6e5-a2bc66b188e6
INFO  [11:26:40.509] [bbotk] Evaluating 1 configuration(s)
INFO  [11:26:43.029] [bbotk] Result of batch 24:
INFO  [11:26:43.085] [bbotk]      alpha         s       acq_ei  x_domain .already_evaluated classif.bbrier
INFO  [11:26:43.085] [bbotk]  0.1803946 -5.407042 4.261533e-07 <list[2]>              FALSE     0.09536519
INFO  [11:26:43.085] [bbotk]  warnings errors runtime_learners                                uhash
INFO  [11:26:43.085] [bbotk]         0      0             2.16 fcc703ce-d984-4e25-8592-7f84bf7680c9
INFO  [11:26:45.964] [bbotk] Evaluating 1 configuration(s)
INFO  [11:26:48.048] [bbotk] Result of batch 25:
INFO  [11:26:48.059] [bbotk]      alpha         s       acq_ei  x_domain .already_evaluated classif.bbrier
INFO  [11:26:48.059] [bbotk]  0.5197824 -5.349112 4.275452e-07 <list[2]>              FALSE     0.09515835
INFO  [11:26:48.059] [bbotk]  warnings errors runtime_learners                                uhash
INFO  [11:26:48.059] [bbotk]         0      0            1.505 47968ebf-c728-4f65-a196-26a17ef48cda
INFO  [11:26:50.567] [bbotk] Evaluating 1 configuration(s)
INFO  [11:26:51.944] [bbotk] Result of batch 26:
INFO  [11:26:52.003] [bbotk]      alpha         s       acq_ei  x_domain .already_evaluated classif.bbrier
INFO  [11:26:52.003] [bbotk]  0.9979778 -5.564771 2.052657e-07 <list[2]>              FALSE     0.09506557
INFO  [11:26:52.003] [bbotk]  warnings errors runtime_learners                                uhash
INFO  [11:26:52.003] [bbotk]         0      0             1.06 3f57f6b7-b00f-4392-81b7-1a67997d588f
INFO  [11:26:54.495] [bbotk] Evaluating 1 configuration(s)
INFO  [11:26:56.321] [bbotk] Result of batch 27:
INFO  [11:26:56.370] [bbotk]      alpha         s       acq_ei  x_domain .already_evaluated classif.bbrier
INFO  [11:26:56.370] [bbotk]  0.9921013 -5.497781 2.731785e-07 <list[2]>              FALSE     0.09506461
INFO  [11:26:56.370] [bbotk]  warnings errors runtime_learners                                uhash
INFO  [11:26:56.370] [bbotk]         0      0            1.279 9e6a5e38-4462-49d0-920c-8ceb1330416b
INFO  [11:26:59.466] [bbotk] Evaluating 1 configuration(s)
INFO  [11:27:01.101] [bbotk] Result of batch 28:
INFO  [11:27:01.197] [bbotk]      alpha         s       acq_ei  x_domain .already_evaluated classif.bbrier
INFO  [11:27:01.197] [bbotk]  0.7855989 -5.351423 1.627547e-07 <list[2]>              FALSE     0.09508377
INFO  [11:27:01.197] [bbotk]  warnings errors runtime_learners                                uhash
INFO  [11:27:01.197] [bbotk]         0      0            1.119 54f8f493-1a34-4b48-a4d7-1f7491328e0c
INFO  [11:27:03.738] [bbotk] Evaluating 1 configuration(s)
INFO  [11:27:05.795] [bbotk] Result of batch 29:
INFO  [11:27:05.870] [bbotk]      alpha         s       acq_ei  x_domain .already_evaluated classif.bbrier
INFO  [11:27:05.870] [bbotk]  0.9822055 -5.515425 1.304518e-07 <list[2]>              FALSE     0.09506527
INFO  [11:27:05.870] [bbotk]  warnings errors runtime_learners                                uhash
INFO  [11:27:05.870] [bbotk]         0      0            1.533 6091a800-3e78-493d-849a-dd9eb2e52a13
INFO  [11:27:08.333] [bbotk] Evaluating 1 configuration(s)
INFO  [11:27:10.856] [bbotk] Result of batch 30:
INFO  [11:27:10.886] [bbotk]      alpha         s       acq_ei  x_domain .already_evaluated classif.bbrier
INFO  [11:27:10.886] [bbotk]  0.2311369 -4.503563 5.406625e-08 <list[2]>              FALSE     0.09525543
INFO  [11:27:10.886] [bbotk]  warnings errors runtime_learners                                uhash
INFO  [11:27:10.886] [bbotk]         0      0            2.072 140cdd61-0938-4dcd-8d8e-01f982d05b4b
INFO  [11:27:14.057] [bbotk] Evaluating 1 configuration(s)
INFO  [11:27:15.266] [bbotk] Result of batch 31:
INFO  [11:27:15.298] [bbotk]      alpha         s       acq_ei  x_domain .already_evaluated classif.bbrier
INFO  [11:27:15.298] [bbotk]  0.9875767 -5.549079 5.391011e-08 <list[2]>              FALSE      0.0950657
INFO  [11:27:15.298] [bbotk]  warnings errors runtime_learners                                uhash
INFO  [11:27:15.298] [bbotk]         0      0            0.658 7cdbebb2-6da5-44e6-bd7a-3b584a1fa159
INFO  [11:27:17.806] [bbotk] Evaluating 1 configuration(s)
INFO  [11:27:20.583] [bbotk] Result of batch 32:
INFO  [11:27:20.616] [bbotk]      alpha         s     acq_ei  x_domain .already_evaluated classif.bbrier
INFO  [11:27:20.616] [bbotk]  0.9990799 -5.538371 3.4891e-07 <list[2]>              FALSE     0.09506476
INFO  [11:27:20.616] [bbotk]  warnings errors runtime_learners                                uhash
INFO  [11:27:20.616] [bbotk]         0      0            2.328 0b39439c-72a3-4e9f-8c4a-a449e2de1da9
INFO  [11:27:22.689] [bbotk] Evaluating 1 configuration(s)
INFO  [11:27:24.610] [bbotk] Result of batch 33:
INFO  [11:27:24.689] [bbotk]     alpha         s       acq_ei  x_domain .already_evaluated classif.bbrier
INFO  [11:27:24.689] [bbotk]  0.992287 -5.508358 2.445633e-07 <list[2]>              FALSE     0.09506465
INFO  [11:27:24.689] [bbotk]  warnings errors runtime_learners                                uhash
INFO  [11:27:24.689] [bbotk]         0      0            1.412 cbde1ec5-6503-44ad-a169-d6a12b894dce
INFO  [11:27:28.147] [bbotk] Evaluating 1 configuration(s)
INFO  [11:27:29.534] [bbotk] Result of batch 34:
INFO  [11:27:29.587] [bbotk]      alpha         s       acq_ei  x_domain .already_evaluated classif.bbrier
INFO  [11:27:29.587] [bbotk]  0.9919419 -5.513245 2.185068e-07 <list[2]>              FALSE     0.09506471
INFO  [11:27:29.587] [bbotk]  warnings errors runtime_learners                                uhash
INFO  [11:27:29.587] [bbotk]         0      0            0.855 44bbcc2b-6906-464f-ae9d-861f7d5a0c93
INFO  [11:27:32.336] [bbotk] Evaluating 1 configuration(s)
INFO  [11:27:33.917] [bbotk] Result of batch 35:
INFO  [11:27:33.960] [bbotk]      alpha         s       acq_ei  x_domain .already_evaluated classif.bbrier
INFO  [11:27:33.960] [bbotk]  0.9990696 -5.469678 1.558544e-07 <list[2]>              FALSE     0.09506632
INFO  [11:27:33.960] [bbotk]  warnings errors runtime_learners                                uhash
INFO  [11:27:33.960] [bbotk]         0      0            1.225 bf756dcc-c2f6-4a42-817f-0727d72ba855
INFO  [11:27:36.758] [bbotk] Evaluating 1 configuration(s)
INFO  [11:27:38.343] [bbotk] Result of batch 36:
INFO  [11:27:38.387] [bbotk]      alpha         s       acq_ei  x_domain .already_evaluated classif.bbrier
INFO  [11:27:38.387] [bbotk]  0.9980517 -5.523931 2.815219e-07 <list[2]>              FALSE     0.09506459
INFO  [11:27:38.387] [bbotk]  warnings errors runtime_learners                                uhash
INFO  [11:27:38.387] [bbotk]         0      0            1.174 5e8f2e9c-88ca-4c8a-b0dd-fcfbf8fee616
INFO  [11:27:41.052] [bbotk] Evaluating 1 configuration(s)
INFO  [11:27:42.661] [bbotk] Result of batch 37:
INFO  [11:27:42.692] [bbotk]      alpha         s       acq_ei  x_domain .already_evaluated classif.bbrier
INFO  [11:27:42.692] [bbotk]  0.2230171 -7.090604 3.274425e-08 <list[2]>              FALSE     0.09540306
INFO  [11:27:42.692] [bbotk]  warnings errors runtime_learners                                uhash
INFO  [11:27:42.692] [bbotk]         0      0            1.178 239919b8-6d64-4f77-bf6a-ccc2b0259e26
INFO  [11:27:45.145] [bbotk] Evaluating 1 configuration(s)
INFO  [11:27:46.586] [bbotk] Result of batch 38:
INFO  [11:27:46.626] [bbotk]      alpha         s       acq_ei  x_domain .already_evaluated classif.bbrier
INFO  [11:27:46.626] [bbotk]  0.9777374 -5.502307 4.705122e-08 <list[2]>              FALSE      0.0950654
INFO  [11:27:46.626] [bbotk]  warnings errors runtime_learners                                uhash
INFO  [11:27:46.626] [bbotk]         0      0            0.744 d2840840-8d98-4ce3-b5bc-9176e0ebafb2
INFO  [11:27:49.215] [bbotk] Evaluating 1 configuration(s)
INFO  [11:27:51.745] [bbotk] Result of batch 39:
INFO  [11:27:51.772] [bbotk]      alpha         s       acq_ei  x_domain .already_evaluated classif.bbrier
INFO  [11:27:51.772] [bbotk]  0.9852754 -5.494322 7.007659e-08 <list[2]>              FALSE     0.09506489
INFO  [11:27:51.772] [bbotk]  warnings errors runtime_learners                                uhash
INFO  [11:27:51.772] [bbotk]         0      0            1.933 21fcb68c-8585-4184-ac74-7b55854cbaae
INFO  [11:27:53.902] [bbotk] Evaluating 1 configuration(s)
INFO  [11:27:55.254] [bbotk] Result of batch 40:
INFO  [11:27:55.328] [bbotk]      alpha         s       acq_ei  x_domain .already_evaluated classif.bbrier
INFO  [11:27:55.328] [bbotk]  0.9888423 -5.484886 5.732701e-08 <list[2]>              FALSE     0.09506517
INFO  [11:27:55.328] [bbotk]  warnings errors runtime_learners                                uhash
INFO  [11:27:55.328] [bbotk]         0      0            0.902 f914bd05-26df-4f05-87d6-5050a1150532
INFO  [11:27:58.150] [bbotk] Evaluating 1 configuration(s)
INFO  [11:27:59.309] [bbotk] Result of batch 41:
INFO  [11:27:59.329] [bbotk]      alpha         s       acq_ei  x_domain .already_evaluated classif.bbrier
INFO  [11:27:59.329] [bbotk]  0.9985229 -5.545384 1.447067e-07 <list[2]>              FALSE     0.09506494
INFO  [11:27:59.329] [bbotk]  warnings errors runtime_learners                                uhash
INFO  [11:27:59.329] [bbotk]         0      0            0.748 fb262c75-0530-4375-8671-d95b5e309417
INFO  [11:28:02.456] [bbotk] Evaluating 1 configuration(s)
INFO  [11:28:04.084] [bbotk] Result of batch 42:
INFO  [11:28:04.111] [bbotk]      alpha         s       acq_ei  x_domain .already_evaluated classif.bbrier
INFO  [11:28:04.111] [bbotk]  0.9952531 -5.514987 1.944784e-07 <list[2]>              FALSE     0.09506457
INFO  [11:28:04.111] [bbotk]  warnings errors runtime_learners                                uhash
INFO  [11:28:04.111] [bbotk]         0      0            1.206 a1e9b682-579d-455c-8b03-043bccb5deda
INFO  [11:28:06.741] [bbotk] Evaluating 1 configuration(s)
INFO  [11:28:08.403] [bbotk] Result of batch 43:
INFO  [11:28:08.459] [bbotk]     alpha         s      acq_ei  x_domain .already_evaluated classif.bbrier
INFO  [11:28:08.459] [bbotk]  0.990267 -5.528956 1.04812e-07 <list[2]>              FALSE     0.09506501
INFO  [11:28:08.459] [bbotk]  warnings errors runtime_learners                                uhash
INFO  [11:28:08.459] [bbotk]         0      0            1.202 9cc077b4-2dca-4e9f-a840-90658215a251
INFO  [11:28:11.092] [bbotk] Evaluating 1 configuration(s)
INFO  [11:28:12.975] [bbotk] Result of batch 44:
INFO  [11:28:12.983] [bbotk]      alpha         s       acq_ei  x_domain .already_evaluated classif.bbrier
INFO  [11:28:12.983] [bbotk]  0.9840877 -5.518503 6.098241e-08 <list[2]>              FALSE     0.09506519
INFO  [11:28:12.983] [bbotk]  warnings errors runtime_learners                                uhash
INFO  [11:28:12.983] [bbotk]         0      0            1.504 a02426cd-c312-49e1-b4ac-e44cebdf4d1e
INFO  [11:28:15.445] [bbotk] Evaluating 1 configuration(s)
INFO  [11:28:16.638] [bbotk] Result of batch 45:
INFO  [11:28:16.654] [bbotk]      alpha        s       acq_ei  x_domain .already_evaluated classif.bbrier
INFO  [11:28:16.654] [bbotk]  0.9934538 -5.48399 4.486781e-08 <list[2]>              FALSE     0.09506528
INFO  [11:28:16.654] [bbotk]  warnings errors runtime_learners                                uhash
INFO  [11:28:16.654] [bbotk]         0      0             0.82 458a915f-2fea-4a81-9d8d-e47b95650ab3
INFO  [11:28:19.857] [bbotk] Evaluating 1 configuration(s)
INFO  [11:28:20.870] [bbotk] Result of batch 46:
INFO  [11:28:20.900] [bbotk]      alpha         s       acq_ei  x_domain .already_evaluated classif.bbrier
INFO  [11:28:20.900] [bbotk]  0.9992475 -7.683298 4.210879e-08 <list[2]>              FALSE     0.09535563
INFO  [11:28:20.900] [bbotk]  warnings errors runtime_learners                                uhash
INFO  [11:28:20.900] [bbotk]         0      0            0.727 282badb0-c512-4abe-8544-1df99bef91a1
INFO  [11:28:23.337] [bbotk] Evaluating 1 configuration(s)
INFO  [11:28:26.781] [bbotk] Result of batch 47:
INFO  [11:28:26.787] [bbotk]      alpha         s       acq_ei  x_domain .already_evaluated classif.bbrier
INFO  [11:28:26.787] [bbotk]  0.9789021 -5.502048 2.898132e-08 <list[2]>              FALSE     0.09506532
INFO  [11:28:26.787] [bbotk]  warnings errors runtime_learners                                uhash
INFO  [11:28:26.787] [bbotk]         0      0            2.967 bc665a57-79e7-4eb4-a736-e4565cf7aec7
INFO  [11:28:30.353] [bbotk] Evaluating 1 configuration(s)
INFO  [11:28:31.848] [bbotk] Result of batch 48:
INFO  [11:28:31.948] [bbotk]     alpha         s       acq_ei  x_domain .already_evaluated classif.bbrier
INFO  [11:28:31.948] [bbotk]  0.980323 -5.522198 2.168101e-08 <list[2]>              FALSE     0.09506551
INFO  [11:28:31.948] [bbotk]  warnings errors runtime_learners                                uhash
INFO  [11:28:31.948] [bbotk]         0      0            1.003 c78e4126-21b3-407e-a6d5-287be40b4f1f
WARN  [11:28:32.633] [mlr3] train: Stopped because hard maximum generation limit was hit.
INFO  [11:28:35.287] [bbotk] Evaluating 1 configuration(s)
INFO  [11:28:36.942] [bbotk] Result of batch 49:
INFO  [11:28:37.006] [bbotk]      alpha         s       acq_ei  x_domain .already_evaluated classif.bbrier
INFO  [11:28:37.006] [bbotk]  0.9917903 -5.517497 1.228388e-07 <list[2]>              FALSE     0.09506476
INFO  [11:28:37.006] [bbotk]  warnings errors runtime_learners                                uhash
INFO  [11:28:37.006] [bbotk]         0      0            1.122 72018393-78aa-408d-a4ac-69dbe8c03f40
INFO  [11:28:40.475] [bbotk] Evaluating 1 configuration(s)
INFO  [11:28:41.875] [bbotk] Result of batch 50:
INFO  [11:28:41.882] [bbotk]      alpha         s       acq_ei  x_domain .already_evaluated classif.bbrier
INFO  [11:28:41.882] [bbotk]  0.9877447 -5.883796 5.644691e-09 <list[2]>              FALSE     0.09511771
INFO  [11:28:41.882] [bbotk]  warnings errors runtime_learners                                uhash
INFO  [11:28:41.882] [bbotk]         0      0             1.05 e2102515-85d9-48f4-a69e-68d13a5a2ce3
INFO  [11:28:44.278] [bbotk] Evaluating 1 configuration(s)
INFO  [11:28:45.851] [bbotk] Result of batch 51:
INFO  [11:28:45.865] [bbotk]      alpha         s       acq_ei  x_domain .already_evaluated classif.bbrier
INFO  [11:28:45.865] [bbotk]  0.9932595 -5.561599 7.453741e-09 <list[2]>              FALSE     0.09506575
INFO  [11:28:45.865] [bbotk]  warnings errors runtime_learners                                uhash
INFO  [11:28:45.865] [bbotk]         0      0            1.124 e31f82f7-938f-4863-980c-3956391ed875
INFO  [11:28:49.005] [bbotk] Evaluating 1 configuration(s)
INFO  [11:28:50.172] [bbotk] Result of batch 52:
INFO  [11:28:50.190] [bbotk]      alpha         s      acq_ei  x_domain .already_evaluated classif.bbrier
INFO  [11:28:50.190] [bbotk]  0.9763596 -5.478013 5.96052e-09 <list[2]>              FALSE     0.09506553
INFO  [11:28:50.190] [bbotk]  warnings errors runtime_learners                                uhash
INFO  [11:28:50.190] [bbotk]         0      0            0.884 c8b3fdb8-2e9b-48e8-b840-209f87cb44db
INFO  [11:28:53.300] [bbotk] Evaluating 1 configuration(s)
INFO  [11:28:54.544] [bbotk] Result of batch 53:
INFO  [11:28:54.562] [bbotk]      alpha         s       acq_ei  x_domain .already_evaluated classif.bbrier
INFO  [11:28:54.562] [bbotk]  0.9974153 -5.566148 7.965674e-09 <list[2]>              FALSE     0.09506565
INFO  [11:28:54.562] [bbotk]  warnings errors runtime_learners                                uhash
INFO  [11:28:54.562] [bbotk]         0      0            0.922 a6c9e6d0-c898-47f1-93fa-221b80d69317
INFO  [11:28:57.126] [bbotk] Evaluating 1 configuration(s)
INFO  [11:28:59.327] [bbotk] Result of batch 54:
INFO  [11:28:59.349] [bbotk]         alpha         s       acq_ei  x_domain .already_evaluated
INFO  [11:28:59.349] [bbotk]  0.0009697019 -6.638075 5.247072e-10 <list[2]>              FALSE
INFO  [11:28:59.349] [bbotk]  classif.bbrier warnings errors runtime_learners
INFO  [11:28:59.349] [bbotk]      0.09546013        0      0            1.651
INFO  [11:28:59.349] [bbotk]                                 uhash
INFO  [11:28:59.349] [bbotk]  9a24f4ef-39a8-4da0-bda0-0e20f8f75b9e
INFO  [11:29:02.537] [bbotk] Evaluating 1 configuration(s)
INFO  [11:29:04.346] [bbotk] Result of batch 55:
INFO  [11:29:04.356] [bbotk]      alpha        s     acq_ei  x_domain .already_evaluated classif.bbrier
INFO  [11:29:04.356] [bbotk]  0.9804142 -5.49303 2.0984e-08 <list[2]>              FALSE     0.09506515
INFO  [11:29:04.356] [bbotk]  warnings errors runtime_learners                                uhash
INFO  [11:29:04.356] [bbotk]         0      0            1.143 fcd01089-a405-48c0-bb3b-f0a078990fa4
WARN  [11:29:04.951] [mlr3] train: Stopped because hard maximum generation limit was hit.
INFO  [11:29:07.453] [bbotk] Evaluating 1 configuration(s)
INFO  [11:29:08.958] [bbotk] Result of batch 56:
INFO  [11:29:08.966] [bbotk]      alpha         s       acq_ei  x_domain .already_evaluated classif.bbrier
INFO  [11:29:08.966] [bbotk]  0.9864939 -5.514252 6.075033e-08 <list[2]>              FALSE     0.09506499
INFO  [11:29:08.966] [bbotk]  warnings errors runtime_learners                                uhash
INFO  [11:29:08.966] [bbotk]         0      0             1.05 ff3daa23-9f31-4689-88d9-47cfa4936874
WARN  [11:29:09.626] [mlr3] train: Stopped because hard maximum generation limit was hit.
INFO  [11:29:11.952] [bbotk] Evaluating 1 configuration(s)
INFO  [11:29:13.421] [bbotk] Result of batch 57:
INFO  [11:29:13.453] [bbotk]      alpha         s       acq_ei  x_domain .already_evaluated classif.bbrier
INFO  [11:29:13.453] [bbotk]  0.4122212 -3.343707 2.163446e-09 <list[2]>              FALSE      0.0984584
INFO  [11:29:13.453] [bbotk]  warnings errors runtime_learners                                uhash
INFO  [11:29:13.453] [bbotk]         0      0            1.052 ae38b195-af90-47db-bb01-c23242ee1455
INFO  [11:29:16.514] [bbotk] Evaluating 1 configuration(s)
INFO  [11:29:18.523] [bbotk] Result of batch 58:
INFO  [11:29:18.588] [bbotk]      alpha         s       acq_ei  x_domain .already_evaluated classif.bbrier
INFO  [11:29:18.588] [bbotk]  0.9946229 -5.530929 1.176347e-07 <list[2]>              FALSE      0.0950648
INFO  [11:29:18.588] [bbotk]  warnings errors runtime_learners                                uhash
INFO  [11:29:18.588] [bbotk]         0      0            1.572 c1991eea-5236-4736-a79b-7ff31ad6a52e
WARN  [11:29:20.209] [mlr3] train: Stopped because hard maximum generation limit was hit.
INFO  [11:29:22.048] [bbotk] Evaluating 1 configuration(s)
INFO  [11:29:23.700] [bbotk] Result of batch 59:
INFO  [11:29:23.729] [bbotk]      alpha         s       acq_ei  x_domain .already_evaluated classif.bbrier
INFO  [11:29:23.729] [bbotk]  0.9893941 -5.542174 2.493028e-08 <list[2]>              FALSE     0.09506536
INFO  [11:29:23.729] [bbotk]  warnings errors runtime_learners                                uhash
INFO  [11:29:23.729] [bbotk]         0      0            1.228 b0b13e8e-2092-44b0-b2e8-b6347916d206
WARN  [11:29:24.270] [mlr3] train: Stopped because hard maximum generation limit was hit.
INFO  [11:29:26.850] [bbotk] Evaluating 1 configuration(s)
INFO  [11:29:28.200] [bbotk] Result of batch 60:
INFO  [11:29:28.291] [bbotk]      alpha         s       acq_ei  x_domain .already_evaluated classif.bbrier
INFO  [11:29:28.291] [bbotk]  0.9928295 -5.520881 1.201808e-07 <list[2]>              FALSE     0.09506476
INFO  [11:29:28.291] [bbotk]  warnings errors runtime_learners                                uhash
INFO  [11:29:28.291] [bbotk]         0      0            0.873 ca56eeaa-9c65-4938-bc16-099c09a21095
WARN  [11:29:28.786] [mlr3] train: Stopped because hard maximum generation limit was hit.
INFO  [11:29:30.646] [bbotk] Evaluating 1 configuration(s)
INFO  [11:29:33.114] [bbotk] Result of batch 61:
INFO  [11:29:33.153] [bbotk]      alpha         s       acq_ei  x_domain .already_evaluated classif.bbrier
INFO  [11:29:33.153] [bbotk]  0.9875141 -5.498186 6.265469e-08 <list[2]>              FALSE      0.0950648
INFO  [11:29:33.153] [bbotk]  warnings errors runtime_learners                                uhash
INFO  [11:29:33.153] [bbotk]         0      0            1.996 a4067fa0-85df-4df9-898d-1a5ca131483c
INFO  [11:29:36.137] [bbotk] Evaluating 1 configuration(s)
INFO  [11:29:38.274] [bbotk] Result of batch 62:
INFO  [11:29:38.314] [bbotk]         alpha         s       acq_ei  x_domain .already_evaluated
INFO  [11:29:38.314] [bbotk]  0.0004058219 -4.115702 2.008555e-08 <list[2]>              FALSE
INFO  [11:29:38.314] [bbotk]  classif.bbrier warnings errors runtime_learners
INFO  [11:29:38.314] [bbotk]      0.09552097        0      0            1.602
INFO  [11:29:38.314] [bbotk]                                 uhash
INFO  [11:29:38.314] [bbotk]  13cbf615-5fb0-481c-9557-e9f51463069f
INFO  [11:29:41.381] [bbotk] Evaluating 1 configuration(s)
INFO  [11:29:43.311] [bbotk] Result of batch 63:
INFO  [11:29:43.356] [bbotk]      alpha         s       acq_ei  x_domain .already_evaluated classif.bbrier
INFO  [11:29:43.356] [bbotk]  0.1804767 -4.825784 2.920189e-08 <list[2]>              FALSE     0.09530437
INFO  [11:29:43.356] [bbotk]  warnings errors runtime_learners                                uhash
INFO  [11:29:43.356] [bbotk]         0      0            1.475 b9189907-6fc2-47ac-b5b0-db3374d91038
WARN  [11:29:44.355] [mlr3] train: Stopped because hard maximum generation limit was hit.
INFO  [11:29:46.388] [bbotk] Evaluating 1 configuration(s)
INFO  [11:29:47.473] [bbotk] Result of batch 64:
INFO  [11:29:47.533] [bbotk]      alpha         s       acq_ei  x_domain .already_evaluated classif.bbrier
INFO  [11:29:47.533] [bbotk]  0.9996651 -5.506505 1.317484e-07 <list[2]>              FALSE      0.0950644
INFO  [11:29:47.533] [bbotk]  warnings errors runtime_learners                                uhash
INFO  [11:29:47.533] [bbotk]         0      0            0.735 ff786c1d-c7a8-41a9-b9a8-99b567ca55b4
WARN  [11:29:48.463] [mlr3] train: Stopped because hard maximum generation limit was hit.
INFO  [11:29:50.909] [bbotk] Evaluating 1 configuration(s)
INFO  [11:29:52.426] [bbotk] Result of batch 65:
INFO  [11:29:52.452] [bbotk]      alpha         s       acq_ei  x_domain .already_evaluated classif.bbrier
INFO  [11:29:52.452] [bbotk]  0.9952122 -5.517848 1.160695e-07 <list[2]>              FALSE      0.0950646
INFO  [11:29:52.452] [bbotk]  warnings errors runtime_learners                                uhash
INFO  [11:29:52.452] [bbotk]         0      0            0.991 f8489df3-4598-485d-a409-04f39e24c968
WARN  [11:29:53.742] [mlr3] train: Stopped because hard maximum generation limit was hit.
INFO  [11:29:55.719] [bbotk] Evaluating 1 configuration(s)
INFO  [11:29:57.094] [bbotk] Result of batch 66:
INFO  [11:29:57.110] [bbotk]      alpha         s       acq_ei  x_domain .already_evaluated classif.bbrier
INFO  [11:29:57.110] [bbotk]  0.5321702 -7.239735 3.929741e-08 <list[2]>              FALSE     0.09537219
INFO  [11:29:57.110] [bbotk]  warnings errors runtime_learners                                uhash
INFO  [11:29:57.110] [bbotk]         0      0            0.991 3b63a97c-6baf-4df4-8a4e-b608a062a298
WARN  [11:29:58.109] [mlr3] train: Stopped because hard maximum generation limit was hit.
INFO  [11:30:00.390] [bbotk] Evaluating 1 configuration(s)
INFO  [11:30:04.135] [bbotk] Result of batch 67:
INFO  [11:30:04.155] [bbotk]      alpha         s       acq_ei  x_domain .already_evaluated classif.bbrier
INFO  [11:30:04.155] [bbotk]  0.9898928 -5.534639 2.436322e-08 <list[2]>              FALSE     0.09506515
INFO  [11:30:04.155] [bbotk]  warnings errors runtime_learners                                uhash
INFO  [11:30:04.155] [bbotk]         0      0            3.306 b6b13f21-e69b-4c97-8092-dd9d1ce2f0ae
WARN  [11:30:04.882] [mlr3] train: Stopped because hard maximum generation limit was hit.
INFO  [11:30:06.860] [bbotk] Evaluating 1 configuration(s)
INFO  [11:30:08.130] [bbotk] Result of batch 68:
INFO  [11:30:08.140] [bbotk]        alpha         s       acq_ei  x_domain .already_evaluated classif.bbrier
INFO  [11:30:08.140] [bbotk]  0.008010087 -8.331152 1.531967e-08 <list[2]>              FALSE     0.09543089
INFO  [11:30:08.140] [bbotk]  warnings errors runtime_learners                                uhash
INFO  [11:30:08.140] [bbotk]         0      0            1.004 aacf2f13-7910-43ad-ac57-1c427c4bb063
WARN  [11:30:09.023] [mlr3] train: Stopped because hard maximum generation limit was hit.
INFO  [11:30:11.585] [bbotk] Evaluating 1 configuration(s)
INFO  [11:30:12.769] [bbotk] Result of batch 69:
INFO  [11:30:12.808] [bbotk]      alpha         s       acq_ei  x_domain .already_evaluated classif.bbrier
INFO  [11:30:12.808] [bbotk]  0.4932153 -4.802158 1.130307e-08 <list[2]>              FALSE     0.09515155
INFO  [11:30:12.808] [bbotk]  warnings errors runtime_learners                                uhash
INFO  [11:30:12.808] [bbotk]         0      0            0.816 df41679a-3470-4ebf-8c67-ffd90e7c8b76
INFO  [11:30:15.707] [bbotk] Evaluating 1 configuration(s)
INFO  [11:30:17.053] [bbotk] Result of batch 70:
INFO  [11:30:17.060] [bbotk]      alpha         s       acq_ei  x_domain .already_evaluated classif.bbrier
INFO  [11:30:17.060] [bbotk]  0.9967256 -5.512151 1.293351e-07 <list[2]>              FALSE      0.0950645
INFO  [11:30:17.060] [bbotk]  warnings errors runtime_learners                                uhash
INFO  [11:30:17.060] [bbotk]         0      0            0.969 5feb7342-a25e-4e2c-84be-90ce1bc13c37
INFO  [11:30:20.206] [bbotk] Evaluating 1 configuration(s)
INFO  [11:30:22.365] [bbotk] Result of batch 71:
INFO  [11:30:22.448] [bbotk]        alpha         s       acq_ei  x_domain .already_evaluated classif.bbrier
INFO  [11:30:22.448] [bbotk]  0.009191608 -6.065877 3.515529e-08 <list[2]>              FALSE     0.09544074
INFO  [11:30:22.448] [bbotk]  warnings errors runtime_learners                                uhash
INFO  [11:30:22.448] [bbotk]         0      0             1.58 bc39dd80-4d3a-4e9f-a2f3-fe030741cc0c
WARN  [11:30:23.208] [mlr3] train: Stopped because hard maximum generation limit was hit.
INFO  [11:30:26.045] [bbotk] Evaluating 1 configuration(s)
INFO  [11:30:28.558] [bbotk] Result of batch 72:
INFO  [11:30:28.592] [bbotk]        alpha         s       acq_ei  x_domain .already_evaluated classif.bbrier
INFO  [11:30:28.592] [bbotk]  0.001504614 -3.538269 3.231324e-08 <list[2]>              FALSE     0.09569091
INFO  [11:30:28.592] [bbotk]  warnings errors runtime_learners                                uhash
INFO  [11:30:28.592] [bbotk]         0      0            1.952 843fc81d-3a74-40a2-8e7f-101416d06a6d
WARN  [11:30:29.691] [mlr3] train: Stopped because hard maximum generation limit was hit.
INFO  [11:30:33.128] [bbotk] Evaluating 1 configuration(s)
INFO  [11:30:34.741] [bbotk] Result of batch 73:
INFO  [11:30:34.762] [bbotk]      alpha         s       acq_ei  x_domain .already_evaluated classif.bbrier
INFO  [11:30:34.762] [bbotk]  0.8425508 -5.422091 2.211105e-08 <list[2]>              FALSE     0.09507778
INFO  [11:30:34.762] [bbotk]  warnings errors runtime_learners                                uhash
INFO  [11:30:34.762] [bbotk]         0      0            1.259 b91ae143-d772-4f3a-a46b-83ff8875b598
INFO  [11:30:37.436] [bbotk] Evaluating 1 configuration(s)
INFO  [11:30:38.657] [bbotk] Result of batch 74:
INFO  [11:30:38.676] [bbotk]      alpha         s       acq_ei  x_domain .already_evaluated classif.bbrier
INFO  [11:30:38.676] [bbotk]  0.9951933 -5.500357 9.692539e-08 <list[2]>              FALSE     0.09506451
INFO  [11:30:38.676] [bbotk]  warnings errors runtime_learners                                uhash
INFO  [11:30:38.676] [bbotk]         0      0            0.794 021e7f31-dc31-4f06-a02f-6c3ae460eb66
INFO  [11:30:41.932] [bbotk] Evaluating 1 configuration(s)
INFO  [11:30:43.532] [bbotk] Result of batch 75:
INFO  [11:30:43.556] [bbotk]      alpha         s       acq_ei  x_domain .already_evaluated classif.bbrier
INFO  [11:30:43.556] [bbotk]  0.8217846 -9.192333 1.535702e-09 <list[2]>              FALSE     0.09540911
INFO  [11:30:43.556] [bbotk]  warnings errors runtime_learners                                uhash
INFO  [11:30:43.556] [bbotk]         0      0            1.175 5a073a66-57fe-4ed3-bf80-40c40c7e2205
INFO  [11:30:46.106] [bbotk] Evaluating 1 configuration(s)
INFO  [11:30:47.784] [bbotk] Result of batch 76:
INFO  [11:30:47.795] [bbotk]      alpha      s       acq_ei  x_domain .already_evaluated classif.bbrier
INFO  [11:30:47.795] [bbotk]  0.9974061 -5.524 1.361322e-07 <list[2]>              FALSE     0.09506461
INFO  [11:30:47.795] [bbotk]  warnings errors runtime_learners                                uhash
INFO  [11:30:47.795] [bbotk]         0      0            1.203 b414ec6c-bd39-439b-860b-2b996058a14f
INFO  [11:30:51.655] [bbotk] Evaluating 1 configuration(s)
INFO  [11:30:52.836] [bbotk] Result of batch 77:
INFO  [11:30:52.853] [bbotk]      alpha         s       acq_ei  x_domain .already_evaluated classif.bbrier
INFO  [11:30:52.853] [bbotk]  0.7217043 -5.174278 3.828384e-10 <list[2]>              FALSE      0.0950938
INFO  [11:30:52.853] [bbotk]  warnings errors runtime_learners                                uhash
INFO  [11:30:52.853] [bbotk]         0      0            0.821 ad9587a1-e89c-4d3e-bed0-b21c75b81801
INFO  [11:30:55.739] [bbotk] Evaluating 1 configuration(s)
INFO  [11:30:57.368] [bbotk] Result of batch 78:
INFO  [11:30:57.377] [bbotk]      alpha         s       acq_ei  x_domain .already_evaluated classif.bbrier
INFO  [11:30:57.377] [bbotk]  0.9872421 -5.500408 4.768732e-08 <list[2]>              FALSE     0.09506482
INFO  [11:30:57.377] [bbotk]  warnings errors runtime_learners                                uhash
INFO  [11:30:57.377] [bbotk]         0      0            1.262 be1c9b1b-cc93-4f2d-887a-fe416951abf3
INFO  [11:31:00.314] [bbotk] Evaluating 1 configuration(s)
INFO  [11:31:01.471] [bbotk] Result of batch 79:
INFO  [11:31:01.497] [bbotk]      alpha         s       acq_ei  x_domain .already_evaluated classif.bbrier
INFO  [11:31:01.497] [bbotk]  0.9959758 -5.503566 9.454008e-08 <list[2]>              FALSE     0.09506448
INFO  [11:31:01.497] [bbotk]  warnings errors runtime_learners                                uhash
INFO  [11:31:01.497] [bbotk]         0      0            0.842 27a903c1-c085-4c87-b30c-3544e5524571
INFO  [11:31:04.965] [bbotk] Evaluating 1 configuration(s)
INFO  [11:31:06.338] [bbotk] Result of batch 80:
INFO  [11:31:06.421] [bbotk]      alpha         s       acq_ei  x_domain .already_evaluated classif.bbrier
INFO  [11:31:06.421] [bbotk]  0.9987655 -5.527147 1.373305e-07 <list[2]>              FALSE      0.0950646
INFO  [11:31:06.421] [bbotk]  warnings errors runtime_learners                                uhash
INFO  [11:31:06.421] [bbotk]         0      0            1.043 0c4bc13e-b2dc-4adb-9720-3d502381ec19
INFO  [11:31:09.292] [bbotk] Evaluating 1 configuration(s)
INFO  [11:31:10.330] [bbotk] Result of batch 81:
INFO  [11:31:10.352] [bbotk]      alpha        s       acq_ei  x_domain .already_evaluated classif.bbrier
INFO  [11:31:10.352] [bbotk]  0.9899066 -5.49625 4.583779e-08 <list[2]>              FALSE     0.09506469
INFO  [11:31:10.352] [bbotk]  warnings errors runtime_learners                                uhash
INFO  [11:31:10.352] [bbotk]         0      0            0.685 be297c28-3e51-4c23-9cf0-86af484e8d90
INFO  [11:31:13.788] [bbotk] Evaluating 1 configuration(s)
INFO  [11:31:14.993] [bbotk] Result of batch 82:
INFO  [11:31:15.006] [bbotk]      alpha         s       acq_ei  x_domain .already_evaluated classif.bbrier
INFO  [11:31:15.006] [bbotk]  0.9940247 -5.485837 2.132238e-08 <list[2]>              FALSE     0.09506518
INFO  [11:31:15.006] [bbotk]  warnings errors runtime_learners                                uhash
INFO  [11:31:15.006] [bbotk]         0      0            0.849 e38762fa-9f2a-4ae9-a568-174cacb6d21a
WARN  [11:31:15.574] [mlr3] train: Stopped because hard maximum generation limit was hit.
INFO  [11:31:18.121] [bbotk] Evaluating 1 configuration(s)
INFO  [11:31:19.418] [bbotk] Result of batch 83:
INFO  [11:31:19.467] [bbotk]      alpha         s       acq_ei  x_domain .already_evaluated classif.bbrier
INFO  [11:31:19.467] [bbotk]  0.9874829 -5.524351 2.420167e-08 <list[2]>              FALSE     0.09506508
INFO  [11:31:19.467] [bbotk]  warnings errors runtime_learners                                uhash
INFO  [11:31:19.467] [bbotk]         0      0            0.933 fe391e76-ca3a-4ddf-9dea-cd790bc784b3
WARN  [11:31:20.240] [mlr3] train: Stopped because hard maximum generation limit was hit.
INFO  [11:31:22.691] [bbotk] Evaluating 1 configuration(s)
INFO  [11:31:24.502] [bbotk] Result of batch 84:
INFO  [11:31:24.561] [bbotk]     alpha         s       acq_ei  x_domain .already_evaluated classif.bbrier
INFO  [11:31:24.561] [bbotk]  0.128541 -7.839409 7.906103e-11 <list[2]>              FALSE     0.09542795
INFO  [11:31:24.561] [bbotk]  warnings errors runtime_learners                                uhash
INFO  [11:31:24.561] [bbotk]         0      0            1.305 ef5e81eb-d533-4eb6-8ba2-ac92a98a87bb
WARN  [11:31:25.405] [mlr3] train: Stopped because hard maximum generation limit was hit.
INFO  [11:31:28.200] [bbotk] Evaluating 1 configuration(s)
INFO  [11:31:29.884] [bbotk] Result of batch 85:
INFO  [11:31:29.917] [bbotk]      alpha         s       acq_ei  x_domain .already_evaluated classif.bbrier
INFO  [11:31:29.917] [bbotk]  0.9634212 -5.432353 1.640152e-11 <list[2]>              FALSE     0.09506839
INFO  [11:31:29.917] [bbotk]  warnings errors runtime_learners                                uhash
INFO  [11:31:29.917] [bbotk]         0      0            1.195 14e54501-3d58-4af1-9791-0a57574f2340
WARN  [11:31:30.737] [mlr3] train: Stopped because hard maximum generation limit was hit.
INFO  [11:31:33.528] [bbotk] Evaluating 1 configuration(s)
INFO  [11:31:35.308] [bbotk] Result of batch 86:
INFO  [11:31:35.376] [bbotk]      alpha         s       acq_ei  x_domain .already_evaluated classif.bbrier
INFO  [11:31:35.376] [bbotk]  0.9745972 -5.527731 1.127479e-10 <list[2]>              FALSE      0.0950661
INFO  [11:31:35.376] [bbotk]  warnings errors runtime_learners                                uhash
INFO  [11:31:35.376] [bbotk]         0      0            1.384 44bdf3ee-f6e7-44f1-a1ce-99638ffbe03f
WARN  [11:31:36.021] [mlr3] train: Stopped because hard maximum generation limit was hit.
INFO  [11:31:38.302] [bbotk] Evaluating 1 configuration(s)
INFO  [11:31:40.087] [bbotk] Result of batch 87:
INFO  [11:31:40.109] [bbotk]     alpha         s       acq_ei  x_domain .already_evaluated classif.bbrier
INFO  [11:31:40.109] [bbotk]  0.986248 -5.478067 2.886152e-09 <list[2]>              FALSE      0.0950655
INFO  [11:31:40.109] [bbotk]  warnings errors runtime_learners                                uhash
INFO  [11:31:40.109] [bbotk]         0      0            1.311 3829be09-017f-4417-9cd0-062cb3bbf08b
INFO  [11:31:43.004] [bbotk] Evaluating 1 configuration(s)
INFO  [11:31:44.869] [bbotk] Result of batch 88:
INFO  [11:31:44.894] [bbotk]      alpha         s       acq_ei  x_domain .already_evaluated classif.bbrier
INFO  [11:31:44.894] [bbotk]  0.9785912 -5.536816 7.161606e-11 <list[2]>              FALSE     0.09506602
INFO  [11:31:44.894] [bbotk]  warnings errors runtime_learners                                uhash
INFO  [11:31:44.894] [bbotk]         0      0            1.432 f7614d0e-d670-41bf-b8ff-d6045d4f90ba
INFO  [11:31:48.956] [bbotk] Evaluating 1 configuration(s)
INFO  [11:31:50.200] [bbotk] Result of batch 89:
INFO  [11:31:50.255] [bbotk]      alpha         s       acq_ei  x_domain .already_evaluated classif.bbrier
INFO  [11:31:50.255] [bbotk]  0.9857892 -5.539135 1.708578e-09 <list[2]>              FALSE     0.09506552
INFO  [11:31:50.255] [bbotk]  warnings errors runtime_learners                                uhash
INFO  [11:31:50.255] [bbotk]         0      0            0.934 b4f61528-fd79-468e-83c3-296367866428
INFO  [11:31:54.455] [bbotk] Evaluating 1 configuration(s)
INFO  [11:31:56.644] [bbotk] Result of batch 90:
INFO  [11:31:56.691] [bbotk]      alpha         s       acq_ei  x_domain .already_evaluated classif.bbrier
INFO  [11:31:56.691] [bbotk]  0.9984191 -5.476261 2.389071e-09 <list[2]>              FALSE     0.09506587
INFO  [11:31:56.691] [bbotk]  warnings errors runtime_learners                                uhash
INFO  [11:31:56.691] [bbotk]         0      0            1.735 c07f7bbb-0649-4774-8247-b5312996577f
WARN  [11:31:57.912] [mlr3] train: Stopped because hard maximum generation limit was hit.
INFO  [11:32:00.546] [bbotk] Evaluating 1 configuration(s)
INFO  [11:32:03.044] [bbotk] Result of batch 91:
INFO  [11:32:03.060] [bbotk]      alpha         s       acq_ei  x_domain .already_evaluated classif.bbrier
INFO  [11:32:03.060] [bbotk]  0.7546972 -6.676325 6.230976e-12 <list[2]>              FALSE     0.09532583
INFO  [11:32:03.060] [bbotk]  warnings errors runtime_learners                                uhash
INFO  [11:32:03.060] [bbotk]         0      0            1.938 dea23d58-e551-4850-a584-f94f5cab6805
WARN  [11:32:03.938] [mlr3] train: Stopped because hard maximum generation limit was hit.
INFO  [11:32:06.201] [bbotk] Evaluating 1 configuration(s)
INFO  [11:32:07.867] [bbotk] Result of batch 92:
INFO  [11:32:07.895] [bbotk]      alpha         s       acq_ei  x_domain .already_evaluated classif.bbrier
INFO  [11:32:07.895] [bbotk]  0.9900857 -5.536233 1.174378e-08 <list[2]>              FALSE     0.09506517
INFO  [11:32:07.895] [bbotk]  warnings errors runtime_learners                                uhash
INFO  [11:32:07.895] [bbotk]         0      0            1.199 23f55139-72a9-4507-87fb-82260b4f1649
WARN  [11:32:08.835] [mlr3] train: Stopped because hard maximum generation limit was hit.
INFO  [11:32:11.165] [bbotk] Evaluating 1 configuration(s)
INFO  [11:32:12.251] [bbotk] Result of batch 93:
INFO  [11:32:12.287] [bbotk]      alpha        s       acq_ei  x_domain .already_evaluated classif.bbrier
INFO  [11:32:12.287] [bbotk]  0.5837472 -5.09146 1.270773e-12 <list[2]>              FALSE     0.09511509
INFO  [11:32:12.287] [bbotk]  warnings errors runtime_learners                                uhash
INFO  [11:32:12.287] [bbotk]         0      0            0.766 fe13f339-93ae-4e85-a17c-c1e050b1e833
WARN  [11:32:13.176] [mlr3] train: Stopped because hard maximum generation limit was hit.
INFO  [11:32:13.351] [bbotk] Finished optimizing after 100 evaluation(s)
INFO  [11:32:13.365] [bbotk] Result:
INFO  [11:32:13.400] [bbotk]      alpha         s learner_param_vals  x_domain classif.bbrier
INFO  [11:32:13.400] [bbotk]      <num>     <num>             <list>    <list>          <num>
INFO  [11:32:13.400] [bbotk]  0.9996651 -5.506505          <list[2]> <list[2]>      0.0950644
[1] 1.320078
[1] 58.96339
[1] 0.8428753
[1] 54.10546
[1] 1.705882
[1] 65.23245
[1] 1.678258
[1] 64.78444
[1] 1.071274
[1] 52.69158

### [bt]: Job terminated successfully [batchtools job.id=3246]
### [bt]: Calculation finished!
