### [bt]: This is batchtools v0.9.17
### [bt]: Starting calculation of 1 jobs
### [bt]: Setting working directory to '/content/drive/MyDrive/GitHub/Mater_Thesis_Calibration'
ece.R :
Friedmann_tasks.R :
Functions.R :
ici.R :
mse_feature_effects.R :
PipeOpCalibration_TuningExperiment.R :
PipeOpCalibration.R :
PipeOpCalibrationUnion.R :
### [bt]: Memory measurement disabled
### [bt]: Starting job [batchtools job.id=1031]
### [bt]: Generating problem instance for problem 'b541340d6c2eb21d' ...
### [bt]: Applying algorithm 'run_learner' on problem 'b541340d6c2eb21d' for job 1031 (seed = 1154) ...
INFO  [14:06:17.133] [mlr3] Applying learner 'xgboost TbC isotonic' on task 'kc1' (iter 1/10)
INFO  [14:06:19.928] [bbotk] Starting to optimize 8 parameter(s) with '<OptimizerMbo>' and '<TerminatorEvals> [n_evals=100, k=0]'
INFO  [14:06:22.816] [bbotk] Evaluating 32 configuration(s)
INFO  [14:16:01.615] [bbotk] Result of batch 1:
INFO  [14:16:01.630] [bbotk]       alpha colsample_bylevel colsample_bytree         eta     lambda max_depth
INFO  [14:16:01.630] [bbotk]   5.3359514         0.2621276        0.9388134 -3.48545931 -1.4314141         1
INFO  [14:16:01.630] [bbotk]  -1.5718043         0.7121276        0.4888134 -8.09062970  5.4763412        11
INFO  [14:16:01.630] [bbotk]  -5.0256820         0.4871276        0.7138134 -1.18287421  2.0224636        16
INFO  [14:16:01.630] [bbotk]   1.8820737         0.9371276        0.2638134 -5.78804467 -4.8852917         6
INFO  [14:16:01.630] [bbotk]  -3.2987432         0.1496276        0.1513134 -6.93933708  3.7494024        19
INFO  [14:16:01.630] [bbotk]   3.6090125         0.5996276        0.6013134 -2.33416676 -3.1583529         9
INFO  [14:16:01.630] [bbotk]   0.1551349         0.3746276        0.3763134 -4.63675213 -6.6122306         4
INFO  [14:16:01.630] [bbotk]  -6.7526207         0.8246276        0.8263134 -0.03158167  0.2955248        14
INFO  [14:16:01.630] [bbotk]   2.7455431         0.2058776        0.7700634 -8.66627597  1.1589942        10
INFO  [14:16:01.630] [bbotk]  -4.1622126         0.6558776        0.3200634 -4.06110558 -5.7487612        20
INFO  [14:16:01.630] [bbotk]   6.1994208         0.8808776        0.5450634 -1.75852049  4.6128718         5
INFO  [14:16:01.630] [bbotk]  -0.7083349         0.4308776        0.9950634 -6.36369095 -2.2948835        15
INFO  [14:16:01.630] [bbotk]   1.0186043         0.7683776        0.8825634 -7.51498336  2.8859330         3
INFO  [14:16:01.630] [bbotk]  -5.8891513         0.3183776        0.4325634 -2.90981303 -4.0218223        13
INFO  [14:16:01.630] [bbotk]   4.4724819         0.5433776        0.2075634 -0.60722794  6.3398106         8
INFO  [14:16:01.630] [bbotk]  -2.4352737         0.9933776        0.6575634 -5.21239840 -0.5679446        18
INFO  [14:16:01.630] [bbotk]  -3.7304779         0.1777526        0.8544384 -4.92457526  5.9080759         5
INFO  [14:16:01.630] [bbotk]   3.1772778         0.6277526        0.4044384 -0.31940480 -0.9996794        15
INFO  [14:16:01.630] [bbotk]  -0.2766002         0.8527526        0.1794384 -2.62198990  2.4541983        10
INFO  [14:16:01.630] [bbotk]   6.6311555         0.4027526        0.6294384 -7.22716022 -4.4535570        20
INFO  [14:16:01.630] [bbotk]   1.4503390         0.2902526        0.2919384 -1.47069735 -2.7266182        17
INFO  [14:16:01.630] [bbotk]  -5.4574166         0.7402526        0.7419384 -6.07586781  4.1811371         7
INFO  [14:16:01.630] [bbotk]   4.9042167         0.9652526        0.9669384 -8.37845284 -6.1804959        12
INFO  [14:16:01.630] [bbotk]  -2.0035390         0.5152526        0.5169384 -3.77328244  0.7272595         2
INFO  [14:16:01.630] [bbotk]  -2.8670084         0.5715026        0.9106884 -2.04634362 -3.5900876         3
INFO  [14:16:01.630] [bbotk]   4.0407472         0.1215026        0.4606884 -6.65151408  3.3176677        13
INFO  [14:16:01.630] [bbotk]   0.5868696         0.7965026        0.6856884 -4.34892872  6.7715453        18
INFO  [14:16:01.630] [bbotk]  -6.3208860         0.3465026        0.2356884 -8.95409911 -0.1362099         8
INFO  [14:16:01.630] [bbotk]  -4.5939473         0.9090026        0.3481884 -7.80280649 -1.8631488         1
INFO  [14:16:01.630] [bbotk]   2.3138084         0.4590026        0.7981884 -3.19763617  5.0446065        11
INFO  [14:16:01.630] [bbotk]  -1.1400696         0.2340026        0.5731884 -0.89505108 -5.3170265         6
INFO  [14:16:01.630] [bbotk]   5.7676861         0.6840026        0.1231884 -5.50022154  1.5907289        16
INFO  [14:16:01.630] [bbotk]       alpha colsample_bylevel colsample_bytree         eta     lambda max_depth
INFO  [14:16:01.630] [bbotk]  nrounds subsample classif.bbrier warnings errors runtime_learners
INFO  [14:16:01.630] [bbotk]     3240 0.8691413      0.1527551        0      0           11.908
INFO  [14:16:01.630] [bbotk]      740 0.4191413      0.2312323        0      0            7.057
INFO  [14:16:01.630] [bbotk]     4490 0.1941413      0.1348007        0      0           24.482
INFO  [14:16:01.630] [bbotk]     1990 0.6441413      0.1083671        0      0           14.056
INFO  [14:16:01.630] [bbotk]     2615 0.9816413      0.1134774        0      0           13.885
INFO  [14:16:01.630] [bbotk]      115 0.5316413      0.1138108        0      0            4.016
INFO  [14:16:01.630] [bbotk]     3865 0.3066413      0.1098343        0      0           17.958
INFO  [14:16:01.630] [bbotk]     1365 0.7566413      0.1449413        0      0           17.773
INFO  [14:16:01.630] [bbotk]     3553 0.8128913      0.1577887        0      0           18.089
INFO  [14:16:01.630] [bbotk]     1053 0.3628913      0.1164089        0      0           11.572
INFO  [14:16:01.630] [bbotk]     2303 0.5878913      0.2500000        0      0           10.018
INFO  [14:16:01.630] [bbotk]     4803 0.1378913      0.1071634        0      0           32.828
INFO  [14:16:01.630] [bbotk]      428 0.4753913      0.2049416        0      0            5.921
INFO  [14:16:01.630] [bbotk]     2928 0.9253913      0.1310586        0      0           25.949
INFO  [14:16:01.630] [bbotk]     4178 0.2503913      0.1721638        0      0           14.203
INFO  [14:16:01.630] [bbotk]     1678 0.7003913      0.1135890        0      0           42.006
INFO  [14:16:01.630] [bbotk]     2146 0.7847663      0.1097018        0      0           12.704
INFO  [14:16:01.630] [bbotk]     4646 0.3347663      0.1121375        0      0           16.903
INFO  [14:16:01.630] [bbotk]     3396 0.5597663      0.1182750        0      0           19.988
INFO  [14:16:01.630] [bbotk]      896 0.1097663      0.2500000        0      0            5.216
INFO  [14:16:01.630] [bbotk]     1521 0.8972663      0.1102260        0      0            9.800
INFO  [14:16:01.630] [bbotk]     4021 0.4472663      0.1085030        0      0           47.223
INFO  [14:16:01.630] [bbotk]     2771 0.6722663      0.1893282        0      0           42.216
INFO  [14:16:01.630] [bbotk]      271 0.2222663      0.1083405        0      0            2.481
INFO  [14:16:01.630] [bbotk]     4334 0.5035163      0.1417422        0      0           34.394
INFO  [14:16:01.630] [bbotk]     1834 0.9535163      0.1222355        0      0            7.681
INFO  [14:16:01.630] [bbotk]     3084 0.7285163      0.1095417        0      0           41.171
INFO  [14:16:01.630] [bbotk]      584 0.2785163      0.2309991        0      0            4.814
INFO  [14:16:01.630] [bbotk]     3709 0.6160163      0.1188916        0      0           17.398
INFO  [14:16:01.630] [bbotk]     1209 0.1660163      0.1133040        0      0            6.991
INFO  [14:16:01.630] [bbotk]     2459 0.8410163      0.1442297        0      0           15.287
INFO  [14:16:01.630] [bbotk]     4959 0.3910163      0.2500000        0      0           17.061
INFO  [14:16:01.630] [bbotk]  nrounds subsample classif.bbrier warnings errors runtime_learners
INFO  [14:16:01.630] [bbotk]                                 uhash
INFO  [14:16:01.630] [bbotk]  c254739c-c850-4b61-ab04-16f522a92994
INFO  [14:16:01.630] [bbotk]  19d5338a-d2af-4d75-9716-c2754bd03133
INFO  [14:16:01.630] [bbotk]  9843bf7f-d96d-4e19-9cc8-3c515cce7153
INFO  [14:16:01.630] [bbotk]  80f33d97-b125-425c-a55c-7127d2121a5a
INFO  [14:16:01.630] [bbotk]  a096e4ff-6f7c-436f-b4a2-89917f5beaf3
INFO  [14:16:01.630] [bbotk]  af864db1-1a01-47ac-b83c-294593d0585c
INFO  [14:16:01.630] [bbotk]  2ea96fb0-739c-44c7-afb4-30cec847bab4
INFO  [14:16:01.630] [bbotk]  97008930-fc3a-4bac-8de9-6c2acecc61e5
INFO  [14:16:01.630] [bbotk]  f8e78801-29ee-47c2-b88e-4395b996be71
INFO  [14:16:01.630] [bbotk]  6165bb68-f837-44ee-a359-e2e6881a2804
INFO  [14:16:01.630] [bbotk]  725c9de6-8335-443f-9906-54aa28d6ebd2
INFO  [14:16:01.630] [bbotk]  ec2ac238-c95e-4588-a383-904b4258c4af
INFO  [14:16:01.630] [bbotk]  4abc0534-1d4b-4382-84fc-76503276afad
INFO  [14:16:01.630] [bbotk]  1b5dfebe-53e6-4635-a2a2-2f1c1c2fd757
INFO  [14:16:01.630] [bbotk]  8a076716-342b-4e96-be43-c0d0caf9f3a6
INFO  [14:16:01.630] [bbotk]  2b3f4ce9-26ce-41d5-8131-5b4fa2426aa4
INFO  [14:16:01.630] [bbotk]  0aa214be-a713-4700-9eec-4c8a214e0541
INFO  [14:16:01.630] [bbotk]  58fc31e4-693f-4cc8-894b-8bffbfdc2baa
INFO  [14:16:01.630] [bbotk]  81ea0f34-d7a8-43ab-bb60-a616d7ab8f21
INFO  [14:16:01.630] [bbotk]  6ba7dfc3-0849-471f-9216-b23c58724943
INFO  [14:16:01.630] [bbotk]  b01bb737-81eb-4a2a-817f-80bc19414530
INFO  [14:16:01.630] [bbotk]  ba37bcd9-f73b-4231-8659-66123dd33c02
INFO  [14:16:01.630] [bbotk]  0d28b150-6a8c-4bb2-9a6b-afbf2415ac52
INFO  [14:16:01.630] [bbotk]  ffe8bd1d-fe5f-4cf6-bac2-921df7ff69eb
INFO  [14:16:01.630] [bbotk]  2a8eb6b4-0235-4578-8ab1-9512a9473274
INFO  [14:16:01.630] [bbotk]  446c4270-80c0-4fca-9191-27883ba10b3f
INFO  [14:16:01.630] [bbotk]  e32758a5-9e23-417a-bd1e-bdde1956e033
INFO  [14:16:01.630] [bbotk]  a624e728-f9cf-4e30-b723-294feec81f39
INFO  [14:16:01.630] [bbotk]  be6d4477-963f-4b73-b3db-4e9d263f5d6c
INFO  [14:16:01.630] [bbotk]  b77e8df8-a53c-4ea5-a6c8-0f3a52d02483
INFO  [14:16:01.630] [bbotk]  2613901a-60d3-4299-9f0e-907357ee6322
INFO  [14:16:01.630] [bbotk]  598c3563-04a0-4026-8440-5732e89464e9
INFO  [14:16:01.630] [bbotk]                                 uhash
INFO  [14:16:07.246] [bbotk] Evaluating 1 configuration(s)
INFO  [14:16:17.487] [bbotk] Result of batch 2:
INFO  [14:16:17.498] [bbotk]     alpha colsample_bylevel colsample_bytree       eta    lambda max_depth
INFO  [14:16:17.498] [bbotk]  3.074777         0.4202643        0.9699844 -4.169933 -5.921079         8
INFO  [14:16:17.498] [bbotk]  nrounds subsample     acq_ei  x_domain .already_evaluated classif.bbrier
INFO  [14:16:17.498] [bbotk]     1326 0.9894495 0.02700184 <list[8]>              FALSE      0.1098246
INFO  [14:16:17.498] [bbotk]  warnings errors runtime_learners                                uhash
INFO  [14:16:17.498] [bbotk]         0      0            9.946 08c41dea-6754-451a-b0e0-1d62b687309e
INFO  [14:16:23.901] [bbotk] Evaluating 1 configuration(s)
INFO  [14:17:12.379] [bbotk] Result of batch 3:
INFO  [14:17:12.390] [bbotk]      alpha colsample_bylevel colsample_bytree       eta    lambda max_depth
INFO  [14:17:12.390] [bbotk]  -3.365332         0.3886263        0.4548927 -5.670044 -2.631471        10
INFO  [14:17:12.390] [bbotk]  nrounds subsample     acq_ei  x_domain .already_evaluated classif.bbrier
INFO  [14:17:12.390] [bbotk]     4446 0.7789131 0.01980937 <list[8]>              FALSE       0.117538
INFO  [14:17:12.390] [bbotk]  warnings errors runtime_learners                                uhash
INFO  [14:17:12.390] [bbotk]         0      0           48.249 e60c369c-f35b-4999-90dd-b3e590b1682d
INFO  [14:17:21.570] [bbotk] Evaluating 1 configuration(s)
INFO  [14:17:40.171] [bbotk] Result of batch 4:
INFO  [14:17:40.194] [bbotk]     alpha colsample_bylevel colsample_bytree       eta    lambda max_depth
INFO  [14:17:40.194] [bbotk]  1.630037           0.46928        0.6045656 -2.723175 -5.048614        20
INFO  [14:17:40.194] [bbotk]  nrounds subsample     acq_ei  x_domain .already_evaluated classif.bbrier
INFO  [14:17:40.194] [bbotk]     1946 0.4961591 0.02337364 <list[8]>              FALSE      0.1099323
INFO  [14:17:40.194] [bbotk]  warnings errors runtime_learners                                uhash
INFO  [14:17:40.194] [bbotk]         0      0           18.335 06e6e347-c040-4362-bfa6-8fda146e3300
INFO  [14:17:46.727] [bbotk] Evaluating 1 configuration(s)
INFO  [14:17:51.731] [bbotk] Result of batch 5:
INFO  [14:17:51.742] [bbotk]     alpha colsample_bylevel colsample_bytree       eta    lambda max_depth
INFO  [14:17:51.742] [bbotk]  2.504924         0.2284519        0.1607068 -3.675951 -2.463515         1
INFO  [14:17:51.742] [bbotk]  nrounds subsample     acq_ei  x_domain .already_evaluated classif.bbrier
INFO  [14:17:51.742] [bbotk]     1085 0.9591112 0.01777961 <list[8]>              FALSE      0.1112281
INFO  [14:17:51.742] [bbotk]  warnings errors runtime_learners                                uhash
INFO  [14:17:51.742] [bbotk]         0      0            4.742 a69fec24-f7ed-437c-9324-811919e9cdbe
INFO  [14:18:00.410] [bbotk] Evaluating 1 configuration(s)
INFO  [14:18:13.369] [bbotk] Result of batch 6:
INFO  [14:18:13.380] [bbotk]      alpha colsample_bylevel colsample_bytree       eta   lambda max_depth
INFO  [14:18:13.380] [bbotk]  0.4546442         0.2137363        0.6899811 -5.429118 2.601816         2
INFO  [14:18:13.380] [bbotk]  nrounds subsample     acq_ei  x_domain .already_evaluated classif.bbrier
INFO  [14:18:13.380] [bbotk]     2707 0.8945963 0.02221919 <list[8]>              FALSE      0.1080178
INFO  [14:18:13.380] [bbotk]  warnings errors runtime_learners                                uhash
INFO  [14:18:13.380] [bbotk]         0      0           12.744 5145b0f7-acc4-4c2f-aef9-8469add26f8c
WARN  [14:18:14.236] [mlr3] train: Stopped because hard maximum generation limit was hit.
INFO  [14:18:18.973] [bbotk] Evaluating 1 configuration(s)
INFO  [14:18:21.265] [bbotk] Result of batch 7:
INFO  [14:18:21.275] [bbotk]     alpha colsample_bylevel colsample_bytree       eta     lambda max_depth
INFO  [14:18:21.275] [bbotk]  1.378132         0.3911631        0.7611169 -2.833675 -0.6874467        16
INFO  [14:18:21.275] [bbotk]  nrounds subsample     acq_ei  x_domain .already_evaluated classif.bbrier
INFO  [14:18:21.275] [bbotk]       51  0.591152 0.01542262 <list[8]>              FALSE      0.1084397
INFO  [14:18:21.275] [bbotk]  warnings errors runtime_learners                                uhash
INFO  [14:18:21.275] [bbotk]         0      0            2.053 ef263e4f-90e3-4838-ba13-194c1fb54d1a
INFO  [14:18:27.404] [bbotk] Evaluating 1 configuration(s)
INFO  [14:18:32.784] [bbotk] Result of batch 8:
INFO  [14:18:32.818] [bbotk]     alpha colsample_bylevel colsample_bytree        eta    lambda max_depth
INFO  [14:18:32.818] [bbotk]  1.419216         0.8127486        0.4356835 -0.2669844 -6.490428        16
INFO  [14:18:32.818] [bbotk]  nrounds subsample     acq_ei  x_domain .already_evaluated classif.bbrier
INFO  [14:18:32.818] [bbotk]      400 0.2252985 0.01391044 <list[8]>              FALSE      0.1226929
INFO  [14:18:32.818] [bbotk]  warnings errors runtime_learners                                uhash
INFO  [14:18:32.818] [bbotk]         0      0              5.1 31470601-582e-412d-aed1-cc5aa642609e
INFO  [14:18:39.645] [bbotk] Evaluating 1 configuration(s)
INFO  [14:18:55.462] [bbotk] Result of batch 9:
INFO  [14:18:55.472] [bbotk]     alpha colsample_bylevel colsample_bytree       eta    lambda max_depth
INFO  [14:18:55.472] [bbotk]  1.656674         0.1938609        0.2217586 -5.224342 -1.745913        15
INFO  [14:18:55.472] [bbotk]  nrounds subsample     acq_ei  x_domain .already_evaluated classif.bbrier
INFO  [14:18:55.472] [bbotk]     3018 0.8279475 0.01288091 <list[8]>              FALSE      0.1078083
INFO  [14:18:55.472] [bbotk]  warnings errors runtime_learners                                uhash
INFO  [14:18:55.472] [bbotk]         0      0           15.562 431f30aa-b08e-4956-87de-e9539693a089
INFO  [14:19:03.633] [bbotk] Evaluating 1 configuration(s)
INFO  [14:19:22.941] [bbotk] Result of batch 10:
INFO  [14:19:22.961] [bbotk]      alpha colsample_bylevel colsample_bytree       eta   lambda max_depth
INFO  [14:19:22.961] [bbotk]  -1.020486         0.1490546        0.7528006 -4.712927 5.985552        19
INFO  [14:19:22.961] [bbotk]  nrounds subsample     acq_ei  x_domain .already_evaluated classif.bbrier
INFO  [14:19:22.961] [bbotk]     3143  0.591325 0.01465774 <list[8]>              FALSE      0.1093799
INFO  [14:19:22.961] [bbotk]  warnings errors runtime_learners                                uhash
INFO  [14:19:22.961] [bbotk]         0      0           18.973 618783dd-79c1-4ec6-860d-2dc25a2e07ea
INFO  [14:19:29.612] [bbotk] Evaluating 1 configuration(s)
INFO  [14:20:18.572] [bbotk] Result of batch 11:
INFO  [14:20:18.593] [bbotk]      alpha colsample_bylevel colsample_bytree       eta   lambda max_depth
INFO  [14:20:18.593] [bbotk]  -4.187182         0.7857563        0.5553386 -5.631225 5.727399        18
INFO  [14:20:18.593] [bbotk]  nrounds subsample     acq_ei  x_domain .already_evaluated classif.bbrier
INFO  [14:20:18.593] [bbotk]     3980  0.631109 0.01110269 <list[8]>              FALSE       0.109933
INFO  [14:20:18.593] [bbotk]  warnings errors runtime_learners                                uhash
INFO  [14:20:18.593] [bbotk]         0      0           48.682 e7d4f190-2f4b-4b75-a52b-215af9d248ce
WARN  [14:20:19.152] [mlr3] train: Stopped because hard maximum generation limit was hit.
INFO  [14:20:25.599] [bbotk] Evaluating 1 configuration(s)
INFO  [14:21:04.008] [bbotk] Result of batch 12:
INFO  [14:21:04.023] [bbotk]       alpha colsample_bylevel colsample_bytree       eta    lambda max_depth
INFO  [14:21:04.023] [bbotk]  -0.7440455         0.6949885         0.806133 -4.461871 -3.238917         9
INFO  [14:21:04.023] [bbotk]  nrounds subsample     acq_ei  x_domain .already_evaluated classif.bbrier
INFO  [14:21:04.023] [bbotk]     4073  0.130264 0.01272935 <list[8]>              FALSE      0.1152203
INFO  [14:21:04.023] [bbotk]  warnings errors runtime_learners                                uhash
INFO  [14:21:04.023] [bbotk]         0      0           38.148 578bba79-5649-44e3-8078-88bc74eb256e
INFO  [14:21:10.768] [bbotk] Evaluating 1 configuration(s)
INFO  [14:21:30.985] [bbotk] Result of batch 13:
INFO  [14:21:31.100] [bbotk]      alpha colsample_bylevel colsample_bytree       eta   lambda max_depth
INFO  [14:21:31.100] [bbotk]  -4.805894          0.837292         0.113199 -6.307679 4.066795         4
INFO  [14:21:31.100] [bbotk]  nrounds subsample     acq_ei  x_domain .already_evaluated classif.bbrier
INFO  [14:21:31.100] [bbotk]     3932 0.9804614 0.01112725 <list[8]>              FALSE      0.1092868
INFO  [14:21:31.100] [bbotk]  warnings errors runtime_learners                                uhash
INFO  [14:21:31.100] [bbotk]         0      0           19.815 60af6b5e-21f1-43d5-96b7-3ca9ede4a718
INFO  [14:21:38.177] [bbotk] Evaluating 1 configuration(s)
INFO  [14:23:19.983] [bbotk] Result of batch 14:
INFO  [14:23:19.997] [bbotk]        alpha colsample_bylevel colsample_bytree       eta    lambda max_depth
INFO  [14:23:19.997] [bbotk]  -0.02235491          0.576733        0.8850204 -5.826589 -4.950546        17
INFO  [14:23:19.997] [bbotk]  nrounds subsample     acq_ei  x_domain .already_evaluated classif.bbrier
INFO  [14:23:19.997] [bbotk]     4215  0.941967 0.01054383 <list[8]>              FALSE      0.1125761
INFO  [14:23:19.997] [bbotk]  warnings errors runtime_learners                                uhash
INFO  [14:23:19.997] [bbotk]         0      0          101.432 6bb31e35-7a07-422a-9945-05e380ac6d88
WARN  [14:23:20.939] [mlr3] train: Stopped because hard maximum generation limit was hit.
INFO  [14:23:29.013] [bbotk] Evaluating 1 configuration(s)
INFO  [14:23:40.083] [bbotk] Result of batch 15:
INFO  [14:23:40.094] [bbotk]      alpha colsample_bylevel colsample_bytree       eta   lambda max_depth
INFO  [14:23:40.094] [bbotk]  -2.731735         0.7314906        0.1400863 -4.548155 3.827872         3
INFO  [14:23:40.094] [bbotk]  nrounds subsample      acq_ei  x_domain .already_evaluated classif.bbrier
INFO  [14:23:40.094] [bbotk]     2273 0.4024704 0.009883897 <list[8]>              FALSE      0.1084635
INFO  [14:23:40.094] [bbotk]  warnings errors runtime_learners                                uhash
INFO  [14:23:40.094] [bbotk]         0      0           10.703 5fb4e4e0-cbc1-4e6b-8b19-f1b803b3e9d5
INFO  [14:23:50.038] [bbotk] Evaluating 1 configuration(s)
INFO  [14:24:07.819] [bbotk] Result of batch 16:
INFO  [14:24:07.829] [bbotk]     alpha colsample_bylevel colsample_bytree       eta    lambda max_depth
INFO  [14:24:07.829] [bbotk]  2.754975         0.3825274        0.7992475 -1.834242 -3.450989        10
INFO  [14:24:07.829] [bbotk]  nrounds subsample     acq_ei  x_domain .already_evaluated classif.bbrier
INFO  [14:24:07.829] [bbotk]     3096 0.6989508 0.01039744 <list[8]>              FALSE      0.1082044
INFO  [14:24:07.829] [bbotk]  warnings errors runtime_learners                                uhash
INFO  [14:24:07.829] [bbotk]         0      0           17.537 dca2f2e8-f910-4e85-aba6-faf60d221798
INFO  [14:24:17.029] [bbotk] Evaluating 1 configuration(s)
INFO  [14:24:56.769] [bbotk] Result of batch 17:
INFO  [14:24:56.848] [bbotk]      alpha colsample_bylevel colsample_bytree       eta    lambda max_depth
INFO  [14:24:56.848] [bbotk]  -4.249191         0.9872881        0.5090457 -5.669703 -4.588572         7
INFO  [14:24:56.848] [bbotk]  nrounds subsample     acq_ei  x_domain .already_evaluated classif.bbrier
INFO  [14:24:56.848] [bbotk]     3945 0.1983121 0.01390666 <list[8]>              FALSE      0.1105865
INFO  [14:24:56.848] [bbotk]  warnings errors runtime_learners                                uhash
INFO  [14:24:56.848] [bbotk]         0      0           39.496 f1bea955-7da6-4e5b-b896-99d9e4ea333e
INFO  [14:25:03.898] [bbotk] Evaluating 1 configuration(s)
INFO  [14:25:39.740] [bbotk] Result of batch 18:
INFO  [14:25:39.751] [bbotk]     alpha colsample_bylevel colsample_bytree       eta   lambda max_depth
INFO  [14:25:39.751] [bbotk]  2.576356         0.3735963        0.8021497 -5.352158 4.423631         4
INFO  [14:25:39.751] [bbotk]  nrounds subsample      acq_ei  x_domain .already_evaluated classif.bbrier
INFO  [14:25:39.751] [bbotk]     4256 0.9871411 0.008403608 <list[8]>              FALSE      0.1097149
INFO  [14:25:39.751] [bbotk]  warnings errors runtime_learners                                uhash
INFO  [14:25:39.751] [bbotk]         0      0           35.443 fa17bd0b-2e81-4075-8714-6d411e2cac22
INFO  [14:25:50.824] [bbotk] Evaluating 1 configuration(s)
INFO  [14:25:55.742] [bbotk] Result of batch 19:
INFO  [14:25:55.752] [bbotk]      alpha colsample_bylevel colsample_bytree       eta   lambda max_depth
INFO  [14:25:55.752] [bbotk]  -2.886824         0.3892808        0.2143588 -3.390659 6.325794        14
INFO  [14:25:55.752] [bbotk]  nrounds subsample      acq_ei  x_domain .already_evaluated classif.bbrier
INFO  [14:25:55.752] [bbotk]      305 0.7995071 0.008343634 <list[8]>              FALSE      0.1150569
INFO  [14:25:55.752] [bbotk]  warnings errors runtime_learners                                uhash
INFO  [14:25:55.752] [bbotk]         0      0            4.532 796cd2e6-2685-4415-94c9-967858385c6a
INFO  [14:26:04.080] [bbotk] Evaluating 1 configuration(s)
INFO  [14:26:35.322] [bbotk] Result of batch 20:
INFO  [14:26:35.332] [bbotk]     alpha colsample_bylevel colsample_bytree       eta    lambda max_depth
INFO  [14:26:35.332] [bbotk]  2.176019         0.3475796        0.8557151 -0.736637 -1.808214        13
INFO  [14:26:35.332] [bbotk]  nrounds subsample      acq_ei  x_domain .already_evaluated classif.bbrier
INFO  [14:26:35.332] [bbotk]     4777 0.7610255 0.008951094 <list[8]>              FALSE      0.1102888
INFO  [14:26:35.332] [bbotk]  warnings errors runtime_learners                                uhash
INFO  [14:26:35.332] [bbotk]         0      0           30.864 adba743d-2239-4036-8908-a1008417879c
INFO  [14:26:42.880] [bbotk] Evaluating 1 configuration(s)
INFO  [14:26:57.488] [bbotk] Result of batch 21:
INFO  [14:26:57.499] [bbotk]     alpha colsample_bylevel colsample_bytree       eta   lambda max_depth
INFO  [14:26:57.499] [bbotk]  -4.85013         0.9695998        0.4973435 -4.238804 2.825624         2
INFO  [14:26:57.499] [bbotk]  nrounds subsample      acq_ei  x_domain .already_evaluated classif.bbrier
INFO  [14:26:57.499] [bbotk]     1801 0.3913026 0.007990912 <list[8]>              FALSE      0.1079704
INFO  [14:26:57.499] [bbotk]  warnings errors runtime_learners                                uhash
INFO  [14:26:57.499] [bbotk]         0      0           14.279 4998f9d1-9545-4d49-a52e-720b91023355
INFO  [14:27:01.901] [bbotk] Evaluating 1 configuration(s)
INFO  [14:27:17.542] [bbotk] Result of batch 22:
INFO  [14:27:17.557] [bbotk]     alpha colsample_bylevel colsample_bytree        eta    lambda max_depth
INFO  [14:27:17.557] [bbotk]  1.674206         0.3412385        0.2811669 -0.3761403 -4.224026        17
INFO  [14:27:17.557] [bbotk]  nrounds subsample      acq_ei  x_domain .already_evaluated classif.bbrier
INFO  [14:27:17.557] [bbotk]     4342 0.2776243 0.006693758 <list[8]>              FALSE      0.1187916
INFO  [14:27:17.557] [bbotk]  warnings errors runtime_learners                                uhash
INFO  [14:27:17.557] [bbotk]         0      0           15.209 2a6cd37c-636d-4d28-91c7-34966df2b79f
INFO  [14:27:26.388] [bbotk] Evaluating 1 configuration(s)
INFO  [14:27:50.858] [bbotk] Result of batch 23:
INFO  [14:27:50.877] [bbotk]    alpha colsample_bylevel colsample_bytree       eta    lambda max_depth
INFO  [14:27:50.877] [bbotk]  2.41259         0.7905652        0.6017955 -4.510807 -2.117037         6
INFO  [14:27:50.877] [bbotk]  nrounds subsample      acq_ei  x_domain .already_evaluated classif.bbrier
INFO  [14:27:50.877] [bbotk]     2375 0.9876446 0.007653917 <list[8]>              FALSE      0.1089574
INFO  [14:27:50.877] [bbotk]  warnings errors runtime_learners                                uhash
INFO  [14:27:50.877] [bbotk]         0      0           23.745 97cf7feb-b874-4f3f-831e-cca1c30de3eb
INFO  [14:27:59.528] [bbotk] Evaluating 1 configuration(s)
INFO  [14:28:14.742] [bbotk] Result of batch 24:
INFO  [14:28:14.786] [bbotk]     alpha colsample_bylevel colsample_bytree       eta    lambda max_depth
INFO  [14:28:14.786] [bbotk]  2.899828         0.1806754         0.978634 -5.048564 -2.688344         4
INFO  [14:28:14.786] [bbotk]  nrounds subsample      acq_ei  x_domain .already_evaluated classif.bbrier
INFO  [14:28:14.786] [bbotk]     2105 0.9217084 0.006530658 <list[8]>              FALSE      0.1099206
INFO  [14:28:14.786] [bbotk]  warnings errors runtime_learners                                uhash
INFO  [14:28:14.786] [bbotk]         0      0           14.684 0558c19b-9d82-43d2-9f1d-7394be533482
INFO  [14:28:22.034] [bbotk] Evaluating 1 configuration(s)
INFO  [14:28:30.012] [bbotk] Result of batch 25:
INFO  [14:28:30.023] [bbotk]     alpha colsample_bylevel colsample_bytree       eta    lambda max_depth
INFO  [14:28:30.023] [bbotk]  0.929026         0.9221994        0.2406058 -3.133528 -4.076317        11
INFO  [14:28:30.023] [bbotk]  nrounds subsample      acq_ei  x_domain .already_evaluated classif.bbrier
INFO  [14:28:30.023] [bbotk]      331  0.908533 0.006112366 <list[8]>              FALSE      0.1083727
INFO  [14:28:30.023] [bbotk]  warnings errors runtime_learners                                uhash
INFO  [14:28:30.023] [bbotk]         0      0            7.552 93b2b86a-86bd-4322-a99f-51b58e594ee4
INFO  [14:28:40.034] [bbotk] Evaluating 1 configuration(s)
INFO  [14:29:23.513] [bbotk] Result of batch 26:
INFO  [14:29:23.562] [bbotk]      alpha colsample_bylevel colsample_bytree      eta   lambda max_depth
INFO  [14:29:23.562] [bbotk]  0.1956896         0.3728506        0.5876468 -5.96581 5.598562         9
INFO  [14:29:23.562] [bbotk]  nrounds subsample      acq_ei  x_domain .already_evaluated classif.bbrier
INFO  [14:29:23.562] [bbotk]     4619 0.7302275 0.006284676 <list[8]>              FALSE      0.1101361
INFO  [14:29:23.562] [bbotk]  warnings errors runtime_learners                                uhash
INFO  [14:29:23.562] [bbotk]         0      0           43.032 5539eca3-8ab2-4500-a55e-131df1abc488
INFO  [14:29:35.331] [bbotk] Evaluating 1 configuration(s)
INFO  [14:29:39.085] [bbotk] Result of batch 27:
INFO  [14:29:39.095] [bbotk]    alpha colsample_bylevel colsample_bytree       eta     lambda max_depth
INFO  [14:29:39.095] [bbotk]  2.91141         0.2712684        0.6091491 -3.310754 -0.7673543        16
INFO  [14:29:39.095] [bbotk]  nrounds subsample      acq_ei  x_domain .already_evaluated classif.bbrier
INFO  [14:29:39.095] [bbotk]       75 0.9523818 0.006106183 <list[8]>              FALSE      0.1118563
INFO  [14:29:39.095] [bbotk]  warnings errors runtime_learners                                uhash
INFO  [14:29:39.095] [bbotk]         0      0            3.225 ebab6f1c-440e-4c55-886b-83b7b8ec11d8
INFO  [14:29:47.517] [bbotk] Evaluating 1 configuration(s)
INFO  [14:29:59.016] [bbotk] Result of batch 28:
INFO  [14:29:59.073] [bbotk]      alpha colsample_bylevel colsample_bytree       eta    lambda max_depth
INFO  [14:29:59.073] [bbotk]  0.1523142         0.4537206        0.1542409 -3.804291 0.3196449         6
INFO  [14:29:59.073] [bbotk]  nrounds subsample      acq_ei  x_domain .already_evaluated classif.bbrier
INFO  [14:29:59.073] [bbotk]     1442 0.4069643 0.006978272 <list[8]>              FALSE      0.1082302
INFO  [14:29:59.073] [bbotk]  warnings errors runtime_learners                                uhash
INFO  [14:29:59.073] [bbotk]         0      0           10.419 6585426f-ddc8-4f4b-ba3f-92445226a3d5
INFO  [14:30:08.074] [bbotk] Evaluating 1 configuration(s)
INFO  [14:30:34.125] [bbotk] Result of batch 29:
INFO  [14:30:34.148] [bbotk]      alpha colsample_bylevel colsample_bytree       eta   lambda max_depth
INFO  [14:30:34.148] [bbotk]  -3.964281         0.7714185        0.9882155 -3.292502 2.719078         9
INFO  [14:30:34.148] [bbotk]  nrounds subsample      acq_ei  x_domain .already_evaluated classif.bbrier
INFO  [14:30:34.148] [bbotk]     1798 0.1799368 0.006010717 <list[8]>              FALSE      0.1084461
INFO  [14:30:34.148] [bbotk]  warnings errors runtime_learners                                uhash
INFO  [14:30:34.148] [bbotk]         0      0           25.813 56912a5d-0b62-4209-8e3c-7bebd197406f
INFO  [14:30:41.085] [bbotk] Evaluating 1 configuration(s)
INFO  [14:30:48.213] [bbotk] Result of batch 30:
INFO  [14:30:48.220] [bbotk]     alpha colsample_bylevel colsample_bytree       eta    lambda max_depth
INFO  [14:30:48.220] [bbotk]  1.063956         0.9201817        0.2811892 -3.222738 -6.738786         1
INFO  [14:30:48.220] [bbotk]  nrounds subsample      acq_ei  x_domain .already_evaluated classif.bbrier
INFO  [14:30:48.220] [bbotk]      864 0.3111992 0.005484139 <list[8]>              FALSE      0.1084619
INFO  [14:30:48.220] [bbotk]  warnings errors runtime_learners                                uhash
INFO  [14:30:48.220] [bbotk]         0      0             6.68 69a08501-b32d-4f27-be45-a3022199784d
INFO  [14:30:58.662] [bbotk] Evaluating 1 configuration(s)
INFO  [14:31:16.495] [bbotk] Result of batch 31:
INFO  [14:31:16.502] [bbotk]      alpha colsample_bylevel colsample_bytree       eta    lambda max_depth
INFO  [14:31:16.502] [bbotk]  0.2704361         0.8553589        0.1193868 -5.001091 -6.721845         2
INFO  [14:31:16.502] [bbotk]  nrounds subsample      acq_ei  x_domain .already_evaluated classif.bbrier
INFO  [14:31:16.502] [bbotk]     2918 0.6865576 0.005602872 <list[8]>              FALSE          0.107
INFO  [14:31:16.502] [bbotk]  warnings errors runtime_learners                                uhash
INFO  [14:31:16.502] [bbotk]         0      0           17.554 66ee2c80-1ec7-48d8-8117-7d015f132746
INFO  [14:31:24.664] [bbotk] Evaluating 1 configuration(s)
INFO  [14:32:16.282] [bbotk] Result of batch 32:
INFO  [14:32:16.291] [bbotk]      alpha colsample_bylevel colsample_bytree       eta    lambda max_depth
INFO  [14:32:16.291] [bbotk]  -4.537267         0.7450003        0.9658588 -5.961923 -1.124653         3
INFO  [14:32:16.291] [bbotk]  nrounds subsample     acq_ei  x_domain .already_evaluated classif.bbrier
INFO  [14:32:16.291] [bbotk]     4019 0.7257992 0.00615961 <list[8]>              FALSE       0.107068
INFO  [14:32:16.291] [bbotk]  warnings errors runtime_learners                                uhash
INFO  [14:32:16.291] [bbotk]         0      0            51.39 f04cb59d-29a1-49cb-b893-b6f90d41acc5
INFO  [14:32:24.206] [bbotk] Evaluating 1 configuration(s)
INFO  [14:32:29.500] [bbotk] Result of batch 33:
INFO  [14:32:29.525] [bbotk]     alpha colsample_bylevel colsample_bytree      eta    lambda max_depth
INFO  [14:32:29.525] [bbotk]  2.192391         0.3976583        0.4999843 -2.97241 -5.019864         5
INFO  [14:32:29.525] [bbotk]  nrounds subsample      acq_ei  x_domain .already_evaluated classif.bbrier
INFO  [14:32:29.525] [bbotk]      530 0.4280541 0.004887411 <list[8]>              FALSE      0.1092126
INFO  [14:32:29.525] [bbotk]  warnings errors runtime_learners                                uhash
INFO  [14:32:29.525] [bbotk]         0      0            4.781 a9c52832-a49e-4379-b8ff-bc6845b97811
INFO  [14:32:41.484] [bbotk] Evaluating 1 configuration(s)
INFO  [14:33:14.241] [bbotk] Result of batch 34:
INFO  [14:33:14.252] [bbotk]      alpha colsample_bylevel colsample_bytree       eta   lambda max_depth
INFO  [14:33:14.252] [bbotk]  -2.737231         0.1742778        0.8841241 -5.491173 2.123833        19
INFO  [14:33:14.252] [bbotk]  nrounds subsample      acq_ei  x_domain .already_evaluated classif.bbrier
INFO  [14:33:14.252] [bbotk]     4025 0.1752935 0.006508935 <list[8]>              FALSE      0.1076918
INFO  [14:33:14.252] [bbotk]  warnings errors runtime_learners                                uhash
INFO  [14:33:14.252] [bbotk]         0      0           32.366 3b1da7b9-0d83-4dda-99c2-85b59d431b3b
INFO  [14:33:24.282] [bbotk] Evaluating 1 configuration(s)
INFO  [14:33:47.674] [bbotk] Result of batch 35:
INFO  [14:33:47.681] [bbotk]      alpha colsample_bylevel colsample_bytree       eta    lambda max_depth
INFO  [14:33:47.681] [bbotk]  0.7869427         0.3732683        0.6391015 -5.607454 -2.013639         2
INFO  [14:33:47.681] [bbotk]  nrounds subsample      acq_ei  x_domain .already_evaluated classif.bbrier
INFO  [14:33:47.681] [bbotk]     4025 0.3664205 0.005131354 <list[8]>              FALSE      0.1074672
INFO  [14:33:47.681] [bbotk]  warnings errors runtime_learners                                uhash
INFO  [14:33:47.681] [bbotk]         0      0           22.785 bea920e1-781d-4f69-ae8c-9e829d65dc2d
INFO  [14:33:57.830] [bbotk] Evaluating 1 configuration(s)
INFO  [14:34:11.084] [bbotk] Result of batch 36:
INFO  [14:34:11.105] [bbotk]     alpha colsample_bylevel colsample_bytree        eta    lambda max_depth
INFO  [14:34:11.105] [bbotk]  3.000248         0.3306428        0.9616282 -0.7586916 -3.472213        19
INFO  [14:34:11.105] [bbotk]  nrounds subsample      acq_ei  x_domain .already_evaluated classif.bbrier
INFO  [14:34:11.105] [bbotk]     1352 0.5821607 0.005088018 <list[8]>              FALSE      0.1105691
INFO  [14:34:11.105] [bbotk]  warnings errors runtime_learners                                uhash
INFO  [14:34:11.105] [bbotk]         0      0            12.52 8e7edcf7-dbeb-4f8a-b792-edef9bcf84cd
INFO  [14:34:22.096] [bbotk] Evaluating 1 configuration(s)
INFO  [14:34:49.894] [bbotk] Result of batch 37:
INFO  [14:34:49.903] [bbotk]    alpha colsample_bylevel colsample_bytree       eta   lambda max_depth
INFO  [14:34:49.903] [bbotk]  2.04822         0.6992382        0.6225573 -1.257859 6.516678        18
INFO  [14:34:49.903] [bbotk]  nrounds subsample      acq_ei  x_domain .already_evaluated classif.bbrier
INFO  [14:34:49.903] [bbotk]     1496 0.8414382 0.005428189 <list[8]>              FALSE      0.1078513
INFO  [14:34:49.903] [bbotk]  warnings errors runtime_learners                                uhash
INFO  [14:34:49.903] [bbotk]         0      0           27.295 93ced203-b0e1-4478-a94d-c6a56ed3994e
INFO  [14:35:00.150] [bbotk] Evaluating 1 configuration(s)
INFO  [14:35:29.539] [bbotk] Result of batch 38:
INFO  [14:35:29.548] [bbotk]      alpha colsample_bylevel colsample_bytree       eta   lambda max_depth
INFO  [14:35:29.548] [bbotk]  -4.341679         0.9903987        0.9793698 -5.484269 4.218884         2
INFO  [14:35:29.548] [bbotk]  nrounds subsample      acq_ei  x_domain .already_evaluated classif.bbrier
INFO  [14:35:29.548] [bbotk]     2792 0.1643329 0.005355233 <list[8]>              FALSE      0.1107826
INFO  [14:35:29.548] [bbotk]  warnings errors runtime_learners                                uhash
INFO  [14:35:29.548] [bbotk]         0      0            28.93 92e7f0f4-edd8-4b3a-abe2-a47f1b81240f
INFO  [14:35:42.548] [bbotk] Evaluating 1 configuration(s)
INFO  [14:36:11.752] [bbotk] Result of batch 39:
INFO  [14:36:11.774] [bbotk]       alpha colsample_bylevel colsample_bytree       eta   lambda max_depth
INFO  [14:36:11.774] [bbotk]  0.01286803         0.1255064        0.8682444 -6.247615 -3.67262        15
INFO  [14:36:11.774] [bbotk]  nrounds subsample      acq_ei  x_domain .already_evaluated classif.bbrier
INFO  [14:36:11.774] [bbotk]     4387 0.1042616 0.005804282 <list[8]>              FALSE      0.1074464
INFO  [14:36:11.774] [bbotk]  warnings errors runtime_learners                                uhash
INFO  [14:36:11.774] [bbotk]         0      0           28.748 c8e5d0fd-55fb-4110-9372-72fe20fd809e
INFO  [14:36:22.354] [bbotk] Evaluating 1 configuration(s)
INFO  [14:37:38.235] [bbotk] Result of batch 40:
INFO  [14:37:38.245] [bbotk]      alpha colsample_bylevel colsample_bytree       eta   lambda max_depth
INFO  [14:37:38.245] [bbotk]  -5.004372         0.3809089        0.8121384 -6.690371 5.218815        18
INFO  [14:37:38.245] [bbotk]  nrounds subsample      acq_ei  x_domain .already_evaluated classif.bbrier
INFO  [14:37:38.245] [bbotk]     4942  0.924452 0.004134624 <list[8]>              FALSE      0.1106625
INFO  [14:37:38.245] [bbotk]  warnings errors runtime_learners                                uhash
INFO  [14:37:38.245] [bbotk]         0      0           75.517 e743363b-ecf4-4dd2-a8e5-1f2662cbe160
INFO  [14:37:50.823] [bbotk] Evaluating 1 configuration(s)
INFO  [14:38:10.208] [bbotk] Result of batch 41:
INFO  [14:38:10.256] [bbotk]     alpha colsample_bylevel colsample_bytree      eta     lambda max_depth
INFO  [14:38:10.256] [bbotk]  1.572252         0.3035427        0.2627427 -5.17771 -0.7094948         5
INFO  [14:38:10.256] [bbotk]  nrounds subsample      acq_ei  x_domain .already_evaluated classif.bbrier
INFO  [14:38:10.256] [bbotk]     2920 0.9544452 0.004354048 <list[8]>              FALSE       0.107493
INFO  [14:38:10.256] [bbotk]  warnings errors runtime_learners                                uhash
INFO  [14:38:10.256] [bbotk]         0      0           18.612 6b5cf12b-348a-4623-9cad-034e6a1e8e5e
INFO  [14:38:22.742] [bbotk] Evaluating 1 configuration(s)
INFO  [14:38:44.071] [bbotk] Result of batch 42:
INFO  [14:38:44.081] [bbotk]      alpha colsample_bylevel colsample_bytree       eta   lambda max_depth
INFO  [14:38:44.081] [bbotk]  -4.759425         0.9224339        0.5325333 -6.465126 2.997352         1
INFO  [14:38:44.081] [bbotk]  nrounds subsample      acq_ei  x_domain .already_evaluated classif.bbrier
INFO  [14:38:44.081] [bbotk]     4472 0.5218287 0.004878589 <list[8]>              FALSE      0.1106714
INFO  [14:38:44.081] [bbotk]  warnings errors runtime_learners                                uhash
INFO  [14:38:44.081] [bbotk]         0      0           20.974 4cb8db6f-385c-4525-b3a6-a4f48ab438c9
INFO  [14:38:51.356] [bbotk] Evaluating 1 configuration(s)
INFO  [14:42:57.425] [bbotk] Result of batch 43:
INFO  [14:42:57.449] [bbotk]      alpha colsample_bylevel colsample_bytree       eta    lambda max_depth
INFO  [14:42:57.449] [bbotk]  -5.001747         0.9967528        0.9119558 -6.590856 -6.007029        20
INFO  [14:42:57.449] [bbotk]  nrounds subsample      acq_ei  x_domain .already_evaluated classif.bbrier
INFO  [14:42:57.449] [bbotk]     4494 0.8037278 0.005217093 <list[8]>              FALSE      0.1149681
INFO  [14:42:57.449] [bbotk]  warnings errors runtime_learners                                uhash
INFO  [14:42:57.449] [bbotk]         0      0          245.806 8bc5b23f-9c57-4aec-830c-268a4f481760
INFO  [14:43:08.190] [bbotk] Evaluating 1 configuration(s)
INFO  [14:43:23.581] [bbotk] Result of batch 44:
INFO  [14:43:23.627] [bbotk]     alpha colsample_bylevel colsample_bytree      eta   lambda max_depth
INFO  [14:43:23.627] [bbotk]  1.789676         0.5813593        0.7247597 -2.51069 4.355441        14
INFO  [14:43:23.627] [bbotk]  nrounds subsample      acq_ei  x_domain .already_evaluated classif.bbrier
INFO  [14:43:23.627] [bbotk]      816 0.6802374 0.004097396 <list[8]>              FALSE      0.1077955
INFO  [14:43:23.627] [bbotk]  warnings errors runtime_learners                                uhash
INFO  [14:43:23.627] [bbotk]         0      0           15.044 8039dbb4-1298-423a-aab6-e036da4d56e2
INFO  [14:43:31.395] [bbotk] Evaluating 1 configuration(s)
INFO  [14:44:18.555] [bbotk] Result of batch 45:
INFO  [14:44:18.568] [bbotk]     alpha colsample_bylevel colsample_bytree       eta    lambda max_depth
INFO  [14:44:18.568] [bbotk]  1.897654         0.9564562        0.6323757 -0.177094 0.9417904        19
INFO  [14:44:18.568] [bbotk]  nrounds subsample      acq_ei  x_domain .already_evaluated classif.bbrier
INFO  [14:44:18.568] [bbotk]     4466 0.5740375 0.004268259 <list[8]>              FALSE      0.1158443
INFO  [14:44:18.568] [bbotk]  warnings errors runtime_learners                                uhash
INFO  [14:44:18.568] [bbotk]         0      0           46.455 e2df007a-862b-4a48-aa46-467c2b96f194
INFO  [14:44:28.566] [bbotk] Evaluating 1 configuration(s)
INFO  [14:44:57.741] [bbotk] Result of batch 46:
INFO  [14:44:57.750] [bbotk]       alpha colsample_bylevel colsample_bytree       eta   lambda max_depth
INFO  [14:44:57.750] [bbotk]  0.02443493         0.1189133        0.8235412 -4.656706 6.637787         9
INFO  [14:44:57.750] [bbotk]  nrounds subsample     acq_ei  x_domain .already_evaluated classif.bbrier
INFO  [14:44:57.750] [bbotk]     3640 0.3828015 0.00430175 <list[8]>              FALSE      0.1122456
INFO  [14:44:57.750] [bbotk]  warnings errors runtime_learners                                uhash
INFO  [14:44:57.750] [bbotk]         0      0            28.89 6cecbc10-db1c-44e5-825a-877d080c2235
INFO  [14:45:09.349] [bbotk] Evaluating 1 configuration(s)
INFO  [14:46:04.173] [bbotk] Result of batch 47:
INFO  [14:46:04.181] [bbotk]     alpha colsample_bylevel colsample_bytree       eta    lambda max_depth
INFO  [14:46:04.181] [bbotk]  0.243125         0.3295758        0.6014761 -5.574681 -2.083391        16
INFO  [14:46:04.181] [bbotk]  nrounds subsample      acq_ei  x_domain .already_evaluated classif.bbrier
INFO  [14:46:04.181] [bbotk]     4466  0.503229 0.004085941 <list[8]>              FALSE      0.1096498
INFO  [14:46:04.181] [bbotk]  warnings errors runtime_learners                                uhash
INFO  [14:46:04.181] [bbotk]         0      0           54.319 b4cabfbc-28ea-41f3-b435-ad5abf257ebb
INFO  [14:46:13.102] [bbotk] Evaluating 1 configuration(s)
INFO  [14:46:39.674] [bbotk] Result of batch 48:
INFO  [14:46:39.684] [bbotk]      alpha colsample_bylevel colsample_bytree       eta  lambda max_depth
INFO  [14:46:39.684] [bbotk]  -5.235459         0.6872312        0.9124783 -4.367504 6.45957         9
INFO  [14:46:39.684] [bbotk]  nrounds subsample      acq_ei  x_domain .already_evaluated classif.bbrier
INFO  [14:46:39.684] [bbotk]     1964 0.3215888 0.005475198 <list[8]>              FALSE      0.1136892
INFO  [14:46:39.684] [bbotk]  warnings errors runtime_learners                                uhash
INFO  [14:46:39.684] [bbotk]         0      0           25.532 057a2979-782a-43e2-ae26-04850699e11c
INFO  [14:46:52.095] [bbotk] Evaluating 1 configuration(s)
INFO  [14:47:01.436] [bbotk] Result of batch 49:
INFO  [14:47:01.447] [bbotk]      alpha colsample_bylevel colsample_bytree       eta    lambda max_depth
INFO  [14:47:01.447] [bbotk]  -2.912922         0.6757642        0.4320927 -3.030595 -2.822065         3
INFO  [14:47:01.447] [bbotk]  nrounds subsample      acq_ei  x_domain .already_evaluated classif.bbrier
INFO  [14:47:01.447] [bbotk]      716 0.2617471 0.004094484 <list[8]>              FALSE      0.1164338
INFO  [14:47:01.447] [bbotk]  warnings errors runtime_learners                                uhash
INFO  [14:47:01.447] [bbotk]         0      0            9.072 f52551e8-72ec-4ed2-87de-399cceafd82f
INFO  [14:47:17.122] [bbotk] Evaluating 1 configuration(s)
INFO  [14:48:13.489] [bbotk] Result of batch 50:
INFO  [14:48:13.576] [bbotk]      alpha colsample_bylevel colsample_bytree       eta   lambda max_depth
INFO  [14:48:13.576] [bbotk]  -4.592629         0.4256834        0.8568833 -6.027829 0.881085        17
INFO  [14:48:13.576] [bbotk]  nrounds subsample      acq_ei  x_domain .already_evaluated classif.bbrier
INFO  [14:48:13.576] [bbotk]     3515 0.3828823 0.004315115 <list[8]>              FALSE      0.1071536
INFO  [14:48:13.576] [bbotk]  warnings errors runtime_learners                                uhash
INFO  [14:48:13.576] [bbotk]         0      0           55.897 472a72a1-c242-47f9-8837-5347945efd19
INFO  [14:48:28.474] [bbotk] Evaluating 1 configuration(s)
INFO  [14:49:08.439] [bbotk] Result of batch 51:
INFO  [14:49:08.464] [bbotk]     alpha colsample_bylevel colsample_bytree        eta   lambda max_depth
INFO  [14:49:08.464] [bbotk]  3.257197         0.3249291        0.3674973 -0.2528259 -6.62795        15
INFO  [14:49:08.464] [bbotk]  nrounds subsample      acq_ei  x_domain .already_evaluated classif.bbrier
INFO  [14:49:08.464] [bbotk]     4776 0.7727067 0.004349227 <list[8]>              FALSE      0.1091863
INFO  [14:49:08.464] [bbotk]  warnings errors runtime_learners                                uhash
INFO  [14:49:08.464] [bbotk]         0      0            38.26 dd470ce4-44ee-4b0d-bad3-367f9bee61f2
WARN  [14:49:09.895] [mlr3] train: Stopped because hard maximum generation limit was hit.
INFO  [14:49:22.783] [bbotk] Evaluating 1 configuration(s)
INFO  [14:49:42.803] [bbotk] Result of batch 52:
INFO  [14:49:42.812] [bbotk]        alpha colsample_bylevel colsample_bytree       eta   lambda max_depth
INFO  [14:49:42.812] [bbotk]  -0.09926669         0.9899226        0.3985444 -3.405901 2.286389        20
INFO  [14:49:42.812] [bbotk]  nrounds subsample      acq_ei  x_domain .already_evaluated classif.bbrier
INFO  [14:49:42.812] [bbotk]      988 0.3192967 0.004230656 <list[8]>              FALSE      0.1077255
INFO  [14:49:42.812] [bbotk]  warnings errors runtime_learners                                uhash
INFO  [14:49:42.812] [bbotk]         0      0           19.529 2a2494c4-00ed-4114-b499-7496d866f5e6
INFO  [14:49:53.882] [bbotk] Evaluating 1 configuration(s)
INFO  [14:50:27.116] [bbotk] Result of batch 53:
INFO  [14:50:27.125] [bbotk]     alpha colsample_bylevel colsample_bytree       eta   lambda max_depth
INFO  [14:50:27.125] [bbotk]  -3.01343         0.4315538        0.6021289 -3.941953 3.368681        20
INFO  [14:50:27.125] [bbotk]  nrounds subsample      acq_ei  x_domain .already_evaluated classif.bbrier
INFO  [14:50:27.125] [bbotk]     2142 0.4683978 0.003584379 <list[8]>              FALSE      0.1078864
INFO  [14:50:27.125] [bbotk]  warnings errors runtime_learners                                uhash
INFO  [14:50:27.125] [bbotk]         0      0            32.59 a2108ebb-aab2-42ac-bac7-1689922b5f8f
INFO  [14:50:39.784] [bbotk] Evaluating 1 configuration(s)
INFO  [14:50:47.850] [bbotk] Result of batch 54:
INFO  [14:50:47.864] [bbotk]     alpha colsample_bylevel colsample_bytree       eta    lambda max_depth
INFO  [14:50:47.864] [bbotk]  2.301282         0.9496746        0.2338845 -3.578316 -5.307218        17
INFO  [14:50:47.864] [bbotk]  nrounds subsample      acq_ei  x_domain .already_evaluated classif.bbrier
INFO  [14:50:47.864] [bbotk]     1011 0.1931051 0.004120965 <list[8]>              FALSE      0.1111206
INFO  [14:50:47.864] [bbotk]  warnings errors runtime_learners                                uhash
INFO  [14:50:47.864] [bbotk]         0      0             7.53 84a3a3dd-3180-44df-aee8-c17778691134
INFO  [14:51:01.607] [bbotk] Evaluating 1 configuration(s)
INFO  [14:51:25.460] [bbotk] Result of batch 55:
INFO  [14:51:25.469] [bbotk]       alpha colsample_bylevel colsample_bytree      eta    lambda max_depth
INFO  [14:51:25.469] [bbotk]  -0.8494557         0.1161301        0.4498638 -5.63649 -2.535881         2
INFO  [14:51:25.469] [bbotk]  nrounds subsample      acq_ei  x_domain .already_evaluated classif.bbrier
INFO  [14:51:25.469] [bbotk]     3298 0.2735341 0.003808865 <list[8]>              FALSE      0.1066997
INFO  [14:51:25.469] [bbotk]  warnings errors runtime_learners                                uhash
INFO  [14:51:25.469] [bbotk]         0      0           23.465 c90948e5-2a31-4ed2-bf23-d49e73578583
INFO  [14:51:36.748] [bbotk] Evaluating 1 configuration(s)
INFO  [14:52:01.189] [bbotk] Result of batch 56:
INFO  [14:52:01.226] [bbotk]      alpha colsample_bylevel colsample_bytree       eta   lambda max_depth
INFO  [14:52:01.226] [bbotk]  0.6756493         0.6229413        0.1859688 -4.073708 5.598925        20
INFO  [14:52:01.226] [bbotk]  nrounds subsample     acq_ei  x_domain .already_evaluated classif.bbrier
INFO  [14:52:01.226] [bbotk]     1569 0.9826616 0.00335233 <list[8]>              FALSE      0.1092574
INFO  [14:52:01.226] [bbotk]  warnings errors runtime_learners                                uhash
INFO  [14:52:01.226] [bbotk]         0      0           23.686 b0f0c488-7db7-48bb-95c1-2945ba54249a
INFO  [14:52:19.867] [bbotk] Evaluating 1 configuration(s)
INFO  [14:52:36.562] [bbotk] Result of batch 57:
INFO  [14:52:36.569] [bbotk]     alpha colsample_bylevel colsample_bytree       eta    lambda max_depth
INFO  [14:52:36.569] [bbotk]  2.234086         0.7644337        0.3356753 -1.860782 -2.777011        19
INFO  [14:52:36.569] [bbotk]  nrounds subsample      acq_ei  x_domain .already_evaluated classif.bbrier
INFO  [14:52:36.569] [bbotk]     1751 0.9067038 0.003442371 <list[8]>              FALSE      0.1073969
INFO  [14:52:36.569] [bbotk]  warnings errors runtime_learners                                uhash
INFO  [14:52:36.569] [bbotk]         0      0           16.037 be4d121a-c8fc-49e9-a7ef-9cc1d581ed72
INFO  [14:52:49.730] [bbotk] Evaluating 1 configuration(s)
INFO  [14:53:21.006] [bbotk] Result of batch 58:
INFO  [14:53:21.044] [bbotk]      alpha colsample_bylevel colsample_bytree       eta   lambda max_depth
INFO  [14:53:21.044] [bbotk]  -2.327008         0.8979941        0.9019661 -3.755156 6.395147         2
INFO  [14:53:21.044] [bbotk]  nrounds subsample      acq_ei  x_domain .already_evaluated classif.bbrier
INFO  [14:53:21.044] [bbotk]     2033 0.8998919 0.003391009 <list[8]>              FALSE      0.1089212
INFO  [14:53:21.044] [bbotk]  warnings errors runtime_learners                                uhash
INFO  [14:53:21.044] [bbotk]         0      0           30.528 c56cc09e-87a8-4197-8b1c-6a36388c61c6
INFO  [14:53:31.066] [bbotk] Evaluating 1 configuration(s)
INFO  [14:54:52.044] [bbotk] Result of batch 59:
INFO  [14:54:52.053] [bbotk]      alpha colsample_bylevel colsample_bytree       eta   lambda max_depth
INFO  [14:54:52.053] [bbotk]  -2.543385         0.2889433        0.8544214 -6.159681 1.432064        19
INFO  [14:54:52.053] [bbotk]  nrounds subsample      acq_ei  x_domain .already_evaluated classif.bbrier
INFO  [14:54:52.053] [bbotk]     3831 0.8345057 0.003086719 <list[8]>              FALSE      0.1075749
INFO  [14:54:52.053] [bbotk]  warnings errors runtime_learners                                uhash
INFO  [14:54:52.053] [bbotk]         0      0           80.714 82c4d94f-7fe2-4f67-9583-940d6e393b7d
WARN  [14:54:55.403] [mlr3] train: Stopped because hard maximum generation limit was hit.
INFO  [14:55:02.600] [bbotk] Evaluating 1 configuration(s)
INFO  [14:55:10.945] [bbotk] Result of batch 60:
INFO  [14:55:10.969] [bbotk]     alpha colsample_bylevel colsample_bytree       eta   lambda max_depth
INFO  [14:55:10.969] [bbotk]  0.153017         0.7502184        0.3518286 -1.597027 5.309541        18
INFO  [14:55:10.969] [bbotk]  nrounds subsample      acq_ei  x_domain .already_evaluated classif.bbrier
INFO  [14:55:10.969] [bbotk]      272 0.9793731 0.002884109 <list[8]>              FALSE      0.1074432
INFO  [14:55:10.969] [bbotk]  warnings errors runtime_learners                                uhash
INFO  [14:55:10.969] [bbotk]         0      0            7.979 f490c284-7418-4d95-9a04-67c62db5faa9
INFO  [14:55:27.708] [bbotk] Evaluating 1 configuration(s)
INFO  [14:55:48.149] [bbotk] Result of batch 61:
INFO  [14:55:48.224] [bbotk]     alpha colsample_bylevel colsample_bytree       eta   lambda max_depth
INFO  [14:55:48.224] [bbotk]  2.740037         0.3973964        0.1778922 -6.372214 -6.67959        10
INFO  [14:55:48.224] [bbotk]  nrounds subsample      acq_ei  x_domain .already_evaluated classif.bbrier
INFO  [14:55:48.224] [bbotk]     2540 0.9507789 0.002993353 <list[8]>              FALSE      0.1109946
INFO  [14:55:48.224] [bbotk]  warnings errors runtime_learners                                uhash
INFO  [14:55:48.224] [bbotk]         0      0           19.548 61083530-a1b2-4f84-af50-d6d21701f8f4
INFO  [14:56:05.338] [bbotk] Evaluating 1 configuration(s)
INFO  [14:56:09.681] [bbotk] Result of batch 62:
INFO  [14:56:09.689] [bbotk]      alpha colsample_bylevel colsample_bytree       eta   lambda max_depth
INFO  [14:56:09.689] [bbotk]  0.8502837         0.6132199         0.365741 -1.916746 4.020477        17
INFO  [14:56:09.689] [bbotk]  nrounds subsample      acq_ei  x_domain .already_evaluated classif.bbrier
INFO  [14:56:09.689] [bbotk]       52 0.3892603 0.003004876 <list[8]>              FALSE      0.1103005
INFO  [14:56:09.689] [bbotk]  warnings errors runtime_learners                                uhash
INFO  [14:56:09.689] [bbotk]         0      0            3.973 c0d64ea0-ad26-4c93-baa9-93b62c55a239
INFO  [14:56:22.135] [bbotk] Evaluating 1 configuration(s)
INFO  [14:56:30.515] [bbotk] Result of batch 63:
INFO  [14:56:30.551] [bbotk]      alpha colsample_bylevel colsample_bytree       eta   lambda max_depth
INFO  [14:56:30.551] [bbotk]  -1.469719         0.7382585        0.8814075 -3.112588 3.385213        20
INFO  [14:56:30.551] [bbotk]  nrounds subsample      acq_ei  x_domain .already_evaluated classif.bbrier
INFO  [14:56:30.551] [bbotk]      146 0.7982245 0.003681543 <list[8]>              FALSE      0.1069763
INFO  [14:56:30.551] [bbotk]  warnings errors runtime_learners                                uhash
INFO  [14:56:30.551] [bbotk]         0      0            7.964 bc33d184-00fd-4e84-ac1a-462019134ec7
INFO  [14:56:48.831] [bbotk] Evaluating 1 configuration(s)
INFO  [14:57:11.037] [bbotk] Result of batch 64:
INFO  [14:57:11.056] [bbotk]      alpha colsample_bylevel colsample_bytree       eta   lambda max_depth
INFO  [14:57:11.056] [bbotk]  0.5175327          0.881333        0.8722809 -2.606784 4.126276        20
INFO  [14:57:11.056] [bbotk]  nrounds subsample      acq_ei  x_domain .already_evaluated classif.bbrier
INFO  [14:57:11.056] [bbotk]      629 0.7775444 0.002895723 <list[8]>              FALSE      0.1076221
INFO  [14:57:11.056] [bbotk]  warnings errors runtime_learners                                uhash
INFO  [14:57:11.056] [bbotk]         0      0           21.943 443cde56-276a-4b4b-92db-4ff2db28e150
INFO  [14:57:26.163] [bbotk] Evaluating 1 configuration(s)
INFO  [14:57:50.583] [bbotk] Result of batch 65:
INFO  [14:57:50.592] [bbotk]      alpha colsample_bylevel colsample_bytree       eta    lambda max_depth
INFO  [14:57:50.592] [bbotk]  0.1375001         0.2296525         0.123822 -5.603495 -6.225065        16
INFO  [14:57:50.592] [bbotk]  nrounds subsample      acq_ei  x_domain .already_evaluated classif.bbrier
INFO  [14:57:50.592] [bbotk]     2999 0.1901691 0.002748338 <list[8]>              FALSE      0.1079967
INFO  [14:57:50.592] [bbotk]  warnings errors runtime_learners                                uhash
INFO  [14:57:50.592] [bbotk]         0      0           24.164 406bc7e5-355a-44be-9d34-15c0adf245cd
INFO  [14:58:02.022] [bbotk] Evaluating 1 configuration(s)
INFO  [14:58:56.903] [bbotk] Result of batch 66:
INFO  [14:58:56.910] [bbotk]     alpha colsample_bylevel colsample_bytree       eta    lambda max_depth
INFO  [14:58:56.910] [bbotk]  1.275632         0.9829826        0.5345458 -3.947726 -6.263498        11
INFO  [14:58:56.910] [bbotk]  nrounds subsample      acq_ei  x_domain .already_evaluated classif.bbrier
INFO  [14:58:56.910] [bbotk]     2184 0.3560001 0.002799717 <list[8]>              FALSE      0.1086447
INFO  [14:58:56.910] [bbotk]  warnings errors runtime_learners                                uhash
INFO  [14:58:56.910] [bbotk]         0      0           54.316 5488b7e0-ea19-4b75-a8e2-d749a6c55901
INFO  [14:59:09.817] [bbotk] Evaluating 1 configuration(s)
INFO  [15:00:02.068] [bbotk] Result of batch 67:
INFO  [15:00:02.077] [bbotk]     alpha colsample_bylevel colsample_bytree       eta    lambda max_depth
INFO  [15:00:02.077] [bbotk]  -4.72563         0.6748406        0.4844919 -5.034534 0.4640402         7
INFO  [15:00:02.077] [bbotk]  nrounds subsample     acq_ei  x_domain .already_evaluated classif.bbrier
INFO  [15:00:02.077] [bbotk]     2494 0.9883793 0.00248521 <list[8]>              FALSE      0.1116601
INFO  [15:00:02.077] [bbotk]  warnings errors runtime_learners                                uhash
INFO  [15:00:02.077] [bbotk]         0      0           51.637 87d47ae4-d942-43ef-b018-71e563d831d8
WARN  [15:00:05.662] [mlr3] train: Stopped because hard maximum generation limit was hit.
INFO  [15:00:19.204] [bbotk] Evaluating 1 configuration(s)
INFO  [15:00:37.305] [bbotk] Result of batch 68:
INFO  [15:00:37.312] [bbotk]      alpha colsample_bylevel colsample_bytree       eta    lambda max_depth
INFO  [15:00:37.312] [bbotk]  0.5213922         0.6593479        0.1114473 -4.813422 -5.669865         1
INFO  [15:00:37.312] [bbotk]  nrounds subsample      acq_ei  x_domain .already_evaluated classif.bbrier
INFO  [15:00:37.312] [bbotk]     2249 0.1822368 0.003978067 <list[8]>              FALSE      0.1093514
INFO  [15:00:37.312] [bbotk]  warnings errors runtime_learners                                uhash
INFO  [15:00:37.312] [bbotk]         0      0           17.756 1f6026b5-fbdf-4dc8-998a-7e71ef17956f
INFO  [15:00:49.750] [bbotk] Evaluating 1 configuration(s)
INFO  [15:01:34.157] [bbotk] Result of batch 69:
INFO  [15:01:34.180] [bbotk]      alpha colsample_bylevel colsample_bytree       eta    lambda max_depth
INFO  [15:01:34.180] [bbotk]  -1.492048         0.2859003        0.9030854 -6.284341 -6.172994         3
INFO  [15:01:34.180] [bbotk]  nrounds subsample      acq_ei  x_domain .already_evaluated classif.bbrier
INFO  [15:01:34.180] [bbotk]     4756 0.2163688 0.003554642 <list[8]>              FALSE      0.1066036
INFO  [15:01:34.180] [bbotk]  warnings errors runtime_learners                                uhash
INFO  [15:01:34.180] [bbotk]         0      0           43.847 891cba15-3e81-4c52-b518-081311e70f2a
INFO  [15:01:40.140] [bbotk] Finished optimizing after 100 evaluation(s)
INFO  [15:01:40.145] [bbotk] Result:
INFO  [15:01:40.152] [bbotk]      alpha colsample_bylevel colsample_bytree       eta    lambda max_depth
INFO  [15:01:40.152] [bbotk]      <num>             <num>            <num>     <num>     <num>     <int>
INFO  [15:01:40.152] [bbotk]  -1.492048         0.2859003        0.9030854 -6.284341 -6.172994         3
INFO  [15:01:40.152] [bbotk]  nrounds subsample learner_param_vals  x_domain classif.bbrier
INFO  [15:01:40.152] [bbotk]    <int>     <num>             <list>    <list>          <num>
INFO  [15:01:40.152] [bbotk]     4756 0.2163688         <list[10]> <list[8]>      0.1066036

### [bt]: Job terminated successfully [batchtools job.id=1031]
### [bt]: Calculation finished!
