### [bt]: This is batchtools v0.9.17
### [bt]: Starting calculation of 1 jobs
### [bt]: Setting working directory to '/content/drive/MyDrive/GitHub/Mater_Thesis_Calibration'
ece.R :
Friedmann_tasks.R :
Functions.R :
ici.R :
mse_feature_effects.R :
PipeOpCalibration_TuningExperiment.R :
PipeOpCalibration.R :
PipeOpCalibrationUnion.R :
### [bt]: Memory measurement disabled
### [bt]: Starting job [batchtools job.id=1227]
### [bt]: Generating problem instance for problem '341ee781c7d79b8f' ...
### [bt]: Applying algorithm 'run_learner' on problem '341ee781c7d79b8f' for job 1227 (seed = 1350) ...
INFO  [15:37:01.834] [mlr3] Applying learner 'ranger TbC platt' on task 'wdbc' (iter 7/10)
INFO  [15:37:02.150] [bbotk] Starting to optimize 4 parameter(s) with '<OptimizerMbo>' and '<TerminatorEvals> [n_evals=100, k=0]'
INFO  [15:37:03.790] [bbotk] Evaluating 16 configuration(s)
INFO  [15:37:29.752] [bbotk] Result of batch 1:
INFO  [15:37:29.819] [bbotk]   mtry.ratio num.trees replace sample.fraction classif.bbrier warnings errors
INFO  [15:37:29.819] [bbotk]  0.571396112      1616    TRUE       0.2457656     0.03697321        0      0
INFO  [15:37:29.819] [bbotk]  0.071396142       616   FALSE       0.6957656     0.03335145        0      0
INFO  [15:37:29.819] [bbotk]  0.821396112       116   FALSE       0.9207656     0.04037624        0      0
INFO  [15:37:29.819] [bbotk]  0.321396142      1116    TRUE       0.4707656     0.03533807        0      0
INFO  [15:37:29.819] [bbotk]  0.446396142       366    TRUE       0.3582656     0.03609072        0      0
INFO  [15:37:29.819] [bbotk]  0.946396112      1366   FALSE       0.8082656     0.03824057        0      0
INFO  [15:37:29.819] [bbotk]  0.696396112       866    TRUE       0.1332656     0.03957001        0      0
INFO  [15:37:29.819] [bbotk]  0.196396142      1866   FALSE       0.5832656     0.03408538        0      0
INFO  [15:37:29.819] [bbotk]  0.633896112      1241   FALSE       0.4145156     0.03624035        0      0
INFO  [15:37:29.819] [bbotk]  0.133896142       241    TRUE       0.8645156     0.03262518        0      0
INFO  [15:37:29.819] [bbotk]  0.883896112       741    TRUE       0.6395156     0.03550650        0      0
INFO  [15:37:29.819] [bbotk]  0.383896142      1741   FALSE       0.1895156     0.03805224        0      0
INFO  [15:37:29.819] [bbotk]  0.508896112       491   FALSE       0.5270156     0.03518405        0      0
INFO  [15:37:29.819] [bbotk]  0.008896142      1491    TRUE       0.9770156     0.03668748        0      0
INFO  [15:37:29.819] [bbotk]  0.758896112      1991    TRUE       0.7520156     0.03451962        0      0
INFO  [15:37:29.819] [bbotk]  0.258896142       991   FALSE       0.3020156     0.03770906        0      0
INFO  [15:37:29.819] [bbotk]  runtime_learners                                uhash
INFO  [15:37:29.819] [bbotk]             1.382 4c4e4e54-5976-4b76-883e-417b6c49ea7c
INFO  [15:37:29.819] [bbotk]             0.602 a9d6a256-42e4-4da7-9eff-7c68d0f46f3f
INFO  [15:37:29.819] [bbotk]             0.381 7fa9aa3b-ae27-4183-9763-730d6d19f1a7
INFO  [15:37:29.819] [bbotk]             1.081 c9cb4104-d0d9-4214-989e-1a911f776f08
INFO  [15:37:29.819] [bbotk]             0.380 04a33d81-2956-4808-b4af-7e6dd5aebce3
INFO  [15:37:29.819] [bbotk]             4.802 b8d98555-27b0-46bc-961c-2913f9964a72
INFO  [15:37:29.819] [bbotk]             0.664 a7786347-beba-4f05-8928-6d83486a9a0d
INFO  [15:37:29.819] [bbotk]             2.012 7ec0c446-5f1a-4235-aeb3-2007a98ae454
INFO  [15:37:29.819] [bbotk]             1.952 7b8ac161-638b-4e13-9a84-7c66e3dcdf25
INFO  [15:37:29.819] [bbotk]             0.321 3c3ceab4-a951-4310-9941-4d85711c1a7a
INFO  [15:37:29.819] [bbotk]             1.707 c298c625-f9ab-4cfc-b6ee-40abd1426480
INFO  [15:37:29.819] [bbotk]             1.326 192f90c9-4504-4fc4-b4d9-f5adf2617738
INFO  [15:37:29.819] [bbotk]             0.829 dadf5483-7719-4ca6-b308-7fe80de8d854
INFO  [15:37:29.819] [bbotk]             1.344 aaadff1f-0796-440d-9166-9a64b7f65471
INFO  [15:37:29.819] [bbotk]             4.587 7b5876e5-4dd4-423b-ae4f-dc9473fadcb2
INFO  [15:37:29.819] [bbotk]             0.798 1521f062-4682-420a-b16c-284514a11717
INFO  [15:37:32.750] [bbotk] Evaluating 1 configuration(s)
INFO  [15:37:33.479] [bbotk] Result of batch 2:
INFO  [15:37:33.510] [bbotk]  mtry.ratio num.trees replace sample.fraction       acq_ei  x_domain
INFO  [15:37:33.510] [bbotk]   0.1564253       237    TRUE       0.8567255 0.0002377019 <list[4]>
INFO  [15:37:33.510] [bbotk]  .already_evaluated classif.bbrier warnings errors runtime_learners
INFO  [15:37:33.510] [bbotk]               FALSE     0.03280241        0      0            0.299
INFO  [15:37:33.510] [bbotk]                                 uhash
INFO  [15:37:33.510] [bbotk]  7d9fe625-99f8-4d93-8a5a-0fa61ee11223
INFO  [15:37:36.149] [bbotk] Evaluating 1 configuration(s)
INFO  [15:37:36.589] [bbotk] Result of batch 3:
INFO  [15:37:36.606] [bbotk]  mtry.ratio num.trees replace sample.fraction       acq_ei  x_domain
INFO  [15:37:36.606] [bbotk]   0.1568035       178    TRUE       0.8073907 0.0002949181 <list[4]>
INFO  [15:37:36.606] [bbotk]  .already_evaluated classif.bbrier warnings errors runtime_learners
INFO  [15:37:36.606] [bbotk]               FALSE     0.03350255        0      0            0.234
INFO  [15:37:36.606] [bbotk]                                 uhash
INFO  [15:37:36.606] [bbotk]  906bdcc8-bd23-4937-8aeb-f0525d003776
INFO  [15:37:39.174] [bbotk] Evaluating 1 configuration(s)
INFO  [15:37:39.723] [bbotk] Result of batch 4:
INFO  [15:37:39.813] [bbotk]  mtry.ratio num.trees replace sample.fraction      acq_ei  x_domain
INFO  [15:37:39.813] [bbotk]    0.161154       279    TRUE       0.8894039 0.000257447 <list[4]>
INFO  [15:37:39.813] [bbotk]  .already_evaluated classif.bbrier warnings errors runtime_learners
INFO  [15:37:39.813] [bbotk]               FALSE     0.03299957        0      0            0.354
INFO  [15:37:39.813] [bbotk]                                 uhash
INFO  [15:37:39.813] [bbotk]  d89f6501-3b94-4c1b-b060-1b9d74470a8c
INFO  [15:37:42.294] [bbotk] Evaluating 1 configuration(s)
INFO  [15:37:42.712] [bbotk] Result of batch 5:
INFO  [15:37:42.797] [bbotk]  mtry.ratio num.trees replace sample.fraction       acq_ei  x_domain
INFO  [15:37:42.797] [bbotk]  0.04961507       123    TRUE       0.9191366 0.0001268825 <list[4]>
INFO  [15:37:42.797] [bbotk]  .already_evaluated classif.bbrier warnings errors runtime_learners
INFO  [15:37:42.797] [bbotk]               FALSE     0.03466204        0      0            0.184
INFO  [15:37:42.797] [bbotk]                                 uhash
INFO  [15:37:42.797] [bbotk]  3c146aa4-9ca5-45e0-afed-bff611ad9b01
INFO  [15:37:45.276] [bbotk] Evaluating 1 configuration(s)
INFO  [15:37:45.956] [bbotk] Result of batch 6:
INFO  [15:37:45.985] [bbotk]  mtry.ratio num.trees replace sample.fraction      acq_ei  x_domain
INFO  [15:37:45.985] [bbotk]   0.2405129       265   FALSE       0.9308946 0.000124557 <list[4]>
INFO  [15:37:45.985] [bbotk]  .already_evaluated classif.bbrier warnings errors runtime_learners
INFO  [15:37:45.985] [bbotk]               FALSE     0.03330002        0      0            0.453
INFO  [15:37:45.985] [bbotk]                                 uhash
INFO  [15:37:45.985] [bbotk]  eb6331b8-a7ad-4b05-8d90-81809f8fb91c
INFO  [15:37:48.595] [bbotk] Evaluating 1 configuration(s)
INFO  [15:37:49.324] [bbotk] Result of batch 7:
INFO  [15:37:49.338] [bbotk]  mtry.ratio num.trees replace sample.fraction       acq_ei  x_domain
INFO  [15:37:49.338] [bbotk]   0.2488733       311   FALSE       0.8364349 0.0001067833 <list[4]>
INFO  [15:37:49.338] [bbotk]  .already_evaluated classif.bbrier warnings errors runtime_learners
INFO  [15:37:49.338] [bbotk]               FALSE     0.03317545        0      0            0.496
INFO  [15:37:49.338] [bbotk]                                 uhash
INFO  [15:37:49.338] [bbotk]  50ca8c86-5a3b-4027-957b-49fe965c6f2e
INFO  [15:37:51.735] [bbotk] Evaluating 1 configuration(s)
INFO  [15:37:52.357] [bbotk] Result of batch 8:
INFO  [15:37:52.385] [bbotk]  mtry.ratio num.trees replace sample.fraction       acq_ei  x_domain
INFO  [15:37:52.385] [bbotk]   0.1092209       275   FALSE       0.9208215 0.0001812822 <list[4]>
INFO  [15:37:52.385] [bbotk]  .already_evaluated classif.bbrier warnings errors runtime_learners
INFO  [15:37:52.385] [bbotk]               FALSE     0.03195213        0      0            0.393
INFO  [15:37:52.385] [bbotk]                                 uhash
INFO  [15:37:52.385] [bbotk]  2f563cc5-7a3c-444a-a26b-4bb1c47c726a
INFO  [15:37:54.850] [bbotk] Evaluating 1 configuration(s)
INFO  [15:37:55.466] [bbotk] Result of batch 9:
INFO  [15:37:55.484] [bbotk]  mtry.ratio num.trees replace sample.fraction       acq_ei  x_domain
INFO  [15:37:55.484] [bbotk]   0.1202358       279   FALSE       0.9304682 9.428191e-05 <list[4]>
INFO  [15:37:55.484] [bbotk]  .already_evaluated classif.bbrier warnings errors runtime_learners
INFO  [15:37:55.484] [bbotk]               FALSE     0.03139037        0      0            0.374
INFO  [15:37:55.484] [bbotk]                                 uhash
INFO  [15:37:55.484] [bbotk]  a1244d53-4e9e-4d9b-a84c-2ffebac8db1b
INFO  [15:37:58.262] [bbotk] Evaluating 1 configuration(s)
INFO  [15:37:58.673] [bbotk] Result of batch 10:
INFO  [15:37:58.697] [bbotk]  mtry.ratio num.trees replace sample.fraction       acq_ei  x_domain
INFO  [15:37:58.697] [bbotk]   0.6671465        44    TRUE        0.920453 4.858125e-05 <list[4]>
INFO  [15:37:58.697] [bbotk]  .already_evaluated classif.bbrier warnings errors runtime_learners
INFO  [15:37:58.697] [bbotk]               FALSE      0.0348777        0      0            0.166
INFO  [15:37:58.697] [bbotk]                                 uhash
INFO  [15:37:58.697] [bbotk]  f09c4daa-9dfd-4d66-8a26-f584d0f6048d
INFO  [15:38:01.190] [bbotk] Evaluating 1 configuration(s)
INFO  [15:38:01.712] [bbotk] Result of batch 11:
INFO  [15:38:01.742] [bbotk]  mtry.ratio num.trees replace sample.fraction      acq_ei  x_domain
INFO  [15:38:01.742] [bbotk]  0.06525002       278   FALSE       0.9630888 0.000166953 <list[4]>
INFO  [15:38:01.742] [bbotk]  .already_evaluated classif.bbrier warnings errors runtime_learners
INFO  [15:38:01.742] [bbotk]               FALSE      0.0319422        0      0            0.301
INFO  [15:38:01.742] [bbotk]                                 uhash
INFO  [15:38:01.742] [bbotk]  774b73c6-f5de-412a-a6f6-2f412c7088de
INFO  [15:38:04.352] [bbotk] Evaluating 1 configuration(s)
INFO  [15:38:04.913] [bbotk] Result of batch 12:
INFO  [15:38:04.929] [bbotk]  mtry.ratio num.trees replace sample.fraction       acq_ei  x_domain
INFO  [15:38:04.929] [bbotk]  0.02454618       346   FALSE       0.9454676 8.937639e-05 <list[4]>
INFO  [15:38:04.929] [bbotk]  .already_evaluated classif.bbrier warnings errors runtime_learners
INFO  [15:38:04.929] [bbotk]               FALSE      0.0354201        0      0            0.368
INFO  [15:38:04.929] [bbotk]                                 uhash
INFO  [15:38:04.929] [bbotk]  332d56ab-3b08-4b73-94ed-01c75224c3d6
INFO  [15:38:07.637] [bbotk] Evaluating 1 configuration(s)
INFO  [15:38:08.304] [bbotk] Result of batch 13:
INFO  [15:38:08.328] [bbotk]  mtry.ratio num.trees replace sample.fraction       acq_ei  x_domain
INFO  [15:38:08.328] [bbotk]   0.2774551       223   FALSE       0.9596732 8.146328e-05 <list[4]>
INFO  [15:38:08.328] [bbotk]  .already_evaluated classif.bbrier warnings errors runtime_learners
INFO  [15:38:08.328] [bbotk]               FALSE      0.0337934        0      0            0.438
INFO  [15:38:08.328] [bbotk]                                 uhash
INFO  [15:38:08.328] [bbotk]  429f14d0-9639-4194-b5d1-482394ba7e1d
INFO  [15:38:10.970] [bbotk] Evaluating 1 configuration(s)
INFO  [15:38:11.511] [bbotk] Result of batch 14:
INFO  [15:38:11.574] [bbotk]  mtry.ratio num.trees replace sample.fraction       acq_ei  x_domain
INFO  [15:38:11.574] [bbotk]   0.0467048       318   FALSE       0.9257424 7.546591e-05 <list[4]>
INFO  [15:38:11.574] [bbotk]  .already_evaluated classif.bbrier warnings errors runtime_learners
INFO  [15:38:11.574] [bbotk]               FALSE     0.03233575        0      0            0.343
INFO  [15:38:11.574] [bbotk]                                 uhash
INFO  [15:38:11.574] [bbotk]  1826210f-60ad-4445-a41b-7ac0136d17f1
INFO  [15:38:13.993] [bbotk] Evaluating 1 configuration(s)
INFO  [15:38:14.799] [bbotk] Result of batch 15:
INFO  [15:38:14.837] [bbotk]  mtry.ratio num.trees replace sample.fraction       acq_ei  x_domain
INFO  [15:38:14.837] [bbotk]   0.2736018       299   FALSE        0.898035 3.392795e-05 <list[4]>
INFO  [15:38:14.837] [bbotk]  .already_evaluated classif.bbrier warnings errors runtime_learners
INFO  [15:38:14.837] [bbotk]               FALSE     0.03423236        0      0            0.599
INFO  [15:38:14.837] [bbotk]                                 uhash
INFO  [15:38:14.837] [bbotk]  7fbf793b-1dbb-4d57-832b-eeb33722bf79
INFO  [15:38:17.528] [bbotk] Evaluating 1 configuration(s)
INFO  [15:38:17.787] [bbotk] Result of batch 16:
INFO  [15:38:17.818] [bbotk]  mtry.ratio num.trees replace sample.fraction       acq_ei  x_domain
INFO  [15:38:17.818] [bbotk]   0.7041091         4    TRUE       0.9823436 5.686909e-05 <list[4]>
INFO  [15:38:17.818] [bbotk]  .already_evaluated classif.bbrier warnings errors runtime_learners
INFO  [15:38:17.818] [bbotk]               FALSE     0.03810779        0      0             0.07
INFO  [15:38:17.818] [bbotk]                                 uhash
INFO  [15:38:17.818] [bbotk]  12aa1bc5-2d40-443d-be19-89ecd23ee276
INFO  [15:38:20.820] [bbotk] Evaluating 1 configuration(s)
INFO  [15:38:21.338] [bbotk] Result of batch 17:
INFO  [15:38:21.354] [bbotk]  mtry.ratio num.trees replace sample.fraction       acq_ei  x_domain
INFO  [15:38:21.354] [bbotk]  0.06011082       332   FALSE       0.9518637 3.829053e-05 <list[4]>
INFO  [15:38:21.354] [bbotk]  .already_evaluated classif.bbrier warnings errors runtime_learners
INFO  [15:38:21.354] [bbotk]               FALSE     0.03235537        0      0            0.334
INFO  [15:38:21.354] [bbotk]                                 uhash
INFO  [15:38:21.354] [bbotk]  44c2d5eb-07e7-4cc5-939b-5d2ba52fed6a
INFO  [15:38:23.601] [bbotk] Evaluating 1 configuration(s)
INFO  [15:38:24.191] [bbotk] Result of batch 18:
INFO  [15:38:24.226] [bbotk]  mtry.ratio num.trees replace sample.fraction       acq_ei  x_domain
INFO  [15:38:24.226] [bbotk]  0.02994026       431   FALSE       0.9310358 5.275394e-05 <list[4]>
INFO  [15:38:24.226] [bbotk]  .already_evaluated classif.bbrier warnings errors runtime_learners
INFO  [15:38:24.226] [bbotk]               FALSE     0.03546622        0      0            0.397
INFO  [15:38:24.226] [bbotk]                                 uhash
INFO  [15:38:24.226] [bbotk]  419ca5f3-ad76-4fcf-9b54-9f004b7e04e1
INFO  [15:38:26.717] [bbotk] Evaluating 1 configuration(s)
INFO  [15:38:27.232] [bbotk] Result of batch 19:
INFO  [15:38:27.268] [bbotk]  mtry.ratio num.trees replace sample.fraction       acq_ei  x_domain
INFO  [15:38:27.268] [bbotk]   0.1112574       183   FALSE       0.9859136 4.637998e-05 <list[4]>
INFO  [15:38:27.268] [bbotk]  .already_evaluated classif.bbrier warnings errors runtime_learners
INFO  [15:38:27.268] [bbotk]               FALSE      0.0317466        0      0            0.284
INFO  [15:38:27.268] [bbotk]                                 uhash
INFO  [15:38:27.268] [bbotk]  d416e0eb-b257-4e2a-abff-de48f3f32b85
INFO  [15:38:29.756] [bbotk] Evaluating 1 configuration(s)
INFO  [15:38:30.105] [bbotk] Result of batch 20:
INFO  [15:38:30.125] [bbotk]  mtry.ratio num.trees replace sample.fraction       acq_ei  x_domain
INFO  [15:38:30.125] [bbotk]    0.136327       149   FALSE       0.1873418 2.855583e-05 <list[4]>
INFO  [15:38:30.125] [bbotk]  .already_evaluated classif.bbrier warnings errors runtime_learners
INFO  [15:38:30.125] [bbotk]               FALSE     0.04110155        0      0             0.15
INFO  [15:38:30.125] [bbotk]                                 uhash
INFO  [15:38:30.125] [bbotk]  afb74e89-18a7-4d22-b66e-f2871c402d98
INFO  [15:38:32.599] [bbotk] Evaluating 1 configuration(s)
INFO  [15:38:33.024] [bbotk] Result of batch 21:
INFO  [15:38:33.080] [bbotk]  mtry.ratio num.trees replace sample.fraction       acq_ei  x_domain
INFO  [15:38:33.080] [bbotk]  0.05940005       181   FALSE       0.9796772 0.0001458417 <list[4]>
INFO  [15:38:33.080] [bbotk]  .already_evaluated classif.bbrier warnings errors runtime_learners
INFO  [15:38:33.080] [bbotk]               FALSE     0.03212277        0      0            0.216
INFO  [15:38:33.080] [bbotk]                                 uhash
INFO  [15:38:33.080] [bbotk]  b669b0b2-1943-4678-9a68-1ad70a53df99
INFO  [15:38:35.446] [bbotk] Evaluating 1 configuration(s)
INFO  [15:38:36.078] [bbotk] Result of batch 22:
INFO  [15:38:36.093] [bbotk]  mtry.ratio num.trees replace sample.fraction       acq_ei  x_domain
INFO  [15:38:36.093] [bbotk]   0.1219365       371    TRUE       0.9990033 5.255209e-05 <list[4]>
INFO  [15:38:36.093] [bbotk]  .already_evaluated classif.bbrier warnings errors runtime_learners
INFO  [15:38:36.093] [bbotk]               FALSE     0.03239947        0      0            0.446
INFO  [15:38:36.093] [bbotk]                                 uhash
INFO  [15:38:36.093] [bbotk]  28ed9be8-877e-4fc6-9f08-4766dc8d865e
INFO  [15:38:38.414] [bbotk] Evaluating 1 configuration(s)
INFO  [15:38:38.717] [bbotk] Result of batch 23:
INFO  [15:38:38.738] [bbotk]  mtry.ratio num.trees replace sample.fraction       acq_ei  x_domain
INFO  [15:38:38.738] [bbotk]  0.04779086        47   FALSE       0.9554173 8.346538e-05 <list[4]>
INFO  [15:38:38.738] [bbotk]  .already_evaluated classif.bbrier warnings errors runtime_learners
INFO  [15:38:38.738] [bbotk]               FALSE     0.03239336        0      0            0.107
INFO  [15:38:38.738] [bbotk]                                 uhash
INFO  [15:38:38.738] [bbotk]  38a5363a-e0e2-4b6e-a738-f53036fcc52a
INFO  [15:38:41.239] [bbotk] Evaluating 1 configuration(s)
INFO  [15:38:41.690] [bbotk] Result of batch 24:
INFO  [15:38:41.708] [bbotk]  mtry.ratio num.trees replace sample.fraction       acq_ei  x_domain
INFO  [15:38:41.708] [bbotk]   0.1191073       295   FALSE       0.2997885 0.0001864139 <list[4]>
INFO  [15:38:41.708] [bbotk]  .already_evaluated classif.bbrier warnings errors runtime_learners
INFO  [15:38:41.708] [bbotk]               FALSE     0.03829551        0      0            0.254
INFO  [15:38:41.708] [bbotk]                                 uhash
INFO  [15:38:41.708] [bbotk]  9fb677ab-37cd-4184-abb0-e62c3191535d
INFO  [15:38:44.347] [bbotk] Evaluating 1 configuration(s)
INFO  [15:38:45.527] [bbotk] Result of batch 25:
INFO  [15:38:45.552] [bbotk]  mtry.ratio num.trees replace sample.fraction       acq_ei  x_domain
INFO  [15:38:45.552] [bbotk]   0.9199424       219   FALSE       0.9261094 7.483222e-05 <list[4]>
INFO  [15:38:45.552] [bbotk]  .already_evaluated classif.bbrier warnings errors runtime_learners
INFO  [15:38:45.552] [bbotk]               FALSE     0.04224638        0      0            0.971
INFO  [15:38:45.552] [bbotk]                                 uhash
INFO  [15:38:45.552] [bbotk]  8f0a2e60-7d31-4f25-8fd0-8ff501ed8936
INFO  [15:38:48.091] [bbotk] Evaluating 1 configuration(s)
INFO  [15:38:49.944] [bbotk] Result of batch 26:
INFO  [15:38:49.973] [bbotk]  mtry.ratio num.trees replace sample.fraction       acq_ei  x_domain
INFO  [15:38:49.973] [bbotk]   0.7322888       500   FALSE       0.9881118 4.040041e-05 <list[4]>
INFO  [15:38:49.973] [bbotk]  .already_evaluated classif.bbrier warnings errors runtime_learners
INFO  [15:38:49.973] [bbotk]               FALSE     0.04080163        0      0            1.658
INFO  [15:38:49.973] [bbotk]                                 uhash
INFO  [15:38:49.973] [bbotk]  23597032-defa-421d-8085-2d36b612f0c0
INFO  [15:38:52.467] [bbotk] Evaluating 1 configuration(s)
INFO  [15:38:52.861] [bbotk] Result of batch 27:
INFO  [15:38:52.887] [bbotk]  mtry.ratio num.trees replace sample.fraction       acq_ei  x_domain
INFO  [15:38:52.887] [bbotk]   0.0977198       174    TRUE       0.9732683 0.0001087087 <list[4]>
INFO  [15:38:52.887] [bbotk]  .already_evaluated classif.bbrier warnings errors runtime_learners
INFO  [15:38:52.887] [bbotk]               FALSE     0.03267881        0      0            0.205
INFO  [15:38:52.887] [bbotk]                                 uhash
INFO  [15:38:52.887] [bbotk]  a3fa8d88-9def-4fd5-8a64-bf69aea0d05f
INFO  [15:38:55.449] [bbotk] Evaluating 1 configuration(s)
INFO  [15:38:56.777] [bbotk] Result of batch 28:
INFO  [15:38:56.799] [bbotk]  mtry.ratio num.trees replace sample.fraction       acq_ei  x_domain
INFO  [15:38:56.799] [bbotk]   0.1166332      1025    TRUE       0.9869202 6.277294e-05 <list[4]>
INFO  [15:38:56.799] [bbotk]  .already_evaluated classif.bbrier warnings errors runtime_learners
INFO  [15:38:56.799] [bbotk]               FALSE     0.03207957        0      0            1.138
INFO  [15:38:56.799] [bbotk]                                 uhash
INFO  [15:38:56.799] [bbotk]  1ebc4256-59d5-4a90-b4ca-d2e2d092c584
INFO  [15:38:59.402] [bbotk] Evaluating 1 configuration(s)
INFO  [15:38:59.939] [bbotk] Result of batch 29:
INFO  [15:38:59.964] [bbotk]  mtry.ratio num.trees replace sample.fraction       acq_ei  x_domain
INFO  [15:38:59.964] [bbotk]   0.1145911       158   FALSE       0.9990217 0.0002139742 <list[4]>
INFO  [15:38:59.964] [bbotk]  .already_evaluated classif.bbrier warnings errors runtime_learners
INFO  [15:38:59.964] [bbotk]               FALSE     0.03234764        0      0            0.263
INFO  [15:38:59.964] [bbotk]                                 uhash
INFO  [15:38:59.964] [bbotk]  70d23cbe-b660-4941-986a-8e87326938ca
INFO  [15:39:02.470] [bbotk] Evaluating 1 configuration(s)
INFO  [15:39:02.913] [bbotk] Result of batch 30:
INFO  [15:39:02.938] [bbotk]  mtry.ratio num.trees replace sample.fraction       acq_ei  x_domain
INFO  [15:39:02.938] [bbotk]  0.05572339       144   FALSE       0.9445633 0.0001217893 <list[4]>
INFO  [15:39:02.938] [bbotk]  .already_evaluated classif.bbrier warnings errors runtime_learners
INFO  [15:39:02.938] [bbotk]               FALSE     0.03247808        0      0            0.239
INFO  [15:39:02.938] [bbotk]                                 uhash
INFO  [15:39:02.938] [bbotk]  2e454ee6-4964-4011-a436-be7dc64145d2
INFO  [15:39:05.493] [bbotk] Evaluating 1 configuration(s)
INFO  [15:39:06.743] [bbotk] Result of batch 31:
INFO  [15:39:06.802] [bbotk]  mtry.ratio num.trees replace sample.fraction       acq_ei  x_domain
INFO  [15:39:06.802] [bbotk]   0.1282368       868    TRUE       0.9833595 7.980773e-05 <list[4]>
INFO  [15:39:06.802] [bbotk]  .already_evaluated classif.bbrier warnings errors runtime_learners
INFO  [15:39:06.802] [bbotk]               FALSE     0.03232621        0      0            0.973
INFO  [15:39:06.802] [bbotk]                                 uhash
INFO  [15:39:06.802] [bbotk]  d7b9cbbf-c80d-4a98-a6b2-bc96ed76d6d2
INFO  [15:39:09.525] [bbotk] Evaluating 1 configuration(s)
INFO  [15:39:10.195] [bbotk] Result of batch 32:
INFO  [15:39:10.263] [bbotk]  mtry.ratio num.trees replace sample.fraction       acq_ei  x_domain
INFO  [15:39:10.263] [bbotk]     0.13041       290   FALSE       0.9252364 0.0001277051 <list[4]>
INFO  [15:39:10.263] [bbotk]  .already_evaluated classif.bbrier warnings errors runtime_learners
INFO  [15:39:10.263] [bbotk]               FALSE      0.0316974        0      0            0.457
INFO  [15:39:10.263] [bbotk]                                 uhash
INFO  [15:39:10.263] [bbotk]  6b95dc73-98eb-4b7b-b547-f40800e15bb7
INFO  [15:39:12.782] [bbotk] Evaluating 1 configuration(s)
INFO  [15:39:13.819] [bbotk] Result of batch 33:
INFO  [15:39:13.843] [bbotk]  mtry.ratio num.trees replace sample.fraction       acq_ei  x_domain
INFO  [15:39:13.843] [bbotk]  0.06083194       679   FALSE       0.9708123 0.0001055431 <list[4]>
INFO  [15:39:13.843] [bbotk]  .already_evaluated classif.bbrier warnings errors runtime_learners
INFO  [15:39:13.843] [bbotk]               FALSE     0.03184831        0      0            0.756
INFO  [15:39:13.843] [bbotk]                                 uhash
INFO  [15:39:13.843] [bbotk]  e2d3502c-2a69-4258-8be7-36e64dfa36e2
INFO  [15:39:16.482] [bbotk] Evaluating 1 configuration(s)
INFO  [15:39:18.592] [bbotk] Result of batch 34:
INFO  [15:39:18.605] [bbotk]  mtry.ratio num.trees replace sample.fraction       acq_ei  x_domain
INFO  [15:39:18.605] [bbotk]   0.1601007      1404   FALSE       0.9708279 0.0001090396 <list[4]>
INFO  [15:39:18.605] [bbotk]  .already_evaluated classif.bbrier warnings errors runtime_learners
INFO  [15:39:18.605] [bbotk]               FALSE     0.03223131        0      0            1.903
INFO  [15:39:18.605] [bbotk]                                 uhash
INFO  [15:39:18.605] [bbotk]  1493c438-1001-47a0-a2bc-4303d90aec74
INFO  [15:39:21.082] [bbotk] Evaluating 1 configuration(s)
INFO  [15:39:21.988] [bbotk] Result of batch 35:
INFO  [15:39:22.017] [bbotk]  mtry.ratio num.trees replace sample.fraction       acq_ei  x_domain
INFO  [15:39:22.017] [bbotk]   0.1452709       495   FALSE         0.99068 0.0001585249 <list[4]>
INFO  [15:39:22.017] [bbotk]  .already_evaluated classif.bbrier warnings errors runtime_learners
INFO  [15:39:22.017] [bbotk]               FALSE     0.03192864        0      0             0.69
INFO  [15:39:22.017] [bbotk]                                 uhash
INFO  [15:39:22.017] [bbotk]  7dfef5b2-b5ab-4805-9148-1b9810c4eec0
INFO  [15:39:24.523] [bbotk] Evaluating 1 configuration(s)
INFO  [15:39:24.921] [bbotk] Result of batch 36:
INFO  [15:39:24.950] [bbotk]  mtry.ratio num.trees replace sample.fraction       acq_ei  x_domain
INFO  [15:39:24.950] [bbotk]  0.07530488       179   FALSE       0.4187349 7.067667e-05 <list[4]>
INFO  [15:39:24.950] [bbotk]  .already_evaluated classif.bbrier warnings errors runtime_learners
INFO  [15:39:24.950] [bbotk]               FALSE     0.03654676        0      0             0.19
INFO  [15:39:24.950] [bbotk]                                 uhash
INFO  [15:39:24.950] [bbotk]  6916dc5c-37a1-4754-8c45-cc4bd32fea4d
INFO  [15:39:27.625] [bbotk] Evaluating 1 configuration(s)
INFO  [15:39:28.795] [bbotk] Result of batch 37:
INFO  [15:39:28.827] [bbotk]  mtry.ratio num.trees replace sample.fraction      acq_ei  x_domain
INFO  [15:39:28.827] [bbotk]   0.1684868       615   FALSE       0.9908944 0.000106558 <list[4]>
INFO  [15:39:28.827] [bbotk]  .already_evaluated classif.bbrier warnings errors runtime_learners
INFO  [15:39:28.827] [bbotk]               FALSE     0.03183067        0      0            0.975
INFO  [15:39:28.827] [bbotk]                                 uhash
INFO  [15:39:28.827] [bbotk]  b026e7fc-3385-401c-9a83-28e313fc6796
INFO  [15:39:31.388] [bbotk] Evaluating 1 configuration(s)
INFO  [15:39:31.990] [bbotk] Result of batch 38:
INFO  [15:39:32.030] [bbotk]  mtry.ratio num.trees replace sample.fraction      acq_ei  x_domain
INFO  [15:39:32.030] [bbotk]    0.161047       280   FALSE       0.9220129 5.52797e-05 <list[4]>
INFO  [15:39:32.030] [bbotk]  .already_evaluated classif.bbrier warnings errors runtime_learners
INFO  [15:39:32.030] [bbotk]               FALSE     0.03234857        0      0            0.392
INFO  [15:39:32.030] [bbotk]                                 uhash
INFO  [15:39:32.030] [bbotk]  6280da41-4200-4d32-b151-02e58125c13b
INFO  [15:39:34.654] [bbotk] Evaluating 1 configuration(s)
INFO  [15:39:35.235] [bbotk] Result of batch 39:
INFO  [15:39:35.264] [bbotk]  mtry.ratio num.trees replace sample.fraction       acq_ei  x_domain
INFO  [15:39:35.264] [bbotk]   0.1297876       159    TRUE       0.9291181 0.0001569828 <list[4]>
INFO  [15:39:35.264] [bbotk]  .already_evaluated classif.bbrier warnings errors runtime_learners
INFO  [15:39:35.264] [bbotk]               FALSE     0.03332693        0      0            0.369
INFO  [15:39:35.264] [bbotk]                                 uhash
INFO  [15:39:35.264] [bbotk]  331ad8c7-b175-4022-b5fd-0d98c746dede
INFO  [15:39:37.904] [bbotk] Evaluating 1 configuration(s)
INFO  [15:39:39.103] [bbotk] Result of batch 40:
INFO  [15:39:39.160] [bbotk]  mtry.ratio num.trees replace sample.fraction       acq_ei  x_domain
INFO  [15:39:39.160] [bbotk]   0.2729897       513   FALSE       0.9751586 0.0001508652 <list[4]>
INFO  [15:39:39.160] [bbotk]  .already_evaluated classif.bbrier warnings errors runtime_learners
INFO  [15:39:39.160] [bbotk]               FALSE      0.0333035        0      0            0.985
INFO  [15:39:39.160] [bbotk]                                 uhash
INFO  [15:39:39.160] [bbotk]  202bc55a-a7e4-4657-84b1-52741b714911
INFO  [15:39:41.960] [bbotk] Evaluating 1 configuration(s)
INFO  [15:39:42.949] [bbotk] Result of batch 41:
INFO  [15:39:42.967] [bbotk]  mtry.ratio num.trees replace sample.fraction       acq_ei  x_domain
INFO  [15:39:42.967] [bbotk]  0.08300424       691   FALSE       0.9949887 9.303177e-05 <list[4]>
INFO  [15:39:42.967] [bbotk]  .already_evaluated classif.bbrier warnings errors runtime_learners
INFO  [15:39:42.967] [bbotk]               FALSE      0.0318633        0      0            0.779
INFO  [15:39:42.967] [bbotk]                                 uhash
INFO  [15:39:42.967] [bbotk]  e46e9b3d-7b12-4c7f-afa8-4f590ebe5ba2
INFO  [15:39:45.715] [bbotk] Evaluating 1 configuration(s)
INFO  [15:39:46.599] [bbotk] Result of batch 42:
INFO  [15:39:46.643] [bbotk]  mtry.ratio num.trees replace sample.fraction       acq_ei  x_domain
INFO  [15:39:46.643] [bbotk]  0.04428403       556   FALSE       0.9789079 9.158544e-05 <list[4]>
INFO  [15:39:46.643] [bbotk]  .already_evaluated classif.bbrier warnings errors runtime_learners
INFO  [15:39:46.643] [bbotk]               FALSE     0.03203294        0      0            0.626
INFO  [15:39:46.643] [bbotk]                                 uhash
INFO  [15:39:46.643] [bbotk]  6f133558-815a-484a-90bd-c63a555c054b
INFO  [15:39:49.267] [bbotk] Evaluating 1 configuration(s)
INFO  [15:39:52.011] [bbotk] Result of batch 43:
INFO  [15:39:52.029] [bbotk]  mtry.ratio num.trees replace sample.fraction       acq_ei  x_domain
INFO  [15:39:52.029] [bbotk]   0.1224197      1924   FALSE       0.9964662 5.009236e-05 <list[4]>
INFO  [15:39:52.029] [bbotk]  .already_evaluated classif.bbrier warnings errors runtime_learners
INFO  [15:39:52.029] [bbotk]               FALSE     0.03185903        0      0            2.526
INFO  [15:39:52.029] [bbotk]                                 uhash
INFO  [15:39:52.029] [bbotk]  b3b5025d-efaa-4097-bfc7-b2f24f5bc19f
INFO  [15:39:54.636] [bbotk] Evaluating 1 configuration(s)
INFO  [15:39:56.379] [bbotk] Result of batch 44:
INFO  [15:39:56.423] [bbotk]  mtry.ratio num.trees replace sample.fraction       acq_ei  x_domain
INFO  [15:39:56.423] [bbotk]  0.04703056      1607   FALSE       0.9854303 0.0001087697 <list[4]>
INFO  [15:39:56.423] [bbotk]  .already_evaluated classif.bbrier warnings errors runtime_learners
INFO  [15:39:56.423] [bbotk]               FALSE     0.03233209        0      0            1.546
INFO  [15:39:56.423] [bbotk]                                 uhash
INFO  [15:39:56.423] [bbotk]  a8a94239-b7be-45aa-a03a-94d9fd6f5b08
INFO  [15:39:59.105] [bbotk] Evaluating 1 configuration(s)
INFO  [15:40:00.520] [bbotk] Result of batch 45:
INFO  [15:40:00.538] [bbotk]  mtry.ratio num.trees replace sample.fraction       acq_ei  x_domain
INFO  [15:40:00.538] [bbotk]   0.6802873       282   FALSE       0.9941247 5.756728e-05 <list[4]>
INFO  [15:40:00.538] [bbotk]  .already_evaluated classif.bbrier warnings errors runtime_learners
INFO  [15:40:00.538] [bbotk]               FALSE     0.04080739        0      0            1.197
INFO  [15:40:00.538] [bbotk]                                 uhash
INFO  [15:40:00.538] [bbotk]  0b495be2-05ed-4777-b715-9bcefe04cf87
INFO  [15:40:03.303] [bbotk] Evaluating 1 configuration(s)
INFO  [15:40:04.583] [bbotk] Result of batch 46:
INFO  [15:40:04.611] [bbotk]  mtry.ratio num.trees replace sample.fraction      acq_ei  x_domain
INFO  [15:40:04.611] [bbotk]  0.03581216      1037   FALSE       0.9965042 5.39433e-05 <list[4]>
INFO  [15:40:04.611] [bbotk]  .already_evaluated classif.bbrier warnings errors runtime_learners
INFO  [15:40:04.611] [bbotk]               FALSE     0.03237523        0      0            1.048
INFO  [15:40:04.611] [bbotk]                                 uhash
INFO  [15:40:04.611] [bbotk]  d8bd4e26-ca4c-4cda-a341-9d5561b83aca
INFO  [15:40:07.235] [bbotk] Evaluating 1 configuration(s)
INFO  [15:40:07.569] [bbotk] Result of batch 47:
INFO  [15:40:07.643] [bbotk]  mtry.ratio num.trees replace sample.fraction       acq_ei  x_domain
INFO  [15:40:07.643] [bbotk]   0.0582046        47   FALSE       0.9889871 7.637723e-05 <list[4]>
INFO  [15:40:07.643] [bbotk]  .already_evaluated classif.bbrier warnings errors runtime_learners
INFO  [15:40:07.643] [bbotk]               FALSE     0.03236796        0      0            0.123
INFO  [15:40:07.643] [bbotk]                                 uhash
INFO  [15:40:07.643] [bbotk]  2a078cf6-2a37-4597-9d0c-d2f8c266f0c5
INFO  [15:40:10.204] [bbotk] Evaluating 1 configuration(s)
INFO  [15:40:10.966] [bbotk] Result of batch 48:
INFO  [15:40:10.991] [bbotk]  mtry.ratio num.trees replace sample.fraction       acq_ei  x_domain
INFO  [15:40:10.991] [bbotk]   0.2825424       232   FALSE       0.9954116 0.0001139317 <list[4]>
INFO  [15:40:10.991] [bbotk]  .already_evaluated classif.bbrier warnings errors runtime_learners
INFO  [15:40:10.991] [bbotk]               FALSE     0.03354726        0      0            0.495
INFO  [15:40:10.991] [bbotk]                                 uhash
INFO  [15:40:10.991] [bbotk]  7b022420-404f-4a69-ad01-e9aa3445f761
INFO  [15:40:13.660] [bbotk] Evaluating 1 configuration(s)
INFO  [15:40:16.304] [bbotk] Result of batch 49:
INFO  [15:40:16.323] [bbotk]  mtry.ratio num.trees replace sample.fraction       acq_ei  x_domain
INFO  [15:40:16.323] [bbotk]   0.1274839      1820   FALSE       0.9973029 8.308035e-05 <list[4]>
INFO  [15:40:16.323] [bbotk]  .already_evaluated classif.bbrier warnings errors runtime_learners
INFO  [15:40:16.323] [bbotk]               FALSE     0.03187433        0      0            2.423
INFO  [15:40:16.323] [bbotk]                                 uhash
INFO  [15:40:16.323] [bbotk]  5d4a2681-b809-42e4-941c-af14c204941d
INFO  [15:40:19.014] [bbotk] Evaluating 1 configuration(s)
INFO  [15:40:19.377] [bbotk] Result of batch 50:
INFO  [15:40:19.440] [bbotk]  mtry.ratio num.trees replace sample.fraction       acq_ei  x_domain
INFO  [15:40:19.440] [bbotk]  0.06611731       123   FALSE       0.9313012 5.670625e-05 <list[4]>
INFO  [15:40:19.440] [bbotk]  .already_evaluated classif.bbrier warnings errors runtime_learners
INFO  [15:40:19.440] [bbotk]               FALSE     0.03195458        0      0            0.167
INFO  [15:40:19.440] [bbotk]                                 uhash
INFO  [15:40:19.440] [bbotk]  8f89fafa-e4f3-479a-9952-d82a6c0bdb65
INFO  [15:40:21.984] [bbotk] Evaluating 1 configuration(s)
INFO  [15:40:24.691] [bbotk] Result of batch 51:
INFO  [15:40:24.723] [bbotk]  mtry.ratio num.trees replace sample.fraction       acq_ei  x_domain
INFO  [15:40:24.723] [bbotk]   0.3346718      1251   FALSE       0.9951855 0.0001348588 <list[4]>
INFO  [15:40:24.723] [bbotk]  .already_evaluated classif.bbrier warnings errors runtime_learners
INFO  [15:40:24.723] [bbotk]               FALSE     0.03429139        0      0            2.499
INFO  [15:40:24.723] [bbotk]                                 uhash
INFO  [15:40:24.723] [bbotk]  a0a98ae8-68f4-4c2c-9553-fbb9107413f4
INFO  [15:40:27.513] [bbotk] Evaluating 1 configuration(s)
INFO  [15:40:29.176] [bbotk] Result of batch 52:
INFO  [15:40:29.195] [bbotk]  mtry.ratio num.trees replace sample.fraction       acq_ei  x_domain
INFO  [15:40:29.195] [bbotk]   0.3844378       612   FALSE       0.9919833 6.783174e-05 <list[4]>
INFO  [15:40:29.195] [bbotk]  .already_evaluated classif.bbrier warnings errors runtime_learners
INFO  [15:40:29.195] [bbotk]               FALSE     0.03448452        0      0            1.473
INFO  [15:40:29.195] [bbotk]                                 uhash
INFO  [15:40:29.195] [bbotk]  5f08ca67-936c-41f8-95dd-06f3bc3d93c1
INFO  [15:40:32.387] [bbotk] Evaluating 1 configuration(s)
INFO  [15:40:34.781] [bbotk] Result of batch 53:
INFO  [15:40:34.812] [bbotk]  mtry.ratio num.trees replace sample.fraction       acq_ei  x_domain
INFO  [15:40:34.812] [bbotk]   0.1085121      1799   FALSE       0.9626054 5.566773e-05 <list[4]>
INFO  [15:40:34.812] [bbotk]  .already_evaluated classif.bbrier warnings errors runtime_learners
INFO  [15:40:34.812] [bbotk]               FALSE     0.03191741        0      0            2.192
INFO  [15:40:34.812] [bbotk]                                 uhash
INFO  [15:40:34.812] [bbotk]  356d5cc8-6734-40c5-8486-bd6674be03f7
INFO  [15:40:37.322] [bbotk] Evaluating 1 configuration(s)
INFO  [15:40:37.771] [bbotk] Result of batch 54:
INFO  [15:40:37.790] [bbotk]  mtry.ratio num.trees replace sample.fraction       acq_ei  x_domain
INFO  [15:40:37.790] [bbotk]   0.1608172       149    TRUE       0.9623365 8.979168e-05 <list[4]>
INFO  [15:40:37.790] [bbotk]  .already_evaluated classif.bbrier warnings errors runtime_learners
INFO  [15:40:37.790] [bbotk]               FALSE      0.0321608        0      0            0.221
INFO  [15:40:37.790] [bbotk]                                 uhash
INFO  [15:40:37.790] [bbotk]  db600129-d1c3-432d-a1a4-37287b85408a
INFO  [15:40:40.169] [bbotk] Evaluating 1 configuration(s)
INFO  [15:40:42.257] [bbotk] Result of batch 55:
INFO  [15:40:42.284] [bbotk]  mtry.ratio num.trees replace sample.fraction       acq_ei  x_domain
INFO  [15:40:42.284] [bbotk]  0.03331458      1854   FALSE       0.9932338 6.171238e-05 <list[4]>
INFO  [15:40:42.284] [bbotk]  .already_evaluated classif.bbrier warnings errors runtime_learners
INFO  [15:40:42.284] [bbotk]               FALSE     0.03502561        0      0            1.856
INFO  [15:40:42.284] [bbotk]                                 uhash
INFO  [15:40:42.284] [bbotk]  e4c82351-c217-404a-8cf9-74685c203abe
INFO  [15:40:44.821] [bbotk] Evaluating 1 configuration(s)
INFO  [15:40:47.544] [bbotk] Result of batch 56:
INFO  [15:40:47.597] [bbotk]  mtry.ratio num.trees replace sample.fraction       acq_ei  x_domain
INFO  [15:40:47.597] [bbotk]    0.144336      1814   FALSE       0.9537337 8.379094e-05 <list[4]>
INFO  [15:40:47.597] [bbotk]  .already_evaluated classif.bbrier warnings errors runtime_learners
INFO  [15:40:47.597] [bbotk]               FALSE     0.03212339        0      0            2.522
INFO  [15:40:47.597] [bbotk]                                 uhash
INFO  [15:40:47.597] [bbotk]  de3c6704-1ca7-4010-9269-2ebbda922c11
INFO  [15:40:49.947] [bbotk] Evaluating 1 configuration(s)
INFO  [15:40:51.774] [bbotk] Result of batch 57:
INFO  [15:40:51.791] [bbotk]  mtry.ratio num.trees replace sample.fraction       acq_ei  x_domain
INFO  [15:40:51.791] [bbotk]  0.03677332      1694   FALSE       0.9795284 0.0001505464 <list[4]>
INFO  [15:40:51.791] [bbotk]  .already_evaluated classif.bbrier warnings errors runtime_learners
INFO  [15:40:51.791] [bbotk]               FALSE      0.0322098        0      0            1.643
INFO  [15:40:51.791] [bbotk]                                 uhash
INFO  [15:40:51.791] [bbotk]  47753ace-3a46-4ad1-a2c1-b64fcb011520
INFO  [15:40:54.140] [bbotk] Evaluating 1 configuration(s)
INFO  [15:40:54.507] [bbotk] Result of batch 58:
INFO  [15:40:54.541] [bbotk]  mtry.ratio num.trees replace sample.fraction       acq_ei  x_domain
INFO  [15:40:54.541] [bbotk]  0.03480946        90   FALSE       0.9952254 5.442167e-05 <list[4]>
INFO  [15:40:54.541] [bbotk]  .already_evaluated classif.bbrier warnings errors runtime_learners
INFO  [15:40:54.541] [bbotk]               FALSE      0.0328178        0      0            0.156
INFO  [15:40:54.541] [bbotk]                                 uhash
INFO  [15:40:54.541] [bbotk]  90f286aa-1237-4b9e-8bd2-53bbe5fe149a
INFO  [15:40:56.992] [bbotk] Evaluating 1 configuration(s)
INFO  [15:40:58.831] [bbotk] Result of batch 59:
INFO  [15:40:58.890] [bbotk]  mtry.ratio num.trees replace sample.fraction       acq_ei  x_domain
INFO  [15:40:58.890] [bbotk]  0.08312005      1546    TRUE       0.9457245 4.920404e-05 <list[4]>
INFO  [15:40:58.890] [bbotk]  .already_evaluated classif.bbrier warnings errors runtime_learners
INFO  [15:40:58.890] [bbotk]               FALSE     0.03292779        0      0            1.599
INFO  [15:40:58.890] [bbotk]                                 uhash
INFO  [15:40:58.890] [bbotk]  177662ce-afc1-4c4a-b069-6f84e8c05a11
INFO  [15:41:01.597] [bbotk] Evaluating 1 configuration(s)
INFO  [15:41:02.292] [bbotk] Result of batch 60:
INFO  [15:41:02.331] [bbotk]  mtry.ratio num.trees replace sample.fraction       acq_ei  x_domain
INFO  [15:41:02.331] [bbotk]   0.6583949       177    TRUE       0.9027555 7.858265e-05 <list[4]>
INFO  [15:41:02.331] [bbotk]  .already_evaluated classif.bbrier warnings errors runtime_learners
INFO  [15:41:02.331] [bbotk]               FALSE     0.03499505        0      0            0.467
INFO  [15:41:02.331] [bbotk]                                 uhash
INFO  [15:41:02.331] [bbotk]  8addd156-3918-4894-896c-b6c8202fb414
INFO  [15:41:04.864] [bbotk] Evaluating 1 configuration(s)
INFO  [15:41:05.394] [bbotk] Result of batch 61:
INFO  [15:41:05.428] [bbotk]  mtry.ratio num.trees replace sample.fraction       acq_ei  x_domain
INFO  [15:41:05.428] [bbotk]   0.1476385       195   FALSE       0.9160574 7.198641e-05 <list[4]>
INFO  [15:41:05.428] [bbotk]  .already_evaluated classif.bbrier warnings errors runtime_learners
INFO  [15:41:05.428] [bbotk]               FALSE     0.03256384        0      0            0.331
INFO  [15:41:05.428] [bbotk]                                 uhash
INFO  [15:41:05.428] [bbotk]  595cf533-f076-43e9-80b5-40a7aef7bd6e
INFO  [15:41:07.968] [bbotk] Evaluating 1 configuration(s)
INFO  [15:41:08.797] [bbotk] Result of batch 62:
INFO  [15:41:08.817] [bbotk]  mtry.ratio num.trees replace sample.fraction       acq_ei  x_domain
INFO  [15:41:08.817] [bbotk]   0.1670558       417   FALSE       0.9874335 5.246692e-05 <list[4]>
INFO  [15:41:08.817] [bbotk]  .already_evaluated classif.bbrier warnings errors runtime_learners
INFO  [15:41:08.817] [bbotk]               FALSE       0.032828        0      0            0.596
INFO  [15:41:08.817] [bbotk]                                 uhash
INFO  [15:41:08.817] [bbotk]  e24b9662-cd87-4cae-80b8-affcc167b30b
INFO  [15:41:11.465] [bbotk] Evaluating 1 configuration(s)
INFO  [15:41:11.811] [bbotk] Result of batch 63:
INFO  [15:41:11.886] [bbotk]  mtry.ratio num.trees replace sample.fraction       acq_ei  x_domain
INFO  [15:41:11.886] [bbotk]   0.1396321        74   FALSE       0.9519712 0.0001262221 <list[4]>
INFO  [15:41:11.886] [bbotk]  .already_evaluated classif.bbrier warnings errors runtime_learners
INFO  [15:41:11.886] [bbotk]               FALSE     0.03280375        0      0            0.162
INFO  [15:41:11.886] [bbotk]                                 uhash
INFO  [15:41:11.886] [bbotk]  d2b7de87-9f14-4d47-b417-1aa97f7eff98
INFO  [15:41:14.718] [bbotk] Evaluating 1 configuration(s)
INFO  [15:41:15.383] [bbotk] Result of batch 64:
INFO  [15:41:15.414] [bbotk]  mtry.ratio num.trees replace sample.fraction       acq_ei  x_domain
INFO  [15:41:15.414] [bbotk]  0.08208867       317   FALSE       0.9275427 6.966583e-05 <list[4]>
INFO  [15:41:15.414] [bbotk]  .already_evaluated classif.bbrier warnings errors runtime_learners
INFO  [15:41:15.414] [bbotk]               FALSE     0.03159448        0      0            0.365
INFO  [15:41:15.414] [bbotk]                                 uhash
INFO  [15:41:15.414] [bbotk]  568edd4e-c016-4cc2-8356-d410297294b7
INFO  [15:41:17.975] [bbotk] Evaluating 1 configuration(s)
INFO  [15:41:18.456] [bbotk] Result of batch 65:
INFO  [15:41:18.480] [bbotk]  mtry.ratio num.trees replace sample.fraction       acq_ei  x_domain
INFO  [15:41:18.480] [bbotk]  0.07508039       210   FALSE       0.9213637 9.148654e-05 <list[4]>
INFO  [15:41:18.480] [bbotk]  .already_evaluated classif.bbrier warnings errors runtime_learners
INFO  [15:41:18.480] [bbotk]               FALSE     0.03287637        0      0            0.293
INFO  [15:41:18.480] [bbotk]                                 uhash
INFO  [15:41:18.480] [bbotk]  80be8092-842b-44b5-9734-6c3b1944c338
INFO  [15:41:21.068] [bbotk] Evaluating 1 configuration(s)
INFO  [15:41:21.609] [bbotk] Result of batch 66:
INFO  [15:41:21.686] [bbotk]  mtry.ratio num.trees replace sample.fraction      acq_ei  x_domain
INFO  [15:41:21.686] [bbotk]   0.6421913        85   FALSE       0.9957684 0.000106392 <list[4]>
INFO  [15:41:21.686] [bbotk]  .already_evaluated classif.bbrier warnings errors runtime_learners
INFO  [15:41:21.686] [bbotk]               FALSE     0.03918733        0      0            0.326
INFO  [15:41:21.686] [bbotk]                                 uhash
INFO  [15:41:21.686] [bbotk]  591ed219-227a-4ed8-83cf-a4c351ce159b
INFO  [15:41:24.214] [bbotk] Evaluating 1 configuration(s)
INFO  [15:41:26.417] [bbotk] Result of batch 67:
INFO  [15:41:26.448] [bbotk]  mtry.ratio num.trees replace sample.fraction       acq_ei  x_domain
INFO  [15:41:26.448] [bbotk]   0.1095779      1746    TRUE       0.9913638 4.632533e-05 <list[4]>
INFO  [15:41:26.448] [bbotk]  .already_evaluated classif.bbrier warnings errors runtime_learners
INFO  [15:41:26.448] [bbotk]               FALSE     0.03216825        0      0            2.011
INFO  [15:41:26.448] [bbotk]                                 uhash
INFO  [15:41:26.448] [bbotk]  89c718fd-9bc7-416c-9347-78be95fb2e84
INFO  [15:41:29.119] [bbotk] Evaluating 1 configuration(s)
INFO  [15:41:31.426] [bbotk] Result of batch 68:
INFO  [15:41:31.444] [bbotk]  mtry.ratio num.trees replace sample.fraction       acq_ei  x_domain
INFO  [15:41:31.444] [bbotk]  0.07295006      1912   FALSE       0.9260458 6.822456e-05 <list[4]>
INFO  [15:41:31.444] [bbotk]  .already_evaluated classif.bbrier warnings errors runtime_learners
INFO  [15:41:31.444] [bbotk]               FALSE     0.03206438        0      0            2.113
INFO  [15:41:31.444] [bbotk]                                 uhash
INFO  [15:41:31.444] [bbotk]  f60b3fec-015f-472a-a342-77b307b6c8dc
INFO  [15:41:34.120] [bbotk] Evaluating 1 configuration(s)
INFO  [15:41:35.957] [bbotk] Result of batch 69:
INFO  [15:41:35.989] [bbotk]  mtry.ratio num.trees replace sample.fraction       acq_ei  x_domain
INFO  [15:41:35.989] [bbotk]  0.07586388      1712    TRUE       0.8210244 7.529258e-05 <list[4]>
INFO  [15:41:35.989] [bbotk]  .already_evaluated classif.bbrier warnings errors runtime_learners
INFO  [15:41:35.989] [bbotk]               FALSE     0.03338443        0      0            1.644
INFO  [15:41:35.989] [bbotk]                                 uhash
INFO  [15:41:35.989] [bbotk]  a2a3fb9c-2541-49e4-97eb-d7cbc30b1369
INFO  [15:41:38.675] [bbotk] Evaluating 1 configuration(s)
INFO  [15:41:44.078] [bbotk] Result of batch 70:
INFO  [15:41:44.094] [bbotk]  mtry.ratio num.trees replace sample.fraction       acq_ei  x_domain
INFO  [15:41:44.094] [bbotk]   0.5219774      1830   FALSE       0.9565739 0.0001097597 <list[4]>
INFO  [15:41:44.094] [bbotk]  .already_evaluated classif.bbrier warnings errors runtime_learners
INFO  [15:41:44.094] [bbotk]               FALSE     0.03678704        0      0            5.192
INFO  [15:41:44.094] [bbotk]                                 uhash
INFO  [15:41:44.094] [bbotk]  e101cd4b-37e9-4cdf-9a6a-1ab347b4ea90
INFO  [15:41:46.804] [bbotk] Evaluating 1 configuration(s)
INFO  [15:41:49.515] [bbotk] Result of batch 71:
INFO  [15:41:49.534] [bbotk]  mtry.ratio num.trees replace sample.fraction       acq_ei  x_domain
INFO  [15:41:49.534] [bbotk]   0.1284952      1904   FALSE       0.9335494 3.849199e-05 <list[4]>
INFO  [15:41:49.534] [bbotk]  .already_evaluated classif.bbrier warnings errors runtime_learners
INFO  [15:41:49.534] [bbotk]               FALSE     0.03178463        0      0            2.497
INFO  [15:41:49.534] [bbotk]                                 uhash
INFO  [15:41:49.534] [bbotk]  d0f4ba94-6986-4d97-a865-ed154eeb4875
INFO  [15:41:52.220] [bbotk] Evaluating 1 configuration(s)
INFO  [15:41:52.722] [bbotk] Result of batch 72:
INFO  [15:41:52.747] [bbotk]  mtry.ratio num.trees replace sample.fraction      acq_ei  x_domain
INFO  [15:41:52.747] [bbotk]   0.1205065       217   FALSE       0.7346178 0.000141777 <list[4]>
INFO  [15:41:52.747] [bbotk]  .already_evaluated classif.bbrier warnings errors runtime_learners
INFO  [15:41:52.747] [bbotk]               FALSE     0.03346581        0      0            0.297
INFO  [15:41:52.747] [bbotk]                                 uhash
INFO  [15:41:52.747] [bbotk]  9b4fc8b9-0808-481d-a61e-fff4832d7dde
INFO  [15:41:55.479] [bbotk] Evaluating 1 configuration(s)
INFO  [15:41:56.533] [bbotk] Result of batch 73:
INFO  [15:41:56.547] [bbotk]  mtry.ratio num.trees replace sample.fraction       acq_ei  x_domain
INFO  [15:41:56.547] [bbotk]   0.4264581       363   FALSE       0.9943055 4.600142e-05 <list[4]>
INFO  [15:41:56.547] [bbotk]  .already_evaluated classif.bbrier warnings errors runtime_learners
INFO  [15:41:56.547] [bbotk]               FALSE      0.0349215        0      0            0.811
INFO  [15:41:56.547] [bbotk]                                 uhash
INFO  [15:41:56.547] [bbotk]  475aa6d0-18bb-420d-a965-5f37ea954271
INFO  [15:41:59.269] [bbotk] Evaluating 1 configuration(s)
INFO  [15:42:01.372] [bbotk] Result of batch 74:
INFO  [15:42:01.408] [bbotk]  mtry.ratio num.trees replace sample.fraction       acq_ei  x_domain
INFO  [15:42:01.408] [bbotk]   0.1380242      1948   FALSE       0.4687399 6.042739e-05 <list[4]>
INFO  [15:42:01.408] [bbotk]  .already_evaluated classif.bbrier warnings errors runtime_learners
INFO  [15:42:01.408] [bbotk]               FALSE     0.03535913        0      0            1.872
INFO  [15:42:01.408] [bbotk]                                 uhash
INFO  [15:42:01.408] [bbotk]  696285ca-21c1-4603-a0d9-b71d80be52f4
INFO  [15:42:04.303] [bbotk] Evaluating 1 configuration(s)
INFO  [15:42:05.473] [bbotk] Result of batch 75:
INFO  [15:42:05.493] [bbotk]  mtry.ratio num.trees replace sample.fraction       acq_ei  x_domain
INFO  [15:42:05.493] [bbotk]  0.03436502       951   FALSE       0.9712073 9.702452e-05 <list[4]>
INFO  [15:42:05.493] [bbotk]  .already_evaluated classif.bbrier warnings errors runtime_learners
INFO  [15:42:05.493] [bbotk]               FALSE     0.03243858        0      0            0.968
INFO  [15:42:05.493] [bbotk]                                 uhash
INFO  [15:42:05.493] [bbotk]  ce85e448-6bc1-4bdd-971e-4a9a00e02caa
INFO  [15:42:08.289] [bbotk] Evaluating 1 configuration(s)
INFO  [15:42:09.177] [bbotk] Result of batch 76:
INFO  [15:42:09.198] [bbotk]  mtry.ratio num.trees replace sample.fraction       acq_ei  x_domain
INFO  [15:42:09.198] [bbotk]   0.4465234       248   FALSE       0.9487463 4.820162e-05 <list[4]>
INFO  [15:42:09.198] [bbotk]  .already_evaluated classif.bbrier warnings errors runtime_learners
INFO  [15:42:09.198] [bbotk]               FALSE     0.03611367        0      0            0.675
INFO  [15:42:09.198] [bbotk]                                 uhash
INFO  [15:42:09.198] [bbotk]  dbf9f357-5e24-4927-b97a-7c756379f8fc
INFO  [15:42:12.108] [bbotk] Evaluating 1 configuration(s)
INFO  [15:42:12.436] [bbotk] Result of batch 77:
INFO  [15:42:12.457] [bbotk]  mtry.ratio num.trees replace sample.fraction       acq_ei  x_domain
INFO  [15:42:12.457] [bbotk]  0.07854557        51   FALSE       0.5603117 2.902013e-05 <list[4]>
INFO  [15:42:12.457] [bbotk]  .already_evaluated classif.bbrier warnings errors runtime_learners
INFO  [15:42:12.457] [bbotk]               FALSE      0.0342963        0      0            0.121
INFO  [15:42:12.457] [bbotk]                                 uhash
INFO  [15:42:12.457] [bbotk]  c7edbf96-ad6d-479a-9d04-7f8520917e19
INFO  [15:42:15.259] [bbotk] Evaluating 1 configuration(s)
INFO  [15:42:16.948] [bbotk] Result of batch 78:
INFO  [15:42:16.981] [bbotk]  mtry.ratio num.trees replace sample.fraction       acq_ei  x_domain
INFO  [15:42:16.981] [bbotk]   0.1492436      1094   FALSE       0.9454881 0.0001356894 <list[4]>
INFO  [15:42:16.981] [bbotk]  .already_evaluated classif.bbrier warnings errors runtime_learners
INFO  [15:42:16.981] [bbotk]               FALSE      0.0320459        0      0              1.4
INFO  [15:42:16.981] [bbotk]                                 uhash
INFO  [15:42:16.981] [bbotk]  ddd455cf-f8fb-4218-bc26-1d2151f14d9d
INFO  [15:42:19.708] [bbotk] Evaluating 1 configuration(s)
INFO  [15:42:22.071] [bbotk] Result of batch 79:
INFO  [15:42:22.126] [bbotk]  mtry.ratio num.trees replace sample.fraction       acq_ei  x_domain
INFO  [15:42:22.126] [bbotk]  0.07748919      1898   FALSE       0.9381815 4.649868e-05 <list[4]>
INFO  [15:42:22.126] [bbotk]  .already_evaluated classif.bbrier warnings errors runtime_learners
INFO  [15:42:22.126] [bbotk]               FALSE     0.03163661        0      0            2.162
INFO  [15:42:22.126] [bbotk]                                 uhash
INFO  [15:42:22.126] [bbotk]  3489ac81-7e6a-48a1-8ee4-e99ce972275d
INFO  [15:42:24.820] [bbotk] Evaluating 1 configuration(s)
INFO  [15:42:26.832] [bbotk] Result of batch 80:
INFO  [15:42:26.851] [bbotk]  mtry.ratio num.trees replace sample.fraction       acq_ei  x_domain
INFO  [15:42:26.851] [bbotk]  0.03352063      1598   FALSE       0.9827421 4.620983e-05 <list[4]>
INFO  [15:42:26.851] [bbotk]  .already_evaluated classif.bbrier warnings errors runtime_learners
INFO  [15:42:26.851] [bbotk]               FALSE     0.03217592        0      0            1.747
INFO  [15:42:26.851] [bbotk]                                 uhash
INFO  [15:42:26.851] [bbotk]  96dadd8a-3aa8-4f7b-a7ea-b1dd23c8b62b
INFO  [15:42:29.596] [bbotk] Evaluating 1 configuration(s)
INFO  [15:42:32.277] [bbotk] Result of batch 81:
INFO  [15:42:32.298] [bbotk]  mtry.ratio num.trees replace sample.fraction       acq_ei  x_domain
INFO  [15:42:32.298] [bbotk]   0.1818677      1862    TRUE       0.9403371 1.434532e-05 <list[4]>
INFO  [15:42:32.298] [bbotk]  .already_evaluated classif.bbrier warnings errors runtime_learners
INFO  [15:42:32.298] [bbotk]               FALSE     0.03242101        0      0            2.323
INFO  [15:42:32.298] [bbotk]                                 uhash
INFO  [15:42:32.298] [bbotk]  4bff8a40-2d58-4668-9762-4a57bb99556d
INFO  [15:42:35.080] [bbotk] Evaluating 1 configuration(s)
INFO  [15:42:36.972] [bbotk] Result of batch 82:
INFO  [15:42:37.002] [bbotk]  mtry.ratio num.trees replace sample.fraction       acq_ei  x_domain
INFO  [15:42:37.002] [bbotk]  0.03246714      1770   FALSE       0.9878218 4.633433e-05 <list[4]>
INFO  [15:42:37.002] [bbotk]  .already_evaluated classif.bbrier warnings errors runtime_learners
INFO  [15:42:37.002] [bbotk]               FALSE     0.03532482        0      0            1.704
INFO  [15:42:37.002] [bbotk]                                 uhash
INFO  [15:42:37.002] [bbotk]  b2ab83c0-e6ad-4c87-a34c-47db4714e13a
INFO  [15:42:39.599] [bbotk] Evaluating 1 configuration(s)
INFO  [15:42:41.488] [bbotk] Result of batch 83:
INFO  [15:42:41.524] [bbotk]  mtry.ratio num.trees replace sample.fraction      acq_ei  x_domain
INFO  [15:42:41.524] [bbotk]   0.1360083      1190   FALSE       0.9309912 8.73213e-05 <list[4]>
INFO  [15:42:41.524] [bbotk]  .already_evaluated classif.bbrier warnings errors runtime_learners
INFO  [15:42:41.524] [bbotk]               FALSE     0.03221208        0      0            1.587
INFO  [15:42:41.524] [bbotk]                                 uhash
INFO  [15:42:41.524] [bbotk]  4978b701-75c6-4c43-81b8-d5765c6ac9c7
INFO  [15:42:44.391] [bbotk] Evaluating 1 configuration(s)
INFO  [15:42:45.009] [bbotk] Result of batch 84:
INFO  [15:42:45.062] [bbotk]  mtry.ratio num.trees replace sample.fraction       acq_ei  x_domain
INFO  [15:42:45.062] [bbotk]  0.09432216       331   FALSE       0.9941832 3.599021e-05 <list[4]>
INFO  [15:42:45.062] [bbotk]  .already_evaluated classif.bbrier warnings errors runtime_learners
INFO  [15:42:45.062] [bbotk]               FALSE     0.03173512        0      0            0.398
INFO  [15:42:45.062] [bbotk]                                 uhash
INFO  [15:42:45.062] [bbotk]  b5b656cb-4e52-479c-b383-fc87ba9c2b23
INFO  [15:42:47.945] [bbotk] Evaluating 1 configuration(s)
INFO  [15:42:48.220] [bbotk] Result of batch 85:
INFO  [15:42:48.242] [bbotk]  mtry.ratio num.trees replace sample.fraction       acq_ei  x_domain
INFO  [15:42:48.242] [bbotk]  0.08922065         1    TRUE        0.999575 0.0001402743 <list[4]>
INFO  [15:42:48.242] [bbotk]  .already_evaluated classif.bbrier warnings errors runtime_learners
INFO  [15:42:48.242] [bbotk]               FALSE     0.06232723        0      0            0.068
INFO  [15:42:48.242] [bbotk]                                 uhash
INFO  [15:42:48.242] [bbotk]  436816a3-aa27-4214-bfb4-9aadb256a212
INFO  [15:42:48.433] [bbotk] Finished optimizing after 100 evaluation(s)
INFO  [15:42:48.451] [bbotk] Result:
INFO  [15:42:48.463] [bbotk]  mtry.ratio num.trees replace sample.fraction learner_param_vals  x_domain
INFO  [15:42:48.463] [bbotk]       <num>     <int>  <lgcl>           <num>             <list>    <list>
INFO  [15:42:48.463] [bbotk]   0.1202358       279   FALSE       0.9304682          <list[5]> <list[4]>
INFO  [15:42:48.463] [bbotk]  classif.bbrier
INFO  [15:42:48.463] [bbotk]           <num>
INFO  [15:42:48.463] [bbotk]      0.03139037

### [bt]: Job terminated successfully [batchtools job.id=1227]
### [bt]: Calculation finished!
