### [bt]: This is batchtools v0.9.17
### [bt]: Starting calculation of 1 jobs
### [bt]: Setting working directory to '/content/drive/MyDrive/GitHub/Mater_Thesis_Calibration'
ece.R :
Friedmann_tasks.R :
Functions.R :
ici.R :
mse_feature_effects.R :
PipeOpCalibration_TuningExperiment.R :
PipeOpCalibration.R :
PipeOpCalibrationUnion.R :
### [bt]: Memory measurement disabled
### [bt]: Starting job [batchtools job.id=303]
### [bt]: Generating problem instance for problem '563768ad2e048da7' ...
### [bt]: Applying algorithm 'run_learner' on problem '563768ad2e048da7' for job 303 (seed = 426) ...
INFO  [23:00:36.707] [mlr3] Applying learner 'xgboost TbC beta' on task 'credit-g' (iter 3/10)
INFO  [23:00:37.637] [bbotk] Starting to optimize 8 parameter(s) with '<OptimizerMbo>' and '<TerminatorEvals> [n_evals=100, k=0]'
INFO  [23:00:39.235] [bbotk] Evaluating 32 configuration(s)
INFO  [23:18:11.692] [bbotk] Result of batch 1:
INFO  [23:18:11.701] [bbotk]       alpha colsample_bylevel colsample_bytree         eta     lambda max_depth
INFO  [23:18:11.701] [bbotk]  -3.6670833         0.2445454        0.7366112 -2.36854987  6.6612557         7
INFO  [23:18:11.701] [bbotk]   3.2406717         0.6945454        0.2866112 -6.97372033 -0.2464991        17
INFO  [23:18:11.701] [bbotk]   6.6945494         0.4695454        0.9616112 -0.06596478 -3.7003768        12
INFO  [23:18:11.701] [bbotk]  -0.2132055         0.9195454        0.5116112 -4.67113524  3.2073781         2
INFO  [23:18:11.701] [bbotk]   1.5137329         0.1320454        0.3991112 -8.12501288 -1.9734380        15
INFO  [23:18:11.701] [bbotk]  -5.3940222         0.5820454        0.8491112 -3.51984242  4.9343169         5
INFO  [23:18:11.701] [bbotk]  -1.9401443         0.3570454        0.1741111 -5.82242778  1.4804393        10
INFO  [23:18:11.701] [bbotk]   4.9676106         0.8070454        0.6241112 -1.21725732 -5.4273156        20
INFO  [23:18:11.701] [bbotk]   2.3772023         0.4132954        0.6803612 -5.24678151  4.0708475        19
INFO  [23:18:11.701] [bbotk]  -4.5305527         0.8632954        0.2303612 -0.64161105 -2.8369074         9
INFO  [23:18:11.701] [bbotk]  -1.0766749         0.1882954        0.9053612 -7.54936660 -6.2907850         4
INFO  [23:18:11.701] [bbotk]   5.8310800         0.6382954        0.4553612 -2.94419614  0.6169698        14
INFO  [23:18:11.701] [bbotk]  -6.2574916         0.5257954        0.3428612 -1.79290360 -1.1099686         1
INFO  [23:18:11.701] [bbotk]   0.6502635         0.9757954        0.7928612 -6.39807406  5.7977863        11
INFO  [23:18:11.701] [bbotk]   4.1041411         0.3007954        0.1178611 -4.09548869  2.3439087        16
INFO  [23:18:11.701] [bbotk]  -2.8036137         0.7507954        0.5678612 -8.70065915 -4.5638462         6
INFO  [23:18:11.701] [bbotk]  -2.3718790         0.7789204        0.9897362 -3.23201928 -1.5417033        15
INFO  [23:18:11.701] [bbotk]   4.5358759         0.3289204        0.5397362 -7.83718974  5.3660516         5
INFO  [23:18:11.701] [bbotk]  -5.8257569         0.1039204        0.3147362 -5.53460465 -4.9955809        20
INFO  [23:18:11.701] [bbotk]   1.0819982         0.5539204        0.7647362 -0.92943419  1.9121740        10
INFO  [23:18:11.701] [bbotk]   6.2628147         0.8914204        0.2022361 -8.98848227  3.6391128         8
INFO  [23:18:11.701] [bbotk]  -0.6449402         0.4414204        0.6522362 -4.38331182 -3.2686421        18
INFO  [23:18:11.701] [bbotk]   2.8089370         0.2164204        0.8772362 -2.08072673  0.1852351         3
INFO  [23:18:11.701] [bbotk]  -4.0988180         0.6664204        0.4272362 -6.68589719 -6.7225197        13
INFO  [23:18:11.701] [bbotk]  -6.6892262         0.9476704        0.7084862 -7.26154347  1.0487046        17
INFO  [23:18:11.701] [bbotk]   0.2185288         0.4976704        0.2584862 -2.65637301 -5.8590503         7
INFO  [23:18:11.701] [bbotk]  -3.2353484         0.2726704        0.4834862 -0.35378791  4.5025822        12
INFO  [23:18:11.701] [bbotk]   3.6724064         0.7226704        0.9334862 -4.95895837 -2.4051727         2
INFO  [23:18:11.701] [bbotk]  -4.9622875         0.3851704        0.8209862 -8.41283601  2.7756434        14
INFO  [23:18:11.701] [bbotk]   1.9454676         0.8351704        0.3709862 -3.80766555 -4.1321115         4
INFO  [23:18:11.701] [bbotk]  -1.5084096         0.6101704        0.1459861 -1.50508046  6.2295210        19
INFO  [23:18:11.701] [bbotk]   5.3993453         0.1601704        0.5959862 -6.11025092 -0.6782339         9
INFO  [23:18:11.701] [bbotk]       alpha colsample_bylevel colsample_bytree         eta     lambda max_depth
INFO  [23:18:11.701] [bbotk]  nrounds subsample classif.bbrier warnings errors runtime_learners
INFO  [23:18:11.701] [bbotk]     3213 0.5784046      0.1602241        0      0           53.407
INFO  [23:18:11.701] [bbotk]      713 0.1284047      0.2499510        0      0           13.924
INFO  [23:18:11.701] [bbotk]     4463 0.3534047      0.2500000        0      0           30.719
INFO  [23:18:11.701] [bbotk]     1963 0.8034046      0.1652869        0      0           27.975
INFO  [23:18:11.701] [bbotk]     2588 0.6909046      0.2120412        0      0           23.403
INFO  [23:18:11.701] [bbotk]       88 0.2409047      0.2181300        0      0           11.160
INFO  [23:18:11.701] [bbotk]     3838 0.4659047      0.1647205        0      0           32.832
INFO  [23:18:11.701] [bbotk]     1338 0.9159046      0.2500000        0      0           17.423
INFO  [23:18:11.701] [bbotk]     4775 0.4096547      0.1777832        0      0           50.314
INFO  [23:18:11.701] [bbotk]     2275 0.8596546      0.2175081        0      0           25.762
INFO  [23:18:11.701] [bbotk]     3525 0.6346546      0.1708984        0      0           32.766
INFO  [23:18:11.701] [bbotk]     1025 0.1846547      0.2500000        0      0           13.719
INFO  [23:18:11.701] [bbotk]     4150 0.5221547      0.1959829        0      0           46.529
INFO  [23:18:11.701] [bbotk]     1650 0.9721546      0.2054387        0      0           42.025
INFO  [23:18:11.701] [bbotk]     2900 0.7471546      0.2196269        0      0           14.271
INFO  [23:18:11.701] [bbotk]      400 0.2971547      0.2410736        0      0           13.151
INFO  [23:18:11.701] [bbotk]     3056 0.8877796      0.1947191        0      0          120.915
INFO  [23:18:11.701] [bbotk]      556 0.4377797      0.2500000        0      0           13.724
INFO  [23:18:11.701] [bbotk]     1806 0.6627796      0.1700258        0      0           18.360
INFO  [23:18:11.701] [bbotk]     4306 0.2127797      0.1937137        0      0           43.546
INFO  [23:18:11.701] [bbotk]     3681 0.7752796      0.2500000        0      0           26.213
INFO  [23:18:11.701] [bbotk]     1181 0.3252797      0.1731593        0      0           21.503
INFO  [23:18:11.701] [bbotk]     2431 0.5502796      0.1739659        0      0           22.771
INFO  [23:18:11.701] [bbotk]     4931 0.1002797      0.1662887        0      0           67.270
INFO  [23:18:11.701] [bbotk]     2744 0.9440296      0.1684515        0      0          114.825
INFO  [23:18:11.701] [bbotk]      244 0.4940297      0.1681785        0      0            7.056
INFO  [23:18:11.701] [bbotk]     1494 0.7190296      0.1846298        0      0           26.753
INFO  [23:18:11.701] [bbotk]     3994 0.2690297      0.2370044        0      0           24.861
INFO  [23:18:11.701] [bbotk]      869 0.3815297      0.2360465        0      0           12.190
INFO  [23:18:11.701] [bbotk]     3369 0.8315296      0.1618373        0      0           25.175
INFO  [23:18:11.701] [bbotk]     4619 0.1565297      0.1662363        0      0           32.869
INFO  [23:18:11.701] [bbotk]     2119 0.6065296      0.2500000        0      0           14.918
INFO  [23:18:11.701] [bbotk]  nrounds subsample classif.bbrier warnings errors runtime_learners
INFO  [23:18:11.701] [bbotk]                                 uhash
INFO  [23:18:11.701] [bbotk]  de4aa289-1f0a-47d1-865d-19722dd7bdad
INFO  [23:18:11.701] [bbotk]  d6f09de1-603e-4fb6-9497-7909dccee808
INFO  [23:18:11.701] [bbotk]  83f93dc9-1d8c-4821-833a-3f9cddbd9426
INFO  [23:18:11.701] [bbotk]  f853f7a7-cc80-41d0-8048-9ad82b8671d2
INFO  [23:18:11.701] [bbotk]  041926fb-9b33-4696-a8b6-faf1529cde76
INFO  [23:18:11.701] [bbotk]  5fdebf4f-23ef-4862-a932-56000078d42f
INFO  [23:18:11.701] [bbotk]  2267eca0-acf9-42de-acba-5a3335eb7400
INFO  [23:18:11.701] [bbotk]  e77a3e5c-8695-49a7-93ec-c0e01124d538
INFO  [23:18:11.701] [bbotk]  997edee0-fec8-4264-9217-5f70e01f9404
INFO  [23:18:11.701] [bbotk]  408c3048-5c12-4c73-930b-dcc82d70af60
INFO  [23:18:11.701] [bbotk]  43b0bb50-7033-4c0a-bd71-d86cb0506bf8
INFO  [23:18:11.701] [bbotk]  adbec0f2-9d14-40db-8891-6e24578849cd
INFO  [23:18:11.701] [bbotk]  8db1eafe-805a-44e0-af88-125325dff733
INFO  [23:18:11.701] [bbotk]  b1abe90d-3cb2-4caf-a802-c05a8be57970
INFO  [23:18:11.701] [bbotk]  97cf325c-5c6a-4eed-8075-b32cca85e236
INFO  [23:18:11.701] [bbotk]  cfbcc03b-2a64-4821-ba4f-6c11a29b2364
INFO  [23:18:11.701] [bbotk]  4e484c4f-d7ff-4676-abe8-fe3e74db7273
INFO  [23:18:11.701] [bbotk]  75f140c0-e773-414c-a61b-e5e2d030542f
INFO  [23:18:11.701] [bbotk]  5801d490-0fac-4ba6-84a3-a1c550294a48
INFO  [23:18:11.701] [bbotk]  cd2f2eda-9820-490d-8198-1ae7c76aa730
INFO  [23:18:11.701] [bbotk]  acc93695-8bad-4055-9bc0-a88cc17c45a0
INFO  [23:18:11.701] [bbotk]  dd2f1e9b-b511-49db-b038-2ef602138994
INFO  [23:18:11.701] [bbotk]  66deee43-df78-451a-b071-b3c640c7d8a8
INFO  [23:18:11.701] [bbotk]  a47c76fc-4464-4af4-8e0f-c701f7c1183f
INFO  [23:18:11.701] [bbotk]  eedae960-8f59-4ae4-b4df-7923f8934a11
INFO  [23:18:11.701] [bbotk]  335bb6f6-0649-4e5b-8f32-0f4f39735dd9
INFO  [23:18:11.701] [bbotk]  cbf3e614-f332-4dba-bebf-08c9a5236afb
INFO  [23:18:11.701] [bbotk]  557959de-e523-4f5a-93e4-1b80d565f40e
INFO  [23:18:11.701] [bbotk]  38115c7d-8842-4710-9495-17df2e6fbf64
INFO  [23:18:11.701] [bbotk]  1d238847-0646-4c91-b9ab-4a1d19c1a273
INFO  [23:18:11.701] [bbotk]  c1216fa6-0a83-4047-9ce1-75560f1a3457
INFO  [23:18:11.701] [bbotk]  de20f6ae-1378-4eae-9796-ec21f7ab912e
INFO  [23:18:11.701] [bbotk]                                 uhash
INFO  [23:18:24.981] [bbotk] Evaluating 1 configuration(s)
INFO  [23:19:01.304] [bbotk] Result of batch 2:
INFO  [23:19:01.330] [bbotk]      alpha colsample_bylevel colsample_bytree       eta   lambda max_depth
INFO  [23:19:01.330] [bbotk]  0.5635729         0.4115917        0.7165137 -3.532908 1.697619         1
INFO  [23:19:01.330] [bbotk]  nrounds subsample     acq_ei  x_domain .already_evaluated classif.bbrier
INFO  [23:19:01.330] [bbotk]     4003  0.688562 0.01789993 <list[8]>              FALSE      0.1699633
INFO  [23:19:01.330] [bbotk]  warnings errors runtime_learners                                uhash
INFO  [23:19:01.330] [bbotk]         0      0           35.108 3f95d9f1-9491-4f78-8c06-31ac1d25e4f6
INFO  [23:19:15.509] [bbotk] Evaluating 1 configuration(s)
INFO  [23:20:13.417] [bbotk] Result of batch 3:
INFO  [23:20:13.547] [bbotk]     alpha colsample_bylevel colsample_bytree       eta  lambda max_depth
INFO  [23:20:13.547] [bbotk]  -3.77166         0.1830344        0.5722995 -4.109373 2.27728        10
INFO  [23:20:13.547] [bbotk]  nrounds subsample     acq_ei  x_domain .already_evaluated classif.bbrier
INFO  [23:20:13.547] [bbotk]     4717 0.4268338 0.01166531 <list[8]>              FALSE      0.1711779
INFO  [23:20:13.547] [bbotk]  warnings errors runtime_learners                                uhash
INFO  [23:20:13.547] [bbotk]         0      0           57.128 64a2c490-f609-4105-9cff-4809318b3b04
INFO  [23:20:23.620] [bbotk] Evaluating 1 configuration(s)
INFO  [23:21:37.891] [bbotk] Result of batch 4:
INFO  [23:21:37.971] [bbotk]       alpha colsample_bylevel colsample_bytree       eta    lambda max_depth
INFO  [23:21:37.971] [bbotk]  -0.7089782         0.4348109        0.6582133 -4.610813 -2.417626        20
INFO  [23:21:37.971] [bbotk]  nrounds subsample     acq_ei  x_domain .already_evaluated classif.bbrier
INFO  [23:21:37.971] [bbotk]     4992 0.4516783 0.01009771 <list[8]>              FALSE       0.184588
INFO  [23:21:37.971] [bbotk]  warnings errors runtime_learners                                uhash
INFO  [23:21:37.971] [bbotk]         0      0           73.166 389e1309-b4f3-4a70-b375-7584665fb664
WARN  [23:21:38.626] [mlr3] train: Stopped because hard maximum generation limit was hit.
INFO  [23:21:48.922] [bbotk] Evaluating 1 configuration(s)
INFO  [23:22:23.928] [bbotk] Result of batch 5:
INFO  [23:22:23.937] [bbotk]     alpha colsample_bylevel colsample_bytree       eta    lambda max_depth
INFO  [23:22:23.937] [bbotk]  2.376916          0.605624        0.5213702 -1.894959 -1.697425         2
INFO  [23:22:23.937] [bbotk]  nrounds subsample      acq_ei  x_domain .already_evaluated classif.bbrier
INFO  [23:22:23.937] [bbotk]     4358 0.7075674 0.007626355 <list[8]>              FALSE      0.1649419
INFO  [23:22:23.937] [bbotk]  warnings errors runtime_learners                                uhash
INFO  [23:22:23.937] [bbotk]         0      0           34.323 4fd21309-0ae4-437a-8b75-3442fb0a7992
INFO  [23:22:37.944] [bbotk] Evaluating 1 configuration(s)
INFO  [23:22:58.488] [bbotk] Result of batch 6:
INFO  [23:22:58.497] [bbotk]      alpha colsample_bylevel colsample_bytree       eta  lambda max_depth
INFO  [23:22:58.497] [bbotk]  -1.443336         0.1865666         0.263246 -2.877642 4.20693         6
INFO  [23:22:58.497] [bbotk]  nrounds subsample      acq_ei  x_domain .already_evaluated classif.bbrier
INFO  [23:22:58.497] [bbotk]     3562 0.2301627 0.009298417 <list[8]>              FALSE      0.1653454
INFO  [23:22:58.497] [bbotk]  warnings errors runtime_learners                                uhash
INFO  [23:22:58.497] [bbotk]         0      0           20.198 2f963184-9035-4f08-a48c-f377d1fe83bf
WARN  [23:22:59.850] [mlr3] train: Stopped because hard maximum generation limit was hit.
INFO  [23:23:05.203] [bbotk] Evaluating 1 configuration(s)
INFO  [23:24:05.172] [bbotk] Result of batch 7:
INFO  [23:24:05.180] [bbotk]      alpha colsample_bylevel colsample_bytree       eta    lambda max_depth
INFO  [23:24:05.180] [bbotk]  -6.271654         0.5393086         0.314771 -6.630867 -1.005807        17
INFO  [23:24:05.180] [bbotk]  nrounds subsample      acq_ei  x_domain .already_evaluated classif.bbrier
INFO  [23:24:05.180] [bbotk]     4737 0.5528413 0.006649664 <list[8]>              FALSE      0.1629517
INFO  [23:24:05.180] [bbotk]  warnings errors runtime_learners                                uhash
INFO  [23:24:05.180] [bbotk]         0      0           59.528 66fa64f2-21ce-4bcb-97be-5a12fe441e7a
INFO  [23:24:11.192] [bbotk] Evaluating 1 configuration(s)
INFO  [23:24:20.103] [bbotk] Result of batch 8:
INFO  [23:24:20.112] [bbotk]    alpha colsample_bylevel colsample_bytree       eta   lambda max_depth
INFO  [23:24:20.112] [bbotk]  1.87403         0.1879677        0.3451885 -2.845169 5.384422         2
INFO  [23:24:20.112] [bbotk]  nrounds subsample      acq_ei  x_domain .already_evaluated classif.bbrier
INFO  [23:24:20.112] [bbotk]     2025 0.7542008 0.007140574 <list[8]>              FALSE        0.17322
INFO  [23:24:20.112] [bbotk]  warnings errors runtime_learners                                uhash
INFO  [23:24:20.112] [bbotk]         0      0            8.618 d790cfdc-abbe-4668-ae9b-118dda2d4426
INFO  [23:24:25.304] [bbotk] Evaluating 1 configuration(s)
INFO  [23:24:34.875] [bbotk] Result of batch 9:
INFO  [23:24:34.884] [bbotk]        alpha colsample_bylevel colsample_bytree       eta    lambda max_depth
INFO  [23:24:34.884] [bbotk]  0.001162548         0.2515743        0.6182753 -4.969118 -6.530109         1
INFO  [23:24:34.884] [bbotk]  nrounds subsample      acq_ei  x_domain .already_evaluated classif.bbrier
INFO  [23:24:34.884] [bbotk]     2681 0.1086371 0.005321961 <list[8]>              FALSE      0.1672128
INFO  [23:24:34.884] [bbotk]  warnings errors runtime_learners                                uhash
INFO  [23:24:34.884] [bbotk]         0      0            9.308 31034b6c-2b9f-48c7-8054-e320ba92d7bc
INFO  [23:24:43.174] [bbotk] Evaluating 1 configuration(s)
INFO  [23:25:11.547] [bbotk] Result of batch 10:
INFO  [23:25:11.554] [bbotk]      alpha colsample_bylevel colsample_bytree       eta    lambda max_depth
INFO  [23:25:11.554] [bbotk]  -1.038073          0.305203        0.1305873 -5.016571 -6.221293         4
INFO  [23:25:11.554] [bbotk]  nrounds subsample      acq_ei  x_domain .already_evaluated classif.bbrier
INFO  [23:25:11.554] [bbotk]     3086 0.8177095 0.005161492 <list[8]>              FALSE      0.1622628
INFO  [23:25:11.554] [bbotk]  warnings errors runtime_learners                                uhash
INFO  [23:25:11.554] [bbotk]         0      0           28.039 3d94dee4-32b3-424c-a91d-9c9b35298901
WARN  [23:25:13.281] [mlr3] train: Stopped because hard maximum generation limit was hit.
INFO  [23:25:27.800] [bbotk] Evaluating 1 configuration(s)
INFO  [23:27:08.454] [bbotk] Result of batch 11:
INFO  [23:27:08.476] [bbotk]      alpha colsample_bylevel colsample_bytree       eta   lambda max_depth
INFO  [23:27:08.476] [bbotk]  -6.735521         0.4785389        0.8708911 -6.193564 -6.42057        20
INFO  [23:27:08.476] [bbotk]  nrounds subsample      acq_ei  x_domain .already_evaluated classif.bbrier
INFO  [23:27:08.476] [bbotk]     2848 0.8489164 0.005190295 <list[8]>              FALSE      0.1692311
INFO  [23:27:08.476] [bbotk]  warnings errors runtime_learners                                uhash
INFO  [23:27:08.476] [bbotk]         0      0          100.406 651499ef-5317-4449-a95c-6dca20282e8e
INFO  [23:27:14.535] [bbotk] Evaluating 1 configuration(s)
INFO  [23:27:26.509] [bbotk] Result of batch 12:
INFO  [23:27:26.530] [bbotk]      alpha colsample_bylevel colsample_bytree       eta  lambda max_depth
INFO  [23:27:26.530] [bbotk]  -2.785458          0.321598        0.1842999 -1.221651 5.95717         6
INFO  [23:27:26.530] [bbotk]  nrounds subsample      acq_ei  x_domain .already_evaluated classif.bbrier
INFO  [23:27:26.530] [bbotk]     3459 0.3765124 0.003999992 <list[8]>              FALSE      0.1639602
INFO  [23:27:26.530] [bbotk]  warnings errors runtime_learners                                uhash
INFO  [23:27:26.530] [bbotk]         0      0           11.661 96b839a1-ddb2-4ea0-b0ed-352067f78f13
INFO  [23:27:32.447] [bbotk] Evaluating 1 configuration(s)
INFO  [23:27:53.121] [bbotk] Result of batch 13:
INFO  [23:27:53.197] [bbotk]      alpha colsample_bylevel colsample_bytree       eta    lambda max_depth
INFO  [23:27:53.197] [bbotk]  -5.686114         0.3068147        0.3425619 -5.975599 0.7714392        19
INFO  [23:27:53.197] [bbotk]  nrounds subsample      acq_ei  x_domain .already_evaluated classif.bbrier
INFO  [23:27:53.197] [bbotk]     3526  0.375898 0.004549333 <list[8]>              FALSE      0.1634929
INFO  [23:27:53.197] [bbotk]  warnings errors runtime_learners                                uhash
INFO  [23:27:53.197] [bbotk]         0      0            20.05 7cf7d964-0a9d-45a9-b8d4-115f35504980
INFO  [23:27:59.739] [bbotk] Evaluating 1 configuration(s)
INFO  [23:28:29.299] [bbotk] Result of batch 14:
INFO  [23:28:29.353] [bbotk]      alpha colsample_bylevel colsample_bytree       eta   lambda max_depth
INFO  [23:28:29.353] [bbotk]  -3.145879         0.1713591        0.2119786 -2.510084 5.600036         3
INFO  [23:28:29.353] [bbotk]  nrounds subsample      acq_ei  x_domain .already_evaluated classif.bbrier
INFO  [23:28:29.353] [bbotk]     4405 0.5288871 0.004383757 <list[8]>              FALSE      0.1640761
INFO  [23:28:29.353] [bbotk]  warnings errors runtime_learners                                uhash
INFO  [23:28:29.353] [bbotk]         0      0            29.38 3a1a6a61-feec-4e75-a549-43057681f0e5
INFO  [23:28:38.617] [bbotk] Evaluating 1 configuration(s)
INFO  [23:29:21.780] [bbotk] Result of batch 15:
INFO  [23:29:21.791] [bbotk]      alpha colsample_bylevel colsample_bytree       eta   lambda max_depth
INFO  [23:29:21.791] [bbotk]  -3.695628         0.1740429        0.9286009 -1.588738 6.899948        10
INFO  [23:29:21.791] [bbotk]  nrounds subsample     acq_ei  x_domain .already_evaluated classif.bbrier
INFO  [23:29:21.791] [bbotk]     3532  0.135356 0.00459128 <list[8]>              FALSE      0.1691056
INFO  [23:29:21.791] [bbotk]  warnings errors runtime_learners                                uhash
INFO  [23:29:21.791] [bbotk]         0      0            42.64 6f535fb0-963c-4355-aed9-dbb82eea5111
WARN  [23:29:29.686] [mlr3] train: Stopped because hard maximum generation limit was hit.
INFO  [23:29:36.636] [bbotk] Evaluating 1 configuration(s)
INFO  [23:30:06.628] [bbotk] Result of batch 16:
INFO  [23:30:06.639] [bbotk]       alpha colsample_bylevel colsample_bytree       eta    lambda max_depth
INFO  [23:30:06.639] [bbotk]  -0.3224865         0.4946495        0.3204479 -4.007155 -2.562017         5
INFO  [23:30:06.639] [bbotk]  nrounds subsample      acq_ei  x_domain .already_evaluated classif.bbrier
INFO  [23:30:06.639] [bbotk]     2557 0.5443743 0.003956833 <list[8]>              FALSE      0.1790774
INFO  [23:30:06.639] [bbotk]  warnings errors runtime_learners                                uhash
INFO  [23:30:06.639] [bbotk]         0      0           29.811 f6dd6368-a0d8-4d92-8cb8-f5aceb03881c
INFO  [23:30:16.310] [bbotk] Evaluating 1 configuration(s)
INFO  [23:31:28.004] [bbotk] Result of batch 17:
INFO  [23:31:28.051] [bbotk]      alpha colsample_bylevel colsample_bytree       eta    lambda max_depth
INFO  [23:31:28.051] [bbotk]  -6.046209         0.3810174          0.22416 -5.527688 0.6074281        19
INFO  [23:31:28.051] [bbotk]  nrounds subsample      acq_ei  x_domain .already_evaluated classif.bbrier
INFO  [23:31:28.051] [bbotk]     4981 0.8108056 0.003612318 <list[8]>              FALSE      0.1672778
INFO  [23:31:28.051] [bbotk]  warnings errors runtime_learners                                uhash
INFO  [23:31:28.051] [bbotk]         0      0           71.165 00ad14e8-c505-42e0-adac-907025e61ec1
INFO  [23:31:49.779] [bbotk] Evaluating 1 configuration(s)
INFO  [23:32:05.166] [bbotk] Result of batch 18:
INFO  [23:32:05.175] [bbotk]      alpha colsample_bylevel colsample_bytree       eta   lambda max_depth
INFO  [23:32:05.175] [bbotk]  -1.990194         0.2715899        0.4668938 -1.957754 6.595554         7
INFO  [23:32:05.175] [bbotk]  nrounds subsample      acq_ei  x_domain .already_evaluated classif.bbrier
INFO  [23:32:05.175] [bbotk]     1241 0.5541597 0.004986575 <list[8]>              FALSE      0.1653174
INFO  [23:32:05.175] [bbotk]  warnings errors runtime_learners                                uhash
INFO  [23:32:05.175] [bbotk]         0      0            14.71 581673f7-3186-4349-871f-665614197efb
INFO  [23:32:13.593] [bbotk] Evaluating 1 configuration(s)
INFO  [23:32:42.022] [bbotk] Result of batch 19:
INFO  [23:32:42.031] [bbotk]      alpha colsample_bylevel colsample_bytree       eta    lambda max_depth
INFO  [23:32:42.031] [bbotk]  -6.579792         0.4278615        0.1249261 -6.217764 -5.433638        12
INFO  [23:32:42.031] [bbotk]  nrounds subsample      acq_ei  x_domain .already_evaluated classif.bbrier
INFO  [23:32:42.031] [bbotk]     4118 0.7319399 0.003431351 <list[8]>              FALSE      0.1648054
INFO  [23:32:42.031] [bbotk]  warnings errors runtime_learners                                uhash
INFO  [23:32:42.031] [bbotk]         0      0           27.793 140531a2-3234-4497-bf95-de46465da37b
INFO  [23:32:47.659] [bbotk] Evaluating 1 configuration(s)
INFO  [23:33:10.434] [bbotk] Result of batch 20:
INFO  [23:33:10.443] [bbotk]      alpha colsample_bylevel colsample_bytree       eta    lambda max_depth
INFO  [23:33:10.443] [bbotk]  -4.558899         0.1574012        0.1559392 -6.031267 -1.780527        18
INFO  [23:33:10.443] [bbotk]  nrounds subsample      acq_ei  x_domain .already_evaluated classif.bbrier
INFO  [23:33:10.443] [bbotk]     4370 0.9333609 0.004068084 <list[8]>              FALSE      0.1685465
INFO  [23:33:10.443] [bbotk]  warnings errors runtime_learners                                uhash
INFO  [23:33:10.443] [bbotk]         0      0           22.358 5d06b14d-0e0c-46a6-9462-575ac5c8ed4c
WARN  [23:33:11.029] [mlr3] train: Stopped because hard maximum generation limit was hit.
INFO  [23:33:18.015] [bbotk] Evaluating 1 configuration(s)
INFO  [23:33:46.452] [bbotk] Result of batch 21:
INFO  [23:33:46.555] [bbotk]      alpha colsample_bylevel colsample_bytree       eta   lambda max_depth
INFO  [23:33:46.555] [bbotk]  -2.767309         0.1204514        0.3962141 -2.176299 5.402853        13
INFO  [23:33:46.555] [bbotk]  nrounds subsample      acq_ei  x_domain .already_evaluated classif.bbrier
INFO  [23:33:46.555] [bbotk]     4853 0.3390498 0.004407925 <list[8]>              FALSE      0.1632411
INFO  [23:33:46.555] [bbotk]  warnings errors runtime_learners                                uhash
INFO  [23:33:46.555] [bbotk]         0      0           27.887 a56c5049-d917-4b12-88ac-e15caa0926d7
INFO  [23:33:57.773] [bbotk] Evaluating 1 configuration(s)
INFO  [23:34:21.647] [bbotk] Result of batch 22:
INFO  [23:34:21.681] [bbotk]     alpha colsample_bylevel colsample_bytree       eta   lambda max_depth
INFO  [23:34:21.681] [bbotk]  2.166225         0.1791637          0.43445 -3.357681 0.219903         6
INFO  [23:34:21.681] [bbotk]  nrounds subsample      acq_ei  x_domain .already_evaluated classif.bbrier
INFO  [23:34:21.681] [bbotk]     4096  0.890865 0.003697381 <list[8]>              FALSE      0.1649567
INFO  [23:34:21.681] [bbotk]  warnings errors runtime_learners                                uhash
INFO  [23:34:21.681] [bbotk]         0      0           23.567 f02ad3b6-54f2-4351-9275-b87d7cb17e8a
WARN  [23:34:24.189] [mlr3] train: Stopped because hard maximum generation limit was hit.
INFO  [23:34:36.722] [bbotk] Evaluating 1 configuration(s)
INFO  [23:34:58.160] [bbotk] Result of batch 23:
INFO  [23:34:58.169] [bbotk]      alpha colsample_bylevel colsample_bytree      eta   lambda max_depth
INFO  [23:34:58.169] [bbotk]  -1.852723         0.2925855        0.4243999 -5.12814 6.069635         2
INFO  [23:34:58.169] [bbotk]  nrounds subsample      acq_ei  x_domain .already_evaluated classif.bbrier
INFO  [23:34:58.169] [bbotk]     3272 0.5847279 0.003381611 <list[8]>              FALSE      0.1921239
INFO  [23:34:58.169] [bbotk]  warnings errors runtime_learners                                uhash
INFO  [23:34:58.169] [bbotk]         0      0           20.857 d216c725-8634-41c4-9542-9b8dc654cd2b
INFO  [23:35:08.651] [bbotk] Evaluating 1 configuration(s)
INFO  [23:35:37.312] [bbotk] Result of batch 24:
INFO  [23:35:37.343] [bbotk]      alpha colsample_bylevel colsample_bytree      eta    lambda max_depth
INFO  [23:35:37.343] [bbotk]  -1.797986         0.2029883        0.3653356 -6.29988 -6.894065         9
INFO  [23:35:37.343] [bbotk]  nrounds subsample      acq_ei  x_domain .already_evaluated classif.bbrier
INFO  [23:35:37.343] [bbotk]     3642 0.4310992 0.004605234 <list[8]>              FALSE      0.1621827
INFO  [23:35:37.343] [bbotk]  warnings errors runtime_learners                                uhash
INFO  [23:35:37.343] [bbotk]         0      0           28.055 c0b363ec-6b1b-42a8-add8-9472e7e0d3b5
WARN  [23:35:40.197] [mlr3] train: Stopped because hard maximum generation limit was hit.
INFO  [23:35:52.017] [bbotk] Evaluating 1 configuration(s)
INFO  [23:36:15.419] [bbotk] Result of batch 25:
INFO  [23:36:15.428] [bbotk]     alpha colsample_bylevel colsample_bytree       eta    lambda max_depth
INFO  [23:36:15.428] [bbotk]  -4.67634         0.3472689        0.1058831 -5.553945 -4.500823        19
INFO  [23:36:15.428] [bbotk]  nrounds subsample      acq_ei  x_domain .already_evaluated classif.bbrier
INFO  [23:36:15.428] [bbotk]     4526 0.2898488 0.003298702 <list[8]>              FALSE      0.1633578
INFO  [23:36:15.428] [bbotk]  warnings errors runtime_learners                                uhash
INFO  [23:36:15.428] [bbotk]         0      0           23.243 2bb22d7d-1dbf-4961-9bea-e5896f4a35a7
INFO  [23:36:24.012] [bbotk] Evaluating 1 configuration(s)
INFO  [23:36:55.811] [bbotk] Result of batch 26:
INFO  [23:36:55.819] [bbotk]       alpha colsample_bylevel colsample_bytree       eta    lambda max_depth
INFO  [23:36:55.819] [bbotk]  -0.7535046         0.2538859        0.3640795 -6.690569 -6.624466         4
INFO  [23:36:55.819] [bbotk]  nrounds subsample      acq_ei  x_domain .already_evaluated classif.bbrier
INFO  [23:36:55.819] [bbotk]     4978 0.5077889 0.004168084 <list[8]>              FALSE      0.1621196
INFO  [23:36:55.819] [bbotk]  warnings errors runtime_learners                                uhash
INFO  [23:36:55.819] [bbotk]         0      0            31.54 6c8b2ee5-c80e-42bd-9b05-a0a2beb4efc4
INFO  [23:37:13.737] [bbotk] Evaluating 1 configuration(s)
INFO  [23:37:31.266] [bbotk] Result of batch 27:
INFO  [23:37:31.279] [bbotk]      alpha colsample_bylevel colsample_bytree       eta   lambda max_depth
INFO  [23:37:31.279] [bbotk]  -2.663311         0.2893713        0.1106669 -2.348077 0.848664         9
INFO  [23:37:31.279] [bbotk]  nrounds subsample      acq_ei  x_domain .already_evaluated classif.bbrier
INFO  [23:37:31.279] [bbotk]     3168 0.1596338 0.003402528 <list[8]>              FALSE      0.1748873
INFO  [23:37:31.279] [bbotk]  warnings errors runtime_learners                                uhash
INFO  [23:37:31.279] [bbotk]         0      0           17.038 66adfbbe-8892-429e-afa4-425b843ae34c
INFO  [23:37:46.995] [bbotk] Evaluating 1 configuration(s)
INFO  [23:38:09.146] [bbotk] Result of batch 28:
INFO  [23:38:09.180] [bbotk]     alpha colsample_bylevel colsample_bytree       eta    lambda max_depth
INFO  [23:38:09.180] [bbotk]  1.897762          0.827563        0.5145814 -2.785699 -2.714041         8
INFO  [23:38:09.180] [bbotk]  nrounds subsample      acq_ei  x_domain .already_evaluated classif.bbrier
INFO  [23:38:09.180] [bbotk]     3293 0.9510287 0.003419369 <list[8]>              FALSE      0.1623513
INFO  [23:38:09.180] [bbotk]  warnings errors runtime_learners                                uhash
INFO  [23:38:09.180] [bbotk]         0      0           21.617 45e23d18-177f-42d7-9484-ceae2b382c6c
WARN  [23:38:10.191] [mlr3] train: Stopped because hard maximum generation limit was hit.
INFO  [23:38:16.018] [bbotk] Evaluating 1 configuration(s)
INFO  [23:38:52.724] [bbotk] Result of batch 29:
INFO  [23:38:52.733] [bbotk]      alpha colsample_bylevel colsample_bytree       eta    lambda max_depth
INFO  [23:38:52.733] [bbotk]  -1.293248          0.524667         0.240765 -6.256232 -5.712975        10
INFO  [23:38:52.733] [bbotk]  nrounds subsample      acq_ei  x_domain .already_evaluated classif.bbrier
INFO  [23:38:52.733] [bbotk]     4128 0.5121964 0.003315971 <list[8]>              FALSE      0.1627898
INFO  [23:38:52.733] [bbotk]  warnings errors runtime_learners                                uhash
INFO  [23:38:52.733] [bbotk]         0      0           36.488 702e0f38-7a49-4c9b-a840-aaf9358d5824
INFO  [23:39:00.692] [bbotk] Evaluating 1 configuration(s)
INFO  [23:39:19.565] [bbotk] Result of batch 30:
INFO  [23:39:19.584] [bbotk]      alpha colsample_bylevel colsample_bytree       eta   lambda max_depth
INFO  [23:39:19.584] [bbotk]  -3.436285         0.1877096        0.2223568 -2.298203 6.664731        19
INFO  [23:39:19.584] [bbotk]  nrounds subsample      acq_ei  x_domain .already_evaluated classif.bbrier
INFO  [23:39:19.584] [bbotk]     4701 0.3281856 0.003073435 <list[8]>              FALSE       0.173266
INFO  [23:39:19.584] [bbotk]  warnings errors runtime_learners                                uhash
INFO  [23:39:19.584] [bbotk]         0      0           17.955 8eaeef10-d0a4-4323-800c-d246404d07d4
INFO  [23:39:31.507] [bbotk] Evaluating 1 configuration(s)
INFO  [23:39:39.238] [bbotk] Result of batch 31:
INFO  [23:39:39.267] [bbotk]     alpha colsample_bylevel colsample_bytree       eta   lambda max_depth
INFO  [23:39:39.267] [bbotk]  1.187738          0.532153        0.5374837 -2.404859 -6.25992         1
INFO  [23:39:39.267] [bbotk]  nrounds subsample      acq_ei  x_domain .already_evaluated classif.bbrier
INFO  [23:39:39.267] [bbotk]      605 0.9696452 0.002923352 <list[8]>              FALSE      0.1673532
INFO  [23:39:39.267] [bbotk]  warnings errors runtime_learners                                uhash
INFO  [23:39:39.267] [bbotk]         0      0            6.489 a04cec4b-dedb-473d-a457-57470b805ee5
INFO  [23:39:47.458] [bbotk] Evaluating 1 configuration(s)
INFO  [23:40:57.279] [bbotk] Result of batch 32:
INFO  [23:40:57.305] [bbotk]      alpha colsample_bylevel colsample_bytree       eta    lambda max_depth
INFO  [23:40:57.305] [bbotk]  -5.670526         0.1980513         0.674831 -5.965111 -5.585593        19
INFO  [23:40:57.305] [bbotk]  nrounds subsample     acq_ei  x_domain .already_evaluated classif.bbrier
INFO  [23:40:57.305] [bbotk]     4287 0.4862588 0.00292006 <list[8]>              FALSE      0.1674662
INFO  [23:40:57.305] [bbotk]  warnings errors runtime_learners                                uhash
INFO  [23:40:57.305] [bbotk]         0      0           69.293 a2ccef9b-2e15-43ab-b702-749cb990866a
INFO  [23:41:10.163] [bbotk] Evaluating 1 configuration(s)
INFO  [23:41:23.272] [bbotk] Result of batch 33:
INFO  [23:41:23.295] [bbotk]       alpha colsample_bylevel colsample_bytree       eta    lambda max_depth
INFO  [23:41:23.295] [bbotk]  -0.6103361         0.2396945        0.3234228 -6.181717 -6.234675         1
INFO  [23:41:23.295] [bbotk]  nrounds subsample      acq_ei  x_domain .already_evaluated classif.bbrier
INFO  [23:41:23.295] [bbotk]     1735 0.7303015 0.003336979 <list[8]>              FALSE      0.1879094
INFO  [23:41:23.295] [bbotk]  warnings errors runtime_learners                                uhash
INFO  [23:41:23.295] [bbotk]         0      0           12.764 96e1bbbb-1213-471c-bb88-0f5a6a03f32c
WARN  [23:41:24.510] [mlr3] train: Stopped because hard maximum generation limit was hit.
INFO  [23:41:37.116] [bbotk] Evaluating 1 configuration(s)
INFO  [23:42:21.730] [bbotk] Result of batch 34:
INFO  [23:42:21.739] [bbotk]      alpha colsample_bylevel colsample_bytree       eta    lambda max_depth
INFO  [23:42:21.739] [bbotk]  -2.071879         0.4258782         0.199334 -6.511507 -5.120875        19
INFO  [23:42:21.739] [bbotk]  nrounds subsample      acq_ei  x_domain .already_evaluated classif.bbrier
INFO  [23:42:21.739] [bbotk]     4655 0.3387886 0.003012162 <list[8]>              FALSE      0.1635702
INFO  [23:42:21.739] [bbotk]  warnings errors runtime_learners                                uhash
INFO  [23:42:21.739] [bbotk]         0      0           43.978 6a24bbc6-e4bf-4237-aa64-afd68c5fa63c
INFO  [23:42:31.113] [bbotk] Evaluating 1 configuration(s)
INFO  [23:43:06.477] [bbotk] Result of batch 35:
INFO  [23:43:06.497] [bbotk]     alpha colsample_bylevel colsample_bytree       eta    lambda max_depth
INFO  [23:43:06.497] [bbotk]  1.444674         0.8965976        0.1298188 -3.734561 -5.185913         3
INFO  [23:43:06.497] [bbotk]  nrounds subsample      acq_ei  x_domain .already_evaluated classif.bbrier
INFO  [23:43:06.497] [bbotk]     4845 0.7248713 0.003024525 <list[8]>              FALSE      0.1668325
INFO  [23:43:06.497] [bbotk]  warnings errors runtime_learners                                uhash
INFO  [23:43:06.497] [bbotk]         0      0           35.115 3c1a0cb8-096a-4a38-a262-9ba55dea5d86
INFO  [23:43:24.548] [bbotk] Evaluating 1 configuration(s)
INFO  [23:44:12.709] [bbotk] Result of batch 36:
INFO  [23:44:12.716] [bbotk]      alpha colsample_bylevel colsample_bytree       eta   lambda max_depth
INFO  [23:44:12.716] [bbotk]  -1.311161         0.4224691        0.7180001 -1.683409 6.163728         5
INFO  [23:44:12.716] [bbotk]  nrounds subsample      acq_ei  x_domain .already_evaluated classif.bbrier
INFO  [23:44:12.716] [bbotk]     3950 0.7374479 0.002930346 <list[8]>              FALSE      0.1674116
INFO  [23:44:12.716] [bbotk]  warnings errors runtime_learners                                uhash
INFO  [23:44:12.716] [bbotk]         0      0            47.68 066c15fd-7e0d-47eb-854a-82e988ff26ab
INFO  [23:44:21.855] [bbotk] Evaluating 1 configuration(s)
INFO  [23:44:48.091] [bbotk] Result of batch 37:
INFO  [23:44:48.113] [bbotk]      alpha colsample_bylevel colsample_bytree       eta   lambda max_depth
INFO  [23:44:48.113] [bbotk]  -1.617855         0.5342101        0.2455556 -1.700815 6.896171         4
INFO  [23:44:48.113] [bbotk]  nrounds subsample      acq_ei  x_domain .already_evaluated classif.bbrier
INFO  [23:44:48.113] [bbotk]     3844 0.3991916 0.002642451 <list[8]>              FALSE      0.1618106
INFO  [23:44:48.113] [bbotk]  warnings errors runtime_learners                                uhash
INFO  [23:44:48.113] [bbotk]         0      0           25.734 eade8c75-a0df-4b70-b9ce-a47be55dd867
INFO  [23:44:55.838] [bbotk] Evaluating 1 configuration(s)
INFO  [23:45:16.773] [bbotk] Result of batch 38:
INFO  [23:45:16.780] [bbotk]      alpha colsample_bylevel colsample_bytree       eta    lambda max_depth
INFO  [23:45:16.780] [bbotk]  -1.703558         0.3624769        0.1145828 -6.317775 -6.507475         7
INFO  [23:45:16.780] [bbotk]  nrounds subsample      acq_ei  x_domain .already_evaluated classif.bbrier
INFO  [23:45:16.780] [bbotk]     4357 0.7639631 0.002949533 <list[8]>              FALSE      0.1662367
INFO  [23:45:16.780] [bbotk]  warnings errors runtime_learners                                uhash
INFO  [23:45:16.780] [bbotk]         0      0           20.685 48cf460f-8bac-4bb9-a813-ea64372c44c8
INFO  [23:45:22.411] [bbotk] Evaluating 1 configuration(s)
INFO  [23:45:45.124] [bbotk] Result of batch 39:
INFO  [23:45:45.159] [bbotk]     alpha colsample_bylevel colsample_bytree       eta    lambda max_depth
INFO  [23:45:45.159] [bbotk]  1.844118         0.2556863        0.4653559 -2.815932 -6.259574         1
INFO  [23:45:45.159] [bbotk]  nrounds subsample      acq_ei  x_domain .already_evaluated classif.bbrier
INFO  [23:45:45.159] [bbotk]     3627 0.7724331 0.002962331 <list[8]>              FALSE      0.1665666
INFO  [23:45:45.159] [bbotk]  warnings errors runtime_learners                                uhash
INFO  [23:45:45.159] [bbotk]         0      0           21.802 ca637156-36e9-48eb-8d47-645ae3dfcb2c
INFO  [23:45:51.073] [bbotk] Evaluating 1 configuration(s)
INFO  [23:46:27.953] [bbotk] Result of batch 40:
INFO  [23:46:27.974] [bbotk]      alpha colsample_bylevel colsample_bytree       eta    lambda max_depth
INFO  [23:46:27.974] [bbotk]  -6.215879         0.9595914        0.1528328 -6.273547 -3.156834        18
INFO  [23:46:27.974] [bbotk]  nrounds subsample      acq_ei  x_domain .already_evaluated classif.bbrier
INFO  [23:46:27.974] [bbotk]     4293 0.5640705 0.003014126 <list[8]>              FALSE      0.1657742
INFO  [23:46:27.974] [bbotk]  warnings errors runtime_learners                                uhash
INFO  [23:46:27.974] [bbotk]         0      0           36.315 28d7c7b6-00d6-4a33-8cf1-06b23b762675
INFO  [23:46:36.421] [bbotk] Evaluating 1 configuration(s)
INFO  [23:46:48.315] [bbotk] Result of batch 41:
INFO  [23:46:48.325] [bbotk]        alpha colsample_bylevel colsample_bytree       eta  lambda max_depth
INFO  [23:46:48.325] [bbotk]  -0.08866478         0.8633274        0.7540673 -1.825897 5.65126         1
INFO  [23:46:48.325] [bbotk]  nrounds subsample      acq_ei  x_domain .already_evaluated classif.bbrier
INFO  [23:46:48.325] [bbotk]     1373 0.8786474 0.004141584 <list[8]>              FALSE      0.1675827
INFO  [23:46:48.325] [bbotk]  warnings errors runtime_learners                                uhash
INFO  [23:46:48.325] [bbotk]         0      0           11.673 a15bc905-1141-4a93-8792-6b6d455616ce
WARN  [23:46:51.286] [mlr3] train: Stopped because hard maximum generation limit was hit.
INFO  [23:47:03.560] [bbotk] Evaluating 1 configuration(s)
INFO  [23:47:34.271] [bbotk] Result of batch 42:
INFO  [23:47:34.352] [bbotk]      alpha colsample_bylevel colsample_bytree       eta   lambda max_depth
INFO  [23:47:34.352] [bbotk]  -3.520704          0.321832        0.2094484 -5.405467 -6.75089         6
INFO  [23:47:34.352] [bbotk]  nrounds subsample      acq_ei  x_domain .already_evaluated classif.bbrier
INFO  [23:47:34.352] [bbotk]     4596 0.3284681 0.002529355 <list[8]>              FALSE      0.1647173
INFO  [23:47:34.352] [bbotk]  warnings errors runtime_learners                                uhash
INFO  [23:47:34.352] [bbotk]         0      0           30.076 5d8ee32e-46f9-4233-99f0-4a25dd20987b
WARN  [23:47:36.976] [mlr3] train: Stopped because hard maximum generation limit was hit.
INFO  [23:47:45.770] [bbotk] Evaluating 1 configuration(s)
INFO  [23:48:18.507] [bbotk] Result of batch 43:
INFO  [23:48:18.520] [bbotk]      alpha colsample_bylevel colsample_bytree       eta    lambda max_depth
INFO  [23:48:18.520] [bbotk]  -1.796449         0.2109892         0.566753 -6.989216 -6.302902         5
INFO  [23:48:18.520] [bbotk]  nrounds subsample      acq_ei  x_domain .already_evaluated classif.bbrier
INFO  [23:48:18.520] [bbotk]     4785 0.2216775 0.002418901 <list[8]>              FALSE       0.163799
INFO  [23:48:18.520] [bbotk]  warnings errors runtime_learners                                uhash
INFO  [23:48:18.520] [bbotk]         0      0           32.333 7338cd70-2721-4c6c-b27b-924b1dc9834c
INFO  [23:48:26.293] [bbotk] Evaluating 1 configuration(s)
INFO  [23:48:43.769] [bbotk] Result of batch 44:
INFO  [23:48:43.792] [bbotk]     alpha colsample_bylevel colsample_bytree       eta   lambda max_depth
INFO  [23:48:43.792] [bbotk]  1.836991         0.8385713        0.5005908 -2.443827 2.780724         1
INFO  [23:48:43.792] [bbotk]  nrounds subsample      acq_ei  x_domain .already_evaluated classif.bbrier
INFO  [23:48:43.792] [bbotk]     4093 0.9003696 0.003079167 <list[8]>              FALSE      0.1677584
INFO  [23:48:43.792] [bbotk]  warnings errors runtime_learners                                uhash
INFO  [23:48:43.792] [bbotk]         0      0           17.104 03738124-3d53-4261-b649-62ab34ea909a
INFO  [23:48:53.111] [bbotk] Evaluating 1 configuration(s)
INFO  [23:49:25.464] [bbotk] Result of batch 45:
INFO  [23:49:25.482] [bbotk]      alpha colsample_bylevel colsample_bytree       eta    lambda max_depth
INFO  [23:49:25.482] [bbotk]  -1.711692         0.1714988        0.4371928 -6.253698 -6.884014        10
INFO  [23:49:25.482] [bbotk]  nrounds subsample      acq_ei  x_domain .already_evaluated classif.bbrier
INFO  [23:49:25.482] [bbotk]     4691 0.2003389 0.002968028 <list[8]>              FALSE      0.1634822
INFO  [23:49:25.482] [bbotk]  warnings errors runtime_learners                                uhash
INFO  [23:49:25.482] [bbotk]         0      0           31.945 6f90f5e8-07b3-4fda-9c3f-69236b5df2b0
INFO  [23:49:32.997] [bbotk] Evaluating 1 configuration(s)
INFO  [23:49:55.405] [bbotk] Result of batch 46:
INFO  [23:49:55.422] [bbotk]      alpha colsample_bylevel colsample_bytree       eta    lambda max_depth
INFO  [23:49:55.422] [bbotk]  -3.624321         0.2211347        0.1709444 -6.280841 -4.550649        16
INFO  [23:49:55.422] [bbotk]  nrounds subsample      acq_ei  x_domain .already_evaluated classif.bbrier
INFO  [23:49:55.422] [bbotk]     4818 0.5117178 0.002151902 <list[8]>              FALSE      0.1631798
INFO  [23:49:55.422] [bbotk]  warnings errors runtime_learners                                uhash
INFO  [23:49:55.422] [bbotk]         0      0            22.13 7b8a2546-12e5-4c18-b6ce-3cb5efd1cef3
INFO  [23:50:07.429] [bbotk] Evaluating 1 configuration(s)
INFO  [23:50:23.132] [bbotk] Result of batch 47:
INFO  [23:50:23.139] [bbotk]     alpha colsample_bylevel colsample_bytree       eta   lambda max_depth
INFO  [23:50:23.139] [bbotk]  -1.40964         0.1899851         0.179689 -1.576955 5.312373         6
INFO  [23:50:23.139] [bbotk]  nrounds subsample      acq_ei  x_domain .already_evaluated classif.bbrier
INFO  [23:50:23.139] [bbotk]     3381 0.1769298 0.002464543 <list[8]>              FALSE       0.166245
INFO  [23:50:23.139] [bbotk]  warnings errors runtime_learners                                uhash
INFO  [23:50:23.139] [bbotk]         0      0           15.328 9999c787-1534-4d39-9ab4-8717b8ee6095
INFO  [23:50:30.092] [bbotk] Evaluating 1 configuration(s)
INFO  [23:50:50.886] [bbotk] Result of batch 48:
INFO  [23:50:50.910] [bbotk]      alpha colsample_bylevel colsample_bytree       eta   lambda max_depth
INFO  [23:50:50.910] [bbotk]  -2.434924         0.4939445        0.3763097 -1.658787 6.569819         1
INFO  [23:50:50.910] [bbotk]  nrounds subsample      acq_ei  x_domain .already_evaluated classif.bbrier
INFO  [23:50:50.910] [bbotk]     4695 0.5361872 0.002167243 <list[8]>              FALSE      0.1649267
INFO  [23:50:50.910] [bbotk]  warnings errors runtime_learners                                uhash
INFO  [23:50:50.910] [bbotk]         0      0           20.522 b663c02c-3f63-40af-8ef2-5c040ae2323b
INFO  [23:51:00.437] [bbotk] Evaluating 1 configuration(s)
INFO  [23:51:25.204] [bbotk] Result of batch 49:
INFO  [23:51:25.257] [bbotk]      alpha colsample_bylevel colsample_bytree       eta    lambda max_depth
INFO  [23:51:25.257] [bbotk]  0.8846936         0.3642766        0.1220875 -5.055462 -3.709815         7
INFO  [23:51:25.257] [bbotk]  nrounds subsample    acq_ei  x_domain .already_evaluated classif.bbrier
INFO  [23:51:25.257] [bbotk]     4435 0.8565817 0.0017468 <list[8]>              FALSE      0.1637092
INFO  [23:51:25.257] [bbotk]  warnings errors runtime_learners                                uhash
INFO  [23:51:25.257] [bbotk]         0      0            23.76 1f95a850-62f3-40d7-86cf-42832e379a38
INFO  [23:51:32.791] [bbotk] Evaluating 1 configuration(s)
INFO  [23:52:13.471] [bbotk] Result of batch 50:
INFO  [23:52:13.481] [bbotk]      alpha colsample_bylevel colsample_bytree       eta   lambda max_depth
INFO  [23:52:13.481] [bbotk]  -1.474051         0.7474506        0.3726528 -2.614738 5.790522        15
INFO  [23:52:13.481] [bbotk]  nrounds subsample      acq_ei  x_domain .already_evaluated classif.bbrier
INFO  [23:52:13.481] [bbotk]     2313 0.9267669 0.003291757 <list[8]>              FALSE      0.1622146
INFO  [23:52:13.481] [bbotk]  warnings errors runtime_learners                                uhash
INFO  [23:52:13.481] [bbotk]         0      0           40.296 dab1f38b-4390-4baa-84a0-d8c4c9042f47
INFO  [23:52:25.239] [bbotk] Evaluating 1 configuration(s)
INFO  [23:52:39.231] [bbotk] Result of batch 51:
INFO  [23:52:39.249] [bbotk]      alpha colsample_bylevel colsample_bytree       eta    lambda max_depth
INFO  [23:52:39.249] [bbotk]  0.6212869         0.7981344        0.2960732 -4.163842 -6.837873         9
INFO  [23:52:39.249] [bbotk]  nrounds subsample     acq_ei  x_domain .already_evaluated classif.bbrier
INFO  [23:52:39.249] [bbotk]     1179 0.9516188 0.00344726 <list[8]>              FALSE      0.1673441
INFO  [23:52:39.249] [bbotk]  warnings errors runtime_learners                                uhash
INFO  [23:52:39.249] [bbotk]         0      0           13.556 e84c5d39-0d3d-4197-a6d1-2e393cfdc134
INFO  [23:52:48.318] [bbotk] Evaluating 1 configuration(s)
INFO  [23:53:02.306] [bbotk] Result of batch 52:
INFO  [23:53:02.459] [bbotk]       alpha colsample_bylevel colsample_bytree       eta   lambda max_depth
INFO  [23:53:02.459] [bbotk]  -0.6368343          0.943791        0.1513612 -2.986895 3.304445        13
INFO  [23:53:02.459] [bbotk]  nrounds subsample      acq_ei  x_domain .already_evaluated classif.bbrier
INFO  [23:53:02.459] [bbotk]     1019 0.5894137 0.002045172 <list[8]>              FALSE      0.1642092
INFO  [23:53:02.459] [bbotk]  warnings errors runtime_learners                                uhash
INFO  [23:53:02.459] [bbotk]         0      0           13.123 15fdb1d9-ca4c-4114-b873-b6c664f16dea
WARN  [23:53:04.496] [mlr3] train: Stopped because hard maximum generation limit was hit.
INFO  [23:53:10.087] [bbotk] Evaluating 1 configuration(s)
INFO  [23:53:58.203] [bbotk] Result of batch 53:
INFO  [23:53:58.213] [bbotk]      alpha colsample_bylevel colsample_bytree       eta   lambda max_depth
INFO  [23:53:58.213] [bbotk]  -1.842631         0.6588328        0.6406243 -2.114001 5.301357        12
INFO  [23:53:58.213] [bbotk]  nrounds subsample      acq_ei  x_domain .already_evaluated classif.bbrier
INFO  [23:53:58.213] [bbotk]     3572 0.4407506 0.003501845 <list[8]>              FALSE      0.1667618
INFO  [23:53:58.213] [bbotk]  warnings errors runtime_learners                                uhash
INFO  [23:53:58.213] [bbotk]         0      0           47.753 5442dda3-53d4-42df-89c2-16abbaca82b1
INFO  [23:54:06.576] [bbotk] Evaluating 1 configuration(s)
INFO  [23:54:28.889] [bbotk] Result of batch 54:
INFO  [23:54:28.952] [bbotk]      alpha colsample_bylevel colsample_bytree       eta     lambda max_depth
INFO  [23:54:28.952] [bbotk]  -6.626144         0.2371111        0.2002167 -5.773916 -0.5210761        11
INFO  [23:54:28.952] [bbotk]  nrounds subsample      acq_ei  x_domain .already_evaluated classif.bbrier
INFO  [23:54:28.952] [bbotk]     3742 0.6887615 0.002786015 <list[8]>              FALSE       0.161825
INFO  [23:54:28.952] [bbotk]  warnings errors runtime_learners                                uhash
INFO  [23:54:28.952] [bbotk]         0      0           21.789 32879845-358e-407b-adf7-27a1e4de0f7d
INFO  [23:54:41.390] [bbotk] Evaluating 1 configuration(s)
INFO  [23:54:52.451] [bbotk] Result of batch 55:
INFO  [23:54:52.460] [bbotk]      alpha colsample_bylevel colsample_bytree      eta   lambda max_depth
INFO  [23:54:52.460] [bbotk]  -2.141906           0.10637        0.3075839 -1.71826 6.251802        10
INFO  [23:54:52.460] [bbotk]  nrounds subsample      acq_ei  x_domain .already_evaluated classif.bbrier
INFO  [23:54:52.460] [bbotk]     2638 0.8679467 0.002270139 <list[8]>              FALSE      0.1626625
INFO  [23:54:52.460] [bbotk]  warnings errors runtime_learners                                uhash
INFO  [23:54:52.460] [bbotk]         0      0           10.532 7b736550-126e-4b7c-bf35-54f268740935
INFO  [23:55:01.295] [bbotk] Evaluating 1 configuration(s)
INFO  [23:55:16.545] [bbotk] Result of batch 56:
INFO  [23:55:16.557] [bbotk]      alpha colsample_bylevel colsample_bytree       eta   lambda max_depth
INFO  [23:55:16.557] [bbotk]  -3.193945         0.2253406        0.3050036 -5.319959 -4.71346        18
INFO  [23:55:16.557] [bbotk]  nrounds subsample      acq_ei  x_domain .already_evaluated classif.bbrier
INFO  [23:55:16.557] [bbotk]     3598 0.1102243 0.003064291 <list[8]>              FALSE      0.1683562
INFO  [23:55:16.557] [bbotk]  warnings errors runtime_learners                                uhash
INFO  [23:55:16.557] [bbotk]         0      0           14.988 6b60ede6-246b-4252-9889-b929d1deca99
INFO  [23:55:29.841] [bbotk] Evaluating 1 configuration(s)
INFO  [23:55:43.667] [bbotk] Result of batch 57:
INFO  [23:55:43.676] [bbotk]       alpha colsample_bylevel colsample_bytree       eta   lambda max_depth
INFO  [23:55:43.676] [bbotk]  -0.4387924         0.9699739         0.405304 -2.163293 5.194087        15
INFO  [23:55:43.676] [bbotk]  nrounds subsample      acq_ei  x_domain .already_evaluated classif.bbrier
INFO  [23:55:43.676] [bbotk]     1111 0.7437685 0.002205482 <list[8]>              FALSE      0.1618383
INFO  [23:55:43.676] [bbotk]  warnings errors runtime_learners                                uhash
INFO  [23:55:43.676] [bbotk]         0      0           13.583 b3cfab60-6d44-4c31-8b67-602e7cc770ad
INFO  [23:55:51.904] [bbotk] Evaluating 1 configuration(s)
INFO  [23:56:09.555] [bbotk] Result of batch 58:
INFO  [23:56:09.578] [bbotk]       alpha colsample_bylevel colsample_bytree       eta   lambda max_depth
INFO  [23:56:09.578] [bbotk]  -0.2825731         0.2033211         0.105856 -6.808303 1.937829        19
INFO  [23:56:09.578] [bbotk]  nrounds subsample      acq_ei  x_domain .already_evaluated classif.bbrier
INFO  [23:56:09.578] [bbotk]     4874 0.3810954 0.003355621 <list[8]>              FALSE      0.1972888
INFO  [23:56:09.578] [bbotk]  warnings errors runtime_learners                                uhash
INFO  [23:56:09.578] [bbotk]         0      0           16.814 f09dc942-1ed5-44d9-84c5-52977670cbdc
INFO  [23:56:16.859] [bbotk] Evaluating 1 configuration(s)
INFO  [23:56:31.697] [bbotk] Result of batch 59:
INFO  [23:56:31.706] [bbotk]     alpha colsample_bylevel colsample_bytree       eta   lambda max_depth
INFO  [23:56:31.706] [bbotk]  1.302968         0.6715881         0.688101 -3.282106 1.043424         4
INFO  [23:56:31.706] [bbotk]  nrounds subsample      acq_ei  x_domain .already_evaluated classif.bbrier
INFO  [23:56:31.706] [bbotk]     1358 0.9405747 0.002521935 <list[8]>              FALSE      0.1669277
INFO  [23:56:31.706] [bbotk]  warnings errors runtime_learners                                uhash
INFO  [23:56:31.706] [bbotk]         0      0           14.372 c602ee2f-34fa-422c-a1ac-b636cccf80f3
INFO  [23:56:43.564] [bbotk] Evaluating 1 configuration(s)
INFO  [23:57:05.211] [bbotk] Result of batch 60:
INFO  [23:57:05.243] [bbotk]      alpha colsample_bylevel colsample_bytree       eta    lambda max_depth
INFO  [23:57:05.243] [bbotk]  0.2442441         0.3039752        0.6080275 -5.126295 -5.637133         1
INFO  [23:57:05.243] [bbotk]  nrounds subsample      acq_ei  x_domain .already_evaluated classif.bbrier
INFO  [23:57:05.243] [bbotk]     3819 0.8280255 0.003698039 <list[8]>              FALSE      0.1643364
INFO  [23:57:05.243] [bbotk]  warnings errors runtime_learners                                uhash
INFO  [23:57:05.243] [bbotk]         0      0           21.344 f102fdc7-e9ef-4e22-ab75-4b48870e6d22
INFO  [23:57:14.345] [bbotk] Evaluating 1 configuration(s)
INFO  [23:57:33.160] [bbotk] Result of batch 61:
INFO  [23:57:33.172] [bbotk]       alpha colsample_bylevel colsample_bytree       eta   lambda max_depth
INFO  [23:57:33.172] [bbotk]  -0.6534759         0.4852391        0.3187205 -2.404617 6.536075        11
INFO  [23:57:33.172] [bbotk]  nrounds subsample      acq_ei  x_domain .already_evaluated classif.bbrier
INFO  [23:57:33.172] [bbotk]     2157 0.9452645 0.001935527 <list[8]>              FALSE      0.1616209
INFO  [23:57:33.172] [bbotk]  warnings errors runtime_learners                                uhash
INFO  [23:57:33.172] [bbotk]         0      0           18.382 47f252aa-ad20-42d9-85c3-c444dbe4a93d
INFO  [23:57:40.022] [bbotk] Evaluating 1 configuration(s)
INFO  [23:58:16.917] [bbotk] Result of batch 62:
INFO  [23:58:16.928] [bbotk]     alpha colsample_bylevel colsample_bytree       eta   lambda max_depth
INFO  [23:58:16.928] [bbotk]  1.074265         0.7536923        0.2732883 -3.852043 3.730022        19
INFO  [23:58:16.928] [bbotk]  nrounds subsample      acq_ei  x_domain .already_evaluated classif.bbrier
INFO  [23:58:16.928] [bbotk]     3930 0.7423009 0.002163106 <list[8]>              FALSE      0.1631419
INFO  [23:58:16.928] [bbotk]  warnings errors runtime_learners                                uhash
INFO  [23:58:16.928] [bbotk]         0      0           36.648 5bc23ef3-a137-49c7-8b65-ab3a698e1902
WARN  [23:58:20.483] [mlr3] train: Stopped because hard maximum generation limit was hit.
INFO  [23:58:29.432] [bbotk] Evaluating 1 configuration(s)
INFO  [23:58:57.618] [bbotk] Result of batch 63:
INFO  [23:58:57.628] [bbotk]      alpha colsample_bylevel colsample_bytree       eta    lambda max_depth
INFO  [23:58:57.628] [bbotk]  -3.423993         0.4374635        0.1023937 -5.697812 0.4780761        12
INFO  [23:58:57.628] [bbotk]  nrounds subsample      acq_ei  x_domain .already_evaluated classif.bbrier
INFO  [23:58:57.628] [bbotk]     4274  0.453683 0.002359276 <list[8]>              FALSE      0.1644218
INFO  [23:58:57.628] [bbotk]  warnings errors runtime_learners                                uhash
INFO  [23:58:57.628] [bbotk]         0      0           27.947 20f2ef75-c694-4ee5-b13d-7f97cd475843
INFO  [23:59:10.121] [bbotk] Evaluating 1 configuration(s)
INFO  [23:59:22.753] [bbotk] Result of batch 64:
INFO  [23:59:22.786] [bbotk]     alpha colsample_bylevel colsample_bytree       eta    lambda max_depth
INFO  [23:59:22.786] [bbotk]  1.846632         0.6311133        0.1078124 -2.163076 -3.197535         5
INFO  [23:59:22.786] [bbotk]  nrounds subsample      acq_ei  x_domain .already_evaluated classif.bbrier
INFO  [23:59:22.786] [bbotk]     1992 0.5372944 0.002040151 <list[8]>              FALSE      0.1650615
INFO  [23:59:22.786] [bbotk]  warnings errors runtime_learners                                uhash
INFO  [23:59:22.786] [bbotk]         0      0           12.094 b177a9cc-7444-41b0-b1af-95fe3b669887
INFO  [23:59:30.256] [bbotk] Evaluating 1 configuration(s)
INFO  [00:00:36.546] [bbotk] Result of batch 65:
INFO  [00:00:36.593] [bbotk]      alpha colsample_bylevel colsample_bytree       eta    lambda max_depth
INFO  [00:00:36.593] [bbotk]  -1.582885         0.8675381        0.4933144 -5.875407 -5.084279         7
INFO  [00:00:36.593] [bbotk]  nrounds subsample      acq_ei  x_domain .already_evaluated classif.bbrier
INFO  [00:00:36.593] [bbotk]     4759 0.4592893 0.002483752 <list[8]>              FALSE       0.172269
INFO  [00:00:36.593] [bbotk]  warnings errors runtime_learners                                uhash
INFO  [00:00:36.593] [bbotk]         0      0           65.611 1d0a0ff0-900e-4c74-896b-0b86146157d4
INFO  [00:00:47.904] [bbotk] Evaluating 1 configuration(s)
INFO  [00:01:15.919] [bbotk] Result of batch 66:
INFO  [00:01:15.928] [bbotk]     alpha colsample_bylevel colsample_bytree      eta   lambda max_depth
INFO  [00:01:15.928] [bbotk]  1.247272           0.68267        0.2253411 -4.37334 -6.29317        17
INFO  [00:01:15.928] [bbotk]  nrounds subsample      acq_ei  x_domain .already_evaluated classif.bbrier
INFO  [00:01:15.928] [bbotk]     4073  0.783099 0.002324774 <list[8]>              FALSE      0.1650638
INFO  [00:01:15.928] [bbotk]  warnings errors runtime_learners                                uhash
INFO  [00:01:15.928] [bbotk]         0      0           27.379 ee65f27f-4ad1-4965-858c-6652e203bc95
WARN  [00:01:17.949] [mlr3] train: Stopped because hard maximum generation limit was hit.
INFO  [00:01:24.638] [bbotk] Evaluating 1 configuration(s)
INFO  [00:01:49.836] [bbotk] Result of batch 67:
INFO  [00:01:49.845] [bbotk]      alpha colsample_bylevel colsample_bytree       eta   lambda max_depth
INFO  [00:01:49.845] [bbotk]  0.9106904         0.9020951        0.1289567 -3.669137 3.026454         8
INFO  [00:01:49.845] [bbotk]  nrounds subsample      acq_ei  x_domain .already_evaluated classif.bbrier
INFO  [00:01:49.845] [bbotk]     2947 0.7566342 0.001630359 <list[8]>              FALSE       0.165375
INFO  [00:01:49.845] [bbotk]  warnings errors runtime_learners                                uhash
INFO  [00:01:49.845] [bbotk]         0      0           24.823 f10b8ca8-a364-478f-86ec-d6f12b66c285
INFO  [00:02:03.764] [bbotk] Evaluating 1 configuration(s)
INFO  [00:02:18.904] [bbotk] Result of batch 68:
INFO  [00:02:18.923] [bbotk]       alpha colsample_bylevel colsample_bytree       eta   lambda max_depth
INFO  [00:02:18.923] [bbotk]  -0.1611764         0.1455307        0.3321928 -5.009205 -6.66527        12
INFO  [00:02:18.923] [bbotk]  nrounds subsample      acq_ei  x_domain .already_evaluated classif.bbrier
INFO  [00:02:18.923] [bbotk]     3019  0.905919 0.001900058 <list[8]>              FALSE      0.1611375
INFO  [00:02:18.923] [bbotk]  warnings errors runtime_learners                                uhash
INFO  [00:02:18.923] [bbotk]         0      0           14.501 21a3d521-7f3d-422c-aad5-bd16e00dfa4c
INFO  [00:02:29.669] [bbotk] Evaluating 1 configuration(s)
INFO  [00:02:42.343] [bbotk] Result of batch 69:
INFO  [00:02:42.352] [bbotk]     alpha colsample_bylevel colsample_bytree       eta    lambda max_depth
INFO  [00:02:42.352] [bbotk]  1.341022         0.1102511         0.218677 -4.688607 -6.726761         3
INFO  [00:02:42.352] [bbotk]  nrounds subsample      acq_ei  x_domain .already_evaluated classif.bbrier
INFO  [00:02:42.352] [bbotk]     3535 0.8256881 0.001832795 <list[8]>              FALSE      0.1698174
INFO  [00:02:42.352] [bbotk]  warnings errors runtime_learners                                uhash
INFO  [00:02:42.352] [bbotk]         0      0           12.204 ecd9c393-43dd-4b39-a626-b941635fa582
INFO  [00:02:44.179] [bbotk] Finished optimizing after 100 evaluation(s)
INFO  [00:02:44.181] [bbotk] Result:
INFO  [00:02:44.188] [bbotk]      alpha colsample_bylevel colsample_bytree      eta   lambda max_depth
INFO  [00:02:44.188] [bbotk]      <num>             <num>            <num>    <num>    <num>     <int>
INFO  [00:02:44.188] [bbotk]  -3.667083         0.2445454        0.7366112 -2.36855 6.661256         7
INFO  [00:02:44.188] [bbotk]  nrounds subsample learner_param_vals  x_domain classif.bbrier
INFO  [00:02:44.188] [bbotk]    <int>     <num>             <list>    <list>          <num>
INFO  [00:02:44.188] [bbotk]     3213 0.5784046         <list[10]> <list[8]>      0.1602241
[1] -10.95834
[1] 33.16632
[1] -13.02281
[1] 60.45834
[1] -22.61357
[1] 49.10941
[1] -41.61011
[1] 41.35036
[1] -59.79365
[1] 20.86662

### [bt]: Job terminated successfully [batchtools job.id=303]
### [bt]: Calculation finished!
