### [bt]: This is batchtools v0.9.17
### [bt]: Starting calculation of 1 jobs
### [bt]: Setting working directory to '/content/drive/MyDrive/GitHub/Mater_Thesis_Calibration'
ece.R :
Friedmann_tasks.R :
Functions.R :
ici.R :
mse_feature_effects.R :
PipeOpCalibration_TuningExperiment.R :
PipeOpCalibration.R :
PipeOpCalibrationUnion.R :
### [bt]: Memory measurement disabled
### [bt]: Starting job [batchtools job.id=1049]
### [bt]: Generating problem instance for problem 'b541340d6c2eb21d' ...
### [bt]: Applying algorithm 'run_learner' on problem 'b541340d6c2eb21d' for job 1049 (seed = 1172) ...
INFO  [14:25:35.187] [mlr3] Applying learner 'xgboost TbC platt' on task 'kc1' (iter 9/10)
INFO  [14:25:39.332] [bbotk] Starting to optimize 8 parameter(s) with '<OptimizerMbo>' and '<TerminatorEvals> [n_evals=100, k=0]'
INFO  [14:25:42.518] [bbotk] Evaluating 32 configuration(s)
INFO  [14:40:52.493] [bbotk] Result of batch 1:
INFO  [14:40:52.507] [bbotk]       alpha colsample_bylevel colsample_bytree        eta     lambda max_depth
INFO  [14:40:52.507] [bbotk]   5.1013559         0.5330019        0.7587761 -1.6009646  4.8647989        12
INFO  [14:40:52.507] [bbotk]  -1.8063994         0.9830019        0.3087761 -6.2061348 -2.0429560         2
INFO  [14:40:52.507] [bbotk]  -5.2602771         0.3080019        0.9837761 -3.9035497 -5.4968339         7
INFO  [14:40:52.507] [bbotk]   1.6474782         0.7580019        0.5337761 -8.5087199  1.4109212        17
INFO  [14:40:52.507] [bbotk]   6.8282947         0.8705019        0.8712761 -0.4496720  6.5917377        20
INFO  [14:40:52.507] [bbotk]  -0.0794606         0.4205019        0.4212761 -5.0548422 -0.3160172        10
INFO  [14:40:52.507] [bbotk]  -3.5333382         0.6455019        0.6462761 -2.7522571 -3.7698950         5
INFO  [14:40:52.507] [bbotk]   3.3744170         0.1955019        0.1962761 -7.3574273  3.1378600        15
INFO  [14:40:52.507] [bbotk]   0.7840088         0.3642519        0.9275261 -6.7817811 -4.6333644        19
INFO  [14:40:52.507] [bbotk]  -6.1237465         0.8142519        0.4775261 -2.1766109  2.2743906         9
INFO  [14:40:52.507] [bbotk]  -2.6698688         0.1392519        0.7025261 -9.0843662  5.7282683         4
INFO  [14:40:52.507] [bbotk]   4.2378864         0.5892519        0.2525261 -4.4791960 -1.1794866        14
INFO  [14:40:52.507] [bbotk]  -4.3968077         0.4767519        0.1400261 -1.0253183  0.5474518         1
INFO  [14:40:52.507] [bbotk]   2.5109476         0.9267519        0.5900261 -5.6304885 -6.3603033        11
INFO  [14:40:52.507] [bbotk]   5.9648253         0.2517519        0.3650261 -3.3279034 -2.9064254        16
INFO  [14:40:52.507] [bbotk]  -0.9429300         0.7017519        0.8150261 -7.9330736  4.0013294         6
INFO  [14:40:52.507] [bbotk]  -5.6920118         0.7298769        0.1681511 -5.3426654  5.2965336        13
INFO  [14:40:52.507] [bbotk]   1.2157435         0.2798769        0.6181511 -0.7374952 -1.6112213         3
INFO  [14:40:52.507] [bbotk]   4.6696212         0.9548769        0.3931511 -7.6452505 -5.0650992         8
INFO  [14:40:52.507] [bbotk]  -2.2381341         0.5048769        0.8431511 -3.0400803  1.8426559        18
INFO  [14:40:52.507] [bbotk]   2.9426823         0.6173769        0.9556511 -1.8887877 -3.3381601        10
INFO  [14:40:52.507] [bbotk]  -3.9650729         0.1673769        0.5056511 -6.4939579  3.5695947        20
INFO  [14:40:52.507] [bbotk]  -0.5111953         0.8423769        0.7306511 -4.1913728  0.1157171        15
INFO  [14:40:52.507] [bbotk]   6.3965600         0.3923769        0.2806511 -8.7965431 -6.7920380         5
INFO  [14:40:52.507] [bbotk]   3.8061517         0.1111269        0.7869011 -4.7670191  0.9791865         9
INFO  [14:40:52.507] [bbotk]  -3.1016035         0.5611269        0.3369011 -0.1618489 -5.9285686        19
INFO  [14:40:52.507] [bbotk]  -6.5554812         0.3361269        0.5619011 -7.0696042 -2.4746907        14
INFO  [14:40:52.507] [bbotk]   0.3522741         0.7861269        0.1119011 -2.4644340  4.4330642         4
INFO  [14:40:52.507] [bbotk]   5.5330906         0.6736269        0.6744011 -5.9183116  2.7061253         2
INFO  [14:40:52.507] [bbotk]  -1.3746647         0.2236269        0.2244011 -1.3131415 -4.2016297        12
INFO  [14:40:52.507] [bbotk]  -4.8285424         0.8986269        0.8994011 -8.2208968 -0.7477519        17
INFO  [14:40:52.507] [bbotk]   2.0792129         0.4486269        0.4494011 -3.6157265  6.1600030         7
INFO  [14:40:52.507] [bbotk]       alpha colsample_bylevel colsample_bytree        eta     lambda max_depth
INFO  [14:40:52.507] [bbotk]  nrounds subsample classif.bbrier warnings errors runtime_learners
INFO  [14:40:52.507] [bbotk]      390 0.9090922      0.1362589        0      0            5.900
INFO  [14:40:52.507] [bbotk]     2890 0.4590921      0.1076510        0      0           16.480
INFO  [14:40:52.507] [bbotk]     1640 0.2340921      0.1199858        0      0           23.013
INFO  [14:40:52.507] [bbotk]     4140 0.6840922      0.1399957        0      0           57.320
INFO  [14:40:52.507] [bbotk]     3515 0.3465921      0.2500000        0      0           24.019
INFO  [14:40:52.507] [bbotk]     1015 0.7965922      0.1068018        0      0           14.577
INFO  [14:40:52.507] [bbotk]     4765 0.5715922      0.1383833        0      0           54.296
INFO  [14:40:52.507] [bbotk]     2265 0.1215921      0.1896924        0      0           16.786
INFO  [14:40:52.507] [bbotk]       78 0.9653422      0.2272441        0      0            3.935
INFO  [14:40:52.507] [bbotk]     2578 0.5153421      0.1249487        0      0           38.917
INFO  [14:40:52.507] [bbotk]     1328 0.2903421      0.2418164        0      0            7.169
INFO  [14:40:52.507] [bbotk]     3828 0.7403422      0.1180948        0      0           22.146
INFO  [14:40:52.507] [bbotk]      703 0.8528422      0.1099497        0      0            8.892
INFO  [14:40:52.507] [bbotk]     3203 0.4028421      0.1102995        0      0           33.945
INFO  [14:40:52.507] [bbotk]     1953 0.1778421      0.2500000        0      0            9.773
INFO  [14:40:52.507] [bbotk]     4453 0.6278422      0.1265556        0      0           67.932
INFO  [14:40:52.507] [bbotk]      234 0.7122172      0.1616606        0      0            6.016
INFO  [14:40:52.507] [bbotk]     2734 0.2622171      0.1243926        0      0           19.576
INFO  [14:40:52.507] [bbotk]     1484 0.4872171      0.1904559        0      0           14.992
INFO  [14:40:52.507] [bbotk]     3984 0.9372172      0.1273483        0      0           69.387
INFO  [14:40:52.507] [bbotk]      859 0.5997172      0.1097244        0      0           10.458
INFO  [14:40:52.507] [bbotk]     3359 0.1497171      0.1144324        0      0           17.785
INFO  [14:40:52.507] [bbotk]     2109 0.3747171      0.1149729        0      0           42.295
INFO  [14:40:52.507] [bbotk]     4609 0.8247172      0.2500000        0      0           21.156
INFO  [14:40:52.507] [bbotk]     3047 0.3184671      0.1244079        0      0           14.067
INFO  [14:40:52.507] [bbotk]      547 0.7684672      0.1516229        0      0            8.959
INFO  [14:40:52.507] [bbotk]     4297 0.9934672      0.1089449        0      0           88.893
INFO  [14:40:52.507] [bbotk]     1797 0.5434671      0.1077925        0      0           13.208
INFO  [14:40:52.507] [bbotk]     1172 0.6559672      0.2174942        0      0           13.829
INFO  [14:40:52.507] [bbotk]     3672 0.2059671      0.1433742        0      0           23.147
INFO  [14:40:52.507] [bbotk]     2422 0.4309671      0.1457159        0      0           82.524
INFO  [14:40:52.507] [bbotk]     4922 0.8809672      0.1082005        0      0           49.986
INFO  [14:40:52.507] [bbotk]  nrounds subsample classif.bbrier warnings errors runtime_learners
INFO  [14:40:52.507] [bbotk]                                 uhash
INFO  [14:40:52.507] [bbotk]  6013d61b-7d17-446d-9be0-e8741e058603
INFO  [14:40:52.507] [bbotk]  0ef11e73-9f37-4a94-8891-85fa0d5104f0
INFO  [14:40:52.507] [bbotk]  14bd01e3-31fc-4265-b82d-d6160720e36f
INFO  [14:40:52.507] [bbotk]  6607339d-7901-41ff-baa3-0adba82a143b
INFO  [14:40:52.507] [bbotk]  d6e1b11d-7ce8-48d3-b726-2a5bd3b14504
INFO  [14:40:52.507] [bbotk]  b0bf2dba-ad99-470c-9aa7-4edd505613ca
INFO  [14:40:52.507] [bbotk]  6c4d5ae0-165f-439d-91ae-6f82e94d211f
INFO  [14:40:52.507] [bbotk]  97b6f19a-f5a6-43be-a4e7-1ee0ef16a70b
INFO  [14:40:52.507] [bbotk]  d6b4e8d7-12c4-44bf-bc40-3dac03c82c30
INFO  [14:40:52.507] [bbotk]  83052e56-c9e7-4a4c-bb85-c0488928e629
INFO  [14:40:52.507] [bbotk]  609c08cc-554f-4d32-83b1-86544a7f1bbc
INFO  [14:40:52.507] [bbotk]  fda65e6d-3258-434e-8eb5-a2a71f4b9bdf
INFO  [14:40:52.507] [bbotk]  0d7483d8-0ad3-4afb-8104-98dd83ce7895
INFO  [14:40:52.507] [bbotk]  049c6291-2cfe-401e-8d3b-fa9125b5b96a
INFO  [14:40:52.507] [bbotk]  66f38bc6-a66d-4224-8232-41a5a587b2f1
INFO  [14:40:52.507] [bbotk]  14dda6ea-c82a-4df2-80e1-c8ae214c9171
INFO  [14:40:52.507] [bbotk]  c2355ae9-e2c5-4e62-b200-5780d8b433d1
INFO  [14:40:52.507] [bbotk]  3b21953c-9e29-4062-a19f-0896b942ecf1
INFO  [14:40:52.507] [bbotk]  3251baf3-e8ad-41d7-bffb-bec7be5dd81c
INFO  [14:40:52.507] [bbotk]  1ab0d968-6f7b-47aa-bcae-1ef446fad9f7
INFO  [14:40:52.507] [bbotk]  a95404d1-5a1c-4745-b1d1-d263524ced60
INFO  [14:40:52.507] [bbotk]  1e6e0987-e30c-4ba2-ab98-e831fdb39d62
INFO  [14:40:52.507] [bbotk]  10bcaa9c-fc87-4b0e-acab-180619b7ec96
INFO  [14:40:52.507] [bbotk]  0b34cb26-63e5-47b2-832d-2a89b13775e7
INFO  [14:40:52.507] [bbotk]  2df14464-edc8-4607-9e0e-49bfcc730072
INFO  [14:40:52.507] [bbotk]  11a17b05-058e-409c-8d07-e73843731e22
INFO  [14:40:52.507] [bbotk]  77677504-5165-47f7-b116-9dbab0eceec1
INFO  [14:40:52.507] [bbotk]  78302829-ed26-45c3-8ff4-dc580ae4acf4
INFO  [14:40:52.507] [bbotk]  ae870c2e-7eac-4e19-b936-b324c951c5df
INFO  [14:40:52.507] [bbotk]  18a48c58-c157-483f-9e97-9502479fc299
INFO  [14:40:52.507] [bbotk]  5514350c-1e48-4c49-a4b4-912c69bc3df1
INFO  [14:40:52.507] [bbotk]  de54d8c4-75a6-47ea-a4b5-0bd825833d68
INFO  [14:40:52.507] [bbotk]                                 uhash
INFO  [14:41:03.150] [bbotk] Evaluating 1 configuration(s)
INFO  [14:41:50.778] [bbotk] Result of batch 2:
INFO  [14:41:50.956] [bbotk]     alpha colsample_bylevel colsample_bytree       eta   lambda max_depth
INFO  [14:41:50.956] [bbotk]  -1.07576         0.8228245        0.3741787 -4.985062 1.761098        10
INFO  [14:41:50.956] [bbotk]  nrounds subsample     acq_ei  x_domain .already_evaluated classif.bbrier
INFO  [14:41:50.956] [bbotk]     3053 0.7323029 0.04259808 <list[8]>              FALSE       0.110428
INFO  [14:41:50.956] [bbotk]  warnings errors runtime_learners                                uhash
INFO  [14:41:50.956] [bbotk]         0      0            47.38 1246af5e-607e-4b2a-b9e2-1344d3c3a4ff
INFO  [14:41:58.176] [bbotk] Evaluating 1 configuration(s)
INFO  [14:42:07.081] [bbotk] Result of batch 3:
INFO  [14:42:07.094] [bbotk]      alpha colsample_bylevel colsample_bytree       eta   lambda max_depth
INFO  [14:42:07.094] [bbotk]  0.6239736         0.3574498        0.3316858 -2.319193 1.221188         4
INFO  [14:42:07.094] [bbotk]  nrounds subsample     acq_ei  x_domain .already_evaluated classif.bbrier
INFO  [14:42:07.094] [bbotk]      547 0.8149904 0.02177178 <list[8]>              FALSE      0.1096146
INFO  [14:42:07.094] [bbotk]  warnings errors runtime_learners                                uhash
INFO  [14:42:07.094] [bbotk]         0      0            8.463 261190ed-cce0-40ae-b267-6af5272ce53d
INFO  [14:42:16.823] [bbotk] Evaluating 1 configuration(s)
INFO  [14:42:44.727] [bbotk] Result of batch 4:
INFO  [14:42:44.775] [bbotk]     alpha colsample_bylevel colsample_bytree        eta  lambda max_depth
INFO  [14:42:44.775] [bbotk]  4.094114         0.7587752        0.9263974 -0.8439565 2.64511         8
INFO  [14:42:44.775] [bbotk]  nrounds subsample    acq_ei  x_domain .already_evaluated classif.bbrier
INFO  [14:42:44.775] [bbotk]     4517 0.5792431 0.0164041 <list[8]>              FALSE      0.1172861
INFO  [14:42:44.775] [bbotk]  warnings errors runtime_learners                                uhash
INFO  [14:42:44.775] [bbotk]         0      0           27.416 5d8c67c8-c072-4c62-9d1f-5e7e359cd7ac
INFO  [14:42:56.378] [bbotk] Evaluating 1 configuration(s)
INFO  [14:44:22.050] [bbotk] Result of batch 5:
INFO  [14:44:22.059] [bbotk]     alpha colsample_bylevel colsample_bytree       eta    lambda max_depth
INFO  [14:44:22.059] [bbotk]  1.110155         0.8127168        0.6573699 -4.194529 0.9092224        11
INFO  [14:44:22.059] [bbotk]  nrounds subsample     acq_ei  x_domain .already_evaluated classif.bbrier
INFO  [14:44:22.059] [bbotk]     3539 0.7032993 0.02487325 <list[8]>              FALSE      0.1095338
INFO  [14:44:22.059] [bbotk]  warnings errors runtime_learners                                uhash
INFO  [14:44:22.059] [bbotk]         0      0           85.411 3cf7daad-daf4-49ec-9c93-977a60067e8e
INFO  [14:44:35.905] [bbotk] Evaluating 1 configuration(s)
INFO  [14:45:03.220] [bbotk] Result of batch 6:
INFO  [14:45:03.261] [bbotk]     alpha colsample_bylevel colsample_bytree       eta    lambda max_depth
INFO  [14:45:03.261] [bbotk]  -0.54874         0.8413162        0.3735873 -1.807324 -2.842831         3
INFO  [14:45:03.261] [bbotk]  nrounds subsample     acq_ei  x_domain .already_evaluated classif.bbrier
INFO  [14:45:03.261] [bbotk]     2314 0.8344104 0.02058369 <list[8]>              FALSE      0.1310267
INFO  [14:45:03.261] [bbotk]  warnings errors runtime_learners                                uhash
INFO  [14:45:03.261] [bbotk]         0      0            26.65 19064be6-c16a-470a-9ff9-1413c6160a80
INFO  [14:45:11.678] [bbotk] Evaluating 1 configuration(s)
INFO  [14:45:47.242] [bbotk] Result of batch 7:
INFO  [14:45:47.251] [bbotk]      alpha colsample_bylevel colsample_bytree       eta  lambda max_depth
INFO  [14:45:47.251] [bbotk]  0.5517018         0.6705405        0.2549721 -5.609592 -4.2828         6
INFO  [14:45:47.251] [bbotk]  nrounds subsample     acq_ei  x_domain .already_evaluated classif.bbrier
INFO  [14:45:47.251] [bbotk]     2928 0.5927827 0.01944133 <list[8]>              FALSE      0.1070698
INFO  [14:45:47.251] [bbotk]  warnings errors runtime_learners                                uhash
INFO  [14:45:47.251] [bbotk]         0      0           34.974 676debcb-d94a-4296-8d35-87dcdd3f5353
INFO  [14:45:58.222] [bbotk] Evaluating 1 configuration(s)
INFO  [14:46:24.070] [bbotk] Result of batch 8:
INFO  [14:46:24.077] [bbotk]     alpha colsample_bylevel colsample_bytree       eta    lambda max_depth
INFO  [14:46:24.077] [bbotk]  3.079995         0.6655025        0.5909984 -3.759265 0.1273336        11
INFO  [14:46:24.077] [bbotk]  nrounds subsample     acq_ei  x_domain .already_evaluated classif.bbrier
INFO  [14:46:24.077] [bbotk]     3598 0.9225226 0.01741078 <list[8]>              FALSE      0.1101735
INFO  [14:46:24.077] [bbotk]  warnings errors runtime_learners                                uhash
INFO  [14:46:24.077] [bbotk]         0      0           25.218 59889a3f-13ef-4382-8298-1f19f43a89fe
INFO  [14:46:35.290] [bbotk] Evaluating 1 configuration(s)
INFO  [14:46:45.058] [bbotk] Result of batch 9:
INFO  [14:46:45.089] [bbotk]      alpha colsample_bylevel colsample_bytree       eta    lambda max_depth
INFO  [14:46:45.089] [bbotk]  -1.995518         0.4585767        0.1940066 -4.022244 -2.430924         1
INFO  [14:46:45.089] [bbotk]  nrounds subsample     acq_ei  x_domain .already_evaluated classif.bbrier
INFO  [14:46:45.089] [bbotk]     1658 0.7025744 0.01516338 <list[8]>              FALSE      0.1072906
INFO  [14:46:45.089] [bbotk]  warnings errors runtime_learners                                uhash
INFO  [14:46:45.089] [bbotk]         0      0            8.952 b1b21406-fd30-45c7-9c30-39d070278f5e
WARN  [14:46:47.006] [mlr3] train: Stopped because hard maximum generation limit was hit.
INFO  [14:46:59.514] [bbotk] Evaluating 1 configuration(s)
INFO  [14:47:20.990] [bbotk] Result of batch 10:
INFO  [14:47:20.999] [bbotk]       alpha colsample_bylevel colsample_bytree       eta    lambda max_depth
INFO  [14:47:20.999] [bbotk]  -0.5125129         0.6299127        0.1294712 -5.272742 0.3560945         1
INFO  [14:47:20.999] [bbotk]  nrounds subsample    acq_ei  x_domain .already_evaluated classif.bbrier
INFO  [14:47:20.999] [bbotk]     4063 0.1900541 0.0134679 <list[8]>              FALSE      0.1090045
INFO  [14:47:20.999] [bbotk]  warnings errors runtime_learners                                uhash
INFO  [14:47:20.999] [bbotk]         0      0           21.154 da124ab3-5b61-4324-8f0e-2b2ea6e24814
INFO  [14:47:32.022] [bbotk] Evaluating 1 configuration(s)
INFO  [14:48:58.356] [bbotk] Result of batch 11:
INFO  [14:48:58.366] [bbotk]      alpha colsample_bylevel colsample_bytree       eta    lambda max_depth
INFO  [14:48:58.366] [bbotk]  -4.477116         0.5846714        0.4898358 -5.789235 -1.620728        16
INFO  [14:48:58.366] [bbotk]  nrounds subsample     acq_ei  x_domain .already_evaluated classif.bbrier
INFO  [14:48:58.366] [bbotk]     4739 0.5953819 0.01287967 <list[8]>              FALSE      0.1178527
INFO  [14:48:58.366] [bbotk]  warnings errors runtime_learners                                uhash
INFO  [14:48:58.366] [bbotk]         0      0           85.988 0c19dd71-4542-4bcc-8ca2-3020ca6680f2
INFO  [14:49:07.981] [bbotk] Evaluating 1 configuration(s)
INFO  [14:49:42.018] [bbotk] Result of batch 12:
INFO  [14:49:42.028] [bbotk]     alpha colsample_bylevel colsample_bytree       eta    lambda max_depth
INFO  [14:49:42.028] [bbotk]  2.886802         0.5449084        0.5702122 -3.936521 -1.033543        10
INFO  [14:49:42.028] [bbotk]  nrounds subsample     acq_ei  x_domain .already_evaluated classif.bbrier
INFO  [14:49:42.028] [bbotk]     4518 0.5636666 0.01192692 <list[8]>              FALSE      0.1100318
INFO  [14:49:42.028] [bbotk]  warnings errors runtime_learners                                uhash
INFO  [14:49:42.028] [bbotk]         0      0           33.646 8d791ecd-9a06-432e-8359-4beeb3fdac12
INFO  [14:49:49.878] [bbotk] Evaluating 1 configuration(s)
INFO  [14:50:07.631] [bbotk] Result of batch 13:
INFO  [14:50:07.640] [bbotk]     alpha colsample_bylevel colsample_bytree      eta   lambda max_depth
INFO  [14:50:07.640] [bbotk]  3.060344         0.9338048        0.4290675 -1.34423 6.680028        10
INFO  [14:50:07.640] [bbotk]  nrounds subsample     acq_ei  x_domain .already_evaluated classif.bbrier
INFO  [14:50:07.640] [bbotk]     2068 0.9833856 0.01639783 <list[8]>              FALSE      0.1100749
INFO  [14:50:07.640] [bbotk]  warnings errors runtime_learners                                uhash
INFO  [14:50:07.640] [bbotk]         0      0           17.476 d093d57f-f8b2-4b34-b5e1-54b7dfecbaed
INFO  [14:50:20.998] [bbotk] Evaluating 1 configuration(s)
INFO  [14:50:39.420] [bbotk] Result of batch 14:
INFO  [14:50:39.429] [bbotk]      alpha colsample_bylevel colsample_bytree       eta   lambda max_depth
INFO  [14:50:39.429] [bbotk]  0.1426563         0.7434208        0.3098308 -4.726855 1.831345         5
INFO  [14:50:39.429] [bbotk]  nrounds subsample     acq_ei  x_domain .already_evaluated classif.bbrier
INFO  [14:50:39.429] [bbotk]     1969 0.1904244 0.01237986 <list[8]>              FALSE      0.1073778
INFO  [14:50:39.429] [bbotk]  warnings errors runtime_learners                                uhash
INFO  [14:50:39.429] [bbotk]         0      0           17.761 c61b804f-615a-4ee5-81f4-ed8d780868df
WARN  [14:50:41.374] [mlr3] train: Stopped because hard maximum generation limit was hit.
INFO  [14:50:48.340] [bbotk] Evaluating 1 configuration(s)
INFO  [14:51:09.647] [bbotk] Result of batch 15:
INFO  [14:51:09.696] [bbotk]       alpha colsample_bylevel colsample_bytree       eta   lambda max_depth
INFO  [14:51:09.696] [bbotk]  -0.4415236         0.6374635        0.4892288 -1.883668 5.879297         9
INFO  [14:51:09.696] [bbotk]  nrounds subsample     acq_ei  x_domain .already_evaluated classif.bbrier
INFO  [14:51:09.696] [bbotk]     1188 0.6646642 0.01532658 <list[8]>              FALSE      0.1065178
INFO  [14:51:09.696] [bbotk]  warnings errors runtime_learners                                uhash
INFO  [14:51:09.696] [bbotk]         0      0           21.022 cc017557-953b-4379-b92d-1e005a8d7517
INFO  [14:51:22.802] [bbotk] Evaluating 1 configuration(s)
INFO  [14:51:56.661] [bbotk] Result of batch 16:
INFO  [14:51:56.669] [bbotk]     alpha colsample_bylevel colsample_bytree       eta   lambda max_depth
INFO  [14:51:56.669] [bbotk]  2.958532         0.4331878        0.7639529 -1.073086 6.695431         3
INFO  [14:51:56.669] [bbotk]  nrounds subsample     acq_ei  x_domain .already_evaluated classif.bbrier
INFO  [14:51:56.669] [bbotk]     3916 0.9962745 0.01258883 <list[8]>              FALSE      0.1101081
INFO  [14:51:56.669] [bbotk]  warnings errors runtime_learners                                uhash
INFO  [14:51:56.669] [bbotk]         0      0           33.295 0c084386-45d1-4cd7-ae64-b065db818ba0
INFO  [14:52:08.571] [bbotk] Evaluating 1 configuration(s)
INFO  [14:52:36.390] [bbotk] Result of batch 17:
INFO  [14:52:36.420] [bbotk]       alpha colsample_bylevel colsample_bytree       eta   lambda max_depth
INFO  [14:52:36.420] [bbotk]  -0.2740409         0.3017999        0.1404578 -3.654879 5.797406        10
INFO  [14:52:36.420] [bbotk]  nrounds subsample    acq_ei  x_domain .already_evaluated classif.bbrier
INFO  [14:52:36.420] [bbotk]     2922 0.6505599 0.0111808 <list[8]>              FALSE      0.1090326
INFO  [14:52:36.420] [bbotk]  warnings errors runtime_learners                                uhash
INFO  [14:52:36.420] [bbotk]         0      0           27.559 51e33e3f-45b2-4bc2-a382-dd2ae3019f63
INFO  [14:52:46.321] [bbotk] Evaluating 1 configuration(s)
INFO  [14:52:56.526] [bbotk] Result of batch 18:
INFO  [14:52:56.548] [bbotk]      alpha colsample_bylevel colsample_bytree     eta   lambda max_depth
INFO  [14:52:56.548] [bbotk]  -1.017412         0.2705892        0.1954628 -3.5195 6.639406         3
INFO  [14:52:56.548] [bbotk]  nrounds subsample      acq_ei  x_domain .already_evaluated classif.bbrier
INFO  [14:52:56.548] [bbotk]      920 0.8947491 0.008777914 <list[8]>              FALSE      0.1112069
INFO  [14:52:56.548] [bbotk]  warnings errors runtime_learners                                uhash
INFO  [14:52:56.548] [bbotk]         0      0            9.916 8239dd0d-a574-4ddb-a441-8943e71a3827
INFO  [14:53:12.092] [bbotk] Evaluating 1 configuration(s)
INFO  [14:54:51.642] [bbotk] Result of batch 19:
INFO  [14:54:51.688] [bbotk]     alpha colsample_bylevel colsample_bytree       eta    lambda max_depth
INFO  [14:54:51.688] [bbotk]  1.885102         0.9902639        0.6259068 -5.277625 -6.063096         7
INFO  [14:54:51.688] [bbotk]  nrounds subsample      acq_ei  x_domain .already_evaluated classif.bbrier
INFO  [14:54:51.688] [bbotk]     4697 0.8126934 0.009745907 <list[8]>              FALSE      0.1071503
INFO  [14:54:51.688] [bbotk]  warnings errors runtime_learners                                uhash
INFO  [14:54:51.688] [bbotk]         0      0           99.071 97500890-88d9-49b7-a1ea-480c74ed150d
INFO  [14:55:05.414] [bbotk] Evaluating 1 configuration(s)
INFO  [14:55:15.220] [bbotk] Result of batch 20:
INFO  [14:55:15.234] [bbotk]       alpha colsample_bylevel colsample_bytree       eta   lambda max_depth
INFO  [14:55:15.234] [bbotk]  -0.1212695         0.7063221        0.4054179 -4.696886 6.072151         8
INFO  [14:55:15.234] [bbotk]  nrounds subsample      acq_ei  x_domain .already_evaluated classif.bbrier
INFO  [14:55:15.234] [bbotk]      391 0.7533971 0.009390775 <list[8]>              FALSE      0.1315823
INFO  [14:55:15.234] [bbotk]  warnings errors runtime_learners                                uhash
INFO  [14:55:15.234] [bbotk]         0      0            8.924 cecab98b-40ad-4414-a8cb-ee1b74f49f03
WARN  [14:55:17.657] [mlr3] train: Stopped because hard maximum generation limit was hit.
INFO  [14:55:28.193] [bbotk] Evaluating 1 configuration(s)
INFO  [14:55:56.948] [bbotk] Result of batch 21:
INFO  [14:55:56.982] [bbotk]      alpha colsample_bylevel colsample_bytree       eta     lambda max_depth
INFO  [14:55:56.982] [bbotk]  -1.034939         0.2394952        0.2877476 -4.800846 -0.3482026        11
INFO  [14:55:56.982] [bbotk]  nrounds subsample     acq_ei  x_domain .already_evaluated classif.bbrier
INFO  [14:55:56.982] [bbotk]     2583 0.2330438 0.01549159 <list[8]>              FALSE      0.1072891
INFO  [14:55:56.982] [bbotk]  warnings errors runtime_learners                                uhash
INFO  [14:55:56.982] [bbotk]         0      0           28.496 09de1097-f1f0-42a3-9c1d-62ba498d95f6
INFO  [14:56:10.910] [bbotk] Evaluating 1 configuration(s)
INFO  [14:56:24.747] [bbotk] Result of batch 22:
INFO  [14:56:24.799] [bbotk]     alpha colsample_bylevel colsample_bytree       eta   lambda max_depth
INFO  [14:56:24.799] [bbotk]  3.220465         0.5389943        0.7728936 -1.160964 2.733815         7
INFO  [14:56:24.799] [bbotk]  nrounds subsample      acq_ei  x_domain .already_evaluated classif.bbrier
INFO  [14:56:24.799] [bbotk]      700 0.7622076 0.009996857 <list[8]>              FALSE      0.1109401
INFO  [14:56:24.799] [bbotk]  warnings errors runtime_learners                                uhash
INFO  [14:56:24.799] [bbotk]         0      0           13.342 d7dfe723-2a81-4bbb-be3a-18ef8f2700f7
INFO  [14:56:35.910] [bbotk] Evaluating 1 configuration(s)
INFO  [14:56:53.233] [bbotk] Result of batch 23:
INFO  [14:56:53.256] [bbotk]       alpha colsample_bylevel colsample_bytree       eta   lambda max_depth
INFO  [14:56:53.256] [bbotk]  -0.1134813         0.1855062        0.4179919 -2.727374 1.955632        10
INFO  [14:56:53.256] [bbotk]  nrounds subsample     acq_ei  x_domain .already_evaluated classif.bbrier
INFO  [14:56:53.256] [bbotk]     1210 0.9235185 0.01118259 <list[8]>              FALSE      0.1118063
INFO  [14:56:53.256] [bbotk]  warnings errors runtime_learners                                uhash
INFO  [14:56:53.256] [bbotk]         0      0           16.528 7dfcbdc4-c868-4370-9b90-63e65e8c09b2
INFO  [14:57:09.118] [bbotk] Evaluating 1 configuration(s)
INFO  [14:57:45.254] [bbotk] Result of batch 24:
INFO  [14:57:45.279] [bbotk]     alpha colsample_bylevel colsample_bytree       eta   lambda max_depth
INFO  [14:57:45.279] [bbotk]  2.076765         0.1429455        0.2311517 -5.523171 4.294538         4
INFO  [14:57:45.279] [bbotk]  nrounds subsample      acq_ei  x_domain .already_evaluated classif.bbrier
INFO  [14:57:45.279] [bbotk]     4294 0.5680369 0.008903142 <list[8]>              FALSE       0.110868
INFO  [14:57:45.279] [bbotk]  warnings errors runtime_learners                                uhash
INFO  [14:57:45.279] [bbotk]         0      0           35.848 84c82067-2784-4458-ae81-9c74c252fb8e
INFO  [14:57:56.808] [bbotk] Evaluating 1 configuration(s)
INFO  [14:59:12.628] [bbotk] Result of batch 25:
INFO  [14:59:12.639] [bbotk]     alpha colsample_bylevel colsample_bytree       eta  lambda max_depth
INFO  [14:59:12.639] [bbotk]  2.231702         0.5498649        0.8398538 -4.434915 5.56844         6
INFO  [14:59:12.639] [bbotk]  nrounds subsample      acq_ei  x_domain .already_evaluated classif.bbrier
INFO  [14:59:12.639] [bbotk]     4346 0.5420169 0.007421898 <list[8]>              FALSE      0.1091319
INFO  [14:59:12.639] [bbotk]  warnings errors runtime_learners                                uhash
INFO  [14:59:12.639] [bbotk]         0      0           75.111 d85d7f15-7bee-4e1d-8d1c-d5644a7384e1
INFO  [14:59:28.786] [bbotk] Evaluating 1 configuration(s)
INFO  [14:59:56.406] [bbotk] Result of batch 26:
INFO  [14:59:56.461] [bbotk]     alpha colsample_bylevel colsample_bytree       eta     lambda max_depth
INFO  [14:59:56.461] [bbotk]  1.492813         0.3284328        0.2295384 -4.477979 -0.2944109         7
INFO  [14:59:56.461] [bbotk]  nrounds subsample     acq_ei  x_domain .already_evaluated classif.bbrier
INFO  [14:59:56.461] [bbotk]     2929 0.6445577 0.01230968 <list[8]>              FALSE      0.1071789
INFO  [14:59:56.461] [bbotk]  warnings errors runtime_learners                                uhash
INFO  [14:59:56.461] [bbotk]         0      0           27.341 4aa789ec-4132-43c9-9558-b040c8650d44
WARN  [15:00:00.613] [mlr3] train: Stopped because hard maximum generation limit was hit.
INFO  [15:00:18.909] [bbotk] Evaluating 1 configuration(s)
INFO  [15:00:49.552] [bbotk] Result of batch 27:
INFO  [15:00:49.576] [bbotk]     alpha colsample_bylevel colsample_bytree       eta   lambda max_depth
INFO  [15:00:49.576] [bbotk]  2.643739         0.5507764        0.3113088 -5.169529 3.568688        12
INFO  [15:00:49.576] [bbotk]  nrounds subsample     acq_ei  x_domain .already_evaluated classif.bbrier
INFO  [15:00:49.576] [bbotk]     3899 0.8645246 0.01124241 <list[8]>              FALSE      0.1098826
INFO  [15:00:49.576] [bbotk]  warnings errors runtime_learners                                uhash
INFO  [15:00:49.576] [bbotk]         0      0           29.995 3e76b3bb-8c24-4ac9-9958-90f1faaea12c
WARN  [15:00:52.733] [mlr3] train: Stopped because hard maximum generation limit was hit.
INFO  [15:01:14.008] [bbotk] Evaluating 1 configuration(s)
INFO  [15:01:59.868] [bbotk] Result of batch 28:
INFO  [15:01:59.879] [bbotk]       alpha colsample_bylevel colsample_bytree       eta    lambda max_depth
INFO  [15:01:59.879] [bbotk]  -0.3580068         0.7243446        0.1074531 -6.967383 -2.329014         6
INFO  [15:01:59.879] [bbotk]  nrounds subsample      acq_ei  x_domain .already_evaluated classif.bbrier
INFO  [15:01:59.879] [bbotk]     4874  0.695522 0.008686247 <list[8]>              FALSE      0.1076223
INFO  [15:01:59.879] [bbotk]  warnings errors runtime_learners                                uhash
INFO  [15:01:59.879] [bbotk]         0      0           45.259 9843dec0-561d-4cb3-bc37-2d1a4adfd5d5
INFO  [15:02:09.980] [bbotk] Evaluating 1 configuration(s)
INFO  [15:02:28.430] [bbotk] Result of batch 29:
INFO  [15:02:28.439] [bbotk]      alpha colsample_bylevel colsample_bytree      eta   lambda max_depth
INFO  [15:02:28.439] [bbotk]  -5.237864         0.1502458        0.6582157 -2.23583 2.910219         3
INFO  [15:02:28.439] [bbotk]  nrounds subsample      acq_ei  x_domain .already_evaluated classif.bbrier
INFO  [15:02:28.439] [bbotk]     1768 0.7543775 0.007606788 <list[8]>              FALSE      0.1108077
INFO  [15:02:28.439] [bbotk]  warnings errors runtime_learners                                uhash
INFO  [15:02:28.439] [bbotk]         0      0           18.014 0b73fd64-1ae9-423a-b96b-011cca78812f
INFO  [15:02:44.106] [bbotk] Evaluating 1 configuration(s)
INFO  [15:03:29.108] [bbotk] Result of batch 30:
INFO  [15:03:29.178] [bbotk]      alpha colsample_bylevel colsample_bytree       eta    lambda max_depth
INFO  [15:03:29.178] [bbotk]  -4.527687          0.110362        0.5339863 -4.470131 -2.093821        12
INFO  [15:03:29.178] [bbotk]  nrounds subsample      acq_ei  x_domain .already_evaluated classif.bbrier
INFO  [15:03:29.178] [bbotk]     2877 0.6745793 0.007227738 <list[8]>              FALSE      0.1169661
INFO  [15:03:29.178] [bbotk]  warnings errors runtime_learners                                uhash
INFO  [15:03:29.178] [bbotk]         0      0           44.022 9528b910-03c2-4b65-a131-6aebad9ed944
WARN  [15:03:32.385] [mlr3] train: Stopped because hard maximum generation limit was hit.
INFO  [15:03:44.264] [bbotk] Evaluating 1 configuration(s)
INFO  [15:04:14.255] [bbotk] Result of batch 31:
INFO  [15:04:14.264] [bbotk]       alpha colsample_bylevel colsample_bytree       eta   lambda max_depth
INFO  [15:04:14.264] [bbotk]  -0.1472869         0.6620707        0.3221381 -3.891893 1.966186         5
INFO  [15:04:14.264] [bbotk]  nrounds subsample      acq_ei  x_domain .already_evaluated classif.bbrier
INFO  [15:04:14.264] [bbotk]     1776  0.482419 0.006482699 <list[8]>              FALSE      0.1082036
INFO  [15:04:14.264] [bbotk]  warnings errors runtime_learners                                uhash
INFO  [15:04:14.264] [bbotk]         0      0           28.899 ab4b5e87-26f6-4683-918d-6b7e32eee17d
INFO  [15:04:28.795] [bbotk] Evaluating 1 configuration(s)
INFO  [15:05:21.172] [bbotk] Result of batch 32:
INFO  [15:05:21.182] [bbotk]      alpha colsample_bylevel colsample_bytree       eta    lambda max_depth
INFO  [15:05:21.182] [bbotk]  0.1768333         0.9914264         0.336078 -5.946862 -4.715011         4
INFO  [15:05:21.182] [bbotk]  nrounds subsample      acq_ei  x_domain .already_evaluated classif.bbrier
INFO  [15:05:21.182] [bbotk]     4178   0.36093 0.008457311 <list[8]>              FALSE      0.1070139
INFO  [15:05:21.182] [bbotk]  warnings errors runtime_learners                                uhash
INFO  [15:05:21.182] [bbotk]         0      0           52.061 533f72e4-598a-4de4-b19b-872e7234f541
INFO  [15:05:29.211] [bbotk] Evaluating 1 configuration(s)
INFO  [15:06:26.017] [bbotk] Result of batch 33:
INFO  [15:06:26.044] [bbotk]       alpha colsample_bylevel colsample_bytree       eta   lambda max_depth
INFO  [15:06:26.044] [bbotk]  -0.8461953         0.8784943        0.5887572 -6.085756 1.766499        10
INFO  [15:06:26.044] [bbotk]  nrounds subsample      acq_ei  x_domain .already_evaluated classif.bbrier
INFO  [15:06:26.044] [bbotk]     4921 0.1660913 0.008009546 <list[8]>              FALSE      0.1070566
INFO  [15:06:26.044] [bbotk]  warnings errors runtime_learners                                uhash
INFO  [15:06:26.044] [bbotk]         0      0           56.405 792cddb0-5dfc-4a6b-8fff-b8ffe94d3a11
INFO  [15:06:41.954] [bbotk] Evaluating 1 configuration(s)
INFO  [15:06:49.087] [bbotk] Result of batch 34:
INFO  [15:06:49.097] [bbotk]      alpha colsample_bylevel colsample_bytree       eta   lambda max_depth
INFO  [15:06:49.097] [bbotk]  -3.395591         0.3263973        0.3777538 -1.270817 4.271752         4
INFO  [15:06:49.097] [bbotk]  nrounds subsample      acq_ei  x_domain .already_evaluated classif.bbrier
INFO  [15:06:49.097] [bbotk]      515 0.2576381 0.007463081 <list[8]>              FALSE      0.1082602
INFO  [15:06:49.097] [bbotk]  warnings errors runtime_learners                                uhash
INFO  [15:06:49.097] [bbotk]         0      0            6.289 201db35e-b43a-40de-87f3-e8c0f61346f5
INFO  [15:07:04.317] [bbotk] Evaluating 1 configuration(s)
INFO  [15:07:59.626] [bbotk] Result of batch 35:
INFO  [15:07:59.692] [bbotk]       alpha colsample_bylevel colsample_bytree       eta    lambda max_depth
INFO  [15:07:59.692] [bbotk]  -0.2528685         0.1719918        0.7790891 -5.613589 0.7251445         5
INFO  [15:07:59.692] [bbotk]  nrounds subsample      acq_ei  x_domain .already_evaluated classif.bbrier
INFO  [15:07:59.692] [bbotk]     4599 0.5268495 0.008132684 <list[8]>              FALSE      0.1071792
INFO  [15:07:59.692] [bbotk]  warnings errors runtime_learners                                uhash
INFO  [15:07:59.692] [bbotk]         0      0           54.778 ce29b844-2a9f-4591-912e-431d1f8638f2
INFO  [15:08:11.983] [bbotk] Evaluating 1 configuration(s)
INFO  [15:08:26.540] [bbotk] Result of batch 36:
INFO  [15:08:26.621] [bbotk]      alpha colsample_bylevel colsample_bytree       eta   lambda max_depth
INFO  [15:08:26.621] [bbotk]  -3.344756         0.1352853        0.1030866 -2.760332 1.305376         2
INFO  [15:08:26.621] [bbotk]  nrounds subsample      acq_ei  x_domain .already_evaluated classif.bbrier
INFO  [15:08:26.621] [bbotk]     1199 0.2964391 0.007611712 <list[8]>              FALSE      0.1090723
INFO  [15:08:26.621] [bbotk]  warnings errors runtime_learners                                uhash
INFO  [15:08:26.621] [bbotk]         0      0           14.267 be238784-bab4-4dd8-b7f9-d2bbfad64684
INFO  [15:08:40.763] [bbotk] Evaluating 1 configuration(s)
INFO  [15:11:43.230] [bbotk] Result of batch 37:
INFO  [15:11:43.280] [bbotk]      alpha colsample_bylevel colsample_bytree       eta    lambda max_depth
INFO  [15:11:43.280] [bbotk]  -1.594507         0.8782554        0.8695215 -7.252365 -4.786445        11
INFO  [15:11:43.280] [bbotk]  nrounds subsample      acq_ei  x_domain .already_evaluated classif.bbrier
INFO  [15:11:43.280] [bbotk]     4910 0.6591673 0.007722764 <list[8]>              FALSE      0.1080981
INFO  [15:11:43.280] [bbotk]  warnings errors runtime_learners                                uhash
INFO  [15:11:43.280] [bbotk]         0      0          182.042 51c48501-7ee4-44e5-9ffb-1c87c036356c
INFO  [15:11:56.539] [bbotk] Evaluating 1 configuration(s)
INFO  [15:12:30.258] [bbotk] Result of batch 38:
INFO  [15:12:30.293] [bbotk]     alpha colsample_bylevel colsample_bytree       eta   lambda max_depth
INFO  [15:12:30.293] [bbotk]  1.660249         0.1509901        0.2437492 -1.202226 6.162445         5
INFO  [15:12:30.293] [bbotk]  nrounds subsample      acq_ei  x_domain .already_evaluated classif.bbrier
INFO  [15:12:30.293] [bbotk]     3893  0.571467 0.006233963 <list[8]>              FALSE      0.1071001
INFO  [15:12:30.293] [bbotk]  warnings errors runtime_learners                                uhash
INFO  [15:12:30.293] [bbotk]         0      0           33.171 177cdc86-062a-4373-b682-7bfa3d7ec5f2
INFO  [15:12:49.166] [bbotk] Evaluating 1 configuration(s)
INFO  [15:13:41.709] [bbotk] Result of batch 39:
INFO  [15:13:41.740] [bbotk]      alpha colsample_bylevel colsample_bytree       eta    lambda max_depth
INFO  [15:13:41.740] [bbotk]  -5.302756         0.9070705        0.2568932 -6.821982 -2.751196         3
INFO  [15:13:41.740] [bbotk]  nrounds subsample      acq_ei  x_domain .already_evaluated classif.bbrier
INFO  [15:13:41.740] [bbotk]     4819  0.754379 0.007146145 <list[8]>              FALSE      0.1071459
INFO  [15:13:41.740] [bbotk]  warnings errors runtime_learners                                uhash
INFO  [15:13:41.740] [bbotk]         0      0           51.665 97135f90-cdde-4a81-a4d1-1e098c7480a7
INFO  [15:13:54.047] [bbotk] Evaluating 1 configuration(s)
INFO  [15:15:52.819] [bbotk] Result of batch 40:
INFO  [15:15:52.828] [bbotk]     alpha colsample_bylevel colsample_bytree       eta   lambda max_depth
INFO  [15:15:52.828] [bbotk]  1.664535         0.9566036        0.8208552 -1.803728 5.823655        13
INFO  [15:15:52.828] [bbotk]  nrounds subsample      acq_ei  x_domain .already_evaluated classif.bbrier
INFO  [15:15:52.828] [bbotk]     4392 0.9274215 0.008138665 <list[8]>              FALSE      0.1087038
INFO  [15:15:52.828] [bbotk]  warnings errors runtime_learners                                uhash
INFO  [15:15:52.828] [bbotk]         0      0          118.522 2993d9d0-9ba6-472e-83ce-5e4e8ae755c0
INFO  [15:16:04.551] [bbotk] Evaluating 1 configuration(s)
INFO  [15:16:24.484] [bbotk] Result of batch 41:
INFO  [15:16:24.528] [bbotk]       alpha colsample_bylevel colsample_bytree      eta    lambda max_depth
INFO  [15:16:24.528] [bbotk]  -0.4649213          0.215136        0.1402396 -5.26309 -4.376022         4
INFO  [15:16:24.528] [bbotk]  nrounds subsample      acq_ei  x_domain .already_evaluated classif.bbrier
INFO  [15:16:24.528] [bbotk]     1909 0.6977192 0.008380701 <list[8]>              FALSE       0.107241
INFO  [15:16:24.528] [bbotk]  warnings errors runtime_learners                                uhash
INFO  [15:16:24.528] [bbotk]         0      0           19.272 6a54e259-0f5a-4811-a556-6b85ba7c704d
INFO  [15:16:42.682] [bbotk] Evaluating 1 configuration(s)
INFO  [15:17:13.216] [bbotk] Result of batch 42:
INFO  [15:17:13.257] [bbotk]    alpha colsample_bylevel colsample_bytree       eta   lambda max_depth
INFO  [15:17:13.257] [bbotk]  2.05643         0.6198533        0.2459911 -2.142131 5.945721         2
INFO  [15:17:13.257] [bbotk]  nrounds subsample      acq_ei  x_domain .already_evaluated classif.bbrier
INFO  [15:17:13.257] [bbotk]     4844 0.6909142 0.007371189 <list[8]>              FALSE      0.1078469
INFO  [15:17:13.257] [bbotk]  warnings errors runtime_learners                                uhash
INFO  [15:17:13.257] [bbotk]         0      0           30.197 2bb69a62-adad-447d-a93a-da4115b6c83e
INFO  [15:17:29.471] [bbotk] Evaluating 1 configuration(s)
INFO  [15:18:53.108] [bbotk] Result of batch 43:
INFO  [15:18:53.116] [bbotk]      alpha colsample_bylevel colsample_bytree       eta    lambda max_depth
INFO  [15:18:53.116] [bbotk]  -4.565709         0.7508003        0.4537737 -6.474607 -4.908957         8
INFO  [15:18:53.116] [bbotk]  nrounds subsample      acq_ei  x_domain .already_evaluated classif.bbrier
INFO  [15:18:53.116] [bbotk]     3665 0.4546126 0.006778738 <list[8]>              FALSE      0.1076891
INFO  [15:18:53.116] [bbotk]  warnings errors runtime_learners                                uhash
INFO  [15:18:53.116] [bbotk]         0      0            83.29 f6a69212-d7c2-414c-92ca-8947a5aed259
INFO  [15:19:04.590] [bbotk] Evaluating 1 configuration(s)
INFO  [15:19:36.898] [bbotk] Result of batch 44:
INFO  [15:19:36.920] [bbotk]     alpha colsample_bylevel colsample_bytree       eta   lambda max_depth
INFO  [15:19:36.920] [bbotk]  2.447433         0.2676082        0.9683305 -1.862791 6.891582        11
INFO  [15:19:36.920] [bbotk]  nrounds subsample      acq_ei  x_domain .already_evaluated classif.bbrier
INFO  [15:19:36.920] [bbotk]     4199 0.5796425 0.008258981 <list[8]>              FALSE       0.108711
INFO  [15:19:36.920] [bbotk]  warnings errors runtime_learners                                uhash
INFO  [15:19:36.920] [bbotk]         0      0           31.183 61fc59ca-a7b6-42ed-a545-41c0019ab65f
INFO  [15:19:56.586] [bbotk] Evaluating 1 configuration(s)
INFO  [15:20:42.034] [bbotk] Result of batch 45:
INFO  [15:20:42.042] [bbotk]      alpha colsample_bylevel colsample_bytree       eta   lambda max_depth
INFO  [15:20:42.042] [bbotk]  -6.169366         0.8413261        0.9856575 -6.998152 -3.00086         2
INFO  [15:20:42.042] [bbotk]  nrounds subsample      acq_ei  x_domain .already_evaluated classif.bbrier
INFO  [15:20:42.042] [bbotk]     4487 0.2588023 0.006283921 <list[8]>              FALSE      0.1076582
INFO  [15:20:42.042] [bbotk]  warnings errors runtime_learners                                uhash
INFO  [15:20:42.042] [bbotk]         0      0           45.077 19afbf9d-622a-4e9c-8538-f14bc3afded6
WARN  [15:20:45.315] [mlr3] train: Stopped because hard maximum generation limit was hit.
INFO  [15:20:52.634] [bbotk] Evaluating 1 configuration(s)
INFO  [15:21:01.088] [bbotk] Result of batch 46:
INFO  [15:21:01.099] [bbotk]     alpha colsample_bylevel colsample_bytree       eta   lambda max_depth
INFO  [15:21:01.099] [bbotk]  1.787511         0.8304693        0.2481932 -1.434414 4.968298         2
INFO  [15:21:01.099] [bbotk]  nrounds subsample      acq_ei  x_domain .already_evaluated classif.bbrier
INFO  [15:21:01.099] [bbotk]     1057 0.7405096 0.007354492 <list[8]>              FALSE      0.1077452
INFO  [15:21:01.099] [bbotk]  warnings errors runtime_learners                                uhash
INFO  [15:21:01.099] [bbotk]         0      0            8.211 ae74dea8-a294-4971-a74d-3ab71987b114
INFO  [15:21:13.389] [bbotk] Evaluating 1 configuration(s)
INFO  [15:22:14.176] [bbotk] Result of batch 47:
INFO  [15:22:14.183] [bbotk]      alpha colsample_bylevel colsample_bytree       eta    lambda max_depth
INFO  [15:22:14.183] [bbotk]  -6.254837         0.2749814        0.6871945 -6.676701 -1.687757         9
INFO  [15:22:14.183] [bbotk]  nrounds subsample     acq_ei  x_domain .already_evaluated classif.bbrier
INFO  [15:22:14.183] [bbotk]     4616 0.2740141 0.00679268 <list[8]>              FALSE      0.1063509
INFO  [15:22:14.183] [bbotk]  warnings errors runtime_learners                                uhash
INFO  [15:22:14.183] [bbotk]         0      0           60.032 41d14cc1-33fd-4ac1-a531-5dc10bef8e89
INFO  [15:22:25.782] [bbotk] Evaluating 1 configuration(s)
INFO  [15:24:19.724] [bbotk] Result of batch 48:
INFO  [15:24:19.740] [bbotk]      alpha colsample_bylevel colsample_bytree       eta   lambda max_depth
INFO  [15:24:19.740] [bbotk]  -3.518982         0.8825869        0.6008183 -6.806853 -1.98237         8
INFO  [15:24:19.740] [bbotk]  nrounds subsample      acq_ei  x_domain .already_evaluated classif.bbrier
INFO  [15:24:19.740] [bbotk]     4589 0.4652867 0.005216542 <list[8]>              FALSE      0.1076482
INFO  [15:24:19.740] [bbotk]  warnings errors runtime_learners                                uhash
INFO  [15:24:19.740] [bbotk]         0      0           113.26 6bb02890-097b-40b2-81e9-fc8e1ffd4269
INFO  [15:24:41.883] [bbotk] Evaluating 1 configuration(s)
INFO  [15:25:15.972] [bbotk] Result of batch 49:
INFO  [15:25:15.981] [bbotk]      alpha colsample_bylevel colsample_bytree       eta    lambda max_depth
INFO  [15:25:15.981] [bbotk]  -1.415056          0.422687        0.4854569 -5.106971 -1.346014         6
INFO  [15:25:15.981] [bbotk]  nrounds subsample    acq_ei  x_domain .already_evaluated classif.bbrier
INFO  [15:25:15.981] [bbotk]     2420 0.4926219 0.0062906 <list[8]>              FALSE      0.1115015
INFO  [15:25:15.981] [bbotk]  warnings errors runtime_learners                                uhash
INFO  [15:25:15.981] [bbotk]         0      0           33.414 cf21b80b-f1c2-46ae-8124-6e36f9856144
INFO  [15:25:35.484] [bbotk] Evaluating 1 configuration(s)
INFO  [15:26:20.683] [bbotk] Result of batch 50:
INFO  [15:26:20.754] [bbotk]      alpha colsample_bylevel colsample_bytree       eta    lambda max_depth
INFO  [15:26:20.754] [bbotk]  -6.709673         0.6822434        0.3520295 -7.331975 -5.111519         5
INFO  [15:26:20.754] [bbotk]  nrounds subsample      acq_ei  x_domain .already_evaluated classif.bbrier
INFO  [15:26:20.754] [bbotk]     4534 0.1486132 0.005015206 <list[8]>              FALSE      0.1072132
INFO  [15:26:20.754] [bbotk]  warnings errors runtime_learners                                uhash
INFO  [15:26:20.754] [bbotk]         0      0           44.965 7a88a902-5fe6-4159-b463-42fbac608ca4
INFO  [15:26:33.297] [bbotk] Evaluating 1 configuration(s)
INFO  [15:26:52.557] [bbotk] Result of batch 51:
INFO  [15:26:52.567] [bbotk]      alpha colsample_bylevel colsample_bytree      eta    lambda max_depth
INFO  [15:26:52.567] [bbotk]  0.1158448         0.9121697        0.2280713 -5.03785 -5.838265         5
INFO  [15:26:52.567] [bbotk]  nrounds subsample      acq_ei  x_domain .already_evaluated classif.bbrier
INFO  [15:26:52.567] [bbotk]     1175 0.5937984 0.007196097 <list[8]>              FALSE      0.1061319
INFO  [15:26:52.567] [bbotk]  warnings errors runtime_learners                                uhash
INFO  [15:26:52.567] [bbotk]         0      0           18.988 bd44c314-fe6d-4b21-bf6a-6b37da1c737e
INFO  [15:27:03.382] [bbotk] Evaluating 1 configuration(s)
INFO  [15:27:54.690] [bbotk] Result of batch 52:
INFO  [15:27:54.702] [bbotk]       alpha colsample_bylevel colsample_bytree       eta    lambda max_depth
INFO  [15:27:54.702] [bbotk]  -0.9775812         0.9541211        0.1823338 -6.089324 -2.616663        20
INFO  [15:27:54.702] [bbotk]  nrounds subsample      acq_ei  x_domain .already_evaluated classif.bbrier
INFO  [15:27:54.702] [bbotk]     3914 0.3404918 0.004884212 <list[8]>              FALSE      0.1080312
INFO  [15:27:54.702] [bbotk]  warnings errors runtime_learners                                uhash
INFO  [15:27:54.702] [bbotk]         0      0           51.002 67b2ebc2-d1d4-469b-9708-1c47d2e75a51
INFO  [15:28:10.216] [bbotk] Evaluating 1 configuration(s)
INFO  [15:28:33.172] [bbotk] Result of batch 53:
INFO  [15:28:33.181] [bbotk]     alpha colsample_bylevel colsample_bytree       eta   lambda max_depth
INFO  [15:28:33.181] [bbotk]  0.446545         0.9359697        0.1827263 -5.211905 -3.31393        11
INFO  [15:28:33.181] [bbotk]  nrounds subsample    acq_ei  x_domain .already_evaluated classif.bbrier
INFO  [15:28:33.181] [bbotk]     1736 0.5015259 0.0092327 <list[8]>              FALSE      0.1069469
INFO  [15:28:33.181] [bbotk]  warnings errors runtime_learners                                uhash
INFO  [15:28:33.181] [bbotk]         0      0           22.337 0134844f-f82a-40e6-ab2c-1100534959db
INFO  [15:28:50.204] [bbotk] Evaluating 1 configuration(s)
INFO  [15:29:06.864] [bbotk] Result of batch 54:
INFO  [15:29:06.909] [bbotk]        alpha colsample_bylevel colsample_bytree       eta     lambda max_depth
INFO  [15:29:06.909] [bbotk]  -0.01490402         0.5523578        0.1403501 -4.758786 -0.9139874         6
INFO  [15:29:06.909] [bbotk]  nrounds subsample      acq_ei  x_domain .already_evaluated classif.bbrier
INFO  [15:29:06.909] [bbotk]     1553 0.4065486 0.005863439 <list[8]>              FALSE      0.1080317
INFO  [15:29:06.909] [bbotk]  warnings errors runtime_learners                                uhash
INFO  [15:29:06.909] [bbotk]         0      0           16.242 12633df8-d122-4b1f-aae6-cc08014d4618
WARN  [15:29:14.537] [mlr3] train: Stopped because hard maximum generation limit was hit.
INFO  [15:29:24.386] [bbotk] Evaluating 1 configuration(s)
INFO  [15:30:15.187] [bbotk] Result of batch 55:
INFO  [15:30:15.239] [bbotk]        alpha colsample_bylevel colsample_bytree       eta   lambda max_depth
INFO  [15:30:15.239] [bbotk]  -0.03400078         0.1239811        0.5862181 -5.363527 1.688714        10
INFO  [15:30:15.239] [bbotk]  nrounds subsample      acq_ei  x_domain .already_evaluated classif.bbrier
INFO  [15:30:15.239] [bbotk]     4982 0.8041263 0.005020914 <list[8]>              FALSE      0.1067443
INFO  [15:30:15.239] [bbotk]  warnings errors runtime_learners                                uhash
INFO  [15:30:15.239] [bbotk]         0      0           50.297 916f414e-b7db-4ca4-ac61-1ce7a7e34eaa
INFO  [15:30:22.171] [bbotk] Evaluating 1 configuration(s)
INFO  [15:31:50.776] [bbotk] Result of batch 56:
INFO  [15:31:50.786] [bbotk]      alpha colsample_bylevel colsample_bytree       eta    lambda max_depth
INFO  [15:31:50.786] [bbotk]  -6.283452         0.7985012         0.862509 -8.049928 -5.205155         4
INFO  [15:31:50.786] [bbotk]  nrounds subsample      acq_ei  x_domain .already_evaluated classif.bbrier
INFO  [15:31:50.786] [bbotk]     4951 0.9069044 0.004529574 <list[8]>              FALSE      0.1136107
INFO  [15:31:50.786] [bbotk]  warnings errors runtime_learners                                uhash
INFO  [15:31:50.786] [bbotk]         0      0            88.32 41b3bbd1-9ebe-4a87-9820-a7acc0748372
INFO  [15:32:00.787] [bbotk] Evaluating 1 configuration(s)
INFO  [15:32:13.035] [bbotk] Result of batch 57:
INFO  [15:32:13.045] [bbotk]      alpha colsample_bylevel colsample_bytree       eta   lambda max_depth
INFO  [15:32:13.045] [bbotk]  -2.840433         0.1143782        0.2855971 -1.489052 6.824493         2
INFO  [15:32:13.045] [bbotk]  nrounds subsample      acq_ei  x_domain .already_evaluated classif.bbrier
INFO  [15:32:13.045] [bbotk]     2258 0.6156435 0.004915375 <list[8]>              FALSE       0.108033
INFO  [15:32:13.045] [bbotk]  warnings errors runtime_learners                                uhash
INFO  [15:32:13.045] [bbotk]         0      0           12.064 1cd7f753-6518-4069-a997-a6d16d315a92
INFO  [15:32:26.715] [bbotk] Evaluating 1 configuration(s)
INFO  [15:33:01.826] [bbotk] Result of batch 58:
INFO  [15:33:01.886] [bbotk]     alpha colsample_bylevel colsample_bytree       eta    lambda max_depth
INFO  [15:33:01.886] [bbotk]  2.385927         0.7911457        0.3392947 -4.728351 -2.387786        14
INFO  [15:33:01.886] [bbotk]  nrounds subsample      acq_ei  x_domain .already_evaluated classif.bbrier
INFO  [15:33:01.886] [bbotk]     4353 0.7205563 0.004690908 <list[8]>              FALSE      0.1084191
INFO  [15:33:01.886] [bbotk]  warnings errors runtime_learners                                uhash
INFO  [15:33:01.886] [bbotk]         0      0           34.739 8d13c568-d3ff-49ba-9a71-e427abb5419d
INFO  [15:33:17.159] [bbotk] Evaluating 1 configuration(s)
INFO  [15:34:35.779] [bbotk] Result of batch 59:
INFO  [15:34:35.790] [bbotk]      alpha colsample_bylevel colsample_bytree       eta     lambda max_depth
INFO  [15:34:35.790] [bbotk]  -6.127583          0.948913        0.6066478 -7.137291 -0.9478676        20
INFO  [15:34:35.790] [bbotk]  nrounds subsample      acq_ei  x_domain .already_evaluated classif.bbrier
INFO  [15:34:35.790] [bbotk]     4599 0.2300349 0.004573853 <list[8]>              FALSE      0.1059977
INFO  [15:34:35.790] [bbotk]  warnings errors runtime_learners                                uhash
INFO  [15:34:35.790] [bbotk]         0      0            78.12 379fef98-a021-4ca0-af2c-c96c60d37c49
INFO  [15:34:45.190] [bbotk] Evaluating 1 configuration(s)
INFO  [15:35:12.559] [bbotk] Result of batch 60:
INFO  [15:35:12.582] [bbotk]     alpha colsample_bylevel colsample_bytree       eta  lambda max_depth
INFO  [15:35:12.582] [bbotk]  1.944321         0.9324146        0.9640677 -2.067763 1.50529         3
INFO  [15:35:12.582] [bbotk]  nrounds subsample      acq_ei  x_domain .already_evaluated classif.bbrier
INFO  [15:35:12.582] [bbotk]     1297 0.5000352 0.004677145 <list[8]>              FALSE      0.1085817
INFO  [15:35:12.582] [bbotk]  warnings errors runtime_learners                                uhash
INFO  [15:35:12.582] [bbotk]         0      0           27.098 cc696157-46ec-4508-9867-6c0cb7edf480
INFO  [15:35:21.528] [bbotk] Evaluating 1 configuration(s)
INFO  [15:36:50.664] [bbotk] Result of batch 61:
INFO  [15:36:50.700] [bbotk]      alpha colsample_bylevel colsample_bytree       eta    lambda max_depth
INFO  [15:36:50.700] [bbotk]  -5.663513         0.9160444        0.4012595 -7.723328 -4.876674        20
INFO  [15:36:50.700] [bbotk]  nrounds subsample      acq_ei  x_domain .already_evaluated classif.bbrier
INFO  [15:36:50.700] [bbotk]     4961 0.3199786 0.003966718 <list[8]>              FALSE      0.1070666
INFO  [15:36:50.700] [bbotk]  warnings errors runtime_learners                                uhash
INFO  [15:36:50.700] [bbotk]         0      0           88.673 e562430d-0bd2-4f1c-a690-79386f241df3
INFO  [15:37:04.556] [bbotk] Evaluating 1 configuration(s)
INFO  [15:38:07.445] [bbotk] Result of batch 62:
INFO  [15:38:07.455] [bbotk]      alpha colsample_bylevel colsample_bytree       eta    lambda max_depth
INFO  [15:38:07.455] [bbotk]  -1.224233         0.9478318        0.2927021 -6.842605 -3.958942        17
INFO  [15:38:07.455] [bbotk]  nrounds subsample      acq_ei  x_domain .already_evaluated classif.bbrier
INFO  [15:38:07.455] [bbotk]     4846 0.4767361 0.004346184 <list[8]>              FALSE      0.1076802
INFO  [15:38:07.455] [bbotk]  warnings errors runtime_learners                                uhash
INFO  [15:38:07.455] [bbotk]         0      0            62.41 587032fb-d4ba-4441-8428-269754efae94
WARN  [15:38:10.673] [mlr3] train: Stopped because hard maximum generation limit was hit.
INFO  [15:38:20.695] [bbotk] Evaluating 1 configuration(s)
INFO  [15:38:28.881] [bbotk] Result of batch 63:
INFO  [15:38:28.890] [bbotk]      alpha colsample_bylevel colsample_bytree       eta   lambda max_depth
INFO  [15:38:28.890] [bbotk]  -3.910825         0.5372603        0.7634058 -2.061779 5.428137         1
INFO  [15:38:28.890] [bbotk]  nrounds subsample      acq_ei  x_domain .already_evaluated classif.bbrier
INFO  [15:38:28.890] [bbotk]     1155 0.7718946 0.004166402 <list[8]>              FALSE      0.1089016
INFO  [15:38:28.890] [bbotk]  warnings errors runtime_learners                                uhash
INFO  [15:38:28.890] [bbotk]         0      0            7.877 2c27e4d9-8534-4291-940b-bcf8c626a8e2
INFO  [15:38:42.213] [bbotk] Evaluating 1 configuration(s)
INFO  [15:39:08.615] [bbotk] Result of batch 64:
INFO  [15:39:08.622] [bbotk]     alpha colsample_bylevel colsample_bytree        eta   lambda max_depth
INFO  [15:39:08.622] [bbotk]  1.475433         0.8630663        0.5010711 -0.4200201 6.870969         1
INFO  [15:39:08.622] [bbotk]  nrounds subsample      acq_ei  x_domain .already_evaluated classif.bbrier
INFO  [15:39:08.622] [bbotk]     4669 0.5382199 0.003996542 <list[8]>              FALSE      0.1086166
INFO  [15:39:08.622] [bbotk]  warnings errors runtime_learners                                uhash
INFO  [15:39:08.622] [bbotk]         0      0           25.787 5e225ff6-805d-41e7-8ef7-a2710bc626d4
INFO  [15:39:21.093] [bbotk] Evaluating 1 configuration(s)
INFO  [15:39:51.763] [bbotk] Result of batch 65:
INFO  [15:39:51.772] [bbotk]     alpha colsample_bylevel colsample_bytree       eta   lambda max_depth
INFO  [15:39:51.772] [bbotk]  1.083462         0.1611664        0.7965297 -4.636202 3.573274        11
INFO  [15:39:51.772] [bbotk]  nrounds subsample      acq_ei  x_domain .already_evaluated classif.bbrier
INFO  [15:39:51.772] [bbotk]     4018 0.5218417 0.004296512 <list[8]>              FALSE      0.1069687
INFO  [15:39:51.772] [bbotk]  warnings errors runtime_learners                                uhash
INFO  [15:39:51.772] [bbotk]         0      0           30.333 6645cbf6-0049-42f9-94ec-ad229b993c60
WARN  [15:39:56.832] [mlr3] train: Stopped because hard maximum generation limit was hit.
INFO  [15:40:04.207] [bbotk] Evaluating 1 configuration(s)
INFO  [15:40:09.825] [bbotk] Result of batch 66:
INFO  [15:40:09.836] [bbotk]       alpha colsample_bylevel colsample_bytree       eta   lambda max_depth
INFO  [15:40:09.836] [bbotk]  -0.8681581         0.6994558        0.2885667 -1.593131 4.320321         1
INFO  [15:40:09.836] [bbotk]  nrounds subsample      acq_ei  x_domain .already_evaluated classif.bbrier
INFO  [15:40:09.836] [bbotk]      565 0.1257643 0.006912895 <list[8]>              FALSE      0.1100725
INFO  [15:40:09.836] [bbotk]  warnings errors runtime_learners                                uhash
INFO  [15:40:09.836] [bbotk]         0      0            5.168 a87ebe1d-03db-492b-9c13-7477c247db59
INFO  [15:40:20.360] [bbotk] Evaluating 1 configuration(s)
INFO  [15:40:32.439] [bbotk] Result of batch 67:
INFO  [15:40:32.447] [bbotk]      alpha colsample_bylevel colsample_bytree       eta   lambda max_depth
INFO  [15:40:32.447] [bbotk]  -3.544266         0.7182677        0.5941886 -1.306171 6.308411         2
INFO  [15:40:32.447] [bbotk]  nrounds subsample      acq_ei  x_domain .already_evaluated classif.bbrier
INFO  [15:40:32.447] [bbotk]     1262 0.1301395 0.003592932 <list[8]>              FALSE      0.1086373
INFO  [15:40:32.447] [bbotk]  warnings errors runtime_learners                                uhash
INFO  [15:40:32.447] [bbotk]         0      0            11.65 85b0a832-ef8f-4512-a5d6-b6f788fbbacb
INFO  [15:40:40.463] [bbotk] Evaluating 1 configuration(s)
INFO  [15:40:48.173] [bbotk] Result of batch 68:
INFO  [15:40:48.243] [bbotk]     alpha colsample_bylevel colsample_bytree       eta   lambda max_depth
INFO  [15:40:48.243] [bbotk]  3.031226         0.8971861        0.7496924 -1.414964 1.863758         9
INFO  [15:40:48.243] [bbotk]  nrounds subsample      acq_ei  x_domain .already_evaluated classif.bbrier
INFO  [15:40:48.243] [bbotk]      479 0.9637657 0.003766998 <list[8]>              FALSE       0.110682
INFO  [15:40:48.243] [bbotk]  warnings errors runtime_learners                                uhash
INFO  [15:40:48.243] [bbotk]         0      0            6.942 5d4c1cc8-f598-45c0-b6fa-6bfb87549f5a
INFO  [15:40:59.709] [bbotk] Evaluating 1 configuration(s)
INFO  [15:41:48.638] [bbotk] Result of batch 69:
INFO  [15:41:48.646] [bbotk]      alpha colsample_bylevel colsample_bytree      eta    lambda max_depth
INFO  [15:41:48.646] [bbotk]  -6.854079         0.9062622        0.7543911 -6.50682 -6.634226         2
INFO  [15:41:48.646] [bbotk]  nrounds subsample      acq_ei  x_domain .already_evaluated classif.bbrier
INFO  [15:41:48.646] [bbotk]     4241 0.6298565 0.004801817 <list[8]>              FALSE      0.1074504
INFO  [15:41:48.646] [bbotk]  warnings errors runtime_learners                                uhash
INFO  [15:41:48.646] [bbotk]         0      0           48.355 0dd6c639-5065-405e-8f1e-43a9c1ee6db3
INFO  [15:41:51.099] [bbotk] Finished optimizing after 100 evaluation(s)
INFO  [15:41:51.101] [bbotk] Result:
INFO  [15:41:51.107] [bbotk]      alpha colsample_bylevel colsample_bytree       eta     lambda max_depth
INFO  [15:41:51.107] [bbotk]      <num>             <num>            <num>     <num>      <num>     <int>
INFO  [15:41:51.107] [bbotk]  -6.127583          0.948913        0.6066478 -7.137291 -0.9478676        20
INFO  [15:41:51.107] [bbotk]  nrounds subsample learner_param_vals  x_domain classif.bbrier
INFO  [15:41:51.107] [bbotk]    <int>     <num>             <list>    <list>          <num>
INFO  [15:41:51.107] [bbotk]     4599 0.2300349         <list[10]> <list[8]>      0.1059977

### [bt]: Job terminated successfully [batchtools job.id=1049]
### [bt]: Calculation finished!
