### [bt]: This is batchtools v0.9.17
### [bt]: Starting calculation of 1 jobs
### [bt]: Setting working directory to '/content/drive/MyDrive/GitHub/Mater_Thesis_Calibration'
ece.R :
Friedmann_tasks.R :
Functions.R :
ici.R :
mse_feature_effects.R :
PipeOpCalibration_TuningExperiment.R :
PipeOpCalibration.R :
PipeOpCalibrationUnion.R :
### [bt]: Memory measurement disabled
### [bt]: Starting job [batchtools job.id=1760]
### [bt]: Generating problem instance for problem 'a6b2cabd9f84c607' ...
### [bt]: Applying algorithm 'run_learner' on problem 'a6b2cabd9f84c607' for job 1760 (seed = 1883) ...
INFO  [18:40:56.409] [mlr3] Applying learner 'xgboost TbC isotonic' on task 'phoneme' (iter 10/10)
INFO  [18:41:03.231] [bbotk] Starting to optimize 8 parameter(s) with '<OptimizerMbo>' and '<TerminatorEvals> [n_evals=100, k=0]'
INFO  [18:41:05.500] [bbotk] Evaluating 32 configuration(s)
INFO  [19:01:51.445] [bbotk] Result of batch 1:
INFO  [19:01:51.468] [bbotk]        alpha colsample_bylevel colsample_bytree        eta     lambda max_depth
INFO  [19:01:51.468] [bbotk]   4.81132610         0.1308162         0.652327 -0.2585796  1.9106011        15
INFO  [19:01:51.468] [bbotk]  -2.09642918         0.5808162         0.202327 -4.8637498 -4.9971541         5
INFO  [19:01:51.468] [bbotk]  -5.55030661         0.3558162         0.877327 -2.5611647 -1.5432765        10
INFO  [19:01:51.468] [bbotk]   1.35744846         0.8058162         0.427327 -7.1663350  5.3644788        20
INFO  [19:01:51.468] [bbotk]   6.53826492         0.6933162         0.989827 -1.4098721  0.1836623        17
INFO  [19:01:51.468] [bbotk]  -0.36949036         0.2433162         0.539827 -6.0150423 -6.7240930         7
INFO  [19:01:51.468] [bbotk]  -3.82336779         0.9183162         0.764827 -3.7124572 -3.2702153         2
INFO  [19:01:51.468] [bbotk]   3.08438728         0.4683162         0.314827 -8.3176275  3.6375400        12
INFO  [19:01:51.468] [bbotk]   0.49397905         0.2995662         0.821077 -5.4393960 -2.4067459        16
INFO  [19:01:51.468] [bbotk]  -6.41377608         0.7495662         0.371077 -0.8342258  4.5010094         6
INFO  [19:01:51.468] [bbotk]   3.94785669         0.9745662         0.146077 -3.1368109 -5.8606237        11
INFO  [19:01:51.468] [bbotk]  -2.95989859         0.5245662         0.596077 -7.7419813  1.0471317         1
INFO  [19:01:51.468] [bbotk]  -4.68683720         0.1870662         0.258577 -1.9855184  6.2279482         4
INFO  [19:01:51.468] [bbotk]   2.22091787         0.6370662         0.708577 -6.5906886 -0.6798071        14
INFO  [19:01:51.468] [bbotk]  -1.23295977         0.8620662         0.933577 -8.8932738  2.7740705         9
INFO  [19:01:51.468] [bbotk]   5.67479551         0.4120662         0.483577 -4.2881035 -4.1336847        19
INFO  [19:01:51.468] [bbotk]   0.06224434         0.7214412         0.230452 -4.0002803  2.3423358         1
INFO  [19:01:51.468] [bbotk]  -6.84551077         0.2714412         0.680452 -8.6054506 -4.5654194        11
INFO  [19:01:51.468] [bbotk]   3.51612198         0.4964412         0.905452 -6.3028654  5.7962135         6
INFO  [19:01:51.468] [bbotk]  -3.39163330         0.9464412         0.455452 -1.6976953 -1.1115418        16
INFO  [19:01:51.468] [bbotk]   1.78918316         0.1589412         0.342952 -2.8489878  0.6153970         8
INFO  [19:01:51.468] [bbotk]  -5.11857191         0.6089412         0.792952 -7.4541581 -6.2923583        18
INFO  [19:01:51.468] [bbotk]   5.24306080         0.8339412         0.567952 -5.1515729  4.0692747         3
INFO  [19:01:51.468] [bbotk]  -1.66469448         0.3839412         0.117952 -0.5464027 -2.8384806        13
INFO  [19:01:51.468] [bbotk]   6.10653021         0.2151912         0.174202 -8.0298044 -0.2480724         2
INFO  [19:01:51.468] [bbotk]  -0.80122507         0.6651912         0.624202 -3.4246341  6.6596829        12
INFO  [19:01:51.468] [bbotk]  -4.25510250         0.4401912         0.399202 -5.7272192  3.2058053        17
INFO  [19:01:51.468] [bbotk]   2.65265257         0.8901912         0.849202 -1.1220490 -3.7019500         7
INFO  [19:01:51.468] [bbotk]  -5.98204132         0.7776912         0.286702 -6.8785117  1.4788664        14
INFO  [19:01:51.468] [bbotk]   0.92571375         0.3276912         0.736702 -2.2733415 -5.4288889         4
INFO  [19:01:51.468] [bbotk]  -2.52816389         0.1026912         0.961702 -4.5759266  4.9327441        19
INFO  [19:01:51.468] [bbotk]   4.37959139         0.5526912         0.511702 -9.1810969 -1.9750112         9
INFO  [19:01:51.468] [bbotk]        alpha colsample_bylevel colsample_bytree        eta     lambda max_depth
INFO  [19:01:51.468] [bbotk]  nrounds subsample classif.bbrier warnings errors runtime_learners
INFO  [19:01:51.468] [bbotk]      131 0.2300081     0.19856908        0      0            7.033
INFO  [19:01:51.468] [bbotk]     2631 0.6800081     0.12554775        0      0           33.885
INFO  [19:01:51.468] [bbotk]     1381 0.9050081     0.08613192        0      0           25.061
INFO  [19:01:51.468] [bbotk]     3881 0.4550081     0.16198316        0      0           40.765
INFO  [19:01:51.468] [bbotk]     3256 0.5675081     0.25000000        0      0           19.976
INFO  [19:01:51.468] [bbotk]      756 0.1175081     0.12818262        0      0           10.627
INFO  [19:01:51.468] [bbotk]     4506 0.3425081     0.09722996        0      0           35.567
INFO  [19:01:51.468] [bbotk]     2006 0.7925081     0.20632632        0      0           25.301
INFO  [19:01:51.468] [bbotk]      444 0.2862581     0.11404949        0      0            8.594
INFO  [19:01:51.468] [bbotk]     2944 0.7362581     0.13535105        0      0           40.335
INFO  [19:01:51.468] [bbotk]     4194 0.5112581     0.14216742        0      0           29.451
INFO  [19:01:51.468] [bbotk]     1694 0.9612581     0.19014687        0      0           13.744
INFO  [19:01:51.468] [bbotk]     1069 0.1737581     0.12799332        0      0           11.206
INFO  [19:01:51.468] [bbotk]     3569 0.6237581     0.11301040        0      0           58.348
INFO  [19:01:51.468] [bbotk]     4819 0.3987581     0.16833106        0      0          148.869
INFO  [19:01:51.468] [bbotk]     2319 0.8487581     0.17831076        0      0           24.137
INFO  [19:01:51.468] [bbotk]     1538 0.7643831     0.12587905        0      0           13.074
INFO  [19:01:51.468] [bbotk]     4038 0.3143831     0.14538615        0      0           90.561
INFO  [19:01:51.468] [bbotk]     2788 0.9893831     0.14476161        0      0           51.125
INFO  [19:01:51.468] [bbotk]      288 0.5393831     0.09652598        0      0           10.122
INFO  [19:01:51.468] [bbotk]     4663 0.2018831     0.11762563        0      0           56.564
INFO  [19:01:51.468] [bbotk]     2163 0.6518831     0.11103780        0      0           77.803
INFO  [19:01:51.468] [bbotk]      913 0.4268831     0.20075699        0      0            8.273
INFO  [19:01:51.468] [bbotk]     3413 0.8768831     0.16815679        0      0           53.234
INFO  [19:01:51.468] [bbotk]     4975 0.1456331     0.25000000        0      0           33.422
INFO  [19:01:51.468] [bbotk]     2475 0.5956331     0.11193451        0      0           45.435
INFO  [19:01:51.468] [bbotk]     3725 0.8206331     0.12458907        0      0           79.547
INFO  [19:01:51.468] [bbotk]     1225 0.3706331     0.09639448        0      0           21.566
INFO  [19:01:51.468] [bbotk]      600 0.4831331     0.18935042        0      0           16.935
INFO  [19:01:51.468] [bbotk]     3100 0.9331331     0.08558228        0      0           45.097
INFO  [19:01:51.468] [bbotk]     4350 0.2581331     0.10719618        0      0           73.889
INFO  [19:01:51.468] [bbotk]     1850 0.7081331     0.23051223        0      0           22.436
INFO  [19:01:51.468] [bbotk]  nrounds subsample classif.bbrier warnings errors runtime_learners
INFO  [19:01:51.468] [bbotk]                                 uhash
INFO  [19:01:51.468] [bbotk]  87575c0d-1a2c-43c1-b92c-49ce5d5087b1
INFO  [19:01:51.468] [bbotk]  ca715834-2c91-4346-a0d2-569111f17c22
INFO  [19:01:51.468] [bbotk]  791565c1-245a-41d2-8201-3641caff5fdb
INFO  [19:01:51.468] [bbotk]  2a8c73dd-28f4-4b84-b13a-facce55837c5
INFO  [19:01:51.468] [bbotk]  a53c6737-2f08-4b21-a082-207b32e2c462
INFO  [19:01:51.468] [bbotk]  4096a1ab-08ce-414c-9f62-7dc7afd43745
INFO  [19:01:51.468] [bbotk]  393b9d0b-458a-40a1-b591-1ad6823571d2
INFO  [19:01:51.468] [bbotk]  652cf89d-7c0a-457b-b848-56b518843ff7
INFO  [19:01:51.468] [bbotk]  0ccc2183-8cff-4742-88c4-3dcf5b77a030
INFO  [19:01:51.468] [bbotk]  d72bbbca-14d7-4283-936b-912fc27c703c
INFO  [19:01:51.468] [bbotk]  649e4e93-650f-44ba-913a-64884d1812cc
INFO  [19:01:51.468] [bbotk]  9468da53-5ba7-4e4b-a9c9-9b4064d192be
INFO  [19:01:51.468] [bbotk]  18a24682-9647-4d90-8820-84a033fb942b
INFO  [19:01:51.468] [bbotk]  1f2df022-0f92-4a04-8f21-03f7c2133b64
INFO  [19:01:51.468] [bbotk]  3df2ccdd-9da2-4008-afde-cecda5cbda99
INFO  [19:01:51.468] [bbotk]  cc63ac91-47de-4a54-ac76-dea3d68dfe3c
INFO  [19:01:51.468] [bbotk]  4fe94658-4678-4f3d-adcd-5f634454228b
INFO  [19:01:51.468] [bbotk]  02a1d3b6-56d2-4cdc-bda9-9f960574858c
INFO  [19:01:51.468] [bbotk]  1a21bad5-d82d-428f-8d60-5785acbfe2f8
INFO  [19:01:51.468] [bbotk]  415e1391-3a15-4981-b0d4-cdceb91f8e5d
INFO  [19:01:51.468] [bbotk]  a192573a-65dd-4153-8278-b100ac2ff2aa
INFO  [19:01:51.468] [bbotk]  eac6a922-fb93-4a10-b4aa-8a5d97a4b7d6
INFO  [19:01:51.468] [bbotk]  8ba4e5e0-c84e-485b-bb56-49ba927c0b37
INFO  [19:01:51.468] [bbotk]  d2f50d80-48fb-4ae3-a807-c04036854c46
INFO  [19:01:51.468] [bbotk]  9bc96587-afc4-402c-8d5d-32edd3c402ef
INFO  [19:01:51.468] [bbotk]  7c0d4d0e-18f3-453a-8f7f-414717fee290
INFO  [19:01:51.468] [bbotk]  bea70473-032d-4546-ab7a-4d1a9a1d6501
INFO  [19:01:51.468] [bbotk]  ac7e3fc5-9b08-43bf-9980-f0718fbd8c28
INFO  [19:01:51.468] [bbotk]  c227c424-8003-469a-92b0-3a4e1de25bfc
INFO  [19:01:51.468] [bbotk]  2da8bf8a-f458-4429-b743-27fa4002e1ea
INFO  [19:01:51.468] [bbotk]  a91e1e93-f03d-41d3-8e38-2bde616fc96e
INFO  [19:01:51.468] [bbotk]  66dc76ef-c28b-41c9-ac64-b15b123535c2
INFO  [19:01:51.468] [bbotk]                                 uhash
WARN  [19:01:52.624] [mlr3] train: Stopped because hard maximum generation limit was hit.
INFO  [19:02:04.319] [bbotk] Evaluating 1 configuration(s)
INFO  [19:03:04.046] [bbotk] Result of batch 2:
INFO  [19:03:04.102] [bbotk]     alpha colsample_bylevel colsample_bytree       eta    lambda max_depth
INFO  [19:03:04.102] [bbotk]  1.325511         0.8794493        0.8381162 -3.099021 -3.473231         7
INFO  [19:03:04.102] [bbotk]  nrounds subsample     acq_ei  x_domain .already_evaluated classif.bbrier
INFO  [19:03:04.102] [bbotk]     1857 0.6096918 0.01929089 <list[8]>              FALSE     0.08094457
INFO  [19:03:04.102] [bbotk]  warnings errors runtime_learners                                uhash
INFO  [19:03:04.102] [bbotk]         0      0           58.803 bd467bab-087e-4198-ad95-871fecd5ec0d
INFO  [19:03:09.925] [bbotk] Evaluating 1 configuration(s)
INFO  [19:04:00.702] [bbotk] Result of batch 3:
INFO  [19:04:00.714] [bbotk]      alpha colsample_bylevel colsample_bytree       eta    lambda max_depth
INFO  [19:04:00.714] [bbotk]  -4.887736         0.6260374        0.9745131 -2.660082 -5.950112        17
INFO  [19:04:00.714] [bbotk]  nrounds subsample     acq_ei  x_domain .already_evaluated classif.bbrier
INFO  [19:04:00.714] [bbotk]     2035 0.5663343 0.01331418 <list[8]>              FALSE     0.08513131
INFO  [19:04:00.714] [bbotk]  warnings errors runtime_learners                                uhash
INFO  [19:04:00.714] [bbotk]         0      0           50.156 fa0f5b6c-0d95-40a7-bd1d-9f7e6d166630
INFO  [19:04:10.958] [bbotk] Evaluating 1 configuration(s)
INFO  [19:06:03.419] [bbotk] Result of batch 4:
INFO  [19:06:03.487] [bbotk]      alpha colsample_bylevel colsample_bytree       eta    lambda max_depth
INFO  [19:06:03.487] [bbotk]  -3.187929         0.2942447          0.74735 -4.883358 -6.230121        18
INFO  [19:06:03.487] [bbotk]  nrounds subsample      acq_ei  x_domain .already_evaluated classif.bbrier
INFO  [19:06:03.487] [bbotk]     4366 0.5467664 0.007285846 <list[8]>              FALSE     0.08269619
INFO  [19:06:03.487] [bbotk]  warnings errors runtime_learners                                uhash
INFO  [19:06:03.487] [bbotk]         0      0          111.682 85e99f14-3e54-4b72-b5eb-28f9722225b5
INFO  [19:06:12.086] [bbotk] Evaluating 1 configuration(s)
INFO  [19:08:04.435] [bbotk] Result of batch 5:
INFO  [19:08:04.501] [bbotk]      alpha colsample_bylevel colsample_bytree       eta    lambda max_depth
INFO  [19:08:04.501] [bbotk]  -3.995064         0.4141836         0.813914 -4.702506 -5.588338        16
INFO  [19:08:04.501] [bbotk]  nrounds subsample      acq_ei  x_domain .already_evaluated classif.bbrier
INFO  [19:08:04.501] [bbotk]     3761 0.8989192 0.005839533 <list[8]>              FALSE     0.08071546
INFO  [19:08:04.501] [bbotk]  warnings errors runtime_learners                                uhash
INFO  [19:08:04.501] [bbotk]         0      0           111.67 801a298e-9beb-42a3-9487-26f0b6fc08e5
INFO  [19:08:13.740] [bbotk] Evaluating 1 configuration(s)
INFO  [19:08:26.528] [bbotk] Result of batch 6:
INFO  [19:08:26.537] [bbotk]      alpha colsample_bylevel colsample_bytree       eta    lambda max_depth
INFO  [19:08:26.537] [bbotk]  0.6784972         0.8127658        0.9208126 -1.621704 -5.898553         2
INFO  [19:08:26.537] [bbotk]  nrounds subsample      acq_ei  x_domain .already_evaluated classif.bbrier
INFO  [19:08:26.537] [bbotk]      745 0.3894818 0.005945658 <list[8]>              FALSE     0.09768701
INFO  [19:08:26.537] [bbotk]  warnings errors runtime_learners                                uhash
INFO  [19:08:26.537] [bbotk]         0      0           12.255 636d9e7f-606c-4c10-ac71-8f195b41d9b9
INFO  [19:08:34.820] [bbotk] Evaluating 1 configuration(s)
INFO  [19:09:17.781] [bbotk] Result of batch 7:
INFO  [19:09:17.793] [bbotk]     alpha colsample_bylevel colsample_bytree       eta    lambda max_depth
INFO  [19:09:17.793] [bbotk]  1.878259         0.6417584        0.7813754 -4.194559 -5.035745         8
INFO  [19:09:17.793] [bbotk]  nrounds subsample     acq_ei  x_domain .already_evaluated classif.bbrier
INFO  [19:09:17.793] [bbotk]     2478 0.9220369 0.00723601 <list[8]>              FALSE     0.09057579
INFO  [19:09:17.793] [bbotk]  warnings errors runtime_learners                                uhash
INFO  [19:09:17.793] [bbotk]         0      0           42.432 3b6573b1-48b2-4ab0-9b1b-f6f1df9d4f61
WARN  [19:09:20.348] [mlr3] train: Stopped because hard maximum generation limit was hit.
INFO  [19:09:27.237] [bbotk] Evaluating 1 configuration(s)
INFO  [19:10:32.593] [bbotk] Result of batch 8:
INFO  [19:10:32.603] [bbotk]      alpha colsample_bylevel colsample_bytree       eta    lambda max_depth
INFO  [19:10:32.603] [bbotk]  -4.119544         0.3640844        0.8354458 -5.091153 -5.055837        19
INFO  [19:10:32.603] [bbotk]  nrounds subsample      acq_ei  x_domain .already_evaluated classif.bbrier
INFO  [19:10:32.603] [bbotk]     2542 0.2994681 0.007103036 <list[8]>              FALSE     0.07992938
INFO  [19:10:32.603] [bbotk]  warnings errors runtime_learners                                uhash
INFO  [19:10:32.603] [bbotk]         0      0            64.92 37b750a5-1b81-4973-a485-076cb9545a23
INFO  [19:10:43.722] [bbotk] Evaluating 1 configuration(s)
INFO  [19:12:03.539] [bbotk] Result of batch 9:
INFO  [19:12:03.589] [bbotk]      alpha colsample_bylevel colsample_bytree       eta     lambda max_depth
INFO  [19:12:03.589] [bbotk]  -4.114439         0.1285446         0.748936 -3.450433 -0.3354916        20
INFO  [19:12:03.589] [bbotk]  nrounds subsample      acq_ei  x_domain .already_evaluated classif.bbrier
INFO  [19:12:03.589] [bbotk]     2619 0.5968045 0.006459804 <list[8]>              FALSE     0.08497543
INFO  [19:12:03.589] [bbotk]  warnings errors runtime_learners                                uhash
INFO  [19:12:03.589] [bbotk]         0      0           79.118 924d8c67-cc6d-40b0-a683-51fe81c5073b
INFO  [19:12:14.062] [bbotk] Evaluating 1 configuration(s)
INFO  [19:13:00.312] [bbotk] Result of batch 10:
INFO  [19:13:00.335] [bbotk]    alpha colsample_bylevel colsample_bytree       eta    lambda max_depth
INFO  [19:13:00.335] [bbotk]  1.10039         0.5926627        0.7335545 -2.726793 -3.771158         8
INFO  [19:13:00.335] [bbotk]  nrounds subsample      acq_ei  x_domain .already_evaluated classif.bbrier
INFO  [19:13:00.335] [bbotk]     2871 0.4047438 0.006100315 <list[8]>              FALSE     0.08533484
INFO  [19:13:00.335] [bbotk]  warnings errors runtime_learners                                uhash
INFO  [19:13:00.335] [bbotk]         0      0           45.605 3d4209ed-591b-4f96-a0ec-da92c5100255
INFO  [19:13:09.223] [bbotk] Evaluating 1 configuration(s)
INFO  [19:13:36.172] [bbotk] Result of batch 11:
INFO  [19:13:36.217] [bbotk]      alpha colsample_bylevel colsample_bytree       eta    lambda max_depth
INFO  [19:13:36.217] [bbotk]  -3.632265         0.8041572        0.8689758 -3.335163 -2.422581        16
INFO  [19:13:36.217] [bbotk]  nrounds subsample     acq_ei  x_domain .already_evaluated classif.bbrier
INFO  [19:13:36.217] [bbotk]      424 0.5720189 0.00379578 <list[8]>              FALSE     0.07861867
INFO  [19:13:36.217] [bbotk]  warnings errors runtime_learners                                uhash
INFO  [19:13:36.217] [bbotk]         0      0           26.292 d5a2ada4-81e7-42bd-9d44-9988bf4f638c
WARN  [19:13:40.227] [mlr3] train: Stopped because hard maximum generation limit was hit.
INFO  [19:13:47.457] [bbotk] Evaluating 1 configuration(s)
INFO  [19:14:18.515] [bbotk] Result of batch 12:
INFO  [19:14:18.531] [bbotk]      alpha colsample_bylevel colsample_bytree       eta    lambda max_depth
INFO  [19:14:18.531] [bbotk]  -3.633648         0.4100716        0.7774168 -2.929156 -6.804689        18
INFO  [19:14:18.531] [bbotk]  nrounds subsample      acq_ei  x_domain .already_evaluated classif.bbrier
INFO  [19:14:18.531] [bbotk]     1054 0.8420632 0.005555141 <list[8]>              FALSE     0.08575339
INFO  [19:14:18.531] [bbotk]  warnings errors runtime_learners                                uhash
INFO  [19:14:18.531] [bbotk]         0      0           30.723 99b7e6f2-f390-43e3-b661-4038677ba0e3
INFO  [19:14:30.793] [bbotk] Evaluating 1 configuration(s)
INFO  [19:16:52.274] [bbotk] Result of batch 13:
INFO  [19:16:52.284] [bbotk]      alpha colsample_bylevel colsample_bytree       eta    lambda max_depth
INFO  [19:16:52.284] [bbotk]  -4.443282         0.8362798        0.9168002 -4.700483 -6.005839        18
INFO  [19:16:52.284] [bbotk]  nrounds subsample      acq_ei  x_domain .already_evaluated classif.bbrier
INFO  [19:16:52.284] [bbotk]     3990  0.466947 0.003156039 <list[8]>              FALSE     0.08111027
INFO  [19:16:52.284] [bbotk]  warnings errors runtime_learners                                uhash
INFO  [19:16:52.284] [bbotk]         0      0          141.049 11389588-9fe7-4cd0-8fc6-3508a03deeaf
WARN  [19:16:53.017] [mlr3] train: Stopped because hard maximum generation limit was hit.
INFO  [19:16:58.784] [bbotk] Evaluating 1 configuration(s)
INFO  [19:17:36.651] [bbotk] Result of batch 14:
INFO  [19:17:36.664] [bbotk]      alpha colsample_bylevel colsample_bytree       eta    lambda max_depth
INFO  [19:17:36.664] [bbotk]  -3.787649         0.9798191        0.8228067 -2.241583 0.1533654         7
INFO  [19:17:36.664] [bbotk]  nrounds subsample      acq_ei  x_domain .already_evaluated classif.bbrier
INFO  [19:17:36.664] [bbotk]     1213 0.6301812 0.003467302 <list[8]>              FALSE     0.08580485
INFO  [19:17:36.664] [bbotk]  warnings errors runtime_learners                                uhash
INFO  [19:17:36.664] [bbotk]         0      0           37.511 849eb6d2-c776-4f5b-a5db-a68ce6d888cb
WARN  [19:17:39.458] [mlr3] train: Stopped because hard maximum generation limit was hit.
INFO  [19:17:47.382] [bbotk] Evaluating 1 configuration(s)
INFO  [19:18:44.208] [bbotk] Result of batch 15:
INFO  [19:18:44.215] [bbotk]      alpha colsample_bylevel colsample_bytree       eta    lambda max_depth
INFO  [19:18:44.215] [bbotk]  -4.052998         0.6199786        0.9676946 -4.096447 -5.586475        16
INFO  [19:18:44.215] [bbotk]  nrounds subsample      acq_ei  x_domain .already_evaluated classif.bbrier
INFO  [19:18:44.215] [bbotk]     1754 0.5487787 0.003757138 <list[8]>              FALSE      0.0797392
INFO  [19:18:44.215] [bbotk]  warnings errors runtime_learners                                uhash
INFO  [19:18:44.215] [bbotk]         0      0           56.307 5b1b0203-db5e-4b3c-8a9a-1bbcc00c7092
INFO  [19:18:54.399] [bbotk] Evaluating 1 configuration(s)
INFO  [19:19:48.731] [bbotk] Result of batch 16:
INFO  [19:19:48.771] [bbotk]     alpha colsample_bylevel colsample_bytree       eta    lambda max_depth
INFO  [19:19:48.771] [bbotk]  1.789862         0.9748681        0.7452598 -3.073687 -4.277581         3
INFO  [19:19:48.771] [bbotk]  nrounds subsample      acq_ei  x_domain .already_evaluated classif.bbrier
INFO  [19:19:48.771] [bbotk]     3990 0.6584981 0.002445836 <list[8]>              FALSE     0.09068582
INFO  [19:19:48.771] [bbotk]  warnings errors runtime_learners                                uhash
INFO  [19:19:48.771] [bbotk]         0      0           53.988 81b981d7-8efa-4d06-8d1e-0f606321201c
INFO  [19:20:01.308] [bbotk] Evaluating 1 configuration(s)
INFO  [19:20:12.530] [bbotk] Result of batch 17:
INFO  [19:20:12.540] [bbotk]     alpha colsample_bylevel colsample_bytree       eta    lambda max_depth
INFO  [19:20:12.540] [bbotk]  1.708761         0.7938866        0.6099115 -2.196564 -5.053934        15
INFO  [19:20:12.540] [bbotk]  nrounds subsample      acq_ei  x_domain .already_evaluated classif.bbrier
INFO  [19:20:12.540] [bbotk]      410 0.9409334 0.003497704 <list[8]>              FALSE     0.08468636
INFO  [19:20:12.540] [bbotk]  warnings errors runtime_learners                                uhash
INFO  [19:20:12.540] [bbotk]         0      0           10.919 1c5d3a82-8579-4b9d-b308-8b6720831c72
WARN  [19:20:14.946] [mlr3] train: Stopped because hard maximum generation limit was hit.
INFO  [19:20:23.791] [bbotk] Evaluating 1 configuration(s)
INFO  [19:21:07.953] [bbotk] Result of batch 18:
INFO  [19:21:07.961] [bbotk]      alpha colsample_bylevel colsample_bytree       eta    lambda max_depth
INFO  [19:21:07.961] [bbotk]  -4.276149         0.5690455        0.7388291 -3.310016 -2.980879        14
INFO  [19:21:07.961] [bbotk]  nrounds subsample      acq_ei  x_domain .already_evaluated classif.bbrier
INFO  [19:21:07.961] [bbotk]     1874 0.5632142 0.003548115 <list[8]>              FALSE     0.08634417
INFO  [19:21:07.961] [bbotk]  warnings errors runtime_learners                                uhash
INFO  [19:21:07.961] [bbotk]         0      0           43.786 122cbd1c-8d75-4651-b01b-348b63fff02b
INFO  [19:21:20.177] [bbotk] Evaluating 1 configuration(s)
INFO  [19:23:10.468] [bbotk] Result of batch 19:
INFO  [19:23:10.478] [bbotk]      alpha colsample_bylevel colsample_bytree       eta    lambda max_depth
INFO  [19:23:10.478] [bbotk]  -4.205087         0.1599196        0.9451255 -4.356033 -4.064052        20
INFO  [19:23:10.478] [bbotk]  nrounds subsample      acq_ei  x_domain .already_evaluated classif.bbrier
INFO  [19:23:10.478] [bbotk]     4197  0.823248 0.003763983 <list[8]>              FALSE     0.08182255
INFO  [19:23:10.478] [bbotk]  warnings errors runtime_learners                                uhash
INFO  [19:23:10.478] [bbotk]         0      0          109.998 2df723bc-5ecb-4aaa-a51b-e5d07647ca07
WARN  [19:23:14.413] [mlr3] train: Stopped because hard maximum generation limit was hit.
INFO  [19:23:21.760] [bbotk] Evaluating 1 configuration(s)
INFO  [19:23:56.290] [bbotk] Result of batch 20:
INFO  [19:23:56.301] [bbotk]      alpha colsample_bylevel colsample_bytree       eta   lambda max_depth
INFO  [19:23:56.301] [bbotk]  -3.901862          0.889809        0.9026009 -2.227021 2.020282        14
INFO  [19:23:56.301] [bbotk]  nrounds subsample      acq_ei  x_domain .already_evaluated classif.bbrier
INFO  [19:23:56.301] [bbotk]      587 0.9709167 0.003036546 <list[8]>              FALSE     0.07900843
INFO  [19:23:56.301] [bbotk]  warnings errors runtime_learners                                uhash
INFO  [19:23:56.301] [bbotk]         0      0           33.899 c74974e8-683c-403d-b8d5-824cad5fcef2
INFO  [19:24:07.842] [bbotk] Evaluating 1 configuration(s)
INFO  [19:24:22.264] [bbotk] Result of batch 21:
INFO  [19:24:22.273] [bbotk]      alpha colsample_bylevel colsample_bytree       eta     lambda max_depth
INFO  [19:24:22.273] [bbotk]  -4.076303         0.2058232        0.9897969 -2.466481 -0.7977631        18
INFO  [19:24:22.273] [bbotk]  nrounds subsample      acq_ei  x_domain .already_evaluated classif.bbrier
INFO  [19:24:22.273] [bbotk]      389 0.6145605 0.003727752 <list[8]>              FALSE     0.08162689
INFO  [19:24:22.273] [bbotk]  warnings errors runtime_learners                                uhash
INFO  [19:24:22.273] [bbotk]         0      0           13.997 8c82d0c1-bd43-4443-a11f-b4a395da2857
WARN  [19:24:24.563] [mlr3] train: Stopped because hard maximum generation limit was hit.
INFO  [19:24:32.248] [bbotk] Evaluating 1 configuration(s)
INFO  [19:25:23.217] [bbotk] Result of batch 22:
INFO  [19:25:23.289] [bbotk]     alpha colsample_bylevel colsample_bytree       eta    lambda max_depth
INFO  [19:25:23.289] [bbotk]  1.047371          0.950397        0.9140755 -1.740598 0.3993067        11
INFO  [19:25:23.289] [bbotk]  nrounds subsample     acq_ei  x_domain .already_evaluated classif.bbrier
INFO  [19:25:23.289] [bbotk]     2413 0.9375796 0.00288113 <list[8]>              FALSE     0.07969913
INFO  [19:25:23.289] [bbotk]  warnings errors runtime_learners                                uhash
INFO  [19:25:23.289] [bbotk]         0      0           50.051 fe90c4a1-93ab-400e-83c3-c820447cdd75
WARN  [19:25:26.509] [mlr3] train: Stopped because hard maximum generation limit was hit.
INFO  [19:25:36.783] [bbotk] Evaluating 1 configuration(s)
INFO  [19:26:32.148] [bbotk] Result of batch 23:
INFO  [19:26:32.158] [bbotk]      alpha colsample_bylevel colsample_bytree       eta    lambda max_depth
INFO  [19:26:32.158] [bbotk]  -2.722746         0.9732393        0.9083304 -2.589104 -1.929552        14
INFO  [19:26:32.158] [bbotk]  nrounds subsample      acq_ei  x_domain .already_evaluated classif.bbrier
INFO  [19:26:32.158] [bbotk]     2099 0.6235403 0.002839558 <list[8]>              FALSE     0.08583288
INFO  [19:26:32.158] [bbotk]  warnings errors runtime_learners                                uhash
INFO  [19:26:32.158] [bbotk]         0      0           54.966 1d8d01d5-2fc7-43f2-a8cc-45b742d066f3
WARN  [19:26:32.689] [mlr3] train: Stopped because hard maximum generation limit was hit.
INFO  [19:26:39.722] [bbotk] Evaluating 1 configuration(s)
INFO  [19:27:07.690] [bbotk] Result of batch 24:
INFO  [19:27:07.704] [bbotk]      alpha colsample_bylevel colsample_bytree       eta   lambda max_depth
INFO  [19:27:07.704] [bbotk]  -5.354601         0.7033634        0.9794183 -2.283375 3.267633        20
INFO  [19:27:07.704] [bbotk]  nrounds subsample      acq_ei  x_domain .already_evaluated classif.bbrier
INFO  [19:27:07.704] [bbotk]      820 0.7016833 0.002438801 <list[8]>              FALSE      0.0802498
INFO  [19:27:07.704] [bbotk]  warnings errors runtime_learners                                uhash
INFO  [19:27:07.704] [bbotk]         0      0           27.243 bcda0f02-a778-480c-836c-ad39025bfde5
WARN  [19:27:11.706] [mlr3] train: Stopped because hard maximum generation limit was hit.
INFO  [19:27:19.395] [bbotk] Evaluating 1 configuration(s)
INFO  [19:28:00.984] [bbotk] Result of batch 25:
INFO  [19:28:00.994] [bbotk]     alpha colsample_bylevel colsample_bytree       eta    lambda max_depth
INFO  [19:28:00.994] [bbotk]  1.252679         0.8161947        0.9185654 -1.974567 -3.342853        10
INFO  [19:28:00.994] [bbotk]  nrounds subsample      acq_ei  x_domain .already_evaluated classif.bbrier
INFO  [19:28:00.994] [bbotk]     1642 0.9094771 0.004564333 <list[8]>              FALSE     0.08013138
INFO  [19:28:00.994] [bbotk]  warnings errors runtime_learners                                uhash
INFO  [19:28:00.994] [bbotk]         0      0           41.252 f1d282bd-9e9f-439f-b8d0-59a0e6eccbea
INFO  [19:28:09.412] [bbotk] Evaluating 1 configuration(s)
INFO  [19:28:30.115] [bbotk] Result of batch 26:
INFO  [19:28:30.164] [bbotk]      alpha colsample_bylevel colsample_bytree       eta    lambda max_depth
INFO  [19:28:30.164] [bbotk]  -5.250159         0.8718114        0.9880627 -3.092615 -5.276756        17
INFO  [19:28:30.164] [bbotk]  nrounds subsample      acq_ei  x_domain .already_evaluated classif.bbrier
INFO  [19:28:30.164] [bbotk]      341 0.9790015 0.002622295 <list[8]>              FALSE     0.07956692
INFO  [19:28:30.164] [bbotk]  warnings errors runtime_learners                                uhash
INFO  [19:28:30.164] [bbotk]         0      0           20.328 d819ba19-b6e0-4346-be94-6a863115c8bf
WARN  [19:28:32.233] [mlr3] train: Stopped because hard maximum generation limit was hit.
INFO  [19:28:41.344] [bbotk] Evaluating 1 configuration(s)
INFO  [19:30:05.194] [bbotk] Result of batch 27:
INFO  [19:30:05.205] [bbotk]      alpha colsample_bylevel colsample_bytree       eta    lambda max_depth
INFO  [19:30:05.205] [bbotk]  0.7617495         0.1224093        0.9417268 -5.620124 -6.171459        20
INFO  [19:30:05.205] [bbotk]  nrounds subsample      acq_ei  x_domain .already_evaluated classif.bbrier
INFO  [19:30:05.205] [bbotk]     4439 0.4664118 0.002744685 <list[8]>              FALSE     0.08410558
INFO  [19:30:05.205] [bbotk]  warnings errors runtime_learners                                uhash
INFO  [19:30:05.205] [bbotk]         0      0           83.408 dc45438d-73d4-4d71-ba8e-985a54355f58
WARN  [19:30:06.896] [mlr3] train: Stopped because hard maximum generation limit was hit.
INFO  [19:30:18.391] [bbotk] Evaluating 1 configuration(s)
INFO  [19:30:26.402] [bbotk] Result of batch 28:
INFO  [19:30:26.412] [bbotk]      alpha colsample_bylevel colsample_bytree       eta   lambda max_depth
INFO  [19:30:26.412] [bbotk]  -3.712672           0.93981        0.7726704 -2.759579 3.897511        20
INFO  [19:30:26.412] [bbotk]  nrounds subsample      acq_ei  x_domain .already_evaluated classif.bbrier
INFO  [19:30:26.412] [bbotk]      111 0.8151489 0.002245564 <list[8]>              FALSE      0.1024984
INFO  [19:30:26.412] [bbotk]  warnings errors runtime_learners                                uhash
INFO  [19:30:26.412] [bbotk]         0      0            7.409 363504a1-0d97-4ada-a8c0-da0ab61fc12e
INFO  [19:30:36.471] [bbotk] Evaluating 1 configuration(s)
INFO  [19:30:54.217] [bbotk] Result of batch 29:
INFO  [19:30:54.245] [bbotk]      alpha colsample_bylevel colsample_bytree       eta    lambda max_depth
INFO  [19:30:54.245] [bbotk]  -4.951392         0.8709208         0.904571 -1.636651 -2.378151        19
INFO  [19:30:54.245] [bbotk]  nrounds subsample      acq_ei  x_domain .already_evaluated classif.bbrier
INFO  [19:30:54.245] [bbotk]      473 0.5775183 0.003171219 <list[8]>              FALSE     0.08810048
INFO  [19:30:54.245] [bbotk]  warnings errors runtime_learners                                uhash
INFO  [19:30:54.245] [bbotk]         0      0            17.46 a46664cd-f78e-4b4b-b162-b03eaaf2cb05
WARN  [19:30:55.748] [mlr3] train: Stopped because hard maximum generation limit was hit.
INFO  [19:31:05.544] [bbotk] Evaluating 1 configuration(s)
INFO  [19:32:55.503] [bbotk] Result of batch 30:
INFO  [19:32:55.548] [bbotk]     alpha colsample_bylevel colsample_bytree       eta    lambda max_depth
INFO  [19:32:55.548] [bbotk]  1.169165          0.386419        0.8695716 -4.734535 -1.156098        20
INFO  [19:32:55.548] [bbotk]  nrounds subsample      acq_ei  x_domain .already_evaluated classif.bbrier
INFO  [19:32:55.548] [bbotk]     4926 0.9448764 0.002854738 <list[8]>              FALSE     0.08115172
INFO  [19:32:55.548] [bbotk]  warnings errors runtime_learners                                uhash
INFO  [19:32:55.548] [bbotk]         0      0          109.368 03383778-bdeb-4e7b-b082-5c64765926df
INFO  [19:33:07.632] [bbotk] Evaluating 1 configuration(s)
INFO  [19:34:16.035] [bbotk] Result of batch 31:
INFO  [19:34:16.046] [bbotk]     alpha colsample_bylevel colsample_bytree      eta    lambda max_depth
INFO  [19:34:16.046] [bbotk]  1.196041         0.4964775        0.8109089 -4.08147 -6.376693        17
INFO  [19:34:16.046] [bbotk]  nrounds subsample      acq_ei  x_domain .already_evaluated classif.bbrier
INFO  [19:34:16.046] [bbotk]     3889 0.8510626 0.002428271 <list[8]>              FALSE     0.08087612
INFO  [19:34:16.046] [bbotk]  warnings errors runtime_learners                                uhash
INFO  [19:34:16.046] [bbotk]         0      0            67.89 b704e4fe-b826-4058-b10f-e002cd3ce4ac
INFO  [19:34:24.227] [bbotk] Evaluating 1 configuration(s)
INFO  [19:35:13.758] [bbotk] Result of batch 32:
INFO  [19:35:13.779] [bbotk]      alpha colsample_bylevel colsample_bytree       eta    lambda max_depth
INFO  [19:35:13.779] [bbotk]  0.7094601         0.1015851        0.8714823 -3.675401 -1.308367         5
INFO  [19:35:13.779] [bbotk]  nrounds subsample      acq_ei  x_domain .already_evaluated classif.bbrier
INFO  [19:35:13.779] [bbotk]     3131 0.9408386 0.002244845 <list[8]>              FALSE     0.08248495
INFO  [19:35:13.779] [bbotk]  warnings errors runtime_learners                                uhash
INFO  [19:35:13.779] [bbotk]         0      0           49.169 ea159bef-4b0e-4a69-8ff0-02612ef784ec
INFO  [19:35:24.804] [bbotk] Evaluating 1 configuration(s)
INFO  [19:37:12.317] [bbotk] Result of batch 33:
INFO  [19:37:12.327] [bbotk]      alpha colsample_bylevel colsample_bytree      eta    lambda max_depth
INFO  [19:37:12.327] [bbotk]  -4.300005         0.4350857        0.9863866 -4.56746 -2.112917        18
INFO  [19:37:12.327] [bbotk]  nrounds subsample     acq_ei  x_domain .already_evaluated classif.bbrier
INFO  [19:37:12.327] [bbotk]     2805  0.985923 0.00344972 <list[8]>              FALSE     0.07994277
INFO  [19:37:12.327] [bbotk]  warnings errors runtime_learners                                uhash
INFO  [19:37:12.327] [bbotk]         0      0          107.053 3869381f-a12e-4456-b9ea-0bb1867d0029
INFO  [19:37:26.532] [bbotk] Evaluating 1 configuration(s)
INFO  [19:37:55.781] [bbotk] Result of batch 34:
INFO  [19:37:55.807] [bbotk]      alpha colsample_bylevel colsample_bytree       eta    lambda max_depth
INFO  [19:37:55.807] [bbotk]  -4.855374         0.3996208         0.978624 -3.112264 -2.596592        16
INFO  [19:37:55.807] [bbotk]  nrounds subsample      acq_ei  x_domain .already_evaluated classif.bbrier
INFO  [19:37:55.807] [bbotk]     1278 0.7710101 0.002903764 <list[8]>              FALSE     0.08245778
INFO  [19:37:55.807] [bbotk]  warnings errors runtime_learners                                uhash
INFO  [19:37:55.807] [bbotk]         0      0           28.535 563d5332-6b4f-4804-87fc-28147b5090a2
WARN  [19:37:57.919] [mlr3] train: Stopped because hard maximum generation limit was hit.
INFO  [19:38:07.996] [bbotk] Evaluating 1 configuration(s)
INFO  [19:38:35.854] [bbotk] Result of batch 35:
INFO  [19:38:35.864] [bbotk]      alpha colsample_bylevel colsample_bytree      eta    lambda max_depth
INFO  [19:38:35.864] [bbotk]  -4.954421         0.6889554        0.9751335 -2.61621 -1.082505        18
INFO  [19:38:35.864] [bbotk]  nrounds subsample      acq_ei  x_domain .already_evaluated classif.bbrier
INFO  [19:38:35.864] [bbotk]      876 0.7411396 0.002253751 <list[8]>              FALSE     0.08100649
INFO  [19:38:35.864] [bbotk]  warnings errors runtime_learners                                uhash
INFO  [19:38:35.864] [bbotk]         0      0           27.618 67f2267a-c23e-43aa-b4f4-ce76883c3832
INFO  [19:38:44.427] [bbotk] Evaluating 1 configuration(s)
INFO  [19:40:16.738] [bbotk] Result of batch 36:
INFO  [19:40:16.750] [bbotk]      alpha colsample_bylevel colsample_bytree      eta    lambda max_depth
INFO  [19:40:16.750] [bbotk]  0.5473739         0.6288213        0.9844075 -3.80707 -1.132101        17
INFO  [19:40:16.750] [bbotk]  nrounds subsample      acq_ei  x_domain .already_evaluated classif.bbrier
INFO  [19:40:16.750] [bbotk]     3251  0.861822 0.002227381 <list[8]>              FALSE     0.07781231
INFO  [19:40:16.750] [bbotk]  warnings errors runtime_learners                                uhash
INFO  [19:40:16.750] [bbotk]         0      0           91.724 e6711110-5524-47ab-a29b-4ad1a07b1ff3
WARN  [19:40:21.482] [mlr3] train: Stopped because hard maximum generation limit was hit.
INFO  [19:40:29.037] [bbotk] Evaluating 1 configuration(s)
INFO  [19:42:18.141] [bbotk] Result of batch 37:
INFO  [19:42:18.157] [bbotk]      alpha colsample_bylevel colsample_bytree       eta    lambda max_depth
INFO  [19:42:18.157] [bbotk]  0.1133249          0.161235         0.909818 -5.124823 -5.611478        15
INFO  [19:42:18.157] [bbotk]  nrounds subsample      acq_ei  x_domain .already_evaluated classif.bbrier
INFO  [19:42:18.157] [bbotk]     4766 0.8594801 0.002214962 <list[8]>              FALSE     0.07746417
INFO  [19:42:18.157] [bbotk]  warnings errors runtime_learners                                uhash
INFO  [19:42:18.157] [bbotk]         0      0          108.681 7ca8e3fa-a7bd-41af-99e0-d2c93b0a58d9
INFO  [19:42:30.683] [bbotk] Evaluating 1 configuration(s)
INFO  [19:44:59.945] [bbotk] Result of batch 38:
INFO  [19:44:59.965] [bbotk]      alpha colsample_bylevel colsample_bytree       eta    lambda max_depth
INFO  [19:44:59.965] [bbotk]  -1.085735         0.5551371        0.9407089 -5.298315 -6.216607        18
INFO  [19:44:59.965] [bbotk]  nrounds subsample      acq_ei  x_domain .already_evaluated classif.bbrier
INFO  [19:44:59.965] [bbotk]     3290 0.9547799 0.001799688 <list[8]>              FALSE     0.07645721
INFO  [19:44:59.965] [bbotk]  warnings errors runtime_learners                                uhash
INFO  [19:44:59.965] [bbotk]         0      0          148.259 a61faf8f-41d9-47ed-9d7d-c844eb06c08e
WARN  [19:45:01.917] [mlr3] train: Stopped because hard maximum generation limit was hit.
INFO  [19:45:08.599] [bbotk] Evaluating 1 configuration(s)
INFO  [19:46:32.848] [bbotk] Result of batch 39:
INFO  [19:46:32.861] [bbotk]      alpha colsample_bylevel colsample_bytree       eta    lambda max_depth
INFO  [19:46:32.861] [bbotk]  0.3946339         0.3952661        0.7728201 -4.310787 -3.793462        14
INFO  [19:46:32.861] [bbotk]  nrounds subsample      acq_ei  x_domain .already_evaluated classif.bbrier
INFO  [19:46:32.861] [bbotk]     3900 0.9569615 0.001949013 <list[8]>              FALSE     0.07920998
INFO  [19:46:32.861] [bbotk]  warnings errors runtime_learners                                uhash
INFO  [19:46:32.861] [bbotk]         0      0           83.925 1ee7d568-32e3-41d7-a1af-7c2dd9c8b277
WARN  [19:46:35.724] [mlr3] train: Stopped because hard maximum generation limit was hit.
INFO  [19:46:43.033] [bbotk] Evaluating 1 configuration(s)
INFO  [19:49:07.763] [bbotk] Result of batch 40:
INFO  [19:49:07.770] [bbotk]      alpha colsample_bylevel colsample_bytree       eta    lambda max_depth
INFO  [19:49:07.770] [bbotk]  -3.058126         0.1959195        0.8634739 -5.531511 -6.836442        17
INFO  [19:49:07.770] [bbotk]  nrounds subsample      acq_ei  x_domain .already_evaluated classif.bbrier
INFO  [19:49:07.770] [bbotk]     4257 0.7846512 0.001437315 <list[8]>              FALSE     0.07842199
INFO  [19:49:07.770] [bbotk]  warnings errors runtime_learners                                uhash
INFO  [19:49:07.770] [bbotk]         0      0          144.354 19e11418-182e-4452-969f-8db72fae7764
INFO  [19:49:20.174] [bbotk] Evaluating 1 configuration(s)
INFO  [19:50:54.559] [bbotk] Result of batch 41:
INFO  [19:50:54.570] [bbotk]     alpha colsample_bylevel colsample_bytree       eta    lambda max_depth
INFO  [19:50:54.570] [bbotk]  -2.96976         0.4525458        0.9447375 -4.533186 -6.058992        19
INFO  [19:50:54.570] [bbotk]  nrounds subsample      acq_ei  x_domain .already_evaluated classif.bbrier
INFO  [19:50:54.570] [bbotk]     3372 0.9071855 0.001431491 <list[8]>              FALSE     0.08078315
INFO  [19:50:54.570] [bbotk]  warnings errors runtime_learners                                uhash
INFO  [19:50:54.570] [bbotk]         0      0           94.032 ad52e3a1-5dcc-428d-ba20-7274c08f8ab1
WARN  [19:51:00.116] [mlr3] train: Stopped because hard maximum generation limit was hit.
INFO  [19:51:05.966] [bbotk] Evaluating 1 configuration(s)
INFO  [19:52:43.913] [bbotk] Result of batch 42:
INFO  [19:52:43.920] [bbotk]      alpha colsample_bylevel colsample_bytree      eta    lambda max_depth
INFO  [19:52:43.920] [bbotk]  -5.668174          0.442399        0.9670877 -4.68264 -5.964087        16
INFO  [19:52:43.920] [bbotk]  nrounds subsample      acq_ei  x_domain .already_evaluated classif.bbrier
INFO  [19:52:43.920] [bbotk]     3318 0.8523012 0.001356604 <list[8]>              FALSE     0.08076823
INFO  [19:52:43.920] [bbotk]  warnings errors runtime_learners                                uhash
INFO  [19:52:43.920] [bbotk]         0      0           97.681 5363e568-2196-4dec-84cf-9fddf46895ae
INFO  [19:52:54.054] [bbotk] Evaluating 1 configuration(s)
INFO  [19:53:25.241] [bbotk] Result of batch 43:
INFO  [19:53:25.272] [bbotk]     alpha colsample_bylevel colsample_bytree       eta   lambda max_depth
INFO  [19:53:25.272] [bbotk]  1.107543          0.682244        0.9641763 -2.077805 1.139996         1
INFO  [19:53:25.272] [bbotk]  nrounds subsample      acq_ei  x_domain .already_evaluated classif.bbrier
INFO  [19:53:25.272] [bbotk]     2810 0.9700768 0.001320653 <list[8]>              FALSE      0.1166562
INFO  [19:53:25.272] [bbotk]  warnings errors runtime_learners                                uhash
INFO  [19:53:25.272] [bbotk]         0      0           30.834 60dbf9b8-f9a7-4b68-9dfb-20abc4434d43
INFO  [19:53:37.836] [bbotk] Evaluating 1 configuration(s)
INFO  [19:53:56.379] [bbotk] Result of batch 44:
INFO  [19:53:56.398] [bbotk]      alpha colsample_bylevel colsample_bytree       eta    lambda max_depth
INFO  [19:53:56.398] [bbotk]  -0.136233         0.9548771        0.7101015 -2.135969 -6.684125         8
INFO  [19:53:56.398] [bbotk]  nrounds subsample      acq_ei  x_domain .already_evaluated classif.bbrier
INFO  [19:53:56.398] [bbotk]      856 0.2537525 0.005025993 <list[8]>              FALSE     0.08594616
INFO  [19:53:56.398] [bbotk]  warnings errors runtime_learners                                uhash
INFO  [19:53:56.398] [bbotk]         0      0           18.035 ff8c117f-ad28-49fa-83c2-e004d89890b1
INFO  [19:54:05.380] [bbotk] Evaluating 1 configuration(s)
INFO  [19:54:38.976] [bbotk] Result of batch 45:
INFO  [19:54:38.984] [bbotk]      alpha colsample_bylevel colsample_bytree       eta    lambda max_depth
INFO  [19:54:38.984] [bbotk]  0.6636409          0.649876        0.6827837 -2.502746 -3.714932        18
INFO  [19:54:38.984] [bbotk]  nrounds subsample      acq_ei  x_domain .already_evaluated classif.bbrier
INFO  [19:54:38.984] [bbotk]     1963 0.4267461 0.006080126 <list[8]>              FALSE     0.08335717
INFO  [19:54:38.984] [bbotk]  warnings errors runtime_learners                                uhash
INFO  [19:54:38.984] [bbotk]         0      0           33.207 90a14095-53dc-471f-8867-f1735bdd4f19
INFO  [19:54:48.558] [bbotk] Evaluating 1 configuration(s)
INFO  [19:55:26.066] [bbotk] Result of batch 46:
INFO  [19:55:26.073] [bbotk]     alpha colsample_bylevel colsample_bytree       eta    lambda max_depth
INFO  [19:55:26.073] [bbotk]  1.493585         0.9164566        0.8084914 -1.417241 -5.685183        17
INFO  [19:55:26.073] [bbotk]  nrounds subsample      acq_ei  x_domain .already_evaluated classif.bbrier
INFO  [19:55:26.073] [bbotk]     1997 0.9382618 0.003061143 <list[8]>              FALSE        0.08112
INFO  [19:55:26.073] [bbotk]  warnings errors runtime_learners                                uhash
INFO  [19:55:26.073] [bbotk]         0      0           36.914 dd25e2ec-1d9b-4f0d-a295-4013f65ab76f
INFO  [19:55:34.377] [bbotk] Evaluating 1 configuration(s)
INFO  [19:57:01.965] [bbotk] Result of batch 47:
INFO  [19:57:02.008] [bbotk]      alpha colsample_bylevel colsample_bytree       eta    lambda max_depth
INFO  [19:57:02.008] [bbotk]  0.8603646         0.9973206        0.9949502 -2.874102 -3.504378        18
INFO  [19:57:02.008] [bbotk]  nrounds subsample      acq_ei  x_domain .already_evaluated classif.bbrier
INFO  [19:57:02.008] [bbotk]     3404 0.9221086 0.002047248 <list[8]>              FALSE     0.07812569
INFO  [19:57:02.008] [bbotk]  warnings errors runtime_learners                                uhash
INFO  [19:57:02.008] [bbotk]         0      0            86.91 6538a1ae-95ad-4503-9ebd-f8f03ee789f5
INFO  [19:57:16.028] [bbotk] Evaluating 1 configuration(s)
INFO  [19:58:43.441] [bbotk] Result of batch 48:
INFO  [19:58:43.500] [bbotk]      alpha colsample_bylevel colsample_bytree       eta    lambda max_depth
INFO  [19:58:43.500] [bbotk]  0.1438533         0.3031923        0.9580224 -5.334329 -5.094433        20
INFO  [19:58:43.500] [bbotk]  nrounds subsample      acq_ei  x_domain .already_evaluated classif.bbrier
INFO  [19:58:43.500] [bbotk]     3216 0.6809552 0.002937301 <list[8]>              FALSE     0.07853607
INFO  [19:58:43.500] [bbotk]  warnings errors runtime_learners                                uhash
INFO  [19:58:43.500] [bbotk]         0      0           87.047 70cf9176-f2d8-4e04-b49f-12209ea63d7e
WARN  [19:58:49.265] [mlr3] train: Stopped because hard maximum generation limit was hit.
INFO  [19:58:56.335] [bbotk] Evaluating 1 configuration(s)
INFO  [19:59:16.213] [bbotk] Result of batch 49:
INFO  [19:59:16.225] [bbotk]      alpha colsample_bylevel colsample_bytree       eta    lambda max_depth
INFO  [19:59:16.225] [bbotk]  0.1963875          0.882254        0.6748562 -2.184244 -4.793695        10
INFO  [19:59:16.225] [bbotk]  nrounds subsample      acq_ei  x_domain .already_evaluated classif.bbrier
INFO  [19:59:16.225] [bbotk]      978 0.8818603 0.003467073 <list[8]>              FALSE      0.0801133
INFO  [19:59:16.225] [bbotk]  warnings errors runtime_learners                                uhash
INFO  [19:59:16.225] [bbotk]         0      0           19.498 7787fe2d-c378-4f3b-842b-a253bc1389ae
WARN  [19:59:19.963] [mlr3] train: Stopped because hard maximum generation limit was hit.
INFO  [19:59:29.532] [bbotk] Evaluating 1 configuration(s)
INFO  [20:00:32.836] [bbotk] Result of batch 50:
INFO  [20:00:32.845] [bbotk]      alpha colsample_bylevel colsample_bytree       eta    lambda max_depth
INFO  [20:00:32.845] [bbotk]  0.0860916         0.1081457        0.8792224 -4.578853 -3.422503        14
INFO  [20:00:32.845] [bbotk]  nrounds subsample      acq_ei  x_domain .already_evaluated classif.bbrier
INFO  [20:00:32.845] [bbotk]     2620  0.863628 0.002402876 <list[8]>              FALSE     0.07757184
INFO  [20:00:32.845] [bbotk]  warnings errors runtime_learners                                uhash
INFO  [20:00:32.845] [bbotk]         0      0           62.988 41b2a1cf-84ff-4c93-bced-160a0d8a07b4
INFO  [20:00:44.949] [bbotk] Evaluating 1 configuration(s)
INFO  [20:01:07.207] [bbotk] Result of batch 51:
INFO  [20:01:07.217] [bbotk]     alpha colsample_bylevel colsample_bytree       eta    lambda max_depth
INFO  [20:01:07.217] [bbotk]  1.467048         0.9560759         0.724621 -1.983073 -1.432978        15
INFO  [20:01:07.217] [bbotk]  nrounds subsample      acq_ei  x_domain .already_evaluated classif.bbrier
INFO  [20:01:07.217] [bbotk]      982 0.7433907 0.002580619 <list[8]>              FALSE     0.08292382
INFO  [20:01:07.217] [bbotk]  warnings errors runtime_learners                                uhash
INFO  [20:01:07.217] [bbotk]         0      0           21.936 0ab199a9-65c4-464f-a277-2dd41a401429
WARN  [20:01:10.211] [mlr3] train: Stopped because hard maximum generation limit was hit.
INFO  [20:01:18.996] [bbotk] Evaluating 1 configuration(s)
INFO  [20:02:35.486] [bbotk] Result of batch 52:
INFO  [20:02:35.497] [bbotk]      alpha colsample_bylevel colsample_bytree       eta    lambda max_depth
INFO  [20:02:35.497] [bbotk]  0.7019769         0.1732863        0.9100207 -4.296158 -2.565923        18
INFO  [20:02:35.497] [bbotk]  nrounds subsample      acq_ei  x_domain .already_evaluated classif.bbrier
INFO  [20:02:35.497] [bbotk]     3810 0.7929278 0.002089068 <list[8]>              FALSE     0.07921718
INFO  [20:02:35.497] [bbotk]  warnings errors runtime_learners                                uhash
INFO  [20:02:35.497] [bbotk]         0      0            76.15 778e1627-9b69-42fd-84c2-9d4528d5d7ba
INFO  [20:02:43.116] [bbotk] Evaluating 1 configuration(s)
INFO  [20:04:38.028] [bbotk] Result of batch 53:
INFO  [20:04:38.037] [bbotk]      alpha colsample_bylevel colsample_bytree       eta    lambda max_depth
INFO  [20:04:38.037] [bbotk]  -2.955999         0.1257538        0.9929594 -6.103165 -6.499245        18
INFO  [20:04:38.037] [bbotk]  nrounds subsample      acq_ei  x_domain .already_evaluated classif.bbrier
INFO  [20:04:38.037] [bbotk]     3242 0.6318781 0.002024212 <list[8]>              FALSE     0.07761017
INFO  [20:04:38.037] [bbotk]  warnings errors runtime_learners                                uhash
INFO  [20:04:38.037] [bbotk]         0      0          114.367 0f9f9e6f-eb92-438f-be79-659f695174e6
WARN  [20:04:40.858] [mlr3] train: Stopped because hard maximum generation limit was hit.
INFO  [20:04:51.653] [bbotk] Evaluating 1 configuration(s)
INFO  [20:08:03.330] [bbotk] Result of batch 54:
INFO  [20:08:03.460] [bbotk]      alpha colsample_bylevel colsample_bytree      eta    lambda max_depth
INFO  [20:08:03.460] [bbotk]  -0.171472         0.9790327        0.9318736 -4.82379 -2.834803        20
INFO  [20:08:03.460] [bbotk]  nrounds subsample      acq_ei  x_domain .already_evaluated classif.bbrier
INFO  [20:08:03.460] [bbotk]     4363 0.8146987 0.001531696 <list[8]>              FALSE     0.07685161
INFO  [20:08:03.460] [bbotk]  warnings errors runtime_learners                                uhash
INFO  [20:08:03.460] [bbotk]         0      0          190.583 51a47097-2ca7-4de5-9399-0c5cff29e335
WARN  [20:08:09.474] [mlr3] train: Stopped because hard maximum generation limit was hit.
INFO  [20:08:17.521] [bbotk] Evaluating 1 configuration(s)
INFO  [20:10:47.675] [bbotk] Result of batch 55:
INFO  [20:10:47.695] [bbotk]      alpha colsample_bylevel colsample_bytree       eta    lambda max_depth
INFO  [20:10:47.695] [bbotk]  0.7402502         0.9652053        0.9709625 -4.428381 -3.733827        13
INFO  [20:10:47.695] [bbotk]  nrounds subsample      acq_ei  x_domain .already_evaluated classif.bbrier
INFO  [20:10:47.695] [bbotk]     4762 0.6294103 0.002034045 <list[8]>              FALSE     0.07809842
INFO  [20:10:47.695] [bbotk]  warnings errors runtime_learners                                uhash
INFO  [20:10:47.695] [bbotk]         0      0          149.312 9295f405-df2e-43c5-ac9f-b45834d9f1f5
WARN  [20:10:51.073] [mlr3] train: Stopped because hard maximum generation limit was hit.
INFO  [20:11:00.427] [bbotk] Evaluating 1 configuration(s)
INFO  [20:13:50.543] [bbotk] Result of batch 56:
INFO  [20:13:50.605] [bbotk]      alpha colsample_bylevel colsample_bytree       eta    lambda max_depth
INFO  [20:13:50.605] [bbotk]  -3.906581         0.9073749        0.9589319 -5.124164 -6.698145        19
INFO  [20:13:50.605] [bbotk]  nrounds subsample      acq_ei  x_domain .already_evaluated classif.bbrier
INFO  [20:13:50.605] [bbotk]     3438 0.7858531 0.001647697 <list[8]>              FALSE     0.07908975
INFO  [20:13:50.605] [bbotk]  warnings errors runtime_learners                                uhash
INFO  [20:13:50.605] [bbotk]         0      0          169.434 1f710d93-9b9b-49a0-aeec-1d4202a4d610
INFO  [20:14:03.870] [bbotk] Evaluating 1 configuration(s)
INFO  [20:14:11.975] [bbotk] Result of batch 57:
INFO  [20:14:12.015] [bbotk]      alpha colsample_bylevel colsample_bytree       eta   lambda max_depth
INFO  [20:14:12.015] [bbotk]  -5.443633         0.8048358        0.9346684 -2.809904 1.046738        12
INFO  [20:14:12.015] [bbotk]  nrounds subsample      acq_ei  x_domain .already_evaluated classif.bbrier
INFO  [20:14:12.015] [bbotk]       48 0.4958178 0.001182297 <list[8]>              FALSE     0.09118946
INFO  [20:14:12.015] [bbotk]  warnings errors runtime_learners                                uhash
INFO  [20:14:12.015] [bbotk]         0      0            7.123 2dc4015d-20cb-4a08-a12b-24f91d4c4d3b
WARN  [20:14:15.624] [mlr3] train: Stopped because hard maximum generation limit was hit.
INFO  [20:14:23.733] [bbotk] Evaluating 1 configuration(s)
INFO  [20:16:15.006] [bbotk] Result of batch 58:
INFO  [20:16:15.015] [bbotk]      alpha colsample_bylevel colsample_bytree       eta    lambda max_depth
INFO  [20:16:15.015] [bbotk]  -5.096982         0.1229831        0.9051137 -5.926851 -6.749548        17
INFO  [20:16:15.015] [bbotk]  nrounds subsample      acq_ei  x_domain .already_evaluated classif.bbrier
INFO  [20:16:15.015] [bbotk]     2828 0.9038496 0.001098318 <list[8]>              FALSE     0.07657252
INFO  [20:16:15.015] [bbotk]  warnings errors runtime_learners                                uhash
INFO  [20:16:15.015] [bbotk]         0      0          110.621 f8d12ef9-e0e2-4b8e-883e-6b5d2105f69a
INFO  [20:16:28.115] [bbotk] Evaluating 1 configuration(s)
INFO  [20:17:59.563] [bbotk] Result of batch 59:
INFO  [20:17:59.582] [bbotk]      alpha colsample_bylevel colsample_bytree       eta    lambda max_depth
INFO  [20:17:59.582] [bbotk]  0.1447172         0.8631331        0.8526633 -2.982838 -3.715436        12
INFO  [20:17:59.582] [bbotk]  nrounds subsample      acq_ei  x_domain .already_evaluated classif.bbrier
INFO  [20:17:59.582] [bbotk]     2928  0.857172 0.001743406 <list[8]>              FALSE     0.07900183
INFO  [20:17:59.582] [bbotk]  warnings errors runtime_learners                                uhash
INFO  [20:17:59.582] [bbotk]         0      0           90.959 4a318f98-7801-4b7d-b3f8-df53f4d8c1d4
INFO  [20:18:11.767] [bbotk] Evaluating 1 configuration(s)
INFO  [20:20:17.593] [bbotk] Result of batch 60:
INFO  [20:20:17.614] [bbotk]      alpha colsample_bylevel colsample_bytree       eta    lambda max_depth
INFO  [20:20:17.614] [bbotk]  -4.270251         0.2192699        0.9413767 -6.519236 -5.347654        20
INFO  [20:20:17.614] [bbotk]  nrounds subsample      acq_ei  x_domain .already_evaluated classif.bbrier
INFO  [20:20:17.614] [bbotk]     4328 0.5639393 0.001648877 <list[8]>              FALSE     0.07827857
INFO  [20:20:17.614] [bbotk]  warnings errors runtime_learners                                uhash
INFO  [20:20:17.614] [bbotk]         0      0          125.306 4d65de88-f9b7-4e6e-894f-79f25bc6d15f
WARN  [20:20:22.833] [mlr3] train: Stopped because hard maximum generation limit was hit.
INFO  [20:20:30.419] [bbotk] Evaluating 1 configuration(s)
INFO  [20:22:42.641] [bbotk] Result of batch 61:
INFO  [20:22:42.688] [bbotk]    alpha colsample_bylevel colsample_bytree       eta   lambda max_depth
INFO  [20:22:42.688] [bbotk]  0.15508          0.608446          0.96389 -5.677077 -6.75297        16
INFO  [20:22:42.688] [bbotk]  nrounds subsample      acq_ei  x_domain .already_evaluated classif.bbrier
INFO  [20:22:42.688] [bbotk]     3975 0.8356145 0.002033426 <list[8]>              FALSE       0.076112
INFO  [20:22:42.688] [bbotk]  warnings errors runtime_learners                                uhash
INFO  [20:22:42.688] [bbotk]         0      0          131.667 ade191c2-e301-4c9e-82ce-10525c7089e6
INFO  [20:22:57.923] [bbotk] Evaluating 1 configuration(s)
INFO  [20:24:41.191] [bbotk] Result of batch 62:
INFO  [20:24:41.199] [bbotk]     alpha colsample_bylevel colsample_bytree       eta    lambda max_depth
INFO  [20:24:41.199] [bbotk]  0.672999         0.3288225        0.9543576 -5.781419 -6.796736        19
INFO  [20:24:41.199] [bbotk]  nrounds subsample      acq_ei  x_domain .already_evaluated classif.bbrier
INFO  [20:24:41.199] [bbotk]     4770 0.8241705 0.001300345 <list[8]>              FALSE     0.08026152
INFO  [20:24:41.199] [bbotk]  warnings errors runtime_learners                                uhash
INFO  [20:24:41.199] [bbotk]         0      0          102.935 f3c5ebac-fb52-4d93-b740-409d772cc155
INFO  [20:24:54.913] [bbotk] Evaluating 1 configuration(s)
INFO  [20:26:40.553] [bbotk] Result of batch 63:
INFO  [20:26:40.566] [bbotk]      alpha colsample_bylevel colsample_bytree       eta    lambda max_depth
INFO  [20:26:40.566] [bbotk]  0.9360736         0.6396703        0.8755153 -4.597036 -6.326412        17
INFO  [20:26:40.566] [bbotk]  nrounds subsample      acq_ei  x_domain .already_evaluated classif.bbrier
INFO  [20:26:40.566] [bbotk]     3896 0.8753695 0.001029075 <list[8]>              FALSE     0.07787049
INFO  [20:26:40.566] [bbotk]  warnings errors runtime_learners                                uhash
INFO  [20:26:40.566] [bbotk]         0      0          105.117 5d19d0d6-d677-4d03-b26d-8b89b5ee3523
INFO  [20:26:53.002] [bbotk] Evaluating 1 configuration(s)
INFO  [20:28:32.243] [bbotk] Result of batch 64:
INFO  [20:28:32.249] [bbotk]      alpha colsample_bylevel colsample_bytree       eta    lambda max_depth
INFO  [20:28:32.249] [bbotk]  -3.645595         0.1524409        0.9980444 -5.452346 -6.418023        11
INFO  [20:28:32.249] [bbotk]  nrounds subsample       acq_ei  x_domain .already_evaluated classif.bbrier
INFO  [20:28:32.249] [bbotk]     4063 0.8300136 0.0008891541 <list[8]>              FALSE     0.07875596
INFO  [20:28:32.249] [bbotk]  warnings errors runtime_learners                                uhash
INFO  [20:28:32.249] [bbotk]         0      0           98.856 2583b5ac-3d03-4785-9944-339a916a7493
WARN  [20:28:36.584] [mlr3] train: Stopped because hard maximum generation limit was hit.
INFO  [20:28:43.237] [bbotk] Evaluating 1 configuration(s)
INFO  [20:29:32.023] [bbotk] Result of batch 65:
INFO  [20:29:32.034] [bbotk]      alpha colsample_bylevel colsample_bytree       eta   lambda max_depth
INFO  [20:29:32.034] [bbotk]  -4.017208         0.6509453        0.9813643 -1.658968 6.256367        16
INFO  [20:29:32.034] [bbotk]  nrounds subsample      acq_ei  x_domain .already_evaluated classif.bbrier
INFO  [20:29:32.034] [bbotk]     1712 0.9676843 0.001068988 <list[8]>              FALSE     0.08401652
INFO  [20:29:32.034] [bbotk]  warnings errors runtime_learners                                uhash
INFO  [20:29:32.034] [bbotk]         0      0           48.529 fc502b16-6d5d-4c7a-8543-83d3ad38e95c
INFO  [20:29:43.067] [bbotk] Evaluating 1 configuration(s)
INFO  [20:30:20.174] [bbotk] Result of batch 66:
INFO  [20:30:20.198] [bbotk]     alpha colsample_bylevel colsample_bytree       eta   lambda max_depth
INFO  [20:30:20.198] [bbotk]  0.847425         0.8535605        0.8246028 -2.039057 -3.79036        14
INFO  [20:30:20.198] [bbotk]  nrounds subsample      acq_ei  x_domain .already_evaluated classif.bbrier
INFO  [20:30:20.198] [bbotk]     1653 0.9229397 0.001213818 <list[8]>              FALSE     0.07953227
INFO  [20:30:20.198] [bbotk]  warnings errors runtime_learners                                uhash
INFO  [20:30:20.198] [bbotk]         0      0           36.701 73211200-b119-4802-b387-3d181b314e1a
WARN  [20:30:25.815] [mlr3] train: Stopped because hard maximum generation limit was hit.
INFO  [20:30:32.767] [bbotk] Evaluating 1 configuration(s)
INFO  [20:30:37.415] [bbotk] Result of batch 67:
INFO  [20:30:37.437] [bbotk]      alpha colsample_bylevel colsample_bytree      eta   lambda max_depth
INFO  [20:30:37.437] [bbotk]  -6.272782         0.1994132         0.860205 -1.63486 3.061842        15
INFO  [20:30:37.437] [bbotk]  nrounds subsample      acq_ei  x_domain .already_evaluated classif.bbrier
INFO  [20:30:37.437] [bbotk]       33 0.9999104 0.002873762 <list[8]>              FALSE     0.09508926
INFO  [20:30:37.437] [bbotk]  warnings errors runtime_learners                                uhash
INFO  [20:30:37.437] [bbotk]         0      0            4.264 d37582a5-172f-4331-bec9-ca8769b90bbf
WARN  [20:30:41.587] [mlr3] train: Stopped because hard maximum generation limit was hit.
INFO  [20:30:49.002] [bbotk] Evaluating 1 configuration(s)
INFO  [20:30:53.086] [bbotk] Result of batch 68:
INFO  [20:30:53.097] [bbotk]     alpha colsample_bylevel colsample_bytree       eta    lambda max_depth
INFO  [20:30:53.097] [bbotk]  -3.07945         0.3409105        0.8763204 -3.118728 -2.376676         7
INFO  [20:30:53.097] [bbotk]  nrounds subsample     acq_ei  x_domain .already_evaluated classif.bbrier
INFO  [20:30:53.097] [bbotk]      100 0.8530767 0.00177386 <list[8]>              FALSE     0.08908205
INFO  [20:30:53.097] [bbotk]  warnings errors runtime_learners                                uhash
INFO  [20:30:53.097] [bbotk]         0      0            3.771 60c025eb-b418-4271-8b40-0d7cfecf8b98
INFO  [20:31:00.252] [bbotk] Evaluating 1 configuration(s)
INFO  [20:32:07.102] [bbotk] Result of batch 69:
INFO  [20:32:07.138] [bbotk]      alpha colsample_bylevel colsample_bytree       eta    lambda max_depth
INFO  [20:32:07.138] [bbotk]  0.7334009         0.1811001        0.9430534 -4.819488 -2.576287        16
INFO  [20:32:07.138] [bbotk]  nrounds subsample      acq_ei  x_domain .already_evaluated classif.bbrier
INFO  [20:32:07.138] [bbotk]     3542 0.8460113 0.001025765 <list[8]>              FALSE     0.07891778
INFO  [20:32:07.138] [bbotk]  warnings errors runtime_learners                                uhash
INFO  [20:32:07.138] [bbotk]         0      0           66.354 b0d81693-55d4-4c1c-b634-c8a8f75b07ff
WARN  [20:32:12.298] [mlr3] train: Stopped because hard maximum generation limit was hit.
INFO  [20:32:12.417] [bbotk] Finished optimizing after 100 evaluation(s)
INFO  [20:32:12.419] [bbotk] Result:
INFO  [20:32:12.442] [bbotk]    alpha colsample_bylevel colsample_bytree       eta   lambda max_depth
INFO  [20:32:12.442] [bbotk]    <num>             <num>            <num>     <num>    <num>     <int>
INFO  [20:32:12.442] [bbotk]  0.15508          0.608446          0.96389 -5.677077 -6.75297        16
INFO  [20:32:12.442] [bbotk]  nrounds subsample learner_param_vals  x_domain classif.bbrier
INFO  [20:32:12.442] [bbotk]    <int>     <num>             <list>    <list>          <num>
INFO  [20:32:12.442] [bbotk]     3975 0.8356145         <list[10]> <list[8]>       0.076112

### [bt]: Job terminated successfully [batchtools job.id=1760]
### [bt]: Calculation finished!
