### [bt]: This is batchtools v0.9.17
### [bt]: Starting calculation of 1 jobs
### [bt]: Setting working directory to '/content/drive/MyDrive/GitHub/Mater_Thesis_Calibration'
ece.R :
Friedmann_tasks.R :
Functions.R :
ici.R :
mse_feature_effects.R :
PipeOpCalibration_TuningExperiment.R :
PipeOpCalibration.R :
PipeOpCalibrationUnion.R :
### [bt]: Memory measurement disabled
### [bt]: Starting job [batchtools job.id=1408]
### [bt]: Generating problem instance for problem '341ee781c7d79b8f' ...
### [bt]: Applying algorithm 'run_learner' on problem '341ee781c7d79b8f' for job 1408 (seed = 1531) ...
INFO  [16:04:58.217] [mlr3] Applying learner 'xgboost TbC platt' on task 'wdbc' (iter 8/10)
INFO  [16:05:14.917] [bbotk] Starting to optimize 8 parameter(s) with '<OptimizerMbo>' and '<TerminatorEvals> [n_evals=100, k=0]'
INFO  [16:05:21.963] [bbotk] Evaluating 32 configuration(s)
INFO  [16:19:54.401] [bbotk] Result of batch 1:
INFO  [16:19:54.417] [bbotk]        alpha colsample_bylevel colsample_bytree        eta      lambda
INFO  [16:19:54.417] [bbotk]  -3.45028320         0.3504406        0.3158363 -5.6917172  3.94150939
INFO  [16:19:54.417] [bbotk]   3.45747208         0.8004406        0.7658363 -1.0865471 -2.96624547
INFO  [16:19:54.417] [bbotk]   0.00359444         0.1254407        0.5408363 -7.9943023 -6.42012332
INFO  [16:19:54.417] [bbotk]  -6.90416082         0.5754406        0.9908363 -3.3891321  0.48763175
INFO  [16:19:54.417] [bbotk]   5.18441090         0.4629406        0.8783363 -2.2378396 -1.23930665
INFO  [16:19:54.417] [bbotk]  -1.72334438         0.9129406        0.4283363 -6.8430098  5.66844821
INFO  [16:19:54.417] [bbotk]  -5.17722202         0.2379407        0.6533363 -4.5404247  2.21457057
INFO  [16:19:54.417] [bbotk]   1.73053326         0.6879406        0.2033363 -9.1455949 -4.69318450
INFO  [16:19:54.417] [bbotk]   6.04788031         0.6316906        0.3720863 -3.9647784  4.80497880
INFO  [16:19:54.417] [bbotk]  -0.85987497         0.1816907        0.8220863 -8.5699487 -2.10277606
INFO  [16:19:54.417] [bbotk]   2.59400267         0.4066906        0.5970863 -6.2673635  1.35110116
INFO  [16:19:54.417] [bbotk]  -4.31375261         0.8566906        0.1470863 -1.6621933 -5.55665391
INFO  [16:19:54.417] [bbotk]  -6.04069143         0.5191906        0.4845863 -0.5109008 -3.82971509
INFO  [16:19:54.417] [bbotk]   0.86706385         0.9691906        0.9345863 -5.1160710  3.07803998
INFO  [16:19:54.417] [bbotk]   4.32094149         0.2941907        0.2595863 -2.8134859  6.53191762
INFO  [16:19:54.417] [bbotk]  -2.58681379         0.7441906        0.7095863 -7.4186561 -0.37583724
INFO  [16:19:54.417] [bbotk]   5.61614560         0.9410656        0.2877113 -7.1308329  0.91936646
INFO  [16:19:54.417] [bbotk]  -1.29160967         0.4910656        0.7377113 -2.5256627 -5.98838861
INFO  [16:19:54.417] [bbotk]   2.16226797         0.2660657        0.9627113 -0.2230776  4.37324410
INFO  [16:19:54.417] [bbotk]  -4.74548731         0.7160656        0.5127113 -4.8282478 -2.53451077
INFO  [16:19:54.417] [bbotk]  -6.47242613         0.1535657        0.1752113 -5.9795404 -0.80757195
INFO  [16:19:54.417] [bbotk]   0.43532915         0.6035656        0.6252113 -1.3743702  6.10018292
INFO  [16:19:54.417] [bbotk]   3.88920678         0.3785656        0.4002113 -8.2821255  2.64630528
INFO  [16:19:54.417] [bbotk]  -3.01854849         0.8285656        0.8502113 -3.6769553 -4.26144979
INFO  [16:19:54.417] [bbotk]  -5.60895672         0.9973156        0.5689613 -8.8577718  3.50977469
INFO  [16:19:54.417] [bbotk]   1.29879856         0.5473156        0.1189613 -4.2526016 -3.39798018
INFO  [16:19:54.417] [bbotk]  -2.15507908         0.3223157        0.3439613 -1.9500165  0.05589705
INFO  [16:19:54.417] [bbotk]   4.75267619         0.7723156        0.7939613 -6.5551866 -6.85185802
INFO  [16:19:54.417] [bbotk]  -3.88201790         0.4348156        0.9064613 -7.7064792  5.23671351
INFO  [16:19:54.417] [bbotk]   3.02573737         0.8848156        0.4564613 -3.1013090 -1.67104136
INFO  [16:19:54.417] [bbotk]  -0.42814026         0.6598156        0.2314613 -0.7987239  1.78283587
INFO  [16:19:54.417] [bbotk]   6.47961501         0.2098157        0.6814613 -5.4038941 -5.12491920
INFO  [16:19:54.417] [bbotk]        alpha colsample_bylevel colsample_bytree        eta      lambda
INFO  [16:19:54.417] [bbotk]  max_depth nrounds subsample classif.bbrier warnings errors runtime_learners
INFO  [16:19:54.417] [bbotk]         15     513 0.8407235     0.11269501        0      0            9.851
INFO  [16:19:54.417] [bbotk]          5    3013 0.3907235     0.16957058        0      0           28.761
INFO  [16:19:54.417] [bbotk]         10    1763 0.1657235     0.13271781        0      0           19.806
INFO  [16:19:54.417] [bbotk]         20    4263 0.6157235     0.02562680        0      0           40.313
INFO  [16:19:54.417] [bbotk]          7    1138 0.9532235     0.25000000        0      0           17.470
INFO  [16:19:54.417] [bbotk]         17    3638 0.5032235     0.17054792        0      0           35.362
INFO  [16:19:54.417] [bbotk]         12    2388 0.2782235     0.03174210        0      0           11.145
INFO  [16:19:54.417] [bbotk]          2    4888 0.7282235     0.13941831        0      0           48.329
INFO  [16:19:54.417] [bbotk]          9    4575 0.6719735     0.25000000        0      0           46.983
INFO  [16:19:54.417] [bbotk]         19    2075 0.2219735     0.14839182        0      0           43.327
INFO  [16:19:54.417] [bbotk]          4     825 0.8969735     0.08079431        0      0           27.776
INFO  [16:19:54.417] [bbotk]         14    3325 0.4469735     0.02306318        0      0           20.731
INFO  [16:19:54.417] [bbotk]         16     200 0.7844735     0.02984117        0      0           10.394
INFO  [16:19:54.417] [bbotk]          6    2700 0.3344735     0.04149444        0      0           43.119
INFO  [16:19:54.417] [bbotk]          1    1450 0.1094735     0.25000000        0      0           14.944
INFO  [16:19:54.417] [bbotk]         11    3950 0.5594735     0.03910245        0      0           62.406
INFO  [16:19:54.417] [bbotk]         13    1919 0.5313485     0.25000000        0      0           20.169
INFO  [16:19:54.417] [bbotk]          3    4419 0.9813485     0.03062354        0      0           43.538
INFO  [16:19:54.417] [bbotk]         18    3169 0.3063485     0.05235743        0      0           33.272
INFO  [16:19:54.417] [bbotk]          8     669 0.7563485     0.03226501        0      0           29.114
INFO  [16:19:54.417] [bbotk]          5    2544 0.1938485     0.03575032        0      0           23.034
INFO  [16:19:54.417] [bbotk]         15      44 0.6438485     0.11589193        0      0            6.736
INFO  [16:19:54.417] [bbotk]         20    3794 0.8688485     0.20474895        0      0           41.125
INFO  [16:19:54.417] [bbotk]         10    1294 0.4188485     0.02474224        0      0           14.906
INFO  [16:19:54.417] [bbotk]          2    1607 0.3625985     0.22400755        0      0           12.401
INFO  [16:19:54.417] [bbotk]         12    4107 0.8125985     0.03524717        0      0           17.271
INFO  [16:19:54.417] [bbotk]          7    2857 0.1375985     0.02669272        0      0           10.886
INFO  [16:19:54.417] [bbotk]         17     357 0.5875985     0.25000000        0      0            8.249
INFO  [16:19:54.417] [bbotk]          9    4732 0.9250985     0.14987316        0      0           41.234
INFO  [16:19:54.417] [bbotk]         19    2232 0.4750985     0.08879536        0      0           18.988
INFO  [16:19:54.417] [bbotk]          4     982 0.7000985     0.02765751        0      0           17.631
INFO  [16:19:54.417] [bbotk]         14    3482 0.2500985     0.25000000        0      0           31.668
INFO  [16:19:54.417] [bbotk]  max_depth nrounds subsample classif.bbrier warnings errors runtime_learners
INFO  [16:19:54.417] [bbotk]                                 uhash
INFO  [16:19:54.417] [bbotk]  ce5a0feb-c8ac-4837-bd5f-2286ac29a016
INFO  [16:19:54.417] [bbotk]  33d254ef-3f24-4816-b38e-05a301c057e0
INFO  [16:19:54.417] [bbotk]  b841fa5f-5df1-45fa-a615-1eacac3b19ad
INFO  [16:19:54.417] [bbotk]  827881fa-254f-4a97-a779-3f5b335b7ef8
INFO  [16:19:54.417] [bbotk]  781ff5b4-cf72-4904-9dcc-79e37d32a5c8
INFO  [16:19:54.417] [bbotk]  fd4e1933-2474-4e47-8ab5-ba25c1fe4f6e
INFO  [16:19:54.417] [bbotk]  efc1418d-6f06-45c0-846c-db22dd932296
INFO  [16:19:54.417] [bbotk]  76389df0-f0f3-4e57-8a40-f9e1130d42ff
INFO  [16:19:54.417] [bbotk]  79979980-021d-42c5-b1d0-f0bd3759a980
INFO  [16:19:54.417] [bbotk]  8d18804f-87d3-4681-a22b-73d6d83f1661
INFO  [16:19:54.417] [bbotk]  fd1bab16-4952-4efb-9496-c136e4097836
INFO  [16:19:54.417] [bbotk]  f47f23f5-9f2c-4648-a459-687f4d8435dc
INFO  [16:19:54.417] [bbotk]  b03f3efd-5910-41a2-95d3-da62d7deca8d
INFO  [16:19:54.417] [bbotk]  4cfc961e-897c-430d-b7de-eac74d963cfc
INFO  [16:19:54.417] [bbotk]  b6ca1052-4997-4d58-b10f-398353a3cc37
INFO  [16:19:54.417] [bbotk]  c98336c0-30af-446c-8bd8-7247a3bef172
INFO  [16:19:54.417] [bbotk]  9e53eb11-9f84-4f52-900e-8fefdde0d876
INFO  [16:19:54.417] [bbotk]  157bc7f5-054a-4d97-b527-9ef74a6e50ec
INFO  [16:19:54.417] [bbotk]  7533d3a8-b3a7-4567-baed-8e1d6d95edb3
INFO  [16:19:54.417] [bbotk]  72d1f6b9-c9cc-422d-810a-3d08a8cf7502
INFO  [16:19:54.417] [bbotk]  7a40aafc-32ed-4e3f-b0c6-30e87b32c338
INFO  [16:19:54.417] [bbotk]  faed430a-5232-4286-b463-45cce2a1e563
INFO  [16:19:54.417] [bbotk]  1e843aa9-e138-4886-a7d1-ebdb0dde6cfb
INFO  [16:19:54.417] [bbotk]  6b5db725-da35-4ae9-871d-8f5fc1148df2
INFO  [16:19:54.417] [bbotk]  9babb2bb-5fe8-4744-9539-952102fb199a
INFO  [16:19:54.417] [bbotk]  dcbc9941-e8dc-4fbb-8180-c8f581e5b1b6
INFO  [16:19:54.417] [bbotk]  44e4c68f-91ac-461b-905c-e0d7d4992e99
INFO  [16:19:54.417] [bbotk]  a43947fb-8bef-4621-8e48-0ef20f278c0e
INFO  [16:19:54.417] [bbotk]  5745f1e1-a43b-4c36-a8bf-5193489be4b8
INFO  [16:19:54.417] [bbotk]  465a2a96-32dc-4574-8585-d28d88f24729
INFO  [16:19:54.417] [bbotk]  b38297cb-2dea-4ca2-800a-b8c94beaf419
INFO  [16:19:54.417] [bbotk]  4aa147df-5ab6-454e-8083-ed3ffc65c1f8
INFO  [16:19:54.417] [bbotk]                                 uhash
WARN  [16:20:08.166] [mlr3] train: Stopped because hard maximum generation limit was hit.
INFO  [16:20:24.932] [bbotk] Evaluating 1 configuration(s)
INFO  [16:21:11.943] [bbotk] Result of batch 2:
INFO  [16:21:12.011] [bbotk]      alpha colsample_bylevel colsample_bytree       eta    lambda max_depth
INFO  [16:21:12.011] [bbotk]  -4.820412         0.2029595        0.5737257 -2.925144 -2.678212        13
INFO  [16:21:12.011] [bbotk]  nrounds subsample     acq_ei  x_domain .already_evaluated classif.bbrier
INFO  [16:21:12.011] [bbotk]     4953 0.8365755 0.03900556 <list[8]>              FALSE     0.02517324
INFO  [16:21:12.011] [bbotk]  warnings errors runtime_learners                                uhash
INFO  [16:21:12.011] [bbotk]         0      0           44.713 3b0d7224-ef76-424a-8b63-9ce6479e0dc8
WARN  [16:21:12.885] [mlr3] train: Stopped because hard maximum generation limit was hit.
INFO  [16:21:26.717] [bbotk] Evaluating 1 configuration(s)
INFO  [16:21:54.308] [bbotk] Result of batch 3:
INFO  [16:21:54.476] [bbotk]       alpha colsample_bylevel colsample_bytree       eta     lambda max_depth
INFO  [16:21:54.476] [bbotk]  -0.3083771         0.4119396        0.6195188 -3.526554 -0.2877255         7
INFO  [16:21:54.476] [bbotk]  nrounds subsample     acq_ei  x_domain .already_evaluated classif.bbrier
INFO  [16:21:54.476] [bbotk]     3138  0.895629 0.03332822 <list[8]>              FALSE     0.03067793
INFO  [16:21:54.476] [bbotk]  warnings errors runtime_learners                                uhash
INFO  [16:21:54.476] [bbotk]         0      0           25.414 c6c61694-3678-4579-9ad0-fb74f7da92e2
INFO  [16:22:02.884] [bbotk] Evaluating 1 configuration(s)
INFO  [16:22:26.489] [bbotk] Result of batch 4:
INFO  [16:22:26.599] [bbotk]     alpha colsample_bylevel colsample_bytree       eta    lambda max_depth
INFO  [16:22:26.599] [bbotk]  -2.23364         0.6611661        0.4127437 -3.601202 -2.169594         8
INFO  [16:22:26.599] [bbotk]  nrounds subsample     acq_ei  x_domain .already_evaluated classif.bbrier
INFO  [16:22:26.599] [bbotk]     4303 0.6971116 0.02794046 <list[8]>              FALSE     0.02486068
INFO  [16:22:26.599] [bbotk]  warnings errors runtime_learners                                uhash
INFO  [16:22:26.599] [bbotk]         0      0           22.925 a41b3791-6077-4a17-bf02-faa82d534893
INFO  [16:22:35.248] [bbotk] Evaluating 1 configuration(s)
INFO  [16:22:46.582] [bbotk] Result of batch 5:
INFO  [16:22:46.652] [bbotk]      alpha colsample_bylevel colsample_bytree       eta     lambda max_depth
INFO  [16:22:46.652] [bbotk]  -5.372966          0.298714        0.2734447 -3.436641 -0.7717794        11
INFO  [16:22:46.652] [bbotk]  nrounds subsample     acq_ei  x_domain .already_evaluated classif.bbrier
INFO  [16:22:46.652] [bbotk]     3266 0.1434308 0.02924667 <list[8]>              FALSE      0.0258356
INFO  [16:22:46.652] [bbotk]  warnings errors runtime_learners                                uhash
INFO  [16:22:46.652] [bbotk]         0      0           10.808 52519049-bd8b-408d-8da4-391d6c75b928
INFO  [16:23:17.174] [bbotk] Evaluating 1 configuration(s)
INFO  [16:23:30.882] [bbotk] Result of batch 6:
INFO  [16:23:30.893] [bbotk]     alpha colsample_bylevel colsample_bytree       eta     lambda max_depth
INFO  [16:23:30.893] [bbotk]  0.512975         0.9749181        0.1364349 -1.710558 -0.5921404         9
INFO  [16:23:30.893] [bbotk]  nrounds subsample     acq_ei  x_domain .already_evaluated classif.bbrier
INFO  [16:23:30.893] [bbotk]     3079 0.7204044 0.02085976 <list[8]>              FALSE     0.03207888
INFO  [16:23:30.893] [bbotk]  warnings errors runtime_learners                                uhash
INFO  [16:23:30.893] [bbotk]         0      0           13.042 31fac66a-1994-4175-8296-e3b9a89826f6
INFO  [16:23:38.583] [bbotk] Evaluating 1 configuration(s)
INFO  [16:23:52.997] [bbotk] Result of batch 7:
INFO  [16:23:53.026] [bbotk]      alpha colsample_bylevel colsample_bytree       eta    lambda max_depth
INFO  [16:23:53.026] [bbotk]  -6.193798         0.1462757        0.5449568 -4.702388 -1.471425        15
INFO  [16:23:53.026] [bbotk]  nrounds subsample     acq_ei  x_domain .already_evaluated classif.bbrier
INFO  [16:23:53.026] [bbotk]     2592 0.4198281 0.02337608 <list[8]>              FALSE     0.02669967
INFO  [16:23:53.026] [bbotk]  warnings errors runtime_learners                                uhash
INFO  [16:23:53.026] [bbotk]         0      0           14.047 436adc8c-f547-4e79-99a2-4e8c9de0cbdd
INFO  [16:24:00.577] [bbotk] Evaluating 1 configuration(s)
INFO  [16:24:15.908] [bbotk] Result of batch 8:
INFO  [16:24:15.973] [bbotk]      alpha colsample_bylevel colsample_bytree       eta    lambda max_depth
INFO  [16:24:15.973] [bbotk]  -3.587984         0.3747564        0.9102411 -3.696509 0.7276502         7
INFO  [16:24:15.973] [bbotk]  nrounds subsample     acq_ei  x_domain .already_evaluated classif.bbrier
INFO  [16:24:15.973] [bbotk]     2471  0.679268 0.02101853 <list[8]>              FALSE      0.0258766
INFO  [16:24:15.973] [bbotk]  warnings errors runtime_learners                                uhash
INFO  [16:24:15.973] [bbotk]         0      0           14.903 d536d6d1-70bc-4ad1-8614-e0f22aae38d7
WARN  [16:24:18.992] [mlr3] train: Stopped because hard maximum generation limit was hit.
INFO  [16:24:24.315] [bbotk] Evaluating 1 configuration(s)
INFO  [16:24:35.133] [bbotk] Result of batch 9:
INFO  [16:24:35.321] [bbotk]      alpha colsample_bylevel colsample_bytree      eta   lambda max_depth
INFO  [16:24:35.321] [bbotk]  -4.845812         0.6740775         0.572588 -1.61007 -0.59694        15
INFO  [16:24:35.321] [bbotk]  nrounds subsample     acq_ei  x_domain .already_evaluated classif.bbrier
INFO  [16:24:35.321] [bbotk]     2988 0.4135613 0.01493944 <list[8]>              FALSE     0.02473523
INFO  [16:24:35.321] [bbotk]  warnings errors runtime_learners                                uhash
INFO  [16:24:35.321] [bbotk]         0      0           10.463 0d39bad3-9f5d-4295-99a0-5a3471e0fa6f
INFO  [16:24:47.688] [bbotk] Evaluating 1 configuration(s)
INFO  [16:25:24.115] [bbotk] Result of batch 10:
INFO  [16:25:24.122] [bbotk]      alpha colsample_bylevel colsample_bytree       eta    lambda max_depth
INFO  [16:25:24.122] [bbotk]  -3.969751         0.9156976        0.6941635 -5.316933 -4.984167         5
INFO  [16:25:24.122] [bbotk]  nrounds subsample    acq_ei  x_domain .already_evaluated classif.bbrier
INFO  [16:25:24.122] [bbotk]     4452 0.5608737 0.0175526 <list[8]>              FALSE     0.02642839
INFO  [16:25:24.122] [bbotk]  warnings errors runtime_learners                                uhash
INFO  [16:25:24.122] [bbotk]         0      0           35.969 a6151743-9c48-4b3e-bc07-a839ba4d3d1b
INFO  [16:25:34.791] [bbotk] Evaluating 1 configuration(s)
INFO  [16:25:46.402] [bbotk] Result of batch 11:
INFO  [16:25:46.409] [bbotk]      alpha colsample_bylevel colsample_bytree       eta   lambda max_depth
INFO  [16:25:46.409] [bbotk]  0.9234016         0.6095228        0.6062469 -0.382446 1.342596         8
INFO  [16:25:46.409] [bbotk]  nrounds subsample     acq_ei  x_domain .already_evaluated classif.bbrier
INFO  [16:25:46.409] [bbotk]     2941  0.291859 0.02271921 <list[8]>              FALSE     0.03094421
INFO  [16:25:46.409] [bbotk]  warnings errors runtime_learners                                uhash
INFO  [16:25:46.409] [bbotk]         0      0            11.28 fb643ce6-efc6-4d29-8b8f-cdec0b4d59b4
INFO  [16:25:54.600] [bbotk] Evaluating 1 configuration(s)
INFO  [16:26:09.559] [bbotk] Result of batch 12:
INFO  [16:26:09.684] [bbotk]      alpha colsample_bylevel colsample_bytree       eta    lambda max_depth
INFO  [16:26:09.684] [bbotk]  -2.198089          0.558222        0.3758098 -1.959497 -4.904284         8
INFO  [16:26:09.684] [bbotk]  nrounds subsample     acq_ei  x_domain .already_evaluated classif.bbrier
INFO  [16:26:09.684] [bbotk]      995  0.719157 0.01436267 <list[8]>              FALSE     0.02420715
INFO  [16:26:09.684] [bbotk]  warnings errors runtime_learners                                uhash
INFO  [16:26:09.684] [bbotk]         0      0           14.589 eefffc60-0b14-4c20-a957-07af083ec5e9
INFO  [16:26:21.185] [bbotk] Evaluating 1 configuration(s)
INFO  [16:26:50.684] [bbotk] Result of batch 13:
INFO  [16:26:50.881] [bbotk]      alpha colsample_bylevel colsample_bytree       eta    lambda max_depth
INFO  [16:26:50.881] [bbotk]  -3.374663         0.5913092        0.8662618 -2.203371 -5.859422        20
INFO  [16:26:50.881] [bbotk]  nrounds subsample     acq_ei  x_domain .already_evaluated classif.bbrier
INFO  [16:26:50.881] [bbotk]     3500 0.8817637 0.01361022 <list[8]>              FALSE     0.03044249
INFO  [16:26:50.881] [bbotk]  warnings errors runtime_learners                                uhash
INFO  [16:26:50.881] [bbotk]         0      0           28.768 18cd414b-d64d-455a-bb3d-9cf0dc5d1886
WARN  [16:26:54.314] [mlr3] train: Stopped because hard maximum generation limit was hit.
INFO  [16:27:03.644] [bbotk] Evaluating 1 configuration(s)
INFO  [16:27:52.394] [bbotk] Result of batch 14:
INFO  [16:27:52.419] [bbotk]         alpha colsample_bylevel colsample_bytree      eta     lambda max_depth
INFO  [16:27:52.419] [bbotk]  -0.004643681         0.8533345        0.3578457 -4.79111 0.02181455        13
INFO  [16:27:52.419] [bbotk]  nrounds subsample     acq_ei  x_domain .already_evaluated classif.bbrier
INFO  [16:27:52.419] [bbotk]     1794 0.5971244 0.01324905 <list[8]>              FALSE     0.02867273
INFO  [16:27:52.419] [bbotk]  warnings errors runtime_learners                                uhash
INFO  [16:27:52.419] [bbotk]         0      0           46.967 342f26fd-8ef5-435d-bca0-6ccd8cebefd2
INFO  [16:28:08.599] [bbotk] Evaluating 1 configuration(s)
INFO  [16:28:40.208] [bbotk] Result of batch 15:
INFO  [16:28:40.414] [bbotk]      alpha colsample_bylevel colsample_bytree       eta    lambda max_depth
INFO  [16:28:40.414] [bbotk]  -3.557201         0.5197477         0.732694 -6.080546 -1.484948         6
INFO  [16:28:40.414] [bbotk]  nrounds subsample     acq_ei  x_domain .already_evaluated classif.bbrier
INFO  [16:28:40.414] [bbotk]     4264 0.5759291 0.01164757 <list[8]>              FALSE     0.02819538
INFO  [16:28:40.414] [bbotk]  warnings errors runtime_learners                                uhash
INFO  [16:28:40.414] [bbotk]         0      0           30.454 33181d86-a36a-450b-b469-4c38e1e38ac9
WARN  [16:28:44.507] [mlr3] train: Stopped because hard maximum generation limit was hit.
INFO  [16:28:56.545] [bbotk] Evaluating 1 configuration(s)
INFO  [16:29:14.150] [bbotk] Result of batch 16:
INFO  [16:29:14.549] [bbotk]      alpha colsample_bylevel colsample_bytree       eta      lambda max_depth
INFO  [16:29:14.549] [bbotk]  -5.959868         0.1984519         0.557896 -3.222119 -0.03593418        11
INFO  [16:29:14.549] [bbotk]  nrounds subsample     acq_ei  x_domain .already_evaluated classif.bbrier
INFO  [16:29:14.549] [bbotk]     3538 0.5755469 0.01125753 <list[8]>              FALSE     0.02415715
INFO  [16:29:14.549] [bbotk]  warnings errors runtime_learners                                uhash
INFO  [16:29:14.549] [bbotk]         0      0           16.077 58db1458-dc02-427c-be44-22103f23fc96
WARN  [16:29:20.354] [mlr3] train: Stopped because hard maximum generation limit was hit.
INFO  [16:29:32.877] [bbotk] Evaluating 1 configuration(s)
INFO  [16:29:50.653] [bbotk] Result of batch 17:
INFO  [16:29:51.156] [bbotk]      alpha colsample_bylevel colsample_bytree       eta   lambda max_depth
INFO  [16:29:51.156] [bbotk]  -3.763358         0.4629083        0.9241292 -4.274767 1.259368        16
INFO  [16:29:51.156] [bbotk]  nrounds subsample     acq_ei  x_domain .already_evaluated classif.bbrier
INFO  [16:29:51.156] [bbotk]     4932 0.1390458 0.01393902 <list[8]>              FALSE     0.02902616
INFO  [16:29:51.156] [bbotk]  warnings errors runtime_learners                                uhash
INFO  [16:29:51.156] [bbotk]         0      0           17.377 8f703e9b-8df0-471e-accd-0cba7b34679f
INFO  [16:29:57.372] [bbotk] Evaluating 1 configuration(s)
INFO  [16:30:17.101] [bbotk] Result of batch 18:
INFO  [16:30:17.189] [bbotk]      alpha colsample_bylevel colsample_bytree       eta    lambda max_depth
INFO  [16:30:17.189] [bbotk]  -5.130383         0.6015437        0.5268834 -2.097197 -6.003378         6
INFO  [16:30:17.189] [bbotk]  nrounds subsample     acq_ei  x_domain .already_evaluated classif.bbrier
INFO  [16:30:17.189] [bbotk]     3123 0.7204434 0.01141592 <list[8]>              FALSE      0.0269018
INFO  [16:30:17.189] [bbotk]  warnings errors runtime_learners                                uhash
INFO  [16:30:17.189] [bbotk]         0      0           18.678 9e561aeb-88c3-466e-b5d4-86d155e82eca
WARN  [16:30:19.720] [mlr3] train: Stopped because hard maximum generation limit was hit.
INFO  [16:30:30.625] [bbotk] Evaluating 1 configuration(s)
INFO  [16:30:53.423] [bbotk] Result of batch 19:
INFO  [16:30:53.595] [bbotk]      alpha colsample_bylevel colsample_bytree      eta    lambda max_depth
INFO  [16:30:53.595] [bbotk]  -4.262021         0.7405666        0.2666868 -3.17435 -5.264955        18
INFO  [16:30:53.595] [bbotk]  nrounds subsample      acq_ei  x_domain .already_evaluated classif.bbrier
INFO  [16:30:53.595] [bbotk]     3108 0.9554918 0.009356061 <list[8]>              FALSE     0.02757505
INFO  [16:30:53.595] [bbotk]  warnings errors runtime_learners                                uhash
INFO  [16:30:53.595] [bbotk]         0      0           21.863 024ef6b6-46ed-4d9d-9a20-b935942478da
INFO  [16:31:10.374] [bbotk] Evaluating 1 configuration(s)
INFO  [16:31:58.254] [bbotk] Result of batch 20:
INFO  [16:31:58.287] [bbotk]      alpha colsample_bylevel colsample_bytree      eta    lambda max_depth
INFO  [16:31:58.287] [bbotk]  -3.881233         0.6788122        0.4738957 -1.19695 -4.338821         5
INFO  [16:31:58.287] [bbotk]  nrounds subsample      acq_ei  x_domain .already_evaluated classif.bbrier
INFO  [16:31:58.287] [bbotk]     3944 0.7285523 0.008269975 <list[8]>              FALSE     0.02574844
INFO  [16:31:58.287] [bbotk]  warnings errors runtime_learners                                uhash
INFO  [16:31:58.287] [bbotk]         0      0           46.159 1f68d68f-2408-4498-8ede-f3ee7c8ba406
INFO  [16:32:10.814] [bbotk] Evaluating 1 configuration(s)
INFO  [16:32:25.275] [bbotk] Result of batch 21:
INFO  [16:32:25.345] [bbotk]      alpha colsample_bylevel colsample_bytree        eta   lambda max_depth
INFO  [16:32:25.345] [bbotk]  -3.267187         0.1217638        0.6914145 -0.1015219 1.830784        10
INFO  [16:32:25.345] [bbotk]  nrounds subsample      acq_ei  x_domain .already_evaluated classif.bbrier
INFO  [16:32:25.345] [bbotk]     1423 0.2385206 0.008878854 <list[8]>              FALSE      0.0321847
INFO  [16:32:25.345] [bbotk]  warnings errors runtime_learners                                uhash
INFO  [16:32:25.345] [bbotk]         0      0           13.414 e23a146d-0670-49e4-a134-79eb8e2b0a0b
INFO  [16:32:34.424] [bbotk] Evaluating 1 configuration(s)
INFO  [16:33:13.112] [bbotk] Result of batch 22:
INFO  [16:33:13.698] [bbotk]     alpha colsample_bylevel colsample_bytree       eta   lambda max_depth
INFO  [16:33:13.698] [bbotk]  1.092588          0.800384         0.982443 -2.390247 2.172498        18
INFO  [16:33:13.698] [bbotk]  nrounds subsample      acq_ei  x_domain .already_evaluated classif.bbrier
INFO  [16:33:13.698] [bbotk]     2954 0.4931558 0.008631039 <list[8]>              FALSE     0.03136361
INFO  [16:33:13.698] [bbotk]  warnings errors runtime_learners                                uhash
INFO  [16:33:13.698] [bbotk]         0      0           38.152 2149c05a-777d-4901-a8c1-1b5d2bb8fc99
INFO  [16:33:39.506] [bbotk] Evaluating 1 configuration(s)
INFO  [16:33:54.351] [bbotk] Result of batch 23:
INFO  [16:33:54.366] [bbotk]      alpha colsample_bylevel colsample_bytree      eta     lambda max_depth
INFO  [16:33:54.366] [bbotk]  0.3558595         0.8632283        0.2052046 -3.67949 -0.1287826         1
INFO  [16:33:54.366] [bbotk]  nrounds subsample     acq_ei  x_domain .already_evaluated classif.bbrier
INFO  [16:33:54.366] [bbotk]      980 0.4724648 0.00730333 <list[8]>              FALSE     0.03123458
INFO  [16:33:54.366] [bbotk]  warnings errors runtime_learners                                uhash
INFO  [16:33:54.366] [bbotk]         0      0           13.888 339b4d12-ecdf-415c-aa91-db94d41b0c86
INFO  [16:34:25.053] [bbotk] Evaluating 1 configuration(s)
INFO  [16:34:54.357] [bbotk] Result of batch 24:
INFO  [16:34:54.367] [bbotk]    alpha colsample_bylevel colsample_bytree       eta    lambda max_depth
INFO  [16:34:54.367] [bbotk]  -1.9715         0.8621522        0.2907043 -2.836715 -5.411815        10
INFO  [16:34:54.367] [bbotk]  nrounds subsample      acq_ei  x_domain .already_evaluated classif.bbrier
INFO  [16:34:54.367] [bbotk]     3468 0.4910276 0.007960117 <list[8]>              FALSE     0.02412274
INFO  [16:34:54.367] [bbotk]  warnings errors runtime_learners                                uhash
INFO  [16:34:54.367] [bbotk]         0      0           28.665 3dee024f-9da4-4566-acdc-70cf32822182
INFO  [16:35:41.368] [bbotk] Evaluating 1 configuration(s)
INFO  [16:36:06.313] [bbotk] Result of batch 25:
INFO  [16:36:06.323] [bbotk]      alpha colsample_bylevel colsample_bytree       eta    lambda max_depth
INFO  [16:36:06.323] [bbotk]  -4.787637          0.908228        0.7371682 -1.981372 -4.950775        14
INFO  [16:36:06.323] [bbotk]  nrounds subsample      acq_ei  x_domain .already_evaluated classif.bbrier
INFO  [16:36:06.323] [bbotk]     1633 0.6004569 0.007132338 <list[8]>              FALSE     0.02818782
INFO  [16:36:06.323] [bbotk]  warnings errors runtime_learners                                uhash
INFO  [16:36:06.323] [bbotk]         0      0           24.275 c27b0e31-1bb4-4bdc-ac69-369ec6a16fac
INFO  [16:36:25.588] [bbotk] Evaluating 1 configuration(s)
INFO  [16:36:42.168] [bbotk] Result of batch 26:
INFO  [16:36:42.191] [bbotk]      alpha colsample_bylevel colsample_bytree      eta    lambda max_depth
INFO  [16:36:42.191] [bbotk]  -4.101819         0.2682867        0.2420821 -1.31161 -5.207848         8
INFO  [16:36:42.191] [bbotk]  nrounds subsample      acq_ei  x_domain .already_evaluated classif.bbrier
INFO  [16:36:42.191] [bbotk]     2457 0.4595712 0.007746453 <list[8]>              FALSE     0.02761044
INFO  [16:36:42.191] [bbotk]  warnings errors runtime_learners                                uhash
INFO  [16:36:42.191] [bbotk]         0      0            15.98 af4a03d2-fbf9-439b-911b-f52c729390e3
INFO  [16:36:51.775] [bbotk] Evaluating 1 configuration(s)
INFO  [16:38:09.503] [bbotk] Result of batch 27:
INFO  [16:38:09.549] [bbotk]      alpha colsample_bylevel colsample_bytree       eta    lambda max_depth
INFO  [16:38:09.549] [bbotk]  -2.027278         0.9859878        0.8224756 -5.962987 -3.313991         9
INFO  [16:38:09.549] [bbotk]  nrounds subsample      acq_ei  x_domain .already_evaluated classif.bbrier
INFO  [16:38:09.549] [bbotk]     4434 0.9550532 0.007922088 <list[8]>              FALSE     0.03463366
INFO  [16:38:09.549] [bbotk]  warnings errors runtime_learners                                uhash
INFO  [16:38:09.549] [bbotk]         0      0           77.102 70a2e610-69dc-44d3-8930-98cc734494e2
WARN  [16:38:15.301] [mlr3] train: Stopped because hard maximum generation limit was hit.
INFO  [16:38:22.885] [bbotk] Evaluating 1 configuration(s)
INFO  [16:38:51.925] [bbotk] Result of batch 28:
INFO  [16:38:52.084] [bbotk]      alpha colsample_bylevel colsample_bytree       eta   lambda max_depth
INFO  [16:38:52.084] [bbotk]  -6.274974         0.1368969        0.8929176 -1.104169 1.578652        17
INFO  [16:38:52.084] [bbotk]  nrounds subsample      acq_ei  x_domain .already_evaluated classif.bbrier
INFO  [16:38:52.084] [bbotk]     3573 0.2885016 0.006702052 <list[8]>              FALSE     0.02326447
INFO  [16:38:52.084] [bbotk]  warnings errors runtime_learners                                uhash
INFO  [16:38:52.084] [bbotk]         0      0           27.257 90ea3e31-f03f-49f7-bc68-bb571a5c263a
WARN  [16:38:53.748] [mlr3] train: Stopped because hard maximum generation limit was hit.
INFO  [16:39:01.529] [bbotk] Evaluating 1 configuration(s)
INFO  [16:39:11.774] [bbotk] Result of batch 29:
INFO  [16:39:11.971] [bbotk]      alpha colsample_bylevel colsample_bytree       eta    lambda max_depth
INFO  [16:39:11.971] [bbotk]  -6.277066         0.2010196        0.9808037 -3.091821 0.7396829        14
INFO  [16:39:11.971] [bbotk]  nrounds subsample      acq_ei  x_domain .already_evaluated classif.bbrier
INFO  [16:39:11.971] [bbotk]      507 0.3181227 0.007482578 <list[8]>              FALSE     0.02541523
INFO  [16:39:11.971] [bbotk]  warnings errors runtime_learners                                uhash
INFO  [16:39:11.971] [bbotk]         0      0            8.498 26d6607e-1fb4-435c-8cae-245c0c296d04
INFO  [16:39:22.357] [bbotk] Evaluating 1 configuration(s)
INFO  [16:40:09.614] [bbotk] Result of batch 30:
INFO  [16:40:09.632] [bbotk]      alpha colsample_bylevel colsample_bytree       eta    lambda max_depth
INFO  [16:40:09.632] [bbotk]  -2.830955         0.5648163        0.7043707 -3.717005 -5.731443         8
INFO  [16:40:09.632] [bbotk]  nrounds subsample      acq_ei  x_domain .already_evaluated classif.bbrier
INFO  [16:40:09.632] [bbotk]     4886 0.8711824 0.007208267 <list[8]>              FALSE      0.0283707
INFO  [16:40:09.632] [bbotk]  warnings errors runtime_learners                                uhash
INFO  [16:40:09.632] [bbotk]         0      0           46.362 2dcc207b-a936-492c-b061-b378693e645a
WARN  [16:40:15.908] [mlr3] train: Stopped because hard maximum generation limit was hit.
INFO  [16:40:30.192] [bbotk] Evaluating 1 configuration(s)
INFO  [16:40:50.868] [bbotk] Result of batch 31:
INFO  [16:40:50.967] [bbotk]       alpha colsample_bylevel colsample_bytree        eta    lambda max_depth
INFO  [16:40:50.967] [bbotk]  -0.8994937         0.6019941        0.2230215 -0.1884418 -2.893417        16
INFO  [16:40:50.967] [bbotk]  nrounds subsample      acq_ei  x_domain .already_evaluated classif.bbrier
INFO  [16:40:50.967] [bbotk]     3014 0.8320633 0.006516054 <list[8]>              FALSE      0.0392559
INFO  [16:40:50.967] [bbotk]  warnings errors runtime_learners                                uhash
INFO  [16:40:50.967] [bbotk]         0      0           19.307 7df8d28a-e1c1-444d-a1af-a6dca526303c
INFO  [16:41:06.665] [bbotk] Evaluating 1 configuration(s)
INFO  [16:41:17.442] [bbotk] Result of batch 32:
INFO  [16:41:17.449] [bbotk]      alpha colsample_bylevel colsample_bytree      eta     lambda max_depth
INFO  [16:41:17.449] [bbotk]  -2.326008         0.6380929        0.4814135 -2.97316 -0.1221939         4
INFO  [16:41:17.449] [bbotk]  nrounds subsample      acq_ei  x_domain .already_evaluated classif.bbrier
INFO  [16:41:17.449] [bbotk]      492 0.1788835 0.006719399 <list[8]>              FALSE     0.02819339
INFO  [16:41:17.449] [bbotk]  warnings errors runtime_learners                                uhash
INFO  [16:41:17.449] [bbotk]         0      0            9.303 5ce86453-15c0-4a72-ba4b-58dc62bfd930
WARN  [16:41:24.171] [mlr3] train: Stopped because hard maximum generation limit was hit.
INFO  [16:41:54.367] [bbotk] Evaluating 1 configuration(s)
INFO  [16:42:48.163] [bbotk] Result of batch 33:
INFO  [16:42:48.213] [bbotk]      alpha colsample_bylevel colsample_bytree       eta    lambda max_depth
INFO  [16:42:48.213] [bbotk]  -6.733933         0.6008799        0.4342404 -1.199246 -4.016752        18
INFO  [16:42:48.213] [bbotk]  nrounds subsample      acq_ei  x_domain .already_evaluated classif.bbrier
INFO  [16:42:48.213] [bbotk]     4293 0.8431861 0.006287321 <list[8]>              FALSE     0.02942563
INFO  [16:42:48.213] [bbotk]  warnings errors runtime_learners                                uhash
INFO  [16:42:48.213] [bbotk]         0      0            52.44 66b79a10-0784-4057-868e-6a12c130537d
INFO  [16:43:07.882] [bbotk] Evaluating 1 configuration(s)
INFO  [16:43:31.221] [bbotk] Result of batch 34:
INFO  [16:43:31.374] [bbotk]      alpha colsample_bylevel colsample_bytree       eta    lambda max_depth
INFO  [16:43:31.374] [bbotk]  -5.256828         0.3513558        0.8811621 -1.545957 0.2035279        19
INFO  [16:43:31.374] [bbotk]  nrounds subsample      acq_ei  x_domain .already_evaluated classif.bbrier
INFO  [16:43:31.374] [bbotk]     3246 0.9167222 0.006231149 <list[8]>              FALSE     0.02710737
INFO  [16:43:31.374] [bbotk]  warnings errors runtime_learners                                uhash
INFO  [16:43:31.374] [bbotk]         0      0           23.114 04aefc08-3b1e-4ac4-8fb5-5234395d11fd
INFO  [16:43:58.577] [bbotk] Evaluating 1 configuration(s)
INFO  [16:44:19.313] [bbotk] Result of batch 35:
INFO  [16:44:19.360] [bbotk]      alpha colsample_bylevel colsample_bytree       eta    lambda max_depth
INFO  [16:44:19.360] [bbotk]  -4.115876         0.6418179        0.2202808 -2.320966 -4.759224        11
INFO  [16:44:19.360] [bbotk]  nrounds subsample      acq_ei  x_domain .already_evaluated classif.bbrier
INFO  [16:44:19.360] [bbotk]     3543   0.56487 0.005600813 <list[8]>              FALSE     0.02714953
INFO  [16:44:19.360] [bbotk]  warnings errors runtime_learners                                uhash
INFO  [16:44:19.360] [bbotk]         0      0           19.837 06321868-f7aa-4180-b11f-f7db5cb69c09
INFO  [16:44:57.392] [bbotk] Evaluating 1 configuration(s)
INFO  [16:45:15.888] [bbotk] Result of batch 36:
INFO  [16:45:15.929] [bbotk]      alpha colsample_bylevel colsample_bytree      eta    lambda max_depth
INFO  [16:45:15.929] [bbotk]  -6.059803         0.2987841         0.151354 -1.06598 0.1393313         8
INFO  [16:45:15.929] [bbotk]  nrounds subsample      acq_ei  x_domain .already_evaluated classif.bbrier
INFO  [16:45:15.929] [bbotk]     1170 0.4297152 0.008273801 <list[8]>              FALSE     0.02812815
INFO  [16:45:15.929] [bbotk]  warnings errors runtime_learners                                uhash
INFO  [16:45:15.929] [bbotk]         0      0           17.933 20f22c31-d241-4b9e-bbf7-f1c37e56952b
WARN  [16:45:33.533] [mlr3] train: Stopped because hard maximum generation limit was hit.
INFO  [16:45:38.337] [bbotk] Evaluating 1 configuration(s)
INFO  [16:46:07.982] [bbotk] Result of batch 37:
INFO  [16:46:08.019] [bbotk]      alpha colsample_bylevel colsample_bytree       eta    lambda max_depth
INFO  [16:46:08.019] [bbotk]  -1.200549         0.8218817        0.8128942 -4.443406 0.0108314         2
INFO  [16:46:08.019] [bbotk]  nrounds subsample      acq_ei  x_domain .already_evaluated classif.bbrier
INFO  [16:46:08.019] [bbotk]     4051 0.5516171 0.005864877 <list[8]>              FALSE     0.02468243
INFO  [16:46:08.019] [bbotk]  warnings errors runtime_learners                                uhash
INFO  [16:46:08.019] [bbotk]         0      0           28.786 eb590071-e85f-44bc-bd1f-e026db3179c8
INFO  [16:46:16.564] [bbotk] Evaluating 1 configuration(s)
INFO  [16:46:45.510] [bbotk] Result of batch 38:
INFO  [16:46:45.578] [bbotk]      alpha colsample_bylevel colsample_bytree        eta    lambda max_depth
INFO  [16:46:45.578] [bbotk]  -5.267933         0.8101629        0.5532351 -0.7269323 -5.790599        14
INFO  [16:46:45.578] [bbotk]  nrounds subsample      acq_ei  x_domain .already_evaluated classif.bbrier
INFO  [16:46:45.578] [bbotk]     4669 0.5698086 0.007169251 <list[8]>              FALSE      0.0319789
INFO  [16:46:45.578] [bbotk]  warnings errors runtime_learners                                uhash
INFO  [16:46:45.578] [bbotk]         0      0           27.449 f4bbe9e3-9a6b-4eb6-9812-419bed77f6bb
INFO  [16:47:05.672] [bbotk] Evaluating 1 configuration(s)
INFO  [16:47:40.577] [bbotk] Result of batch 39:
INFO  [16:47:40.584] [bbotk]      alpha colsample_bylevel colsample_bytree       eta     lambda max_depth
INFO  [16:47:40.584] [bbotk]  -3.154123         0.9869557         0.995391 -4.971633 -0.4296637        12
INFO  [16:47:40.584] [bbotk]  nrounds subsample      acq_ei  x_domain .already_evaluated classif.bbrier
INFO  [16:47:40.584] [bbotk]     2743 0.3475963 0.005634372 <list[8]>              FALSE     0.02495497
INFO  [16:47:40.584] [bbotk]  warnings errors runtime_learners                                uhash
INFO  [16:47:40.584] [bbotk]         0      0           34.004 a82b8e4b-c0c3-4f23-867a-b06ddd4cd0f7
INFO  [16:48:05.227] [bbotk] Evaluating 1 configuration(s)
INFO  [16:48:21.680] [bbotk] Result of batch 40:
INFO  [16:48:21.969] [bbotk]      alpha colsample_bylevel colsample_bytree       eta    lambda max_depth
INFO  [16:48:21.969] [bbotk]  -3.729099         0.6899112        0.3559202 -1.446965 -6.607885         3
INFO  [16:48:21.969] [bbotk]  nrounds subsample      acq_ei  x_domain .already_evaluated classif.bbrier
INFO  [16:48:21.969] [bbotk]     1303 0.3332435 0.006237509 <list[8]>              FALSE     0.02439277
INFO  [16:48:21.969] [bbotk]  warnings errors runtime_learners                                uhash
INFO  [16:48:21.969] [bbotk]         0      0           15.165 23a1c976-fefa-46f4-8473-30ecd9d2a374
INFO  [16:48:44.257] [bbotk] Evaluating 1 configuration(s)
INFO  [16:49:06.272] [bbotk] Result of batch 41:
INFO  [16:49:06.308] [bbotk]      alpha colsample_bylevel colsample_bytree       eta   lambda max_depth
INFO  [16:49:06.308] [bbotk]  -2.704309         0.9849832        0.1860562 -1.591887 -6.70291        10
INFO  [16:49:06.308] [bbotk]  nrounds subsample      acq_ei  x_domain .already_evaluated classif.bbrier
INFO  [16:49:06.308] [bbotk]     3085 0.9177708 0.005267025 <list[8]>              FALSE     0.03196719
INFO  [16:49:06.308] [bbotk]  warnings errors runtime_learners                                uhash
INFO  [16:49:06.308] [bbotk]         0      0           20.866 3fc03d01-783e-44da-821f-a71273b908f9
INFO  [16:49:26.096] [bbotk] Evaluating 1 configuration(s)
INFO  [16:50:04.322] [bbotk] Result of batch 42:
INFO  [16:50:04.385] [bbotk]      alpha colsample_bylevel colsample_bytree       eta    lambda max_depth
INFO  [16:50:04.385] [bbotk]  -5.337682           0.38871        0.8353528 -4.161923 0.4588583        17
INFO  [16:50:04.385] [bbotk]  nrounds subsample      acq_ei  x_domain .already_evaluated classif.bbrier
INFO  [16:50:04.385] [bbotk]     4139 0.4315681 0.005079008 <list[8]>              FALSE     0.02338587
INFO  [16:50:04.385] [bbotk]  warnings errors runtime_learners                                uhash
INFO  [16:50:04.385] [bbotk]         0      0            36.84 7ac446d0-f873-4f39-b322-6d0de072963c
WARN  [16:50:13.879] [mlr3] train: Stopped because hard maximum generation limit was hit.
INFO  [16:50:48.040] [bbotk] Evaluating 1 configuration(s)
INFO  [16:51:35.266] [bbotk] Result of batch 43:
INFO  [16:51:35.537] [bbotk]      alpha colsample_bylevel colsample_bytree       eta    lambda max_depth
INFO  [16:51:35.537] [bbotk]  -4.001287         0.9219048        0.7939547 -4.703983 -1.746123        19
INFO  [16:51:35.537] [bbotk]  nrounds subsample      acq_ei  x_domain .already_evaluated classif.bbrier
INFO  [16:51:35.537] [bbotk]     4736 0.4177665 0.004827369 <list[8]>              FALSE     0.02418454
INFO  [16:51:35.537] [bbotk]  warnings errors runtime_learners                                uhash
INFO  [16:51:35.537] [bbotk]         0      0           46.722 3ef79114-631b-4624-9ed8-5d37afc7c962
WARN  [16:51:37.882] [mlr3] train: Stopped because hard maximum generation limit was hit.
INFO  [16:51:45.071] [bbotk] Evaluating 1 configuration(s)
INFO  [16:51:54.813] [bbotk] Result of batch 44:
INFO  [16:51:55.057] [bbotk]      alpha colsample_bylevel colsample_bytree       eta    lambda max_depth
INFO  [16:51:55.057] [bbotk]  -5.366652         0.1970766        0.2514393 -2.511153 -2.813416         6
INFO  [16:51:55.057] [bbotk]  nrounds subsample     acq_ei  x_domain .already_evaluated classif.bbrier
INFO  [16:51:55.057] [bbotk]     1147 0.1343167 0.01152854 <list[8]>              FALSE     0.03253194
INFO  [16:51:55.057] [bbotk]  warnings errors runtime_learners                                uhash
INFO  [16:51:55.057] [bbotk]         0      0            9.259 f00cfdf6-62dc-44df-bd17-5f3e7724d8ed
INFO  [16:52:37.799] [bbotk] Evaluating 1 configuration(s)
INFO  [16:53:06.606] [bbotk] Result of batch 45:
INFO  [16:53:06.650] [bbotk]      alpha colsample_bylevel colsample_bytree       eta   lambda max_depth
INFO  [16:53:06.650] [bbotk]  0.9903329         0.3015652        0.2277452 -0.627668 1.189476        17
INFO  [16:53:06.650] [bbotk]  nrounds subsample      acq_ei  x_domain .already_evaluated classif.bbrier
INFO  [16:53:06.650] [bbotk]     4346 0.3906153 0.005321105 <list[8]>              FALSE     0.03191655
INFO  [16:53:06.650] [bbotk]  warnings errors runtime_learners                                uhash
INFO  [16:53:06.650] [bbotk]         0      0           27.092 f29a23cd-83cb-48a6-85d9-a95c17b4e98b
INFO  [16:53:27.525] [bbotk] Evaluating 1 configuration(s)
INFO  [16:54:09.930] [bbotk] Result of batch 46:
INFO  [16:54:10.004] [bbotk]      alpha colsample_bylevel colsample_bytree       eta     lambda max_depth
INFO  [16:54:10.004] [bbotk]  0.7684456         0.8101589        0.5989027 -3.921589 -0.1724932        11
INFO  [16:54:10.004] [bbotk]  nrounds subsample      acq_ei  x_domain .already_evaluated classif.bbrier
INFO  [16:54:10.004] [bbotk]     4330 0.2881898 0.005542334 <list[8]>              FALSE     0.03058513
INFO  [16:54:10.004] [bbotk]  warnings errors runtime_learners                                uhash
INFO  [16:54:10.004] [bbotk]         0      0           41.517 5b45df3c-7945-4004-90d8-e8ec02f12ee5
INFO  [16:54:27.494] [bbotk] Evaluating 1 configuration(s)
INFO  [16:54:47.933] [bbotk] Result of batch 47:
INFO  [16:54:47.942] [bbotk]      alpha colsample_bylevel colsample_bytree       eta    lambda max_depth
INFO  [16:54:47.942] [bbotk]  -2.360521         0.7302732        0.7871199 -5.259111 -1.408508         4
INFO  [16:54:47.942] [bbotk]  nrounds subsample      acq_ei  x_domain .already_evaluated classif.bbrier
INFO  [16:54:47.942] [bbotk]     3442 0.2784921 0.004935218 <list[8]>              FALSE      0.0248115
INFO  [16:54:47.942] [bbotk]  warnings errors runtime_learners                                uhash
INFO  [16:54:47.942] [bbotk]         0      0           19.888 77dbe145-e27e-4286-86d8-f1fffd808fa7
WARN  [16:54:48.936] [mlr3] train: Stopped because hard maximum generation limit was hit.
INFO  [16:55:05.683] [bbotk] Evaluating 1 configuration(s)
INFO  [16:55:30.847] [bbotk] Result of batch 48:
INFO  [16:55:30.974] [bbotk]      alpha colsample_bylevel colsample_bytree       eta    lambda max_depth
INFO  [16:55:30.974] [bbotk]  -2.942643         0.9646315        0.2821924 -3.121759 -6.050379        15
INFO  [16:55:30.974] [bbotk]  nrounds subsample      acq_ei  x_domain .already_evaluated classif.bbrier
INFO  [16:55:30.974] [bbotk]     2076  0.229714 0.004354172 <list[8]>              FALSE     0.02362349
INFO  [16:55:30.974] [bbotk]  warnings errors runtime_learners                                uhash
INFO  [16:55:30.974] [bbotk]         0      0           23.846 ff2b3cba-c765-4f36-a6a4-1a188a61694f
INFO  [16:55:48.369] [bbotk] Evaluating 1 configuration(s)
INFO  [16:55:56.325] [bbotk] Result of batch 49:
INFO  [16:55:56.783] [bbotk]      alpha colsample_bylevel colsample_bytree       eta   lambda max_depth
INFO  [16:55:56.783] [bbotk]  -6.192097         0.3594159        0.4969557 -1.456953 1.700968        20
INFO  [16:55:56.783] [bbotk]  nrounds subsample      acq_ei  x_domain .already_evaluated classif.bbrier
INFO  [16:55:56.783] [bbotk]      629 0.3180934 0.004260101 <list[8]>              FALSE     0.02510825
INFO  [16:55:56.783] [bbotk]  warnings errors runtime_learners                                uhash
INFO  [16:55:56.783] [bbotk]         0      0            7.163 f826b4ca-773f-40e9-95d0-4b56eb2175b2
WARN  [16:56:02.320] [mlr3] train: Stopped because hard maximum generation limit was hit.
INFO  [16:56:06.341] [bbotk] Evaluating 1 configuration(s)
INFO  [16:56:40.281] [bbotk] Result of batch 50:
INFO  [16:56:40.359] [bbotk]      alpha colsample_bylevel colsample_bytree        eta    lambda max_depth
INFO  [16:56:40.359] [bbotk]  -1.970242         0.6816682        0.5311418 -0.5446882 0.4500755         9
INFO  [16:56:40.359] [bbotk]  nrounds subsample      acq_ei  x_domain .already_evaluated classif.bbrier
INFO  [16:56:40.359] [bbotk]     2462 0.4943047 0.004229174 <list[8]>              FALSE     0.02596891
INFO  [16:56:40.359] [bbotk]  warnings errors runtime_learners                                uhash
INFO  [16:56:40.359] [bbotk]         0      0           32.677 71d41dd8-82de-4f48-9c46-f0dcdba9fce8
WARN  [16:56:48.447] [mlr3] train: Stopped because hard maximum generation limit was hit.
INFO  [16:57:03.746] [bbotk] Evaluating 1 configuration(s)
INFO  [16:57:24.258] [bbotk] Result of batch 51:
INFO  [16:57:24.290] [bbotk]      alpha colsample_bylevel colsample_bytree       eta    lambda max_depth
INFO  [16:57:24.290] [bbotk]  -6.858549         0.1284614        0.7656846 -3.071564 0.2920296        16
INFO  [16:57:24.290] [bbotk]  nrounds subsample     acq_ei  x_domain .already_evaluated classif.bbrier
INFO  [16:57:24.290] [bbotk]     2882 0.2621095 0.00609614 <list[8]>              FALSE     0.02523342
INFO  [16:57:24.290] [bbotk]  warnings errors runtime_learners                                uhash
INFO  [16:57:24.290] [bbotk]         0      0           19.908 e5d7e56f-4580-40a6-be37-267092623a4d
WARN  [16:57:27.241] [mlr3] train: Stopped because hard maximum generation limit was hit.
INFO  [16:57:36.945] [bbotk] Evaluating 1 configuration(s)
INFO  [16:58:12.384] [bbotk] Result of batch 52:
INFO  [16:58:12.396] [bbotk]      alpha colsample_bylevel colsample_bytree       eta   lambda max_depth
INFO  [16:58:12.396] [bbotk]  0.1194633         0.2493248        0.7361275 -1.775744 2.467657         4
INFO  [16:58:12.396] [bbotk]  nrounds subsample      acq_ei  x_domain .already_evaluated classif.bbrier
INFO  [16:58:12.396] [bbotk]     4379 0.5508612 0.003658307 <list[8]>              FALSE     0.02712116
INFO  [16:58:12.396] [bbotk]  warnings errors runtime_learners                                uhash
INFO  [16:58:12.396] [bbotk]         0      0           34.919 7fc8fb38-3f3b-4526-8915-9447ba354759
INFO  [16:58:22.472] [bbotk] Evaluating 1 configuration(s)
INFO  [16:58:44.019] [bbotk] Result of batch 53:
INFO  [16:58:44.065] [bbotk]      alpha colsample_bylevel colsample_bytree       eta   lambda max_depth
INFO  [16:58:44.065] [bbotk]  -1.336386         0.6179205        0.9957347 -2.405401 2.022969         4
INFO  [16:58:44.065] [bbotk]  nrounds subsample      acq_ei  x_domain .already_evaluated classif.bbrier
INFO  [16:58:44.065] [bbotk]     2033 0.4198877 0.004719792 <list[8]>              FALSE     0.02292898
INFO  [16:58:44.065] [bbotk]  warnings errors runtime_learners                                uhash
INFO  [16:58:44.065] [bbotk]         0      0           19.348 abbe8f61-fe94-4ae7-b7eb-cba5d61d9213
WARN  [16:58:45.292] [mlr3] train: Stopped because hard maximum generation limit was hit.
INFO  [16:58:53.035] [bbotk] Evaluating 1 configuration(s)
INFO  [16:59:05.587] [bbotk] Result of batch 54:
INFO  [16:59:05.658] [bbotk]      alpha colsample_bylevel colsample_bytree       eta    lambda max_depth
INFO  [16:59:05.658] [bbotk]  -4.038526         0.3167801        0.9471273 -1.892108 -5.749868         1
INFO  [16:59:05.658] [bbotk]  nrounds subsample      acq_ei  x_domain .already_evaluated classif.bbrier
INFO  [16:59:05.658] [bbotk]     1858 0.8076607 0.004456694 <list[8]>              FALSE     0.02616979
INFO  [16:59:05.658] [bbotk]  warnings errors runtime_learners                                uhash
INFO  [16:59:05.658] [bbotk]         0      0           11.592 9b07ecbf-005d-41b5-b8da-d4f204f4c559
INFO  [16:59:18.317] [bbotk] Evaluating 1 configuration(s)
INFO  [16:59:42.028] [bbotk] Result of batch 55:
INFO  [16:59:43.683] [bbotk]      alpha colsample_bylevel colsample_bytree       eta    lambda max_depth
INFO  [16:59:43.683] [bbotk]  -2.779617         0.9876795        0.5211089 -4.449073 -2.867413         9
INFO  [16:59:43.683] [bbotk]  nrounds subsample      acq_ei  x_domain .already_evaluated classif.bbrier
INFO  [16:59:43.683] [bbotk]     3048 0.5660224 0.004218058 <list[8]>              FALSE     0.02526871
INFO  [16:59:43.683] [bbotk]  warnings errors runtime_learners                                uhash
INFO  [16:59:43.683] [bbotk]         0      0           22.648 5be5ec7e-9df6-428c-abb3-66348a46d0ae
WARN  [16:59:50.759] [mlr3] train: Stopped because hard maximum generation limit was hit.
INFO  [16:59:58.987] [bbotk] Evaluating 1 configuration(s)
INFO  [17:00:14.833] [bbotk] Result of batch 56:
INFO  [17:00:14.903] [bbotk]      alpha colsample_bylevel colsample_bytree       eta    lambda max_depth
INFO  [17:00:14.903] [bbotk]  -6.768426         0.9487692        0.1178927 -4.385644 -6.496073        19
INFO  [17:00:14.903] [bbotk]  nrounds subsample      acq_ei  x_domain .already_evaluated classif.bbrier
INFO  [17:00:14.903] [bbotk]     2045 0.2554413 0.004013323 <list[8]>              FALSE     0.02547193
INFO  [17:00:14.903] [bbotk]  warnings errors runtime_learners                                uhash
INFO  [17:00:14.903] [bbotk]         0      0           14.915 e8545272-1b32-4656-a233-d7f3f7f90163
INFO  [17:00:28.321] [bbotk] Evaluating 1 configuration(s)
INFO  [17:01:34.301] [bbotk] Result of batch 57:
INFO  [17:01:34.586] [bbotk]      alpha colsample_bylevel colsample_bytree      eta    lambda max_depth
INFO  [17:01:34.586] [bbotk]  -6.051346         0.5702103        0.6042029 -5.73974 -3.362727        19
INFO  [17:01:34.586] [bbotk]  nrounds subsample      acq_ei  x_domain .already_evaluated classif.bbrier
INFO  [17:01:34.586] [bbotk]     4736 0.9178779 0.004475814 <list[8]>              FALSE     0.03021575
INFO  [17:01:34.586] [bbotk]  warnings errors runtime_learners                                uhash
INFO  [17:01:34.586] [bbotk]         0      0           64.615 599dd876-924c-4479-abfd-351b9be17042
WARN  [17:01:37.279] [mlr3] train: Stopped because hard maximum generation limit was hit.
INFO  [17:01:55.313] [bbotk] Evaluating 1 configuration(s)
INFO  [17:02:13.517] [bbotk] Result of batch 58:
INFO  [17:02:13.928] [bbotk]      alpha colsample_bylevel colsample_bytree       eta   lambda max_depth
INFO  [17:02:13.928] [bbotk]  -1.405105         0.3464232        0.9835835 -1.061779 2.317955         9
INFO  [17:02:13.928] [bbotk]  nrounds subsample      acq_ei  x_domain .already_evaluated classif.bbrier
INFO  [17:02:13.928] [bbotk]     3233  0.136948 0.004505692 <list[8]>              FALSE     0.02886724
INFO  [17:02:13.928] [bbotk]  warnings errors runtime_learners                                uhash
INFO  [17:02:13.928] [bbotk]         0      0           17.017 62c9d46d-8467-44ad-8305-630028503cdd
WARN  [17:02:23.565] [mlr3] train: Stopped because hard maximum generation limit was hit.
INFO  [17:02:37.973] [bbotk] Evaluating 1 configuration(s)
INFO  [17:02:52.995] [bbotk] Result of batch 59:
INFO  [17:02:53.050] [bbotk]      alpha colsample_bylevel colsample_bytree       eta    lambda max_depth
INFO  [17:02:53.050] [bbotk]  -4.555169         0.7686372        0.1256618 -1.610868 -5.448916        19
INFO  [17:02:53.050] [bbotk]  nrounds subsample      acq_ei  x_domain .already_evaluated classif.bbrier
INFO  [17:02:53.050] [bbotk]      791  0.182609 0.003739661 <list[8]>              FALSE     0.03005701
INFO  [17:02:53.050] [bbotk]  warnings errors runtime_learners                                uhash
INFO  [17:02:53.050] [bbotk]         0      0           13.202 f9d8d8d6-60e2-47d5-a654-8a4d25f86fdc
INFO  [17:03:08.164] [bbotk] Evaluating 1 configuration(s)
INFO  [17:03:45.168] [bbotk] Result of batch 60:
INFO  [17:03:45.627] [bbotk]      alpha colsample_bylevel colsample_bytree       eta    lambda max_depth
INFO  [17:03:45.627] [bbotk]  -4.178699         0.9026243        0.1389579 -5.435732 -6.015819        19
INFO  [17:03:45.627] [bbotk]  nrounds subsample      acq_ei  x_domain .already_evaluated classif.bbrier
INFO  [17:03:45.627] [bbotk]     4160 0.1271866 0.003549733 <list[8]>              FALSE      0.0305645
INFO  [17:03:45.627] [bbotk]  warnings errors runtime_learners                                uhash
INFO  [17:03:45.627] [bbotk]         0      0           35.809 e93a121d-7d23-4659-8fe8-47f0382de70d
WARN  [17:03:49.929] [mlr3] train: Stopped because hard maximum generation limit was hit.
INFO  [17:03:59.790] [bbotk] Evaluating 1 configuration(s)
INFO  [17:04:27.929] [bbotk] Result of batch 61:
INFO  [17:04:28.326] [bbotk]      alpha colsample_bylevel colsample_bytree       eta   lambda max_depth
INFO  [17:04:28.326] [bbotk]  0.4664029         0.4963478        0.5873225 -2.171639 1.766533         8
INFO  [17:04:28.326] [bbotk]  nrounds subsample      acq_ei  x_domain .already_evaluated classif.bbrier
INFO  [17:04:28.326] [bbotk]     2623 0.4105935 0.004129702 <list[8]>              FALSE     0.02742097
INFO  [17:04:28.326] [bbotk]  warnings errors runtime_learners                                uhash
INFO  [17:04:28.326] [bbotk]         0      0           26.074 0cc54c85-502f-4baf-8c23-bed3e739a0a1
INFO  [17:04:49.653] [bbotk] Evaluating 1 configuration(s)
INFO  [17:05:22.570] [bbotk] Result of batch 62:
INFO  [17:05:24.814] [bbotk]      alpha colsample_bylevel colsample_bytree       eta    lambda max_depth
INFO  [17:05:24.814] [bbotk]  -3.566878           0.25718         0.745049 -1.079738 0.9631828         1
INFO  [17:05:24.814] [bbotk]  nrounds subsample      acq_ei  x_domain .already_evaluated classif.bbrier
INFO  [17:05:24.814] [bbotk]     4724 0.5108123 0.005057052 <list[8]>              FALSE     0.02602009
INFO  [17:05:24.814] [bbotk]  warnings errors runtime_learners                                uhash
INFO  [17:05:24.814] [bbotk]         0      0           31.986 a46ba80b-9768-475f-8e9d-22d0e132510f
INFO  [17:05:48.429] [bbotk] Evaluating 1 configuration(s)
INFO  [17:06:27.587] [bbotk] Result of batch 63:
INFO  [17:06:27.824] [bbotk]      alpha colsample_bylevel colsample_bytree       eta    lambda max_depth
INFO  [17:06:27.824] [bbotk]  -1.423609         0.1038005        0.3514632 -1.511932 -6.416986         1
INFO  [17:06:27.824] [bbotk]  nrounds subsample      acq_ei  x_domain .already_evaluated classif.bbrier
INFO  [17:06:27.824] [bbotk]     3910 0.8378658 0.004240801 <list[8]>              FALSE     0.02798377
INFO  [17:06:27.824] [bbotk]  warnings errors runtime_learners                                uhash
INFO  [17:06:27.824] [bbotk]         0      0           37.405 03b91066-e88a-4c2c-bda2-85f4a5601887
INFO  [17:06:40.085] [bbotk] Evaluating 1 configuration(s)
INFO  [17:06:53.392] [bbotk] Result of batch 64:
INFO  [17:06:53.695] [bbotk]      alpha colsample_bylevel colsample_bytree         eta     lambda max_depth
INFO  [17:06:53.695] [bbotk]  -1.484852          0.260794        0.1273608 -0.09409608 -0.1273658         2
INFO  [17:06:53.695] [bbotk]  nrounds subsample      acq_ei  x_domain .already_evaluated classif.bbrier
INFO  [17:06:53.695] [bbotk]     2122 0.7193082 0.004018046 <list[8]>              FALSE     0.02993644
INFO  [17:06:53.695] [bbotk]  warnings errors runtime_learners                                uhash
INFO  [17:06:53.695] [bbotk]         0      0           12.189 fbcee3bd-b538-4219-a635-49f0702efd11
INFO  [17:07:05.086] [bbotk] Evaluating 1 configuration(s)
INFO  [17:07:26.576] [bbotk] Result of batch 65:
INFO  [17:07:26.673] [bbotk]      alpha colsample_bylevel colsample_bytree       eta    lambda max_depth
INFO  [17:07:26.673] [bbotk]  -2.146282         0.7700301        0.9856098 -4.618044 0.7287815         7
INFO  [17:07:26.673] [bbotk]  nrounds subsample      acq_ei  x_domain .already_evaluated classif.bbrier
INFO  [17:07:26.673] [bbotk]     3743 0.2739585 0.003339655 <list[8]>              FALSE     0.02446447
INFO  [17:07:26.673] [bbotk]  warnings errors runtime_learners                                uhash
INFO  [17:07:26.673] [bbotk]         0      0           20.898 57609459-439e-4863-9330-58489bf50b94
WARN  [17:07:31.272] [mlr3] train: Stopped because hard maximum generation limit was hit.
INFO  [17:07:41.014] [bbotk] Evaluating 1 configuration(s)
INFO  [17:08:00.872] [bbotk] Result of batch 66:
INFO  [17:08:01.077] [bbotk]      alpha colsample_bylevel colsample_bytree       eta   lambda max_depth
INFO  [17:08:01.077] [bbotk]  0.4251963          0.928842        0.8047247 -4.614737 1.756069         2
INFO  [17:08:01.077] [bbotk]  nrounds subsample      acq_ei  x_domain .already_evaluated classif.bbrier
INFO  [17:08:01.077] [bbotk]      816  0.770056 0.003854825 <list[8]>              FALSE     0.03549745
INFO  [17:08:01.077] [bbotk]  warnings errors runtime_learners                                uhash
INFO  [17:08:01.077] [bbotk]         0      0           17.604 91c315fe-496e-4b41-8268-2d813ee1d743
INFO  [17:08:41.823] [bbotk] Evaluating 1 configuration(s)
INFO  [17:09:32.792] [bbotk] Result of batch 67:
INFO  [17:09:33.110] [bbotk]      alpha colsample_bylevel colsample_bytree        eta   lambda max_depth
INFO  [17:09:33.110] [bbotk]  -1.251044         0.4986534        0.1607033 -0.9990782 1.160324         2
INFO  [17:09:33.110] [bbotk]  nrounds subsample      acq_ei  x_domain .already_evaluated classif.bbrier
INFO  [17:09:33.110] [bbotk]     3191  0.273223 0.003294789 <list[8]>              FALSE     0.02679552
INFO  [17:09:33.110] [bbotk]  warnings errors runtime_learners                                uhash
INFO  [17:09:33.110] [bbotk]         0      0           48.866 b1f61c66-37fa-4f8b-89e9-bf80ee7b6940
WARN  [17:09:41.139] [mlr3] train: Stopped because hard maximum generation limit was hit.
INFO  [17:09:54.740] [bbotk] Evaluating 1 configuration(s)
INFO  [17:10:23.549] [bbotk] Result of batch 68:
INFO  [17:10:23.779] [bbotk]      alpha colsample_bylevel colsample_bytree       eta    lambda max_depth
INFO  [17:10:23.779] [bbotk]  -6.532946         0.1353627         0.528349 -4.742707 -6.809613        11
INFO  [17:10:23.779] [bbotk]  nrounds subsample      acq_ei  x_domain .already_evaluated classif.bbrier
INFO  [17:10:23.779] [bbotk]      916 0.8377101 0.003240816 <list[8]>              FALSE     0.03061566
INFO  [17:10:23.779] [bbotk]  warnings errors runtime_learners                                uhash
INFO  [17:10:23.779] [bbotk]         0      0           26.527 0891c275-b6f1-4afc-b5b8-09e82d1b769b
WARN  [17:10:29.238] [mlr3] train: Stopped because hard maximum generation limit was hit.
INFO  [17:10:37.131] [bbotk] Evaluating 1 configuration(s)
INFO  [17:11:05.746] [bbotk] Result of batch 69:
INFO  [17:11:05.985] [bbotk]      alpha colsample_bylevel colsample_bytree      eta   lambda max_depth
INFO  [17:11:05.985] [bbotk]  -6.032453         0.1001475        0.4818125 -2.48668 2.252025        16
INFO  [17:11:05.985] [bbotk]  nrounds subsample      acq_ei  x_domain .already_evaluated classif.bbrier
INFO  [17:11:05.985] [bbotk]     4541 0.1007704 0.003339902 <list[8]>              FALSE     0.03091969
INFO  [17:11:05.985] [bbotk]  warnings errors runtime_learners                                uhash
INFO  [17:11:05.985] [bbotk]         0      0           26.655 7c48a4a6-a56b-4574-8e2e-ec2fa3e6175b
WARN  [17:11:15.716] [mlr3] train: Stopped because hard maximum generation limit was hit.
INFO  [17:11:16.079] [bbotk] Finished optimizing after 100 evaluation(s)
INFO  [17:11:16.216] [bbotk] Result:
INFO  [17:11:16.342] [bbotk]      alpha colsample_bylevel colsample_bytree       eta   lambda max_depth
INFO  [17:11:16.342] [bbotk]      <num>             <num>            <num>     <num>    <num>     <int>
INFO  [17:11:16.342] [bbotk]  -1.336386         0.6179205        0.9957347 -2.405401 2.022969         4
INFO  [17:11:16.342] [bbotk]  nrounds subsample learner_param_vals  x_domain classif.bbrier
INFO  [17:11:16.342] [bbotk]    <int>     <num>             <list>    <list>          <num>
INFO  [17:11:16.342] [bbotk]     2033 0.4198877         <list[10]> <list[8]>     0.02292898

### [bt]: Job terminated successfully [batchtools job.id=1408]
### [bt]: Calculation finished!
