### [bt]: This is batchtools v0.9.17
### [bt]: Starting calculation of 1 jobs
### [bt]: Setting working directory to '/content/drive/MyDrive/GitHub/Mater_Thesis_Calibration'
ece.R :
Friedmann_tasks.R :
Functions.R :
ici.R :
mse_feature_effects.R :
PipeOpCalibration_TuningExperiment.R :
PipeOpCalibration.R :
PipeOpCalibrationUnion.R :
### [bt]: Memory measurement disabled
### [bt]: Starting job [batchtools job.id=140]
### [bt]: Generating problem instance for problem '563768ad2e048da7' ...
### [bt]: Applying algorithm 'run_learner' on problem '563768ad2e048da7' for job 140 (seed = 263) ...
INFO  [21:16:34.128] [mlr3] Applying learner 'ranger TbC isotonic' on task 'credit-g' (iter 10/10)
INFO  [21:16:34.698] [bbotk] Starting to optimize 4 parameter(s) with '<OptimizerMbo>' and '<TerminatorEvals> [n_evals=100, k=0]'
INFO  [21:16:38.388] [bbotk] Evaluating 16 configuration(s)
INFO  [21:17:28.891] [bbotk] Result of batch 1:
INFO  [21:17:29.040] [bbotk]  mtry.ratio num.trees replace sample.fraction classif.bbrier warnings errors
INFO  [21:17:29.040] [bbotk]  0.77888221      1159    TRUE       0.7736189      0.1673885        0      0
INFO  [21:17:29.040] [bbotk]  0.27888221       159   FALSE       0.3236189      0.1648050        0      0
INFO  [21:17:29.040] [bbotk]  0.52888221       659   FALSE       0.5486189      0.1670632        0      0
INFO  [21:17:29.040] [bbotk]  0.02888219      1659    TRUE       0.9986189      0.1783809        0      0
INFO  [21:17:29.040] [bbotk]  0.15388219       909    TRUE       0.8861189      0.1652913        0      0
INFO  [21:17:29.040] [bbotk]  0.65388221      1909   FALSE       0.4361189      0.1662875        0      0
INFO  [21:17:29.040] [bbotk]  0.90388221       409    TRUE       0.6611189      0.1684052        0      0
INFO  [21:17:29.040] [bbotk]  0.40388221      1409   FALSE       0.2111189      0.1672809        0      0
INFO  [21:17:29.040] [bbotk]  0.84138221       784   FALSE       0.9423689      0.1805673        0      0
INFO  [21:17:29.040] [bbotk]  0.34138221      1784    TRUE       0.4923689      0.1651436        0      0
INFO  [21:17:29.040] [bbotk]  0.59138221      1284    TRUE       0.2673689      0.1665798        0      0
INFO  [21:17:29.040] [bbotk]  0.09138219       284   FALSE       0.7173689      0.1702612        0      0
INFO  [21:17:29.040] [bbotk]  0.71638221        34    TRUE       0.1548689      0.1753683        0      0
INFO  [21:17:29.040] [bbotk]  0.21638219      1034   FALSE       0.6048689      0.1648833        0      0
INFO  [21:17:29.040] [bbotk]  0.46638221       534    TRUE       0.3798689      0.1657119        0      0
INFO  [21:17:29.040] [bbotk]  0.96638221      1534   FALSE       0.8298689      0.1769732        0      0
INFO  [21:17:29.040] [bbotk]  runtime_learners                                uhash
INFO  [21:17:29.040] [bbotk]             5.198 26242a23-1baf-4de3-b64b-3168bf7f54b1
INFO  [21:17:29.040] [bbotk]             0.512 b721e15a-f811-4af3-824e-46b0d1c165fd
INFO  [21:17:29.040] [bbotk]             2.221 6aebbe2d-0839-4240-9c1a-a8f90d50ae5e
INFO  [21:17:29.040] [bbotk]             3.338 a067054f-107f-43a5-8da3-bd176ae6042f
INFO  [21:17:29.040] [bbotk]             2.484 1553faca-d79d-4bc4-83fd-78f9b35c07e2
INFO  [21:17:29.040] [bbotk]             5.415 f86796fd-8df6-47f0-8956-4cdc7317e18d
INFO  [21:17:29.040] [bbotk]             1.557 c37c1065-4760-4de8-849f-c14152726215
INFO  [21:17:29.040] [bbotk]             2.162 df990dcf-90d1-4443-973e-86cf6ae9baef
INFO  [21:17:29.040] [bbotk]             4.352 3c8f0fd3-98aa-4aa1-ad51-0a203ae67d3f
INFO  [21:17:29.040] [bbotk]             3.663 91595d99-48af-4e19-a244-4db3a913fc8c
INFO  [21:17:29.040] [bbotk]             2.666 014fd963-6c6d-41cc-9611-80b017e3dfdf
INFO  [21:17:29.040] [bbotk]             0.883 0f57a3f9-98c4-4a07-a79c-7bc8196c578d
INFO  [21:17:29.040] [bbotk]             0.213 f5496dc8-56ca-4a77-8d49-818724b7f4d8
INFO  [21:17:29.040] [bbotk]             2.518 393aaffc-3e74-4d17-9ddc-208f55e8c590
INFO  [21:17:29.040] [bbotk]             1.786 bb459f9b-3782-485d-ade5-421071708171
INFO  [21:17:29.040] [bbotk]             8.421 46b29009-5390-46bb-ad9e-5d4787f5b29a
INFO  [21:17:33.968] [bbotk] Evaluating 1 configuration(s)
INFO  [21:17:36.981] [bbotk] Result of batch 2:
INFO  [21:17:37.044] [bbotk]  mtry.ratio num.trees replace sample.fraction       acq_ei  x_domain
INFO  [21:17:37.044] [bbotk]    0.136754      1062    TRUE       0.8996669 0.0008400751 <list[4]>
INFO  [21:17:37.044] [bbotk]  .already_evaluated classif.bbrier warnings errors runtime_learners
INFO  [21:17:37.044] [bbotk]               FALSE      0.1655742        0      0            2.795
INFO  [21:17:37.044] [bbotk]                                 uhash
INFO  [21:17:37.044] [bbotk]  971527ac-3da8-46d4-b9cd-00ebf176e653
INFO  [21:17:41.194] [bbotk] Evaluating 1 configuration(s)
INFO  [21:17:44.680] [bbotk] Result of batch 3:
INFO  [21:17:44.757] [bbotk]  mtry.ratio num.trees replace sample.fraction       acq_ei  x_domain
INFO  [21:17:44.757] [bbotk]   0.1298997      1052    TRUE       0.9189154 0.0008589362 <list[4]>
INFO  [21:17:44.757] [bbotk]  .already_evaluated classif.bbrier warnings errors runtime_learners
INFO  [21:17:44.757] [bbotk]               FALSE      0.1657768        0      0            3.219
INFO  [21:17:44.757] [bbotk]                                 uhash
INFO  [21:17:44.757] [bbotk]  8b7afc4f-931f-43b7-854d-eea8c87da0e2
INFO  [21:17:48.143] [bbotk] Evaluating 1 configuration(s)
INFO  [21:17:53.427] [bbotk] Result of batch 4:
INFO  [21:17:53.450] [bbotk]  mtry.ratio num.trees replace sample.fraction       acq_ei  x_domain
INFO  [21:17:53.450] [bbotk]   0.3321738      1588    TRUE       0.5183085 0.0003847958 <list[4]>
INFO  [21:17:53.450] [bbotk]  .already_evaluated classif.bbrier warnings errors runtime_learners
INFO  [21:17:53.450] [bbotk]               FALSE       0.165253        0      0            4.871
INFO  [21:17:53.450] [bbotk]                                 uhash
INFO  [21:17:53.450] [bbotk]  da792d4f-5043-49c1-8bd4-f24c27a35e84
INFO  [21:17:56.369] [bbotk] Evaluating 1 configuration(s)
INFO  [21:18:02.098] [bbotk] Result of batch 5:
INFO  [21:18:02.134] [bbotk]  mtry.ratio num.trees replace sample.fraction       acq_ei  x_domain
INFO  [21:18:02.134] [bbotk]   0.1739684      1589    TRUE       0.9265152 0.0004846154 <list[4]>
INFO  [21:18:02.134] [bbotk]  .already_evaluated classif.bbrier warnings errors runtime_learners
INFO  [21:18:02.134] [bbotk]               FALSE      0.1647317        0      0            5.482
INFO  [21:18:02.134] [bbotk]                                 uhash
INFO  [21:18:02.134] [bbotk]  b6875a9f-e8d8-4343-be51-12682546ec1d
INFO  [21:18:06.035] [bbotk] Evaluating 1 configuration(s)
INFO  [21:18:09.285] [bbotk] Result of batch 6:
INFO  [21:18:09.405] [bbotk]  mtry.ratio num.trees replace sample.fraction       acq_ei  x_domain
INFO  [21:18:09.405] [bbotk]   0.1827956       940    TRUE       0.9328984 0.0005097646 <list[4]>
INFO  [21:18:09.405] [bbotk]  .already_evaluated classif.bbrier warnings errors runtime_learners
INFO  [21:18:09.405] [bbotk]               FALSE      0.1649966        0      0            2.875
INFO  [21:18:09.405] [bbotk]                                 uhash
INFO  [21:18:09.405] [bbotk]  32d6baf8-e533-428a-bd8c-81cc1e902fed
INFO  [21:18:14.023] [bbotk] Evaluating 1 configuration(s)
INFO  [21:18:14.946] [bbotk] Result of batch 7:
INFO  [21:18:15.014] [bbotk]  mtry.ratio num.trees replace sample.fraction       acq_ei  x_domain
INFO  [21:18:15.014] [bbotk]   0.1807223       163    TRUE       0.9368508 0.0005676928 <list[4]>
INFO  [21:18:15.014] [bbotk]  .already_evaluated classif.bbrier warnings errors runtime_learners
INFO  [21:18:15.014] [bbotk]               FALSE      0.1666986        0      0            0.557
INFO  [21:18:15.014] [bbotk]                                 uhash
INFO  [21:18:15.014] [bbotk]  0aa2ec1b-f0f2-45e3-b42b-e2e879dc0008
INFO  [21:18:19.347] [bbotk] Evaluating 1 configuration(s)
INFO  [21:18:24.913] [bbotk] Result of batch 8:
INFO  [21:18:24.967] [bbotk]  mtry.ratio num.trees replace sample.fraction       acq_ei  x_domain
INFO  [21:18:24.967] [bbotk]    0.269235      1816    TRUE       0.8001277 0.0003734014 <list[4]>
INFO  [21:18:24.967] [bbotk]  .already_evaluated classif.bbrier warnings errors runtime_learners
INFO  [21:18:24.967] [bbotk]               FALSE      0.1649228        0      0            5.279
INFO  [21:18:24.967] [bbotk]                                 uhash
INFO  [21:18:24.967] [bbotk]  de5157c0-6baf-484f-b66d-7fba7b629149
INFO  [21:18:30.855] [bbotk] Evaluating 1 configuration(s)
INFO  [21:18:47.778] [bbotk] Result of batch 9:
INFO  [21:18:47.856] [bbotk]  mtry.ratio num.trees replace sample.fraction       acq_ei  x_domain
INFO  [21:18:47.856] [bbotk]   0.6683736      1675   FALSE       0.8912722 0.0003149625 <list[4]>
INFO  [21:18:47.856] [bbotk]  .already_evaluated classif.bbrier warnings errors runtime_learners
INFO  [21:18:47.856] [bbotk]               FALSE      0.1736246        0      0           16.431
INFO  [21:18:47.856] [bbotk]                                 uhash
INFO  [21:18:47.856] [bbotk]  1bf7af44-e9d8-4b81-8d54-7e0ce86c89da
INFO  [21:18:57.392] [bbotk] Evaluating 1 configuration(s)
INFO  [21:19:03.415] [bbotk] Result of batch 10:
INFO  [21:19:03.444] [bbotk]  mtry.ratio num.trees replace sample.fraction       acq_ei  x_domain
INFO  [21:19:03.444] [bbotk]   0.1766935      1431    TRUE        0.937781 0.0006340374 <list[4]>
INFO  [21:19:03.444] [bbotk]  .already_evaluated classif.bbrier warnings errors runtime_learners
INFO  [21:19:03.444] [bbotk]               FALSE      0.1657968        0      0            5.708
INFO  [21:19:03.444] [bbotk]                                 uhash
INFO  [21:19:03.444] [bbotk]  489d35ba-3e85-4de2-a60d-4f9ab870448a
INFO  [21:19:09.204] [bbotk] Evaluating 1 configuration(s)
INFO  [21:19:19.256] [bbotk] Result of batch 11:
INFO  [21:19:19.328] [bbotk]  mtry.ratio num.trees replace sample.fraction       acq_ei  x_domain
INFO  [21:19:19.328] [bbotk]   0.2731344      1609    TRUE       0.9598212 0.0003965926 <list[4]>
INFO  [21:19:19.328] [bbotk]  .already_evaluated classif.bbrier warnings errors runtime_learners
INFO  [21:19:19.328] [bbotk]               FALSE      0.1648749        0      0            9.328
INFO  [21:19:19.328] [bbotk]                                 uhash
INFO  [21:19:19.328] [bbotk]  56c3b88a-222f-45c9-840f-11d080ce3430
INFO  [21:19:24.553] [bbotk] Evaluating 1 configuration(s)
INFO  [21:19:53.383] [bbotk] Result of batch 12:
INFO  [21:19:53.434] [bbotk]  mtry.ratio num.trees replace sample.fraction       acq_ei  x_domain
INFO  [21:19:53.434] [bbotk]    0.340988      1452    TRUE       0.9670939 0.0007132665 <list[4]>
INFO  [21:19:53.434] [bbotk]  .already_evaluated classif.bbrier warnings errors runtime_learners
INFO  [21:19:53.434] [bbotk]               FALSE      0.1644507        0      0           27.641
INFO  [21:19:53.434] [bbotk]                                 uhash
INFO  [21:19:53.434] [bbotk]  2349b4c8-0cd7-4e5e-acd9-6cb0503420a4
INFO  [21:19:57.158] [bbotk] Evaluating 1 configuration(s)
INFO  [21:20:04.274] [bbotk] Result of batch 13:
INFO  [21:20:04.322] [bbotk]  mtry.ratio num.trees replace sample.fraction       acq_ei  x_domain
INFO  [21:20:04.322] [bbotk]   0.3350793      1634    TRUE       0.9799544 0.0004691784 <list[4]>
INFO  [21:20:04.322] [bbotk]  .already_evaluated classif.bbrier warnings errors runtime_learners
INFO  [21:20:04.322] [bbotk]               FALSE      0.1644685        0      0            6.684
INFO  [21:20:04.322] [bbotk]                                 uhash
INFO  [21:20:04.322] [bbotk]  00b78ad7-4766-4354-b588-03daac345d46
INFO  [21:20:09.870] [bbotk] Evaluating 1 configuration(s)
INFO  [21:20:16.552] [bbotk] Result of batch 14:
INFO  [21:20:16.573] [bbotk]  mtry.ratio num.trees replace sample.fraction     acq_ei  x_domain
INFO  [21:20:16.573] [bbotk]   0.1303908      1704    TRUE       0.9844797 0.00055127 <list[4]>
INFO  [21:20:16.573] [bbotk]  .already_evaluated classif.bbrier warnings errors runtime_learners
INFO  [21:20:16.573] [bbotk]               FALSE       0.166346        0      0            6.121
INFO  [21:20:16.573] [bbotk]                                 uhash
INFO  [21:20:16.573] [bbotk]  ffb91ec2-17d6-4154-9fa3-654ff1395114
INFO  [21:20:24.646] [bbotk] Evaluating 1 configuration(s)
INFO  [21:20:31.365] [bbotk] Result of batch 15:
INFO  [21:20:31.418] [bbotk]  mtry.ratio num.trees replace sample.fraction      acq_ei  x_domain
INFO  [21:20:31.418] [bbotk]   0.4781105      1522    TRUE       0.9908753 0.000530949 <list[4]>
INFO  [21:20:31.418] [bbotk]  .already_evaluated classif.bbrier warnings errors runtime_learners
INFO  [21:20:31.418] [bbotk]               FALSE      0.1650995        0      0            6.089
INFO  [21:20:31.418] [bbotk]                                 uhash
INFO  [21:20:31.418] [bbotk]  98a33273-0be9-475f-906a-f3a1a31382c4
INFO  [21:20:37.093] [bbotk] Evaluating 1 configuration(s)
INFO  [21:20:45.869] [bbotk] Result of batch 16:
INFO  [21:20:45.893] [bbotk]  mtry.ratio num.trees replace sample.fraction       acq_ei  x_domain
INFO  [21:20:45.893] [bbotk]   0.6609568      1607    TRUE       0.9846153 0.0003559094 <list[4]>
INFO  [21:20:45.893] [bbotk]  .already_evaluated classif.bbrier warnings errors runtime_learners
INFO  [21:20:45.893] [bbotk]               FALSE       0.166784        0      0            8.185
INFO  [21:20:45.893] [bbotk]                                 uhash
INFO  [21:20:45.893] [bbotk]  a570ed9c-96b7-4fb4-9cc8-61e3b519f8b9
INFO  [21:20:51.018] [bbotk] Evaluating 1 configuration(s)
INFO  [21:20:57.091] [bbotk] Result of batch 17:
INFO  [21:20:57.125] [bbotk]  mtry.ratio num.trees replace sample.fraction       acq_ei  x_domain
INFO  [21:20:57.125] [bbotk]   0.3241445      1503    TRUE       0.9920936 0.0004287513 <list[4]>
INFO  [21:20:57.125] [bbotk]  .already_evaluated classif.bbrier warnings errors runtime_learners
INFO  [21:20:57.125] [bbotk]               FALSE      0.1648666        0      0            5.715
INFO  [21:20:57.125] [bbotk]                                 uhash
INFO  [21:20:57.125] [bbotk]  015e13d0-143d-460b-b767-b35b16faf056
INFO  [21:21:01.419] [bbotk] Evaluating 1 configuration(s)
INFO  [21:21:13.949] [bbotk] Result of batch 18:
INFO  [21:21:14.072] [bbotk]  mtry.ratio num.trees replace sample.fraction       acq_ei  x_domain
INFO  [21:21:14.072] [bbotk]   0.4701072      1293    TRUE       0.9949385 0.0009236722 <list[4]>
INFO  [21:21:14.072] [bbotk]  .already_evaluated classif.bbrier warnings errors runtime_learners
INFO  [21:21:14.072] [bbotk]               FALSE      0.1656425        0      0           11.785
INFO  [21:21:14.072] [bbotk]                                 uhash
INFO  [21:21:14.072] [bbotk]  4fdaea1d-c898-4a42-8702-44b0b860454b
INFO  [21:21:18.849] [bbotk] Evaluating 1 configuration(s)
INFO  [21:21:24.981] [bbotk] Result of batch 19:
INFO  [21:21:25.004] [bbotk]  mtry.ratio num.trees replace sample.fraction       acq_ei  x_domain
INFO  [21:21:25.004] [bbotk]   0.2601427      1708    TRUE       0.9961407 0.0005947822 <list[4]>
INFO  [21:21:25.004] [bbotk]  .already_evaluated classif.bbrier warnings errors runtime_learners
INFO  [21:21:25.004] [bbotk]               FALSE      0.1650815        0      0            5.753
INFO  [21:21:25.004] [bbotk]                                 uhash
INFO  [21:21:25.004] [bbotk]  5659a1ed-9845-4035-8dd6-2fc12e5e37e7
INFO  [21:21:28.354] [bbotk] Evaluating 1 configuration(s)
INFO  [21:21:37.363] [bbotk] Result of batch 20:
INFO  [21:21:37.408] [bbotk]  mtry.ratio num.trees replace sample.fraction       acq_ei  x_domain
INFO  [21:21:37.408] [bbotk]   0.4785343      1804    TRUE       0.9970468 0.0007042949 <list[4]>
INFO  [21:21:37.408] [bbotk]  .already_evaluated classif.bbrier warnings errors runtime_learners
INFO  [21:21:37.408] [bbotk]               FALSE      0.1654558        0      0            8.065
INFO  [21:21:37.408] [bbotk]                                 uhash
INFO  [21:21:37.408] [bbotk]  872b1441-52f6-4756-8a20-f8c34ef6a811
INFO  [21:21:41.516] [bbotk] Evaluating 1 configuration(s)
INFO  [21:21:47.729] [bbotk] Result of batch 21:
INFO  [21:21:47.753] [bbotk]  mtry.ratio num.trees replace sample.fraction       acq_ei  x_domain
INFO  [21:21:47.753] [bbotk]   0.1898433      1720   FALSE       0.9975522 0.0006059688 <list[4]>
INFO  [21:21:47.753] [bbotk]  .already_evaluated classif.bbrier warnings errors runtime_learners
INFO  [21:21:47.753] [bbotk]               FALSE      0.1654089        0      0            5.607
INFO  [21:21:47.753] [bbotk]                                 uhash
INFO  [21:21:47.753] [bbotk]  86367114-b285-401d-b8ee-a696c875674f
INFO  [21:21:51.181] [bbotk] Evaluating 1 configuration(s)
INFO  [21:21:51.867] [bbotk] Result of batch 22:
INFO  [21:21:51.985] [bbotk]  mtry.ratio num.trees replace sample.fraction       acq_ei  x_domain
INFO  [21:21:51.985] [bbotk]   0.1906261        94   FALSE       0.1077289 0.0003156266 <list[4]>
INFO  [21:21:51.985] [bbotk]  .already_evaluated classif.bbrier warnings errors runtime_learners
INFO  [21:21:51.985] [bbotk]               FALSE      0.1765123        0      0            0.261
INFO  [21:21:51.985] [bbotk]                                 uhash
INFO  [21:21:51.985] [bbotk]  ff523859-1407-456f-b9c4-d34dfa5dbd07
INFO  [21:21:55.266] [bbotk] Evaluating 1 configuration(s)
INFO  [21:22:00.263] [bbotk] Result of batch 23:
INFO  [21:22:00.342] [bbotk]  mtry.ratio num.trees replace sample.fraction       acq_ei  x_domain
INFO  [21:22:00.342] [bbotk]    0.502817      1156    TRUE       0.9973806 0.0004003856 <list[4]>
INFO  [21:22:00.342] [bbotk]  .already_evaluated classif.bbrier warnings errors runtime_learners
INFO  [21:22:00.342] [bbotk]               FALSE      0.1661627        0      0            4.683
INFO  [21:22:00.342] [bbotk]                                 uhash
INFO  [21:22:00.342] [bbotk]  3620aff0-856c-4da8-9d8a-ab06090ab04b
INFO  [21:22:03.758] [bbotk] Evaluating 1 configuration(s)
INFO  [21:22:06.740] [bbotk] Result of batch 24:
INFO  [21:22:06.785] [bbotk]  mtry.ratio num.trees replace sample.fraction       acq_ei  x_domain
INFO  [21:22:06.785] [bbotk]   0.3759104       799    TRUE       0.9647436 0.0004028272 <list[4]>
INFO  [21:22:06.785] [bbotk]  .already_evaluated classif.bbrier warnings errors runtime_learners
INFO  [21:22:06.785] [bbotk]               FALSE      0.1653423        0      0             2.74
INFO  [21:22:06.785] [bbotk]                                 uhash
INFO  [21:22:06.785] [bbotk]  1024d4c6-b4f8-4f15-b9a8-ba1ca4fec514
INFO  [21:22:11.140] [bbotk] Evaluating 1 configuration(s)
INFO  [21:22:14.513] [bbotk] Result of batch 25:
INFO  [21:22:14.563] [bbotk]  mtry.ratio num.trees replace sample.fraction       acq_ei  x_domain
INFO  [21:22:14.563] [bbotk]   0.1735429       829    TRUE       0.9980695 0.0006436766 <list[4]>
INFO  [21:22:14.563] [bbotk]  .already_evaluated classif.bbrier warnings errors runtime_learners
INFO  [21:22:14.563] [bbotk]               FALSE      0.1653085        0      0             3.11
INFO  [21:22:14.563] [bbotk]                                 uhash
INFO  [21:22:14.563] [bbotk]  d8530c61-0ad4-489c-a159-5d8560e70315
INFO  [21:22:18.910] [bbotk] Evaluating 1 configuration(s)
INFO  [21:22:24.377] [bbotk] Result of batch 26:
INFO  [21:22:24.974] [bbotk]  mtry.ratio num.trees replace sample.fraction       acq_ei  x_domain
INFO  [21:22:24.974] [bbotk]  0.01082676      1817    TRUE       0.9992245 0.0003969474 <list[4]>
INFO  [21:22:24.974] [bbotk]  .already_evaluated classif.bbrier warnings errors runtime_learners
INFO  [21:22:24.974] [bbotk]               FALSE      0.1786353        0      0             4.79
INFO  [21:22:24.974] [bbotk]                                 uhash
INFO  [21:22:24.974] [bbotk]  f7557eb3-cf3b-459b-bee2-c3ba190e0f6f
INFO  [21:22:30.937] [bbotk] Evaluating 1 configuration(s)
INFO  [21:22:33.581] [bbotk] Result of batch 27:
INFO  [21:22:33.674] [bbotk]  mtry.ratio num.trees replace sample.fraction       acq_ei  x_domain
INFO  [21:22:33.674] [bbotk]   0.2457324       787    TRUE       0.8681018 0.0003737817 <list[4]>
INFO  [21:22:33.674] [bbotk]  .already_evaluated classif.bbrier warnings errors runtime_learners
INFO  [21:22:33.674] [bbotk]               FALSE      0.1648374        0      0            2.281
INFO  [21:22:33.674] [bbotk]                                 uhash
INFO  [21:22:33.674] [bbotk]  7a62fbfe-2e77-443a-9ceb-dc3f7fa8680c
INFO  [21:22:36.647] [bbotk] Evaluating 1 configuration(s)
INFO  [21:22:38.917] [bbotk] Result of batch 28:
INFO  [21:22:39.072] [bbotk]  mtry.ratio num.trees replace sample.fraction       acq_ei  x_domain
INFO  [21:22:39.072] [bbotk]  0.04897914       772    TRUE       0.9981652 0.0002780282 <list[4]>
INFO  [21:22:39.072] [bbotk]  .already_evaluated classif.bbrier warnings errors runtime_learners
INFO  [21:22:39.072] [bbotk]               FALSE      0.1788466        0      0            1.667
INFO  [21:22:39.072] [bbotk]                                 uhash
INFO  [21:22:39.072] [bbotk]  6dfabc65-5386-447c-beca-ce00303bd49a
INFO  [21:22:44.296] [bbotk] Evaluating 1 configuration(s)
INFO  [21:22:51.308] [bbotk] Result of batch 29:
INFO  [21:22:51.376] [bbotk]  mtry.ratio num.trees replace sample.fraction       acq_ei  x_domain
INFO  [21:22:51.376] [bbotk]   0.3689582      1541   FALSE       0.9981039 0.0008754969 <list[4]>
INFO  [21:22:51.376] [bbotk]  .already_evaluated classif.bbrier warnings errors runtime_learners
INFO  [21:22:51.376] [bbotk]               FALSE      0.1691628        0      0            6.621
INFO  [21:22:51.376] [bbotk]                                 uhash
INFO  [21:22:51.376] [bbotk]  bfaa24a4-55c0-4de6-985d-1e2bc55458fa
INFO  [21:22:55.562] [bbotk] Evaluating 1 configuration(s)
INFO  [21:22:56.304] [bbotk] Result of batch 30:
INFO  [21:22:56.408] [bbotk]  mtry.ratio num.trees replace sample.fraction       acq_ei  x_domain
INFO  [21:22:56.408] [bbotk]   0.2552099       177   FALSE       0.3221737 0.0004049552 <list[4]>
INFO  [21:22:56.408] [bbotk]  .already_evaluated classif.bbrier warnings errors runtime_learners
INFO  [21:22:56.408] [bbotk]               FALSE      0.1662195        0      0            0.402
INFO  [21:22:56.408] [bbotk]                                 uhash
INFO  [21:22:56.408] [bbotk]  85899455-e75f-4aa7-abfd-7895a1a1e839
INFO  [21:23:00.392] [bbotk] Evaluating 1 configuration(s)
INFO  [21:23:03.616] [bbotk] Result of batch 31:
INFO  [21:23:03.663] [bbotk]  mtry.ratio num.trees replace sample.fraction       acq_ei  x_domain
INFO  [21:23:03.663] [bbotk]   0.1678637       676   FALSE       0.9476517 0.0003637802 <list[4]>
INFO  [21:23:03.663] [bbotk]  .already_evaluated classif.bbrier warnings errors runtime_learners
INFO  [21:23:03.663] [bbotk]               FALSE      0.1655023        0      0            2.812
INFO  [21:23:03.663] [bbotk]                                 uhash
INFO  [21:23:03.663] [bbotk]  dbd0d886-40a9-41f0-889e-97390dd2ebe8
INFO  [21:23:08.548] [bbotk] Evaluating 1 configuration(s)
INFO  [21:23:13.116] [bbotk] Result of batch 32:
INFO  [21:23:13.301] [bbotk]  mtry.ratio num.trees replace sample.fraction       acq_ei  x_domain
INFO  [21:23:13.301] [bbotk]   0.3485159       801    TRUE       0.9477681 0.0004117715 <list[4]>
INFO  [21:23:13.301] [bbotk]  .already_evaluated classif.bbrier warnings errors runtime_learners
INFO  [21:23:13.301] [bbotk]               FALSE      0.1644145        0      0            4.048
INFO  [21:23:13.301] [bbotk]                                 uhash
INFO  [21:23:13.301] [bbotk]  5b1657c8-f5a6-4e14-bc87-ed80e8c6eba7
INFO  [21:23:17.309] [bbotk] Evaluating 1 configuration(s)
INFO  [21:23:20.995] [bbotk] Result of batch 33:
INFO  [21:23:21.037] [bbotk]  mtry.ratio num.trees replace sample.fraction       acq_ei  x_domain
INFO  [21:23:21.037] [bbotk]   0.2692392       781    TRUE       0.7411863 0.0003270353 <list[4]>
INFO  [21:23:21.037] [bbotk]  .already_evaluated classif.bbrier warnings errors runtime_learners
INFO  [21:23:21.037] [bbotk]               FALSE      0.1648067        0      0            3.204
INFO  [21:23:21.037] [bbotk]                                 uhash
INFO  [21:23:21.037] [bbotk]  2c695b44-e060-400a-93e3-d790c53648ba
INFO  [21:23:25.666] [bbotk] Evaluating 1 configuration(s)
INFO  [21:23:28.249] [bbotk] Result of batch 34:
INFO  [21:23:28.326] [bbotk]  mtry.ratio num.trees replace sample.fraction       acq_ei  x_domain
INFO  [21:23:28.326] [bbotk]  0.06463422       728    TRUE       0.9238912 0.0006540353 <list[4]>
INFO  [21:23:28.326] [bbotk]  .already_evaluated classif.bbrier warnings errors runtime_learners
INFO  [21:23:28.326] [bbotk]               FALSE      0.1690403        0      0            2.095
INFO  [21:23:28.326] [bbotk]                                 uhash
INFO  [21:23:28.326] [bbotk]  93273ac4-f73c-4813-91be-6fe6f4728870
INFO  [21:23:33.459] [bbotk] Evaluating 1 configuration(s)
INFO  [21:23:35.432] [bbotk] Result of batch 35:
INFO  [21:23:35.663] [bbotk]  mtry.ratio num.trees replace sample.fraction       acq_ei  x_domain
INFO  [21:23:35.663] [bbotk]   0.3172957       121   FALSE       0.1031332 0.0002673778 <list[4]>
INFO  [21:23:35.663] [bbotk]  .already_evaluated classif.bbrier warnings errors runtime_learners
INFO  [21:23:35.663] [bbotk]               FALSE      0.1729529        0      0             0.42
INFO  [21:23:35.663] [bbotk]                                 uhash
INFO  [21:23:35.663] [bbotk]  6e6287ed-544e-410b-9144-4230bb207f13
INFO  [21:23:40.249] [bbotk] Evaluating 1 configuration(s)
INFO  [21:23:50.616] [bbotk] Result of batch 36:
INFO  [21:23:50.661] [bbotk]  mtry.ratio num.trees replace sample.fraction       acq_ei  x_domain
INFO  [21:23:50.661] [bbotk]   0.6636112      1961   FALSE       0.9600006 0.0001890894 <list[4]>
INFO  [21:23:50.661] [bbotk]  .already_evaluated classif.bbrier warnings errors runtime_learners
INFO  [21:23:50.661] [bbotk]               FALSE      0.1766918        0      0            9.973
INFO  [21:23:50.661] [bbotk]                                 uhash
INFO  [21:23:50.661] [bbotk]  2e3d38f2-d5a3-4516-a54d-9a2f342073e7
INFO  [21:23:54.817] [bbotk] Evaluating 1 configuration(s)
INFO  [21:24:01.200] [bbotk] Result of batch 37:
INFO  [21:24:01.282] [bbotk]  mtry.ratio num.trees replace sample.fraction       acq_ei  x_domain
INFO  [21:24:01.282] [bbotk]   0.3019113      1911    TRUE       0.6593764 0.0005022095 <list[4]>
INFO  [21:24:01.282] [bbotk]  .already_evaluated classif.bbrier warnings errors runtime_learners
INFO  [21:24:01.282] [bbotk]               FALSE      0.1652005        0      0            5.854
INFO  [21:24:01.282] [bbotk]                                 uhash
INFO  [21:24:01.282] [bbotk]  41e472b8-62b4-495c-91da-2c3832ac9d43
INFO  [21:24:04.992] [bbotk] Evaluating 1 configuration(s)
INFO  [21:24:08.059] [bbotk] Result of batch 38:
INFO  [21:24:08.160] [bbotk]  mtry.ratio num.trees replace sample.fraction       acq_ei  x_domain
INFO  [21:24:08.160] [bbotk]   0.2587908       760    TRUE       0.9738415 0.0004294082 <list[4]>
INFO  [21:24:08.160] [bbotk]  .already_evaluated classif.bbrier warnings errors runtime_learners
INFO  [21:24:08.160] [bbotk]               FALSE      0.1645065        0      0            2.728
INFO  [21:24:08.160] [bbotk]                                 uhash
INFO  [21:24:08.160] [bbotk]  52399b7d-8001-46a6-b014-4517f786ebc5
INFO  [21:24:12.392] [bbotk] Evaluating 1 configuration(s)
INFO  [21:24:15.849] [bbotk] Result of batch 39:
INFO  [21:24:16.121] [bbotk]  mtry.ratio num.trees replace sample.fraction       acq_ei  x_domain
INFO  [21:24:16.121] [bbotk]   0.2356979       147   FALSE       0.3904692 0.0002216557 <list[4]>
INFO  [21:24:16.121] [bbotk]  .already_evaluated classif.bbrier warnings errors runtime_learners
INFO  [21:24:16.121] [bbotk]               FALSE      0.1663212        0      0            2.194
INFO  [21:24:16.121] [bbotk]                                 uhash
INFO  [21:24:16.121] [bbotk]  10e9aa45-2293-4b3f-a2ce-b709dfd88595
INFO  [21:24:21.797] [bbotk] Evaluating 1 configuration(s)
INFO  [21:24:22.883] [bbotk] Result of batch 40:
INFO  [21:24:22.913] [bbotk]  mtry.ratio num.trees replace sample.fraction       acq_ei  x_domain
INFO  [21:24:22.913] [bbotk]   0.2642109       496    TRUE       0.1873745 0.0004635524 <list[4]>
INFO  [21:24:22.913] [bbotk]  .already_evaluated classif.bbrier warnings errors runtime_learners
INFO  [21:24:22.913] [bbotk]               FALSE      0.1693174        0      0            0.772
INFO  [21:24:22.913] [bbotk]                                 uhash
INFO  [21:24:22.913] [bbotk]  9891719a-8e11-4495-aad5-a0bbdbacbef6
INFO  [21:24:26.328] [bbotk] Evaluating 1 configuration(s)
INFO  [21:24:33.587] [bbotk] Result of batch 41:
INFO  [21:24:33.807] [bbotk]  mtry.ratio num.trees replace sample.fraction       acq_ei  x_domain
INFO  [21:24:33.807] [bbotk]   0.2700749      1954    TRUE       0.9166624 0.0004839212 <list[4]>
INFO  [21:24:33.807] [bbotk]  .already_evaluated classif.bbrier warnings errors runtime_learners
INFO  [21:24:33.807] [bbotk]               FALSE      0.1645199        0      0            6.751
INFO  [21:24:33.807] [bbotk]                                 uhash
INFO  [21:24:33.807] [bbotk]  09827e96-c72b-49a4-9ce0-e8deff37c421
INFO  [21:24:38.468] [bbotk] Evaluating 1 configuration(s)
INFO  [21:24:44.863] [bbotk] Result of batch 42:
INFO  [21:24:44.889] [bbotk]  mtry.ratio num.trees replace sample.fraction       acq_ei  x_domain
INFO  [21:24:44.889] [bbotk]   0.6358549      1038   FALSE       0.9825753 0.0004220839 <list[4]>
INFO  [21:24:44.889] [bbotk]  .already_evaluated classif.bbrier warnings errors runtime_learners
INFO  [21:24:44.889] [bbotk]               FALSE      0.1761856        0      0            6.058
INFO  [21:24:44.889] [bbotk]                                 uhash
INFO  [21:24:44.889] [bbotk]  0fc46d7f-2c31-4d23-97ef-ae77621a673b
INFO  [21:24:50.063] [bbotk] Evaluating 1 configuration(s)
INFO  [21:24:54.718] [bbotk] Result of batch 43:
INFO  [21:24:54.827] [bbotk]  mtry.ratio num.trees replace sample.fraction       acq_ei  x_domain
INFO  [21:24:54.827] [bbotk]   0.4637109       670    TRUE       0.9979963 0.0003192164 <list[4]>
INFO  [21:24:54.827] [bbotk]  .already_evaluated classif.bbrier warnings errors runtime_learners
INFO  [21:24:54.827] [bbotk]               FALSE      0.1651395        0      0            3.677
INFO  [21:24:54.827] [bbotk]                                 uhash
INFO  [21:24:54.827] [bbotk]  433601a7-3763-4fdc-af28-ef1a27ec73ac
INFO  [21:25:02.676] [bbotk] Evaluating 1 configuration(s)
INFO  [21:25:08.142] [bbotk] Result of batch 44:
INFO  [21:25:08.171] [bbotk]  mtry.ratio num.trees replace sample.fraction      acq_ei  x_domain
INFO  [21:25:08.171] [bbotk]   0.2562335       769   FALSE       0.9828982 0.000525972 <list[4]>
INFO  [21:25:08.171] [bbotk]  .already_evaluated classif.bbrier warnings errors runtime_learners
INFO  [21:25:08.171] [bbotk]               FALSE      0.1669962        0      0             5.04
INFO  [21:25:08.171] [bbotk]                                 uhash
INFO  [21:25:08.171] [bbotk]  b72512a6-f2c2-4d6e-bef7-8da32171ed47
INFO  [21:25:12.455] [bbotk] Evaluating 1 configuration(s)
INFO  [21:25:21.087] [bbotk] Result of batch 45:
INFO  [21:25:21.174] [bbotk]  mtry.ratio num.trees replace sample.fraction       acq_ei  x_domain
INFO  [21:25:21.174] [bbotk]   0.2428891      1970    TRUE       0.9418927 0.0003634108 <list[4]>
INFO  [21:25:21.174] [bbotk]  .already_evaluated classif.bbrier warnings errors runtime_learners
INFO  [21:25:21.174] [bbotk]               FALSE      0.1649382        0      0            8.085
INFO  [21:25:21.174] [bbotk]                                 uhash
INFO  [21:25:21.174] [bbotk]  1fa72ac4-486c-4151-aada-ad1986e54e89
INFO  [21:25:26.838] [bbotk] Evaluating 1 configuration(s)
INFO  [21:25:32.650] [bbotk] Result of batch 46:
INFO  [21:25:32.721] [bbotk]  mtry.ratio num.trees replace sample.fraction       acq_ei  x_domain
INFO  [21:25:32.721] [bbotk]   0.4529934       603    TRUE       0.9982733 0.0004418737 <list[4]>
INFO  [21:25:32.721] [bbotk]  .already_evaluated classif.bbrier warnings errors runtime_learners
INFO  [21:25:32.721] [bbotk]               FALSE      0.1654586        0      0             5.21
INFO  [21:25:32.721] [bbotk]                                 uhash
INFO  [21:25:32.721] [bbotk]  0a533cc8-0f93-4749-a893-431342e9999f
INFO  [21:25:36.011] [bbotk] Evaluating 1 configuration(s)
INFO  [21:25:43.733] [bbotk] Result of batch 47:
INFO  [21:25:43.789] [bbotk]  mtry.ratio num.trees replace sample.fraction       acq_ei  x_domain
INFO  [21:25:43.789] [bbotk]   0.2734399      1968    TRUE       0.9219993 0.0004961678 <list[4]>
INFO  [21:25:43.789] [bbotk]  .already_evaluated classif.bbrier warnings errors runtime_learners
INFO  [21:25:43.789] [bbotk]               FALSE       0.164493        0      0            7.362
INFO  [21:25:43.789] [bbotk]                                 uhash
INFO  [21:25:43.789] [bbotk]  98020d54-1a6f-4f19-9c52-2af686f03024
INFO  [21:25:48.912] [bbotk] Evaluating 1 configuration(s)
INFO  [21:25:52.772] [bbotk] Result of batch 48:
INFO  [21:25:52.830] [bbotk]  mtry.ratio num.trees replace sample.fraction       acq_ei  x_domain
INFO  [21:25:52.830] [bbotk]  0.06302764      1406    TRUE       0.5265087 0.0004327598 <list[4]>
INFO  [21:25:52.830] [bbotk]  .already_evaluated classif.bbrier warnings errors runtime_learners
INFO  [21:25:52.830] [bbotk]               FALSE        0.17026        0      0            3.334
INFO  [21:25:52.830] [bbotk]                                 uhash
INFO  [21:25:52.830] [bbotk]  246d307c-e82f-4146-b541-40c33c84cd38
INFO  [21:25:57.621] [bbotk] Evaluating 1 configuration(s)
INFO  [21:26:04.962] [bbotk] Result of batch 49:
INFO  [21:26:04.994] [bbotk]  mtry.ratio num.trees replace sample.fraction      acq_ei  x_domain
INFO  [21:26:04.994] [bbotk]   0.6450691      1933   FALSE       0.4095758 0.000287698 <list[4]>
INFO  [21:26:04.994] [bbotk]  .already_evaluated classif.bbrier warnings errors runtime_learners
INFO  [21:26:04.994] [bbotk]               FALSE      0.1667128        0      0            5.731
INFO  [21:26:04.994] [bbotk]                                 uhash
INFO  [21:26:04.994] [bbotk]  9ec2452b-bc88-4ec3-801c-658c5f63478e
INFO  [21:26:09.886] [bbotk] Evaluating 1 configuration(s)
INFO  [21:26:13.165] [bbotk] Result of batch 50:
INFO  [21:26:13.194] [bbotk]  mtry.ratio num.trees replace sample.fraction       acq_ei  x_domain
INFO  [21:26:13.194] [bbotk]   0.2273877       774    TRUE       0.9489388 0.0002730472 <list[4]>
INFO  [21:26:13.194] [bbotk]  .already_evaluated classif.bbrier warnings errors runtime_learners
INFO  [21:26:13.194] [bbotk]               FALSE      0.1654201        0      0            2.987
INFO  [21:26:13.194] [bbotk]                                 uhash
INFO  [21:26:13.194] [bbotk]  1e1c66ea-1e10-4625-9d57-ddad23e53bc2
INFO  [21:26:31.651] [bbotk] Evaluating 1 configuration(s)
INFO  [21:26:36.975] [bbotk] Result of batch 51:
INFO  [21:26:37.071] [bbotk]  mtry.ratio num.trees replace sample.fraction       acq_ei  x_domain
INFO  [21:26:37.071] [bbotk]   0.1395118      1971    TRUE        0.599589 0.0002823507 <list[4]>
INFO  [21:26:37.071] [bbotk]  .already_evaluated classif.bbrier warnings errors runtime_learners
INFO  [21:26:37.071] [bbotk]               FALSE       0.167228        0      0            4.854
INFO  [21:26:37.071] [bbotk]                                 uhash
INFO  [21:26:37.071] [bbotk]  a14abe88-1ec0-4994-b422-33a168c1e906
INFO  [21:26:42.387] [bbotk] Evaluating 1 configuration(s)
INFO  [21:26:45.726] [bbotk] Result of batch 52:
INFO  [21:26:45.824] [bbotk]  mtry.ratio num.trees replace sample.fraction       acq_ei  x_domain
INFO  [21:26:45.824] [bbotk]   0.5823838       811   FALSE       0.6741066 0.0001459429 <list[4]>
INFO  [21:26:45.824] [bbotk]  .already_evaluated classif.bbrier warnings errors runtime_learners
INFO  [21:26:45.824] [bbotk]               FALSE      0.1682187        0      0             3.04
INFO  [21:26:45.824] [bbotk]                                 uhash
INFO  [21:26:45.824] [bbotk]  bae4218b-43ae-4193-b43d-c6ebadd784cd
INFO  [21:26:51.428] [bbotk] Evaluating 1 configuration(s)
INFO  [21:26:52.252] [bbotk] Result of batch 53:
INFO  [21:26:52.379] [bbotk]  mtry.ratio num.trees replace sample.fraction       acq_ei  x_domain
INFO  [21:26:52.379] [bbotk]   0.4616405       138   FALSE       0.5959869 0.0002595331 <list[4]>
INFO  [21:26:52.379] [bbotk]  .already_evaluated classif.bbrier warnings errors runtime_learners
INFO  [21:26:52.379] [bbotk]               FALSE      0.1670944        0      0            0.507
INFO  [21:26:52.379] [bbotk]                                 uhash
INFO  [21:26:52.379] [bbotk]  076ff3f5-17dd-49e9-b39e-e56210f88fa9
INFO  [21:26:57.368] [bbotk] Evaluating 1 configuration(s)
INFO  [21:27:06.417] [bbotk] Result of batch 54:
INFO  [21:27:06.455] [bbotk]  mtry.ratio num.trees replace sample.fraction       acq_ei  x_domain
INFO  [21:27:06.455] [bbotk]   0.3011573      1959    TRUE       0.9280791 0.0002927615 <list[4]>
INFO  [21:27:06.455] [bbotk]  .already_evaluated classif.bbrier warnings errors runtime_learners
INFO  [21:27:06.455] [bbotk]               FALSE      0.1644346        0      0            8.267
INFO  [21:27:06.455] [bbotk]                                 uhash
INFO  [21:27:06.455] [bbotk]  93577249-f955-4647-9351-688f93e5ad9b
INFO  [21:27:09.685] [bbotk] Evaluating 1 configuration(s)
INFO  [21:27:16.657] [bbotk] Result of batch 55:
INFO  [21:27:16.721] [bbotk]  mtry.ratio num.trees replace sample.fraction       acq_ei  x_domain
INFO  [21:27:16.721] [bbotk]    0.168252      1024   FALSE       0.6376069 0.0002753505 <list[4]>
INFO  [21:27:16.721] [bbotk]  .already_evaluated classif.bbrier warnings errors runtime_learners
INFO  [21:27:16.721] [bbotk]               FALSE      0.1650994        0      0             6.43
INFO  [21:27:16.721] [bbotk]                                 uhash
INFO  [21:27:16.721] [bbotk]  caa58beb-50a7-4a3c-a881-07a92e092073
INFO  [21:27:22.368] [bbotk] Evaluating 1 configuration(s)
INFO  [21:27:28.073] [bbotk] Result of batch 56:
INFO  [21:27:28.113] [bbotk]  mtry.ratio num.trees replace sample.fraction       acq_ei  x_domain
INFO  [21:27:28.113] [bbotk]   0.6496296       884   FALSE       0.6192298 0.0002650742 <list[4]>
INFO  [21:27:28.113] [bbotk]  .already_evaluated classif.bbrier warnings errors runtime_learners
INFO  [21:27:28.113] [bbotk]               FALSE        0.16855        0      0            4.547
INFO  [21:27:28.113] [bbotk]                                 uhash
INFO  [21:27:28.113] [bbotk]  85b0ffac-2ce2-4387-a9d0-96f1dd4f0f6f
INFO  [21:27:33.297] [bbotk] Evaluating 1 configuration(s)
INFO  [21:27:41.888] [bbotk] Result of batch 57:
INFO  [21:27:41.983] [bbotk]  mtry.ratio num.trees replace sample.fraction       acq_ei  x_domain
INFO  [21:27:41.983] [bbotk]   0.2751346      1601   FALSE       0.9450929 0.0002922858 <list[4]>
INFO  [21:27:41.983] [bbotk]  .already_evaluated classif.bbrier warnings errors runtime_learners
INFO  [21:27:41.983] [bbotk]               FALSE      0.1663705        0      0            7.998
INFO  [21:27:41.983] [bbotk]                                 uhash
INFO  [21:27:41.983] [bbotk]  db5b2c33-c002-4104-82c3-14aec2832a35
INFO  [21:27:46.511] [bbotk] Evaluating 1 configuration(s)
INFO  [21:28:01.036] [bbotk] Result of batch 58:
INFO  [21:28:01.074] [bbotk]  mtry.ratio num.trees replace sample.fraction       acq_ei  x_domain
INFO  [21:28:01.074] [bbotk]   0.5341458      1815    TRUE       0.9981183 0.0003774437 <list[4]>
INFO  [21:28:01.074] [bbotk]  .already_evaluated classif.bbrier warnings errors runtime_learners
INFO  [21:28:01.074] [bbotk]               FALSE      0.1660073        0      0           13.935
INFO  [21:28:01.074] [bbotk]                                 uhash
INFO  [21:28:01.074] [bbotk]  dd8b2c80-d7bb-44bc-85e3-edef1e66fef9
INFO  [21:28:04.821] [bbotk] Evaluating 1 configuration(s)
INFO  [21:28:11.017] [bbotk] Result of batch 59:
INFO  [21:28:11.153] [bbotk]  mtry.ratio num.trees replace sample.fraction       acq_ei  x_domain
INFO  [21:28:11.153] [bbotk]   0.2168781      1613    TRUE       0.9983376 0.0004975949 <list[4]>
INFO  [21:28:11.153] [bbotk]  .already_evaluated classif.bbrier warnings errors runtime_learners
INFO  [21:28:11.153] [bbotk]               FALSE      0.1648978        0      0            5.937
INFO  [21:28:11.153] [bbotk]                                 uhash
INFO  [21:28:11.153] [bbotk]  41f42f27-693b-4e63-858f-4eaa9f0db418
INFO  [21:28:16.317] [bbotk] Evaluating 1 configuration(s)
INFO  [21:28:19.914] [bbotk] Result of batch 60:
INFO  [21:28:20.028] [bbotk]  mtry.ratio num.trees replace sample.fraction       acq_ei  x_domain
INFO  [21:28:20.028] [bbotk]   0.4103373       752    TRUE       0.9324307 0.0002364559 <list[4]>
INFO  [21:28:20.028] [bbotk]  .already_evaluated classif.bbrier warnings errors runtime_learners
INFO  [21:28:20.028] [bbotk]               FALSE      0.1647092        0      0            3.203
INFO  [21:28:20.028] [bbotk]                                 uhash
INFO  [21:28:20.028] [bbotk]  12ae5996-7c0f-43a7-9024-24525025d7b3
INFO  [21:28:24.382] [bbotk] Evaluating 1 configuration(s)
INFO  [21:28:27.549] [bbotk] Result of batch 61:
INFO  [21:28:27.619] [bbotk]  mtry.ratio num.trees replace sample.fraction       acq_ei  x_domain
INFO  [21:28:27.619] [bbotk]   0.3401884       773    TRUE       0.9273064 0.0003757558 <list[4]>
INFO  [21:28:27.619] [bbotk]  .already_evaluated classif.bbrier warnings errors runtime_learners
INFO  [21:28:27.619] [bbotk]               FALSE      0.1642151        0      0            2.714
INFO  [21:28:27.619] [bbotk]                                 uhash
INFO  [21:28:27.619] [bbotk]  44b42942-dce6-4fd2-b740-dc0315493b96
INFO  [21:28:34.137] [bbotk] Evaluating 1 configuration(s)
INFO  [21:28:37.980] [bbotk] Result of batch 62:
INFO  [21:28:38.001] [bbotk]  mtry.ratio num.trees replace sample.fraction       acq_ei  x_domain
INFO  [21:28:38.001] [bbotk]   0.7793894       634    TRUE       0.7931002 0.0002893417 <list[4]>
INFO  [21:28:38.001] [bbotk]  .already_evaluated classif.bbrier warnings errors runtime_learners
INFO  [21:28:38.001] [bbotk]               FALSE      0.1673502        0      0            3.562
INFO  [21:28:38.001] [bbotk]                                 uhash
INFO  [21:28:38.001] [bbotk]  0d4d0198-91ae-4de1-8bd5-1ad4897bef00
INFO  [21:28:41.957] [bbotk] Evaluating 1 configuration(s)
INFO  [21:28:45.260] [bbotk] Result of batch 63:
INFO  [21:28:45.303] [bbotk]  mtry.ratio num.trees replace sample.fraction       acq_ei  x_domain
INFO  [21:28:45.303] [bbotk]   0.2862012       806    TRUE       0.9984498 0.0006863754 <list[4]>
INFO  [21:28:45.303] [bbotk]  .already_evaluated classif.bbrier warnings errors runtime_learners
INFO  [21:28:45.303] [bbotk]               FALSE      0.1642655        0      0            2.932
INFO  [21:28:45.303] [bbotk]                                 uhash
INFO  [21:28:45.303] [bbotk]  91a7162b-bfea-4e8e-86e2-19d90238e373
INFO  [21:28:52.865] [bbotk] Evaluating 1 configuration(s)
INFO  [21:28:53.978] [bbotk] Result of batch 64:
INFO  [21:28:54.132] [bbotk]  mtry.ratio num.trees replace sample.fraction       acq_ei  x_domain
INFO  [21:28:54.132] [bbotk]   0.7628236       182   FALSE       0.4035902 0.0001848228 <list[4]>
INFO  [21:28:54.132] [bbotk]  .already_evaluated classif.bbrier warnings errors runtime_learners
INFO  [21:28:54.132] [bbotk]               FALSE       0.167011        0      0            0.644
INFO  [21:28:54.132] [bbotk]                                 uhash
INFO  [21:28:54.132] [bbotk]  26acf9c4-0c38-4ad1-9613-126a8fb09e01
INFO  [21:28:59.027] [bbotk] Evaluating 1 configuration(s)
INFO  [21:29:11.295] [bbotk] Result of batch 65:
INFO  [21:29:11.323] [bbotk]  mtry.ratio num.trees replace sample.fraction     acq_ei  x_domain
INFO  [21:29:11.323] [bbotk]   0.6182562       789    TRUE        0.817984 0.00037331 <list[4]>
INFO  [21:29:11.323] [bbotk]  .already_evaluated classif.bbrier warnings errors runtime_learners
INFO  [21:29:11.323] [bbotk]               FALSE      0.1660503        0      0           10.905
INFO  [21:29:11.323] [bbotk]                                 uhash
INFO  [21:29:11.323] [bbotk]  91af2e19-cc0c-411f-b2a5-51c5ae980077
INFO  [21:29:16.103] [bbotk] Evaluating 1 configuration(s)
INFO  [21:29:17.038] [bbotk] Result of batch 66:
INFO  [21:29:17.201] [bbotk]  mtry.ratio num.trees replace sample.fraction       acq_ei  x_domain
INFO  [21:29:17.201] [bbotk]   0.3714801        88    TRUE       0.9723521 0.0003668906 <list[4]>
INFO  [21:29:17.201] [bbotk]  .already_evaluated classif.bbrier warnings errors runtime_learners
INFO  [21:29:17.201] [bbotk]               FALSE       0.168388        0      0            0.575
INFO  [21:29:17.201] [bbotk]                                 uhash
INFO  [21:29:17.201] [bbotk]  869773b7-bd38-493b-ae42-54b420406c53
INFO  [21:29:22.154] [bbotk] Evaluating 1 configuration(s)
INFO  [21:29:38.506] [bbotk] Result of batch 67:
INFO  [21:29:38.583] [bbotk]  mtry.ratio num.trees replace sample.fraction       acq_ei  x_domain
INFO  [21:29:38.583] [bbotk]   0.3603389      1972    TRUE       0.9996544 0.0003035754 <list[4]>
INFO  [21:29:38.583] [bbotk]  .already_evaluated classif.bbrier warnings errors runtime_learners
INFO  [21:29:38.583] [bbotk]               FALSE       0.165001        0      0           15.431
INFO  [21:29:38.583] [bbotk]                                 uhash
INFO  [21:29:38.583] [bbotk]  679ba3cc-4900-42ad-8d4b-fbc191e2b6c0
INFO  [21:29:44.754] [bbotk] Evaluating 1 configuration(s)
INFO  [21:30:00.289] [bbotk] Result of batch 68:
INFO  [21:30:00.408] [bbotk]  mtry.ratio num.trees replace sample.fraction       acq_ei  x_domain
INFO  [21:30:00.408] [bbotk]   0.4510658      1962   FALSE       0.9538319 0.0002055763 <list[4]>
INFO  [21:30:00.408] [bbotk]  .already_evaluated classif.bbrier warnings errors runtime_learners
INFO  [21:30:00.408] [bbotk]               FALSE      0.1711295        0      0           13.928
INFO  [21:30:00.408] [bbotk]                                 uhash
INFO  [21:30:00.408] [bbotk]  a45e079e-d3dd-4856-b14e-c019a0b2e263
INFO  [21:30:05.094] [bbotk] Evaluating 1 configuration(s)
INFO  [21:30:18.613] [bbotk] Result of batch 69:
INFO  [21:30:18.664] [bbotk]  mtry.ratio num.trees replace sample.fraction       acq_ei  x_domain
INFO  [21:30:18.664] [bbotk]   0.3779525      1429    TRUE       0.9987992 0.0001610662 <list[4]>
INFO  [21:30:18.664] [bbotk]  .already_evaluated classif.bbrier warnings errors runtime_learners
INFO  [21:30:18.664] [bbotk]               FALSE      0.1645448        0      0           12.892
INFO  [21:30:18.664] [bbotk]                                 uhash
INFO  [21:30:18.664] [bbotk]  dbe18c66-5681-4911-b488-d26336f3ab13
INFO  [21:30:22.310] [bbotk] Evaluating 1 configuration(s)
INFO  [21:30:28.133] [bbotk] Result of batch 70:
INFO  [21:30:28.216] [bbotk]  mtry.ratio num.trees replace sample.fraction       acq_ei  x_domain
INFO  [21:30:28.216] [bbotk]   0.1744739      1606    TRUE       0.9983821 0.0003694722 <list[4]>
INFO  [21:30:28.216] [bbotk]  .already_evaluated classif.bbrier warnings errors runtime_learners
INFO  [21:30:28.216] [bbotk]               FALSE      0.1654416        0      0            5.381
INFO  [21:30:28.216] [bbotk]                                 uhash
INFO  [21:30:28.216] [bbotk]  4d93b880-3e4e-4183-bce2-b922eecfe965
INFO  [21:30:32.753] [bbotk] Evaluating 1 configuration(s)
INFO  [21:30:39.294] [bbotk] Result of batch 71:
INFO  [21:30:39.328] [bbotk]  mtry.ratio num.trees replace sample.fraction       acq_ei  x_domain
INFO  [21:30:39.328] [bbotk]   0.2627298      1610    TRUE       0.9999499 0.0006256281 <list[4]>
INFO  [21:30:39.328] [bbotk]  .already_evaluated classif.bbrier warnings errors runtime_learners
INFO  [21:30:39.328] [bbotk]               FALSE      0.1641738        0      0            6.003
INFO  [21:30:39.328] [bbotk]                                 uhash
INFO  [21:30:39.328] [bbotk]  52214c03-f705-4a5b-a819-1a8a8445c596
INFO  [21:30:42.482] [bbotk] Evaluating 1 configuration(s)
INFO  [21:30:48.167] [bbotk] Result of batch 72:
INFO  [21:30:48.194] [bbotk]  mtry.ratio num.trees replace sample.fraction       acq_ei  x_domain
INFO  [21:30:48.194] [bbotk]    0.172707      1803   FALSE       0.9992798 0.0002621227 <list[4]>
INFO  [21:30:48.194] [bbotk]  .already_evaluated classif.bbrier warnings errors runtime_learners
INFO  [21:30:48.194] [bbotk]               FALSE      0.1655079        0      0             5.41
INFO  [21:30:48.194] [bbotk]                                 uhash
INFO  [21:30:48.194] [bbotk]  6c12b116-70a1-4738-adba-3c79114671e6
INFO  [21:30:52.095] [bbotk] Evaluating 1 configuration(s)
INFO  [21:30:56.757] [bbotk] Result of batch 73:
INFO  [21:30:56.798] [bbotk]  mtry.ratio num.trees replace sample.fraction       acq_ei  x_domain
INFO  [21:30:56.798] [bbotk]   0.2507692      1214    TRUE       0.9992951 0.0003014131 <list[4]>
INFO  [21:30:56.798] [bbotk]  .already_evaluated classif.bbrier warnings errors runtime_learners
INFO  [21:30:56.798] [bbotk]               FALSE        0.16518        0      0            4.378
INFO  [21:30:56.798] [bbotk]                                 uhash
INFO  [21:30:56.798] [bbotk]  14bf0099-63c2-4a19-97fc-47ee0bc79a95
INFO  [21:31:00.203] [bbotk] Evaluating 1 configuration(s)
INFO  [21:31:03.168] [bbotk] Result of batch 74:
INFO  [21:31:03.195] [bbotk]  mtry.ratio num.trees replace sample.fraction       acq_ei  x_domain
INFO  [21:31:03.195] [bbotk]    0.260547       783    TRUE       0.9999663 0.0003299271 <list[4]>
INFO  [21:31:03.195] [bbotk]  .already_evaluated classif.bbrier warnings errors runtime_learners
INFO  [21:31:03.195] [bbotk]               FALSE      0.1644224        0      0            2.634
INFO  [21:31:03.195] [bbotk]                                 uhash
INFO  [21:31:03.195] [bbotk]  400479f2-baf9-4ee4-82fb-cc7a5b940381
INFO  [21:31:07.389] [bbotk] Evaluating 1 configuration(s)
INFO  [21:31:14.868] [bbotk] Result of batch 75:
INFO  [21:31:14.888] [bbotk]  mtry.ratio num.trees replace sample.fraction       acq_ei  x_domain
INFO  [21:31:14.888] [bbotk]   0.8834947      1641    TRUE       0.6493172 0.0004757165 <list[4]>
INFO  [21:31:14.888] [bbotk]  .already_evaluated classif.bbrier warnings errors runtime_learners
INFO  [21:31:14.888] [bbotk]               FALSE      0.1670484        0      0            7.138
INFO  [21:31:14.888] [bbotk]                                 uhash
INFO  [21:31:14.888] [bbotk]  408d8e3a-0199-426e-a34f-79488ab8bde4
INFO  [21:31:18.794] [bbotk] Evaluating 1 configuration(s)
INFO  [21:31:22.807] [bbotk] Result of batch 76:
INFO  [21:31:22.871] [bbotk]  mtry.ratio num.trees replace sample.fraction       acq_ei  x_domain
INFO  [21:31:22.871] [bbotk]   0.1365699      1124   FALSE       0.9432287 0.0002903975 <list[4]>
INFO  [21:31:22.871] [bbotk]  .already_evaluated classif.bbrier warnings errors runtime_learners
INFO  [21:31:22.871] [bbotk]               FALSE       0.165826        0      0             3.54
INFO  [21:31:22.871] [bbotk]                                 uhash
INFO  [21:31:22.871] [bbotk]  767c00e8-8907-424a-8666-44cc5f14dbd3
INFO  [21:31:26.755] [bbotk] Evaluating 1 configuration(s)
INFO  [21:31:33.702] [bbotk] Result of batch 77:
INFO  [21:31:33.720] [bbotk]  mtry.ratio num.trees replace sample.fraction       acq_ei  x_domain
INFO  [21:31:33.720] [bbotk]   0.3091354      1824    TRUE        0.998592 0.0005471714 <list[4]>
INFO  [21:31:33.720] [bbotk]  .already_evaluated classif.bbrier warnings errors runtime_learners
INFO  [21:31:33.720] [bbotk]               FALSE      0.1647471        0      0            6.675
INFO  [21:31:33.720] [bbotk]                                 uhash
INFO  [21:31:33.720] [bbotk]  574c3604-b505-4c1c-b6e7-a46d2ca9310b
INFO  [21:31:37.538] [bbotk] Evaluating 1 configuration(s)
INFO  [21:31:43.080] [bbotk] Result of batch 78:
INFO  [21:31:43.199] [bbotk]  mtry.ratio num.trees replace sample.fraction       acq_ei  x_domain
INFO  [21:31:43.199] [bbotk]   0.2186207       935   FALSE        0.185157 0.0004017123 <list[4]>
INFO  [21:31:43.199] [bbotk]  .already_evaluated classif.bbrier warnings errors runtime_learners
INFO  [21:31:43.199] [bbotk]               FALSE      0.1694278        0      0            3.827
INFO  [21:31:43.199] [bbotk]                                 uhash
INFO  [21:31:43.199] [bbotk]  e8c9d0c5-424f-42a3-bc7b-e9f43552669f
INFO  [21:31:46.980] [bbotk] Evaluating 1 configuration(s)
INFO  [21:31:51.060] [bbotk] Result of batch 79:
INFO  [21:31:51.099] [bbotk]  mtry.ratio num.trees replace sample.fraction       acq_ei  x_domain
INFO  [21:31:51.099] [bbotk]  0.05634907      1440   FALSE       0.4616631 0.0002752307 <list[4]>
INFO  [21:31:51.099] [bbotk]  .already_evaluated classif.bbrier warnings errors runtime_learners
INFO  [21:31:51.099] [bbotk]               FALSE      0.1706334        0      0             3.45
INFO  [21:31:51.099] [bbotk]                                 uhash
INFO  [21:31:51.099] [bbotk]  c7159aad-3335-4c49-a6cd-7bb6dfc28817
INFO  [21:31:55.295] [bbotk] Evaluating 1 configuration(s)
INFO  [21:31:56.018] [bbotk] Result of batch 80:
INFO  [21:31:56.104] [bbotk]  mtry.ratio num.trees replace sample.fraction       acq_ei  x_domain
INFO  [21:31:56.104] [bbotk]   0.1729159       128   FALSE       0.3387522 0.0002437213 <list[4]>
INFO  [21:31:56.104] [bbotk]  .already_evaluated classif.bbrier warnings errors runtime_learners
INFO  [21:31:56.104] [bbotk]               FALSE      0.1676214        0      0            0.403
INFO  [21:31:56.104] [bbotk]                                 uhash
INFO  [21:31:56.104] [bbotk]  e1da1227-0a4e-4118-9cec-b7abba8494ac
INFO  [21:31:59.477] [bbotk] Evaluating 1 configuration(s)
INFO  [21:32:02.826] [bbotk] Result of batch 81:
INFO  [21:32:02.855] [bbotk]  mtry.ratio num.trees replace sample.fraction       acq_ei  x_domain
INFO  [21:32:02.855] [bbotk]   0.2687422       769    TRUE       0.8647754 0.0002757489 <list[4]>
INFO  [21:32:02.855] [bbotk]  .already_evaluated classif.bbrier warnings errors runtime_learners
INFO  [21:32:02.855] [bbotk]               FALSE      0.1644737        0      0            2.841
INFO  [21:32:02.855] [bbotk]                                 uhash
INFO  [21:32:02.855] [bbotk]  aa76ade0-f049-4860-9330-1e97f6ddb8d2
INFO  [21:32:08.093] [bbotk] Evaluating 1 configuration(s)
INFO  [21:32:11.038] [bbotk] Result of batch 82:
INFO  [21:32:11.078] [bbotk]  mtry.ratio num.trees replace sample.fraction       acq_ei  x_domain
INFO  [21:32:11.078] [bbotk]   0.3642724       771    TRUE       0.6148367 0.0002519762 <list[4]>
INFO  [21:32:11.078] [bbotk]  .already_evaluated classif.bbrier warnings errors runtime_learners
INFO  [21:32:11.078] [bbotk]               FALSE       0.164844        0      0            2.467
INFO  [21:32:11.078] [bbotk]                                 uhash
INFO  [21:32:11.078] [bbotk]  2232f72b-2cc5-4e66-aefc-efae1d206048
INFO  [21:32:15.253] [bbotk] Evaluating 1 configuration(s)
INFO  [21:32:18.890] [bbotk] Result of batch 83:
INFO  [21:32:19.011] [bbotk]  mtry.ratio num.trees replace sample.fraction       acq_ei  x_domain
INFO  [21:32:19.011] [bbotk]   0.6174997       730    TRUE       0.9037233 0.0002832168 <list[4]>
INFO  [21:32:19.011] [bbotk]  .already_evaluated classif.bbrier warnings errors runtime_learners
INFO  [21:32:19.011] [bbotk]               FALSE      0.1662991        0      0            3.345
INFO  [21:32:19.011] [bbotk]                                 uhash
INFO  [21:32:19.011] [bbotk]  b9ec7584-d6b1-4fc3-b0de-c190f0c7f659
INFO  [21:32:23.209] [bbotk] Evaluating 1 configuration(s)
INFO  [21:32:24.048] [bbotk] Result of batch 84:
INFO  [21:32:24.174] [bbotk]  mtry.ratio num.trees replace sample.fraction       acq_ei  x_domain
INFO  [21:32:24.174] [bbotk]   0.7893111        35    TRUE       0.4435901 0.0002199421 <list[4]>
INFO  [21:32:24.174] [bbotk]  .already_evaluated classif.bbrier warnings errors runtime_learners
INFO  [21:32:24.174] [bbotk]               FALSE       0.169741        0      0            0.368
INFO  [21:32:24.174] [bbotk]                                 uhash
INFO  [21:32:24.174] [bbotk]  1555c606-031a-41da-b1d9-7cc043f0f072
INFO  [21:32:29.528] [bbotk] Evaluating 1 configuration(s)
INFO  [21:32:35.514] [bbotk] Result of batch 85:
INFO  [21:32:35.530] [bbotk]  mtry.ratio num.trees replace sample.fraction       acq_ei  x_domain
INFO  [21:32:35.530] [bbotk]   0.6566861       899    TRUE       0.9988291 0.0004383527 <list[4]>
INFO  [21:32:35.530] [bbotk]  .already_evaluated classif.bbrier warnings errors runtime_learners
INFO  [21:32:35.530] [bbotk]               FALSE      0.1668006        0      0            5.535
INFO  [21:32:35.530] [bbotk]                                 uhash
INFO  [21:32:35.530] [bbotk]  da8e5435-3100-4869-8988-868d9109ba84
INFO  [21:32:35.783] [bbotk] Finished optimizing after 100 evaluation(s)
INFO  [21:32:35.834] [bbotk] Result:
INFO  [21:32:35.918] [bbotk]  mtry.ratio num.trees replace sample.fraction learner_param_vals  x_domain
INFO  [21:32:35.918] [bbotk]       <num>     <int>  <lgcl>           <num>             <list>    <list>
INFO  [21:32:35.918] [bbotk]   0.2627298      1610    TRUE       0.9999499          <list[5]> <list[4]>
INFO  [21:32:35.918] [bbotk]  classif.bbrier
INFO  [21:32:35.918] [bbotk]           <num>
INFO  [21:32:35.918] [bbotk]       0.1641738

### [bt]: Job terminated successfully [batchtools job.id=140]
### [bt]: Calculation finished!
