### [bt]: This is batchtools v0.9.17
### [bt]: Starting calculation of 1 jobs
### [bt]: Setting working directory to '/content/drive/MyDrive/GitHub/Mater_Thesis_Calibration'
ece.R :
Friedmann_tasks.R :
Functions.R :
ici.R :
mse_feature_effects.R :
PipeOpCalibration_TuningExperiment.R :
PipeOpCalibration.R :
PipeOpCalibrationUnion.R :
### [bt]: Memory measurement disabled
### [bt]: Starting job [batchtools job.id=2834]
### [bt]: Generating problem instance for problem '0ecb79b078d7aa0a' ...
### [bt]: Applying algorithm 'run_learner' on problem '0ecb79b078d7aa0a' for job 2834 (seed = 2957) ...
INFO  [14:12:54.420] [mlr3] Applying learner 'xgboost TbC isotonic' on task 'PhishingWebsites' (iter 4/10)
INFO  [14:13:00.622] [bbotk] Starting to optimize 8 parameter(s) with '<OptimizerMbo>' and '<TerminatorEvals> [n_evals=100, k=0]'
INFO  [14:13:01.233] [bbotk] Evaluating 32 configuration(s)
INFO  [15:12:59.113] [bbotk] Result of batch 1:
INFO  [15:12:59.125] [bbotk]       alpha colsample_bylevel colsample_bytree         eta     lambda max_depth
INFO  [15:12:59.125] [bbotk]   2.4106549         0.2498494        0.6334419 -8.37983654  2.8704460         9
INFO  [15:12:59.125] [bbotk]  -4.4971006         0.6998494        0.1834419 -3.77466642 -4.0373091        19
INFO  [15:12:59.125] [bbotk]  -1.0432227         0.4748494        0.8584419 -6.07725151 -0.5834312        14
INFO  [15:12:59.125] [bbotk]   5.8645326         0.9248494        0.4084419 -1.47208133  6.3243237         4
INFO  [15:12:59.125] [bbotk]  -6.2240393         0.1373494        0.5209419 -2.62337387 -5.7642479        11
INFO  [15:12:59.125] [bbotk]   0.6837161         0.5873494        0.9709419 -7.22854406  1.1435072         1
INFO  [15:12:59.125] [bbotk]   4.1375937         0.3623494        0.2959419 -0.32078878  4.5973848         6
INFO  [15:12:59.125] [bbotk]  -2.7701615         0.8123494        0.7459419 -4.92595897 -2.3103700        16
INFO  [15:12:59.125] [bbotk]  -1.9066921         0.3060994        0.2396919 -7.80419033  5.4608542        20
INFO  [15:12:59.125] [bbotk]   5.0010631         0.7560994        0.6896919 -3.19902015 -1.4469006        10
INFO  [15:12:59.125] [bbotk]   1.5471855         0.5310994        0.4646919 -5.50160524 -4.9007785         5
INFO  [15:12:59.125] [bbotk]  -5.3605700         0.9810994        0.9146919 -0.89643505  2.0069766        15
INFO  [15:12:59.125] [bbotk]   3.2741243         0.8685994        0.1271919 -6.65289779 -6.6277173         8
INFO  [15:12:59.125] [bbotk]  -3.6336312         0.4185994        0.5771919 -2.04772760  0.2800378        18
INFO  [15:12:59.125] [bbotk]   6.7280020         0.1935994        0.8021919 -4.35031269 -3.1738394         3
INFO  [15:12:59.125] [bbotk]  -0.1797533         0.6435994        0.3521919 -8.95548283  3.7339154        13
INFO  [15:12:59.125] [bbotk]  -4.9288353         0.2217244        0.9990669 -5.21378210  4.1656501         3
INFO  [15:12:59.125] [bbotk]   1.9789202         0.6717244        0.5490669 -0.60861192 -2.7421047        13
INFO  [15:12:59.125] [bbotk]  -1.4749574         0.8967244        0.3240669 -2.91119701  0.7117725         8
INFO  [15:12:59.125] [bbotk]   5.4327979         0.4467244        0.7740669 -7.51636720 -6.1959826        18
INFO  [15:12:59.125] [bbotk]  -6.6557741         0.5592244        0.6615669 -6.36507465  5.8925890         6
INFO  [15:12:59.125] [bbotk]   0.2519814         0.1092244        0.2115669 -1.75990446 -1.0151659        16
INFO  [15:12:59.125] [bbotk]  -3.2018962         0.3342244        0.4365669 -4.06248956  2.4387113         1
INFO  [15:12:59.125] [bbotk]   3.7058590         0.7842244        0.8865669 -8.66765967 -4.4690438        11
INFO  [15:12:59.125] [bbotk]  -5.7923047         0.5029744        0.1553169 -8.09201340 -1.8786353         9
INFO  [15:12:59.125] [bbotk]   1.1154508         0.9529744        0.6053169 -3.48684328  5.0291195        19
INFO  [15:12:59.125] [bbotk]   4.5693284         0.2779744        0.3803169 -5.78942838  1.5752419        14
INFO  [15:12:59.125] [bbotk]  -2.3384268         0.7279744        0.8303169 -1.18425819 -5.3325132         4
INFO  [15:12:59.125] [bbotk]  -0.6114880         0.1654744        0.7178169 -0.03296564 -3.6055743         7
INFO  [15:12:59.125] [bbotk]   6.2962673         0.6154744        0.2678169 -4.63813583  3.3021807        17
INFO  [15:12:59.125] [bbotk]  -4.0653659         0.8404744        0.4928169 -6.94072092 -0.1516965         2
INFO  [15:12:59.125] [bbotk]   2.8423896         0.3904744        0.9428169 -2.33555074  6.7560584        12
INFO  [15:12:59.125] [bbotk]       alpha colsample_bylevel colsample_bytree         eta     lambda max_depth
INFO  [15:12:59.125] [bbotk]  nrounds subsample classif.bbrier warnings errors runtime_learners
INFO  [15:12:59.125] [bbotk]     2417 0.3057386     0.15851441        0      0           92.166
INFO  [15:12:59.125] [bbotk]     4917 0.7557386     0.02337260        0      0          232.169
INFO  [15:12:59.125] [bbotk]     1167 0.9807386     0.03003134        0      0          187.832
INFO  [15:12:59.125] [bbotk]     3667 0.5307386     0.11919367        0      0           84.799
INFO  [15:12:59.125] [bbotk]     1792 0.1932386     0.02587047        0      0           51.742
INFO  [15:12:59.125] [bbotk]     4292 0.6432386     0.07621290        0      0          117.061
INFO  [15:12:59.125] [bbotk]      542 0.8682386     0.05354948        0      0           10.798
INFO  [15:12:59.125] [bbotk]     3042 0.4182386     0.02333539        0      0          457.444
INFO  [15:12:59.125] [bbotk]     1480 0.1369886     0.23065384        0      0           26.969
INFO  [15:12:59.125] [bbotk]     3980 0.5869886     0.07045867        0      0          110.463
INFO  [15:12:59.125] [bbotk]      230 0.8119886     0.09856909        0      0           15.534
INFO  [15:12:59.125] [bbotk]     2730 0.3619886     0.02625155        0      0          340.415
INFO  [15:12:59.125] [bbotk]     3355 0.4744886     0.07548608        0      0           74.135
INFO  [15:12:59.125] [bbotk]      855 0.9244886     0.02383728        0      0           67.478
INFO  [15:12:59.125] [bbotk]     2105 0.2494886     0.25000000        0      0           27.595
INFO  [15:12:59.125] [bbotk]     4605 0.6994886     0.15041697        0      0          240.668
INFO  [15:12:59.125] [bbotk]     3198 0.2776136     0.04699646        0      0           81.676
INFO  [15:12:59.125] [bbotk]      698 0.7276136     0.02890798        0      0           34.348
INFO  [15:12:59.125] [bbotk]     1948 0.5026136     0.02369466        0      0          137.940
INFO  [15:12:59.125] [bbotk]     4448 0.9526136     0.08810389        0      0          214.724
INFO  [15:12:59.125] [bbotk]       73 0.6151136     0.23096797        0      0            6.916
INFO  [15:12:59.125] [bbotk]     2573 0.1651136     0.03776990        0      0           32.672
INFO  [15:12:59.125] [bbotk]     3823 0.8401136     0.04579492        0      0           53.642
INFO  [15:12:59.125] [bbotk]     1323 0.3901136     0.19225375        0      0          102.735
INFO  [15:12:59.125] [bbotk]     4136 0.7838636     0.10922563        0      0          157.488
INFO  [15:12:59.125] [bbotk]     1636 0.3338636     0.04066761        0      0          147.263
INFO  [15:12:59.125] [bbotk]     2886 0.1088636     0.18962097        0      0           37.229
INFO  [15:12:59.125] [bbotk]      386 0.5588636     0.02567718        0      0           34.530
INFO  [15:12:59.125] [bbotk]     3511 0.2213636     0.05583274        0      0           68.111
INFO  [15:12:59.125] [bbotk]     1011 0.6713636     0.16218696        0      0           22.302
INFO  [15:12:59.125] [bbotk]     2261 0.4463636     0.06967143        0      0           77.251
INFO  [15:12:59.125] [bbotk]     4761 0.8963636     0.04101400        0      0          243.419
INFO  [15:12:59.125] [bbotk]  nrounds subsample classif.bbrier warnings errors runtime_learners
INFO  [15:12:59.125] [bbotk]                                 uhash
INFO  [15:12:59.125] [bbotk]  972cd82f-5001-43e7-804c-bbf05e11b530
INFO  [15:12:59.125] [bbotk]  7400fa30-d2ee-4d10-8dc5-64c73f94f23d
INFO  [15:12:59.125] [bbotk]  cfbfa109-ec48-4a71-a4c1-c80f097216e8
INFO  [15:12:59.125] [bbotk]  90897c55-b40c-4c76-9cc2-e035838fb095
INFO  [15:12:59.125] [bbotk]  2886e0b0-ced0-448f-a538-990065a064e8
INFO  [15:12:59.125] [bbotk]  cfc78c4f-68bc-4d13-9100-4b777327a8c4
INFO  [15:12:59.125] [bbotk]  8984a6b7-d0c9-4dad-8133-8540133eb6cd
INFO  [15:12:59.125] [bbotk]  36c331f8-ac80-4f84-8884-8912d5888646
INFO  [15:12:59.125] [bbotk]  28145035-85c5-4cf2-a953-9aa0c9cb1104
INFO  [15:12:59.125] [bbotk]  d30f6dbb-f9a7-45fa-9526-45af844d544f
INFO  [15:12:59.125] [bbotk]  9d30c74a-eb18-43d4-b524-6e5de311d7cf
INFO  [15:12:59.125] [bbotk]  56b9f019-5937-494b-9969-4a557ad2a921
INFO  [15:12:59.125] [bbotk]  47693ecb-6d1e-4810-a76f-eb7390221127
INFO  [15:12:59.125] [bbotk]  072bf15d-c5ab-418c-a86b-b3f973b03316
INFO  [15:12:59.125] [bbotk]  e6bf831d-9fd3-4cf0-b3a3-5f9e5f5cd6de
INFO  [15:12:59.125] [bbotk]  c2c94e14-9830-42ef-abb9-3c1a0ca20e92
INFO  [15:12:59.125] [bbotk]  260fde02-513b-4eed-a424-1f4db2b4c2a6
INFO  [15:12:59.125] [bbotk]  cf99ab58-9236-439a-b43d-124f022ed90a
INFO  [15:12:59.125] [bbotk]  8560162e-38ba-4d85-aaf1-7d8d1887ee1a
INFO  [15:12:59.125] [bbotk]  d773ab63-2a28-4c9e-9b58-89589a3765c0
INFO  [15:12:59.125] [bbotk]  db14720b-fccc-4199-b458-ff20d36c6dde
INFO  [15:12:59.125] [bbotk]  17542247-2841-4711-9af8-6034b44052a5
INFO  [15:12:59.125] [bbotk]  0cdf862a-1ccb-4b4f-a3c5-c35b51ea42a1
INFO  [15:12:59.125] [bbotk]  a9a2af6c-30e8-4343-8b77-b052d5da6be3
INFO  [15:12:59.125] [bbotk]  7392ddff-bd8d-4116-b0ba-ba49f09d7ee6
INFO  [15:12:59.125] [bbotk]  51153d61-6062-4969-be31-4b134c1f3454
INFO  [15:12:59.125] [bbotk]  04609041-6f54-472d-bc76-b517c83c59c3
INFO  [15:12:59.125] [bbotk]  10f4268c-5db1-4bb7-941a-942d21990a7f
INFO  [15:12:59.125] [bbotk]  5ca8c46b-ff52-40f6-b86e-7ed6bdcba5d6
INFO  [15:12:59.125] [bbotk]  84308783-01cd-4108-a77f-1018da065561
INFO  [15:12:59.125] [bbotk]  d8b27903-2c64-4df1-8c9c-17381cfd1b3f
INFO  [15:12:59.125] [bbotk]  7cc31db6-0f65-47f1-814c-e86385ee3c7d
INFO  [15:12:59.125] [bbotk]                                 uhash
INFO  [15:13:05.849] [bbotk] Evaluating 1 configuration(s)
INFO  [15:20:38.297] [bbotk] Result of batch 2:
INFO  [15:20:38.305] [bbotk]       alpha colsample_bylevel colsample_bytree       eta    lambda max_depth
INFO  [15:20:38.305] [bbotk]  -0.3022668         0.9985967        0.8334055 -2.689578 -1.704715        17
INFO  [15:20:38.305] [bbotk]  nrounds subsample     acq_ei  x_domain .already_evaluated classif.bbrier
INFO  [15:20:38.305] [bbotk]     2549 0.7988127 0.04480123 <list[8]>              FALSE     0.02345872
INFO  [15:20:38.305] [bbotk]  warnings errors runtime_learners                                uhash
INFO  [15:20:38.305] [bbotk]         0      0          452.123 dbc70cd9-dda1-446b-bae3-84151e78b6cb
INFO  [15:20:43.012] [bbotk] Evaluating 1 configuration(s)
INFO  [15:23:14.966] [bbotk] Result of batch 3:
INFO  [15:23:14.989] [bbotk]      alpha colsample_bylevel colsample_bytree       eta    lambda max_depth
INFO  [15:23:14.989] [bbotk]  -4.316279         0.3275166        0.8662765 -2.826017 -5.524315         6
INFO  [15:23:14.989] [bbotk]  nrounds subsample     acq_ei  x_domain .already_evaluated classif.bbrier
INFO  [15:23:14.989] [bbotk]     3089 0.3324518 0.03483742 <list[8]>              FALSE     0.02520716
INFO  [15:23:14.989] [bbotk]  warnings errors runtime_learners                                uhash
INFO  [15:23:14.989] [bbotk]         0      0          151.592 44f9c60a-97f3-460c-bfbf-f619375b9235
INFO  [15:23:19.784] [bbotk] Evaluating 1 configuration(s)
INFO  [15:25:24.254] [bbotk] Result of batch 4:
INFO  [15:25:24.261] [bbotk]      alpha colsample_bylevel colsample_bytree     eta   lambda max_depth
INFO  [15:25:24.261] [bbotk]  -1.379365         0.4204731        0.9072573 -1.9575 2.122092        18
INFO  [15:25:24.261] [bbotk]  nrounds subsample     acq_ei  x_domain .already_evaluated classif.bbrier
INFO  [15:25:24.261] [bbotk]     1354 0.5828009 0.02551778 <list[8]>              FALSE     0.02342012
INFO  [15:25:24.261] [bbotk]  warnings errors runtime_learners                                uhash
INFO  [15:25:24.261] [bbotk]         0      0          124.127 48202836-d9c2-4439-9311-2ab7bc718c19
INFO  [15:25:29.558] [bbotk] Evaluating 1 configuration(s)
INFO  [15:28:35.698] [bbotk] Result of batch 5:
INFO  [15:28:35.708] [bbotk]      alpha colsample_bylevel colsample_bytree       eta   lambda max_depth
INFO  [15:28:35.708] [bbotk]  0.2355709         0.4845611        0.6893444 -1.703554 2.210435        16
INFO  [15:28:35.708] [bbotk]  nrounds subsample     acq_ei  x_domain .already_evaluated classif.bbrier
INFO  [15:28:35.708] [bbotk]     2549 0.9242635 0.02149305 <list[8]>              FALSE     0.02342646
INFO  [15:28:35.708] [bbotk]  warnings errors runtime_learners                                uhash
INFO  [15:28:35.708] [bbotk]         0      0          185.747 0202f8a7-5955-4079-9847-127341716211
INFO  [15:28:39.946] [bbotk] Evaluating 1 configuration(s)
INFO  [15:31:41.907] [bbotk] Result of batch 6:
INFO  [15:31:41.916] [bbotk]       alpha colsample_bylevel colsample_bytree     eta    lambda max_depth
INFO  [15:31:41.916] [bbotk]  -0.9511414         0.9906414        0.7342311 -5.4375 -6.204237         3
INFO  [15:31:41.916] [bbotk]  nrounds subsample     acq_ei  x_domain .already_evaluated classif.bbrier
INFO  [15:31:41.916] [bbotk]     2720 0.9159695 0.01846903 <list[8]>              FALSE     0.03758273
INFO  [15:31:41.916] [bbotk]  warnings errors runtime_learners                                uhash
INFO  [15:31:41.916] [bbotk]         0      0          181.635 735fe325-f6b3-4806-959f-b2b859cc8c26
INFO  [15:31:46.693] [bbotk] Evaluating 1 configuration(s)
INFO  [15:33:29.791] [bbotk] Result of batch 7:
INFO  [15:33:29.802] [bbotk]      alpha colsample_bylevel colsample_bytree       eta    lambda max_depth
INFO  [15:33:29.802] [bbotk]  -4.234675         0.5009368        0.4679707 -1.009988 -2.330582         8
INFO  [15:33:29.802] [bbotk]  nrounds subsample     acq_ei  x_domain .already_evaluated classif.bbrier
INFO  [15:33:29.802] [bbotk]     1987 0.4770936 0.02248781 <list[8]>              FALSE     0.02823053
INFO  [15:33:29.802] [bbotk]  warnings errors runtime_learners                                uhash
INFO  [15:33:29.802] [bbotk]         0      0          102.724 60fba505-0d57-49c3-9893-61c94fc46b1c
INFO  [15:33:36.482] [bbotk] Evaluating 1 configuration(s)
INFO  [15:37:10.796] [bbotk] Result of batch 8:
INFO  [15:37:10.806] [bbotk]      alpha colsample_bylevel colsample_bytree       eta   lambda max_depth
INFO  [15:37:10.806] [bbotk]  -4.038323         0.8631868         0.346368 -2.913205 -2.95809        16
INFO  [15:37:10.806] [bbotk]  nrounds subsample     acq_ei  x_domain .already_evaluated classif.bbrier
INFO  [15:37:10.806] [bbotk]     4079 0.3106051 0.01973316 <list[8]>              FALSE      0.0246853
INFO  [15:37:10.806] [bbotk]  warnings errors runtime_learners                                uhash
INFO  [15:37:10.806] [bbotk]         0      0          213.904 50037ca0-ff0e-491a-9360-1b7589d1f2a0
INFO  [15:37:15.797] [bbotk] Evaluating 1 configuration(s)
INFO  [15:41:23.072] [bbotk] Result of batch 9:
INFO  [15:41:23.088] [bbotk]     alpha colsample_bylevel colsample_bytree      eta    lambda max_depth
INFO  [15:41:23.088] [bbotk]  1.844173         0.8365167        0.4531273 -3.04112 -4.890091        16
INFO  [15:41:23.088] [bbotk]  nrounds subsample    acq_ei  x_domain .already_evaluated classif.bbrier
INFO  [15:41:23.088] [bbotk]     4582 0.5867866 0.0164374 <list[8]>              FALSE     0.02872638
INFO  [15:41:23.088] [bbotk]  warnings errors runtime_learners                                uhash
INFO  [15:41:23.088] [bbotk]         0      0           247.01 ee9aaf14-f64a-4a80-a931-7071eee11d86
INFO  [15:41:29.194] [bbotk] Evaluating 1 configuration(s)
INFO  [15:47:50.594] [bbotk] Result of batch 10:
INFO  [15:47:50.608] [bbotk]      alpha colsample_bylevel colsample_bytree       eta     lambda max_depth
INFO  [15:47:50.608] [bbotk]  -3.034693         0.6318031        0.9763673 -4.214959 -0.3297072         9
INFO  [15:47:50.608] [bbotk]  nrounds subsample     acq_ei  x_domain .already_evaluated classif.bbrier
INFO  [15:47:50.608] [bbotk]     2464 0.7153551 0.02050474 <list[8]>              FALSE      0.0234218
INFO  [15:47:50.608] [bbotk]  warnings errors runtime_learners                                uhash
INFO  [15:47:50.608] [bbotk]         0      0          381.061 ff16d0f8-6f9e-46a6-b4bd-1fec47ee1787
INFO  [15:47:56.596] [bbotk] Evaluating 1 configuration(s)
INFO  [15:53:36.832] [bbotk] Result of batch 11:
INFO  [15:53:36.843] [bbotk]       alpha colsample_bylevel colsample_bytree       eta   lambda max_depth
INFO  [15:53:36.843] [bbotk]  -0.5546809         0.6567567         0.758947 -4.125376 3.792385        17
INFO  [15:53:36.843] [bbotk]  nrounds subsample     acq_ei  x_domain .already_evaluated classif.bbrier
INFO  [15:53:36.843] [bbotk]     2226 0.9824031 0.01742818 <list[8]>              FALSE     0.02706529
INFO  [15:53:36.843] [bbotk]  warnings errors runtime_learners                                uhash
INFO  [15:53:36.843] [bbotk]         0      0          339.922 3479c35f-b2c8-4835-92e4-ec6376174830
INFO  [15:53:42.441] [bbotk] Evaluating 1 configuration(s)
INFO  [15:55:33.818] [bbotk] Result of batch 12:
INFO  [15:55:33.828] [bbotk]       alpha colsample_bylevel colsample_bytree       eta     lambda max_depth
INFO  [15:55:33.828] [bbotk]  -0.7986537          0.914631        0.5230681 -2.279153 -0.7943771        19
INFO  [15:55:33.828] [bbotk]  nrounds subsample    acq_ei  x_domain .already_evaluated classif.bbrier
INFO  [15:55:33.828] [bbotk]      817 0.8490776 0.0174814 <list[8]>              FALSE     0.02339255
INFO  [15:55:33.828] [bbotk]  warnings errors runtime_learners                                uhash
INFO  [15:55:33.828] [bbotk]         0      0          111.067 5cf927dd-b977-444c-9633-375227646334
INFO  [15:55:39.838] [bbotk] Evaluating 1 configuration(s)
INFO  [15:58:19.564] [bbotk] Result of batch 13:
INFO  [15:58:19.585] [bbotk]    alpha colsample_bylevel colsample_bytree      eta    lambda max_depth
INFO  [15:58:19.585] [bbotk]  -4.6185         0.2375695        0.5323212 -4.34599 -5.014161        17
INFO  [15:58:19.585] [bbotk]  nrounds subsample     acq_ei  x_domain .already_evaluated classif.bbrier
INFO  [15:58:19.585] [bbotk]     2715   0.95507 0.01364485 <list[8]>              FALSE     0.02292065
INFO  [15:58:19.585] [bbotk]  warnings errors runtime_learners                                uhash
INFO  [15:58:19.585] [bbotk]         0      0          159.164 1413c36d-3077-4f54-9b63-c3c5abacbc00
INFO  [15:58:25.173] [bbotk] Evaluating 1 configuration(s)
INFO  [16:08:10.365] [bbotk] Result of batch 14:
INFO  [16:08:10.377] [bbotk]      alpha colsample_bylevel colsample_bytree       eta    lambda max_depth
INFO  [16:08:10.377] [bbotk]  -1.903617         0.8042876        0.7627769 -6.201327 -3.445225         7
INFO  [16:08:10.377] [bbotk]  nrounds subsample     acq_ei  x_domain .already_evaluated classif.bbrier
INFO  [16:08:10.377] [bbotk]     4380 0.9920681 0.02141569 <list[8]>              FALSE     0.02613321
INFO  [16:08:10.377] [bbotk]  warnings errors runtime_learners                                uhash
INFO  [16:08:10.377] [bbotk]         0      0          584.841 e84fb0e7-ade0-4288-a001-38f9e30e55df
INFO  [16:08:15.636] [bbotk] Evaluating 1 configuration(s)
INFO  [16:09:18.207] [bbotk] Result of batch 15:
INFO  [16:09:18.229] [bbotk]      alpha colsample_bylevel colsample_bytree       eta   lambda max_depth
INFO  [16:09:18.229] [bbotk]  -5.219479         0.2231467        0.8196099 -3.606259 1.047481         3
INFO  [16:09:18.229] [bbotk]  nrounds subsample     acq_ei  x_domain .already_evaluated classif.bbrier
INFO  [16:09:18.229] [bbotk]     3202 0.1706844 0.01303462 <list[8]>              FALSE     0.03162094
INFO  [16:09:18.229] [bbotk]  warnings errors runtime_learners                                uhash
INFO  [16:09:18.229] [bbotk]         0      0           62.231 03d7ba52-67e2-4415-9a1f-9626baed5dc3
WARN  [16:09:19.865] [mlr3] train: Stopped because hard maximum generation limit was hit.
INFO  [16:09:25.848] [bbotk] Evaluating 1 configuration(s)
INFO  [16:11:26.379] [bbotk] Result of batch 16:
INFO  [16:11:26.401] [bbotk]      alpha colsample_bylevel colsample_bytree       eta    lambda max_depth
INFO  [16:11:26.401] [bbotk]  -2.494434         0.8374876        0.1374891 -4.224886 -5.727459        20
INFO  [16:11:26.401] [bbotk]  nrounds subsample     acq_ei  x_domain .already_evaluated classif.bbrier
INFO  [16:11:26.401] [bbotk]     2960  0.992379 0.01270309 <list[8]>              FALSE     0.02464288
INFO  [16:11:26.401] [bbotk]  warnings errors runtime_learners                                uhash
INFO  [16:11:26.401] [bbotk]         0      0          120.194 ec76e8f8-199a-476c-b06c-43c92b9bd0b3
WARN  [16:11:27.945] [mlr3] train: Stopped because hard maximum generation limit was hit.
INFO  [16:11:33.071] [bbotk] Evaluating 1 configuration(s)
INFO  [16:12:16.686] [bbotk] Result of batch 17:
INFO  [16:12:16.709] [bbotk]      alpha colsample_bylevel colsample_bytree       eta    lambda max_depth
INFO  [16:12:16.709] [bbotk]  -3.244032         0.9567289        0.4327019 -1.164449 -4.404385        16
INFO  [16:12:16.709] [bbotk]  nrounds subsample    acq_ei  x_domain .already_evaluated classif.bbrier
INFO  [16:12:16.709] [bbotk]      859 0.1484479 0.0120226 <list[8]>              FALSE     0.03388654
INFO  [16:12:16.709] [bbotk]  warnings errors runtime_learners                                uhash
INFO  [16:12:16.709] [bbotk]         0      0           43.183 59af47b1-cdce-4030-ba25-614926a6fc33
INFO  [16:12:22.849] [bbotk] Evaluating 1 configuration(s)
INFO  [16:24:19.761] [bbotk] Result of batch 18:
INFO  [16:24:19.772] [bbotk]     alpha colsample_bylevel colsample_bytree       eta   lambda max_depth
INFO  [16:24:19.772] [bbotk]  1.513494         0.9529509        0.8100058 -3.895602 2.887728        15
INFO  [16:24:19.772] [bbotk]  nrounds subsample     acq_ei  x_domain .already_evaluated classif.bbrier
INFO  [16:24:19.772] [bbotk]     4594 0.8912679 0.01080509 <list[8]>              FALSE     0.02757301
INFO  [16:24:19.772] [bbotk]  warnings errors runtime_learners                                uhash
INFO  [16:24:19.772] [bbotk]         0      0          716.663 9d238aa4-9fd7-4840-8cc0-a7fa4403bc65
INFO  [16:24:25.180] [bbotk] Evaluating 1 configuration(s)
INFO  [16:26:42.438] [bbotk] Result of batch 19:
INFO  [16:26:42.447] [bbotk]     alpha colsample_bylevel colsample_bytree       eta   lambda max_depth
INFO  [16:26:42.447] [bbotk]  -2.81175         0.1191912        0.9925534 -3.452578 4.477918        16
INFO  [16:26:42.447] [bbotk]  nrounds subsample     acq_ei  x_domain .already_evaluated classif.bbrier
INFO  [16:26:42.447] [bbotk]     4075 0.4481094 0.01324732 <list[8]>              FALSE     0.03229776
INFO  [16:26:42.447] [bbotk]  warnings errors runtime_learners                                uhash
INFO  [16:26:42.447] [bbotk]         0      0          136.903 5d5ff778-63c0-4cb5-b2f6-e154f98c1e4d
INFO  [16:26:48.336] [bbotk] Evaluating 1 configuration(s)
INFO  [16:28:55.783] [bbotk] Result of batch 20:
INFO  [16:28:55.793] [bbotk]      alpha colsample_bylevel colsample_bytree       eta    lambda max_depth
INFO  [16:28:55.793] [bbotk]  -6.319098         0.2353816        0.9390988 -2.599532 -5.697093        19
INFO  [16:28:55.793] [bbotk]  nrounds subsample     acq_ei  x_domain .already_evaluated classif.bbrier
INFO  [16:28:55.793] [bbotk]     3119 0.2552772 0.01081228 <list[8]>              FALSE     0.02584487
INFO  [16:28:55.793] [bbotk]  warnings errors runtime_learners                                uhash
INFO  [16:28:55.793] [bbotk]         0      0          127.123 bbe1f357-39ec-4094-a274-9f2ed7167ac4
INFO  [16:29:01.490] [bbotk] Evaluating 1 configuration(s)
INFO  [16:30:49.754] [bbotk] Result of batch 21:
INFO  [16:30:49.764] [bbotk]     alpha colsample_bylevel colsample_bytree       eta    lambda max_depth
INFO  [16:30:49.764] [bbotk]  2.874721         0.7396239        0.4429581 -2.687946 -1.121554        20
INFO  [16:30:49.764] [bbotk]  nrounds subsample     acq_ei  x_domain .already_evaluated classif.bbrier
INFO  [16:30:49.764] [bbotk]     4676  0.946914 0.01096228 <list[8]>              FALSE     0.03851785
INFO  [16:30:49.764] [bbotk]  warnings errors runtime_learners                                uhash
INFO  [16:30:49.764] [bbotk]         0      0          107.986 5785bed9-c008-4632-b474-82bd23247a13
INFO  [16:30:55.503] [bbotk] Evaluating 1 configuration(s)
INFO  [16:37:09.978] [bbotk] Result of batch 22:
INFO  [16:37:09.988] [bbotk]      alpha colsample_bylevel colsample_bytree       eta    lambda max_depth
INFO  [16:37:09.988] [bbotk]  -3.522569         0.3812203        0.7099778 -5.287737 -3.705474        11
INFO  [16:37:09.988] [bbotk]  nrounds subsample     acq_ei  x_domain .already_evaluated classif.bbrier
INFO  [16:37:09.988] [bbotk]     4159 0.7059261 0.01018919 <list[8]>              FALSE     0.02321725
INFO  [16:37:09.988] [bbotk]  warnings errors runtime_learners                                uhash
INFO  [16:37:09.988] [bbotk]         0      0          374.064 284523ba-60d0-43db-b111-ed16d9c83160
INFO  [16:37:14.846] [bbotk] Evaluating 1 configuration(s)
INFO  [16:39:21.172] [bbotk] Result of batch 23:
INFO  [16:39:21.187] [bbotk]       alpha colsample_bylevel colsample_bytree        eta   lambda max_depth
INFO  [16:39:21.187] [bbotk]  -0.0297109          0.902617        0.9473309 -0.3400457 5.428905        13
INFO  [16:39:21.187] [bbotk]  nrounds subsample     acq_ei  x_domain .already_evaluated classif.bbrier
INFO  [16:39:21.187] [bbotk]      787 0.4603342 0.01091943 <list[8]>              FALSE     0.02704462
INFO  [16:39:21.187] [bbotk]  warnings errors runtime_learners                                uhash
INFO  [16:39:21.187] [bbotk]         0      0          125.992 b3ac197d-99ec-4162-9408-1e0363b6fff0
INFO  [16:39:27.547] [bbotk] Evaluating 1 configuration(s)
INFO  [16:45:23.675] [bbotk] Result of batch 24:
INFO  [16:45:23.686] [bbotk]      alpha colsample_bylevel colsample_bytree       eta    lambda max_depth
INFO  [16:45:23.686] [bbotk]  -2.575684          0.431439        0.8895726 -5.778128 -6.253516        17
INFO  [16:45:23.686] [bbotk]  nrounds subsample     acq_ei  x_domain .already_evaluated classif.bbrier
INFO  [16:45:23.686] [bbotk]     2471  0.892622 0.01163647 <list[8]>              FALSE     0.02327768
INFO  [16:45:23.686] [bbotk]  warnings errors runtime_learners                                uhash
INFO  [16:45:23.686] [bbotk]         0      0          355.766 8ff83acd-ece7-4287-a832-09243b8edc23
INFO  [16:45:28.751] [bbotk] Evaluating 1 configuration(s)
INFO  [16:56:46.232] [bbotk] Result of batch 25:
INFO  [16:56:46.248] [bbotk]      alpha colsample_bylevel colsample_bytree       eta    lambda max_depth
INFO  [16:56:46.248] [bbotk]  -3.274048         0.9622621        0.8581319 -4.443916 -1.856983         8
INFO  [16:56:46.248] [bbotk]  nrounds subsample     acq_ei  x_domain .already_evaluated classif.bbrier
INFO  [16:56:46.248] [bbotk]     3886 0.5210153 0.01090911 <list[8]>              FALSE     0.02349574
INFO  [16:56:46.248] [bbotk]  warnings errors runtime_learners                                uhash
INFO  [16:56:46.248] [bbotk]         0      0          677.008 d7d97358-f289-4884-b9fe-f152a0d0bc96
INFO  [16:56:51.340] [bbotk] Evaluating 1 configuration(s)
INFO  [16:57:08.636] [bbotk] Result of batch 26:
INFO  [16:57:08.658] [bbotk]      alpha colsample_bylevel colsample_bytree       eta    lambda max_depth
INFO  [16:57:08.658] [bbotk]  -2.732433         0.1382736        0.1269845 -1.747053 -6.551982        15
INFO  [16:57:08.658] [bbotk]  nrounds subsample      acq_ei  x_domain .already_evaluated classif.bbrier
INFO  [16:57:08.658] [bbotk]      945 0.9839601 0.009411235 <list[8]>              FALSE     0.03082438
INFO  [16:57:08.658] [bbotk]  warnings errors runtime_learners                                uhash
INFO  [16:57:08.658] [bbotk]         0      0            16.96 634320ae-ce8a-4d71-a85e-847c0debbeff
WARN  [16:57:10.484] [mlr3] train: Stopped because hard maximum generation limit was hit.
INFO  [16:57:15.184] [bbotk] Evaluating 1 configuration(s)
INFO  [17:00:53.873] [bbotk] Result of batch 27:
INFO  [17:00:53.883] [bbotk]      alpha colsample_bylevel colsample_bytree       eta    lambda max_depth
INFO  [17:00:53.883] [bbotk]  -5.550735         0.5713661        0.5396616 -2.928232 -3.925057        15
INFO  [17:00:53.883] [bbotk]  nrounds subsample      acq_ei  x_domain .already_evaluated classif.bbrier
INFO  [17:00:53.883] [bbotk]     2609 0.6061295 0.008166907 <list[8]>              FALSE     0.02468365
INFO  [17:00:53.883] [bbotk]  warnings errors runtime_learners                                uhash
INFO  [17:00:53.883] [bbotk]         0      0          218.304 b3872fd4-50ed-40dd-bc6d-604f0841b146
WARN  [17:00:54.935] [mlr3] train: Stopped because hard maximum generation limit was hit.
INFO  [17:01:00.032] [bbotk] Evaluating 1 configuration(s)
INFO  [17:03:15.589] [bbotk] Result of batch 28:
INFO  [17:03:15.599] [bbotk]      alpha colsample_bylevel colsample_bytree       eta  lambda max_depth
INFO  [17:03:15.599] [bbotk]  0.8990119         0.8719418        0.8574974 -2.186284 2.50973        15
INFO  [17:03:15.599] [bbotk]  nrounds subsample      acq_ei  x_domain .already_evaluated classif.bbrier
INFO  [17:03:15.599] [bbotk]      729 0.9519815 0.009831239 <list[8]>              FALSE       0.024954
INFO  [17:03:15.599] [bbotk]  warnings errors runtime_learners                                uhash
INFO  [17:03:15.599] [bbotk]         0      0          135.198 f21ee0c4-8083-4b34-b563-dd40d9fcb98d
WARN  [17:03:17.139] [mlr3] train: Stopped because hard maximum generation limit was hit.
INFO  [17:03:21.549] [bbotk] Evaluating 1 configuration(s)
INFO  [17:08:08.295] [bbotk] Result of batch 29:
INFO  [17:08:08.322] [bbotk]      alpha colsample_bylevel colsample_bytree       eta   lambda max_depth
INFO  [17:08:08.322] [bbotk]  -1.520338         0.9944493        0.8617666 -1.971466 1.693084        10
INFO  [17:08:08.322] [bbotk]  nrounds subsample      acq_ei  x_domain .already_evaluated classif.bbrier
INFO  [17:08:08.322] [bbotk]     2354 0.3462041 0.007546882 <list[8]>              FALSE     0.02443984
INFO  [17:08:08.322] [bbotk]  warnings errors runtime_learners                                uhash
INFO  [17:08:08.322] [bbotk]         0      0          286.242 4f3b932b-189f-4e71-8d36-8115497ce525
WARN  [17:08:09.408] [mlr3] train: Stopped because hard maximum generation limit was hit.
INFO  [17:08:14.088] [bbotk] Evaluating 1 configuration(s)
INFO  [17:17:47.414] [bbotk] Result of batch 30:
INFO  [17:17:47.437] [bbotk]      alpha colsample_bylevel colsample_bytree       eta     lambda max_depth
INFO  [17:17:47.437] [bbotk]  -1.452161         0.6791466        0.9670701 -5.135869 -0.6724616        14
INFO  [17:17:47.437] [bbotk]  nrounds subsample      acq_ei  x_domain .already_evaluated classif.bbrier
INFO  [17:17:47.437] [bbotk]     2637 0.9896812 0.009535183 <list[8]>              FALSE     0.02295464
INFO  [17:17:47.437] [bbotk]  warnings errors runtime_learners                                uhash
INFO  [17:17:47.437] [bbotk]         0      0          573.017 eb9c1a79-d2c2-4ec7-826c-b1e13c1f023a
INFO  [17:17:54.225] [bbotk] Evaluating 1 configuration(s)
INFO  [17:18:31.225] [bbotk] Result of batch 31:
INFO  [17:18:31.235] [bbotk]       alpha colsample_bylevel colsample_bytree        eta   lambda max_depth
INFO  [17:18:31.235] [bbotk]  -0.3675835         0.1762671        0.6335891 -0.9397897 2.397655        11
INFO  [17:18:31.235] [bbotk]  nrounds subsample      acq_ei  x_domain .already_evaluated classif.bbrier
INFO  [17:18:31.235] [bbotk]      961 0.8616606 0.008466976 <list[8]>              FALSE     0.02392379
INFO  [17:18:31.235] [bbotk]  warnings errors runtime_learners                                uhash
INFO  [17:18:31.235] [bbotk]         0      0           36.668 ab02479e-af8b-41e9-813c-d3c3f4244a3d
INFO  [17:18:36.438] [bbotk] Evaluating 1 configuration(s)
INFO  [17:19:52.585] [bbotk] Result of batch 32:
INFO  [17:19:52.604] [bbotk]      alpha colsample_bylevel colsample_bytree       eta       lambda max_depth
INFO  [17:19:52.604] [bbotk]  -3.489062         0.1494275        0.5298446 -3.007278 -0.001346889        16
INFO  [17:19:52.604] [bbotk]  nrounds subsample      acq_ei  x_domain .already_evaluated classif.bbrier
INFO  [17:19:52.604] [bbotk]     2225 0.5328995 0.007480027 <list[8]>              FALSE     0.02365941
INFO  [17:19:52.604] [bbotk]  warnings errors runtime_learners                                uhash
INFO  [17:19:52.604] [bbotk]         0      0           75.831 636a031e-9f03-44e2-99a6-456ba5fdacf7
INFO  [17:19:59.745] [bbotk] Evaluating 1 configuration(s)
INFO  [17:21:21.900] [bbotk] Result of batch 33:
INFO  [17:21:21.910] [bbotk]      alpha colsample_bylevel colsample_bytree       eta    lambda max_depth
INFO  [17:21:21.910] [bbotk]  -4.214018         0.3750057        0.5373448 -2.342372 -6.575673        16
INFO  [17:21:21.910] [bbotk]  nrounds subsample      acq_ei  x_domain .already_evaluated classif.bbrier
INFO  [17:21:21.910] [bbotk]     1312 0.4858265 0.008656009 <list[8]>              FALSE     0.02461802
INFO  [17:21:21.910] [bbotk]  warnings errors runtime_learners                                uhash
INFO  [17:21:21.910] [bbotk]         0      0           81.816 4984f601-5d0c-40df-a36e-4e78d2adcdfc
INFO  [17:21:27.772] [bbotk] Evaluating 1 configuration(s)
INFO  [17:21:56.088] [bbotk] Result of batch 34:
INFO  [17:21:56.100] [bbotk]      alpha colsample_bylevel colsample_bytree        eta    lambda max_depth
INFO  [17:21:56.100] [bbotk]  -1.980614          0.607011        0.8541041 -0.1939142 -1.880771        14
INFO  [17:21:56.100] [bbotk]  nrounds subsample      acq_ei  x_domain .already_evaluated classif.bbrier
INFO  [17:21:56.100] [bbotk]      181 0.9550046 0.007125433 <list[8]>              FALSE     0.02520429
INFO  [17:21:56.100] [bbotk]  warnings errors runtime_learners                                uhash
INFO  [17:21:56.100] [bbotk]         0      0           27.981 c28b7ff7-8a77-4070-be69-606eee165706
INFO  [17:22:02.983] [bbotk] Evaluating 1 configuration(s)
INFO  [17:23:41.989] [bbotk] Result of batch 35:
INFO  [17:23:41.999] [bbotk]      alpha colsample_bylevel colsample_bytree     eta    lambda max_depth
INFO  [17:23:41.999] [bbotk]  -3.490754         0.9906341        0.1291712 -5.7805 -6.710894         4
INFO  [17:23:41.999] [bbotk]  nrounds subsample   acq_ei  x_domain .already_evaluated classif.bbrier
INFO  [17:23:41.999] [bbotk]     3570  0.505045 0.009289 <list[8]>              FALSE     0.03984275
INFO  [17:23:41.999] [bbotk]  warnings errors runtime_learners                                uhash
INFO  [17:23:41.999] [bbotk]         0      0           98.711 6887f664-2343-418e-8f2c-c2d20cd20189
INFO  [17:23:48.547] [bbotk] Evaluating 1 configuration(s)
INFO  [17:27:34.985] [bbotk] Result of batch 36:
INFO  [17:27:34.994] [bbotk]      alpha colsample_bylevel colsample_bytree       eta     lambda max_depth
INFO  [17:27:34.994] [bbotk]  -3.374255         0.5858563        0.8710247 -2.739768 -0.4902966        16
INFO  [17:27:34.994] [bbotk]  nrounds subsample     acq_ei  x_domain .already_evaluated classif.bbrier
INFO  [17:27:34.994] [bbotk]     2606 0.3115275 0.00704808 <list[8]>              FALSE     0.02484832
INFO  [17:27:34.994] [bbotk]  warnings errors runtime_learners                                uhash
INFO  [17:27:34.994] [bbotk]         0      0          226.014 e75d3072-3619-4a07-88cd-528aba39ac3d
INFO  [17:27:40.590] [bbotk] Evaluating 1 configuration(s)
INFO  [17:28:45.700] [bbotk] Result of batch 37:
INFO  [17:28:45.710] [bbotk]     alpha colsample_bylevel colsample_bytree       eta    lambda max_depth
INFO  [17:28:45.710] [bbotk]  -2.66995         0.1151505        0.7858868 -2.694728 -1.159287        12
INFO  [17:28:45.710] [bbotk]  nrounds subsample      acq_ei  x_domain .already_evaluated classif.bbrier
INFO  [17:28:45.710] [bbotk]     1488 0.8563182 0.008017044 <list[8]>              FALSE      0.0235924
INFO  [17:28:45.710] [bbotk]  warnings errors runtime_learners                                uhash
INFO  [17:28:45.710] [bbotk]         0      0           64.703 4d9c45e6-0cc0-4649-9385-8b2d839f0ae2
INFO  [17:28:51.114] [bbotk] Evaluating 1 configuration(s)
INFO  [17:30:02.531] [bbotk] Result of batch 38:
INFO  [17:30:02.542] [bbotk]      alpha colsample_bylevel colsample_bytree        eta   lambda max_depth
INFO  [17:30:02.542] [bbotk]  0.3736783         0.6298296        0.3527118 -0.7867162 1.377382        16
INFO  [17:30:02.542] [bbotk]  nrounds subsample      acq_ei  x_domain .already_evaluated classif.bbrier
INFO  [17:30:02.542] [bbotk]     1543 0.6059234 0.006277242 <list[8]>              FALSE     0.02507928
INFO  [17:30:02.542] [bbotk]  warnings errors runtime_learners                                uhash
INFO  [17:30:02.542] [bbotk]         0      0           71.055 2b10acd2-4c20-4097-8577-02de4662b073
INFO  [17:30:09.823] [bbotk] Evaluating 1 configuration(s)
INFO  [17:30:39.264] [bbotk] Result of batch 39:
INFO  [17:30:39.282] [bbotk]      alpha colsample_bylevel colsample_bytree        eta    lambda max_depth
INFO  [17:30:39.282] [bbotk]  -5.938938         0.1241659        0.9187889 -0.9225935 -6.109055        13
INFO  [17:30:39.282] [bbotk]  nrounds subsample      acq_ei  x_domain .already_evaluated classif.bbrier
INFO  [17:30:39.282] [bbotk]      689 0.6744716 0.006809355 <list[8]>              FALSE     0.02631555
INFO  [17:30:39.282] [bbotk]  warnings errors runtime_learners                                uhash
INFO  [17:30:39.282] [bbotk]         0      0            29.07 290bae2b-0b2e-4ca0-b54c-2a7fe0a578ba
INFO  [17:30:46.238] [bbotk] Evaluating 1 configuration(s)
INFO  [17:37:54.637] [bbotk] Result of batch 40:
INFO  [17:37:54.647] [bbotk]      alpha colsample_bylevel colsample_bytree       eta     lambda max_depth
INFO  [17:37:54.647] [bbotk]  -2.239266         0.7849754        0.6541985 -3.652028 -0.8079501        18
INFO  [17:37:54.647] [bbotk]  nrounds subsample      acq_ei  x_domain .already_evaluated classif.bbrier
INFO  [17:37:54.647] [bbotk]     3290 0.6808043 0.006374816 <list[8]>              FALSE     0.02368239
INFO  [17:37:54.647] [bbotk]  warnings errors runtime_learners                                uhash
INFO  [17:37:54.647] [bbotk]         0      0          428.102 a3df19f8-6161-4189-b306-764bbcbb079d
INFO  [17:38:00.581] [bbotk] Evaluating 1 configuration(s)
INFO  [17:39:45.099] [bbotk] Result of batch 41:
INFO  [17:39:45.108] [bbotk]      alpha colsample_bylevel colsample_bytree        eta   lambda max_depth
INFO  [17:39:45.108] [bbotk]  -5.179162         0.1363131        0.8090048 -0.5244269 3.156723        18
INFO  [17:39:45.108] [bbotk]  nrounds subsample      acq_ei  x_domain .already_evaluated classif.bbrier
INFO  [17:39:45.108] [bbotk]     3263 0.7535581 0.005993578 <list[8]>              FALSE     0.02490836
INFO  [17:39:45.108] [bbotk]  warnings errors runtime_learners                                uhash
INFO  [17:39:45.108] [bbotk]         0      0           104.19 d3456954-a0a6-4ff4-bce2-6a1052821f27
INFO  [17:39:50.499] [bbotk] Evaluating 1 configuration(s)
INFO  [17:41:25.316] [bbotk] Result of batch 42:
INFO  [17:41:25.326] [bbotk]      alpha colsample_bylevel colsample_bytree       eta   lambda max_depth
INFO  [17:41:25.326] [bbotk]  -5.307125         0.1325303        0.3996727 -2.337999 1.279093        18
INFO  [17:41:25.326] [bbotk]  nrounds subsample      acq_ei  x_domain .already_evaluated classif.bbrier
INFO  [17:41:25.326] [bbotk]     4383 0.4476547 0.007131713 <list[8]>              FALSE     0.02423286
INFO  [17:41:25.326] [bbotk]  warnings errors runtime_learners                                uhash
INFO  [17:41:25.326] [bbotk]         0      0           94.488 5c632986-1431-4322-94c6-9dc6b497e582
WARN  [17:41:26.439] [mlr3] train: Stopped because hard maximum generation limit was hit.
INFO  [17:41:31.385] [bbotk] Evaluating 1 configuration(s)
INFO  [17:43:02.136] [bbotk] Result of batch 43:
INFO  [17:43:02.150] [bbotk]     alpha colsample_bylevel colsample_bytree       eta    lambda max_depth
INFO  [17:43:02.150] [bbotk]  -5.84659         0.1479918        0.2237694 -3.674761 -5.367498        13
INFO  [17:43:02.150] [bbotk]  nrounds subsample      acq_ei  x_domain .already_evaluated classif.bbrier
INFO  [17:43:02.150] [bbotk]     4860 0.3236624 0.005730239 <list[8]>              FALSE     0.02634193
INFO  [17:43:02.150] [bbotk]  warnings errors runtime_learners                                uhash
INFO  [17:43:02.150] [bbotk]         0      0           90.404 23867b87-84f9-4f9d-b628-3541e359e734
INFO  [17:43:07.513] [bbotk] Evaluating 1 configuration(s)
INFO  [17:54:12.159] [bbotk] Result of batch 44:
INFO  [17:54:12.195] [bbotk]      alpha colsample_bylevel colsample_bytree       eta    lambda max_depth
INFO  [17:54:12.195] [bbotk]  -5.035304         0.7799437        0.7625223 -4.373462 -4.536144        15
INFO  [17:54:12.195] [bbotk]  nrounds subsample      acq_ei  x_domain .already_evaluated classif.bbrier
INFO  [17:54:12.195] [bbotk]     4967 0.4730283 0.005666727 <list[8]>              FALSE     0.02378012
INFO  [17:54:12.195] [bbotk]  warnings errors runtime_learners                                uhash
INFO  [17:54:12.195] [bbotk]         0      0          664.244 cd25d74c-252b-442f-85b0-f41d1fceea1e
INFO  [17:54:18.945] [bbotk] Evaluating 1 configuration(s)
INFO  [17:55:19.594] [bbotk] Result of batch 45:
INFO  [17:55:19.607] [bbotk]      alpha colsample_bylevel colsample_bytree       eta    lambda max_depth
INFO  [17:55:19.607] [bbotk]  -4.662537         0.3101957        0.9860481 -5.475693 -3.833046         1
INFO  [17:55:19.607] [bbotk]  nrounds subsample      acq_ei  x_domain .already_evaluated classif.bbrier
INFO  [17:55:19.607] [bbotk]     4036 0.2451051 0.005190025 <list[8]>              FALSE     0.04984586
INFO  [17:55:19.607] [bbotk]  warnings errors runtime_learners                                uhash
INFO  [17:55:19.607] [bbotk]         0      0           60.325 9eb17734-78a0-476d-9d4d-d45e3f7d3e08
WARN  [17:55:21.468] [mlr3] train: Stopped because hard maximum generation limit was hit.
INFO  [17:55:26.418] [bbotk] Evaluating 1 configuration(s)
INFO  [17:57:13.674] [bbotk] Result of batch 46:
INFO  [17:57:13.697] [bbotk]      alpha colsample_bylevel colsample_bytree       eta   lambda max_depth
INFO  [17:57:13.697] [bbotk]  -4.432059         0.3110714        0.9470175 -1.269101 1.039468        12
INFO  [17:57:13.697] [bbotk]  nrounds subsample      acq_ei  x_domain .already_evaluated classif.bbrier
INFO  [17:57:13.697] [bbotk]     1836 0.3795289 0.006392295 <list[8]>              FALSE     0.02593961
INFO  [17:57:13.697] [bbotk]  warnings errors runtime_learners                                uhash
INFO  [17:57:13.697] [bbotk]         0      0          106.919 628e9ed2-dce2-433c-b2ed-df214630deea
WARN  [17:57:16.510] [mlr3] train: Stopped because hard maximum generation limit was hit.
INFO  [17:57:22.246] [bbotk] Evaluating 1 configuration(s)
INFO  [18:05:35.065] [bbotk] Result of batch 47:
INFO  [18:05:35.075] [bbotk]      alpha colsample_bylevel colsample_bytree       eta    lambda max_depth
INFO  [18:05:35.075] [bbotk]  -2.261764         0.9317923        0.6540398 -5.759939 -4.995484        11
INFO  [18:05:35.075] [bbotk]  nrounds subsample      acq_ei  x_domain .already_evaluated classif.bbrier
INFO  [18:05:35.075] [bbotk]     2672 0.8231074 0.006639565 <list[8]>              FALSE     0.02334855
INFO  [18:05:35.075] [bbotk]  warnings errors runtime_learners                                uhash
INFO  [18:05:35.075] [bbotk]         0      0          492.407 782b6106-97d9-4f65-ac08-c308e2bf99f2
INFO  [18:05:41.721] [bbotk] Evaluating 1 configuration(s)
INFO  [18:15:02.605] [bbotk] Result of batch 48:
INFO  [18:15:02.614] [bbotk]      alpha colsample_bylevel colsample_bytree       eta   lambda max_depth
INFO  [18:15:02.614] [bbotk]  -4.154404         0.9846332        0.9495317 -2.741164 4.697585        11
INFO  [18:15:02.614] [bbotk]  nrounds subsample      acq_ei  x_domain .already_evaluated classif.bbrier
INFO  [18:15:02.614] [bbotk]     4663 0.2588757 0.006546372 <list[8]>              FALSE     0.02864056
INFO  [18:15:02.614] [bbotk]  warnings errors runtime_learners                                uhash
INFO  [18:15:02.614] [bbotk]         0      0           560.55 cbd0dccd-e42b-47fe-8b5d-bb3ba3225bc0
INFO  [18:15:09.119] [bbotk] Evaluating 1 configuration(s)
INFO  [18:16:36.443] [bbotk] Result of batch 49:
INFO  [18:16:36.480] [bbotk]      alpha colsample_bylevel colsample_bytree       eta   lambda max_depth
INFO  [18:16:36.480] [bbotk]  -6.220562         0.2161013        0.4977099 -2.407335 -6.62115        13
INFO  [18:16:36.480] [bbotk]  nrounds subsample      acq_ei  x_domain .already_evaluated classif.bbrier
INFO  [18:16:36.480] [bbotk]     2930 0.2787677 0.005395218 <list[8]>              FALSE     0.02570309
INFO  [18:16:36.480] [bbotk]  warnings errors runtime_learners                                uhash
INFO  [18:16:36.480] [bbotk]         0      0           87.004 4959949c-77de-4575-a573-00b36e3931d5
INFO  [18:16:42.803] [bbotk] Evaluating 1 configuration(s)
INFO  [18:25:20.149] [bbotk] Result of batch 50:
INFO  [18:25:20.159] [bbotk]      alpha colsample_bylevel colsample_bytree      eta    lambda max_depth
INFO  [18:25:20.159] [bbotk]  -1.363275         0.5707229        0.6650264 -4.64918 -6.601444        16
INFO  [18:25:20.159] [bbotk]  nrounds subsample      acq_ei  x_domain .already_evaluated classif.bbrier
INFO  [18:25:20.159] [bbotk]     4285 0.9674295 0.006872808 <list[8]>              FALSE     0.02298035
INFO  [18:25:20.159] [bbotk]  warnings errors runtime_learners                                uhash
INFO  [18:25:20.159] [bbotk]         0      0          516.957 96a34ad2-fab8-402e-947d-db63fa5ab858
INFO  [18:25:25.148] [bbotk] Evaluating 1 configuration(s)
INFO  [18:28:37.779] [bbotk] Result of batch 51:
INFO  [18:28:37.802] [bbotk]      alpha colsample_bylevel colsample_bytree       eta   lambda max_depth
INFO  [18:28:37.802] [bbotk]  -4.657497         0.1276585        0.9762438 -2.514143 -2.96823        14
INFO  [18:28:37.802] [bbotk]  nrounds subsample      acq_ei  x_domain .already_evaluated classif.bbrier
INFO  [18:28:37.802] [bbotk]     4554 0.5912292 0.006434893 <list[8]>              FALSE     0.02555224
INFO  [18:28:37.802] [bbotk]  warnings errors runtime_learners                                uhash
INFO  [18:28:37.802] [bbotk]         0      0          192.321 f41e4e5d-25bc-49f1-b4fd-21bf70b8473f
INFO  [18:28:44.912] [bbotk] Evaluating 1 configuration(s)
INFO  [18:29:41.476] [bbotk] Result of batch 52:
INFO  [18:29:41.485] [bbotk]    alpha colsample_bylevel colsample_bytree       eta  lambda max_depth nrounds
INFO  [18:29:41.485] [bbotk]  1.18984          0.196375        0.9320852 -1.072141 6.89635        17     924
INFO  [18:29:41.485] [bbotk]  subsample     acq_ei  x_domain .already_evaluated classif.bbrier warnings
INFO  [18:29:41.485] [bbotk]  0.7987951 0.00552603 <list[8]>              FALSE     0.03686212        0
INFO  [18:29:41.485] [bbotk]  errors runtime_learners                                uhash
INFO  [18:29:41.485] [bbotk]       0           56.249 61555757-f22f-4fce-97d1-72da3372a88d
INFO  [18:29:47.600] [bbotk] Evaluating 1 configuration(s)
INFO  [18:30:46.985] [bbotk] Result of batch 53:
INFO  [18:30:47.006] [bbotk]      alpha colsample_bylevel colsample_bytree         eta   lambda max_depth
INFO  [18:30:47.006] [bbotk]  -5.366921          0.510728         0.241193 -0.08750463 6.437947        20
INFO  [18:30:47.006] [bbotk]  nrounds subsample      acq_ei  x_domain .already_evaluated classif.bbrier
INFO  [18:30:47.006] [bbotk]     1402  0.897288 0.005329325 <list[8]>              FALSE     0.02835667
INFO  [18:30:47.006] [bbotk]  warnings errors runtime_learners                                uhash
INFO  [18:30:47.006] [bbotk]         0      0           58.914 106c0cc9-27de-4e93-94b1-39a09df6d860
INFO  [18:30:53.627] [bbotk] Evaluating 1 configuration(s)
INFO  [18:33:18.673] [bbotk] Result of batch 54:
INFO  [18:33:18.684] [bbotk]      alpha colsample_bylevel colsample_bytree       eta     lambda max_depth
INFO  [18:33:18.684] [bbotk]  -4.981415         0.6640613        0.8523235 -0.736978 0.03943575        17
INFO  [18:33:18.684] [bbotk]  nrounds subsample      acq_ei  x_domain .already_evaluated classif.bbrier
INFO  [18:33:18.684] [bbotk]     1068 0.8557116 0.005406423 <list[8]>              FALSE     0.02572749
INFO  [18:33:18.684] [bbotk]  warnings errors runtime_learners                                uhash
INFO  [18:33:18.684] [bbotk]         0      0          144.648 33bc5679-590d-4aff-b5fe-09e1245b8bbc
WARN  [18:33:21.132] [mlr3] train: Stopped because hard maximum generation limit was hit.
INFO  [18:33:25.840] [bbotk] Evaluating 1 configuration(s)
INFO  [18:40:45.178] [bbotk] Result of batch 55:
INFO  [18:40:45.188] [bbotk]     alpha colsample_bylevel colsample_bytree       eta   lambda max_depth
INFO  [18:40:45.188] [bbotk]  1.362336         0.9191516        0.4103584 -6.136733 -5.48093        16
INFO  [18:40:45.188] [bbotk]  nrounds subsample      acq_ei  x_domain .already_evaluated classif.bbrier
INFO  [18:40:45.188] [bbotk]     3936 0.9818342 0.005750006 <list[8]>              FALSE      0.0313053
INFO  [18:40:45.188] [bbotk]  warnings errors runtime_learners                                uhash
INFO  [18:40:45.188] [bbotk]         0      0          439.014 deecba7b-a2d7-4163-9147-b92e6b6d753c
INFO  [18:40:53.003] [bbotk] Evaluating 1 configuration(s)
INFO  [18:43:08.939] [bbotk] Result of batch 56:
INFO  [18:43:08.951] [bbotk]      alpha colsample_bylevel colsample_bytree       eta    lambda max_depth
INFO  [18:43:08.951] [bbotk]  -1.503672         0.2726371        0.7357071 -4.602626 -5.961845        19
INFO  [18:43:08.951] [bbotk]  nrounds subsample      acq_ei  x_domain .already_evaluated classif.bbrier
INFO  [18:43:08.951] [bbotk]     1421 0.9990568 0.005026848 <list[8]>              FALSE     0.02287174
INFO  [18:43:08.951] [bbotk]  warnings errors runtime_learners                                uhash
INFO  [18:43:08.951] [bbotk]         0      0          135.595 ec7a297c-a2c0-4f67-bc9c-21a94bb1d8d9
INFO  [18:43:14.198] [bbotk] Evaluating 1 configuration(s)
INFO  [18:50:39.932] [bbotk] Result of batch 57:
INFO  [18:50:39.955] [bbotk]      alpha colsample_bylevel colsample_bytree        eta   lambda max_depth
INFO  [18:50:39.955] [bbotk]  -6.516234         0.6753184        0.8412165 -0.1800692 3.646949        17
INFO  [18:50:39.955] [bbotk]  nrounds subsample      acq_ei  x_domain .already_evaluated classif.bbrier
INFO  [18:50:39.955] [bbotk]     4036 0.8818711 0.004675924 <list[8]>              FALSE     0.02570182
INFO  [18:50:39.955] [bbotk]  warnings errors runtime_learners                                uhash
INFO  [18:50:39.955] [bbotk]         0      0          445.397 d2eb3258-d531-4fff-b5e2-e48825896f3f
INFO  [18:50:47.934] [bbotk] Evaluating 1 configuration(s)
INFO  [18:50:52.877] [bbotk] Result of batch 58:
INFO  [18:50:52.888] [bbotk]      alpha colsample_bylevel colsample_bytree        eta  lambda max_depth
INFO  [18:50:52.888] [bbotk]  -1.388812         0.7560494        0.5107862 -0.2403882 2.68926         7
INFO  [18:50:52.888] [bbotk]  nrounds subsample      acq_ei  x_domain .already_evaluated classif.bbrier
INFO  [18:50:52.888] [bbotk]       20 0.8275954 0.004316738 <list[8]>              FALSE     0.03165723
INFO  [18:50:52.888] [bbotk]  warnings errors runtime_learners                                uhash
INFO  [18:50:52.888] [bbotk]         0      0            4.593 b9b1d158-6055-4df5-88a9-69ee41d24460
INFO  [18:50:59.485] [bbotk] Evaluating 1 configuration(s)
INFO  [18:54:17.920] [bbotk] Result of batch 59:
INFO  [18:54:17.930] [bbotk]       alpha colsample_bylevel colsample_bytree       eta     lambda max_depth
INFO  [18:54:17.930] [bbotk]  -0.4092134         0.9591887        0.8797336 -2.574153 -0.1844023        12
INFO  [18:54:17.930] [bbotk]  nrounds subsample     acq_ei  x_domain .already_evaluated classif.bbrier
INFO  [18:54:17.930] [bbotk]     1145 0.4578658 0.00457146 <list[8]>              FALSE     0.02361269
INFO  [18:54:17.930] [bbotk]  warnings errors runtime_learners                                uhash
INFO  [18:54:17.930] [bbotk]         0      0          198.019 44ff2bbc-672d-46d2-af2b-7b32e178db5b
INFO  [18:54:23.764] [bbotk] Evaluating 1 configuration(s)
INFO  [18:59:34.718] [bbotk] Result of batch 60:
INFO  [18:59:34.738] [bbotk]      alpha colsample_bylevel colsample_bytree       eta    lambda max_depth
INFO  [18:59:34.738] [bbotk]  -4.659305         0.6890864        0.4754217 -4.119722 -3.735661        13
INFO  [18:59:34.738] [bbotk]  nrounds subsample      acq_ei  x_domain .already_evaluated classif.bbrier
INFO  [18:59:34.738] [bbotk]     3567 0.3924813 0.004856299 <list[8]>              FALSE     0.02331272
INFO  [18:59:34.738] [bbotk]  warnings errors runtime_learners                                uhash
INFO  [18:59:34.738] [bbotk]         0      0          310.586 abd65823-85ea-42a7-88fd-c5e9bb2934e6
INFO  [18:59:41.694] [bbotk] Evaluating 1 configuration(s)
INFO  [19:01:51.947] [bbotk] Result of batch 61:
INFO  [19:01:51.969] [bbotk]     alpha colsample_bylevel colsample_bytree       eta    lambda max_depth
INFO  [19:01:51.969] [bbotk]  3.440714         0.9447823        0.5921982 -2.246283 -6.574435         3
INFO  [19:01:51.969] [bbotk]  nrounds subsample      acq_ei  x_domain .already_evaluated classif.bbrier
INFO  [19:01:51.969] [bbotk]     4712 0.9198017 0.005382921 <list[8]>              FALSE     0.04545508
INFO  [19:01:51.969] [bbotk]  warnings errors runtime_learners                                uhash
INFO  [19:01:51.969] [bbotk]         0      0            129.8 497d559a-e8ee-4cb6-9636-3aeabacddaf5
INFO  [19:01:58.982] [bbotk] Evaluating 1 configuration(s)
INFO  [19:04:49.140] [bbotk] Result of batch 62:
INFO  [19:04:49.163] [bbotk]       alpha colsample_bylevel colsample_bytree      eta   lambda max_depth
INFO  [19:04:49.163] [bbotk]  -0.8588932         0.7788742        0.6297374 -2.19086 1.012575        14
INFO  [19:04:49.163] [bbotk]  nrounds subsample      acq_ei  x_domain .already_evaluated classif.bbrier
INFO  [19:04:49.163] [bbotk]     1339 0.7742981 0.004348835 <list[8]>              FALSE     0.02336401
INFO  [19:04:49.163] [bbotk]  warnings errors runtime_learners                                uhash
INFO  [19:04:49.163] [bbotk]         0      0          169.763 e350ac6d-96ce-46cc-a4ea-a09a1481a460
WARN  [19:04:50.794] [mlr3] train: Stopped because hard maximum generation limit was hit.
INFO  [19:04:55.404] [bbotk] Evaluating 1 configuration(s)
INFO  [19:05:12.180] [bbotk] Result of batch 63:
INFO  [19:05:12.194] [bbotk]       alpha colsample_bylevel colsample_bytree       eta   lambda max_depth
INFO  [19:05:12.194] [bbotk]  -0.3406792         0.1192054        0.1804255 -1.187357 1.101587        19
INFO  [19:05:12.194] [bbotk]  nrounds subsample      acq_ei  x_domain .already_evaluated classif.bbrier
INFO  [19:05:12.194] [bbotk]      680 0.9093473 0.005590482 <list[8]>              FALSE     0.03348443
INFO  [19:05:12.194] [bbotk]  warnings errors runtime_learners                                uhash
INFO  [19:05:12.194] [bbotk]         0      0           16.391 3f9367ef-f39f-4548-adfe-8f1dd22dd1d8
WARN  [19:05:13.839] [mlr3] train: Stopped because hard maximum generation limit was hit.
INFO  [19:05:19.541] [bbotk] Evaluating 1 configuration(s)
INFO  [19:11:13.486] [bbotk] Result of batch 64:
INFO  [19:11:13.510] [bbotk]      alpha colsample_bylevel colsample_bytree      eta   lambda max_depth
INFO  [19:11:13.510] [bbotk]  -5.255547         0.2151678        0.8734535 -4.20207 0.974824        20
INFO  [19:11:13.510] [bbotk]  nrounds subsample      acq_ei  x_domain .already_evaluated classif.bbrier
INFO  [19:11:13.510] [bbotk]     4814 0.9334653 0.005090052 <list[8]>              FALSE     0.02304662
INFO  [19:11:13.510] [bbotk]  warnings errors runtime_learners                                uhash
INFO  [19:11:13.510] [bbotk]         0      0          353.674 02ac05f9-9007-4967-bf3b-6adcfa4c270d
INFO  [19:11:20.125] [bbotk] Evaluating 1 configuration(s)
INFO  [19:13:23.751] [bbotk] Result of batch 65:
INFO  [19:13:23.762] [bbotk]      alpha colsample_bylevel colsample_bytree       eta     lambda max_depth
INFO  [19:13:23.762] [bbotk]  -1.037049         0.3062934        0.9294219 -3.816384 -0.9581869        20
INFO  [19:13:23.762] [bbotk]  nrounds subsample      acq_ei  x_domain .already_evaluated classif.bbrier
INFO  [19:13:23.762] [bbotk]     1096 0.9590192 0.004499017 <list[8]>              FALSE     0.02297778
INFO  [19:13:23.762] [bbotk]  warnings errors runtime_learners                                uhash
INFO  [19:13:23.762] [bbotk]         0      0          123.357 46be89bb-ac85-44c1-b4c0-1962553ac149
INFO  [19:13:30.429] [bbotk] Evaluating 1 configuration(s)
INFO  [19:14:28.072] [bbotk] Result of batch 66:
INFO  [19:14:28.082] [bbotk]       alpha colsample_bylevel colsample_bytree       eta    lambda max_depth
INFO  [19:14:28.082] [bbotk]  -0.6961032         0.8951219        0.1971787 -2.540058 -3.517215        11
INFO  [19:14:28.082] [bbotk]  nrounds subsample      acq_ei  x_domain .already_evaluated classif.bbrier
INFO  [19:14:28.082] [bbotk]     1397 0.4170752 0.005953049 <list[8]>              FALSE      0.0242085
INFO  [19:14:28.082] [bbotk]  warnings errors runtime_learners                                uhash
INFO  [19:14:28.082] [bbotk]         0      0           57.311 3069881a-b0a0-4dbf-862f-b56b25bafc34
WARN  [19:14:29.515] [mlr3] train: Stopped because hard maximum generation limit was hit.
INFO  [19:14:34.019] [bbotk] Evaluating 1 configuration(s)
INFO  [19:16:27.957] [bbotk] Result of batch 67:
INFO  [19:16:27.967] [bbotk]      alpha colsample_bylevel colsample_bytree       eta    lambda max_depth
INFO  [19:16:27.967] [bbotk]  0.5076114          0.963488        0.1662097 -3.412813 -2.741483        16
INFO  [19:16:27.967] [bbotk]  nrounds subsample      acq_ei  x_domain .already_evaluated classif.bbrier
INFO  [19:16:27.967] [bbotk]     2980 0.4998528 0.004464719 <list[8]>              FALSE     0.02725805
INFO  [19:16:27.967] [bbotk]  warnings errors runtime_learners                                uhash
INFO  [19:16:27.967] [bbotk]         0      0          113.662 f4e0ec60-3d2a-4627-96a7-d5970c96ca37
INFO  [19:16:36.068] [bbotk] Evaluating 1 configuration(s)
INFO  [19:22:52.088] [bbotk] Result of batch 68:
INFO  [19:22:52.098] [bbotk]    alpha colsample_bylevel colsample_bytree       eta    lambda max_depth
INFO  [19:22:52.098] [bbotk]  2.69515         0.9667442        0.9792357 -3.221798 -4.703455        14
INFO  [19:22:52.098] [bbotk]  nrounds subsample      acq_ei  x_domain .already_evaluated classif.bbrier
INFO  [19:22:52.098] [bbotk]     4977 0.8665471 0.005307316 <list[8]>              FALSE     0.03450854
INFO  [19:22:52.098] [bbotk]  warnings errors runtime_learners                                uhash
INFO  [19:22:52.098] [bbotk]         0      0          375.642 d973aa17-c7d1-4640-9a92-62ad666b5180
WARN  [19:22:54.340] [mlr3] train: Stopped because hard maximum generation limit was hit.
INFO  [19:22:59.361] [bbotk] Evaluating 1 configuration(s)
INFO  [19:24:13.889] [bbotk] Result of batch 69:
INFO  [19:24:13.908] [bbotk]      alpha colsample_bylevel colsample_bytree        eta    lambda max_depth
INFO  [19:24:13.908] [bbotk]  -6.189955         0.2279459        0.7139386 -0.5402232 -2.137015        20
INFO  [19:24:13.908] [bbotk]  nrounds subsample      acq_ei  x_domain .already_evaluated classif.bbrier
INFO  [19:24:13.908] [bbotk]     1331 0.9719616 0.004815236 <list[8]>              FALSE     0.02561565
INFO  [19:24:13.908] [bbotk]  warnings errors runtime_learners                                uhash
INFO  [19:24:13.908] [bbotk]         0      0           74.191 bdef5a5d-7898-431b-b5a3-0d067c9385b4
INFO  [19:24:15.792] [bbotk] Finished optimizing after 100 evaluation(s)
INFO  [19:24:15.794] [bbotk] Result:
INFO  [19:24:15.802] [bbotk]      alpha colsample_bylevel colsample_bytree       eta    lambda max_depth
INFO  [19:24:15.802] [bbotk]      <num>             <num>            <num>     <num>     <num>     <int>
INFO  [19:24:15.802] [bbotk]  -1.503672         0.2726371        0.7357071 -4.602626 -5.961845        19
INFO  [19:24:15.802] [bbotk]  nrounds subsample learner_param_vals  x_domain classif.bbrier
INFO  [19:24:15.802] [bbotk]    <int>     <num>             <list>    <list>          <num>
INFO  [19:24:15.802] [bbotk]     1421 0.9990568         <list[10]> <list[8]>     0.02287174

### [bt]: Job terminated successfully [batchtools job.id=2834]
### [bt]: Calculation finished!
