### [bt]: This is batchtools v0.9.17
### [bt]: Starting calculation of 1 jobs
### [bt]: Setting working directory to '/content/drive/MyDrive/GitHub/Mater_Thesis_Calibration'
ece.R :
Friedmann_tasks.R :
Functions.R :
ici.R :
mse_feature_effects.R :
PipeOpCalibration_TuningExperiment.R :
PipeOpCalibration.R :
PipeOpCalibrationUnion.R :
### [bt]: Memory measurement disabled
### [bt]: Starting job [batchtools job.id=925]
### [bt]: Generating problem instance for problem 'b541340d6c2eb21d' ...
### [bt]: Applying algorithm 'run_learner' on problem 'b541340d6c2eb21d' for job 925 (seed = 1048) ...
INFO  [12:27:46.742] [mlr3] Applying learner 'rpart TbC platt' on task 'kc1' (iter 5/10)
INFO  [12:27:47.511] [bbotk] Starting to optimize 3 parameter(s) with '<OptimizerMbo>' and '<TerminatorEvals> [n_evals=100, k=0]'
INFO  [12:27:47.984] [bbotk] Evaluating 12 configuration(s)
INFO  [12:27:55.287] [bbotk] Result of batch 1:
INFO  [12:27:55.378] [bbotk]         cp  minbucket  minsplit classif.bbrier warnings errors runtime_learners
INFO  [12:27:55.378] [bbotk]  -5.179544 3.72381528 0.9771104      0.1155181        0      0            0.928
INFO  [12:27:55.378] [bbotk]  -8.633422 1.63662164 3.0604429      0.1308931        0      0            0.119
INFO  [12:27:55.378] [bbotk]  -6.906483 2.68021846 2.0187766      0.1253503        0      0            0.253
INFO  [12:27:55.378] [bbotk]  -3.452605 0.59302476 4.1021092      0.1215667        0      0            0.331
INFO  [12:27:55.378] [bbotk]  -6.043014 0.07122635 1.4979435      0.1687922        0      0            0.240
INFO  [12:27:55.378] [bbotk]  -2.589136 2.15842005 3.5812761      0.1309665        0      0            0.102
INFO  [12:27:55.378] [bbotk]  -7.769952 3.20201687 4.6229424      0.1149342        0      0            0.134
INFO  [12:27:55.378] [bbotk]  -4.316075 1.11482323 2.5396098      0.1216683        0      0            0.185
INFO  [12:27:55.378] [bbotk]  -5.611279 0.33212556 2.8000264      0.1379992        0      0            0.231
INFO  [12:27:55.378] [bbotk]  -9.065156 2.41931926 0.7166938      0.1263598        0      0            0.170
INFO  [12:27:55.378] [bbotk]  -7.338218 1.37572244 3.8416927      0.1253739        0      0            0.866
INFO  [12:27:55.378] [bbotk]  -3.884340 3.46291607 1.7583600      0.1166299        0      0            0.244
INFO  [12:27:55.378] [bbotk]                                 uhash
INFO  [12:27:55.378] [bbotk]  8861e005-d5a6-440b-acb2-b3575216e7c9
INFO  [12:27:55.378] [bbotk]  b0fd1a0f-e6b8-4aec-bd37-2fe7a0df3a8a
INFO  [12:27:55.378] [bbotk]  3842daef-ec25-4a40-98e7-5302dfb7b5af
INFO  [12:27:55.378] [bbotk]  f6ee4411-d9f3-4a49-b01f-0235f0a6f37f
INFO  [12:27:55.378] [bbotk]  9a244b38-dd9e-4f76-9dc0-e00eb80399f6
INFO  [12:27:55.378] [bbotk]  2a0d5de7-c33f-45bb-b2c5-f33c163a877f
INFO  [12:27:55.378] [bbotk]  06ddb0c2-b5f1-473e-9c1e-5e18a8995b85
INFO  [12:27:55.378] [bbotk]  34fd5fa2-3e70-40a2-a027-8ba6219781f4
INFO  [12:27:55.378] [bbotk]  5ea9e9c1-485e-4b80-96ff-017edf144f34
INFO  [12:27:55.378] [bbotk]  a173fd58-1ddc-49ba-80bf-7781ceab027d
INFO  [12:27:55.378] [bbotk]  de740963-2af0-45a4-97ed-a0e365002061
INFO  [12:27:55.378] [bbotk]  62885447-1072-4223-8bb0-b837c61c282e
INFO  [12:27:58.720] [bbotk] Evaluating 1 configuration(s)
INFO  [12:27:59.591] [bbotk] Result of batch 2:
INFO  [12:27:59.608] [bbotk]        cp minbucket minsplit      acq_ei  x_domain .already_evaluated
INFO  [12:27:59.608] [bbotk]  -8.46823  3.879655 3.756902 0.003844546 <list[3]>              FALSE
INFO  [12:27:59.608] [bbotk]  classif.bbrier warnings errors runtime_learners
INFO  [12:27:59.608] [bbotk]       0.1155181        0      0            0.374
INFO  [12:27:59.608] [bbotk]                                 uhash
INFO  [12:27:59.608] [bbotk]  d3ad68cd-28b5-4a25-9756-9ca1d9014d38
INFO  [12:28:02.838] [bbotk] Evaluating 1 configuration(s)
INFO  [12:28:03.737] [bbotk] Result of batch 3:
INFO  [12:28:03.746] [bbotk]       cp minbucket minsplit      acq_ei  x_domain .already_evaluated
INFO  [12:28:03.746] [bbotk]  -2.5832  3.581178  4.84625 0.003014013 <list[3]>              FALSE
INFO  [12:28:03.746] [bbotk]  classif.bbrier warnings errors runtime_learners
INFO  [12:28:03.746] [bbotk]       0.1309665        0      0            0.469
INFO  [12:28:03.746] [bbotk]                                 uhash
INFO  [12:28:03.746] [bbotk]  515da8e5-a109-41ca-89df-0fd5892f0ed2
INFO  [12:28:07.945] [bbotk] Evaluating 1 configuration(s)
INFO  [12:28:08.335] [bbotk] Result of batch 4:
INFO  [12:28:08.345] [bbotk]         cp minbucket minsplit      acq_ei  x_domain .already_evaluated
INFO  [12:28:08.345] [bbotk]  -9.051377  3.454269 3.033133 0.003962264 <list[3]>              FALSE
INFO  [12:28:08.345] [bbotk]  classif.bbrier warnings errors runtime_learners
INFO  [12:28:08.345] [bbotk]       0.1209478        0      0            0.152
INFO  [12:28:08.345] [bbotk]                                 uhash
INFO  [12:28:08.345] [bbotk]  8a3e04bc-358a-4026-bca7-f8a5e90dccac
INFO  [12:28:12.181] [bbotk] Evaluating 1 configuration(s)
INFO  [12:28:12.668] [bbotk] Result of batch 5:
INFO  [12:28:12.674] [bbotk]       cp minbucket minsplit      acq_ei  x_domain .already_evaluated
INFO  [12:28:12.674] [bbotk]  -9.1257    3.8021 4.653075 0.002912383 <list[3]>              FALSE
INFO  [12:28:12.674] [bbotk]  classif.bbrier warnings errors runtime_learners
INFO  [12:28:12.674] [bbotk]       0.1155181        0      0            0.152
INFO  [12:28:12.674] [bbotk]                                 uhash
INFO  [12:28:12.674] [bbotk]  9b42b899-e239-4f81-9ccc-5db7a18a1599
INFO  [12:28:16.708] [bbotk] Evaluating 1 configuration(s)
INFO  [12:28:17.170] [bbotk] Result of batch 6:
INFO  [12:28:17.203] [bbotk]         cp minbucket  minsplit      acq_ei  x_domain .already_evaluated
INFO  [12:28:17.203] [bbotk]  -4.430878  3.233553 0.6998946 0.005086874 <list[3]>              FALSE
INFO  [12:28:17.203] [bbotk]  classif.bbrier warnings errors runtime_learners
INFO  [12:28:17.203] [bbotk]       0.1190108        0      0            0.208
INFO  [12:28:17.203] [bbotk]                                 uhash
INFO  [12:28:17.203] [bbotk]  9870596b-2d66-4c76-9c08-96ffba8a4e3c
INFO  [12:28:20.709] [bbotk] Evaluating 1 configuration(s)
INFO  [12:28:21.136] [bbotk] Result of batch 7:
INFO  [12:28:21.145] [bbotk]         cp minbucket minsplit      acq_ei  x_domain .already_evaluated
INFO  [12:28:21.145] [bbotk]  -5.604101  4.163835 1.862894 0.002153734 <list[3]>              FALSE
INFO  [12:28:21.145] [bbotk]  classif.bbrier warnings errors runtime_learners
INFO  [12:28:21.145] [bbotk]       0.1147562        0      0            0.199
INFO  [12:28:21.145] [bbotk]                                 uhash
INFO  [12:28:21.145] [bbotk]  e7b8e555-e747-4496-8d6d-9f8096d27756
INFO  [12:28:25.258] [bbotk] Evaluating 1 configuration(s)
INFO  [12:28:25.864] [bbotk] Result of batch 8:
INFO  [12:28:25.875] [bbotk]         cp minbucket minsplit      acq_ei  x_domain .already_evaluated
INFO  [12:28:25.875] [bbotk]  -5.333478  3.373681  3.58223 0.003400152 <list[3]>              FALSE
INFO  [12:28:25.875] [bbotk]  classif.bbrier warnings errors runtime_learners
INFO  [12:28:25.875] [bbotk]       0.1189076        0      0            0.198
INFO  [12:28:25.875] [bbotk]                                 uhash
INFO  [12:28:25.875] [bbotk]  9ec067af-e15b-4c86-b627-1ee55c29e55c
INFO  [12:28:29.130] [bbotk] Evaluating 1 configuration(s)
INFO  [12:28:29.971] [bbotk] Result of batch 9:
INFO  [12:28:29.978] [bbotk]        cp minbucket minsplit      acq_ei  x_domain .already_evaluated
INFO  [12:28:29.978] [bbotk]  -2.50296  4.140819 1.018358 0.001718857 <list[3]>              FALSE
INFO  [12:28:29.978] [bbotk]  classif.bbrier warnings errors runtime_learners
INFO  [12:28:29.978] [bbotk]       0.1309665        0      0            0.471
INFO  [12:28:29.978] [bbotk]                                 uhash
INFO  [12:28:29.978] [bbotk]  37556ecf-6442-49d3-a6a3-a87746760e17
INFO  [12:28:33.237] [bbotk] Evaluating 1 configuration(s)
INFO  [12:28:33.738] [bbotk] Result of batch 10:
INFO  [12:28:33.759] [bbotk]         cp minbucket minsplit      acq_ei  x_domain .already_evaluated
INFO  [12:28:33.759] [bbotk]  -6.294111  3.787189  1.93642 0.002722476 <list[3]>              FALSE
INFO  [12:28:33.759] [bbotk]  classif.bbrier warnings errors runtime_learners
INFO  [12:28:33.759] [bbotk]       0.1155181        0      0            0.237
INFO  [12:28:33.759] [bbotk]                                 uhash
INFO  [12:28:33.759] [bbotk]  592ae2e3-10a2-429b-8e8c-e56932bf7f5e
INFO  [12:28:36.626] [bbotk] Evaluating 1 configuration(s)
INFO  [12:28:37.456] [bbotk] Result of batch 11:
INFO  [12:28:37.484] [bbotk]         cp minbucket minsplit      acq_ei  x_domain .already_evaluated
INFO  [12:28:37.484] [bbotk]  -7.990865  4.164951 0.755235 0.002381333 <list[3]>              FALSE
INFO  [12:28:37.484] [bbotk]  classif.bbrier warnings errors runtime_learners
INFO  [12:28:37.484] [bbotk]       0.1147562        0      0            0.346
INFO  [12:28:37.484] [bbotk]                                 uhash
INFO  [12:28:37.484] [bbotk]  7a54ffae-03f9-4467-ad47-8c7d0d327b83
INFO  [12:28:41.467] [bbotk] Evaluating 1 configuration(s)
INFO  [12:28:42.078] [bbotk] Result of batch 12:
INFO  [12:28:42.088] [bbotk]         cp minbucket minsplit      acq_ei  x_domain .already_evaluated
INFO  [12:28:42.088] [bbotk]  -7.440005  4.157983 4.560203 0.002296217 <list[3]>              FALSE
INFO  [12:28:42.088] [bbotk]  classif.bbrier warnings errors runtime_learners
INFO  [12:28:42.088] [bbotk]       0.1147562        0      0            0.177
INFO  [12:28:42.088] [bbotk]                                 uhash
INFO  [12:28:42.088] [bbotk]  52c72938-5c69-4eb1-95c9-781ebbf57c23
INFO  [12:28:46.100] [bbotk] Evaluating 1 configuration(s)
INFO  [12:28:46.549] [bbotk] Result of batch 13:
INFO  [12:28:46.558] [bbotk]         cp minbucket minsplit      acq_ei  x_domain .already_evaluated
INFO  [12:28:46.558] [bbotk]  -5.062176  1.323574 4.821771 0.001159994 <list[3]>              FALSE
INFO  [12:28:46.558] [bbotk]  classif.bbrier warnings errors runtime_learners
INFO  [12:28:46.558] [bbotk]       0.1188661        0      0            0.176
INFO  [12:28:46.558] [bbotk]                                 uhash
INFO  [12:28:46.558] [bbotk]  efe7b4f1-649a-40d5-a221-051c0227be1a
INFO  [12:28:50.134] [bbotk] Evaluating 1 configuration(s)
INFO  [12:28:50.559] [bbotk] Result of batch 14:
INFO  [12:28:50.568] [bbotk]         cp minbucket minsplit      acq_ei  x_domain .already_evaluated
INFO  [12:28:50.568] [bbotk]  -4.857516  3.576795 2.038342 0.001042015 <list[3]>              FALSE
INFO  [12:28:50.568] [bbotk]  classif.bbrier warnings errors runtime_learners
INFO  [12:28:50.568] [bbotk]       0.1166299        0      0             0.17
INFO  [12:28:50.568] [bbotk]                                 uhash
INFO  [12:28:50.568] [bbotk]  8ba95581-ad3b-4f68-a380-8ec51314834d
INFO  [12:28:53.844] [bbotk] Evaluating 1 configuration(s)
INFO  [12:28:54.394] [bbotk] Result of batch 15:
INFO  [12:28:54.401] [bbotk]        cp minbucket minsplit      acq_ei  x_domain .already_evaluated
INFO  [12:28:54.401] [bbotk]  -7.10041  4.129904 1.300469 0.001246775 <list[3]>              FALSE
INFO  [12:28:54.401] [bbotk]  classif.bbrier warnings errors runtime_learners
INFO  [12:28:54.401] [bbotk]       0.1147562        0      0            0.223
INFO  [12:28:54.401] [bbotk]                                 uhash
INFO  [12:28:54.401] [bbotk]  9aeeb8cc-6846-43f9-bd59-65e51cfe9a6a
INFO  [12:28:58.920] [bbotk] Evaluating 1 configuration(s)
INFO  [12:28:59.626] [bbotk] Result of batch 16:
INFO  [12:28:59.638] [bbotk]         cp minbucket minsplit      acq_ei  x_domain .already_evaluated
INFO  [12:28:59.638] [bbotk]  -7.547052  3.636854 4.737955 0.001226075 <list[3]>              FALSE
INFO  [12:28:59.638] [bbotk]  classif.bbrier warnings errors runtime_learners
INFO  [12:28:59.638] [bbotk]       0.1155181        0      0            0.321
INFO  [12:28:59.638] [bbotk]                                 uhash
INFO  [12:28:59.638] [bbotk]  b4926ca3-ad6a-4948-8e4d-658b70b5d058
INFO  [12:29:04.432] [bbotk] Evaluating 1 configuration(s)
INFO  [12:29:04.757] [bbotk] Result of batch 17:
INFO  [12:29:04.775] [bbotk]        cp minbucket  minsplit      acq_ei  x_domain .already_evaluated
INFO  [12:29:04.775] [bbotk]  -6.36822  4.138681 0.7028643 0.001949715 <list[3]>              FALSE
INFO  [12:29:04.775] [bbotk]  classif.bbrier warnings errors runtime_learners
INFO  [12:29:04.775] [bbotk]       0.1147562        0      0              0.1
INFO  [12:29:04.775] [bbotk]                                 uhash
INFO  [12:29:04.775] [bbotk]  29a93c14-0295-47d4-a2f1-571cdc7059dd
INFO  [12:29:10.730] [bbotk] Evaluating 1 configuration(s)
INFO  [12:29:11.300] [bbotk] Result of batch 18:
INFO  [12:29:11.306] [bbotk]         cp minbucket minsplit       acq_ei  x_domain .already_evaluated
INFO  [12:29:11.306] [bbotk]  -7.708353  4.171671  4.10021 0.0009170373 <list[3]>              FALSE
INFO  [12:29:11.306] [bbotk]  classif.bbrier warnings errors runtime_learners
INFO  [12:29:11.306] [bbotk]       0.1147562        0      0            0.241
INFO  [12:29:11.306] [bbotk]                                 uhash
INFO  [12:29:11.306] [bbotk]  f32ec753-97ca-453f-97d3-0cca42542111
INFO  [12:29:14.176] [bbotk] Evaluating 1 configuration(s)
INFO  [12:29:14.978] [bbotk] Result of batch 19:
INFO  [12:29:14.987] [bbotk]         cp minbucket minsplit      acq_ei  x_domain .already_evaluated
INFO  [12:29:14.987] [bbotk]  -5.753865  4.163229 1.311296 0.000933702 <list[3]>              FALSE
INFO  [12:29:14.987] [bbotk]  classif.bbrier warnings errors runtime_learners
INFO  [12:29:14.987] [bbotk]       0.1147562        0      0            0.469
INFO  [12:29:14.987] [bbotk]                                 uhash
INFO  [12:29:14.987] [bbotk]  ddab5dee-9b5f-4bca-8679-bbf6823e68d1
WARN  [12:29:15.276] [mlr3] train: Stopped because hard maximum generation limit was hit.
INFO  [12:29:19.041] [bbotk] Evaluating 1 configuration(s)
INFO  [12:29:19.689] [bbotk] Result of batch 20:
INFO  [12:29:19.704] [bbotk]         cp minbucket minsplit       acq_ei  x_domain .already_evaluated
INFO  [12:29:19.704] [bbotk]  -8.823273  2.648465 4.859421 0.0007938639 <list[3]>              FALSE
INFO  [12:29:19.704] [bbotk]  classif.bbrier warnings errors runtime_learners
INFO  [12:29:19.704] [bbotk]       0.1173538        0      0            0.256
INFO  [12:29:19.704] [bbotk]                                 uhash
INFO  [12:29:19.704] [bbotk]  391a9594-8210-46f0-b0b4-4be92200a07e
INFO  [12:29:22.642] [bbotk] Evaluating 1 configuration(s)
INFO  [12:29:23.268] [bbotk] Result of batch 21:
INFO  [12:29:23.275] [bbotk]         cp minbucket  minsplit       acq_ei  x_domain .already_evaluated
INFO  [12:29:23.275] [bbotk]  -9.170531  4.035583 0.7144434 0.0006228203 <list[3]>              FALSE
INFO  [12:29:23.275] [bbotk]  classif.bbrier warnings errors runtime_learners
INFO  [12:29:23.275] [bbotk]       0.1153396        0      0            0.359
INFO  [12:29:23.275] [bbotk]                                 uhash
INFO  [12:29:23.275] [bbotk]  b268abdd-9691-44ad-a84f-e28099327316
WARN  [12:29:23.540] [mlr3] train: Stopped because hard maximum generation limit was hit.
INFO  [12:29:27.176] [bbotk] Evaluating 1 configuration(s)
INFO  [12:29:27.700] [bbotk] Result of batch 22:
INFO  [12:29:27.734] [bbotk]         cp minbucket minsplit       acq_ei  x_domain .already_evaluated
INFO  [12:29:27.734] [bbotk]  -7.450659  3.895986 0.705057 0.0006777685 <list[3]>              FALSE
INFO  [12:29:27.734] [bbotk]  classif.bbrier warnings errors runtime_learners
INFO  [12:29:27.734] [bbotk]       0.1155181        0      0            0.145
INFO  [12:29:27.734] [bbotk]                                 uhash
INFO  [12:29:27.734] [bbotk]  2a779bec-24ce-4a07-a0f1-acf9855ef51c
WARN  [12:29:28.002] [mlr3] train: Stopped because hard maximum generation limit was hit.
INFO  [12:29:31.046] [bbotk] Evaluating 1 configuration(s)
INFO  [12:29:31.988] [bbotk] Result of batch 23:
INFO  [12:29:31.997] [bbotk]         cp minbucket minsplit      acq_ei  x_domain .already_evaluated
INFO  [12:29:31.997] [bbotk]  -5.364749 0.8179308 4.829795 0.002162876 <list[3]>              FALSE
INFO  [12:29:31.997] [bbotk]  classif.bbrier warnings errors runtime_learners
INFO  [12:29:31.997] [bbotk]       0.1203142        0      0            0.388
INFO  [12:29:31.997] [bbotk]                                 uhash
INFO  [12:29:31.997] [bbotk]  79e8c646-71d6-40ad-aeb1-4bed56428ff5
INFO  [12:29:34.750] [bbotk] Evaluating 1 configuration(s)
INFO  [12:29:35.054] [bbotk] Result of batch 24:
INFO  [12:29:35.072] [bbotk]         cp minbucket minsplit       acq_ei  x_domain .already_evaluated
INFO  [12:29:35.072] [bbotk]  -6.429207   4.13661 1.286845 0.0005430682 <list[3]>              FALSE
INFO  [12:29:35.072] [bbotk]  classif.bbrier warnings errors runtime_learners
INFO  [12:29:35.072] [bbotk]       0.1147562        0      0            0.105
INFO  [12:29:35.072] [bbotk]                                 uhash
INFO  [12:29:35.072] [bbotk]  d6150df5-cab4-4a05-bb4f-fed7eef7e54e
WARN  [12:29:35.391] [mlr3] train: Stopped because hard maximum generation limit was hit.
INFO  [12:29:39.349] [bbotk] Evaluating 1 configuration(s)
INFO  [12:29:39.628] [bbotk] Result of batch 25:
INFO  [12:29:39.635] [bbotk]         cp minbucket minsplit       acq_ei  x_domain .already_evaluated
INFO  [12:29:39.635] [bbotk]  -8.179583  4.154915 4.565288 0.0007337638 <list[3]>              FALSE
INFO  [12:29:39.635] [bbotk]  classif.bbrier warnings errors runtime_learners
INFO  [12:29:39.635] [bbotk]       0.1147562        0      0            0.095
INFO  [12:29:39.635] [bbotk]                                 uhash
INFO  [12:29:39.635] [bbotk]  34f51687-1a45-42a5-bb5d-14c1175ef4c9
WARN  [12:29:40.131] [mlr3] train: Stopped because hard maximum generation limit was hit.
INFO  [12:29:43.253] [bbotk] Evaluating 1 configuration(s)
INFO  [12:29:43.546] [bbotk] Result of batch 26:
INFO  [12:29:43.554] [bbotk]         cp minbucket minsplit       acq_ei  x_domain .already_evaluated
INFO  [12:29:43.554] [bbotk]  -5.893245  4.073808 1.548221 0.0004340905 <list[3]>              FALSE
INFO  [12:29:43.554] [bbotk]  classif.bbrier warnings errors runtime_learners
INFO  [12:29:43.554] [bbotk]       0.1153396        0      0            0.105
INFO  [12:29:43.554] [bbotk]                                 uhash
INFO  [12:29:43.554] [bbotk]  7d61d28b-8e8d-494c-98cb-62e7edd1c2ee
WARN  [12:29:43.792] [mlr3] train: Stopped because hard maximum generation limit was hit.
INFO  [12:29:47.238] [bbotk] Evaluating 1 configuration(s)
INFO  [12:29:47.905] [bbotk] Result of batch 27:
INFO  [12:29:47.915] [bbotk]         cp minbucket minsplit       acq_ei  x_domain .already_evaluated
INFO  [12:29:47.915] [bbotk]  -8.108231  4.158124   4.2676 0.0004333631 <list[3]>              FALSE
INFO  [12:29:47.915] [bbotk]  classif.bbrier warnings errors runtime_learners
INFO  [12:29:47.915] [bbotk]       0.1147562        0      0             0.25
INFO  [12:29:47.915] [bbotk]                                 uhash
INFO  [12:29:47.915] [bbotk]  6915a392-4998-4e03-9d57-2b1f8efd45c5
INFO  [12:29:51.484] [bbotk] Evaluating 1 configuration(s)
INFO  [12:29:51.988] [bbotk] Result of batch 28:
INFO  [12:29:51.995] [bbotk]         cp minbucket minsplit       acq_ei  x_domain .already_evaluated
INFO  [12:29:51.995] [bbotk]  -7.519176  4.174215 3.843897 0.0003232413 <list[3]>              FALSE
INFO  [12:29:51.995] [bbotk]  classif.bbrier warnings errors runtime_learners
INFO  [12:29:51.995] [bbotk]       0.1147562        0      0            0.219
INFO  [12:29:51.995] [bbotk]                                 uhash
INFO  [12:29:51.995] [bbotk]  5cc2d8e0-6cad-4fa3-a31f-7eb47c9def01
WARN  [12:29:52.464] [mlr3] train: Stopped because hard maximum generation limit was hit.
INFO  [12:29:57.433] [bbotk] Evaluating 1 configuration(s)
INFO  [12:29:58.018] [bbotk] Result of batch 29:
INFO  [12:29:58.026] [bbotk]         cp minbucket minsplit      acq_ei  x_domain .already_evaluated
INFO  [12:29:58.026] [bbotk]  -8.960506  2.942088  4.81074 0.001546549 <list[3]>              FALSE
INFO  [12:29:58.026] [bbotk]  classif.bbrier warnings errors runtime_learners
INFO  [12:29:58.026] [bbotk]       0.1182908        0      0            0.156
INFO  [12:29:58.026] [bbotk]                                 uhash
INFO  [12:29:58.026] [bbotk]  711ba48c-5f4e-4f83-a8af-277f3277540c
WARN  [12:29:58.313] [mlr3] train: Stopped because hard maximum generation limit was hit.
INFO  [12:30:01.522] [bbotk] Evaluating 1 configuration(s)
INFO  [12:30:01.983] [bbotk] Result of batch 30:
INFO  [12:30:01.992] [bbotk]         cp minbucket minsplit       acq_ei  x_domain .already_evaluated
INFO  [12:30:01.992] [bbotk]  -7.355367  2.336351 4.836878 0.0005492788 <list[3]>              FALSE
INFO  [12:30:01.992] [bbotk]  classif.bbrier warnings errors runtime_learners
INFO  [12:30:01.992] [bbotk]       0.1178234        0      0            0.191
INFO  [12:30:01.992] [bbotk]                                 uhash
INFO  [12:30:01.992] [bbotk]  5559abda-3cfd-4606-8a6b-8c32232ded63
WARN  [12:30:02.309] [mlr3] train: Stopped because hard maximum generation limit was hit.
INFO  [12:30:05.109] [bbotk] Evaluating 1 configuration(s)
INFO  [12:30:05.491] [bbotk] Result of batch 31:
INFO  [12:30:05.523] [bbotk]         cp minbucket minsplit       acq_ei  x_domain .already_evaluated
INFO  [12:30:05.523] [bbotk]  -2.351429  1.233396 4.829567 0.0005018318 <list[3]>              FALSE
INFO  [12:30:05.523] [bbotk]  classif.bbrier warnings errors runtime_learners
INFO  [12:30:05.523] [bbotk]       0.1309665        0      0            0.163
INFO  [12:30:05.523] [bbotk]                                 uhash
INFO  [12:30:05.523] [bbotk]  5d58afd0-38c7-419a-a8cf-949402f51d18
INFO  [12:30:09.451] [bbotk] Evaluating 1 configuration(s)
INFO  [12:30:10.232] [bbotk] Result of batch 32:
INFO  [12:30:10.254] [bbotk]         cp minbucket minsplit       acq_ei  x_domain .already_evaluated
INFO  [12:30:10.254] [bbotk]  -7.969194  3.807515 4.230598 0.0004545411 <list[3]>              FALSE
INFO  [12:30:10.254] [bbotk]  classif.bbrier warnings errors runtime_learners
INFO  [12:30:10.254] [bbotk]       0.1155181        0      0            0.314
INFO  [12:30:10.254] [bbotk]                                 uhash
INFO  [12:30:10.254] [bbotk]  ed6b072f-fae5-4f24-baa8-7a53503ea63f
WARN  [12:30:10.644] [mlr3] train: Stopped because hard maximum generation limit was hit.
INFO  [12:30:13.539] [bbotk] Evaluating 1 configuration(s)
INFO  [12:30:14.007] [bbotk] Result of batch 33:
INFO  [12:30:14.042] [bbotk]         cp minbucket minsplit       acq_ei  x_domain .already_evaluated
INFO  [12:30:14.042] [bbotk]  -9.203125  4.044782   4.7806 0.0003780909 <list[3]>              FALSE
INFO  [12:30:14.042] [bbotk]  classif.bbrier warnings errors runtime_learners
INFO  [12:30:14.042] [bbotk]       0.1153396        0      0            0.129
INFO  [12:30:14.042] [bbotk]                                 uhash
INFO  [12:30:14.042] [bbotk]  6bdbb9f7-579c-415b-aa27-6f747338aa6d
WARN  [12:30:14.344] [mlr3] train: Stopped because hard maximum generation limit was hit.
INFO  [12:30:16.848] [bbotk] Evaluating 1 configuration(s)
INFO  [12:30:17.240] [bbotk] Result of batch 34:
INFO  [12:30:17.260] [bbotk]         cp minbucket minsplit       acq_ei  x_domain .already_evaluated
INFO  [12:30:17.260] [bbotk]  -7.558003  3.242985  4.83567 0.0004498619 <list[3]>              FALSE
INFO  [12:30:17.260] [bbotk]  classif.bbrier warnings errors runtime_learners
INFO  [12:30:17.260] [bbotk]       0.1149342        0      0            0.157
INFO  [12:30:17.260] [bbotk]                                 uhash
INFO  [12:30:17.260] [bbotk]  e8e4e882-79d3-46e8-9c54-dae57fd6a938
WARN  [12:30:17.664] [mlr3] train: Stopped because hard maximum generation limit was hit.
INFO  [12:30:21.473] [bbotk] Evaluating 1 configuration(s)
INFO  [12:30:21.850] [bbotk] Result of batch 35:
INFO  [12:30:21.858] [bbotk]         cp minbucket minsplit       acq_ei  x_domain .already_evaluated
INFO  [12:30:21.858] [bbotk]  -7.488298  3.089159 4.747243 0.0003585913 <list[3]>              FALSE
INFO  [12:30:21.858] [bbotk]  classif.bbrier warnings errors runtime_learners
INFO  [12:30:21.858] [bbotk]       0.1160188        0      0            0.156
INFO  [12:30:21.858] [bbotk]                                 uhash
INFO  [12:30:21.858] [bbotk]  e7f25e1f-4884-4ecd-b0c7-55ffa1ca67f2
INFO  [12:30:24.948] [bbotk] Evaluating 1 configuration(s)
INFO  [12:30:25.521] [bbotk] Result of batch 36:
INFO  [12:30:25.531] [bbotk]         cp minbucket minsplit       acq_ei  x_domain .already_evaluated
INFO  [12:30:25.531] [bbotk]  -8.188032  3.849464 4.846397 0.0004471277 <list[3]>              FALSE
INFO  [12:30:25.531] [bbotk]  classif.bbrier warnings errors runtime_learners
INFO  [12:30:25.531] [bbotk]       0.1155181        0      0            0.235
INFO  [12:30:25.531] [bbotk]                                 uhash
INFO  [12:30:25.531] [bbotk]  5e8fb56b-78c6-4b42-8995-fc08891b0b45
INFO  [12:30:28.741] [bbotk] Evaluating 1 configuration(s)
INFO  [12:30:29.192] [bbotk] Result of batch 37:
INFO  [12:30:29.201] [bbotk]        cp minbucket minsplit       acq_ei  x_domain .already_evaluated
INFO  [12:30:29.201] [bbotk]  -5.89684  4.168181 4.631494 0.0003069268 <list[3]>              FALSE
INFO  [12:30:29.201] [bbotk]  classif.bbrier warnings errors runtime_learners
INFO  [12:30:29.201] [bbotk]       0.1147562        0      0            0.155
INFO  [12:30:29.201] [bbotk]                                 uhash
INFO  [12:30:29.201] [bbotk]  55c71f34-19e7-40b3-98d5-426411e02fcc
INFO  [12:30:33.416] [bbotk] Evaluating 1 configuration(s)
INFO  [12:30:33.967] [bbotk] Result of batch 38:
INFO  [12:30:33.977] [bbotk]         cp minbucket minsplit      acq_ei  x_domain .already_evaluated
INFO  [12:30:33.977] [bbotk]  -6.880952  4.162857 4.406214 0.000417236 <list[3]>              FALSE
INFO  [12:30:33.977] [bbotk]  classif.bbrier warnings errors runtime_learners
INFO  [12:30:33.977] [bbotk]       0.1147562        0      0            0.157
INFO  [12:30:33.977] [bbotk]                                 uhash
INFO  [12:30:33.977] [bbotk]  f392b9d3-2b7b-4b03-989e-58e125757f33
WARN  [12:30:34.346] [mlr3] train: Stopped because hard maximum generation limit was hit.
INFO  [12:30:36.840] [bbotk] Evaluating 1 configuration(s)
INFO  [12:30:37.259] [bbotk] Result of batch 39:
INFO  [12:30:37.268] [bbotk]        cp minbucket minsplit       acq_ei  x_domain .already_evaluated
INFO  [12:30:37.268] [bbotk]  -5.30984  1.813039 4.847496 0.0002590628 <list[3]>              FALSE
INFO  [12:30:37.268] [bbotk]  classif.bbrier warnings errors runtime_learners
INFO  [12:30:37.268] [bbotk]       0.1178792        0      0            0.195
INFO  [12:30:37.268] [bbotk]                                 uhash
INFO  [12:30:37.268] [bbotk]  a0b6c825-b625-47ee-9bab-41c55ead2be3
WARN  [12:30:38.274] [mlr3] train: Stopped because hard maximum generation limit was hit.
INFO  [12:30:41.654] [bbotk] Evaluating 1 configuration(s)
INFO  [12:30:42.020] [bbotk] Result of batch 40:
INFO  [12:30:42.036] [bbotk]         cp minbucket minsplit       acq_ei  x_domain .already_evaluated
INFO  [12:30:42.036] [bbotk]  -6.115519  3.526831 4.855619 0.0005526702 <list[3]>              FALSE
INFO  [12:30:42.036] [bbotk]  classif.bbrier warnings errors runtime_learners
INFO  [12:30:42.036] [bbotk]       0.1155181        0      0            0.141
INFO  [12:30:42.036] [bbotk]                                 uhash
INFO  [12:30:42.036] [bbotk]  3a3ada26-31f2-4536-abd9-d9054633693f
INFO  [12:30:46.041] [bbotk] Evaluating 1 configuration(s)
INFO  [12:30:46.445] [bbotk] Result of batch 41:
INFO  [12:30:46.467] [bbotk]         cp minbucket  minsplit       acq_ei  x_domain .already_evaluated
INFO  [12:30:46.467] [bbotk]  -4.936603  1.635805 0.7293729 0.0003429978 <list[3]>              FALSE
INFO  [12:30:46.467] [bbotk]  classif.bbrier warnings errors runtime_learners
INFO  [12:30:46.467] [bbotk]       0.1305514        0      0            0.171
INFO  [12:30:46.467] [bbotk]                                 uhash
INFO  [12:30:46.467] [bbotk]  c8892330-46fe-4640-b0dc-c502ccfedf9f
WARN  [12:30:47.176] [mlr3] train: Stopped because hard maximum generation limit was hit.
INFO  [12:30:50.807] [bbotk] Evaluating 1 configuration(s)
INFO  [12:30:51.235] [bbotk] Result of batch 42:
INFO  [12:30:51.245] [bbotk]         cp minbucket minsplit       acq_ei  x_domain .already_evaluated
INFO  [12:30:51.245] [bbotk]  -8.219308   3.16557 4.804611 0.0003188229 <list[3]>              FALSE
INFO  [12:30:51.245] [bbotk]  classif.bbrier warnings errors runtime_learners
INFO  [12:30:51.245] [bbotk]       0.1147233        0      0             0.17
INFO  [12:30:51.245] [bbotk]                                 uhash
INFO  [12:30:51.245] [bbotk]  00bd4874-80e7-4714-8ede-e0d93d040a84
WARN  [12:30:51.528] [mlr3] train: Stopped because hard maximum generation limit was hit.
INFO  [12:30:54.651] [bbotk] Evaluating 1 configuration(s)
INFO  [12:30:55.307] [bbotk] Result of batch 43:
INFO  [12:30:55.317] [bbotk]         cp minbucket minsplit      acq_ei  x_domain .already_evaluated
INFO  [12:30:55.317] [bbotk]  -9.119562   4.14975 2.639472 0.000273112 <list[3]>              FALSE
INFO  [12:30:55.317] [bbotk]  classif.bbrier warnings errors runtime_learners
INFO  [12:30:55.317] [bbotk]       0.1147562        0      0            0.432
INFO  [12:30:55.317] [bbotk]                                 uhash
INFO  [12:30:55.317] [bbotk]  3bbc8a4d-4ee1-419f-8a29-6149407d2de7
WARN  [12:30:56.647] [mlr3] train: Stopped because hard maximum generation limit was hit.
INFO  [12:30:59.942] [bbotk] Evaluating 1 configuration(s)
INFO  [12:31:00.256] [bbotk] Result of batch 44:
INFO  [12:31:00.264] [bbotk]         cp minbucket minsplit       acq_ei  x_domain .already_evaluated
INFO  [12:31:00.264] [bbotk]  -9.129889  4.173363 1.882238 0.0005366145 <list[3]>              FALSE
INFO  [12:31:00.264] [bbotk]  classif.bbrier warnings errors runtime_learners
INFO  [12:31:00.264] [bbotk]       0.1147562        0      0            0.107
INFO  [12:31:00.264] [bbotk]                                 uhash
INFO  [12:31:00.264] [bbotk]  03efb4ca-4f37-4598-b627-65812c54109e
WARN  [12:31:00.531] [mlr3] train: Stopped because hard maximum generation limit was hit.
INFO  [12:31:03.518] [bbotk] Evaluating 1 configuration(s)
INFO  [12:31:04.069] [bbotk] Result of batch 45:
INFO  [12:31:04.078] [bbotk]         cp minbucket minsplit       acq_ei  x_domain .already_evaluated
INFO  [12:31:04.078] [bbotk]  -9.028549  2.084201 4.858211 0.0002896046 <list[3]>              FALSE
INFO  [12:31:04.078] [bbotk]  classif.bbrier warnings errors runtime_learners
INFO  [12:31:04.078] [bbotk]       0.1188219        0      0            0.212
INFO  [12:31:04.078] [bbotk]                                 uhash
INFO  [12:31:04.078] [bbotk]  db8fc925-e0cf-4f9b-84d5-9f13c7ec07c9
WARN  [12:31:04.494] [mlr3] train: Stopped because hard maximum generation limit was hit.
INFO  [12:31:07.367] [bbotk] Evaluating 1 configuration(s)
INFO  [12:31:07.710] [bbotk] Result of batch 46:
INFO  [12:31:07.733] [bbotk]         cp minbucket  minsplit       acq_ei  x_domain .already_evaluated
INFO  [12:31:07.733] [bbotk]  -3.418482  3.480282 0.7143669 0.0002996993 <list[3]>              FALSE
INFO  [12:31:07.733] [bbotk]  classif.bbrier warnings errors runtime_learners
INFO  [12:31:07.733] [bbotk]       0.1215667        0      0            0.124
INFO  [12:31:07.733] [bbotk]                                 uhash
INFO  [12:31:07.733] [bbotk]  18a361f4-6ddf-4bf3-be0f-48c4e3c7faca
WARN  [12:31:08.207] [mlr3] train: Stopped because hard maximum generation limit was hit.
INFO  [12:31:12.795] [bbotk] Evaluating 1 configuration(s)
INFO  [12:31:13.624] [bbotk] Result of batch 47:
INFO  [12:31:13.633] [bbotk]         cp minbucket minsplit       acq_ei  x_domain .already_evaluated
INFO  [12:31:13.633] [bbotk]  -9.158593  4.165962 3.641182 0.0005467488 <list[3]>              FALSE
INFO  [12:31:13.633] [bbotk]  classif.bbrier warnings errors runtime_learners
INFO  [12:31:13.633] [bbotk]       0.1147562        0      0            0.443
INFO  [12:31:13.633] [bbotk]                                 uhash
INFO  [12:31:13.633] [bbotk]  80c1d117-975c-43b9-9c10-a3cda8a0882b
WARN  [12:31:14.445] [mlr3] train: Stopped because hard maximum generation limit was hit.
INFO  [12:31:18.052] [bbotk] Evaluating 1 configuration(s)
INFO  [12:31:18.358] [bbotk] Result of batch 48:
INFO  [12:31:18.366] [bbotk]         cp minbucket minsplit       acq_ei  x_domain .already_evaluated
INFO  [12:31:18.366] [bbotk]  -8.861581  4.173434 4.063197 0.0004457509 <list[3]>              FALSE
INFO  [12:31:18.366] [bbotk]  classif.bbrier warnings errors runtime_learners
INFO  [12:31:18.366] [bbotk]       0.1147562        0      0            0.107
INFO  [12:31:18.366] [bbotk]                                 uhash
INFO  [12:31:18.366] [bbotk]  59ab0dca-13ea-4d6b-b5d1-32e42890af40
WARN  [12:31:18.996] [mlr3] train: Stopped because hard maximum generation limit was hit.
INFO  [12:31:22.287] [bbotk] Evaluating 1 configuration(s)
INFO  [12:31:22.628] [bbotk] Result of batch 49:
INFO  [12:31:22.636] [bbotk]         cp minbucket minsplit       acq_ei  x_domain .already_evaluated
INFO  [12:31:22.636] [bbotk]  -6.405695  4.165711 4.859134 0.0002974347 <list[3]>              FALSE
INFO  [12:31:22.636] [bbotk]  classif.bbrier warnings errors runtime_learners
INFO  [12:31:22.636] [bbotk]       0.1147562        0      0            0.146
INFO  [12:31:22.636] [bbotk]                                 uhash
INFO  [12:31:22.636] [bbotk]  f0783791-46e3-40a0-ad2b-ca17146bb573
INFO  [12:31:25.717] [bbotk] Evaluating 1 configuration(s)
INFO  [12:31:26.058] [bbotk] Result of batch 50:
INFO  [12:31:26.077] [bbotk]         cp minbucket minsplit       acq_ei  x_domain .already_evaluated
INFO  [12:31:26.077] [bbotk]  -8.837111  4.173296 3.801594 0.0003085128 <list[3]>              FALSE
INFO  [12:31:26.077] [bbotk]  classif.bbrier warnings errors runtime_learners
INFO  [12:31:26.077] [bbotk]       0.1147562        0      0            0.121
INFO  [12:31:26.077] [bbotk]                                 uhash
INFO  [12:31:26.077] [bbotk]  7fdd09aa-1cbc-4bd4-a91c-50dd04b3a3a3
WARN  [12:31:26.874] [mlr3] train: Stopped because hard maximum generation limit was hit.
INFO  [12:31:30.219] [bbotk] Evaluating 1 configuration(s)
INFO  [12:31:30.903] [bbotk] Result of batch 51:
INFO  [12:31:30.912] [bbotk]        cp minbucket minsplit       acq_ei  x_domain .already_evaluated
INFO  [12:31:30.912] [bbotk]  -4.35633  3.761925 4.696197 0.0007816311 <list[3]>              FALSE
INFO  [12:31:30.912] [bbotk]  classif.bbrier warnings errors runtime_learners
INFO  [12:31:30.912] [bbotk]       0.1155181        0      0            0.312
INFO  [12:31:30.912] [bbotk]                                 uhash
INFO  [12:31:30.912] [bbotk]  092cbd45-336f-47ad-935d-095912a25099
WARN  [12:31:31.389] [mlr3] train: Stopped because hard maximum generation limit was hit.
INFO  [12:31:35.010] [bbotk] Evaluating 1 configuration(s)
INFO  [12:31:35.507] [bbotk] Result of batch 52:
INFO  [12:31:35.517] [bbotk]        cp minbucket minsplit       acq_ei  x_domain .already_evaluated
INFO  [12:31:35.517] [bbotk]  -4.38837  4.168826 4.572384 0.0005499213 <list[3]>              FALSE
INFO  [12:31:35.517] [bbotk]  classif.bbrier warnings errors runtime_learners
INFO  [12:31:35.517] [bbotk]       0.1147562        0      0            0.173
INFO  [12:31:35.517] [bbotk]                                 uhash
INFO  [12:31:35.517] [bbotk]  bf74ff15-f01e-4a6f-bf11-b30b7606454d
WARN  [12:31:35.923] [mlr3] train: Stopped because hard maximum generation limit was hit.
INFO  [12:31:40.597] [bbotk] Evaluating 1 configuration(s)
INFO  [12:31:41.306] [bbotk] Result of batch 53:
INFO  [12:31:41.330] [bbotk]         cp minbucket minsplit       acq_ei  x_domain .already_evaluated
INFO  [12:31:41.330] [bbotk]  -4.397741  4.170624 1.475614 0.0008530342 <list[3]>              FALSE
INFO  [12:31:41.330] [bbotk]  classif.bbrier warnings errors runtime_learners
INFO  [12:31:41.330] [bbotk]       0.1147562        0      0            0.254
INFO  [12:31:41.330] [bbotk]                                 uhash
INFO  [12:31:41.330] [bbotk]  2718794a-9833-4b0f-8d53-01679d20eb68
WARN  [12:31:41.741] [mlr3] train: Stopped because hard maximum generation limit was hit.
INFO  [12:31:44.651] [bbotk] Evaluating 1 configuration(s)
INFO  [12:31:45.429] [bbotk] Result of batch 54:
INFO  [12:31:45.455] [bbotk]         cp minbucket minsplit       acq_ei  x_domain .already_evaluated
INFO  [12:31:45.455] [bbotk]  -4.922837  4.157642 4.640748 0.0005232127 <list[3]>              FALSE
INFO  [12:31:45.455] [bbotk]  classif.bbrier warnings errors runtime_learners
INFO  [12:31:45.455] [bbotk]       0.1147562        0      0             0.52
INFO  [12:31:45.455] [bbotk]                                 uhash
INFO  [12:31:45.455] [bbotk]  c72ca35d-7616-4c0d-9454-d5a3d6d38d5d
WARN  [12:31:46.270] [mlr3] train: Stopped because hard maximum generation limit was hit.
INFO  [12:31:50.378] [bbotk] Evaluating 1 configuration(s)
INFO  [12:31:51.434] [bbotk] Result of batch 55:
INFO  [12:31:51.455] [bbotk]         cp minbucket minsplit       acq_ei  x_domain .already_evaluated
INFO  [12:31:51.455] [bbotk]  -4.655597  4.059358 1.835754 0.0005052457 <list[3]>              FALSE
INFO  [12:31:51.455] [bbotk]  classif.bbrier warnings errors runtime_learners
INFO  [12:31:51.455] [bbotk]       0.1153396        0      0             0.34
INFO  [12:31:51.455] [bbotk]                                 uhash
INFO  [12:31:51.455] [bbotk]  a3dd9da9-1655-45e7-bea5-7bb81d70c0bb
WARN  [12:31:51.911] [mlr3] train: Stopped because hard maximum generation limit was hit.
INFO  [12:31:55.188] [bbotk] Evaluating 1 configuration(s)
INFO  [12:31:55.563] [bbotk] Result of batch 56:
INFO  [12:31:55.594] [bbotk]         cp minbucket minsplit       acq_ei  x_domain .already_evaluated
INFO  [12:31:55.594] [bbotk]  -3.871489  3.267245 4.733127 0.0002618395 <list[3]>              FALSE
INFO  [12:31:55.594] [bbotk]  classif.bbrier warnings errors runtime_learners
INFO  [12:31:55.594] [bbotk]       0.1155181        0      0            0.142
INFO  [12:31:55.594] [bbotk]                                 uhash
INFO  [12:31:55.594] [bbotk]  faf19550-73f3-41d2-b19f-93c53812e321
WARN  [12:31:56.019] [mlr3] train: Stopped because hard maximum generation limit was hit.
INFO  [12:31:58.748] [bbotk] Evaluating 1 configuration(s)
INFO  [12:31:59.464] [bbotk] Result of batch 57:
INFO  [12:31:59.484] [bbotk]         cp minbucket minsplit      acq_ei  x_domain .already_evaluated
INFO  [12:31:59.484] [bbotk]  -4.694779  4.172414 2.287779 0.000313823 <list[3]>              FALSE
INFO  [12:31:59.484] [bbotk]  classif.bbrier warnings errors runtime_learners
INFO  [12:31:59.484] [bbotk]       0.1147562        0      0            0.179
INFO  [12:31:59.484] [bbotk]                                 uhash
INFO  [12:31:59.484] [bbotk]  21f98b4d-ca5d-47d6-aea9-b0a06d75f0f8
WARN  [12:31:59.993] [mlr3] train: Stopped because hard maximum generation limit was hit.
INFO  [12:32:03.043] [bbotk] Evaluating 1 configuration(s)
INFO  [12:32:04.218] [bbotk] Result of batch 58:
INFO  [12:32:04.225] [bbotk]         cp minbucket minsplit       acq_ei  x_domain .already_evaluated
INFO  [12:32:04.225] [bbotk]  -4.453025  3.796548  1.32972 0.0002174737 <list[3]>              FALSE
INFO  [12:32:04.225] [bbotk]  classif.bbrier warnings errors runtime_learners
INFO  [12:32:04.225] [bbotk]       0.1155181        0      0            0.552
INFO  [12:32:04.225] [bbotk]                                 uhash
INFO  [12:32:04.225] [bbotk]  411d54b7-a0a7-4de5-971b-1b2210685748
WARN  [12:32:04.963] [mlr3] train: Stopped because hard maximum generation limit was hit.
INFO  [12:32:08.544] [bbotk] Evaluating 1 configuration(s)
INFO  [12:32:08.868] [bbotk] Result of batch 59:
INFO  [12:32:08.876] [bbotk]         cp minbucket minsplit       acq_ei  x_domain .already_evaluated
INFO  [12:32:08.876] [bbotk]  -4.243971  3.427842  4.69193 0.0002707135 <list[3]>              FALSE
INFO  [12:32:08.876] [bbotk]  classif.bbrier warnings errors runtime_learners
INFO  [12:32:08.876] [bbotk]       0.1155181        0      0            0.115
INFO  [12:32:08.876] [bbotk]                                 uhash
INFO  [12:32:08.876] [bbotk]  285e5cab-26bf-4cef-a5e3-84d094a9946b
WARN  [12:32:09.461] [mlr3] train: Stopped because hard maximum generation limit was hit.
INFO  [12:32:12.206] [bbotk] Evaluating 1 configuration(s)
INFO  [12:32:13.301] [bbotk] Result of batch 60:
INFO  [12:32:13.322] [bbotk]         cp minbucket minsplit       acq_ei  x_domain .already_evaluated
INFO  [12:32:13.322] [bbotk]  -6.864783  4.172259 1.127352 0.0002961914 <list[3]>              FALSE
INFO  [12:32:13.322] [bbotk]  classif.bbrier warnings errors runtime_learners
INFO  [12:32:13.322] [bbotk]       0.1147562        0      0            0.566
INFO  [12:32:13.322] [bbotk]                                 uhash
INFO  [12:32:13.322] [bbotk]  edbc0495-727c-4e95-88a1-bbbf5f0361f5
WARN  [12:32:14.120] [mlr3] train: Stopped because hard maximum generation limit was hit.
INFO  [12:32:17.854] [bbotk] Evaluating 1 configuration(s)
INFO  [12:32:18.289] [bbotk] Result of batch 61:
INFO  [12:32:18.309] [bbotk]         cp minbucket minsplit       acq_ei  x_domain .already_evaluated
INFO  [12:32:18.309] [bbotk]  -3.801035  2.801308 4.855842 0.0002541544 <list[3]>              FALSE
INFO  [12:32:18.309] [bbotk]  classif.bbrier warnings errors runtime_learners
INFO  [12:32:18.309] [bbotk]       0.1158524        0      0            0.214
INFO  [12:32:18.309] [bbotk]                                 uhash
INFO  [12:32:18.309] [bbotk]  c231351c-a104-41cc-b8e2-d109f7d1fb3f
WARN  [12:32:18.745] [mlr3] train: Stopped because hard maximum generation limit was hit.
INFO  [12:32:22.563] [bbotk] Evaluating 1 configuration(s)
INFO  [12:32:23.529] [bbotk] Result of batch 62:
INFO  [12:32:23.549] [bbotk]         cp minbucket minsplit       acq_ei  x_domain .already_evaluated
INFO  [12:32:23.549] [bbotk]  -7.491587  4.166416 2.541997 0.0006696323 <list[3]>              FALSE
INFO  [12:32:23.549] [bbotk]  classif.bbrier warnings errors runtime_learners
INFO  [12:32:23.549] [bbotk]       0.1147562        0      0            0.547
INFO  [12:32:23.549] [bbotk]                                 uhash
INFO  [12:32:23.549] [bbotk]  4b9895a3-2a1a-4205-94a6-bd6d9c26e2b1
WARN  [12:32:24.376] [mlr3] train: Stopped because hard maximum generation limit was hit.
INFO  [12:32:28.333] [bbotk] Evaluating 1 configuration(s)
INFO  [12:32:28.713] [bbotk] Result of batch 63:
INFO  [12:32:28.722] [bbotk]         cp minbucket minsplit       acq_ei  x_domain .already_evaluated
INFO  [12:32:28.722] [bbotk]  -4.106096  3.056721 4.845913 0.0002577471 <list[3]>              FALSE
INFO  [12:32:28.722] [bbotk]  classif.bbrier warnings errors runtime_learners
INFO  [12:32:28.722] [bbotk]       0.1160188        0      0            0.142
INFO  [12:32:28.722] [bbotk]                                 uhash
INFO  [12:32:28.722] [bbotk]  b857f17c-826a-417d-81bc-d704c2e960dc
WARN  [12:32:29.247] [mlr3] train: Stopped because hard maximum generation limit was hit.
INFO  [12:32:31.834] [bbotk] Evaluating 1 configuration(s)
INFO  [12:32:33.576] [bbotk] Result of batch 64:
INFO  [12:32:33.609] [bbotk]         cp minbucket minsplit       acq_ei  x_domain .already_evaluated
INFO  [12:32:33.609] [bbotk]  -4.242526  2.344121 4.813032 0.0002227952 <list[3]>              FALSE
INFO  [12:32:33.609] [bbotk]  classif.bbrier warnings errors runtime_learners
INFO  [12:32:33.609] [bbotk]       0.1156438        0      0            1.336
INFO  [12:32:33.609] [bbotk]                                 uhash
INFO  [12:32:33.609] [bbotk]  2773f707-a5eb-4aea-9c2c-6282e6898324
WARN  [12:32:34.421] [mlr3] train: Stopped because hard maximum generation limit was hit.
INFO  [12:32:37.429] [bbotk] Evaluating 1 configuration(s)
INFO  [12:32:38.003] [bbotk] Result of batch 65:
INFO  [12:32:38.039] [bbotk]         cp minbucket minsplit       acq_ei  x_domain .already_evaluated
INFO  [12:32:38.039] [bbotk]  -5.097214  4.169158 1.039385 0.0003241146 <list[3]>              FALSE
INFO  [12:32:38.039] [bbotk]  classif.bbrier warnings errors runtime_learners
INFO  [12:32:38.039] [bbotk]       0.1147562        0      0            0.264
INFO  [12:32:38.039] [bbotk]                                 uhash
INFO  [12:32:38.039] [bbotk]  3f957efc-4255-4c1f-b1b8-984caee9cf46
INFO  [12:32:42.025] [bbotk] Evaluating 1 configuration(s)
INFO  [12:32:42.514] [bbotk] Result of batch 66:
INFO  [12:32:42.538] [bbotk]         cp minbucket minsplit       acq_ei  x_domain .already_evaluated
INFO  [12:32:42.538] [bbotk]  -4.194734  2.520756 4.736948 0.0002037501 <list[3]>              FALSE
INFO  [12:32:42.538] [bbotk]  classif.bbrier warnings errors runtime_learners
INFO  [12:32:42.538] [bbotk]       0.1156438        0      0            0.189
INFO  [12:32:42.538] [bbotk]                                 uhash
INFO  [12:32:42.538] [bbotk]  9d796d85-2e7a-44d8-ad51-acfbdf22e0da
WARN  [12:32:43.462] [mlr3] train: Stopped because hard maximum generation limit was hit.
INFO  [12:32:47.487] [bbotk] Evaluating 1 configuration(s)
INFO  [12:32:47.859] [bbotk] Result of batch 67:
INFO  [12:32:47.871] [bbotk]         cp minbucket minsplit       acq_ei  x_domain .already_evaluated
INFO  [12:32:47.871] [bbotk]  -8.043113  3.171883 4.821357 0.0001343336 <list[3]>              FALSE
INFO  [12:32:47.871] [bbotk]  classif.bbrier warnings errors runtime_learners
INFO  [12:32:47.871] [bbotk]       0.1147233        0      0            0.153
INFO  [12:32:47.871] [bbotk]                                 uhash
INFO  [12:32:47.871] [bbotk]  cbbcfae5-d6ce-4145-925a-eb00d9642991
WARN  [12:32:48.774] [mlr3] train: Stopped because hard maximum generation limit was hit.
INFO  [12:32:52.718] [bbotk] Evaluating 1 configuration(s)
INFO  [12:32:53.044] [bbotk] Result of batch 68:
INFO  [12:32:53.052] [bbotk]         cp minbucket minsplit       acq_ei  x_domain .already_evaluated
INFO  [12:32:53.052] [bbotk]  -6.602315  3.710521 4.583498 0.0001047048 <list[3]>              FALSE
INFO  [12:32:53.052] [bbotk]  classif.bbrier warnings errors runtime_learners
INFO  [12:32:53.052] [bbotk]       0.1155181        0      0            0.121
INFO  [12:32:53.052] [bbotk]                                 uhash
INFO  [12:32:53.052] [bbotk]  9502e175-45e2-400e-92ef-f22090a0d9a2
WARN  [12:32:53.598] [mlr3] train: Stopped because hard maximum generation limit was hit.
INFO  [12:32:57.155] [bbotk] Evaluating 1 configuration(s)
INFO  [12:32:58.098] [bbotk] Result of batch 69:
INFO  [12:32:58.122] [bbotk]         cp minbucket minsplit       acq_ei  x_domain .already_evaluated
INFO  [12:32:58.122] [bbotk]  -8.628751  4.167749 2.504674 0.0003584062 <list[3]>              FALSE
INFO  [12:32:58.122] [bbotk]  classif.bbrier warnings errors runtime_learners
INFO  [12:32:58.122] [bbotk]       0.1147562        0      0            0.467
INFO  [12:32:58.122] [bbotk]                                 uhash
INFO  [12:32:58.122] [bbotk]  e9ca67e4-f439-4b35-bcab-5724a389594a
WARN  [12:32:58.761] [mlr3] train: Stopped because hard maximum generation limit was hit.
INFO  [12:33:01.765] [bbotk] Evaluating 1 configuration(s)
INFO  [12:33:02.674] [bbotk] Result of batch 70:
INFO  [12:33:02.694] [bbotk]         cp minbucket  minsplit      acq_ei  x_domain .already_evaluated
INFO  [12:33:02.694] [bbotk]  -8.758802  4.126444 0.7296711 8.92236e-05 <list[3]>              FALSE
INFO  [12:33:02.694] [bbotk]  classif.bbrier warnings errors runtime_learners
INFO  [12:33:02.694] [bbotk]       0.1147562        0      0            0.447
INFO  [12:33:02.694] [bbotk]                                 uhash
INFO  [12:33:02.694] [bbotk]  c95bfd8c-8f84-45a0-b329-9d1d136fae94
WARN  [12:33:03.660] [mlr3] train: Stopped because hard maximum generation limit was hit.
INFO  [12:33:07.260] [bbotk] Evaluating 1 configuration(s)
INFO  [12:33:08.267] [bbotk] Result of batch 71:
INFO  [12:33:08.323] [bbotk]         cp minbucket minsplit     acq_ei  x_domain .already_evaluated
INFO  [12:33:08.323] [bbotk]  -5.530264  2.225935 4.824498 9.7971e-05 <list[3]>              FALSE
INFO  [12:33:08.323] [bbotk]  classif.bbrier warnings errors runtime_learners
INFO  [12:33:08.323] [bbotk]       0.1165857        0      0            0.672
INFO  [12:33:08.323] [bbotk]                                 uhash
INFO  [12:33:08.323] [bbotk]  956ad7c3-010f-49d3-8f59-d78f0e646a8a
INFO  [12:33:12.496] [bbotk] Evaluating 1 configuration(s)
INFO  [12:33:13.037] [bbotk] Result of batch 72:
INFO  [12:33:13.053] [bbotk]         cp minbucket minsplit       acq_ei  x_domain .already_evaluated
INFO  [12:33:13.053] [bbotk]  -9.082368 0.7630941 4.837061 7.623098e-05 <list[3]>              FALSE
INFO  [12:33:13.053] [bbotk]  classif.bbrier warnings errors runtime_learners
INFO  [12:33:13.053] [bbotk]       0.1217623        0      0            0.117
INFO  [12:33:13.053] [bbotk]                                 uhash
INFO  [12:33:13.053] [bbotk]  acca17e0-e1ae-4d6d-8f37-05d0ecab15ee
WARN  [12:33:13.625] [mlr3] train: Stopped because hard maximum generation limit was hit.
INFO  [12:33:17.266] [bbotk] Evaluating 1 configuration(s)
INFO  [12:33:17.627] [bbotk] Result of batch 73:
INFO  [12:33:17.647] [bbotk]         cp minbucket minsplit       acq_ei  x_domain .already_evaluated
INFO  [12:33:17.647] [bbotk]  -4.266222  2.123938 4.846007 6.962136e-05 <list[3]>              FALSE
INFO  [12:33:17.647] [bbotk]  classif.bbrier warnings errors runtime_learners
INFO  [12:33:17.647] [bbotk]       0.1156438        0      0            0.095
INFO  [12:33:17.647] [bbotk]                                 uhash
INFO  [12:33:17.647] [bbotk]  948d827a-a9cc-48e3-ad04-dc811650bf2d
WARN  [12:33:18.961] [mlr3] train: Stopped because hard maximum generation limit was hit.
INFO  [12:33:22.231] [bbotk] Evaluating 1 configuration(s)
INFO  [12:33:22.631] [bbotk] Result of batch 74:
INFO  [12:33:22.652] [bbotk]         cp minbucket minsplit       acq_ei  x_domain .already_evaluated
INFO  [12:33:22.652] [bbotk]  -6.712985  3.622287 0.705758 8.027176e-05 <list[3]>              FALSE
INFO  [12:33:22.652] [bbotk]  classif.bbrier warnings errors runtime_learners
INFO  [12:33:22.652] [bbotk]       0.1158837        0      0            0.139
INFO  [12:33:22.652] [bbotk]                                 uhash
INFO  [12:33:22.652] [bbotk]  90b15047-df52-48e9-972a-93ccc01a84a0
WARN  [12:33:23.356] [mlr3] train: Stopped because hard maximum generation limit was hit.
INFO  [12:33:26.930] [bbotk] Evaluating 1 configuration(s)
INFO  [12:33:27.340] [bbotk] Result of batch 75:
INFO  [12:33:27.349] [bbotk]         cp minbucket minsplit       acq_ei  x_domain .already_evaluated
INFO  [12:33:27.349] [bbotk]  -8.174855  3.210968  4.76647 0.0001578285 <list[3]>              FALSE
INFO  [12:33:27.349] [bbotk]  classif.bbrier warnings errors runtime_learners
INFO  [12:33:27.349] [bbotk]       0.1149342        0      0            0.102
INFO  [12:33:27.349] [bbotk]                                 uhash
INFO  [12:33:27.349] [bbotk]  b3151bfb-58c3-4bcb-9d2b-63e883e6c362
WARN  [12:33:28.642] [mlr3] train: Stopped because hard maximum generation limit was hit.
INFO  [12:33:32.555] [bbotk] Evaluating 1 configuration(s)
INFO  [12:33:32.987] [bbotk] Result of batch 76:
INFO  [12:33:33.007] [bbotk]         cp minbucket minsplit       acq_ei  x_domain .already_evaluated
INFO  [12:33:33.007] [bbotk]  -7.894434  3.297488 4.778824 0.0001499398 <list[3]>              FALSE
INFO  [12:33:33.007] [bbotk]  classif.bbrier warnings errors runtime_learners
INFO  [12:33:33.007] [bbotk]       0.1149342        0      0            0.181
INFO  [12:33:33.007] [bbotk]                                 uhash
INFO  [12:33:33.007] [bbotk]  9ddca502-2560-45c1-8614-39b5243a2bc9
WARN  [12:33:34.297] [mlr3] train: Stopped because hard maximum generation limit was hit.
INFO  [12:33:38.870] [bbotk] Evaluating 1 configuration(s)
INFO  [12:33:39.857] [bbotk] Result of batch 77:
INFO  [12:33:39.866] [bbotk]         cp minbucket minsplit       acq_ei  x_domain .already_evaluated
INFO  [12:33:39.866] [bbotk]  -6.643036  4.166648 2.000301 0.0001834261 <list[3]>              FALSE
INFO  [12:33:39.866] [bbotk]  classif.bbrier warnings errors runtime_learners
INFO  [12:33:39.866] [bbotk]       0.1147562        0      0            0.651
INFO  [12:33:39.866] [bbotk]                                 uhash
INFO  [12:33:39.866] [bbotk]  c55e3fab-90d9-4350-b6eb-30e73fa03242
WARN  [12:33:40.562] [mlr3] train: Stopped because hard maximum generation limit was hit.
INFO  [12:33:44.001] [bbotk] Evaluating 1 configuration(s)
INFO  [12:33:44.308] [bbotk] Result of batch 78:
INFO  [12:33:44.317] [bbotk]         cp minbucket minsplit       acq_ei  x_domain .already_evaluated
INFO  [12:33:44.317] [bbotk]  -5.387786  4.173899 4.835462 0.0001400928 <list[3]>              FALSE
INFO  [12:33:44.317] [bbotk]  classif.bbrier warnings errors runtime_learners
INFO  [12:33:44.317] [bbotk]       0.1147562        0      0            0.099
INFO  [12:33:44.317] [bbotk]                                 uhash
INFO  [12:33:44.317] [bbotk]  27bccef5-90ce-45d8-9c65-90897e3507b7
WARN  [12:33:45.058] [mlr3] train: Stopped because hard maximum generation limit was hit.
INFO  [12:33:48.667] [bbotk] Evaluating 1 configuration(s)
INFO  [12:33:49.069] [bbotk] Result of batch 79:
INFO  [12:33:49.079] [bbotk]         cp minbucket  minsplit       acq_ei  x_domain .already_evaluated
INFO  [12:33:49.079] [bbotk]  -9.053609  4.164056 0.8174507 0.0001329173 <list[3]>              FALSE
INFO  [12:33:49.079] [bbotk]  classif.bbrier warnings errors runtime_learners
INFO  [12:33:49.079] [bbotk]       0.1147562        0      0            0.126
INFO  [12:33:49.079] [bbotk]                                 uhash
INFO  [12:33:49.079] [bbotk]  4284eb39-7775-46ab-8188-e51acb0ba43b
WARN  [12:33:49.679] [mlr3] train: Stopped because hard maximum generation limit was hit.
INFO  [12:33:52.348] [bbotk] Evaluating 1 configuration(s)
INFO  [12:33:52.752] [bbotk] Result of batch 80:
INFO  [12:33:52.761] [bbotk]         cp minbucket minsplit       acq_ei  x_domain .already_evaluated
INFO  [12:33:52.761] [bbotk]  -7.346449  4.164216 1.458346 7.208726e-05 <list[3]>              FALSE
INFO  [12:33:52.761] [bbotk]  classif.bbrier warnings errors runtime_learners
INFO  [12:33:52.761] [bbotk]       0.1147562        0      0            0.119
INFO  [12:33:52.761] [bbotk]                                 uhash
INFO  [12:33:52.761] [bbotk]  90a6376a-b746-4da1-8ea2-60f6d66bb42c
WARN  [12:33:53.643] [mlr3] train: Stopped because hard maximum generation limit was hit.
INFO  [12:33:57.751] [bbotk] Evaluating 1 configuration(s)
INFO  [12:33:58.121] [bbotk] Result of batch 81:
INFO  [12:33:58.141] [bbotk]         cp minbucket minsplit      acq_ei  x_domain .already_evaluated
INFO  [12:33:58.141] [bbotk]  -4.830158  4.164157 1.865448 5.24717e-05 <list[3]>              FALSE
INFO  [12:33:58.141] [bbotk]  classif.bbrier warnings errors runtime_learners
INFO  [12:33:58.141] [bbotk]       0.1147562        0      0            0.142
INFO  [12:33:58.141] [bbotk]                                 uhash
INFO  [12:33:58.141] [bbotk]  a340bc66-7dad-4dd7-bd30-0e55b1fa6dbf
WARN  [12:33:58.834] [mlr3] train: Stopped because hard maximum generation limit was hit.
INFO  [12:34:02.167] [bbotk] Evaluating 1 configuration(s)
INFO  [12:34:02.702] [bbotk] Result of batch 82:
INFO  [12:34:02.711] [bbotk]        cp minbucket minsplit       acq_ei  x_domain .already_evaluated
INFO  [12:34:02.711] [bbotk]  -8.56134   4.16035 1.755126 5.228813e-05 <list[3]>              FALSE
INFO  [12:34:02.711] [bbotk]  classif.bbrier warnings errors runtime_learners
INFO  [12:34:02.711] [bbotk]       0.1147562        0      0            0.227
INFO  [12:34:02.711] [bbotk]                                 uhash
INFO  [12:34:02.711] [bbotk]  47237746-290c-48b3-877e-5413e84f7093
WARN  [12:34:03.608] [mlr3] train: Stopped because hard maximum generation limit was hit.
INFO  [12:34:06.647] [bbotk] Evaluating 1 configuration(s)
INFO  [12:34:07.019] [bbotk] Result of batch 83:
INFO  [12:34:07.038] [bbotk]         cp minbucket  minsplit       acq_ei  x_domain .already_evaluated
INFO  [12:34:07.038] [bbotk]  -5.563547  4.172498 0.7447959 5.531815e-05 <list[3]>              FALSE
INFO  [12:34:07.038] [bbotk]  classif.bbrier warnings errors runtime_learners
INFO  [12:34:07.038] [bbotk]       0.1147562        0      0            0.119
INFO  [12:34:07.038] [bbotk]                                 uhash
INFO  [12:34:07.038] [bbotk]  707a9705-be8c-4e27-aed1-fd05d02d52fd
WARN  [12:34:07.679] [mlr3] train: Stopped because hard maximum generation limit was hit.
INFO  [12:34:12.540] [bbotk] Evaluating 1 configuration(s)
INFO  [12:34:13.060] [bbotk] Result of batch 84:
INFO  [12:34:13.070] [bbotk]         cp minbucket  minsplit       acq_ei  x_domain .already_evaluated
INFO  [12:34:13.070] [bbotk]  -6.517379  4.172361 0.9753167 0.0001124216 <list[3]>              FALSE
INFO  [12:34:13.070] [bbotk]  classif.bbrier warnings errors runtime_learners
INFO  [12:34:13.070] [bbotk]       0.1147562        0      0            0.212
INFO  [12:34:13.070] [bbotk]                                 uhash
INFO  [12:34:13.070] [bbotk]  87113eb3-c837-4482-9464-fd6bbf1eb475
WARN  [12:34:13.759] [mlr3] train: Stopped because hard maximum generation limit was hit.
INFO  [12:34:17.293] [bbotk] Evaluating 1 configuration(s)
INFO  [12:34:17.686] [bbotk] Result of batch 85:
INFO  [12:34:17.700] [bbotk]         cp minbucket minsplit      acq_ei  x_domain .already_evaluated
INFO  [12:34:17.700] [bbotk]  -7.229469  3.433318 4.775535 0.000269723 <list[3]>              FALSE
INFO  [12:34:17.700] [bbotk]  classif.bbrier warnings errors runtime_learners
INFO  [12:34:17.700] [bbotk]       0.1155181        0      0            0.169
INFO  [12:34:17.700] [bbotk]                                 uhash
INFO  [12:34:17.700] [bbotk]  dae0b05c-6fc0-47e2-829b-1ce1f40ef776
WARN  [12:34:18.567] [mlr3] train: Stopped because hard maximum generation limit was hit.
INFO  [12:34:21.783] [bbotk] Evaluating 1 configuration(s)
INFO  [12:34:22.122] [bbotk] Result of batch 86:
INFO  [12:34:22.130] [bbotk]        cp minbucket minsplit       acq_ei  x_domain .already_evaluated
INFO  [12:34:22.130] [bbotk]  -4.85985  4.167274 4.761205 5.071525e-05 <list[3]>              FALSE
INFO  [12:34:22.130] [bbotk]  classif.bbrier warnings errors runtime_learners
INFO  [12:34:22.130] [bbotk]       0.1147562        0      0            0.106
INFO  [12:34:22.130] [bbotk]                                 uhash
INFO  [12:34:22.130] [bbotk]  494efcb9-2bd0-4f4b-8ea5-76144ea8a4cc
WARN  [12:34:23.180] [mlr3] train: Stopped because hard maximum generation limit was hit.
INFO  [12:34:26.515] [bbotk] Evaluating 1 configuration(s)
INFO  [12:34:26.888] [bbotk] Result of batch 87:
INFO  [12:34:26.896] [bbotk]         cp minbucket  minsplit       acq_ei  x_domain .already_evaluated
INFO  [12:34:26.896] [bbotk]  -2.413328 0.6331185 0.8328739 3.197143e-05 <list[3]>              FALSE
INFO  [12:34:26.896] [bbotk]  classif.bbrier warnings errors runtime_learners
INFO  [12:34:26.896] [bbotk]       0.1309665        0      0            0.164
INFO  [12:34:26.896] [bbotk]                                 uhash
INFO  [12:34:26.896] [bbotk]  5de28ae3-4b1d-45a2-8ccd-4df3c1dc2649
INFO  [12:34:32.245] [bbotk] Evaluating 1 configuration(s)
INFO  [12:34:33.000] [bbotk] Result of batch 88:
INFO  [12:34:33.030] [bbotk]         cp minbucket minsplit       acq_ei  x_domain .already_evaluated
INFO  [12:34:33.030] [bbotk]  -3.631965  2.962798 2.629834 9.918162e-05 <list[3]>              FALSE
INFO  [12:34:33.030] [bbotk]  classif.bbrier warnings errors runtime_learners
INFO  [12:34:33.030] [bbotk]        0.117557        0      0            0.251
INFO  [12:34:33.030] [bbotk]                                 uhash
INFO  [12:34:33.030] [bbotk]  ba20d61b-1d7a-423f-a324-237c8cd95f4a
WARN  [12:34:34.008] [mlr3] train: Stopped because hard maximum generation limit was hit.
INFO  [12:34:37.206] [bbotk] Evaluating 1 configuration(s)
INFO  [12:34:37.577] [bbotk] Result of batch 89:
INFO  [12:34:37.586] [bbotk]         cp minbucket minsplit       acq_ei  x_domain .already_evaluated
INFO  [12:34:37.586] [bbotk]  -4.557652  4.155272 3.828175 3.987866e-05 <list[3]>              FALSE
INFO  [12:34:37.586] [bbotk]  classif.bbrier warnings errors runtime_learners
INFO  [12:34:37.586] [bbotk]       0.1147562        0      0            0.116
INFO  [12:34:37.586] [bbotk]                                 uhash
INFO  [12:34:37.586] [bbotk]  8043af7e-93c2-4596-955c-b266a8dcda5b
WARN  [12:34:38.400] [mlr3] train: Stopped because hard maximum generation limit was hit.
INFO  [12:34:38.488] [bbotk] Finished optimizing after 100 evaluation(s)
INFO  [12:34:38.490] [bbotk] Result:
INFO  [12:34:38.497] [bbotk]         cp minbucket minsplit learner_param_vals  x_domain classif.bbrier
INFO  [12:34:38.497] [bbotk]      <num>     <num>    <num>             <list>    <list>          <num>
INFO  [12:34:38.497] [bbotk]  -8.219308   3.16557 4.804611          <list[4]> <list[3]>      0.1147233

### [bt]: Job terminated successfully [batchtools job.id=925]
### [bt]: Calculation finished!
