### [bt]: This is batchtools v0.9.17
### [bt]: Starting calculation of 1 jobs
### [bt]: Setting working directory to '/content/drive/MyDrive/GitHub/Mater_Thesis_Calibration'
ece.R :
Friedmann_tasks.R :
Functions.R :
ici.R :
mse_feature_effects.R :
PipeOpCalibration_TuningExperiment.R :
PipeOpCalibration.R :
PipeOpCalibrationUnion.R :
### [bt]: Memory measurement disabled
### [bt]: Starting job [batchtools job.id=3552]
### [bt]: Generating problem instance for problem '7f16ca74b5d8776b' ...
### [bt]: Applying algorithm 'run_learner' on problem '7f16ca74b5d8776b' for job 3552 (seed = 3675) ...
INFO  [14:05:41.036] [mlr3] Applying learner 'xgboost TbC isotonic' on task 'churn' (iter 2/10)
INFO  [14:05:43.805] [bbotk] Starting to optimize 8 parameter(s) with '<OptimizerMbo>' and '<TerminatorEvals> [n_evals=100, k=0]'
INFO  [14:05:44.686] [bbotk] Evaluating 32 configuration(s)
INFO  [14:28:59.200] [bbotk] Result of batch 1:
INFO  [14:28:59.211] [bbotk]       alpha colsample_bylevel colsample_bytree         eta      lambda
INFO  [14:28:59.211] [bbotk]  -6.6831817         0.7748852        0.9240992 -1.47486685  3.96360223
INFO  [14:28:59.211] [bbotk]   0.2245739         0.3248852        0.4740992 -6.08003731 -2.94415346
INFO  [14:28:59.211] [bbotk]  -3.2293042         0.5498852        0.2490992 -8.38262233  0.50972459
INFO  [14:28:59.211] [bbotk]   3.6784515         0.9998852        0.6990992 -3.77745194 -6.39803100
INFO  [14:28:59.211] [bbotk]  -1.5023653         0.8873852        0.3615992 -7.23132985  2.23666341
INFO  [14:28:59.211] [bbotk]   5.4053903         0.4373852        0.8115992 -2.62615939 -4.67109228
INFO  [14:28:59.211] [bbotk]   1.9515127         0.6623852        0.1365992 -4.92874476 -1.21721464
INFO  [14:28:59.211] [bbotk]  -4.9562430         0.2123852        0.5865992 -0.32357430  5.69054105
INFO  [14:28:59.211] [bbotk]  -2.3658348         0.6061352        0.7553492 -6.65568358 -3.80762287
INFO  [14:28:59.211] [bbotk]   4.5419209         0.1561352        0.3053492 -2.05051312  3.10013282
INFO  [14:28:59.211] [bbotk]   1.0880433         0.8311352        0.9803492 -8.95826860  6.55401046
INFO  [14:28:59.211] [bbotk]  -5.8197123         0.3811352        0.5303492 -4.35309821 -0.35374523
INFO  [14:28:59.211] [bbotk]   2.8149821         0.4936352        0.6428492 -7.80697613  4.82707164
INFO  [14:28:59.211] [bbotk]  -4.0927736         0.9436352        0.1928492 -3.20180567 -2.08068405
INFO  [14:28:59.211] [bbotk]   6.2688598         0.7186352        0.4178492 -0.89922057  1.37319400
INFO  [14:28:59.211] [bbotk]  -0.6388959         0.2686352        0.8678492 -5.50439103 -5.53456159
INFO  [14:28:59.211] [bbotk]   1.5197780         0.3530102        0.1647242 -0.03575116 -6.82976570
INFO  [14:28:59.211] [bbotk]  -5.3879776         0.8030102        0.6147242 -4.64092162  0.07798989
INFO  [14:28:59.211] [bbotk]   4.9736556         0.5780102        0.8397242 -6.94350672 -3.37588816
INFO  [14:28:59.211] [bbotk]  -1.9341001         0.1280102        0.3897242 -2.33833626  3.53186753
INFO  [14:28:59.211] [bbotk]   3.2467168         0.9155102        0.5022242 -1.18704371 -5.10282698
INFO  [14:28:59.211] [bbotk]  -3.6610389         0.4655102        0.9522242 -5.79221417  1.80492871
INFO  [14:28:59.211] [bbotk]   6.7005945         0.2405102        0.7272242 -8.09479920 -1.64894934
INFO  [14:28:59.211] [bbotk]  -0.2071612         0.6905102        0.2772242 -3.48962880  5.25880635
INFO  [14:28:59.211] [bbotk]   5.8371251         0.8592602        0.2209742 -6.36786044  4.39533694
INFO  [14:28:59.211] [bbotk]  -1.0706306         0.4092602        0.6709742 -1.76268998 -2.51241875
INFO  [14:28:59.211] [bbotk]   2.3832474         0.1842602        0.8959742 -4.06527508  0.94145930
INFO  [14:28:59.211] [bbotk]  -4.5245083         0.6342602        0.4459742 -8.67044547 -5.96629629
INFO  [14:28:59.211] [bbotk]   0.6563086         0.7467602        0.5584742 -2.91398253  2.66839812
INFO  [14:28:59.211] [bbotk]  -6.2514470         0.2967602        0.1084742 -7.51915299 -4.23935757
INFO  [14:28:59.211] [bbotk]  -2.7975695         0.9717602        0.7834742 -0.61139744 -0.78547993
INFO  [14:28:59.211] [bbotk]   4.1101862         0.5217602        0.3334742 -5.21656790  6.12227576
INFO  [14:28:59.211] [bbotk]       alpha colsample_bylevel colsample_bytree         eta      lambda
INFO  [14:28:59.211] [bbotk]  max_depth nrounds subsample classif.bbrier warnings errors runtime_learners
INFO  [14:28:59.211] [bbotk]         18    3025 0.6170204     0.04817502        0      0          137.015
INFO  [14:28:59.211] [bbotk]          8     525 0.1670203     0.10892526        0      0            6.652
INFO  [14:28:59.211] [bbotk]         13    1775 0.8420204     0.16724277        0      0           30.690
INFO  [14:28:59.211] [bbotk]          3    4275 0.3920203     0.09494481        0      0           39.537
INFO  [14:28:59.211] [bbotk]         16    4900 0.5045203     0.07412600        0      0          128.963
INFO  [14:28:59.211] [bbotk]          6    2400 0.9545204     0.09830574        0      0           19.650
INFO  [14:28:59.211] [bbotk]          1    3650 0.7295204     0.08900373        0      0           17.552
INFO  [14:28:59.211] [bbotk]         11    1150 0.2795203     0.06366282        0      0           14.159
INFO  [14:28:59.211] [bbotk]         12    2712 0.5607704     0.04065722        0      0          136.776
INFO  [14:28:59.211] [bbotk]          2     212 0.1107703     0.18234351        0      0            3.437
INFO  [14:28:59.211] [bbotk]          7    3962 0.3357703     0.21757513        0      0          114.373
INFO  [14:28:59.211] [bbotk]         17    1462 0.7857704     0.04418910        0      0           46.037
INFO  [14:28:59.211] [bbotk]          4    2087 0.8982704     0.13610531        0      0           36.477
INFO  [14:28:59.211] [bbotk]         14    4587 0.4482703     0.07031753        0      0           59.886
INFO  [14:28:59.211] [bbotk]          9    3337 0.6732704     0.17008521        0      0           21.784
INFO  [14:28:59.211] [bbotk]         19     837 0.2232703     0.05670929        0      0           18.229
INFO  [14:28:59.211] [bbotk]         12    2869 0.8138954     0.06899183        0      0           15.319
INFO  [14:28:59.211] [bbotk]          2     369 0.3638953     0.07767788        0      0            6.830
INFO  [14:28:59.211] [bbotk]         17    1619 0.5888954     0.11588057        0      0           53.326
INFO  [14:28:59.211] [bbotk]          7    4119 0.1388953     0.07426622        0      0           22.333
INFO  [14:28:59.211] [bbotk]         20     994 0.4763953     0.07874605        0      0           10.370
INFO  [14:28:59.211] [bbotk]         10    3494 0.9263954     0.03959306        0      0          171.794
INFO  [14:28:59.211] [bbotk]         15    4744 0.2513953     0.25000000        0      0           23.817
INFO  [14:28:59.211] [bbotk]          5    2244 0.7013954     0.06612558        0      0           35.946
INFO  [14:28:59.211] [bbotk]         11     681 0.5326453     0.18952325        0      0            7.914
INFO  [14:28:59.211] [bbotk]          1    3181 0.9826454     0.08668169        0      0           22.590
INFO  [14:28:59.211] [bbotk]         16    4431 0.3076453     0.07033313        0      0           35.290
INFO  [14:28:59.211] [bbotk]          6    1931 0.7576454     0.16846645        0      0           44.968
INFO  [14:28:59.211] [bbotk]         14    1306 0.6451454     0.04578766        0      0           51.626
INFO  [14:28:59.211] [bbotk]          4    3806 0.1951453     0.11247489        0      0           21.012
INFO  [14:28:59.211] [bbotk]          9      56 0.4201453     0.05910283        0      0            4.690
INFO  [14:28:59.211] [bbotk]         19    2556 0.8701454     0.10195521        0      0           28.821
INFO  [14:28:59.211] [bbotk]  max_depth nrounds subsample classif.bbrier warnings errors runtime_learners
INFO  [14:28:59.211] [bbotk]                                 uhash
INFO  [14:28:59.211] [bbotk]  59996084-d3df-4eab-956e-4e7ef4979276
INFO  [14:28:59.211] [bbotk]  cdcb32dc-3531-44eb-aa02-99e66033f09a
INFO  [14:28:59.211] [bbotk]  d572df37-0bf7-450e-b485-477be4da2fd5
INFO  [14:28:59.211] [bbotk]  e6a259b9-9625-49a5-b4ea-7f53bc8538b8
INFO  [14:28:59.211] [bbotk]  ab1dcb9f-7809-4b7c-8b8b-231325849e50
INFO  [14:28:59.211] [bbotk]  3af29834-e815-40ff-a44f-d9a16ded0e78
INFO  [14:28:59.211] [bbotk]  42499fd2-aa81-4df2-9b0c-9c2180abced2
INFO  [14:28:59.211] [bbotk]  5d2d7a9c-8a9d-4c34-aa2b-e4bbf080247e
INFO  [14:28:59.211] [bbotk]  ae51c658-5a98-471c-b4b7-72454cf7e39b
INFO  [14:28:59.211] [bbotk]  365b48f8-707d-4d49-9ae8-c88040dab6b2
INFO  [14:28:59.211] [bbotk]  0298f9f4-b665-4e50-9f1a-91c96bdd6abf
INFO  [14:28:59.211] [bbotk]  53d0f680-580d-4ef2-9329-7bb5b893a0da
INFO  [14:28:59.211] [bbotk]  b9aca07d-3ec5-4f0f-aa93-afe280d35c25
INFO  [14:28:59.211] [bbotk]  0d73c991-d6a3-4e3e-9182-96e505699c32
INFO  [14:28:59.211] [bbotk]  51057987-4245-45a7-acdd-ce2537280c7c
INFO  [14:28:59.211] [bbotk]  115c915b-1c12-4436-973c-fe3041726978
INFO  [14:28:59.211] [bbotk]  90eb1368-6f57-4b7b-be2f-ab42fb7cc734
INFO  [14:28:59.211] [bbotk]  5cdd0557-b824-4249-ad90-38224ffa7ef7
INFO  [14:28:59.211] [bbotk]  58c88031-b079-4c6d-80d4-d3f3fa2390d6
INFO  [14:28:59.211] [bbotk]  0266f4a4-dc59-4acb-b1a9-7e147ec7b444
INFO  [14:28:59.211] [bbotk]  c71c3586-1303-4849-b1ad-2cfa9255d0f0
INFO  [14:28:59.211] [bbotk]  05f8cff9-d3ee-42b4-b92c-d97d74014ca5
INFO  [14:28:59.211] [bbotk]  dc0f1fe7-35b9-4cd2-b633-f8f779ed3932
INFO  [14:28:59.211] [bbotk]  3dd37e00-c00e-48fb-8333-bc6089d8b998
INFO  [14:28:59.211] [bbotk]  282e9d07-c649-4792-ba96-c88f868b66f1
INFO  [14:28:59.211] [bbotk]  6c9eb9cd-10ab-4425-a777-351ca8147958
INFO  [14:28:59.211] [bbotk]  ed697c2c-2570-4c2c-96a8-93180f15a423
INFO  [14:28:59.211] [bbotk]  25d22f93-5ee3-4829-97c8-32d244e5c7e3
INFO  [14:28:59.211] [bbotk]  00d70077-056f-48df-b974-05aec7097fcf
INFO  [14:28:59.211] [bbotk]  c06d6048-e8d0-44c0-96dd-660ad10d79a2
INFO  [14:28:59.211] [bbotk]  fb72573c-ef98-47f0-bbd2-d566192d9111
INFO  [14:28:59.211] [bbotk]  c58f11f3-dd5d-4e3d-91c6-f9e8ad326831
INFO  [14:28:59.211] [bbotk]                                 uhash
WARN  [14:28:59.684] [mlr3] train: Stopped because hard maximum generation limit was hit.
INFO  [14:29:03.752] [bbotk] Evaluating 1 configuration(s)
INFO  [14:31:11.508] [bbotk] Result of batch 2:
INFO  [14:31:11.520] [bbotk]      alpha colsample_bylevel colsample_bytree       eta  lambda max_depth
INFO  [14:31:11.520] [bbotk]  -1.251703         0.3816606        0.9099719 -4.924233 -2.6215        20
INFO  [14:31:11.520] [bbotk]  nrounds subsample     acq_ei  x_domain .already_evaluated classif.bbrier
INFO  [14:31:11.520] [bbotk]     3672 0.6395923 0.04125804 <list[8]>              FALSE     0.04029943
INFO  [14:31:11.520] [bbotk]  warnings errors runtime_learners                                uhash
INFO  [14:31:11.520] [bbotk]         0      0          127.432 d438155d-9b0f-4a6a-8a20-c14efea3bb00
INFO  [14:31:16.638] [bbotk] Evaluating 1 configuration(s)
INFO  [14:32:27.849] [bbotk] Result of batch 3:
INFO  [14:32:27.873] [bbotk]      alpha colsample_bylevel colsample_bytree       eta    lambda max_depth
INFO  [14:32:27.873] [bbotk]  -2.637706         0.7403951        0.8389008 -3.562792 -4.624377        20
INFO  [14:32:27.873] [bbotk]  nrounds subsample     acq_ei  x_domain .already_evaluated classif.bbrier
INFO  [14:32:27.873] [bbotk]     1411 0.6512899 0.01669115 <list[8]>              FALSE     0.04062521
INFO  [14:32:27.873] [bbotk]  warnings errors runtime_learners                                uhash
INFO  [14:32:27.873] [bbotk]         0      0           70.929 2dc3cdeb-6845-4c18-94d7-cea82adc6302
INFO  [14:32:33.095] [bbotk] Evaluating 1 configuration(s)
INFO  [14:35:03.823] [bbotk] Result of batch 4:
INFO  [14:35:03.833] [bbotk]       alpha colsample_bylevel colsample_bytree       eta    lambda max_depth
INFO  [14:35:03.833] [bbotk]  -0.1954584         0.7479262        0.9577238 -6.158004 -3.276908        15
INFO  [14:35:03.833] [bbotk]  nrounds subsample     acq_ei  x_domain .already_evaluated classif.bbrier
INFO  [14:35:03.833] [bbotk]     1722 0.8347273 0.01221659 <list[8]>              FALSE     0.03874549
INFO  [14:35:03.833] [bbotk]  warnings errors runtime_learners                                uhash
INFO  [14:35:03.833] [bbotk]         0      0          150.461 ecd33ada-9184-4927-86c7-021348ff7c3a
INFO  [14:35:08.192] [bbotk] Evaluating 1 configuration(s)
INFO  [14:35:50.392] [bbotk] Result of batch 5:
INFO  [14:35:50.402] [bbotk]      alpha colsample_bylevel colsample_bytree       eta   lambda max_depth
INFO  [14:35:50.402] [bbotk]  -3.060504         0.3266408        0.7061848 -2.850567 2.064477        20
INFO  [14:35:50.402] [bbotk]  nrounds subsample     acq_ei  x_domain .already_evaluated classif.bbrier
INFO  [14:35:50.402] [bbotk]     2237 0.3729796 0.01032882 <list[8]>              FALSE     0.05294498
INFO  [14:35:50.402] [bbotk]  warnings errors runtime_learners                                uhash
INFO  [14:35:50.402] [bbotk]         0      0           41.911 68b8ddbc-24ed-4424-a648-99c390194f9a
INFO  [14:35:55.511] [bbotk] Evaluating 1 configuration(s)
INFO  [14:38:33.548] [bbotk] Result of batch 6:
INFO  [14:38:33.570] [bbotk]      alpha colsample_bylevel colsample_bytree       eta    lambda max_depth
INFO  [14:38:33.570] [bbotk]  -1.404702         0.8938962        0.6787432 -5.206239 -1.003103        16
INFO  [14:38:33.570] [bbotk]  nrounds subsample     acq_ei  x_domain .already_evaluated classif.bbrier
INFO  [14:38:33.570] [bbotk]     2473 0.7036702 0.01442353 <list[8]>              FALSE     0.03962331
INFO  [14:38:33.570] [bbotk]  warnings errors runtime_learners                                uhash
INFO  [14:38:33.570] [bbotk]         0      0          157.695 49a3acf0-7def-49cd-81e5-d2d19953aafa
WARN  [14:38:34.055] [mlr3] train: Stopped because hard maximum generation limit was hit.
INFO  [14:38:38.428] [bbotk] Evaluating 1 configuration(s)
INFO  [14:42:47.283] [bbotk] Result of batch 7:
INFO  [14:42:47.294] [bbotk]      alpha colsample_bylevel colsample_bytree       eta    lambda max_depth
INFO  [14:42:47.294] [bbotk]  -2.810029          0.524386        0.9566575 -6.149116 -5.078754        18
INFO  [14:42:47.294] [bbotk]  nrounds subsample     acq_ei  x_domain .already_evaluated classif.bbrier
INFO  [14:42:47.294] [bbotk]     3687 0.6971112 0.01107226 <list[8]>              FALSE     0.03840547
INFO  [14:42:47.294] [bbotk]  warnings errors runtime_learners                                uhash
INFO  [14:42:47.294] [bbotk]         0      0          248.489 b15297a1-8df0-4c63-90eb-736e4881350b
INFO  [14:42:53.131] [bbotk] Evaluating 1 configuration(s)
INFO  [14:44:04.696] [bbotk] Result of batch 8:
INFO  [14:44:04.704] [bbotk]      alpha colsample_bylevel colsample_bytree       eta    lambda max_depth
INFO  [14:44:04.704] [bbotk]  0.4102543         0.3679683        0.9817626 -3.895483 -4.021512        19
INFO  [14:44:04.704] [bbotk]  nrounds subsample      acq_ei  x_domain .already_evaluated classif.bbrier
INFO  [14:44:04.704] [bbotk]     2091 0.7650977 0.009810302 <list[8]>              FALSE     0.03993512
INFO  [14:44:04.704] [bbotk]  warnings errors runtime_learners                                uhash
INFO  [14:44:04.704] [bbotk]         0      0           71.252 5e45f5ff-84e9-41a4-9261-48dfb6898e87
INFO  [14:44:11.055] [bbotk] Evaluating 1 configuration(s)
INFO  [14:44:18.484] [bbotk] Result of batch 9:
INFO  [14:44:18.498] [bbotk]      alpha colsample_bylevel colsample_bytree         eta    lambda max_depth
INFO  [14:44:18.498] [bbotk]  -3.892357         0.6060832        0.1708395 -0.02672109 0.3983208        20
INFO  [14:44:18.498] [bbotk]  nrounds subsample      acq_ei  x_domain .already_evaluated classif.bbrier
INFO  [14:44:18.498] [bbotk]      375 0.9282853 0.007739731 <list[8]>              FALSE     0.07901198
INFO  [14:44:18.498] [bbotk]  warnings errors runtime_learners                                uhash
INFO  [14:44:18.498] [bbotk]         0      0            7.099 6b72202e-0197-4bd1-8016-542eb86abc6b
INFO  [14:44:24.429] [bbotk] Evaluating 1 configuration(s)
INFO  [14:45:55.133] [bbotk] Result of batch 10:
INFO  [14:45:55.144] [bbotk]      alpha colsample_bylevel colsample_bytree       eta   lambda max_depth
INFO  [14:45:55.144] [bbotk]  -3.507884         0.2077064         0.928951 -5.776564 4.947694        15
INFO  [14:45:55.144] [bbotk]  nrounds subsample      acq_ei  x_domain .already_evaluated classif.bbrier
INFO  [14:45:55.144] [bbotk]     4021 0.5689835 0.006830819 <list[8]>              FALSE     0.07358141
INFO  [14:45:55.144] [bbotk]  warnings errors runtime_learners                                uhash
INFO  [14:45:55.144] [bbotk]         0      0           90.446 8eb27006-7277-437b-9a90-1cf7ccafd1ca
INFO  [14:46:00.107] [bbotk] Evaluating 1 configuration(s)
INFO  [14:47:47.760] [bbotk] Result of batch 11:
INFO  [14:47:47.771] [bbotk]      alpha colsample_bylevel colsample_bytree       eta   lambda max_depth
INFO  [14:47:47.771] [bbotk]  -3.105914         0.6825878        0.7040446 -5.542219 -6.01022         8
INFO  [14:47:47.771] [bbotk]  nrounds subsample     acq_ei  x_domain .already_evaluated classif.bbrier
INFO  [14:47:47.771] [bbotk]     2288 0.9827354 0.01180689 <list[8]>              FALSE     0.03815468
INFO  [14:47:47.771] [bbotk]  warnings errors runtime_learners                                uhash
INFO  [14:47:47.771] [bbotk]         0      0          107.374 7e6d26ec-99bf-4e29-a59d-c1387b4ea172
INFO  [14:47:53.132] [bbotk] Evaluating 1 configuration(s)
INFO  [14:55:08.849] [bbotk] Result of batch 12:
INFO  [14:55:08.863] [bbotk]      alpha colsample_bylevel colsample_bytree       eta    lambda max_depth
INFO  [14:55:08.863] [bbotk]  -1.166005         0.8972958        0.9740861 -6.725193 -2.863542        10
INFO  [14:55:08.863] [bbotk]  nrounds subsample      acq_ei  x_domain .already_evaluated classif.bbrier
INFO  [14:55:08.863] [bbotk]     4870 0.8242266 0.008949573 <list[8]>              FALSE      0.0384592
INFO  [14:55:08.863] [bbotk]  warnings errors runtime_learners                                uhash
INFO  [14:55:08.863] [bbotk]         0      0          435.365 e0889af9-c0cd-47da-9867-f99b999fd21a
INFO  [14:55:13.274] [bbotk] Evaluating 1 configuration(s)
INFO  [14:58:36.738] [bbotk] Result of batch 13:
INFO  [14:58:36.746] [bbotk]      alpha colsample_bylevel colsample_bytree       eta    lambda max_depth
INFO  [14:58:36.746] [bbotk]  -1.740028         0.5901883        0.8646647 -6.814775 -4.758143        11
INFO  [14:58:36.746] [bbotk]  nrounds subsample      acq_ei  x_domain .already_evaluated classif.bbrier
INFO  [14:58:36.746] [bbotk]     3104 0.9843049 0.008153406 <list[8]>              FALSE      0.0383996
INFO  [14:58:36.746] [bbotk]  warnings errors runtime_learners                                uhash
INFO  [14:58:36.746] [bbotk]         0      0          203.075 aa9cd6b7-2504-440a-a225-22c3f97766bc
INFO  [14:58:42.918] [bbotk] Evaluating 1 configuration(s)
INFO  [15:02:17.986] [bbotk] Result of batch 14:
INFO  [15:02:17.997] [bbotk]      alpha colsample_bylevel colsample_bytree       eta   lambda max_depth
INFO  [15:02:17.997] [bbotk]  -1.052081         0.7555894        0.9282121 -5.802739 -5.43042        11
INFO  [15:02:17.997] [bbotk]  nrounds subsample      acq_ei  x_domain .already_evaluated classif.bbrier
INFO  [15:02:17.997] [bbotk]     2845 0.7792765 0.006855856 <list[8]>              FALSE     0.03842342
INFO  [15:02:17.997] [bbotk]  warnings errors runtime_learners                                uhash
INFO  [15:02:17.997] [bbotk]         0      0          214.771 af6d1849-c1a0-4d37-9aab-d1996fcd54e0
INFO  [15:02:22.766] [bbotk] Evaluating 1 configuration(s)
INFO  [15:07:27.145] [bbotk] Result of batch 15:
INFO  [15:07:27.155] [bbotk]     alpha colsample_bylevel colsample_bytree       eta    lambda max_depth
INFO  [15:07:27.155] [bbotk]  -4.19396         0.9077578        0.5969798 -6.518073 -2.277052        18
INFO  [15:07:27.155] [bbotk]  nrounds subsample      acq_ei  x_domain .already_evaluated classif.bbrier
INFO  [15:07:27.155] [bbotk]     3413 0.9542574 0.007835836 <list[8]>              FALSE     0.04070727
INFO  [15:07:27.155] [bbotk]  warnings errors runtime_learners                                uhash
INFO  [15:07:27.155] [bbotk]         0      0          304.131 15c1a5d0-b837-4735-b9aa-8cec06f3f00c
WARN  [15:07:28.074] [mlr3] train: Stopped because hard maximum generation limit was hit.
INFO  [15:07:32.354] [bbotk] Evaluating 1 configuration(s)
INFO  [15:07:58.586] [bbotk] Result of batch 16:
INFO  [15:07:58.609] [bbotk]      alpha colsample_bylevel colsample_bytree        eta    lambda max_depth
INFO  [15:07:58.609] [bbotk]  -4.575123         0.2377959        0.6382137 -0.2349935 -6.563547        14
INFO  [15:07:58.609] [bbotk]  nrounds subsample      acq_ei  x_domain .already_evaluated classif.bbrier
INFO  [15:07:58.609] [bbotk]     3965 0.2757522 0.006369229 <list[8]>              FALSE      0.1528424
INFO  [15:07:58.609] [bbotk]  warnings errors runtime_learners                                uhash
INFO  [15:07:58.609] [bbotk]         0      0           25.825 aa288cfa-22be-4dc9-8bbb-0c2e244dc1a8
WARN  [15:07:59.874] [mlr3] train: Stopped because hard maximum generation limit was hit.
INFO  [15:08:04.778] [bbotk] Evaluating 1 configuration(s)
INFO  [15:08:25.858] [bbotk] Result of batch 17:
INFO  [15:08:25.872] [bbotk]      alpha colsample_bylevel colsample_bytree       eta   lambda max_depth
INFO  [15:08:25.872] [bbotk]  -5.747609         0.9280684        0.8862278 -1.930366 5.358176         6
INFO  [15:08:25.872] [bbotk]  nrounds subsample    acq_ei  x_domain .already_evaluated classif.bbrier
INFO  [15:08:25.872] [bbotk]      338 0.7006736 0.0101924 <list[8]>              FALSE     0.05196296
INFO  [15:08:25.872] [bbotk]  warnings errors runtime_learners                                uhash
INFO  [15:08:25.872] [bbotk]         0      0           20.725 032bb9aa-ed47-4b3e-a7d0-8146ed535954
INFO  [15:08:30.694] [bbotk] Evaluating 1 configuration(s)
INFO  [15:13:40.090] [bbotk] Result of batch 18:
INFO  [15:13:40.100] [bbotk]      alpha colsample_bylevel colsample_bytree      eta    lambda max_depth
INFO  [15:13:40.100] [bbotk]  -2.634222         0.8800202        0.8957359 -6.03444 -3.371547        12
INFO  [15:13:40.100] [bbotk]  nrounds subsample      acq_ei  x_domain .already_evaluated classif.bbrier
INFO  [15:13:40.100] [bbotk]     3123 0.9097028 0.007872515 <list[8]>              FALSE     0.03797178
INFO  [15:13:40.100] [bbotk]  warnings errors runtime_learners                                uhash
INFO  [15:13:40.100] [bbotk]         0      0          309.128 3e6918d3-1610-4ca2-b328-ae13782d47fa
INFO  [15:13:46.383] [bbotk] Evaluating 1 configuration(s)
INFO  [15:13:56.873] [bbotk] Result of batch 19:
INFO  [15:13:56.885] [bbotk]      alpha colsample_bylevel colsample_bytree       eta   lambda max_depth
INFO  [15:13:56.885] [bbotk]  -2.547825         0.7483004        0.7089612 -1.158338 6.904787        19
INFO  [15:13:56.885] [bbotk]  nrounds subsample      acq_ei  x_domain .already_evaluated classif.bbrier
INFO  [15:13:56.885] [bbotk]      220 0.3567462 0.008115346 <list[8]>              FALSE     0.07808001
INFO  [15:13:56.885] [bbotk]  warnings errors runtime_learners                                uhash
INFO  [15:13:56.885] [bbotk]         0      0           10.144 bea2c04a-592d-42b3-b05a-439cfb1d9a29
INFO  [15:14:03.378] [bbotk] Evaluating 1 configuration(s)
INFO  [15:16:37.230] [bbotk] Result of batch 20:
INFO  [15:16:37.260] [bbotk]      alpha colsample_bylevel colsample_bytree       eta    lambda max_depth
INFO  [15:16:37.260] [bbotk]  -1.006726         0.6255177        0.5855969 -5.559359 -1.467564        16
INFO  [15:16:37.260] [bbotk]  nrounds subsample      acq_ei  x_domain .already_evaluated classif.bbrier
INFO  [15:16:37.260] [bbotk]     3022 0.9407876 0.007486699 <list[8]>              FALSE     0.03941071
INFO  [15:16:37.260] [bbotk]  warnings errors runtime_learners                                uhash
INFO  [15:16:37.260] [bbotk]         0      0          153.611 7aa478f4-2844-468b-b55f-1220a362e634
WARN  [15:16:39.008] [mlr3] train: Stopped because hard maximum generation limit was hit.
INFO  [15:16:44.321] [bbotk] Evaluating 1 configuration(s)
INFO  [15:18:46.133] [bbotk] Result of batch 21:
INFO  [15:18:46.143] [bbotk]      alpha colsample_bylevel colsample_bytree       eta     lambda max_depth
INFO  [15:18:46.143] [bbotk]  -3.465689         0.7870445         0.949462 -4.237902 -0.5164544        14
INFO  [15:18:46.143] [bbotk]  nrounds subsample     acq_ei  x_domain .already_evaluated classif.bbrier
INFO  [15:18:46.143] [bbotk]     1475 0.9985471 0.00652736 <list[8]>              FALSE     0.03870505
INFO  [15:18:46.143] [bbotk]  warnings errors runtime_learners                                uhash
INFO  [15:18:46.143] [bbotk]         0      0          121.492 86a71930-0f2a-4bfd-b2b3-39f89f4d8901
WARN  [15:18:48.244] [mlr3] train: Stopped because hard maximum generation limit was hit.
INFO  [15:18:53.679] [bbotk] Evaluating 1 configuration(s)
INFO  [15:19:31.806] [bbotk] Result of batch 22:
INFO  [15:19:31.816] [bbotk]       alpha colsample_bylevel colsample_bytree      eta    lambda max_depth
INFO  [15:19:31.816] [bbotk]  -0.6535104         0.4821669        0.8932404 -4.56954 -3.297642        16
INFO  [15:19:31.816] [bbotk]  nrounds subsample      acq_ei  x_domain .already_evaluated classif.bbrier
INFO  [15:19:31.816] [bbotk]      573 0.9372176 0.005397294 <list[8]>              FALSE     0.03790188
INFO  [15:19:31.816] [bbotk]  warnings errors runtime_learners                                uhash
INFO  [15:19:31.816] [bbotk]         0      0           37.762 05c35865-6c46-4c78-8251-5960eaec6fac
INFO  [15:19:38.891] [bbotk] Evaluating 1 configuration(s)
INFO  [15:21:04.697] [bbotk] Result of batch 23:
INFO  [15:21:04.724] [bbotk]      alpha colsample_bylevel colsample_bytree       eta    lambda max_depth
INFO  [15:21:04.724] [bbotk]  -5.143427         0.6288051        0.7269957 -6.447628 -3.839888         3
INFO  [15:21:04.724] [bbotk]  nrounds subsample      acq_ei  x_domain .already_evaluated classif.bbrier
INFO  [15:21:04.724] [bbotk]     4745 0.7943335 0.005833821 <list[8]>              FALSE     0.04757702
INFO  [15:21:04.724] [bbotk]  warnings errors runtime_learners                                uhash
INFO  [15:21:04.724] [bbotk]         0      0           85.319 d0870b9d-0aff-44b9-affe-c134467c0c7a
INFO  [15:21:10.996] [bbotk] Evaluating 1 configuration(s)
INFO  [15:25:04.951] [bbotk] Result of batch 24:
INFO  [15:25:04.963] [bbotk]       alpha colsample_bylevel colsample_bytree       eta   lambda max_depth
INFO  [15:25:04.963] [bbotk]  -0.8824682         0.7870177        0.9727276 -3.548846 2.627311        14
INFO  [15:25:04.963] [bbotk]  nrounds subsample      acq_ei  x_domain .already_evaluated classif.bbrier
INFO  [15:25:04.963] [bbotk]     3141 0.8654689 0.006105048 <list[8]>              FALSE      0.0400759
INFO  [15:25:04.963] [bbotk]  warnings errors runtime_learners                                uhash
INFO  [15:25:04.963] [bbotk]         0      0          233.616 f4442e3f-71a0-4c3b-a0f7-f878b3c0cc0e
INFO  [15:25:09.983] [bbotk] Evaluating 1 configuration(s)
INFO  [15:26:34.350] [bbotk] Result of batch 25:
INFO  [15:26:34.360] [bbotk]      alpha colsample_bylevel colsample_bytree       eta    lambda max_depth
INFO  [15:26:34.360] [bbotk]  -3.277492         0.5197791        0.9892313 -5.103573 -3.485272        12
INFO  [15:26:34.360] [bbotk]  nrounds subsample      acq_ei  x_domain .already_evaluated classif.bbrier
INFO  [15:26:34.360] [bbotk]     1253 0.8681954 0.007346986 <list[8]>              FALSE     0.03771249
INFO  [15:26:34.360] [bbotk]  warnings errors runtime_learners                                uhash
INFO  [15:26:34.360] [bbotk]         0      0           84.103 4b6bfc17-617d-4776-8ab4-d50e3950af38
WARN  [15:26:35.619] [mlr3] train: Stopped because hard maximum generation limit was hit.
INFO  [15:26:40.765] [bbotk] Evaluating 1 configuration(s)
INFO  [15:28:26.324] [bbotk] Result of batch 26:
INFO  [15:28:26.334] [bbotk]     alpha colsample_bylevel colsample_bytree       eta   lambda max_depth
INFO  [15:28:26.334] [bbotk]  -5.38302         0.9994091        0.4257946 -2.127078 5.410629        12
INFO  [15:28:26.334] [bbotk]  nrounds subsample      acq_ei  x_domain .already_evaluated classif.bbrier
INFO  [15:28:26.334] [bbotk]     2086 0.8960953 0.007374642 <list[8]>              FALSE     0.04868436
INFO  [15:28:26.334] [bbotk]  warnings errors runtime_learners                                uhash
INFO  [15:28:26.334] [bbotk]         0      0          105.183 90345641-f596-4f0c-934d-81d6066140a1
INFO  [15:28:32.529] [bbotk] Evaluating 1 configuration(s)
INFO  [15:30:03.358] [bbotk] Result of batch 27:
INFO  [15:30:03.368] [bbotk]      alpha colsample_bylevel colsample_bytree       eta    lambda max_depth
INFO  [15:30:03.368] [bbotk]  0.6269388         0.6831947        0.8497861 -3.732091 -1.517181        19
INFO  [15:30:03.368] [bbotk]  nrounds subsample      acq_ei  x_domain .already_evaluated classif.bbrier
INFO  [15:30:03.368] [bbotk]     1653 0.7208213 0.005931637 <list[8]>              FALSE     0.03990867
INFO  [15:30:03.368] [bbotk]  warnings errors runtime_learners                                uhash
INFO  [15:30:03.368] [bbotk]         0      0           90.525 1a7bccc9-43e5-48bb-9ab0-efb131e49ab2
INFO  [15:30:08.692] [bbotk] Evaluating 1 configuration(s)
INFO  [15:33:17.266] [bbotk] Result of batch 28:
INFO  [15:33:17.277] [bbotk]      alpha colsample_bylevel colsample_bytree       eta   lambda max_depth
INFO  [15:33:17.277] [bbotk]  -6.093255         0.8799363        0.9581222 -3.153981 2.759566        13
INFO  [15:33:17.277] [bbotk]  nrounds subsample      acq_ei  x_domain .already_evaluated classif.bbrier
INFO  [15:33:17.277] [bbotk]     3005 0.5513241 0.005449418 <list[8]>              FALSE     0.04509551
INFO  [15:33:17.277] [bbotk]  warnings errors runtime_learners                                uhash
INFO  [15:33:17.277] [bbotk]         0      0          188.204 b69197e1-0c22-44f9-810c-dff92b11f87e
WARN  [15:33:19.017] [mlr3] train: Stopped because hard maximum generation limit was hit.
INFO  [15:33:24.724] [bbotk] Evaluating 1 configuration(s)
INFO  [15:34:34.077] [bbotk] Result of batch 29:
INFO  [15:34:34.087] [bbotk]     alpha colsample_bylevel colsample_bytree       eta    lambda max_depth
INFO  [15:34:34.087] [bbotk]  -2.54819         0.5761389        0.6229542 -4.752904 -5.583792        17
INFO  [15:34:34.087] [bbotk]  nrounds subsample      acq_ei  x_domain .already_evaluated classif.bbrier
INFO  [15:34:34.087] [bbotk]     1284 0.6530575 0.005797751 <list[8]>              FALSE     0.04115715
INFO  [15:34:34.087] [bbotk]  warnings errors runtime_learners                                uhash
INFO  [15:34:34.087] [bbotk]         0      0           68.969 cff96935-faf7-42e7-b2c9-d9a1051222f7
INFO  [15:34:39.752] [bbotk] Evaluating 1 configuration(s)
INFO  [15:35:25.469] [bbotk] Result of batch 30:
INFO  [15:35:25.479] [bbotk]       alpha colsample_bylevel colsample_bytree       eta    lambda max_depth
INFO  [15:35:25.479] [bbotk]  -0.4413235          0.920324         0.553247 -2.682742 -6.635577        14
INFO  [15:35:25.479] [bbotk]  nrounds subsample      acq_ei  x_domain .already_evaluated classif.bbrier
INFO  [15:35:25.479] [bbotk]     1025 0.8939744 0.005439148 <list[8]>              FALSE     0.04001237
INFO  [15:35:25.479] [bbotk]  warnings errors runtime_learners                                uhash
INFO  [15:35:25.479] [bbotk]         0      0           45.314 38d7db36-efec-4045-9032-0c7dfc19959b
INFO  [15:35:31.426] [bbotk] Evaluating 1 configuration(s)
INFO  [15:36:55.085] [bbotk] Result of batch 31:
INFO  [15:36:55.095] [bbotk]      alpha colsample_bylevel colsample_bytree       eta   lambda max_depth
INFO  [15:36:55.095] [bbotk]  -1.671618         0.2546921        0.9104715 -5.157317 -2.91181        16
INFO  [15:36:55.095] [bbotk]  nrounds subsample      acq_ei  x_domain .already_evaluated classif.bbrier
INFO  [15:36:55.095] [bbotk]     2183 0.7564003 0.005912422 <list[8]>              FALSE     0.04016283
INFO  [15:36:55.095] [bbotk]  warnings errors runtime_learners                                uhash
INFO  [15:36:55.095] [bbotk]         0      0           83.434 f4c31564-d970-4aa4-9bab-b5dfe18b305c
WARN  [15:36:58.525] [mlr3] train: Stopped because hard maximum generation limit was hit.
INFO  [15:37:03.015] [bbotk] Evaluating 1 configuration(s)
INFO  [15:39:40.201] [bbotk] Result of batch 32:
INFO  [15:39:40.212] [bbotk]      alpha colsample_bylevel colsample_bytree       eta    lambda max_depth
INFO  [15:39:40.212] [bbotk]  -1.116439         0.5001287        0.8382669 -5.913938 -3.998101        12
INFO  [15:39:40.212] [bbotk]  nrounds subsample      acq_ei  x_domain .already_evaluated classif.bbrier
INFO  [15:39:40.212] [bbotk]     2528 0.9691573 0.003695932 <list[8]>              FALSE     0.03784629
INFO  [15:39:40.212] [bbotk]  warnings errors runtime_learners                                uhash
INFO  [15:39:40.212] [bbotk]         0      0           156.84 314fe10f-6ec4-4727-a9b9-296f5612863c
WARN  [15:39:41.657] [mlr3] train: Stopped because hard maximum generation limit was hit.
INFO  [15:39:46.166] [bbotk] Evaluating 1 configuration(s)
INFO  [15:39:59.325] [bbotk] Result of batch 33:
INFO  [15:39:59.335] [bbotk]       alpha colsample_bylevel colsample_bytree       eta     lambda max_depth
INFO  [15:39:59.335] [bbotk]  -0.9714095         0.7257599        0.9982668 -2.447015 -0.7906975        17
INFO  [15:39:59.335] [bbotk]  nrounds subsample      acq_ei  x_domain .already_evaluated classif.bbrier
INFO  [15:39:59.335] [bbotk]      133 0.9413014 0.003882825 <list[8]>              FALSE      0.0379722
INFO  [15:39:59.335] [bbotk]  warnings errors runtime_learners                                uhash
INFO  [15:39:59.335] [bbotk]         0      0           12.869 e74b9c6c-bd48-4dbd-9881-1f75f22063e2
INFO  [15:40:05.964] [bbotk] Evaluating 1 configuration(s)
INFO  [15:40:40.554] [bbotk] Result of batch 34:
INFO  [15:40:40.581] [bbotk]      alpha colsample_bylevel colsample_bytree       eta    lambda max_depth
INFO  [15:40:40.581] [bbotk]  -1.160324         0.4926669        0.7105483 -3.151133 -5.473452        18
INFO  [15:40:40.581] [bbotk]  nrounds subsample      acq_ei  x_domain .already_evaluated classif.bbrier
INFO  [15:40:40.581] [bbotk]      631 0.9005571 0.003891183 <list[8]>              FALSE     0.03947961
INFO  [15:40:40.581] [bbotk]  warnings errors runtime_learners                                uhash
INFO  [15:40:40.581] [bbotk]         0      0           34.145 6b571a07-e1bb-42e7-95fa-ba82323c6554
INFO  [15:40:47.507] [bbotk] Evaluating 1 configuration(s)
INFO  [15:41:42.416] [bbotk] Result of batch 35:
INFO  [15:41:42.426] [bbotk]      alpha colsample_bylevel colsample_bytree       eta   lambda max_depth
INFO  [15:41:42.426] [bbotk]  -6.229662          0.479437        0.6502623 -3.007197 3.423617        17
INFO  [15:41:42.426] [bbotk]  nrounds subsample      acq_ei  x_domain .already_evaluated classif.bbrier
INFO  [15:41:42.426] [bbotk]     1083 0.9326722 0.004255494 <list[8]>              FALSE      0.0423973
INFO  [15:41:42.426] [bbotk]  warnings errors runtime_learners                                uhash
INFO  [15:41:42.426] [bbotk]         0      0           54.601 f919c6a9-6384-4735-9c78-1ec7dd343a82
WARN  [15:41:44.308] [mlr3] train: Stopped because hard maximum generation limit was hit.
INFO  [15:41:49.370] [bbotk] Evaluating 1 configuration(s)
INFO  [15:44:19.835] [bbotk] Result of batch 36:
INFO  [15:44:19.859] [bbotk]      alpha colsample_bylevel colsample_bytree       eta    lambda max_depth
INFO  [15:44:19.859] [bbotk]  -4.995573         0.7738959        0.5828361 -5.388472 0.1536956        10
INFO  [15:44:19.859] [bbotk]  nrounds subsample      acq_ei  x_domain .already_evaluated classif.bbrier
INFO  [15:44:19.859] [bbotk]     2707 0.9539723 0.003776497 <list[8]>              FALSE      0.0389238
INFO  [15:44:19.859] [bbotk]  warnings errors runtime_learners                                uhash
INFO  [15:44:19.859] [bbotk]         0      0           150.18 7a9aed11-c630-4324-8a8c-d8602b6b291f
WARN  [15:44:21.131] [mlr3] train: Stopped because hard maximum generation limit was hit.
INFO  [15:44:27.147] [bbotk] Evaluating 1 configuration(s)
INFO  [15:45:11.997] [bbotk] Result of batch 37:
INFO  [15:45:12.012] [bbotk]      alpha colsample_bylevel colsample_bytree       eta   lambda max_depth
INFO  [15:45:12.012] [bbotk]  -1.645916         0.7908527        0.8961974 -2.941996 -1.68768        16
INFO  [15:45:12.012] [bbotk]  nrounds subsample      acq_ei  x_domain .already_evaluated classif.bbrier
INFO  [15:45:12.012] [bbotk]      711 0.8264411 0.004197413 <list[8]>              FALSE     0.03900596
INFO  [15:45:12.012] [bbotk]  warnings errors runtime_learners                                uhash
INFO  [15:45:12.012] [bbotk]         0      0           44.572 cef5ab28-96a1-4c07-bcab-8689efae0bbb
INFO  [15:45:18.094] [bbotk] Evaluating 1 configuration(s)
INFO  [15:47:05.767] [bbotk] Result of batch 38:
INFO  [15:47:05.778] [bbotk]   alpha colsample_bylevel colsample_bytree       eta    lambda max_depth
INFO  [15:47:05.778] [bbotk]  -6.632         0.3410728        0.7677948 -5.043179 -4.796705        17
INFO  [15:47:05.778] [bbotk]  nrounds subsample      acq_ei  x_domain .already_evaluated classif.bbrier
INFO  [15:47:05.778] [bbotk]     2264 0.9629533 0.003114932 <list[8]>              FALSE     0.03955518
INFO  [15:47:05.778] [bbotk]  warnings errors runtime_learners                                uhash
INFO  [15:47:05.778] [bbotk]         0      0          107.327 e0010995-8227-4077-adbe-6a3cfbad6969
WARN  [15:47:08.178] [mlr3] train: Stopped because hard maximum generation limit was hit.
INFO  [15:47:12.749] [bbotk] Evaluating 1 configuration(s)
INFO  [15:48:52.526] [bbotk] Result of batch 39:
INFO  [15:48:52.536] [bbotk]      alpha colsample_bylevel colsample_bytree       eta     lambda max_depth
INFO  [15:48:52.536] [bbotk]  0.1502904         0.3869402        0.8438748 -4.586335 -0.5821804        19
INFO  [15:48:52.536] [bbotk]  nrounds subsample      acq_ei  x_domain .already_evaluated classif.bbrier
INFO  [15:48:52.536] [bbotk]     2558 0.9938396 0.003521236 <list[8]>              FALSE     0.03815327
INFO  [15:48:52.536] [bbotk]  warnings errors runtime_learners                                uhash
INFO  [15:48:52.536] [bbotk]         0      0           99.519 5af382c7-8bf0-4385-9e8a-be656ba43e14
INFO  [15:48:58.566] [bbotk] Evaluating 1 configuration(s)
INFO  [15:53:18.807] [bbotk] Result of batch 40:
INFO  [15:53:18.818] [bbotk]      alpha colsample_bylevel colsample_bytree       eta    lambda max_depth
INFO  [15:53:18.818] [bbotk]  -2.123604         0.8545788        0.8856058 -6.433357 -6.701094        16
INFO  [15:53:18.818] [bbotk]  nrounds subsample      acq_ei  x_domain .already_evaluated classif.bbrier
INFO  [15:53:18.818] [bbotk]     2429 0.6063349 0.003434648 <list[8]>              FALSE      0.0386918
INFO  [15:53:18.818] [bbotk]  warnings errors runtime_learners                                uhash
INFO  [15:53:18.818] [bbotk]         0      0          259.846 ae299c73-f6d2-41a7-94a6-2d789285fb37
INFO  [15:53:25.773] [bbotk] Evaluating 1 configuration(s)
INFO  [15:59:07.069] [bbotk] Result of batch 41:
INFO  [15:59:07.081] [bbotk]      alpha colsample_bylevel colsample_bytree       eta   lambda max_depth
INFO  [15:59:07.081] [bbotk]  0.1888943         0.8695267        0.9237088 -5.272449 2.011308        11
INFO  [15:59:07.081] [bbotk]  nrounds subsample      acq_ei  x_domain .already_evaluated classif.bbrier
INFO  [15:59:07.081] [bbotk]     3428 0.9125854 0.003093992 <list[8]>              FALSE     0.03990727
INFO  [15:59:07.081] [bbotk]  warnings errors runtime_learners                                uhash
INFO  [15:59:07.081] [bbotk]         0      0          340.935 f8414eff-9808-4667-a079-33fec804d7ca
WARN  [15:59:08.819] [mlr3] train: Stopped because hard maximum generation limit was hit.
INFO  [15:59:14.354] [bbotk] Evaluating 1 configuration(s)
INFO  [15:59:52.942] [bbotk] Result of batch 42:
INFO  [15:59:52.949] [bbotk]      alpha colsample_bylevel colsample_bytree       eta   lambda max_depth
INFO  [15:59:52.949] [bbotk]  -6.832128         0.2321667        0.7581005 -1.933487 4.866551         9
INFO  [15:59:52.949] [bbotk]  nrounds subsample      acq_ei  x_domain .already_evaluated classif.bbrier
INFO  [15:59:52.949] [bbotk]     1516 0.9169608 0.002749469 <list[8]>              FALSE     0.04787456
INFO  [15:59:52.949] [bbotk]  warnings errors runtime_learners                                uhash
INFO  [15:59:52.949] [bbotk]         0      0           38.125 06e63f5e-2056-4927-b228-0660359e5ed2
WARN  [15:59:55.224] [mlr3] train: Stopped because hard maximum generation limit was hit.
INFO  [16:00:00.060] [bbotk] Evaluating 1 configuration(s)
INFO  [16:02:40.555] [bbotk] Result of batch 43:
INFO  [16:02:40.578] [bbotk]      alpha colsample_bylevel colsample_bytree       eta    lambda max_depth
INFO  [16:02:40.578] [bbotk]  -4.957811         0.3982643        0.7206032 -4.358622 0.9103387        13
INFO  [16:02:40.578] [bbotk]  nrounds subsample      acq_ei  x_domain .already_evaluated classif.bbrier
INFO  [16:02:40.578] [bbotk]     4032 0.9932956 0.003217577 <list[8]>              FALSE     0.03950396
INFO  [16:02:40.578] [bbotk]  warnings errors runtime_learners                                uhash
INFO  [16:02:40.578] [bbotk]         0      0          160.206 97c25ae2-0ff9-48aa-859c-932cc286c3eb
WARN  [16:02:43.220] [mlr3] train: Stopped because hard maximum generation limit was hit.
INFO  [16:02:48.280] [bbotk] Evaluating 1 configuration(s)
INFO  [16:05:56.009] [bbotk] Result of batch 44:
INFO  [16:05:56.030] [bbotk]      alpha colsample_bylevel colsample_bytree      eta    lambda max_depth
INFO  [16:05:56.030] [bbotk]  -3.364605         0.7378194        0.8705679 -4.94662 -1.269041        17
INFO  [16:05:56.030] [bbotk]  nrounds subsample      acq_ei  x_domain .already_evaluated classif.bbrier
INFO  [16:05:56.030] [bbotk]     2153 0.8547902 0.003004749 <list[8]>              FALSE     0.03819101
INFO  [16:05:56.030] [bbotk]  warnings errors runtime_learners                                uhash
INFO  [16:05:56.030] [bbotk]         0      0          187.293 bc0e305a-a0d0-4ff8-8413-c03e757fe8e5
INFO  [16:06:05.611] [bbotk] Evaluating 1 configuration(s)
INFO  [16:11:28.501] [bbotk] Result of batch 45:
INFO  [16:11:28.522] [bbotk]       alpha colsample_bylevel colsample_bytree       eta   lambda max_depth
INFO  [16:11:28.522] [bbotk]  -0.3606464          0.815986        0.9643433 -6.668502 -4.03885        20
INFO  [16:11:28.522] [bbotk]  nrounds subsample      acq_ei  x_domain .already_evaluated classif.bbrier
INFO  [16:11:28.522] [bbotk]     3025 0.7331715 0.002938317 <list[8]>              FALSE     0.03885486
INFO  [16:11:28.522] [bbotk]  warnings errors runtime_learners                                uhash
INFO  [16:11:28.522] [bbotk]         0      0          322.548 e96c1cb8-e4f5-445e-ab4d-d3fd15e9f86c
WARN  [16:11:29.760] [mlr3] train: Stopped because hard maximum generation limit was hit.
INFO  [16:11:35.128] [bbotk] Evaluating 1 configuration(s)
INFO  [16:13:30.094] [bbotk] Result of batch 46:
INFO  [16:13:30.109] [bbotk]      alpha colsample_bylevel colsample_bytree       eta   lambda max_depth
INFO  [16:13:30.109] [bbotk]  -6.113536         0.9123669        0.7860095 -4.365759 -6.50159        12
INFO  [16:13:30.109] [bbotk]  nrounds subsample      acq_ei  x_domain .already_evaluated classif.bbrier
INFO  [16:13:30.109] [bbotk]     1090 0.9984732 0.002773962 <list[8]>              FALSE     0.03844751
INFO  [16:13:30.109] [bbotk]  warnings errors runtime_learners                                uhash
INFO  [16:13:30.109] [bbotk]         0      0          114.579 d14eb643-290c-41f3-9c79-dddddca631ba
WARN  [16:13:33.888] [mlr3] train: Stopped because hard maximum generation limit was hit.
INFO  [16:13:38.767] [bbotk] Evaluating 1 configuration(s)
INFO  [16:19:42.073] [bbotk] Result of batch 47:
INFO  [16:19:42.084] [bbotk]      alpha colsample_bylevel colsample_bytree       eta   lambda max_depth
INFO  [16:19:42.084] [bbotk]  -2.837363          0.799665        0.9844596 -6.588815 -0.17196         9
INFO  [16:19:42.084] [bbotk]  nrounds subsample      acq_ei  x_domain .already_evaluated classif.bbrier
INFO  [16:19:42.084] [bbotk]     4003 0.7748521 0.002799403 <list[8]>              FALSE     0.03876121
INFO  [16:19:42.084] [bbotk]  warnings errors runtime_learners                                uhash
INFO  [16:19:42.084] [bbotk]         0      0          362.896 e2f37e38-a79f-42c2-bb0e-c7250e2645f5
WARN  [16:19:44.339] [mlr3] train: Stopped because hard maximum generation limit was hit.
INFO  [16:19:50.530] [bbotk] Evaluating 1 configuration(s)
INFO  [16:20:07.054] [bbotk] Result of batch 48:
INFO  [16:20:07.064] [bbotk]      alpha colsample_bylevel colsample_bytree       eta    lambda max_depth
INFO  [16:20:07.064] [bbotk]  0.4537993          0.887901        0.9784862 -3.269744 -6.325383        13
INFO  [16:20:07.064] [bbotk]  nrounds subsample      acq_ei  x_domain .already_evaluated classif.bbrier
INFO  [16:20:07.064] [bbotk]      107 0.6913251 0.003041241 <list[8]>              FALSE     0.04021901
INFO  [16:20:07.064] [bbotk]  warnings errors runtime_learners                                uhash
INFO  [16:20:07.064] [bbotk]         0      0           16.203 07bd949e-d863-47d5-8d40-043353800ab4
INFO  [16:20:15.778] [bbotk] Evaluating 1 configuration(s)
INFO  [16:20:25.527] [bbotk] Result of batch 49:
INFO  [16:20:25.538] [bbotk]      alpha colsample_bylevel colsample_bytree        eta    lambda max_depth
INFO  [16:20:25.538] [bbotk]  0.2487655         0.9358042        0.6240925 -0.4429848 -5.898647        16
INFO  [16:20:25.538] [bbotk]  nrounds subsample      acq_ei  x_domain .already_evaluated classif.bbrier
INFO  [16:20:25.538] [bbotk]      197 0.9688518 0.003072387 <list[8]>              FALSE     0.04295271
INFO  [16:20:25.538] [bbotk]  warnings errors runtime_learners                                uhash
INFO  [16:20:25.538] [bbotk]         0      0            9.385 653cb2a8-0274-41cc-ae61-5e51c0dc7e36
WARN  [16:20:28.027] [mlr3] train: Stopped because hard maximum generation limit was hit.
INFO  [16:20:34.405] [bbotk] Evaluating 1 configuration(s)
INFO  [16:21:51.353] [bbotk] Result of batch 50:
INFO  [16:21:51.367] [bbotk]      alpha colsample_bylevel colsample_bytree      eta    lambda max_depth
INFO  [16:21:51.367] [bbotk]  -5.504762         0.5372142        0.9611079 -4.18562 -6.794871        17
INFO  [16:21:51.367] [bbotk]  nrounds subsample      acq_ei  x_domain .already_evaluated classif.bbrier
INFO  [16:21:51.367] [bbotk]      876 0.9788859 0.004128738 <list[8]>              FALSE     0.03834381
INFO  [16:21:51.367] [bbotk]  warnings errors runtime_learners                                uhash
INFO  [16:21:51.367] [bbotk]         0      0           76.489 60425b74-7310-439e-9aae-efd9aee0cd2d
WARN  [16:21:52.824] [mlr3] train: Stopped because hard maximum generation limit was hit.
INFO  [16:21:59.709] [bbotk] Evaluating 1 configuration(s)
INFO  [16:24:35.099] [bbotk] Result of batch 51:
INFO  [16:24:35.110] [bbotk]      alpha colsample_bylevel colsample_bytree       eta    lambda max_depth
INFO  [16:24:35.110] [bbotk]  -6.683958         0.7197953        0.8855627 -4.265573 -1.759322        13
INFO  [16:24:35.110] [bbotk]  nrounds subsample      acq_ei  x_domain .already_evaluated classif.bbrier
INFO  [16:24:35.110] [bbotk]     2021  0.977988 0.003800136 <list[8]>              FALSE     0.03880201
INFO  [16:24:35.110] [bbotk]  warnings errors runtime_learners                                uhash
INFO  [16:24:35.110] [bbotk]         0      0          154.986 44979625-e2c1-485c-bf70-5c4cfdce5474
INFO  [16:24:41.078] [bbotk] Evaluating 1 configuration(s)
INFO  [16:30:50.934] [bbotk] Result of batch 52:
INFO  [16:30:50.958] [bbotk]       alpha colsample_bylevel colsample_bytree       eta   lambda max_depth
INFO  [16:30:50.958] [bbotk]  -0.8059529         0.7853475        0.7483908 -4.813711 1.983586        12
INFO  [16:30:50.958] [bbotk]  nrounds subsample      acq_ei  x_domain .already_evaluated classif.bbrier
INFO  [16:30:50.958] [bbotk]     4690 0.9908755 0.002707133 <list[8]>              FALSE     0.03872064
INFO  [16:30:50.958] [bbotk]  warnings errors runtime_learners                                uhash
INFO  [16:30:50.958] [bbotk]         0      0          369.617 825087fc-bb47-47e5-954c-cb02b8f67d30
INFO  [16:31:03.664] [bbotk] Evaluating 1 configuration(s)
INFO  [16:36:52.546] [bbotk] Result of batch 53:
INFO  [16:36:52.583] [bbotk]      alpha colsample_bylevel colsample_bytree       eta     lambda max_depth
INFO  [16:36:52.583] [bbotk]  -0.833186         0.5776995        0.8417025 -6.571577 -0.9306747        16
INFO  [16:36:52.583] [bbotk]  nrounds subsample      acq_ei  x_domain .already_evaluated classif.bbrier
INFO  [16:36:52.583] [bbotk]     4090 0.9596792 0.002754419 <list[8]>              FALSE     0.03791381
INFO  [16:36:52.583] [bbotk]  warnings errors runtime_learners                                uhash
INFO  [16:36:52.583] [bbotk]         0      0          348.493 e1b815d3-0c10-4d35-a1b6-e866928ad7dd
WARN  [16:36:55.543] [mlr3] train: Stopped because hard maximum generation limit was hit.
INFO  [16:37:01.936] [bbotk] Evaluating 1 configuration(s)
INFO  [16:37:51.720] [bbotk] Result of batch 54:
INFO  [16:37:51.730] [bbotk]      alpha colsample_bylevel colsample_bytree       eta    lambda max_depth
INFO  [16:37:51.730] [bbotk]  0.8750843         0.8720523        0.7061629 -2.623972 -6.680397        20
INFO  [16:37:51.730] [bbotk]  nrounds subsample      acq_ei  x_domain .already_evaluated classif.bbrier
INFO  [16:37:51.730] [bbotk]     1150 0.9630225 0.002748429 <list[8]>              FALSE     0.03879332
INFO  [16:37:51.730] [bbotk]  warnings errors runtime_learners                                uhash
INFO  [16:37:51.730] [bbotk]         0      0           49.417 888805ed-e9be-4f04-810d-2d4e33cd7485
WARN  [16:37:56.321] [mlr3] train: Stopped because hard maximum generation limit was hit.
INFO  [16:38:02.596] [bbotk] Evaluating 1 configuration(s)
INFO  [16:42:41.655] [bbotk] Result of batch 55:
INFO  [16:42:41.666] [bbotk]      alpha colsample_bylevel colsample_bytree       eta    lambda max_depth
INFO  [16:42:41.666] [bbotk]  -2.395351         0.8530088        0.5435637 -6.188963 -3.425796        10
INFO  [16:42:41.666] [bbotk]  nrounds subsample      acq_ei  x_domain .already_evaluated classif.bbrier
INFO  [16:42:41.666] [bbotk]     4408 0.8588811 0.002602194 <list[8]>              FALSE     0.04033741
INFO  [16:42:41.666] [bbotk]  warnings errors runtime_learners                                uhash
INFO  [16:42:41.666] [bbotk]         0      0          278.701 c702e0ca-04ce-4d34-8b55-29a8af2a62d5
WARN  [16:42:44.035] [mlr3] train: Stopped because hard maximum generation limit was hit.
INFO  [16:42:48.773] [bbotk] Evaluating 1 configuration(s)
INFO  [16:43:13.778] [bbotk] Result of batch 56:
INFO  [16:43:13.801] [bbotk]       alpha colsample_bylevel colsample_bytree       eta    lambda max_depth
INFO  [16:43:13.801] [bbotk]  -0.4438077         0.8504167        0.7808484 -2.365179 -5.230027        13
INFO  [16:43:13.801] [bbotk]  nrounds subsample      acq_ei  x_domain .already_evaluated classif.bbrier
INFO  [16:43:13.801] [bbotk]      352 0.9658926 0.002461476 <list[8]>              FALSE     0.03816757
INFO  [16:43:13.801] [bbotk]  warnings errors runtime_learners                                uhash
INFO  [16:43:13.801] [bbotk]         0      0           24.774 884ef63d-f0d4-4373-8947-dc2bf58ec01a
WARN  [16:43:15.681] [mlr3] train: Stopped because hard maximum generation limit was hit.
INFO  [16:43:21.804] [bbotk] Evaluating 1 configuration(s)
INFO  [16:43:28.887] [bbotk] Result of batch 57:
INFO  [16:43:28.897] [bbotk]      alpha colsample_bylevel colsample_bytree       eta    lambda max_depth
INFO  [16:43:28.897] [bbotk]  0.3847646         0.5361742        0.9388952 -2.353699 -5.268353        18
INFO  [16:43:28.897] [bbotk]  nrounds subsample      acq_ei  x_domain .already_evaluated classif.bbrier
INFO  [16:43:28.897] [bbotk]       48 0.9657476 0.002824781 <list[8]>              FALSE     0.03949593
INFO  [16:43:28.897] [bbotk]  warnings errors runtime_learners                                uhash
INFO  [16:43:28.897] [bbotk]         0      0            6.807 77dc21b5-b7db-40a9-91ba-ef84cc7e20f1
WARN  [16:43:32.463] [mlr3] train: Stopped because hard maximum generation limit was hit.
INFO  [16:43:37.871] [bbotk] Evaluating 1 configuration(s)
INFO  [16:48:18.846] [bbotk] Result of batch 58:
INFO  [16:48:18.897] [bbotk]      alpha colsample_bylevel colsample_bytree       eta  lambda max_depth
INFO  [16:48:18.897] [bbotk]  -1.614964         0.5504509        0.9341985 -4.739917 1.69819        14
INFO  [16:48:18.897] [bbotk]  nrounds subsample      acq_ei  x_domain .already_evaluated classif.bbrier
INFO  [16:48:18.897] [bbotk]     3706 0.9877324 0.004565839 <list[8]>              FALSE     0.03841175
INFO  [16:48:18.897] [bbotk]  warnings errors runtime_learners                                uhash
INFO  [16:48:18.897] [bbotk]         0      0          280.574 415122b2-ae44-4809-b5b7-babf07dd0bdd
WARN  [16:48:20.235] [mlr3] train: Stopped because hard maximum generation limit was hit.
INFO  [16:48:26.436] [bbotk] Evaluating 1 configuration(s)
INFO  [16:50:33.982] [bbotk] Result of batch 59:
INFO  [16:50:33.993] [bbotk]      alpha colsample_bylevel colsample_bytree       eta   lambda max_depth
INFO  [16:50:33.993] [bbotk]  -5.112634         0.4445364        0.8082811 -3.759222 1.751148        11
INFO  [16:50:33.993] [bbotk]  nrounds subsample     acq_ei  x_domain .already_evaluated classif.bbrier
INFO  [16:50:33.993] [bbotk]     2411 0.9395192 0.00208952 <list[8]>              FALSE     0.03928784
INFO  [16:50:33.993] [bbotk]  warnings errors runtime_learners                                uhash
INFO  [16:50:33.993] [bbotk]         0      0          127.233 be75717b-3590-4b30-bdb3-132e825d78ce
WARN  [16:50:37.752] [mlr3] train: Stopped because hard maximum generation limit was hit.
INFO  [16:50:44.855] [bbotk] Evaluating 1 configuration(s)
INFO  [16:53:38.807] [bbotk] Result of batch 60:
INFO  [16:53:38.818] [bbotk]      alpha colsample_bylevel colsample_bytree       eta   lambda max_depth
INFO  [16:53:38.818] [bbotk]  -1.434017         0.7545019        0.8704363 -3.947104 2.103413        19
INFO  [16:53:38.818] [bbotk]  nrounds subsample      acq_ei  x_domain .already_evaluated classif.bbrier
INFO  [16:53:38.818] [bbotk]     1890 0.9165964 0.001811905 <list[8]>              FALSE     0.03912473
INFO  [16:53:38.818] [bbotk]  warnings errors runtime_learners                                uhash
INFO  [16:53:38.818] [bbotk]         0      0          173.626 1fac2a78-19f1-4655-b962-8f58ea5611d6
WARN  [16:53:43.135] [mlr3] train: Stopped because hard maximum generation limit was hit.
INFO  [16:53:49.247] [bbotk] Evaluating 1 configuration(s)
INFO  [16:55:58.044] [bbotk] Result of batch 61:
INFO  [16:55:58.054] [bbotk]      alpha colsample_bylevel colsample_bytree       eta    lambda max_depth
INFO  [16:55:58.054] [bbotk]  -4.546742         0.5790772        0.8290125 -6.113115 -5.161586        10
INFO  [16:55:58.054] [bbotk]  nrounds subsample      acq_ei  x_domain .already_evaluated classif.bbrier
INFO  [16:55:58.054] [bbotk]     1828 0.9972114 0.001999696 <list[8]>              FALSE     0.03808801
INFO  [16:55:58.054] [bbotk]  warnings errors runtime_learners                                uhash
INFO  [16:55:58.054] [bbotk]         0      0          128.584 f1bcd750-7342-4086-9e02-b7ee63a3bd5a
INFO  [16:56:08.663] [bbotk] Evaluating 1 configuration(s)
INFO  [16:57:34.242] [bbotk] Result of batch 62:
INFO  [16:57:34.249] [bbotk]       alpha colsample_bylevel colsample_bytree       eta   lambda max_depth
INFO  [16:57:34.249] [bbotk]  -0.4025282         0.4899167        0.7277546 -3.013195 1.179012        16
INFO  [16:57:34.249] [bbotk]  nrounds subsample      acq_ei  x_domain .already_evaluated classif.bbrier
INFO  [16:57:34.249] [bbotk]     2416 0.9359411 0.002388298 <list[8]>              FALSE      0.0401456
INFO  [16:57:34.249] [bbotk]  warnings errors runtime_learners                                uhash
INFO  [16:57:34.249] [bbotk]         0      0           85.349 81da1b72-e800-4bf4-a03c-490721ccccea
WARN  [16:57:36.839] [mlr3] train: Stopped because hard maximum generation limit was hit.
INFO  [16:57:41.167] [bbotk] Evaluating 1 configuration(s)
INFO  [16:58:45.540] [bbotk] Result of batch 63:
INFO  [16:58:45.560] [bbotk]      alpha colsample_bylevel colsample_bytree       eta    lambda max_depth
INFO  [16:58:45.560] [bbotk]  -1.163599         0.9386601        0.9933052 -3.410522 -6.407331        17
INFO  [16:58:45.560] [bbotk]  nrounds subsample      acq_ei  x_domain .already_evaluated classif.bbrier
INFO  [16:58:45.560] [bbotk]      491 0.9696122 0.002147916 <list[8]>              FALSE     0.03814513
INFO  [16:58:45.560] [bbotk]  warnings errors runtime_learners                                uhash
INFO  [16:58:45.560] [bbotk]         0      0           63.803 49c61ed9-0848-4732-89bd-e7b9bf1bc9c5
WARN  [16:58:48.031] [mlr3] train: Stopped because hard maximum generation limit was hit.
INFO  [16:58:53.847] [bbotk] Evaluating 1 configuration(s)
INFO  [17:00:05.532] [bbotk] Result of batch 64:
INFO  [17:00:05.543] [bbotk]      alpha colsample_bylevel colsample_bytree       eta  lambda max_depth
INFO  [17:00:05.543] [bbotk]  0.6557303         0.9703117        0.9147611 -2.504849 2.00913        20
INFO  [17:00:05.543] [bbotk]  nrounds subsample    acq_ei  x_domain .already_evaluated classif.bbrier
INFO  [17:00:05.543] [bbotk]      760 0.8893982 0.0018302 <list[8]>              FALSE     0.04025877
INFO  [17:00:05.543] [bbotk]  warnings errors runtime_learners                                uhash
INFO  [17:00:05.543] [bbotk]         0      0           71.436 810bf138-bf47-4024-9777-9905953b9ae7
WARN  [17:00:07.370] [mlr3] train: Stopped because hard maximum generation limit was hit.
INFO  [17:00:13.468] [bbotk] Evaluating 1 configuration(s)
INFO  [17:04:50.740] [bbotk] Result of batch 65:
INFO  [17:04:50.788] [bbotk]      alpha colsample_bylevel colsample_bytree       eta    lambda max_depth
INFO  [17:04:50.788] [bbotk]  -3.284245         0.6151779        0.9768833 -6.552976 -1.557291        10
INFO  [17:04:50.788] [bbotk]  nrounds subsample     acq_ei  x_domain .already_evaluated classif.bbrier
INFO  [17:04:50.788] [bbotk]     3611 0.8597811 0.00197752 <list[8]>              FALSE     0.03781031
INFO  [17:04:50.788] [bbotk]  warnings errors runtime_learners                                uhash
INFO  [17:04:50.788] [bbotk]         0      0          276.808 e616bb45-2b67-483e-b76b-3b006df60f3e
INFO  [17:04:58.492] [bbotk] Evaluating 1 configuration(s)
INFO  [17:05:37.377] [bbotk] Result of batch 66:
INFO  [17:05:37.388] [bbotk]      alpha colsample_bylevel colsample_bytree       eta  lambda max_depth
INFO  [17:05:37.388] [bbotk]  -6.826444         0.8245799        0.8778431 -1.746742 2.35445        11
INFO  [17:05:37.388] [bbotk]  nrounds subsample      acq_ei  x_domain .already_evaluated classif.bbrier
INFO  [17:05:37.388] [bbotk]      448 0.9100086 0.001864979 <list[8]>              FALSE     0.04032585
INFO  [17:05:37.388] [bbotk]  warnings errors runtime_learners                                uhash
INFO  [17:05:37.388] [bbotk]         0      0           38.572 e1e2f8f7-bb3f-4e35-834e-37303a64e58a
WARN  [17:05:40.264] [mlr3] train: Stopped because hard maximum generation limit was hit.
INFO  [17:05:47.260] [bbotk] Evaluating 1 configuration(s)
INFO  [17:07:36.979] [bbotk] Result of batch 67:
INFO  [17:07:37.000] [bbotk]      alpha colsample_bylevel colsample_bytree       eta    lambda max_depth
INFO  [17:07:37.000] [bbotk]  -4.650303         0.4440994        0.6902558 -4.921234 -6.264791         8
INFO  [17:07:37.000] [bbotk]  nrounds subsample      acq_ei  x_domain .already_evaluated classif.bbrier
INFO  [17:07:37.000] [bbotk]     2913 0.6389941 0.002581197 <list[8]>              FALSE     0.04169289
INFO  [17:07:37.000] [bbotk]  warnings errors runtime_learners                                uhash
INFO  [17:07:37.000] [bbotk]         0      0          109.365 e0a7da76-21e4-4699-a2bc-9916cde30814
INFO  [17:07:47.109] [bbotk] Evaluating 1 configuration(s)
INFO  [17:10:32.757] [bbotk] Result of batch 68:
INFO  [17:10:32.766] [bbotk]      alpha colsample_bylevel colsample_bytree       eta    lambda max_depth
INFO  [17:10:32.766] [bbotk]  -4.950205         0.6623873        0.5267505 -4.588445 -1.106286        17
INFO  [17:10:32.766] [bbotk]  nrounds subsample      acq_ei  x_domain .already_evaluated classif.bbrier
INFO  [17:10:32.766] [bbotk]     3385 0.9798104 0.001520707 <list[8]>              FALSE     0.04122647
INFO  [17:10:32.766] [bbotk]  warnings errors runtime_learners                                uhash
INFO  [17:10:32.766] [bbotk]         0      0          165.454 ca43856d-ef81-4481-9dc9-853acc92bbcd
INFO  [17:10:42.906] [bbotk] Evaluating 1 configuration(s)
INFO  [17:13:36.638] [bbotk] Result of batch 69:
INFO  [17:13:36.659] [bbotk]      alpha colsample_bylevel colsample_bytree       eta   lambda max_depth
INFO  [17:13:36.659] [bbotk]  -6.859589         0.6356123        0.9685379 -2.614489 5.869127        20
INFO  [17:13:36.659] [bbotk]  nrounds subsample      acq_ei  x_domain .already_evaluated classif.bbrier
INFO  [17:13:36.659] [bbotk]     1847 0.9236768 0.002154402 <list[8]>              FALSE     0.04555256
INFO  [17:13:36.659] [bbotk]  warnings errors runtime_learners                                uhash
INFO  [17:13:36.659] [bbotk]         0      0          173.407 250ab2c3-45be-480e-818a-e635984bc921
WARN  [17:13:39.797] [mlr3] train: Stopped because hard maximum generation limit was hit.
INFO  [17:13:39.869] [bbotk] Finished optimizing after 100 evaluation(s)
INFO  [17:13:39.871] [bbotk] Result:
INFO  [17:13:39.879] [bbotk]      alpha colsample_bylevel colsample_bytree       eta    lambda max_depth
INFO  [17:13:39.879] [bbotk]      <num>             <num>            <num>     <num>     <num>     <int>
INFO  [17:13:39.879] [bbotk]  -3.277492         0.5197791        0.9892313 -5.103573 -3.485272        12
INFO  [17:13:39.879] [bbotk]  nrounds subsample learner_param_vals  x_domain classif.bbrier
INFO  [17:13:39.879] [bbotk]    <int>     <num>             <list>    <list>          <num>
INFO  [17:13:39.879] [bbotk]     1253 0.8681954         <list[10]> <list[8]>     0.03771249

### [bt]: Job terminated successfully [batchtools job.id=3552]
### [bt]: Calculation finished!
