### [bt]: This is batchtools v0.9.17
### [bt]: Starting calculation of 1 jobs
### [bt]: Setting working directory to '/content/drive/MyDrive/GitHub/Mater_Thesis_Calibration'
ece.R :
Friedmann_tasks.R :
Functions.R :
ici.R :
mse_feature_effects.R :
PipeOpCalibration_TuningExperiment.R :
PipeOpCalibration.R :
PipeOpCalibrationUnion.R :
### [bt]: Memory measurement disabled
### [bt]: Starting job [batchtools job.id=2830]
### [bt]: Generating problem instance for problem '0ecb79b078d7aa0a' ...
### [bt]: Applying algorithm 'run_learner' on problem '0ecb79b078d7aa0a' for job 2830 (seed = 2953) ...
INFO  [14:11:33.012] [mlr3] Applying learner 'xgboost TbC beta' on task 'PhishingWebsites' (iter 10/10)
INFO  [14:11:40.785] [bbotk] Starting to optimize 8 parameter(s) with '<OptimizerMbo>' and '<TerminatorEvals> [n_evals=100, k=0]'
INFO  [14:11:41.693] [bbotk] Evaluating 32 configuration(s)
INFO  [15:11:42.058] [bbotk] Result of batch 1:
INFO  [15:11:42.068] [bbotk]       alpha colsample_bylevel colsample_bytree        eta     lambda max_depth
INFO  [15:11:42.068] [bbotk]   3.5710720         0.1631374        0.6362625 -5.6516720 -2.3681285        17
INFO  [15:11:42.068] [bbotk]  -3.3366832         0.6131374        0.1862625 -1.0465018  4.5396268         7
INFO  [15:11:42.068] [bbotk]   0.1171944         0.8381374        0.4112626 -3.3490869 -5.8220062        12
INFO  [15:11:42.068] [bbotk]  -6.7905608         0.3881374        0.8612625 -7.9542571  1.0857491         2
INFO  [15:11:42.068] [bbotk]   1.8441332         0.5006374        0.2987626 -4.5003794 -4.0950673        20
INFO  [15:11:42.068] [bbotk]  -5.0636221         0.9506374        0.7487625 -9.1055496  2.8126879        10
INFO  [15:11:42.068] [bbotk]  -1.6097444         0.2756374        0.5237626 -2.1977943  6.2665656         5
INFO  [15:11:42.068] [bbotk]   5.2980109         0.7256374        0.9737625 -6.8029645 -0.6411897        15
INFO  [15:11:42.068] [bbotk]   0.9806638         0.2193874        0.8050125 -0.4708555  1.9492185        13
INFO  [15:11:42.068] [bbotk]  -5.9270915         0.6693874        0.3550126 -5.0760257 -4.9585368         3
INFO  [15:11:42.068] [bbotk]   4.4345415         0.8943874        0.1300125 -7.3786108  5.4030962        18
INFO  [15:11:42.068] [bbotk]  -2.4732138         0.4443874        0.5800125 -2.7734406 -1.5046591         8
INFO  [15:11:42.068] [bbotk]   6.1614803         0.3318874        0.4675126 -8.5299033  3.6761573        11
INFO  [15:11:42.068] [bbotk]  -0.7462750         0.7818874        0.9175125 -3.9247331 -3.2315979         1
INFO  [15:11:42.068] [bbotk]  -4.2001526         0.1068874        0.2425126 -6.2273182 -6.6854756         6
INFO  [15:11:42.068] [bbotk]   2.7076026         0.5568874        0.6925125 -1.6221480  0.2222797        16
INFO  [15:11:42.068] [bbotk]   6.5932150         0.8100124        0.5518875 -0.7586786 -3.6633326         6
INFO  [15:11:42.068] [bbotk]  -0.3145403         0.3600124        0.1018875 -5.3638488  3.2444226        16
INFO  [15:11:42.068] [bbotk]   3.1393373         0.1350124        0.3268876 -7.6664339 -0.2094550         1
INFO  [15:11:42.068] [bbotk]  -3.7684179         0.5850124        0.7768875 -3.0612637  6.6983003        11
INFO  [15:11:42.068] [bbotk]  -5.4953568         0.2475124        0.6643875 -4.2125563  4.9713615        19
INFO  [15:11:42.068] [bbotk]   1.4123985         0.6975124        0.2143876 -8.8177265 -1.9363938         9
INFO  [15:11:42.068] [bbotk]   4.8662762         0.4725124        0.8893875 -1.9099712 -5.3902715         4
INFO  [15:11:42.068] [bbotk]  -2.0414791         0.9225124        0.4393876 -6.5151414  1.5174838        14
INFO  [15:11:42.068] [bbotk]  -6.3588262         0.8662624        0.2706376 -1.3343249 -1.0729244        18
INFO  [15:11:42.068] [bbotk]   0.5489291         0.4162624        0.7206375 -5.9394951  5.8348309         8
INFO  [15:11:42.068] [bbotk]   4.0028067         0.6412624        0.4956376 -3.6369100  2.3809532         3
INFO  [15:11:42.068] [bbotk]  -2.9049485         0.1912624        0.9456375 -8.2420802 -4.5268021        13
INFO  [15:11:42.068] [bbotk]  -4.6318874         0.5287624        0.3831376 -0.1830324 -2.7998632        15
INFO  [15:11:42.068] [bbotk]   2.2758679         0.9787624        0.8331375 -4.7882026  4.1078920         5
INFO  [15:11:42.068] [bbotk]   5.7297456         0.3037624        0.1581375 -2.4856175  0.6540144        10
INFO  [15:11:42.068] [bbotk]  -1.1780097         0.7537624        0.6081375 -7.0907876 -6.2537409        20
INFO  [15:11:42.068] [bbotk]       alpha colsample_bylevel colsample_bytree        eta     lambda max_depth
INFO  [15:11:42.068] [bbotk]  nrounds subsample classif.bbrier warnings errors runtime_learners
INFO  [15:11:42.068] [bbotk]     1543 0.4064895     0.06372670        0      0           40.717
INFO  [15:11:42.068] [bbotk]     4043 0.8564894     0.02464973        0      0          157.535
INFO  [15:11:42.068] [bbotk]     2793 0.1814894     0.02694305        0      0          130.271
INFO  [15:11:42.068] [bbotk]      293 0.6314894     0.22252423        0      0           14.337
INFO  [15:11:42.068] [bbotk]      918 0.7439894     0.03822324        0      0           46.935
INFO  [15:11:42.068] [bbotk]     3418 0.2939895     0.16001686        0      0          338.701
INFO  [15:11:42.068] [bbotk]     2168 0.5189895     0.03767484        0      0           71.365
INFO  [15:11:42.068] [bbotk]     4668 0.9689894     0.06823950        0      0          403.620
INFO  [15:11:42.068] [bbotk]     1855 0.3502395     0.02626721        0      0           59.073
INFO  [15:11:42.068] [bbotk]     4355 0.8002394     0.03200837        0      0          161.016
INFO  [15:11:42.068] [bbotk]     3105 0.1252394     0.23251625        0      0           44.359
INFO  [15:11:42.068] [bbotk]      605 0.5752394     0.02329130        0      0           52.125
INFO  [15:11:42.068] [bbotk]     1230 0.6877394     0.23954773        0      0           28.068
INFO  [15:11:42.068] [bbotk]     3730 0.2377395     0.04438753        0      0           94.116
INFO  [15:11:42.068] [bbotk]     2480 0.4627395     0.07912490        0      0           44.852
INFO  [15:11:42.068] [bbotk]     4980 0.9127394     0.03508049        0      0          131.253
INFO  [15:11:42.068] [bbotk]     2012 0.2658645     0.25000000        0      0           37.416
INFO  [15:11:42.068] [bbotk]     4512 0.7158644     0.04669632        0      0           77.476
INFO  [15:11:42.068] [bbotk]     3262 0.4908645     0.19866534        0      0           33.854
INFO  [15:11:42.068] [bbotk]      762 0.9408644     0.04323756        0      0           82.323
INFO  [15:11:42.068] [bbotk]     2637 0.3783645     0.04031623        0      0          112.536
INFO  [15:11:42.068] [bbotk]      137 0.8283644     0.24513143        0      0           11.058
INFO  [15:11:42.068] [bbotk]     3887 0.6033644     0.06555879        0      0           86.226
INFO  [15:11:42.068] [bbotk]     1387 0.1533644     0.06129214        0      0           76.270
INFO  [15:11:42.068] [bbotk]     1699 0.2096144     0.02733843        0      0           66.825
INFO  [15:11:42.068] [bbotk]     4199 0.6596144     0.05219970        0      0          268.723
INFO  [15:11:42.068] [bbotk]      449 0.8846144     0.05268256        0      0           19.935
INFO  [15:11:42.068] [bbotk]     2949 0.4346145     0.08653064        0      0          214.410
INFO  [15:11:42.068] [bbotk]     4824 0.7721144     0.03376710        0      0          238.139
INFO  [15:11:42.068] [bbotk]     2324 0.3221145     0.04479649        0      0          206.493
INFO  [15:11:42.068] [bbotk]     3574 0.5471145     0.11132139        0      0           40.509
INFO  [15:11:42.068] [bbotk]     1074 0.9971144     0.07302361        0      0          200.518
INFO  [15:11:42.068] [bbotk]  nrounds subsample classif.bbrier warnings errors runtime_learners
INFO  [15:11:42.068] [bbotk]                                 uhash
INFO  [15:11:42.068] [bbotk]  931feebd-421e-4b8f-bf74-3b90ff5f5a9c
INFO  [15:11:42.068] [bbotk]  5354c40b-4770-49b6-a38e-3dbca984734e
INFO  [15:11:42.068] [bbotk]  11109dba-5120-4c3e-8bb8-925a636c8f6e
INFO  [15:11:42.068] [bbotk]  d091b1a7-370b-41cf-9dfa-ed4e4d4a239f
INFO  [15:11:42.068] [bbotk]  08de1fdc-1b78-4ecc-b6fa-fff6523417e7
INFO  [15:11:42.068] [bbotk]  715fb650-f303-4313-9a26-08229bab3521
INFO  [15:11:42.068] [bbotk]  69a8ade8-f0fa-4272-abd2-44b90c7fe0f0
INFO  [15:11:42.068] [bbotk]  cd4f58f4-3e35-4034-b33f-dafe5d477f12
INFO  [15:11:42.068] [bbotk]  a0fb121b-a628-4a68-a91b-ed8fbdce441a
INFO  [15:11:42.068] [bbotk]  3a126757-3045-4718-9705-fbb4a547d580
INFO  [15:11:42.068] [bbotk]  63557170-400c-42de-90b2-26968fd4b10d
INFO  [15:11:42.068] [bbotk]  31ea0377-61e2-4bbd-bfbb-7ae53847b36f
INFO  [15:11:42.068] [bbotk]  62893c42-ec2d-42b9-bda1-7ca8da6ff0a6
INFO  [15:11:42.068] [bbotk]  bc165d23-cfa0-4c4f-b4e8-fe569f4860e7
INFO  [15:11:42.068] [bbotk]  4f97e960-198b-46be-a570-1fc846c9ba6c
INFO  [15:11:42.068] [bbotk]  987cc320-bb5f-4168-bbd0-67dedad05ecb
INFO  [15:11:42.068] [bbotk]  3a1e6609-bee8-42ee-98d4-95f59ba8d396
INFO  [15:11:42.068] [bbotk]  e3c67144-effc-4293-8a3b-870c51a71e1c
INFO  [15:11:42.068] [bbotk]  549b2cb2-eedf-421c-aa55-814d7407ea36
INFO  [15:11:42.068] [bbotk]  3dadb5f2-083e-4e48-a94e-b62e09160236
INFO  [15:11:42.068] [bbotk]  da82954a-263c-4556-8358-8f9970c9f391
INFO  [15:11:42.068] [bbotk]  455c1e73-8f1d-44f7-adb0-9860ea60da7e
INFO  [15:11:42.068] [bbotk]  f537bf72-269b-4941-b91d-6b56241043c2
INFO  [15:11:42.068] [bbotk]  acee0847-48ee-46dd-a1ed-7d351ed2b392
INFO  [15:11:42.068] [bbotk]  0e0beb8b-d96f-4b2c-8308-9bdacf2595cf
INFO  [15:11:42.068] [bbotk]  f91f479b-a702-48a0-8834-611c0490bdc0
INFO  [15:11:42.068] [bbotk]  090fffa7-aed9-4f86-9a09-55ae4f724ffa
INFO  [15:11:42.068] [bbotk]  b7838427-22fe-4530-a808-b9f3269acd73
INFO  [15:11:42.068] [bbotk]  8904862c-703d-45f1-bad3-9696204e8b72
INFO  [15:11:42.068] [bbotk]  c2686a1b-570d-4460-924a-d899d69ffcbc
INFO  [15:11:42.068] [bbotk]  65a2ea34-55dd-4880-85e4-ac73f2ab75c7
INFO  [15:11:42.068] [bbotk]  6d9cd83d-f449-4640-b7f2-70892cc553fd
INFO  [15:11:42.068] [bbotk]                                 uhash
INFO  [15:11:48.776] [bbotk] Evaluating 1 configuration(s)
INFO  [15:14:21.541] [bbotk] Result of batch 2:
INFO  [15:14:21.562] [bbotk]     alpha colsample_bylevel colsample_bytree       eta    lambda max_depth
INFO  [15:14:21.562] [bbotk]  2.029904         0.3172625        0.7976314 -3.937308 -5.083974        18
INFO  [15:14:21.562] [bbotk]  nrounds subsample     acq_ei  x_domain .already_evaluated classif.bbrier
INFO  [15:14:21.562] [bbotk]     2975 0.9174011 0.03670962 <list[8]>              FALSE     0.03200682
INFO  [15:14:21.562] [bbotk]  warnings errors runtime_learners                                uhash
INFO  [15:14:21.562] [bbotk]         0      0          152.382 84e7d143-babc-4395-898f-ccc8cb27a810
INFO  [15:14:26.085] [bbotk] Evaluating 1 configuration(s)
INFO  [15:21:31.197] [bbotk] Result of batch 3:
INFO  [15:21:31.234] [bbotk]      alpha colsample_bylevel colsample_bytree       eta    lambda max_depth
INFO  [15:21:31.234] [bbotk]  -2.685285         0.8933589        0.4011025 -4.764059 -0.725555        17
INFO  [15:21:31.234] [bbotk]  nrounds subsample    acq_ei  x_domain .already_evaluated classif.bbrier
INFO  [15:21:31.234] [bbotk]     3699 0.6828413 0.0271887 <list[8]>              FALSE     0.02245804
INFO  [15:21:31.234] [bbotk]  warnings errors runtime_learners                                uhash
INFO  [15:21:31.234] [bbotk]         0      0          424.654 995d16af-078a-4e02-aae1-bdd1e94534a5
INFO  [15:21:37.633] [bbotk] Evaluating 1 configuration(s)
INFO  [15:23:53.197] [bbotk] Result of batch 4:
INFO  [15:23:53.208] [bbotk]     alpha colsample_bylevel colsample_bytree       eta    lambda max_depth
INFO  [15:23:53.208] [bbotk]  -5.73376         0.9008182        0.1309113 -3.123078 -2.443624        11
INFO  [15:23:53.208] [bbotk]  nrounds subsample     acq_ei  x_domain .already_evaluated classif.bbrier
INFO  [15:23:53.208] [bbotk]     3788 0.9524594 0.01993186 <list[8]>              FALSE     0.02320239
INFO  [15:23:53.208] [bbotk]  warnings errors runtime_learners                                uhash
INFO  [15:23:53.208] [bbotk]         0      0          135.277 32f7a415-949c-46e2-b93d-0ae66733cda8
INFO  [15:23:58.158] [bbotk] Evaluating 1 configuration(s)
INFO  [15:25:37.641] [bbotk] Result of batch 5:
INFO  [15:25:37.649] [bbotk]       alpha colsample_bylevel colsample_bytree      eta    lambda max_depth
INFO  [15:25:37.649] [bbotk]  -0.9035491         0.2777486        0.8531072 -1.44241 -6.054833        17
INFO  [15:25:37.649] [bbotk]  nrounds subsample    acq_ei  x_domain .already_evaluated classif.bbrier
INFO  [15:25:37.649] [bbotk]     2528 0.2509728 0.0148375 <list[8]>              FALSE     0.02689883
INFO  [15:25:37.649] [bbotk]  warnings errors runtime_learners                                uhash
INFO  [15:25:37.649] [bbotk]         0      0           99.073 ffc524b8-0a3c-4163-9299-f27ce2bde215
INFO  [15:25:43.228] [bbotk] Evaluating 1 configuration(s)
INFO  [15:28:44.970] [bbotk] Result of batch 6:
INFO  [15:28:44.980] [bbotk]      alpha colsample_bylevel colsample_bytree       eta    lambda max_depth
INFO  [15:28:44.980] [bbotk]  -4.680451         0.7658228        0.3672761 -2.169489 -6.193499        11
INFO  [15:28:44.980] [bbotk]  nrounds subsample     acq_ei  x_domain .already_evaluated classif.bbrier
INFO  [15:28:44.980] [bbotk]     3834 0.3098772 0.01381337 <list[8]>              FALSE     0.02652852
INFO  [15:28:44.980] [bbotk]  warnings errors runtime_learners                                uhash
INFO  [15:28:44.980] [bbotk]         0      0          181.452 198d24a2-17ad-4b01-9f23-1c09109ac6b2
INFO  [15:28:49.909] [bbotk] Evaluating 1 configuration(s)
INFO  [15:29:38.188] [bbotk] Result of batch 7:
INFO  [15:29:38.197] [bbotk]       alpha colsample_bylevel colsample_bytree       eta    lambda max_depth
INFO  [15:29:38.197] [bbotk]  -0.2198191         0.3794726        0.7598815 -4.705062 -3.933948        16
INFO  [15:29:38.197] [bbotk]  nrounds subsample     acq_ei  x_domain .already_evaluated classif.bbrier
INFO  [15:29:38.197] [bbotk]      629 0.3300765 0.01335457 <list[8]>              FALSE     0.03141702
INFO  [15:29:38.197] [bbotk]  warnings errors runtime_learners                                uhash
INFO  [15:29:38.197] [bbotk]         0      0           47.963 6e6e01e4-e222-4797-b3cb-abc43e9d4614
INFO  [15:29:42.699] [bbotk] Evaluating 1 configuration(s)
INFO  [15:30:47.709] [bbotk] Result of batch 8:
INFO  [15:30:47.720] [bbotk]      alpha colsample_bylevel colsample_bytree      eta    lambda max_depth
INFO  [15:30:47.720] [bbotk]  -2.627224         0.6261428        0.3208933 -1.56426 0.1598282        17
INFO  [15:30:47.720] [bbotk]  nrounds subsample     acq_ei  x_domain .already_evaluated classif.bbrier
INFO  [15:30:47.720] [bbotk]     1206 0.6083393 0.01345405 <list[8]>              FALSE       0.023827
INFO  [15:30:47.720] [bbotk]  warnings errors runtime_learners                                uhash
INFO  [15:30:47.720] [bbotk]         0      0           64.722 00e60aa7-f510-46c1-8e8b-7f77e4d6d9e6
INFO  [15:30:52.913] [bbotk] Evaluating 1 configuration(s)
INFO  [15:33:39.907] [bbotk] Result of batch 9:
INFO  [15:33:39.917] [bbotk]      alpha colsample_bylevel colsample_bytree        eta     lambda max_depth
INFO  [15:33:39.917] [bbotk]  0.7940889         0.1932871        0.9847251 -0.9543217 -0.5156058        13
INFO  [15:33:39.917] [bbotk]  nrounds subsample     acq_ei  x_domain .already_evaluated classif.bbrier
INFO  [15:33:39.917] [bbotk]     4679 0.7372768 0.01369591 <list[8]>              FALSE     0.02403425
INFO  [15:33:39.917] [bbotk]  warnings errors runtime_learners                                uhash
INFO  [15:33:39.917] [bbotk]         0      0          166.635 958d2524-4a0f-4a2a-80b7-bede626f0152
WARN  [15:33:40.478] [mlr3] train: Stopped because hard maximum generation limit was hit.
INFO  [15:33:44.905] [bbotk] Evaluating 1 configuration(s)
INFO  [15:34:58.707] [bbotk] Result of batch 10:
INFO  [15:34:58.718] [bbotk]    alpha colsample_bylevel colsample_bytree       eta    lambda max_depth
INFO  [15:34:58.718] [bbotk]  1.94396          0.341836        0.7493704 -2.240314 -0.582607         5
INFO  [15:34:58.718] [bbotk]  nrounds subsample     acq_ei  x_domain .already_evaluated classif.bbrier
INFO  [15:34:58.718] [bbotk]     2048 0.7396059 0.01099313 <list[8]>              FALSE     0.03154022
INFO  [15:34:58.718] [bbotk]  warnings errors runtime_learners                                uhash
INFO  [15:34:58.718] [bbotk]         0      0           73.464 4989a9ed-5218-4b4b-a5f8-d0e854524e28
INFO  [15:35:05.042] [bbotk] Evaluating 1 configuration(s)
INFO  [15:35:22.660] [bbotk] Result of batch 11:
INFO  [15:35:22.682] [bbotk]      alpha colsample_bylevel colsample_bytree       eta   lambda max_depth
INFO  [15:35:22.682] [bbotk]  -4.585885         0.8456442        0.1050115 -3.535552 -1.21504         8
INFO  [15:35:22.682] [bbotk]  nrounds subsample     acq_ei  x_domain .already_evaluated classif.bbrier
INFO  [15:35:22.682] [bbotk]      514 0.3370541 0.01094104 <list[8]>              FALSE     0.03641367
INFO  [15:35:22.682] [bbotk]  warnings errors runtime_learners                                uhash
INFO  [15:35:22.682] [bbotk]         0      0           17.187 cb22b15c-f5f2-41f6-9ded-72ebd28c127e
INFO  [15:35:27.909] [bbotk] Evaluating 1 configuration(s)
INFO  [15:36:59.758] [bbotk] Result of batch 12:
INFO  [15:36:59.810] [bbotk]      alpha colsample_bylevel colsample_bytree       eta    lambda max_depth
INFO  [15:36:59.810] [bbotk]  -6.123231         0.2935725        0.3085769 -1.561736 0.5144628         8
INFO  [15:36:59.810] [bbotk]  nrounds subsample     acq_ei  x_domain .already_evaluated classif.bbrier
INFO  [15:36:59.810] [bbotk]     3345 0.6790459 0.01129803 <list[8]>              FALSE      0.0243043
INFO  [15:36:59.810] [bbotk]  warnings errors runtime_learners                                uhash
INFO  [15:36:59.810] [bbotk]         0      0           91.546 a74b47cf-4b80-4f64-9199-5e2338a55544
INFO  [15:37:05.658] [bbotk] Evaluating 1 configuration(s)
INFO  [15:38:45.152] [bbotk] Result of batch 13:
INFO  [15:38:45.162] [bbotk]      alpha colsample_bylevel colsample_bytree        eta     lambda max_depth
INFO  [15:38:45.162] [bbotk]  -3.333788         0.3442105        0.8525443 -0.2319611 -0.4843581        16
INFO  [15:38:45.162] [bbotk]  nrounds subsample    acq_ei  x_domain .already_evaluated classif.bbrier
INFO  [15:38:45.162] [bbotk]     1550 0.6313135 0.0112038 <list[8]>              FALSE     0.03088864
INFO  [15:38:45.162] [bbotk]  warnings errors runtime_learners                                uhash
INFO  [15:38:45.162] [bbotk]         0      0           99.191 57d1840d-58c4-4175-90b0-20a14416b012
INFO  [15:38:49.621] [bbotk] Evaluating 1 configuration(s)
INFO  [15:40:57.784] [bbotk] Result of batch 14:
INFO  [15:40:57.794] [bbotk]     alpha colsample_bylevel colsample_bytree       eta    lambda max_depth
INFO  [15:40:57.794] [bbotk]  4.230581         0.7192865        0.8072893 -3.495101 -3.112273         3
INFO  [15:40:57.794] [bbotk]  nrounds subsample      acq_ei  x_domain .already_evaluated classif.bbrier
INFO  [15:40:57.794] [bbotk]     4797 0.9466289 0.009590034 <list[8]>              FALSE     0.05269177
INFO  [15:40:57.794] [bbotk]  warnings errors runtime_learners                                uhash
INFO  [15:40:57.794] [bbotk]         0      0          127.847 736ceb13-7f8b-4a6c-8a46-cc14bc52b81d
WARN  [15:40:58.571] [mlr3] train: Stopped because hard maximum generation limit was hit.
INFO  [15:41:03.394] [bbotk] Evaluating 1 configuration(s)
INFO  [15:45:06.460] [bbotk] Result of batch 15:
INFO  [15:45:06.472] [bbotk]     alpha colsample_bylevel colsample_bytree      eta   lambda max_depth
INFO  [15:45:06.472] [bbotk]  1.140947         0.4518085         0.983872 -2.07272 5.061353        18
INFO  [15:45:06.472] [bbotk]  nrounds subsample      acq_ei  x_domain .already_evaluated classif.bbrier
INFO  [15:45:06.472] [bbotk]     3650 0.3391598 0.009781687 <list[8]>              FALSE     0.03121232
INFO  [15:45:06.472] [bbotk]  warnings errors runtime_learners                                uhash
INFO  [15:45:06.472] [bbotk]         0      0          242.751 3cd85259-7f2e-4bfa-a7d5-d8d4bb42d65b
INFO  [15:45:11.897] [bbotk] Evaluating 1 configuration(s)
INFO  [15:50:45.127] [bbotk] Result of batch 16:
INFO  [15:50:45.139] [bbotk]      alpha colsample_bylevel colsample_bytree       eta    lambda max_depth
INFO  [15:50:45.139] [bbotk]  -1.546944         0.6094162        0.8401586 -6.250265 -4.463264        19
INFO  [15:50:45.139] [bbotk]  nrounds subsample      acq_ei  x_domain .already_evaluated classif.bbrier
INFO  [15:50:45.139] [bbotk]     4293 0.1628311 0.009412804 <list[8]>              FALSE     0.03013648
INFO  [15:50:45.139] [bbotk]  warnings errors runtime_learners                                uhash
INFO  [15:50:45.139] [bbotk]         0      0          332.876 6c49d4b5-a0f3-400d-8136-cc4a62f60b67
INFO  [15:50:50.909] [bbotk] Evaluating 1 configuration(s)
INFO  [15:53:31.363] [bbotk] Result of batch 17:
INFO  [15:53:31.374] [bbotk]      alpha colsample_bylevel colsample_bytree      eta    lambda max_depth
INFO  [15:53:31.374] [bbotk]  -1.438246         0.5817159        0.3227245 -3.26264 -1.989633        12
INFO  [15:53:31.374] [bbotk]  nrounds subsample     acq_ei  x_domain .already_evaluated classif.bbrier
INFO  [15:53:31.374] [bbotk]     2784 0.8119112 0.00824182 <list[8]>              FALSE     0.02250266
INFO  [15:53:31.374] [bbotk]  warnings errors runtime_learners                                uhash
INFO  [15:53:31.374] [bbotk]         0      0          160.177 f9bbb755-323a-446b-9ed6-ee5cfd4a6fac
INFO  [15:53:36.874] [bbotk] Evaluating 1 configuration(s)
INFO  [15:57:54.564] [bbotk] Result of batch 18:
INFO  [15:57:54.586] [bbotk]      alpha colsample_bylevel colsample_bytree       eta   lambda max_depth
INFO  [15:57:54.586] [bbotk]  -5.218263         0.7405029        0.3637312 -3.749283 2.979031        13
INFO  [15:57:54.586] [bbotk]  nrounds subsample      acq_ei  x_domain .already_evaluated classif.bbrier
INFO  [15:57:54.586] [bbotk]     4823 0.3387753 0.008203867 <list[8]>              FALSE     0.02698851
INFO  [15:57:54.586] [bbotk]  warnings errors runtime_learners                                uhash
INFO  [15:57:54.586] [bbotk]         0      0          257.131 f5fedbdd-ad3f-4de0-aba0-0e21b783d73a
INFO  [15:57:59.246] [bbotk] Evaluating 1 configuration(s)
INFO  [15:59:40.051] [bbotk] Result of batch 19:
INFO  [15:59:40.062] [bbotk]      alpha colsample_bylevel colsample_bytree       eta    lambda max_depth
INFO  [15:59:40.062] [bbotk]  -4.846141         0.8102045        0.4439407 -1.026058 -4.403329         3
INFO  [15:59:40.062] [bbotk]  nrounds subsample      acq_ei  x_domain .already_evaluated classif.bbrier
INFO  [15:59:40.062] [bbotk]     2344 0.7318237 0.007286077 <list[8]>              FALSE      0.0274144
INFO  [15:59:40.062] [bbotk]  warnings errors runtime_learners                                uhash
INFO  [15:59:40.062] [bbotk]         0      0          100.514 747b52e4-da2e-494d-ac3d-56c00dcc3ac1
INFO  [15:59:45.012] [bbotk] Evaluating 1 configuration(s)
INFO  [16:05:12.236] [bbotk] Result of batch 20:
INFO  [16:05:12.247] [bbotk]      alpha colsample_bylevel colsample_bytree       eta   lambda max_depth
INFO  [16:05:12.247] [bbotk]  -5.187119         0.6296415        0.4269769 -3.384377 -5.44448         8
INFO  [16:05:12.247] [bbotk]  nrounds subsample      acq_ei  x_domain .already_evaluated classif.bbrier
INFO  [16:05:12.247] [bbotk]     4491 0.8849117 0.006575704 <list[8]>              FALSE     0.02406005
INFO  [16:05:12.247] [bbotk]  warnings errors runtime_learners                                uhash
INFO  [16:05:12.247] [bbotk]         0      0          326.887 7e5e4f79-e9f4-41ab-8f61-73d2925ce1ab
INFO  [16:05:18.317] [bbotk] Evaluating 1 configuration(s)
INFO  [16:05:58.774] [bbotk] Result of batch 21:
INFO  [16:05:58.785] [bbotk]     alpha colsample_bylevel colsample_bytree       eta    lambda max_depth
INFO  [16:05:58.785] [bbotk]  3.357816         0.1072251        0.9207326 -2.652836 0.7606139        19
INFO  [16:05:58.785] [bbotk]  nrounds subsample      acq_ei  x_domain .already_evaluated classif.bbrier
INFO  [16:05:58.785] [bbotk]     2691 0.8944017 0.006752878 <list[8]>              FALSE     0.04380253
INFO  [16:05:58.785] [bbotk]  warnings errors runtime_learners                                uhash
INFO  [16:05:58.785] [bbotk]         0      0           40.092 5833eb5a-18bb-4e9c-b229-ea812af64d93
INFO  [16:06:04.368] [bbotk] Evaluating 1 configuration(s)
INFO  [16:08:16.295] [bbotk] Result of batch 22:
INFO  [16:08:16.309] [bbotk]     alpha colsample_bylevel colsample_bytree       eta    lambda max_depth
INFO  [16:08:16.309] [bbotk]  1.641039         0.3337414        0.8557091 -1.769478 -6.484709        13
INFO  [16:08:16.309] [bbotk]  nrounds subsample      acq_ei  x_domain .already_evaluated classif.bbrier
INFO  [16:08:16.309] [bbotk]     4879 0.2232905 0.007027607 <list[8]>              FALSE     0.02881449
INFO  [16:08:16.309] [bbotk]  warnings errors runtime_learners                                uhash
INFO  [16:08:16.309] [bbotk]         0      0          131.455 71ba2f6c-5713-4ea9-be19-d8c2455590a5
WARN  [16:08:16.918] [mlr3] train: Stopped because hard maximum generation limit was hit.
INFO  [16:08:23.115] [bbotk] Evaluating 1 configuration(s)
INFO  [16:13:24.385] [bbotk] Result of batch 23:
INFO  [16:13:24.396] [bbotk]      alpha colsample_bylevel colsample_bytree      eta   lambda max_depth
INFO  [16:13:24.396] [bbotk]  -5.477543         0.7928823        0.6690461 -1.54174 3.206932        15
INFO  [16:13:24.396] [bbotk]  nrounds subsample      acq_ei  x_domain .already_evaluated classif.bbrier
INFO  [16:13:24.396] [bbotk]     3374 0.4361424 0.006699831 <list[8]>              FALSE     0.02396109
INFO  [16:13:24.396] [bbotk]  warnings errors runtime_learners                                uhash
INFO  [16:13:24.396] [bbotk]         0      0          300.971 7c8367b5-a288-4e0e-a0c5-078e61d67bd4
INFO  [16:13:29.756] [bbotk] Evaluating 1 configuration(s)
INFO  [16:15:45.365] [bbotk] Result of batch 24:
INFO  [16:15:45.375] [bbotk]     alpha colsample_bylevel colsample_bytree        eta   lambda max_depth
INFO  [16:15:45.375] [bbotk]  -0.33741         0.3837396         0.777646 -0.2041496 3.240071        20
INFO  [16:15:45.375] [bbotk]  nrounds subsample      acq_ei  x_domain .already_evaluated classif.bbrier
INFO  [16:15:45.375] [bbotk]     3644 0.2662141 0.007076975 <list[8]>              FALSE     0.02558761
INFO  [16:15:45.375] [bbotk]  warnings errors runtime_learners                                uhash
INFO  [16:15:45.375] [bbotk]         0      0          135.226 fa151189-d9b7-479c-90d6-eff22bcf6ad0
INFO  [16:15:51.663] [bbotk] Evaluating 1 configuration(s)
INFO  [16:18:50.920] [bbotk] Result of batch 25:
INFO  [16:18:50.931] [bbotk]      alpha colsample_bylevel colsample_bytree       eta   lambda max_depth
INFO  [16:18:50.931] [bbotk]  -6.202457         0.7499591        0.3382506 -2.176445 1.425895        17
INFO  [16:18:50.931] [bbotk]  nrounds subsample      acq_ei  x_domain .already_evaluated classif.bbrier
INFO  [16:18:50.931] [bbotk]     2736 0.6976725 0.005813517 <list[8]>              FALSE     0.02338393
INFO  [16:18:50.931] [bbotk]  warnings errors runtime_learners                                uhash
INFO  [16:18:50.931] [bbotk]         0      0          178.901 2855d3f0-92a4-4b78-908e-1402702405c8
INFO  [16:18:55.229] [bbotk] Evaluating 1 configuration(s)
INFO  [16:21:33.627] [bbotk] Result of batch 26:
INFO  [16:21:33.636] [bbotk]       alpha colsample_bylevel colsample_bytree       eta   lambda max_depth
INFO  [16:21:33.636] [bbotk]  -0.6797977         0.9656302        0.7907477 -3.813539 2.351797        13
INFO  [16:21:33.636] [bbotk]  nrounds subsample     acq_ei  x_domain .already_evaluated classif.bbrier
INFO  [16:21:33.636] [bbotk]      937 0.4630337 0.00645574 <list[8]>              FALSE     0.02816527
INFO  [16:21:33.636] [bbotk]  warnings errors runtime_learners                                uhash
INFO  [16:21:33.636] [bbotk]         0      0           158.03 885cbe62-0c98-4e18-8741-1e3d133c70ec
INFO  [16:21:39.499] [bbotk] Evaluating 1 configuration(s)
INFO  [16:23:10.147] [bbotk] Result of batch 27:
INFO  [16:23:10.158] [bbotk]      alpha colsample_bylevel colsample_bytree       eta    lambda max_depth
INFO  [16:23:10.158] [bbotk]  -2.472465         0.4499472        0.5726837 -1.009881 0.1484098        11
INFO  [16:23:10.158] [bbotk]  nrounds subsample     acq_ei  x_domain .already_evaluated classif.bbrier
INFO  [16:23:10.158] [bbotk]     1590  0.564696 0.00541084 <list[8]>              FALSE     0.02569049
INFO  [16:23:10.158] [bbotk]  warnings errors runtime_learners                                uhash
INFO  [16:23:10.158] [bbotk]         0      0           90.318 050dc177-96e7-4ed4-b563-bea8c4593a31
INFO  [16:23:15.152] [bbotk] Evaluating 1 configuration(s)
INFO  [16:24:58.972] [bbotk] Result of batch 28:
INFO  [16:24:58.990] [bbotk]      alpha colsample_bylevel colsample_bytree        eta   lambda max_depth
INFO  [16:24:58.990] [bbotk]  -6.199919         0.8431982        0.1033416 -0.9603758 4.621596        14
INFO  [16:24:58.990] [bbotk]  nrounds subsample      acq_ei  x_domain .already_evaluated classif.bbrier
INFO  [16:24:58.990] [bbotk]     4823 0.5065912 0.005863178 <list[8]>              FALSE     0.02817378
INFO  [16:24:58.990] [bbotk]  warnings errors runtime_learners                                uhash
INFO  [16:24:58.990] [bbotk]         0      0          103.457 27acbf21-e72f-45c3-986c-19846284b551
INFO  [16:25:04.830] [bbotk] Evaluating 1 configuration(s)
INFO  [16:26:25.852] [bbotk] Result of batch 29:
INFO  [16:26:25.862] [bbotk]      alpha colsample_bylevel colsample_bytree       eta    lambda max_depth
INFO  [16:26:25.862] [bbotk]  -2.152153         0.6265029        0.4706127 -3.179955 -2.574237        17
INFO  [16:26:25.862] [bbotk]  nrounds subsample      acq_ei  x_domain .already_evaluated classif.bbrier
INFO  [16:26:25.862] [bbotk]     2006 0.1179753 0.004992488 <list[8]>              FALSE     0.02755215
INFO  [16:26:25.862] [bbotk]  warnings errors runtime_learners                                uhash
INFO  [16:26:25.862] [bbotk]         0      0           80.688 0c3d87ea-47c5-483c-b46f-b5a5c6f85eaa
INFO  [16:26:31.851] [bbotk] Evaluating 1 configuration(s)
INFO  [16:50:02.829] [bbotk] Result of batch 30:
INFO  [16:50:02.852] [bbotk]      alpha colsample_bylevel colsample_bytree       eta    lambda max_depth
INFO  [16:50:02.852] [bbotk]  -1.073526         0.9028409        0.9888935 -6.100023 -6.623209        17
INFO  [16:50:02.852] [bbotk]  nrounds subsample      acq_ei  x_domain .already_evaluated classif.bbrier
INFO  [16:50:02.852] [bbotk]     4973 0.8688062 0.005558705 <list[8]>              FALSE     0.02353734
INFO  [16:50:02.852] [bbotk]  warnings errors runtime_learners                                uhash
INFO  [16:50:02.852] [bbotk]         0      0         1410.559 3836ba41-48e3-4336-9579-09932c5e0248
INFO  [16:50:08.238] [bbotk] Evaluating 1 configuration(s)
INFO  [16:51:29.938] [bbotk] Result of batch 31:
INFO  [16:51:29.948] [bbotk]      alpha colsample_bylevel colsample_bytree       eta     lambda max_depth
INFO  [16:51:29.948] [bbotk]  -5.648805         0.8225843        0.3093161 -2.516534 -0.8057398         1
INFO  [16:51:29.948] [bbotk]  nrounds subsample      acq_ei  x_domain .already_evaluated classif.bbrier
INFO  [16:51:29.948] [bbotk]     4577 0.5980308 0.005102122 <list[8]>              FALSE     0.04454382
INFO  [16:51:29.948] [bbotk]  warnings errors runtime_learners                                uhash
INFO  [16:51:29.948] [bbotk]         0      0           81.326 19cf28bb-be53-4d98-a6b4-9a409c060e4b
INFO  [16:51:36.477] [bbotk] Evaluating 1 configuration(s)
INFO  [16:55:20.907] [bbotk] Result of batch 32:
INFO  [16:55:20.919] [bbotk]      alpha colsample_bylevel colsample_bytree      eta    lambda max_depth
INFO  [16:55:20.919] [bbotk]  -4.687999         0.5153582        0.3023609 -4.24285 -4.119683        14
INFO  [16:55:20.919] [bbotk]  nrounds subsample      acq_ei  x_domain .already_evaluated classif.bbrier
INFO  [16:55:20.919] [bbotk]     3691 0.8623251 0.007265253 <list[8]>              FALSE     0.02213708
INFO  [16:55:20.919] [bbotk]  warnings errors runtime_learners                                uhash
INFO  [16:55:20.919] [bbotk]         0      0          224.045 ea5a7927-aa8e-403c-9439-79e937ef55c9
INFO  [16:55:27.482] [bbotk] Evaluating 1 configuration(s)
INFO  [16:55:56.300] [bbotk] Result of batch 33:
INFO  [16:55:56.311] [bbotk]       alpha colsample_bylevel colsample_bytree       eta    lambda max_depth
INFO  [16:55:56.311] [bbotk]  -0.7920559         0.6944269        0.1962637 -3.211895 -6.694064         9
INFO  [16:55:56.311] [bbotk]  nrounds subsample      acq_ei  x_domain .already_evaluated classif.bbrier
INFO  [16:55:56.311] [bbotk]      435 0.7157292 0.007165532 <list[8]>              FALSE     0.02704854
INFO  [16:55:56.311] [bbotk]  warnings errors runtime_learners                                uhash
INFO  [16:55:56.311] [bbotk]         0      0           28.427 455c0ddd-8072-4e85-94c0-5dd3b2ab28d7
INFO  [16:56:02.538] [bbotk] Evaluating 1 configuration(s)
INFO  [16:57:51.915] [bbotk] Result of batch 34:
INFO  [16:57:51.926] [bbotk]      alpha colsample_bylevel colsample_bytree       eta    lambda max_depth
INFO  [16:57:51.926] [bbotk]  -5.094969         0.5239857        0.2578359 -1.856508 0.6462155        15
INFO  [16:57:51.926] [bbotk]  nrounds subsample      acq_ei  x_domain .already_evaluated classif.bbrier
INFO  [16:57:51.926] [bbotk]     2632 0.9138306 0.006427331 <list[8]>              FALSE     0.02326518
INFO  [16:57:51.926] [bbotk]  warnings errors runtime_learners                                uhash
INFO  [16:57:51.926] [bbotk]         0      0          109.024 b2d1a6cd-420d-4980-8bd1-675018494038
INFO  [16:57:58.721] [bbotk] Evaluating 1 configuration(s)
INFO  [17:00:52.332] [bbotk] Result of batch 35:
INFO  [17:00:52.353] [bbotk]      alpha colsample_bylevel colsample_bytree       eta    lambda max_depth
INFO  [17:00:52.353] [bbotk]  -6.752304         0.3815216         0.832015 -1.635017 -5.952143        12
INFO  [17:00:52.353] [bbotk]  nrounds subsample      acq_ei  x_domain .already_evaluated classif.bbrier
INFO  [17:00:52.353] [bbotk]     2113  0.628959 0.005650241 <list[8]>              FALSE     0.02572704
INFO  [17:00:52.353] [bbotk]  warnings errors runtime_learners                                uhash
INFO  [17:00:52.353] [bbotk]         0      0          173.238 2a418da0-475a-41f4-ae03-29bd9088e6ac
INFO  [17:00:57.968] [bbotk] Evaluating 1 configuration(s)
INFO  [17:13:40.169] [bbotk] Result of batch 36:
INFO  [17:13:40.185] [bbotk]      alpha colsample_bylevel colsample_bytree       eta    lambda max_depth
INFO  [17:13:40.185] [bbotk]  -4.906487         0.9688754        0.7089316 -4.840451 -5.805196        13
INFO  [17:13:40.185] [bbotk]  nrounds subsample      acq_ei  x_domain .already_evaluated classif.bbrier
INFO  [17:13:40.185] [bbotk]     4870  0.450668 0.005654924 <list[8]>              FALSE     0.02330596
INFO  [17:13:40.185] [bbotk]  warnings errors runtime_learners                                uhash
INFO  [17:13:40.185] [bbotk]         0      0          761.942 05fe2496-cf21-48b9-8555-a2dd994b74a6
INFO  [17:13:46.502] [bbotk] Evaluating 1 configuration(s)
INFO  [17:19:31.895] [bbotk] Result of batch 37:
INFO  [17:19:31.919] [bbotk]      alpha colsample_bylevel colsample_bytree       eta    lambda max_depth
INFO  [17:19:31.919] [bbotk]  -6.204669         0.5706945        0.3964326 -4.306134 -5.459005        13
INFO  [17:19:31.919] [bbotk]  nrounds subsample      acq_ei  x_domain .already_evaluated classif.bbrier
INFO  [17:19:31.919] [bbotk]     4786 0.7338517 0.005297492 <list[8]>              FALSE     0.02255729
INFO  [17:19:31.919] [bbotk]  warnings errors runtime_learners                                uhash
INFO  [17:19:31.919] [bbotk]         0      0          345.108 2a49cc91-148b-4bb1-ab88-e3f2d2abe3a8
INFO  [17:19:37.880] [bbotk] Evaluating 1 configuration(s)
INFO  [17:27:23.623] [bbotk] Result of batch 38:
INFO  [17:27:23.643] [bbotk]       alpha colsample_bylevel colsample_bytree       eta    lambda max_depth
INFO  [17:27:23.643] [bbotk]  -0.7679797         0.9055696        0.6345047 -4.852715 -5.871774        13
INFO  [17:27:23.643] [bbotk]  nrounds subsample      acq_ei  x_domain .already_evaluated classif.bbrier
INFO  [17:27:23.643] [bbotk]     3051 0.5470286 0.005027458 <list[8]>              FALSE     0.02331562
INFO  [17:27:23.643] [bbotk]  warnings errors runtime_learners                                uhash
INFO  [17:27:23.643] [bbotk]         0      0          465.415 555112ec-7921-4f6f-8a42-ae17b51c6f64
INFO  [17:27:29.221] [bbotk] Evaluating 1 configuration(s)
INFO  [17:30:07.970] [bbotk] Result of batch 39:
INFO  [17:30:07.980] [bbotk]      alpha colsample_bylevel colsample_bytree      eta    lambda max_depth
INFO  [17:30:07.980] [bbotk]  0.5049169         0.6951215         0.808072 -2.88416 -6.316759        17
INFO  [17:30:07.980] [bbotk]  nrounds subsample      acq_ei  x_domain .already_evaluated classif.bbrier
INFO  [17:30:07.980] [bbotk]     1356 0.5119975 0.005026416 <list[8]>              FALSE     0.02441977
INFO  [17:30:07.980] [bbotk]  warnings errors runtime_learners                                uhash
INFO  [17:30:07.980] [bbotk]         0      0            158.5 7e58620f-7f9c-4909-b8c4-11b339e0b679
INFO  [17:30:15.832] [bbotk] Evaluating 1 configuration(s)
INFO  [17:41:06.858] [bbotk] Result of batch 40:
INFO  [17:41:06.869] [bbotk]      alpha colsample_bylevel colsample_bytree       eta    lambda max_depth
INFO  [17:41:06.869] [bbotk]  -5.268826         0.7891953        0.5523463 -4.872781 -2.448623        12
INFO  [17:41:06.869] [bbotk]  nrounds subsample      acq_ei  x_domain .already_evaluated classif.bbrier
INFO  [17:41:06.869] [bbotk]     4640 0.9520361 0.004831392 <list[8]>              FALSE     0.02284436
INFO  [17:41:06.869] [bbotk]  warnings errors runtime_learners                                uhash
INFO  [17:41:06.869] [bbotk]         0      0           650.74 85af148b-ad23-4b40-bde6-b43a316f2d7e
INFO  [17:41:13.604] [bbotk] Evaluating 1 configuration(s)
INFO  [17:43:11.493] [bbotk] Result of batch 41:
INFO  [17:43:11.503] [bbotk]      alpha colsample_bylevel colsample_bytree       eta   lambda max_depth
INFO  [17:43:11.503] [bbotk]  0.0298625         0.6170465        0.1673312 -1.160681 5.149882        16
INFO  [17:43:11.503] [bbotk]  nrounds subsample      acq_ei  x_domain .already_evaluated classif.bbrier
INFO  [17:43:11.503] [bbotk]     4271  0.847999 0.004899993 <list[8]>              FALSE     0.02771168
INFO  [17:43:11.503] [bbotk]  warnings errors runtime_learners                                uhash
INFO  [17:43:11.503] [bbotk]         0      0          117.601 f66e398e-30fa-4e44-8c73-8e759ab6f67d
INFO  [17:43:17.430] [bbotk] Evaluating 1 configuration(s)
INFO  [17:43:55.071] [bbotk] Result of batch 42:
INFO  [17:43:55.095] [bbotk]      alpha colsample_bylevel colsample_bytree        eta   lambda max_depth
INFO  [17:43:55.095] [bbotk]  -6.067508          0.643747        0.1021985 -0.2855951 3.297237        12
INFO  [17:43:55.095] [bbotk]  nrounds subsample      acq_ei  x_domain .already_evaluated classif.bbrier
INFO  [17:43:55.095] [bbotk]     1940  0.661197 0.004171568 <list[8]>              FALSE     0.02728577
INFO  [17:43:55.095] [bbotk]  warnings errors runtime_learners                                uhash
INFO  [17:43:55.095] [bbotk]         0      0           37.308 684d9ed8-ff15-4289-9cfe-bb7743027515
INFO  [17:44:02.107] [bbotk] Evaluating 1 configuration(s)
INFO  [17:57:11.351] [bbotk] Result of batch 43:
INFO  [17:57:11.361] [bbotk]      alpha colsample_bylevel colsample_bytree       eta    lambda max_depth
INFO  [17:57:11.361] [bbotk]  -2.688604         0.7727034          0.93797 -5.476999 -1.913633        16
INFO  [17:57:11.361] [bbotk]  nrounds subsample      acq_ei  x_domain .already_evaluated classif.bbrier
INFO  [17:57:11.361] [bbotk]     3954 0.5351839 0.004680222 <list[8]>              FALSE      0.0234686
INFO  [17:57:11.361] [bbotk]  warnings errors runtime_learners                                uhash
INFO  [17:57:11.361] [bbotk]         0      0          788.853 ddfba612-1fdd-4f4c-998e-989a4bd3a706
INFO  [17:57:18.731] [bbotk] Evaluating 1 configuration(s)
INFO  [18:05:01.090] [bbotk] Result of batch 44:
INFO  [18:05:01.101] [bbotk]      alpha colsample_bylevel colsample_bytree       eta    lambda max_depth
INFO  [18:05:01.101] [bbotk]  -4.058371         0.9337447        0.4790694 -4.656124 -6.068868         8
INFO  [18:05:01.101] [bbotk]  nrounds subsample      acq_ei  x_domain .already_evaluated classif.bbrier
INFO  [18:05:01.101] [bbotk]     4079 0.8083873 0.004044381 <list[8]>              FALSE     0.02277404
INFO  [18:05:01.101] [bbotk]  warnings errors runtime_learners                                uhash
INFO  [18:05:01.101] [bbotk]         0      0          461.893 0da14808-b089-4f8e-bdd4-4f84ef9fdc3f
INFO  [18:05:07.338] [bbotk] Evaluating 1 configuration(s)
INFO  [18:07:33.291] [bbotk] Result of batch 45:
INFO  [18:07:33.315] [bbotk]      alpha colsample_bylevel colsample_bytree      eta    lambda max_depth
INFO  [18:07:33.315] [bbotk]  -4.097605          0.501412        0.5163334 -2.46466 -6.435732        13
INFO  [18:07:33.315] [bbotk]  nrounds subsample      acq_ei  x_domain .already_evaluated classif.bbrier
INFO  [18:07:33.315] [bbotk]     2042  0.640057 0.003836424 <list[8]>              FALSE      0.0241423
INFO  [18:07:33.315] [bbotk]  warnings errors runtime_learners                                uhash
INFO  [18:07:33.315] [bbotk]         0      0           145.65 0bd5d674-67d0-4272-88ee-33d3e389f262
INFO  [18:07:39.688] [bbotk] Evaluating 1 configuration(s)
INFO  [18:07:49.026] [bbotk] Result of batch 46:
INFO  [18:07:49.036] [bbotk]      alpha colsample_bylevel colsample_bytree       eta    lambda max_depth
INFO  [18:07:49.036] [bbotk]  0.2967109         0.4167246        0.5147963 -2.693809 0.6602245        11
INFO  [18:07:49.036] [bbotk]  nrounds subsample      acq_ei  x_domain .already_evaluated classif.bbrier
INFO  [18:07:49.036] [bbotk]       92 0.5453124 0.004107354 <list[8]>              FALSE     0.03428504
INFO  [18:07:49.036] [bbotk]  warnings errors runtime_learners                                uhash
INFO  [18:07:49.036] [bbotk]         0      0            9.021 727ae8b1-b8e5-4030-80b6-1a9bfdf16e5d
INFO  [18:07:56.550] [bbotk] Evaluating 1 configuration(s)
INFO  [18:14:56.126] [bbotk] Result of batch 47:
INFO  [18:14:56.149] [bbotk]      alpha colsample_bylevel colsample_bytree       eta    lambda max_depth
INFO  [18:14:56.149] [bbotk]  -6.643585         0.9868771        0.5909014 -1.066291 -5.558137        16
INFO  [18:14:56.149] [bbotk]  nrounds subsample      acq_ei  x_domain .already_evaluated classif.bbrier
INFO  [18:14:56.149] [bbotk]     2981 0.9963846 0.004209043 <list[8]>              FALSE     0.02445753
INFO  [18:14:56.149] [bbotk]  warnings errors runtime_learners                                uhash
INFO  [18:14:56.149] [bbotk]         0      0           419.17 3d41a1d5-9c4c-43f9-9ce3-6ee0c77d553e
INFO  [18:15:02.305] [bbotk] Evaluating 1 configuration(s)
INFO  [18:18:45.926] [bbotk] Result of batch 48:
INFO  [18:18:45.947] [bbotk]      alpha colsample_bylevel colsample_bytree       eta   lambda max_depth
INFO  [18:18:45.947] [bbotk]  -5.304782         0.9895996        0.2779863 -1.454738 1.167188        19
INFO  [18:18:45.947] [bbotk]  nrounds subsample      acq_ei  x_domain .already_evaluated classif.bbrier
INFO  [18:18:45.947] [bbotk]     3794 0.7435589 0.003831106 <list[8]>              FALSE     0.02483379
INFO  [18:18:45.947] [bbotk]  warnings errors runtime_learners                                uhash
INFO  [18:18:45.947] [bbotk]         0      0          223.145 221eb52b-41c6-44d4-a828-51b71995c0ee
INFO  [18:18:53.738] [bbotk] Evaluating 1 configuration(s)
INFO  [18:31:08.998] [bbotk] Result of batch 49:
INFO  [18:31:09.009] [bbotk]     alpha colsample_bylevel colsample_bytree       eta    lambda max_depth
INFO  [18:31:09.009] [bbotk]  1.553053         0.9345231        0.9866796 -5.086738 -4.688664        16
INFO  [18:31:09.009] [bbotk]  nrounds subsample      acq_ei  x_domain .already_evaluated classif.bbrier
INFO  [18:31:09.009] [bbotk]     3317 0.9933089 0.003980286 <list[8]>              FALSE     0.02878151
INFO  [18:31:09.009] [bbotk]  warnings errors runtime_learners                                uhash
INFO  [18:31:09.009] [bbotk]         0      0          734.831 1dc5cb8b-4cb8-4136-b991-852d2d98a4d1
INFO  [18:31:16.114] [bbotk] Evaluating 1 configuration(s)
INFO  [18:38:31.940] [bbotk] Result of batch 50:
INFO  [18:38:31.975] [bbotk]     alpha colsample_bylevel colsample_bytree      eta   lambda max_depth
INFO  [18:38:31.975] [bbotk]  -4.42896         0.7438923        0.3282916 -5.29761 -5.51941        12
INFO  [18:38:31.975] [bbotk]  nrounds subsample      acq_ei  x_domain .already_evaluated classif.bbrier
INFO  [18:38:31.975] [bbotk]     4757 0.7027575 0.004129044 <list[8]>              FALSE     0.02226292
INFO  [18:38:31.975] [bbotk]  warnings errors runtime_learners                                uhash
INFO  [18:38:31.975] [bbotk]         0      0          435.471 7b2fa718-a7ad-49d1-b9d4-27881df0ab1f
INFO  [18:38:39.220] [bbotk] Evaluating 1 configuration(s)
INFO  [18:41:24.208] [bbotk] Result of batch 51:
INFO  [18:41:24.218] [bbotk]      alpha colsample_bylevel colsample_bytree       eta   lambda max_depth
INFO  [18:41:24.218] [bbotk]  -6.400424         0.7492946        0.4994955 -1.111665 -3.11145        11
INFO  [18:41:24.218] [bbotk]  nrounds subsample      acq_ei  x_domain .already_evaluated classif.bbrier
INFO  [18:41:24.218] [bbotk]     1893 0.5556925 0.003969605 <list[8]>              FALSE     0.02855014
INFO  [18:41:24.218] [bbotk]  warnings errors runtime_learners                                uhash
INFO  [18:41:24.218] [bbotk]         0      0          164.631 24f471c2-bfbb-4e30-abaa-43fbef39debf
INFO  [18:41:31.022] [bbotk] Evaluating 1 configuration(s)
INFO  [18:41:52.382] [bbotk] Result of batch 52:
INFO  [18:41:52.404] [bbotk]      alpha colsample_bylevel colsample_bytree       eta   lambda max_depth
INFO  [18:41:52.404] [bbotk]  -6.867623         0.1709793        0.1415689 -1.116828 6.341009        18
INFO  [18:41:52.404] [bbotk]  nrounds subsample      acq_ei  x_domain .already_evaluated classif.bbrier
INFO  [18:41:52.404] [bbotk]     1633 0.1944171 0.004411901 <list[8]>              FALSE     0.05039144
INFO  [18:41:52.404] [bbotk]  warnings errors runtime_learners                                uhash
INFO  [18:41:52.404] [bbotk]         0      0           20.934 9c9ae05b-3e6e-445f-90b9-41c2bc3feabb
INFO  [18:41:59.641] [bbotk] Evaluating 1 configuration(s)
INFO  [18:43:16.612] [bbotk] Result of batch 53:
INFO  [18:43:16.623] [bbotk]      alpha colsample_bylevel colsample_bytree       eta    lambda max_depth
INFO  [18:43:16.623] [bbotk]  -4.397074         0.4324364        0.1650182 -1.664537 -5.213429         7
INFO  [18:43:16.623] [bbotk]  nrounds subsample      acq_ei  x_domain .already_evaluated classif.bbrier
INFO  [18:43:16.623] [bbotk]     2871 0.8932323 0.004162502 <list[8]>              FALSE     0.02396811
INFO  [18:43:16.623] [bbotk]  warnings errors runtime_learners                                uhash
INFO  [18:43:16.623] [bbotk]         0      0            76.57 38cce82f-e394-4631-b789-4838e81dd949
INFO  [18:43:22.825] [bbotk] Evaluating 1 configuration(s)
INFO  [18:49:57.840] [bbotk] Result of batch 54:
INFO  [18:49:57.850] [bbotk]      alpha colsample_bylevel colsample_bytree       eta    lambda max_depth
INFO  [18:49:57.850] [bbotk]  -5.984397         0.4181071        0.9903263 -1.246152 -5.806708         7
INFO  [18:49:57.850] [bbotk]  nrounds subsample      acq_ei  x_domain .already_evaluated classif.bbrier
INFO  [18:49:57.850] [bbotk]     4097 0.9390118 0.004142868 <list[8]>              FALSE     0.02654437
INFO  [18:49:57.850] [bbotk]  warnings errors runtime_learners                                uhash
INFO  [18:49:57.850] [bbotk]         0      0          394.666 2d04e058-bb4d-4879-860b-8fbeabc5b0eb
INFO  [18:50:04.292] [bbotk] Evaluating 1 configuration(s)
INFO  [18:56:24.635] [bbotk] Result of batch 55:
INFO  [18:56:24.659] [bbotk]      alpha colsample_bylevel colsample_bytree        eta   lambda max_depth
INFO  [18:56:24.659] [bbotk]  0.1849172         0.7173591        0.9867326 -0.2315904 -1.43142        12
INFO  [18:56:24.659] [bbotk]  nrounds subsample      acq_ei  x_domain .already_evaluated classif.bbrier
INFO  [18:56:24.659] [bbotk]     3240 0.7079838 0.003986508 <list[8]>              FALSE     0.02811416
INFO  [18:56:24.659] [bbotk]  warnings errors runtime_learners                                uhash
INFO  [18:56:24.659] [bbotk]         0      0          379.979 4609818d-abd7-44c8-ac47-34ec08ff9257
INFO  [18:56:30.431] [bbotk] Evaluating 1 configuration(s)
INFO  [18:57:59.032] [bbotk] Result of batch 56:
INFO  [18:57:59.056] [bbotk]      alpha colsample_bylevel colsample_bytree        eta   lambda max_depth
INFO  [18:57:59.056] [bbotk]  -4.915511         0.8732856        0.1367261 -0.5235248 5.840592        14
INFO  [18:57:59.056] [bbotk]  nrounds subsample    acq_ei  x_domain .already_evaluated classif.bbrier
INFO  [18:57:59.056] [bbotk]     3672 0.3279849 0.0038339 <list[8]>              FALSE     0.03154646
INFO  [18:57:59.056] [bbotk]  warnings errors runtime_learners                                uhash
INFO  [18:57:59.056] [bbotk]         0      0           88.243 42deb780-aff0-440a-805a-29fe535a88e2
INFO  [18:58:05.792] [bbotk] Evaluating 1 configuration(s)
INFO  [18:59:51.984] [bbotk] Result of batch 57:
INFO  [18:59:51.995] [bbotk]      alpha colsample_bylevel colsample_bytree       eta    lambda max_depth
INFO  [18:59:51.995] [bbotk]  -4.055373          0.985002        0.9749342 -1.539508 -5.646535        16
INFO  [18:59:51.995] [bbotk]  nrounds subsample      acq_ei  x_domain .already_evaluated classif.bbrier
INFO  [18:59:51.995] [bbotk]     1062 0.1611269 0.003728837 <list[8]>              FALSE     0.02890173
INFO  [18:59:51.995] [bbotk]  warnings errors runtime_learners                                uhash
INFO  [18:59:51.995] [bbotk]         0      0          105.878 34d6912b-ce6b-4d70-a51c-96d0f102b976
INFO  [18:59:58.455] [bbotk] Evaluating 1 configuration(s)
INFO  [19:02:39.645] [bbotk] Result of batch 58:
INFO  [19:02:39.655] [bbotk]       alpha colsample_bylevel colsample_bytree         eta   lambda max_depth
INFO  [19:02:39.655] [bbotk]  -0.3349354         0.1607737         0.828435 -0.03735714 6.000042         7
INFO  [19:02:39.655] [bbotk]  nrounds subsample      acq_ei  x_domain .already_evaluated classif.bbrier
INFO  [19:02:39.655] [bbotk]     4225 0.9578057 0.003583144 <list[8]>              FALSE     0.02396151
INFO  [19:02:39.655] [bbotk]  warnings errors runtime_learners                                uhash
INFO  [19:02:39.655] [bbotk]         0      0           160.86 03ff6bdf-615f-4dd0-86fa-c15e2502034c
WARN  [19:02:40.916] [mlr3] train: Stopped because hard maximum generation limit was hit.
INFO  [19:02:45.366] [bbotk] Evaluating 1 configuration(s)
INFO  [19:09:25.517] [bbotk] Result of batch 59:
INFO  [19:09:25.527] [bbotk]      alpha colsample_bylevel colsample_bytree        eta   lambda max_depth
INFO  [19:09:25.527] [bbotk]  0.4735167         0.5200169        0.9101957 -0.1711303 5.534364        20
INFO  [19:09:25.527] [bbotk]  nrounds subsample      acq_ei  x_domain .already_evaluated classif.bbrier
INFO  [19:09:25.527] [bbotk]     3956 0.9064904 0.003562075 <list[8]>              FALSE     0.02323926
INFO  [19:09:25.527] [bbotk]  warnings errors runtime_learners                                uhash
INFO  [19:09:25.527] [bbotk]         0      0          399.781 8d3b3a4e-cc18-4cc5-8fe0-80754587d943
INFO  [19:09:34.523] [bbotk] Evaluating 1 configuration(s)
INFO  [19:13:45.152] [bbotk] Result of batch 60:
INFO  [19:13:45.161] [bbotk]        alpha colsample_bylevel colsample_bytree        eta   lambda max_depth
INFO  [19:13:45.161] [bbotk]  -0.09218687         0.4100544        0.8741306 -0.2184184 6.461061        12
INFO  [19:13:45.161] [bbotk]  nrounds subsample      acq_ei  x_domain .already_evaluated classif.bbrier
INFO  [19:13:45.161] [bbotk]     2667 0.8502091 0.003512478 <list[8]>              FALSE     0.02440045
INFO  [19:13:45.161] [bbotk]  warnings errors runtime_learners                                uhash
INFO  [19:13:45.161] [bbotk]         0      0          250.175 21d571cc-271a-4e45-84c1-0516e4197cae
WARN  [19:13:48.006] [mlr3] train: Stopped because hard maximum generation limit was hit.
INFO  [19:13:54.113] [bbotk] Evaluating 1 configuration(s)
INFO  [19:15:50.989] [bbotk] Result of batch 61:
INFO  [19:15:51.000] [bbotk]      alpha colsample_bylevel colsample_bytree        eta   lambda max_depth
INFO  [19:15:51.000] [bbotk]  -5.581757         0.9895344        0.1484901 -0.2832696 5.077815        11
INFO  [19:15:51.000] [bbotk]  nrounds subsample      acq_ei  x_domain .already_evaluated classif.bbrier
INFO  [19:15:51.000] [bbotk]     3012 0.9789858 0.003198437 <list[8]>              FALSE     0.02420984
INFO  [19:15:51.000] [bbotk]  warnings errors runtime_learners                                uhash
INFO  [19:15:51.000] [bbotk]         0      0           116.58 e7759c7f-7bc1-4201-9dfc-6e6f44dd0258
INFO  [19:15:58.696] [bbotk] Evaluating 1 configuration(s)
INFO  [19:17:39.535] [bbotk] Result of batch 62:
INFO  [19:17:39.578] [bbotk]      alpha colsample_bylevel colsample_bytree         eta   lambda max_depth
INFO  [19:17:39.578] [bbotk]  -1.478951         0.4261972         0.243671 -0.07267899 3.781753         8
INFO  [19:17:39.578] [bbotk]  nrounds subsample      acq_ei  x_domain .already_evaluated classif.bbrier
INFO  [19:17:39.578] [bbotk]     3525 0.9728298 0.003427378 <list[8]>              FALSE     0.02412348
INFO  [19:17:39.578] [bbotk]  warnings errors runtime_learners                                uhash
INFO  [19:17:39.578] [bbotk]         0      0          100.365 8ebc7cc5-cacb-42d1-8fb5-aa833d979177
INFO  [19:17:47.338] [bbotk] Evaluating 1 configuration(s)
INFO  [19:19:00.181] [bbotk] Result of batch 63:
INFO  [19:19:00.191] [bbotk]      alpha colsample_bylevel colsample_bytree        eta    lambda max_depth
INFO  [19:19:00.191] [bbotk]  0.9481785         0.1132153        0.8497633 -0.1918514 -6.851514         5
INFO  [19:19:00.191] [bbotk]  nrounds subsample      acq_ei  x_domain .already_evaluated classif.bbrier
INFO  [19:19:00.191] [bbotk]     3314 0.8294049 0.003325015 <list[8]>              FALSE      0.0251505
INFO  [19:19:00.191] [bbotk]  warnings errors runtime_learners                                uhash
INFO  [19:19:00.191] [bbotk]         0      0           72.468 385441f9-26e4-46a4-a660-944153ceb9e0
WARN  [19:19:03.341] [mlr3] train: Stopped because hard maximum generation limit was hit.
INFO  [19:19:08.748] [bbotk] Evaluating 1 configuration(s)
INFO  [19:23:08.531] [bbotk] Result of batch 64:
INFO  [19:23:08.543] [bbotk]      alpha colsample_bylevel colsample_bytree       eta    lambda max_depth
INFO  [19:23:08.543] [bbotk]  -2.054118         0.9060717         0.620837 -1.501821 -5.844959        13
INFO  [19:23:08.543] [bbotk]  nrounds subsample      acq_ei  x_domain .already_evaluated classif.bbrier
INFO  [19:23:08.543] [bbotk]     1692 0.9117861 0.003047375 <list[8]>              FALSE     0.02431386
INFO  [19:23:08.543] [bbotk]  warnings errors runtime_learners                                uhash
INFO  [19:23:08.543] [bbotk]         0      0          239.446 7a378559-32ff-4b9f-a299-3038a81610e4
WARN  [19:23:12.693] [mlr3] train: Stopped because hard maximum generation limit was hit.
INFO  [19:23:17.022] [bbotk] Evaluating 1 configuration(s)
INFO  [19:24:55.129] [bbotk] Result of batch 65:
INFO  [19:24:55.139] [bbotk]      alpha colsample_bylevel colsample_bytree         eta  lambda max_depth
INFO  [19:24:55.139] [bbotk]  0.7354326         0.2268659        0.6793486 -0.05269928 1.18189        19
INFO  [19:24:55.139] [bbotk]  nrounds subsample      acq_ei  x_domain .already_evaluated classif.bbrier
INFO  [19:24:55.139] [bbotk]     2755 0.7133225 0.003434188 <list[8]>              FALSE     0.02469606
INFO  [19:24:55.139] [bbotk]  warnings errors runtime_learners                                uhash
INFO  [19:24:55.139] [bbotk]         0      0           97.677 a1aef91e-5d56-4fba-8a28-2c8048a6b12b
INFO  [19:25:02.143] [bbotk] Evaluating 1 configuration(s)
INFO  [19:27:34.742] [bbotk] Result of batch 66:
INFO  [19:27:34.753] [bbotk]     alpha colsample_bylevel colsample_bytree        eta   lambda max_depth
INFO  [19:27:34.753] [bbotk]  1.140288         0.2166418        0.9361985 -0.2329957 4.975374         8
INFO  [19:27:34.753] [bbotk]  nrounds subsample      acq_ei  x_domain .already_evaluated classif.bbrier
INFO  [19:27:34.753] [bbotk]     3459 0.6824724 0.003762618 <list[8]>              FALSE      0.0259563
INFO  [19:27:34.753] [bbotk]  warnings errors runtime_learners                                uhash
INFO  [19:27:34.753] [bbotk]         0      0          152.237 71600f10-bea5-4150-b2df-bcada90e6c36
INFO  [19:27:41.834] [bbotk] Evaluating 1 configuration(s)
INFO  [19:29:13.214] [bbotk] Result of batch 67:
INFO  [19:29:13.227] [bbotk]      alpha colsample_bylevel colsample_bytree        eta   lambda max_depth
INFO  [19:29:13.227] [bbotk]  -5.625372         0.2334502        0.3183409 -0.1329398 1.806826         5
INFO  [19:29:13.227] [bbotk]  nrounds subsample      acq_ei  x_domain .already_evaluated classif.bbrier
INFO  [19:29:13.227] [bbotk]     3931 0.9564902 0.004056448 <list[8]>              FALSE     0.02559223
INFO  [19:29:13.227] [bbotk]  warnings errors runtime_learners                                uhash
INFO  [19:29:13.227] [bbotk]         0      0           91.029 bcd069e6-5cb6-441e-8cec-2831e3459309
INFO  [19:29:21.295] [bbotk] Evaluating 1 configuration(s)
INFO  [19:33:15.433] [bbotk] Result of batch 68:
INFO  [19:33:15.443] [bbotk]     alpha colsample_bylevel colsample_bytree      eta   lambda max_depth
INFO  [19:33:15.443] [bbotk]  -2.87469         0.6198346        0.7076724 -2.02694 -5.57173         8
INFO  [19:33:15.443] [bbotk]  nrounds subsample      acq_ei  x_domain .already_evaluated classif.bbrier
INFO  [19:33:15.443] [bbotk]     2310 0.5440771 0.002584535 <list[8]>              FALSE     0.02487318
INFO  [19:33:15.443] [bbotk]  warnings errors runtime_learners                                uhash
INFO  [19:33:15.443] [bbotk]         0      0          233.819 293f551e-e842-469c-b93e-a492b842f74d
INFO  [19:33:22.542] [bbotk] Evaluating 1 configuration(s)
INFO  [19:39:00.260] [bbotk] Result of batch 69:
INFO  [19:39:00.273] [bbotk]      alpha colsample_bylevel colsample_bytree       eta    lambda max_depth
INFO  [19:39:00.273] [bbotk]  -6.875238         0.5638355        0.8842907 -1.681895 -5.941266        16
INFO  [19:39:00.273] [bbotk]  nrounds subsample      acq_ei  x_domain .already_evaluated classif.bbrier
INFO  [19:39:00.273] [bbotk]     3380  0.438419 0.003687502 <list[8]>              FALSE     0.02887068
INFO  [19:39:00.273] [bbotk]  warnings errors runtime_learners                                uhash
INFO  [19:39:00.273] [bbotk]         0      0          337.294 be422020-caca-4ec6-8dc2-48f8d257abde
INFO  [19:39:02.094] [bbotk] Finished optimizing after 100 evaluation(s)
INFO  [19:39:02.118] [bbotk] Result:
INFO  [19:39:02.126] [bbotk]      alpha colsample_bylevel colsample_bytree      eta    lambda max_depth
INFO  [19:39:02.126] [bbotk]      <num>             <num>            <num>    <num>     <num>     <int>
INFO  [19:39:02.126] [bbotk]  -4.687999         0.5153582        0.3023609 -4.24285 -4.119683        14
INFO  [19:39:02.126] [bbotk]  nrounds subsample learner_param_vals  x_domain classif.bbrier
INFO  [19:39:02.126] [bbotk]    <int>     <num>             <list>    <list>          <num>
INFO  [19:39:02.126] [bbotk]     3691 0.8623251         <list[10]> <list[8]>     0.02213708
Warning: glm.fit: fitted probabilities numerically 0 or 1 occurred
This happened PipeOp classif.xgboost's $train()
[1] -22.22533
[1] 73.99267
Warning: glm.fit: fitted probabilities numerically 0 or 1 occurred
This happened PipeOp classif.xgboost's $train()
[1] -26.99491
[1] 36.25204
Warning: glm.fit: fitted probabilities numerically 0 or 1 occurred
This happened PipeOp classif.xgboost's $train()
[1] -33.75232
[1] 30.88223
Warning: glm.fit: fitted probabilities numerically 0 or 1 occurred
This happened PipeOp classif.xgboost's $train()
[1] -29.37856
[1] 47.46634
Warning: glm.fit: fitted probabilities numerically 0 or 1 occurred
This happened PipeOp classif.xgboost's $train()
[1] -28.44874
[1] 40.95545

### [bt]: Job terminated successfully [batchtools job.id=2830]
### [bt]: Calculation finished!
