### [bt]: This is batchtools v0.9.17
### [bt]: Starting calculation of 1 jobs
### [bt]: Setting working directory to '/content/drive/MyDrive/GitHub/Mater_Thesis_Calibration'
ece.R :
Friedmann_tasks.R :
Functions.R :
ici.R :
mse_feature_effects.R :
PipeOpCalibration_TuningExperiment.R :
PipeOpCalibration.R :
PipeOpCalibrationUnion.R :
### [bt]: Memory measurement disabled
### [bt]: Starting job [batchtools job.id=2653]
### [bt]: Generating problem instance for problem '0ecb79b078d7aa0a' ...
### [bt]: Applying algorithm 'run_learner' on problem '0ecb79b078d7aa0a' for job 2653 (seed = 2776) ...
INFO  [12:10:56.414] [mlr3] Applying learner 'ranger TbC isotonic' on task 'PhishingWebsites' (iter 3/10)
INFO  [12:10:56.862] [bbotk] Starting to optimize 4 parameter(s) with '<OptimizerMbo>' and '<TerminatorEvals> [n_evals=100, k=0]'
INFO  [12:10:57.694] [bbotk] Evaluating 16 configuration(s)
INFO  [12:19:55.355] [bbotk] Result of batch 1:
INFO  [12:19:55.362] [bbotk]  mtry.ratio num.trees replace sample.fraction classif.bbrier warnings errors
INFO  [12:19:55.362] [bbotk]  0.72447968      1649    TRUE       0.2884086     0.03538226        0      0
INFO  [12:19:55.362] [bbotk]  0.22447966       649   FALSE       0.7384086     0.02930880        0      0
INFO  [12:19:55.362] [bbotk]  0.47447965      1149    TRUE       0.5134086     0.03126519        0      0
INFO  [12:19:55.362] [bbotk]  0.97447968       149   FALSE       0.9634086     0.03265912        0      0
INFO  [12:19:55.362] [bbotk]  0.09947965      1899   FALSE       0.6259086     0.04243730        0      0
INFO  [12:19:55.362] [bbotk]  0.59947968       899    TRUE       0.1759086     0.03908726        0      0
INFO  [12:19:55.362] [bbotk]  0.84947968      1399   FALSE       0.8509086     0.02834963        0      0
INFO  [12:19:55.362] [bbotk]  0.34947965       399    TRUE       0.4009086     0.03354370        0      0
INFO  [12:19:55.362] [bbotk]  0.53697968      1024   FALSE       0.3446586     0.03342485        0      0
INFO  [12:19:55.362] [bbotk]  0.03697966        24    TRUE       0.7946586     0.06154057        0      0
INFO  [12:19:55.362] [bbotk]  0.28697965      1524   FALSE       0.1196586     0.04418988        0      0
INFO  [12:19:55.362] [bbotk]  0.78697968       524    TRUE       0.5696586     0.03072593        0      0
INFO  [12:19:55.362] [bbotk]  0.91197968      1774    TRUE       0.6821586     0.02973779        0      0
INFO  [12:19:55.362] [bbotk]  0.41197965       774   FALSE       0.2321586     0.03691682        0      0
INFO  [12:19:55.362] [bbotk]  0.66197968       274   FALSE       0.4571586     0.03132461        0      0
INFO  [12:19:55.362] [bbotk]  0.16197966      1274    TRUE       0.9071586     0.03187761        0      0
INFO  [12:19:55.362] [bbotk]  runtime_learners                                uhash
INFO  [12:19:55.362] [bbotk]            52.143 5aa8a34c-94d5-430e-ba1b-7c15b8d28758
INFO  [12:19:55.362] [bbotk]            25.315 75c94184-52d2-406b-9866-c36e687ab9d8
INFO  [12:19:55.362] [bbotk]            46.457 f54537ac-f190-49ad-b8d2-1f8cff66ebfe
INFO  [12:19:55.362] [bbotk]            11.347 794c0c27-c6b0-47a9-9f86-7dd2f7ab2abb
INFO  [12:19:55.362] [bbotk]            56.030 3ccdfbfa-29a8-4ec7-960e-71f0a5dcf1b2
INFO  [12:19:55.362] [bbotk]            20.808 09ab2cbe-1b18-412d-8a12-4b15645a23d6
INFO  [12:19:55.362] [bbotk]            77.249 6399765d-50dc-4d23-b465-258fd48a0426
INFO  [12:19:55.362] [bbotk]            10.476 f68e98c0-3c2f-4ebb-b8e3-c55646896b36
INFO  [12:19:55.362] [bbotk]            26.653 48fb968f-61b5-434a-9e02-50ff6ea3b6be
INFO  [12:19:55.362] [bbotk]             1.903 98cea9bf-d8f2-4d80-a698-5fdcbceb9fbe
INFO  [12:19:55.362] [bbotk]            28.473 32295c86-c682-40fa-8079-4a5554c21c95
INFO  [12:19:55.362] [bbotk]            21.800 0fe5d33b-f7a4-45fb-be2d-e6e84e0d74c2
INFO  [12:19:55.362] [bbotk]            86.550 e414b5a7-0754-48ea-8321-7f6a3552fb94
INFO  [12:19:55.362] [bbotk]            16.608 a3ed68d6-9445-470d-9025-967f087e3b81
INFO  [12:19:55.362] [bbotk]             8.887 d44ee051-acfb-4757-a0a1-1d47f887dfd8
INFO  [12:19:55.362] [bbotk]            42.062 3eff05ea-73c1-4a20-b816-12ebf91c7290
INFO  [12:19:58.757] [bbotk] Evaluating 1 configuration(s)
INFO  [12:20:07.602] [bbotk] Result of batch 2:
INFO  [12:20:07.610] [bbotk]  mtry.ratio num.trees replace sample.fraction      acq_ei  x_domain
INFO  [12:20:07.610] [bbotk]   0.8086985       133    TRUE       0.8574431 0.001310823 <list[4]>
INFO  [12:20:07.610] [bbotk]  .already_evaluated classif.bbrier warnings errors runtime_learners
INFO  [12:20:07.610] [bbotk]               FALSE     0.02839904        0      0            8.511
INFO  [12:20:07.610] [bbotk]                                 uhash
INFO  [12:20:07.610] [bbotk]  47bb8c72-ee93-4684-a545-4272b676b759
INFO  [12:20:10.749] [bbotk] Evaluating 1 configuration(s)
INFO  [12:20:13.054] [bbotk] Result of batch 3:
INFO  [12:20:13.074] [bbotk]   mtry.ratio num.trees replace sample.fraction     acq_ei  x_domain
INFO  [12:20:13.074] [bbotk]  0.001773624        19    TRUE       0.7769444 0.00100147 <list[4]>
INFO  [12:20:13.074] [bbotk]  .already_evaluated classif.bbrier warnings errors runtime_learners
INFO  [12:20:13.074] [bbotk]               FALSE      0.1327985        0      0            1.853
INFO  [12:20:13.074] [bbotk]                                 uhash
INFO  [12:20:13.074] [bbotk]  cc9ea760-ad5c-47bf-9bce-70dccff6401d
INFO  [12:20:16.515] [bbotk] Evaluating 1 configuration(s)
INFO  [12:20:18.940] [bbotk] Result of batch 4:
INFO  [12:20:18.963] [bbotk]  mtry.ratio num.trees replace sample.fraction      acq_ei  x_domain
INFO  [12:20:18.963] [bbotk]   0.9116347        13   FALSE       0.8648924 0.002248091 <list[4]>
INFO  [12:20:18.963] [bbotk]  .already_evaluated classif.bbrier warnings errors runtime_learners
INFO  [12:20:18.963] [bbotk]               FALSE     0.02976405        0      0            1.943
INFO  [12:20:18.963] [bbotk]                                 uhash
INFO  [12:20:18.963] [bbotk]  b7a81e53-da1e-45ae-a825-0009bf60ba31
INFO  [12:20:22.627] [bbotk] Evaluating 1 configuration(s)
INFO  [12:20:47.943] [bbotk] Result of batch 5:
INFO  [12:20:47.953] [bbotk]  mtry.ratio num.trees replace sample.fraction      acq_ei  x_domain
INFO  [12:20:47.953] [bbotk]  0.01594792      1443   FALSE       0.9633742 0.002884119 <list[4]>
INFO  [12:20:47.953] [bbotk]  .already_evaluated classif.bbrier warnings errors runtime_learners
INFO  [12:20:47.953] [bbotk]               FALSE      0.1228942        0      0           24.961
INFO  [12:20:47.953] [bbotk]                                 uhash
INFO  [12:20:47.953] [bbotk]  6c0764c8-6d63-47f8-a841-ffd64592a3ea
INFO  [12:20:51.100] [bbotk] Evaluating 1 configuration(s)
INFO  [12:21:27.158] [bbotk] Result of batch 6:
INFO  [12:21:27.166] [bbotk]  mtry.ratio num.trees replace sample.fraction      acq_ei  x_domain
INFO  [12:21:27.166] [bbotk]  0.05183962      1336   FALSE       0.8690878 0.003453371 <list[4]>
INFO  [12:21:27.166] [bbotk]  .already_evaluated classif.bbrier warnings errors runtime_learners
INFO  [12:21:27.166] [bbotk]               FALSE     0.05681095        0      0           35.746
INFO  [12:21:27.166] [bbotk]                                 uhash
INFO  [12:21:27.166] [bbotk]  c77aa129-59b0-45ca-a652-4e7961d55d2f
INFO  [12:21:30.496] [bbotk] Evaluating 1 configuration(s)
INFO  [12:21:52.052] [bbotk] Result of batch 7:
INFO  [12:21:52.060] [bbotk]  mtry.ratio num.trees replace sample.fraction      acq_ei  x_domain
INFO  [12:21:52.060] [bbotk]  0.02671761      1275    TRUE       0.3586002 0.001889406 <list[4]>
INFO  [12:21:52.060] [bbotk]  .already_evaluated classif.bbrier warnings errors runtime_learners
INFO  [12:21:52.060] [bbotk]               FALSE      0.1260679        0      0           21.194
INFO  [12:21:52.060] [bbotk]                                 uhash
INFO  [12:21:52.060] [bbotk]  79699bdc-39d2-408d-8966-c3ac10516e41
INFO  [12:21:55.762] [bbotk] Evaluating 1 configuration(s)
INFO  [12:22:03.429] [bbotk] Result of batch 8:
INFO  [12:22:03.435] [bbotk]  mtry.ratio num.trees replace sample.fraction      acq_ei  x_domain
INFO  [12:22:03.435] [bbotk]   0.8475366       111   FALSE       0.9898511 0.003601371 <list[4]>
INFO  [12:22:03.435] [bbotk]  .already_evaluated classif.bbrier warnings errors runtime_learners
INFO  [12:22:03.435] [bbotk]               FALSE     0.02943643        0      0            7.324
INFO  [12:22:03.435] [bbotk]                                 uhash
INFO  [12:22:03.435] [bbotk]  d589b9ac-87b9-43aa-9984-d7850b8b4055
INFO  [12:22:06.970] [bbotk] Evaluating 1 configuration(s)
INFO  [12:22:09.926] [bbotk] Result of batch 9:
INFO  [12:22:09.934] [bbotk]  mtry.ratio num.trees replace sample.fraction      acq_ei  x_domain
INFO  [12:22:09.934] [bbotk]   0.8018215        21   FALSE       0.8481949 0.002825908 <list[4]>
INFO  [12:22:09.934] [bbotk]  .already_evaluated classif.bbrier warnings errors runtime_learners
INFO  [12:22:09.934] [bbotk]               FALSE     0.02874594        0      0            2.581
INFO  [12:22:09.934] [bbotk]                                 uhash
INFO  [12:22:09.934] [bbotk]  4857a802-c5ab-481d-afec-63f9e9150611
INFO  [12:22:13.307] [bbotk] Evaluating 1 configuration(s)
INFO  [12:22:21.180] [bbotk] Result of batch 10:
INFO  [12:22:21.200] [bbotk]  mtry.ratio num.trees replace sample.fraction      acq_ei  x_domain
INFO  [12:22:21.200] [bbotk]   0.0323986       394   FALSE       0.4778981 0.001826712 <list[4]>
INFO  [12:22:21.200] [bbotk]  .already_evaluated classif.bbrier warnings errors runtime_learners
INFO  [12:22:21.200] [bbotk]               FALSE      0.1236021        0      0            7.475
INFO  [12:22:21.200] [bbotk]                                 uhash
INFO  [12:22:21.200] [bbotk]  ab871fb3-e2ef-4751-ad17-52aa9f1f72a2
INFO  [12:22:24.750] [bbotk] Evaluating 1 configuration(s)
INFO  [12:22:27.079] [bbotk] Result of batch 11:
INFO  [12:22:27.088] [bbotk]  mtry.ratio num.trees replace sample.fraction      acq_ei  x_domain
INFO  [12:22:27.088] [bbotk]   0.8144389        18   FALSE        0.735704 0.002153584 <list[4]>
INFO  [12:22:27.088] [bbotk]  .already_evaluated classif.bbrier warnings errors runtime_learners
INFO  [12:22:27.088] [bbotk]               FALSE     0.02947199        0      0            1.972
INFO  [12:22:27.088] [bbotk]                                 uhash
INFO  [12:22:27.088] [bbotk]  335e6bca-0f4a-4e6b-9e5b-bb3c5a27abdd
INFO  [12:22:30.775] [bbotk] Evaluating 1 configuration(s)
INFO  [12:23:15.500] [bbotk] Result of batch 12:
INFO  [12:23:15.521] [bbotk]  mtry.ratio num.trees replace sample.fraction      acq_ei  x_domain
INFO  [12:23:15.521] [bbotk]    0.298146      1248    TRUE       0.9192072 0.003604543 <list[4]>
INFO  [12:23:15.521] [bbotk]  .already_evaluated classif.bbrier warnings errors runtime_learners
INFO  [12:23:15.521] [bbotk]               FALSE      0.0281396        0      0           44.346
INFO  [12:23:15.521] [bbotk]                                 uhash
INFO  [12:23:15.521] [bbotk]  f77cc3e7-96f2-4bd4-beb3-9575741d19ad
INFO  [12:23:19.463] [bbotk] Evaluating 1 configuration(s)
INFO  [12:23:21.746] [bbotk] Result of batch 13:
INFO  [12:23:21.765] [bbotk]  mtry.ratio num.trees replace sample.fraction      acq_ei  x_domain
INFO  [12:23:21.765] [bbotk]   0.8940325        18   FALSE       0.6583432 0.002744907 <list[4]>
INFO  [12:23:21.765] [bbotk]  .already_evaluated classif.bbrier warnings errors runtime_learners
INFO  [12:23:21.765] [bbotk]               FALSE     0.03005378        0      0             1.84
INFO  [12:23:21.765] [bbotk]                                 uhash
INFO  [12:23:21.765] [bbotk]  b541398b-7419-4267-b130-d663ae6a7f3c
INFO  [12:23:25.292] [bbotk] Evaluating 1 configuration(s)
INFO  [12:23:31.329] [bbotk] Result of batch 14:
INFO  [12:23:31.337] [bbotk]  mtry.ratio num.trees replace sample.fraction      acq_ei  x_domain
INFO  [12:23:31.337] [bbotk]   0.6215644        95   FALSE       0.9588618 0.001904631 <list[4]>
INFO  [12:23:31.337] [bbotk]  .already_evaluated classif.bbrier warnings errors runtime_learners
INFO  [12:23:31.337] [bbotk]               FALSE     0.02659503        0      0            5.651
INFO  [12:23:31.337] [bbotk]                                 uhash
INFO  [12:23:31.337] [bbotk]  acc0a086-4a56-4ea6-b392-d1f0d3596b3f
INFO  [12:23:35.314] [bbotk] Evaluating 1 configuration(s)
INFO  [12:23:49.298] [bbotk] Result of batch 15:
INFO  [12:23:49.305] [bbotk]  mtry.ratio num.trees replace sample.fraction      acq_ei  x_domain
INFO  [12:23:49.305] [bbotk]    0.761882       347   FALSE        0.491008 0.002330325 <list[4]>
INFO  [12:23:49.305] [bbotk]  .already_evaluated classif.bbrier warnings errors runtime_learners
INFO  [12:23:49.305] [bbotk]               FALSE     0.03104689        0      0           13.603
INFO  [12:23:49.305] [bbotk]                                 uhash
INFO  [12:23:49.305] [bbotk]  bbb623c5-dda2-4aec-917b-3b531e01d415
INFO  [12:23:52.371] [bbotk] Evaluating 1 configuration(s)
INFO  [12:25:20.518] [bbotk] Result of batch 16:
INFO  [12:25:20.526] [bbotk]  mtry.ratio num.trees replace sample.fraction      acq_ei  x_domain
INFO  [12:25:20.526] [bbotk]   0.6862882      1754    TRUE       0.9404229 0.001887758 <list[4]>
INFO  [12:25:20.526] [bbotk]  .already_evaluated classif.bbrier warnings errors runtime_learners
INFO  [12:25:20.526] [bbotk]               FALSE     0.02748638        0      0             87.8
INFO  [12:25:20.526] [bbotk]                                 uhash
INFO  [12:25:20.526] [bbotk]  106d41c4-2f51-49ec-9bdf-8749c47e5047
INFO  [12:25:24.170] [bbotk] Evaluating 1 configuration(s)
INFO  [12:25:48.886] [bbotk] Result of batch 17:
INFO  [12:25:48.897] [bbotk]  mtry.ratio num.trees replace sample.fraction      acq_ei  x_domain
INFO  [12:25:48.897] [bbotk]  0.03759491       934   FALSE       0.9221694 0.003215434 <list[4]>
INFO  [12:25:48.897] [bbotk]  .already_evaluated classif.bbrier warnings errors runtime_learners
INFO  [12:25:48.897] [bbotk]               FALSE     0.05592418        0      0           24.327
INFO  [12:25:48.897] [bbotk]                                 uhash
INFO  [12:25:48.897] [bbotk]  ca643769-460d-4491-870c-04f38b78e137
INFO  [12:25:53.010] [bbotk] Evaluating 1 configuration(s)
INFO  [12:27:31.932] [bbotk] Result of batch 18:
INFO  [12:27:31.954] [bbotk]  mtry.ratio num.trees replace sample.fraction      acq_ei  x_domain
INFO  [12:27:31.954] [bbotk]   0.9029755      1710    TRUE       0.9331406 0.001713634 <list[4]>
INFO  [12:27:31.954] [bbotk]  .already_evaluated classif.bbrier warnings errors runtime_learners
INFO  [12:27:31.954] [bbotk]               FALSE     0.02805056        0      0           98.507
INFO  [12:27:31.954] [bbotk]                                 uhash
INFO  [12:27:31.954] [bbotk]  86d8c708-03b3-432e-a47f-6c36f9afeb07
INFO  [12:27:35.617] [bbotk] Evaluating 1 configuration(s)
INFO  [12:29:02.804] [bbotk] Result of batch 19:
INFO  [12:29:02.827] [bbotk]  mtry.ratio num.trees replace sample.fraction      acq_ei  x_domain
INFO  [12:29:02.827] [bbotk]   0.7343289      1548    TRUE       0.9535544 0.002306561 <list[4]>
INFO  [12:29:02.827] [bbotk]  .already_evaluated classif.bbrier warnings errors runtime_learners
INFO  [12:29:02.827] [bbotk]               FALSE     0.02756513        0      0           86.799
INFO  [12:29:02.827] [bbotk]                                 uhash
INFO  [12:29:02.827] [bbotk]  ed666ed3-5880-4938-966d-b8126fad2d46
INFO  [12:29:07.217] [bbotk] Evaluating 1 configuration(s)
INFO  [12:29:22.540] [bbotk] Result of batch 20:
INFO  [12:29:22.548] [bbotk]  mtry.ratio num.trees replace sample.fraction      acq_ei  x_domain
INFO  [12:29:22.548] [bbotk]   0.3688089       365    TRUE       0.9599192 0.001628757 <list[4]>
INFO  [12:29:22.548] [bbotk]  .already_evaluated classif.bbrier warnings errors runtime_learners
INFO  [12:29:22.548] [bbotk]               FALSE     0.02744067        0      0           14.927
INFO  [12:29:22.548] [bbotk]                                 uhash
INFO  [12:29:22.548] [bbotk]  5cccf8a2-408d-46b0-9f91-50b83e9e67c4
INFO  [12:29:26.032] [bbotk] Evaluating 1 configuration(s)
INFO  [12:29:29.180] [bbotk] Result of batch 21:
INFO  [12:29:29.188] [bbotk]  mtry.ratio num.trees replace sample.fraction      acq_ei  x_domain
INFO  [12:29:29.188] [bbotk]   0.4574427        20    TRUE       0.7563427 0.002017843 <list[4]>
INFO  [12:29:29.188] [bbotk]  .already_evaluated classif.bbrier warnings errors runtime_learners
INFO  [12:29:29.188] [bbotk]               FALSE      0.0298778        0      0            2.778
INFO  [12:29:29.188] [bbotk]                                 uhash
INFO  [12:29:29.188] [bbotk]  49c3f72b-c0d3-400c-a2b8-8c65bc1502c2
INFO  [12:29:32.828] [bbotk] Evaluating 1 configuration(s)
INFO  [12:31:01.325] [bbotk] Result of batch 22:
INFO  [12:31:01.332] [bbotk]  mtry.ratio num.trees replace sample.fraction      acq_ei  x_domain
INFO  [12:31:01.332] [bbotk]   0.9311975      1462    TRUE       0.9605201 0.002214091 <list[4]>
INFO  [12:31:01.332] [bbotk]  .already_evaluated classif.bbrier warnings errors runtime_learners
INFO  [12:31:01.332] [bbotk]               FALSE     0.02792668        0      0           88.148
INFO  [12:31:01.332] [bbotk]                                 uhash
INFO  [12:31:01.332] [bbotk]  6b12fc5e-964c-4cc0-81e0-d30371d9adeb
INFO  [12:31:04.842] [bbotk] Evaluating 1 configuration(s)
INFO  [12:31:20.597] [bbotk] Result of batch 23:
INFO  [12:31:20.605] [bbotk]  mtry.ratio num.trees replace sample.fraction      acq_ei  x_domain
INFO  [12:31:20.605] [bbotk]   0.8172446       393    TRUE       0.4782038 0.003001665 <list[4]>
INFO  [12:31:20.605] [bbotk]  .already_evaluated classif.bbrier warnings errors runtime_learners
INFO  [12:31:20.605] [bbotk]               FALSE     0.03198915        0      0           15.391
INFO  [12:31:20.605] [bbotk]                                 uhash
INFO  [12:31:20.605] [bbotk]  effe4085-c16a-4ca5-9856-f7885cb38c59
INFO  [12:31:23.818] [bbotk] Evaluating 1 configuration(s)
INFO  [12:31:25.291] [bbotk] Result of batch 24:
INFO  [12:31:25.300] [bbotk]  mtry.ratio num.trees replace sample.fraction      acq_ei  x_domain
INFO  [12:31:25.300] [bbotk]   0.1795471         4    TRUE       0.5070489 0.002137812 <list[4]>
INFO  [12:31:25.300] [bbotk]  .already_evaluated classif.bbrier warnings errors runtime_learners
INFO  [12:31:25.300] [bbotk]               FALSE     0.04515362        0      0            1.081
INFO  [12:31:25.300] [bbotk]                                 uhash
INFO  [12:31:25.300] [bbotk]  fae4f804-e32b-4fb6-9b63-33a3c3b11bfb
INFO  [12:31:28.177] [bbotk] Evaluating 1 configuration(s)
INFO  [12:31:46.239] [bbotk] Result of batch 25:
INFO  [12:31:46.246] [bbotk]  mtry.ratio num.trees replace sample.fraction     acq_ei  x_domain
INFO  [12:31:46.246] [bbotk]   0.7922496       512   FALSE       0.4005287 0.00229107 <list[4]>
INFO  [12:31:46.246] [bbotk]  .already_evaluated classif.bbrier warnings errors runtime_learners
INFO  [12:31:46.246] [bbotk]               FALSE     0.03247274        0      0           17.599
INFO  [12:31:46.246] [bbotk]                                 uhash
INFO  [12:31:46.246] [bbotk]  ad38148b-0b9c-415d-8621-48ba397f267c
INFO  [12:31:49.411] [bbotk] Evaluating 1 configuration(s)
INFO  [12:32:57.169] [bbotk] Result of batch 26:
INFO  [12:32:57.186] [bbotk]  mtry.ratio num.trees replace sample.fraction      acq_ei  x_domain
INFO  [12:32:57.186] [bbotk]   0.4681287      1524   FALSE       0.9686421 0.004237539 <list[4]>
INFO  [12:32:57.186] [bbotk]  .already_evaluated classif.bbrier warnings errors runtime_learners
INFO  [12:32:57.186] [bbotk]               FALSE     0.02604666        0      0           67.339
INFO  [12:32:57.186] [bbotk]                                 uhash
INFO  [12:32:57.186] [bbotk]  17a80a14-441a-4af5-b657-8c4906aff873
INFO  [12:33:01.129] [bbotk] Evaluating 1 configuration(s)
INFO  [12:33:04.789] [bbotk] Result of batch 27:
INFO  [12:33:04.821] [bbotk]  mtry.ratio num.trees replace sample.fraction      acq_ei  x_domain
INFO  [12:33:04.821] [bbotk]   0.8756706        48   FALSE       0.4403929 0.002127594 <list[4]>
INFO  [12:33:04.821] [bbotk]  .already_evaluated classif.bbrier warnings errors runtime_learners
INFO  [12:33:04.821] [bbotk]               FALSE     0.03226895        0      0            3.175
INFO  [12:33:04.821] [bbotk]                                 uhash
INFO  [12:33:04.821] [bbotk]  6e3f542a-0dae-4f45-8d9c-5121c498e82f
INFO  [12:33:08.495] [bbotk] Evaluating 1 configuration(s)
INFO  [12:33:54.599] [bbotk] Result of batch 28:
INFO  [12:33:54.656] [bbotk]  mtry.ratio num.trees replace sample.fraction      acq_ei  x_domain
INFO  [12:33:54.656] [bbotk]   0.3692927      1140    TRUE       0.9790083 0.002644838 <list[4]>
INFO  [12:33:54.656] [bbotk]  .already_evaluated classif.bbrier warnings errors runtime_learners
INFO  [12:33:54.656] [bbotk]               FALSE     0.02723414        0      0           45.774
INFO  [12:33:54.656] [bbotk]                                 uhash
INFO  [12:33:54.656] [bbotk]  81069af9-b850-4e74-b98f-611e15a42a1d
INFO  [12:33:57.974] [bbotk] Evaluating 1 configuration(s)
INFO  [12:34:00.138] [bbotk] Result of batch 29:
INFO  [12:34:00.146] [bbotk]  mtry.ratio num.trees replace sample.fraction     acq_ei  x_domain
INFO  [12:34:00.146] [bbotk]   0.1410301        22   FALSE       0.4442182 0.00239344 <list[4]>
INFO  [12:34:00.146] [bbotk]  .already_evaluated classif.bbrier warnings errors runtime_learners
INFO  [12:34:00.146] [bbotk]               FALSE     0.03710426        0      0            1.846
INFO  [12:34:00.146] [bbotk]                                 uhash
INFO  [12:34:00.146] [bbotk]  10445a2d-a856-40a5-a10b-952f75009da6
INFO  [12:34:03.491] [bbotk] Evaluating 1 configuration(s)
INFO  [12:34:05.386] [bbotk] Result of batch 30:
INFO  [12:34:05.393] [bbotk]  mtry.ratio num.trees replace sample.fraction      acq_ei  x_domain
INFO  [12:34:05.393] [bbotk]   0.5944169        17   FALSE       0.3879425 0.001910594 <list[4]>
INFO  [12:34:05.393] [bbotk]  .already_evaluated classif.bbrier warnings errors runtime_learners
INFO  [12:34:05.393] [bbotk]               FALSE     0.03311167        0      0            1.528
INFO  [12:34:05.393] [bbotk]                                 uhash
INFO  [12:34:05.393] [bbotk]  3175c710-7b59-47bd-bf71-0f0ac3b4d820
INFO  [12:34:08.894] [bbotk] Evaluating 1 configuration(s)
INFO  [12:35:27.855] [bbotk] Result of batch 31:
INFO  [12:35:27.876] [bbotk]  mtry.ratio num.trees replace sample.fraction      acq_ei  x_domain
INFO  [12:35:27.876] [bbotk]   0.6916764      1474   FALSE       0.9649368 0.003807267 <list[4]>
INFO  [12:35:27.876] [bbotk]  .already_evaluated classif.bbrier warnings errors runtime_learners
INFO  [12:35:27.876] [bbotk]               FALSE     0.02692882        0      0            78.63
INFO  [12:35:27.876] [bbotk]                                 uhash
INFO  [12:35:27.876] [bbotk]  84fd61d2-3e90-4c1f-9451-b4e8b2afd768
INFO  [12:35:31.215] [bbotk] Evaluating 1 configuration(s)
INFO  [12:36:38.084] [bbotk] Result of batch 32:
INFO  [12:36:38.090] [bbotk]  mtry.ratio num.trees replace sample.fraction      acq_ei  x_domain
INFO  [12:36:38.090] [bbotk]   0.4400917      1583   FALSE       0.9877125 0.001899895 <list[4]>
INFO  [12:36:38.090] [bbotk]  .already_evaluated classif.bbrier warnings errors runtime_learners
INFO  [12:36:38.090] [bbotk]               FALSE     0.02588132        0      0           66.437
INFO  [12:36:38.090] [bbotk]                                 uhash
INFO  [12:36:38.090] [bbotk]  c2562562-596c-4444-82b1-eb94f38fcf11
INFO  [12:36:41.170] [bbotk] Evaluating 1 configuration(s)
INFO  [12:37:50.934] [bbotk] Result of batch 33:
INFO  [12:37:50.956] [bbotk]  mtry.ratio num.trees replace sample.fraction      acq_ei  x_domain
INFO  [12:37:50.956] [bbotk]   0.6085706      1441    TRUE       0.9994657 0.002425263 <list[4]>
INFO  [12:37:50.956] [bbotk]  .already_evaluated classif.bbrier warnings errors runtime_learners
INFO  [12:37:50.956] [bbotk]               FALSE     0.02707049        0      0           69.336
INFO  [12:37:50.956] [bbotk]                                 uhash
INFO  [12:37:50.956] [bbotk]  a7a85b09-ba95-47fe-8a5a-7b0bdec9fc9d
INFO  [12:37:54.734] [bbotk] Evaluating 1 configuration(s)
INFO  [12:37:56.828] [bbotk] Result of batch 34:
INFO  [12:37:56.836] [bbotk]  mtry.ratio num.trees replace sample.fraction      acq_ei  x_domain
INFO  [12:37:56.836] [bbotk]   0.3096628        15   FALSE       0.9690213 0.001596884 <list[4]>
INFO  [12:37:56.836] [bbotk]  .already_evaluated classif.bbrier warnings errors runtime_learners
INFO  [12:37:56.836] [bbotk]               FALSE     0.02760383        0      0            1.714
INFO  [12:37:56.836] [bbotk]                                 uhash
INFO  [12:37:56.836] [bbotk]  0746856e-fe59-44a9-be94-c79f57948276
INFO  [12:38:00.331] [bbotk] Evaluating 1 configuration(s)
INFO  [12:39:12.084] [bbotk] Result of batch 35:
INFO  [12:39:12.095] [bbotk]  mtry.ratio num.trees replace sample.fraction      acq_ei  x_domain
INFO  [12:39:12.095] [bbotk]   0.8066082      1304    TRUE       0.9668423 0.001739305 <list[4]>
INFO  [12:39:12.095] [bbotk]  .already_evaluated classif.bbrier warnings errors runtime_learners
INFO  [12:39:12.095] [bbotk]               FALSE     0.02768172        0      0           71.343
INFO  [12:39:12.095] [bbotk]                                 uhash
INFO  [12:39:12.095] [bbotk]  5e1cca4c-3d4a-4d75-acc6-fe92b08ff26a
INFO  [12:39:15.533] [bbotk] Evaluating 1 configuration(s)
INFO  [12:39:34.243] [bbotk] Result of batch 36:
INFO  [12:39:34.252] [bbotk]  mtry.ratio num.trees replace sample.fraction      acq_ei  x_domain
INFO  [12:39:34.252] [bbotk]   0.6999379       381    TRUE       0.8200078 0.001632641 <list[4]>
INFO  [12:39:34.252] [bbotk]  .already_evaluated classif.bbrier warnings errors runtime_learners
INFO  [12:39:34.252] [bbotk]               FALSE     0.02831823        0      0           18.355
INFO  [12:39:34.252] [bbotk]                                 uhash
INFO  [12:39:34.252] [bbotk]  c0ccbbb5-dbe8-4fac-b0ed-74181cc4a72e
INFO  [12:39:37.130] [bbotk] Evaluating 1 configuration(s)
INFO  [12:40:00.478] [bbotk] Result of batch 37:
INFO  [12:40:00.518] [bbotk]  mtry.ratio num.trees replace sample.fraction      acq_ei  x_domain
INFO  [12:40:00.518] [bbotk]  0.07575129      1183    TRUE       0.1839112 0.001804989 <list[4]>
INFO  [12:40:00.518] [bbotk]  .already_evaluated classif.bbrier warnings errors runtime_learners
INFO  [12:40:00.518] [bbotk]               FALSE     0.05495904        0      0           22.889
INFO  [12:40:00.518] [bbotk]                                 uhash
INFO  [12:40:00.518] [bbotk]  7fa9d9b4-a051-4331-89a7-d313520e93d2
INFO  [12:40:04.005] [bbotk] Evaluating 1 configuration(s)
INFO  [12:40:51.791] [bbotk] Result of batch 38:
INFO  [12:40:51.814] [bbotk]  mtry.ratio num.trees replace sample.fraction      acq_ei  x_domain
INFO  [12:40:51.814] [bbotk]   0.1843419      1446    TRUE       0.9855339 0.003467187 <list[4]>
INFO  [12:40:51.814] [bbotk]  .already_evaluated classif.bbrier warnings errors runtime_learners
INFO  [12:40:51.814] [bbotk]               FALSE     0.02967235        0      0           47.372
INFO  [12:40:51.814] [bbotk]                                 uhash
INFO  [12:40:51.814] [bbotk]  b57debdd-2670-452e-af33-2d9d1c1c84e8
INFO  [12:40:55.721] [bbotk] Evaluating 1 configuration(s)
INFO  [12:41:06.942] [bbotk] Result of batch 39:
INFO  [12:41:06.950] [bbotk]  mtry.ratio num.trees replace sample.fraction      acq_ei  x_domain
INFO  [12:41:06.950] [bbotk]  0.09990074       394    TRUE       0.3778219 0.002287707 <list[4]>
INFO  [12:41:06.950] [bbotk]  .already_evaluated classif.bbrier warnings errors runtime_learners
INFO  [12:41:06.950] [bbotk]               FALSE     0.04809773        0      0           10.796
INFO  [12:41:06.950] [bbotk]                                 uhash
INFO  [12:41:06.950] [bbotk]  7f93a6a6-3f3e-4f9d-8560-e75c69aa5ef7
INFO  [12:41:10.342] [bbotk] Evaluating 1 configuration(s)
INFO  [12:41:27.581] [bbotk] Result of batch 40:
INFO  [12:41:27.597] [bbotk]  mtry.ratio num.trees replace sample.fraction      acq_ei  x_domain
INFO  [12:41:27.597] [bbotk]   0.6987802       396    TRUE       0.6628438 0.002007372 <list[4]>
INFO  [12:41:27.597] [bbotk]  .already_evaluated classif.bbrier warnings errors runtime_learners
INFO  [12:41:27.597] [bbotk]               FALSE     0.02955467        0      0           16.916
INFO  [12:41:27.597] [bbotk]                                 uhash
INFO  [12:41:27.597] [bbotk]  66381866-cb9d-465d-bbc3-613c4c0d0548
INFO  [12:41:31.318] [bbotk] Evaluating 1 configuration(s)
INFO  [12:41:49.241] [bbotk] Result of batch 41:
INFO  [12:41:49.249] [bbotk]  mtry.ratio num.trees replace sample.fraction      acq_ei  x_domain
INFO  [12:41:49.249] [bbotk]   0.0372014       641    TRUE       0.9671505 0.001247376 <list[4]>
INFO  [12:41:49.249] [bbotk]  .already_evaluated classif.bbrier warnings errors runtime_learners
INFO  [12:41:49.249] [bbotk]               FALSE     0.05753864        0      0             17.5
INFO  [12:41:49.249] [bbotk]                                 uhash
INFO  [12:41:49.249] [bbotk]  3d80b63a-1376-436e-8f0c-0cb2c96e43bb
INFO  [12:41:52.808] [bbotk] Evaluating 1 configuration(s)
INFO  [12:41:55.101] [bbotk] Result of batch 42:
INFO  [12:41:55.111] [bbotk]  mtry.ratio num.trees replace sample.fraction      acq_ei  x_domain
INFO  [12:41:55.111] [bbotk]   0.5515499        19    TRUE        0.900291 0.002096243 <list[4]>
INFO  [12:41:55.111] [bbotk]  .already_evaluated classif.bbrier warnings errors runtime_learners
INFO  [12:41:55.111] [bbotk]               FALSE     0.02917895        0      0            1.921
INFO  [12:41:55.111] [bbotk]                                 uhash
INFO  [12:41:55.111] [bbotk]  9f35540c-ad38-40b8-84c2-defe493c564e
INFO  [12:41:58.520] [bbotk] Evaluating 1 configuration(s)
INFO  [12:42:46.090] [bbotk] Result of batch 43:
INFO  [12:42:46.100] [bbotk]  mtry.ratio num.trees replace sample.fraction      acq_ei  x_domain
INFO  [12:42:46.100] [bbotk]    0.441301      1619    TRUE         0.47586 0.001835592 <list[4]>
INFO  [12:42:46.100] [bbotk]  .already_evaluated classif.bbrier warnings errors runtime_learners
INFO  [12:42:46.100] [bbotk]               FALSE     0.03186449        0      0            47.19
INFO  [12:42:46.100] [bbotk]                                 uhash
INFO  [12:42:46.100] [bbotk]  6288cdb1-ad6a-4cbd-99bf-7ba89f24849b
INFO  [12:42:49.460] [bbotk] Evaluating 1 configuration(s)
INFO  [12:44:08.424] [bbotk] Result of batch 44:
INFO  [12:44:08.433] [bbotk]  mtry.ratio num.trees replace sample.fraction      acq_ei  x_domain
INFO  [12:44:08.433] [bbotk]   0.6422461      1494   FALSE       0.9631973 0.002659742 <list[4]>
INFO  [12:44:08.433] [bbotk]  .already_evaluated classif.bbrier warnings errors runtime_learners
INFO  [12:44:08.433] [bbotk]               FALSE     0.02670369        0      0           78.586
INFO  [12:44:08.433] [bbotk]                                 uhash
INFO  [12:44:08.433] [bbotk]  2e277378-ce8d-438a-8210-8cb3540bf957
INFO  [12:44:11.900] [bbotk] Evaluating 1 configuration(s)
INFO  [12:44:17.672] [bbotk] Result of batch 45:
INFO  [12:44:17.694] [bbotk]  mtry.ratio num.trees replace sample.fraction      acq_ei  x_domain
INFO  [12:44:17.694] [bbotk]  0.03455186       220    TRUE       0.4778035 0.002046248 <list[4]>
INFO  [12:44:17.694] [bbotk]  .already_evaluated classif.bbrier warnings errors runtime_learners
INFO  [12:44:17.694] [bbotk]               FALSE     0.06337116        0      0            5.389
INFO  [12:44:17.694] [bbotk]                                 uhash
INFO  [12:44:17.694] [bbotk]  1921dea0-6970-4b2d-bc0c-4e3e0f74b1b4
INFO  [12:44:21.672] [bbotk] Evaluating 1 configuration(s)
INFO  [12:44:24.207] [bbotk] Result of batch 46:
INFO  [12:44:24.223] [bbotk]  mtry.ratio num.trees replace sample.fraction      acq_ei  x_domain
INFO  [12:44:24.223] [bbotk]   0.4852318        18    TRUE       0.9807222 0.001716046 <list[4]>
INFO  [12:44:24.223] [bbotk]  .already_evaluated classif.bbrier warnings errors runtime_learners
INFO  [12:44:24.223] [bbotk]               FALSE     0.02765013        0      0            2.255
INFO  [12:44:24.223] [bbotk]                                 uhash
INFO  [12:44:24.223] [bbotk]  1522cf94-10c9-41b9-9774-53be23c6eb19
INFO  [12:44:27.680] [bbotk] Evaluating 1 configuration(s)
INFO  [12:45:19.384] [bbotk] Result of batch 47:
INFO  [12:45:19.404] [bbotk]  mtry.ratio num.trees replace sample.fraction      acq_ei  x_domain
INFO  [12:45:19.404] [bbotk]   0.3548524      1409   FALSE       0.7754677 0.002658634 <list[4]>
INFO  [12:45:19.404] [bbotk]  .already_evaluated classif.bbrier warnings errors runtime_learners
INFO  [12:45:19.404] [bbotk]               FALSE     0.02762743        0      0           51.265
INFO  [12:45:19.404] [bbotk]                                 uhash
INFO  [12:45:19.404] [bbotk]  a2d3056b-86de-475d-8931-682790cbbd50
INFO  [12:45:23.184] [bbotk] Evaluating 1 configuration(s)
INFO  [12:46:32.115] [bbotk] Result of batch 48:
INFO  [12:46:32.125] [bbotk]  mtry.ratio num.trees replace sample.fraction      acq_ei  x_domain
INFO  [12:46:32.125] [bbotk]   0.3754426      1910   FALSE       0.7827436 0.001122489 <list[4]>
INFO  [12:46:32.125] [bbotk]  .already_evaluated classif.bbrier warnings errors runtime_learners
INFO  [12:46:32.125] [bbotk]               FALSE     0.02750631        0      0           68.449
INFO  [12:46:32.125] [bbotk]                                 uhash
INFO  [12:46:32.125] [bbotk]  2ad15ac6-2dea-4def-b7c9-67588195dc57
INFO  [12:46:35.746] [bbotk] Evaluating 1 configuration(s)
INFO  [12:47:40.629] [bbotk] Result of batch 49:
INFO  [12:47:40.650] [bbotk]  mtry.ratio num.trees replace sample.fraction      acq_ei  x_domain
INFO  [12:47:40.650] [bbotk]   0.6846239      1276    TRUE       0.9692729 0.001713056 <list[4]>
INFO  [12:47:40.650] [bbotk]  .already_evaluated classif.bbrier warnings errors runtime_learners
INFO  [12:47:40.650] [bbotk]               FALSE     0.02741025        0      0            64.52
INFO  [12:47:40.650] [bbotk]                                 uhash
INFO  [12:47:40.650] [bbotk]  0531ed32-5e5e-43a6-82b1-b8e5442c1e9c
INFO  [12:47:43.923] [bbotk] Evaluating 1 configuration(s)
INFO  [12:48:50.396] [bbotk] Result of batch 50:
INFO  [12:48:50.405] [bbotk]  mtry.ratio num.trees replace sample.fraction      acq_ei  x_domain
INFO  [12:48:50.405] [bbotk]   0.7183655      1433    TRUE       0.7793576 0.002417491 <list[4]>
INFO  [12:48:50.405] [bbotk]  .already_evaluated classif.bbrier warnings errors runtime_learners
INFO  [12:48:50.405] [bbotk]               FALSE     0.02856045        0      0           66.105
INFO  [12:48:50.405] [bbotk]                                 uhash
INFO  [12:48:50.405] [bbotk]  b49831db-e931-4f01-aefd-c6896accfd4f
INFO  [12:48:54.716] [bbotk] Evaluating 1 configuration(s)
INFO  [12:50:05.197] [bbotk] Result of batch 51:
INFO  [12:50:05.206] [bbotk]  mtry.ratio num.trees replace sample.fraction      acq_ei  x_domain
INFO  [12:50:05.206] [bbotk]   0.5558384      1485   FALSE       0.9641134 0.001617849 <list[4]>
INFO  [12:50:05.206] [bbotk]  .already_evaluated classif.bbrier warnings errors runtime_learners
INFO  [12:50:05.206] [bbotk]               FALSE     0.02627784        0      0           70.138
INFO  [12:50:05.206] [bbotk]                                 uhash
INFO  [12:50:05.206] [bbotk]  448cde13-0af4-4700-880d-c9e18023d81a
INFO  [12:50:08.595] [bbotk] Evaluating 1 configuration(s)
INFO  [12:50:30.149] [bbotk] Result of batch 52:
INFO  [12:50:30.157] [bbotk]  mtry.ratio num.trees replace sample.fraction      acq_ei  x_domain
INFO  [12:50:30.157] [bbotk]   0.2943026       901   FALSE       0.3337218 0.002351207 <list[4]>
INFO  [12:50:30.157] [bbotk]  .already_evaluated classif.bbrier warnings errors runtime_learners
INFO  [12:50:30.157] [bbotk]               FALSE     0.03492507        0      0            21.22
INFO  [12:50:30.157] [bbotk]                                 uhash
INFO  [12:50:30.157] [bbotk]  cef4e9da-03d7-4ed3-afc5-2b4759262a34
INFO  [12:50:33.746] [bbotk] Evaluating 1 configuration(s)
INFO  [12:50:40.973] [bbotk] Result of batch 53:
INFO  [12:50:40.982] [bbotk]  mtry.ratio num.trees replace sample.fraction      acq_ei  x_domain
INFO  [12:50:40.982] [bbotk]   0.8401602        86   FALSE       0.7771865 0.003222415 <list[4]>
INFO  [12:50:40.982] [bbotk]  .already_evaluated classif.bbrier warnings errors runtime_learners
INFO  [12:50:40.982] [bbotk]               FALSE     0.02862963        0      0            6.813
INFO  [12:50:40.982] [bbotk]                                 uhash
INFO  [12:50:40.982] [bbotk]  fa7042d0-13b7-411a-9440-2010409648ab
INFO  [12:50:44.068] [bbotk] Evaluating 1 configuration(s)
INFO  [12:51:32.593] [bbotk] Result of batch 54:
INFO  [12:51:32.604] [bbotk]  mtry.ratio num.trees replace sample.fraction      acq_ei  x_domain
INFO  [12:51:32.604] [bbotk]  0.03396992      1951   FALSE       0.8934548 0.003257786 <list[4]>
INFO  [12:51:32.604] [bbotk]  .already_evaluated classif.bbrier warnings errors runtime_learners
INFO  [12:51:32.604] [bbotk]               FALSE      0.0563739        0      0             48.1
INFO  [12:51:32.604] [bbotk]                                 uhash
INFO  [12:51:32.604] [bbotk]  ff8d8a13-dcbc-4168-b335-49ac49952d2a
INFO  [12:51:36.248] [bbotk] Evaluating 1 configuration(s)
INFO  [12:52:57.714] [bbotk] Result of batch 55:
INFO  [12:52:57.722] [bbotk]  mtry.ratio num.trees replace sample.fraction      acq_ei  x_domain
INFO  [12:52:57.722] [bbotk]   0.7649093      1507    TRUE       0.9633741 0.002185971 <list[4]>
INFO  [12:52:57.722] [bbotk]  .already_evaluated classif.bbrier warnings errors runtime_learners
INFO  [12:52:57.722] [bbotk]               FALSE     0.02748416        0      0           81.109
INFO  [12:52:57.722] [bbotk]                                 uhash
INFO  [12:52:57.722] [bbotk]  6ad1309e-3f30-4a49-85ee-bfd6490dd540
INFO  [12:53:01.267] [bbotk] Evaluating 1 configuration(s)
INFO  [12:54:35.954] [bbotk] Result of batch 56:
INFO  [12:54:35.962] [bbotk]  mtry.ratio num.trees replace sample.fraction    acq_ei  x_domain
INFO  [12:54:35.962] [bbotk]   0.6434721      1890    TRUE       0.9624021 0.0015386 <list[4]>
INFO  [12:54:35.962] [bbotk]  .already_evaluated classif.bbrier warnings errors runtime_learners
INFO  [12:54:35.962] [bbotk]               FALSE     0.02732641        0      0           94.393
INFO  [12:54:35.962] [bbotk]                                 uhash
INFO  [12:54:35.962] [bbotk]  d496d136-d36a-46e5-a20f-8aec61cddc89
INFO  [12:54:39.077] [bbotk] Evaluating 1 configuration(s)
INFO  [12:55:41.541] [bbotk] Result of batch 57:
INFO  [12:55:41.549] [bbotk]  mtry.ratio num.trees replace sample.fraction      acq_ei  x_domain
INFO  [12:55:41.549] [bbotk]   0.4385744      1445   FALSE       0.9965335 0.002133582 <list[4]>
INFO  [12:55:41.549] [bbotk]  .already_evaluated classif.bbrier warnings errors runtime_learners
INFO  [12:55:41.549] [bbotk]               FALSE     0.02588547        0      0           61.989
INFO  [12:55:41.549] [bbotk]                                 uhash
INFO  [12:55:41.549] [bbotk]  aa05df22-c13c-4aa5-8b8e-12d5213b3dee
INFO  [12:55:45.267] [bbotk] Evaluating 1 configuration(s)
INFO  [12:56:47.631] [bbotk] Result of batch 58:
INFO  [12:56:47.646] [bbotk]  mtry.ratio num.trees replace sample.fraction      acq_ei  x_domain
INFO  [12:56:47.646] [bbotk]   0.4705248      1447   FALSE       0.9232521 0.001975486 <list[4]>
INFO  [12:56:47.646] [bbotk]  .already_evaluated classif.bbrier warnings errors runtime_learners
INFO  [12:56:47.646] [bbotk]               FALSE     0.02638209        0      0            62.05
INFO  [12:56:47.646] [bbotk]                                 uhash
INFO  [12:56:47.646] [bbotk]  d1a14b72-45c6-4335-ab18-7329d9350109
INFO  [12:56:51.711] [bbotk] Evaluating 1 configuration(s)
INFO  [12:57:17.219] [bbotk] Result of batch 59:
INFO  [12:57:17.233] [bbotk]  mtry.ratio num.trees replace sample.fraction      acq_ei  x_domain
INFO  [12:57:17.233] [bbotk]  0.03274713      1721   FALSE       0.7323755 0.001530708 <list[4]>
INFO  [12:57:17.233] [bbotk]  .already_evaluated classif.bbrier warnings errors runtime_learners
INFO  [12:57:17.233] [bbotk]               FALSE      0.1238458        0      0           25.087
INFO  [12:57:17.233] [bbotk]                                 uhash
INFO  [12:57:17.233] [bbotk]  12d1ee4a-ce6b-4bfa-ba98-42f84f3bf980
INFO  [12:57:20.664] [bbotk] Evaluating 1 configuration(s)
INFO  [12:58:51.483] [bbotk] Result of batch 60:
INFO  [12:58:51.497] [bbotk]  mtry.ratio num.trees replace sample.fraction      acq_ei  x_domain
INFO  [12:58:51.497] [bbotk]   0.5985109      1916    TRUE       0.9633602 0.001850322 <list[4]>
INFO  [12:58:51.497] [bbotk]  .already_evaluated classif.bbrier warnings errors runtime_learners
INFO  [12:58:51.497] [bbotk]               FALSE     0.02733062        0      0           90.506
INFO  [12:58:51.497] [bbotk]                                 uhash
INFO  [12:58:51.497] [bbotk]  06263f33-9482-4db7-9062-e682e26644e1
INFO  [12:58:55.286] [bbotk] Evaluating 1 configuration(s)
INFO  [12:59:07.877] [bbotk] Result of batch 61:
INFO  [12:59:07.885] [bbotk]  mtry.ratio num.trees replace sample.fraction      acq_ei  x_domain
INFO  [12:59:07.885] [bbotk]   0.7053788       327   FALSE       0.4779472 0.002582783 <list[4]>
INFO  [12:59:07.885] [bbotk]  .already_evaluated classif.bbrier warnings errors runtime_learners
INFO  [12:59:07.885] [bbotk]               FALSE     0.03102715        0      0           12.246
INFO  [12:59:07.885] [bbotk]                                 uhash
INFO  [12:59:07.885] [bbotk]  51b1943d-d603-4b44-bb68-c31b678bfcc7
INFO  [12:59:11.528] [bbotk] Evaluating 1 configuration(s)
INFO  [13:00:16.536] [bbotk] Result of batch 62:
INFO  [13:00:16.545] [bbotk]  mtry.ratio num.trees replace sample.fraction      acq_ei  x_domain
INFO  [13:00:16.545] [bbotk]   0.5194829      1653    TRUE       0.7744557 0.002412879 <list[4]>
INFO  [13:00:16.545] [bbotk]  .already_evaluated classif.bbrier warnings errors runtime_learners
INFO  [13:00:16.545] [bbotk]               FALSE     0.02850854        0      0           64.596
INFO  [13:00:16.545] [bbotk]                                 uhash
INFO  [13:00:16.545] [bbotk]  ecd4664c-1de0-4ffe-99d3-656add6a03d7
INFO  [13:00:20.097] [bbotk] Evaluating 1 configuration(s)
INFO  [13:01:16.805] [bbotk] Result of batch 63:
INFO  [13:01:16.814] [bbotk]  mtry.ratio num.trees replace sample.fraction      acq_ei  x_domain
INFO  [13:01:16.814] [bbotk]   0.1790098      1780   FALSE       0.7692174 0.002019117 <list[4]>
INFO  [13:01:16.814] [bbotk]  .already_evaluated classif.bbrier warnings errors runtime_learners
INFO  [13:01:16.814] [bbotk]               FALSE     0.02989508        0      0            56.36
INFO  [13:01:16.814] [bbotk]                                 uhash
INFO  [13:01:16.814] [bbotk]  f8c012a7-2f1c-4e36-a020-fd24d6f5b3e0
INFO  [13:01:20.351] [bbotk] Evaluating 1 configuration(s)
INFO  [13:02:30.073] [bbotk] Result of batch 64:
INFO  [13:02:30.082] [bbotk]  mtry.ratio num.trees replace sample.fraction      acq_ei  x_domain
INFO  [13:02:30.082] [bbotk]   0.7531701      1451   FALSE        0.777051 0.001867138 <list[4]>
INFO  [13:02:30.082] [bbotk]  .already_evaluated classif.bbrier warnings errors runtime_learners
INFO  [13:02:30.082] [bbotk]               FALSE     0.02812317        0      0           69.442
INFO  [13:02:30.082] [bbotk]                                 uhash
INFO  [13:02:30.082] [bbotk]  6f25453f-0d72-41f8-924a-ef3cf286ad51
INFO  [13:02:33.958] [bbotk] Evaluating 1 configuration(s)
INFO  [13:03:42.580] [bbotk] Result of batch 65:
INFO  [13:03:42.588] [bbotk]  mtry.ratio num.trees replace sample.fraction      acq_ei  x_domain
INFO  [13:03:42.588] [bbotk]    0.575227      1443    TRUE       0.9430461 0.002280254 <list[4]>
INFO  [13:03:42.588] [bbotk]  .already_evaluated classif.bbrier warnings errors runtime_learners
INFO  [13:03:42.588] [bbotk]               FALSE     0.02732922        0      0           68.291
INFO  [13:03:42.588] [bbotk]                                 uhash
INFO  [13:03:42.588] [bbotk]  516fde9c-5bcb-4585-88ae-36a686396124
INFO  [13:03:46.102] [bbotk] Evaluating 1 configuration(s)
INFO  [13:05:12.766] [bbotk] Result of batch 66:
INFO  [13:05:12.789] [bbotk]  mtry.ratio num.trees replace sample.fraction      acq_ei  x_domain
INFO  [13:05:12.789] [bbotk]    0.677358      1874   FALSE        0.776538 0.002921946 <list[4]>
INFO  [13:05:12.789] [bbotk]  .already_evaluated classif.bbrier warnings errors runtime_learners
INFO  [13:05:12.789] [bbotk]               FALSE     0.02781722        0      0            86.34
INFO  [13:05:12.789] [bbotk]                                 uhash
INFO  [13:05:12.789] [bbotk]  74f49aa9-7cfe-463a-9c4f-47511c98121e
INFO  [13:05:16.323] [bbotk] Evaluating 1 configuration(s)
INFO  [13:05:18.101] [bbotk] Result of batch 67:
INFO  [13:05:18.110] [bbotk]  mtry.ratio num.trees replace sample.fraction      acq_ei  x_domain
INFO  [13:05:18.110] [bbotk]    0.295645        20    TRUE        0.876982 0.002666223 <list[4]>
INFO  [13:05:18.110] [bbotk]  .already_evaluated classif.bbrier warnings errors runtime_learners
INFO  [13:05:18.110] [bbotk]               FALSE     0.02974408        0      0             1.45
INFO  [13:05:18.110] [bbotk]                                 uhash
INFO  [13:05:18.110] [bbotk]  288a60e3-5786-4251-a0d0-eddffd20ba4f
INFO  [13:05:21.551] [bbotk] Evaluating 1 configuration(s)
INFO  [13:06:16.019] [bbotk] Result of batch 68:
INFO  [13:06:16.040] [bbotk]  mtry.ratio num.trees replace sample.fraction      acq_ei  x_domain
INFO  [13:06:16.040] [bbotk]   0.6458868      1277    TRUE       0.7471707 0.002044475 <list[4]>
INFO  [13:06:16.040] [bbotk]  .already_evaluated classif.bbrier warnings errors runtime_learners
INFO  [13:06:16.040] [bbotk]               FALSE     0.02887547        0      0           54.003
INFO  [13:06:16.040] [bbotk]                                 uhash
INFO  [13:06:16.040] [bbotk]  44420bea-ae33-4377-abf0-ecf994a69682
INFO  [13:06:19.611] [bbotk] Evaluating 1 configuration(s)
INFO  [13:06:21.405] [bbotk] Result of batch 69:
INFO  [13:06:21.427] [bbotk]  mtry.ratio num.trees replace sample.fraction      acq_ei  x_domain
INFO  [13:06:21.427] [bbotk]   0.3599297        16    TRUE       0.7266197 0.002477134 <list[4]>
INFO  [13:06:21.427] [bbotk]  .already_evaluated classif.bbrier warnings errors runtime_learners
INFO  [13:06:21.427] [bbotk]               FALSE     0.03062541        0      0            1.398
INFO  [13:06:21.427] [bbotk]                                 uhash
INFO  [13:06:21.427] [bbotk]  12fb8631-e02c-45b6-b37b-18096e1c8a49
INFO  [13:06:25.364] [bbotk] Evaluating 1 configuration(s)
INFO  [13:07:38.124] [bbotk] Result of batch 70:
INFO  [13:07:38.139] [bbotk]  mtry.ratio num.trees replace sample.fraction      acq_ei  x_domain
INFO  [13:07:38.139] [bbotk]   0.6271778      1748   FALSE       0.7237041 0.003024962 <list[4]>
INFO  [13:07:38.139] [bbotk]  .already_evaluated classif.bbrier warnings errors runtime_learners
INFO  [13:07:38.139] [bbotk]               FALSE     0.02811962        0      0           72.265
INFO  [13:07:38.139] [bbotk]                                 uhash
INFO  [13:07:38.139] [bbotk]  03390454-46b1-488c-b678-e61d6164c659
INFO  [13:07:41.380] [bbotk] Evaluating 1 configuration(s)
INFO  [13:09:02.241] [bbotk] Result of batch 71:
INFO  [13:09:02.250] [bbotk]  mtry.ratio num.trees replace sample.fraction      acq_ei  x_domain
INFO  [13:09:02.250] [bbotk]   0.5846512      1987   FALSE       0.7255455 0.001709813 <list[4]>
INFO  [13:09:02.250] [bbotk]  .already_evaluated classif.bbrier warnings errors runtime_learners
INFO  [13:09:02.250] [bbotk]               FALSE     0.02798769        0      0            80.44
INFO  [13:09:02.250] [bbotk]                                 uhash
INFO  [13:09:02.250] [bbotk]  ac85ad5a-fc09-4e7e-a5bf-d9fbdd98ed1f
INFO  [13:09:05.770] [bbotk] Evaluating 1 configuration(s)
INFO  [13:09:12.874] [bbotk] Result of batch 72:
INFO  [13:09:12.883] [bbotk]  mtry.ratio num.trees replace sample.fraction      acq_ei  x_domain
INFO  [13:09:12.883] [bbotk]   0.4913955       158   FALSE       0.7319568 0.002361011 <list[4]>
INFO  [13:09:12.883] [bbotk]  .already_evaluated classif.bbrier warnings errors runtime_learners
INFO  [13:09:12.883] [bbotk]               FALSE     0.02793373        0      0            6.717
INFO  [13:09:12.883] [bbotk]                                 uhash
INFO  [13:09:12.883] [bbotk]  c81f17a7-8447-46b9-b17f-498f153d7cac
INFO  [13:09:15.927] [bbotk] Evaluating 1 configuration(s)
INFO  [13:10:05.005] [bbotk] Result of batch 73:
INFO  [13:10:05.014] [bbotk]  mtry.ratio num.trees replace sample.fraction      acq_ei  x_domain
INFO  [13:10:05.014] [bbotk]   0.4743059      1203    TRUE       0.7765911 0.001690348 <list[4]>
INFO  [13:10:05.014] [bbotk]  .already_evaluated classif.bbrier warnings errors runtime_learners
INFO  [13:10:05.014] [bbotk]               FALSE     0.02845859        0      0           48.683
INFO  [13:10:05.014] [bbotk]                                 uhash
INFO  [13:10:05.014] [bbotk]  7886d77a-2695-4657-b063-9df2b002183d
INFO  [13:10:08.572] [bbotk] Evaluating 1 configuration(s)
INFO  [13:10:41.290] [bbotk] Result of batch 74:
INFO  [13:10:41.297] [bbotk]  mtry.ratio num.trees replace sample.fraction     acq_ei  x_domain
INFO  [13:10:41.297] [bbotk]   0.1262595       959   FALSE       0.9876539 0.00194229 <list[4]>
INFO  [13:10:41.297] [bbotk]  .already_evaluated classif.bbrier warnings errors runtime_learners
INFO  [13:10:41.297] [bbotk]               FALSE     0.03223251        0      0           32.359
INFO  [13:10:41.297] [bbotk]                                 uhash
INFO  [13:10:41.297] [bbotk]  fb100235-e3e1-4789-90a2-51da2e5afac0
INFO  [13:10:45.198] [bbotk] Evaluating 1 configuration(s)
INFO  [13:11:54.689] [bbotk] Result of batch 75:
INFO  [13:11:54.698] [bbotk]  mtry.ratio num.trees replace sample.fraction      acq_ei  x_domain
INFO  [13:11:54.698] [bbotk]   0.5562156      1724   FALSE       0.7326278 0.003564738 <list[4]>
INFO  [13:11:54.698] [bbotk]  .already_evaluated classif.bbrier warnings errors runtime_learners
INFO  [13:11:54.698] [bbotk]               FALSE     0.02795682        0      0           69.071
INFO  [13:11:54.698] [bbotk]                                 uhash
INFO  [13:11:54.698] [bbotk]  df633f6e-cac1-4a24-9111-243d23fd5220
INFO  [13:11:58.853] [bbotk] Evaluating 1 configuration(s)
INFO  [13:12:42.246] [bbotk] Result of batch 76:
INFO  [13:12:42.267] [bbotk]  mtry.ratio num.trees replace sample.fraction      acq_ei  x_domain
INFO  [13:12:42.267] [bbotk]  0.03479908      1629    TRUE       0.6986166 0.002115366 <list[4]>
INFO  [13:12:42.267] [bbotk]  .already_evaluated classif.bbrier warnings errors runtime_learners
INFO  [13:12:42.267] [bbotk]               FALSE     0.05981112        0      0           43.011
INFO  [13:12:42.267] [bbotk]                                 uhash
INFO  [13:12:42.267] [bbotk]  1b4eef3d-884a-4095-b569-6433320731d1
INFO  [13:12:45.811] [bbotk] Evaluating 1 configuration(s)
INFO  [13:12:48.261] [bbotk] Result of batch 77:
INFO  [13:12:48.284] [bbotk]  mtry.ratio num.trees replace sample.fraction      acq_ei  x_domain
INFO  [13:12:48.284] [bbotk]   0.9057355        27   FALSE       0.4775399 0.001394134 <list[4]>
INFO  [13:12:48.284] [bbotk]  .already_evaluated classif.bbrier warnings errors runtime_learners
INFO  [13:12:48.284] [bbotk]               FALSE     0.03216544        0      0            2.021
INFO  [13:12:48.284] [bbotk]                                 uhash
INFO  [13:12:48.284] [bbotk]  0bceb307-4c6e-4508-bed9-8eae7476c8fe
INFO  [13:12:52.065] [bbotk] Evaluating 1 configuration(s)
INFO  [13:13:49.663] [bbotk] Result of batch 78:
INFO  [13:13:49.681] [bbotk]  mtry.ratio num.trees replace sample.fraction      acq_ei  x_domain
INFO  [13:13:49.681] [bbotk]   0.1929367      1598   FALSE       0.9638817 0.002145767 <list[4]>
INFO  [13:13:49.681] [bbotk]  .already_evaluated classif.bbrier warnings errors runtime_learners
INFO  [13:13:49.681] [bbotk]               FALSE     0.02810844        0      0            57.25
INFO  [13:13:49.681] [bbotk]                                 uhash
INFO  [13:13:49.681] [bbotk]  49b58b75-e2e6-4839-9cfe-0c038c1b3acd
INFO  [13:13:53.283] [bbotk] Evaluating 1 configuration(s)
INFO  [13:14:59.468] [bbotk] Result of batch 79:
INFO  [13:14:59.486] [bbotk]  mtry.ratio num.trees replace sample.fraction      acq_ei  x_domain
INFO  [13:14:59.486] [bbotk]   0.2200475      1714    TRUE       0.9061487 0.002830531 <list[4]>
INFO  [13:14:59.486] [bbotk]  .already_evaluated classif.bbrier warnings errors runtime_learners
INFO  [13:14:59.486] [bbotk]               FALSE     0.02918724        0      0           65.826
INFO  [13:14:59.486] [bbotk]                                 uhash
INFO  [13:14:59.486] [bbotk]  7d509d6e-6e24-4273-ae0f-58c663c34c7f
INFO  [13:15:03.562] [bbotk] Evaluating 1 configuration(s)
INFO  [13:15:07.638] [bbotk] Result of batch 80:
INFO  [13:15:07.647] [bbotk]  mtry.ratio num.trees replace sample.fraction      acq_ei  x_domain
INFO  [13:15:07.647] [bbotk]   0.5209408        19    TRUE       0.8290841 0.002732641 <list[4]>
INFO  [13:15:07.647] [bbotk]  .already_evaluated classif.bbrier warnings errors runtime_learners
INFO  [13:15:07.647] [bbotk]               FALSE     0.02941186        0      0            3.572
INFO  [13:15:07.647] [bbotk]                                 uhash
INFO  [13:15:07.647] [bbotk]  5b5a8283-ea25-45aa-863f-45ec92b7342a
INFO  [13:15:11.124] [bbotk] Evaluating 1 configuration(s)
INFO  [13:16:43.648] [bbotk] Result of batch 81:
INFO  [13:16:43.661] [bbotk]  mtry.ratio num.trees replace sample.fraction      acq_ei  x_domain
INFO  [13:16:43.661] [bbotk]   0.8587381      1721   FALSE       0.7393018 0.002972301 <list[4]>
INFO  [13:16:43.661] [bbotk]  .already_evaluated classif.bbrier warnings errors runtime_learners
INFO  [13:16:43.661] [bbotk]               FALSE     0.02874212        0      0           92.137
INFO  [13:16:43.661] [bbotk]                                 uhash
INFO  [13:16:43.661] [bbotk]  20bcc7a8-3f2d-46b9-a0ce-aaedd1912dab
INFO  [13:16:47.176] [bbotk] Evaluating 1 configuration(s)
INFO  [13:16:57.957] [bbotk] Result of batch 82:
INFO  [13:16:57.969] [bbotk]  mtry.ratio num.trees replace sample.fraction      acq_ei  x_domain
INFO  [13:16:57.969] [bbotk]   0.9438366       274    TRUE       0.3546274 0.002251658 <list[4]>
INFO  [13:16:57.969] [bbotk]  .already_evaluated classif.bbrier warnings errors runtime_learners
INFO  [13:16:57.969] [bbotk]               FALSE     0.03446655        0      0            10.36
INFO  [13:16:57.969] [bbotk]                                 uhash
INFO  [13:16:57.969] [bbotk]  8f500398-ce51-4c40-9f74-130ee11e5e4a
INFO  [13:17:01.403] [bbotk] Evaluating 1 configuration(s)
INFO  [13:18:18.854] [bbotk] Result of batch 83:
INFO  [13:18:18.863] [bbotk]  mtry.ratio num.trees replace sample.fraction      acq_ei  x_domain
INFO  [13:18:18.863] [bbotk]   0.6371727      1637   FALSE       0.8037842 0.001131634 <list[4]>
INFO  [13:18:18.863] [bbotk]  .already_evaluated classif.bbrier warnings errors runtime_learners
INFO  [13:18:18.863] [bbotk]               FALSE     0.02752607        0      0           77.041
INFO  [13:18:18.863] [bbotk]                                 uhash
INFO  [13:18:18.863] [bbotk]  3db78a72-6e5d-41d6-950e-d794fd8fb645
INFO  [13:18:22.937] [bbotk] Evaluating 1 configuration(s)
INFO  [13:19:19.543] [bbotk] Result of batch 84:
INFO  [13:19:19.566] [bbotk]  mtry.ratio num.trees replace sample.fraction      acq_ei  x_domain
INFO  [13:19:19.566] [bbotk]   0.4891254      1346   FALSE       0.7302843 0.003189246 <list[4]>
INFO  [13:19:19.566] [bbotk]  .already_evaluated classif.bbrier warnings errors runtime_learners
INFO  [13:19:19.566] [bbotk]               FALSE     0.02784399        0      0           56.294
INFO  [13:19:19.566] [bbotk]                                 uhash
INFO  [13:19:19.566] [bbotk]  551993fc-1f1e-4975-8249-f39697a9c4be
INFO  [13:19:22.752] [bbotk] Evaluating 1 configuration(s)
INFO  [13:19:30.991] [bbotk] Result of batch 85:
INFO  [13:19:30.999] [bbotk]  mtry.ratio num.trees replace sample.fraction      acq_ei  x_domain
INFO  [13:19:30.999] [bbotk]   0.3785224       206    TRUE       0.4780371 0.001862022 <list[4]>
INFO  [13:19:30.999] [bbotk]  .already_evaluated classif.bbrier warnings errors runtime_learners
INFO  [13:19:30.999] [bbotk]               FALSE     0.03203436        0      0            7.873
INFO  [13:19:30.999] [bbotk]                                 uhash
INFO  [13:19:30.999] [bbotk]  b361c56b-da49-4f95-a120-e1aabbf9f76f
INFO  [13:19:31.228] [bbotk] Finished optimizing after 100 evaluation(s)
INFO  [13:19:31.230] [bbotk] Result:
INFO  [13:19:31.234] [bbotk]  mtry.ratio num.trees replace sample.fraction learner_param_vals  x_domain
INFO  [13:19:31.234] [bbotk]       <num>     <int>  <lgcl>           <num>             <list>    <list>
INFO  [13:19:31.234] [bbotk]   0.4400917      1583   FALSE       0.9877125          <list[5]> <list[4]>
INFO  [13:19:31.234] [bbotk]  classif.bbrier
INFO  [13:19:31.234] [bbotk]           <num>
INFO  [13:19:31.234] [bbotk]      0.02588132
Growing trees.. Progress: 97%. Estimated remaining time: 0 seconds.

### [bt]: Job terminated successfully [batchtools job.id=2653]
### [bt]: Calculation finished!
