### [bt]: This is batchtools v0.9.17
### [bt]: Starting calculation of 1 jobs
### [bt]: Setting working directory to '/content/drive/MyDrive/GitHub/Mater_Thesis_Calibration'
ece.R :
Friedmann_tasks.R :
Functions.R :
ici.R :
mse_feature_effects.R :
PipeOpCalibration_TuningExperiment.R :
PipeOpCalibration.R :
PipeOpCalibrationUnion.R :
### [bt]: Memory measurement disabled
### [bt]: Starting job [batchtools job.id=916]
### [bt]: Generating problem instance for problem 'b541340d6c2eb21d' ...
### [bt]: Applying algorithm 'run_learner' on problem 'b541340d6c2eb21d' for job 916 (seed = 1039) ...
INFO  [12:21:28.749] [mlr3] Applying learner 'rpart TbC isotonic' on task 'kc1' (iter 6/10)
INFO  [12:21:29.568] [bbotk] Starting to optimize 3 parameter(s) with '<OptimizerMbo>' and '<TerminatorEvals> [n_evals=100, k=0]'
INFO  [12:21:30.364] [bbotk] Evaluating 12 configuration(s)
INFO  [12:21:37.383] [bbotk] Result of batch 1:
INFO  [12:21:37.390] [bbotk]         cp minbucket minsplit classif.bbrier warnings errors runtime_learners
INFO  [12:21:37.390] [bbotk]  -3.615941 2.2515131 1.617012      0.1233873        0      0            0.130
INFO  [12:21:37.390] [bbotk]  -7.069819 0.1643196 3.700345      0.1389777        0      0            0.869
INFO  [12:21:37.390] [bbotk]  -5.342880 1.2079164 4.742011      0.1180286        0      0            0.441
INFO  [12:21:37.390] [bbotk]  -8.796758 3.2951100 2.658679      0.1210466        0      0            0.150
INFO  [12:21:37.390] [bbotk]  -7.933288 1.7297149 1.096179      0.1427410        0      0            0.802
INFO  [12:21:37.390] [bbotk]  -4.479411 3.8169084 3.179512      0.1161699        0      0            0.267
INFO  [12:21:37.390] [bbotk]  -2.752472 0.6861180 2.137846      0.1311053        0      0            0.261
INFO  [12:21:37.390] [bbotk]  -6.206350 2.7733115 4.221178      0.1200434        0      0            0.151
INFO  [12:21:37.390] [bbotk]  -8.365023 0.9470172 4.481595      0.1199015        0      0            0.194
INFO  [12:21:37.390] [bbotk]  -4.911145 3.0342108 2.398262      0.1225475        0      0            0.416
INFO  [12:21:37.390] [bbotk]  -3.184207 1.9906141 3.439928      0.1233873        0      0            0.402
INFO  [12:21:37.390] [bbotk]  -6.638084 4.0778076 1.356596      0.1165494        0      0            0.310
INFO  [12:21:37.390] [bbotk]                                 uhash
INFO  [12:21:37.390] [bbotk]  2311e5f1-9bf4-42f5-95f8-34f10c176d9f
INFO  [12:21:37.390] [bbotk]  3e43ba88-16fe-4296-9bda-3ccd86045f28
INFO  [12:21:37.390] [bbotk]  cc0deac7-c7f5-4964-a934-f5c7715a2c41
INFO  [12:21:37.390] [bbotk]  bb0e33d5-6d7d-472d-8b2e-3502726db0c3
INFO  [12:21:37.390] [bbotk]  f4524c70-b637-4a73-8e09-e22108b4c113
INFO  [12:21:37.390] [bbotk]  eb654d80-6c6b-41e3-bba1-b69269f4d917
INFO  [12:21:37.390] [bbotk]  ed1baafa-ff4d-4e14-886a-af708570c4dd
INFO  [12:21:37.390] [bbotk]  34fc7965-ba26-401e-bb6a-5e4f74de3ed2
INFO  [12:21:37.390] [bbotk]  b66d2779-f5fd-4723-964c-b385654b4c0d
INFO  [12:21:37.390] [bbotk]  6283c089-8143-488b-b093-ae3403f4dcf3
INFO  [12:21:37.390] [bbotk]  da8b0f97-6f8e-408f-84df-4ddcf36afbee
INFO  [12:21:37.390] [bbotk]  2db40e4d-f353-464a-a514-d9b6e07c5451
INFO  [12:21:41.235] [bbotk] Evaluating 1 configuration(s)
INFO  [12:21:41.585] [bbotk] Result of batch 2:
INFO  [12:21:41.592] [bbotk]         cp minbucket minsplit     acq_ei  x_domain .already_evaluated
INFO  [12:21:41.592] [bbotk]  -2.476699  4.173707 1.306611 0.01376019 <list[3]>              FALSE
INFO  [12:21:41.592] [bbotk]  classif.bbrier warnings errors runtime_learners
INFO  [12:21:41.592] [bbotk]       0.1311053        0      0            0.099
INFO  [12:21:41.592] [bbotk]                                 uhash
INFO  [12:21:41.592] [bbotk]  17770190-308a-4965-a62c-bfdbadbfe397
INFO  [12:21:44.031] [bbotk] Evaluating 1 configuration(s)
INFO  [12:21:44.402] [bbotk] Result of batch 3:
INFO  [12:21:44.416] [bbotk]         cp minbucket minsplit      acq_ei  x_domain .already_evaluated
INFO  [12:21:44.416] [bbotk]  -6.328497  4.089387 1.130989 0.001836928 <list[3]>              FALSE
INFO  [12:21:44.416] [bbotk]  classif.bbrier warnings errors runtime_learners
INFO  [12:21:44.416] [bbotk]       0.1165494        0      0            0.132
INFO  [12:21:44.416] [bbotk]                                 uhash
INFO  [12:21:44.416] [bbotk]  467d50e9-2ada-4d70-8717-3280dd92f043
INFO  [12:21:47.192] [bbotk] Evaluating 1 configuration(s)
INFO  [12:21:47.686] [bbotk] Result of batch 4:
INFO  [12:21:47.696] [bbotk]         cp minbucket minsplit      acq_ei  x_domain .already_evaluated
INFO  [12:21:47.696] [bbotk]  -4.354165  2.963644 4.772272 0.001762893 <list[3]>              FALSE
INFO  [12:21:47.696] [bbotk]  classif.bbrier warnings errors runtime_learners
INFO  [12:21:47.696] [bbotk]       0.1177231        0      0            0.127
INFO  [12:21:47.696] [bbotk]                                 uhash
INFO  [12:21:47.696] [bbotk]  e16104f6-f112-47d2-b5fc-a9c478f47c36
INFO  [12:21:51.272] [bbotk] Evaluating 1 configuration(s)
INFO  [12:21:51.815] [bbotk] Result of batch 5:
INFO  [12:21:51.843] [bbotk]         cp minbucket minsplit      acq_ei  x_domain .already_evaluated
INFO  [12:21:51.843] [bbotk]  -6.158381  3.799206 1.204616 0.002204219 <list[3]>              FALSE
INFO  [12:21:51.843] [bbotk]  classif.bbrier warnings errors runtime_learners
INFO  [12:21:51.843] [bbotk]       0.1180698        0      0            0.222
INFO  [12:21:51.843] [bbotk]                                 uhash
INFO  [12:21:51.843] [bbotk]  ef1dbac7-9ae7-48b4-8857-f597b0fc5629
INFO  [12:21:55.761] [bbotk] Evaluating 1 configuration(s)
INFO  [12:21:56.106] [bbotk] Result of batch 6:
INFO  [12:21:56.141] [bbotk]         cp minbucket minsplit      acq_ei  x_domain .already_evaluated
INFO  [12:21:56.141] [bbotk]  -8.932809  1.275378 4.743249 0.001584612 <list[3]>              FALSE
INFO  [12:21:56.141] [bbotk]  classif.bbrier warnings errors runtime_learners
INFO  [12:21:56.141] [bbotk]       0.1163914        0      0            0.128
INFO  [12:21:56.141] [bbotk]                                 uhash
INFO  [12:21:56.141] [bbotk]  aec051a3-ab5a-40a3-ba30-62c81fa95e87
INFO  [12:22:00.061] [bbotk] Evaluating 1 configuration(s)
INFO  [12:22:00.620] [bbotk] Result of batch 7:
INFO  [12:22:00.640] [bbotk]         cp minbucket minsplit      acq_ei  x_domain .already_evaluated
INFO  [12:22:00.640] [bbotk]  -5.801677  4.097537 3.912442 0.002955047 <list[3]>              FALSE
INFO  [12:22:00.640] [bbotk]  classif.bbrier warnings errors runtime_learners
INFO  [12:22:00.640] [bbotk]       0.1239137        0      0            0.312
INFO  [12:22:00.640] [bbotk]                                 uhash
INFO  [12:22:00.640] [bbotk]  075bffed-ec21-4701-a426-7b57e99183c0
INFO  [12:22:03.217] [bbotk] Evaluating 1 configuration(s)
INFO  [12:22:03.521] [bbotk] Result of batch 8:
INFO  [12:22:03.529] [bbotk]         cp minbucket minsplit      acq_ei  x_domain .already_evaluated
INFO  [12:22:03.529] [bbotk]  -4.142501  4.057594 3.419257 0.001276813 <list[3]>              FALSE
INFO  [12:22:03.529] [bbotk]  classif.bbrier warnings errors runtime_learners
INFO  [12:22:03.529] [bbotk]       0.1239137        0      0            0.115
INFO  [12:22:03.529] [bbotk]                                 uhash
INFO  [12:22:03.529] [bbotk]  20271a89-331e-4a82-a0ae-c7df22034e69
INFO  [12:22:06.818] [bbotk] Evaluating 1 configuration(s)
INFO  [12:22:07.437] [bbotk] Result of batch 9:
INFO  [12:22:07.449] [bbotk]         cp minbucket minsplit      acq_ei  x_domain .already_evaluated
INFO  [12:22:07.449] [bbotk]  -8.634837 0.2828117 4.789468 0.001745512 <list[3]>              FALSE
INFO  [12:22:07.449] [bbotk]  classif.bbrier warnings errors runtime_learners
INFO  [12:22:07.449] [bbotk]          0.1185        0      0            0.248
INFO  [12:22:07.449] [bbotk]                                 uhash
INFO  [12:22:07.449] [bbotk]  983ce05b-4bb7-440a-bdee-6a70ea0c1de4
INFO  [12:22:11.358] [bbotk] Evaluating 1 configuration(s)
INFO  [12:22:11.958] [bbotk] Result of batch 10:
INFO  [12:22:11.996] [bbotk]         cp minbucket minsplit      acq_ei  x_domain .already_evaluated
INFO  [12:22:11.996] [bbotk]  -9.173666 0.1604607 4.747046 0.001382114 <list[3]>              FALSE
INFO  [12:22:11.996] [bbotk]  classif.bbrier warnings errors runtime_learners
INFO  [12:22:11.996] [bbotk]       0.1191567        0      0            0.213
INFO  [12:22:11.996] [bbotk]                                 uhash
INFO  [12:22:11.996] [bbotk]  e7b19d57-f1a8-4a7d-bb3d-ef36ab2e360c
INFO  [12:22:15.811] [bbotk] Evaluating 1 configuration(s)
INFO  [12:22:16.412] [bbotk] Result of batch 11:
INFO  [12:22:16.420] [bbotk]         cp minbucket minsplit      acq_ei  x_domain .already_evaluated
INFO  [12:22:16.420] [bbotk]  -5.683469  3.636636 3.023738 0.002488017 <list[3]>              FALSE
INFO  [12:22:16.420] [bbotk]  classif.bbrier warnings errors runtime_learners
INFO  [12:22:16.420] [bbotk]       0.1180698        0      0            0.205
INFO  [12:22:16.420] [bbotk]                                 uhash
INFO  [12:22:16.420] [bbotk]  20b76a69-d361-46e4-9fb2-57e9b0ab4da7
INFO  [12:22:20.471] [bbotk] Evaluating 1 configuration(s)
INFO  [12:22:22.019] [bbotk] Result of batch 12:
INFO  [12:22:22.028] [bbotk]         cp minbucket minsplit      acq_ei  x_domain .already_evaluated
INFO  [12:22:22.028] [bbotk]  -3.759303  3.529554 3.057681 0.001715928 <list[3]>              FALSE
INFO  [12:22:22.028] [bbotk]  classif.bbrier warnings errors runtime_learners
INFO  [12:22:22.028] [bbotk]       0.1233873        0      0            1.049
INFO  [12:22:22.028] [bbotk]                                 uhash
INFO  [12:22:22.028] [bbotk]  66407ce9-4645-4821-9bc4-2e52ece0e686
INFO  [12:22:25.300] [bbotk] Evaluating 1 configuration(s)
INFO  [12:22:26.065] [bbotk] Result of batch 13:
INFO  [12:22:26.085] [bbotk]        cp minbucket minsplit      acq_ei  x_domain .already_evaluated
INFO  [12:22:26.085] [bbotk]  -4.71584  2.254683 4.850555 0.001475852 <list[3]>              FALSE
INFO  [12:22:26.085] [bbotk]  classif.bbrier warnings errors runtime_learners
INFO  [12:22:26.085] [bbotk]       0.1173941        0      0              0.4
INFO  [12:22:26.085] [bbotk]                                 uhash
INFO  [12:22:26.085] [bbotk]  d6b30ba2-5686-49b9-b343-9f6a4ae75967
INFO  [12:22:29.879] [bbotk] Evaluating 1 configuration(s)
INFO  [12:22:30.607] [bbotk] Result of batch 14:
INFO  [12:22:30.618] [bbotk]         cp minbucket  minsplit      acq_ei  x_domain .already_evaluated
INFO  [12:22:30.618] [bbotk]  -5.571755 0.3292304 0.7965635 0.001566334 <list[3]>              FALSE
INFO  [12:22:30.618] [bbotk]  classif.bbrier warnings errors runtime_learners
INFO  [12:22:30.618] [bbotk]       0.1719055        0      0            0.275
INFO  [12:22:30.618] [bbotk]                                 uhash
INFO  [12:22:30.618] [bbotk]  92e327f2-1194-4482-b0b7-f68809042322
INFO  [12:22:33.417] [bbotk] Evaluating 1 configuration(s)
INFO  [12:22:34.603] [bbotk] Result of batch 15:
INFO  [12:22:34.613] [bbotk]         cp minbucket  minsplit      acq_ei  x_domain .already_evaluated
INFO  [12:22:34.613] [bbotk]  -9.080573  4.150316 0.9889293 0.002042827 <list[3]>              FALSE
INFO  [12:22:34.613] [bbotk]  classif.bbrier warnings errors runtime_learners
INFO  [12:22:34.613] [bbotk]       0.1239137        0      0            0.649
INFO  [12:22:34.613] [bbotk]                                 uhash
INFO  [12:22:34.613] [bbotk]  07fba1d7-03ba-4c03-ab38-7843dcb607c3
INFO  [12:22:38.815] [bbotk] Evaluating 1 configuration(s)
INFO  [12:22:39.182] [bbotk] Result of batch 16:
INFO  [12:22:39.203] [bbotk]         cp minbucket minsplit     acq_ei  x_domain .already_evaluated
INFO  [12:22:39.203] [bbotk]  -2.534687 0.5835457 4.851262 0.00187256 <list[3]>              FALSE
INFO  [12:22:39.203] [bbotk]  classif.bbrier warnings errors runtime_learners
INFO  [12:22:39.203] [bbotk]       0.1311053        0      0            0.134
INFO  [12:22:39.203] [bbotk]                                 uhash
INFO  [12:22:39.203] [bbotk]  28aed425-680b-41cf-bb6a-ef667d419682
INFO  [12:22:42.711] [bbotk] Evaluating 1 configuration(s)
INFO  [12:22:43.102] [bbotk] Result of batch 17:
INFO  [12:22:43.110] [bbotk]         cp minbucket minsplit      acq_ei  x_domain .already_evaluated
INFO  [12:22:43.110] [bbotk]  -9.045431  1.828803  4.83978 0.001493143 <list[3]>              FALSE
INFO  [12:22:43.110] [bbotk]  classif.bbrier warnings errors runtime_learners
INFO  [12:22:43.110] [bbotk]       0.1169653        0      0            0.129
INFO  [12:22:43.110] [bbotk]                                 uhash
INFO  [12:22:43.110] [bbotk]  0d0e86c0-e4ae-4423-9c3b-0cd288eee533
INFO  [12:22:49.264] [bbotk] Evaluating 1 configuration(s)
INFO  [12:22:49.897] [bbotk] Result of batch 18:
INFO  [12:22:49.923] [bbotk]         cp minbucket minsplit      acq_ei  x_domain .already_evaluated
INFO  [12:22:49.923] [bbotk]  -5.176096  4.162873 1.073751 0.001015145 <list[3]>              FALSE
INFO  [12:22:49.923] [bbotk]  classif.bbrier warnings errors runtime_learners
INFO  [12:22:49.923] [bbotk]       0.1239137        0      0            0.139
INFO  [12:22:49.923] [bbotk]                                 uhash
INFO  [12:22:49.923] [bbotk]  b319ad9c-3944-40b1-a551-3a18aec32b8e
INFO  [12:22:52.788] [bbotk] Evaluating 1 configuration(s)
INFO  [12:22:53.679] [bbotk] Result of batch 19:
INFO  [12:22:53.687] [bbotk]         cp minbucket minsplit      acq_ei  x_domain .already_evaluated
INFO  [12:22:53.687] [bbotk]  -7.194875  4.151869  1.93358 0.001610024 <list[3]>              FALSE
INFO  [12:22:53.687] [bbotk]  classif.bbrier warnings errors runtime_learners
INFO  [12:22:53.687] [bbotk]       0.1239137        0      0            0.609
INFO  [12:22:53.687] [bbotk]                                 uhash
INFO  [12:22:53.687] [bbotk]  4243901a-70cd-4d6d-a30b-528050b1b410
INFO  [12:22:57.116] [bbotk] Evaluating 1 configuration(s)
INFO  [12:22:58.018] [bbotk] Result of batch 20:
INFO  [12:22:58.026] [bbotk]         cp minbucket minsplit      acq_ei  x_domain .already_evaluated
INFO  [12:22:58.026] [bbotk]  -7.099904  2.292098 4.857805 0.001592121 <list[3]>              FALSE
INFO  [12:22:58.026] [bbotk]  classif.bbrier warnings errors runtime_learners
INFO  [12:22:58.026] [bbotk]       0.1175135        0      0            0.634
INFO  [12:22:58.026] [bbotk]                                 uhash
INFO  [12:22:58.026] [bbotk]  81134024-1e8e-42c7-97ba-35efa32634e0
INFO  [12:23:01.689] [bbotk] Evaluating 1 configuration(s)
INFO  [12:23:02.034] [bbotk] Result of batch 21:
INFO  [12:23:02.048] [bbotk]         cp minbucket minsplit      acq_ei  x_domain .already_evaluated
INFO  [12:23:02.048] [bbotk]  -6.788568  2.988512 3.250147 0.001247868 <list[3]>              FALSE
INFO  [12:23:02.048] [bbotk]  classif.bbrier warnings errors runtime_learners
INFO  [12:23:02.048] [bbotk]       0.1253653        0      0             0.13
INFO  [12:23:02.048] [bbotk]                                 uhash
INFO  [12:23:02.048] [bbotk]  d0668ff8-938e-4420-858d-c848354a25da
INFO  [12:23:05.673] [bbotk] Evaluating 1 configuration(s)
INFO  [12:23:06.231] [bbotk] Result of batch 22:
INFO  [12:23:06.239] [bbotk]         cp minbucket minsplit      acq_ei  x_domain .already_evaluated
INFO  [12:23:06.239] [bbotk]  -5.692829  2.112199 4.858711 0.001277525 <list[3]>              FALSE
INFO  [12:23:06.239] [bbotk]  classif.bbrier warnings errors runtime_learners
INFO  [12:23:06.239] [bbotk]       0.1173466        0      0            0.241
INFO  [12:23:06.239] [bbotk]                                 uhash
INFO  [12:23:06.239] [bbotk]  5b871a1a-7391-4ef3-af47-0785cb4cb9ab
INFO  [12:23:11.238] [bbotk] Evaluating 1 configuration(s)
INFO  [12:23:11.779] [bbotk] Result of batch 23:
INFO  [12:23:11.790] [bbotk]         cp minbucket minsplit      acq_ei  x_domain .already_evaluated
INFO  [12:23:11.790] [bbotk]  -6.082591  1.989982 4.666417 0.001071565 <list[3]>              FALSE
INFO  [12:23:11.790] [bbotk]  classif.bbrier warnings errors runtime_learners
INFO  [12:23:11.790] [bbotk]       0.1180587        0      0            0.288
INFO  [12:23:11.790] [bbotk]                                 uhash
INFO  [12:23:11.790] [bbotk]  e13a9591-d3f7-4338-b340-4df42fbb33c9
INFO  [12:23:15.838] [bbotk] Evaluating 1 configuration(s)
INFO  [12:23:17.522] [bbotk] Result of batch 24:
INFO  [12:23:17.549] [bbotk]         cp minbucket minsplit      acq_ei  x_domain .already_evaluated
INFO  [12:23:17.549] [bbotk]  -6.829928  3.460628 1.479397 0.001003145 <list[3]>              FALSE
INFO  [12:23:17.549] [bbotk]  classif.bbrier warnings errors runtime_learners
INFO  [12:23:17.549] [bbotk]       0.1193053        0      0            0.728
INFO  [12:23:17.549] [bbotk]                                 uhash
INFO  [12:23:17.549] [bbotk]  b23c9738-5030-4796-9e71-85f76d41f426
INFO  [12:23:22.340] [bbotk] Evaluating 1 configuration(s)
INFO  [12:23:22.746] [bbotk] Result of batch 25:
INFO  [12:23:22.755] [bbotk]         cp minbucket minsplit       acq_ei  x_domain .already_evaluated
INFO  [12:23:22.755] [bbotk]  -8.970382  2.783625 4.844405 0.0009485764 <list[3]>              FALSE
INFO  [12:23:22.755] [bbotk]  classif.bbrier warnings errors runtime_learners
INFO  [12:23:22.755] [bbotk]       0.1186524        0      0            0.132
INFO  [12:23:22.755] [bbotk]                                 uhash
INFO  [12:23:22.755] [bbotk]  d766d55b-56ff-40d2-a831-159cbaf88536
INFO  [12:23:26.574] [bbotk] Evaluating 1 configuration(s)
INFO  [12:23:27.043] [bbotk] Result of batch 26:
INFO  [12:23:27.066] [bbotk]         cp minbucket minsplit       acq_ei  x_domain .already_evaluated
INFO  [12:23:27.066] [bbotk]  -8.495042  1.208188 4.823159 0.0008765516 <list[3]>              FALSE
INFO  [12:23:27.066] [bbotk]  classif.bbrier warnings errors runtime_learners
INFO  [12:23:27.066] [bbotk]       0.1157347        0      0            0.189
INFO  [12:23:27.066] [bbotk]                                 uhash
INFO  [12:23:27.066] [bbotk]  be78b453-0e79-4f07-bb24-d681fed7d95e
INFO  [12:23:31.483] [bbotk] Evaluating 1 configuration(s)
INFO  [12:23:32.245] [bbotk] Result of batch 27:
INFO  [12:23:32.265] [bbotk]         cp minbucket minsplit       acq_ei  x_domain .already_evaluated
INFO  [12:23:32.265] [bbotk]  -8.924617  1.155898 4.796457 0.0006396651 <list[3]>              FALSE
INFO  [12:23:32.265] [bbotk]  classif.bbrier warnings errors runtime_learners
INFO  [12:23:32.265] [bbotk]       0.1157347        0      0            0.156
INFO  [12:23:32.265] [bbotk]                                 uhash
INFO  [12:23:32.265] [bbotk]  02b21d3a-0a93-425e-b77c-7070f8786e21
INFO  [12:23:35.966] [bbotk] Evaluating 1 configuration(s)
INFO  [12:23:36.506] [bbotk] Result of batch 28:
INFO  [12:23:36.514] [bbotk]         cp minbucket minsplit      acq_ei  x_domain .already_evaluated
INFO  [12:23:36.514] [bbotk]  -4.820385  2.930806 3.324842 0.002816839 <list[3]>              FALSE
INFO  [12:23:36.514] [bbotk]  classif.bbrier warnings errors runtime_learners
INFO  [12:23:36.514] [bbotk]       0.1226945        0      0            0.248
INFO  [12:23:36.514] [bbotk]                                 uhash
INFO  [12:23:36.514] [bbotk]  3974f49b-71c6-42aa-8679-fcf250f8e158
INFO  [12:23:40.136] [bbotk] Evaluating 1 configuration(s)
INFO  [12:23:40.419] [bbotk] Result of batch 29:
INFO  [12:23:40.427] [bbotk]         cp minbucket minsplit       acq_ei  x_domain .already_evaluated
INFO  [12:23:40.427] [bbotk]  -7.705289  4.171308 2.809584 0.0007312159 <list[3]>              FALSE
INFO  [12:23:40.427] [bbotk]  classif.bbrier warnings errors runtime_learners
INFO  [12:23:40.427] [bbotk]       0.1239137        0      0            0.092
INFO  [12:23:40.427] [bbotk]                                 uhash
INFO  [12:23:40.427] [bbotk]  b70f8180-5300-4bf2-8324-1fd217f10611
INFO  [12:23:46.370] [bbotk] Evaluating 1 configuration(s)
INFO  [12:23:46.830] [bbotk] Result of batch 30:
INFO  [12:23:46.842] [bbotk]         cp minbucket minsplit       acq_ei  x_domain .already_evaluated
INFO  [12:23:46.842] [bbotk]  -9.193606  1.228354 4.844773 0.0009726985 <list[3]>              FALSE
INFO  [12:23:46.842] [bbotk]  classif.bbrier warnings errors runtime_learners
INFO  [12:23:46.842] [bbotk]       0.1157347        0      0            0.197
INFO  [12:23:46.842] [bbotk]                                 uhash
INFO  [12:23:46.842] [bbotk]  25368502-7e60-4ab0-9795-97ac8207a405
INFO  [12:23:50.683] [bbotk] Evaluating 1 configuration(s)
INFO  [12:23:51.092] [bbotk] Result of batch 31:
INFO  [12:23:51.108] [bbotk]         cp minbucket minsplit       acq_ei  x_domain .already_evaluated
INFO  [12:23:51.108] [bbotk]  -9.115171  1.001544 4.820364 0.0007698412 <list[3]>              FALSE
INFO  [12:23:51.108] [bbotk]  classif.bbrier warnings errors runtime_learners
INFO  [12:23:51.108] [bbotk]       0.1161856        0      0            0.185
INFO  [12:23:51.108] [bbotk]                                 uhash
INFO  [12:23:51.108] [bbotk]  e3861e1d-c7f9-42c6-aa2b-243889193d72
INFO  [12:23:55.423] [bbotk] Evaluating 1 configuration(s)
INFO  [12:23:56.241] [bbotk] Result of batch 32:
INFO  [12:23:56.260] [bbotk]        cp minbucket minsplit      acq_ei  x_domain .already_evaluated
INFO  [12:23:56.260] [bbotk]  -4.88862  4.123485 2.759543 0.002652386 <list[3]>              FALSE
INFO  [12:23:56.260] [bbotk]  classif.bbrier warnings errors runtime_learners
INFO  [12:23:56.260] [bbotk]       0.1239137        0      0            0.371
INFO  [12:23:56.260] [bbotk]                                 uhash
INFO  [12:23:56.260] [bbotk]  489995f5-3b44-4f3f-b36d-61fe0f74124f
INFO  [12:24:00.541] [bbotk] Evaluating 1 configuration(s)
INFO  [12:24:00.842] [bbotk] Result of batch 33:
INFO  [12:24:00.864] [bbotk]         cp minbucket minsplit      acq_ei  x_domain .already_evaluated
INFO  [12:24:00.864] [bbotk]  -8.884077  1.107595 4.854519 0.000756362 <list[3]>              FALSE
INFO  [12:24:00.864] [bbotk]  classif.bbrier warnings errors runtime_learners
INFO  [12:24:00.864] [bbotk]       0.1147238        0      0            0.122
INFO  [12:24:00.864] [bbotk]                                 uhash
INFO  [12:24:00.864] [bbotk]  db2b0192-0ff8-4b33-a101-d027e16aa13d
INFO  [12:24:04.198] [bbotk] Evaluating 1 configuration(s)
INFO  [12:24:05.167] [bbotk] Result of batch 34:
INFO  [12:24:05.197] [bbotk]         cp minbucket minsplit       acq_ei  x_domain .already_evaluated
INFO  [12:24:05.197] [bbotk]  -9.099114  1.193828 4.850899 0.0004407275 <list[3]>              FALSE
INFO  [12:24:05.197] [bbotk]  classif.bbrier warnings errors runtime_learners
INFO  [12:24:05.197] [bbotk]       0.1157347        0      0            0.413
INFO  [12:24:05.197] [bbotk]                                 uhash
INFO  [12:24:05.197] [bbotk]  e7c79f3f-7b46-4f4d-a3fc-119c38701826
INFO  [12:24:11.280] [bbotk] Evaluating 1 configuration(s)
INFO  [12:24:11.670] [bbotk] Result of batch 35:
INFO  [12:24:11.694] [bbotk]         cp minbucket minsplit      acq_ei  x_domain .already_evaluated
INFO  [12:24:11.694] [bbotk]  -8.575405  1.188009 4.851566 0.000433284 <list[3]>              FALSE
INFO  [12:24:11.694] [bbotk]  classif.bbrier warnings errors runtime_learners
INFO  [12:24:11.694] [bbotk]       0.1157347        0      0            0.166
INFO  [12:24:11.694] [bbotk]                                 uhash
INFO  [12:24:11.694] [bbotk]  5de814e1-bc93-4167-a186-4d0ccecbe248
INFO  [12:24:15.056] [bbotk] Evaluating 1 configuration(s)
INFO  [12:24:15.508] [bbotk] Result of batch 36:
INFO  [12:24:15.521] [bbotk]         cp minbucket minsplit       acq_ei  x_domain .already_evaluated
INFO  [12:24:15.521] [bbotk]  -5.283759  3.584685 4.842232 0.0004070716 <list[3]>              FALSE
INFO  [12:24:15.521] [bbotk]  classif.bbrier warnings errors runtime_learners
INFO  [12:24:15.521] [bbotk]       0.1254925        0      0            0.182
INFO  [12:24:15.521] [bbotk]                                 uhash
INFO  [12:24:15.521] [bbotk]  f3388f10-6533-46af-8767-02ef3a88f4a8
INFO  [12:24:19.794] [bbotk] Evaluating 1 configuration(s)
INFO  [12:24:20.262] [bbotk] Result of batch 37:
INFO  [12:24:20.274] [bbotk]         cp minbucket minsplit      acq_ei  x_domain .already_evaluated
INFO  [12:24:20.274] [bbotk]  -3.194936  2.657076 4.368367 0.001575424 <list[3]>              FALSE
INFO  [12:24:20.274] [bbotk]  classif.bbrier warnings errors runtime_learners
INFO  [12:24:20.274] [bbotk]       0.1233873        0      0            0.158
INFO  [12:24:20.274] [bbotk]                                 uhash
INFO  [12:24:20.274] [bbotk]  7c57420b-4f1c-4a7b-8cc3-6ce661422732
INFO  [12:24:24.497] [bbotk] Evaluating 1 configuration(s)
INFO  [12:24:25.221] [bbotk] Result of batch 38:
INFO  [12:24:25.227] [bbotk]        cp minbucket minsplit      acq_ei  x_domain .already_evaluated
INFO  [12:24:25.227] [bbotk]  -5.12782  4.170544 3.153049 0.001016568 <list[3]>              FALSE
INFO  [12:24:25.227] [bbotk]  classif.bbrier warnings errors runtime_learners
INFO  [12:24:25.227] [bbotk]       0.1239137        0      0            0.191
INFO  [12:24:25.227] [bbotk]                                 uhash
INFO  [12:24:25.227] [bbotk]  66865ae2-b8e8-4270-88e2-6c680935867f
INFO  [12:24:29.964] [bbotk] Evaluating 1 configuration(s)
INFO  [12:24:30.319] [bbotk] Result of batch 39:
INFO  [12:24:30.335] [bbotk]         cp minbucket minsplit       acq_ei  x_domain .already_evaluated
INFO  [12:24:30.335] [bbotk]  -8.080591  1.131489 4.853953 0.0003600408 <list[3]>              FALSE
INFO  [12:24:30.335] [bbotk]  classif.bbrier warnings errors runtime_learners
INFO  [12:24:30.335] [bbotk]       0.1147238        0      0            0.126
INFO  [12:24:30.335] [bbotk]                                 uhash
INFO  [12:24:30.335] [bbotk]  f60efdb8-66b3-4180-ad3f-0407f93631f7
INFO  [12:24:33.342] [bbotk] Evaluating 1 configuration(s)
INFO  [12:24:34.109] [bbotk] Result of batch 40:
INFO  [12:24:34.134] [bbotk]         cp minbucket minsplit       acq_ei  x_domain .already_evaluated
INFO  [12:24:34.134] [bbotk]  -8.537876  1.188326 4.834422 0.0003383699 <list[3]>              FALSE
INFO  [12:24:34.134] [bbotk]  classif.bbrier warnings errors runtime_learners
INFO  [12:24:34.134] [bbotk]       0.1157347        0      0            0.286
INFO  [12:24:34.134] [bbotk]                                 uhash
INFO  [12:24:34.134] [bbotk]  559af9fe-b25f-4273-a57f-ebed5f95c52d
INFO  [12:24:39.688] [bbotk] Evaluating 1 configuration(s)
INFO  [12:24:40.104] [bbotk] Result of batch 41:
INFO  [12:24:40.121] [bbotk]         cp minbucket  minsplit      acq_ei  x_domain .already_evaluated
INFO  [12:24:40.121] [bbotk]  -7.041125  3.968187 0.7108258 0.002803392 <list[3]>              FALSE
INFO  [12:24:40.121] [bbotk]  classif.bbrier warnings errors runtime_learners
INFO  [12:24:40.121] [bbotk]       0.1182119        0      0            0.183
INFO  [12:24:40.121] [bbotk]                                 uhash
INFO  [12:24:40.121] [bbotk]  e145818b-7b5a-4f08-8a3c-9483e8498374
INFO  [12:24:44.799] [bbotk] Evaluating 1 configuration(s)
INFO  [12:24:45.213] [bbotk] Result of batch 42:
INFO  [12:24:45.224] [bbotk]         cp minbucket minsplit       acq_ei  x_domain .already_evaluated
INFO  [12:24:45.224] [bbotk]  -9.063307  3.748371 3.507144 0.0006942818 <list[3]>              FALSE
INFO  [12:24:45.224] [bbotk]  classif.bbrier warnings errors runtime_learners
INFO  [12:24:45.224] [bbotk]       0.1180698        0      0            0.105
INFO  [12:24:45.224] [bbotk]                                 uhash
INFO  [12:24:45.224] [bbotk]  013a5d36-a17d-4d56-9263-c86f146eb69b
INFO  [12:24:48.994] [bbotk] Evaluating 1 configuration(s)
INFO  [12:24:49.306] [bbotk] Result of batch 43:
INFO  [12:24:49.315] [bbotk]         cp minbucket minsplit       acq_ei  x_domain .already_evaluated
INFO  [12:24:49.315] [bbotk]  -9.188044  2.916852 1.436586 0.0004903678 <list[3]>              FALSE
INFO  [12:24:49.315] [bbotk]  classif.bbrier warnings errors runtime_learners
INFO  [12:24:49.315] [bbotk]       0.1253538        0      0            0.125
INFO  [12:24:49.315] [bbotk]                                 uhash
INFO  [12:24:49.315] [bbotk]  53dc436b-f951-4909-9d89-2092b7fb17db
INFO  [12:24:53.220] [bbotk] Evaluating 1 configuration(s)
INFO  [12:24:53.993] [bbotk] Result of batch 44:
INFO  [12:24:54.013] [bbotk]         cp minbucket minsplit       acq_ei  x_domain .already_evaluated
INFO  [12:24:54.013] [bbotk]  -7.927408  1.012746 4.846193 0.0002970108 <list[3]>              FALSE
INFO  [12:24:54.013] [bbotk]  classif.bbrier warnings errors runtime_learners
INFO  [12:24:54.013] [bbotk]       0.1161856        0      0            0.193
INFO  [12:24:54.013] [bbotk]                                 uhash
INFO  [12:24:54.013] [bbotk]  d06ebeb6-fb7f-4985-9fc3-8810c01ad3af
INFO  [12:24:58.514] [bbotk] Evaluating 1 configuration(s)
INFO  [12:24:59.366] [bbotk] Result of batch 45:
INFO  [12:24:59.395] [bbotk]         cp minbucket minsplit      acq_ei  x_domain .already_evaluated
INFO  [12:24:59.395] [bbotk]  -2.366467  1.538094 2.328132 0.000458183 <list[3]>              FALSE
INFO  [12:24:59.395] [bbotk]  classif.bbrier warnings errors runtime_learners
INFO  [12:24:59.395] [bbotk]       0.1311053        0      0            0.295
INFO  [12:24:59.395] [bbotk]                                 uhash
INFO  [12:24:59.395] [bbotk]  4266a0b4-f2a0-4f6f-8357-7cd623bfdddc
INFO  [12:25:03.983] [bbotk] Evaluating 1 configuration(s)
INFO  [12:25:04.377] [bbotk] Result of batch 46:
INFO  [12:25:04.383] [bbotk]         cp minbucket  minsplit       acq_ei  x_domain .already_evaluated
INFO  [12:25:04.383] [bbotk]  -3.402575  3.197307 0.8077573 0.0008429236 <list[3]>              FALSE
INFO  [12:25:04.383] [bbotk]  classif.bbrier warnings errors runtime_learners
INFO  [12:25:04.383] [bbotk]       0.1233873        0      0            0.138
INFO  [12:25:04.383] [bbotk]                                 uhash
INFO  [12:25:04.383] [bbotk]  5b1880e9-f90f-48b5-8e75-9f34f9522397
INFO  [12:25:09.983] [bbotk] Evaluating 1 configuration(s)
INFO  [12:25:10.334] [bbotk] Result of batch 47:
INFO  [12:25:10.375] [bbotk]         cp minbucket minsplit      acq_ei  x_domain .already_evaluated
INFO  [12:25:10.375] [bbotk]  -4.391585  3.256332  2.04607 0.002550848 <list[3]>              FALSE
INFO  [12:25:10.375] [bbotk]  classif.bbrier warnings errors runtime_learners
INFO  [12:25:10.375] [bbotk]       0.1177926        0      0            0.094
INFO  [12:25:10.375] [bbotk]                                 uhash
INFO  [12:25:10.375] [bbotk]  0384bed7-7621-4820-81cb-8f08f302cbc5
INFO  [12:25:13.765] [bbotk] Evaluating 1 configuration(s)
INFO  [12:25:14.184] [bbotk] Result of batch 48:
INFO  [12:25:14.193] [bbotk]         cp minbucket minsplit       acq_ei  x_domain .already_evaluated
INFO  [12:25:14.193] [bbotk]  -4.132129   1.65594 4.737452 0.0007379269 <list[3]>              FALSE
INFO  [12:25:14.193] [bbotk]  classif.bbrier warnings errors runtime_learners
INFO  [12:25:14.193] [bbotk]        0.117316        0      0            0.123
INFO  [12:25:14.193] [bbotk]                                 uhash
INFO  [12:25:14.193] [bbotk]  7909631a-01e1-4dff-b629-2196b490109c
INFO  [12:25:20.290] [bbotk] Evaluating 1 configuration(s)
INFO  [12:25:22.071] [bbotk] Result of batch 49:
INFO  [12:25:22.080] [bbotk]         cp minbucket minsplit       acq_ei  x_domain .already_evaluated
INFO  [12:25:22.080] [bbotk]  -8.205687   1.52336 4.856555 0.0003754256 <list[3]>              FALSE
INFO  [12:25:22.080] [bbotk]  classif.bbrier warnings errors runtime_learners
INFO  [12:25:22.080] [bbotk]       0.1166149        0      0            1.279
INFO  [12:25:22.080] [bbotk]                                 uhash
INFO  [12:25:22.080] [bbotk]  1f6aa088-d7b8-410a-9a80-9eb13fab502a
INFO  [12:25:25.496] [bbotk] Evaluating 1 configuration(s)
INFO  [12:25:25.939] [bbotk] Result of batch 50:
INFO  [12:25:25.947] [bbotk]         cp minbucket minsplit       acq_ei  x_domain .already_evaluated
INFO  [12:25:25.947] [bbotk]  -7.251051  1.180789 4.837836 0.0002776007 <list[3]>              FALSE
INFO  [12:25:25.947] [bbotk]  classif.bbrier warnings errors runtime_learners
INFO  [12:25:25.947] [bbotk]       0.1157347        0      0            0.181
INFO  [12:25:25.947] [bbotk]                                 uhash
INFO  [12:25:25.947] [bbotk]  3d6d92ad-c3a2-4efd-8453-c5d52b2c8b43
INFO  [12:25:29.920] [bbotk] Evaluating 1 configuration(s)
INFO  [12:25:30.357] [bbotk] Result of batch 51:
INFO  [12:25:30.378] [bbotk]         cp minbucket minsplit      acq_ei  x_domain .already_evaluated
INFO  [12:25:30.378] [bbotk]  -6.626939  1.495351 4.808218 0.000308901 <list[3]>              FALSE
INFO  [12:25:30.378] [bbotk]  classif.bbrier warnings errors runtime_learners
INFO  [12:25:30.378] [bbotk]       0.1176369        0      0            0.176
INFO  [12:25:30.378] [bbotk]                                 uhash
INFO  [12:25:30.378] [bbotk]  2fcd05c3-3ae2-4841-8806-cdcfdeb2d669
INFO  [12:25:34.499] [bbotk] Evaluating 1 configuration(s)
INFO  [12:25:34.880] [bbotk] Result of batch 52:
INFO  [12:25:34.889] [bbotk]         cp minbucket minsplit       acq_ei  x_domain .already_evaluated
INFO  [12:25:34.889] [bbotk]  -6.696759  3.769661 2.409188 0.0009144978 <list[3]>              FALSE
INFO  [12:25:34.889] [bbotk]  classif.bbrier warnings errors runtime_learners
INFO  [12:25:34.889] [bbotk]       0.1180698        0      0            0.134
INFO  [12:25:34.889] [bbotk]                                 uhash
INFO  [12:25:34.889] [bbotk]  89d6bffd-4316-4fae-a8d1-8b8a1e5ead76
INFO  [12:25:39.767] [bbotk] Evaluating 1 configuration(s)
INFO  [12:25:40.206] [bbotk] Result of batch 53:
INFO  [12:25:40.214] [bbotk]         cp minbucket minsplit      acq_ei  x_domain .already_evaluated
INFO  [12:25:40.214] [bbotk]  -8.551728  1.277871 4.859041 0.000289456 <list[3]>              FALSE
INFO  [12:25:40.214] [bbotk]  classif.bbrier warnings errors runtime_learners
INFO  [12:25:40.214] [bbotk]       0.1147238        0      0            0.116
INFO  [12:25:40.214] [bbotk]                                 uhash
INFO  [12:25:40.214] [bbotk]  bf7a0825-d909-429c-9375-1931ef557b92
INFO  [12:25:45.324] [bbotk] Evaluating 1 configuration(s)
INFO  [12:25:45.813] [bbotk] Result of batch 54:
INFO  [12:25:45.838] [bbotk]         cp minbucket minsplit       acq_ei  x_domain .already_evaluated
INFO  [12:25:45.838] [bbotk]  -8.887442 0.8431616 4.817297 0.0001670907 <list[3]>              FALSE
INFO  [12:25:45.838] [bbotk]  classif.bbrier warnings errors runtime_learners
INFO  [12:25:45.838] [bbotk]       0.1161856        0      0            0.208
INFO  [12:25:45.838] [bbotk]                                 uhash
INFO  [12:25:45.838] [bbotk]  ef6b4fe9-0efd-43e5-9ae1-cbc10e175544
INFO  [12:25:48.913] [bbotk] Evaluating 1 configuration(s)
INFO  [12:25:49.358] [bbotk] Result of batch 55:
INFO  [12:25:49.373] [bbotk]         cp minbucket minsplit       acq_ei  x_domain .already_evaluated
INFO  [12:25:49.373] [bbotk]  -8.649484  1.330259  4.84698 0.0002436358 <list[3]>              FALSE
INFO  [12:25:49.373] [bbotk]  classif.bbrier warnings errors runtime_learners
INFO  [12:25:49.373] [bbotk]       0.1157347        0      0            0.144
INFO  [12:25:49.373] [bbotk]                                 uhash
INFO  [12:25:49.373] [bbotk]  7b7d6432-ae99-4cd0-8010-6bdc30bf99a1
WARN  [12:25:50.385] [mlr3] train: Stopped because hard maximum generation limit was hit.
INFO  [12:25:53.547] [bbotk] Evaluating 1 configuration(s)
INFO  [12:25:53.958] [bbotk] Result of batch 56:
INFO  [12:25:53.977] [bbotk]         cp minbucket minsplit       acq_ei  x_domain .already_evaluated
INFO  [12:25:53.977] [bbotk]  -9.177059   2.30397 3.356212 0.0005769028 <list[3]>              FALSE
INFO  [12:25:53.977] [bbotk]  classif.bbrier warnings errors runtime_learners
INFO  [12:25:53.977] [bbotk]       0.1291313        0      0            0.127
INFO  [12:25:53.977] [bbotk]                                 uhash
INFO  [12:25:53.977] [bbotk]  c97f4f6d-4a16-4e64-8455-ff7560a594b3
INFO  [12:25:58.794] [bbotk] Evaluating 1 configuration(s)
INFO  [12:25:59.189] [bbotk] Result of batch 57:
INFO  [12:25:59.198] [bbotk]         cp minbucket minsplit       acq_ei  x_domain .already_evaluated
INFO  [12:25:59.198] [bbotk]  -7.837571  3.589548 4.035332 0.0004151568 <list[3]>              FALSE
INFO  [12:25:59.198] [bbotk]  classif.bbrier warnings errors runtime_learners
INFO  [12:25:59.198] [bbotk]       0.1180698        0      0            0.121
INFO  [12:25:59.198] [bbotk]                                 uhash
INFO  [12:25:59.198] [bbotk]  36dce0dc-a7ed-4d21-ba39-f4d741b1ff44
INFO  [12:26:03.253] [bbotk] Evaluating 1 configuration(s)
INFO  [12:26:04.062] [bbotk] Result of batch 58:
INFO  [12:26:04.086] [bbotk]         cp minbucket minsplit       acq_ei  x_domain .already_evaluated
INFO  [12:26:04.086] [bbotk]  -2.446091  2.634444 0.800295 0.0005453166 <list[3]>              FALSE
INFO  [12:26:04.086] [bbotk]  classif.bbrier warnings errors runtime_learners
INFO  [12:26:04.086] [bbotk]       0.1311053        0      0            0.288
INFO  [12:26:04.086] [bbotk]                                 uhash
INFO  [12:26:04.086] [bbotk]  b271553d-7730-4871-ac09-e0679bb086e4
INFO  [12:26:09.094] [bbotk] Evaluating 1 configuration(s)
INFO  [12:26:09.417] [bbotk] Result of batch 59:
INFO  [12:26:09.426] [bbotk]         cp minbucket minsplit       acq_ei  x_domain .already_evaluated
INFO  [12:26:09.426] [bbotk]  -9.017387   3.96106 4.791469 0.0002827464 <list[3]>              FALSE
INFO  [12:26:09.426] [bbotk]  classif.bbrier warnings errors runtime_learners
INFO  [12:26:09.426] [bbotk]       0.1256277        0      0            0.109
INFO  [12:26:09.426] [bbotk]                                 uhash
INFO  [12:26:09.426] [bbotk]  4f6d2c05-ce24-4665-b44b-2dd40d10d0c9
INFO  [12:26:13.734] [bbotk] Evaluating 1 configuration(s)
INFO  [12:26:14.083] [bbotk] Result of batch 60:
INFO  [12:26:14.091] [bbotk]         cp minbucket minsplit       acq_ei  x_domain .already_evaluated
INFO  [12:26:14.091] [bbotk]  -8.974563 0.8726737 4.848371 0.0002134381 <list[3]>              FALSE
INFO  [12:26:14.091] [bbotk]  classif.bbrier warnings errors runtime_learners
INFO  [12:26:14.091] [bbotk]       0.1161856        0      0            0.128
INFO  [12:26:14.091] [bbotk]                                 uhash
INFO  [12:26:14.091] [bbotk]  b79bfc49-31cd-4e80-9759-ba71db61a54e
INFO  [12:26:18.036] [bbotk] Evaluating 1 configuration(s)
INFO  [12:26:18.730] [bbotk] Result of batch 61:
INFO  [12:26:18.779] [bbotk]        cp minbucket minsplit       acq_ei  x_domain .already_evaluated
INFO  [12:26:18.779] [bbotk]  -4.56372  3.555835 3.768765 0.0003527827 <list[3]>              FALSE
INFO  [12:26:18.779] [bbotk]  classif.bbrier warnings errors runtime_learners
INFO  [12:26:18.779] [bbotk]       0.1161699        0      0            0.379
INFO  [12:26:18.779] [bbotk]                                 uhash
INFO  [12:26:18.779] [bbotk]  7aae156c-d7c9-4d0e-a0c6-5c3ab2ac10d6
INFO  [12:26:23.558] [bbotk] Evaluating 1 configuration(s)
INFO  [12:26:24.178] [bbotk] Result of batch 62:
INFO  [12:26:24.187] [bbotk]         cp minbucket minsplit       acq_ei  x_domain .already_evaluated
INFO  [12:26:24.187] [bbotk]  -6.579332  3.732306 3.463512 0.0001632972 <list[3]>              FALSE
INFO  [12:26:24.187] [bbotk]  classif.bbrier warnings errors runtime_learners
INFO  [12:26:24.187] [bbotk]       0.1180698        0      0            0.383
INFO  [12:26:24.187] [bbotk]                                 uhash
INFO  [12:26:24.187] [bbotk]  c8e4b406-fa0f-4a4c-b817-627aeabd3ba4
INFO  [12:26:28.026] [bbotk] Evaluating 1 configuration(s)
INFO  [12:26:28.606] [bbotk] Result of batch 63:
INFO  [12:26:28.633] [bbotk]         cp minbucket minsplit       acq_ei  x_domain .already_evaluated
INFO  [12:26:28.633] [bbotk]  -3.895605   1.31265 4.022261 0.0001308165 <list[3]>              FALSE
INFO  [12:26:28.633] [bbotk]  classif.bbrier warnings errors runtime_learners
INFO  [12:26:28.633] [bbotk]       0.1170327        0      0            0.211
INFO  [12:26:28.633] [bbotk]                                 uhash
INFO  [12:26:28.633] [bbotk]  1577f2b7-9638-4bf4-b5cc-e475ae53306b
INFO  [12:26:32.975] [bbotk] Evaluating 1 configuration(s)
INFO  [12:26:33.849] [bbotk] Result of batch 64:
INFO  [12:26:33.858] [bbotk]         cp minbucket minsplit      acq_ei  x_domain .already_evaluated
INFO  [12:26:33.858] [bbotk]  -4.233724  2.095149 4.312908 0.000159598 <list[3]>              FALSE
INFO  [12:26:33.858] [bbotk]  classif.bbrier warnings errors runtime_learners
INFO  [12:26:33.858] [bbotk]        0.118363        0      0             0.37
INFO  [12:26:33.858] [bbotk]                                 uhash
INFO  [12:26:33.858] [bbotk]  b08c244b-22d1-4b0a-a097-1978a27bc460
INFO  [12:26:39.694] [bbotk] Evaluating 1 configuration(s)
INFO  [12:26:39.970] [bbotk] Result of batch 65:
INFO  [12:26:39.978] [bbotk]         cp minbucket minsplit      acq_ei  x_domain .already_evaluated
INFO  [12:26:39.978] [bbotk]  -9.160255  3.309695 4.119324 6.91061e-05 <list[3]>              FALSE
INFO  [12:26:39.978] [bbotk]  classif.bbrier warnings errors runtime_learners
INFO  [12:26:39.978] [bbotk]       0.1195329        0      0            0.095
INFO  [12:26:39.978] [bbotk]                                 uhash
INFO  [12:26:39.978] [bbotk]  745c9416-7273-4fe0-8960-102eb350dd20
INFO  [12:26:44.453] [bbotk] Evaluating 1 configuration(s)
INFO  [12:26:44.884] [bbotk] Result of batch 66:
INFO  [12:26:44.903] [bbotk]         cp minbucket minsplit       acq_ei  x_domain .already_evaluated
INFO  [12:26:44.903] [bbotk]  -4.243306 0.9155672 4.791321 7.703211e-05 <list[3]>              FALSE
INFO  [12:26:44.903] [bbotk]  classif.bbrier warnings errors runtime_learners
INFO  [12:26:44.903] [bbotk]       0.1224885        0      0             0.17
INFO  [12:26:44.903] [bbotk]                                 uhash
INFO  [12:26:44.903] [bbotk]  f37231fd-8bb8-454f-9cc4-c655c56f606a
INFO  [12:26:48.050] [bbotk] Evaluating 1 configuration(s)
INFO  [12:26:48.426] [bbotk] Result of batch 67:
INFO  [12:26:48.434] [bbotk]         cp minbucket minsplit       acq_ei  x_domain .already_evaluated
INFO  [12:26:48.434] [bbotk]  -3.076626  1.400149 4.107905 5.534849e-05 <list[3]>              FALSE
INFO  [12:26:48.434] [bbotk]  classif.bbrier warnings errors runtime_learners
INFO  [12:26:48.434] [bbotk]       0.1287754        0      0            0.112
INFO  [12:26:48.434] [bbotk]                                 uhash
INFO  [12:26:48.434] [bbotk]  8ffe749b-dfce-4c1f-84b0-a0aad6e49fac
INFO  [12:26:53.000] [bbotk] Evaluating 1 configuration(s)
INFO  [12:26:53.727] [bbotk] Result of batch 68:
INFO  [12:26:53.743] [bbotk]         cp minbucket minsplit       acq_ei  x_domain .already_evaluated
INFO  [12:26:53.743] [bbotk]  -7.919527  1.225184 4.839156 0.0002908172 <list[3]>              FALSE
INFO  [12:26:53.743] [bbotk]  classif.bbrier warnings errors runtime_learners
INFO  [12:26:53.743] [bbotk]       0.1157347        0      0            0.279
INFO  [12:26:53.743] [bbotk]                                 uhash
INFO  [12:26:53.743] [bbotk]  e8c1ae11-f6cc-4655-8a6f-3e57220977af
INFO  [12:26:59.095] [bbotk] Evaluating 1 configuration(s)
INFO  [12:26:59.698] [bbotk] Result of batch 69:
INFO  [12:26:59.712] [bbotk]         cp minbucket minsplit       acq_ei  x_domain .already_evaluated
INFO  [12:26:59.712] [bbotk]  -4.213448  1.447839 3.288824 0.0008532962 <list[3]>              FALSE
INFO  [12:26:59.712] [bbotk]  classif.bbrier warnings errors runtime_learners
INFO  [12:26:59.712] [bbotk]       0.1199446        0      0            0.226
INFO  [12:26:59.712] [bbotk]                                 uhash
INFO  [12:26:59.712] [bbotk]  e1970f92-ff83-4013-bb1f-415ee5564a9c
INFO  [12:27:03.803] [bbotk] Evaluating 1 configuration(s)
INFO  [12:27:04.151] [bbotk] Result of batch 70:
INFO  [12:27:04.171] [bbotk]         cp minbucket minsplit      acq_ei  x_domain .already_evaluated
INFO  [12:27:04.171] [bbotk]  -7.668145  3.114159  4.83235 0.000147632 <list[3]>              FALSE
INFO  [12:27:04.171] [bbotk]  classif.bbrier warnings errors runtime_learners
INFO  [12:27:04.171] [bbotk]       0.1184204        0      0            0.119
INFO  [12:27:04.171] [bbotk]                                 uhash
INFO  [12:27:04.171] [bbotk]  980c93ac-6d30-42f6-ab96-a41146103158
INFO  [12:27:08.269] [bbotk] Evaluating 1 configuration(s)
INFO  [12:27:08.840] [bbotk] Result of batch 71:
INFO  [12:27:08.849] [bbotk]         cp minbucket minsplit       acq_ei  x_domain .already_evaluated
INFO  [12:27:08.849] [bbotk]  -4.588725  3.586978 3.158664 0.0001350689 <list[3]>              FALSE
INFO  [12:27:08.849] [bbotk]  classif.bbrier warnings errors runtime_learners
INFO  [12:27:08.849] [bbotk]       0.1161699        0      0             0.25
INFO  [12:27:08.849] [bbotk]                                 uhash
INFO  [12:27:08.849] [bbotk]  1eaa4d7b-5371-4d45-b204-bc544a0b5cef
INFO  [12:27:12.533] [bbotk] Evaluating 1 configuration(s)
INFO  [12:27:12.967] [bbotk] Result of batch 72:
INFO  [12:27:13.002] [bbotk]         cp minbucket minsplit      acq_ei  x_domain .already_evaluated
INFO  [12:27:13.002] [bbotk]  -4.788127  1.499047 4.323542 0.000137764 <list[3]>              FALSE
INFO  [12:27:13.002] [bbotk]  classif.bbrier warnings errors runtime_learners
INFO  [12:27:13.002] [bbotk]       0.1217376        0      0            0.197
INFO  [12:27:13.002] [bbotk]                                 uhash
INFO  [12:27:13.002] [bbotk]  5bbda6e5-4a57-44af-8c7d-06494a18f5b2
INFO  [12:27:17.934] [bbotk] Evaluating 1 configuration(s)
INFO  [12:27:18.372] [bbotk] Result of batch 73:
INFO  [12:27:18.381] [bbotk]         cp minbucket  minsplit       acq_ei  x_domain .already_evaluated
INFO  [12:27:18.381] [bbotk]  -4.311879  3.432084 0.7319938 0.0001599242 <list[3]>              FALSE
INFO  [12:27:18.381] [bbotk]  classif.bbrier warnings errors runtime_learners
INFO  [12:27:18.381] [bbotk]       0.1158115        0      0            0.177
INFO  [12:27:18.381] [bbotk]                                 uhash
INFO  [12:27:18.381] [bbotk]  ca7ec7bc-9c74-489f-ab5c-683222bc6ec4
INFO  [12:27:23.080] [bbotk] Evaluating 1 configuration(s)
INFO  [12:27:23.491] [bbotk] Result of batch 74:
INFO  [12:27:23.525] [bbotk]         cp minbucket  minsplit       acq_ei  x_domain .already_evaluated
INFO  [12:27:23.525] [bbotk]  -6.575713  4.011928 0.7185732 0.0002125272 <list[3]>              FALSE
INFO  [12:27:23.525] [bbotk]  classif.bbrier warnings errors runtime_learners
INFO  [12:27:23.525] [bbotk]       0.1168646        0      0            0.123
INFO  [12:27:23.525] [bbotk]                                 uhash
INFO  [12:27:23.525] [bbotk]  dc3475e9-0694-4070-9004-67c1611689e0
INFO  [12:27:29.357] [bbotk] Evaluating 1 configuration(s)
INFO  [12:27:30.495] [bbotk] Result of batch 75:
INFO  [12:27:30.518] [bbotk]         cp minbucket minsplit       acq_ei  x_domain .already_evaluated
INFO  [12:27:30.518] [bbotk]  -4.383998  3.611415 1.126579 0.0001769629 <list[3]>              FALSE
INFO  [12:27:30.518] [bbotk]  classif.bbrier warnings errors runtime_learners
INFO  [12:27:30.518] [bbotk]       0.1161699        0      0            0.717
INFO  [12:27:30.518] [bbotk]                                 uhash
INFO  [12:27:30.518] [bbotk]  9f7db438-042c-42a3-b48e-7efc5a0964d4
INFO  [12:27:34.819] [bbotk] Evaluating 1 configuration(s)
INFO  [12:27:35.480] [bbotk] Result of batch 76:
INFO  [12:27:35.513] [bbotk]         cp minbucket minsplit       acq_ei  x_domain .already_evaluated
INFO  [12:27:35.513] [bbotk]  -6.101671  1.082433 4.820954 0.0001772689 <list[3]>              FALSE
INFO  [12:27:35.513] [bbotk]  classif.bbrier warnings errors runtime_learners
INFO  [12:27:35.513] [bbotk]       0.1161984        0      0            0.337
INFO  [12:27:35.513] [bbotk]                                 uhash
INFO  [12:27:35.513] [bbotk]  b698ad69-e11b-4fb5-bd51-7e209c33a6d6
INFO  [12:27:40.020] [bbotk] Evaluating 1 configuration(s)
INFO  [12:27:40.319] [bbotk] Result of batch 77:
INFO  [12:27:40.341] [bbotk]         cp minbucket minsplit       acq_ei  x_domain .already_evaluated
INFO  [12:27:40.341] [bbotk]  -3.851858  2.330657 4.810285 0.0001855122 <list[3]>              FALSE
INFO  [12:27:40.341] [bbotk]  classif.bbrier warnings errors runtime_learners
INFO  [12:27:40.341] [bbotk]       0.1233873        0      0            0.105
INFO  [12:27:40.341] [bbotk]                                 uhash
INFO  [12:27:40.341] [bbotk]  e747e3e3-8c7f-4fb3-a053-bbf79ca269fa
INFO  [12:27:45.584] [bbotk] Evaluating 1 configuration(s)
INFO  [12:27:45.895] [bbotk] Result of batch 78:
INFO  [12:27:45.918] [bbotk]         cp minbucket minsplit       acq_ei  x_domain .already_evaluated
INFO  [12:27:45.918] [bbotk]  -2.373638  3.464005 4.810791 0.0003654238 <list[3]>              FALSE
INFO  [12:27:45.918] [bbotk]  classif.bbrier warnings errors runtime_learners
INFO  [12:27:45.918] [bbotk]       0.1311053        0      0            0.094
INFO  [12:27:45.918] [bbotk]                                 uhash
INFO  [12:27:45.918] [bbotk]  9d4b3331-0bc8-490d-89c8-ea00ba2fb763
INFO  [12:27:50.720] [bbotk] Evaluating 1 configuration(s)
INFO  [12:27:51.101] [bbotk] Result of batch 79:
INFO  [12:27:51.109] [bbotk]         cp minbucket minsplit       acq_ei  x_domain .already_evaluated
INFO  [12:27:51.109] [bbotk]  -8.957083  1.140983 4.855605 0.0004125326 <list[3]>              FALSE
INFO  [12:27:51.109] [bbotk]  classif.bbrier warnings errors runtime_learners
INFO  [12:27:51.109] [bbotk]       0.1147238        0      0            0.149
INFO  [12:27:51.109] [bbotk]                                 uhash
INFO  [12:27:51.109] [bbotk]  d96be7ab-0466-47b3-8866-5b4415251306
INFO  [12:27:56.610] [bbotk] Evaluating 1 configuration(s)
INFO  [12:27:56.946] [bbotk] Result of batch 80:
INFO  [12:27:56.963] [bbotk]         cp minbucket  minsplit       acq_ei  x_domain .already_evaluated
INFO  [12:27:56.963] [bbotk]  -6.362182  3.688006 0.7689938 0.0003685444 <list[3]>              FALSE
INFO  [12:27:56.963] [bbotk]  classif.bbrier warnings errors runtime_learners
INFO  [12:27:56.963] [bbotk]       0.1180698        0      0            0.132
INFO  [12:27:56.963] [bbotk]                                 uhash
INFO  [12:27:56.963] [bbotk]  265cf008-1511-4e0a-a092-5abaa37116fc
INFO  [12:28:02.269] [bbotk] Evaluating 1 configuration(s)
INFO  [12:28:02.685] [bbotk] Result of batch 81:
INFO  [12:28:02.700] [bbotk]         cp minbucket minsplit       acq_ei  x_domain .already_evaluated
INFO  [12:28:02.700] [bbotk]  -8.458766  3.552576 3.937673 0.0001254617 <list[3]>              FALSE
INFO  [12:28:02.700] [bbotk]  classif.bbrier warnings errors runtime_learners
INFO  [12:28:02.700] [bbotk]       0.1180172        0      0            0.177
INFO  [12:28:02.700] [bbotk]                                 uhash
INFO  [12:28:02.700] [bbotk]  ed8bb640-af67-4f2c-9d56-cc8a09685aa7
INFO  [12:28:07.529] [bbotk] Evaluating 1 configuration(s)
INFO  [12:28:08.112] [bbotk] Result of batch 82:
INFO  [12:28:08.121] [bbotk]         cp minbucket minsplit       acq_ei  x_domain .already_evaluated
INFO  [12:28:08.121] [bbotk]  -5.843764  1.535581 4.847901 0.0002153847 <list[3]>              FALSE
INFO  [12:28:08.121] [bbotk]  classif.bbrier warnings errors runtime_learners
INFO  [12:28:08.121] [bbotk]       0.1177913        0      0              0.3
INFO  [12:28:08.121] [bbotk]                                 uhash
INFO  [12:28:08.121] [bbotk]  660c6da5-cdb6-4a97-97a0-13f247180ff5
INFO  [12:28:13.589] [bbotk] Evaluating 1 configuration(s)
INFO  [12:28:13.944] [bbotk] Result of batch 83:
INFO  [12:28:13.953] [bbotk]         cp minbucket  minsplit       acq_ei  x_domain .already_evaluated
INFO  [12:28:13.953] [bbotk]  -8.266293  3.495225 0.7273162 0.0001374455 <list[3]>              FALSE
INFO  [12:28:13.953] [bbotk]  classif.bbrier warnings errors runtime_learners
INFO  [12:28:13.953] [bbotk]       0.1188356        0      0            0.117
INFO  [12:28:13.953] [bbotk]                                 uhash
INFO  [12:28:13.953] [bbotk]  ed343ffc-e443-4786-842c-9d1f9e414c2b
INFO  [12:28:20.120] [bbotk] Evaluating 1 configuration(s)
INFO  [12:28:20.694] [bbotk] Result of batch 84:
INFO  [12:28:20.703] [bbotk]         cp minbucket minsplit       acq_ei  x_domain .already_evaluated
INFO  [12:28:20.703] [bbotk]  -8.005879  1.456787 4.847008 0.0003129119 <list[3]>              FALSE
INFO  [12:28:20.703] [bbotk]  classif.bbrier warnings errors runtime_learners
INFO  [12:28:20.703] [bbotk]       0.1176258        0      0            0.264
INFO  [12:28:20.703] [bbotk]                                 uhash
INFO  [12:28:20.703] [bbotk]  1f709630-e36c-45a4-811e-341a45dedce8
INFO  [12:28:25.738] [bbotk] Evaluating 1 configuration(s)
INFO  [12:28:26.223] [bbotk] Result of batch 85:
INFO  [12:28:26.230] [bbotk]         cp minbucket minsplit      acq_ei  x_domain .already_evaluated
INFO  [12:28:26.230] [bbotk]  -8.643884 0.9943541 4.856112 0.000429804 <list[3]>              FALSE
INFO  [12:28:26.230] [bbotk]  classif.bbrier warnings errors runtime_learners
INFO  [12:28:26.230] [bbotk]       0.1151747        0      0            0.136
INFO  [12:28:26.230] [bbotk]                                 uhash
INFO  [12:28:26.230] [bbotk]  aa30e6d3-6091-4f1f-9560-c15549184194
INFO  [12:28:34.003] [bbotk] Evaluating 1 configuration(s)
INFO  [12:28:34.355] [bbotk] Result of batch 86:
INFO  [12:28:34.363] [bbotk]         cp minbucket minsplit       acq_ei  x_domain .already_evaluated
INFO  [12:28:34.363] [bbotk]  -7.932559  2.587081 4.838409 0.0001208048 <list[3]>              FALSE
INFO  [12:28:34.363] [bbotk]  classif.bbrier warnings errors runtime_learners
INFO  [12:28:34.363] [bbotk]       0.1180169        0      0              0.1
INFO  [12:28:34.363] [bbotk]                                 uhash
INFO  [12:28:34.363] [bbotk]  8f484534-99a8-4b01-8630-2e474f56c2ba
WARN  [12:28:37.559] [mlr3] train: Stopped because hard maximum generation limit was hit.
INFO  [12:28:42.640] [bbotk] Evaluating 1 configuration(s)
INFO  [12:28:43.633] [bbotk] Result of batch 87:
INFO  [12:28:43.653] [bbotk]         cp minbucket  minsplit       acq_ei  x_domain .already_evaluated
INFO  [12:28:43.653] [bbotk]  -4.423944  3.101245 0.7478812 0.0001111253 <list[3]>              FALSE
INFO  [12:28:43.653] [bbotk]  classif.bbrier warnings errors runtime_learners
INFO  [12:28:43.653] [bbotk]       0.1184881        0      0            0.617
INFO  [12:28:43.653] [bbotk]                                 uhash
INFO  [12:28:43.653] [bbotk]  7a7de0cc-f828-4527-af79-f10399740b64
INFO  [12:28:48.503] [bbotk] Evaluating 1 configuration(s)
INFO  [12:28:50.213] [bbotk] Result of batch 88:
INFO  [12:28:50.222] [bbotk]         cp minbucket minsplit       acq_ei  x_domain .already_evaluated
INFO  [12:28:50.222] [bbotk]  -6.284344  2.593242 4.824127 0.0001033839 <list[3]>              FALSE
INFO  [12:28:50.222] [bbotk]  classif.bbrier warnings errors runtime_learners
INFO  [12:28:50.222] [bbotk]       0.1180169        0      0            0.861
INFO  [12:28:50.222] [bbotk]                                 uhash
INFO  [12:28:50.222] [bbotk]  401f87e6-7413-4050-9098-58447599d8c0
INFO  [12:28:55.292] [bbotk] Evaluating 1 configuration(s)
INFO  [12:28:55.715] [bbotk] Result of batch 89:
INFO  [12:28:55.752] [bbotk]         cp minbucket  minsplit       acq_ei  x_domain .already_evaluated
INFO  [12:28:55.752] [bbotk]  -9.138485 0.1281926 0.7091816 4.761949e-05 <list[3]>              FALSE
INFO  [12:28:55.752] [bbotk]  classif.bbrier warnings errors runtime_learners
INFO  [12:28:55.752] [bbotk]       0.1896535        0      0            0.177
INFO  [12:28:55.752] [bbotk]                                 uhash
INFO  [12:28:55.752] [bbotk]  781dd63e-df6c-4473-af3b-0c8abb1f61db
INFO  [12:28:56.608] [bbotk] Finished optimizing after 100 evaluation(s)
INFO  [12:28:56.646] [bbotk] Result:
INFO  [12:28:56.652] [bbotk]         cp minbucket minsplit learner_param_vals  x_domain classif.bbrier
INFO  [12:28:56.652] [bbotk]      <num>     <num>    <num>             <list>    <list>          <num>
INFO  [12:28:56.652] [bbotk]  -8.884077  1.107595 4.854519          <list[4]> <list[3]>      0.1147238

### [bt]: Job terminated successfully [batchtools job.id=916]
### [bt]: Calculation finished!
