### [bt]: This is batchtools v0.9.17
### [bt]: Starting calculation of 1 jobs
### [bt]: Setting working directory to '/content/drive/MyDrive/GitHub/Mater_Thesis_Calibration'
ece.R :
Friedmann_tasks.R :
Functions.R :
ici.R :
mse_feature_effects.R :
PipeOpCalibration_TuningExperiment.R :
PipeOpCalibration.R :
PipeOpCalibrationUnion.R :
### [bt]: Memory measurement disabled
### [bt]: Starting job [batchtools job.id=2642]
### [bt]: Generating problem instance for problem '0ecb79b078d7aa0a' ...
### [bt]: Applying algorithm 'run_learner' on problem '0ecb79b078d7aa0a' for job 2642 (seed = 2765) ...
INFO  [10:40:47.231] [mlr3] Applying learner 'ranger TbC beta' on task 'PhishingWebsites' (iter 2/10)
INFO  [10:40:47.669] [bbotk] Starting to optimize 4 parameter(s) with '<OptimizerMbo>' and '<TerminatorEvals> [n_evals=100, k=0]'
INFO  [10:40:48.925] [bbotk] Evaluating 16 configuration(s)
Growing trees.. Progress: 75%. Estimated remaining time: 10 seconds.
Growing trees.. Progress: 100%. Estimated remaining time: 0 seconds.
Growing trees.. Progress: 74%. Estimated remaining time: 10 seconds.
INFO  [10:54:30.472] [bbotk] Result of batch 1:
INFO  [10:54:30.495] [bbotk]  mtry.ratio num.trees replace sample.fraction classif.bbrier warnings errors
INFO  [10:54:30.495] [bbotk]  0.90293360       740   FALSE       0.9200336     0.02955434        0      0
INFO  [10:54:30.495] [bbotk]  0.40293357      1740    TRUE       0.4700336     0.03262958        0      0
INFO  [10:54:30.495] [bbotk]  0.15293358       240   FALSE       0.6950336     0.03286739        0      0
INFO  [10:54:30.495] [bbotk]  0.65293360      1240    TRUE       0.2450336     0.03703080        0      0
INFO  [10:54:30.495] [bbotk]  0.27793357       990    TRUE       0.3575336     0.03551686        0      0
INFO  [10:54:30.495] [bbotk]  0.77793360      1990   FALSE       0.8075336     0.02873787        0      0
INFO  [10:54:30.495] [bbotk]  0.52793360       490    TRUE       0.1325336     0.04177559        0      0
INFO  [10:54:30.495] [bbotk]  0.02793358      1490   FALSE       0.5825336     0.12480796        0      0
INFO  [10:54:30.495] [bbotk]  0.09043358       615    TRUE       0.8637836     0.04177232        0      0
INFO  [10:54:30.495] [bbotk]  0.59043360      1615   FALSE       0.4137836     0.03271553        0      0
INFO  [10:54:30.495] [bbotk]  0.34043357      1115   FALSE       0.1887836     0.03932607        0      0
INFO  [10:54:30.495] [bbotk]  0.84043360       115    TRUE       0.6387836     0.03094780        0      0
INFO  [10:54:30.495] [bbotk]  0.46543357       365   FALSE       0.3012836     0.03526029        0      0
INFO  [10:54:30.495] [bbotk]  0.96543360      1365    TRUE       0.7512836     0.03013268        0      0
INFO  [10:54:30.495] [bbotk]  0.71543360       865   FALSE       0.5262836     0.03110015        0      0
INFO  [10:54:30.495] [bbotk]  0.21543358      1865    TRUE       0.9762836     0.02944155        0      0
INFO  [10:54:30.495] [bbotk]  runtime_learners                                uhash
INFO  [10:54:30.495] [bbotk]            71.254 f7b54eea-2988-4cbd-bcfc-8fc3122ae917
INFO  [10:54:30.495] [bbotk]            64.650 5f0dd57e-3abf-435d-af23-926c03742b16
INFO  [10:54:30.495] [bbotk]            10.567 f462fc10-3196-4449-a4d2-528cd5dad251
INFO  [10:54:30.495] [bbotk]            41.085 b9582603-c844-42c0-a4be-a66e81029c19
INFO  [10:54:30.495] [bbotk]            33.005 ed6036ea-f1d1-48bf-a5ce-7aabfa655b54
INFO  [10:54:30.495] [bbotk]           151.624 491ef363-a015-4057-ad40-b3310bbb483a
INFO  [10:54:30.495] [bbotk]            17.292 5fdb86c7-13fa-4e5c-abac-fc61171d7345
INFO  [10:54:30.495] [bbotk]            36.617 35bda8d5-95d4-41c3-9b02-2897a2cb57c8
INFO  [10:54:30.495] [bbotk]            24.482 6b22106a-4a1e-42c5-a141-b9306ae6584a
INFO  [10:54:30.495] [bbotk]            75.178 c6fe5f37-f3a0-4a08-b9bf-0a20b44203bc
INFO  [10:54:30.495] [bbotk]            36.176 de34ee28-5e1b-4db9-b8ae-46244c188fc0
INFO  [10:54:30.495] [bbotk]            10.843 4ca21aa7-2f78-4a7c-8b8d-b6b7c4b2b4d4
INFO  [10:54:30.495] [bbotk]            14.290 c4aa51a2-8bbb-45bf-a055-07e6938a2dd6
INFO  [10:54:30.495] [bbotk]            88.694 0602678e-2966-4144-9953-7826156130ce
INFO  [10:54:30.495] [bbotk]            50.368 f1457876-0dcf-4b78-b12e-0863d88e2395
INFO  [10:54:30.495] [bbotk]            89.175 8cab1aca-37d3-4cfc-8ae7-b728bbdc7c2e
INFO  [10:54:35.681] [bbotk] Evaluating 1 configuration(s)
INFO  [10:55:08.276] [bbotk] Result of batch 2:
INFO  [10:55:08.295] [bbotk]  mtry.ratio num.trees replace sample.fraction      acq_ei  x_domain
INFO  [10:55:08.295] [bbotk]  0.07623198       897   FALSE       0.5660605 0.005190396 <list[4]>
INFO  [10:55:08.295] [bbotk]  .already_evaluated classif.bbrier warnings errors runtime_learners
INFO  [10:55:08.295] [bbotk]               FALSE     0.04332524        0      0           31.101
INFO  [10:55:08.295] [bbotk]                                 uhash
INFO  [10:55:08.295] [bbotk]  6ba21d8d-5acd-4687-a766-1e3d68f16c2e
INFO  [10:55:11.889] [bbotk] Evaluating 1 configuration(s)
INFO  [10:55:53.025] [bbotk] Result of batch 3:
INFO  [10:55:53.044] [bbotk]   mtry.ratio num.trees replace sample.fraction      acq_ei  x_domain
INFO  [10:55:53.044] [bbotk]  0.002995613      1966    TRUE       0.6049304 0.003384215 <list[4]>
INFO  [10:55:53.044] [bbotk]  .already_evaluated classif.bbrier warnings errors runtime_learners
INFO  [10:55:53.044] [bbotk]               FALSE      0.1245575        0      0            40.61
INFO  [10:55:53.044] [bbotk]                                 uhash
INFO  [10:55:53.044] [bbotk]  d29cb3fc-a3aa-4eea-a16f-298092bee979
INFO  [10:55:57.305] [bbotk] Evaluating 1 configuration(s)
INFO  [10:56:53.868] [bbotk] Result of batch 4:
INFO  [10:56:53.874] [bbotk]  mtry.ratio num.trees replace sample.fraction     acq_ei  x_domain
INFO  [10:56:53.874] [bbotk]  0.05703048      1806   FALSE       0.5566336 0.00468567 <list[4]>
INFO  [10:56:53.874] [bbotk]  .already_evaluated classif.bbrier warnings errors runtime_learners
INFO  [10:56:53.874] [bbotk]               FALSE     0.06043874        0      0            56.01
INFO  [10:56:53.874] [bbotk]                                 uhash
INFO  [10:56:53.874] [bbotk]  6426513e-e7b4-4d05-9c50-8214a523f775
INFO  [10:56:58.215] [bbotk] Evaluating 1 configuration(s)
INFO  [10:57:40.279] [bbotk] Result of batch 5:
INFO  [10:57:40.293] [bbotk]  mtry.ratio num.trees replace sample.fraction      acq_ei  x_domain
INFO  [10:57:40.293] [bbotk]  0.04720567      1635    TRUE       0.3018427 0.001859476 <list[4]>
INFO  [10:57:40.293] [bbotk]  .already_evaluated classif.bbrier warnings errors runtime_learners
INFO  [10:57:40.293] [bbotk]               FALSE     0.06696527        0      0           41.454
INFO  [10:57:40.293] [bbotk]                                 uhash
INFO  [10:57:40.293] [bbotk]  21ac703c-6872-48dd-b348-cb71895abe8b
INFO  [10:57:44.640] [bbotk] Evaluating 1 configuration(s)
INFO  [10:59:29.300] [bbotk] Result of batch 6:
INFO  [10:59:29.319] [bbotk]  mtry.ratio num.trees replace sample.fraction      acq_ei  x_domain
INFO  [10:59:29.319] [bbotk]   0.7094174      1473   FALSE       0.6523934 0.002619598 <list[4]>
INFO  [10:59:29.319] [bbotk]  .already_evaluated classif.bbrier warnings errors runtime_learners
INFO  [10:59:29.319] [bbotk]               FALSE     0.02973068        0      0          104.119
INFO  [10:59:29.319] [bbotk]                                 uhash
INFO  [10:59:29.319] [bbotk]  91fa4c1f-f9ec-4e26-8d35-bbbc0c1a7306
INFO  [10:59:34.795] [bbotk] Evaluating 1 configuration(s)
INFO  [11:00:52.356] [bbotk] Result of batch 7:
INFO  [11:00:52.363] [bbotk]  mtry.ratio num.trees replace sample.fraction      acq_ei  x_domain
INFO  [11:00:52.363] [bbotk]   0.1934899      1858    TRUE       0.6176384 0.002503588 <list[4]>
INFO  [11:00:52.363] [bbotk]  .already_evaluated classif.bbrier warnings errors runtime_learners
INFO  [11:00:52.363] [bbotk]               FALSE     0.03349007        0      0           77.064
INFO  [11:00:52.363] [bbotk]                                 uhash
INFO  [11:00:52.363] [bbotk]  706c8340-77fc-43e0-a250-313abe8fc8c3
INFO  [11:00:57.770] [bbotk] Evaluating 1 configuration(s)
INFO  [11:02:12.170] [bbotk] Result of batch 8:
INFO  [11:02:12.177] [bbotk]  mtry.ratio num.trees replace sample.fraction      acq_ei  x_domain
INFO  [11:02:12.177] [bbotk]    0.857988      1328    TRUE       0.6112059 0.002102169 <list[4]>
INFO  [11:02:12.177] [bbotk]  .already_evaluated classif.bbrier warnings errors runtime_learners
INFO  [11:02:12.177] [bbotk]               FALSE     0.03110438        0      0           73.915
INFO  [11:02:12.177] [bbotk]                                 uhash
INFO  [11:02:12.177] [bbotk]  01dadf7b-f110-405c-b7af-4472e2dce1c2
INFO  [11:02:16.514] [bbotk] Evaluating 1 configuration(s)
INFO  [11:04:06.814] [bbotk] Result of batch 9:
INFO  [11:04:06.833] [bbotk]  mtry.ratio num.trees replace sample.fraction      acq_ei  x_domain
INFO  [11:04:06.833] [bbotk]   0.8516252      1940    TRUE       0.6043842 0.002312384 <list[4]>
INFO  [11:04:06.833] [bbotk]  .already_evaluated classif.bbrier warnings errors runtime_learners
INFO  [11:04:06.833] [bbotk]               FALSE     0.03117984        0      0          109.737
INFO  [11:04:06.833] [bbotk]                                 uhash
INFO  [11:04:06.833] [bbotk]  cf442e70-3030-495a-a251-d357ad4a54d3
INFO  [11:04:12.226] [bbotk] Evaluating 1 configuration(s)
INFO  [11:05:52.744] [bbotk] Result of batch 10:
INFO  [11:05:52.752] [bbotk]  mtry.ratio num.trees replace sample.fraction    acq_ei  x_domain
INFO  [11:05:52.752] [bbotk]   0.7278409      1942    TRUE       0.6680637 0.0019972 <list[4]>
INFO  [11:05:52.752] [bbotk]  .already_evaluated classif.bbrier warnings errors runtime_learners
INFO  [11:05:52.752] [bbotk]               FALSE     0.03033539        0      0            99.74
INFO  [11:05:52.752] [bbotk]                                 uhash
INFO  [11:05:52.752] [bbotk]  11d8c4ce-f858-409d-afe7-6006cf896ca4
INFO  [11:05:57.241] [bbotk] Evaluating 1 configuration(s)
INFO  [11:06:26.611] [bbotk] Result of batch 11:
INFO  [11:06:26.617] [bbotk]  mtry.ratio num.trees replace sample.fraction      acq_ei  x_domain
INFO  [11:06:26.617] [bbotk]  0.03818304      1093    TRUE       0.6305014 0.001518529 <list[4]>
INFO  [11:06:26.617] [bbotk]  .already_evaluated classif.bbrier warnings errors runtime_learners
INFO  [11:06:26.617] [bbotk]               FALSE     0.06076614        0      0           28.887
INFO  [11:06:26.617] [bbotk]                                 uhash
INFO  [11:06:26.617] [bbotk]  cf047f56-e1c7-40dc-beb6-cc3566ba8901
INFO  [11:06:30.623] [bbotk] Evaluating 1 configuration(s)
Growing trees.. Progress: 84%. Estimated remaining time: 5 seconds.
INFO  [11:08:42.469] [bbotk] Result of batch 12:
INFO  [11:08:42.498] [bbotk]  mtry.ratio num.trees replace sample.fraction      acq_ei  x_domain
INFO  [11:08:42.498] [bbotk]   0.7756988      1995    TRUE       0.6282195 0.002007137 <list[4]>
INFO  [11:08:42.498] [bbotk]  .already_evaluated classif.bbrier warnings errors runtime_learners
INFO  [11:08:42.498] [bbotk]               FALSE      0.0307628        0      0          131.145
INFO  [11:08:42.498] [bbotk]                                 uhash
INFO  [11:08:42.498] [bbotk]  06ad43a2-4c41-42c4-93c2-1bbb6f7d7f22
INFO  [11:08:47.058] [bbotk] Evaluating 1 configuration(s)
INFO  [11:10:28.586] [bbotk] Result of batch 13:
INFO  [11:10:28.615] [bbotk]  mtry.ratio num.trees replace sample.fraction      acq_ei  x_domain
INFO  [11:10:28.615] [bbotk]   0.7681616      1501    TRUE       0.6266346 0.001271087 <list[4]>
INFO  [11:10:28.615] [bbotk]  .already_evaluated classif.bbrier warnings errors runtime_learners
INFO  [11:10:28.615] [bbotk]               FALSE     0.03084644        0      0          100.989
INFO  [11:10:28.615] [bbotk]                                 uhash
INFO  [11:10:28.615] [bbotk]  cd1b2f91-6376-4024-a181-4d1a271a16ee
INFO  [11:10:33.944] [bbotk] Evaluating 1 configuration(s)
INFO  [11:12:29.528] [bbotk] Result of batch 14:
INFO  [11:12:29.547] [bbotk]  mtry.ratio num.trees replace sample.fraction      acq_ei  x_domain
INFO  [11:12:29.547] [bbotk]   0.7037714      1975    TRUE       0.6134764 0.004588571 <list[4]>
INFO  [11:12:29.547] [bbotk]  .already_evaluated classif.bbrier warnings errors runtime_learners
INFO  [11:12:29.547] [bbotk]               FALSE      0.0308942        0      0          115.168
INFO  [11:12:29.547] [bbotk]                                 uhash
INFO  [11:12:29.547] [bbotk]  d5f8775a-972c-4a2f-834d-5bd476f7eb93
INFO  [11:12:33.949] [bbotk] Evaluating 1 configuration(s)
INFO  [11:13:20.573] [bbotk] Result of batch 15:
INFO  [11:13:20.591] [bbotk]  mtry.ratio num.trees replace sample.fraction      acq_ei  x_domain
INFO  [11:13:20.591] [bbotk]   0.1563786      1503    TRUE       0.3770212 0.001230268 <list[4]>
INFO  [11:13:20.591] [bbotk]  .already_evaluated classif.bbrier warnings errors runtime_learners
INFO  [11:13:20.591] [bbotk]               FALSE     0.03910788        0      0           46.182
INFO  [11:13:20.591] [bbotk]                                 uhash
INFO  [11:13:20.591] [bbotk]  69d5c04d-a9b9-4d89-ac1b-1693a1d21cc2
INFO  [11:13:24.546] [bbotk] Evaluating 1 configuration(s)
INFO  [11:14:49.827] [bbotk] Result of batch 16:
INFO  [11:14:49.855] [bbotk]  mtry.ratio num.trees replace sample.fraction      acq_ei  x_domain
INFO  [11:14:49.855] [bbotk]   0.3671228      1962    TRUE       0.6290723 0.001992226 <list[4]>
INFO  [11:14:49.855] [bbotk]  .already_evaluated classif.bbrier warnings errors runtime_learners
INFO  [11:14:49.855] [bbotk]               FALSE     0.03078348        0      0           84.776
INFO  [11:14:49.855] [bbotk]                                 uhash
INFO  [11:14:49.855] [bbotk]  9abf91c4-6a48-41cd-bfd8-38cd5c7b2431
INFO  [11:14:54.463] [bbotk] Evaluating 1 configuration(s)
INFO  [11:16:27.753] [bbotk] Result of batch 17:
INFO  [11:16:27.760] [bbotk]  mtry.ratio num.trees replace sample.fraction      acq_ei  x_domain
INFO  [11:16:27.760] [bbotk]   0.4446861      1979    TRUE        0.598058 0.002282383 <list[4]>
INFO  [11:16:27.760] [bbotk]  .already_evaluated classif.bbrier warnings errors runtime_learners
INFO  [11:16:27.760] [bbotk]               FALSE     0.03104626        0      0           92.836
INFO  [11:16:27.760] [bbotk]                                 uhash
INFO  [11:16:27.760] [bbotk]  8dbb63e8-3406-4b51-b483-98a16b7ef1a7
INFO  [11:16:32.720] [bbotk] Evaluating 1 configuration(s)
INFO  [11:17:52.142] [bbotk] Result of batch 18:
INFO  [11:17:52.150] [bbotk]  mtry.ratio num.trees replace sample.fraction      acq_ei  x_domain
INFO  [11:17:52.150] [bbotk]   0.2001023      1973   FALSE       0.5980285 0.002036566 <list[4]>
INFO  [11:17:52.150] [bbotk]  .already_evaluated classif.bbrier warnings errors runtime_learners
INFO  [11:17:52.150] [bbotk]               FALSE     0.03158934        0      0           78.979
INFO  [11:17:52.150] [bbotk]                                 uhash
INFO  [11:17:52.150] [bbotk]  e33ebd47-7548-4675-837b-29e4b730b2b2
INFO  [11:17:56.790] [bbotk] Evaluating 1 configuration(s)
INFO  [11:18:55.186] [bbotk] Result of batch 19:
INFO  [11:18:55.206] [bbotk]  mtry.ratio num.trees replace sample.fraction      acq_ei  x_domain
INFO  [11:18:55.206] [bbotk]  0.06937896      1579   FALSE       0.4521589 0.001114218 <list[4]>
INFO  [11:18:55.206] [bbotk]  .already_evaluated classif.bbrier warnings errors runtime_learners
INFO  [11:18:55.206] [bbotk]               FALSE     0.04549325        0      0           57.974
INFO  [11:18:55.206] [bbotk]                                 uhash
INFO  [11:18:55.206] [bbotk]  0e9d71e0-89d9-4866-a0f6-3c5625c0cc4a
INFO  [11:18:59.506] [bbotk] Evaluating 1 configuration(s)
INFO  [11:20:16.323] [bbotk] Result of batch 20:
INFO  [11:20:16.340] [bbotk]  mtry.ratio num.trees replace sample.fraction      acq_ei  x_domain
INFO  [11:20:16.340] [bbotk]   0.7257283      1486   FALSE       0.5796241 0.001340978 <list[4]>
INFO  [11:20:16.340] [bbotk]  .already_evaluated classif.bbrier warnings errors runtime_learners
INFO  [11:20:16.340] [bbotk]               FALSE     0.03048484        0      0           76.185
INFO  [11:20:16.340] [bbotk]                                 uhash
INFO  [11:20:16.340] [bbotk]  5dab002b-ae9a-4e54-a068-d892b16f774c
INFO  [11:20:21.323] [bbotk] Evaluating 1 configuration(s)
Growing trees.. Progress: 98%. Estimated remaining time: 0 seconds.
INFO  [11:22:24.074] [bbotk] Result of batch 21:
INFO  [11:22:24.080] [bbotk]  mtry.ratio num.trees replace sample.fraction      acq_ei  x_domain
INFO  [11:22:24.080] [bbotk]     0.76454      1927   FALSE       0.6025686 0.002212142 <list[4]>
INFO  [11:22:24.080] [bbotk]  .already_evaluated classif.bbrier warnings errors runtime_learners
INFO  [11:22:24.080] [bbotk]               FALSE     0.03023487        0      0          122.276
INFO  [11:22:24.080] [bbotk]                                 uhash
INFO  [11:22:24.080] [bbotk]  dcfb74dc-f97a-4422-b3b1-a215ffd470ae
INFO  [11:22:29.427] [bbotk] Evaluating 1 configuration(s)
INFO  [11:23:50.200] [bbotk] Result of batch 22:
INFO  [11:23:50.206] [bbotk]  mtry.ratio num.trees replace sample.fraction      acq_ei  x_domain
INFO  [11:23:50.206] [bbotk]   0.7152207      1604   FALSE       0.6030635 0.001442709 <list[4]>
INFO  [11:23:50.206] [bbotk]  .already_evaluated classif.bbrier warnings errors runtime_learners
INFO  [11:23:50.206] [bbotk]               FALSE     0.03020134        0      0           80.247
INFO  [11:23:50.206] [bbotk]                                 uhash
INFO  [11:23:50.206] [bbotk]  3794a0b5-077d-4fe3-b0cb-cd52d102c782
INFO  [11:23:54.251] [bbotk] Evaluating 1 configuration(s)
Growing trees.. Progress: 98%. Estimated remaining time: 0 seconds.
INFO  [11:25:58.407] [bbotk] Result of batch 23:
INFO  [11:25:58.413] [bbotk]  mtry.ratio num.trees replace sample.fraction      acq_ei  x_domain
INFO  [11:25:58.413] [bbotk]   0.9134903      1998    TRUE       0.5792572 0.002305667 <list[4]>
INFO  [11:25:58.413] [bbotk]  .already_evaluated classif.bbrier warnings errors runtime_learners
INFO  [11:25:58.413] [bbotk]               FALSE     0.03152461        0      0          123.408
INFO  [11:25:58.413] [bbotk]                                 uhash
INFO  [11:25:58.413] [bbotk]  e1bcc0cc-8ffa-4fd4-9528-7d47ffb599e5
INFO  [11:26:02.615] [bbotk] Evaluating 1 configuration(s)
INFO  [11:27:35.317] [bbotk] Result of batch 24:
INFO  [11:27:35.325] [bbotk]  mtry.ratio num.trees replace sample.fraction      acq_ei  x_domain
INFO  [11:27:35.325] [bbotk]   0.1928043      1973   FALSE       0.8209736 0.002062604 <list[4]>
INFO  [11:27:35.325] [bbotk]  .already_evaluated classif.bbrier warnings errors runtime_learners
INFO  [11:27:35.325] [bbotk]               FALSE     0.03003535        0      0           92.181
INFO  [11:27:35.325] [bbotk]                                 uhash
INFO  [11:27:35.325] [bbotk]  c1f8cb85-40cc-4832-8bf0-1fc0c9a1eef4
INFO  [11:27:40.352] [bbotk] Evaluating 1 configuration(s)
INFO  [11:29:28.165] [bbotk] Result of batch 25:
INFO  [11:29:28.177] [bbotk]  mtry.ratio num.trees replace sample.fraction     acq_ei  x_domain
INFO  [11:29:28.177] [bbotk]   0.9266742      1482   FALSE       0.5895332 0.00136199 <list[4]>
INFO  [11:29:28.177] [bbotk]  .already_evaluated classif.bbrier warnings errors runtime_learners
INFO  [11:29:28.177] [bbotk]               FALSE     0.03072753        0      0          107.393
INFO  [11:29:28.177] [bbotk]                                 uhash
INFO  [11:29:28.177] [bbotk]  8e9d6fda-3f17-40c0-82b6-0cdcb28a669f
INFO  [11:29:31.120] [bbotk] Evaluating 1 configuration(s)
INFO  [11:30:56.823] [bbotk] Result of batch 26:
INFO  [11:30:56.840] [bbotk]  mtry.ratio num.trees replace sample.fraction      acq_ei  x_domain
INFO  [11:30:56.840] [bbotk]   0.3954628      1805   FALSE       0.5818667 0.003271095 <list[4]>
INFO  [11:30:56.840] [bbotk]  .already_evaluated classif.bbrier warnings errors runtime_learners
INFO  [11:30:56.840] [bbotk]               FALSE     0.03040466        0      0           85.256
INFO  [11:30:56.840] [bbotk]                                 uhash
INFO  [11:30:56.840] [bbotk]  67c05894-944f-4af3-99f0-1717d4c86ae0
INFO  [11:31:02.410] [bbotk] Evaluating 1 configuration(s)
INFO  [11:32:17.800] [bbotk] Result of batch 27:
INFO  [11:32:17.806] [bbotk]  mtry.ratio num.trees replace sample.fraction      acq_ei  x_domain
INFO  [11:32:17.806] [bbotk]   0.7339101      1381    TRUE       0.6063165 0.003723344 <list[4]>
INFO  [11:32:17.806] [bbotk]  .already_evaluated classif.bbrier warnings errors runtime_learners
INFO  [11:32:17.806] [bbotk]               FALSE      0.0310403        0      0            74.86
INFO  [11:32:17.806] [bbotk]                                 uhash
INFO  [11:32:17.806] [bbotk]  3ffab627-ff52-4642-8ee4-bea6fa1ca5c9
INFO  [11:32:21.969] [bbotk] Evaluating 1 configuration(s)
Growing trees.. Progress: 81%. Estimated remaining time: 7 seconds.
Growing trees.. Progress: 54%. Estimated remaining time: 26 seconds.
Growing trees.. Progress: 97%. Estimated remaining time: 2 seconds.
Growing trees.. Progress: 68%. Estimated remaining time: 14 seconds.
INFO  [11:35:28.998] [bbotk] Result of batch 28:
INFO  [11:35:29.016] [bbotk]  mtry.ratio num.trees replace sample.fraction      acq_ei  x_domain
INFO  [11:35:29.016] [bbotk]   0.8918013      1969   FALSE       0.9553401 0.001646031 <list[4]>
INFO  [11:35:29.016] [bbotk]  .already_evaluated classif.bbrier warnings errors runtime_learners
INFO  [11:35:29.016] [bbotk]               FALSE     0.02930518        0      0          186.357
INFO  [11:35:29.016] [bbotk]                                 uhash
INFO  [11:35:29.016] [bbotk]  f989e008-1f0b-42dc-b770-826e773a1c41
INFO  [11:35:34.633] [bbotk] Evaluating 1 configuration(s)
INFO  [11:36:16.220] [bbotk] Result of batch 29:
INFO  [11:36:16.227] [bbotk]  mtry.ratio num.trees replace sample.fraction      acq_ei  x_domain
INFO  [11:36:16.227] [bbotk]   0.4752113       747    TRUE       0.5814021 0.002549998 <list[4]>
INFO  [11:36:16.227] [bbotk]  .already_evaluated classif.bbrier warnings errors runtime_learners
INFO  [11:36:16.227] [bbotk]               FALSE     0.03120324        0      0           41.114
INFO  [11:36:16.227] [bbotk]                                 uhash
INFO  [11:36:16.227] [bbotk]  e27d6d14-c3db-4af9-acd8-3aa7f5914462
INFO  [11:36:22.604] [bbotk] Evaluating 1 configuration(s)
INFO  [11:37:19.677] [bbotk] Result of batch 30:
INFO  [11:37:19.694] [bbotk]  mtry.ratio num.trees replace sample.fraction      acq_ei  x_domain
INFO  [11:37:19.694] [bbotk]   0.0345682      1921    TRUE       0.8637339 0.002032085 <list[4]>
INFO  [11:37:19.694] [bbotk]  .already_evaluated classif.bbrier warnings errors runtime_learners
INFO  [11:37:19.694] [bbotk]               FALSE     0.05863731        0      0           56.392
INFO  [11:37:19.694] [bbotk]                                 uhash
INFO  [11:37:19.694] [bbotk]  0a0da809-26ef-49b6-bebb-c9a71cb5cd3e
INFO  [11:37:24.712] [bbotk] Evaluating 1 configuration(s)
INFO  [11:39:12.972] [bbotk] Result of batch 31:
INFO  [11:39:12.992] [bbotk]  mtry.ratio num.trees replace sample.fraction      acq_ei  x_domain
INFO  [11:39:12.992] [bbotk]   0.8047862      1964   FALSE       0.5724378 0.001746357 <list[4]>
INFO  [11:39:12.992] [bbotk]  .already_evaluated classif.bbrier warnings errors runtime_learners
INFO  [11:39:12.992] [bbotk]               FALSE     0.03074535        0      0          107.687
INFO  [11:39:12.992] [bbotk]                                 uhash
INFO  [11:39:12.992] [bbotk]  52999e43-2439-4024-9383-f3c5fedebc6b
INFO  [11:39:18.207] [bbotk] Evaluating 1 configuration(s)
INFO  [11:40:49.437] [bbotk] Result of batch 32:
INFO  [11:40:49.460] [bbotk]  mtry.ratio num.trees replace sample.fraction      acq_ei  x_domain
INFO  [11:40:49.460] [bbotk]   0.9458311      1410   FALSE       0.5811052 0.001952028 <list[4]>
INFO  [11:40:49.460] [bbotk]  .already_evaluated classif.bbrier warnings errors runtime_learners
INFO  [11:40:49.460] [bbotk]               FALSE     0.03102446        0      0           90.729
INFO  [11:40:49.460] [bbotk]                                 uhash
INFO  [11:40:49.460] [bbotk]  85e6000c-07c4-4447-a20b-32bf105ac898
INFO  [11:40:52.609] [bbotk] Evaluating 1 configuration(s)
INFO  [11:41:35.781] [bbotk] Result of batch 33:
INFO  [11:41:35.788] [bbotk]  mtry.ratio num.trees replace sample.fraction      acq_ei  x_domain
INFO  [11:41:35.788] [bbotk]  0.02799614      1945   FALSE        0.403925 0.001893858 <list[4]>
INFO  [11:41:35.788] [bbotk]  .already_evaluated classif.bbrier warnings errors runtime_learners
INFO  [11:41:35.788] [bbotk]               FALSE      0.1276187        0      0           42.549
INFO  [11:41:35.788] [bbotk]                                 uhash
INFO  [11:41:35.788] [bbotk]  dda48fa7-9400-4fce-8268-fd1c002856b8
INFO  [11:41:40.492] [bbotk] Evaluating 1 configuration(s)
INFO  [11:42:44.832] [bbotk] Result of batch 34:
INFO  [11:42:44.839] [bbotk]  mtry.ratio num.trees replace sample.fraction      acq_ei  x_domain
INFO  [11:42:44.839] [bbotk]   0.7239624      1265   FALSE       0.6055962 0.002422823 <list[4]>
INFO  [11:42:44.839] [bbotk]  .already_evaluated classif.bbrier warnings errors runtime_learners
INFO  [11:42:44.839] [bbotk]               FALSE     0.03018287        0      0           63.696
INFO  [11:42:44.839] [bbotk]                                 uhash
INFO  [11:42:44.839] [bbotk]  47ac80e5-bdf4-4b72-99bf-d4830681fcf3
INFO  [11:42:48.920] [bbotk] Evaluating 1 configuration(s)
INFO  [11:43:56.025] [bbotk] Result of batch 35:
INFO  [11:43:56.047] [bbotk]  mtry.ratio num.trees replace sample.fraction     acq_ei  x_domain
INFO  [11:43:56.047] [bbotk]  0.06803274      1951    TRUE       0.7319977 0.00264365 <list[4]>
INFO  [11:43:56.047] [bbotk]  .already_evaluated classif.bbrier warnings errors runtime_learners
INFO  [11:43:56.047] [bbotk]               FALSE     0.04283676        0      0           66.626
INFO  [11:43:56.047] [bbotk]                                 uhash
INFO  [11:43:56.047] [bbotk]  1c7fc431-bf5f-49db-ac36-4c95f68fe3c8
INFO  [11:44:00.491] [bbotk] Evaluating 1 configuration(s)
INFO  [11:45:27.786] [bbotk] Result of batch 36:
INFO  [11:45:27.792] [bbotk]  mtry.ratio num.trees replace sample.fraction      acq_ei  x_domain
INFO  [11:45:27.792] [bbotk]   0.1812424      1967   FALSE       0.9718905 0.001889763 <list[4]>
INFO  [11:45:27.792] [bbotk]  .already_evaluated classif.bbrier warnings errors runtime_learners
INFO  [11:45:27.792] [bbotk]               FALSE     0.02862867        0      0           86.861
INFO  [11:45:27.792] [bbotk]                                 uhash
INFO  [11:45:27.792] [bbotk]  174b0ea4-10ef-407a-8b7a-143de07da682
INFO  [11:45:33.135] [bbotk] Evaluating 1 configuration(s)
INFO  [11:46:55.995] [bbotk] Result of batch 37:
INFO  [11:46:56.001] [bbotk]  mtry.ratio num.trees replace sample.fraction      acq_ei  x_domain
INFO  [11:46:56.001] [bbotk]   0.2053095      1878   FALSE       0.5388129 0.002109238 <list[4]>
INFO  [11:46:56.001] [bbotk]  .already_evaluated classif.bbrier warnings errors runtime_learners
INFO  [11:46:56.001] [bbotk]               FALSE     0.03241027        0      0           82.378
INFO  [11:46:56.001] [bbotk]                                 uhash
INFO  [11:46:56.001] [bbotk]  a5f28936-ac28-462a-adcd-bb680af68018
INFO  [11:46:59.965] [bbotk] Evaluating 1 configuration(s)
INFO  [11:47:50.240] [bbotk] Result of batch 38:
INFO  [11:47:50.268] [bbotk]  mtry.ratio num.trees replace sample.fraction      acq_ei  x_domain
INFO  [11:47:50.268] [bbotk]  0.07415134      1976    TRUE       0.2947691 0.001760066 <list[4]>
INFO  [11:47:50.268] [bbotk]  .already_evaluated classif.bbrier warnings errors runtime_learners
INFO  [11:47:50.268] [bbotk]               FALSE     0.05042385        0      0           49.527
INFO  [11:47:50.268] [bbotk]                                 uhash
INFO  [11:47:50.268] [bbotk]  3f485b48-cce6-46aa-ab7f-4a2ad2759177
INFO  [11:47:53.610] [bbotk] Evaluating 1 configuration(s)
INFO  [11:49:11.114] [bbotk] Result of batch 39:
INFO  [11:49:11.133] [bbotk]  mtry.ratio num.trees replace sample.fraction      acq_ei  x_domain
INFO  [11:49:11.133] [bbotk]   0.3394942      1953   FALSE       0.5973603 0.001324497 <list[4]>
INFO  [11:49:11.133] [bbotk]  .already_evaluated classif.bbrier warnings errors runtime_learners
INFO  [11:49:11.133] [bbotk]               FALSE     0.03025261        0      0            76.96
INFO  [11:49:11.133] [bbotk]                                 uhash
INFO  [11:49:11.133] [bbotk]  ec6332ac-7daa-4153-826e-342ce3973d43
INFO  [11:49:16.113] [bbotk] Evaluating 1 configuration(s)
INFO  [11:51:11.126] [bbotk] Result of batch 40:
INFO  [11:51:11.146] [bbotk]  mtry.ratio num.trees replace sample.fraction      acq_ei  x_domain
INFO  [11:51:11.146] [bbotk]   0.6607472      1957   FALSE       0.5846111 0.002096158 <list[4]>
INFO  [11:51:11.146] [bbotk]  .already_evaluated classif.bbrier warnings errors runtime_learners
INFO  [11:51:11.146] [bbotk]               FALSE     0.03034025        0      0          114.469
INFO  [11:51:11.146] [bbotk]                                 uhash
INFO  [11:51:11.146] [bbotk]  6df06bef-f117-4491-9b21-b683b74dcd03
INFO  [11:51:16.456] [bbotk] Evaluating 1 configuration(s)
INFO  [11:52:44.264] [bbotk] Result of batch 41:
INFO  [11:52:44.282] [bbotk]  mtry.ratio num.trees replace sample.fraction      acq_ei  x_domain
INFO  [11:52:44.282] [bbotk]   0.3731247      1943   FALSE        0.429526 0.001475815 <list[4]>
INFO  [11:52:44.282] [bbotk]  .already_evaluated classif.bbrier warnings errors runtime_learners
INFO  [11:52:44.282] [bbotk]               FALSE     0.03266041        0      0           87.171
INFO  [11:52:44.282] [bbotk]                                 uhash
INFO  [11:52:44.282] [bbotk]  3f77c50b-ac12-4d47-8396-ac580aa798e0
INFO  [11:52:49.987] [bbotk] Evaluating 1 configuration(s)
INFO  [11:54:23.186] [bbotk] Result of batch 42:
INFO  [11:54:23.192] [bbotk]  mtry.ratio num.trees replace sample.fraction      acq_ei  x_domain
INFO  [11:54:23.192] [bbotk]   0.6388042      1996   FALSE       0.4087817 0.002065887 <list[4]>
INFO  [11:54:23.192] [bbotk]  .already_evaluated classif.bbrier warnings errors runtime_learners
INFO  [11:54:23.192] [bbotk]               FALSE     0.03283624        0      0           92.757
INFO  [11:54:23.192] [bbotk]                                 uhash
INFO  [11:54:23.192] [bbotk]  c99d92b1-ab3c-4a9d-aa39-4a367ad0aa11
INFO  [11:54:28.671] [bbotk] Evaluating 1 configuration(s)
INFO  [11:55:56.403] [bbotk] Result of batch 43:
INFO  [11:55:56.409] [bbotk]  mtry.ratio num.trees replace sample.fraction      acq_ei  x_domain
INFO  [11:55:56.409] [bbotk]   0.9183753      1928    TRUE       0.4008922 0.002082153 <list[4]>
INFO  [11:55:56.409] [bbotk]  .already_evaluated classif.bbrier warnings errors runtime_learners
INFO  [11:55:56.409] [bbotk]               FALSE     0.03390774        0      0           87.241
INFO  [11:55:56.409] [bbotk]                                 uhash
INFO  [11:55:56.409] [bbotk]  b615d58c-9769-4ad6-b480-ff834dcb4902
INFO  [11:56:01.351] [bbotk] Evaluating 1 configuration(s)
INFO  [11:57:32.007] [bbotk] Result of batch 44:
INFO  [11:57:32.013] [bbotk]  mtry.ratio num.trees replace sample.fraction      acq_ei  x_domain
INFO  [11:57:32.013] [bbotk]   0.5642699      1663   FALSE       0.5820077 0.002918131 <list[4]>
INFO  [11:57:32.013] [bbotk]  .already_evaluated classif.bbrier warnings errors runtime_learners
INFO  [11:57:32.013] [bbotk]               FALSE     0.03026607        0      0           89.881
INFO  [11:57:32.013] [bbotk]                                 uhash
INFO  [11:57:32.013] [bbotk]  015a4243-9b97-4024-8ecc-783d04ef50d2
INFO  [11:57:36.154] [bbotk] Evaluating 1 configuration(s)
INFO  [11:58:55.612] [bbotk] Result of batch 45:
INFO  [11:58:55.619] [bbotk]  mtry.ratio num.trees replace sample.fraction      acq_ei  x_domain
INFO  [11:58:55.619] [bbotk]   0.2941865      1950   FALSE       0.4050908 0.001860591 <list[4]>
INFO  [11:58:55.619] [bbotk]  .already_evaluated classif.bbrier warnings errors runtime_learners
INFO  [11:58:55.619] [bbotk]               FALSE     0.03367426        0      0           78.982
INFO  [11:58:55.619] [bbotk]                                 uhash
INFO  [11:58:55.619] [bbotk]  60868cda-e614-4242-9bf2-f88b1ba7b446
INFO  [11:59:00.862] [bbotk] Evaluating 1 configuration(s)
INFO  [12:00:20.094] [bbotk] Result of batch 46:
INFO  [12:00:20.109] [bbotk]  mtry.ratio num.trees replace sample.fraction      acq_ei  x_domain
INFO  [12:00:20.109] [bbotk]   0.4859574      1755    TRUE       0.3973957 0.003179946 <list[4]>
INFO  [12:00:20.109] [bbotk]  .already_evaluated classif.bbrier warnings errors runtime_learners
INFO  [12:00:20.109] [bbotk]               FALSE     0.03372083        0      0           78.797
INFO  [12:00:20.109] [bbotk]                                 uhash
INFO  [12:00:20.109] [bbotk]  21ef4499-e844-404e-80b9-01b666977c89
INFO  [12:00:25.194] [bbotk] Evaluating 1 configuration(s)
INFO  [12:01:42.335] [bbotk] Result of batch 47:
INFO  [12:01:42.341] [bbotk]  mtry.ratio num.trees replace sample.fraction      acq_ei  x_domain
INFO  [12:01:42.341] [bbotk]   0.4975517      1488   FALSE        0.839244 0.001850598 <list[4]>
INFO  [12:01:42.341] [bbotk]  .already_evaluated classif.bbrier warnings errors runtime_learners
INFO  [12:01:42.341] [bbotk]               FALSE     0.02789332        0      0           76.679
INFO  [12:01:42.341] [bbotk]                                 uhash
INFO  [12:01:42.341] [bbotk]  983c05de-5654-4f15-9be6-cf6d94a630ea
INFO  [12:01:47.164] [bbotk] Evaluating 1 configuration(s)
INFO  [12:03:27.235] [bbotk] Result of batch 48:
INFO  [12:03:27.242] [bbotk]  mtry.ratio num.trees replace sample.fraction      acq_ei  x_domain
INFO  [12:03:27.242] [bbotk]   0.9171829      1939    TRUE       0.4008022 0.002728955 <list[4]>
INFO  [12:03:27.242] [bbotk]  .already_evaluated classif.bbrier warnings errors runtime_learners
INFO  [12:03:27.242] [bbotk]               FALSE     0.03394397        0      0           99.582
INFO  [12:03:27.242] [bbotk]                                 uhash
INFO  [12:03:27.242] [bbotk]  166f16ec-39e7-4b4d-9713-54d3c905dc68
INFO  [12:03:32.029] [bbotk] Evaluating 1 configuration(s)
INFO  [12:04:47.874] [bbotk] Result of batch 49:
INFO  [12:04:47.894] [bbotk]  mtry.ratio num.trees replace sample.fraction      acq_ei  x_domain
INFO  [12:04:47.894] [bbotk]   0.1471679      1966   FALSE       0.6321343 0.001812776 <list[4]>
INFO  [12:04:47.894] [bbotk]  .already_evaluated classif.bbrier warnings errors runtime_learners
INFO  [12:04:47.894] [bbotk]               FALSE     0.03350034        0      0           75.279
INFO  [12:04:47.894] [bbotk]                                 uhash
INFO  [12:04:47.894] [bbotk]  f5616317-c5cd-437d-b014-dc0a453bee20
INFO  [12:04:53.985] [bbotk] Evaluating 1 configuration(s)
INFO  [12:06:40.397] [bbotk] Result of batch 50:
INFO  [12:06:40.414] [bbotk]  mtry.ratio num.trees replace sample.fraction      acq_ei  x_domain
INFO  [12:06:40.414] [bbotk]   0.7764645      1965    TRUE       0.6047722 0.002611666 <list[4]>
INFO  [12:06:40.414] [bbotk]  .already_evaluated classif.bbrier warnings errors runtime_learners
INFO  [12:06:40.414] [bbotk]               FALSE     0.03098783        0      0          105.892
INFO  [12:06:40.414] [bbotk]                                 uhash
INFO  [12:06:40.414] [bbotk]  8310c2b0-5979-49cb-b459-6c5fe9e49ab6
INFO  [12:06:44.971] [bbotk] Evaluating 1 configuration(s)
INFO  [12:07:52.624] [bbotk] Result of batch 51:
INFO  [12:07:52.644] [bbotk]  mtry.ratio num.trees replace sample.fraction      acq_ei  x_domain
INFO  [12:07:52.644] [bbotk]   0.9909348       902   FALSE       0.5830363 0.002147808 <list[4]>
INFO  [12:07:52.644] [bbotk]  .already_evaluated classif.bbrier warnings errors runtime_learners
INFO  [12:07:52.644] [bbotk]               FALSE     0.03102432        0      0           67.075
INFO  [12:07:52.644] [bbotk]                                 uhash
INFO  [12:07:52.644] [bbotk]  ca3a3191-fe61-4730-ba05-64ee38c265f6
INFO  [12:07:56.680] [bbotk] Evaluating 1 configuration(s)
INFO  [12:09:35.021] [bbotk] Result of batch 52:
INFO  [12:09:35.032] [bbotk]  mtry.ratio num.trees replace sample.fraction      acq_ei  x_domain
INFO  [12:09:35.032] [bbotk]   0.2743869      1966   FALSE       0.7445651 0.002039701 <list[4]>
INFO  [12:09:35.032] [bbotk]  .already_evaluated classif.bbrier warnings errors runtime_learners
INFO  [12:09:35.032] [bbotk]               FALSE     0.02900126        0      0           97.808
INFO  [12:09:35.032] [bbotk]                                 uhash
INFO  [12:09:35.032] [bbotk]  a7de2ff9-01c5-4dac-8f33-c8ec844073d6
INFO  [12:09:39.630] [bbotk] Evaluating 1 configuration(s)
Growing trees.. Progress: 83%. Estimated remaining time: 6 seconds.
Growing trees.. Progress: 90%. Estimated remaining time: 3 seconds.
Growing trees.. Progress: 74%. Estimated remaining time: 10 seconds.
INFO  [12:12:08.807] [bbotk] Result of batch 53:
INFO  [12:12:08.813] [bbotk]  mtry.ratio num.trees replace sample.fraction      acq_ei  x_domain
INFO  [12:12:08.813] [bbotk]   0.8950835      1946   FALSE       0.8112854 0.002887248 <list[4]>
INFO  [12:12:08.813] [bbotk]  .already_evaluated classif.bbrier warnings errors runtime_learners
INFO  [12:12:08.813] [bbotk]               FALSE     0.02911935        0      0          148.676
INFO  [12:12:08.813] [bbotk]                                 uhash
INFO  [12:12:08.813] [bbotk]  aff462d8-7dd4-4e75-98c1-8ecc5eef0291
INFO  [12:12:13.701] [bbotk] Evaluating 1 configuration(s)
INFO  [12:12:22.130] [bbotk] Result of batch 54:
INFO  [12:12:22.145] [bbotk]  mtry.ratio num.trees replace sample.fraction      acq_ei  x_domain
INFO  [12:12:22.145] [bbotk]  0.03156644       441   FALSE       0.1303804 0.001776977 <list[4]>
INFO  [12:12:22.145] [bbotk]  .already_evaluated classif.bbrier warnings errors runtime_learners
INFO  [12:12:22.145] [bbotk]               FALSE      0.1336119        0      0            8.019
INFO  [12:12:22.145] [bbotk]                                 uhash
INFO  [12:12:22.145] [bbotk]  7cc1dc24-f149-47d8-abf5-fb3734036e8d
INFO  [12:12:26.739] [bbotk] Evaluating 1 configuration(s)
INFO  [12:12:56.988] [bbotk] Result of batch 55:
INFO  [12:12:57.008] [bbotk]  mtry.ratio num.trees replace sample.fraction      acq_ei  x_domain
INFO  [12:12:57.008] [bbotk]   0.8998719      1269    TRUE       0.1129362 0.003899454 <list[4]>
INFO  [12:12:57.008] [bbotk]  .already_evaluated classif.bbrier warnings errors runtime_learners
INFO  [12:12:57.008] [bbotk]               FALSE     0.04272355        0      0           29.645
INFO  [12:12:57.008] [bbotk]                                 uhash
INFO  [12:12:57.008] [bbotk]  3f322f50-2643-4711-b0f9-e783cf2ddd1c
INFO  [12:13:00.813] [bbotk] Evaluating 1 configuration(s)
INFO  [12:14:23.024] [bbotk] Result of batch 56:
INFO  [12:14:23.044] [bbotk]  mtry.ratio num.trees replace sample.fraction      acq_ei  x_domain
INFO  [12:14:23.044] [bbotk]   0.9442634      1703   FALSE       0.5826584 0.001773852 <list[4]>
INFO  [12:14:23.044] [bbotk]  .already_evaluated classif.bbrier warnings errors runtime_learners
INFO  [12:14:23.044] [bbotk]               FALSE     0.03097067        0      0           81.805
INFO  [12:14:23.044] [bbotk]                                 uhash
INFO  [12:14:23.044] [bbotk]  0f18a248-8892-483e-b5da-f63cdb8b7f84
INFO  [12:14:26.363] [bbotk] Evaluating 1 configuration(s)
INFO  [12:14:34.030] [bbotk] Result of batch 57:
INFO  [12:14:34.047] [bbotk]  mtry.ratio num.trees replace sample.fraction      acq_ei  x_domain
INFO  [12:14:34.047] [bbotk]   0.2201251       191    TRUE       0.7621506 0.003611391 <list[4]>
INFO  [12:14:34.047] [bbotk]  .already_evaluated classif.bbrier warnings errors runtime_learners
INFO  [12:14:34.047] [bbotk]               FALSE      0.0313513        0      0            7.184
INFO  [12:14:34.047] [bbotk]                                 uhash
INFO  [12:14:34.047] [bbotk]  c9c7b974-fa38-44b8-8a7f-9535647c51f6
INFO  [12:14:38.196] [bbotk] Evaluating 1 configuration(s)
INFO  [12:14:42.946] [bbotk] Result of batch 58:
INFO  [12:14:43.002] [bbotk]  mtry.ratio num.trees replace sample.fraction      acq_ei  x_domain
INFO  [12:14:43.002] [bbotk]   0.4036822       229    TRUE       0.1142023 0.001567717 <list[4]>
INFO  [12:14:43.002] [bbotk]  .already_evaluated classif.bbrier warnings errors runtime_learners
INFO  [12:14:43.002] [bbotk]               FALSE      0.0438034        0      0            4.242
INFO  [12:14:43.002] [bbotk]                                 uhash
INFO  [12:14:43.002] [bbotk]  339a361d-1edd-4e8e-b771-1876be4d70a9
INFO  [12:14:46.147] [bbotk] Evaluating 1 configuration(s)
INFO  [12:15:39.922] [bbotk] Result of batch 59:
INFO  [12:15:39.930] [bbotk]  mtry.ratio num.trees replace sample.fraction     acq_ei  x_domain
INFO  [12:15:39.930] [bbotk]   0.4900147      1857   FALSE        0.403701 0.00203237 <list[4]>
INFO  [12:15:39.930] [bbotk]  .already_evaluated classif.bbrier warnings errors runtime_learners
INFO  [12:15:39.930] [bbotk]               FALSE     0.03291148        0      0           53.473
INFO  [12:15:39.930] [bbotk]                                 uhash
INFO  [12:15:39.930] [bbotk]  617e544b-e0ed-444b-bd29-d555fe2b25d4
INFO  [12:15:43.296] [bbotk] Evaluating 1 configuration(s)
INFO  [12:16:01.439] [bbotk] Result of batch 60:
INFO  [12:16:01.457] [bbotk]  mtry.ratio num.trees replace sample.fraction      acq_ei  x_domain
INFO  [12:16:01.457] [bbotk]   0.7974108       396    TRUE       0.6164864 0.001320583 <list[4]>
INFO  [12:16:01.457] [bbotk]  .already_evaluated classif.bbrier warnings errors runtime_learners
INFO  [12:16:01.457] [bbotk]               FALSE     0.03112452        0      0           17.848
INFO  [12:16:01.457] [bbotk]                                 uhash
INFO  [12:16:01.457] [bbotk]  5f3c7ed1-da8b-49f5-8cdd-2ebad48a8b0f
INFO  [12:16:05.080] [bbotk] Evaluating 1 configuration(s)
INFO  [12:16:28.493] [bbotk] Result of batch 61:
INFO  [12:16:28.501] [bbotk]  mtry.ratio num.trees replace sample.fraction      acq_ei  x_domain
INFO  [12:16:28.501] [bbotk]   0.5591194       451   FALSE        0.990275 0.002502537 <list[4]>
INFO  [12:16:28.501] [bbotk]  .already_evaluated classif.bbrier warnings errors runtime_learners
INFO  [12:16:28.501] [bbotk]               FALSE     0.02704566        0      0           23.006
INFO  [12:16:28.501] [bbotk]                                 uhash
INFO  [12:16:28.501] [bbotk]  55ceab42-e142-436e-aa27-455a90799c43
INFO  [12:16:32.334] [bbotk] Evaluating 1 configuration(s)
INFO  [12:17:18.911] [bbotk] Result of batch 62:
INFO  [12:17:18.933] [bbotk]  mtry.ratio num.trees replace sample.fraction      acq_ei  x_domain
INFO  [12:17:18.933] [bbotk]   0.7406267      1945    TRUE       0.2725114 0.001222822 <list[4]>
INFO  [12:17:18.933] [bbotk]  .already_evaluated classif.bbrier warnings errors runtime_learners
INFO  [12:17:18.933] [bbotk]               FALSE     0.03637066        0      0           46.152
INFO  [12:17:18.933] [bbotk]                                 uhash
INFO  [12:17:18.933] [bbotk]  aea029ea-c787-4f22-8855-4b849fc4104e
INFO  [12:17:22.289] [bbotk] Evaluating 1 configuration(s)
INFO  [12:17:28.027] [bbotk] Result of batch 63:
INFO  [12:17:28.040] [bbotk]  mtry.ratio num.trees replace sample.fraction      acq_ei  x_domain
INFO  [12:17:28.040] [bbotk]    0.307104       348   FALSE       0.1148891 0.001994546 <list[4]>
INFO  [12:17:28.040] [bbotk]  .already_evaluated classif.bbrier warnings errors runtime_learners
INFO  [12:17:28.040] [bbotk]               FALSE     0.04450081        0      0            5.366
INFO  [12:17:28.040] [bbotk]                                 uhash
INFO  [12:17:28.040] [bbotk]  a9394a8c-31cd-4260-ad3c-31af0342732f
INFO  [12:17:31.713] [bbotk] Evaluating 1 configuration(s)
INFO  [12:17:47.084] [bbotk] Result of batch 64:
INFO  [12:17:47.092] [bbotk]  mtry.ratio num.trees replace sample.fraction      acq_ei  x_domain
INFO  [12:17:47.092] [bbotk]   0.7578863       377   FALSE       0.6049073 0.002316898 <list[4]>
INFO  [12:17:47.092] [bbotk]  .already_evaluated classif.bbrier warnings errors runtime_learners
INFO  [12:17:47.092] [bbotk]               FALSE     0.03029851        0      0           14.978
INFO  [12:17:47.092] [bbotk]                                 uhash
INFO  [12:17:47.092] [bbotk]  6c9554be-428c-4ab8-886e-3dc68e61cf96
INFO  [12:17:50.464] [bbotk] Evaluating 1 configuration(s)
INFO  [12:18:25.857] [bbotk] Result of batch 65:
INFO  [12:18:25.866] [bbotk]  mtry.ratio num.trees replace sample.fraction     acq_ei  x_domain
INFO  [12:18:25.866] [bbotk]   0.3579917      1148   FALSE       0.5824241 0.00240569 <list[4]>
INFO  [12:18:25.866] [bbotk]  .already_evaluated classif.bbrier warnings errors runtime_learners
INFO  [12:18:25.866] [bbotk]               FALSE     0.03052806        0      0           35.031
INFO  [12:18:25.866] [bbotk]                                 uhash
INFO  [12:18:25.866] [bbotk]  c31b1dfd-8a16-4ccc-8515-1b29bd086d41
INFO  [12:18:29.327] [bbotk] Evaluating 1 configuration(s)
INFO  [12:18:57.219] [bbotk] Result of batch 66:
INFO  [12:18:57.241] [bbotk]  mtry.ratio num.trees replace sample.fraction      acq_ei  x_domain
INFO  [12:18:57.241] [bbotk]   0.8408239      1541   FALSE       0.1296784 0.002258138 <list[4]>
INFO  [12:18:57.241] [bbotk]  .already_evaluated classif.bbrier warnings errors runtime_learners
INFO  [12:18:57.241] [bbotk]               FALSE     0.04140531        0      0           27.455
INFO  [12:18:57.241] [bbotk]                                 uhash
INFO  [12:18:57.241] [bbotk]  13c2a4b5-8f82-4582-8bd4-6e9859866bcf
INFO  [12:19:00.732] [bbotk] Evaluating 1 configuration(s)
INFO  [12:19:47.748] [bbotk] Result of batch 67:
INFO  [12:19:47.756] [bbotk]  mtry.ratio num.trees replace sample.fraction      acq_ei  x_domain
INFO  [12:19:47.756] [bbotk]   0.3819328      1570    TRUE        0.604974 0.002741957 <list[4]>
INFO  [12:19:47.756] [bbotk]  .already_evaluated classif.bbrier warnings errors runtime_learners
INFO  [12:19:47.756] [bbotk]               FALSE     0.03109617        0      0           46.662
INFO  [12:19:47.756] [bbotk]                                 uhash
INFO  [12:19:47.756] [bbotk]  4bdbe2f6-4b0c-4baf-a66d-123d3c78c104
INFO  [12:19:51.134] [bbotk] Evaluating 1 configuration(s)
INFO  [12:19:58.389] [bbotk] Result of batch 68:
INFO  [12:19:58.396] [bbotk]  mtry.ratio num.trees replace sample.fraction      acq_ei  x_domain
INFO  [12:19:58.396] [bbotk]   0.2531888       241   FALSE        0.404127 0.001050259 <list[4]>
INFO  [12:19:58.396] [bbotk]  .already_evaluated classif.bbrier warnings errors runtime_learners
INFO  [12:19:58.396] [bbotk]               FALSE     0.03437284        0      0            6.897
INFO  [12:19:58.396] [bbotk]                                 uhash
INFO  [12:19:58.396] [bbotk]  6dab0a0e-b30c-4a23-b982-5ee2b37dc07a
INFO  [12:20:01.719] [bbotk] Evaluating 1 configuration(s)
INFO  [12:20:13.202] [bbotk] Result of batch 69:
INFO  [12:20:13.211] [bbotk]  mtry.ratio num.trees replace sample.fraction      acq_ei  x_domain
INFO  [12:20:13.211] [bbotk]   0.1670645       363   FALSE       0.8483558 0.002452946 <list[4]>
INFO  [12:20:13.211] [bbotk]  .already_evaluated classif.bbrier warnings errors runtime_learners
INFO  [12:20:13.211] [bbotk]               FALSE     0.02989391        0      0           11.201
INFO  [12:20:13.211] [bbotk]                                 uhash
INFO  [12:20:13.211] [bbotk]  1c34849e-dbf6-4afc-a9a7-f1eed09bcd57
INFO  [12:20:16.488] [bbotk] Evaluating 1 configuration(s)
INFO  [12:20:30.460] [bbotk] Result of batch 70:
INFO  [12:20:30.467] [bbotk]  mtry.ratio num.trees replace sample.fraction      acq_ei  x_domain
INFO  [12:20:30.467] [bbotk]   0.2727946       434    TRUE       0.5823694 0.001466779 <list[4]>
INFO  [12:20:30.467] [bbotk]  .already_evaluated classif.bbrier warnings errors runtime_learners
INFO  [12:20:30.467] [bbotk]               FALSE     0.03199533        0      0           13.571
INFO  [12:20:30.467] [bbotk]                                 uhash
INFO  [12:20:30.467] [bbotk]  be362beb-8663-4105-843e-7d6bec00ff8b
INFO  [12:20:34.898] [bbotk] Evaluating 1 configuration(s)
INFO  [12:21:44.100] [bbotk] Result of batch 71:
INFO  [12:21:44.138] [bbotk]  mtry.ratio num.trees replace sample.fraction      acq_ei  x_domain
INFO  [12:21:44.138] [bbotk]   0.3589207      1993    TRUE       0.8345928 0.001617947 <list[4]>
INFO  [12:21:44.138] [bbotk]  .already_evaluated classif.bbrier warnings errors runtime_learners
INFO  [12:21:44.138] [bbotk]               FALSE     0.02918164        0      0           68.783
INFO  [12:21:44.138] [bbotk]                                 uhash
INFO  [12:21:44.138] [bbotk]  9618218e-2d27-4fd5-91b6-cf903e550839
INFO  [12:21:47.499] [bbotk] Evaluating 1 configuration(s)
INFO  [12:22:04.930] [bbotk] Result of batch 72:
INFO  [12:22:04.938] [bbotk]  mtry.ratio num.trees replace sample.fraction      acq_ei  x_domain
INFO  [12:22:04.938] [bbotk]   0.7509902       930   FALSE        0.131173 0.001077215 <list[4]>
INFO  [12:22:04.938] [bbotk]  .already_evaluated classif.bbrier warnings errors runtime_learners
INFO  [12:22:04.938] [bbotk]               FALSE     0.04128351        0      0           17.047
INFO  [12:22:04.938] [bbotk]                                 uhash
INFO  [12:22:04.938] [bbotk]  81591bbe-1535-4a50-8b7c-7a9a0be654f3
INFO  [12:22:08.307] [bbotk] Evaluating 1 configuration(s)
INFO  [12:22:25.897] [bbotk] Result of batch 73:
INFO  [12:22:25.904] [bbotk]  mtry.ratio num.trees replace sample.fraction      acq_ei  x_domain
INFO  [12:22:25.904] [bbotk]  0.03437501       646   FALSE       0.9328308 0.001857779 <list[4]>
INFO  [12:22:25.904] [bbotk]  .already_evaluated classif.bbrier warnings errors runtime_learners
INFO  [12:22:25.904] [bbotk]               FALSE     0.05615955        0      0           17.176
INFO  [12:22:25.904] [bbotk]                                 uhash
INFO  [12:22:25.904] [bbotk]  4d512ad9-2cb9-4963-8ee9-c17331d6eced
INFO  [12:22:29.366] [bbotk] Evaluating 1 configuration(s)
INFO  [12:23:20.429] [bbotk] Result of batch 74:
INFO  [12:23:20.436] [bbotk]  mtry.ratio num.trees replace sample.fraction       acq_ei  x_domain
INFO  [12:23:20.436] [bbotk]   0.1785052      1494   FALSE       0.9868765 0.0007402868 <list[4]>
INFO  [12:23:20.436] [bbotk]  .already_evaluated classif.bbrier warnings errors runtime_learners
INFO  [12:23:20.436] [bbotk]               FALSE      0.0285687        0      0           50.626
INFO  [12:23:20.436] [bbotk]                                 uhash
INFO  [12:23:20.436] [bbotk]  c730af16-c9ef-44d6-bf14-d51e46f042fb
INFO  [12:23:23.654] [bbotk] Evaluating 1 configuration(s)
INFO  [12:24:10.080] [bbotk] Result of batch 75:
INFO  [12:24:10.089] [bbotk]  mtry.ratio num.trees replace sample.fraction       acq_ei  x_domain
INFO  [12:24:10.089] [bbotk]   0.5175386      1647   FALSE       0.4031746 0.0009415889 <list[4]>
INFO  [12:24:10.089] [bbotk]  .already_evaluated classif.bbrier warnings errors runtime_learners
INFO  [12:24:10.089] [bbotk]               FALSE     0.03296368        0      0           45.976
INFO  [12:24:10.089] [bbotk]                                 uhash
INFO  [12:24:10.089] [bbotk]  175f595b-a787-432e-ac51-fcedcf157403
INFO  [12:24:14.143] [bbotk] Evaluating 1 configuration(s)
INFO  [12:24:57.431] [bbotk] Result of batch 76:
INFO  [12:24:57.458] [bbotk]  mtry.ratio num.trees replace sample.fraction      acq_ei  x_domain
INFO  [12:24:57.458] [bbotk]   0.8814787      1302    TRUE       0.4039733 0.000872773 <list[4]>
INFO  [12:24:57.458] [bbotk]  .already_evaluated classif.bbrier warnings errors runtime_learners
INFO  [12:24:57.458] [bbotk]               FALSE      0.0338449        0      0           42.869
INFO  [12:24:57.458] [bbotk]                                 uhash
INFO  [12:24:57.458] [bbotk]  08d26259-ce52-46d3-972f-7a1cc529b297
INFO  [12:25:01.171] [bbotk] Evaluating 1 configuration(s)
INFO  [12:26:22.218] [bbotk] Result of batch 77:
INFO  [12:26:22.240] [bbotk]  mtry.ratio num.trees replace sample.fraction      acq_ei  x_domain
INFO  [12:26:22.240] [bbotk]   0.4255459      1966    TRUE       0.8808514 0.002282595 <list[4]>
INFO  [12:26:22.240] [bbotk]  .already_evaluated classif.bbrier warnings errors runtime_learners
INFO  [12:26:22.240] [bbotk]               FALSE     0.02869901        0      0           80.632
INFO  [12:26:22.240] [bbotk]                                 uhash
INFO  [12:26:22.240] [bbotk]  7519eedd-b71a-4914-90eb-65ef353a03ac
INFO  [12:26:25.697] [bbotk] Evaluating 1 configuration(s)
INFO  [12:26:39.016] [bbotk] Result of batch 78:
INFO  [12:26:39.024] [bbotk]  mtry.ratio num.trees replace sample.fraction     acq_ei  x_domain
INFO  [12:26:39.024] [bbotk]  0.03302911       888   FALSE       0.7133162 0.00175618 <list[4]>
INFO  [12:26:39.024] [bbotk]  .already_evaluated classif.bbrier warnings errors runtime_learners
INFO  [12:26:39.024] [bbotk]               FALSE      0.1237462        0      0           12.867
INFO  [12:26:39.024] [bbotk]                                 uhash
INFO  [12:26:39.024] [bbotk]  a6491c58-1b93-420a-8adf-006db7aaab6d
INFO  [12:26:43.267] [bbotk] Evaluating 1 configuration(s)
INFO  [12:27:11.802] [bbotk] Result of batch 79:
INFO  [12:27:11.810] [bbotk]  mtry.ratio num.trees replace sample.fraction      acq_ei  x_domain
INFO  [12:27:11.810] [bbotk]  0.03379365      1145    TRUE       0.7380722 0.001800628 <list[4]>
INFO  [12:27:11.810] [bbotk]  .already_evaluated classif.bbrier warnings errors runtime_learners
INFO  [12:27:11.810] [bbotk]               FALSE     0.05943617        0      0           28.169
INFO  [12:27:11.810] [bbotk]                                 uhash
INFO  [12:27:11.810] [bbotk]  b58f002c-93b4-4ee5-a5f3-684a2edf5bf6
INFO  [12:27:14.886] [bbotk] Evaluating 1 configuration(s)
INFO  [12:27:41.568] [bbotk] Result of batch 80:
INFO  [12:27:41.575] [bbotk]  mtry.ratio num.trees replace sample.fraction      acq_ei  x_domain
INFO  [12:27:41.575] [bbotk]   0.1496809      1489   FALSE       0.1074706 0.001471536 <list[4]>
INFO  [12:27:41.575] [bbotk]  .already_evaluated classif.bbrier warnings errors runtime_learners
INFO  [12:27:41.575] [bbotk]               FALSE     0.05021272        0      0           26.312
INFO  [12:27:41.575] [bbotk]                                 uhash
INFO  [12:27:41.575] [bbotk]  fc446788-607b-4d06-b67a-4347fa673c93
INFO  [12:27:44.521] [bbotk] Evaluating 1 configuration(s)
INFO  [12:27:52.748] [bbotk] Result of batch 81:
INFO  [12:27:52.757] [bbotk]  mtry.ratio num.trees replace sample.fraction      acq_ei  x_domain
INFO  [12:27:52.757] [bbotk]    0.642124       385   FALSE       0.1304102 0.001488077 <list[4]>
INFO  [12:27:52.757] [bbotk]  .already_evaluated classif.bbrier warnings errors runtime_learners
INFO  [12:27:52.757] [bbotk]               FALSE     0.04125982        0      0            7.922
INFO  [12:27:52.757] [bbotk]                                 uhash
INFO  [12:27:52.757] [bbotk]  f29b56dc-3074-4d94-aa4c-68ef52874727
INFO  [12:27:56.017] [bbotk] Evaluating 1 configuration(s)
INFO  [12:28:14.989] [bbotk] Result of batch 82:
INFO  [12:28:14.998] [bbotk]  mtry.ratio num.trees replace sample.fraction      acq_ei  x_domain
INFO  [12:28:14.998] [bbotk]   0.5709605       437   FALSE       0.7229339 0.002008635 <list[4]>
INFO  [12:28:14.998] [bbotk]  .already_evaluated classif.bbrier warnings errors runtime_learners
INFO  [12:28:14.998] [bbotk]               FALSE     0.02890521        0      0           18.553
INFO  [12:28:14.998] [bbotk]                                 uhash
INFO  [12:28:14.998] [bbotk]  10c08ce4-c80f-4765-bf87-6a131a3013ba
INFO  [12:28:18.562] [bbotk] Evaluating 1 configuration(s)
INFO  [12:28:37.507] [bbotk] Result of batch 83:
INFO  [12:28:37.565] [bbotk]  mtry.ratio num.trees replace sample.fraction      acq_ei  x_domain
INFO  [12:28:37.565] [bbotk]   0.6209559       454   FALSE       0.7013125 0.002531218 <list[4]>
INFO  [12:28:37.565] [bbotk]  .already_evaluated classif.bbrier warnings errors runtime_learners
INFO  [12:28:37.565] [bbotk]               FALSE     0.02915028        0      0           18.531
INFO  [12:28:37.565] [bbotk]                                 uhash
INFO  [12:28:37.565] [bbotk]  15072d80-a240-4e9e-ac21-fa75082913e8
INFO  [12:28:41.227] [bbotk] Evaluating 1 configuration(s)
INFO  [12:28:43.801] [bbotk] Result of batch 84:
INFO  [12:28:43.822] [bbotk]  mtry.ratio num.trees replace sample.fraction      acq_ei  x_domain
INFO  [12:28:43.822] [bbotk]  0.03376128        35   FALSE       0.3447339 0.001850369 <list[4]>
INFO  [12:28:43.822] [bbotk]  .already_evaluated classif.bbrier warnings errors runtime_learners
INFO  [12:28:43.822] [bbotk]               FALSE     0.06496441        0      0            1.999
INFO  [12:28:43.822] [bbotk]                                 uhash
INFO  [12:28:43.822] [bbotk]  33737737-bc1c-4a00-a26d-1bf30f045507
INFO  [12:28:47.705] [bbotk] Evaluating 1 configuration(s)
INFO  [12:29:13.095] [bbotk] Result of batch 85:
INFO  [12:29:13.107] [bbotk]  mtry.ratio num.trees replace sample.fraction      acq_ei  x_domain
INFO  [12:29:13.107] [bbotk]   0.7058242       440   FALSE       0.9937019 0.002996497 <list[4]>
INFO  [12:29:13.107] [bbotk]  .already_evaluated classif.bbrier warnings errors runtime_learners
INFO  [12:29:13.107] [bbotk]               FALSE     0.02770458        0      0           24.964
INFO  [12:29:13.107] [bbotk]                                 uhash
INFO  [12:29:13.107] [bbotk]  830b82a0-8519-4f04-975e-56824d48dd05
INFO  [12:29:13.256] [bbotk] Finished optimizing after 100 evaluation(s)
INFO  [12:29:13.258] [bbotk] Result:
INFO  [12:29:13.263] [bbotk]  mtry.ratio num.trees replace sample.fraction learner_param_vals  x_domain
INFO  [12:29:13.263] [bbotk]       <num>     <int>  <lgcl>           <num>             <list>    <list>
INFO  [12:29:13.263] [bbotk]   0.5591194       451   FALSE        0.990275          <list[5]> <list[4]>
INFO  [12:29:13.263] [bbotk]  classif.bbrier
INFO  [12:29:13.263] [bbotk]           <num>
INFO  [12:29:13.263] [bbotk]      0.02704566
Warning: glm.fit: fitted probabilities numerically 0 or 1 occurred
This happened PipeOp classif.ranger's $train()
[1] -19.9433
[1] 82.33941
Warning: glm.fit: fitted probabilities numerically 0 or 1 occurred
This happened PipeOp classif.ranger's $train()
[1] -31.04488
[1] 55.39743
Warning: glm.fit: fitted probabilities numerically 0 or 1 occurred
This happened PipeOp classif.ranger's $train()
[1] -39.0576
[1] 66.00016
Warning: glm.fit: fitted probabilities numerically 0 or 1 occurred
This happened PipeOp classif.ranger's $train()
[1] -36.08386
[1] 59.85124
Warning: glm.fit: fitted probabilities numerically 0 or 1 occurred
This happened PipeOp classif.ranger's $train()
[1] -46.05363
[1] 49.30906

### [bt]: Job terminated successfully [batchtools job.id=2642]
### [bt]: Calculation finished!
