### [bt]: This is batchtools v0.9.17
### [bt]: Starting calculation of 1 jobs
### [bt]: Setting working directory to '/content/drive/MyDrive/GitHub/Mater_Thesis_Calibration'
Loading required package: mlr3verse
Loading required package: mlr3

Attaching package: ‘dplyr’

The following object is masked from ‘package:MASS’:

    select

The following object is masked from ‘package:mlr3misc’:

    cross_join

The following objects are masked from ‘package:stats’:

    filter, lag

The following objects are masked from ‘package:base’:

    intersect, setdiff, setequal, union


Attaching package: ‘batchtools’

The following object is masked from ‘package:mlr3misc’:

    chunk

Loading required package: randomForest
randomForest 4.7-1.2
Type rfNews() to see new features/changes/bug fixes.

Attaching package: ‘randomForest’

The following object is masked from ‘package:dplyr’:

    combine

The following object is masked from ‘package:ggplot2’:

    margin

Loading required package: ranger

Attaching package: ‘ranger’

The following object is masked from ‘package:randomForest’:

    importance

Loading required package: palmerpenguins
ece.R :
Friedmann_tasks.R :
Functions.R :
ici.R :
mse_feature_effects.R :
PipeOpCalibration_TuningExperiment.R :
PipeOpCalibration.R :
PipeOpCalibrationUnion.R :
### [bt]: Memory measurement disabled
### [bt]: Starting job [batchtools job.id=2549]
### [bt]: Generating problem instance for problem '0ecb79b078d7aa0a' ...
### [bt]: Applying algorithm 'run_learner' on problem '0ecb79b078d7aa0a' for job 2549 (seed = 2672) ...
INFO  [09:36:43.060] [mlr3] Applying learner 'glmnet TbC platt' on task 'PhishingWebsites' (iter 9/10)
INFO  [09:36:57.940] [bbotk] Starting to optimize 2 parameter(s) with '<OptimizerMbo>' and '<TerminatorEvals> [n_evals=100, k=0]'
INFO  [09:37:09.782] [bbotk] Evaluating 8 configuration(s)
INFO  [09:39:21.597] [bbotk] Result of batch 1:
INFO  [09:39:21.607] [bbotk]      alpha          s classif.bbrier warnings errors runtime_learners
INFO  [09:39:21.607] [bbotk]  0.6706624  7.4869919     0.24684379        0      0            2.471
INFO  [09:39:21.607] [bbotk]  0.1706624 -1.7233485     0.07529293        0      0            1.846
INFO  [09:39:21.607] [bbotk]  0.9206624 -6.3285190     0.04451794        0      0            2.134
INFO  [09:39:21.607] [bbotk]  0.4206624  2.8818217     0.24684379        0      0            3.331
INFO  [09:39:21.607] [bbotk]  0.0456624  5.1844068     0.24684379        0      0           18.666
INFO  [09:39:21.607] [bbotk]  0.5456624 -4.0259336     0.05095354        0      0           38.456
INFO  [09:39:21.607] [bbotk]  0.2956624 -8.6311039     0.04446790        0      0           34.783
INFO  [09:39:21.607] [bbotk]  0.7956624  0.5792366     0.24684379        0      0           26.823
INFO  [09:39:21.607] [bbotk]                                 uhash
INFO  [09:39:21.607] [bbotk]  6a48e56b-7895-4312-b10f-301351e5e512
INFO  [09:39:21.607] [bbotk]  d1eed8b4-68de-4b9d-b6ca-5a67cfb81f1f
INFO  [09:39:21.607] [bbotk]  dacf83e6-8d12-4fd0-971d-9469b70b8805
INFO  [09:39:21.607] [bbotk]  d9aa18c9-636b-4d62-978e-9dc9b7e4c27e
INFO  [09:39:21.607] [bbotk]  5f0499ae-1d8e-46b1-8cf3-01ac975ad351
INFO  [09:39:21.607] [bbotk]  107af6da-e213-4aa5-b863-726619a05d52
INFO  [09:39:21.607] [bbotk]  9a55605a-21a3-49ce-847c-7f640c6e1ad3
INFO  [09:39:21.607] [bbotk]  6eefdb26-b7e0-43a6-8797-fa607ba54a05
INFO  [09:39:25.167] [bbotk] Evaluating 1 configuration(s)
INFO  [09:39:58.803] [bbotk] Result of batch 2:
INFO  [09:39:58.817] [bbotk]         alpha         s     acq_ei  x_domain .already_evaluated classif.bbrier
INFO  [09:39:58.817] [bbotk]  0.0004219892 -5.163955 0.03824482 <list[2]>              FALSE     0.04848793
INFO  [09:39:58.817] [bbotk]  warnings errors runtime_learners                                uhash
INFO  [09:39:58.817] [bbotk]         0      0           32.543 791528af-e1f5-42c4-82ab-e540f44d3166
INFO  [09:40:06.701] [bbotk] Evaluating 1 configuration(s)
INFO  [09:40:43.918] [bbotk] Result of batch 3:
INFO  [09:40:43.941] [bbotk]      alpha         s     acq_ei  x_domain .already_evaluated classif.bbrier
INFO  [09:40:43.941] [bbotk]  0.5252658 -6.888207 0.01522392 <list[2]>              FALSE     0.04432752
INFO  [09:40:43.941] [bbotk]  warnings errors runtime_learners                                uhash
INFO  [09:40:43.941] [bbotk]         0      0           36.405 899ceec1-35fe-4d58-af78-b8ad8a12ca39
INFO  [09:40:48.642] [bbotk] Evaluating 1 configuration(s)
INFO  [09:41:23.449] [bbotk] Result of batch 4:
INFO  [09:41:23.473] [bbotk]      alpha         s     acq_ei  x_domain .already_evaluated classif.bbrier
INFO  [09:41:23.473] [bbotk]  0.9903883 -8.972503 0.01434702 <list[2]>              FALSE     0.04449212
INFO  [09:41:23.473] [bbotk]  warnings errors runtime_learners                                uhash
INFO  [09:41:23.473] [bbotk]         0      0           33.875 5b7d618d-cda5-4dab-95a4-2fad9eff7644
INFO  [09:41:26.964] [bbotk] Evaluating 1 configuration(s)
INFO  [09:42:00.513] [bbotk] Result of batch 5:
INFO  [09:42:00.539] [bbotk]        alpha         s     acq_ei  x_domain .already_evaluated classif.bbrier
INFO  [09:42:00.539] [bbotk]  0.007212552 -3.366412 0.00828958 <list[2]>              FALSE     0.04808784
INFO  [09:42:00.539] [bbotk]  warnings errors runtime_learners                                uhash
INFO  [09:42:00.539] [bbotk]         0      0           32.644 bab6ed5f-d096-406b-84b1-31a99c10f735
INFO  [09:42:06.356] [bbotk] Evaluating 1 configuration(s)
INFO  [09:42:41.366] [bbotk] Result of batch 6:
INFO  [09:42:41.371] [bbotk]      alpha         s      acq_ei  x_domain .already_evaluated classif.bbrier
INFO  [09:42:41.371] [bbotk]  0.8348884 -8.024991 0.003837259 <list[2]>              FALSE     0.04443947
INFO  [09:42:41.371] [bbotk]  warnings errors runtime_learners                                uhash
INFO  [09:42:41.371] [bbotk]         0      0           34.144 c3546328-619b-496e-a855-7f45b7c96f8b
INFO  [09:42:46.459] [bbotk] Evaluating 1 configuration(s)
INFO  [09:43:24.308] [bbotk] Result of batch 7:
INFO  [09:43:24.316] [bbotk]     alpha         s      acq_ei  x_domain .already_evaluated classif.bbrier
INFO  [09:43:24.316] [bbotk]  0.552596 -9.210304 0.004093466 <list[2]>              FALSE     0.04448899
INFO  [09:43:24.316] [bbotk]  warnings errors runtime_learners                                uhash
INFO  [09:43:24.316] [bbotk]         0      0            37.04 10b9ab85-0f78-4e4d-be34-6645b060b9b3
INFO  [09:43:27.890] [bbotk] Evaluating 1 configuration(s)
INFO  [09:43:55.231] [bbotk] Result of batch 8:
INFO  [09:43:55.273] [bbotk]      alpha       s      acq_ei  x_domain .already_evaluated classif.bbrier
INFO  [09:43:55.273] [bbotk]  0.4838353 -5.5547 0.002447167 <list[2]>              FALSE     0.04466352
INFO  [09:43:55.273] [bbotk]  warnings errors runtime_learners                                uhash
INFO  [09:43:55.273] [bbotk]         0      0           26.456 3fd91aa5-9cbf-4db3-a166-fba8becceafb
INFO  [09:43:59.237] [bbotk] Evaluating 1 configuration(s)
INFO  [09:44:33.142] [bbotk] Result of batch 9:
INFO  [09:44:33.170] [bbotk]       alpha         s      acq_ei  x_domain .already_evaluated classif.bbrier
INFO  [09:44:33.170] [bbotk]  0.03057015 -9.199171 0.001882855 <list[2]>              FALSE     0.04424444
INFO  [09:44:33.170] [bbotk]  warnings errors runtime_learners                                uhash
INFO  [09:44:33.170] [bbotk]         0      0           32.938 0452fec7-f2ff-4386-979b-bf561763ddc2
INFO  [09:44:36.535] [bbotk] Evaluating 1 configuration(s)
INFO  [09:45:12.519] [bbotk] Result of batch 10:
INFO  [09:45:12.531] [bbotk]      alpha         s      acq_ei  x_domain .already_evaluated classif.bbrier
INFO  [09:45:12.531] [bbotk]  0.9937566 -7.343777 0.001110854 <list[2]>              FALSE     0.04441541
INFO  [09:45:12.531] [bbotk]  warnings errors runtime_learners                                uhash
INFO  [09:45:12.531] [bbotk]         0      0           35.211 7eda80b4-63b2-4fa2-a830-dd123c169ed8
INFO  [09:45:15.483] [bbotk] Evaluating 1 configuration(s)
INFO  [09:45:52.465] [bbotk] Result of batch 11:
INFO  [09:45:52.489] [bbotk]      alpha         s       acq_ei  x_domain .already_evaluated classif.bbrier
INFO  [09:45:52.489] [bbotk]  0.2214322 -9.199381 0.0005745441 <list[2]>              FALSE     0.04446986
INFO  [09:45:52.489] [bbotk]  warnings errors runtime_learners                                uhash
INFO  [09:45:52.489] [bbotk]         0      0           36.058 f22e93a2-025e-43b3-b66e-514739b66fe2
INFO  [09:45:56.055] [bbotk] Evaluating 1 configuration(s)
INFO  [09:46:32.380] [bbotk] Result of batch 12:
INFO  [09:46:32.415] [bbotk]        alpha         s       acq_ei  x_domain .already_evaluated classif.bbrier
INFO  [09:46:32.415] [bbotk]  0.001456857 -7.890255 0.0005571423 <list[2]>              FALSE     0.04697938
INFO  [09:46:32.415] [bbotk]  warnings errors runtime_learners                                uhash
INFO  [09:46:32.415] [bbotk]         0      0           35.246 cf1504e0-192c-40be-82f2-d55b21a7aa6b
INFO  [09:46:38.318] [bbotk] Evaluating 1 configuration(s)
INFO  [09:47:11.317] [bbotk] Result of batch 13:
INFO  [09:47:11.335] [bbotk]      alpha         s       acq_ei  x_domain .already_evaluated classif.bbrier
INFO  [09:47:11.335] [bbotk]  0.7541661 -6.760433 0.0005240197 <list[2]>              FALSE     0.04436958
INFO  [09:47:11.335] [bbotk]  warnings errors runtime_learners                                uhash
INFO  [09:47:11.335] [bbotk]         0      0           32.216 cf85a8d5-6435-416e-97c0-0957a1649d0f
INFO  [09:47:14.316] [bbotk] Evaluating 1 configuration(s)
INFO  [09:47:39.540] [bbotk] Result of batch 14:
INFO  [09:47:39.545] [bbotk]      alpha         s       acq_ei  x_domain .already_evaluated classif.bbrier
INFO  [09:47:39.545] [bbotk]  0.5150664 -6.254008 0.0004401877 <list[2]>              FALSE     0.04434724
INFO  [09:47:39.545] [bbotk]  warnings errors runtime_learners                                uhash
INFO  [09:47:39.545] [bbotk]         0      0           24.656 eeed66fe-ada4-45b1-8c06-202c8c1b087d
INFO  [09:47:42.168] [bbotk] Evaluating 1 configuration(s)
INFO  [09:48:12.032] [bbotk] Result of batch 15:
INFO  [09:48:12.055] [bbotk]      alpha         s       acq_ei  x_domain .already_evaluated classif.bbrier
INFO  [09:48:12.055] [bbotk]  0.2377022 -4.525236 0.0003881185 <list[2]>              FALSE     0.04590148
INFO  [09:48:12.055] [bbotk]  warnings errors runtime_learners                                uhash
INFO  [09:48:12.055] [bbotk]         0      0           28.851 e9e8e73d-f79e-436d-b58e-5f964cc153c4
INFO  [09:48:15.315] [bbotk] Evaluating 1 configuration(s)
INFO  [09:48:48.911] [bbotk] Result of batch 16:
INFO  [09:48:48.921] [bbotk]      alpha        s      acq_ei  x_domain .already_evaluated classif.bbrier
INFO  [09:48:48.921] [bbotk]  0.5498777 -8.63621 0.000267211 <list[2]>              FALSE     0.04446845
INFO  [09:48:48.921] [bbotk]  warnings errors runtime_learners                                uhash
INFO  [09:48:48.921] [bbotk]         0      0           32.728 69c6bb69-6728-49fa-a88b-685ac668f074
INFO  [09:48:52.100] [bbotk] Evaluating 1 configuration(s)
INFO  [09:49:29.913] [bbotk] Result of batch 17:
INFO  [09:49:29.959] [bbotk]      alpha         s       acq_ei  x_domain .already_evaluated classif.bbrier
INFO  [09:49:29.959] [bbotk]  0.8512458 -9.194832 0.0001886446 <list[2]>              FALSE     0.04449239
INFO  [09:49:29.959] [bbotk]  warnings errors runtime_learners                                uhash
INFO  [09:49:29.959] [bbotk]         0      0           36.794 365bc610-e28f-470d-a51e-7b0b49b6e632
INFO  [09:49:35.047] [bbotk] Evaluating 1 configuration(s)
INFO  [09:50:13.036] [bbotk] Result of batch 18:
INFO  [09:50:13.060] [bbotk]      alpha         s       acq_ei  x_domain .already_evaluated classif.bbrier
INFO  [09:50:13.060] [bbotk]  0.3899955 -8.997359 0.0001517439 <list[2]>              FALSE     0.04448529
INFO  [09:50:13.060] [bbotk]  warnings errors runtime_learners                                uhash
INFO  [09:50:13.060] [bbotk]         0      0               37 3df88df4-ccc3-4f7d-bc82-159f323748e3
INFO  [09:50:16.773] [bbotk] Evaluating 1 configuration(s)
INFO  [09:50:52.735] [bbotk] Result of batch 19:
INFO  [09:50:52.770] [bbotk]      alpha         s       acq_ei  x_domain .already_evaluated classif.bbrier
INFO  [09:50:52.770] [bbotk]  0.4996959 -7.923018 0.0001463597 <list[2]>              FALSE     0.04441865
INFO  [09:50:52.770] [bbotk]  warnings errors runtime_learners                                uhash
INFO  [09:50:52.770] [bbotk]         0      0           34.952 64a2efa0-9a89-44f3-bf63-223f2e448cb5
INFO  [09:50:56.136] [bbotk] Evaluating 1 configuration(s)
INFO  [09:51:24.487] [bbotk] Result of batch 20:
INFO  [09:51:24.500] [bbotk]      alpha         s       acq_ei  x_domain .already_evaluated classif.bbrier
INFO  [09:51:24.500] [bbotk]  0.9861917 -6.720497 0.0001428639 <list[2]>              FALSE     0.04444243
INFO  [09:51:24.500] [bbotk]  warnings errors runtime_learners                                uhash
INFO  [09:51:24.500] [bbotk]         0      0           27.559 c6ee49fc-40b1-4566-a7ad-6698f41a8941
INFO  [09:51:27.043] [bbotk] Evaluating 1 configuration(s)
INFO  [09:51:55.111] [bbotk] Result of batch 21:
INFO  [09:51:55.123] [bbotk]      alpha         s       acq_ei  x_domain .already_evaluated classif.bbrier
INFO  [09:51:55.123] [bbotk]  0.9063424 -7.016312 7.192554e-05 <list[2]>              FALSE      0.0443983
INFO  [09:51:55.123] [bbotk]  warnings errors runtime_learners                                uhash
INFO  [09:51:55.123] [bbotk]         0      0            27.52 a584fcc2-b516-40a0-9da7-6291dc60b4ea
INFO  [09:51:57.870] [bbotk] Evaluating 1 configuration(s)
INFO  [09:52:34.461] [bbotk] Result of batch 22:
INFO  [09:52:34.466] [bbotk]     alpha         s       acq_ei  x_domain .already_evaluated classif.bbrier
INFO  [09:52:34.466] [bbotk]  0.980734 -9.204439 6.354199e-05 <list[2]>              FALSE       0.044499
INFO  [09:52:34.466] [bbotk]  warnings errors runtime_learners                                uhash
INFO  [09:52:34.466] [bbotk]         0      0           35.887 c5684772-68ce-458b-852d-92db2f7a516a
WARN  [09:52:34.703] [mlr3] train: Stopped because hard maximum generation limit was hit.
INFO  [09:52:37.912] [bbotk] Evaluating 1 configuration(s)
INFO  [09:53:09.428] [bbotk] Result of batch 23:
INFO  [09:53:09.443] [bbotk]      alpha         s       acq_ei  x_domain .already_evaluated classif.bbrier
INFO  [09:53:09.443] [bbotk]  0.3389402 -5.838802 5.648175e-05 <list[2]>              FALSE     0.04436648
INFO  [09:53:09.443] [bbotk]  warnings errors runtime_learners                                uhash
INFO  [09:53:09.443] [bbotk]         0      0           30.438 ab50d96d-0b1f-4728-a61e-abc757594afb
INFO  [09:53:14.812] [bbotk] Evaluating 1 configuration(s)
INFO  [09:53:48.214] [bbotk] Result of batch 24:
INFO  [09:53:48.239] [bbotk]      alpha         s       acq_ei  x_domain .already_evaluated classif.bbrier
INFO  [09:53:48.239] [bbotk]  0.4049059 -6.525836 6.300907e-05 <list[2]>              FALSE     0.04429595
INFO  [09:53:48.239] [bbotk]  warnings errors runtime_learners                                uhash
INFO  [09:53:48.239] [bbotk]         0      0           32.342 1fadbad9-2210-47cc-a213-5b3e9dd1c19e
INFO  [09:53:53.973] [bbotk] Evaluating 1 configuration(s)
INFO  [09:54:35.057] [bbotk] Result of batch 25:
INFO  [09:54:35.091] [bbotk]        alpha         s       acq_ei  x_domain .already_evaluated classif.bbrier
INFO  [09:54:35.091] [bbotk]  0.003424823 -9.187492 6.619249e-05 <list[2]>              FALSE     0.04497696
INFO  [09:54:35.091] [bbotk]  warnings errors runtime_learners                                uhash
INFO  [09:54:35.091] [bbotk]         0      0            39.95 981ec2e6-95ae-44b7-9bab-8ad474612dcc
WARN  [09:54:35.486] [mlr3] train: Stopped because hard maximum generation limit was hit.
INFO  [09:54:39.122] [bbotk] Evaluating 1 configuration(s)
INFO  [09:55:16.925] [bbotk] Result of batch 26:
INFO  [09:55:16.956] [bbotk]     alpha         s       acq_ei  x_domain .already_evaluated classif.bbrier
INFO  [09:55:16.956] [bbotk]  0.101719 -9.191953 0.0001087601 <list[2]>              FALSE     0.04440755
INFO  [09:55:16.956] [bbotk]  warnings errors runtime_learners                                uhash
INFO  [09:55:16.956] [bbotk]         0      0           36.887 ef341ea6-fa6b-4b87-8e2a-014856b2b0fb
INFO  [09:55:19.390] [bbotk] Evaluating 1 configuration(s)
INFO  [09:55:56.912] [bbotk] Result of batch 27:
INFO  [09:55:56.938] [bbotk]      alpha         s       acq_ei  x_domain .already_evaluated classif.bbrier
INFO  [09:55:56.938] [bbotk]  0.4415709 -6.088295 0.0001002839 <list[2]>              FALSE     0.04435141
INFO  [09:55:56.938] [bbotk]  warnings errors runtime_learners                                uhash
INFO  [09:55:56.938] [bbotk]         0      0           36.604 cc167040-7f6a-4415-881d-d3f931ae3ad2
INFO  [09:56:03.272] [bbotk] Evaluating 1 configuration(s)
INFO  [09:56:37.834] [bbotk] Result of batch 28:
INFO  [09:56:37.859] [bbotk]      alpha         s       acq_ei  x_domain .already_evaluated classif.bbrier
INFO  [09:56:37.859] [bbotk]  0.6586757 -7.439754 8.268249e-05 <list[2]>              FALSE     0.04438044
INFO  [09:56:37.859] [bbotk]  warnings errors runtime_learners                                uhash
INFO  [09:56:37.859] [bbotk]         0      0           33.606 bd87aeaa-8b91-4c33-9aaf-aa67b7b63f58
INFO  [09:56:41.504] [bbotk] Evaluating 1 configuration(s)
INFO  [09:57:12.428] [bbotk] Result of batch 29:
INFO  [09:57:12.450] [bbotk]      alpha         s       acq_ei  x_domain .already_evaluated classif.bbrier
INFO  [09:57:12.450] [bbotk]  0.5825286 -6.496928 6.458523e-05 <list[2]>              FALSE     0.04433537
INFO  [09:57:12.450] [bbotk]  warnings errors runtime_learners                                uhash
INFO  [09:57:12.450] [bbotk]         0      0           30.068 6b2682f9-be1d-47ae-b824-120e8f815a2f
WARN  [09:57:13.229] [mlr3] train: Stopped because hard maximum generation limit was hit.
INFO  [09:57:17.096] [bbotk] Evaluating 1 configuration(s)
INFO  [09:57:41.335] [bbotk] Result of batch 30:
INFO  [09:57:41.355] [bbotk]      alpha         s       acq_ei  x_domain .already_evaluated classif.bbrier
INFO  [09:57:41.355] [bbotk]  0.4616463 -6.466756 5.729562e-05 <list[2]>              FALSE     0.04430728
INFO  [09:57:41.355] [bbotk]  warnings errors runtime_learners                                uhash
INFO  [09:57:41.355] [bbotk]         0      0           23.307 4825f1c3-4014-49af-a17f-147901a95c3a
INFO  [09:57:44.875] [bbotk] Evaluating 1 configuration(s)
INFO  [09:58:13.468] [bbotk] Result of batch 31:
INFO  [09:58:13.473] [bbotk]      alpha         s       acq_ei  x_domain .already_evaluated classif.bbrier
INFO  [09:58:13.473] [bbotk]  0.9837935 -8.398781 4.904712e-05 <list[2]>              FALSE     0.04446832
INFO  [09:58:13.473] [bbotk]  warnings errors runtime_learners                                uhash
INFO  [09:58:13.473] [bbotk]         0      0            27.77 103d6d2e-aa63-4dbe-a124-b27be604e0f5
WARN  [09:58:13.762] [mlr3] train: Stopped because hard maximum generation limit was hit.
INFO  [09:58:19.343] [bbotk] Evaluating 1 configuration(s)
INFO  [09:58:52.602] [bbotk] Result of batch 32:
INFO  [09:58:52.610] [bbotk]      alpha         s       acq_ei  x_domain .already_evaluated classif.bbrier
INFO  [09:58:52.610] [bbotk]  0.4239622 -7.149574 4.456192e-05 <list[2]>              FALSE     0.04433865
INFO  [09:58:52.610] [bbotk]  warnings errors runtime_learners                                uhash
INFO  [09:58:52.610] [bbotk]         0      0           32.331 a3dea777-2f99-4594-b523-b35d46054fb3
WARN  [09:58:52.949] [mlr3] train: Stopped because hard maximum generation limit was hit.
INFO  [09:58:58.257] [bbotk] Evaluating 1 configuration(s)
INFO  [09:59:33.903] [bbotk] Result of batch 33:
INFO  [09:59:33.917] [bbotk]      alpha         s       acq_ei  x_domain .already_evaluated classif.bbrier
INFO  [09:59:33.917] [bbotk]  0.4259902 -6.287541 4.267847e-05 <list[2]>              FALSE     0.04430918
INFO  [09:59:33.917] [bbotk]  warnings errors runtime_learners                                uhash
INFO  [09:59:33.917] [bbotk]         0      0           34.868 94ece2f4-3620-4227-b7e6-45dc564585f3
WARN  [09:59:34.702] [mlr3] train: Stopped because hard maximum generation limit was hit.
INFO  [09:59:40.097] [bbotk] Evaluating 1 configuration(s)
INFO  [10:00:18.209] [bbotk] Result of batch 34:
INFO  [10:00:18.243] [bbotk]      alpha         s       acq_ei  x_domain .already_evaluated classif.bbrier
INFO  [10:00:18.243] [bbotk]  0.4678321 -6.618918 3.783644e-05 <list[2]>              FALSE     0.04430879
INFO  [10:00:18.243] [bbotk]  warnings errors runtime_learners                                uhash
INFO  [10:00:18.243] [bbotk]         0      0           37.198 5b62d35d-137c-4b12-a774-219aa7ea4fc7
INFO  [10:00:22.552] [bbotk] Evaluating 1 configuration(s)
INFO  [10:00:55.652] [bbotk] Result of batch 35:
INFO  [10:00:55.658] [bbotk]      alpha         s       acq_ei  x_domain .already_evaluated classif.bbrier
INFO  [10:00:55.658] [bbotk]  0.4127658 -5.999253 3.405566e-05 <list[2]>              FALSE     0.04435984
INFO  [10:00:55.658] [bbotk]  warnings errors runtime_learners                                uhash
INFO  [10:00:55.658] [bbotk]         0      0           32.007 8e69e124-8328-4ef2-8fe5-a0d63ca4c077
WARN  [10:00:56.035] [mlr3] train: Stopped because hard maximum generation limit was hit.
INFO  [10:00:59.056] [bbotk] Evaluating 1 configuration(s)
INFO  [10:01:32.192] [bbotk] Result of batch 36:
INFO  [10:01:32.204] [bbotk]      alpha         s       acq_ei  x_domain .already_evaluated classif.bbrier
INFO  [10:01:32.204] [bbotk]  0.3197171 -9.167772 8.732522e-05 <list[2]>              FALSE      0.0444855
INFO  [10:01:32.204] [bbotk]  warnings errors runtime_learners                                uhash
INFO  [10:01:32.204] [bbotk]         0      0           32.309 77391cbf-05e8-48b7-90c1-4dbf6df8f721
WARN  [10:01:33.257] [mlr3] train: Stopped because hard maximum generation limit was hit.
INFO  [10:01:39.870] [bbotk] Evaluating 1 configuration(s)
INFO  [10:02:17.432] [bbotk] Result of batch 37:
INFO  [10:02:17.451] [bbotk]       alpha         s       acq_ei  x_domain .already_evaluated classif.bbrier
INFO  [10:02:17.451] [bbotk]  0.09409024 -9.207615 3.070834e-05 <list[2]>              FALSE     0.04439894
INFO  [10:02:17.451] [bbotk]  warnings errors runtime_learners                                uhash
INFO  [10:02:17.451] [bbotk]         0      0           36.154 69e2b547-b8be-4c19-a8fe-b499e88a23b9
WARN  [10:02:18.281] [mlr3] train: Stopped because hard maximum generation limit was hit.
INFO  [10:02:21.736] [bbotk] Evaluating 1 configuration(s)
INFO  [10:02:38.698] [bbotk] Result of batch 38:
INFO  [10:02:38.704] [bbotk]      alpha         s       acq_ei  x_domain .already_evaluated classif.bbrier
INFO  [10:02:38.704] [bbotk]  0.4349485 -6.478782 2.859984e-05 <list[2]>              FALSE     0.04430151
INFO  [10:02:38.704] [bbotk]  warnings errors runtime_learners                                uhash
INFO  [10:02:38.704] [bbotk]         0      0           16.159 ff1ef40a-89ea-4668-93b4-4ec1e945bd68
INFO  [10:02:41.917] [bbotk] Evaluating 1 configuration(s)
INFO  [10:03:10.587] [bbotk] Result of batch 39:
INFO  [10:03:10.622] [bbotk]      alpha         s       acq_ei  x_domain .already_evaluated classif.bbrier
INFO  [10:03:10.622] [bbotk]  0.4383625 -6.476636 2.538181e-05 <list[2]>              FALSE     0.04430227
INFO  [10:03:10.622] [bbotk]  warnings errors runtime_learners                                uhash
INFO  [10:03:10.622] [bbotk]         0      0           27.841 cefe4b23-b848-4085-8ebd-e360fc2771dc
INFO  [10:03:15.603] [bbotk] Evaluating 1 configuration(s)
INFO  [10:03:46.891] [bbotk] Result of batch 40:
INFO  [10:03:46.898] [bbotk]      alpha         s       acq_ei  x_domain .already_evaluated classif.bbrier
INFO  [10:03:46.898] [bbotk]  0.4205907 -6.679257 2.329294e-05 <list[2]>              FALSE     0.04430312
INFO  [10:03:46.898] [bbotk]  warnings errors runtime_learners                                uhash
INFO  [10:03:46.898] [bbotk]         0      0           30.588 16819220-7f5c-4a2f-8a7e-53c592e3da3e
INFO  [10:03:50.807] [bbotk] Evaluating 1 configuration(s)
INFO  [10:04:21.369] [bbotk] Result of batch 41:
INFO  [10:04:21.374] [bbotk]     alpha         s       acq_ei  x_domain .already_evaluated classif.bbrier
INFO  [10:04:21.374] [bbotk]  0.394489 -6.389885 1.957555e-05 <list[2]>              FALSE     0.04429494
INFO  [10:04:21.374] [bbotk]  warnings errors runtime_learners                                uhash
INFO  [10:04:21.374] [bbotk]         0      0           29.651 14cf1b6e-f9d3-45d0-8d67-51dcc586f6fb
WARN  [10:04:21.624] [mlr3] train: Stopped because hard maximum generation limit was hit.
INFO  [10:04:25.303] [bbotk] Evaluating 1 configuration(s)
INFO  [10:04:56.517] [bbotk] Result of batch 42:
INFO  [10:04:56.524] [bbotk]       alpha         s       acq_ei  x_domain .already_evaluated classif.bbrier
INFO  [10:04:56.524] [bbotk]  0.05513113 -9.121966 0.0001018694 <list[2]>              FALSE     0.04433076
INFO  [10:04:56.524] [bbotk]  warnings errors runtime_learners                                uhash
INFO  [10:04:56.524] [bbotk]         0      0           30.168 cac49b14-37f0-46d4-b526-f727c7c7abc1
WARN  [10:04:56.861] [mlr3] train: Stopped because hard maximum generation limit was hit.
INFO  [10:05:00.724] [bbotk] Evaluating 1 configuration(s)
INFO  [10:05:30.804] [bbotk] Result of batch 43:
INFO  [10:05:30.810] [bbotk]       alpha         s      acq_ei  x_domain .already_evaluated classif.bbrier
INFO  [10:05:30.810] [bbotk]  0.05442104 -9.190621 6.15036e-05 <list[2]>              FALSE     0.04432892
INFO  [10:05:30.810] [bbotk]  warnings errors runtime_learners                                uhash
INFO  [10:05:30.810] [bbotk]         0      0           29.271 b9e8be8f-13dc-4ad8-95a1-c6b727cc9e37
INFO  [10:05:35.132] [bbotk] Evaluating 1 configuration(s)
INFO  [10:06:11.596] [bbotk] Result of batch 44:
INFO  [10:06:11.619] [bbotk]      alpha         s       acq_ei  x_domain .already_evaluated classif.bbrier
INFO  [10:06:11.619] [bbotk]  0.6507568 -6.963124 1.969597e-05 <list[2]>              FALSE     0.04434736
INFO  [10:06:11.619] [bbotk]  warnings errors runtime_learners                                uhash
INFO  [10:06:11.619] [bbotk]         0      0           35.518 5dc6c0a5-be4c-4573-aca3-1e36f0e22aa3
INFO  [10:06:17.585] [bbotk] Evaluating 1 configuration(s)
INFO  [10:06:41.931] [bbotk] Result of batch 45:
INFO  [10:06:41.965] [bbotk]      alpha         s       acq_ei  x_domain .already_evaluated classif.bbrier
INFO  [10:06:41.965] [bbotk]  0.4082741 -6.439114 1.765115e-05 <list[2]>              FALSE     0.04429639
INFO  [10:06:41.965] [bbotk]  warnings errors runtime_learners                                uhash
INFO  [10:06:41.965] [bbotk]         0      0           23.217 150a3ec2-bb59-4a60-b919-8c8039cb468a
WARN  [10:06:43.014] [mlr3] train: Stopped because hard maximum generation limit was hit.
INFO  [10:06:46.932] [bbotk] Evaluating 1 configuration(s)
INFO  [10:07:15.249] [bbotk] Result of batch 46:
INFO  [10:07:15.292] [bbotk]      alpha         s       acq_ei  x_domain .already_evaluated classif.bbrier
INFO  [10:07:15.292] [bbotk]  0.7098412 -8.995455 1.595681e-05 <list[2]>              FALSE     0.04448689
INFO  [10:07:15.292] [bbotk]  warnings errors runtime_learners                                uhash
INFO  [10:07:15.292] [bbotk]         0      0           27.426 92c80004-7fc9-4446-8070-f0b0d42d320a
WARN  [10:07:15.715] [mlr3] train: Stopped because hard maximum generation limit was hit.
INFO  [10:07:19.655] [bbotk] Evaluating 1 configuration(s)
INFO  [10:07:58.773] [bbotk] Result of batch 47:
INFO  [10:07:58.787] [bbotk]     alpha         s       acq_ei  x_domain .already_evaluated classif.bbrier
INFO  [10:07:58.787] [bbotk]  0.933494 -7.702685 1.578872e-05 <list[2]>              FALSE     0.04442518
INFO  [10:07:58.787] [bbotk]  warnings errors runtime_learners                                uhash
INFO  [10:07:58.787] [bbotk]         0      0           38.099 4a38aa72-e7d2-48cb-a53c-a40392e0bf3b
WARN  [10:07:59.549] [mlr3] train: Stopped because hard maximum generation limit was hit.
INFO  [10:08:03.779] [bbotk] Evaluating 1 configuration(s)
INFO  [10:08:36.525] [bbotk] Result of batch 48:
INFO  [10:08:36.532] [bbotk]      alpha         s     acq_ei  x_domain .already_evaluated classif.bbrier
INFO  [10:08:36.532] [bbotk]  0.4505704 -6.517895 1.6484e-05 <list[2]>              FALSE     0.04430411
INFO  [10:08:36.532] [bbotk]  warnings errors runtime_learners                                uhash
INFO  [10:08:36.532] [bbotk]         0      0           31.817 5ebfe841-4659-4baa-8e30-18a0e8fcec9b
INFO  [10:08:42.573] [bbotk] Evaluating 1 configuration(s)
INFO  [10:09:18.549] [bbotk] Result of batch 49:
INFO  [10:09:18.565] [bbotk]      alpha         s       acq_ei  x_domain .already_evaluated classif.bbrier
INFO  [10:09:18.565] [bbotk]  0.3985252 -6.413315 1.309758e-05 <list[2]>              FALSE     0.04429488
INFO  [10:09:18.565] [bbotk]  warnings errors runtime_learners                                uhash
INFO  [10:09:18.565] [bbotk]         0      0           35.078 a47a7374-c647-4597-b147-d7710c20a0f6
WARN  [10:09:19.893] [mlr3] train: Stopped because hard maximum generation limit was hit.
INFO  [10:09:24.758] [bbotk] Evaluating 1 configuration(s)
INFO  [10:10:00.649] [bbotk] Result of batch 50:
INFO  [10:10:00.667] [bbotk]      alpha         s       acq_ei  x_domain .already_evaluated classif.bbrier
INFO  [10:10:00.667] [bbotk]  0.3294173 -6.758422 1.054919e-05 <list[2]>              FALSE     0.04429205
INFO  [10:10:00.667] [bbotk]  warnings errors runtime_learners                                uhash
INFO  [10:10:00.667] [bbotk]         0      0           35.047 9efa7e29-7835-4a11-93c8-17f58156d650
WARN  [10:10:02.381] [mlr3] train: Stopped because hard maximum generation limit was hit.
INFO  [10:10:07.776] [bbotk] Evaluating 1 configuration(s)
INFO  [10:10:44.086] [bbotk] Result of batch 51:
INFO  [10:10:44.098] [bbotk]      alpha         s      acq_ei  x_domain .already_evaluated classif.bbrier
INFO  [10:10:44.098] [bbotk]  0.3586822 -6.791675 1.04329e-05 <list[2]>              FALSE     0.04429913
INFO  [10:10:44.098] [bbotk]  warnings errors runtime_learners                                uhash
INFO  [10:10:44.098] [bbotk]         0      0           35.279 2d54fc06-7e63-4fee-ab16-c89620a01036
WARN  [10:10:45.083] [mlr3] train: Stopped because hard maximum generation limit was hit.
INFO  [10:10:49.799] [bbotk] Evaluating 1 configuration(s)
INFO  [10:11:18.408] [bbotk] Result of batch 52:
INFO  [10:11:18.422] [bbotk]     alpha        s       acq_ei  x_domain .already_evaluated classif.bbrier
INFO  [10:11:18.422] [bbotk]  0.361864 -6.58215 7.853812e-06 <list[2]>              FALSE     0.04428866
INFO  [10:11:18.422] [bbotk]  warnings errors runtime_learners                                uhash
INFO  [10:11:18.422] [bbotk]         0      0            27.66 e815c62e-c58c-4718-8104-1b27cbe8f01f
INFO  [10:11:23.612] [bbotk] Evaluating 1 configuration(s)
INFO  [10:11:42.957] [bbotk] Result of batch 53:
INFO  [10:11:42.978] [bbotk]      alpha         s       acq_ei  x_domain .already_evaluated classif.bbrier
INFO  [10:11:42.978] [bbotk]  0.3761655 -6.679109 1.414086e-05 <list[2]>              FALSE     0.04429559
INFO  [10:11:42.978] [bbotk]  warnings errors runtime_learners                                uhash
INFO  [10:11:42.978] [bbotk]         0      0           18.476 d5d1fcb1-26f1-4b5d-8ddb-a6a3de52f72f
WARN  [10:11:43.916] [mlr3] train: Stopped because hard maximum generation limit was hit.
INFO  [10:11:47.585] [bbotk] Evaluating 1 configuration(s)
INFO  [10:12:13.377] [bbotk] Result of batch 54:
INFO  [10:12:13.382] [bbotk]     alpha         s       acq_ei  x_domain .already_evaluated classif.bbrier
INFO  [10:12:13.382] [bbotk]  0.295869 -6.448227 9.973611e-06 <list[2]>              FALSE     0.04426933
INFO  [10:12:13.382] [bbotk]  warnings errors runtime_learners                                uhash
INFO  [10:12:13.382] [bbotk]         0      0           25.022 18e41404-359e-4a2c-bf46-bc444aeffec1
WARN  [10:12:14.341] [mlr3] train: Stopped because hard maximum generation limit was hit.
INFO  [10:12:19.604] [bbotk] Evaluating 1 configuration(s)
INFO  [10:12:49.988] [bbotk] Result of batch 55:
INFO  [10:12:49.996] [bbotk]     alpha         s       acq_ei  x_domain .already_evaluated classif.bbrier
INFO  [10:12:49.996] [bbotk]  0.324829 -6.389935 1.359564e-05 <list[2]>              FALSE     0.04427647
INFO  [10:12:49.996] [bbotk]  warnings errors runtime_learners                                uhash
INFO  [10:12:49.996] [bbotk]         0      0           29.573 c569314d-c67e-4e1d-bec0-d7852641164d
WARN  [10:12:50.561] [mlr3] train: Stopped because hard maximum generation limit was hit.
INFO  [10:12:55.268] [bbotk] Evaluating 1 configuration(s)
INFO  [10:13:30.511] [bbotk] Result of batch 56:
INFO  [10:13:30.539] [bbotk]       alpha        s       acq_ei  x_domain .already_evaluated classif.bbrier
INFO  [10:13:30.539] [bbotk]  0.06111692 -9.18939 1.324811e-05 <list[2]>              FALSE      0.0443452
INFO  [10:13:30.539] [bbotk]  warnings errors runtime_learners                                uhash
INFO  [10:13:30.539] [bbotk]         0      0           34.327 b8037c8f-a364-4348-a997-75266e38323a
WARN  [10:13:32.359] [mlr3] train: Stopped because hard maximum generation limit was hit.
INFO  [10:13:35.151] [bbotk] Evaluating 1 configuration(s)
INFO  [10:14:04.923] [bbotk] Result of batch 57:
INFO  [10:14:04.928] [bbotk]      alpha         s       acq_ei  x_domain .already_evaluated classif.bbrier
INFO  [10:14:04.928] [bbotk]  0.3170457 -6.463628 1.056606e-05 <list[2]>              FALSE     0.04427478
INFO  [10:14:04.928] [bbotk]  warnings errors runtime_learners                                uhash
INFO  [10:14:04.928] [bbotk]         0      0            28.86 a15c27ff-2a1a-474b-bb15-3fdea2cb44d5
WARN  [10:14:05.700] [mlr3] train: Stopped because hard maximum generation limit was hit.
INFO  [10:14:09.011] [bbotk] Evaluating 1 configuration(s)
INFO  [10:14:40.146] [bbotk] Result of batch 58:
INFO  [10:14:40.161] [bbotk]      alpha         s       acq_ei  x_domain .already_evaluated classif.bbrier
INFO  [10:14:40.161] [bbotk]  0.1803269 -5.920189 3.910337e-05 <list[2]>              FALSE     0.04425396
INFO  [10:14:40.161] [bbotk]  warnings errors runtime_learners                                uhash
INFO  [10:14:40.161] [bbotk]         0      0           30.291 d03c2673-e7b3-4547-8987-2336b24e39a2
WARN  [10:14:42.817] [mlr3] train: Stopped because hard maximum generation limit was hit.
INFO  [10:14:48.158] [bbotk] Evaluating 1 configuration(s)
INFO  [10:15:26.141] [bbotk] Result of batch 59:
INFO  [10:15:26.166] [bbotk]      alpha         s       acq_ei  x_domain .already_evaluated classif.bbrier
INFO  [10:15:26.166] [bbotk]  0.2264994 -6.148536 5.190852e-05 <list[2]>              FALSE      0.0442523
INFO  [10:15:26.166] [bbotk]  warnings errors runtime_learners                                uhash
INFO  [10:15:26.166] [bbotk]         0      0           37.001 237bf4fd-1fd5-4cfa-8739-da49d05a15e7
WARN  [10:15:29.332] [mlr3] train: Stopped because hard maximum generation limit was hit.
INFO  [10:15:33.962] [bbotk] Evaluating 1 configuration(s)
INFO  [10:15:58.834] [bbotk] Result of batch 60:
INFO  [10:15:58.851] [bbotk]      alpha         s       acq_ei  x_domain .already_evaluated classif.bbrier
INFO  [10:15:58.851] [bbotk]  0.2026889 -6.280071 2.925388e-05 <list[2]>              FALSE     0.04424202
INFO  [10:15:58.851] [bbotk]  warnings errors runtime_learners                                uhash
INFO  [10:15:58.851] [bbotk]         0      0           23.932 cfd63b25-7032-4f99-8cca-7e1663b52f54
WARN  [10:16:00.210] [mlr3] train: Stopped because hard maximum generation limit was hit.
INFO  [10:16:02.800] [bbotk] Evaluating 1 configuration(s)
INFO  [10:16:32.825] [bbotk] Result of batch 61:
INFO  [10:16:32.846] [bbotk]      alpha         s       acq_ei  x_domain .already_evaluated classif.bbrier
INFO  [10:16:32.846] [bbotk]  0.6990127 -6.392685 2.263508e-05 <list[2]>              FALSE      0.0443893
INFO  [10:16:32.846] [bbotk]  warnings errors runtime_learners                                uhash
INFO  [10:16:32.846] [bbotk]         0      0           28.809 69f83c51-236e-4467-97f9-0e497710dea7
WARN  [10:16:33.297] [mlr3] train: Stopped because hard maximum generation limit was hit.
INFO  [10:16:36.067] [bbotk] Evaluating 1 configuration(s)
INFO  [10:17:14.858] [bbotk] Result of batch 62:
INFO  [10:17:14.889] [bbotk]      alpha         s       acq_ei  x_domain .already_evaluated classif.bbrier
INFO  [10:17:14.889] [bbotk]  0.2129497 -5.839637 3.610681e-05 <list[2]>              FALSE     0.04428575
INFO  [10:17:14.889] [bbotk]  warnings errors runtime_learners                                uhash
INFO  [10:17:14.889] [bbotk]         0      0           37.858 485cd970-e501-4897-8c67-85b7aa74e517
INFO  [10:17:18.943] [bbotk] Evaluating 1 configuration(s)
INFO  [10:17:54.898] [bbotk] Result of batch 63:
INFO  [10:17:54.932] [bbotk]      alpha         s       acq_ei  x_domain .already_evaluated classif.bbrier
INFO  [10:17:54.932] [bbotk]  0.2126598 -6.246518 2.183311e-05 <list[2]>              FALSE     0.04424475
INFO  [10:17:54.932] [bbotk]  warnings errors runtime_learners                                uhash
INFO  [10:17:54.932] [bbotk]         0      0            35.12 8ebe5016-025e-44ee-80d4-3190ecc3c84c
WARN  [10:17:56.100] [mlr3] train: Stopped because hard maximum generation limit was hit.
INFO  [10:17:59.800] [bbotk] Evaluating 1 configuration(s)
INFO  [10:18:30.782] [bbotk] Result of batch 64:
INFO  [10:18:30.801] [bbotk]      alpha         s       acq_ei  x_domain .already_evaluated classif.bbrier
INFO  [10:18:30.801] [bbotk]  0.8236356 -6.577548 1.303692e-05 <list[2]>              FALSE     0.04440601
INFO  [10:18:30.801] [bbotk]  warnings errors runtime_learners                                uhash
INFO  [10:18:30.801] [bbotk]         0      0           30.261 b9bb9be3-8b2f-4929-85bf-562b7a9fda1a
INFO  [10:18:33.835] [bbotk] Evaluating 1 configuration(s)
INFO  [10:19:04.359] [bbotk] Result of batch 65:
INFO  [10:19:04.383] [bbotk]      alpha        s       acq_ei  x_domain .already_evaluated classif.bbrier
INFO  [10:19:04.383] [bbotk]  0.1938283 -6.11964 1.067142e-05 <list[2]>              FALSE     0.04424232
INFO  [10:19:04.383] [bbotk]  warnings errors runtime_learners                                uhash
INFO  [10:19:04.383] [bbotk]         0      0           29.743 83da7ebc-2d3a-4c0e-8a6d-fd67fc6cbf84
WARN  [10:19:05.552] [mlr3] train: Stopped because hard maximum generation limit was hit.
INFO  [10:19:07.699] [bbotk] Evaluating 1 configuration(s)
INFO  [10:19:40.173] [bbotk] Result of batch 66:
INFO  [10:19:40.193] [bbotk]     alpha         s       acq_ei  x_domain .already_evaluated classif.bbrier
INFO  [10:19:40.193] [bbotk]  0.163752 -9.017837 1.126119e-05 <list[2]>              FALSE     0.04444983
INFO  [10:19:40.193] [bbotk]  warnings errors runtime_learners                                uhash
INFO  [10:19:40.193] [bbotk]         0      0           31.558 e14faa23-0a6a-4945-b562-d1db409bc376
INFO  [10:19:48.211] [bbotk] Evaluating 1 configuration(s)
INFO  [10:20:30.729] [bbotk] Result of batch 67:
INFO  [10:20:30.763] [bbotk]      alpha         s       acq_ei  x_domain .already_evaluated classif.bbrier
INFO  [10:20:30.763] [bbotk]  0.2604035 -6.505074 9.595415e-06 <list[2]>              FALSE     0.04426275
INFO  [10:20:30.763] [bbotk]  warnings errors runtime_learners                                uhash
INFO  [10:20:30.763] [bbotk]         0      0           41.467 94b1f317-e339-4f04-b049-d7ecb6aac8ad
WARN  [10:20:33.609] [mlr3] train: Stopped because hard maximum generation limit was hit.
INFO  [10:20:38.907] [bbotk] Evaluating 1 configuration(s)
INFO  [10:21:10.790] [bbotk] Result of batch 68:
INFO  [10:21:10.831] [bbotk]      alpha         s       acq_ei  x_domain .already_evaluated classif.bbrier
INFO  [10:21:10.831] [bbotk]  0.1582548 -6.250194 7.065177e-06 <list[2]>              FALSE     0.04422935
INFO  [10:21:10.831] [bbotk]  warnings errors runtime_learners                                uhash
INFO  [10:21:10.831] [bbotk]         0      0           30.911 c1099d0d-ed38-4db1-b576-fbfc09085559
WARN  [10:21:13.905] [mlr3] train: Stopped because hard maximum generation limit was hit.
INFO  [10:21:18.768] [bbotk] Evaluating 1 configuration(s)
INFO  [10:21:48.716] [bbotk] Result of batch 69:
INFO  [10:21:48.742] [bbotk]      alpha         s       acq_ei  x_domain .already_evaluated classif.bbrier
INFO  [10:21:48.742] [bbotk]  0.1914461 -6.325998 2.491347e-05 <list[2]>              FALSE     0.04424029
INFO  [10:21:48.742] [bbotk]  warnings errors runtime_learners                                uhash
INFO  [10:21:48.742] [bbotk]         0      0           29.078 fdf46845-33e8-4ddf-9d0a-dcdc8d2ac413
WARN  [10:21:50.125] [mlr3] train: Stopped because hard maximum generation limit was hit.
INFO  [10:21:55.739] [bbotk] Evaluating 1 configuration(s)
INFO  [10:22:22.845] [bbotk] Result of batch 70:
INFO  [10:22:22.857] [bbotk]      alpha       s       acq_ei  x_domain .already_evaluated classif.bbrier
INFO  [10:22:22.857] [bbotk]  0.9980935 -5.5174 1.179329e-05 <list[2]>              FALSE     0.04575993
INFO  [10:22:22.857] [bbotk]  warnings errors runtime_learners                                uhash
INFO  [10:22:22.857] [bbotk]         0      0           26.104 be689e5e-e73e-4707-a8d7-910e1ea9e0f4
WARN  [10:22:27.300] [mlr3] train: Stopped because hard maximum generation limit was hit.
INFO  [10:22:31.529] [bbotk] Evaluating 1 configuration(s)
INFO  [10:23:01.957] [bbotk] Result of batch 71:
INFO  [10:23:01.963] [bbotk]      alpha         s       acq_ei  x_domain .already_evaluated classif.bbrier
INFO  [10:23:01.963] [bbotk]  0.1532789 -6.067398 6.747635e-06 <list[2]>              FALSE     0.04422858
INFO  [10:23:01.963] [bbotk]  warnings errors runtime_learners                                uhash
INFO  [10:23:01.963] [bbotk]         0      0           29.644 21c592a1-604f-43f0-810e-15d54f279088
WARN  [10:23:06.040] [mlr3] train: Stopped because hard maximum generation limit was hit.
INFO  [10:23:09.010] [bbotk] Evaluating 1 configuration(s)
INFO  [10:23:42.769] [bbotk] Result of batch 72:
INFO  [10:23:42.777] [bbotk]      alpha         s       acq_ei  x_domain .already_evaluated classif.bbrier
INFO  [10:23:42.777] [bbotk]  0.1541316 -6.016256 5.468802e-06 <list[2]>              FALSE     0.04423167
INFO  [10:23:42.777] [bbotk]  warnings errors runtime_learners                                uhash
INFO  [10:23:42.777] [bbotk]         0      0           32.927 be7ec187-7ae5-4ebf-9886-dba178a172fc
WARN  [10:23:44.641] [mlr3] train: Stopped because hard maximum generation limit was hit.
INFO  [10:23:49.240] [bbotk] Evaluating 1 configuration(s)
INFO  [10:24:30.490] [bbotk] Result of batch 73:
INFO  [10:24:30.506] [bbotk]      alpha         s       acq_ei  x_domain .already_evaluated classif.bbrier
INFO  [10:24:30.506] [bbotk]  0.1540221 -5.748337 3.547659e-06 <list[2]>              FALSE     0.04426875
INFO  [10:24:30.506] [bbotk]  warnings errors runtime_learners                                uhash
INFO  [10:24:30.506] [bbotk]         0      0            40.29 37871c86-6a4a-4f23-93bb-b7270e216950
WARN  [10:24:33.209] [mlr3] train: Stopped because hard maximum generation limit was hit.
INFO  [10:24:35.779] [bbotk] Evaluating 1 configuration(s)
INFO  [10:25:09.050] [bbotk] Result of batch 74:
INFO  [10:25:09.076] [bbotk]      alpha         s       acq_ei  x_domain .already_evaluated classif.bbrier
INFO  [10:25:09.076] [bbotk]  0.1690484 -6.252187 3.819226e-06 <list[2]>              FALSE     0.04423216
INFO  [10:25:09.076] [bbotk]  warnings errors runtime_learners                                uhash
INFO  [10:25:09.076] [bbotk]         0      0           32.121 339b2bba-747a-4607-98af-13628de13422
WARN  [10:25:14.243] [mlr3] train: Stopped because hard maximum generation limit was hit.
INFO  [10:25:18.712] [bbotk] Evaluating 1 configuration(s)
INFO  [10:25:55.828] [bbotk] Result of batch 75:
INFO  [10:25:55.855] [bbotk]      alpha         s       acq_ei  x_domain .already_evaluated classif.bbrier
INFO  [10:25:55.855] [bbotk]  0.1554563 -6.149428 5.096782e-06 <list[2]>              FALSE     0.04422738
INFO  [10:25:55.855] [bbotk]  warnings errors runtime_learners                                uhash
INFO  [10:25:55.855] [bbotk]         0      0            36.18 130b89db-a784-4a48-8db8-6d4c2ed3eb1f
WARN  [10:25:57.883] [mlr3] train: Stopped because hard maximum generation limit was hit.
INFO  [10:26:01.894] [bbotk] Evaluating 1 configuration(s)
INFO  [10:26:34.145] [bbotk] Result of batch 76:
INFO  [10:26:34.237] [bbotk]      alpha         s       acq_ei  x_domain .already_evaluated classif.bbrier
INFO  [10:26:34.237] [bbotk]  0.1580884 -6.043633 5.192129e-06 <list[2]>              FALSE     0.04423195
INFO  [10:26:34.237] [bbotk]  warnings errors runtime_learners                                uhash
INFO  [10:26:34.237] [bbotk]         0      0           31.318 1ca9a6ba-fcdb-41a0-9c7c-2fd62a2159fb
WARN  [10:26:36.929] [mlr3] train: Stopped because hard maximum generation limit was hit.
INFO  [10:26:40.719] [bbotk] Evaluating 1 configuration(s)
INFO  [10:27:10.165] [bbotk] Result of batch 77:
INFO  [10:27:10.184] [bbotk]      alpha         s       acq_ei  x_domain .already_evaluated classif.bbrier
INFO  [10:27:10.184] [bbotk]  0.1624356 -6.114681 5.216158e-06 <list[2]>              FALSE     0.04423023
INFO  [10:27:10.184] [bbotk]  warnings errors runtime_learners                                uhash
INFO  [10:27:10.184] [bbotk]         0      0           28.429 2a63ac3c-ae9a-4454-ad8b-f42c9aac3138
WARN  [10:27:10.783] [mlr3] train: Stopped because hard maximum generation limit was hit.
INFO  [10:27:16.429] [bbotk] Evaluating 1 configuration(s)
INFO  [10:27:46.080] [bbotk] Result of batch 78:
INFO  [10:27:46.108] [bbotk]      alpha        s       acq_ei  x_domain .already_evaluated classif.bbrier
INFO  [10:27:46.108] [bbotk]  0.7950856 -7.32765 3.028304e-06 <list[2]>              FALSE     0.04438879
INFO  [10:27:46.108] [bbotk]  warnings errors runtime_learners                                uhash
INFO  [10:27:46.108] [bbotk]         0      0           28.644 9e5e1676-030d-4c81-b51e-0f5528b34185
WARN  [10:27:48.381] [mlr3] train: Stopped because hard maximum generation limit was hit.
INFO  [10:27:50.662] [bbotk] Evaluating 1 configuration(s)
INFO  [10:28:25.208] [bbotk] Result of batch 79:
INFO  [10:28:25.233] [bbotk]      alpha         s       acq_ei  x_domain .already_evaluated classif.bbrier
INFO  [10:28:25.233] [bbotk]  0.1520448 -6.162721 2.916386e-06 <list[2]>              FALSE     0.04422614
INFO  [10:28:25.233] [bbotk]  warnings errors runtime_learners                                uhash
INFO  [10:28:25.233] [bbotk]         0      0           33.637 afb58b77-e8d2-45cb-a550-1a5595dcaf23
WARN  [10:28:28.254] [mlr3] train: Stopped because hard maximum generation limit was hit.
INFO  [10:28:31.376] [bbotk] Evaluating 1 configuration(s)
INFO  [10:28:58.630] [bbotk] Result of batch 80:
INFO  [10:28:58.653] [bbotk]      alpha         s      acq_ei  x_domain .already_evaluated classif.bbrier
INFO  [10:28:58.653] [bbotk]  0.1499216 -6.194793 2.72368e-06 <list[2]>              FALSE     0.04422564
INFO  [10:28:58.653] [bbotk]  warnings errors runtime_learners                                uhash
INFO  [10:28:58.653] [bbotk]         0      0           26.374 b636f928-773e-4caf-b63a-dee7a8629c22
WARN  [10:28:59.636] [mlr3] train: Stopped because hard maximum generation limit was hit.
INFO  [10:29:03.590] [bbotk] Evaluating 1 configuration(s)
INFO  [10:29:38.047] [bbotk] Result of batch 81:
INFO  [10:29:38.057] [bbotk]      alpha         s       acq_ei  x_domain .already_evaluated classif.bbrier
INFO  [10:29:38.057] [bbotk]  0.1570623 -5.980837 3.332084e-06 <list[2]>              FALSE     0.04423606
INFO  [10:29:38.057] [bbotk]  warnings errors runtime_learners                                uhash
INFO  [10:29:38.057] [bbotk]         0      0            33.41 3871ab04-c075-49e9-905e-20da80dc69ea
WARN  [10:29:39.657] [mlr3] train: Stopped because hard maximum generation limit was hit.
INFO  [10:29:43.114] [bbotk] Evaluating 1 configuration(s)
INFO  [10:30:14.410] [bbotk] Result of batch 82:
INFO  [10:30:14.417] [bbotk]      alpha         s       acq_ei  x_domain .already_evaluated classif.bbrier
INFO  [10:30:14.417] [bbotk]  0.1543919 -6.180482 2.835477e-06 <list[2]>              FALSE     0.04422696
INFO  [10:30:14.417] [bbotk]  warnings errors runtime_learners                                uhash
INFO  [10:30:14.417] [bbotk]         0      0           30.472 d5bef939-644e-49f8-8cad-30daf160a05e
WARN  [10:30:15.722] [mlr3] train: Stopped because hard maximum generation limit was hit.
INFO  [10:30:22.089] [bbotk] Evaluating 1 configuration(s)
INFO  [10:30:55.273] [bbotk] Result of batch 83:
INFO  [10:30:55.283] [bbotk]      alpha         s       acq_ei  x_domain .already_evaluated classif.bbrier
INFO  [10:30:55.283] [bbotk]  0.1567594 -6.204303 2.651222e-06 <list[2]>              FALSE     0.04422807
INFO  [10:30:55.283] [bbotk]  warnings errors runtime_learners                                uhash
INFO  [10:30:55.283] [bbotk]         0      0           32.274 cf43547b-86ff-4e33-b983-5f04fa59fdff
WARN  [10:30:56.590] [mlr3] train: Stopped because hard maximum generation limit was hit.
INFO  [10:31:01.071] [bbotk] Evaluating 1 configuration(s)
INFO  [10:31:37.821] [bbotk] Result of batch 84:
INFO  [10:31:37.870] [bbotk]      alpha        s       acq_ei  x_domain .already_evaluated classif.bbrier
INFO  [10:31:37.870] [bbotk]  0.1538316 -6.10579 2.171102e-06 <list[2]>              FALSE     0.04422749
INFO  [10:31:37.870] [bbotk]  warnings errors runtime_learners                                uhash
INFO  [10:31:37.870] [bbotk]         0      0           35.828 bc2f5c1e-8a63-4bd8-ab08-dc669f9f6636
WARN  [10:31:39.555] [mlr3] train: Stopped because hard maximum generation limit was hit.
INFO  [10:31:44.715] [bbotk] Evaluating 1 configuration(s)
INFO  [10:32:21.285] [bbotk] Result of batch 85:
INFO  [10:32:21.311] [bbotk]      alpha         s       acq_ei  x_domain .already_evaluated classif.bbrier
INFO  [10:32:21.311] [bbotk]  0.1517103 -6.208515 2.519278e-06 <list[2]>              FALSE     0.04422639
INFO  [10:32:21.311] [bbotk]  warnings errors runtime_learners                                uhash
INFO  [10:32:21.311] [bbotk]         0      0           35.683 3c1c3289-f104-4840-a66c-be801d91b572
WARN  [10:32:23.549] [mlr3] train: Stopped because hard maximum generation limit was hit.
INFO  [10:32:28.772] [bbotk] Evaluating 1 configuration(s)
INFO  [10:32:58.692] [bbotk] Result of batch 86:
INFO  [10:32:58.712] [bbotk]      alpha         s       acq_ei  x_domain .already_evaluated classif.bbrier
INFO  [10:32:58.712] [bbotk]  0.1548247 -6.157846 2.358432e-06 <list[2]>              FALSE     0.04422712
INFO  [10:32:58.712] [bbotk]  warnings errors runtime_learners                                uhash
INFO  [10:32:58.712] [bbotk]         0      0           28.991 31a095cc-762e-42d9-bf3b-8e5bd7472757
WARN  [10:33:01.628] [mlr3] train: Stopped because hard maximum generation limit was hit.
INFO  [10:33:04.924] [bbotk] Evaluating 1 configuration(s)
INFO  [10:33:47.780] [bbotk] Result of batch 87:
INFO  [10:33:47.795] [bbotk]     alpha         s       acq_ei  x_domain .already_evaluated classif.bbrier
INFO  [10:33:47.795] [bbotk]  0.151152 -6.140827 2.269318e-06 <list[2]>              FALSE     0.04422594
INFO  [10:33:47.795] [bbotk]  warnings errors runtime_learners                                uhash
INFO  [10:33:47.795] [bbotk]         0      0           41.779 ab5b723d-9ac6-4e9e-afdf-b36ffa903c40
WARN  [10:33:49.443] [mlr3] train: Stopped because hard maximum generation limit was hit.
INFO  [10:33:54.245] [bbotk] Evaluating 1 configuration(s)
INFO  [10:34:27.968] [bbotk] Result of batch 88:
INFO  [10:34:27.988] [bbotk]     alpha         s       acq_ei  x_domain .already_evaluated classif.bbrier
INFO  [10:34:27.988] [bbotk]  0.158227 -6.107769 2.445436e-06 <list[2]>              FALSE     0.04422927
INFO  [10:34:27.988] [bbotk]  warnings errors runtime_learners                                uhash
INFO  [10:34:27.988] [bbotk]         0      0           32.804 b74c8b42-63b6-4ca8-b2a3-20445c5e93aa
WARN  [10:34:29.251] [mlr3] train: Stopped because hard maximum generation limit was hit.
INFO  [10:34:32.141] [bbotk] Evaluating 1 configuration(s)
INFO  [10:35:02.974] [bbotk] Result of batch 89:
INFO  [10:35:02.980] [bbotk]      alpha         s       acq_ei  x_domain .already_evaluated classif.bbrier
INFO  [10:35:02.980] [bbotk]  0.1393518 -6.211243 1.889195e-06 <list[2]>              FALSE     0.04422333
INFO  [10:35:02.980] [bbotk]  warnings errors runtime_learners                                uhash
INFO  [10:35:02.980] [bbotk]         0      0             30.1 85062243-0986-47b5-8425-18827ca2dd52
INFO  [10:35:11.128] [bbotk] Evaluating 1 configuration(s)
INFO  [10:35:47.475] [bbotk] Result of batch 90:
INFO  [10:35:47.488] [bbotk]      alpha         s       acq_ei  x_domain .already_evaluated classif.bbrier
INFO  [10:35:47.488] [bbotk]  0.6253604 -9.036125 2.575024e-06 <list[2]>              FALSE     0.04448887
INFO  [10:35:47.488] [bbotk]  warnings errors runtime_learners                                uhash
INFO  [10:35:47.488] [bbotk]         0      0           35.513 f65e0aab-fdc7-4dd0-a091-f61721b5a5d6
WARN  [10:35:48.785] [mlr3] train: Stopped because hard maximum generation limit was hit.
INFO  [10:35:51.567] [bbotk] Evaluating 1 configuration(s)
INFO  [10:36:31.859] [bbotk] Result of batch 91:
INFO  [10:36:31.871] [bbotk]     alpha         s       acq_ei  x_domain .already_evaluated classif.bbrier
INFO  [10:36:31.871] [bbotk]  0.136627 -6.071394 2.903919e-06 <list[2]>              FALSE     0.04422278
INFO  [10:36:31.871] [bbotk]  warnings errors runtime_learners                                uhash
INFO  [10:36:31.871] [bbotk]         0      0           39.541 a32cd785-106c-4254-a45f-8e0e33257e54
WARN  [10:36:36.099] [mlr3] train: Stopped because hard maximum generation limit was hit.
INFO  [10:36:40.444] [bbotk] Evaluating 1 configuration(s)
INFO  [10:37:04.829] [bbotk] Result of batch 92:
INFO  [10:37:04.856] [bbotk]      alpha         s       acq_ei  x_domain .already_evaluated classif.bbrier
INFO  [10:37:04.856] [bbotk]  0.1378708 -6.146098 3.081581e-06 <list[2]>              FALSE     0.04422211
INFO  [10:37:04.856] [bbotk]  warnings errors runtime_learners                                uhash
INFO  [10:37:04.856] [bbotk]         0      0           23.402 3dd9415e-98cd-4032-bf2b-cb809a5941a9
WARN  [10:37:06.515] [mlr3] train: Stopped because hard maximum generation limit was hit.
INFO  [10:37:09.306] [bbotk] Evaluating 1 configuration(s)
INFO  [10:37:41.550] [bbotk] Result of batch 93:
INFO  [10:37:41.558] [bbotk]     alpha         s       acq_ei  x_domain .already_evaluated classif.bbrier
INFO  [10:37:41.558] [bbotk]  0.145098 -7.115633 2.488385e-06 <list[2]>              FALSE     0.04431599
INFO  [10:37:41.558] [bbotk]  warnings errors runtime_learners                                uhash
INFO  [10:37:41.558] [bbotk]         0      0           31.346 a1587d81-cfd9-45bf-aeae-faf411274035
WARN  [10:37:44.096] [mlr3] train: Stopped because hard maximum generation limit was hit.
INFO  [10:37:44.259] [bbotk] Finished optimizing after 100 evaluation(s)
INFO  [10:37:44.282] [bbotk] Result:
INFO  [10:37:44.292] [bbotk]      alpha         s learner_param_vals  x_domain classif.bbrier
INFO  [10:37:44.292] [bbotk]      <num>     <num>             <list>    <list>          <num>
INFO  [10:37:44.292] [bbotk]  0.1378708 -6.146098          <list[2]> <list[2]>     0.04422211

### [bt]: Job terminated successfully [batchtools job.id=2549]
### [bt]: Calculation finished!
