### [bt]: This is batchtools v0.9.17
### [bt]: Starting calculation of 1 jobs
### [bt]: Setting working directory to '/content/drive/MyDrive/GitHub/Mater_Thesis_Calibration'
ece.R :
Friedmann_tasks.R :
Functions.R :
ici.R :
mse_feature_effects.R :
PipeOpCalibration_TuningExperiment.R :
PipeOpCalibration.R :
PipeOpCalibrationUnion.R :
### [bt]: Memory measurement disabled
### [bt]: Starting job [batchtools job.id=2825]
### [bt]: Generating problem instance for problem '0ecb79b078d7aa0a' ...
### [bt]: Applying algorithm 'run_learner' on problem '0ecb79b078d7aa0a' for job 2825 (seed = 2948) ...
INFO  [14:04:13.410] [mlr3] Applying learner 'xgboost TbC beta' on task 'PhishingWebsites' (iter 5/10)
INFO  [14:04:19.974] [bbotk] Starting to optimize 8 parameter(s) with '<OptimizerMbo>' and '<TerminatorEvals> [n_evals=100, k=0]'
INFO  [14:04:21.019] [bbotk] Evaluating 32 configuration(s)
INFO  [15:16:25.057] [bbotk] Result of batch 1:
INFO  [15:16:25.080] [bbotk]         alpha colsample_bylevel colsample_bytree        eta      lambda
INFO  [15:16:25.080] [bbotk]   1.287777252         0.5777213        0.1455969 -2.9933918  1.39147006
INFO  [15:16:25.080] [bbotk]  -5.619978336         0.1277213        0.5955969 -7.5985620 -5.51628552
INFO  [15:16:25.080] [bbotk]   4.741654891         0.3527213        0.8205969 -5.2959769  4.84534770
INFO  [15:16:25.080] [bbotk]  -2.166100800         0.8027213        0.3705969 -0.6908067 -2.06240799
INFO  [15:16:25.080] [bbotk]   6.468593711         0.9152213        0.7080969 -6.4472694  6.57228652
INFO  [15:16:25.080] [bbotk]  -0.439161980         0.4652213        0.2580969 -1.8420993 -0.33546917
INFO  [15:16:25.080] [bbotk]  -3.893039619         0.6902213        0.9330969 -8.7498545 -3.78934681
INFO  [15:16:25.080] [bbotk]   3.014716071         0.2402213        0.4830969 -4.1446843  3.11840888
INFO  [15:16:25.080] [bbotk]   5.605124301         0.1839713        0.3143469 -8.1742083 -2.92587740
INFO  [15:16:25.080] [bbotk]  -1.302631390         0.6339713        0.7643469 -3.5690381  3.98187829
INFO  [15:16:25.080] [bbotk]   2.151246661         0.8589713        0.9893469 -1.2664530 -6.37975498
INFO  [15:16:25.080] [bbotk]  -4.756509029         0.4089713        0.5393469 -5.8716232  0.52800065
INFO  [15:16:25.080] [bbotk]   3.878185481         0.7464713        0.4268469 -7.0229157 -1.19893858
INFO  [15:16:25.080] [bbotk]  -3.029570210         0.2964713        0.8768469 -2.4177455  5.70881711
INFO  [15:16:25.080] [bbotk]   0.424307842         0.5214713        0.6518469 -0.1151604 -4.65281622
INFO  [15:16:25.080] [bbotk]  -6.483447772         0.9714713        0.2018469 -4.7203306  2.25493947
INFO  [15:16:25.080] [bbotk]   4.309920186         0.3245963        0.7362219 -2.1299224  0.95973536
INFO  [15:16:25.080] [bbotk]  -2.597835505         0.7745963        0.2862219 -6.7350926 -5.94802023
INFO  [15:16:25.080] [bbotk]   0.856042547         0.9995963        0.5112219 -9.0376777  4.41361300
INFO  [15:16:25.080] [bbotk]  -6.051713093         0.5495963        0.9612219 -4.4325075 -2.49414269
INFO  [15:16:25.080] [bbotk]  -4.324774324         0.8870963        0.6237219 -3.2812149 -0.76720387
INFO  [15:16:25.080] [bbotk]   2.582981366         0.4370963        0.1737219 -7.8863851  6.14055182
INFO  [15:16:25.080] [bbotk]   6.036859006         0.6620963        0.8487219 -0.9786298  2.68667418
INFO  [15:16:25.080] [bbotk]  -0.870896685         0.2120963        0.3987219 -5.5838000 -4.22108151
INFO  [15:16:25.080] [bbotk]  -5.188243631         0.6058463        0.4549719 -1.5542761  5.27708241
INFO  [15:16:25.080] [bbotk]   1.719511956         0.1558463        0.9049719 -6.1594463 -1.63067328
INFO  [15:16:25.080] [bbotk]  -1.734366095         0.3808463        0.6799719 -8.4620314  1.82320477
INFO  [15:16:25.080] [bbotk]   5.173389596         0.8308463        0.2299719 -3.8568612 -5.08455092
INFO  [15:16:25.080] [bbotk]   6.900328416         0.4933463        0.3424719 -2.7055687 -6.81148967
INFO  [15:16:25.080] [bbotk]  -0.007427275         0.9433463        0.7924719 -7.3107389  0.09626595
INFO  [15:16:25.080] [bbotk]  -3.461304915         0.2683463        0.1174719 -0.4029836  3.55014359
INFO  [15:16:25.080] [bbotk]   3.446450776         0.7183463        0.5674719 -5.0081538 -3.35761210
INFO  [15:16:25.080] [bbotk]         alpha colsample_bylevel colsample_bytree        eta      lambda
INFO  [15:16:25.080] [bbotk]  max_depth nrounds subsample classif.bbrier warnings errors runtime_learners
INFO  [15:16:25.080] [bbotk]          8    2964 0.7301229     0.03191979        0      0           93.936
INFO  [15:16:25.080] [bbotk]         18     464 0.2801230     0.18544371        0      0           36.732
INFO  [15:16:25.080] [bbotk]          3    1714 0.9551229     0.06203084        0      0           84.750
INFO  [15:16:25.080] [bbotk]         13    4214 0.5051229     0.03203334        0      0          304.664
INFO  [15:16:25.080] [bbotk]         10    4839 0.3926229     0.25000000        0      0          149.721
INFO  [15:16:25.080] [bbotk]         20    2339 0.8426229     0.02216806        0      0           95.498
INFO  [15:16:25.080] [bbotk]         15    3589 0.6176229     0.10420684        0      0          805.203
INFO  [15:16:25.080] [bbotk]          5    1089 0.1676230     0.06111410        0      0           27.746
INFO  [15:16:25.080] [bbotk]          7     777 0.1113730     0.25000000        0      0           12.024
INFO  [15:16:25.080] [bbotk]         17    3277 0.5613729     0.02650962        0      0          412.117
INFO  [15:16:25.080] [bbotk]          2    4527 0.3363729     0.03312147        0      0          191.559
INFO  [15:16:25.080] [bbotk]         12    2027 0.7863729     0.02801628        0      0          171.812
INFO  [15:16:25.080] [bbotk]          4    2652 0.6738729     0.07150060        0      0          114.992
INFO  [15:16:25.080] [bbotk]         14     152 0.2238730     0.06011221        0      0           11.860
INFO  [15:16:25.080] [bbotk]          9    1402 0.8988729     0.02457489        0      0           89.278
INFO  [15:16:25.080] [bbotk]         19    3902 0.4488729     0.02947814        0      0          202.788
INFO  [15:16:25.080] [bbotk]         19    4370 0.2519980     0.07093564        0      0           68.749
INFO  [15:16:25.080] [bbotk]          9    1870 0.7019979     0.04674553        0      0          147.273
INFO  [15:16:25.080] [bbotk]         14     620 0.4769979     0.23299289        0      0           51.158
INFO  [15:16:25.080] [bbotk]          4    3120 0.9269979     0.02439360        0      0          224.188
INFO  [15:16:25.080] [bbotk]          6    1245 0.3644979     0.02360425        0      0          112.799
INFO  [15:16:25.080] [bbotk]         16    3745 0.8144979     0.18185890        0      0           73.696
INFO  [15:16:25.080] [bbotk]         11    2495 0.5894979     0.12578406        0      0           67.068
INFO  [15:16:25.080] [bbotk]          1    4995 0.1394980     0.05087819        0      0           51.874
INFO  [15:16:25.080] [bbotk]          2    1558 0.7582479     0.03618352        0      0           44.094
INFO  [15:16:25.080] [bbotk]         12    4058 0.3082480     0.04206196        0      0          132.157
INFO  [15:16:25.080] [bbotk]          7    2808 0.9832479     0.12012375        0      0          177.530
INFO  [15:16:25.080] [bbotk]         17     308 0.5332479     0.09335480        0      0           11.612
INFO  [15:16:25.080] [bbotk]         15    3433 0.8707479     0.21053828        0      0           52.077
INFO  [15:16:25.080] [bbotk]          5     933 0.4207479     0.11296420        0      0           98.848
INFO  [15:16:25.080] [bbotk]         10    4683 0.1957480     0.03475098        0      0           56.282
INFO  [15:16:25.080] [bbotk]         20    2183 0.6457479     0.04655969        0      0          140.154
INFO  [15:16:25.080] [bbotk]  max_depth nrounds subsample classif.bbrier warnings errors runtime_learners
INFO  [15:16:25.080] [bbotk]                                 uhash
INFO  [15:16:25.080] [bbotk]  ac3e55ad-eb95-483b-b456-9ff0565f2c7b
INFO  [15:16:25.080] [bbotk]  f0360939-76af-4feb-af19-ff40c720e979
INFO  [15:16:25.080] [bbotk]  ed5c9964-5d8d-4e0c-b064-3ec65a677f55
INFO  [15:16:25.080] [bbotk]  7e2a0967-1897-495a-92b6-017f2c341101
INFO  [15:16:25.080] [bbotk]  ff1bbc0a-9bbf-41b5-a8b8-3a284b3d8668
INFO  [15:16:25.080] [bbotk]  98ad4d94-81d1-4327-89d9-5658a0d35c71
INFO  [15:16:25.080] [bbotk]  c02c1006-3972-4018-9a4d-d083e346bad9
INFO  [15:16:25.080] [bbotk]  bec43272-5b3f-4e5f-a791-d4bbc82c6268
INFO  [15:16:25.080] [bbotk]  a72fa4fc-805e-45aa-87b2-a1753c4a755e
INFO  [15:16:25.080] [bbotk]  270ffafd-4526-44d4-94c1-8d10468d927b
INFO  [15:16:25.080] [bbotk]  4bab16f8-3419-4ed4-afed-fbbebba58ccc
INFO  [15:16:25.080] [bbotk]  5e9bcaa0-e5f2-4fcb-a989-ff343deef591
INFO  [15:16:25.080] [bbotk]  fbbc5d77-0e7e-4008-b508-da058868d00f
INFO  [15:16:25.080] [bbotk]  035cf06c-30bb-4da6-ba87-99fc5a882a9a
INFO  [15:16:25.080] [bbotk]  4161f6e8-a6e4-4c90-ac80-c619e2f2c187
INFO  [15:16:25.080] [bbotk]  f882da04-30e3-48e5-9cb1-50c1ad69cb27
INFO  [15:16:25.080] [bbotk]  ac006b55-e26b-456d-b2ae-cff69629b4eb
INFO  [15:16:25.080] [bbotk]  9bdf8f9a-b3a2-4fd5-8f27-030e10b7df1d
INFO  [15:16:25.080] [bbotk]  048d7ffd-531c-499e-9ea5-412ba0f0a982
INFO  [15:16:25.080] [bbotk]  6a0ffa47-2ea0-4b39-afd5-01997122a26b
INFO  [15:16:25.080] [bbotk]  f69e117a-f71d-46bc-96ba-47b38a1c1fae
INFO  [15:16:25.080] [bbotk]  317bceeb-0138-45f5-be7b-537e100b9397
INFO  [15:16:25.080] [bbotk]  cd06ae66-55ef-4aeb-963d-2b277c975645
INFO  [15:16:25.080] [bbotk]  fc71f718-03c4-424a-a48f-4c61b926347d
INFO  [15:16:25.080] [bbotk]  9441769d-b798-4baf-a2a2-305c96518e79
INFO  [15:16:25.080] [bbotk]  c2e1a3ba-f1af-488f-b530-1ba1d7bf69b5
INFO  [15:16:25.080] [bbotk]  e533c68c-9acf-449c-b981-8032c9b13b61
INFO  [15:16:25.080] [bbotk]  2b1a3b78-7d97-4aee-9990-eb1aa8f1a1ee
INFO  [15:16:25.080] [bbotk]  392b6db3-a875-471a-87c2-c2cc2030ba03
INFO  [15:16:25.080] [bbotk]  09f19865-2687-4423-8277-0899daedc115
INFO  [15:16:25.080] [bbotk]  c6208b29-9356-487a-ab7c-36515d79a72e
INFO  [15:16:25.080] [bbotk]  9e98dc7e-cea4-4001-8f0b-63e614ab76a4
INFO  [15:16:25.080] [bbotk]                                 uhash
INFO  [15:16:29.068] [bbotk] Evaluating 1 configuration(s)
INFO  [15:19:29.634] [bbotk] Result of batch 2:
INFO  [15:19:29.645] [bbotk]     alpha colsample_bylevel colsample_bytree       eta    lambda max_depth
INFO  [15:19:29.645] [bbotk]  1.991212         0.4843949        0.8554873 -4.180429 -2.824529         8
INFO  [15:19:29.645] [bbotk]  nrounds subsample     acq_ei  x_domain .already_evaluated classif.bbrier
INFO  [15:19:29.645] [bbotk]     2126 0.8488535 0.04093123 <list[8]>              FALSE     0.03127119
INFO  [15:19:29.645] [bbotk]  warnings errors runtime_learners                                uhash
INFO  [15:19:29.645] [bbotk]         0      0          180.252 37ecf86c-07ef-443e-98d9-591962c4c56d
INFO  [15:19:35.321] [bbotk] Evaluating 1 configuration(s)
INFO  [15:22:24.973] [bbotk] Result of batch 3:
INFO  [15:22:24.984] [bbotk]      alpha colsample_bylevel colsample_bytree       eta     lambda max_depth
INFO  [15:22:24.984] [bbotk]  -2.119025         0.7044898        0.2935181 -4.296319 -0.8290152         8
INFO  [15:22:24.984] [bbotk]  nrounds subsample     acq_ei  x_domain .already_evaluated classif.bbrier
INFO  [15:22:24.984] [bbotk]     2939 0.4994553 0.02855096 <list[8]>              FALSE     0.02326767
INFO  [15:22:24.984] [bbotk]  warnings errors runtime_learners                                uhash
INFO  [15:22:24.984] [bbotk]         0      0          169.127 f601b345-606f-4057-b60a-6fb817cbc110
INFO  [15:22:29.072] [bbotk] Evaluating 1 configuration(s)
INFO  [15:29:00.578] [bbotk] Result of batch 4:
INFO  [15:29:00.587] [bbotk]     alpha colsample_bylevel colsample_bytree       eta    lambda max_depth
INFO  [15:29:00.587] [bbotk]  -4.75856         0.9839639         0.469503 -4.052825 0.5819251         6
INFO  [15:29:00.587] [bbotk]  nrounds subsample     acq_ei  x_domain .already_evaluated classif.bbrier
INFO  [15:29:00.587] [bbotk]     4345 0.8613574 0.03189612 <list[8]>              FALSE     0.02224612
INFO  [15:29:00.587] [bbotk]  warnings errors runtime_learners                                uhash
INFO  [15:29:00.587] [bbotk]         0      0          391.193 b2bf44c9-8253-490b-a612-e050e07a7113
INFO  [15:29:05.659] [bbotk] Evaluating 1 configuration(s)
INFO  [15:31:32.067] [bbotk] Result of batch 5:
INFO  [15:31:32.076] [bbotk]      alpha colsample_bylevel colsample_bytree       eta    lambda max_depth
INFO  [15:31:32.076] [bbotk]  -0.266541         0.4739651        0.6826944 -1.373205 0.7108849         7
INFO  [15:31:32.076] [bbotk]  nrounds subsample     acq_ei  x_domain .already_evaluated classif.bbrier
INFO  [15:31:32.076] [bbotk]     4231 0.1741252 0.02218233 <list[8]>              FALSE      0.0261425
INFO  [15:31:32.076] [bbotk]  warnings errors runtime_learners                                uhash
INFO  [15:31:32.076] [bbotk]         0      0          145.976 fc4336e6-fa81-4e51-a1bc-7859c5808f65
INFO  [15:31:36.228] [bbotk] Evaluating 1 configuration(s)
INFO  [15:34:12.135] [bbotk] Result of batch 6:
INFO  [15:34:12.159] [bbotk]      alpha colsample_bylevel colsample_bytree     eta    lambda max_depth
INFO  [15:34:12.159] [bbotk]  -1.169836         0.7907537        0.7068733 -6.1935 -4.360029         3
INFO  [15:34:12.159] [bbotk]  nrounds subsample     acq_ei  x_domain .already_evaluated classif.bbrier
INFO  [15:34:12.159] [bbotk]     2739 0.9559259 0.02053518 <list[8]>              FALSE     0.04516688
INFO  [15:34:12.159] [bbotk]  warnings errors runtime_learners                                uhash
INFO  [15:34:12.159] [bbotk]         0      0          155.516 7ef6f7a6-62aa-405c-993d-672350b70508
INFO  [15:34:16.613] [bbotk] Evaluating 1 configuration(s)
INFO  [15:36:17.349] [bbotk] Result of batch 7:
INFO  [15:36:17.360] [bbotk]      alpha colsample_bylevel colsample_bytree       eta    lambda max_depth
INFO  [15:36:17.360] [bbotk]  -4.320174         0.3491758        0.3182866 -3.614966 -1.481276        16
INFO  [15:36:17.360] [bbotk]  nrounds subsample     acq_ei  x_domain .already_evaluated classif.bbrier
INFO  [15:36:17.360] [bbotk]     2570 0.8192604 0.01950537 <list[8]>              FALSE     0.02181561
INFO  [15:36:17.360] [bbotk]  warnings errors runtime_learners                                uhash
INFO  [15:36:17.360] [bbotk]         0      0          120.376 cd1f5714-faa2-4ebd-8f4d-7754f55df86b
INFO  [15:36:21.736] [bbotk] Evaluating 1 configuration(s)
INFO  [15:38:02.463] [bbotk] Result of batch 8:
INFO  [15:38:02.473] [bbotk]     alpha colsample_bylevel colsample_bytree        eta     lambda max_depth
INFO  [15:38:02.473] [bbotk]  1.321593         0.9806313        0.4678238 -0.3411851 -0.6168508        19
INFO  [15:38:02.473] [bbotk]  nrounds subsample     acq_ei  x_domain .already_evaluated classif.bbrier
INFO  [15:38:02.473] [bbotk]     1864 0.4050154 0.01591144 <list[8]>              FALSE     0.02415447
INFO  [15:38:02.473] [bbotk]  warnings errors runtime_learners                                uhash
INFO  [15:38:02.473] [bbotk]         0      0          100.459 8f413fc9-bfbb-44b3-9ade-a6e69f2145d1
INFO  [15:38:06.912] [bbotk] Evaluating 1 configuration(s)
INFO  [15:41:51.787] [bbotk] Result of batch 9:
INFO  [15:41:51.798] [bbotk]     alpha colsample_bylevel colsample_bytree       eta    lambda max_depth
INFO  [15:41:51.798] [bbotk]  -4.05663         0.7519912        0.3835945 -5.043918 0.6327653         8
INFO  [15:41:51.798] [bbotk]  nrounds subsample     acq_ei  x_domain .already_evaluated classif.bbrier
INFO  [15:41:51.798] [bbotk]     2787 0.7256058 0.01777882 <list[8]>              FALSE     0.02420146
INFO  [15:41:51.798] [bbotk]  warnings errors runtime_learners                                uhash
INFO  [15:41:51.798] [bbotk]         0      0          224.481 76771ff0-9b31-4784-b0b7-1b0151412961
INFO  [15:41:57.239] [bbotk] Evaluating 1 configuration(s)
INFO  [15:43:38.269] [bbotk] Result of batch 10:
INFO  [15:43:38.335] [bbotk]       alpha colsample_bylevel colsample_bytree       eta    lambda max_depth
INFO  [15:43:38.335] [bbotk]  0.02805111          0.479079         0.950795 -2.255925 -1.416039         9
INFO  [15:43:38.335] [bbotk]  nrounds subsample     acq_ei  x_domain .already_evaluated classif.bbrier
INFO  [15:43:38.335] [bbotk]     1122 0.4677936 0.01995738 <list[8]>              FALSE     0.02339976
INFO  [15:43:38.335] [bbotk]  warnings errors runtime_learners                                uhash
INFO  [15:43:38.335] [bbotk]         0      0          100.653 eec24261-1bb2-4a34-9143-a8ef5767060a
INFO  [15:43:43.220] [bbotk] Evaluating 1 configuration(s)
INFO  [15:49:13.200] [bbotk] Result of batch 11:
INFO  [15:49:13.211] [bbotk]     alpha colsample_bylevel colsample_bytree       eta   lambda max_depth
INFO  [15:49:13.211] [bbotk]  -6.15865         0.3651194        0.6944046 -2.888446 2.006535        20
INFO  [15:49:13.211] [bbotk]  nrounds subsample    acq_ei  x_domain .already_evaluated classif.bbrier
INFO  [15:49:13.211] [bbotk]     4902 0.6602569 0.0165575 <list[8]>              FALSE     0.02273424
INFO  [15:49:13.211] [bbotk]  warnings errors runtime_learners                                uhash
INFO  [15:49:13.211] [bbotk]         0      0          329.651 5f82afe7-f3f2-42e5-8762-75ed6aac5193
INFO  [15:49:18.024] [bbotk] Evaluating 1 configuration(s)
INFO  [15:49:47.726] [bbotk] Result of batch 12:
INFO  [15:49:47.737] [bbotk]      alpha colsample_bylevel colsample_bytree       eta   lambda max_depth
INFO  [15:49:47.737] [bbotk]  0.5519503         0.6594103        0.1003681 -1.556014 2.875818         8
INFO  [15:49:47.737] [bbotk]  nrounds subsample    acq_ei  x_domain .already_evaluated classif.bbrier
INFO  [15:49:47.737] [bbotk]     1452 0.6669549 0.0195932 <list[8]>              FALSE     0.03244083
INFO  [15:49:47.737] [bbotk]  warnings errors runtime_learners                                uhash
INFO  [15:49:47.737] [bbotk]         0      0            29.43 9988ef3b-99f5-4394-8acf-35021dfc4e91
INFO  [15:49:52.532] [bbotk] Evaluating 1 configuration(s)
INFO  [15:57:04.354] [bbotk] Result of batch 13:
INFO  [15:57:04.365] [bbotk]      alpha colsample_bylevel colsample_bytree       eta   lambda max_depth
INFO  [15:57:04.365] [bbotk]  -6.489362         0.7654241        0.8143814 -3.934208 1.593042        14
INFO  [15:57:04.365] [bbotk]  nrounds subsample     acq_ei  x_domain .already_evaluated classif.bbrier
INFO  [15:57:04.365] [bbotk]     2230 0.9339013 0.01528001 <list[8]>              FALSE     0.02218979
INFO  [15:57:04.365] [bbotk]  warnings errors runtime_learners                                uhash
INFO  [15:57:04.365] [bbotk]         0      0          431.448 3560fc76-d7e5-4a87-ac95-f435d2629d5d
INFO  [15:57:11.047] [bbotk] Evaluating 1 configuration(s)
INFO  [16:00:57.643] [bbotk] Result of batch 14:
INFO  [16:00:57.699] [bbotk]    alpha colsample_bylevel colsample_bytree      eta    lambda max_depth
INFO  [16:00:57.699] [bbotk]  1.14357         0.4608582        0.8007619 -4.05696 -4.463507        14
INFO  [16:00:57.699] [bbotk]  nrounds subsample     acq_ei  x_domain .already_evaluated classif.bbrier
INFO  [16:00:57.699] [bbotk]     3750 0.3526778 0.01359092 <list[8]>              FALSE     0.02769723
INFO  [16:00:57.699] [bbotk]  warnings errors runtime_learners                                uhash
INFO  [16:00:57.699] [bbotk]         0      0          226.257 220c655e-6a8e-47cd-af44-aa960adf1f6e
WARN  [16:00:58.920] [mlr3] train: Stopped because hard maximum generation limit was hit.
INFO  [16:01:03.206] [bbotk] Evaluating 1 configuration(s)
INFO  [16:06:59.060] [bbotk] Result of batch 15:
INFO  [16:06:59.071] [bbotk]      alpha colsample_bylevel colsample_bytree      eta     lambda max_depth
INFO  [16:06:59.071] [bbotk]  -5.687739         0.8585685        0.5621345 -2.92301 -0.1854231         7
INFO  [16:06:59.071] [bbotk]  nrounds subsample    acq_ei  x_domain .already_evaluated classif.bbrier
INFO  [16:06:59.071] [bbotk]     3465 0.5901097 0.0135717 <list[8]>              FALSE     0.02344634
INFO  [16:06:59.071] [bbotk]  warnings errors runtime_learners                                uhash
INFO  [16:06:59.071] [bbotk]         0      0            355.5 0eef6493-214e-4750-a40b-cec29cf1fb38
INFO  [16:07:04.203] [bbotk] Evaluating 1 configuration(s)
INFO  [16:08:57.676] [bbotk] Result of batch 16:
INFO  [16:08:57.689] [bbotk]      alpha colsample_bylevel colsample_bytree        eta    lambda max_depth
INFO  [16:08:57.689] [bbotk]  -3.481344         0.6941278        0.6794387 -0.7020593 -2.041996        18
INFO  [16:08:57.689] [bbotk]  nrounds subsample     acq_ei  x_domain .already_evaluated classif.bbrier
INFO  [16:08:57.689] [bbotk]     1211 0.5018163 0.01331824 <list[8]>              FALSE      0.0301385
INFO  [16:08:57.689] [bbotk]  warnings errors runtime_learners                                uhash
INFO  [16:08:57.689] [bbotk]         0      0          113.176 479ac1ad-2f98-4248-8d11-29240a03bccf
INFO  [16:09:02.508] [bbotk] Evaluating 1 configuration(s)
INFO  [16:09:55.568] [bbotk] Result of batch 17:
INFO  [16:09:55.578] [bbotk]     alpha colsample_bylevel colsample_bytree       eta   lambda max_depth
INFO  [16:09:55.578] [bbotk]  0.375461         0.3007285        0.8104682 -4.802642 0.194888         2
INFO  [16:09:55.578] [bbotk]  nrounds subsample     acq_ei  x_domain .already_evaluated classif.bbrier
INFO  [16:09:55.578] [bbotk]     2058 0.7535456 0.01469397 <list[8]>              FALSE     0.04150318
INFO  [16:09:55.578] [bbotk]  warnings errors runtime_learners                                uhash
INFO  [16:09:55.578] [bbotk]         0      0           52.679 77d9b0d5-32eb-4e9d-9689-51dfa495e235
WARN  [16:09:56.701] [mlr3] train: Stopped because hard maximum generation limit was hit.
INFO  [16:10:00.863] [bbotk] Evaluating 1 configuration(s)
INFO  [16:14:31.308] [bbotk] Result of batch 18:
INFO  [16:14:31.340] [bbotk]      alpha colsample_bylevel colsample_bytree       eta   lambda max_depth
INFO  [16:14:31.340] [bbotk]  -4.237961         0.3770616        0.6542787 -3.517164 3.302075        12
INFO  [16:14:31.340] [bbotk]  nrounds subsample     acq_ei  x_domain .already_evaluated classif.bbrier
INFO  [16:14:31.340] [bbotk]     3684 0.6922158 0.01308405 <list[8]>              FALSE     0.02377996
INFO  [16:14:31.340] [bbotk]  warnings errors runtime_learners                                uhash
INFO  [16:14:31.340] [bbotk]         0      0          270.094 802bd971-4fcf-4daf-b852-be81239d4861
WARN  [16:14:32.137] [mlr3] train: Stopped because hard maximum generation limit was hit.
INFO  [16:14:37.088] [bbotk] Evaluating 1 configuration(s)
INFO  [16:29:49.987] [bbotk] Result of batch 19:
INFO  [16:29:50.010] [bbotk]      alpha colsample_bylevel colsample_bytree       eta    lambda max_depth
INFO  [16:29:50.010] [bbotk]  -4.768401         0.8570485        0.6400781 -5.099117 -1.547576        20
INFO  [16:29:50.010] [bbotk]  nrounds subsample     acq_ei  x_domain .already_evaluated classif.bbrier
INFO  [16:29:50.010] [bbotk]     4878 0.9858575 0.01277783 <list[8]>              FALSE     0.02262216
INFO  [16:29:50.010] [bbotk]  warnings errors runtime_learners                                uhash
INFO  [16:29:50.010] [bbotk]         0      0          912.617 13a255b6-411a-45da-a144-374b4918cdff
INFO  [16:29:55.374] [bbotk] Evaluating 1 configuration(s)
INFO  [16:31:04.004] [bbotk] Result of batch 20:
INFO  [16:31:04.014] [bbotk]    alpha colsample_bylevel colsample_bytree       eta     lambda max_depth
INFO  [16:31:04.014] [bbotk]  2.94609         0.7303926        0.5715278 -2.412389 0.01633134         2
INFO  [16:31:04.014] [bbotk]  nrounds subsample      acq_ei  x_domain .already_evaluated classif.bbrier
INFO  [16:31:04.014] [bbotk]     2919 0.4251817 0.009966337 <list[8]>              FALSE     0.04359238
INFO  [16:31:04.014] [bbotk]  warnings errors runtime_learners                                uhash
INFO  [16:31:04.014] [bbotk]         0      0           68.294 c00ca9a2-b1e7-4e95-8c62-ade55b70760a
INFO  [16:31:09.368] [bbotk] Evaluating 1 configuration(s)
INFO  [16:31:32.228] [bbotk] Result of batch 21:
INFO  [16:31:32.237] [bbotk]       alpha colsample_bylevel colsample_bytree       eta    lambda max_depth
INFO  [16:31:32.237] [bbotk]  -0.8141047         0.9433088        0.2238106 -2.383944 -3.418874        11
INFO  [16:31:32.237] [bbotk]  nrounds subsample     acq_ei  x_domain .already_evaluated classif.bbrier
INFO  [16:31:32.237] [bbotk]      343 0.3774997 0.01008926 <list[8]>              FALSE     0.02561173
INFO  [16:31:32.237] [bbotk]  warnings errors runtime_learners                                uhash
INFO  [16:31:32.237] [bbotk]         0      0           22.515 3d72bc87-50a2-49df-b1ef-f3bb147e56b0
INFO  [16:31:36.655] [bbotk] Evaluating 1 configuration(s)
INFO  [16:33:44.643] [bbotk] Result of batch 22:
INFO  [16:33:44.661] [bbotk]       alpha colsample_bylevel colsample_bytree       eta    lambda max_depth
INFO  [16:33:44.661] [bbotk]  -0.3471106         0.9268777        0.3873406 -3.185312 -2.413075        16
INFO  [16:33:44.661] [bbotk]  nrounds subsample     acq_ei  x_domain .already_evaluated classif.bbrier
INFO  [16:33:44.661] [bbotk]     1750 0.4192217 0.01428837 <list[8]>              FALSE     0.02310746
INFO  [16:33:44.661] [bbotk]  warnings errors runtime_learners                                uhash
INFO  [16:33:44.661] [bbotk]         0      0          127.665 9d05ece7-d065-4e37-a820-266298f14d53
INFO  [16:33:50.285] [bbotk] Evaluating 1 configuration(s)
INFO  [16:35:49.362] [bbotk] Result of batch 23:
INFO  [16:35:49.378] [bbotk]       alpha colsample_bylevel colsample_bytree      eta    lambda max_depth
INFO  [16:35:49.378] [bbotk]  -0.2382828         0.1861565        0.7380999 -0.35806 0.2511726        19
INFO  [16:35:49.378] [bbotk]  nrounds subsample     acq_ei  x_domain .already_evaluated classif.bbrier
INFO  [16:35:49.378] [bbotk]     4166 0.4480162 0.01074566 <list[8]>              FALSE     0.02861687
INFO  [16:35:49.378] [bbotk]  warnings errors runtime_learners                                uhash
INFO  [16:35:49.378] [bbotk]         0      0          118.652 738daba7-fdd3-45c1-8f51-2d796fdd101e
WARN  [16:35:50.497] [mlr3] train: Stopped because hard maximum generation limit was hit.
INFO  [16:35:54.962] [bbotk] Evaluating 1 configuration(s)
INFO  [16:46:10.414] [bbotk] Result of batch 24:
INFO  [16:46:10.430] [bbotk]      alpha colsample_bylevel colsample_bytree       eta     lambda max_depth
INFO  [16:46:10.430] [bbotk]  -6.852545         0.8508288        0.5645325 -5.419611 -0.8529121         9
INFO  [16:46:10.430] [bbotk]  nrounds subsample      acq_ei  x_domain .already_evaluated classif.bbrier
INFO  [16:46:10.430] [bbotk]     4774 0.9310935 0.008786847 <list[8]>              FALSE     0.02190225
INFO  [16:46:10.430] [bbotk]  warnings errors runtime_learners                                uhash
INFO  [16:46:10.430] [bbotk]         0      0          615.018 4ecfcf92-19be-4d0b-823b-702425ad337b
INFO  [16:46:15.706] [bbotk] Evaluating 1 configuration(s)
INFO  [16:48:59.930] [bbotk] Result of batch 25:
INFO  [16:48:59.951] [bbotk]        alpha colsample_bylevel colsample_bytree     eta    lambda max_depth
INFO  [16:48:59.951] [bbotk]  -0.03339899         0.7033896        0.7600448 -1.8439 -3.157314        16
INFO  [16:48:59.951] [bbotk]  nrounds subsample      acq_ei  x_domain .already_evaluated classif.bbrier
INFO  [16:48:59.951] [bbotk]     2017  0.355575 0.008850754 <list[8]>              FALSE     0.02364841
INFO  [16:48:59.951] [bbotk]  warnings errors runtime_learners                                uhash
INFO  [16:48:59.951] [bbotk]         0      0           163.85 8142080e-0d5f-4b08-8a31-faa8d52af6c9
WARN  [16:49:01.054] [mlr3] train: Stopped because hard maximum generation limit was hit.
INFO  [16:49:04.905] [bbotk] Evaluating 1 configuration(s)
INFO  [16:49:28.010] [bbotk] Result of batch 26:
INFO  [16:49:28.030] [bbotk]      alpha colsample_bylevel colsample_bytree        eta    lambda max_depth
INFO  [16:49:28.030] [bbotk]  -1.550036         0.9429751        0.9857181 -0.3632761 -3.568272        11
INFO  [16:49:28.030] [bbotk]  nrounds subsample      acq_ei  x_domain .already_evaluated classif.bbrier
INFO  [16:49:28.030] [bbotk]       84 0.6864393 0.009141102 <list[8]>              FALSE     0.02558815
INFO  [16:49:28.030] [bbotk]  warnings errors runtime_learners                                uhash
INFO  [16:49:28.030] [bbotk]         0      0           22.749 2938f503-33e9-4168-8edd-5767ac03881e
INFO  [16:49:32.935] [bbotk] Evaluating 1 configuration(s)
INFO  [16:56:21.381] [bbotk] Result of batch 27:
INFO  [16:56:21.406] [bbotk]      alpha colsample_bylevel colsample_bytree       eta     lambda max_depth
INFO  [16:56:21.406] [bbotk]  0.2160146         0.8070227        0.8816586 -3.358083 -0.8935257        18
INFO  [16:56:21.406] [bbotk]  nrounds subsample    acq_ei  x_domain .already_evaluated classif.bbrier
INFO  [16:56:21.406] [bbotk]     4995  0.218332 0.0103263 <list[8]>              FALSE     0.02446408
INFO  [16:56:21.406] [bbotk]  warnings errors runtime_learners                                uhash
INFO  [16:56:21.406] [bbotk]         0      0          408.128 2d275047-359a-4a6f-8b9e-68514740d21b
INFO  [16:56:26.788] [bbotk] Evaluating 1 configuration(s)
INFO  [16:57:03.455] [bbotk] Result of batch 28:
INFO  [16:57:03.483] [bbotk]      alpha colsample_bylevel colsample_bytree        eta    lambda max_depth
INFO  [16:57:03.483] [bbotk]  0.8001466         0.6546123        0.8762722 -0.3083486 0.9829258        16
INFO  [16:57:03.483] [bbotk]  nrounds subsample      acq_ei  x_domain .already_evaluated classif.bbrier
INFO  [16:57:03.483] [bbotk]      256 0.9139221 0.008329157 <list[8]>              FALSE     0.02353686
INFO  [16:57:03.483] [bbotk]  warnings errors runtime_learners                                uhash
INFO  [16:57:03.483] [bbotk]         0      0           36.293 083fcb18-ad07-429f-8ddb-1b409546b73d
INFO  [16:57:08.499] [bbotk] Evaluating 1 configuration(s)
INFO  [17:01:00.526] [bbotk] Result of batch 29:
INFO  [17:01:00.552] [bbotk]      alpha colsample_bylevel colsample_bytree       eta     lambda max_depth
INFO  [17:01:00.552] [bbotk]  -5.586397         0.6901302        0.2209043 -3.916175 -0.4399221        19
INFO  [17:01:00.552] [bbotk]  nrounds subsample      acq_ei  x_domain .already_evaluated classif.bbrier
INFO  [17:01:00.552] [bbotk]     4649 0.5663183 0.009081903 <list[8]>              FALSE     0.02223681
INFO  [17:01:00.552] [bbotk]  warnings errors runtime_learners                                uhash
INFO  [17:01:00.552] [bbotk]         0      0          231.681 54175645-97c9-4e0c-ab3f-4c49c7831e48
INFO  [17:01:06.497] [bbotk] Evaluating 1 configuration(s)
INFO  [17:02:27.496] [bbotk] Result of batch 30:
INFO  [17:02:27.507] [bbotk]      alpha colsample_bylevel colsample_bytree       eta    lambda max_depth
INFO  [17:02:27.507] [bbotk]  -4.700766         0.9730121        0.3369267 -3.224651 -5.254825         6
INFO  [17:02:27.507] [bbotk]  nrounds subsample      acq_ei  x_domain .already_evaluated classif.bbrier
INFO  [17:02:27.507] [bbotk]     1199 0.9580065 0.007789989 <list[8]>              FALSE     0.02187411
INFO  [17:02:27.507] [bbotk]  warnings errors runtime_learners                                uhash
INFO  [17:02:27.507] [bbotk]         0      0           80.554 45193455-581d-4406-88db-0a1769fb00a6
INFO  [17:02:33.133] [bbotk] Evaluating 1 configuration(s)
INFO  [17:04:19.089] [bbotk] Result of batch 31:
INFO  [17:04:19.113] [bbotk]     alpha colsample_bylevel colsample_bytree        eta   lambda max_depth
INFO  [17:04:19.113] [bbotk]  1.012307         0.9272098        0.8033128 -0.2872188 -5.49278         5
INFO  [17:04:19.113] [bbotk]  nrounds subsample      acq_ei  x_domain .already_evaluated classif.bbrier
INFO  [17:04:19.113] [bbotk]     1091 0.4426921 0.007425048 <list[8]>              FALSE     0.02511455
INFO  [17:04:19.113] [bbotk]  warnings errors runtime_learners                                uhash
INFO  [17:04:19.113] [bbotk]         0      0          105.614 661dae88-5dc0-486c-b92c-ce103871eef1
INFO  [17:04:25.370] [bbotk] Evaluating 1 configuration(s)
INFO  [17:05:33.282] [bbotk] Result of batch 32:
INFO  [17:05:33.318] [bbotk]      alpha colsample_bylevel colsample_bytree       eta     lambda max_depth
INFO  [17:05:33.318] [bbotk]  -4.437182         0.7090655        0.2604125 -3.901481 -0.3793545        12
INFO  [17:05:33.318] [bbotk]  nrounds subsample      acq_ei  x_domain .already_evaluated classif.bbrier
INFO  [17:05:33.318] [bbotk]      815 0.9719184 0.007430413 <list[8]>              FALSE     0.02331898
INFO  [17:05:33.318] [bbotk]  warnings errors runtime_learners                                uhash
INFO  [17:05:33.318] [bbotk]         0      0           67.504 1604a7f1-66d3-4145-9cb8-627d19eab622
WARN  [17:05:34.308] [mlr3] train: Stopped because hard maximum generation limit was hit.
INFO  [17:05:38.782] [bbotk] Evaluating 1 configuration(s)
INFO  [17:17:48.402] [bbotk] Result of batch 33:
INFO  [17:17:48.413] [bbotk]      alpha colsample_bylevel colsample_bytree       eta   lambda max_depth
INFO  [17:17:48.413] [bbotk]  -5.050539         0.6498691        0.9036291 -4.796552 2.030511        18
INFO  [17:17:48.413] [bbotk]  nrounds subsample      acq_ei  x_domain .already_evaluated classif.bbrier
INFO  [17:17:48.413] [bbotk]     4003 0.8543686 0.006959384 <list[8]>              FALSE     0.02245767
INFO  [17:17:48.413] [bbotk]  warnings errors runtime_learners                                uhash
INFO  [17:17:48.413] [bbotk]         0      0          729.312 548a1a15-2794-4a80-85bc-fcc0e0344c0d
INFO  [17:17:54.321] [bbotk] Evaluating 1 configuration(s)
INFO  [17:18:28.275] [bbotk] Result of batch 34:
INFO  [17:18:28.285] [bbotk]     alpha colsample_bylevel colsample_bytree      eta    lambda max_depth
INFO  [17:18:28.285] [bbotk]  3.686663         0.7250372         0.365693 -5.57659 -6.632461         1
INFO  [17:18:28.285] [bbotk]  nrounds subsample      acq_ei  x_domain .already_evaluated classif.bbrier
INFO  [17:18:28.285] [bbotk]     1919 0.9773887 0.008689903 <list[8]>              FALSE     0.06358603
INFO  [17:18:28.285] [bbotk]  warnings errors runtime_learners                                uhash
INFO  [17:18:28.285] [bbotk]         0      0            33.66 c09bf1bb-5721-4314-a5c5-2e75a83a8ebb
WARN  [17:18:30.023] [mlr3] train: Stopped because hard maximum generation limit was hit.
INFO  [17:18:35.115] [bbotk] Evaluating 1 configuration(s)
INFO  [17:25:11.619] [bbotk] Result of batch 35:
INFO  [17:25:11.630] [bbotk]      alpha colsample_bylevel colsample_bytree       eta    lambda max_depth
INFO  [17:25:11.630] [bbotk]  -4.875901         0.5808802        0.4969049 -5.385637 -1.634507        10
INFO  [17:25:11.630] [bbotk]  nrounds subsample      acq_ei  x_domain .already_evaluated classif.bbrier
INFO  [17:25:11.630] [bbotk]     3966 0.8889086 0.007199675 <list[8]>              FALSE     0.02196964
INFO  [17:25:11.630] [bbotk]  warnings errors runtime_learners                                uhash
INFO  [17:25:11.630] [bbotk]         0      0          396.162 9fbcc72d-96b3-4f27-97d6-22d73fe8ce02
INFO  [17:25:17.590] [bbotk] Evaluating 1 configuration(s)
INFO  [17:29:01.422] [bbotk] Result of batch 36:
INFO  [17:29:01.434] [bbotk]      alpha colsample_bylevel colsample_bytree       eta    lambda max_depth
INFO  [17:29:01.434] [bbotk]  -1.479957          0.432651        0.4959241 -3.193506 0.8353147        19
INFO  [17:29:01.434] [bbotk]  nrounds subsample      acq_ei  x_domain .already_evaluated classif.bbrier
INFO  [17:29:01.434] [bbotk]     3651 0.5657765 0.007663437 <list[8]>              FALSE     0.02241743
INFO  [17:29:01.434] [bbotk]  warnings errors runtime_learners                                uhash
INFO  [17:29:01.434] [bbotk]         0      0          223.463 a1331481-9aec-4899-9994-a2bbb5d0d4b8
INFO  [17:29:07.884] [bbotk] Evaluating 1 configuration(s)
INFO  [17:29:59.427] [bbotk] Result of batch 37:
INFO  [17:29:59.438] [bbotk]      alpha colsample_bylevel colsample_bytree      eta    lambda max_depth
INFO  [17:29:59.438] [bbotk]  -4.221364         0.3086873          0.57113 -0.50405 -1.665692         5
INFO  [17:29:59.438] [bbotk]  nrounds subsample      acq_ei  x_domain .already_evaluated classif.bbrier
INFO  [17:29:59.438] [bbotk]     1348 0.9258368 0.006857229 <list[8]>              FALSE     0.02562236
INFO  [17:29:59.438] [bbotk]  warnings errors runtime_learners                                uhash
INFO  [17:29:59.438] [bbotk]         0      0           51.242 c50598c3-a66d-4562-a82e-30230b134d62
INFO  [17:30:06.411] [bbotk] Evaluating 1 configuration(s)
INFO  [17:32:48.654] [bbotk] Result of batch 38:
INFO  [17:32:48.678] [bbotk]     alpha colsample_bylevel colsample_bytree       eta   lambda max_depth
INFO  [17:32:48.678] [bbotk]  1.519596         0.5943503        0.8742377 -2.172013 2.790039        19
INFO  [17:32:48.678] [bbotk]  nrounds subsample      acq_ei  x_domain .already_evaluated classif.bbrier
INFO  [17:32:48.678] [bbotk]     1598 0.6806274 0.006431646 <list[8]>              FALSE     0.02656328
INFO  [17:32:48.678] [bbotk]  warnings errors runtime_learners                                uhash
INFO  [17:32:48.678] [bbotk]         0      0          161.909 135b8d94-bf22-4bbd-98e0-f9fe1181d16f
WARN  [17:32:51.576] [mlr3] train: Stopped because hard maximum generation limit was hit.
INFO  [17:32:56.551] [bbotk] Evaluating 1 configuration(s)
INFO  [17:36:00.111] [bbotk] Result of batch 39:
INFO  [17:36:00.134] [bbotk]      alpha colsample_bylevel colsample_bytree       eta    lambda max_depth
INFO  [17:36:00.134] [bbotk]  -4.969922         0.5985856        0.6149655 -3.276706 0.4300656         8
INFO  [17:36:00.134] [bbotk]  nrounds subsample      acq_ei  x_domain .already_evaluated classif.bbrier
INFO  [17:36:00.134] [bbotk]     1856 0.9787544 0.006234042 <list[8]>              FALSE      0.0221488
INFO  [17:36:00.134] [bbotk]  warnings errors runtime_learners                                uhash
INFO  [17:36:00.134] [bbotk]         0      0          183.237 ebf2a24d-ca0c-4c87-97bc-23e9479f88dc
INFO  [17:36:06.230] [bbotk] Evaluating 1 configuration(s)
INFO  [17:36:30.647] [bbotk] Result of batch 40:
INFO  [17:36:30.658] [bbotk]       alpha colsample_bylevel colsample_bytree        eta     lambda max_depth
INFO  [17:36:30.658] [bbotk]  -0.9017468         0.3833863        0.4884199 -0.1069476 -0.5000624        20
INFO  [17:36:30.658] [bbotk]  nrounds subsample      acq_ei  x_domain .already_evaluated classif.bbrier
INFO  [17:36:30.658] [bbotk]      419 0.9263562 0.006775642 <list[8]>              FALSE     0.02471993
INFO  [17:36:30.658] [bbotk]  warnings errors runtime_learners                                uhash
INFO  [17:36:30.658] [bbotk]         0      0           24.061 2f8a253e-1be1-4eaa-8208-ab5420283b76
INFO  [17:36:36.296] [bbotk] Evaluating 1 configuration(s)
INFO  [17:47:10.673] [bbotk] Result of batch 41:
INFO  [17:47:10.682] [bbotk]      alpha colsample_bylevel colsample_bytree       eta    lambda max_depth
INFO  [17:47:10.682] [bbotk]  -5.461726          0.675585        0.9603057 -3.846153 -2.755965         7
INFO  [17:47:10.682] [bbotk]  nrounds subsample      acq_ei  x_domain .already_evaluated classif.bbrier
INFO  [17:47:10.682] [bbotk]     4525 0.7250466 0.006886628 <list[8]>              FALSE     0.02353259
INFO  [17:47:10.682] [bbotk]  warnings errors runtime_learners                                uhash
INFO  [17:47:10.682] [bbotk]         0      0          634.075 971a7ef9-4488-4a73-a7c8-241e0fbe4104
WARN  [17:47:13.676] [mlr3] train: Stopped because hard maximum generation limit was hit.
INFO  [17:47:17.891] [bbotk] Evaluating 1 configuration(s)
INFO  [17:49:30.749] [bbotk] Result of batch 42:
INFO  [17:49:30.758] [bbotk]      alpha colsample_bylevel colsample_bytree        eta   lambda max_depth
INFO  [17:49:30.758] [bbotk]  -5.353771          0.683159        0.1623219 -0.3406726 6.520827        18
INFO  [17:49:30.758] [bbotk]  nrounds subsample      acq_ei  x_domain .already_evaluated classif.bbrier
INFO  [17:49:30.758] [bbotk]     4280 0.8930548 0.005590381 <list[8]>              FALSE     0.02698801
INFO  [17:49:30.758] [bbotk]  warnings errors runtime_learners                                uhash
INFO  [17:49:30.758] [bbotk]         0      0          132.544 f4b0afe3-3b03-448d-9838-e7dd2613ad3a
INFO  [17:49:36.653] [bbotk] Evaluating 1 configuration(s)
INFO  [17:51:56.556] [bbotk] Result of batch 43:
INFO  [17:51:56.566] [bbotk]      alpha colsample_bylevel colsample_bytree       eta   lambda max_depth
INFO  [17:51:56.566] [bbotk]  -5.383736          0.731985        0.1498735 -3.396652 1.327589        19
INFO  [17:51:56.566] [bbotk]  nrounds subsample      acq_ei  x_domain .already_evaluated classif.bbrier
INFO  [17:51:56.566] [bbotk]     3451 0.8524771 0.005972934 <list[8]>              FALSE     0.02349673
INFO  [17:51:56.566] [bbotk]  warnings errors runtime_learners                                uhash
INFO  [17:51:56.566] [bbotk]         0      0          139.637 87d083de-5f2a-496a-932e-fc683801a792
WARN  [17:51:58.476] [mlr3] train: Stopped because hard maximum generation limit was hit.
INFO  [17:52:02.923] [bbotk] Evaluating 1 configuration(s)
INFO  [17:53:49.202] [bbotk] Result of batch 44:
INFO  [17:53:49.212] [bbotk]     alpha colsample_bylevel colsample_bytree       eta    lambda max_depth
INFO  [17:53:49.212] [bbotk]  -4.50609         0.8953091        0.6978805 -3.230344 -3.290517         9
INFO  [17:53:49.212] [bbotk]  nrounds subsample      acq_ei  x_domain .already_evaluated classif.bbrier
INFO  [17:53:49.212] [bbotk]      613 0.8528417 0.006027034 <list[8]>              FALSE     0.02230448
INFO  [17:53:49.212] [bbotk]  warnings errors runtime_learners                                uhash
INFO  [17:53:49.212] [bbotk]         0      0          105.845 93d199cd-23dd-4d2c-a655-ebea6dc36229
WARN  [17:53:51.388] [mlr3] train: Stopped because hard maximum generation limit was hit.
INFO  [17:53:56.059] [bbotk] Evaluating 1 configuration(s)
INFO  [17:59:18.688] [bbotk] Result of batch 45:
INFO  [17:59:18.699] [bbotk]       alpha colsample_bylevel colsample_bytree        eta    lambda max_depth
INFO  [17:59:18.699] [bbotk]  -0.4726401         0.6316554        0.9603763 -0.3046798 0.4146953        12
INFO  [17:59:18.699] [bbotk]  nrounds subsample      acq_ei  x_domain .already_evaluated classif.bbrier
INFO  [17:59:18.699] [bbotk]     2892 0.7961397 0.005491577 <list[8]>              FALSE     0.02651906
INFO  [17:59:18.699] [bbotk]  warnings errors runtime_learners                                uhash
INFO  [17:59:18.699] [bbotk]         0      0           322.27 1566da6b-5f0a-448a-bd22-a7b7db1a5edc
WARN  [17:59:20.405] [mlr3] train: Stopped because hard maximum generation limit was hit.
INFO  [17:59:25.786] [bbotk] Evaluating 1 configuration(s)
INFO  [18:03:44.242] [bbotk] Result of batch 46:
INFO  [18:03:44.254] [bbotk]      alpha colsample_bylevel colsample_bytree       eta    lambda max_depth
INFO  [18:03:44.254] [bbotk]  -2.926183         0.9259908        0.7519832 -4.061522 -4.370915         3
INFO  [18:03:44.254] [bbotk]  nrounds subsample      acq_ei  x_domain .already_evaluated classif.bbrier
INFO  [18:03:44.254] [bbotk]     4713 0.3243945 0.005097272 <list[8]>              FALSE     0.02629502
INFO  [18:03:44.254] [bbotk]  warnings errors runtime_learners                                uhash
INFO  [18:03:44.254] [bbotk]         0      0          258.126 705c0083-5e0c-460b-a6aa-14b188c8fd94
WARN  [18:03:45.773] [mlr3] train: Stopped because hard maximum generation limit was hit.
INFO  [18:03:50.389] [bbotk] Evaluating 1 configuration(s)
INFO  [18:05:00.925] [bbotk] Result of batch 47:
INFO  [18:05:00.936] [bbotk]      alpha colsample_bylevel colsample_bytree        eta   lambda max_depth
INFO  [18:05:00.936] [bbotk]  0.9928816         0.4415299        0.9670788 -0.2816974 -4.30257         8
INFO  [18:05:00.936] [bbotk]  nrounds subsample      acq_ei  x_domain .already_evaluated classif.bbrier
INFO  [18:05:00.936] [bbotk]     2372 0.1004362 0.005457932 <list[8]>              FALSE     0.04750069
INFO  [18:05:00.936] [bbotk]  warnings errors runtime_learners                                uhash
INFO  [18:05:00.936] [bbotk]         0      0           70.275 e97f4707-b405-43f6-82a3-7be0f5965a10
WARN  [18:05:02.395] [mlr3] train: Stopped because hard maximum generation limit was hit.
INFO  [18:05:06.911] [bbotk] Evaluating 1 configuration(s)
INFO  [18:06:16.270] [bbotk] Result of batch 48:
INFO  [18:06:16.281] [bbotk]       alpha colsample_bylevel colsample_bytree       eta    lambda max_depth
INFO  [18:06:16.281] [bbotk]  -0.2585364         0.7601248         0.583019 -1.185224 -1.266139         8
INFO  [18:06:16.281] [bbotk]  nrounds subsample      acq_ei  x_domain .already_evaluated classif.bbrier
INFO  [18:06:16.281] [bbotk]      715 0.6556039 0.006229559 <list[8]>              FALSE     0.02341285
INFO  [18:06:16.281] [bbotk]  warnings errors runtime_learners                                uhash
INFO  [18:06:16.281] [bbotk]         0      0           68.988 adf8521f-14f0-4a4c-b74a-54ac2b4eb08a
INFO  [18:06:21.522] [bbotk] Evaluating 1 configuration(s)
INFO  [18:18:43.542] [bbotk] Result of batch 49:
INFO  [18:18:43.555] [bbotk]      alpha colsample_bylevel colsample_bytree       eta   lambda max_depth
INFO  [18:18:43.555] [bbotk]  -1.072116         0.8790532        0.9960575 -1.500934 2.030473        19
INFO  [18:18:43.555] [bbotk]  nrounds subsample      acq_ei  x_domain .already_evaluated classif.bbrier
INFO  [18:18:43.555] [bbotk]     4805 0.5959649 0.006819989 <list[8]>              FALSE      0.0244415
INFO  [18:18:43.555] [bbotk]  warnings errors runtime_learners                                uhash
INFO  [18:18:43.555] [bbotk]         0      0          741.651 fc3d055c-ea22-49e6-92a9-87acbbe6473b
INFO  [18:18:49.244] [bbotk] Evaluating 1 configuration(s)
INFO  [18:21:42.713] [bbotk] Result of batch 50:
INFO  [18:21:42.722] [bbotk]       alpha colsample_bylevel colsample_bytree     eta   lambda max_depth
INFO  [18:21:42.722] [bbotk]  -0.1396329         0.1384147        0.8978193 -2.8266 1.740247        10
INFO  [18:21:42.722] [bbotk]  nrounds subsample     acq_ei  x_domain .already_evaluated classif.bbrier
INFO  [18:21:42.722] [bbotk]     4648 0.5102178 0.00610576 <list[8]>              FALSE     0.02358157
INFO  [18:21:42.722] [bbotk]  warnings errors runtime_learners                                uhash
INFO  [18:21:42.722] [bbotk]         0      0          173.127 dbd98a91-424e-4700-a219-572dcc6a5747
INFO  [18:21:50.931] [bbotk] Evaluating 1 configuration(s)
INFO  [18:31:33.251] [bbotk] Result of batch 51:
INFO  [18:31:33.263] [bbotk]      alpha colsample_bylevel colsample_bytree       eta   lambda max_depth
INFO  [18:31:33.263] [bbotk]  -5.310284         0.9817981        0.4872875 -4.656611 -0.87647        11
INFO  [18:31:33.263] [bbotk]  nrounds subsample      acq_ei  x_domain .already_evaluated classif.bbrier
INFO  [18:31:33.263] [bbotk]     4291 0.6350606 0.005155445 <list[8]>              FALSE     0.02247438
INFO  [18:31:33.263] [bbotk]  warnings errors runtime_learners                                uhash
INFO  [18:31:33.263] [bbotk]         0      0          582.038 3641fe61-536b-43c8-84e0-8b06a76339c0
INFO  [18:31:39.694] [bbotk] Evaluating 1 configuration(s)
INFO  [18:32:04.897] [bbotk] Result of batch 52:
INFO  [18:32:04.910] [bbotk]      alpha colsample_bylevel colsample_bytree         eta     lambda max_depth
INFO  [18:32:04.910] [bbotk]  0.4040419         0.6200866        0.1433684 -0.02784057 -0.3346373        20
INFO  [18:32:04.910] [bbotk]  nrounds subsample      acq_ei  x_domain .already_evaluated classif.bbrier
INFO  [18:32:04.910] [bbotk]      969 0.7750328 0.004878118 <list[8]>              FALSE     0.02563517
INFO  [18:32:04.910] [bbotk]  warnings errors runtime_learners                                uhash
INFO  [18:32:04.910] [bbotk]         0      0           24.893 b7f24185-d2a2-47b1-8609-487b9fe3592b
WARN  [18:32:07.131] [mlr3] train: Stopped because hard maximum generation limit was hit.
INFO  [18:32:12.568] [bbotk] Evaluating 1 configuration(s)
INFO  [18:39:28.522] [bbotk] Result of batch 53:
INFO  [18:39:28.564] [bbotk]      alpha colsample_bylevel colsample_bytree       eta   lambda max_depth
INFO  [18:39:28.564] [bbotk]  -6.087943         0.8547347        0.3258011 -3.897586 1.305151        15
INFO  [18:39:28.564] [bbotk]  nrounds subsample      acq_ei  x_domain .already_evaluated classif.bbrier
INFO  [18:39:28.564] [bbotk]     4950 0.8719031 0.005404571 <list[8]>              FALSE     0.02196008
INFO  [18:39:28.564] [bbotk]  warnings errors runtime_learners                                uhash
INFO  [18:39:28.564] [bbotk]         0      0          435.687 a368c379-089b-4611-8e25-cf484440e02c
WARN  [18:39:31.303] [mlr3] train: Stopped because hard maximum generation limit was hit.
INFO  [18:39:36.051] [bbotk] Evaluating 1 configuration(s)
INFO  [18:46:07.174] [bbotk] Result of batch 54:
INFO  [18:46:07.185] [bbotk]      alpha colsample_bylevel colsample_bytree       eta   lambda max_depth
INFO  [18:46:07.185] [bbotk]  -4.903026         0.8399299        0.9717731 -3.104734 2.088585         5
INFO  [18:46:07.185] [bbotk]  nrounds subsample      acq_ei  x_domain .already_evaluated classif.bbrier
INFO  [18:46:07.185] [bbotk]     4940 0.2262718 0.004997248 <list[8]>              FALSE     0.02444028
INFO  [18:46:07.185] [bbotk]  warnings errors runtime_learners                                uhash
INFO  [18:46:07.185] [bbotk]         0      0          390.744 9630316e-947c-49e9-ae44-2ae2aeb94bd3
WARN  [18:46:09.533] [mlr3] train: Stopped because hard maximum generation limit was hit.
INFO  [18:46:15.620] [bbotk] Evaluating 1 configuration(s)
INFO  [18:46:40.665] [bbotk] Result of batch 55:
INFO  [18:46:40.685] [bbotk]      alpha colsample_bylevel colsample_bytree        eta    lambda max_depth
INFO  [18:46:40.685] [bbotk]  0.9036293         0.9851269        0.5693287 -0.9678245 -3.463666        13
INFO  [18:46:40.685] [bbotk]  nrounds subsample      acq_ei  x_domain .already_evaluated classif.bbrier
INFO  [18:46:40.685] [bbotk]      251  0.998687 0.004694212 <list[8]>              FALSE      0.0245348
INFO  [18:46:40.685] [bbotk]  warnings errors runtime_learners                                uhash
INFO  [18:46:40.685] [bbotk]         0      0           24.612 9bb3424a-e421-4d30-9d00-a2ea682a1522
INFO  [18:46:47.686] [bbotk] Evaluating 1 configuration(s)
INFO  [18:48:47.304] [bbotk] Result of batch 56:
INFO  [18:48:47.313] [bbotk]      alpha colsample_bylevel colsample_bytree       eta   lambda max_depth
INFO  [18:48:47.313] [bbotk]  -4.577839         0.9072183         0.259421 -2.620215 2.247098         2
INFO  [18:48:47.313] [bbotk]  nrounds subsample     acq_ei  x_domain .already_evaluated classif.bbrier
INFO  [18:48:47.313] [bbotk]     4796 0.5099252 0.00611675 <list[8]>              FALSE     0.03059749
INFO  [18:48:47.313] [bbotk]  warnings errors runtime_learners                                uhash
INFO  [18:48:47.313] [bbotk]         0      0          119.342 d69c96bd-7277-4d83-93c2-e74705da7866
WARN  [18:48:49.567] [mlr3] train: Stopped because hard maximum generation limit was hit.
INFO  [18:48:53.768] [bbotk] Evaluating 1 configuration(s)
INFO  [18:53:04.404] [bbotk] Result of batch 57:
INFO  [18:53:04.411] [bbotk]       alpha colsample_bylevel colsample_bytree       eta   lambda max_depth
INFO  [18:53:04.411] [bbotk]  -0.4015427         0.5574985        0.4717697 -1.311431 5.272886        18
INFO  [18:53:04.411] [bbotk]  nrounds subsample      acq_ei  x_domain .already_evaluated classif.bbrier
INFO  [18:53:04.411] [bbotk]     4825 0.3794305 0.004935049 <list[8]>              FALSE     0.02662388
INFO  [18:53:04.411] [bbotk]  warnings errors runtime_learners                                uhash
INFO  [18:53:04.411] [bbotk]         0      0           250.32 fde3fbc5-fa28-4c5f-94b6-6fe664d87a42
INFO  [18:53:11.022] [bbotk] Evaluating 1 configuration(s)
INFO  [18:55:16.345] [bbotk] Result of batch 58:
INFO  [18:55:16.355] [bbotk]      alpha colsample_bylevel colsample_bytree       eta    lambda max_depth
INFO  [18:55:16.355] [bbotk]  -6.304126         0.6249792        0.1901831 -4.347013 -2.076666        14
INFO  [18:55:16.355] [bbotk]  nrounds subsample      acq_ei  x_domain .already_evaluated classif.bbrier
INFO  [18:55:16.355] [bbotk]     2518 0.9629425 0.005143083 <list[8]>              FALSE     0.02319517
INFO  [18:55:16.355] [bbotk]  warnings errors runtime_learners                                uhash
INFO  [18:55:16.355] [bbotk]         0      0          124.981 cc0a3031-b925-461b-b91f-7cf4dc01de7f
WARN  [18:55:19.339] [mlr3] train: Stopped because hard maximum generation limit was hit.
INFO  [18:55:25.467] [bbotk] Evaluating 1 configuration(s)
INFO  [18:58:02.418] [bbotk] Result of batch 59:
INFO  [18:58:02.427] [bbotk]      alpha colsample_bylevel colsample_bytree        eta   lambda max_depth
INFO  [18:58:02.427] [bbotk]  -5.808524         0.3913183        0.2791874 -0.6425416 2.515144        18
INFO  [18:58:02.427] [bbotk]  nrounds subsample      acq_ei  x_domain .already_evaluated classif.bbrier
INFO  [18:58:02.427] [bbotk]     4693 0.9382217 0.004904443 <list[8]>              FALSE     0.02384364
INFO  [18:58:02.427] [bbotk]  warnings errors runtime_learners                                uhash
INFO  [18:58:02.427] [bbotk]         0      0          156.651 7fded0b1-b34f-4f00-8a80-5dbef0715031
WARN  [18:58:06.501] [mlr3] train: Stopped because hard maximum generation limit was hit.
INFO  [18:58:11.777] [bbotk] Evaluating 1 configuration(s)
INFO  [18:59:08.572] [bbotk] Result of batch 60:
INFO  [18:59:08.584] [bbotk]      alpha colsample_bylevel colsample_bytree        eta   lambda max_depth
INFO  [18:59:08.584] [bbotk]  -5.139494         0.1231848        0.1665149 -0.7247213 6.638214        20
INFO  [18:59:08.584] [bbotk]  nrounds subsample     acq_ei  x_domain .already_evaluated classif.bbrier
INFO  [18:59:08.584] [bbotk]     4357 0.8209129 0.00380129 <list[8]>              FALSE     0.03801207
INFO  [18:59:08.584] [bbotk]  warnings errors runtime_learners                                uhash
INFO  [18:59:08.584] [bbotk]         0      0           56.438 5fec0329-7d84-414f-ad91-edd71678fa01
WARN  [18:59:11.284] [mlr3] train: Stopped because hard maximum generation limit was hit.
INFO  [18:59:15.268] [bbotk] Evaluating 1 configuration(s)
INFO  [19:04:41.504] [bbotk] Result of batch 61:
INFO  [19:04:41.516] [bbotk]      alpha colsample_bylevel colsample_bytree        eta    lambda max_depth
INFO  [19:04:41.516] [bbotk]  -4.415058          0.882338        0.6685092 -0.5207091 -5.282925        19
INFO  [19:04:41.516] [bbotk]  nrounds subsample      acq_ei  x_domain .already_evaluated classif.bbrier
INFO  [19:04:41.516] [bbotk]     2298 0.9676676 0.004468191 <list[8]>              FALSE     0.02646286
INFO  [19:04:41.516] [bbotk]  warnings errors runtime_learners                                uhash
INFO  [19:04:41.516] [bbotk]         0      0          325.933 a8114ab7-1bcc-4b01-819e-ac4780bd0fa5
WARN  [19:04:45.091] [mlr3] train: Stopped because hard maximum generation limit was hit.
INFO  [19:04:49.718] [bbotk] Evaluating 1 configuration(s)
INFO  [19:10:39.257] [bbotk] Result of batch 62:
INFO  [19:10:39.278] [bbotk]      alpha colsample_bylevel colsample_bytree         eta   lambda max_depth
INFO  [19:10:39.278] [bbotk]  -6.646969         0.8492536        0.7456505 -0.09817603 4.245432        19
INFO  [19:10:39.278] [bbotk]  nrounds subsample      acq_ei  x_domain .already_evaluated classif.bbrier
INFO  [19:10:39.278] [bbotk]     4887 0.2701053 0.004532703 <list[8]>              FALSE     0.02394928
INFO  [19:10:39.278] [bbotk]  warnings errors runtime_learners                                uhash
INFO  [19:10:39.278] [bbotk]         0      0          349.206 cc0f5d64-233c-4626-a9df-bbd340051ce4
WARN  [19:10:41.285] [mlr3] train: Stopped because hard maximum generation limit was hit.
INFO  [19:10:46.017] [bbotk] Evaluating 1 configuration(s)
INFO  [19:12:08.265] [bbotk] Result of batch 63:
INFO  [19:12:08.276] [bbotk]      alpha colsample_bylevel colsample_bytree        eta    lambda max_depth
INFO  [19:12:08.276] [bbotk]  -5.538338         0.6661913          0.76318 -0.7273418 -6.729563         3
INFO  [19:12:08.276] [bbotk]  nrounds subsample      acq_ei  x_domain .already_evaluated classif.bbrier
INFO  [19:12:08.276] [bbotk]     1360 0.8610039 0.004500148 <list[8]>              FALSE     0.02522649
INFO  [19:12:08.276] [bbotk]  warnings errors runtime_learners                                uhash
INFO  [19:12:08.276] [bbotk]         0      0           81.891 93220457-ee49-4ca9-b4df-1aca9e24385d
WARN  [19:12:11.044] [mlr3] train: Stopped because hard maximum generation limit was hit.
INFO  [19:12:16.174] [bbotk] Evaluating 1 configuration(s)
INFO  [19:13:45.833] [bbotk] Result of batch 64:
INFO  [19:13:45.844] [bbotk]      alpha colsample_bylevel colsample_bytree         eta   lambda max_depth
INFO  [19:13:45.844] [bbotk]  -6.898262         0.8726179        0.2833682 -0.03960454 2.675706        14
INFO  [19:13:45.844] [bbotk]  nrounds subsample      acq_ei  x_domain .already_evaluated classif.bbrier
INFO  [19:13:45.844] [bbotk]     1577 0.8861579 0.004039152 <list[8]>              FALSE     0.02371314
INFO  [19:13:45.844] [bbotk]  warnings errors runtime_learners                                uhash
INFO  [19:13:45.844] [bbotk]         0      0           89.325 bfd3735b-de0d-4819-b1f7-658714209447
WARN  [19:13:51.539] [mlr3] train: Stopped because hard maximum generation limit was hit.
INFO  [19:13:56.849] [bbotk] Evaluating 1 configuration(s)
INFO  [19:16:14.928] [bbotk] Result of batch 65:
INFO  [19:16:14.939] [bbotk]      alpha colsample_bylevel colsample_bytree       eta    lambda max_depth
INFO  [19:16:14.939] [bbotk]  -5.860534         0.8918832         0.741566 -1.175421 -1.892944         3
INFO  [19:16:14.939] [bbotk]  nrounds subsample      acq_ei  x_domain .already_evaluated classif.bbrier
INFO  [19:16:14.939] [bbotk]     2122 0.9545835 0.004157213 <list[8]>              FALSE     0.02466788
INFO  [19:16:14.939] [bbotk]  warnings errors runtime_learners                                uhash
INFO  [19:16:14.939] [bbotk]         0      0          137.799 d2eae8b5-bb07-45c7-ab0a-091e5ff62fd6
WARN  [19:16:17.304] [mlr3] train: Stopped because hard maximum generation limit was hit.
INFO  [19:16:22.291] [bbotk] Evaluating 1 configuration(s)
INFO  [19:16:50.725] [bbotk] Result of batch 66:
INFO  [19:16:50.739] [bbotk]    alpha colsample_bylevel colsample_bytree        eta    lambda max_depth
INFO  [19:16:50.739] [bbotk]  -5.1612          0.587993        0.1566294 -0.3287691 -3.843399        16
INFO  [19:16:50.739] [bbotk]  nrounds subsample      acq_ei  x_domain .already_evaluated classif.bbrier
INFO  [19:16:50.739] [bbotk]      877  0.971009 0.004202209 <list[8]>              FALSE      0.0241452
INFO  [19:16:50.739] [bbotk]  warnings errors runtime_learners                                uhash
INFO  [19:16:50.739] [bbotk]         0      0           28.142 654bea83-9a57-4f25-8b70-1e696d2ad0d6
INFO  [19:16:58.680] [bbotk] Evaluating 1 configuration(s)
INFO  [19:25:22.195] [bbotk] Result of batch 67:
INFO  [19:25:22.205] [bbotk]       alpha colsample_bylevel colsample_bytree       eta     lambda max_depth
INFO  [19:25:22.205] [bbotk]  -0.2196662         0.8511312        0.9754361 -2.357863 0.05086174         6
INFO  [19:25:22.205] [bbotk]  nrounds subsample      acq_ei  x_domain .already_evaluated classif.bbrier
INFO  [19:25:22.205] [bbotk]     4577  0.322483 0.004835569 <list[8]>              FALSE     0.02418315
INFO  [19:25:22.205] [bbotk]  warnings errors runtime_learners                                uhash
INFO  [19:25:22.205] [bbotk]         0      0          503.104 94ccefd5-d840-4622-9fda-0d8dcc2f514a
WARN  [19:25:24.162] [mlr3] train: Stopped because hard maximum generation limit was hit.
INFO  [19:25:29.910] [bbotk] Evaluating 1 configuration(s)
INFO  [19:31:50.301] [bbotk] Result of batch 68:
INFO  [19:31:50.311] [bbotk]      alpha colsample_bylevel colsample_bytree         eta    lambda max_depth
INFO  [19:31:50.311] [bbotk]  -6.292778         0.9945318        0.4369866 -0.03591264 0.2241833        17
INFO  [19:31:50.311] [bbotk]  nrounds subsample      acq_ei  x_domain .already_evaluated classif.bbrier
INFO  [19:31:50.311] [bbotk]     4056 0.9735211 0.004644992 <list[8]>              FALSE     0.02609118
INFO  [19:31:50.311] [bbotk]  warnings errors runtime_learners                                uhash
INFO  [19:31:50.311] [bbotk]         0      0          379.994 4a33cb57-3303-49ac-b141-65b908434a63
WARN  [19:31:54.375] [mlr3] train: Stopped because hard maximum generation limit was hit.
INFO  [19:32:00.374] [bbotk] Evaluating 1 configuration(s)
INFO  [19:35:20.094] [bbotk] Result of batch 69:
INFO  [19:35:20.108] [bbotk]      alpha colsample_bylevel colsample_bytree       eta   lambda max_depth
INFO  [19:35:20.108] [bbotk]  -5.840036         0.9450548        0.2415433 -2.379979 2.641659        17
INFO  [19:35:20.108] [bbotk]  nrounds subsample      acq_ei  x_domain .already_evaluated classif.bbrier
INFO  [19:35:20.108] [bbotk]     4828 0.2819566 0.004290323 <list[8]>              FALSE     0.02461503
INFO  [19:35:20.108] [bbotk]  warnings errors runtime_learners                                uhash
INFO  [19:35:20.108] [bbotk]         0      0          199.236 7a5e7729-e70a-4709-92ac-7cabfb0eabd2
WARN  [19:35:22.986] [mlr3] train: Stopped because hard maximum generation limit was hit.
INFO  [19:35:23.078] [bbotk] Finished optimizing after 100 evaluation(s)
INFO  [19:35:23.091] [bbotk] Result:
INFO  [19:35:23.106] [bbotk]      alpha colsample_bylevel colsample_bytree       eta    lambda max_depth
INFO  [19:35:23.106] [bbotk]      <num>             <num>            <num>     <num>     <num>     <int>
INFO  [19:35:23.106] [bbotk]  -4.320174         0.3491758        0.3182866 -3.614966 -1.481276        16
INFO  [19:35:23.106] [bbotk]  nrounds subsample learner_param_vals  x_domain classif.bbrier
INFO  [19:35:23.106] [bbotk]    <int>     <num>             <list>    <list>          <num>
INFO  [19:35:23.106] [bbotk]     2570 0.8192604         <list[10]> <list[8]>     0.02181561
Warning: glm.fit: fitted probabilities numerically 0 or 1 occurred
This happened PipeOp classif.xgboost's $train()
[1] -26.75806
[1] 39.65113
[1] -34.80544
[1] 27.45378
Warning: glm.fit: fitted probabilities numerically 0 or 1 occurred
This happened PipeOp classif.xgboost's $train()
[1] -29.05015
[1] 42.22879
Warning: glm.fit: fitted probabilities numerically 0 or 1 occurred
This happened PipeOp classif.xgboost's $train()
[1] -24.26404
[1] 41.76523
Warning: glm.fit: fitted probabilities numerically 0 or 1 occurred
This happened PipeOp classif.xgboost's $train()
[1] -26.56811
[1] 37.40935

### [bt]: Job terminated successfully [batchtools job.id=2825]
### [bt]: Calculation finished!
