### [bt]: This is batchtools v0.9.17
### [bt]: Starting calculation of 1 jobs
### [bt]: Setting working directory to '/content/drive/MyDrive/GitHub/Mater_Thesis_Calibration'
ece.R :
Friedmann_tasks.R :
Functions.R :
ici.R :
mse_feature_effects.R :
PipeOpCalibration_TuningExperiment.R :
PipeOpCalibration.R :
PipeOpCalibrationUnion.R :
### [bt]: Memory measurement disabled
### [bt]: Starting job [batchtools job.id=82]
### [bt]: Generating problem instance for problem '563768ad2e048da7' ...
### [bt]: Applying algorithm 'run_learner' on problem '563768ad2e048da7' for job 82 (seed = 205) ...
INFO  [21:00:47.501] [mlr3] Applying learner 'kknn TbC platt' on task 'credit-g' (iter 2/10)
INFO  [21:00:47.962] [bbotk] Starting to optimize 3 parameter(s) with '<OptimizerMbo>' and '<TerminatorEvals> [n_evals=100, k=0]'
INFO  [21:00:50.614] [bbotk] Evaluating 12 configuration(s)
INFO  [21:01:33.029] [bbotk] Result of batch 1:
INFO  [21:01:33.117] [bbotk]          k distance       kernel classif.bbrier warnings errors
INFO  [21:01:33.117] [bbotk]  3.3893911  3.06053      optimal      0.1791565        0      0
INFO  [21:01:33.117] [bbotk]  1.4234783  1.06053          inv      0.2073101        0      0
INFO  [21:01:33.117] [bbotk]  2.4064347  2.06053         rank      0.1810731        0      0
INFO  [21:01:33.117] [bbotk]  0.4405219  4.06053    triweight      0.3433333        0      0
INFO  [21:01:33.117] [bbotk]  0.9320001  2.56053  rectangular      0.2375000        0      0
INFO  [21:01:33.117] [bbotk]  2.8979129  4.56053          cos      0.1850387        0      0
INFO  [21:01:33.117] [bbotk]  3.8808693  1.56053 epanechnikov      0.1772391        0      0
INFO  [21:01:33.117] [bbotk]  1.9149565  3.56053     gaussian      0.1947511        0      0
INFO  [21:01:33.117] [bbotk]  2.1606956  3.81053     biweight      0.2220490        0      0
INFO  [21:01:33.117] [bbotk]  0.1947828  1.81053     gaussian      0.3300000        0      0
INFO  [21:01:33.117] [bbotk]  3.1436520  2.81053          cos      0.1786027        0      0
INFO  [21:01:33.117] [bbotk]  1.1777392  4.81053      optimal      0.2573846        0      0
INFO  [21:01:33.117] [bbotk]  runtime_learners                                uhash
INFO  [21:01:33.117] [bbotk]             3.721 a73fcf04-ca39-410e-8a0a-041ff9ad885e
INFO  [21:01:33.117] [bbotk]             3.592 37f1ce4f-48e1-4ac9-ad6c-16e2acd9484c
INFO  [21:01:33.117] [bbotk]             3.714 33143422-c4d3-43db-9f25-ccfbdbcd8a50
INFO  [21:01:33.117] [bbotk]             2.475 d85f3996-3fd3-42e8-84e2-0563a7414105
INFO  [21:01:33.117] [bbotk]             2.102 20525cb5-3cf7-4647-9a0a-c1b178ef91da
INFO  [21:01:33.117] [bbotk]             2.561 5f484c07-8824-40e0-bc8a-658da5efa25d
INFO  [21:01:33.117] [bbotk]             3.038 ba3b30ae-9ab1-4fc2-b846-7236804b071d
INFO  [21:01:33.117] [bbotk]             3.009 3e0d8ef1-5839-40e5-ad4b-684fdc05c86f
INFO  [21:01:33.117] [bbotk]             3.901 f8912449-1077-4382-8995-8557e57db662
INFO  [21:01:33.117] [bbotk]             4.895 751b636e-4c15-4bff-88fa-d07bed37a340
INFO  [21:01:33.117] [bbotk]             3.261 66c2da35-f9ac-42ce-b894-5e19a54a4c6c
INFO  [21:01:33.117] [bbotk]             3.715 f8d61e69-8cc1-4d65-8f59-c71804864f9d
INFO  [21:01:37.113] [bbotk] Evaluating 1 configuration(s)
INFO  [21:01:40.469] [bbotk] Result of batch 2:
INFO  [21:01:40.668] [bbotk]         k distance       kernel      acq_ei  x_domain .already_evaluated
INFO  [21:01:40.668] [bbotk]  3.806773 4.458563 epanechnikov 0.002700279 <list[3]>              FALSE
INFO  [21:01:40.668] [bbotk]  classif.bbrier warnings errors runtime_learners
INFO  [21:01:40.668] [bbotk]       0.1816795        0      0            2.776
INFO  [21:01:40.668] [bbotk]                                 uhash
INFO  [21:01:40.668] [bbotk]  cda692e8-f181-4c5e-8fad-3bfe7a38e784
INFO  [21:01:44.097] [bbotk] Evaluating 1 configuration(s)
INFO  [21:01:48.422] [bbotk] Result of batch 3:
INFO  [21:01:48.474] [bbotk]         k distance   kernel      acq_ei  x_domain .already_evaluated
INFO  [21:01:48.474] [bbotk]  2.324742 2.154778 gaussian 0.003203657 <list[3]>              FALSE
INFO  [21:01:48.474] [bbotk]  classif.bbrier warnings errors runtime_learners
INFO  [21:01:48.474] [bbotk]       0.1789527        0      0            3.967
INFO  [21:01:48.474] [bbotk]                                 uhash
INFO  [21:01:48.474] [bbotk]  8b855770-bf5d-46f8-8966-d6dae56b0bc5
INFO  [21:01:52.904] [bbotk] Evaluating 1 configuration(s)
INFO  [21:01:57.728] [bbotk] Result of batch 4:
INFO  [21:01:57.813] [bbotk]         k distance kernel      acq_ei  x_domain .already_evaluated
INFO  [21:01:57.813] [bbotk]  3.309009 1.681517    cos 0.004968869 <list[3]>              FALSE
INFO  [21:01:57.813] [bbotk]  classif.bbrier warnings errors runtime_learners
INFO  [21:01:57.813] [bbotk]       0.1777188        0      0            4.287
INFO  [21:01:57.813] [bbotk]                                 uhash
INFO  [21:01:57.813] [bbotk]  ed324a6d-4e71-45b2-8109-d5cbb42454a7
INFO  [21:02:01.312] [bbotk] Evaluating 1 configuration(s)
INFO  [21:02:06.221] [bbotk] Result of batch 5:
INFO  [21:02:06.308] [bbotk]         k distance kernel      acq_ei  x_domain .already_evaluated
INFO  [21:02:06.308] [bbotk]  3.846664 4.665815    cos 0.003815301 <list[3]>              FALSE
INFO  [21:02:06.308] [bbotk]  classif.bbrier warnings errors runtime_learners
INFO  [21:02:06.308] [bbotk]       0.1820911        0      0            4.427
INFO  [21:02:06.308] [bbotk]                                 uhash
INFO  [21:02:06.308] [bbotk]  dd7333e0-4d5d-4eed-b1fe-20161e7853e0
INFO  [21:02:09.892] [bbotk] Evaluating 1 configuration(s)
INFO  [21:02:15.322] [bbotk] Result of batch 6:
INFO  [21:02:15.409] [bbotk]        k distance kernel      acq_ei  x_domain .already_evaluated
INFO  [21:02:15.409] [bbotk]  3.92968 1.600671    cos 0.003901925 <list[3]>              FALSE
INFO  [21:02:15.409] [bbotk]  classif.bbrier warnings errors runtime_learners
INFO  [21:02:15.409] [bbotk]       0.1771946        0      0            5.042
INFO  [21:02:15.409] [bbotk]                                 uhash
INFO  [21:02:15.409] [bbotk]  62082552-2559-4312-b41a-f34458efc06f
INFO  [21:02:19.843] [bbotk] Evaluating 1 configuration(s)
INFO  [21:02:22.550] [bbotk] Result of batch 7:
INFO  [21:02:22.563] [bbotk]         k distance kernel      acq_ei  x_domain .already_evaluated
INFO  [21:02:22.563] [bbotk]  3.896101 1.948448    inv 0.003869017 <list[3]>              FALSE
INFO  [21:02:22.563] [bbotk]  classif.bbrier warnings errors runtime_learners
INFO  [21:02:22.563] [bbotk]       0.1805843        0      0            2.259
INFO  [21:02:22.563] [bbotk]                                 uhash
INFO  [21:02:22.563] [bbotk]  3429fdb1-4427-4904-9c51-3be3f09d48bc
INFO  [21:02:26.068] [bbotk] Evaluating 1 configuration(s)
INFO  [21:02:29.597] [bbotk] Result of batch 8:
INFO  [21:02:29.689] [bbotk]         k distance   kernel      acq_ei  x_domain .already_evaluated
INFO  [21:02:29.689] [bbotk]  3.928611 1.781057 gaussian 0.001857772 <list[3]>              FALSE
INFO  [21:02:29.689] [bbotk]  classif.bbrier warnings errors runtime_learners
INFO  [21:02:29.689] [bbotk]       0.1782319        0      0            3.232
INFO  [21:02:29.689] [bbotk]                                 uhash
INFO  [21:02:29.689] [bbotk]  4073cdf2-ba2d-4d82-bd10-bfc966ae582d
INFO  [21:02:34.699] [bbotk] Evaluating 1 configuration(s)
INFO  [21:02:37.232] [bbotk] Result of batch 9:
INFO  [21:02:37.308] [bbotk]          k distance   kernel      acq_ei  x_domain .already_evaluated
INFO  [21:02:37.308] [bbotk]  0.3990533 1.849581 gaussian 0.003638245 <list[3]>              FALSE
INFO  [21:02:37.308] [bbotk]  classif.bbrier warnings errors runtime_learners
INFO  [21:02:37.308] [bbotk]       0.3311111        0      0            2.133
INFO  [21:02:37.308] [bbotk]                                 uhash
INFO  [21:02:37.308] [bbotk]  c412b6f5-38e6-4c15-adb0-a0b8900f6b44
INFO  [21:02:41.093] [bbotk] Evaluating 1 configuration(s)
INFO  [21:02:45.720] [bbotk] Result of batch 10:
INFO  [21:02:45.786] [bbotk]         k distance   kernel      acq_ei  x_domain .already_evaluated
INFO  [21:02:45.786] [bbotk]  2.598217 1.775372 gaussian 0.006511173 <list[3]>              FALSE
INFO  [21:02:45.786] [bbotk]  classif.bbrier warnings errors runtime_learners
INFO  [21:02:45.786] [bbotk]       0.1788463        0      0            4.205
INFO  [21:02:45.786] [bbotk]                                 uhash
INFO  [21:02:45.786] [bbotk]  d9579e11-6b15-4796-a461-bed8a546df08
INFO  [21:02:49.762] [bbotk] Evaluating 1 configuration(s)
INFO  [21:02:53.708] [bbotk] Result of batch 11:
INFO  [21:02:53.799] [bbotk]         k distance kernel     acq_ei  x_domain .already_evaluated
INFO  [21:02:53.799] [bbotk]  3.253965 1.926463    inv 0.00453895 <list[3]>              FALSE
INFO  [21:02:53.799] [bbotk]  classif.bbrier warnings errors runtime_learners
INFO  [21:02:53.799] [bbotk]       0.1794189        0      0            3.299
INFO  [21:02:53.799] [bbotk]                                 uhash
INFO  [21:02:53.799] [bbotk]  29707d4c-3582-406e-a909-59e2671fc418
INFO  [21:02:57.006] [bbotk] Evaluating 1 configuration(s)
INFO  [21:03:01.582] [bbotk] Result of batch 12:
INFO  [21:03:01.681] [bbotk]         k distance kernel      acq_ei  x_domain .already_evaluated
INFO  [21:03:01.681] [bbotk]  2.755723 1.893852    inv 0.004468434 <list[3]>              FALSE
INFO  [21:03:01.681] [bbotk]  classif.bbrier warnings errors runtime_learners
INFO  [21:03:01.681] [bbotk]       0.1782526        0      0            4.063
INFO  [21:03:01.681] [bbotk]                                 uhash
INFO  [21:03:01.681] [bbotk]  ab853a69-bd54-418c-85da-17587cc803b5
INFO  [21:03:06.490] [bbotk] Evaluating 1 configuration(s)
INFO  [21:03:11.258] [bbotk] Result of batch 13:
INFO  [21:03:11.302] [bbotk]         k distance    kernel      acq_ei  x_domain .already_evaluated
INFO  [21:03:11.302] [bbotk]  2.262361 1.822758 triweight 0.003556689 <list[3]>              FALSE
INFO  [21:03:11.302] [bbotk]  classif.bbrier warnings errors runtime_learners
INFO  [21:03:11.302] [bbotk]       0.2364807        0      0            4.145
INFO  [21:03:11.302] [bbotk]                                 uhash
INFO  [21:03:11.302] [bbotk]  cdc71bc1-9459-4fcd-8a68-3ecf3610282f
INFO  [21:03:15.915] [bbotk] Evaluating 1 configuration(s)
INFO  [21:03:19.683] [bbotk] Result of batch 14:
INFO  [21:03:19.753] [bbotk]         k distance   kernel      acq_ei  x_domain .already_evaluated
INFO  [21:03:19.753] [bbotk]  3.067851 1.769242 gaussian 0.002496008 <list[3]>              FALSE
INFO  [21:03:19.753] [bbotk]  classif.bbrier warnings errors runtime_learners
INFO  [21:03:19.753] [bbotk]       0.1769561        0      0            3.408
INFO  [21:03:19.753] [bbotk]                                 uhash
INFO  [21:03:19.753] [bbotk]  bf004114-ebf4-4a56-ba42-7224824a3458
INFO  [21:03:28.134] [bbotk] Evaluating 1 configuration(s)
INFO  [21:03:34.175] [bbotk] Result of batch 15:
INFO  [21:03:34.194] [bbotk]         k distance       kernel      acq_ei  x_domain .already_evaluated
INFO  [21:03:34.194] [bbotk]  2.458184 2.121087 epanechnikov 0.002926064 <list[3]>              FALSE
INFO  [21:03:34.194] [bbotk]  classif.bbrier warnings errors runtime_learners
INFO  [21:03:34.194] [bbotk]        0.187597        0      0            5.571
INFO  [21:03:34.194] [bbotk]                                 uhash
INFO  [21:03:34.194] [bbotk]  d39c8322-ecee-4cb0-9078-cc2711630086
INFO  [21:03:38.464] [bbotk] Evaluating 1 configuration(s)
INFO  [21:03:44.951] [bbotk] Result of batch 16:
INFO  [21:03:45.022] [bbotk]         k distance      kernel      acq_ei  x_domain .already_evaluated
INFO  [21:03:45.022] [bbotk]  2.336726 2.187683 rectangular 0.004178415 <list[3]>              FALSE
INFO  [21:03:45.022] [bbotk]  classif.bbrier warnings errors runtime_learners
INFO  [21:03:45.022] [bbotk]       0.1792667        0      0             5.78
INFO  [21:03:45.022] [bbotk]                                 uhash
INFO  [21:03:45.022] [bbotk]  b0b9514a-dc8b-4ec5-9d46-0da4fed0437f
INFO  [21:03:48.844] [bbotk] Evaluating 1 configuration(s)
INFO  [21:03:52.974] [bbotk] Result of batch 17:
INFO  [21:03:52.992] [bbotk]         k distance  kernel      acq_ei  x_domain .already_evaluated
INFO  [21:03:52.992] [bbotk]  3.589875 1.861614 optimal 0.003117984 <list[3]>              FALSE
INFO  [21:03:52.992] [bbotk]  classif.bbrier warnings errors runtime_learners
INFO  [21:03:52.992] [bbotk]        0.177576        0      0            3.665
INFO  [21:03:52.992] [bbotk]                                 uhash
INFO  [21:03:52.992] [bbotk]  f381be16-f44f-47b3-89c0-a7ea72cdc6a0
INFO  [21:03:58.431] [bbotk] Evaluating 1 configuration(s)
INFO  [21:04:02.542] [bbotk] Result of batch 18:
INFO  [21:04:02.655] [bbotk]        k distance kernel      acq_ei  x_domain .already_evaluated
INFO  [21:04:02.655] [bbotk]  3.13987 1.856125   rank 0.005314735 <list[3]>              FALSE
INFO  [21:04:02.655] [bbotk]  classif.bbrier warnings errors runtime_learners
INFO  [21:04:02.655] [bbotk]       0.1775069        0      0            3.543
INFO  [21:04:02.655] [bbotk]                                 uhash
INFO  [21:04:02.655] [bbotk]  c78c4569-1332-49c1-930c-9fb565711c9f
INFO  [21:04:06.455] [bbotk] Evaluating 1 configuration(s)
INFO  [21:04:10.257] [bbotk] Result of batch 19:
INFO  [21:04:10.327] [bbotk]         k distance      kernel      acq_ei  x_domain .already_evaluated
INFO  [21:04:10.327] [bbotk]  3.479454 4.162167 rectangular 0.003385692 <list[3]>              FALSE
INFO  [21:04:10.327] [bbotk]  classif.bbrier warnings errors runtime_learners
INFO  [21:04:10.327] [bbotk]       0.1845323        0      0            3.496
INFO  [21:04:10.327] [bbotk]                                 uhash
INFO  [21:04:10.327] [bbotk]  c03a638d-fc72-4c8b-b8f7-447d95db23ea
INFO  [21:04:14.427] [bbotk] Evaluating 1 configuration(s)
INFO  [21:04:17.219] [bbotk] Result of batch 20:
INFO  [21:04:17.288] [bbotk]          k distance kernel      acq_ei  x_domain .already_evaluated
INFO  [21:04:17.288] [bbotk]  0.7418679 2.208423    cos 0.002683805 <list[3]>              FALSE
INFO  [21:04:17.288] [bbotk]  classif.bbrier warnings errors runtime_learners
INFO  [21:04:17.288] [bbotk]       0.2746292        0      0            2.358
INFO  [21:04:17.288] [bbotk]                                 uhash
INFO  [21:04:17.288] [bbotk]  4b722769-fc1d-47ac-a401-2db3e23fffd9
INFO  [21:04:22.522] [bbotk] Evaluating 1 configuration(s)
INFO  [21:04:27.195] [bbotk] Result of batch 21:
INFO  [21:04:27.285] [bbotk]        k distance  kernel      acq_ei  x_domain .already_evaluated
INFO  [21:04:27.285] [bbotk]  2.33857 1.853254 optimal 0.003610106 <list[3]>              FALSE
INFO  [21:04:27.285] [bbotk]  classif.bbrier warnings errors runtime_learners
INFO  [21:04:27.285] [bbotk]       0.1914744        0      0            4.121
INFO  [21:04:27.285] [bbotk]                                 uhash
INFO  [21:04:27.285] [bbotk]  d609e7ff-bac4-44b7-9c7b-e25235f714a9
INFO  [21:04:32.491] [bbotk] Evaluating 1 configuration(s)
INFO  [21:04:35.473] [bbotk] Result of batch 22:
INFO  [21:04:35.610] [bbotk]         k distance   kernel      acq_ei  x_domain .already_evaluated
INFO  [21:04:35.610] [bbotk]  2.637901 1.852699 gaussian 0.003410675 <list[3]>              FALSE
INFO  [21:04:35.610] [bbotk]  classif.bbrier warnings errors runtime_learners
INFO  [21:04:35.610] [bbotk]       0.1788579        0      0            2.578
INFO  [21:04:35.610] [bbotk]                                 uhash
INFO  [21:04:35.610] [bbotk]  ca91a900-7471-41be-94a3-0077c60aa0ee
INFO  [21:04:38.978] [bbotk] Evaluating 1 configuration(s)
INFO  [21:04:43.265] [bbotk] Result of batch 23:
INFO  [21:04:43.319] [bbotk]        k distance       kernel      acq_ei  x_domain .already_evaluated
INFO  [21:04:43.319] [bbotk]  3.64336 4.006748 epanechnikov 0.002996356 <list[3]>              FALSE
INFO  [21:04:43.319] [bbotk]  classif.bbrier warnings errors runtime_learners
INFO  [21:04:43.319] [bbotk]       0.1802151        0      0            3.751
INFO  [21:04:43.319] [bbotk]                                 uhash
INFO  [21:04:43.319] [bbotk]  3c6eda59-665d-4425-9ccf-8e3bd0c2efc7
INFO  [21:04:46.874] [bbotk] Evaluating 1 configuration(s)
INFO  [21:04:50.218] [bbotk] Result of batch 24:
INFO  [21:04:50.352] [bbotk]         k distance      kernel      acq_ei  x_domain .already_evaluated
INFO  [21:04:50.352] [bbotk]  3.226095 4.268067 rectangular 0.003044842 <list[3]>              FALSE
INFO  [21:04:50.352] [bbotk]  classif.bbrier warnings errors runtime_learners
INFO  [21:04:50.352] [bbotk]       0.1853938        0      0            2.929
INFO  [21:04:50.352] [bbotk]                                 uhash
INFO  [21:04:50.352] [bbotk]  f59cf631-178a-4711-b5c3-4fb1ee3fbaab
INFO  [21:04:54.576] [bbotk] Evaluating 1 configuration(s)
INFO  [21:04:57.827] [bbotk] Result of batch 25:
INFO  [21:04:57.879] [bbotk]         k distance       kernel      acq_ei  x_domain .already_evaluated
INFO  [21:04:57.879] [bbotk]  3.034578 1.839189 epanechnikov 0.004500841 <list[3]>              FALSE
INFO  [21:04:57.879] [bbotk]  classif.bbrier warnings errors runtime_learners
INFO  [21:04:57.879] [bbotk]       0.1790235        0      0            3.023
INFO  [21:04:57.879] [bbotk]                                 uhash
INFO  [21:04:57.879] [bbotk]  f7d1bf1b-20d9-4deb-9206-5faf57dba6ba
INFO  [21:05:00.850] [bbotk] Evaluating 1 configuration(s)
INFO  [21:05:04.505] [bbotk] Result of batch 26:
INFO  [21:05:04.557] [bbotk]        k distance    kernel      acq_ei  x_domain .already_evaluated
INFO  [21:05:04.557] [bbotk]  2.29882 2.340321 triweight 0.001698534 <list[3]>              FALSE
INFO  [21:05:04.557] [bbotk]  classif.bbrier warnings errors runtime_learners
INFO  [21:05:04.557] [bbotk]       0.2378282        0      0             3.05
INFO  [21:05:04.557] [bbotk]                                 uhash
INFO  [21:05:04.557] [bbotk]  e855d512-d5e0-4542-94f6-e92ad0773ae4
INFO  [21:05:08.788] [bbotk] Evaluating 1 configuration(s)
INFO  [21:05:13.814] [bbotk] Result of batch 27:
INFO  [21:05:13.908] [bbotk]         k distance      kernel      acq_ei  x_domain .already_evaluated
INFO  [21:05:13.908] [bbotk]  3.741608 1.845565 rectangular 0.003287572 <list[3]>              FALSE
INFO  [21:05:13.908] [bbotk]  classif.bbrier warnings errors runtime_learners
INFO  [21:05:13.908] [bbotk]       0.1816131        0      0            4.563
INFO  [21:05:13.908] [bbotk]                                 uhash
INFO  [21:05:13.908] [bbotk]  4b5b91ce-c8bf-41b4-8d29-68c90c251fe3
INFO  [21:05:17.388] [bbotk] Evaluating 1 configuration(s)
INFO  [21:05:21.086] [bbotk] Result of batch 28:
INFO  [21:05:21.214] [bbotk]         k distance   kernel      acq_ei  x_domain .already_evaluated
INFO  [21:05:21.214] [bbotk]  3.118921 1.341749 gaussian 0.004940248 <list[3]>              FALSE
INFO  [21:05:21.214] [bbotk]  classif.bbrier warnings errors runtime_learners
INFO  [21:05:21.214] [bbotk]       0.1775314        0      0            3.296
INFO  [21:05:21.214] [bbotk]                                 uhash
INFO  [21:05:21.214] [bbotk]  70b09165-abfb-440f-817b-5fde38f5e0c2
INFO  [21:05:24.913] [bbotk] Evaluating 1 configuration(s)
INFO  [21:05:28.592] [bbotk] Result of batch 29:
INFO  [21:05:28.685] [bbotk]         k distance  kernel      acq_ei  x_domain .already_evaluated
INFO  [21:05:28.685] [bbotk]  2.715223 4.730867 optimal 0.002328541 <list[3]>              FALSE
INFO  [21:05:28.685] [bbotk]  classif.bbrier warnings errors runtime_learners
INFO  [21:05:28.685] [bbotk]       0.1899696        0      0            3.343
INFO  [21:05:28.685] [bbotk]                                 uhash
INFO  [21:05:28.685] [bbotk]  43732d5c-df62-46b9-a991-78581e6d3199
INFO  [21:05:33.297] [bbotk] Evaluating 1 configuration(s)
INFO  [21:05:40.350] [bbotk] Result of batch 30:
INFO  [21:05:40.413] [bbotk]         k distance   kernel      acq_ei  x_domain .already_evaluated
INFO  [21:05:40.413] [bbotk]  2.415612 1.797577 gaussian 0.004322429 <list[3]>              FALSE
INFO  [21:05:40.413] [bbotk]  classif.bbrier warnings errors runtime_learners
INFO  [21:05:40.413] [bbotk]       0.1796871        0      0            6.321
INFO  [21:05:40.413] [bbotk]                                 uhash
INFO  [21:05:40.413] [bbotk]  2c5793ff-82d1-46d4-ad87-ca0aed973f82
INFO  [21:05:56.613] [bbotk] Evaluating 1 configuration(s)
INFO  [21:06:00.397] [bbotk] Result of batch 31:
INFO  [21:06:00.560] [bbotk]        k distance  kernel     acq_ei  x_domain .already_evaluated
INFO  [21:06:00.560] [bbotk]  3.35555 1.833106 optimal 0.00341948 <list[3]>              FALSE
INFO  [21:06:00.560] [bbotk]  classif.bbrier warnings errors runtime_learners
INFO  [21:06:00.560] [bbotk]       0.1782682        0      0            3.172
INFO  [21:06:00.560] [bbotk]                                 uhash
INFO  [21:06:00.560] [bbotk]  2e4488f4-ee1d-46d4-bfd8-173a1ffa6dd6
INFO  [21:06:04.551] [bbotk] Evaluating 1 configuration(s)
INFO  [21:06:08.749] [bbotk] Result of batch 32:
INFO  [21:06:08.834] [bbotk]         k distance   kernel      acq_ei  x_domain .already_evaluated
INFO  [21:06:08.834] [bbotk]  2.291779 1.802068 biweight 0.003107243 <list[3]>              FALSE
INFO  [21:06:08.834] [bbotk]  classif.bbrier warnings errors runtime_learners
INFO  [21:06:08.834] [bbotk]       0.2148028        0      0            3.699
INFO  [21:06:08.834] [bbotk]                                 uhash
INFO  [21:06:08.834] [bbotk]  69ae0e66-c55c-43a4-9f22-865dc5e429ba
INFO  [21:06:12.651] [bbotk] Evaluating 1 configuration(s)
INFO  [21:06:17.950] [bbotk] Result of batch 33:
INFO  [21:06:18.004] [bbotk]         k distance kernel      acq_ei  x_domain .already_evaluated
INFO  [21:06:18.004] [bbotk]  3.643364 1.799344    cos 0.003662945 <list[3]>              FALSE
INFO  [21:06:18.004] [bbotk]  classif.bbrier warnings errors runtime_learners
INFO  [21:06:18.004] [bbotk]       0.1771095        0      0            4.852
INFO  [21:06:18.004] [bbotk]                                 uhash
INFO  [21:06:18.004] [bbotk]  7a56fb66-ba91-4770-8a94-aa8dd02e3ba4
INFO  [21:06:22.354] [bbotk] Evaluating 1 configuration(s)
INFO  [21:06:26.564] [bbotk] Result of batch 34:
INFO  [21:06:26.610] [bbotk]         k distance kernel      acq_ei  x_domain .already_evaluated
INFO  [21:06:26.610] [bbotk]  1.312566 1.626515    cos 0.003357702 <list[3]>              FALSE
INFO  [21:06:26.610] [bbotk]  classif.bbrier warnings errors runtime_learners
INFO  [21:06:26.610] [bbotk]       0.2450135        0      0            3.705
INFO  [21:06:26.610] [bbotk]                                 uhash
INFO  [21:06:26.610] [bbotk]  53ab98a3-4156-4e40-9d5a-a2af1f171edb
INFO  [21:06:30.716] [bbotk] Evaluating 1 configuration(s)
INFO  [21:06:34.366] [bbotk] Result of batch 35:
INFO  [21:06:34.414] [bbotk]         k distance   kernel      acq_ei  x_domain .already_evaluated
INFO  [21:06:34.414] [bbotk]  2.638781 1.662141 gaussian 0.002496596 <list[3]>              FALSE
INFO  [21:06:34.414] [bbotk]  classif.bbrier warnings errors runtime_learners
INFO  [21:06:34.414] [bbotk]       0.1791325        0      0            3.049
INFO  [21:06:34.414] [bbotk]                                 uhash
INFO  [21:06:34.414] [bbotk]  6f1a12ec-3bef-4541-bdad-ddf11f5c70e6
INFO  [21:06:38.268] [bbotk] Evaluating 1 configuration(s)
INFO  [21:06:42.554] [bbotk] Result of batch 36:
INFO  [21:06:42.647] [bbotk]         k distance    kernel      acq_ei  x_domain .already_evaluated
INFO  [21:06:42.647] [bbotk]  3.655462 1.796546 triweight 0.002842496 <list[3]>              FALSE
INFO  [21:06:42.647] [bbotk]  classif.bbrier warnings errors runtime_learners
INFO  [21:06:42.647] [bbotk]       0.1911798        0      0            3.611
INFO  [21:06:42.647] [bbotk]                                 uhash
INFO  [21:06:42.647] [bbotk]  386e5e97-4479-4dcf-ba4f-83c502dc5a3e
INFO  [21:06:46.381] [bbotk] Evaluating 1 configuration(s)
INFO  [21:06:53.548] [bbotk] Result of batch 37:
INFO  [21:06:53.665] [bbotk]         k distance   kernel      acq_ei  x_domain .already_evaluated
INFO  [21:06:53.665] [bbotk]  2.638717  1.81447 gaussian 0.004159128 <list[3]>              FALSE
INFO  [21:06:53.665] [bbotk]  classif.bbrier warnings errors runtime_learners
INFO  [21:06:53.665] [bbotk]       0.1786505        0      0            5.851
INFO  [21:06:53.665] [bbotk]                                 uhash
INFO  [21:06:53.665] [bbotk]  33e331bd-900f-452b-bdd5-a2d56a36f927
INFO  [21:06:58.643] [bbotk] Evaluating 1 configuration(s)
INFO  [21:07:03.854] [bbotk] Result of batch 38:
INFO  [21:07:03.914] [bbotk]         k distance    kernel      acq_ei  x_domain .already_evaluated
INFO  [21:07:03.914] [bbotk]  3.013674 3.718809 triweight 0.002842082 <list[3]>              FALSE
INFO  [21:07:03.914] [bbotk]  classif.bbrier warnings errors runtime_learners
INFO  [21:07:03.914] [bbotk]       0.2103347        0      0            4.887
INFO  [21:07:03.914] [bbotk]                                 uhash
INFO  [21:07:03.914] [bbotk]  9ae64dbc-f45c-4b00-b9df-e45316037ca3
INFO  [21:07:09.726] [bbotk] Evaluating 1 configuration(s)
INFO  [21:07:17.111] [bbotk] Result of batch 39:
INFO  [21:07:17.184] [bbotk]         k distance  kernel      acq_ei  x_domain .already_evaluated
INFO  [21:07:17.184] [bbotk]  2.877751 1.845923 optimal 0.002976289 <list[3]>              FALSE
INFO  [21:07:17.184] [bbotk]  classif.bbrier warnings errors runtime_learners
INFO  [21:07:17.184] [bbotk]        0.181461        0      0            6.293
INFO  [21:07:17.184] [bbotk]                                 uhash
INFO  [21:07:17.184] [bbotk]  3aef328a-1fef-49fa-b59c-e853d99f4544
INFO  [21:07:21.655] [bbotk] Evaluating 1 configuration(s)
INFO  [21:07:27.353] [bbotk] Result of batch 40:
INFO  [21:07:27.389] [bbotk]         k distance kernel      acq_ei  x_domain .already_evaluated
INFO  [21:07:27.389] [bbotk]  3.264558 1.622014    cos 0.002480136 <list[3]>              FALSE
INFO  [21:07:27.389] [bbotk]  classif.bbrier warnings errors runtime_learners
INFO  [21:07:27.389] [bbotk]       0.1778355        0      0            4.988
INFO  [21:07:27.389] [bbotk]                                 uhash
INFO  [21:07:27.389] [bbotk]  6bee5935-0279-4500-8ce2-1da73f01eade
INFO  [21:07:36.709] [bbotk] Evaluating 1 configuration(s)
INFO  [21:07:41.635] [bbotk] Result of batch 41:
INFO  [21:07:41.667] [bbotk]         k distance kernel      acq_ei  x_domain .already_evaluated
INFO  [21:07:41.667] [bbotk]  3.339781 2.609715   rank 0.002995048 <list[3]>              FALSE
INFO  [21:07:41.667] [bbotk]  classif.bbrier warnings errors runtime_learners
INFO  [21:07:41.667] [bbotk]       0.1780851        0      0            4.025
INFO  [21:07:41.667] [bbotk]                                 uhash
INFO  [21:07:41.667] [bbotk]  a7552a3a-11e6-4dd7-a023-5d8e4e48e6fe
INFO  [21:07:45.119] [bbotk] Evaluating 1 configuration(s)
INFO  [21:07:49.758] [bbotk] Result of batch 42:
INFO  [21:07:49.838] [bbotk]         k distance       kernel      acq_ei  x_domain .already_evaluated
INFO  [21:07:49.838] [bbotk]  2.945392  1.84914 epanechnikov 0.003481631 <list[3]>              FALSE
INFO  [21:07:49.838] [bbotk]  classif.bbrier warnings errors runtime_learners
INFO  [21:07:49.838] [bbotk]       0.1795399        0      0            4.154
INFO  [21:07:49.838] [bbotk]                                 uhash
INFO  [21:07:49.838] [bbotk]  7639e8e2-fc87-4859-83c5-47fba3a29aa6
INFO  [21:07:54.307] [bbotk] Evaluating 1 configuration(s)
INFO  [21:08:01.303] [bbotk] Result of batch 43:
INFO  [21:08:01.415] [bbotk]         k distance kernel      acq_ei  x_domain .already_evaluated
INFO  [21:08:01.415] [bbotk]  2.974991 1.848711   rank 0.005614934 <list[3]>              FALSE
INFO  [21:08:01.415] [bbotk]  classif.bbrier warnings errors runtime_learners
INFO  [21:08:01.415] [bbotk]       0.1777753        0      0            6.649
INFO  [21:08:01.415] [bbotk]                                 uhash
INFO  [21:08:01.415] [bbotk]  1486b900-b98a-4f61-b73d-d3e104876af8
INFO  [21:08:05.764] [bbotk] Evaluating 1 configuration(s)
INFO  [21:08:12.472] [bbotk] Result of batch 44:
INFO  [21:08:12.590] [bbotk]         k distance       kernel      acq_ei  x_domain .already_evaluated
INFO  [21:08:12.590] [bbotk]  2.807636  1.85009 epanechnikov 0.003333762 <list[3]>              FALSE
INFO  [21:08:12.590] [bbotk]  classif.bbrier warnings errors runtime_learners
INFO  [21:08:12.590] [bbotk]       0.1813639        0      0            6.162
INFO  [21:08:12.590] [bbotk]                                 uhash
INFO  [21:08:12.590] [bbotk]  a0fdb998-d20f-462e-8113-381218b5229a
INFO  [21:08:17.964] [bbotk] Evaluating 1 configuration(s)
INFO  [21:08:25.263] [bbotk] Result of batch 45:
INFO  [21:08:25.298] [bbotk]         k distance kernel      acq_ei  x_domain .already_evaluated
INFO  [21:08:25.298] [bbotk]  2.964818  1.85086    cos 0.003546126 <list[3]>              FALSE
INFO  [21:08:25.298] [bbotk]  classif.bbrier warnings errors runtime_learners
INFO  [21:08:25.298] [bbotk]       0.1799286        0      0            6.754
INFO  [21:08:25.298] [bbotk]                                 uhash
INFO  [21:08:25.298] [bbotk]  20ca972a-52b9-403f-a656-7fca484401a1
INFO  [21:08:30.395] [bbotk] Evaluating 1 configuration(s)
INFO  [21:08:35.835] [bbotk] Result of batch 46:
INFO  [21:08:35.901] [bbotk]         k distance      kernel      acq_ei  x_domain .already_evaluated
INFO  [21:08:35.901] [bbotk]  2.679848  1.82659 rectangular 0.002029768 <list[3]>              FALSE
INFO  [21:08:35.901] [bbotk]  classif.bbrier warnings errors runtime_learners
INFO  [21:08:35.901] [bbotk]       0.1805272        0      0            4.311
INFO  [21:08:35.901] [bbotk]                                 uhash
INFO  [21:08:35.901] [bbotk]  f6d6dc1e-ea3f-474a-9659-d3202df6d4f8
INFO  [21:08:44.404] [bbotk] Evaluating 1 configuration(s)
INFO  [21:08:48.754] [bbotk] Result of batch 47:
INFO  [21:08:48.769] [bbotk]         k distance   kernel      acq_ei  x_domain .already_evaluated
INFO  [21:08:48.769] [bbotk]  1.472076 2.765965 gaussian 0.003312925 <list[3]>              FALSE
INFO  [21:08:48.769] [bbotk]  classif.bbrier warnings errors runtime_learners
INFO  [21:08:48.769] [bbotk]       0.1981737        0      0            3.626
INFO  [21:08:48.769] [bbotk]                                 uhash
INFO  [21:08:48.769] [bbotk]  fa95b940-cfb1-43c5-921b-1cb84369bfc3
INFO  [21:08:56.031] [bbotk] Evaluating 1 configuration(s)
INFO  [21:08:59.128] [bbotk] Result of batch 48:
INFO  [21:08:59.183] [bbotk]         k distance   kernel      acq_ei  x_domain .already_evaluated
INFO  [21:08:59.183] [bbotk]  3.148824 1.821166 gaussian 0.002395781 <list[3]>              FALSE
INFO  [21:08:59.183] [bbotk]  classif.bbrier warnings errors runtime_learners
INFO  [21:08:59.183] [bbotk]       0.1776054        0      0             2.73
INFO  [21:08:59.183] [bbotk]                                 uhash
INFO  [21:08:59.183] [bbotk]  32b78c07-a175-4dbe-b9ac-17fcec19d230
INFO  [21:09:06.088] [bbotk] Evaluating 1 configuration(s)
INFO  [21:09:12.953] [bbotk] Result of batch 49:
INFO  [21:09:13.007] [bbotk]         k distance   kernel      acq_ei  x_domain .already_evaluated
INFO  [21:09:13.007] [bbotk]  3.062499 1.809034 gaussian 0.002482704 <list[3]>              FALSE
INFO  [21:09:13.007] [bbotk]  classif.bbrier warnings errors runtime_learners
INFO  [21:09:13.007] [bbotk]       0.1771811        0      0            6.109
INFO  [21:09:13.007] [bbotk]                                 uhash
INFO  [21:09:13.007] [bbotk]  27aeaf6c-fa7d-4fc4-a595-4f5f13c7c77d
INFO  [21:09:18.042] [bbotk] Evaluating 1 configuration(s)
INFO  [21:09:26.114] [bbotk] Result of batch 50:
INFO  [21:09:26.187] [bbotk]         k distance  kernel      acq_ei  x_domain .already_evaluated
INFO  [21:09:26.187] [bbotk]  1.386405 4.005138 optimal 0.003767756 <list[3]>              FALSE
INFO  [21:09:26.187] [bbotk]  classif.bbrier warnings errors runtime_learners
INFO  [21:09:26.187] [bbotk]       0.2335349        0      0             6.96
INFO  [21:09:26.187] [bbotk]                                 uhash
INFO  [21:09:26.187] [bbotk]  c839fe0d-7cac-4985-a222-1cfe8659aad6
INFO  [21:09:30.125] [bbotk] Evaluating 1 configuration(s)
INFO  [21:09:35.230] [bbotk] Result of batch 51:
INFO  [21:09:35.275] [bbotk]         k distance   kernel      acq_ei  x_domain .already_evaluated
INFO  [21:09:35.275] [bbotk]  3.312606 1.811648 gaussian 0.004992481 <list[3]>              FALSE
INFO  [21:09:35.275] [bbotk]  classif.bbrier warnings errors runtime_learners
INFO  [21:09:35.275] [bbotk]       0.1778062        0      0            4.638
INFO  [21:09:35.275] [bbotk]                                 uhash
INFO  [21:09:35.275] [bbotk]  c8c8fe2e-7b63-45b8-b3f1-cb796b195221
INFO  [21:09:39.672] [bbotk] Evaluating 1 configuration(s)
INFO  [21:09:43.684] [bbotk] Result of batch 52:
INFO  [21:09:43.745] [bbotk]         k distance kernel      acq_ei  x_domain .already_evaluated
INFO  [21:09:43.745] [bbotk]  3.079459 2.201801    inv 0.002767356 <list[3]>              FALSE
INFO  [21:09:43.745] [bbotk]  classif.bbrier warnings errors runtime_learners
INFO  [21:09:43.745] [bbotk]        0.177908        0      0            3.424
INFO  [21:09:43.745] [bbotk]                                 uhash
INFO  [21:09:43.745] [bbotk]  62eca961-a787-46de-b913-f1ebdb36950f
INFO  [21:09:49.305] [bbotk] Evaluating 1 configuration(s)
INFO  [21:09:53.408] [bbotk] Result of batch 53:
INFO  [21:09:53.512] [bbotk]         k distance  kernel      acq_ei  x_domain .already_evaluated
INFO  [21:09:53.512] [bbotk]  2.314849 1.979602 optimal 0.002549817 <list[3]>              FALSE
INFO  [21:09:53.512] [bbotk]  classif.bbrier warnings errors runtime_learners
INFO  [21:09:53.512] [bbotk]       0.1913827        0      0            3.884
INFO  [21:09:53.512] [bbotk]                                 uhash
INFO  [21:09:53.512] [bbotk]  a283ca3e-3de9-4385-8e71-259478894a17
INFO  [21:09:59.162] [bbotk] Evaluating 1 configuration(s)
INFO  [21:10:03.656] [bbotk] Result of batch 54:
INFO  [21:10:03.776] [bbotk]         k distance   kernel     acq_ei  x_domain .already_evaluated
INFO  [21:10:03.776] [bbotk]  3.357747 1.848576 gaussian 0.00479266 <list[3]>              FALSE
INFO  [21:10:03.776] [bbotk]  classif.bbrier warnings errors runtime_learners
INFO  [21:10:03.776] [bbotk]       0.1776795        0      0            3.959
INFO  [21:10:03.776] [bbotk]                                 uhash
INFO  [21:10:03.776] [bbotk]  70598439-d164-4e84-b8f4-cf151b33afba
INFO  [21:10:09.427] [bbotk] Evaluating 1 configuration(s)
INFO  [21:10:14.132] [bbotk] Result of batch 55:
INFO  [21:10:14.302] [bbotk]         k distance kernel      acq_ei  x_domain .already_evaluated
INFO  [21:10:14.302] [bbotk]  2.893881 2.196253    inv 0.002055019 <list[3]>              FALSE
INFO  [21:10:14.302] [bbotk]  classif.bbrier warnings errors runtime_learners
INFO  [21:10:14.302] [bbotk]       0.1778414        0      0            4.082
INFO  [21:10:14.302] [bbotk]                                 uhash
INFO  [21:10:14.302] [bbotk]  0ed42161-6be8-4524-a0c7-2cca00efcc7d
INFO  [21:10:18.782] [bbotk] Evaluating 1 configuration(s)
INFO  [21:10:23.069] [bbotk] Result of batch 56:
INFO  [21:10:23.144] [bbotk]         k distance       kernel      acq_ei  x_domain .already_evaluated
INFO  [21:10:23.144] [bbotk]  3.389257 4.768926 epanechnikov 0.002922209 <list[3]>              FALSE
INFO  [21:10:23.144] [bbotk]  classif.bbrier warnings errors runtime_learners
INFO  [21:10:23.144] [bbotk]        0.182849        0      0            3.744
INFO  [21:10:23.144] [bbotk]                                 uhash
INFO  [21:10:23.144] [bbotk]  39554758-07ce-4a90-a965-0a2ce3fd1a7f
INFO  [21:10:27.669] [bbotk] Evaluating 1 configuration(s)
INFO  [21:10:31.310] [bbotk] Result of batch 57:
INFO  [21:10:31.418] [bbotk]         k distance kernel      acq_ei  x_domain .already_evaluated
INFO  [21:10:31.418] [bbotk]  2.984816 3.171787    cos 0.002461558 <list[3]>              FALSE
INFO  [21:10:31.418] [bbotk]  classif.bbrier warnings errors runtime_learners
INFO  [21:10:31.418] [bbotk]       0.1803269        0      0             3.07
INFO  [21:10:31.418] [bbotk]                                 uhash
INFO  [21:10:31.418] [bbotk]  9411963a-22da-4bcd-a001-0e09fa433d1b
INFO  [21:10:36.058] [bbotk] Evaluating 1 configuration(s)
INFO  [21:10:44.013] [bbotk] Result of batch 58:
INFO  [21:10:44.050] [bbotk]         k distance kernel     acq_ei  x_domain .already_evaluated
INFO  [21:10:44.050] [bbotk]  3.193239 2.592304    inv 0.00317354 <list[3]>              FALSE
INFO  [21:10:44.050] [bbotk]  classif.bbrier warnings errors runtime_learners
INFO  [21:10:44.050] [bbotk]       0.1790025        0      0            7.148
INFO  [21:10:44.050] [bbotk]                                 uhash
INFO  [21:10:44.050] [bbotk]  c42d1c73-8f52-4928-b15b-a32565fa1718
INFO  [21:10:48.573] [bbotk] Evaluating 1 configuration(s)
INFO  [21:10:54.868] [bbotk] Result of batch 59:
INFO  [21:10:54.996] [bbotk]         k distance kernel      acq_ei  x_domain .already_evaluated
INFO  [21:10:54.996] [bbotk]  3.330242 2.202663    cos 0.002308028 <list[3]>              FALSE
INFO  [21:10:54.996] [bbotk]  classif.bbrier warnings errors runtime_learners
INFO  [21:10:54.996] [bbotk]       0.1775366        0      0            5.446
INFO  [21:10:54.996] [bbotk]                                 uhash
INFO  [21:10:54.996] [bbotk]  2e1093e2-bf8b-4067-a58e-69c96d1588f8
INFO  [21:11:01.070] [bbotk] Evaluating 1 configuration(s)
INFO  [21:11:07.504] [bbotk] Result of batch 60:
INFO  [21:11:07.674] [bbotk]         k distance   kernel      acq_ei  x_domain .already_evaluated
INFO  [21:11:07.674] [bbotk]  2.153089 1.810648 gaussian 0.002784905 <list[3]>              FALSE
INFO  [21:11:07.674] [bbotk]  classif.bbrier warnings errors runtime_learners
INFO  [21:11:07.674] [bbotk]       0.1831041        0      0            5.012
INFO  [21:11:07.674] [bbotk]                                 uhash
INFO  [21:11:07.674] [bbotk]  38dc409a-8a47-48fb-a5ef-6070b67587d8
INFO  [21:11:12.975] [bbotk] Evaluating 1 configuration(s)
INFO  [21:11:19.328] [bbotk] Result of batch 61:
INFO  [21:11:19.348] [bbotk]         k distance      kernel      acq_ei  x_domain .already_evaluated
INFO  [21:11:19.348] [bbotk]  2.661724 4.105741 rectangular 0.004243363 <list[3]>              FALSE
INFO  [21:11:19.348] [bbotk]  classif.bbrier warnings errors runtime_learners
INFO  [21:11:19.348] [bbotk]       0.1879025        0      0            6.001
INFO  [21:11:19.348] [bbotk]                                 uhash
INFO  [21:11:19.348] [bbotk]  7bef832d-0a8b-4b70-bcbd-8a80d0c71ac3
INFO  [21:11:23.034] [bbotk] Evaluating 1 configuration(s)
INFO  [21:11:27.207] [bbotk] Result of batch 62:
INFO  [21:11:27.258] [bbotk]        k distance       kernel      acq_ei  x_domain .already_evaluated
INFO  [21:11:27.258] [bbotk]  2.52131 2.502326 epanechnikov 0.002525721 <list[3]>              FALSE
INFO  [21:11:27.258] [bbotk]  classif.bbrier warnings errors runtime_learners
INFO  [21:11:27.258] [bbotk]       0.1855506        0      0            3.704
INFO  [21:11:27.258] [bbotk]                                 uhash
INFO  [21:11:27.258] [bbotk]  e45613ca-535d-49a5-9c71-0d96787afc4c
INFO  [21:11:31.468] [bbotk] Evaluating 1 configuration(s)
INFO  [21:11:35.583] [bbotk] Result of batch 63:
INFO  [21:11:35.673] [bbotk]         k distance    kernel      acq_ei  x_domain .already_evaluated
INFO  [21:11:35.673] [bbotk]  3.537935 4.108451 triweight 0.004543554 <list[3]>              FALSE
INFO  [21:11:35.673] [bbotk]  classif.bbrier warnings errors runtime_learners
INFO  [21:11:35.673] [bbotk]       0.1971974        0      0            3.803
INFO  [21:11:35.673] [bbotk]                                 uhash
INFO  [21:11:35.673] [bbotk]  edc792b8-6c6d-4a55-8249-2eea86f8d3f5
INFO  [21:11:39.648] [bbotk] Evaluating 1 configuration(s)
INFO  [21:11:43.071] [bbotk] Result of batch 64:
INFO  [21:11:43.087] [bbotk]         k distance   kernel      acq_ei  x_domain .already_evaluated
INFO  [21:11:43.087] [bbotk]  3.325623 4.939512 biweight 0.002213248 <list[3]>              FALSE
INFO  [21:11:43.087] [bbotk]  classif.bbrier warnings errors runtime_learners
INFO  [21:11:43.087] [bbotk]       0.1910425        0      0            2.971
INFO  [21:11:43.087] [bbotk]                                 uhash
INFO  [21:11:43.087] [bbotk]  606fdbf7-4244-4d64-a84e-6809fe8515a2
INFO  [21:11:48.532] [bbotk] Evaluating 1 configuration(s)
INFO  [21:11:55.867] [bbotk] Result of batch 65:
INFO  [21:11:55.922] [bbotk]         k distance kernel      acq_ei  x_domain .already_evaluated
INFO  [21:11:55.922] [bbotk]  3.382445 2.559463    inv 0.002990295 <list[3]>              FALSE
INFO  [21:11:55.922] [bbotk]  classif.bbrier warnings errors runtime_learners
INFO  [21:11:55.922] [bbotk]       0.1791742        0      0            7.047
INFO  [21:11:55.922] [bbotk]                                 uhash
INFO  [21:11:55.922] [bbotk]  864578ff-e5a2-4a88-9b06-88dad3bf3f2c
INFO  [21:12:01.243] [bbotk] Evaluating 1 configuration(s)
INFO  [21:12:06.389] [bbotk] Result of batch 66:
INFO  [21:12:06.475] [bbotk]         k distance       kernel      acq_ei  x_domain .already_evaluated
INFO  [21:12:06.475] [bbotk]  3.762372 4.066383 epanechnikov 0.003844904 <list[3]>              FALSE
INFO  [21:12:06.475] [bbotk]  classif.bbrier warnings errors runtime_learners
INFO  [21:12:06.475] [bbotk]       0.1807122        0      0            4.261
INFO  [21:12:06.475] [bbotk]                                 uhash
INFO  [21:12:06.475] [bbotk]  65240a13-4149-4dab-914b-460ea634bd57
INFO  [21:12:10.667] [bbotk] Evaluating 1 configuration(s)
INFO  [21:12:14.376] [bbotk] Result of batch 67:
INFO  [21:12:14.426] [bbotk]         k distance kernel      acq_ei  x_domain .already_evaluated
INFO  [21:12:14.426] [bbotk]  2.071479  1.52747    cos 0.001857513 <list[3]>              FALSE
INFO  [21:12:14.426] [bbotk]  classif.bbrier warnings errors runtime_learners
INFO  [21:12:14.426] [bbotk]       0.2028847        0      0             3.36
INFO  [21:12:14.426] [bbotk]                                 uhash
INFO  [21:12:14.426] [bbotk]  539361cd-0bb8-44e0-ba28-0ad588db11f3
INFO  [21:12:18.373] [bbotk] Evaluating 1 configuration(s)
INFO  [21:12:21.359] [bbotk] Result of batch 68:
INFO  [21:12:21.479] [bbotk]         k distance       kernel      acq_ei  x_domain .already_evaluated
INFO  [21:12:21.479] [bbotk]  1.632143 4.900902 epanechnikov 0.003105561 <list[3]>              FALSE
INFO  [21:12:21.479] [bbotk]  classif.bbrier warnings errors runtime_learners
INFO  [21:12:21.479] [bbotk]       0.2185699        0      0            2.648
INFO  [21:12:21.479] [bbotk]                                 uhash
INFO  [21:12:21.479] [bbotk]  e4a97efd-dd02-4b43-83d7-61005b82830a
INFO  [21:12:25.499] [bbotk] Evaluating 1 configuration(s)
INFO  [21:12:32.205] [bbotk] Result of batch 69:
INFO  [21:12:32.266] [bbotk]         k distance kernel      acq_ei  x_domain .already_evaluated
INFO  [21:12:32.266] [bbotk]  2.679518 2.210598    inv 0.004187349 <list[3]>              FALSE
INFO  [21:12:32.266] [bbotk]  classif.bbrier warnings errors runtime_learners
INFO  [21:12:32.266] [bbotk]       0.1776193        0      0            6.092
INFO  [21:12:32.266] [bbotk]                                 uhash
INFO  [21:12:32.266] [bbotk]  23709cb7-ac66-4ec3-84b4-b22e8d9ef4e4
INFO  [21:12:37.005] [bbotk] Evaluating 1 configuration(s)
INFO  [21:12:40.104] [bbotk] Result of batch 70:
INFO  [21:12:40.306] [bbotk]         k distance       kernel     acq_ei  x_domain .already_evaluated
INFO  [21:12:40.306] [bbotk]  3.703389 1.811871 epanechnikov 0.00261082 <list[3]>              FALSE
INFO  [21:12:40.306] [bbotk]  classif.bbrier warnings errors runtime_learners
INFO  [21:12:40.306] [bbotk]       0.1769655        0      0              2.8
INFO  [21:12:40.306] [bbotk]                                 uhash
INFO  [21:12:40.306] [bbotk]  abdc332a-7c21-4f00-a8e0-6d31278a1ccd
INFO  [21:12:44.268] [bbotk] Evaluating 1 configuration(s)
INFO  [21:12:48.351] [bbotk] Result of batch 71:
INFO  [21:12:48.391] [bbotk]         k distance      kernel     acq_ei  x_domain .already_evaluated
INFO  [21:12:48.391] [bbotk]  2.451801  1.85137 rectangular 0.00240578 <list[3]>              FALSE
INFO  [21:12:48.391] [bbotk]  classif.bbrier warnings errors runtime_learners
INFO  [21:12:48.391] [bbotk]       0.1791644        0      0            3.848
INFO  [21:12:48.391] [bbotk]                                 uhash
INFO  [21:12:48.391] [bbotk]  4bf5d579-89cc-4cc4-8522-3e1d0fda0804
INFO  [21:12:52.206] [bbotk] Evaluating 1 configuration(s)
INFO  [21:12:56.455] [bbotk] Result of batch 72:
INFO  [21:12:56.503] [bbotk]         k distance   kernel      acq_ei  x_domain .already_evaluated
INFO  [21:12:56.503] [bbotk]  3.392668 1.835493 gaussian 0.002570554 <list[3]>              FALSE
INFO  [21:12:56.503] [bbotk]  classif.bbrier warnings errors runtime_learners
INFO  [21:12:56.503] [bbotk]       0.1773937        0      0            3.826
INFO  [21:12:56.503] [bbotk]                                 uhash
INFO  [21:12:56.503] [bbotk]  b73d4b3a-f6e7-4a70-9f61-627fabc22053
INFO  [21:13:00.707] [bbotk] Evaluating 1 configuration(s)
INFO  [21:13:04.341] [bbotk] Result of batch 73:
INFO  [21:13:04.424] [bbotk]         k distance  kernel      acq_ei  x_domain .already_evaluated
INFO  [21:13:04.424] [bbotk]  3.827992 3.910529 optimal 0.003330938 <list[3]>              FALSE
INFO  [21:13:04.424] [bbotk]  classif.bbrier warnings errors runtime_learners
INFO  [21:13:04.424] [bbotk]       0.1809312        0      0            3.199
INFO  [21:13:04.424] [bbotk]                                 uhash
INFO  [21:13:04.424] [bbotk]  5df56e33-c1ce-489c-bf8b-53518b332412
INFO  [21:13:08.380] [bbotk] Evaluating 1 configuration(s)
INFO  [21:13:14.367] [bbotk] Result of batch 74:
INFO  [21:13:14.411] [bbotk]         k distance kernel      acq_ei  x_domain .already_evaluated
INFO  [21:13:14.411] [bbotk]  3.680995 4.798857    cos 0.002816043 <list[3]>              FALSE
INFO  [21:13:14.411] [bbotk]  classif.bbrier warnings errors runtime_learners
INFO  [21:13:14.411] [bbotk]       0.1823541        0      0            5.308
INFO  [21:13:14.411] [bbotk]                                 uhash
INFO  [21:13:14.411] [bbotk]  8ccbe03b-202f-48b0-b4ff-941b829bb515
INFO  [21:13:18.832] [bbotk] Evaluating 1 configuration(s)
INFO  [21:13:22.647] [bbotk] Result of batch 75:
INFO  [21:13:22.741] [bbotk]         k distance kernel      acq_ei  x_domain .already_evaluated
INFO  [21:13:22.741] [bbotk]  3.403459 1.849548    cos 0.002846755 <list[3]>              FALSE
INFO  [21:13:22.741] [bbotk]  classif.bbrier warnings errors runtime_learners
INFO  [21:13:22.741] [bbotk]       0.1774618        0      0            3.579
INFO  [21:13:22.741] [bbotk]                                 uhash
INFO  [21:13:22.741] [bbotk]  d7d15453-8eec-4712-9905-b7fd638ceb02
INFO  [21:13:27.373] [bbotk] Evaluating 1 configuration(s)
INFO  [21:13:31.053] [bbotk] Result of batch 76:
INFO  [21:13:31.096] [bbotk]         k distance      kernel      acq_ei  x_domain .already_evaluated
INFO  [21:13:31.096] [bbotk]  2.332996 2.583454 rectangular 0.002781869 <list[3]>              FALSE
INFO  [21:13:31.096] [bbotk]  classif.bbrier warnings errors runtime_learners
INFO  [21:13:31.096] [bbotk]       0.1837667        0      0            3.354
INFO  [21:13:31.096] [bbotk]                                 uhash
INFO  [21:13:31.096] [bbotk]  1f4fa6ce-2fa1-4c99-a3c1-c21795526e86
INFO  [21:13:36.833] [bbotk] Evaluating 1 configuration(s)
INFO  [21:13:43.363] [bbotk] Result of batch 77:
INFO  [21:13:43.393] [bbotk]         k distance       kernel      acq_ei  x_domain .already_evaluated
INFO  [21:13:43.393] [bbotk]  3.314397 4.034036 epanechnikov 0.005635275 <list[3]>              FALSE
INFO  [21:13:43.393] [bbotk]  classif.bbrier warnings errors runtime_learners
INFO  [21:13:43.393] [bbotk]       0.1808852        0      0            6.124
INFO  [21:13:43.393] [bbotk]                                 uhash
INFO  [21:13:43.393] [bbotk]  1a562b71-eee8-4722-8ce9-cc0f9e5b08e9
INFO  [21:13:47.120] [bbotk] Evaluating 1 configuration(s)
INFO  [21:13:52.773] [bbotk] Result of batch 78:
INFO  [21:13:52.854] [bbotk]         k distance kernel      acq_ei  x_domain .already_evaluated
INFO  [21:13:52.854] [bbotk]  3.212485 1.810918    cos 0.004058679 <list[3]>              FALSE
INFO  [21:13:52.854] [bbotk]  classif.bbrier warnings errors runtime_learners
INFO  [21:13:52.854] [bbotk]       0.1778701        0      0            4.724
INFO  [21:13:52.854] [bbotk]                                 uhash
INFO  [21:13:52.854] [bbotk]  1dcc0ada-6024-46fd-924b-f08eb7d2f8f6
INFO  [21:13:57.835] [bbotk] Evaluating 1 configuration(s)
INFO  [21:14:02.665] [bbotk] Result of batch 79:
INFO  [21:14:02.816] [bbotk]         k distance      kernel      acq_ei  x_domain .already_evaluated
INFO  [21:14:02.816] [bbotk]  3.586728 1.809361 rectangular 0.002991359 <list[3]>              FALSE
INFO  [21:14:02.816] [bbotk]  classif.bbrier warnings errors runtime_learners
INFO  [21:14:02.816] [bbotk]       0.1805298        0      0            4.498
INFO  [21:14:02.816] [bbotk]                                 uhash
INFO  [21:14:02.816] [bbotk]  4ef4fe0e-ac87-43f4-9712-0e1213df1e54
INFO  [21:14:07.254] [bbotk] Evaluating 1 configuration(s)
INFO  [21:14:11.432] [bbotk] Result of batch 80:
INFO  [21:14:11.455] [bbotk]         k distance kernel      acq_ei  x_domain .already_evaluated
INFO  [21:14:11.455] [bbotk]  2.997246 4.055202    inv 0.003736112 <list[3]>              FALSE
INFO  [21:14:11.455] [bbotk]  classif.bbrier warnings errors runtime_learners
INFO  [21:14:11.455] [bbotk]       0.1832175        0      0            3.929
INFO  [21:14:11.455] [bbotk]                                 uhash
INFO  [21:14:11.455] [bbotk]  2c2c9a42-6931-446e-98cb-e28a214d7b51
INFO  [21:14:15.030] [bbotk] Evaluating 1 configuration(s)
INFO  [21:14:19.333] [bbotk] Result of batch 81:
INFO  [21:14:19.421] [bbotk]         k distance   kernel      acq_ei  x_domain .already_evaluated
INFO  [21:14:19.421] [bbotk]  1.381501 1.384242 gaussian 0.004954558 <list[3]>              FALSE
INFO  [21:14:19.421] [bbotk]  classif.bbrier warnings errors runtime_learners
INFO  [21:14:19.421] [bbotk]        0.220982        0      0            3.819
INFO  [21:14:19.421] [bbotk]                                 uhash
INFO  [21:14:19.421] [bbotk]  b7650c87-efa5-42f9-be6b-023b495b63c6
INFO  [21:14:24.409] [bbotk] Evaluating 1 configuration(s)
INFO  [21:14:27.504] [bbotk] Result of batch 82:
INFO  [21:14:27.558] [bbotk]         k distance   kernel     acq_ei  x_domain .already_evaluated
INFO  [21:14:27.558] [bbotk]  3.215219 1.538912 gaussian 0.00292677 <list[3]>              FALSE
INFO  [21:14:27.558] [bbotk]  classif.bbrier warnings errors runtime_learners
INFO  [21:14:27.558] [bbotk]       0.1778936        0      0            2.676
INFO  [21:14:27.558] [bbotk]                                 uhash
INFO  [21:14:27.558] [bbotk]  e29d161c-042c-4b06-ba3d-f7c72f9b149b
INFO  [21:14:30.655] [bbotk] Evaluating 1 configuration(s)
INFO  [21:14:40.867] [bbotk] Result of batch 83:
INFO  [21:14:40.936] [bbotk]         k distance  kernel      acq_ei  x_domain .already_evaluated
INFO  [21:14:40.936] [bbotk]  3.624759 1.809798 optimal 0.006506753 <list[3]>              FALSE
INFO  [21:14:40.936] [bbotk]  classif.bbrier warnings errors runtime_learners
INFO  [21:14:40.936] [bbotk]       0.1775664        0      0            6.429
INFO  [21:14:40.936] [bbotk]                                 uhash
INFO  [21:14:40.936] [bbotk]  c5939c63-ef0c-4154-9d22-49c406e692ad
INFO  [21:14:44.416] [bbotk] Evaluating 1 configuration(s)
INFO  [21:14:48.092] [bbotk] Result of batch 84:
INFO  [21:14:48.146] [bbotk]         k distance      kernel      acq_ei  x_domain .already_evaluated
INFO  [21:14:48.146] [bbotk]  2.441652 1.596018 rectangular 0.001363202 <list[3]>              FALSE
INFO  [21:14:48.146] [bbotk]  classif.bbrier warnings errors runtime_learners
INFO  [21:14:48.146] [bbotk]       0.1802755        0      0            3.396
INFO  [21:14:48.146] [bbotk]                                 uhash
INFO  [21:14:48.146] [bbotk]  c44b30fc-309f-4d45-bce7-9350db2e38ff
INFO  [21:14:52.328] [bbotk] Evaluating 1 configuration(s)
INFO  [21:14:57.747] [bbotk] Result of batch 85:
INFO  [21:14:57.786] [bbotk]         k distance   kernel      acq_ei  x_domain .already_evaluated
INFO  [21:14:57.786] [bbotk]  3.863159 1.810322 gaussian 0.003650993 <list[3]>              FALSE
INFO  [21:14:57.786] [bbotk]  classif.bbrier warnings errors runtime_learners
INFO  [21:14:57.786] [bbotk]       0.1780498        0      0            4.883
INFO  [21:14:57.786] [bbotk]                                 uhash
INFO  [21:14:57.786] [bbotk]  513d72ed-f4c0-42e5-88d5-42eb2d180b69
INFO  [21:15:01.261] [bbotk] Evaluating 1 configuration(s)
INFO  [21:15:04.881] [bbotk] Result of batch 86:
INFO  [21:15:05.017] [bbotk]         k distance kernel      acq_ei  x_domain .already_evaluated
INFO  [21:15:05.017] [bbotk]  3.466874 2.284668    cos 0.001910227 <list[3]>              FALSE
INFO  [21:15:05.017] [bbotk]  classif.bbrier warnings errors runtime_learners
INFO  [21:15:05.017] [bbotk]       0.1769771        0      0            3.381
INFO  [21:15:05.017] [bbotk]                                 uhash
INFO  [21:15:05.017] [bbotk]  4e3e8f64-8043-489b-9350-4e492de4d6c8
INFO  [21:15:08.789] [bbotk] Evaluating 1 configuration(s)
INFO  [21:15:13.082] [bbotk] Result of batch 87:
INFO  [21:15:13.158] [bbotk]         k distance kernel      acq_ei  x_domain .already_evaluated
INFO  [21:15:13.158] [bbotk]  3.325636 2.235569    cos 0.002769406 <list[3]>              FALSE
INFO  [21:15:13.158] [bbotk]  classif.bbrier warnings errors runtime_learners
INFO  [21:15:13.158] [bbotk]        0.177474        0      0            3.812
INFO  [21:15:13.158] [bbotk]                                 uhash
INFO  [21:15:13.158] [bbotk]  8cefb324-752c-48a3-8adb-ac6042120b80
INFO  [21:15:19.392] [bbotk] Evaluating 1 configuration(s)
INFO  [21:15:23.524] [bbotk] Result of batch 88:
INFO  [21:15:23.688] [bbotk]         k distance kernel     acq_ei  x_domain .already_evaluated
INFO  [21:15:23.688] [bbotk]  2.296018 2.527108   rank 0.00249846 <list[3]>              FALSE
INFO  [21:15:23.688] [bbotk]  classif.bbrier warnings errors runtime_learners
INFO  [21:15:23.688] [bbotk]       0.1850996        0      0            3.734
INFO  [21:15:23.688] [bbotk]                                 uhash
INFO  [21:15:23.688] [bbotk]  4f05891c-3230-4946-b94e-f2b69be155e7
INFO  [21:15:27.245] [bbotk] Evaluating 1 configuration(s)
INFO  [21:15:32.497] [bbotk] Result of batch 89:
INFO  [21:15:32.713] [bbotk]         k distance    kernel      acq_ei  x_domain .already_evaluated
INFO  [21:15:32.713] [bbotk]  3.688892 4.057183 triweight 0.003071941 <list[3]>              FALSE
INFO  [21:15:32.713] [bbotk]  classif.bbrier warnings errors runtime_learners
INFO  [21:15:32.713] [bbotk]       0.1939073        0      0            5.014
INFO  [21:15:32.713] [bbotk]                                 uhash
INFO  [21:15:32.713] [bbotk]  380d24f4-3a9e-47a2-90d3-e27a6a309067
INFO  [21:15:33.293] [bbotk] Finished optimizing after 100 evaluation(s)
INFO  [21:15:33.413] [bbotk] Result:
INFO  [21:15:33.463] [bbotk]         k distance   kernel learner_param_vals  x_domain classif.bbrier
INFO  [21:15:33.463] [bbotk]     <num>    <num>   <char>             <list>    <list>          <num>
INFO  [21:15:33.463] [bbotk]  3.067851 1.769242 gaussian          <list[3]> <list[3]>      0.1769561

### [bt]: Job terminated successfully [batchtools job.id=82]
### [bt]: Calculation finished!
