### [bt]: This is batchtools v0.9.17
### [bt]: Starting calculation of 1 jobs
### [bt]: Setting working directory to '/content/drive/MyDrive/GitHub/Mater_Thesis_Calibration'
ece.R :
Friedmann_tasks.R :
Functions.R :
ici.R :
mse_feature_effects.R :
PipeOpCalibration_TuningExperiment.R :
PipeOpCalibration.R :
PipeOpCalibrationUnion.R :
### [bt]: Memory measurement disabled
### [bt]: Starting job [batchtools job.id=302]
### [bt]: Generating problem instance for problem '563768ad2e048da7' ...
### [bt]: Applying algorithm 'run_learner' on problem '563768ad2e048da7' for job 302 (seed = 425) ...
INFO  [23:00:15.373] [mlr3] Applying learner 'xgboost TbC beta' on task 'credit-g' (iter 2/10)
INFO  [23:00:18.180] [bbotk] Starting to optimize 8 parameter(s) with '<OptimizerMbo>' and '<TerminatorEvals> [n_evals=100, k=0]'
INFO  [23:00:20.705] [bbotk] Evaluating 32 configuration(s)
INFO  [23:16:38.792] [bbotk] Result of batch 1:
INFO  [23:16:38.894] [bbotk]       alpha colsample_bylevel colsample_bytree         eta     lambda max_depth
INFO  [23:16:38.894] [bbotk]   2.3447437         0.3021209        0.2972228 -6.65702995  5.0150316         8
INFO  [23:16:38.894] [bbotk]  -4.5630114         0.7521209        0.7472228 -2.05185977 -1.8927240        18
INFO  [23:16:38.894] [bbotk]  -1.1091336         0.5271209        0.5222228 -8.95961506 -5.3466016        13
INFO  [23:16:38.894] [bbotk]   5.7986213         0.9771209        0.9722228 -4.35444486  1.5611540         3
INFO  [23:16:38.894] [bbotk]   0.6178048         0.6396209        0.4097228 -5.50573741  6.7419705         1
INFO  [23:16:38.894] [bbotk]  -6.2899501         0.1896209        0.8597228 -0.90056722 -0.1657852        11
INFO  [23:16:38.894] [bbotk]  -2.8360724         0.8646209        0.1847228 -7.80832250 -3.6196629        16
INFO  [23:16:38.894] [bbotk]   4.0716825         0.4146209        0.6347228 -3.20315231  3.2880928         6
INFO  [23:16:38.894] [bbotk]  -1.9726030         0.2458709        0.5784728 -4.93009113  0.6976846        19
INFO  [23:16:38.894] [bbotk]   4.9351519         0.6958709        0.1284728 -0.32492095 -6.2100710         9
INFO  [23:16:38.894] [bbotk]   1.4812743         0.4708709        0.8034728 -7.23267622 -2.7561935         4
INFO  [23:16:38.894] [bbotk]  -5.4264807         0.9208709        0.3534728 -2.62750604  4.1515622        14
INFO  [23:16:38.894] [bbotk]  -3.6995420         0.3583709        0.2409728 -3.77879859  5.8785011        17
INFO  [23:16:38.894] [bbotk]   3.2082131         0.8083709        0.6909728 -8.38396877 -1.0292546         7
INFO  [23:16:38.894] [bbotk]  -0.2456642         0.5833709        0.9159728 -6.08138368  2.4246234        12
INFO  [23:16:38.894] [bbotk]   6.6620907         0.1333709        0.4659728 -1.47621349 -4.4831323         2
INFO  [23:16:38.894] [bbotk]   4.5034172         0.2177459        0.8878478 -8.67179191  6.3102358        15
INFO  [23:16:38.894] [bbotk]  -2.4043377         0.6677459        0.4378478 -4.06662172 -0.5975199         5
INFO  [23:16:38.894] [bbotk]   1.0495396         0.8927459        0.2128478 -1.76403663  2.8563581        20
INFO  [23:16:38.894] [bbotk]  -5.8582154         0.4427459        0.6628478 -6.36920682 -4.0513976        10
INFO  [23:16:38.894] [bbotk]  -0.6773989         0.1052459        0.1003478 -2.91532918 -2.3244588         8
INFO  [23:16:38.894] [bbotk]   6.2303560         0.5552459        0.5503478 -7.52049936  4.5832969        18
INFO  [23:16:38.894] [bbotk]  -4.1312767         0.7802459        0.7753478 -5.21791427 -5.7783363         3
INFO  [23:16:38.894] [bbotk]   2.7764784         0.3302459        0.3253478 -0.61274408  1.1294193        13
INFO  [23:16:38.894] [bbotk]   0.1860701         0.1614959        0.7190978 -3.49097545 -6.6418057        16
INFO  [23:16:38.894] [bbotk]  -6.7216849         0.6114959        0.2690978 -8.09614563  0.2659499         6
INFO  [23:16:38.894] [bbotk]  -3.2678071         0.3864959        0.9440978 -1.18839036  3.7198275         1
INFO  [23:16:38.894] [bbotk]   3.6399478         0.8364959        0.4940978 -5.79356054 -3.1879282        11
INFO  [23:16:38.894] [bbotk]   1.9130090         0.7239959        0.8315978 -2.33968290 -4.9148670        14
INFO  [23:16:38.894] [bbotk]  -4.9947461         0.2739959        0.3815978 -6.94485309  1.9928887         4
INFO  [23:16:38.894] [bbotk]  -1.5408683         0.9489959        0.6065978 -0.03709781  5.4467663         9
INFO  [23:16:38.894] [bbotk]   5.3668866         0.4989959        0.1565978 -4.64226800 -1.4609893        19
INFO  [23:16:38.894] [bbotk]       alpha colsample_bylevel colsample_bytree         eta     lambda max_depth
INFO  [23:16:38.894] [bbotk]  nrounds subsample classif.bbrier warnings errors runtime_learners
INFO  [23:16:38.894] [bbotk]     3078 0.2218553      0.2274432        0      0           18.514
INFO  [23:16:38.894] [bbotk]      578 0.6718553      0.2024116        0      0           15.325
INFO  [23:16:38.894] [bbotk]     4328 0.8968553      0.1972203        0      0          102.641
INFO  [23:16:38.894] [bbotk]     1828 0.4468553      0.2500000        0      0           27.136
INFO  [23:16:38.894] [bbotk]     1203 0.5593553      0.2256282        0      0           13.712
INFO  [23:16:38.894] [bbotk]     3703 0.1093553      0.2503825        0      0           32.168
INFO  [23:16:38.894] [bbotk]     2453 0.3343553      0.1921240        0      0           28.008
INFO  [23:16:38.894] [bbotk]     4953 0.7843553      0.2085266        0      0           27.019
INFO  [23:16:38.894] [bbotk]     3390 0.1656053      0.1612117        0      0           27.888
INFO  [23:16:38.894] [bbotk]      890 0.6156053      0.2500000        0      0            9.610
INFO  [23:16:38.894] [bbotk]     4640 0.8406053      0.1680273        0      0           57.031
INFO  [23:16:38.894] [bbotk]     2140 0.3906053      0.1646690        0      0           34.086
INFO  [23:16:38.894] [bbotk]     4015 0.9531053      0.1618161        0      0           41.294
INFO  [23:16:38.894] [bbotk]     1515 0.5031053      0.2315036        0      0           27.261
INFO  [23:16:38.894] [bbotk]      265 0.7281053      0.2064048        0      0           17.799
INFO  [23:16:38.894] [bbotk]     2765 0.2781053      0.2500000        0      0           12.371
INFO  [23:16:38.894] [bbotk]     2296 0.1937303      0.2500000        0      0           16.959
INFO  [23:16:38.894] [bbotk]     4796 0.6437303      0.1950376        0      0           54.442
INFO  [23:16:38.894] [bbotk]     3546 0.4187303      0.1731275        0      0           34.561
INFO  [23:16:38.894] [bbotk]     1046 0.8687303      0.1631014        0      0           31.747
INFO  [23:16:38.894] [bbotk]     1671 0.3062303      0.1640379        0      0           15.129
INFO  [23:16:38.894] [bbotk]     4171 0.7562303      0.2500000        0      0           18.070
INFO  [23:16:38.894] [bbotk]     2921 0.5312303      0.1671949        0      0           50.344
INFO  [23:16:38.894] [bbotk]      421 0.9812303      0.1747599        0      0            9.405
INFO  [23:16:38.894] [bbotk]     1984 0.1374803      0.1668525        0      0           23.201
INFO  [23:16:38.894] [bbotk]     4484 0.5874803      0.1827687        0      0           54.450
INFO  [23:16:38.894] [bbotk]      734 0.8124803      0.1712864        0      0           12.495
INFO  [23:16:38.894] [bbotk]     3234 0.3624803      0.2219985        0      0           30.854
INFO  [23:16:38.894] [bbotk]     3859 0.6999803      0.1679368        0      0           51.829
INFO  [23:16:38.894] [bbotk]     1359 0.2499803      0.2001250        0      0           18.891
INFO  [23:16:38.894] [bbotk]     2609 0.4749803      0.1849298        0      0           49.146
INFO  [23:16:38.894] [bbotk]      109 0.9249803      0.2500000        0      0            5.221
INFO  [23:16:38.894] [bbotk]  nrounds subsample classif.bbrier warnings errors runtime_learners
INFO  [23:16:38.894] [bbotk]                                 uhash
INFO  [23:16:38.894] [bbotk]  2aed945d-8fd7-4e5b-afc3-d1c37ae400da
INFO  [23:16:38.894] [bbotk]  c117a069-b356-4246-bef4-ca116612a65e
INFO  [23:16:38.894] [bbotk]  638934f1-8bbc-40fc-ae54-07dea3fa131d
INFO  [23:16:38.894] [bbotk]  bf5778a3-51f3-4206-8a3f-4d33e6d4250e
INFO  [23:16:38.894] [bbotk]  2ba2688f-dbfd-49e6-9f94-0eec22015eed
INFO  [23:16:38.894] [bbotk]  ade92325-b542-43c6-b9d5-86d7efc05701
INFO  [23:16:38.894] [bbotk]  dd1b2b6b-35e8-46b3-a314-73ee9130c521
INFO  [23:16:38.894] [bbotk]  2409c27c-12d7-4753-a873-ae75d108ef8a
INFO  [23:16:38.894] [bbotk]  3c1f9be8-0847-4392-973a-3bef1205dc47
INFO  [23:16:38.894] [bbotk]  30368f6d-9bc6-4c2a-bafe-8648be5fa154
INFO  [23:16:38.894] [bbotk]  54bcebd5-c7bb-47ae-b811-608e6e7cf433
INFO  [23:16:38.894] [bbotk]  f2e68171-702a-432f-867c-572bd648e7b6
INFO  [23:16:38.894] [bbotk]  a62811d9-9d74-499c-8c0c-c3ee74350f98
INFO  [23:16:38.894] [bbotk]  9d1f357a-7ad7-44b1-910f-b1d00b10f4a5
INFO  [23:16:38.894] [bbotk]  a715d992-9906-41ae-84d5-d23838b11e58
INFO  [23:16:38.894] [bbotk]  4fc3ba41-5dcd-4395-87a3-554435b24a4a
INFO  [23:16:38.894] [bbotk]  234bff00-e275-404a-b23d-ebec6eae5aa6
INFO  [23:16:38.894] [bbotk]  9ec6d8bc-34db-4fee-954c-aeef7697084d
INFO  [23:16:38.894] [bbotk]  da0e7645-6e43-4181-9753-48e609b71f55
INFO  [23:16:38.894] [bbotk]  8f641b79-5ead-408b-9d16-eb01abb396aa
INFO  [23:16:38.894] [bbotk]  0773c476-8afe-4147-9f70-8d7d16e40d46
INFO  [23:16:38.894] [bbotk]  c13426d8-48bc-49e6-a580-9997ef11b1db
INFO  [23:16:38.894] [bbotk]  c81ab548-4b34-44b6-8f26-49b19a1281ee
INFO  [23:16:38.894] [bbotk]  279cac2e-7885-469e-8091-a64ef18042d6
INFO  [23:16:38.894] [bbotk]  baec0979-1d67-42e8-9a74-6ec87a9d9561
INFO  [23:16:38.894] [bbotk]  6d51e448-4a04-48b9-83b9-9807d4114c7e
INFO  [23:16:38.894] [bbotk]  1cca1814-946d-4e4a-aed6-84ab3cab6bb1
INFO  [23:16:38.894] [bbotk]  fd9ba1fd-747e-4949-943c-6b56f5ee9f2d
INFO  [23:16:38.894] [bbotk]  996bad6f-1edd-4d9d-b290-221350c0bf7d
INFO  [23:16:38.894] [bbotk]  2bcf7f2e-3fc7-4143-94e6-6eac56dad6e7
INFO  [23:16:38.894] [bbotk]  09ed561e-8c2d-4e1b-8b47-822d52cae996
INFO  [23:16:38.894] [bbotk]  e4471d60-75fe-4b90-8986-4830407fe6bb
INFO  [23:16:38.894] [bbotk]                                 uhash
INFO  [23:16:54.550] [bbotk] Evaluating 1 configuration(s)
INFO  [23:17:16.887] [bbotk] Result of batch 2:
INFO  [23:17:16.947] [bbotk]      alpha colsample_bylevel colsample_bytree       eta    lambda max_depth
INFO  [23:17:16.947] [bbotk]  0.5389827         0.2661411        0.5246152 -2.304802 -2.330308        12
INFO  [23:17:16.947] [bbotk]  nrounds subsample     acq_ei  x_domain .already_evaluated classif.bbrier
INFO  [23:17:16.947] [bbotk]     3951 0.4988968 0.01055718 <list[8]>              FALSE      0.1836362
INFO  [23:17:16.947] [bbotk]  warnings errors runtime_learners                                uhash
INFO  [23:17:16.947] [bbotk]         0      0           21.812 9f15a4f8-15fb-485f-a8ae-7da82defaa0d
INFO  [23:17:35.067] [bbotk] Evaluating 1 configuration(s)
INFO  [23:17:42.780] [bbotk] Result of batch 3:
INFO  [23:17:42.799] [bbotk]      alpha colsample_bylevel colsample_bytree       eta  lambda max_depth
INFO  [23:17:42.799] [bbotk]  -3.539023         0.4927113        0.1087079 -1.962007 5.87421        16
INFO  [23:17:42.799] [bbotk]  nrounds subsample      acq_ei  x_domain .already_evaluated classif.bbrier
INFO  [23:17:42.799] [bbotk]      289 0.9371553 0.006116402 <list[8]>              FALSE      0.1831704
INFO  [23:17:42.799] [bbotk]  warnings errors runtime_learners                                uhash
INFO  [23:17:42.799] [bbotk]         0      0            7.205 b4ac6f6a-da18-4de7-bdb5-7e314c25e742
INFO  [23:17:53.088] [bbotk] Evaluating 1 configuration(s)
INFO  [23:18:31.590] [bbotk] Result of batch 4:
INFO  [23:18:31.599] [bbotk]      alpha colsample_bylevel colsample_bytree       eta   lambda max_depth
INFO  [23:18:31.599] [bbotk]  -5.010749         0.3587786        0.5901207 -7.913031 -1.60073         3
INFO  [23:18:31.599] [bbotk]  nrounds subsample     acq_ei  x_domain .already_evaluated classif.bbrier
INFO  [23:18:31.599] [bbotk]     3790 0.8720517 0.00914901 <list[8]>              FALSE      0.1804983
INFO  [23:18:31.599] [bbotk]  warnings errors runtime_learners                                uhash
INFO  [23:18:31.599] [bbotk]         0      0           37.525 c0d4b1bc-eeb6-4329-9b1f-9f1935299e9f
INFO  [23:18:42.742] [bbotk] Evaluating 1 configuration(s)
INFO  [23:19:01.531] [bbotk] Result of batch 5:
INFO  [23:19:01.540] [bbotk]      alpha colsample_bylevel colsample_bytree       eta    lambda max_depth
INFO  [23:19:01.540] [bbotk]  -1.395774         0.1075432        0.8179372 -3.500767 -3.850094        19
INFO  [23:19:01.540] [bbotk]  nrounds subsample      acq_ei  x_domain .already_evaluated classif.bbrier
INFO  [23:19:01.540] [bbotk]     1678 0.7677892 0.003886472 <list[8]>              FALSE      0.1772197
INFO  [23:19:01.540] [bbotk]  warnings errors runtime_learners                                uhash
INFO  [23:19:01.540] [bbotk]         0      0           18.509 40e7ecf1-53a9-4b04-b889-f706e7309be1
INFO  [23:19:17.324] [bbotk] Evaluating 1 configuration(s)
INFO  [23:20:09.677] [bbotk] Result of batch 6:
INFO  [23:20:09.686] [bbotk]      alpha colsample_bylevel colsample_bytree      eta   lambda max_depth
INFO  [23:20:09.686] [bbotk]  -5.908616         0.8564539        0.3820447 -5.88421 5.655846         4
INFO  [23:20:09.686] [bbotk]  nrounds subsample    acq_ei  x_domain .already_evaluated classif.bbrier
INFO  [23:20:09.686] [bbotk]     2916  0.715543 0.0071682 <list[8]>              FALSE      0.1902279
INFO  [23:20:09.686] [bbotk]  warnings errors runtime_learners                                uhash
INFO  [23:20:09.686] [bbotk]         0      0           51.825 01d8feed-62c5-433f-9d63-1036d816fda8
INFO  [23:20:23.620] [bbotk] Evaluating 1 configuration(s)
INFO  [23:20:44.553] [bbotk] Result of batch 7:
INFO  [23:20:44.589] [bbotk]      alpha colsample_bylevel colsample_bytree        eta    lambda max_depth
INFO  [23:20:44.589] [bbotk]  -0.838263         0.2113577        0.6848959 -0.1267662 -5.804758        17
INFO  [23:20:44.589] [bbotk]  nrounds subsample      acq_ei  x_domain .already_evaluated classif.bbrier
INFO  [23:20:44.589] [bbotk]     2827 0.2331395 0.006213186 <list[8]>              FALSE      0.2915726
INFO  [23:20:44.589] [bbotk]  warnings errors runtime_learners                                uhash
INFO  [23:20:44.589] [bbotk]         0      0           19.499 5c058e03-075e-49da-8bf9-6d2d5006e84c
INFO  [23:20:54.253] [bbotk] Evaluating 1 configuration(s)
INFO  [23:21:13.182] [bbotk] Result of batch 8:
INFO  [23:21:13.192] [bbotk]      alpha colsample_bylevel colsample_bytree       eta  lambda max_depth
INFO  [23:21:13.192] [bbotk]  -4.228425         0.4050582        0.2181882 -3.526765 5.38733        15
INFO  [23:21:13.192] [bbotk]  nrounds subsample     acq_ei  x_domain .already_evaluated classif.bbrier
INFO  [23:21:13.192] [bbotk]     2018 0.3557548 0.01148085 <list[8]>              FALSE      0.1730604
INFO  [23:21:13.192] [bbotk]  warnings errors runtime_learners                                uhash
INFO  [23:21:13.192] [bbotk]         0      0           18.543 dd099781-c25a-481e-b6f5-555d30aed69d
INFO  [23:21:28.342] [bbotk] Evaluating 1 configuration(s)
INFO  [23:22:08.747] [bbotk] Result of batch 9:
INFO  [23:22:08.757] [bbotk]      alpha colsample_bylevel colsample_bytree       eta    lambda max_depth
INFO  [23:22:08.757] [bbotk]  -2.756945         0.1127703        0.8466962 -6.280526 -5.864727         7
INFO  [23:22:08.757] [bbotk]  nrounds subsample     acq_ei  x_domain .already_evaluated classif.bbrier
INFO  [23:22:08.757] [bbotk]     4596 0.9740861 0.01026544 <list[8]>              FALSE      0.1622349
INFO  [23:22:08.757] [bbotk]  warnings errors runtime_learners                                uhash
INFO  [23:22:08.757] [bbotk]         0      0           40.142 b8febfc9-6f66-4cf5-a46b-52d4b8d1c204
INFO  [23:22:21.219] [bbotk] Evaluating 1 configuration(s)
INFO  [23:23:13.972] [bbotk] Result of batch 10:
INFO  [23:23:13.994] [bbotk]      alpha colsample_bylevel colsample_bytree       eta    lambda max_depth
INFO  [23:23:13.994] [bbotk]  -4.710865         0.1834653        0.5658545 -5.505624 -2.489527        15
INFO  [23:23:13.994] [bbotk]  nrounds subsample      acq_ei  x_domain .already_evaluated classif.bbrier
INFO  [23:23:13.994] [bbotk]     4705 0.1629106 0.007650286 <list[8]>              FALSE      0.1643084
INFO  [23:23:13.994] [bbotk]  warnings errors runtime_learners                                uhash
INFO  [23:23:13.994] [bbotk]         0      0           51.925 1f87575d-7e1e-4386-b159-55a812a8c91c
INFO  [23:23:26.241] [bbotk] Evaluating 1 configuration(s)
INFO  [23:23:54.781] [bbotk] Result of batch 11:
INFO  [23:23:54.791] [bbotk]      alpha colsample_bylevel colsample_bytree       eta    lambda max_depth
INFO  [23:23:54.791] [bbotk]  -4.341486         0.1819626        0.7127061 -5.614068 -3.716516        19
INFO  [23:23:54.791] [bbotk]  nrounds subsample      acq_ei  x_domain .already_evaluated classif.bbrier
INFO  [23:23:54.791] [bbotk]     2603 0.2945495 0.008729283 <list[8]>              FALSE      0.1618327
INFO  [23:23:54.791] [bbotk]  warnings errors runtime_learners                                uhash
INFO  [23:23:54.791] [bbotk]         0      0           28.149 11db63dc-e46c-4e61-98cb-1ef04df66875
INFO  [23:24:03.866] [bbotk] Evaluating 1 configuration(s)
INFO  [23:26:30.396] [bbotk] Result of batch 12:
INFO  [23:26:30.405] [bbotk]      alpha colsample_bylevel colsample_bytree       eta    lambda max_depth
INFO  [23:26:30.405] [bbotk]  -5.128631         0.6169835        0.8027726 -6.431742 -3.748118         9
INFO  [23:26:30.405] [bbotk]  nrounds subsample      acq_ei  x_domain .already_evaluated classif.bbrier
INFO  [23:26:30.405] [bbotk]     4081 0.9399217 0.007015447 <list[8]>              FALSE      0.1732935
INFO  [23:26:30.405] [bbotk]  warnings errors runtime_learners                                uhash
INFO  [23:26:30.405] [bbotk]         0      0          146.008 4b4e088e-a925-47c2-a885-bef322089e63
INFO  [23:26:46.494] [bbotk] Evaluating 1 configuration(s)
INFO  [23:26:58.834] [bbotk] Result of batch 13:
INFO  [23:26:58.848] [bbotk]     alpha colsample_bylevel colsample_bytree       eta   lambda max_depth
INFO  [23:26:58.848] [bbotk]  1.395718         0.7777839        0.7907703 -1.565014 5.012504         6
INFO  [23:26:58.848] [bbotk]  nrounds subsample      acq_ei  x_domain .already_evaluated classif.bbrier
INFO  [23:26:58.848] [bbotk]      192 0.7005096 0.006032888 <list[8]>              FALSE      0.1609039
INFO  [23:26:58.848] [bbotk]  warnings errors runtime_learners                                uhash
INFO  [23:26:58.848] [bbotk]         0      0           11.867 5d3ab77c-10e6-49a0-a0aa-64b84e090540
INFO  [23:27:08.490] [bbotk] Evaluating 1 configuration(s)
INFO  [23:27:43.223] [bbotk] Result of batch 14:
INFO  [23:27:43.233] [bbotk]       alpha colsample_bylevel colsample_bytree       eta   lambda max_depth
INFO  [23:27:43.233] [bbotk]  -0.9404261         0.9014298        0.7634787 -2.259246 1.650678        12
INFO  [23:27:43.233] [bbotk]  nrounds subsample      acq_ei  x_domain .already_evaluated classif.bbrier
INFO  [23:27:43.233] [bbotk]     1855 0.9583827 0.005494135 <list[8]>              FALSE      0.1953248
INFO  [23:27:43.233] [bbotk]  warnings errors runtime_learners                                uhash
INFO  [23:27:43.233] [bbotk]         0      0           34.497 b069177d-9e8a-4c66-85f4-9ba5aa20e1f0
WARN  [23:27:44.763] [mlr3] train: Stopped because hard maximum generation limit was hit.
INFO  [23:27:52.446] [bbotk] Evaluating 1 configuration(s)
INFO  [23:27:57.053] [bbotk] Result of batch 15:
INFO  [23:27:57.080] [bbotk]     alpha colsample_bylevel colsample_bytree        eta   lambda max_depth
INFO  [23:27:57.080] [bbotk]  1.570202         0.2038849        0.2999743 -0.7534517 4.974168         3
INFO  [23:27:57.080] [bbotk]  nrounds subsample      acq_ei  x_domain .already_evaluated classif.bbrier
INFO  [23:27:57.080] [bbotk]      568 0.7538201 0.007757091 <list[8]>              FALSE      0.1617226
INFO  [23:27:57.080] [bbotk]  warnings errors runtime_learners                                uhash
INFO  [23:27:57.080] [bbotk]         0      0            4.221 f5e3903e-fc31-4c38-99c6-d1a8dfd4d361
INFO  [23:28:09.590] [bbotk] Evaluating 1 configuration(s)
INFO  [23:28:39.477] [bbotk] Result of batch 16:
INFO  [23:28:39.486] [bbotk]      alpha colsample_bylevel colsample_bytree       eta  lambda max_depth
INFO  [23:28:39.486] [bbotk]  -5.581533         0.6270007        0.1934739 -3.031945 6.43885        19
INFO  [23:28:39.486] [bbotk]  nrounds subsample      acq_ei  x_domain .already_evaluated classif.bbrier
INFO  [23:28:39.486] [bbotk]     3951 0.1250249 0.008032487 <list[8]>              FALSE      0.1870722
INFO  [23:28:39.486] [bbotk]  warnings errors runtime_learners                                uhash
INFO  [23:28:39.486] [bbotk]         0      0           29.466 b00f0686-6809-4bee-8444-beaca5ca2f24
INFO  [23:28:53.306] [bbotk] Evaluating 1 configuration(s)
INFO  [23:29:19.409] [bbotk] Result of batch 17:
INFO  [23:29:19.463] [bbotk]      alpha colsample_bylevel colsample_bytree       eta   lambda max_depth
INFO  [23:29:19.463] [bbotk]  -3.549001         0.1147265        0.4298504 -4.321975 -2.83663        10
INFO  [23:29:19.463] [bbotk]  nrounds subsample      acq_ei  x_domain .already_evaluated classif.bbrier
INFO  [23:29:19.463] [bbotk]     2797 0.2453371 0.006841222 <list[8]>              FALSE      0.1639377
INFO  [23:29:19.463] [bbotk]  warnings errors runtime_learners                                uhash
INFO  [23:29:19.463] [bbotk]         0      0            24.54 678f89ba-ac0e-45f1-8246-43015e7965b1
INFO  [23:29:37.820] [bbotk] Evaluating 1 configuration(s)
INFO  [23:29:43.317] [bbotk] Result of batch 18:
INFO  [23:29:43.326] [bbotk]       alpha colsample_bylevel colsample_bytree        eta   lambda max_depth
INFO  [23:29:43.326] [bbotk]  -0.5883595         0.8121765        0.8374146 -0.8120543 5.834234        10
INFO  [23:29:43.326] [bbotk]  nrounds subsample      acq_ei  x_domain .already_evaluated classif.bbrier
INFO  [23:29:43.326] [bbotk]       98 0.8371627 0.006245633 <list[8]>              FALSE      0.1622478
INFO  [23:29:43.326] [bbotk]  warnings errors runtime_learners                                uhash
INFO  [23:29:43.326] [bbotk]         0      0            5.097 d093e9fe-4e4f-4037-b884-2ab3d41aa10c
INFO  [23:29:52.609] [bbotk] Evaluating 1 configuration(s)
INFO  [23:30:13.348] [bbotk] Result of batch 19:
INFO  [23:30:13.358] [bbotk]      alpha colsample_bylevel colsample_bytree       eta    lambda max_depth
INFO  [23:30:13.358] [bbotk]  -2.385117         0.3580805        0.8134042 -6.835786 -6.712395         2
INFO  [23:30:13.358] [bbotk]  nrounds subsample      acq_ei  x_domain .already_evaluated classif.bbrier
INFO  [23:30:13.358] [bbotk]     1752 0.8890567 0.005949767 <list[8]>              FALSE      0.1792747
INFO  [23:30:13.358] [bbotk]  warnings errors runtime_learners                                uhash
INFO  [23:30:13.358] [bbotk]         0      0           19.874 6972cbf1-8cb8-4912-bcf9-555066c5f670
INFO  [23:30:28.030] [bbotk] Evaluating 1 configuration(s)
INFO  [23:30:51.142] [bbotk] Result of batch 20:
INFO  [23:30:51.164] [bbotk]        alpha colsample_bylevel colsample_bytree       eta    lambda max_depth
INFO  [23:30:51.164] [bbotk]  -0.01578737         0.8370214        0.1118463 -2.939714 -5.881793        15
INFO  [23:30:51.164] [bbotk]  nrounds subsample      acq_ei  x_domain .already_evaluated classif.bbrier
INFO  [23:30:51.164] [bbotk]     2961  0.579874 0.005029976 <list[8]>              FALSE      0.1844476
INFO  [23:30:51.164] [bbotk]  warnings errors runtime_learners                                uhash
INFO  [23:30:51.164] [bbotk]         0      0           22.917 a11b524c-a023-4fa6-902d-b755ead8b6dc
WARN  [23:30:52.366] [mlr3] train: Stopped because hard maximum generation limit was hit.
INFO  [23:30:58.093] [bbotk] Evaluating 1 configuration(s)
INFO  [23:31:08.293] [bbotk] Result of batch 21:
INFO  [23:31:08.302] [bbotk]       alpha colsample_bylevel colsample_bytree       eta   lambda max_depth
INFO  [23:31:08.302] [bbotk]  -0.2204818         0.8312576        0.1722173 -1.247107 6.724857         9
INFO  [23:31:08.302] [bbotk]  nrounds subsample      acq_ei  x_domain .already_evaluated classif.bbrier
INFO  [23:31:08.302] [bbotk]     1515 0.4813456 0.005554473 <list[8]>              FALSE      0.1626035
INFO  [23:31:08.302] [bbotk]  warnings errors runtime_learners                                uhash
INFO  [23:31:08.302] [bbotk]         0      0           10.039 fda5d72b-575f-44fd-bba3-5ea68b55e43b
WARN  [23:31:09.656] [mlr3] train: Stopped because hard maximum generation limit was hit.
INFO  [23:31:17.054] [bbotk] Evaluating 1 configuration(s)
INFO  [23:31:44.789] [bbotk] Result of batch 22:
INFO  [23:31:44.799] [bbotk]      alpha colsample_bylevel colsample_bytree       eta    lambda max_depth
INFO  [23:31:44.799] [bbotk]  -4.054542         0.1709564        0.6866646 -5.657528 -3.865656         9
INFO  [23:31:44.799] [bbotk]  nrounds subsample      acq_ei  x_domain .already_evaluated classif.bbrier
INFO  [23:31:44.799] [bbotk]     3608 0.4995532 0.005028555 <list[8]>              FALSE      0.1666984
INFO  [23:31:44.799] [bbotk]  warnings errors runtime_learners                                uhash
INFO  [23:31:44.799] [bbotk]         0      0           27.437 ec8099b5-2c83-45f6-a695-4bb6f2037e26
INFO  [23:31:50.349] [bbotk] Evaluating 1 configuration(s)
INFO  [23:33:08.149] [bbotk] Result of batch 23:
INFO  [23:33:08.200] [bbotk]      alpha colsample_bylevel colsample_bytree     eta    lambda max_depth
INFO  [23:33:08.200] [bbotk]  0.6929847         0.2789781        0.8871148 -5.3141 -6.027962        16
INFO  [23:33:08.200] [bbotk]  nrounds subsample      acq_ei  x_domain .already_evaluated classif.bbrier
INFO  [23:33:08.200] [bbotk]     4947 0.5082256 0.006314929 <list[8]>              FALSE      0.1647181
INFO  [23:33:08.200] [bbotk]  warnings errors runtime_learners                                uhash
INFO  [23:33:08.200] [bbotk]         0      0            77.39 ae453090-c44f-4420-8a87-939ca8b17da7
INFO  [23:33:22.257] [bbotk] Evaluating 1 configuration(s)
INFO  [23:33:57.313] [bbotk] Result of batch 24:
INFO  [23:33:57.320] [bbotk]      alpha colsample_bylevel colsample_bytree       eta    lambda max_depth
INFO  [23:33:57.320] [bbotk]  -1.883544         0.2484722        0.6081954 -5.172362 -5.346503        20
INFO  [23:33:57.320] [bbotk]  nrounds subsample      acq_ei  x_domain .already_evaluated classif.bbrier
INFO  [23:33:57.320] [bbotk]     3827 0.2335077 0.006004713 <list[8]>              FALSE      0.1688937
INFO  [23:33:57.320] [bbotk]  warnings errors runtime_learners                                uhash
INFO  [23:33:57.320] [bbotk]         0      0           34.638 872d7f18-2219-45f8-9595-9f76db376456
WARN  [23:33:58.286] [mlr3] train: Stopped because hard maximum generation limit was hit.
INFO  [23:34:13.794] [bbotk] Evaluating 1 configuration(s)
INFO  [23:34:33.189] [bbotk] Result of batch 25:
INFO  [23:34:33.197] [bbotk]      alpha colsample_bylevel colsample_bytree       eta    lambda max_depth
INFO  [23:34:33.197] [bbotk]  -5.317062         0.4150826        0.3211422 -4.785183 -1.292812        19
INFO  [23:34:33.197] [bbotk]  nrounds subsample      acq_ei  x_domain .already_evaluated classif.bbrier
INFO  [23:34:33.197] [bbotk]     1110 0.9078343 0.005801973 <list[8]>              FALSE      0.1661512
INFO  [23:34:33.197] [bbotk]  warnings errors runtime_learners                                uhash
INFO  [23:34:33.197] [bbotk]         0      0           19.023 014b6b04-1362-4acb-b886-6a0bbc59a776
INFO  [23:34:48.777] [bbotk] Evaluating 1 configuration(s)
INFO  [23:35:01.143] [bbotk] Result of batch 26:
INFO  [23:35:01.182] [bbotk]      alpha colsample_bylevel colsample_bytree        eta   lambda max_depth
INFO  [23:35:01.182] [bbotk]  0.6276346         0.8690135        0.7798106 -0.8422147 6.354843         7
INFO  [23:35:01.182] [bbotk]  nrounds subsample      acq_ei  x_domain .already_evaluated classif.bbrier
INFO  [23:35:01.182] [bbotk]      500 0.2838231 0.005267989 <list[8]>              FALSE      0.1630312
INFO  [23:35:01.182] [bbotk]  warnings errors runtime_learners                                uhash
INFO  [23:35:01.182] [bbotk]         0      0            11.85 4b459703-293b-4511-aefb-c841f726cbf4
WARN  [23:35:02.459] [mlr3] train: Stopped because hard maximum generation limit was hit.
INFO  [23:35:10.047] [bbotk] Evaluating 1 configuration(s)
INFO  [23:35:44.899] [bbotk] Result of batch 27:
INFO  [23:35:44.908] [bbotk]      alpha colsample_bylevel colsample_bytree       eta    lambda max_depth
INFO  [23:35:44.908] [bbotk]  -4.547199         0.5336824        0.4949167 -4.967452 -3.901085         6
INFO  [23:35:44.908] [bbotk]  nrounds subsample      acq_ei  x_domain .already_evaluated classif.bbrier
INFO  [23:35:44.908] [bbotk]     1431 0.1840699 0.005644913 <list[8]>              FALSE      0.1636616
INFO  [23:35:44.908] [bbotk]  warnings errors runtime_learners                                uhash
INFO  [23:35:44.908] [bbotk]         0      0           34.595 7fd7b455-bcb0-429a-b535-5192ab477613
INFO  [23:35:57.374] [bbotk] Evaluating 1 configuration(s)
INFO  [23:36:15.324] [bbotk] Result of batch 28:
INFO  [23:36:15.334] [bbotk]     alpha colsample_bylevel colsample_bytree        eta  lambda max_depth
INFO  [23:36:15.334] [bbotk]  1.535356         0.8815026        0.2683895 -0.6273636 6.68975        16
INFO  [23:36:15.334] [bbotk]  nrounds subsample      acq_ei  x_domain .already_evaluated classif.bbrier
INFO  [23:36:15.334] [bbotk]      692 0.8334444 0.005421766 <list[8]>              FALSE      0.1607286
INFO  [23:36:15.334] [bbotk]  warnings errors runtime_learners                                uhash
INFO  [23:36:15.334] [bbotk]         0      0           17.251 09a24aab-4170-4211-81db-eee742776d62
WARN  [23:36:16.903] [mlr3] train: Stopped because hard maximum generation limit was hit.
INFO  [23:36:25.163] [bbotk] Evaluating 1 configuration(s)
INFO  [23:36:31.488] [bbotk] Result of batch 29:
INFO  [23:36:31.495] [bbotk]      alpha colsample_bylevel colsample_bytree      eta    lambda max_depth
INFO  [23:36:31.495] [bbotk]  -6.536063         0.2222092        0.5940208 -5.07664 -5.143487        17
INFO  [23:36:31.495] [bbotk]  nrounds subsample      acq_ei  x_domain .already_evaluated classif.bbrier
INFO  [23:36:31.495] [bbotk]      262 0.5197422 0.004809836 <list[8]>              FALSE        0.16717
INFO  [23:36:31.495] [bbotk]  warnings errors runtime_learners                                uhash
INFO  [23:36:31.495] [bbotk]         0      0            5.651 8bb14d80-6afd-4b51-8665-eb463bffaa4e
INFO  [23:36:42.453] [bbotk] Evaluating 1 configuration(s)
INFO  [23:37:09.873] [bbotk] Result of batch 30:
INFO  [23:37:09.882] [bbotk]       alpha colsample_bylevel colsample_bytree       eta    lambda max_depth
INFO  [23:37:09.882] [bbotk]  -0.1195872         0.1088205        0.9957138 -6.219237 -5.217298         2
INFO  [23:37:09.882] [bbotk]  nrounds subsample      acq_ei  x_domain .already_evaluated classif.bbrier
INFO  [23:37:09.882] [bbotk]     3615 0.6593629 0.004299711 <list[8]>              FALSE      0.1654729
INFO  [23:37:09.882] [bbotk]  warnings errors runtime_learners                                uhash
INFO  [23:37:09.882] [bbotk]         0      0           26.813 0687c45a-6c07-4fde-8349-53fba62c44ea
INFO  [23:37:24.543] [bbotk] Evaluating 1 configuration(s)
INFO  [23:37:36.649] [bbotk] Result of batch 31:
INFO  [23:37:36.656] [bbotk]     alpha colsample_bylevel colsample_bytree        eta   lambda max_depth
INFO  [23:37:36.656] [bbotk]  2.593565         0.4572261        0.9189391 -0.8578963 6.441966        15
INFO  [23:37:36.656] [bbotk]  nrounds subsample      acq_ei  x_domain .already_evaluated classif.bbrier
INFO  [23:37:36.656] [bbotk]      747  0.988184 0.004786216 <list[8]>              FALSE      0.1692273
INFO  [23:37:36.656] [bbotk]  warnings errors runtime_learners                                uhash
INFO  [23:37:36.656] [bbotk]         0      0           11.773 d1a375a1-dd26-4cd8-aa52-5fa4f38c81a2
INFO  [23:37:50.234] [bbotk] Evaluating 1 configuration(s)
INFO  [23:39:12.274] [bbotk] Result of batch 32:
INFO  [23:39:12.283] [bbotk]      alpha colsample_bylevel colsample_bytree       eta    lambda max_depth
INFO  [23:39:12.283] [bbotk]  0.7082197         0.1961687        0.9962655 -6.203887 -5.392685        15
INFO  [23:39:12.283] [bbotk]  nrounds subsample      acq_ei  x_domain .already_evaluated classif.bbrier
INFO  [23:39:12.283] [bbotk]     4899 0.9404595 0.004390501 <list[8]>              FALSE      0.1619367
INFO  [23:39:12.283] [bbotk]  warnings errors runtime_learners                                uhash
INFO  [23:39:12.283] [bbotk]         0      0           81.665 06d2b978-9173-46f3-bbae-54c9f4c84fe9
INFO  [23:39:25.036] [bbotk] Evaluating 1 configuration(s)
INFO  [23:40:04.191] [bbotk] Result of batch 33:
INFO  [23:40:04.202] [bbotk]     alpha colsample_bylevel colsample_bytree       eta   lambda max_depth
INFO  [23:40:04.202] [bbotk]  -5.09001         0.3690785        0.6472694 -4.435881 3.202622        19
INFO  [23:40:04.202] [bbotk]  nrounds subsample      acq_ei  x_domain .already_evaluated classif.bbrier
INFO  [23:40:04.202] [bbotk]     2624 0.7035031 0.004390895 <list[8]>              FALSE      0.1623902
INFO  [23:40:04.202] [bbotk]  warnings errors runtime_learners                                uhash
INFO  [23:40:04.202] [bbotk]         0      0           38.726 a22ef586-b95c-4818-9d9d-63b1c9a31c96
INFO  [23:40:13.307] [bbotk] Evaluating 1 configuration(s)
INFO  [23:41:08.260] [bbotk] Result of batch 34:
INFO  [23:41:08.293] [bbotk]      alpha colsample_bylevel colsample_bytree       eta   lambda max_depth
INFO  [23:41:08.293] [bbotk]  -6.156098         0.9834102        0.9364269 -3.233689 5.947851         9
INFO  [23:41:08.293] [bbotk]  nrounds subsample      acq_ei  x_domain .already_evaluated classif.bbrier
INFO  [23:41:08.293] [bbotk]     1618 0.9830046 0.004535654 <list[8]>              FALSE      0.1609084
INFO  [23:41:08.293] [bbotk]  warnings errors runtime_learners                                uhash
INFO  [23:41:08.293] [bbotk]         0      0            54.65 88f063c5-c4fa-4459-a999-cb95410155e4
INFO  [23:41:14.590] [bbotk] Evaluating 1 configuration(s)
INFO  [23:41:22.302] [bbotk] Result of batch 35:
INFO  [23:41:22.312] [bbotk]     alpha colsample_bylevel colsample_bytree        eta   lambda max_depth
INFO  [23:41:22.312] [bbotk]  1.347714         0.9303711        0.5152086 -0.7387895 6.021451         4
INFO  [23:41:22.312] [bbotk]  nrounds subsample      acq_ei  x_domain .already_evaluated classif.bbrier
INFO  [23:41:22.312] [bbotk]      189 0.9239378 0.004697877 <list[8]>              FALSE      0.1615131
INFO  [23:41:22.312] [bbotk]  warnings errors runtime_learners                                uhash
INFO  [23:41:22.312] [bbotk]         0      0            7.407 574ca944-11cd-49a3-b406-6dbe21af4076
WARN  [23:41:24.217] [mlr3] train: Stopped because hard maximum generation limit was hit.
INFO  [23:41:29.656] [bbotk] Evaluating 1 configuration(s)
INFO  [23:41:48.208] [bbotk] Result of batch 36:
INFO  [23:41:48.227] [bbotk]     alpha colsample_bylevel colsample_bytree       eta    lambda max_depth
INFO  [23:41:48.227] [bbotk]  1.314592         0.1100114        0.9469676 -3.502434 -5.996662         6
INFO  [23:41:48.227] [bbotk]  nrounds subsample      acq_ei  x_domain .already_evaluated classif.bbrier
INFO  [23:41:48.227] [bbotk]     3104 0.6815426 0.004998438 <list[8]>              FALSE       0.161929
INFO  [23:41:48.227] [bbotk]  warnings errors runtime_learners                                uhash
INFO  [23:41:48.227] [bbotk]         0      0           18.393 7462e4e1-1c6c-4a01-abcd-5cb54e20cd27
INFO  [23:41:58.168] [bbotk] Evaluating 1 configuration(s)
INFO  [23:42:53.834] [bbotk] Result of batch 37:
INFO  [23:42:53.896] [bbotk]       alpha colsample_bylevel colsample_bytree       eta     lambda max_depth
INFO  [23:42:53.896] [bbotk]  -0.2906166         0.1513916        0.9149492 -6.580744 -0.1627424        18
INFO  [23:42:53.896] [bbotk]  nrounds subsample      acq_ei  x_domain .already_evaluated classif.bbrier
INFO  [23:42:53.896] [bbotk]     4823 0.4274024 0.003748216 <list[8]>              FALSE      0.1601751
INFO  [23:42:53.896] [bbotk]  warnings errors runtime_learners                                uhash
INFO  [23:42:53.896] [bbotk]         0      0           55.007 72069b5a-a865-4457-a98e-77eade1a9a91
INFO  [23:43:08.247] [bbotk] Evaluating 1 configuration(s)
INFO  [23:43:16.069] [bbotk] Result of batch 38:
INFO  [23:43:16.090] [bbotk]     alpha colsample_bylevel colsample_bytree       eta    lambda max_depth
INFO  [23:43:16.090] [bbotk]  1.151794         0.1215527        0.2909979 -3.765208 -2.841828        11
INFO  [23:43:16.090] [bbotk]  nrounds subsample      acq_ei  x_domain .already_evaluated classif.bbrier
INFO  [23:43:16.090] [bbotk]     2772 0.1372939 0.004077121 <list[8]>              FALSE       0.169531
INFO  [23:43:16.090] [bbotk]  warnings errors runtime_learners                                uhash
INFO  [23:43:16.090] [bbotk]         0      0            7.622 3ef9406a-55f1-419f-9c01-50547fda8a54
INFO  [23:43:28.748] [bbotk] Evaluating 1 configuration(s)
INFO  [23:43:41.678] [bbotk] Result of batch 39:
INFO  [23:43:41.685] [bbotk]      alpha colsample_bylevel colsample_bytree       eta   lambda max_depth
INFO  [23:43:41.685] [bbotk]  -5.257263         0.9857496        0.7434596 -2.368886 6.067758         1
INFO  [23:43:41.685] [bbotk]  nrounds subsample     acq_ei  x_domain .already_evaluated classif.bbrier
INFO  [23:43:41.685] [bbotk]      950 0.6936301 0.00427274 <list[8]>              FALSE      0.1717261
INFO  [23:43:41.685] [bbotk]  warnings errors runtime_learners                                uhash
INFO  [23:43:41.685] [bbotk]         0      0           12.467 418a4e4c-f273-41d6-be25-a2ec7e0bd6c1
INFO  [23:43:48.819] [bbotk] Evaluating 1 configuration(s)
INFO  [23:44:07.760] [bbotk] Result of batch 40:
INFO  [23:44:07.769] [bbotk]      alpha colsample_bylevel colsample_bytree      eta   lambda max_depth
INFO  [23:44:07.769] [bbotk]  -6.528769         0.8612906        0.4818165 -3.62172 3.713648         5
INFO  [23:44:07.769] [bbotk]  nrounds subsample      acq_ei  x_domain .already_evaluated classif.bbrier
INFO  [23:44:07.769] [bbotk]     1500 0.9968107 0.003749525 <list[8]>              FALSE      0.1650912
INFO  [23:44:07.769] [bbotk]  warnings errors runtime_learners                                uhash
INFO  [23:44:07.769] [bbotk]         0      0           18.614 004c9700-af34-40f6-8160-e3cbe0763de3
INFO  [23:44:14.209] [bbotk] Evaluating 1 configuration(s)
INFO  [23:44:23.182] [bbotk] Result of batch 41:
INFO  [23:44:23.189] [bbotk]     alpha colsample_bylevel colsample_bytree        eta   lambda max_depth
INFO  [23:44:23.189] [bbotk]  1.924627         0.4931374        0.1438091 -0.9473329 4.789017        16
INFO  [23:44:23.189] [bbotk]  nrounds subsample      acq_ei  x_domain .already_evaluated classif.bbrier
INFO  [23:44:23.189] [bbotk]      454  0.898949 0.003709149 <list[8]>              FALSE      0.1619653
INFO  [23:44:23.189] [bbotk]  warnings errors runtime_learners                                uhash
INFO  [23:44:23.189] [bbotk]         0      0            8.804 e9c85c6d-bbed-4bd9-999a-1a03130284c6
INFO  [23:44:28.849] [bbotk] Evaluating 1 configuration(s)
INFO  [23:45:08.643] [bbotk] Result of batch 42:
INFO  [23:45:08.653] [bbotk]       alpha colsample_bylevel colsample_bytree       eta    lambda max_depth
INFO  [23:45:08.653] [bbotk]  -0.1765713         0.1584314        0.9866186 -6.363351 -2.367803        20
INFO  [23:45:08.653] [bbotk]  nrounds subsample      acq_ei  x_domain .already_evaluated classif.bbrier
INFO  [23:45:08.653] [bbotk]     4349 0.3210337 0.003430571 <list[8]>              FALSE      0.1597666
INFO  [23:45:08.653] [bbotk]  warnings errors runtime_learners                                uhash
INFO  [23:45:08.653] [bbotk]         0      0           39.152 e4ba4961-be03-4698-9964-6d9fa281ec51
INFO  [23:45:21.654] [bbotk] Evaluating 1 configuration(s)
INFO  [23:45:28.639] [bbotk] Result of batch 43:
INFO  [23:45:28.648] [bbotk]       alpha colsample_bylevel colsample_bytree       eta   lambda max_depth
INFO  [23:45:28.648] [bbotk]  0.09552807         0.1639052        0.1653722 -1.657781 3.098306         4
INFO  [23:45:28.648] [bbotk]  nrounds subsample      acq_ei  x_domain .already_evaluated classif.bbrier
INFO  [23:45:28.648] [bbotk]      387  0.236226 0.003204526 <list[8]>              FALSE      0.1720813
INFO  [23:45:28.648] [bbotk]  warnings errors runtime_learners                                uhash
INFO  [23:45:28.648] [bbotk]         0      0             6.64 69687ed1-296d-4129-8f29-e7c10536f6fb
INFO  [23:45:40.766] [bbotk] Evaluating 1 configuration(s)
INFO  [23:46:22.022] [bbotk] Result of batch 44:
INFO  [23:46:22.065] [bbotk]        alpha colsample_bylevel colsample_bytree       eta    lambda max_depth
INFO  [23:46:22.065] [bbotk]  -0.01773613         0.1188624        0.9017207 -7.344403 -3.390458         5
INFO  [23:46:22.065] [bbotk]  nrounds subsample      acq_ei  x_domain .already_evaluated classif.bbrier
INFO  [23:46:22.065] [bbotk]     4864 0.4521318 0.002862411 <list[8]>              FALSE      0.1668862
INFO  [23:46:22.065] [bbotk]  warnings errors runtime_learners                                uhash
INFO  [23:46:22.065] [bbotk]         0      0           40.823 0a34d5f9-50fc-4cdf-b8d3-318ee4babdac
INFO  [23:46:34.077] [bbotk] Evaluating 1 configuration(s)
INFO  [23:46:40.597] [bbotk] Result of batch 45:
INFO  [23:46:40.606] [bbotk]      alpha colsample_bylevel colsample_bytree       eta    lambda max_depth
INFO  [23:46:40.606] [bbotk]  -6.848461         0.9725331        0.2392395 -4.800949 -1.116549        18
INFO  [23:46:40.606] [bbotk]  nrounds subsample      acq_ei  x_domain .already_evaluated classif.bbrier
INFO  [23:46:40.606] [bbotk]      366 0.3404537 0.002649832 <list[8]>              FALSE      0.1672064
INFO  [23:46:40.606] [bbotk]  warnings errors runtime_learners                                uhash
INFO  [23:46:40.606] [bbotk]         0      0            6.201 68fb8aef-ed31-4066-bac5-e0125f9b9618
INFO  [23:46:51.330] [bbotk] Evaluating 1 configuration(s)
INFO  [23:47:23.294] [bbotk] Result of batch 46:
INFO  [23:47:23.309] [bbotk]      alpha colsample_bylevel colsample_bytree       eta   lambda max_depth
INFO  [23:47:23.309] [bbotk]  -5.755233         0.9982078        0.1667858 -3.971121 4.238115        20
INFO  [23:47:23.309] [bbotk]  nrounds subsample      acq_ei  x_domain .already_evaluated classif.bbrier
INFO  [23:47:23.309] [bbotk]     3103 0.8404237 0.003542075 <list[8]>              FALSE      0.1604488
INFO  [23:47:23.309] [bbotk]  warnings errors runtime_learners                                uhash
INFO  [23:47:23.309] [bbotk]         0      0           31.793 d82d19c3-68fe-4bc6-bdad-d90cc5eb9973
INFO  [23:47:31.484] [bbotk] Evaluating 1 configuration(s)
INFO  [23:48:31.815] [bbotk] Result of batch 47:
INFO  [23:48:31.858] [bbotk]       alpha colsample_bylevel colsample_bytree       eta    lambda max_depth
INFO  [23:48:31.858] [bbotk]  -0.5076704         0.1114677        0.9147476 -7.244618 -1.995579        11
INFO  [23:48:31.858] [bbotk]  nrounds subsample      acq_ei  x_domain .already_evaluated classif.bbrier
INFO  [23:48:31.858] [bbotk]     4840 0.8890357 0.002904596 <list[8]>              FALSE      0.1614029
INFO  [23:48:31.858] [bbotk]  warnings errors runtime_learners                                uhash
INFO  [23:48:31.858] [bbotk]         0      0           59.514 5464645d-2ddb-4268-bb0b-f2d5f7275d80
INFO  [23:48:39.084] [bbotk] Evaluating 1 configuration(s)
INFO  [23:50:39.955] [bbotk] Result of batch 48:
INFO  [23:50:39.964] [bbotk]      alpha colsample_bylevel colsample_bytree       eta   lambda max_depth
INFO  [23:50:39.964] [bbotk]  -6.249464         0.9750174        0.9236308 -3.107275 4.827518        14
INFO  [23:50:39.964] [bbotk]  nrounds subsample      acq_ei  x_domain .already_evaluated classif.bbrier
INFO  [23:50:39.964] [bbotk]     2738 0.8544067 0.003048115 <list[8]>              FALSE      0.1683664
INFO  [23:50:39.964] [bbotk]  warnings errors runtime_learners                                uhash
INFO  [23:50:39.964] [bbotk]         0      0          120.604 134f0c94-418a-40dd-ae7f-ef0be228549e
INFO  [23:50:51.248] [bbotk] Evaluating 1 configuration(s)
INFO  [23:52:49.951] [bbotk] Result of batch 49:
INFO  [23:52:49.999] [bbotk]     alpha colsample_bylevel colsample_bytree       eta   lambda max_depth
INFO  [23:52:49.999] [bbotk]  -3.16217         0.4131514        0.9297875 -4.722323 4.607684        20
INFO  [23:52:49.999] [bbotk]  nrounds subsample      acq_ei  x_domain .already_evaluated classif.bbrier
INFO  [23:52:49.999] [bbotk]     4563 0.9794258 0.002782656 <list[8]>              FALSE      0.1609494
INFO  [23:52:49.999] [bbotk]  warnings errors runtime_learners                                uhash
INFO  [23:52:49.999] [bbotk]         0      0          118.168 ace1f4c7-6018-4875-9348-861f6292d0e6
INFO  [23:53:02.079] [bbotk] Evaluating 1 configuration(s)
INFO  [23:53:31.302] [bbotk] Result of batch 50:
INFO  [23:53:31.311] [bbotk]      alpha colsample_bylevel colsample_bytree       eta    lambda max_depth
INFO  [23:53:31.311] [bbotk]  -1.578853         0.1021823        0.5237867 -5.969824 -1.241493        13
INFO  [23:53:31.311] [bbotk]  nrounds subsample      acq_ei  x_domain .already_evaluated classif.bbrier
INFO  [23:53:31.311] [bbotk]     4780 0.3216103 0.002638033 <list[8]>              FALSE      0.1601804
INFO  [23:53:31.311] [bbotk]  warnings errors runtime_learners                                uhash
INFO  [23:53:31.311] [bbotk]         0      0           28.916 6f4550d8-86e9-4eac-8679-0f22f6c3b46e
INFO  [23:53:41.281] [bbotk] Evaluating 1 configuration(s)
INFO  [23:54:11.691] [bbotk] Result of batch 51:
INFO  [23:54:11.713] [bbotk]      alpha colsample_bylevel colsample_bytree       eta    lambda max_depth
INFO  [23:54:11.713] [bbotk]  -1.030477         0.1670949        0.8904293 -5.538539 -1.861784        13
INFO  [23:54:11.713] [bbotk]  nrounds subsample      acq_ei  x_domain .already_evaluated classif.bbrier
INFO  [23:54:11.713] [bbotk]     4894 0.1893027 0.002636411 <list[8]>              FALSE      0.1623116
INFO  [23:54:11.713] [bbotk]  warnings errors runtime_learners                                uhash
INFO  [23:54:11.713] [bbotk]         0      0           30.066 c23d444f-ceb5-4aea-abcd-c4609957ffcd
INFO  [23:54:18.915] [bbotk] Evaluating 1 configuration(s)
INFO  [23:54:39.285] [bbotk] Result of batch 52:
INFO  [23:54:39.293] [bbotk]      alpha colsample_bylevel colsample_bytree      eta   lambda max_depth
INFO  [23:54:39.293] [bbotk]  -2.557007         0.1996508        0.2260004 -4.76681 4.663505        18
INFO  [23:54:39.293] [bbotk]  nrounds subsample      acq_ei  x_domain .already_evaluated classif.bbrier
INFO  [23:54:39.293] [bbotk]     4895 0.7843019 0.003350705 <list[8]>              FALSE      0.1666445
INFO  [23:54:39.293] [bbotk]  warnings errors runtime_learners                                uhash
INFO  [23:54:39.293] [bbotk]         0      0           20.153 c72970d4-2735-46fa-95f1-f557ebe430f1
INFO  [23:54:46.177] [bbotk] Evaluating 1 configuration(s)
INFO  [23:55:25.642] [bbotk] Result of batch 53:
INFO  [23:55:25.661] [bbotk]      alpha colsample_bylevel colsample_bytree       eta    lambda max_depth
INFO  [23:55:25.661] [bbotk]  -6.014483         0.7502871        0.6642919 -5.251894 -6.340466        12
INFO  [23:55:25.661] [bbotk]  nrounds subsample      acq_ei  x_domain .already_evaluated classif.bbrier
INFO  [23:55:25.661] [bbotk]     1332 0.4139173 0.003116085 <list[8]>              FALSE      0.1670541
INFO  [23:55:25.661] [bbotk]  warnings errors runtime_learners                                uhash
INFO  [23:55:25.661] [bbotk]         0      0           39.247 651d16e5-b570-44bb-84f1-fe4610f6bd54
INFO  [23:55:32.795] [bbotk] Evaluating 1 configuration(s)
INFO  [23:55:38.929] [bbotk] Result of batch 54:
INFO  [23:55:38.950] [bbotk]     alpha colsample_bylevel colsample_bytree      eta   lambda max_depth
INFO  [23:55:38.950] [bbotk]  1.426239         0.9844224          0.40541 -1.31111 5.140773        16
INFO  [23:55:38.950] [bbotk]  nrounds subsample      acq_ei  x_domain .already_evaluated classif.bbrier
INFO  [23:55:38.950] [bbotk]      335 0.4739612 0.002461717 <list[8]>              FALSE      0.1614067
INFO  [23:55:38.950] [bbotk]  warnings errors runtime_learners                                uhash
INFO  [23:55:38.950] [bbotk]         0      0            5.742 869a395a-5e6c-4bb8-a907-ca8494e1aee4
WARN  [23:55:41.338] [mlr3] train: Stopped because hard maximum generation limit was hit.
INFO  [23:55:48.630] [bbotk] Evaluating 1 configuration(s)
INFO  [23:56:26.980] [bbotk] Result of batch 55:
INFO  [23:56:26.996] [bbotk]      alpha colsample_bylevel colsample_bytree       eta    lambda max_depth
INFO  [23:56:26.996] [bbotk]  -2.732586         0.2077567        0.7921517 -6.142446 -2.383105        18
INFO  [23:56:26.996] [bbotk]  nrounds subsample      acq_ei  x_domain .already_evaluated classif.bbrier
INFO  [23:56:26.996] [bbotk]     4906 0.3774748 0.002657883 <list[8]>              FALSE      0.1631098
INFO  [23:56:26.996] [bbotk]  warnings errors runtime_learners                                uhash
INFO  [23:56:26.996] [bbotk]         0      0           37.706 c2615c1c-b9d3-4ecc-beb3-235f57514e59
INFO  [23:56:39.040] [bbotk] Evaluating 1 configuration(s)
INFO  [23:57:20.357] [bbotk] Result of batch 56:
INFO  [23:57:20.367] [bbotk]      alpha colsample_bylevel colsample_bytree       eta    lambda max_depth
INFO  [23:57:20.367] [bbotk]  -6.049862         0.5534827        0.5261102 -4.895317 0.1166226        20
INFO  [23:57:20.367] [bbotk]  nrounds subsample      acq_ei  x_domain .already_evaluated classif.bbrier
INFO  [23:57:20.367] [bbotk]     2401  0.406128 0.002515269 <list[8]>              FALSE      0.1695015
INFO  [23:57:20.367] [bbotk]  warnings errors runtime_learners                                uhash
INFO  [23:57:20.367] [bbotk]         0      0           40.988 801e4a13-27fa-429e-8da1-4a5be40f5a2d
INFO  [23:57:34.445] [bbotk] Evaluating 1 configuration(s)
INFO  [23:57:39.860] [bbotk] Result of batch 57:
INFO  [23:57:39.869] [bbotk]     alpha colsample_bylevel colsample_bytree       eta    lambda max_depth
INFO  [23:57:39.869] [bbotk]  -4.20955         0.1237411        0.1358325 -4.221244 -3.839857        11
INFO  [23:57:39.869] [bbotk]  nrounds subsample      acq_ei  x_domain .already_evaluated classif.bbrier
INFO  [23:57:39.869] [bbotk]      568 0.2448042 0.002803931 <list[8]>              FALSE      0.1759962
INFO  [23:57:39.869] [bbotk]  warnings errors runtime_learners                                uhash
INFO  [23:57:39.869] [bbotk]         0      0            4.801 d16145d6-ccbb-41d0-b532-5b487773e063
INFO  [23:57:49.791] [bbotk] Evaluating 1 configuration(s)
INFO  [23:57:56.245] [bbotk] Result of batch 58:
INFO  [23:57:56.282] [bbotk]      alpha colsample_bylevel colsample_bytree       eta   lambda max_depth
INFO  [23:57:56.282] [bbotk]  -6.877524         0.9700928        0.7858211 -3.966297 4.615313        20
INFO  [23:57:56.282] [bbotk]  nrounds subsample      acq_ei  x_domain .already_evaluated classif.bbrier
INFO  [23:57:56.282] [bbotk]       27 0.9643574 0.002650998 <list[8]>              FALSE      0.2272537
INFO  [23:57:56.282] [bbotk]  warnings errors runtime_learners                                uhash
INFO  [23:57:56.282] [bbotk]         0      0            5.625 f843f58f-9faa-4c04-8ebc-e717c28ca12e
INFO  [23:58:07.046] [bbotk] Evaluating 1 configuration(s)
INFO  [23:59:11.734] [bbotk] Result of batch 59:
INFO  [23:59:11.750] [bbotk]      alpha colsample_bylevel colsample_bytree       eta   lambda max_depth
INFO  [23:59:11.750] [bbotk]  -4.049228         0.2322519        0.7764545 -5.270686 2.487457        18
INFO  [23:59:11.750] [bbotk]  nrounds subsample      acq_ei  x_domain .already_evaluated classif.bbrier
INFO  [23:59:11.750] [bbotk]     4220 0.8054981 0.004329354 <list[8]>              FALSE      0.1629979
INFO  [23:59:11.750] [bbotk]  warnings errors runtime_learners                                uhash
INFO  [23:59:11.750] [bbotk]         0      0           64.159 0c76f081-cb76-48d3-8636-cf42e42988f7
INFO  [23:59:19.181] [bbotk] Evaluating 1 configuration(s)
INFO  [23:59:49.793] [bbotk] Result of batch 60:
INFO  [23:59:49.829] [bbotk]      alpha colsample_bylevel colsample_bytree       eta    lambda max_depth
INFO  [23:59:49.829] [bbotk]  -6.036447         0.6172915        0.2971353 -4.863159 -1.703868         7
INFO  [23:59:49.829] [bbotk]  nrounds subsample      acq_ei  x_domain .already_evaluated classif.bbrier
INFO  [23:59:49.829] [bbotk]     2138 0.9048737 0.003578428 <list[8]>              FALSE      0.1749054
INFO  [23:59:49.829] [bbotk]  warnings errors runtime_learners                                uhash
INFO  [23:59:49.829] [bbotk]         0      0            30.25 ee83f898-a9ff-44f5-b74c-b8a883c35d75
INFO  [00:00:05.154] [bbotk] Evaluating 1 configuration(s)
INFO  [00:01:06.683] [bbotk] Result of batch 61:
INFO  [00:01:06.692] [bbotk]      alpha colsample_bylevel colsample_bytree       eta   lambda max_depth
INFO  [00:01:06.692] [bbotk]  -4.991738         0.8463813        0.4580547 -3.873809 3.843659        14
INFO  [00:01:06.692] [bbotk]  nrounds subsample      acq_ei  x_domain .already_evaluated classif.bbrier
INFO  [00:01:06.692] [bbotk]     4188 0.6650627 0.009646134 <list[8]>              FALSE      0.1674695
INFO  [00:01:06.692] [bbotk]  warnings errors runtime_learners                                uhash
INFO  [00:01:06.692] [bbotk]         0      0           61.258 caf09f43-1a0c-45d4-9a33-a41d90edda62
INFO  [00:01:18.192] [bbotk] Evaluating 1 configuration(s)
INFO  [00:01:36.152] [bbotk] Result of batch 62:
INFO  [00:01:36.175] [bbotk]      alpha colsample_bylevel colsample_bytree       eta   lambda max_depth
INFO  [00:01:36.175] [bbotk]  -4.965977         0.7886233        0.3257037 -3.554344 3.427386         2
INFO  [00:01:36.175] [bbotk]  nrounds subsample      acq_ei  x_domain .already_evaluated classif.bbrier
INFO  [00:01:36.175] [bbotk]     2911 0.9844108 0.003186833 <list[8]>              FALSE      0.1665843
INFO  [00:01:36.175] [bbotk]  warnings errors runtime_learners                                uhash
INFO  [00:01:36.175] [bbotk]         0      0           17.713 7642bbfb-2384-4471-a1a4-8f777a2bc3e1
INFO  [00:01:45.722] [bbotk] Evaluating 1 configuration(s)
INFO  [00:02:10.296] [bbotk] Result of batch 63:
INFO  [00:02:10.308] [bbotk]      alpha colsample_bylevel colsample_bytree       eta   lambda max_depth
INFO  [00:02:10.308] [bbotk]  -5.273806          0.131604        0.6902214 -3.463889 6.247132         7
INFO  [00:02:10.308] [bbotk]  nrounds subsample      acq_ei  x_domain .already_evaluated classif.bbrier
INFO  [00:02:10.308] [bbotk]     3055 0.8864853 0.004732518 <list[8]>              FALSE      0.1635935
INFO  [00:02:10.308] [bbotk]  warnings errors runtime_learners                                uhash
INFO  [00:02:10.308] [bbotk]         0      0           23.998 1e39da41-0bf5-4548-919c-c503d7d60eb0
INFO  [00:02:18.958] [bbotk] Evaluating 1 configuration(s)
INFO  [00:02:28.225] [bbotk] Result of batch 64:
INFO  [00:02:28.245] [bbotk]     alpha colsample_bylevel colsample_bytree       eta   lambda max_depth
INFO  [00:02:28.245] [bbotk]  1.300809         0.3006602        0.4084026 -1.191932 6.438879         8
INFO  [00:02:28.245] [bbotk]  nrounds subsample      acq_ei  x_domain .already_evaluated classif.bbrier
INFO  [00:02:28.245] [bbotk]      279 0.5336095 0.002529457 <list[8]>              FALSE      0.1771609
INFO  [00:02:28.245] [bbotk]  warnings errors runtime_learners                                uhash
INFO  [00:02:28.245] [bbotk]         0      0             8.66 345ae240-51d5-480f-9a96-12115f08bbe6
INFO  [00:02:36.400] [bbotk] Evaluating 1 configuration(s)
INFO  [00:03:19.651] [bbotk] Result of batch 65:
INFO  [00:03:19.671] [bbotk]      alpha colsample_bylevel colsample_bytree       eta    lambda max_depth
INFO  [00:03:19.671] [bbotk]  0.8892949         0.3964787        0.9620807 -3.382784 -5.932913        11
INFO  [00:03:19.671] [bbotk]  nrounds subsample      acq_ei  x_domain .already_evaluated classif.bbrier
INFO  [00:03:19.671] [bbotk]     4398 0.6663809 0.006473868 <list[8]>              FALSE      0.1777247
INFO  [00:03:19.671] [bbotk]  warnings errors runtime_learners                                uhash
INFO  [00:03:19.671] [bbotk]         0      0           43.063 b50d4331-749b-492e-b14a-812e82d7f8df
WARN  [00:03:21.646] [mlr3] train: Stopped because hard maximum generation limit was hit.
INFO  [00:03:31.013] [bbotk] Evaluating 1 configuration(s)
INFO  [00:03:42.926] [bbotk] Result of batch 66:
INFO  [00:03:42.935] [bbotk]     alpha colsample_bylevel colsample_bytree       eta   lambda max_depth
INFO  [00:03:42.935] [bbotk]  2.087022         0.8125827        0.3843255 -1.041781 5.768834        12
INFO  [00:03:42.935] [bbotk]  nrounds subsample      acq_ei  x_domain .already_evaluated classif.bbrier
INFO  [00:03:42.935] [bbotk]      940 0.8256006 0.002826649 <list[8]>              FALSE      0.1612356
INFO  [00:03:42.935] [bbotk]  warnings errors runtime_learners                                uhash
INFO  [00:03:42.935] [bbotk]         0      0           11.621 c458c3a0-ac0f-4658-9a29-713bde480be7
INFO  [00:03:55.063] [bbotk] Evaluating 1 configuration(s)
INFO  [00:04:55.598] [bbotk] Result of batch 67:
INFO  [00:04:55.604] [bbotk]      alpha colsample_bylevel colsample_bytree       eta   lambda max_depth
INFO  [00:04:55.604] [bbotk]  -5.577136          0.845269        0.7488828 -2.705806 6.051746         4
INFO  [00:04:55.604] [bbotk]  nrounds subsample      acq_ei  x_domain .already_evaluated classif.bbrier
INFO  [00:04:55.604] [bbotk]     3826 0.9675337 0.003812243 <list[8]>              FALSE      0.1642251
INFO  [00:04:55.604] [bbotk]  warnings errors runtime_learners                                uhash
INFO  [00:04:55.604] [bbotk]         0      0           60.054 7908b50d-4b36-4859-874f-a4bc54705a98
INFO  [00:05:05.864] [bbotk] Evaluating 1 configuration(s)
INFO  [00:05:40.397] [bbotk] Result of batch 68:
INFO  [00:05:40.406] [bbotk]      alpha colsample_bylevel colsample_bytree      eta    lambda max_depth
INFO  [00:05:40.406] [bbotk]  0.7214216         0.1116578        0.9304324 -6.71872 -3.801644        12
INFO  [00:05:40.406] [bbotk]  nrounds subsample      acq_ei  x_domain .already_evaluated classif.bbrier
INFO  [00:05:40.406] [bbotk]     4522 0.7563575 0.003432115 <list[8]>              FALSE      0.1619085
INFO  [00:05:40.406] [bbotk]  warnings errors runtime_learners                                uhash
INFO  [00:05:40.406] [bbotk]         0      0           34.317 033a02a6-de2f-46f6-aac9-c27451d9bdad
WARN  [00:05:43.885] [mlr3] train: Stopped because hard maximum generation limit was hit.
INFO  [00:05:52.925] [bbotk] Evaluating 1 configuration(s)
INFO  [00:06:30.632] [bbotk] Result of batch 69:
INFO  [00:06:30.641] [bbotk]      alpha colsample_bylevel colsample_bytree       eta    lambda max_depth
INFO  [00:06:30.641] [bbotk]  -2.667125         0.1615606        0.9586705 -5.640213 -1.010861        18
INFO  [00:06:30.641] [bbotk]  nrounds subsample     acq_ei  x_domain .already_evaluated classif.bbrier
INFO  [00:06:30.641] [bbotk]     2979 0.6597032 0.00283271 <list[8]>              FALSE      0.1654969
INFO  [00:06:30.641] [bbotk]  warnings errors runtime_learners                                uhash
INFO  [00:06:30.641] [bbotk]         0      0           37.351 d4dda0f3-d520-4662-a9c0-92d0d4ef040f
INFO  [00:06:33.161] [bbotk] Finished optimizing after 100 evaluation(s)
INFO  [00:06:33.199] [bbotk] Result:
INFO  [00:06:33.209] [bbotk]       alpha colsample_bylevel colsample_bytree       eta    lambda max_depth
INFO  [00:06:33.209] [bbotk]       <num>             <num>            <num>     <num>     <num>     <int>
INFO  [00:06:33.209] [bbotk]  -0.1765713         0.1584314        0.9866186 -6.363351 -2.367803        20
INFO  [00:06:33.209] [bbotk]  nrounds subsample learner_param_vals  x_domain classif.bbrier
INFO  [00:06:33.209] [bbotk]    <int>     <num>             <list>    <list>          <num>
INFO  [00:06:33.209] [bbotk]     4349 0.3210337         <list[10]> <list[8]>      0.1597666
[1] -56.22995
[1] 28.37503
[1] -39.16292
[1] 39.78919
[1] -19.68132
[1] 47.5411
[1] -29.28849
[1] 45.13604
[1] -110.5263
[1] 11.18052

### [bt]: Job terminated successfully [batchtools job.id=302]
### [bt]: Calculation finished!
