### [bt]: This is batchtools v0.9.17
### [bt]: Starting calculation of 1 jobs
### [bt]: Setting working directory to '/content/drive/MyDrive/GitHub/Mater_Thesis_Calibration'
ece.R :
Friedmann_tasks.R :
Functions.R :
ici.R :
mse_feature_effects.R :
PipeOpCalibration_TuningExperiment.R :
PipeOpCalibration.R :
PipeOpCalibrationUnion.R :
### [bt]: Memory measurement disabled
### [bt]: Starting job [batchtools job.id=806]
### [bt]: Generating problem instance for problem 'b541340d6c2eb21d' ...
### [bt]: Applying algorithm 'run_learner' on problem 'b541340d6c2eb21d' for job 806 (seed = 929) ...
INFO  [10:27:03.657] [mlr3] Applying learner 'kknn TbC platt' on task 'kc1' (iter 6/10)
INFO  [10:27:06.433] [bbotk] Starting to optimize 3 parameter(s) with '<OptimizerMbo>' and '<TerminatorEvals> [n_evals=100, k=0]'
INFO  [10:27:07.766] [bbotk] Evaluating 12 configuration(s)
INFO  [10:27:47.521] [bbotk] Result of batch 1:
INFO  [10:27:47.572] [bbotk]          k distance       kernel classif.bbrier warnings errors
INFO  [10:27:47.572] [bbotk]  3.7763205 1.276112         rank      0.1089036        0      0
INFO  [10:27:47.572] [bbotk]  1.8104077 3.276112    triweight      0.1336371        0      0
INFO  [10:27:47.572] [bbotk]  0.8274513 2.276112          inv      0.1381102        0      0
INFO  [10:27:47.572] [bbotk]  2.7933641 4.276112      optimal      0.1134756        0      0
INFO  [10:27:47.572] [bbotk]  0.3359731 4.776112     gaussian      0.1675332        0      0
INFO  [10:27:47.572] [bbotk]  2.3018859 2.776112 epanechnikov      0.1192287        0      0
INFO  [10:27:47.572] [bbotk]  1.3189295 1.776112  rectangular      0.1303061        0      0
INFO  [10:27:47.572] [bbotk]  3.2848423 3.776112          cos      0.1129531        0      0
INFO  [10:27:47.572] [bbotk]  0.0902340 1.026112 epanechnikov      0.1559523        0      0
INFO  [10:27:47.572] [bbotk]  2.0561468 3.026112          inv      0.1187542        0      0
INFO  [10:27:47.572] [bbotk]  1.0731904 4.026112    triweight      0.1542951        0      0
INFO  [10:27:47.572] [bbotk]  3.0391032 2.026112  rectangular      0.1116923        0      0
INFO  [10:27:47.572] [bbotk]  runtime_learners                                uhash
INFO  [10:27:47.572] [bbotk]             3.948 b8a2f31e-fd7a-4991-b132-b1fb260f804f
INFO  [10:27:47.572] [bbotk]             3.121 ce6fb353-fed9-4b63-b26f-ee5a532b4ba9
INFO  [10:27:47.572] [bbotk]             2.559 9a8b16c2-eada-4ee8-965a-cb0070a7f320
INFO  [10:27:47.572] [bbotk]             4.143 45bac0fe-e5ca-4fb0-9899-8d439c7a382f
INFO  [10:27:47.572] [bbotk]             3.100 adc7ca89-d5de-418b-989f-d5383c9f556c
INFO  [10:27:47.572] [bbotk]             4.059 b970ebd2-2a97-4cef-a5f4-db6fe8e25c55
INFO  [10:27:47.572] [bbotk]             4.390 f3852ce0-dcb2-4673-81dd-af4db3e62111
INFO  [10:27:47.572] [bbotk]             2.942 f28fb7b9-275c-4564-a268-bda4b3c3ecc9
INFO  [10:27:47.572] [bbotk]             2.146 97fa3500-1c1e-46af-bcc6-63a5f490d2d3
INFO  [10:27:47.572] [bbotk]             1.818 d26b4ac6-9660-4dc4-9bfb-811b435e1523
INFO  [10:27:47.572] [bbotk]             2.101 17b59bc4-63d8-4b54-acdc-8c433e5edb03
INFO  [10:27:47.572] [bbotk]             2.406 544a22da-86ca-446e-9c17-5da5154af233
INFO  [10:27:51.362] [bbotk] Evaluating 1 configuration(s)
INFO  [10:27:55.302] [bbotk] Result of batch 2:
INFO  [10:27:55.345] [bbotk]         k distance kernel       acq_ei  x_domain .already_evaluated
INFO  [10:27:55.345] [bbotk]  3.194467  1.24639   rank 0.0009500573 <list[3]>              FALSE
INFO  [10:27:55.345] [bbotk]  classif.bbrier warnings errors runtime_learners
INFO  [10:27:55.345] [bbotk]       0.1096084        0      0             3.42
INFO  [10:27:55.345] [bbotk]                                 uhash
INFO  [10:27:55.345] [bbotk]  00b279c1-0603-4968-9c37-2719c4de1288
INFO  [10:28:01.802] [bbotk] Evaluating 1 configuration(s)
INFO  [10:28:07.860] [bbotk] Result of batch 3:
INFO  [10:28:07.935] [bbotk]         k distance  kernel     acq_ei  x_domain .already_evaluated
INFO  [10:28:07.935] [bbotk]  2.592764 4.509286 optimal 0.00151339 <list[3]>              FALSE
INFO  [10:28:07.935] [bbotk]  classif.bbrier warnings errors runtime_learners
INFO  [10:28:07.935] [bbotk]       0.1146117        0      0            5.161
INFO  [10:28:07.935] [bbotk]                                 uhash
INFO  [10:28:07.935] [bbotk]  716147e1-170a-43ed-addf-82896bc9fc23
INFO  [10:28:12.975] [bbotk] Evaluating 1 configuration(s)
INFO  [10:28:16.685] [bbotk] Result of batch 4:
INFO  [10:28:16.711] [bbotk]         k distance  kernel      acq_ei  x_domain .already_evaluated
INFO  [10:28:16.711] [bbotk]  3.359609 4.630586 optimal 0.001026764 <list[3]>              FALSE
INFO  [10:28:16.711] [bbotk]  classif.bbrier warnings errors runtime_learners
INFO  [10:28:16.711] [bbotk]       0.1115685        0      0            3.105
INFO  [10:28:16.711] [bbotk]                                 uhash
INFO  [10:28:16.711] [bbotk]  3f8012f3-71ed-40c8-82c4-1467d2f3cbc6
INFO  [10:28:23.459] [bbotk] Evaluating 1 configuration(s)
INFO  [10:28:27.173] [bbotk] Result of batch 5:
INFO  [10:28:27.241] [bbotk]         k distance kernel       acq_ei  x_domain .already_evaluated
INFO  [10:28:27.241] [bbotk]  3.384921 1.149496   rank 0.0009278934 <list[3]>              FALSE
INFO  [10:28:27.241] [bbotk]  classif.bbrier warnings errors runtime_learners
INFO  [10:28:27.241] [bbotk]       0.1092797        0      0            3.349
INFO  [10:28:27.241] [bbotk]                                 uhash
INFO  [10:28:27.241] [bbotk]  edf1fb99-d923-4e62-a79e-7408102bba35
INFO  [10:28:31.272] [bbotk] Evaluating 1 configuration(s)
INFO  [10:28:34.793] [bbotk] Result of batch 6:
INFO  [10:28:34.823] [bbotk]         k distance kernel       acq_ei  x_domain .already_evaluated
INFO  [10:28:34.823] [bbotk]  3.919225 1.114814   rank 0.0008180798 <list[3]>              FALSE
INFO  [10:28:34.823] [bbotk]  classif.bbrier warnings errors runtime_learners
INFO  [10:28:34.823] [bbotk]       0.1085703        0      0            3.294
INFO  [10:28:34.823] [bbotk]                                 uhash
INFO  [10:28:34.823] [bbotk]  99513835-c4b8-4132-a9a1-50c4063b6b9e
INFO  [10:28:38.534] [bbotk] Evaluating 1 configuration(s)
INFO  [10:28:42.335] [bbotk] Result of batch 7:
INFO  [10:28:42.437] [bbotk]         k distance kernel      acq_ei  x_domain .already_evaluated
INFO  [10:28:42.437] [bbotk]  3.671856  1.07139   rank 0.001006078 <list[3]>              FALSE
INFO  [10:28:42.437] [bbotk]  classif.bbrier warnings errors runtime_learners
INFO  [10:28:42.437] [bbotk]       0.1088849        0      0            3.128
INFO  [10:28:42.437] [bbotk]                                 uhash
INFO  [10:28:42.437] [bbotk]  a84b62dc-cd8b-4bd3-a91e-3c71204e9bb5
INFO  [10:28:46.829] [bbotk] Evaluating 1 configuration(s)
INFO  [10:28:50.200] [bbotk] Result of batch 8:
INFO  [10:28:50.226] [bbotk]         k distance kernel      acq_ei  x_domain .already_evaluated
INFO  [10:28:50.226] [bbotk]  3.710626 1.003921    cos 0.001464171 <list[3]>              FALSE
INFO  [10:28:50.226] [bbotk]  classif.bbrier warnings errors runtime_learners
INFO  [10:28:50.226] [bbotk]       0.1078996        0      0            2.448
INFO  [10:28:50.226] [bbotk]                                 uhash
INFO  [10:28:50.226] [bbotk]  c07b50c0-4546-4d75-a301-f7598b85383a
INFO  [10:28:54.818] [bbotk] Evaluating 1 configuration(s)
INFO  [10:28:58.705] [bbotk] Result of batch 9:
INFO  [10:28:58.724] [bbotk]         k distance kernel      acq_ei  x_domain .already_evaluated
INFO  [10:28:58.724] [bbotk]  3.454574 4.676047   rank 0.001556348 <list[3]>              FALSE
INFO  [10:28:58.724] [bbotk]  classif.bbrier warnings errors runtime_learners
INFO  [10:28:58.724] [bbotk]       0.1119031        0      0             3.49
INFO  [10:28:58.724] [bbotk]                                 uhash
INFO  [10:28:58.724] [bbotk]  755a1c39-537b-4bb2-bc55-c356ff4cd41f
INFO  [10:29:02.857] [bbotk] Evaluating 1 configuration(s)
INFO  [10:29:08.789] [bbotk] Result of batch 10:
INFO  [10:29:08.817] [bbotk]        k distance kernel   acq_ei  x_domain .already_evaluated classif.bbrier
INFO  [10:29:08.817] [bbotk]  3.61177 1.054796    cos 0.001318 <list[3]>              FALSE      0.1080274
INFO  [10:29:08.817] [bbotk]  warnings errors runtime_learners                                uhash
INFO  [10:29:08.817] [bbotk]         0      0            5.506 0c972521-8978-4cf6-8802-6b9c26e8748f
INFO  [10:29:13.076] [bbotk] Evaluating 1 configuration(s)
INFO  [10:29:15.676] [bbotk] Result of batch 11:
INFO  [10:29:15.700] [bbotk]         k distance kernel      acq_ei  x_domain .already_evaluated
INFO  [10:29:15.700] [bbotk]  3.405557 4.891221    cos 0.001246258 <list[3]>              FALSE
INFO  [10:29:15.700] [bbotk]  classif.bbrier warnings errors runtime_learners
INFO  [10:29:15.700] [bbotk]        0.112972        0      0            2.365
INFO  [10:29:15.700] [bbotk]                                 uhash
INFO  [10:29:15.700] [bbotk]  b1547f0c-4ee9-4d6a-aa74-6b9544ee23a8
INFO  [10:29:19.257] [bbotk] Evaluating 1 configuration(s)
INFO  [10:29:22.165] [bbotk] Result of batch 12:
INFO  [10:29:22.183] [bbotk]        k distance kernel       acq_ei  x_domain .already_evaluated
INFO  [10:29:22.183] [bbotk]  3.45151 1.013871   rank 0.0008443684 <list[3]>              FALSE
INFO  [10:29:22.183] [bbotk]  classif.bbrier warnings errors runtime_learners
INFO  [10:29:22.183] [bbotk]       0.1091317        0      0             2.44
INFO  [10:29:22.183] [bbotk]                                 uhash
INFO  [10:29:22.183] [bbotk]  f2685eb3-727b-4c4e-9621-1ffa6c9ef40a
INFO  [10:29:26.967] [bbotk] Evaluating 1 configuration(s)
INFO  [10:29:28.740] [bbotk] Result of batch 13:
INFO  [10:29:28.764] [bbotk]         k distance kernel      acq_ei  x_domain .already_evaluated
INFO  [10:29:28.764] [bbotk]  2.330059 4.803123   rank 0.001114158 <list[3]>              FALSE
INFO  [10:29:28.764] [bbotk]  classif.bbrier warnings errors runtime_learners
INFO  [10:29:28.764] [bbotk]       0.1168979        0      0            1.506
INFO  [10:29:28.764] [bbotk]                                 uhash
INFO  [10:29:28.764] [bbotk]  cfdfe254-575e-4fb4-bdea-c55bac8cea08
INFO  [10:29:32.122] [bbotk] Evaluating 1 configuration(s)
INFO  [10:29:34.553] [bbotk] Result of batch 14:
INFO  [10:29:34.575] [bbotk]         k distance kernel       acq_ei  x_domain .already_evaluated
INFO  [10:29:34.575] [bbotk]  2.050439 4.263767    inv 0.0007848815 <list[3]>              FALSE
INFO  [10:29:34.575] [bbotk]  classif.bbrier warnings errors runtime_learners
INFO  [10:29:34.575] [bbotk]       0.1183422        0      0            2.046
INFO  [10:29:34.575] [bbotk]                                 uhash
INFO  [10:29:34.575] [bbotk]  44ad9857-cebc-464a-8aed-e42e2ac1af32
INFO  [10:29:38.393] [bbotk] Evaluating 1 configuration(s)
INFO  [10:29:40.538] [bbotk] Result of batch 15:
INFO  [10:29:40.584] [bbotk]         k distance kernel      acq_ei  x_domain .already_evaluated
INFO  [10:29:40.584] [bbotk]  1.998589 1.326554    cos 0.000426177 <list[3]>              FALSE
INFO  [10:29:40.584] [bbotk]  classif.bbrier warnings errors runtime_learners
INFO  [10:29:40.584] [bbotk]        0.116527        0      0            1.904
INFO  [10:29:40.584] [bbotk]                                 uhash
INFO  [10:29:40.584] [bbotk]  d16b049c-648c-42b3-bf15-2986c46096bf
INFO  [10:29:45.491] [bbotk] Evaluating 1 configuration(s)
INFO  [10:29:50.410] [bbotk] Result of batch 16:
INFO  [10:29:50.454] [bbotk]       k distance   kernel      acq_ei  x_domain .already_evaluated
INFO  [10:29:50.454] [bbotk]  3.8511 1.118279 gaussian 0.001065645 <list[3]>              FALSE
INFO  [10:29:50.454] [bbotk]  classif.bbrier warnings errors runtime_learners
INFO  [10:29:50.454] [bbotk]       0.1067515        0      0            4.576
INFO  [10:29:50.454] [bbotk]                                 uhash
INFO  [10:29:50.454] [bbotk]  8b2800d9-1c1d-4bcc-9bf2-077f9e745533
INFO  [10:29:54.395] [bbotk] Evaluating 1 configuration(s)
INFO  [10:29:57.912] [bbotk] Result of batch 17:
INFO  [10:29:57.933] [bbotk]        k distance      kernel       acq_ei  x_domain .already_evaluated
INFO  [10:29:57.933] [bbotk]  3.86294 1.223278 rectangular 0.0006416489 <list[3]>              FALSE
INFO  [10:29:57.933] [bbotk]  classif.bbrier warnings errors runtime_learners
INFO  [10:29:57.933] [bbotk]       0.1090484        0      0            3.199
INFO  [10:29:57.933] [bbotk]                                 uhash
INFO  [10:29:57.933] [bbotk]  c344eeda-d752-435c-873d-9939eb0cec3c
INFO  [10:30:05.619] [bbotk] Evaluating 1 configuration(s)
INFO  [10:30:10.189] [bbotk] Result of batch 18:
INFO  [10:30:10.257] [bbotk]         k distance   kernel       acq_ei  x_domain .already_evaluated
INFO  [10:30:10.257] [bbotk]  3.902395 4.781672 gaussian 0.0005721488 <list[3]>              FALSE
INFO  [10:30:10.257] [bbotk]  classif.bbrier warnings errors runtime_learners
INFO  [10:30:10.257] [bbotk]       0.1097376        0      0            4.034
INFO  [10:30:10.257] [bbotk]                                 uhash
INFO  [10:30:10.257] [bbotk]  f36939fd-a2ed-4e62-8016-765f02a02387
INFO  [10:30:18.070] [bbotk] Evaluating 1 configuration(s)
INFO  [10:30:21.080] [bbotk] Result of batch 19:
INFO  [10:30:21.097] [bbotk]         k distance       kernel       acq_ei  x_domain .already_evaluated
INFO  [10:30:21.097] [bbotk]  3.506746 1.081637 epanechnikov 0.0008107418 <list[3]>              FALSE
INFO  [10:30:21.097] [bbotk]  classif.bbrier warnings errors runtime_learners
INFO  [10:30:21.097] [bbotk]       0.1082428        0      0            2.709
INFO  [10:30:21.097] [bbotk]                                 uhash
INFO  [10:30:21.097] [bbotk]  45670dca-401f-4293-a389-93f9ced53cbf
INFO  [10:30:30.618] [bbotk] Evaluating 1 configuration(s)
INFO  [10:30:34.662] [bbotk] Result of batch 20:
INFO  [10:30:34.676] [bbotk]         k distance kernel       acq_ei  x_domain .already_evaluated
INFO  [10:30:34.676] [bbotk]  2.962115  1.04617    cos 0.0007790638 <list[3]>              FALSE
INFO  [10:30:34.676] [bbotk]  classif.bbrier warnings errors runtime_learners
INFO  [10:30:34.676] [bbotk]       0.1090732        0      0            3.591
INFO  [10:30:34.676] [bbotk]                                 uhash
INFO  [10:30:34.676] [bbotk]  d0e71e98-0c39-49ab-947a-fc175783db8c
INFO  [10:30:44.274] [bbotk] Evaluating 1 configuration(s)
INFO  [10:30:46.607] [bbotk] Result of batch 21:
INFO  [10:30:46.648] [bbotk]         k distance       kernel       acq_ei  x_domain .already_evaluated
INFO  [10:30:46.648] [bbotk]  1.925691 1.001289 epanechnikov 0.0006588417 <list[3]>              FALSE
INFO  [10:30:46.648] [bbotk]  classif.bbrier warnings errors runtime_learners
INFO  [10:30:46.648] [bbotk]       0.1158743        0      0            2.041
INFO  [10:30:46.648] [bbotk]                                 uhash
INFO  [10:30:46.648] [bbotk]  71f1983c-98a9-4b4a-aded-0afe8bf9f970
INFO  [10:30:50.263] [bbotk] Evaluating 1 configuration(s)
INFO  [10:30:54.318] [bbotk] Result of batch 22:
INFO  [10:30:54.354] [bbotk]         k distance   kernel       acq_ei  x_domain .already_evaluated
INFO  [10:30:54.354] [bbotk]  3.713908 1.196927 gaussian 0.0004529618 <list[3]>              FALSE
INFO  [10:30:54.354] [bbotk]  classif.bbrier warnings errors runtime_learners
INFO  [10:30:54.354] [bbotk]       0.1067918        0      0            3.531
INFO  [10:30:54.354] [bbotk]                                 uhash
INFO  [10:30:54.354] [bbotk]  23022267-19f9-4d00-a21b-a794081ff4d8
INFO  [10:30:58.133] [bbotk] Evaluating 1 configuration(s)
INFO  [10:31:01.404] [bbotk] Result of batch 23:
INFO  [10:31:01.476] [bbotk]         k distance   kernel      acq_ei  x_domain .already_evaluated
INFO  [10:31:01.476] [bbotk]  3.567647 4.781286 gaussian 0.001062015 <list[3]>              FALSE
INFO  [10:31:01.476] [bbotk]  classif.bbrier warnings errors runtime_learners
INFO  [10:31:01.476] [bbotk]       0.1102957        0      0            2.878
INFO  [10:31:01.476] [bbotk]                                 uhash
INFO  [10:31:01.476] [bbotk]  6c22c759-7f6c-49ee-a43b-433680950fc4
INFO  [10:31:09.732] [bbotk] Evaluating 1 configuration(s)
INFO  [10:31:13.548] [bbotk] Result of batch 24:
INFO  [10:31:13.563] [bbotk]         k distance kernel      acq_ei  x_domain .already_evaluated
INFO  [10:31:13.563] [bbotk]  3.729139 1.067257    inv 0.000969893 <list[3]>              FALSE
INFO  [10:31:13.563] [bbotk]  classif.bbrier warnings errors runtime_learners
INFO  [10:31:13.563] [bbotk]       0.1078076        0      0            3.352
INFO  [10:31:13.563] [bbotk]                                 uhash
INFO  [10:31:13.563] [bbotk]  fdf68946-ffe8-4dcc-b100-98a03d7f1a0c
INFO  [10:31:22.470] [bbotk] Evaluating 1 configuration(s)
INFO  [10:31:29.274] [bbotk] Result of batch 25:
INFO  [10:31:29.315] [bbotk]         k distance   kernel       acq_ei  x_domain .already_evaluated
INFO  [10:31:29.315] [bbotk]  3.857966 1.030123 gaussian 0.0009448008 <list[3]>              FALSE
INFO  [10:31:29.315] [bbotk]  classif.bbrier warnings errors runtime_learners
INFO  [10:31:29.315] [bbotk]       0.1066778        0      0            6.486
INFO  [10:31:29.315] [bbotk]                                 uhash
INFO  [10:31:29.315] [bbotk]  99cbdf8a-c21c-4145-a0a8-fbae176e54b5
INFO  [10:31:33.600] [bbotk] Evaluating 1 configuration(s)
INFO  [10:31:37.012] [bbotk] Result of batch 26:
INFO  [10:31:37.100] [bbotk]         k distance  kernel      acq_ei  x_domain .already_evaluated
INFO  [10:31:37.100] [bbotk]  2.742289 1.019687 optimal 0.000697839 <list[3]>              FALSE
INFO  [10:31:37.100] [bbotk]  classif.bbrier warnings errors runtime_learners
INFO  [10:31:37.100] [bbotk]       0.1092175        0      0            3.083
INFO  [10:31:37.100] [bbotk]                                 uhash
INFO  [10:31:37.100] [bbotk]  99878e2a-46c2-432b-a7e2-cbaa609f058d
INFO  [10:31:41.820] [bbotk] Evaluating 1 configuration(s)
INFO  [10:31:45.049] [bbotk] Result of batch 27:
INFO  [10:31:45.068] [bbotk]         k distance       kernel       acq_ei  x_domain .already_evaluated
INFO  [10:31:45.068] [bbotk]  3.885632 1.023101 epanechnikov 0.0002893631 <list[3]>              FALSE
INFO  [10:31:45.068] [bbotk]  classif.bbrier warnings errors runtime_learners
INFO  [10:31:45.068] [bbotk]       0.1079705        0      0            2.845
INFO  [10:31:45.068] [bbotk]                                 uhash
INFO  [10:31:45.068] [bbotk]  74a16f1f-43ae-4dc7-aa58-d6993b4cc24b
INFO  [10:31:48.176] [bbotk] Evaluating 1 configuration(s)
INFO  [10:31:53.294] [bbotk] Result of batch 28:
INFO  [10:31:53.381] [bbotk]         k distance   kernel     acq_ei  x_domain .already_evaluated
INFO  [10:31:53.381] [bbotk]  3.785563 1.027032 gaussian 0.00149907 <list[3]>              FALSE
INFO  [10:31:53.381] [bbotk]  classif.bbrier warnings errors runtime_learners
INFO  [10:31:53.381] [bbotk]       0.1066496        0      0            4.372
INFO  [10:31:53.381] [bbotk]                                 uhash
INFO  [10:31:53.381] [bbotk]  387b3120-f239-4680-9ec3-ba60aa3c6b00
INFO  [10:31:58.414] [bbotk] Evaluating 1 configuration(s)
INFO  [10:32:04.710] [bbotk] Result of batch 29:
INFO  [10:32:04.748] [bbotk]         k distance   kernel       acq_ei  x_domain .already_evaluated
INFO  [10:32:04.748] [bbotk]  3.827034 4.708757 gaussian 0.0004741333 <list[3]>              FALSE
INFO  [10:32:04.748] [bbotk]  classif.bbrier warnings errors runtime_learners
INFO  [10:32:04.748] [bbotk]       0.1096867        0      0            5.905
INFO  [10:32:04.748] [bbotk]                                 uhash
INFO  [10:32:04.748] [bbotk]  9caf7fe2-d6ed-4b94-a850-fe93d2c08fe1
INFO  [10:32:11.630] [bbotk] Evaluating 1 configuration(s)
INFO  [10:32:14.502] [bbotk] Result of batch 30:
INFO  [10:32:14.545] [bbotk]         k distance   kernel       acq_ei  x_domain .already_evaluated
INFO  [10:32:14.545] [bbotk]  3.697235 4.705395 gaussian 0.0008013279 <list[3]>              FALSE
INFO  [10:32:14.545] [bbotk]  classif.bbrier warnings errors runtime_learners
INFO  [10:32:14.545] [bbotk]       0.1097314        0      0            2.453
INFO  [10:32:14.545] [bbotk]                                 uhash
INFO  [10:32:14.545] [bbotk]  f3c68f90-fb41-44de-84a3-811ad110242d
INFO  [10:32:23.111] [bbotk] Evaluating 1 configuration(s)
INFO  [10:32:25.583] [bbotk] Result of batch 31:
INFO  [10:32:25.619] [bbotk]        k distance kernel       acq_ei  x_domain .already_evaluated
INFO  [10:32:25.619] [bbotk]  1.36593 1.025199    cos 0.0008809563 <list[3]>              FALSE
INFO  [10:32:25.619] [bbotk]  classif.bbrier warnings errors runtime_learners
INFO  [10:32:25.619] [bbotk]       0.1245535        0      0            2.072
INFO  [10:32:25.619] [bbotk]                                 uhash
INFO  [10:32:25.619] [bbotk]  49e10e08-64db-42ff-92bf-042e96baad85
INFO  [10:32:29.585] [bbotk] Evaluating 1 configuration(s)
INFO  [10:32:33.057] [bbotk] Result of batch 32:
INFO  [10:32:33.079] [bbotk]        k distance      kernel      acq_ei  x_domain .already_evaluated
INFO  [10:32:33.079] [bbotk]  3.81723 1.124366 rectangular 0.000693632 <list[3]>              FALSE
INFO  [10:32:33.079] [bbotk]  classif.bbrier warnings errors runtime_learners
INFO  [10:32:33.079] [bbotk]       0.1088309        0      0            3.097
INFO  [10:32:33.079] [bbotk]                                 uhash
INFO  [10:32:33.079] [bbotk]  81a10b58-d886-463b-bffa-2a1186199c1f
INFO  [10:32:36.753] [bbotk] Evaluating 1 configuration(s)
INFO  [10:32:45.994] [bbotk] Result of batch 33:
INFO  [10:32:46.012] [bbotk]         k distance   kernel       acq_ei  x_domain .already_evaluated
INFO  [10:32:46.012] [bbotk]  3.511089 1.027451 gaussian 0.0009865649 <list[3]>              FALSE
INFO  [10:32:46.012] [bbotk]  classif.bbrier warnings errors runtime_learners
INFO  [10:32:46.012] [bbotk]       0.1070785        0      0            8.544
INFO  [10:32:46.012] [bbotk]                                 uhash
INFO  [10:32:46.012] [bbotk]  66cd1c4f-bfc7-4d7a-a89e-b2477a8eefc6
INFO  [10:32:49.559] [bbotk] Evaluating 1 configuration(s)
INFO  [10:32:54.795] [bbotk] Result of batch 34:
INFO  [10:32:54.844] [bbotk]         k distance kernel      acq_ei  x_domain .already_evaluated
INFO  [10:32:54.844] [bbotk]  3.575475 4.742089    inv 0.001014407 <list[3]>              FALSE
INFO  [10:32:54.844] [bbotk]  classif.bbrier warnings errors runtime_learners
INFO  [10:32:54.844] [bbotk]       0.1107209        0      0            4.291
INFO  [10:32:54.844] [bbotk]                                 uhash
INFO  [10:32:54.844] [bbotk]  88ab8827-ee4d-4c02-a83b-9a6c629c67d6
INFO  [10:32:58.562] [bbotk] Evaluating 1 configuration(s)
INFO  [10:33:02.809] [bbotk] Result of batch 35:
INFO  [10:33:02.884] [bbotk]         k distance   kernel       acq_ei  x_domain .already_evaluated
INFO  [10:33:02.884] [bbotk]  3.688824 4.828247 gaussian 0.0005848262 <list[3]>              FALSE
INFO  [10:33:02.884] [bbotk]  classif.bbrier warnings errors runtime_learners
INFO  [10:33:02.884] [bbotk]        0.109856        0      0            3.721
INFO  [10:33:02.884] [bbotk]                                 uhash
INFO  [10:33:02.884] [bbotk]  f2a4f5d7-6cc0-449c-a42c-7ef6d94ecb67
INFO  [10:33:06.399] [bbotk] Evaluating 1 configuration(s)
INFO  [10:33:09.695] [bbotk] Result of batch 36:
INFO  [10:33:09.744] [bbotk]         k distance kernel       acq_ei  x_domain .already_evaluated
INFO  [10:33:09.744] [bbotk]  3.787354 1.004424    cos 0.0006435373 <list[3]>              FALSE
INFO  [10:33:09.744] [bbotk]  classif.bbrier warnings errors runtime_learners
INFO  [10:33:09.744] [bbotk]       0.1077523        0      0             3.02
INFO  [10:33:09.744] [bbotk]                                 uhash
INFO  [10:33:09.744] [bbotk]  5dfcc012-301f-4ad3-8c2c-334ceff7e8d9
INFO  [10:33:16.276] [bbotk] Evaluating 1 configuration(s)
INFO  [10:33:23.312] [bbotk] Result of batch 37:
INFO  [10:33:23.327] [bbotk]         k distance   kernel      acq_ei  x_domain .already_evaluated
INFO  [10:33:23.327] [bbotk]  3.253498 1.026776 gaussian 0.000496678 <list[3]>              FALSE
INFO  [10:33:23.327] [bbotk]  classif.bbrier warnings errors runtime_learners
INFO  [10:33:23.327] [bbotk]       0.1076366        0      0             6.45
INFO  [10:33:23.327] [bbotk]                                 uhash
INFO  [10:33:23.327] [bbotk]  2c7a7229-414d-4cd7-b661-47587025f871
INFO  [10:33:27.908] [bbotk] Evaluating 1 configuration(s)
INFO  [10:33:35.260] [bbotk] Result of batch 38:
INFO  [10:33:35.337] [bbotk]         k distance   kernel       acq_ei  x_domain .already_evaluated
INFO  [10:33:35.337] [bbotk]  3.479812 1.320082 gaussian 0.0005417728 <list[3]>              FALSE
INFO  [10:33:35.337] [bbotk]  classif.bbrier warnings errors runtime_learners
INFO  [10:33:35.337] [bbotk]       0.1073273        0      0             6.83
INFO  [10:33:35.337] [bbotk]                                 uhash
INFO  [10:33:35.337] [bbotk]  5b8c3d7b-e456-4979-b340-48ed6ec1c6e9
INFO  [10:33:39.127] [bbotk] Evaluating 1 configuration(s)
INFO  [10:33:41.446] [bbotk] Result of batch 39:
INFO  [10:33:41.483] [bbotk]         k distance   kernel       acq_ei  x_domain .already_evaluated
INFO  [10:33:41.483] [bbotk]  1.868614 1.256635 gaussian 0.0005787424 <list[3]>              FALSE
INFO  [10:33:41.483] [bbotk]  classif.bbrier warnings errors runtime_learners
INFO  [10:33:41.483] [bbotk]       0.1147221        0      0            1.969
INFO  [10:33:41.483] [bbotk]                                 uhash
INFO  [10:33:41.483] [bbotk]  cf27b1a0-6e1a-4f63-894d-4b96d270d505
INFO  [10:33:44.638] [bbotk] Evaluating 1 configuration(s)
INFO  [10:33:47.803] [bbotk] Result of batch 40:
INFO  [10:33:47.825] [bbotk]         k distance   kernel       acq_ei  x_domain .already_evaluated
INFO  [10:33:47.825] [bbotk]  3.735733 1.025972 gaussian 0.0006601406 <list[3]>              FALSE
INFO  [10:33:47.825] [bbotk]  classif.bbrier warnings errors runtime_learners
INFO  [10:33:47.825] [bbotk]       0.1066692        0      0            2.867
INFO  [10:33:47.825] [bbotk]                                 uhash
INFO  [10:33:47.825] [bbotk]  c9b1eefa-fdda-4ad8-b56b-3a77edf04a24
INFO  [10:33:51.451] [bbotk] Evaluating 1 configuration(s)
INFO  [10:33:54.203] [bbotk] Result of batch 41:
INFO  [10:33:54.252] [bbotk]         k distance   kernel       acq_ei  x_domain .already_evaluated
INFO  [10:33:54.252] [bbotk]  1.868496 4.850509 gaussian 0.0009810209 <list[3]>              FALSE
INFO  [10:33:54.252] [bbotk]  classif.bbrier warnings errors runtime_learners
INFO  [10:33:54.252] [bbotk]       0.1194057        0      0            2.306
INFO  [10:33:54.252] [bbotk]                                 uhash
INFO  [10:33:54.252] [bbotk]  fede0449-b360-47b7-bde1-eaf39b864d4f
INFO  [10:33:57.900] [bbotk] Evaluating 1 configuration(s)
INFO  [10:34:02.849] [bbotk] Result of batch 42:
INFO  [10:34:02.918] [bbotk]         k distance    kernel       acq_ei  x_domain .already_evaluated
INFO  [10:34:02.918] [bbotk]  3.648488 1.313755 triweight 0.0009147663 <list[3]>              FALSE
INFO  [10:34:02.918] [bbotk]  classif.bbrier warnings errors runtime_learners
INFO  [10:34:02.918] [bbotk]       0.1081985        0      0            4.577
INFO  [10:34:02.918] [bbotk]                                 uhash
INFO  [10:34:02.918] [bbotk]  e3101dbe-a6ea-4ccb-9688-1f3faa2246b3
INFO  [10:34:07.934] [bbotk] Evaluating 1 configuration(s)
INFO  [10:34:12.487] [bbotk] Result of batch 43:
INFO  [10:34:12.530] [bbotk]         k distance    kernel      acq_ei  x_domain .already_evaluated
INFO  [10:34:12.530] [bbotk]  3.792956 1.104363 triweight 0.001198346 <list[3]>              FALSE
INFO  [10:34:12.530] [bbotk]  classif.bbrier warnings errors runtime_learners
INFO  [10:34:12.530] [bbotk]       0.1074457        0      0            4.315
INFO  [10:34:12.530] [bbotk]                                 uhash
INFO  [10:34:12.530] [bbotk]  990dab37-8468-4d02-bdcb-e70185714c49
INFO  [10:34:16.948] [bbotk] Evaluating 1 configuration(s)
INFO  [10:34:21.871] [bbotk] Result of batch 44:
INFO  [10:34:21.931] [bbotk]         k distance    kernel       acq_ei  x_domain .already_evaluated
INFO  [10:34:21.931] [bbotk]  3.467964 1.311013 triweight 0.0007434922 <list[3]>              FALSE
INFO  [10:34:21.931] [bbotk]  classif.bbrier warnings errors runtime_learners
INFO  [10:34:21.931] [bbotk]       0.1086781        0      0            4.615
INFO  [10:34:21.931] [bbotk]                                 uhash
INFO  [10:34:21.931] [bbotk]  563b9944-526c-4840-8ab9-dd5314b6ad0e
INFO  [10:34:27.509] [bbotk] Evaluating 1 configuration(s)
INFO  [10:34:31.656] [bbotk] Result of batch 45:
INFO  [10:34:31.671] [bbotk]         k distance kernel       acq_ei  x_domain .already_evaluated
INFO  [10:34:31.671] [bbotk]  3.727858 1.321421    inv 0.0008297351 <list[3]>              FALSE
INFO  [10:34:31.671] [bbotk]  classif.bbrier warnings errors runtime_learners
INFO  [10:34:31.671] [bbotk]       0.1080545        0      0            3.749
INFO  [10:34:31.671] [bbotk]                                 uhash
INFO  [10:34:31.671] [bbotk]  7cd90b9e-042c-4971-b1f9-6625ec0f93d4
INFO  [10:34:35.462] [bbotk] Evaluating 1 configuration(s)
INFO  [10:34:38.496] [bbotk] Result of batch 46:
INFO  [10:34:38.515] [bbotk]         k distance   kernel       acq_ei  x_domain .already_evaluated
INFO  [10:34:38.515] [bbotk]  3.469599 4.752871 gaussian 0.0003885433 <list[3]>              FALSE
INFO  [10:34:38.515] [bbotk]  classif.bbrier warnings errors runtime_learners
INFO  [10:34:38.515] [bbotk]       0.1102876        0      0            2.617
INFO  [10:34:38.515] [bbotk]                                 uhash
INFO  [10:34:38.515] [bbotk]  62867095-0028-486c-b26f-6f25ce600118
INFO  [10:34:42.079] [bbotk] Evaluating 1 configuration(s)
INFO  [10:34:45.509] [bbotk] Result of batch 47:
INFO  [10:34:45.646] [bbotk]         k distance       kernel       acq_ei  x_domain .already_evaluated
INFO  [10:34:45.646] [bbotk]  3.720509 1.025411 epanechnikov 0.0009074412 <list[3]>              FALSE
INFO  [10:34:45.646] [bbotk]  classif.bbrier warnings errors runtime_learners
INFO  [10:34:45.646] [bbotk]       0.1081274        0      0            3.175
INFO  [10:34:45.646] [bbotk]                                 uhash
INFO  [10:34:45.646] [bbotk]  ded327dc-de9f-46f9-a57e-19216ca1c2db
INFO  [10:34:57.477] [bbotk] Evaluating 1 configuration(s)
INFO  [10:35:00.658] [bbotk] Result of batch 48:
INFO  [10:35:00.711] [bbotk]         k distance    kernel       acq_ei  x_domain .already_evaluated
INFO  [10:35:00.711] [bbotk]  3.757156 1.577655 triweight 0.0004782134 <list[3]>              FALSE
INFO  [10:35:00.711] [bbotk]  classif.bbrier warnings errors runtime_learners
INFO  [10:35:00.711] [bbotk]       0.1085587        0      0            2.865
INFO  [10:35:00.711] [bbotk]                                 uhash
INFO  [10:35:00.711] [bbotk]  d41e962a-4779-482b-96a6-4ccacb413bcb
INFO  [10:35:03.282] [bbotk] Evaluating 1 configuration(s)
INFO  [10:35:07.895] [bbotk] Result of batch 49:
INFO  [10:35:07.939] [bbotk]         k distance   kernel      acq_ei  x_domain .already_evaluated
INFO  [10:35:07.939] [bbotk]  3.870138  4.77748 biweight 0.001696841 <list[3]>              FALSE
INFO  [10:35:07.939] [bbotk]  classif.bbrier warnings errors runtime_learners
INFO  [10:35:07.939] [bbotk]       0.1122479        0      0             4.35
INFO  [10:35:07.939] [bbotk]                                 uhash
INFO  [10:35:07.939] [bbotk]  d5fe3f2a-d9a1-4237-88c7-9d15a2ee62d2
INFO  [10:35:11.123] [bbotk] Evaluating 1 configuration(s)
INFO  [10:35:18.883] [bbotk] Result of batch 50:
INFO  [10:35:18.903] [bbotk]         k distance    kernel       acq_ei  x_domain .already_evaluated
INFO  [10:35:18.903] [bbotk]  3.824972 1.035696 triweight 0.0007563898 <list[3]>              FALSE
INFO  [10:35:18.903] [bbotk]  classif.bbrier warnings errors runtime_learners
INFO  [10:35:18.903] [bbotk]       0.1072345        0      0            7.481
INFO  [10:35:18.903] [bbotk]                                 uhash
INFO  [10:35:18.903] [bbotk]  c267880a-d67c-4781-acb2-7a4a901877eb
INFO  [10:35:23.181] [bbotk] Evaluating 1 configuration(s)
INFO  [10:35:28.106] [bbotk] Result of batch 51:
INFO  [10:35:28.123] [bbotk]         k distance kernel      acq_ei  x_domain .already_evaluated
INFO  [10:35:28.123] [bbotk]  3.586205 1.026377    inv 0.001275171 <list[3]>              FALSE
INFO  [10:35:28.123] [bbotk]  classif.bbrier warnings errors runtime_learners
INFO  [10:35:28.123] [bbotk]       0.1078744        0      0            4.672
INFO  [10:35:28.123] [bbotk]                                 uhash
INFO  [10:35:28.123] [bbotk]  8f8bb6ea-a606-40ee-8365-f7dacbbf26c3
INFO  [10:35:31.553] [bbotk] Evaluating 1 configuration(s)
INFO  [10:35:35.001] [bbotk] Result of batch 52:
INFO  [10:35:35.035] [bbotk]         k distance      kernel       acq_ei  x_domain .already_evaluated
INFO  [10:35:35.035] [bbotk]  3.685919  2.20483 rectangular 0.0005701922 <list[3]>              FALSE
INFO  [10:35:35.035] [bbotk]  classif.bbrier warnings errors runtime_learners
INFO  [10:35:35.035] [bbotk]       0.1098289        0      0            3.235
INFO  [10:35:35.035] [bbotk]                                 uhash
INFO  [10:35:35.035] [bbotk]  78804d43-d596-4aa8-8ec8-9e148c64c889
INFO  [10:35:41.904] [bbotk] Evaluating 1 configuration(s)
INFO  [10:35:44.990] [bbotk] Result of batch 53:
INFO  [10:35:45.021] [bbotk]          k distance   kernel       acq_ei  x_domain .already_evaluated
INFO  [10:35:45.021] [bbotk]  0.3634485 4.773457 gaussian 0.0006765823 <list[3]>              FALSE
INFO  [10:35:45.021] [bbotk]  classif.bbrier warnings errors runtime_learners
INFO  [10:35:45.021] [bbotk]       0.1675332        0      0            2.731
INFO  [10:35:45.021] [bbotk]                                 uhash
INFO  [10:35:45.021] [bbotk]  54e5d6d6-5938-4b92-9b49-34effcbf1e0a
INFO  [10:35:47.958] [bbotk] Evaluating 1 configuration(s)
INFO  [10:35:56.699] [bbotk] Result of batch 54:
INFO  [10:35:56.782] [bbotk]         k distance   kernel       acq_ei  x_domain .already_evaluated
INFO  [10:35:56.782] [bbotk]  1.206975  1.15307 gaussian 0.0008255237 <list[3]>              FALSE
INFO  [10:35:56.782] [bbotk]  classif.bbrier warnings errors runtime_learners
INFO  [10:35:56.782] [bbotk]       0.1222622        0      0            8.014
INFO  [10:35:56.782] [bbotk]                                 uhash
INFO  [10:35:56.782] [bbotk]  952f9e0f-4a20-4a35-914a-cac12639a104
INFO  [10:36:03.905] [bbotk] Evaluating 1 configuration(s)
INFO  [10:36:08.596] [bbotk] Result of batch 55:
INFO  [10:36:08.669] [bbotk]         k distance       kernel       acq_ei  x_domain .already_evaluated
INFO  [10:36:08.669] [bbotk]  3.813682 1.200401 epanechnikov 0.0004087655 <list[3]>              FALSE
INFO  [10:36:08.669] [bbotk]  classif.bbrier warnings errors runtime_learners
INFO  [10:36:08.669] [bbotk]        0.108023        0      0            4.083
INFO  [10:36:08.669] [bbotk]                                 uhash
INFO  [10:36:08.669] [bbotk]  7ac90353-1f48-465a-a754-6f9f016bec8f
INFO  [10:36:12.690] [bbotk] Evaluating 1 configuration(s)
INFO  [10:36:15.828] [bbotk] Result of batch 56:
INFO  [10:36:15.842] [bbotk]         k distance   kernel       acq_ei  x_domain .already_evaluated
INFO  [10:36:15.842] [bbotk]  3.323249 4.777443 gaussian 0.0009214721 <list[3]>              FALSE
INFO  [10:36:15.842] [bbotk]  classif.bbrier warnings errors runtime_learners
INFO  [10:36:15.842] [bbotk]        0.110634        0      0            2.819
INFO  [10:36:15.842] [bbotk]                                 uhash
INFO  [10:36:15.842] [bbotk]  238dee0e-6098-41dc-ba25-33bf1a768c6f
INFO  [10:36:18.460] [bbotk] Evaluating 1 configuration(s)
INFO  [10:36:22.890] [bbotk] Result of batch 57:
INFO  [10:36:22.986] [bbotk]         k distance kernel      acq_ei  x_domain .already_evaluated
INFO  [10:36:22.986] [bbotk]  3.565348 4.742975    inv 0.000592315 <list[3]>              FALSE
INFO  [10:36:22.986] [bbotk]  classif.bbrier warnings errors runtime_learners
INFO  [10:36:22.986] [bbotk]       0.1107058        0      0            3.988
INFO  [10:36:22.986] [bbotk]                                 uhash
INFO  [10:36:22.986] [bbotk]  1a6d7ac3-6012-4cd4-ad79-b6b1a9c2986a
INFO  [10:36:29.478] [bbotk] Evaluating 1 configuration(s)
INFO  [10:36:31.997] [bbotk] Result of batch 58:
INFO  [10:36:32.021] [bbotk]        k distance    kernel       acq_ei  x_domain .already_evaluated
INFO  [10:36:32.021] [bbotk]  2.65713 1.029313 triweight 0.0005801823 <list[3]>              FALSE
INFO  [10:36:32.021] [bbotk]  classif.bbrier warnings errors runtime_learners
INFO  [10:36:32.021] [bbotk]       0.1134321        0      0            2.104
INFO  [10:36:32.021] [bbotk]                                 uhash
INFO  [10:36:32.021] [bbotk]  7adadbb0-8d88-41b8-b3d9-2ea4f3fcf448
INFO  [10:36:35.074] [bbotk] Evaluating 1 configuration(s)
INFO  [10:36:37.931] [bbotk] Result of batch 59:
INFO  [10:36:37.956] [bbotk]         k distance    kernel       acq_ei  x_domain .already_evaluated
INFO  [10:36:37.956] [bbotk]  2.507033  1.36308 triweight 0.0005659285 <list[3]>              FALSE
INFO  [10:36:37.956] [bbotk]  classif.bbrier warnings errors runtime_learners
INFO  [10:36:37.956] [bbotk]       0.1170133        0      0            2.559
INFO  [10:36:37.956] [bbotk]                                 uhash
INFO  [10:36:37.956] [bbotk]  ca033c39-3efd-4c46-8557-e0f5c6cca8c8
INFO  [10:36:43.334] [bbotk] Evaluating 1 configuration(s)
INFO  [10:36:54.421] [bbotk] Result of batch 60:
INFO  [10:36:54.493] [bbotk]         k distance kernel       acq_ei  x_domain .already_evaluated
INFO  [10:36:54.493] [bbotk]  3.838318 1.027182    inv 0.0004985021 <list[3]>              FALSE
INFO  [10:36:54.493] [bbotk]  classif.bbrier warnings errors runtime_learners
INFO  [10:36:54.493] [bbotk]       0.1079773        0      0            10.66
INFO  [10:36:54.493] [bbotk]                                 uhash
INFO  [10:36:54.493] [bbotk]  5e311f76-e295-4a90-9a97-64f6d194ea17
INFO  [10:36:59.468] [bbotk] Evaluating 1 configuration(s)
INFO  [10:37:03.132] [bbotk] Result of batch 61:
INFO  [10:37:03.248] [bbotk]         k distance   kernel      acq_ei  x_domain .already_evaluated
INFO  [10:37:03.248] [bbotk]  1.148372  4.82847 biweight 0.001310272 <list[3]>              FALSE
INFO  [10:37:03.248] [bbotk]  classif.bbrier warnings errors runtime_learners
INFO  [10:37:03.248] [bbotk]       0.1421099        0      0            3.186
INFO  [10:37:03.248] [bbotk]                                 uhash
INFO  [10:37:03.248] [bbotk]  303d9c73-cc26-4d56-92fc-7558dbfc6012
INFO  [10:37:06.970] [bbotk] Evaluating 1 configuration(s)
INFO  [10:37:14.661] [bbotk] Result of batch 62:
INFO  [10:37:14.721] [bbotk]         k distance   kernel      acq_ei  x_domain .already_evaluated
INFO  [10:37:14.721] [bbotk]  3.740922 4.763287 gaussian 0.001590639 <list[3]>              FALSE
INFO  [10:37:14.721] [bbotk]  classif.bbrier warnings errors runtime_learners
INFO  [10:37:14.721] [bbotk]        0.109695        0      0            6.997
INFO  [10:37:14.721] [bbotk]                                 uhash
INFO  [10:37:14.721] [bbotk]  24ff937a-1295-4d25-a186-384761b4f64d
INFO  [10:37:19.160] [bbotk] Evaluating 1 configuration(s)
INFO  [10:37:21.929] [bbotk] Result of batch 63:
INFO  [10:37:22.029] [bbotk]        k distance   kernel       acq_ei  x_domain .already_evaluated
INFO  [10:37:22.029] [bbotk]  2.89418 4.776715 biweight 0.0007620982 <list[3]>              FALSE
INFO  [10:37:22.029] [bbotk]  classif.bbrier warnings errors runtime_learners
INFO  [10:37:22.029] [bbotk]       0.1178828        0      0            2.501
INFO  [10:37:22.029] [bbotk]                                 uhash
INFO  [10:37:22.029] [bbotk]  50739b54-870f-4dda-bd02-bdad28682e8f
INFO  [10:37:25.926] [bbotk] Evaluating 1 configuration(s)
INFO  [10:37:28.507] [bbotk] Result of batch 64:
INFO  [10:37:28.549] [bbotk]         k distance   kernel       acq_ei  x_domain .already_evaluated
INFO  [10:37:28.549] [bbotk]  1.699027 4.798936 gaussian 0.0004995431 <list[3]>              FALSE
INFO  [10:37:28.549] [bbotk]  classif.bbrier warnings errors runtime_learners
INFO  [10:37:28.549] [bbotk]       0.1203885        0      0            2.392
INFO  [10:37:28.549] [bbotk]                                 uhash
INFO  [10:37:28.549] [bbotk]  89982da4-9c7b-4ce7-8fe8-204a2e5d90e3
INFO  [10:37:31.428] [bbotk] Evaluating 1 configuration(s)
INFO  [10:37:35.629] [bbotk] Result of batch 65:
INFO  [10:37:35.651] [bbotk]         k distance kernel       acq_ei  x_domain .already_evaluated
INFO  [10:37:35.651] [bbotk]  3.730655 4.770069   rank 0.0007984285 <list[3]>              FALSE
INFO  [10:37:35.651] [bbotk]  classif.bbrier warnings errors runtime_learners
INFO  [10:37:35.651] [bbotk]       0.1112844        0      0            3.762
INFO  [10:37:35.651] [bbotk]                                 uhash
INFO  [10:37:35.651] [bbotk]  651a4e6f-e1d4-4d65-adbd-a93f43cb204f
INFO  [10:37:39.050] [bbotk] Evaluating 1 configuration(s)
INFO  [10:37:41.751] [bbotk] Result of batch 66:
INFO  [10:37:41.776] [bbotk]         k distance  kernel      acq_ei  x_domain .already_evaluated
INFO  [10:37:41.776] [bbotk]  3.526181 4.775203 optimal 0.001406381 <list[3]>              FALSE
INFO  [10:37:41.776] [bbotk]  classif.bbrier warnings errors runtime_learners
INFO  [10:37:41.776] [bbotk]       0.1111605        0      0            2.444
INFO  [10:37:41.776] [bbotk]                                 uhash
INFO  [10:37:41.776] [bbotk]  ec810bfd-321b-4d26-bbe6-51dd6e4c2802
INFO  [10:37:45.073] [bbotk] Evaluating 1 configuration(s)
INFO  [10:37:48.224] [bbotk] Result of batch 67:
INFO  [10:37:48.307] [bbotk]         k distance kernel       acq_ei  x_domain .already_evaluated
INFO  [10:37:48.307] [bbotk]  1.207916 1.211231   rank 0.0004118203 <list[3]>              FALSE
INFO  [10:37:48.307] [bbotk]  classif.bbrier warnings errors runtime_learners
INFO  [10:37:48.307] [bbotk]       0.1235744        0      0             2.87
INFO  [10:37:48.307] [bbotk]                                 uhash
INFO  [10:37:48.307] [bbotk]  f9b0cafc-5c12-4d9a-bbe4-f89b65691d20
INFO  [10:37:51.297] [bbotk] Evaluating 1 configuration(s)
INFO  [10:37:57.656] [bbotk] Result of batch 68:
INFO  [10:37:57.802] [bbotk]         k distance       kernel       acq_ei  x_domain .already_evaluated
INFO  [10:37:57.802] [bbotk]  3.430011 1.022896 epanechnikov 0.0003166833 <list[3]>              FALSE
INFO  [10:37:57.802] [bbotk]  classif.bbrier warnings errors runtime_learners
INFO  [10:37:57.802] [bbotk]       0.1083874        0      0            5.942
INFO  [10:37:57.802] [bbotk]                                 uhash
INFO  [10:37:57.802] [bbotk]  28891c84-0256-4d2b-a94c-4d37463b7322
INFO  [10:38:02.587] [bbotk] Evaluating 1 configuration(s)
INFO  [10:38:06.438] [bbotk] Result of batch 69:
INFO  [10:38:06.455] [bbotk]        k distance kernel       acq_ei  x_domain .already_evaluated
INFO  [10:38:06.455] [bbotk]  2.58608 4.773544   rank 0.0006380611 <list[3]>              FALSE
INFO  [10:38:06.455] [bbotk]  classif.bbrier warnings errors runtime_learners
INFO  [10:38:06.455] [bbotk]       0.1155567        0      0            3.473
INFO  [10:38:06.455] [bbotk]                                 uhash
INFO  [10:38:06.455] [bbotk]  c21d44bf-e817-4404-a94f-83798cdaf151
INFO  [10:38:09.988] [bbotk] Evaluating 1 configuration(s)
INFO  [10:38:13.771] [bbotk] Result of batch 70:
INFO  [10:38:13.792] [bbotk]         k distance   kernel       acq_ei  x_domain .already_evaluated
INFO  [10:38:13.792] [bbotk]  1.784257 3.929822 gaussian 0.0004109228 <list[3]>              FALSE
INFO  [10:38:13.792] [bbotk]  classif.bbrier warnings errors runtime_learners
INFO  [10:38:13.792] [bbotk]       0.1207006        0      0            3.236
INFO  [10:38:13.792] [bbotk]                                 uhash
INFO  [10:38:13.792] [bbotk]  f53282cb-a68e-4d47-b04a-9301ef38d52e
INFO  [10:38:16.659] [bbotk] Evaluating 1 configuration(s)
INFO  [10:38:20.061] [bbotk] Result of batch 71:
INFO  [10:38:20.091] [bbotk]        k distance      kernel      acq_ei  x_domain .already_evaluated
INFO  [10:38:20.091] [bbotk]  3.72871 4.770562 rectangular 0.000832746 <list[3]>              FALSE
INFO  [10:38:20.091] [bbotk]  classif.bbrier warnings errors runtime_learners
INFO  [10:38:20.091] [bbotk]       0.1107661        0      0            3.149
INFO  [10:38:20.091] [bbotk]                                 uhash
INFO  [10:38:20.091] [bbotk]  30b279fb-d04d-4517-bcec-425ef0dc31eb
INFO  [10:38:25.835] [bbotk] Evaluating 1 configuration(s)
INFO  [10:38:28.456] [bbotk] Result of batch 72:
INFO  [10:38:28.500] [bbotk]         k distance    kernel       acq_ei  x_domain .already_evaluated
INFO  [10:38:28.500] [bbotk]  2.717783 2.631627 triweight 0.0006567028 <list[3]>              FALSE
INFO  [10:38:28.500] [bbotk]  classif.bbrier warnings errors runtime_learners
INFO  [10:38:28.500] [bbotk]       0.1198115        0      0            2.278
INFO  [10:38:28.500] [bbotk]                                 uhash
INFO  [10:38:28.500] [bbotk]  1beeab65-a8a4-474f-b420-ca81824d321d
INFO  [10:38:35.381] [bbotk] Evaluating 1 configuration(s)
INFO  [10:38:40.835] [bbotk] Result of batch 73:
INFO  [10:38:40.916] [bbotk]          k distance kernel       acq_ei  x_domain .already_evaluated
INFO  [10:38:40.916] [bbotk]  0.8895999 1.108927    cos 0.0009066344 <list[3]>              FALSE
INFO  [10:38:40.916] [bbotk]  classif.bbrier warnings errors runtime_learners
INFO  [10:38:40.916] [bbotk]       0.1367667        0      0            4.606
INFO  [10:38:40.916] [bbotk]                                 uhash
INFO  [10:38:40.916] [bbotk]  a8262a93-fd1d-4f7e-b33d-ca88ab90e0e6
INFO  [10:38:44.918] [bbotk] Evaluating 1 configuration(s)
INFO  [10:38:47.885] [bbotk] Result of batch 74:
INFO  [10:38:47.902] [bbotk]         k distance   kernel      acq_ei  x_domain .already_evaluated
INFO  [10:38:47.902] [bbotk]  3.650462 1.180523 biweight 0.001061795 <list[3]>              FALSE
INFO  [10:38:47.902] [bbotk]  classif.bbrier warnings errors runtime_learners
INFO  [10:38:47.902] [bbotk]       0.1078205        0      0            2.773
INFO  [10:38:47.902] [bbotk]                                 uhash
INFO  [10:38:47.902] [bbotk]  6b97b2a0-ec9f-439a-aac5-864790c1e3f8
INFO  [10:38:50.661] [bbotk] Evaluating 1 configuration(s)
INFO  [10:38:53.800] [bbotk] Result of batch 75:
INFO  [10:38:53.842] [bbotk]         k distance       kernel     acq_ei  x_domain .already_evaluated
INFO  [10:38:53.842] [bbotk]  1.171238 1.016783 epanechnikov 0.00065412 <list[3]>              FALSE
INFO  [10:38:53.842] [bbotk]  classif.bbrier warnings errors runtime_learners
INFO  [10:38:53.842] [bbotk]       0.1242054        0      0            2.912
INFO  [10:38:53.842] [bbotk]                                 uhash
INFO  [10:38:53.842] [bbotk]  6d4be260-5025-433e-b11e-c3b57b77a402
INFO  [10:38:57.402] [bbotk] Evaluating 1 configuration(s)
INFO  [10:39:01.361] [bbotk] Result of batch 76:
INFO  [10:39:01.637] [bbotk]         k distance kernel       acq_ei  x_domain .already_evaluated
INFO  [10:39:01.637] [bbotk]  1.140431 1.640483    cos 0.0005906948 <list[3]>              FALSE
INFO  [10:39:01.637] [bbotk]  classif.bbrier warnings errors runtime_learners
INFO  [10:39:01.637] [bbotk]       0.1313393        0      0            3.406
INFO  [10:39:01.637] [bbotk]                                 uhash
INFO  [10:39:01.637] [bbotk]  509374a2-4cab-4ac3-a8b1-136a4d14d7ef
INFO  [10:39:09.786] [bbotk] Evaluating 1 configuration(s)
INFO  [10:39:13.855] [bbotk] Result of batch 77:
INFO  [10:39:13.887] [bbotk]         k distance kernel       acq_ei  x_domain .already_evaluated
INFO  [10:39:13.887] [bbotk]  3.856407 1.646048    inv 0.0006794326 <list[3]>              FALSE
INFO  [10:39:13.887] [bbotk]  classif.bbrier warnings errors runtime_learners
INFO  [10:39:13.887] [bbotk]       0.1087697        0      0            3.771
INFO  [10:39:13.887] [bbotk]                                 uhash
INFO  [10:39:13.887] [bbotk]  3d0563b1-0b6e-470c-a719-0491bac313a0
INFO  [10:39:17.688] [bbotk] Evaluating 1 configuration(s)
INFO  [10:39:21.844] [bbotk] Result of batch 78:
INFO  [10:39:21.900] [bbotk]         k distance   kernel       acq_ei  x_domain .already_evaluated
INFO  [10:39:21.900] [bbotk]  3.716562 4.767085 gaussian 0.0008331374 <list[3]>              FALSE
INFO  [10:39:21.900] [bbotk]  classif.bbrier warnings errors runtime_learners
INFO  [10:39:21.900] [bbotk]        0.109694        0      0            3.599
INFO  [10:39:21.900] [bbotk]                                 uhash
INFO  [10:39:21.900] [bbotk]  8f83854c-5f67-4823-94bb-bcef0a7dfc99
INFO  [10:39:25.533] [bbotk] Evaluating 1 configuration(s)
INFO  [10:39:28.382] [bbotk] Result of batch 79:
INFO  [10:39:28.451] [bbotk]         k distance   kernel       acq_ei  x_domain .already_evaluated
INFO  [10:39:28.451] [bbotk]  3.574576 1.755405 gaussian 0.0004424376 <list[3]>              FALSE
INFO  [10:39:28.451] [bbotk]  classif.bbrier warnings errors runtime_learners
INFO  [10:39:28.451] [bbotk]       0.1076171        0      0            2.598
INFO  [10:39:28.451] [bbotk]                                 uhash
INFO  [10:39:28.451] [bbotk]  12cd1d63-0881-4b71-b8ec-ef7c405511d0
INFO  [10:39:32.051] [bbotk] Evaluating 1 configuration(s)
INFO  [10:39:35.956] [bbotk] Result of batch 80:
INFO  [10:39:36.022] [bbotk]         k distance       kernel       acq_ei  x_domain .already_evaluated
INFO  [10:39:36.022] [bbotk]  3.676896 1.047839 epanechnikov 0.0007216405 <list[3]>              FALSE
INFO  [10:39:36.022] [bbotk]  classif.bbrier warnings errors runtime_learners
INFO  [10:39:36.022] [bbotk]       0.1081012        0      0            3.647
INFO  [10:39:36.022] [bbotk]                                 uhash
INFO  [10:39:36.022] [bbotk]  1afe45d0-e3a4-4c05-bc7a-b233ac8ca8da
INFO  [10:39:39.604] [bbotk] Evaluating 1 configuration(s)
INFO  [10:39:43.579] [bbotk] Result of batch 81:
INFO  [10:39:43.632] [bbotk]         k distance kernel      acq_ei  x_domain .already_evaluated
INFO  [10:39:43.632] [bbotk]  3.837546 1.034873    cos 0.001718936 <list[3]>              FALSE
INFO  [10:39:43.632] [bbotk]  classif.bbrier warnings errors runtime_learners
INFO  [10:39:43.632] [bbotk]       0.1078356        0      0            3.635
INFO  [10:39:43.632] [bbotk]                                 uhash
INFO  [10:39:43.632] [bbotk]  6cbac037-7255-4b14-843e-877824c4d61c
INFO  [10:39:49.633] [bbotk] Evaluating 1 configuration(s)
INFO  [10:39:54.122] [bbotk] Result of batch 82:
INFO  [10:39:54.154] [bbotk]         k distance    kernel       acq_ei  x_domain .already_evaluated
INFO  [10:39:54.154] [bbotk]  3.497313  1.43803 triweight 0.0004174363 <list[3]>              FALSE
INFO  [10:39:54.154] [bbotk]  classif.bbrier warnings errors runtime_learners
INFO  [10:39:54.154] [bbotk]       0.1089471        0      0            3.961
INFO  [10:39:54.154] [bbotk]                                 uhash
INFO  [10:39:54.154] [bbotk]  1a3eb93f-32b4-42b9-ad01-b4d7f6ce8f93
INFO  [10:39:57.973] [bbotk] Evaluating 1 configuration(s)
INFO  [10:40:06.527] [bbotk] Result of batch 83:
INFO  [10:40:06.586] [bbotk]         k distance kernel       acq_ei  x_domain .already_evaluated
INFO  [10:40:06.586] [bbotk]  3.297817 1.026926    cos 0.0003509735 <list[3]>              FALSE
INFO  [10:40:06.586] [bbotk]  classif.bbrier warnings errors runtime_learners
INFO  [10:40:06.586] [bbotk]       0.1082457        0      0            7.906
INFO  [10:40:06.586] [bbotk]                                 uhash
INFO  [10:40:06.586] [bbotk]  eebd1495-993d-4405-9890-1f531b2d9f16
INFO  [10:40:09.786] [bbotk] Evaluating 1 configuration(s)
INFO  [10:40:16.972] [bbotk] Result of batch 84:
INFO  [10:40:17.050] [bbotk]         k distance    kernel       acq_ei  x_domain .already_evaluated
INFO  [10:40:17.050] [bbotk]  3.824689 3.092183 triweight 0.0006108059 <list[3]>              FALSE
INFO  [10:40:17.050] [bbotk]  classif.bbrier warnings errors runtime_learners
INFO  [10:40:17.050] [bbotk]       0.1118137        0      0             6.57
INFO  [10:40:17.050] [bbotk]                                 uhash
INFO  [10:40:17.050] [bbotk]  defc3d3d-902c-44dc-9bba-941321c7b490
INFO  [10:40:21.697] [bbotk] Evaluating 1 configuration(s)
INFO  [10:40:25.158] [bbotk] Result of batch 85:
INFO  [10:40:25.206] [bbotk]         k distance      kernel      acq_ei  x_domain .already_evaluated
INFO  [10:40:25.206] [bbotk]  3.266322 4.773629 rectangular 0.000763689 <list[3]>              FALSE
INFO  [10:40:25.206] [bbotk]  classif.bbrier warnings errors runtime_learners
INFO  [10:40:25.206] [bbotk]       0.1126265        0      0            3.113
INFO  [10:40:25.206] [bbotk]                                 uhash
INFO  [10:40:25.206] [bbotk]  6e80e210-6ca2-4f60-95f8-f26b616f59a9
INFO  [10:40:29.021] [bbotk] Evaluating 1 configuration(s)
INFO  [10:40:32.885] [bbotk] Result of batch 86:
INFO  [10:40:32.982] [bbotk]         k distance    kernel      acq_ei  x_domain .already_evaluated
INFO  [10:40:32.982] [bbotk]  3.691539 1.805216 triweight 0.001100937 <list[3]>              FALSE
INFO  [10:40:32.982] [bbotk]  classif.bbrier warnings errors runtime_learners
INFO  [10:40:32.982] [bbotk]       0.1094305        0      0            3.393
INFO  [10:40:32.982] [bbotk]                                 uhash
INFO  [10:40:32.982] [bbotk]  e3e80795-6da3-4a65-a8f4-f9b2e039895f
INFO  [10:40:37.542] [bbotk] Evaluating 1 configuration(s)
INFO  [10:40:41.867] [bbotk] Result of batch 87:
INFO  [10:40:41.911] [bbotk]         k distance kernel       acq_ei  x_domain .already_evaluated
INFO  [10:40:41.911] [bbotk]  3.422274 4.772792    cos 0.0008115306 <list[3]>              FALSE
INFO  [10:40:41.911] [bbotk]  classif.bbrier warnings errors runtime_learners
INFO  [10:40:41.911] [bbotk]       0.1129245        0      0            3.908
INFO  [10:40:41.911] [bbotk]                                 uhash
INFO  [10:40:41.911] [bbotk]  c881ba09-67fa-470f-9fba-46439e378375
INFO  [10:40:44.851] [bbotk] Evaluating 1 configuration(s)
INFO  [10:40:49.270] [bbotk] Result of batch 88:
INFO  [10:40:49.303] [bbotk]         k distance   kernel       acq_ei  x_domain .already_evaluated
INFO  [10:40:49.303] [bbotk]  3.654816 1.177976 biweight 0.0007605511 <list[3]>              FALSE
INFO  [10:40:49.303] [bbotk]  classif.bbrier warnings errors runtime_learners
INFO  [10:40:49.303] [bbotk]       0.1078168        0      0            4.113
INFO  [10:40:49.303] [bbotk]                                 uhash
INFO  [10:40:49.303] [bbotk]  f2ea31e7-2463-400a-afc8-852175a5d7e6
INFO  [10:40:55.152] [bbotk] Evaluating 1 configuration(s)
INFO  [10:40:58.253] [bbotk] Result of batch 89:
INFO  [10:40:58.270] [bbotk]         k distance   kernel       acq_ei  x_domain .already_evaluated
INFO  [10:40:58.270] [bbotk]  3.111041 1.098203 biweight 0.0004605119 <list[3]>              FALSE
INFO  [10:40:58.270] [bbotk]  classif.bbrier warnings errors runtime_learners
INFO  [10:40:58.270] [bbotk]       0.1090443        0      0            2.729
INFO  [10:40:58.270] [bbotk]                                 uhash
INFO  [10:40:58.270] [bbotk]  87001b4d-ca9b-411c-be04-edbd7477bf57
INFO  [10:40:58.627] [bbotk] Finished optimizing after 100 evaluation(s)
INFO  [10:40:58.650] [bbotk] Result:
INFO  [10:40:58.683] [bbotk]         k distance   kernel learner_param_vals  x_domain classif.bbrier
INFO  [10:40:58.683] [bbotk]     <num>    <num>   <char>             <list>    <list>          <num>
INFO  [10:40:58.683] [bbotk]  3.785563 1.027032 gaussian          <list[3]> <list[3]>      0.1066496

### [bt]: Job terminated successfully [batchtools job.id=806]
### [bt]: Calculation finished!
