### [bt]: This is batchtools v0.9.17
### [bt]: Starting calculation of 1 jobs
### [bt]: Setting working directory to '/content/drive/MyDrive/GitHub/Mater_Thesis_Calibration'
ece.R :
Friedmann_tasks.R :
Functions.R :
ici.R :
mse_feature_effects.R :
PipeOpCalibration_TuningExperiment.R :
PipeOpCalibration.R :
PipeOpCalibrationUnion.R :
### [bt]: Memory measurement disabled
### [bt]: Starting job [batchtools job.id=1803]
### [bt]: Generating problem instance for problem 'c27a1cbf9c91424a' ...
### [bt]: Applying algorithm 'run_learner' on problem 'c27a1cbf9c91424a' for job 1803 (seed = 1926) ...
INFO  [16:27:58.718] [mlr3] Applying learner 'glmnet TbC beta' on task 'ilpd' (iter 3/10)
INFO  [16:27:59.683] [bbotk] Starting to optimize 2 parameter(s) with '<OptimizerMbo>' and '<TerminatorEvals> [n_evals=100, k=0]'
INFO  [16:28:04.775] [bbotk] Evaluating 8 configuration(s)
INFO  [16:28:21.198] [bbotk] Result of batch 1:
INFO  [16:28:21.310] [bbotk]       alpha         s classif.bbrier warnings errors runtime_learners
INFO  [16:28:21.310] [bbotk]  0.70834440 -5.739170      0.1777159        0      0            0.865
INFO  [16:28:21.310] [bbotk]  0.20834439  3.471169      0.2066421        0      0            1.428
INFO  [16:28:21.310] [bbotk]  0.95834440  8.076340      0.2066421        0      0            1.061
INFO  [16:28:21.310] [bbotk]  0.45834437 -1.134000      0.2066421        0      0            0.531
INFO  [16:28:21.310] [bbotk]  0.58334440  1.168584      0.2066421        0      0            1.214
INFO  [16:28:21.310] [bbotk]  0.08334439 -8.041756      0.1762881        0      0            0.699
INFO  [16:28:21.310] [bbotk]  0.83334440 -3.436585      0.1842821        0      0            0.497
INFO  [16:28:21.310] [bbotk]  0.33334437  5.773754      0.2066421        0      0            2.728
INFO  [16:28:21.310] [bbotk]                                 uhash
INFO  [16:28:21.310] [bbotk]  d5e4fed2-bf1b-4887-a25c-491f5878d5c8
INFO  [16:28:21.310] [bbotk]  509da1cb-7197-4dae-9cdd-8d7c1b5c9344
INFO  [16:28:21.310] [bbotk]  c462cd58-e4fa-4188-ae7f-2a1b937d5bf2
INFO  [16:28:21.310] [bbotk]  428cf4c1-dfda-42df-8a18-9f289a90c6e9
INFO  [16:28:21.310] [bbotk]  686f5f00-7fcf-440c-a03b-6b38b3d2dd34
INFO  [16:28:21.310] [bbotk]  55932cef-3c81-4dac-8326-747185117b3c
INFO  [16:28:21.310] [bbotk]  50effe00-e6c1-4e78-8da0-6a7e73543833
INFO  [16:28:21.310] [bbotk]  8276088b-65a6-4243-a0f4-225623dfce73
INFO  [16:28:27.127] [bbotk] Evaluating 1 configuration(s)
INFO  [16:28:29.680] [bbotk] Result of batch 2:
INFO  [16:28:29.880] [bbotk]      alpha         s      acq_ei  x_domain .already_evaluated classif.bbrier
INFO  [16:28:29.880] [bbotk]  0.9898796 -8.257259 0.002981621 <list[2]>              FALSE      0.1763584
INFO  [16:28:29.880] [bbotk]  warnings errors runtime_learners                                uhash
INFO  [16:28:29.880] [bbotk]         0      0            0.922 a9753801-380d-40fa-a8e3-edeab5680001
INFO  [16:28:35.146] [bbotk] Evaluating 1 configuration(s)
INFO  [16:28:36.613] [bbotk] Result of batch 3:
INFO  [16:28:36.773] [bbotk]      alpha         s      acq_ei  x_domain .already_evaluated classif.bbrier
INFO  [16:28:36.773] [bbotk]  0.9861174 -7.035399 0.001696976 <list[2]>              FALSE      0.1764827
INFO  [16:28:36.773] [bbotk]  warnings errors runtime_learners                                uhash
INFO  [16:28:36.773] [bbotk]         0      0             0.68 f70e0270-e4a3-4ba4-8774-c58391230725
INFO  [16:28:40.948] [bbotk] Evaluating 1 configuration(s)
INFO  [16:28:41.422] [bbotk] Result of batch 4:
INFO  [16:28:41.492] [bbotk]     alpha         s      acq_ei  x_domain .already_evaluated classif.bbrier
INFO  [16:28:41.492] [bbotk]  0.325132 -9.208446 0.001141528 <list[2]>              FALSE      0.1767382
INFO  [16:28:41.492] [bbotk]  warnings errors runtime_learners                                uhash
INFO  [16:28:41.492] [bbotk]         0      0            0.177 50b2e656-fc95-44d0-9252-f55057fedf3c
INFO  [16:28:47.267] [bbotk] Evaluating 1 configuration(s)
INFO  [16:28:50.383] [bbotk] Result of batch 5:
INFO  [16:28:50.419] [bbotk]      alpha         s       acq_ei  x_domain .already_evaluated classif.bbrier
INFO  [16:28:50.419] [bbotk]  0.5326294 -7.985686 0.0007814097 <list[2]>              FALSE      0.1763189
INFO  [16:28:50.419] [bbotk]  warnings errors runtime_learners                                uhash
INFO  [16:28:50.419] [bbotk]         0      0            2.111 7c210a94-6c0a-47f1-9280-733cafd7a236
INFO  [16:28:56.950] [bbotk] Evaluating 1 configuration(s)
INFO  [16:29:01.201] [bbotk] Result of batch 6:
INFO  [16:29:01.615] [bbotk]        alpha         s      acq_ei  x_domain .already_evaluated classif.bbrier
INFO  [16:29:01.615] [bbotk]  0.002300638 -8.657856 0.000304423 <list[2]>              FALSE      0.1768171
INFO  [16:29:01.615] [bbotk]  warnings errors runtime_learners                                uhash
INFO  [16:29:01.615] [bbotk]         0      0            3.126 2f87a282-25db-4f51-8e6c-707f659a07f0
INFO  [16:29:06.591] [bbotk] Evaluating 1 configuration(s)
INFO  [16:29:07.947] [bbotk] Result of batch 7:
INFO  [16:29:08.054] [bbotk]        alpha        s       acq_ei  x_domain .already_evaluated classif.bbrier
INFO  [16:29:08.054] [bbotk]  0.002779679 -7.09273 0.0002519067 <list[2]>              FALSE      0.1767045
INFO  [16:29:08.054] [bbotk]  warnings errors runtime_learners                                uhash
INFO  [16:29:08.054] [bbotk]         0      0            0.522 850bcbda-2ffe-4d06-b8b1-f53ee3c4eed6
INFO  [16:29:14.201] [bbotk] Evaluating 1 configuration(s)
INFO  [16:29:15.416] [bbotk] Result of batch 8:
INFO  [16:29:15.799] [bbotk]      alpha         s       acq_ei  x_domain .already_evaluated classif.bbrier
INFO  [16:29:15.799] [bbotk]  0.9567346 -9.187007 0.0001747307 <list[2]>              FALSE      0.1763822
INFO  [16:29:15.799] [bbotk]  warnings errors runtime_learners                                uhash
INFO  [16:29:15.799] [bbotk]         0      0            0.183 5dae54d0-4d25-44d1-8810-e0790c3240a5
INFO  [16:29:27.150] [bbotk] Evaluating 1 configuration(s)
INFO  [16:29:34.840] [bbotk] Result of batch 9:
INFO  [16:29:35.100] [bbotk]     alpha         s       acq_ei  x_domain .already_evaluated classif.bbrier
INFO  [16:29:35.100] [bbotk]  0.226672 -7.775525 0.0001269931 <list[2]>              FALSE      0.1762884
INFO  [16:29:35.100] [bbotk]  warnings errors runtime_learners                                uhash
INFO  [16:29:35.100] [bbotk]         0      0            2.277 75b0e185-5f4d-4727-86e7-b450f47be874
INFO  [16:29:38.319] [bbotk] Evaluating 1 configuration(s)
INFO  [16:29:39.921] [bbotk] Result of batch 10:
INFO  [16:29:39.976] [bbotk]      alpha         s      acq_ei  x_domain .already_evaluated classif.bbrier
INFO  [16:29:39.976] [bbotk]  0.7780468 -8.612309 7.16449e-05 <list[2]>              FALSE       0.176371
INFO  [16:29:39.976] [bbotk]  warnings errors runtime_learners                                uhash
INFO  [16:29:39.976] [bbotk]         0      0            0.769 d0be61ba-f1f6-47ff-a246-31ad54000a4a
INFO  [16:29:43.298] [bbotk] Evaluating 1 configuration(s)
INFO  [16:29:44.773] [bbotk] Result of batch 11:
INFO  [16:29:44.788] [bbotk]      alpha        s       acq_ei  x_domain .already_evaluated classif.bbrier
INFO  [16:29:44.788] [bbotk]  0.8273432 -7.84703 6.133639e-05 <list[2]>              FALSE      0.1763446
INFO  [16:29:44.788] [bbotk]  warnings errors runtime_learners                                uhash
INFO  [16:29:44.788] [bbotk]         0      0             0.71 270a1710-af63-4f7f-a9c0-26a19857de0d
INFO  [16:29:48.674] [bbotk] Evaluating 1 configuration(s)
INFO  [16:29:51.544] [bbotk] Result of batch 12:
INFO  [16:29:51.576] [bbotk]      alpha         s       acq_ei  x_domain .already_evaluated classif.bbrier
INFO  [16:29:51.576] [bbotk]  0.9997369 -5.196587 5.952957e-05 <list[2]>              FALSE      0.1786481
INFO  [16:29:51.576] [bbotk]  warnings errors runtime_learners                                uhash
INFO  [16:29:51.576] [bbotk]         0      0            0.983 87ef1f8a-8a6c-4a5c-9d12-47a2a31ae7be
INFO  [16:29:53.774] [bbotk] Evaluating 1 configuration(s)
INFO  [16:29:54.673] [bbotk] Result of batch 13:
INFO  [16:29:54.729] [bbotk]     alpha        s       acq_ei  x_domain .already_evaluated classif.bbrier
INFO  [16:29:54.729] [bbotk]  0.219052 -8.07512 4.812298e-05 <list[2]>              FALSE      0.1762989
INFO  [16:29:54.729] [bbotk]  warnings errors runtime_learners                                uhash
INFO  [16:29:54.729] [bbotk]         0      0            0.465 c8b54403-ecd6-4d39-9962-152dde24dbe5
INFO  [16:29:56.852] [bbotk] Evaluating 1 configuration(s)
INFO  [16:29:57.695] [bbotk] Result of batch 14:
INFO  [16:29:57.878] [bbotk]     alpha         s      acq_ei  x_domain .already_evaluated classif.bbrier
INFO  [16:29:57.878] [bbotk]  0.104006 -7.878585 3.12685e-05 <list[2]>              FALSE      0.1762836
INFO  [16:29:57.878] [bbotk]  warnings errors runtime_learners                                uhash
INFO  [16:29:57.878] [bbotk]         0      0            0.328 7f16d5d8-33b5-4060-afb0-0d5c5362e47f
WARN  [16:29:58.907] [mlr3] train: Stopped because hard maximum generation limit was hit.
INFO  [16:30:01.337] [bbotk] Evaluating 1 configuration(s)
INFO  [16:30:02.053] [bbotk] Result of batch 15:
INFO  [16:30:02.064] [bbotk]     alpha         s       acq_ei  x_domain .already_evaluated classif.bbrier
INFO  [16:30:02.064] [bbotk]  0.144022 -7.871169 1.426771e-05 <list[2]>              FALSE      0.1762852
INFO  [16:30:02.064] [bbotk]  warnings errors runtime_learners                                uhash
INFO  [16:30:02.064] [bbotk]         0      0            0.413 e96fec4a-e7a5-42a0-9d3f-1875dd1b3f2c
WARN  [16:30:02.513] [mlr3] train: Stopped because hard maximum generation limit was hit.
INFO  [16:30:08.235] [bbotk] Evaluating 1 configuration(s)
INFO  [16:30:09.311] [bbotk] Result of batch 16:
INFO  [16:30:09.345] [bbotk]      alpha         s       acq_ei  x_domain .already_evaluated classif.bbrier
INFO  [16:30:09.345] [bbotk]  0.6837207 -7.320898 3.916108e-05 <list[2]>              FALSE      0.1763531
INFO  [16:30:09.345] [bbotk]  warnings errors runtime_learners                                uhash
INFO  [16:30:09.345] [bbotk]         0      0            0.423 0e1c4273-c1ec-47da-89b8-9aad3e1d76f3
INFO  [16:30:13.179] [bbotk] Evaluating 1 configuration(s)
INFO  [16:30:15.981] [bbotk] Result of batch 17:
INFO  [16:30:16.117] [bbotk]      alpha         s     acq_ei  x_domain .already_evaluated classif.bbrier
INFO  [16:30:16.117] [bbotk]  0.3894655 -8.105507 9.9105e-05 <list[2]>              FALSE      0.1763115
INFO  [16:30:16.117] [bbotk]  warnings errors runtime_learners                                uhash
INFO  [16:30:16.117] [bbotk]         0      0            1.198 027ec667-950b-4eec-9e17-7efb6d4a5686
WARN  [16:30:17.002] [mlr3] train: Stopped because hard maximum generation limit was hit.
INFO  [16:30:27.799] [bbotk] Evaluating 1 configuration(s)
INFO  [16:30:29.042] [bbotk] Result of batch 18:
INFO  [16:30:29.144] [bbotk]      alpha         s       acq_ei  x_domain .already_evaluated classif.bbrier
INFO  [16:30:29.144] [bbotk]  0.7642952 -6.693665 1.352596e-05 <list[2]>              FALSE      0.1765605
INFO  [16:30:29.144] [bbotk]  warnings errors runtime_learners                                uhash
INFO  [16:30:29.144] [bbotk]         0      0            0.514 f48a4a37-68a4-40e9-ab36-6013479cd612
INFO  [16:30:48.309] [bbotk] Evaluating 1 configuration(s)
INFO  [16:30:51.086] [bbotk] Result of batch 19:
INFO  [16:30:51.586] [bbotk]      alpha         s     acq_ei  x_domain .already_evaluated classif.bbrier
INFO  [16:30:51.586] [bbotk]  0.7800245 -8.188576 1.0295e-05 <list[2]>              FALSE      0.1763422
INFO  [16:30:51.586] [bbotk]  warnings errors runtime_learners                                uhash
INFO  [16:30:51.586] [bbotk]         0      0            0.662 79074184-a2b9-4658-a576-292acb00217c
INFO  [16:30:59.492] [bbotk] Evaluating 1 configuration(s)
INFO  [16:31:01.362] [bbotk] Result of batch 20:
INFO  [16:31:01.485] [bbotk]        alpha         s       acq_ei  x_domain .already_evaluated classif.bbrier
INFO  [16:31:01.485] [bbotk]  0.004258861 -7.943147 1.033389e-05 <list[2]>              FALSE      0.1765027
INFO  [16:31:01.485] [bbotk]  warnings errors runtime_learners                                uhash
INFO  [16:31:01.485] [bbotk]         0      0             0.36 5fbf40ff-df61-44a1-abb1-6ba8f5200f17
WARN  [16:31:02.469] [mlr3] train: Stopped because hard maximum generation limit was hit.
INFO  [16:31:09.370] [bbotk] Evaluating 1 configuration(s)
INFO  [16:31:14.127] [bbotk] Result of batch 21:
INFO  [16:31:14.271] [bbotk]      alpha         s       acq_ei  x_domain .already_evaluated classif.bbrier
INFO  [16:31:14.271] [bbotk]  0.1650737 -7.935363 2.007712e-05 <list[2]>              FALSE      0.1762887
INFO  [16:31:14.271] [bbotk]  warnings errors runtime_learners                                uhash
INFO  [16:31:14.271] [bbotk]         0      0            2.655 c4618c07-8de0-4c4a-beac-7b6365c125b2
INFO  [16:31:33.709] [bbotk] Evaluating 1 configuration(s)
INFO  [16:31:36.267] [bbotk] Result of batch 22:
INFO  [16:31:36.283] [bbotk]      alpha         s       acq_ei  x_domain .already_evaluated classif.bbrier
INFO  [16:31:36.283] [bbotk]  0.1630799 -7.895418 1.562247e-05 <list[2]>              FALSE      0.1762874
INFO  [16:31:36.283] [bbotk]  warnings errors runtime_learners                                uhash
INFO  [16:31:36.283] [bbotk]         0      0            1.291 fe437009-31d2-4f40-9c56-813cf8d887a1
INFO  [16:31:39.570] [bbotk] Evaluating 1 configuration(s)
INFO  [16:31:40.632] [bbotk] Result of batch 23:
INFO  [16:31:40.657] [bbotk]      alpha         s       acq_ei  x_domain .already_evaluated classif.bbrier
INFO  [16:31:40.657] [bbotk]  0.4338531 -7.181668 4.658839e-05 <list[2]>              FALSE      0.1763299
INFO  [16:31:40.657] [bbotk]  warnings errors runtime_learners                                uhash
INFO  [16:31:40.657] [bbotk]         0      0            0.675 30d1c2c4-1aa9-48aa-baa0-df7eb0ccfea3
WARN  [16:31:40.967] [mlr3] train: Stopped because hard maximum generation limit was hit.
INFO  [16:31:45.677] [bbotk] Evaluating 1 configuration(s)
INFO  [16:31:46.102] [bbotk] Result of batch 24:
INFO  [16:31:46.109] [bbotk]     alpha         s       acq_ei  x_domain .already_evaluated classif.bbrier
INFO  [16:31:46.109] [bbotk]  0.319112 -7.531518 1.252953e-05 <list[2]>              FALSE      0.1762954
INFO  [16:31:46.109] [bbotk]  warnings errors runtime_learners                                uhash
INFO  [16:31:46.109] [bbotk]         0      0            0.159 4bc3c52d-8e27-483e-bed8-ccfac45bf433
INFO  [16:31:49.616] [bbotk] Evaluating 1 configuration(s)
INFO  [16:31:51.532] [bbotk] Result of batch 25:
INFO  [16:31:51.655] [bbotk]      alpha         s       acq_ei  x_domain .already_evaluated classif.bbrier
INFO  [16:31:51.655] [bbotk]  0.6942179 -9.163468 6.674896e-06 <list[2]>              FALSE      0.1763864
INFO  [16:31:51.655] [bbotk]  warnings errors runtime_learners                                uhash
INFO  [16:31:51.655] [bbotk]         0      0            0.938 074a879f-541e-484d-b953-2a6872657551
WARN  [16:31:52.003] [mlr3] train: Stopped because hard maximum generation limit was hit.
INFO  [16:31:54.713] [bbotk] Evaluating 1 configuration(s)
INFO  [16:31:55.458] [bbotk] Result of batch 26:
INFO  [16:31:55.498] [bbotk]     alpha         s       acq_ei  x_domain .already_evaluated classif.bbrier
INFO  [16:31:55.498] [bbotk]  0.111476 -8.017857 4.647213e-06 <list[2]>              FALSE      0.1762887
INFO  [16:31:55.498] [bbotk]  warnings errors runtime_learners                                uhash
INFO  [16:31:55.498] [bbotk]         0      0            0.387 f780a919-32fc-493c-b118-74caaba2b30c
WARN  [16:31:55.752] [mlr3] train: Stopped because hard maximum generation limit was hit.
INFO  [16:31:58.956] [bbotk] Evaluating 1 configuration(s)
INFO  [16:32:00.547] [bbotk] Result of batch 27:
INFO  [16:32:00.623] [bbotk]      alpha         s       acq_ei  x_domain .already_evaluated classif.bbrier
INFO  [16:32:00.623] [bbotk]  0.1242074 -7.638328 3.831702e-06 <list[2]>              FALSE      0.1762806
INFO  [16:32:00.623] [bbotk]  warnings errors runtime_learners                                uhash
INFO  [16:32:00.623] [bbotk]         0      0            0.646 00bbea99-9f29-4958-89d2-481630ab7602
INFO  [16:32:06.803] [bbotk] Evaluating 1 configuration(s)
INFO  [16:32:09.873] [bbotk] Result of batch 28:
INFO  [16:32:10.082] [bbotk]     alpha         s      acq_ei  x_domain .already_evaluated classif.bbrier
INFO  [16:32:10.082] [bbotk]  0.116207 -7.813843 3.01976e-06 <list[2]>              FALSE      0.1762826
INFO  [16:32:10.082] [bbotk]  warnings errors runtime_learners                                uhash
INFO  [16:32:10.082] [bbotk]         0      0            1.399 5c74983a-d2d1-49ef-8456-7b883271f686
INFO  [16:32:18.039] [bbotk] Evaluating 1 configuration(s)
INFO  [16:32:18.848] [bbotk] Result of batch 29:
INFO  [16:32:18.877] [bbotk]      alpha         s       acq_ei  x_domain .already_evaluated classif.bbrier
INFO  [16:32:18.877] [bbotk]  0.9167126 -8.243449 5.409078e-06 <list[2]>              FALSE       0.176353
INFO  [16:32:18.877] [bbotk]  warnings errors runtime_learners                                uhash
INFO  [16:32:18.877] [bbotk]         0      0            0.212 4638f792-5ebd-401b-915f-50d5e8411b15
WARN  [16:32:19.623] [mlr3] train: Stopped because hard maximum generation limit was hit.
INFO  [16:32:24.753] [bbotk] Evaluating 1 configuration(s)
INFO  [16:32:26.312] [bbotk] Result of batch 30:
INFO  [16:32:26.366] [bbotk]      alpha         s       acq_ei  x_domain .already_evaluated classif.bbrier
INFO  [16:32:26.366] [bbotk]  0.2049418 -7.408263 4.336458e-06 <list[2]>              FALSE      0.1762892
INFO  [16:32:26.366] [bbotk]  warnings errors runtime_learners                                uhash
INFO  [16:32:26.366] [bbotk]         0      0            0.927 4bd13fe8-9f56-43a7-86ff-1a9863630939
WARN  [16:32:26.624] [mlr3] train: Stopped because hard maximum generation limit was hit.
INFO  [16:32:32.667] [bbotk] Evaluating 1 configuration(s)
INFO  [16:32:34.333] [bbotk] Result of batch 31:
INFO  [16:32:34.398] [bbotk]      alpha         s       acq_ei  x_domain .already_evaluated classif.bbrier
INFO  [16:32:34.398] [bbotk]  0.1817422 -7.637021 2.725545e-06 <list[2]>              FALSE      0.1762841
INFO  [16:32:34.398] [bbotk]  warnings errors runtime_learners                                uhash
INFO  [16:32:34.398] [bbotk]         0      0            0.806 de960679-7d0e-4a3d-a719-d60d275ed816
INFO  [16:32:40.805] [bbotk] Evaluating 1 configuration(s)
INFO  [16:32:43.469] [bbotk] Result of batch 32:
INFO  [16:32:43.492] [bbotk]      alpha         s       acq_ei  x_domain .already_evaluated classif.bbrier
INFO  [16:32:43.492] [bbotk]  0.4610618 -7.473982 1.391798e-06 <list[2]>              FALSE      0.1763102
INFO  [16:32:43.492] [bbotk]  warnings errors runtime_learners                                uhash
INFO  [16:32:43.492] [bbotk]         0      0            0.896 9e2be122-0d11-428f-b29c-108d7837c46a
WARN  [16:32:45.794] [mlr3] train: Stopped because hard maximum generation limit was hit.
INFO  [16:32:50.497] [bbotk] Evaluating 1 configuration(s)
INFO  [16:32:52.914] [bbotk] Result of batch 33:
INFO  [16:32:53.516] [bbotk]     alpha      s       acq_ei  x_domain .already_evaluated classif.bbrier
INFO  [16:32:53.516] [bbotk]  0.117606 -7.752 1.126098e-06 <list[2]>              FALSE      0.1762815
INFO  [16:32:53.516] [bbotk]  warnings errors runtime_learners                                uhash
INFO  [16:32:53.516] [bbotk]         0      0            0.782 8a987015-6c7f-48ce-971d-30eacda33085
WARN  [16:32:54.463] [mlr3] train: Stopped because hard maximum generation limit was hit.
INFO  [16:33:01.442] [bbotk] Evaluating 1 configuration(s)
INFO  [16:33:07.047] [bbotk] Result of batch 34:
INFO  [16:33:07.161] [bbotk]      alpha        s       acq_ei  x_domain .already_evaluated classif.bbrier
INFO  [16:33:07.161] [bbotk]  0.1010511 -7.67326 9.080996e-07 <list[2]>              FALSE      0.1762793
INFO  [16:33:07.161] [bbotk]  warnings errors runtime_learners                                uhash
INFO  [16:33:07.161] [bbotk]         0      0            2.367 d6b5e55b-16d2-4e06-8a6c-0307deef10b7
WARN  [16:33:09.135] [mlr3] train: Stopped because hard maximum generation limit was hit.
INFO  [16:33:12.309] [bbotk] Evaluating 1 configuration(s)
INFO  [16:33:14.382] [bbotk] Result of batch 35:
INFO  [16:33:15.068] [bbotk]      alpha        s       acq_ei  x_domain .already_evaluated classif.bbrier
INFO  [16:33:15.068] [bbotk]  0.2603019 -7.52369 6.788036e-07 <list[2]>              FALSE      0.1762907
INFO  [16:33:15.068] [bbotk]  warnings errors runtime_learners                                uhash
INFO  [16:33:15.068] [bbotk]         0      0             0.86 94d855b7-8372-4311-a6d2-15cbb9ec4052
WARN  [16:33:17.865] [mlr3] train: Stopped because hard maximum generation limit was hit.
INFO  [16:33:23.739] [bbotk] Evaluating 1 configuration(s)
INFO  [16:33:28.347] [bbotk] Result of batch 36:
INFO  [16:33:28.389] [bbotk]     alpha         s       acq_ei  x_domain .already_evaluated classif.bbrier
INFO  [16:33:28.389] [bbotk]  0.104077 -7.651437 3.772509e-07 <list[2]>              FALSE      0.1762791
INFO  [16:33:28.389] [bbotk]  warnings errors runtime_learners                                uhash
INFO  [16:33:28.389] [bbotk]         0      0            2.949 f6badccf-0a1e-4f48-ad67-5ad7d86bc350
WARN  [16:33:31.559] [mlr3] train: Stopped because hard maximum generation limit was hit.
INFO  [16:33:37.305] [bbotk] Evaluating 1 configuration(s)
INFO  [16:33:40.687] [bbotk] Result of batch 37:
INFO  [16:33:40.890] [bbotk]      alpha         s       acq_ei  x_domain .already_evaluated classif.bbrier
INFO  [16:33:40.890] [bbotk]  0.1027857 -7.747245 3.811134e-07 <list[2]>              FALSE      0.1762804
INFO  [16:33:40.890] [bbotk]  warnings errors runtime_learners                                uhash
INFO  [16:33:40.890] [bbotk]         0      0            1.644 5e58574b-5e22-4c8a-a05b-ac4cc9dd88da
WARN  [16:33:42.495] [mlr3] train: Stopped because hard maximum generation limit was hit.
INFO  [16:33:45.261] [bbotk] Evaluating 1 configuration(s)
INFO  [16:33:48.096] [bbotk] Result of batch 38:
INFO  [16:33:48.196] [bbotk]       alpha       s       acq_ei  x_domain .already_evaluated classif.bbrier
INFO  [16:33:48.196] [bbotk]  0.09777531 -7.7489 2.988721e-07 <list[2]>              FALSE      0.1762802
INFO  [16:33:48.196] [bbotk]  warnings errors runtime_learners                                uhash
INFO  [16:33:48.196] [bbotk]         0      0            1.168 7c18d902-ffe3-4688-9b00-0ba222acb9a8
WARN  [16:33:49.548] [mlr3] train: Stopped because hard maximum generation limit was hit.
INFO  [16:33:53.879] [bbotk] Evaluating 1 configuration(s)
INFO  [16:33:58.984] [bbotk] Result of batch 39:
INFO  [16:33:59.061] [bbotk]      alpha         s       acq_ei  x_domain .already_evaluated classif.bbrier
INFO  [16:33:59.061] [bbotk]  0.0991974 -7.631697 3.195393e-07 <list[2]>              FALSE      0.1762786
INFO  [16:33:59.061] [bbotk]  warnings errors runtime_learners                                uhash
INFO  [16:33:59.061] [bbotk]         0      0            3.244 63458e36-36b0-4dd3-b7a8-56b0bc322a5e
INFO  [16:34:08.588] [bbotk] Evaluating 1 configuration(s)
INFO  [16:34:10.030] [bbotk] Result of batch 40:
INFO  [16:34:10.260] [bbotk]      alpha         s       acq_ei  x_domain .already_evaluated classif.bbrier
INFO  [16:34:10.260] [bbotk]  0.8404304 -9.172599 3.189067e-07 <list[2]>              FALSE       0.176385
INFO  [16:34:10.260] [bbotk]  warnings errors runtime_learners                                uhash
INFO  [16:34:10.260] [bbotk]         0      0            0.699 8b12bbf4-dfdd-440b-b2ac-6c897b3c4881
WARN  [16:34:10.896] [mlr3] train: Stopped because hard maximum generation limit was hit.
INFO  [16:34:16.586] [bbotk] Evaluating 1 configuration(s)
INFO  [16:34:19.704] [bbotk] Result of batch 41:
INFO  [16:34:19.873] [bbotk]       alpha         s       acq_ei  x_domain .already_evaluated classif.bbrier
INFO  [16:34:19.873] [bbotk]  0.08769575 -7.648588 2.160848e-07 <list[2]>              FALSE      0.1762782
INFO  [16:34:19.873] [bbotk]  warnings errors runtime_learners                                uhash
INFO  [16:34:19.873] [bbotk]         0      0            2.274 b782776c-78b2-46d9-962a-35f6a40c2cb7
WARN  [16:34:22.051] [mlr3] train: Stopped because hard maximum generation limit was hit.
INFO  [16:34:32.629] [bbotk] Evaluating 1 configuration(s)
INFO  [16:34:35.268] [bbotk] Result of batch 42:
INFO  [16:34:35.317] [bbotk]      alpha         s       acq_ei  x_domain .already_evaluated classif.bbrier
INFO  [16:34:35.317] [bbotk]  0.6134704 -8.193171 2.457823e-07 <list[2]>              FALSE      0.1763305
INFO  [16:34:35.317] [bbotk]  warnings errors runtime_learners                                uhash
INFO  [16:34:35.317] [bbotk]         0      0            1.456 2ba4a275-08a9-46fa-91a1-9d9979106458
WARN  [16:34:38.592] [mlr3] train: Stopped because hard maximum generation limit was hit.
INFO  [16:34:42.956] [bbotk] Evaluating 1 configuration(s)
INFO  [16:34:46.136] [bbotk] Result of batch 43:
INFO  [16:34:46.142] [bbotk]      alpha         s       acq_ei  x_domain .already_evaluated classif.bbrier
INFO  [16:34:46.142] [bbotk]  0.8382748 -7.284169 1.451714e-07 <list[2]>              FALSE      0.1763851
INFO  [16:34:46.142] [bbotk]  warnings errors runtime_learners                                uhash
INFO  [16:34:46.142] [bbotk]         0      0            1.838 6f570038-118d-49dc-8b22-e581a22c127c
WARN  [16:34:50.750] [mlr3] train: Stopped because hard maximum generation limit was hit.
INFO  [16:35:01.278] [bbotk] Evaluating 1 configuration(s)
INFO  [16:35:06.844] [bbotk] Result of batch 44:
INFO  [16:35:07.098] [bbotk]       alpha         s       acq_ei  x_domain .already_evaluated classif.bbrier
INFO  [16:35:07.098] [bbotk]  0.09270646 -7.672587 2.956495e-07 <list[2]>              FALSE      0.1762785
INFO  [16:35:07.098] [bbotk]  warnings errors runtime_learners                                uhash
INFO  [16:35:07.098] [bbotk]         0      0            2.364 7a749676-2d8b-4270-8bf6-fc4c574f975e
WARN  [16:35:07.671] [mlr3] train: Stopped because hard maximum generation limit was hit.
INFO  [16:35:14.143] [bbotk] Evaluating 1 configuration(s)
INFO  [16:35:16.271] [bbotk] Result of batch 45:
INFO  [16:35:16.287] [bbotk]       alpha         s       acq_ei  x_domain .already_evaluated classif.bbrier
INFO  [16:35:16.287] [bbotk]  0.09677689 -7.586884 2.646905e-07 <list[2]>              FALSE      0.1762782
INFO  [16:35:16.287] [bbotk]  warnings errors runtime_learners                                uhash
INFO  [16:35:16.287] [bbotk]         0      0            1.181 8cbe06f1-0855-4d94-b9cc-83abe26f6101
WARN  [16:35:17.620] [mlr3] train: Stopped because hard maximum generation limit was hit.
INFO  [16:35:38.513] [bbotk] Evaluating 1 configuration(s)
INFO  [16:35:40.764] [bbotk] Result of batch 46:
INFO  [16:35:40.988] [bbotk]      alpha         s       acq_ei  x_domain .already_evaluated classif.bbrier
INFO  [16:35:40.988] [bbotk]  0.3834241 -7.450896 1.381964e-07 <list[2]>              FALSE      0.1763033
INFO  [16:35:40.988] [bbotk]  warnings errors runtime_learners                                uhash
INFO  [16:35:40.988] [bbotk]         0      0            1.383 6705c009-605f-43b1-a59b-401766b6a75b
WARN  [16:35:41.565] [mlr3] train: Stopped because hard maximum generation limit was hit.
INFO  [16:35:49.948] [bbotk] Evaluating 1 configuration(s)
INFO  [16:35:50.900] [bbotk] Result of batch 47:
INFO  [16:35:50.921] [bbotk]     alpha         s      acq_ei  x_domain .already_evaluated classif.bbrier
INFO  [16:35:50.921] [bbotk]  0.095313 -7.548892 1.81278e-07 <list[2]>              FALSE      0.1762781
INFO  [16:35:50.921] [bbotk]  warnings errors runtime_learners                                uhash
INFO  [16:35:50.921] [bbotk]         0      0            0.507 a0ec0f51-c38b-42db-83b9-faed91e24a0d
WARN  [16:35:51.374] [mlr3] train: Stopped because hard maximum generation limit was hit.
INFO  [16:35:54.707] [bbotk] Evaluating 1 configuration(s)
INFO  [16:35:56.075] [bbotk] Result of batch 48:
INFO  [16:35:56.112] [bbotk]      alpha         s       acq_ei  x_domain .already_evaluated classif.bbrier
INFO  [16:35:56.112] [bbotk]  0.1028593 -7.639282 1.212077e-07 <list[2]>              FALSE       0.176279
INFO  [16:35:56.112] [bbotk]  warnings errors runtime_learners                                uhash
INFO  [16:35:56.112] [bbotk]         0      0            0.384 ca573337-d518-4ba2-af3e-9bc03812c13b
WARN  [16:35:56.616] [mlr3] train: Stopped because hard maximum generation limit was hit.
INFO  [16:36:00.877] [bbotk] Evaluating 1 configuration(s)
INFO  [16:36:01.975] [bbotk] Result of batch 49:
INFO  [16:36:01.991] [bbotk]       alpha        s       acq_ei  x_domain .already_evaluated classif.bbrier
INFO  [16:36:01.991] [bbotk]  0.08781054 -7.55415 1.991942e-07 <list[2]>              FALSE      0.1762774
INFO  [16:36:01.991] [bbotk]  warnings errors runtime_learners                                uhash
INFO  [16:36:01.991] [bbotk]         0      0            0.628 8ce19b6c-377b-44bf-95d5-eb015a9ec9b5
WARN  [16:36:02.244] [mlr3] train: Stopped because hard maximum generation limit was hit.
INFO  [16:36:06.265] [bbotk] Evaluating 1 configuration(s)
INFO  [16:36:07.054] [bbotk] Result of batch 50:
INFO  [16:36:07.072] [bbotk]       alpha         s      acq_ei  x_domain .already_evaluated classif.bbrier
INFO  [16:36:07.072] [bbotk]  0.09697575 -7.627255 9.31052e-08 <list[2]>              FALSE      0.1762785
INFO  [16:36:07.072] [bbotk]  warnings errors runtime_learners                                uhash
INFO  [16:36:07.072] [bbotk]         0      0            0.234 48c60931-c19f-4cf8-95fa-814ef08cc7d7
INFO  [16:36:13.830] [bbotk] Evaluating 1 configuration(s)
INFO  [16:36:14.791] [bbotk] Result of batch 51:
INFO  [16:36:14.799] [bbotk]       alpha         s       acq_ei  x_domain .already_evaluated classif.bbrier
INFO  [16:36:14.799] [bbotk]  0.08484162 -7.583533 1.223278e-07 <list[2]>              FALSE      0.1762775
INFO  [16:36:14.799] [bbotk]  warnings errors runtime_learners                                uhash
INFO  [16:36:14.799] [bbotk]         0      0            0.443 eac2586e-7d49-4003-aec6-c9b697408284
WARN  [16:36:15.169] [mlr3] train: Stopped because hard maximum generation limit was hit.
INFO  [16:36:19.689] [bbotk] Evaluating 1 configuration(s)
INFO  [16:36:20.617] [bbotk] Result of batch 52:
INFO  [16:36:20.694] [bbotk]       alpha         s       acq_ei  x_domain .already_evaluated classif.bbrier
INFO  [16:36:20.694] [bbotk]  0.09334353 -7.571389 2.569118e-07 <list[2]>              FALSE      0.1762782
INFO  [16:36:20.694] [bbotk]  warnings errors runtime_learners                                uhash
INFO  [16:36:20.694] [bbotk]         0      0            0.494 383f9e9f-5f5f-433b-b9f9-dfecb437893c
WARN  [16:36:21.020] [mlr3] train: Stopped because hard maximum generation limit was hit.
INFO  [16:36:24.420] [bbotk] Evaluating 1 configuration(s)
INFO  [16:36:26.218] [bbotk] Result of batch 53:
INFO  [16:36:26.255] [bbotk]       alpha         s       acq_ei  x_domain .already_evaluated classif.bbrier
INFO  [16:36:26.255] [bbotk]  0.09080026 -7.597695 2.226956e-07 <list[2]>              FALSE      0.1762781
INFO  [16:36:26.255] [bbotk]  warnings errors runtime_learners                                uhash
INFO  [16:36:26.255] [bbotk]         0      0            0.852 98aa167f-f7f1-4446-a874-62da2473638f
WARN  [16:36:27.761] [mlr3] train: Stopped because hard maximum generation limit was hit.
INFO  [16:36:32.879] [bbotk] Evaluating 1 configuration(s)
INFO  [16:36:35.688] [bbotk] Result of batch 54:
INFO  [16:36:35.706] [bbotk]       alpha         s       acq_ei  x_domain .already_evaluated classif.bbrier
INFO  [16:36:35.706] [bbotk]  0.08361196 -7.642306 6.892035e-08 <list[2]>              FALSE      0.1762777
INFO  [16:36:35.706] [bbotk]  warnings errors runtime_learners                                uhash
INFO  [16:36:35.706] [bbotk]         0      0            1.431 7c449bdd-6300-4a05-be49-0e8785cde6e9
WARN  [16:36:36.278] [mlr3] train: Stopped because hard maximum generation limit was hit.
INFO  [16:36:40.197] [bbotk] Evaluating 1 configuration(s)
INFO  [16:36:41.606] [bbotk] Result of batch 55:
INFO  [16:36:41.677] [bbotk]       alpha         s       acq_ei  x_domain .already_evaluated classif.bbrier
INFO  [16:36:41.677] [bbotk]  0.09192549 -7.522748 4.514301e-08 <list[2]>              FALSE      0.1762781
INFO  [16:36:41.677] [bbotk]  warnings errors runtime_learners                                uhash
INFO  [16:36:41.677] [bbotk]         0      0            0.761 2f848bb8-a5d8-4b35-9c41-34d6fb057e67
WARN  [16:36:42.719] [mlr3] train: Stopped because hard maximum generation limit was hit.
INFO  [16:36:47.764] [bbotk] Evaluating 1 configuration(s)
INFO  [16:36:48.546] [bbotk] Result of batch 56:
INFO  [16:36:48.553] [bbotk]       alpha         s       acq_ei  x_domain .already_evaluated classif.bbrier
INFO  [16:36:48.553] [bbotk]  0.09027093 -7.641943 1.118812e-07 <list[2]>              FALSE       0.176278
INFO  [16:36:48.553] [bbotk]  warnings errors runtime_learners                                uhash
INFO  [16:36:48.553] [bbotk]         0      0            0.324 e460fb83-e03f-4a91-a550-af4ded0a6eea
WARN  [16:36:49.416] [mlr3] train: Stopped because hard maximum generation limit was hit.
INFO  [16:36:58.134] [bbotk] Evaluating 1 configuration(s)
INFO  [16:37:01.325] [bbotk] Result of batch 57:
INFO  [16:37:01.401] [bbotk]       alpha         s       acq_ei  x_domain .already_evaluated classif.bbrier
INFO  [16:37:01.401] [bbotk]  0.09560819 -7.569087 1.019524e-07 <list[2]>              FALSE      0.1762782
INFO  [16:37:01.401] [bbotk]  warnings errors runtime_learners                                uhash
INFO  [16:37:01.401] [bbotk]         0      0            2.028 bff47e50-e96a-45a4-afe2-42847b11662a
WARN  [16:37:02.309] [mlr3] train: Stopped because hard maximum generation limit was hit.
INFO  [16:37:07.602] [bbotk] Evaluating 1 configuration(s)
INFO  [16:37:09.888] [bbotk] Result of batch 58:
INFO  [16:37:09.903] [bbotk]      alpha         s       acq_ei  x_domain .already_evaluated classif.bbrier
INFO  [16:37:09.903] [bbotk]  0.5748349 -7.271137 4.231263e-08 <list[2]>              FALSE      0.1763401
INFO  [16:37:09.903] [bbotk]  warnings errors runtime_learners                                uhash
INFO  [16:37:09.903] [bbotk]         0      0            0.561 6122fab7-12ec-4b3b-b66f-a3f760e303c0
INFO  [16:37:16.676] [bbotk] Evaluating 1 configuration(s)
INFO  [16:37:21.196] [bbotk] Result of batch 59:
INFO  [16:37:21.206] [bbotk]       alpha         s       acq_ei  x_domain .already_evaluated classif.bbrier
INFO  [16:37:21.206] [bbotk]  0.08504046 -7.537774 7.757875e-08 <list[2]>              FALSE      0.1762774
INFO  [16:37:21.206] [bbotk]  warnings errors runtime_learners                                uhash
INFO  [16:37:21.206] [bbotk]         0      0            3.211 51c0fd56-8775-40ca-b7c5-78c8fe7ab451
INFO  [16:37:28.245] [bbotk] Evaluating 1 configuration(s)
INFO  [16:37:33.582] [bbotk] Result of batch 60:
INFO  [16:37:33.603] [bbotk]       alpha         s       acq_ei  x_domain .already_evaluated classif.bbrier
INFO  [16:37:33.603] [bbotk]  0.08384772 -7.578377 1.610518e-07 <list[2]>              FALSE      0.1762775
INFO  [16:37:33.603] [bbotk]  warnings errors runtime_learners                                uhash
INFO  [16:37:33.603] [bbotk]         0      0             2.75 f37c44ce-1cf6-40cb-9d62-609a1c3369d3
WARN  [16:37:34.234] [mlr3] train: Stopped because hard maximum generation limit was hit.
INFO  [16:37:39.442] [bbotk] Evaluating 1 configuration(s)
INFO  [16:37:41.405] [bbotk] Result of batch 61:
INFO  [16:37:41.420] [bbotk]       alpha         s       acq_ei  x_domain .already_evaluated classif.bbrier
INFO  [16:37:41.420] [bbotk]  0.09120635 -7.659335 5.414704e-08 <list[2]>              FALSE      0.1762784
INFO  [16:37:41.420] [bbotk]  warnings errors runtime_learners                                uhash
INFO  [16:37:41.420] [bbotk]         0      0            1.005 982496b9-3c0e-4875-8e72-b1feabb4cf7d
WARN  [16:37:43.720] [mlr3] train: Stopped because hard maximum generation limit was hit.
INFO  [16:37:52.496] [bbotk] Evaluating 1 configuration(s)
INFO  [16:37:53.041] [bbotk] Result of batch 62:
INFO  [16:37:53.047] [bbotk]       alpha         s      acq_ei  x_domain .already_evaluated classif.bbrier
INFO  [16:37:53.047] [bbotk]  0.08940318 -7.565594 2.14703e-07 <list[2]>              FALSE      0.1762774
INFO  [16:37:53.047] [bbotk]  warnings errors runtime_learners                                uhash
INFO  [16:37:53.047] [bbotk]         0      0            0.242 8ada5b2f-ad7e-4a8b-8f52-09247fa9ee86
WARN  [16:37:54.293] [mlr3] train: Stopped because hard maximum generation limit was hit.
INFO  [16:38:00.601] [bbotk] Evaluating 1 configuration(s)
INFO  [16:38:03.933] [bbotk] Result of batch 63:
INFO  [16:38:03.938] [bbotk]     alpha         s       acq_ei  x_domain .already_evaluated classif.bbrier
INFO  [16:38:03.938] [bbotk]  0.956208 -7.799317 3.321499e-08 <list[2]>              FALSE      0.1763596
INFO  [16:38:03.938] [bbotk]  warnings errors runtime_learners                                uhash
INFO  [16:38:03.938] [bbotk]         0      0            2.113 02b3ad39-e465-4f27-9464-42853f2bed6a
WARN  [16:38:04.760] [mlr3] train: Stopped because hard maximum generation limit was hit.
INFO  [16:38:19.093] [bbotk] Evaluating 1 configuration(s)
INFO  [16:38:22.283] [bbotk] Result of batch 64:
INFO  [16:38:22.292] [bbotk]       alpha        s       acq_ei  x_domain .already_evaluated classif.bbrier
INFO  [16:38:22.292] [bbotk]  0.08996983 -7.54929 1.705097e-07 <list[2]>              FALSE      0.1762774
INFO  [16:38:22.292] [bbotk]  warnings errors runtime_learners                                uhash
INFO  [16:38:22.292] [bbotk]         0      0            1.234 107a0fe9-e07e-40f5-ab0d-c9626ff54f08
WARN  [16:38:25.563] [mlr3] train: Stopped because hard maximum generation limit was hit.
INFO  [16:38:31.946] [bbotk] Evaluating 1 configuration(s)
INFO  [16:38:34.057] [bbotk] Result of batch 65:
INFO  [16:38:34.076] [bbotk]       alpha         s       acq_ei  x_domain .already_evaluated classif.bbrier
INFO  [16:38:34.076] [bbotk]  0.09108203 -7.562662 1.806901e-07 <list[2]>              FALSE      0.1762781
INFO  [16:38:34.076] [bbotk]  warnings errors runtime_learners                                uhash
INFO  [16:38:34.076] [bbotk]         0      0            0.516 df44cff3-4eaa-42f6-8f94-e0b24c0a9c53
WARN  [16:38:34.682] [mlr3] train: Stopped because hard maximum generation limit was hit.
INFO  [16:38:38.098] [bbotk] Evaluating 1 configuration(s)
INFO  [16:38:39.781] [bbotk] Result of batch 66:
INFO  [16:38:39.821] [bbotk]       alpha         s       acq_ei  x_domain .already_evaluated classif.bbrier
INFO  [16:38:39.821] [bbotk]  0.09336969 -7.519239 3.722646e-08 <list[2]>              FALSE       0.176278
INFO  [16:38:39.821] [bbotk]  warnings errors runtime_learners                                uhash
INFO  [16:38:39.821] [bbotk]         0      0            1.061 f4e7ab10-01c6-48a4-b411-00d02477eea3
INFO  [16:38:54.153] [bbotk] Evaluating 1 configuration(s)
INFO  [16:38:55.219] [bbotk] Result of batch 67:
INFO  [16:38:55.241] [bbotk]       alpha         s       acq_ei  x_domain .already_evaluated classif.bbrier
INFO  [16:38:55.241] [bbotk]  0.08069461 -7.599138 5.512012e-08 <list[2]>              FALSE      0.1762771
INFO  [16:38:55.241] [bbotk]  warnings errors runtime_learners                                uhash
INFO  [16:38:55.241] [bbotk]         0      0            0.532 2c9c7c0b-3eba-4e95-aa26-d8e461ad9053
WARN  [16:38:55.572] [mlr3] train: Stopped because hard maximum generation limit was hit.
INFO  [16:38:57.832] [bbotk] Evaluating 1 configuration(s)
INFO  [16:38:58.329] [bbotk] Result of batch 68:
INFO  [16:38:58.335] [bbotk]       alpha         s       acq_ei  x_domain .already_evaluated classif.bbrier
INFO  [16:38:58.335] [bbotk]  0.08645122 -7.511307 2.488762e-08 <list[2]>              FALSE      0.1762776
INFO  [16:38:58.335] [bbotk]  warnings errors runtime_learners                                uhash
INFO  [16:38:58.335] [bbotk]         0      0            0.169 f8d7f82f-7d80-49b3-ade6-b90205a32854
WARN  [16:38:58.826] [mlr3] train: Stopped because hard maximum generation limit was hit.
INFO  [16:39:02.548] [bbotk] Evaluating 1 configuration(s)
INFO  [16:39:04.057] [bbotk] Result of batch 69:
INFO  [16:39:04.070] [bbotk]       alpha        s       acq_ei  x_domain .already_evaluated classif.bbrier
INFO  [16:39:04.070] [bbotk]  0.08511755 -7.56962 1.468999e-07 <list[2]>              FALSE      0.1762776
INFO  [16:39:04.070] [bbotk]  warnings errors runtime_learners                                uhash
INFO  [16:39:04.070] [bbotk]         0      0            0.698 710f4e22-62c8-4df0-b409-5f1420fd2a23
WARN  [16:39:06.422] [mlr3] train: Stopped because hard maximum generation limit was hit.
INFO  [16:39:10.228] [bbotk] Evaluating 1 configuration(s)
INFO  [16:39:11.164] [bbotk] Result of batch 70:
INFO  [16:39:11.185] [bbotk]       alpha         s      acq_ei  x_domain .already_evaluated classif.bbrier
INFO  [16:39:11.185] [bbotk]  0.08282919 -7.602197 8.69567e-08 <list[2]>              FALSE      0.1762774
INFO  [16:39:11.185] [bbotk]  warnings errors runtime_learners                                uhash
INFO  [16:39:11.185] [bbotk]         0      0            0.637 a0ca99d2-62cc-424c-bf69-ed49b0959d6a
WARN  [16:39:12.202] [mlr3] train: Stopped because hard maximum generation limit was hit.
INFO  [16:39:15.316] [bbotk] Evaluating 1 configuration(s)
INFO  [16:39:15.834] [bbotk] Result of batch 71:
INFO  [16:39:15.852] [bbotk]       alpha         s       acq_ei  x_domain .already_evaluated classif.bbrier
INFO  [16:39:15.852] [bbotk]  0.07973653 -7.565591 5.449798e-08 <list[2]>              FALSE      0.1762769
INFO  [16:39:15.852] [bbotk]  warnings errors runtime_learners                                uhash
INFO  [16:39:15.852] [bbotk]         0      0            0.162 6f39bc72-ee3c-4cfc-9a25-e0a29a39ee81
WARN  [16:39:16.531] [mlr3] train: Stopped because hard maximum generation limit was hit.
INFO  [16:39:19.985] [bbotk] Evaluating 1 configuration(s)
INFO  [16:39:20.775] [bbotk] Result of batch 72:
INFO  [16:39:20.806] [bbotk]       alpha         s       acq_ei  x_domain .already_evaluated classif.bbrier
INFO  [16:39:20.806] [bbotk]  0.08495645 -7.584091 8.294088e-08 <list[2]>              FALSE      0.1762775
INFO  [16:39:20.806] [bbotk]  warnings errors runtime_learners                                uhash
INFO  [16:39:20.806] [bbotk]         0      0            0.307 e7b74b4b-ac48-486a-acfe-e3c895b5bf48
WARN  [16:39:21.216] [mlr3] train: Stopped because hard maximum generation limit was hit.
INFO  [16:39:25.883] [bbotk] Evaluating 1 configuration(s)
INFO  [16:39:27.138] [bbotk] Result of batch 73:
INFO  [16:39:27.192] [bbotk]       alpha        s      acq_ei  x_domain .already_evaluated classif.bbrier
INFO  [16:39:27.192] [bbotk]  0.08052534 -7.52589 3.70341e-08 <list[2]>              FALSE      0.1762768
INFO  [16:39:27.192] [bbotk]  warnings errors runtime_learners                                uhash
INFO  [16:39:27.192] [bbotk]         0      0            0.624 f6e92fb0-555a-4fe2-a3f3-799981f639f8
WARN  [16:39:27.592] [mlr3] train: Stopped because hard maximum generation limit was hit.
INFO  [16:39:31.477] [bbotk] Evaluating 1 configuration(s)
INFO  [16:39:33.907] [bbotk] Result of batch 74:
INFO  [16:39:33.913] [bbotk]     alpha         s       acq_ei  x_domain .already_evaluated classif.bbrier
INFO  [16:39:33.913] [bbotk]  0.527039 -8.844597 1.945513e-08 <list[2]>              FALSE       0.176381
INFO  [16:39:33.913] [bbotk]  warnings errors runtime_learners                                uhash
INFO  [16:39:33.913] [bbotk]         0      0            1.467 321e9337-f39b-4218-8324-6aa25f0cff5e
WARN  [16:39:34.238] [mlr3] train: Stopped because hard maximum generation limit was hit.
INFO  [16:39:40.385] [bbotk] Evaluating 1 configuration(s)
INFO  [16:39:43.730] [bbotk] Result of batch 75:
INFO  [16:39:43.752] [bbotk]      alpha         s      acq_ei  x_domain .already_evaluated classif.bbrier
INFO  [16:39:43.752] [bbotk]  0.0746984 -7.572302 1.15753e-08 <list[2]>              FALSE      0.1762769
INFO  [16:39:43.752] [bbotk]  warnings errors runtime_learners                                uhash
INFO  [16:39:43.752] [bbotk]         0      0            1.319 f3777edf-0671-4ea8-a855-032025d9432e
WARN  [16:39:44.603] [mlr3] train: Stopped because hard maximum generation limit was hit.
INFO  [16:40:01.823] [bbotk] Evaluating 1 configuration(s)
INFO  [16:40:04.615] [bbotk] Result of batch 76:
INFO  [16:40:04.629] [bbotk]      alpha         s       acq_ei  x_domain .already_evaluated classif.bbrier
INFO  [16:40:04.629] [bbotk]  0.0800897 -7.650927 4.986164e-08 <list[2]>              FALSE      0.1762776
INFO  [16:40:04.629] [bbotk]  warnings errors runtime_learners                                uhash
INFO  [16:40:04.629] [bbotk]         0      0            1.753 94574817-96ae-40a3-9a80-6e44ed6709e6
WARN  [16:40:08.150] [mlr3] train: Stopped because hard maximum generation limit was hit.
INFO  [16:40:17.647] [bbotk] Evaluating 1 configuration(s)
INFO  [16:40:18.577] [bbotk] Result of batch 77:
INFO  [16:40:18.592] [bbotk]       alpha         s       acq_ei  x_domain .already_evaluated classif.bbrier
INFO  [16:40:18.592] [bbotk]  0.07906486 -7.555049 1.601471e-07 <list[2]>              FALSE      0.1762768
INFO  [16:40:18.592] [bbotk]  warnings errors runtime_learners                                uhash
INFO  [16:40:18.592] [bbotk]         0      0            0.536 654f6049-aba1-4756-af87-fd65d96ccef3
WARN  [16:40:19.267] [mlr3] train: Stopped because hard maximum generation limit was hit.
INFO  [16:40:28.599] [bbotk] Evaluating 1 configuration(s)
INFO  [16:40:30.691] [bbotk] Result of batch 78:
INFO  [16:40:30.704] [bbotk]       alpha         s       acq_ei  x_domain .already_evaluated classif.bbrier
INFO  [16:40:30.704] [bbotk]  0.08226198 -7.538442 1.397622e-07 <list[2]>              FALSE      0.1762776
INFO  [16:40:30.704] [bbotk]  warnings errors runtime_learners                                uhash
INFO  [16:40:30.704] [bbotk]         0      0            1.296 2b391f68-c1ea-41b2-8fbd-871d302d1141
WARN  [16:40:34.480] [mlr3] train: Stopped because hard maximum generation limit was hit.
INFO  [16:40:41.230] [bbotk] Evaluating 1 configuration(s)
INFO  [16:40:45.731] [bbotk] Result of batch 79:
INFO  [16:40:45.737] [bbotk]       alpha         s       acq_ei  x_domain .already_evaluated classif.bbrier
INFO  [16:40:45.737] [bbotk]  0.07628752 -7.562471 9.576536e-08 <list[2]>              FALSE       0.176277
INFO  [16:40:45.737] [bbotk]  warnings errors runtime_learners                                uhash
INFO  [16:40:45.737] [bbotk]         0      0            2.984 5843e9e1-7129-4e6e-bae5-6270a8d45568
WARN  [16:40:46.790] [mlr3] train: Stopped because hard maximum generation limit was hit.
INFO  [16:41:01.493] [bbotk] Evaluating 1 configuration(s)
INFO  [16:41:03.948] [bbotk] Result of batch 80:
INFO  [16:41:03.968] [bbotk]     alpha         s       acq_ei  x_domain .already_evaluated classif.bbrier
INFO  [16:41:03.968] [bbotk]  0.994637 -8.984434 7.746161e-09 <list[2]>              FALSE      0.1763825
INFO  [16:41:03.968] [bbotk]  warnings errors runtime_learners                                uhash
INFO  [16:41:03.968] [bbotk]         0      0            1.021 0a764bb9-87bb-4b88-a70d-ff5c4fee7c99
WARN  [16:41:05.148] [mlr3] train: Stopped because hard maximum generation limit was hit.
INFO  [16:41:12.593] [bbotk] Evaluating 1 configuration(s)
INFO  [16:41:14.316] [bbotk] Result of batch 81:
INFO  [16:41:14.322] [bbotk]       alpha         s       acq_ei  x_domain .already_evaluated classif.bbrier
INFO  [16:41:14.322] [bbotk]  0.07902608 -7.506874 3.775631e-08 <list[2]>              FALSE      0.1762769
INFO  [16:41:14.322] [bbotk]  warnings errors runtime_learners                                uhash
INFO  [16:41:14.322] [bbotk]         0      0            1.023 c803dc83-c25c-40d4-adb3-de14831e1ec5
WARN  [16:41:15.690] [mlr3] train: Stopped because hard maximum generation limit was hit.
INFO  [16:41:22.443] [bbotk] Evaluating 1 configuration(s)
INFO  [16:41:24.016] [bbotk] Result of batch 82:
INFO  [16:41:24.022] [bbotk]       alpha         s       acq_ei  x_domain .already_evaluated classif.bbrier
INFO  [16:41:24.022] [bbotk]  0.07609557 -7.609822 6.537079e-08 <list[2]>              FALSE      0.1762769
INFO  [16:41:24.022] [bbotk]  warnings errors runtime_learners                                uhash
INFO  [16:41:24.022] [bbotk]         0      0            0.538 4c8e9f9e-c456-434d-96b0-4c97baec03d3
WARN  [16:41:25.231] [mlr3] train: Stopped because hard maximum generation limit was hit.
INFO  [16:41:29.700] [bbotk] Evaluating 1 configuration(s)
INFO  [16:41:32.503] [bbotk] Result of batch 83:
INFO  [16:41:32.575] [bbotk]       alpha         s       acq_ei  x_domain .already_evaluated classif.bbrier
INFO  [16:41:32.575] [bbotk]  0.07002723 -7.610486 5.542055e-09 <list[2]>              FALSE      0.1762764
INFO  [16:41:32.575] [bbotk]  warnings errors runtime_learners                                uhash
INFO  [16:41:32.575] [bbotk]         0      0            0.998 4381b3e0-d825-4e91-ab19-2f0d8568069f
WARN  [16:41:37.117] [mlr3] train: Stopped because hard maximum generation limit was hit.
INFO  [16:41:48.923] [bbotk] Evaluating 1 configuration(s)
INFO  [16:41:51.574] [bbotk] Result of batch 84:
INFO  [16:41:51.679] [bbotk]       alpha         s      acq_ei  x_domain .already_evaluated classif.bbrier
INFO  [16:41:51.679] [bbotk]  0.07164214 -7.583357 7.65915e-08 <list[2]>              FALSE      0.1762765
INFO  [16:41:51.679] [bbotk]  warnings errors runtime_learners                                uhash
INFO  [16:41:51.679] [bbotk]         0      0             1.09 1ee7360a-27a6-4c19-b266-21371b38610c
INFO  [16:41:59.541] [bbotk] Evaluating 1 configuration(s)
INFO  [16:42:01.879] [bbotk] Result of batch 85:
INFO  [16:42:01.908] [bbotk]       alpha         s       acq_ei  x_domain .already_evaluated classif.bbrier
INFO  [16:42:01.908] [bbotk]  0.07147177 -7.690805 2.318933e-08 <list[2]>              FALSE      0.1762779
INFO  [16:42:01.908] [bbotk]  warnings errors runtime_learners                                uhash
INFO  [16:42:01.908] [bbotk]         0      0             0.91 46d3734b-4350-4e45-b3ec-3e0c1de11535
WARN  [16:42:02.643] [mlr3] train: Stopped because hard maximum generation limit was hit.
INFO  [16:42:06.673] [bbotk] Evaluating 1 configuration(s)
INFO  [16:42:08.997] [bbotk] Result of batch 86:
INFO  [16:42:09.031] [bbotk]       alpha         s      acq_ei  x_domain .already_evaluated classif.bbrier
INFO  [16:42:09.031] [bbotk]  0.08010216 -7.602785 3.40374e-08 <list[2]>              FALSE      0.1762771
INFO  [16:42:09.031] [bbotk]  warnings errors runtime_learners                                uhash
INFO  [16:42:09.031] [bbotk]         0      0            1.407 d9433e43-1a13-4afd-887b-2167ef57cde4
WARN  [16:42:09.940] [mlr3] train: Stopped because hard maximum generation limit was hit.
INFO  [16:42:16.973] [bbotk] Evaluating 1 configuration(s)
INFO  [16:42:19.915] [bbotk] Result of batch 87:
INFO  [16:42:19.979] [bbotk]       alpha         s       acq_ei  x_domain .already_evaluated classif.bbrier
INFO  [16:42:19.979] [bbotk]  0.07604968 -7.529835 1.007777e-07 <list[2]>              FALSE      0.1762769
INFO  [16:42:19.979] [bbotk]  warnings errors runtime_learners                                uhash
INFO  [16:42:19.979] [bbotk]         0      0            2.052 069fb5da-8349-44f3-a1a3-c6aaaded8146
INFO  [16:42:27.395] [bbotk] Evaluating 1 configuration(s)
INFO  [16:42:29.452] [bbotk] Result of batch 88:
INFO  [16:42:29.474] [bbotk]     alpha         s       acq_ei  x_domain .already_evaluated classif.bbrier
INFO  [16:42:29.474] [bbotk]  0.493223 -8.347508 5.655182e-09 <list[2]>              FALSE      0.1763275
INFO  [16:42:29.474] [bbotk]  warnings errors runtime_learners                                uhash
INFO  [16:42:29.474] [bbotk]         0      0            1.229 237a9d2d-a218-42f1-a434-bc74889a9e95
INFO  [16:42:38.367] [bbotk] Evaluating 1 configuration(s)
INFO  [16:42:40.502] [bbotk] Result of batch 89:
INFO  [16:42:40.566] [bbotk]      alpha         s      acq_ei  x_domain .already_evaluated classif.bbrier
INFO  [16:42:40.566] [bbotk]  0.4329217 -7.995028 5.92677e-10 <list[2]>              FALSE      0.1763109
INFO  [16:42:40.566] [bbotk]  warnings errors runtime_learners                                uhash
INFO  [16:42:40.566] [bbotk]         0      0              1.1 84a7e58f-808b-49a6-94aa-0f4e3e37b4fb
WARN  [16:42:42.914] [mlr3] train: Stopped because hard maximum generation limit was hit.
INFO  [16:42:44.675] [bbotk] Evaluating 1 configuration(s)
INFO  [16:42:46.382] [bbotk] Result of batch 90:
INFO  [16:42:46.487] [bbotk]      alpha         s      acq_ei  x_domain .already_evaluated classif.bbrier
INFO  [16:42:46.487] [bbotk]  0.1589562 -7.486985 2.41503e-09 <list[2]>              FALSE      0.1762837
INFO  [16:42:46.487] [bbotk]  warnings errors runtime_learners                                uhash
INFO  [16:42:46.487] [bbotk]         0      0            0.757 1706a882-f0e6-40ef-93d8-feff153a9700
WARN  [16:42:50.333] [mlr3] train: Stopped because hard maximum generation limit was hit.
INFO  [16:42:52.099] [bbotk] Evaluating 1 configuration(s)
INFO  [16:42:54.391] [bbotk] Result of batch 91:
INFO  [16:42:54.397] [bbotk]       alpha         s       acq_ei  x_domain .already_evaluated classif.bbrier
INFO  [16:42:54.397] [bbotk]  0.07637179 -7.530003 8.740213e-08 <list[2]>              FALSE      0.1762769
INFO  [16:42:54.397] [bbotk]  warnings errors runtime_learners                                uhash
INFO  [16:42:54.397] [bbotk]         0      0             1.12 37ca3e3e-126f-46e5-b710-4e4f97a10885
WARN  [16:42:55.010] [mlr3] train: Stopped because hard maximum generation limit was hit.
INFO  [16:43:00.615] [bbotk] Evaluating 1 configuration(s)
INFO  [16:43:03.861] [bbotk] Result of batch 92:
INFO  [16:43:03.888] [bbotk]      alpha         s       acq_ei  x_domain .already_evaluated classif.bbrier
INFO  [16:43:03.888] [bbotk]  0.2867697 -7.959142 3.056818e-10 <list[2]>              FALSE      0.1762987
INFO  [16:43:03.888] [bbotk]  warnings errors runtime_learners                                uhash
INFO  [16:43:03.888] [bbotk]         0      0             2.67 b832a592-7cc2-4b58-81c3-da0fa8225699
WARN  [16:43:07.787] [mlr3] train: Stopped because hard maximum generation limit was hit.
INFO  [16:43:13.924] [bbotk] Evaluating 1 configuration(s)
INFO  [16:43:17.049] [bbotk] Result of batch 93:
INFO  [16:43:17.127] [bbotk]       alpha        s       acq_ei  x_domain .already_evaluated classif.bbrier
INFO  [16:43:17.127] [bbotk]  0.07277436 -7.64403 3.138854e-08 <list[2]>              FALSE      0.1762771
INFO  [16:43:17.127] [bbotk]  warnings errors runtime_learners                                uhash
INFO  [16:43:17.127] [bbotk]         0      0            2.022 30ab1531-b5c0-4c26-b420-eb13173c7101
WARN  [16:43:21.980] [mlr3] train: Stopped because hard maximum generation limit was hit.
INFO  [16:43:22.335] [bbotk] Finished optimizing after 100 evaluation(s)
INFO  [16:43:22.350] [bbotk] Result:
INFO  [16:43:22.392] [bbotk]       alpha         s learner_param_vals  x_domain classif.bbrier
INFO  [16:43:22.392] [bbotk]       <num>     <num>             <list>    <list>          <num>
INFO  [16:43:22.392] [bbotk]  0.07002723 -7.610486          <list[2]> <list[2]>      0.1762764
[1] -67.55224
[1] 13.65528
[1] -31.7458
[1] 80.01477
[1] 0.4238355
[1] 60.80102
[1] -75.14779
[1] 6.613721
Warning: glm.fit: fitted probabilities numerically 0 or 1 occurred
This happened PipeOp classif.glmnet's $train()
Warning: glm.fit: fitted probabilities numerically 0 or 1 occurred
This happened PipeOp classif.glmnet's $train()
[1] 1.38535
[1] 58.69264

### [bt]: Job terminated successfully [batchtools job.id=1803]
### [bt]: Calculation finished!
