### [bt]: This is batchtools v0.9.17
### [bt]: Starting calculation of 5 jobs
### [bt]: Setting working directory to '/Users/adrian/Desktop/Mater_Thesis_Calibration'
ece.R :
Friedmann_tasks.R :
Functions.R :
ici.R :
mse_feature_effects.R :
PipeOpCalibration.R :
### [bt]: Memory measurement disabled
### [bt]: Starting job [batchtools job.id=4811]
### [bt]: Generating problem instance for problem '341ee781c7d79b8f' ...
### [bt]: Applying algorithm 'run_learner' on problem '341ee781c7d79b8f' for job 4811 (seed = 4934) ...
INFO  [15:25:21.230] [mlr3] Applying learner 'svm calibrated beta 80' on task 'wdbc' (iter 1/10)
Warning: glm.fit: algorithm did not converge
This happened PipeOp classif.svm's $train()
Warning: glm.fit: fitted probabilities numerically 0 or 1 occurred
This happened PipeOp classif.svm's $train()

### [bt]: Job terminated successfully [batchtools job.id=4811]
### [bt]: Starting job [batchtools job.id=4812]
### [bt]: Generating problem instance for problem '341ee781c7d79b8f' ...
### [bt]: Applying algorithm 'run_learner' on problem '341ee781c7d79b8f' for job 4812 (seed = 4935) ...
INFO  [15:25:26.869] [mlr3] Applying learner 'svm calibrated beta 80' on task 'wdbc' (iter 2/10)

### [bt]: Job terminated successfully [batchtools job.id=4812]
### [bt]: Starting job [batchtools job.id=4813]
### [bt]: Generating problem instance for problem '341ee781c7d79b8f' ...
### [bt]: Applying algorithm 'run_learner' on problem '341ee781c7d79b8f' for job 4813 (seed = 4936) ...
INFO  [15:25:27.313] [mlr3] Applying learner 'svm calibrated beta 80' on task 'wdbc' (iter 3/10)

### [bt]: Job terminated successfully [batchtools job.id=4813]
### [bt]: Starting job [batchtools job.id=4814]
### [bt]: Generating problem instance for problem '341ee781c7d79b8f' ...
### [bt]: Applying algorithm 'run_learner' on problem '341ee781c7d79b8f' for job 4814 (seed = 4937) ...
INFO  [15:25:27.511] [mlr3] Applying learner 'svm calibrated beta 80' on task 'wdbc' (iter 4/10)
Warning: glm.fit: fitted probabilities numerically 0 or 1 occurred
This happened PipeOp classif.svm's $train()

### [bt]: Job terminated successfully [batchtools job.id=4814]
### [bt]: Starting job [batchtools job.id=4815]
### [bt]: Generating problem instance for problem '341ee781c7d79b8f' ...
### [bt]: Applying algorithm 'run_learner' on problem '341ee781c7d79b8f' for job 4815 (seed = 4938) ...
INFO  [15:25:29.303] [mlr3] Applying learner 'svm calibrated beta 80' on task 'wdbc' (iter 5/10)
Warning: glm.fit: fitted probabilities numerically 0 or 1 occurred
This happened PipeOp classif.svm's $train()

### [bt]: Job terminated successfully [batchtools job.id=4815]
### [bt]: Calculation finished!
