### [bt]: This is batchtools v0.9.17
### [bt]: Starting calculation of 1 jobs
### [bt]: Setting working directory to '/content'
### [bt]: Memory measurement disabled
### [bt]: Starting job [batchtools job.id=6913]
### [bt]: Generating problem instance for problem 'c27a1cbf9c91424a' ...
### [bt]: Applying algorithm 'run_learner' on problem 'c27a1cbf9c91424a' for job 6913 (seed = 7036) ...
INFO  [14:30:25.484] [mlr3] Applying learner 'nnet calibrated beta cv3' on task 'ilpd' (iter 3/10)
# weights:  37
initial  value 271.706168 
final  value 209.057311 
converged
# weights:  37
initial  value 226.156006 
iter  10 value 197.060983
iter  20 value 170.485849
iter  30 value 163.277522
iter  40 value 157.942363
iter  50 value 156.205738
iter  60 value 156.187611
final  value 156.187593 
converged
# weights:  37
initial  value 212.406747 
iter  10 value 202.959319
iter  20 value 201.047628
iter  30 value 200.110259
iter  40 value 199.447264
iter  50 value 199.083599
iter  60 value 198.619300
iter  70 value 198.602133
iter  80 value 198.600076
final  value 198.599952 
converged
[1] -126.4356
[1] -2.32894

### [bt]: Job terminated successfully [batchtools job.id=6913]
### [bt]: Calculation finished!
