### [bt]: This is batchtools v0.9.17
### [bt]: Starting calculation of 1 jobs
### [bt]: Setting working directory to '/content'
### [bt]: Memory measurement disabled
### [bt]: Starting job [batchtools job.id=5752]
### [bt]: Generating problem instance for problem 'a6b2cabd9f84c607' ...
### [bt]: Applying algorithm 'run_learner' on problem 'a6b2cabd9f84c607' for job 5752 (seed = 5875) ...
INFO  [14:26:58.692] [mlr3] Applying learner 'nnet uncalibrated' on task 'phoneme' (iter 2/10)
# weights:  22
initial  value 3744.726075 
iter  10 value 2174.291043
iter  20 value 2065.687208
iter  30 value 1917.701082
iter  40 value 1903.541778
iter  50 value 1897.428098
iter  60 value 1885.670584
iter  70 value 1877.436247
iter  80 value 1873.409426
iter  90 value 1872.337765
iter 100 value 1871.672225
final  value 1871.672225 
stopped after 100 iterations

### [bt]: Job terminated successfully [batchtools job.id=5752]
### [bt]: Calculation finished!
