### [bt]: This is batchtools v0.9.17
### [bt]: Starting calculation of 1 jobs
### [bt]: Setting working directory to '/content'
### [bt]: Memory measurement disabled
### [bt]: Starting job [batchtools job.id=5624]
### [bt]: Generating problem instance for problem 'a6b2cabd9f84c607' ...
### [bt]: Applying algorithm 'run_learner' on problem 'a6b2cabd9f84c607' for job 5624 (seed = 5747) ...
INFO  [14:26:52.682] [mlr3] Applying learner 'nnet calibrated beta 90' on task 'phoneme' (iter 4/10)
# weights:  22
initial  value 3757.315175 
iter  10 value 1982.990826
iter  20 value 1863.625559
iter  30 value 1744.045604
iter  40 value 1685.998209
iter  50 value 1640.400230
iter  60 value 1627.818495
iter  70 value 1626.128489
iter  80 value 1625.253564
iter  90 value 1623.977157
iter 100 value 1623.266432
final  value 1623.266432 
stopped after 100 iterations
[1] -26.1174
[1] 40.41034

### [bt]: Job terminated successfully [batchtools job.id=5624]
### [bt]: Calculation finished!
