### [bt]: This is batchtools v0.9.17
### [bt]: Starting calculation of 1 jobs
### [bt]: Setting working directory to '/content'
### [bt]: Memory measurement disabled
### [bt]: Starting job [batchtools job.id=12112]
### [bt]: Generating problem instance for problem '7f16ca74b5d8776b' ...
### [bt]: Applying algorithm 'run_learner' on problem '7f16ca74b5d8776b' for job 12112 (seed = 12235) ...
INFO  [14:49:18.868] [mlr3] Applying learner 'nnet calibrated platt 80' on task 'churn' (iter 2/10)
# weights:  94
initial  value 3204.047283 
iter  10 value 1463.234908
iter  20 value 1461.291150
iter  30 value 1460.642469
iter  40 value 1460.386958
iter  50 value 1459.713140
iter  60 value 1459.349302
iter  70 value 1457.702574
iter  80 value 1456.789086
iter  90 value 1456.184404
iter 100 value 1453.504793
final  value 1453.504793 
stopped after 100 iterations

### [bt]: Job terminated successfully [batchtools job.id=12112]
### [bt]: Calculation finished!
