### [bt]: This is batchtools v0.9.17
### [bt]: Starting calculation of 1 jobs
### [bt]: Setting working directory to '/content'
### [bt]: Memory measurement disabled
### [bt]: Starting job [batchtools job.id=4046]
### [bt]: Generating problem instance for problem '341ee781c7d79b8f' ...
### [bt]: Applying algorithm 'run_learner' on problem '341ee781c7d79b8f' for job 4046 (seed = 4169) ...
INFO  [14:24:14.241] [mlr3] Applying learner 'kknn calibrated beta cv5' on task 'wdbc' (iter 6/10)
Warning: glm.fit: fitted probabilities numerically 0 or 1 occurred
This happened PipeOp classif.kknn's $train()
[1] -215.3472
[1] 120.5123
Warning: glm.fit: fitted probabilities numerically 0 or 1 occurred
This happened PipeOp classif.kknn's $train()
[1] -205.3914
[1] 10.74905
Warning: glm.fit: fitted probabilities numerically 0 or 1 occurred
This happened PipeOp classif.kknn's $train()
[1] -31.37571
[1] 125.4557
Warning: glm.fit: algorithm did not converge
This happened PipeOp classif.kknn's $train()
Warning: glm.fit: fitted probabilities numerically 0 or 1 occurred
This happened PipeOp classif.kknn's $train()
Warning: glm.fit: fitted probabilities numerically 0 or 1 occurred
This happened PipeOp classif.kknn's $train()
[1] -302.6189
[1] -4.62853
Warning: glm.fit: fitted probabilities numerically 0 or 1 occurred
This happened PipeOp classif.kknn's $train()
[1] -74.05704
[1] 59.40706

### [bt]: Job terminated successfully [batchtools job.id=4046]
### [bt]: Calculation finished!
