### [bt]: This is batchtools v0.9.17
### [bt]: Starting calculation of 5 jobs
### [bt]: Setting working directory to '/Users/adrian/Desktop/Mater_Thesis_Calibration'
ece.R :
Friedmann_tasks.R :
Functions.R :
ici.R :
mse_feature_effects.R :
PipeOpCalibration.R :
### [bt]: Memory measurement disabled
### [bt]: Starting job [batchtools job.id=10251]
### [bt]: Generating problem instance for problem 'cfb05fadfc1e266b' ...
### [bt]: Applying algorithm 'run_learner' on problem 'cfb05fadfc1e266b' for job 10251 (seed = 10374) ...
INFO  [10:31:47.133] [mlr3] Applying learner 'glmnet calibrated beta 80' on task 'numerai28.6' (iter 1/10)

### [bt]: Job terminated successfully [batchtools job.id=10251]
### [bt]: Starting job [batchtools job.id=10252]
### [bt]: Generating problem instance for problem 'cfb05fadfc1e266b' ...
### [bt]: Applying algorithm 'run_learner' on problem 'cfb05fadfc1e266b' for job 10252 (seed = 10375) ...
INFO  [10:31:47.875] [mlr3] Applying learner 'glmnet calibrated beta 80' on task 'numerai28.6' (iter 2/10)

### [bt]: Job terminated successfully [batchtools job.id=10252]
### [bt]: Starting job [batchtools job.id=10253]
### [bt]: Generating problem instance for problem 'cfb05fadfc1e266b' ...
### [bt]: Applying algorithm 'run_learner' on problem 'cfb05fadfc1e266b' for job 10253 (seed = 10376) ...
INFO  [10:31:50.481] [mlr3] Applying learner 'glmnet calibrated beta 80' on task 'numerai28.6' (iter 3/10)

### [bt]: Job terminated successfully [batchtools job.id=10253]
### [bt]: Starting job [batchtools job.id=10254]
### [bt]: Generating problem instance for problem 'cfb05fadfc1e266b' ...
### [bt]: Applying algorithm 'run_learner' on problem 'cfb05fadfc1e266b' for job 10254 (seed = 10377) ...
INFO  [10:31:53.052] [mlr3] Applying learner 'glmnet calibrated beta 80' on task 'numerai28.6' (iter 4/10)

### [bt]: Job terminated successfully [batchtools job.id=10254]
### [bt]: Starting job [batchtools job.id=10255]
### [bt]: Generating problem instance for problem 'cfb05fadfc1e266b' ...
### [bt]: Applying algorithm 'run_learner' on problem 'cfb05fadfc1e266b' for job 10255 (seed = 10378) ...
INFO  [10:31:54.055] [mlr3] Applying learner 'glmnet calibrated beta 80' on task 'numerai28.6' (iter 5/10)

### [bt]: Job terminated successfully [batchtools job.id=10255]
### [bt]: Calculation finished!
