### [bt]: This is batchtools v0.9.17
### [bt]: Starting calculation of 1 jobs
### [bt]: Setting working directory to '/content'
### [bt]: Memory measurement disabled
### [bt]: Starting job [batchtools job.id=1847]
### [bt]: Generating problem instance for problem '358d8f8187803581' ...
### [bt]: Applying algorithm 'run_learner' on problem '358d8f8187803581' for job 1847 (seed = 1970) ...
INFO  [15:53:22.923] [mlr3] Applying learner 'nnet calibrated isotonic cv3' on task 'electricity' (iter 7/10)
# weights:  46
initial  value 20030.363521 
iter  10 value 16941.917891
iter  20 value 15699.231776
iter  30 value 14465.231884
iter  40 value 13603.783398
iter  50 value 13336.961202
iter  60 value 13291.385418
iter  70 value 13186.119116
iter  80 value 13145.952807
iter  90 value 13122.036210
iter 100 value 13116.830559
final  value 13116.830559 
stopped after 100 iterations
# weights:  46
initial  value 18802.040218 
iter  10 value 16589.156319
iter  20 value 14802.621398
iter  30 value 13847.690907
iter  40 value 13602.698116
iter  50 value 13507.369379
iter  60 value 13444.695371
iter  70 value 13367.372634
iter  80 value 13351.518090
iter  90 value 13330.308339
iter 100 value 13325.490858
final  value 13325.490858 
stopped after 100 iterations
# weights:  46
initial  value 18961.323696 
iter  10 value 16653.782387
iter  20 value 15242.681707
iter  30 value 13680.897722
iter  40 value 13216.879941
iter  50 value 13042.815494
iter  60 value 12970.001082
iter  70 value 12920.285560
iter  80 value 12881.613971
iter  90 value 12875.574235
iter 100 value 12865.998954
final  value 12865.998954 
stopped after 100 iterations

### [bt]: Job terminated successfully [batchtools job.id=1847]
### [bt]: Calculation finished!
