### [bt]: This is batchtools v0.9.17
### [bt]: Starting calculation of 5 jobs
### [bt]: Setting working directory to '/Users/adrian/Desktop/Mater_Thesis_Calibration'
ece.R :
Friedmann_tasks.R :
Functions.R :
ici.R :
mse_feature_effects.R :
PipeOpCalibration.R :
### [bt]: Memory measurement disabled
### [bt]: Starting job [batchtools job.id=10111]
### [bt]: Generating problem instance for problem '0ecb79b078d7aa0a' ...
### [bt]: Applying algorithm 'run_learner' on problem '0ecb79b078d7aa0a' for job 10111 (seed = 10234) ...
INFO  [20:58:26.918] [mlr3] Applying learner 'xgboost calibrated beta cv3' on task 'PhishingWebsites' (iter 1/10)

### [bt]: Job terminated successfully [batchtools job.id=10111]
### [bt]: Starting job [batchtools job.id=10112]
### [bt]: Generating problem instance for problem '0ecb79b078d7aa0a' ...
### [bt]: Applying algorithm 'run_learner' on problem '0ecb79b078d7aa0a' for job 10112 (seed = 10235) ...
INFO  [21:01:10.649] [mlr3] Applying learner 'xgboost calibrated beta cv3' on task 'PhishingWebsites' (iter 2/10)

### [bt]: Job terminated successfully [batchtools job.id=10112]
### [bt]: Starting job [batchtools job.id=10113]
### [bt]: Generating problem instance for problem '0ecb79b078d7aa0a' ...
### [bt]: Applying algorithm 'run_learner' on problem '0ecb79b078d7aa0a' for job 10113 (seed = 10236) ...
INFO  [21:03:48.137] [mlr3] Applying learner 'xgboost calibrated beta cv3' on task 'PhishingWebsites' (iter 3/10)

### [bt]: Job terminated successfully [batchtools job.id=10113]
### [bt]: Starting job [batchtools job.id=10114]
### [bt]: Generating problem instance for problem '0ecb79b078d7aa0a' ...
### [bt]: Applying algorithm 'run_learner' on problem '0ecb79b078d7aa0a' for job 10114 (seed = 10237) ...
INFO  [21:06:24.617] [mlr3] Applying learner 'xgboost calibrated beta cv3' on task 'PhishingWebsites' (iter 4/10)

### [bt]: Job terminated successfully [batchtools job.id=10114]
### [bt]: Starting job [batchtools job.id=10115]
### [bt]: Generating problem instance for problem '0ecb79b078d7aa0a' ...
### [bt]: Applying algorithm 'run_learner' on problem '0ecb79b078d7aa0a' for job 10115 (seed = 10238) ...
INFO  [21:09:06.912] [mlr3] Applying learner 'xgboost calibrated beta cv3' on task 'PhishingWebsites' (iter 5/10)

### [bt]: Job terminated successfully [batchtools job.id=10115]
### [bt]: Calculation finished!
