### [bt]: This is batchtools v0.9.17
### [bt]: Starting calculation of 5 jobs
### [bt]: Setting working directory to '/Users/adrian/Desktop/Mater_Thesis_Calibration'
ece.R :
Friedmann_tasks.R :
Functions.R :
ici.R :
mse_feature_effects.R :
PipeOpCalibration.R :
### [bt]: Memory measurement disabled
### [bt]: Starting job [batchtools job.id=7271]
### [bt]: Generating problem instance for problem 'c27a1cbf9c91424a' ...
### [bt]: Applying algorithm 'run_learner' on problem 'c27a1cbf9c91424a' for job 7271 (seed = 7394) ...
INFO  [18:16:36.292] [mlr3] Applying learner 'rpart calibrated isotonic 90' on task 'ilpd' (iter 1/10)

### [bt]: Job terminated successfully [batchtools job.id=7271]
### [bt]: Starting job [batchtools job.id=7272]
### [bt]: Generating problem instance for problem 'c27a1cbf9c91424a' ...
### [bt]: Applying algorithm 'run_learner' on problem 'c27a1cbf9c91424a' for job 7272 (seed = 7395) ...
INFO  [18:16:36.387] [mlr3] Applying learner 'rpart calibrated isotonic 90' on task 'ilpd' (iter 2/10)

### [bt]: Job terminated successfully [batchtools job.id=7272]
### [bt]: Starting job [batchtools job.id=7273]
### [bt]: Generating problem instance for problem 'c27a1cbf9c91424a' ...
### [bt]: Applying algorithm 'run_learner' on problem 'c27a1cbf9c91424a' for job 7273 (seed = 7396) ...
INFO  [18:16:36.585] [mlr3] Applying learner 'rpart calibrated isotonic 90' on task 'ilpd' (iter 3/10)

### [bt]: Job terminated successfully [batchtools job.id=7273]
### [bt]: Starting job [batchtools job.id=7274]
### [bt]: Generating problem instance for problem 'c27a1cbf9c91424a' ...
### [bt]: Applying algorithm 'run_learner' on problem 'c27a1cbf9c91424a' for job 7274 (seed = 7397) ...
INFO  [18:16:36.673] [mlr3] Applying learner 'rpart calibrated isotonic 90' on task 'ilpd' (iter 4/10)

### [bt]: Job terminated successfully [batchtools job.id=7274]
### [bt]: Starting job [batchtools job.id=7275]
### [bt]: Generating problem instance for problem 'c27a1cbf9c91424a' ...
### [bt]: Applying algorithm 'run_learner' on problem 'c27a1cbf9c91424a' for job 7275 (seed = 7398) ...
INFO  [18:16:36.759] [mlr3] Applying learner 'rpart calibrated isotonic 90' on task 'ilpd' (iter 5/10)

### [bt]: Job terminated successfully [batchtools job.id=7275]
### [bt]: Calculation finished!
