### [bt]: This is batchtools v0.9.17
### [bt]: Starting calculation of 5 jobs
### [bt]: Setting working directory to '/Users/adrian/Desktop/Mater_Thesis_Calibration'
ece.R :
Friedmann_tasks.R :
Functions.R :
ici.R :
mse_feature_effects.R :
PipeOpCalibration.R :
### [bt]: Memory measurement disabled
### [bt]: Starting job [batchtools job.id=5671]
### [bt]: Generating problem instance for problem 'a6b2cabd9f84c607' ...
### [bt]: Applying algorithm 'run_learner' on problem 'a6b2cabd9f84c607' for job 5671 (seed = 5794) ...
INFO  [16:04:04.082] [mlr3] Applying learner 'nnet calibrated isotonic 90' on task 'phoneme' (iter 1/10)
# weights:  22
initial  value 2779.255228 
iter  10 value 1913.300041
iter  20 value 1792.585321
iter  30 value 1731.277807
iter  40 value 1723.082003
iter  50 value 1711.970572
iter  60 value 1692.521660
iter  70 value 1678.507587
iter  80 value 1670.932857
iter  90 value 1667.089941
iter 100 value 1666.353950
final  value 1666.353950 
stopped after 100 iterations

### [bt]: Job terminated successfully [batchtools job.id=5671]
### [bt]: Starting job [batchtools job.id=5672]
### [bt]: Generating problem instance for problem 'a6b2cabd9f84c607' ...
### [bt]: Applying algorithm 'run_learner' on problem 'a6b2cabd9f84c607' for job 5672 (seed = 5795) ...
INFO  [16:04:04.392] [mlr3] Applying learner 'nnet calibrated isotonic 90' on task 'phoneme' (iter 2/10)
# weights:  22
initial  value 5613.396756 
iter  10 value 1891.362273
iter  20 value 1821.071450
iter  30 value 1711.213136
iter  40 value 1695.687401
iter  50 value 1692.723712
iter  60 value 1689.403445
iter  70 value 1676.378672
iter  80 value 1670.083167
iter  90 value 1666.834948
iter 100 value 1666.296891
final  value 1666.296891 
stopped after 100 iterations

### [bt]: Job terminated successfully [batchtools job.id=5672]
### [bt]: Starting job [batchtools job.id=5673]
### [bt]: Generating problem instance for problem 'a6b2cabd9f84c607' ...
### [bt]: Applying algorithm 'run_learner' on problem 'a6b2cabd9f84c607' for job 5673 (seed = 5796) ...
INFO  [16:04:04.746] [mlr3] Applying learner 'nnet calibrated isotonic 90' on task 'phoneme' (iter 3/10)
# weights:  22
initial  value 3024.524125 
iter  10 value 2010.365598
iter  20 value 1933.924268
iter  30 value 1874.251753
iter  40 value 1802.304671
iter  50 value 1775.784961
iter  60 value 1736.765683
iter  70 value 1702.072922
iter  80 value 1690.698746
iter  90 value 1687.983471
iter 100 value 1687.962842
final  value 1687.962842 
stopped after 100 iterations

### [bt]: Job terminated successfully [batchtools job.id=5673]
### [bt]: Starting job [batchtools job.id=5674]
### [bt]: Generating problem instance for problem 'a6b2cabd9f84c607' ...
### [bt]: Applying algorithm 'run_learner' on problem 'a6b2cabd9f84c607' for job 5674 (seed = 5797) ...
INFO  [16:04:11.379] [mlr3] Applying learner 'nnet calibrated isotonic 90' on task 'phoneme' (iter 4/10)
# weights:  22
initial  value 5131.271466 
iter  10 value 1913.036531
iter  20 value 1763.472705
iter  30 value 1696.892677
iter  40 value 1683.938787
iter  50 value 1662.175373
iter  60 value 1650.068480
iter  70 value 1645.020161
iter  80 value 1641.647806
iter  90 value 1640.091904
iter 100 value 1639.290898
final  value 1639.290898 
stopped after 100 iterations

### [bt]: Job terminated successfully [batchtools job.id=5674]
### [bt]: Starting job [batchtools job.id=5675]
### [bt]: Generating problem instance for problem 'a6b2cabd9f84c607' ...
### [bt]: Applying algorithm 'run_learner' on problem 'a6b2cabd9f84c607' for job 5675 (seed = 5798) ...
INFO  [16:04:11.644] [mlr3] Applying learner 'nnet calibrated isotonic 90' on task 'phoneme' (iter 5/10)
# weights:  22
initial  value 2705.432921 
iter  10 value 1962.897681
iter  20 value 1818.189328
iter  30 value 1717.920828
iter  40 value 1671.084202
iter  50 value 1669.354015
iter  60 value 1668.392180
iter  70 value 1666.989734
iter  80 value 1665.860396
iter  90 value 1664.094641
iter 100 value 1663.485068
final  value 1663.485068 
stopped after 100 iterations

### [bt]: Job terminated successfully [batchtools job.id=5675]
### [bt]: Calculation finished!
