### [bt]: This is batchtools v0.9.17
### [bt]: Starting calculation of 1 jobs
### [bt]: Setting working directory to '/content'
### [bt]: Memory measurement disabled
### [bt]: Starting job [batchtools job.id=1801]
### [bt]: Generating problem instance for problem '358d8f8187803581' ...
### [bt]: Applying algorithm 'run_learner' on problem '358d8f8187803581' for job 1801 (seed = 1924) ...
INFO  [15:53:11.865] [mlr3] Applying learner 'nnet calibrated beta cv5' on task 'electricity' (iter 1/10)
# weights:  46
initial  value 28285.913135 
iter  10 value 20071.773886
iter  20 value 18585.790656
iter  30 value 17470.842349
iter  40 value 16415.026632
iter  50 value 15908.863420
iter  60 value 15645.385463
iter  70 value 15568.988813
iter  80 value 15477.964906
iter  90 value 15430.618032
iter 100 value 15387.037547
final  value 15387.037547 
stopped after 100 iterations
# weights:  46
initial  value 22927.415691 
iter  10 value 19603.585808
iter  20 value 17436.466587
iter  30 value 16678.185991
iter  40 value 15865.358362
iter  50 value 15581.593017
iter  60 value 15484.954772
iter  70 value 15401.405335
iter  80 value 15385.407314
iter  90 value 15375.593224
iter 100 value 15370.065738
final  value 15370.065738 
stopped after 100 iterations
# weights:  46
initial  value 24055.380214 
iter  10 value 20010.188969
iter  20 value 18187.484688
iter  30 value 16466.422681
iter  40 value 16025.002375
iter  50 value 15814.571011
iter  60 value 15783.892124
iter  70 value 15772.535732
iter  80 value 15757.806201
iter  90 value 15749.687696
iter 100 value 15748.706668
final  value 15748.706668 
stopped after 100 iterations
# weights:  46
initial  value 23158.540001 
iter  10 value 19500.022342
iter  20 value 18111.459822
iter  30 value 16625.119004
iter  40 value 16022.849114
iter  50 value 15885.813209
iter  60 value 15779.257209
iter  70 value 15699.297375
iter  80 value 15474.623942
iter  90 value 15321.015506
iter 100 value 15196.223388
final  value 15196.223388 
stopped after 100 iterations
# weights:  46
initial  value 24876.981586 
iter  10 value 19415.274275
iter  20 value 17372.733045
iter  30 value 16461.162751
iter  40 value 16029.051164
iter  50 value 15813.324695
iter  60 value 15648.147705
iter  70 value 15581.760153
iter  80 value 15504.359548
iter  90 value 15467.250055
iter 100 value 15452.663933
final  value 15452.663933 
stopped after 100 iterations
[1] -39.92751
[1] 30.06496
[1] -42.05927
[1] 29.03637
[1] -38.58992
[1] 36.53474
[1] -35.59948
[1] 37.69668
Warning: glm.fit: fitted probabilities numerically 0 or 1 occurred
This happened PipeOp classif.nnet's $train()
[1] -37.82236
[1] 38.20121

### [bt]: Job terminated successfully [batchtools job.id=1801]
### [bt]: Calculation finished!
