### [bt]: This is batchtools v0.9.17
### [bt]: Starting calculation of 5 jobs
### [bt]: Setting working directory to '/Users/I578045/Desktop/Mater_Thesis_Calibration'
ece.R :
Friedmann_tasks.R :
Functions.R :
ici.R :
mse_feature_effects.R :
PipeOpCalibration.R :
### [bt]: Memory measurement disabled
### [bt]: Starting job [batchtools job.id=2426]
### [bt]: Generating problem instance for problem '358d8f8187803581' ...
### [bt]: Applying algorithm 'run_learner' on problem '358d8f8187803581' for job 2426 (seed = 2549) ...
INFO  [19:45:10.781] [mlr3] Applying learner 'xgboost calibrated beta 90' on task 'electricity' (iter 6/10)

### [bt]: Job terminated successfully [batchtools job.id=2426]
### [bt]: Starting job [batchtools job.id=2427]
### [bt]: Generating problem instance for problem '358d8f8187803581' ...
### [bt]: Applying algorithm 'run_learner' on problem '358d8f8187803581' for job 2427 (seed = 2550) ...
INFO  [19:47:12.333] [mlr3] Applying learner 'xgboost calibrated beta 90' on task 'electricity' (iter 7/10)

### [bt]: Job terminated successfully [batchtools job.id=2427]
### [bt]: Starting job [batchtools job.id=2428]
### [bt]: Generating problem instance for problem '358d8f8187803581' ...
### [bt]: Applying algorithm 'run_learner' on problem '358d8f8187803581' for job 2428 (seed = 2551) ...
INFO  [19:49:13.677] [mlr3] Applying learner 'xgboost calibrated beta 90' on task 'electricity' (iter 8/10)

### [bt]: Job terminated successfully [batchtools job.id=2428]
### [bt]: Starting job [batchtools job.id=2429]
### [bt]: Generating problem instance for problem '358d8f8187803581' ...
### [bt]: Applying algorithm 'run_learner' on problem '358d8f8187803581' for job 2429 (seed = 2552) ...
INFO  [19:51:15.002] [mlr3] Applying learner 'xgboost calibrated beta 90' on task 'electricity' (iter 9/10)

### [bt]: Job terminated successfully [batchtools job.id=2429]
### [bt]: Starting job [batchtools job.id=2430]
### [bt]: Generating problem instance for problem '358d8f8187803581' ...
### [bt]: Applying algorithm 'run_learner' on problem '358d8f8187803581' for job 2430 (seed = 2553) ...
INFO  [19:53:16.216] [mlr3] Applying learner 'xgboost calibrated beta 90' on task 'electricity' (iter 10/10)

### [bt]: Job terminated successfully [batchtools job.id=2430]
### [bt]: Calculation finished!
