### [bt]: This is batchtools v0.9.17
### [bt]: Starting calculation of 5 jobs
### [bt]: Setting working directory to '/Users/adrian/Desktop/Mater_Thesis_Calibration'
ece.R :
Friedmann_tasks.R :
Functions.R :
ici.R :
mse_feature_effects.R :
PipeOpCalibration.R :
### [bt]: Memory measurement disabled
### [bt]: Starting job [batchtools job.id=7601]
### [bt]: Generating problem instance for problem 'c27a1cbf9c91424a' ...
### [bt]: Applying algorithm 'run_learner' on problem 'c27a1cbf9c91424a' for job 7601 (seed = 7724) ...
INFO  [18:33:37.735] [mlr3] Applying learner 'xgboost calibrated isotonic cv3' on task 'ilpd' (iter 1/10)

### [bt]: Job terminated successfully [batchtools job.id=7601]
### [bt]: Starting job [batchtools job.id=7602]
### [bt]: Generating problem instance for problem 'c27a1cbf9c91424a' ...
### [bt]: Applying algorithm 'run_learner' on problem 'c27a1cbf9c91424a' for job 7602 (seed = 7725) ...
INFO  [18:33:47.002] [mlr3] Applying learner 'xgboost calibrated isotonic cv3' on task 'ilpd' (iter 2/10)

### [bt]: Job terminated successfully [batchtools job.id=7602]
### [bt]: Starting job [batchtools job.id=7603]
### [bt]: Generating problem instance for problem 'c27a1cbf9c91424a' ...
### [bt]: Applying algorithm 'run_learner' on problem 'c27a1cbf9c91424a' for job 7603 (seed = 7726) ...
INFO  [18:33:52.831] [mlr3] Applying learner 'xgboost calibrated isotonic cv3' on task 'ilpd' (iter 3/10)

### [bt]: Job terminated successfully [batchtools job.id=7603]
### [bt]: Starting job [batchtools job.id=7604]
### [bt]: Generating problem instance for problem 'c27a1cbf9c91424a' ...
### [bt]: Applying algorithm 'run_learner' on problem 'c27a1cbf9c91424a' for job 7604 (seed = 7727) ...
INFO  [18:33:58.593] [mlr3] Applying learner 'xgboost calibrated isotonic cv3' on task 'ilpd' (iter 4/10)

### [bt]: Job terminated successfully [batchtools job.id=7604]
### [bt]: Starting job [batchtools job.id=7605]
### [bt]: Generating problem instance for problem 'c27a1cbf9c91424a' ...
### [bt]: Applying algorithm 'run_learner' on problem 'c27a1cbf9c91424a' for job 7605 (seed = 7728) ...
INFO  [18:34:04.353] [mlr3] Applying learner 'xgboost calibrated isotonic cv3' on task 'ilpd' (iter 5/10)

### [bt]: Job terminated successfully [batchtools job.id=7605]
### [bt]: Calculation finished!
