### [bt]: This is batchtools v0.9.17
### [bt]: Starting calculation of 5 jobs
### [bt]: Setting working directory to '/Users/I578045/Desktop/Mater_Thesis_Calibration'
ece.R :
Friedmann_tasks.R :
Functions.R :
ici.R :
mse_feature_effects.R :
PipeOpCalibration.R :
### [bt]: Memory measurement disabled
### [bt]: Starting job [batchtools job.id=1816]
### [bt]: Generating problem instance for problem '358d8f8187803581' ...
### [bt]: Applying algorithm 'run_learner' on problem '358d8f8187803581' for job 1816 (seed = 1939) ...
INFO  [15:43:38.611] [mlr3] Applying learner 'nnet calibrated isotonic 70' on task 'electricity' (iter 6/10)
# weights:  46
initial  value 19673.444491 
iter  10 value 17093.417170
iter  20 value 15139.752871
iter  30 value 14363.518141
iter  40 value 13863.733752
iter  50 value 13738.741001
iter  60 value 13686.700981
iter  70 value 13670.029662
iter  80 value 13660.940142
iter  90 value 13652.323309
iter 100 value 13647.583053
final  value 13647.583053 
stopped after 100 iterations

### [bt]: Job terminated successfully [batchtools job.id=1816]
### [bt]: Starting job [batchtools job.id=1817]
### [bt]: Generating problem instance for problem '358d8f8187803581' ...
### [bt]: Applying algorithm 'run_learner' on problem '358d8f8187803581' for job 1817 (seed = 1940) ...
INFO  [15:43:39.806] [mlr3] Applying learner 'nnet calibrated isotonic 70' on task 'electricity' (iter 7/10)
# weights:  46
initial  value 23015.946469 
iter  10 value 18216.812234
iter  20 value 16468.274217
iter  30 value 14752.405579
iter  40 value 14253.662510
iter  50 value 13901.380147
iter  60 value 13725.001963
iter  70 value 13664.523851
iter  80 value 13642.048952
iter  90 value 13630.931024
iter 100 value 13621.848790
final  value 13621.848790 
stopped after 100 iterations

### [bt]: Job terminated successfully [batchtools job.id=1817]
### [bt]: Starting job [batchtools job.id=1818]
### [bt]: Generating problem instance for problem '358d8f8187803581' ...
### [bt]: Applying algorithm 'run_learner' on problem '358d8f8187803581' for job 1818 (seed = 1941) ...
INFO  [15:43:41.031] [mlr3] Applying learner 'nnet calibrated isotonic 70' on task 'electricity' (iter 8/10)
# weights:  46
initial  value 19677.103083 
iter  10 value 17351.093789
iter  20 value 15827.051588
iter  30 value 14416.945790
iter  40 value 13894.127373
iter  50 value 13571.543447
iter  60 value 13492.695066
iter  70 value 13465.291157
iter  80 value 13450.505783
iter  90 value 13446.724692
iter 100 value 13444.250533
final  value 13444.250533 
stopped after 100 iterations

### [bt]: Job terminated successfully [batchtools job.id=1818]
### [bt]: Starting job [batchtools job.id=1819]
### [bt]: Generating problem instance for problem '358d8f8187803581' ...
### [bt]: Applying algorithm 'run_learner' on problem '358d8f8187803581' for job 1819 (seed = 1942) ...
INFO  [15:43:42.204] [mlr3] Applying learner 'nnet calibrated isotonic 70' on task 'electricity' (iter 9/10)
# weights:  46
initial  value 19898.628650 
iter  10 value 17511.076866
iter  20 value 16648.266894
iter  30 value 14991.490498
iter  40 value 14357.333090
iter  50 value 14088.776806
iter  60 value 13963.070930
iter  70 value 13899.673487
iter  80 value 13839.545138
iter  90 value 13774.174675
iter 100 value 13741.666971
final  value 13741.666971 
stopped after 100 iterations

### [bt]: Job terminated successfully [batchtools job.id=1819]
### [bt]: Starting job [batchtools job.id=1820]
### [bt]: Generating problem instance for problem '358d8f8187803581' ...
### [bt]: Applying algorithm 'run_learner' on problem '358d8f8187803581' for job 1820 (seed = 1943) ...
INFO  [15:43:43.388] [mlr3] Applying learner 'nnet calibrated isotonic 70' on task 'electricity' (iter 10/10)
# weights:  46
initial  value 20844.178576 
iter  10 value 17849.722279
iter  20 value 16516.955025
iter  30 value 15246.368913
iter  40 value 14580.070011
iter  50 value 14111.444380
iter  60 value 13878.407020
iter  70 value 13752.399016
iter  80 value 13659.629540
iter  90 value 13634.451643
iter 100 value 13623.452961
final  value 13623.452961 
stopped after 100 iterations

### [bt]: Job terminated successfully [batchtools job.id=1820]
### [bt]: Calculation finished!
