### [bt]: This is batchtools v0.9.17
### [bt]: Starting calculation of 1 jobs
### [bt]: Setting working directory to '/content'
### [bt]: Memory measurement disabled
### [bt]: Starting job [batchtools job.id=8689]
### [bt]: Generating problem instance for problem '22f4988139232849' ...
### [bt]: Applying algorithm 'run_learner' on problem '22f4988139232849' for job 8689 (seed = 8812) ...
INFO  [08:43:50.681] [mlr3] Applying learner 'svm calibrated beta cv5' on task 'nomao' (iter 9/10)
[1] -39.44969
[1] 35.16931
[1] -37.02845
[1] 39.9176
[1] -34.71118
[1] 32.46975
[1] -29.85294
[1] 42.04015
[1] -38.22364
[1] 38.85441

### [bt]: Job terminated successfully [batchtools job.id=8689]
### [bt]: Calculation finished!
