### [bt]: This is batchtools v0.9.17
### [bt]: Starting calculation of 1 jobs
### [bt]: Setting working directory to '/content'
### [bt]: Memory measurement disabled
### [bt]: Starting job [batchtools job.id=14832]
### [bt]: Generating problem instance for problem 'cfb05fadfc1e266b' ...
### [bt]: Applying algorithm 'run_learner' on problem 'cfb05fadfc1e266b' for job 14832 (seed = 14955) ...
INFO  [17:23:01.064] [mlr3] Applying learner 'nnet calibrated platt union' on task 'numerai28.6' (iter 2/10)
# weights:  70
initial  value 50630.755921 
iter  10 value 48012.949369
iter  20 value 47928.727031
iter  30 value 47913.908837
iter  40 value 47908.194493
iter  50 value 47905.368464
iter  60 value 47904.248213
iter  70 value 47902.062400
iter  80 value 47899.686404
iter  90 value 47897.858845
iter 100 value 47895.947515
final  value 47895.947515 
stopped after 100 iterations
# weights:  70
initial  value 48528.884634 
iter  10 value 47971.275857
iter  20 value 47947.165342
iter  30 value 47924.666484
iter  40 value 47912.031212
iter  50 value 47906.165283
iter  60 value 47900.614480
iter  70 value 47897.433856
iter  80 value 47895.546835
iter  90 value 47892.871245
iter 100 value 47889.400385
final  value 47889.400385 
stopped after 100 iterations
# weights:  70
initial  value 48098.399228 
iter  10 value 47976.301835
iter  20 value 47944.863059
iter  30 value 47918.354941
iter  40 value 47907.768355
iter  50 value 47904.592019
iter  60 value 47896.029501
iter  70 value 47885.769323
iter  80 value 47879.387288
iter  90 value 47874.521497
iter 100 value 47872.449056
final  value 47872.449056 
stopped after 100 iterations
# weights:  70
initial  value 48270.757138 
iter  10 value 47997.151469
iter  20 value 47948.565391
iter  30 value 47918.590925
iter  40 value 47902.517398
iter  50 value 47896.153065
iter  60 value 47892.616477
iter  70 value 47884.178860
iter  80 value 47875.802488
iter  90 value 47868.265361
iter 100 value 47863.306762
final  value 47863.306762 
stopped after 100 iterations
# weights:  70
initial  value 48657.588580 
iter  10 value 47962.369158
iter  20 value 47928.887226
iter  30 value 47915.796213
iter  40 value 47905.422765
iter  50 value 47903.870844
iter  60 value 47901.136810
iter  70 value 47899.171592
iter  80 value 47895.366567
iter  90 value 47890.474911
iter 100 value 47885.923849
final  value 47885.923849 
stopped after 100 iterations

### [bt]: Job terminated successfully [batchtools job.id=14832]
### [bt]: Calculation finished!
