### [bt]: This is batchtools v0.9.17
### [bt]: Starting calculation of 1 jobs
### [bt]: Setting working directory to '/content'
### [bt]: Memory measurement disabled
### [bt]: Starting job [batchtools job.id=4841]
### [bt]: Generating problem instance for problem '341ee781c7d79b8f' ...
### [bt]: Applying algorithm 'run_learner' on problem '341ee781c7d79b8f' for job 4841 (seed = 4964) ...
INFO  [14:25:03.631] [mlr3] Applying learner 'svm calibrated beta cv5' on task 'wdbc' (iter 1/10)
Warning: glm.fit: fitted probabilities numerically 0 or 1 occurred
This happened PipeOp classif.svm's $train()
[1] -124.7585
[1] 30.64555
[1] -57.49336
[1] 26.59219
Warning: glm.fit: fitted probabilities numerically 0 or 1 occurred
This happened PipeOp classif.svm's $train()
[1] -0.640998
[1] 469.8668
Warning: glm.fit: fitted probabilities numerically 0 or 1 occurred
This happened PipeOp classif.svm's $train()
[1] -160.5805
[1] 6.379471
Warning: glm.fit: algorithm did not converge
This happened PipeOp classif.svm's $train()
Warning: glm.fit: fitted probabilities numerically 0 or 1 occurred
This happened PipeOp classif.svm's $train()
Warning: glm.fit: algorithm did not converge
This happened PipeOp classif.svm's $train()
Warning: glm.fit: fitted probabilities numerically 0 or 1 occurred
This happened PipeOp classif.svm's $train()
[1] 213.8123
[1] 5660.523

### [bt]: Job terminated successfully [batchtools job.id=4841]
### [bt]: Calculation finished!
