### [bt]: This is batchtools v0.9.17
### [bt]: Starting calculation of 1 jobs
### [bt]: Setting working directory to '/content'
### [bt]: Memory measurement disabled
### [bt]: Starting job [batchtools job.id=5715]
### [bt]: Generating problem instance for problem 'a6b2cabd9f84c607' ...
### [bt]: Applying algorithm 'run_learner' on problem 'a6b2cabd9f84c607' for job 5715 (seed = 5838) ...
INFO  [14:26:56.707] [mlr3] Applying learner 'nnet calibrated platt 80' on task 'phoneme' (iter 5/10)
# weights:  22
initial  value 2551.297348 
iter  10 value 1799.892425
iter  20 value 1703.181567
iter  30 value 1563.424575
iter  40 value 1512.550492
iter  50 value 1498.273435
iter  60 value 1491.419012
iter  70 value 1487.415710
iter  80 value 1481.452790
iter  90 value 1478.974751
iter 100 value 1478.266328
final  value 1478.266328 
stopped after 100 iterations

### [bt]: Job terminated successfully [batchtools job.id=5715]
### [bt]: Calculation finished!
