### [bt]: This is batchtools v0.9.17
### [bt]: Starting calculation of 5 jobs
### [bt]: Setting working directory to '/Users/adrian/Desktop/Mater_Thesis_Calibration'
ece.R :
Friedmann_tasks.R :
Functions.R :
ici.R :
mse_feature_effects.R :
PipeOpCalibration.R :
### [bt]: Memory measurement disabled
### [bt]: Starting job [batchtools job.id=5591]
### [bt]: Generating problem instance for problem 'a6b2cabd9f84c607' ...
### [bt]: Applying algorithm 'run_learner' on problem 'a6b2cabd9f84c607' for job 5591 (seed = 5714) ...
INFO  [16:01:21.153] [mlr3] Applying learner 'naive_bayes uncalibrated' on task 'phoneme' (iter 1/10)

### [bt]: Job terminated successfully [batchtools job.id=5591]
### [bt]: Starting job [batchtools job.id=5592]
### [bt]: Generating problem instance for problem 'a6b2cabd9f84c607' ...
### [bt]: Applying algorithm 'run_learner' on problem 'a6b2cabd9f84c607' for job 5592 (seed = 5715) ...
INFO  [16:01:21.237] [mlr3] Applying learner 'naive_bayes uncalibrated' on task 'phoneme' (iter 2/10)

### [bt]: Job terminated successfully [batchtools job.id=5592]
### [bt]: Starting job [batchtools job.id=5593]
### [bt]: Generating problem instance for problem 'a6b2cabd9f84c607' ...
### [bt]: Applying algorithm 'run_learner' on problem 'a6b2cabd9f84c607' for job 5593 (seed = 5716) ...
INFO  [16:01:21.317] [mlr3] Applying learner 'naive_bayes uncalibrated' on task 'phoneme' (iter 3/10)

### [bt]: Job terminated successfully [batchtools job.id=5593]
### [bt]: Starting job [batchtools job.id=5594]
### [bt]: Generating problem instance for problem 'a6b2cabd9f84c607' ...
### [bt]: Applying algorithm 'run_learner' on problem 'a6b2cabd9f84c607' for job 5594 (seed = 5717) ...
INFO  [16:01:21.399] [mlr3] Applying learner 'naive_bayes uncalibrated' on task 'phoneme' (iter 4/10)

### [bt]: Job terminated successfully [batchtools job.id=5594]
### [bt]: Starting job [batchtools job.id=5595]
### [bt]: Generating problem instance for problem 'a6b2cabd9f84c607' ...
### [bt]: Applying algorithm 'run_learner' on problem 'a6b2cabd9f84c607' for job 5595 (seed = 5718) ...
INFO  [16:01:21.466] [mlr3] Applying learner 'naive_bayes uncalibrated' on task 'phoneme' (iter 5/10)

### [bt]: Job terminated successfully [batchtools job.id=5595]
### [bt]: Calculation finished!
