### [bt]: This is batchtools v0.9.17
### [bt]: Starting calculation of 1 jobs
### [bt]: Setting working directory to '/content'
### [bt]: Memory measurement disabled
### [bt]: Starting job [batchtools job.id=13863]
### [bt]: Generating problem instance for problem 'a6b2cabd9f84c607' ...
### [bt]: Applying algorithm 'run_learner' on problem 'a6b2cabd9f84c607' for job 13863 (seed = 13986) ...
INFO  [14:59:58.173] [mlr3] Applying learner 'nnet calibrated isotonic union' on task 'phoneme' (iter 3/10)
# weights:  22
initial  value 2326.061527 
iter  10 value 1696.378868
iter  20 value 1565.246716
iter  30 value 1529.755926
iter  40 value 1519.337841
iter  50 value 1517.048718
iter  60 value 1515.861489
iter  70 value 1513.820659
iter  80 value 1512.216743
iter  90 value 1507.165750
iter 100 value 1474.507819
final  value 1474.507819 
stopped after 100 iterations
# weights:  22
initial  value 2567.201762 
iter  10 value 1688.376688
iter  20 value 1570.580686
iter  30 value 1493.264799
iter  40 value 1488.047413
iter  50 value 1477.140341
iter  60 value 1459.198544
iter  70 value 1445.866153
iter  80 value 1441.397954
iter  90 value 1438.702246
iter 100 value 1438.066594
final  value 1438.066594 
stopped after 100 iterations
# weights:  22
initial  value 3454.621488 
iter  10 value 1759.598279
iter  20 value 1629.771937
iter  30 value 1607.603202
iter  40 value 1602.657252
iter  50 value 1598.014484
iter  60 value 1594.936047
iter  70 value 1593.548689
iter  80 value 1592.548204
final  value 1592.415086 
converged
# weights:  22
initial  value 3186.085979 
iter  10 value 1905.163248
iter  20 value 1685.989820
iter  30 value 1559.465134
iter  40 value 1536.258161
iter  50 value 1529.346954
iter  60 value 1514.275838
iter  70 value 1500.223605
iter  80 value 1481.851001
iter  90 value 1478.621396
iter 100 value 1477.004723
final  value 1477.004723 
stopped after 100 iterations
# weights:  22
initial  value 2887.879261 
iter  10 value 1810.246655
iter  20 value 1719.349582
iter  30 value 1675.197912
iter  40 value 1639.347277
iter  50 value 1609.852164
iter  60 value 1574.694048
iter  70 value 1544.188446
iter  80 value 1517.806140
iter  90 value 1513.774343
iter 100 value 1512.765671
final  value 1512.765671 
stopped after 100 iterations

### [bt]: Job terminated successfully [batchtools job.id=13863]
### [bt]: Calculation finished!
