### [bt]: This is batchtools v0.9.17
### [bt]: Starting calculation of 5 jobs
### [bt]: Setting working directory to '/Users/adrian/Desktop/Mater_Thesis_Calibration'
ece.R :
Friedmann_tasks.R :
Functions.R :
ici.R :
mse_feature_effects.R :
PipeOpCalibration.R :
### [bt]: Memory measurement disabled
### [bt]: Starting job [batchtools job.id=6296]
### [bt]: Generating problem instance for problem 'a6b2cabd9f84c607' ...
### [bt]: Applying algorithm 'run_learner' on problem 'a6b2cabd9f84c607' for job 6296 (seed = 6419) ...
INFO  [17:14:44.910] [mlr3] Applying learner 'xgboost calibrated isotonic 70' on task 'phoneme' (iter 6/10)

### [bt]: Job terminated successfully [batchtools job.id=6296]
### [bt]: Starting job [batchtools job.id=6297]
### [bt]: Generating problem instance for problem 'a6b2cabd9f84c607' ...
### [bt]: Applying algorithm 'run_learner' on problem 'a6b2cabd9f84c607' for job 6297 (seed = 6420) ...
INFO  [17:14:55.490] [mlr3] Applying learner 'xgboost calibrated isotonic 70' on task 'phoneme' (iter 7/10)

### [bt]: Job terminated successfully [batchtools job.id=6297]
### [bt]: Starting job [batchtools job.id=6298]
### [bt]: Generating problem instance for problem 'a6b2cabd9f84c607' ...
### [bt]: Applying algorithm 'run_learner' on problem 'a6b2cabd9f84c607' for job 6298 (seed = 6421) ...
INFO  [17:15:03.039] [mlr3] Applying learner 'xgboost calibrated isotonic 70' on task 'phoneme' (iter 8/10)

### [bt]: Job terminated successfully [batchtools job.id=6298]
### [bt]: Starting job [batchtools job.id=6299]
### [bt]: Generating problem instance for problem 'a6b2cabd9f84c607' ...
### [bt]: Applying algorithm 'run_learner' on problem 'a6b2cabd9f84c607' for job 6299 (seed = 6422) ...
INFO  [17:15:10.417] [mlr3] Applying learner 'xgboost calibrated isotonic 70' on task 'phoneme' (iter 9/10)

### [bt]: Job terminated successfully [batchtools job.id=6299]
### [bt]: Starting job [batchtools job.id=6300]
### [bt]: Generating problem instance for problem 'a6b2cabd9f84c607' ...
### [bt]: Applying algorithm 'run_learner' on problem 'a6b2cabd9f84c607' for job 6300 (seed = 6423) ...
INFO  [17:15:17.838] [mlr3] Applying learner 'xgboost calibrated isotonic 70' on task 'phoneme' (iter 10/10)

### [bt]: Job terminated successfully [batchtools job.id=6300]
### [bt]: Calculation finished!
