### [bt]: This is batchtools v0.9.17
### [bt]: Starting calculation of 1 jobs
### [bt]: Setting working directory to '/content'
### [bt]: Memory measurement disabled
### [bt]: Starting job [batchtools job.id=10912]
### [bt]: Generating problem instance for problem 'cfb05fadfc1e266b' ...
### [bt]: Applying algorithm 'run_learner' on problem 'cfb05fadfc1e266b' for job 10912 (seed = 11035) ...
INFO  [20:07:38.685] [mlr3] Applying learner 'ranger calibrated beta cv3' on task 'numerai28.6' (iter 2/10)
Growing trees.. Progress: 10%. Estimated remaining time: 4 minutes, 24 seconds.
Growing trees.. Progress: 21%. Estimated remaining time: 3 minutes, 52 seconds.
Growing trees.. Progress: 32%. Estimated remaining time: 3 minutes, 21 seconds.
Growing trees.. Progress: 42%. Estimated remaining time: 2 minutes, 50 seconds.
Growing trees.. Progress: 53%. Estimated remaining time: 2 minutes, 19 seconds.
Growing trees.. Progress: 63%. Estimated remaining time: 1 minute, 48 seconds.
Growing trees.. Progress: 74%. Estimated remaining time: 1 minute, 16 seconds.
Growing trees.. Progress: 84%. Estimated remaining time: 46 seconds.
Growing trees.. Progress: 95%. Estimated remaining time: 15 seconds.
Growing trees.. Progress: 14%. Estimated remaining time: 3 minutes, 16 seconds.
Growing trees.. Progress: 27%. Estimated remaining time: 2 minutes, 44 seconds.
Growing trees.. Progress: 41%. Estimated remaining time: 2 minutes, 13 seconds.
Growing trees.. Progress: 54%. Estimated remaining time: 1 minute, 43 seconds.
Growing trees.. Progress: 68%. Estimated remaining time: 1 minute, 12 seconds.
Growing trees.. Progress: 82%. Estimated remaining time: 41 seconds.
Growing trees.. Progress: 96%. Estimated remaining time: 10 seconds.
Growing trees.. Progress: 14%. Estimated remaining time: 3 minutes, 13 seconds.
Growing trees.. Progress: 28%. Estimated remaining time: 2 minutes, 41 seconds.
Growing trees.. Progress: 42%. Estimated remaining time: 2 minutes, 9 seconds.
Growing trees.. Progress: 56%. Estimated remaining time: 1 minute, 38 seconds.
Growing trees.. Progress: 69%. Estimated remaining time: 1 minute, 8 seconds.
Growing trees.. Progress: 83%. Estimated remaining time: 37 seconds.
Growing trees.. Progress: 97%. Estimated remaining time: 6 seconds.
[1] 0.367018
[1] 18.09775
[1] -20.67454
[1] -0.3780713
[1] -8.111242
[1] 14.85127

### [bt]: Job terminated successfully [batchtools job.id=10912]
### [bt]: Calculation finished!
