### [bt]: This is batchtools v0.9.17
### [bt]: Starting calculation of 1 jobs
### [bt]: Setting working directory to '/content'
### [bt]: Memory measurement disabled
### [bt]: Starting job [batchtools job.id=14827]
### [bt]: Generating problem instance for problem 'cfb05fadfc1e266b' ...
### [bt]: Applying algorithm 'run_learner' on problem 'cfb05fadfc1e266b' for job 14827 (seed = 14950) ...
INFO  [17:22:55.764] [mlr3] Applying learner 'nnet calibrated isotonic union' on task 'numerai28.6' (iter 7/10)
# weights:  70
initial  value 51094.782457 
iter  10 value 48029.636683
iter  20 value 47951.006252
iter  30 value 47933.106203
iter  40 value 47932.426670
iter  50 value 47931.919906
iter  60 value 47923.538714
iter  70 value 47910.707745
iter  80 value 47898.616169
iter  90 value 47887.740035
iter 100 value 47880.715275
final  value 47880.715275 
stopped after 100 iterations
# weights:  70
initial  value 48185.011739 
iter  10 value 47952.225116
iter  20 value 47933.449251
iter  30 value 47917.574027
iter  40 value 47903.009715
iter  50 value 47894.710784
iter  60 value 47888.697514
iter  70 value 47880.535778
iter  80 value 47870.788996
iter  90 value 47860.180290
iter 100 value 47856.213709
final  value 47856.213709 
stopped after 100 iterations
# weights:  70
initial  value 48933.126213 
iter  10 value 47974.630994
iter  20 value 47943.290471
iter  30 value 47921.099406
iter  40 value 47910.844365
iter  50 value 47897.257405
iter  60 value 47879.058590
iter  70 value 47865.007624
iter  80 value 47848.628674
iter  90 value 47839.551346
iter 100 value 47831.734734
final  value 47831.734734 
stopped after 100 iterations
# weights:  70
initial  value 48136.589850 
iter  10 value 47972.920801
iter  20 value 47942.066337
iter  30 value 47917.363726
iter  40 value 47911.306751
iter  50 value 47907.791774
iter  60 value 47905.694207
iter  70 value 47902.292997
iter  80 value 47898.349459
iter  90 value 47894.646378
iter 100 value 47890.792095
final  value 47890.792095 
stopped after 100 iterations
# weights:  70
initial  value 51624.260637 
iter  10 value 47997.651805
iter  20 value 47947.819770
iter  30 value 47934.592128
iter  40 value 47912.226413
iter  50 value 47898.898740
iter  60 value 47894.331976
iter  70 value 47883.318657
iter  80 value 47868.821356
iter  90 value 47860.930386
iter 100 value 47853.615287
final  value 47853.615287 
stopped after 100 iterations

### [bt]: Job terminated successfully [batchtools job.id=14827]
### [bt]: Calculation finished!
