### [bt]: This is batchtools v0.9.17
### [bt]: Starting calculation of 1 jobs
### [bt]: Setting working directory to '/content'
### [bt]: Memory measurement disabled
### [bt]: Starting job [batchtools job.id=14822]
### [bt]: Generating problem instance for problem 'cfb05fadfc1e266b' ...
### [bt]: Applying algorithm 'run_learner' on problem 'cfb05fadfc1e266b' for job 14822 (seed = 14945) ...
INFO  [17:22:48.854] [mlr3] Applying learner 'nnet calibrated isotonic union' on task 'numerai28.6' (iter 2/10)
# weights:  70
initial  value 57828.743928 
iter  10 value 48053.776813
iter  20 value 47968.174921
iter  30 value 47948.910381
iter  40 value 47928.218362
iter  50 value 47917.528817
iter  60 value 47903.986360
iter  70 value 47894.746237
iter  80 value 47886.700746
iter  90 value 47880.380296
iter 100 value 47870.904668
final  value 47870.904668 
stopped after 100 iterations
# weights:  70
initial  value 49660.025262 
iter  10 value 48042.692088
iter  20 value 47995.095450
iter  30 value 47956.013234
iter  40 value 47948.519200
iter  50 value 47941.317255
iter  60 value 47928.646370
iter  70 value 47905.922449
iter  80 value 47900.101558
iter  90 value 47896.217541
iter 100 value 47890.156752
final  value 47890.156752 
stopped after 100 iterations
# weights:  70
initial  value 48433.914316 
iter  10 value 47997.754261
iter  20 value 47962.758575
iter  30 value 47955.114216
iter  40 value 47939.194427
iter  50 value 47917.101096
iter  60 value 47900.994252
iter  70 value 47896.803173
iter  80 value 47892.470514
iter  90 value 47885.939314
iter 100 value 47881.872792
final  value 47881.872792 
stopped after 100 iterations
# weights:  70
initial  value 48577.768799 
iter  10 value 47975.305724
iter  20 value 47942.197867
iter  30 value 47923.184341
iter  40 value 47912.332578
iter  50 value 47904.785482
iter  60 value 47900.781696
iter  70 value 47897.146092
iter  80 value 47893.903694
iter  90 value 47890.316041
iter 100 value 47884.958813
final  value 47884.958813 
stopped after 100 iterations
# weights:  70
initial  value 53948.120904 
iter  10 value 47997.106257
iter  20 value 47968.119660
iter  30 value 47957.136102
iter  40 value 47953.713575
iter  50 value 47951.896476
iter  60 value 47951.134176
iter  70 value 47950.500625
iter  80 value 47950.129028
iter  90 value 47949.936474
iter 100 value 47949.812948
final  value 47949.812948 
stopped after 100 iterations

### [bt]: Job terminated successfully [batchtools job.id=14822]
### [bt]: Calculation finished!
