### [bt]: This is batchtools v0.9.17
### [bt]: Starting calculation of 1 jobs
### [bt]: Setting working directory to '/content'
Loading required package: mlr3verse
Loading required package: mlr3

Attaching package: ‘dplyr’

The following object is masked from ‘package:MASS’:

    select

The following object is masked from ‘package:mlr3misc’:

    cross_join

The following objects are masked from ‘package:stats’:

    filter, lag

The following objects are masked from ‘package:base’:

    intersect, setdiff, setequal, union


Attaching package: ‘batchtools’

The following object is masked from ‘package:mlr3misc’:

    chunk

Loading required package: randomForest
randomForest 4.7-1.2
Type rfNews() to see new features/changes/bug fixes.

Attaching package: ‘randomForest’

The following object is masked from ‘package:dplyr’:

    combine

The following object is masked from ‘package:ggplot2’:

    margin

Loading required package: ranger

Attaching package: ‘ranger’

The following object is masked from ‘package:randomForest’:

    importance

Loading required package: palmerpenguins
### [bt]: Memory measurement disabled
### [bt]: Starting job [batchtools job.id=46]
### [bt]: Generating problem instance for problem '563768ad2e048da7' ...
### [bt]: Applying algorithm 'run_learner' on problem '563768ad2e048da7' for job 46 (seed = 169) ...
INFO  [14:18:01.376] [mlr3] Applying learner 'glmnet calibrated beta cv5' on task 'credit-g' (iter 6/10)
[1] -33.53581
[1] 22.5261
[1] -30.66086
[1] 20.57605
[1] -34.78568
[1] 29.1757
[1] 1.148703
[1] 49.16842
[1] -55.0183
[1] 26.15485

### [bt]: Job terminated successfully [batchtools job.id=46]
### [bt]: Calculation finished!
