### [bt]: This is batchtools v0.9.17
### [bt]: Starting calculation of 1 jobs
### [bt]: Setting working directory to '/content'
### [bt]: Memory measurement disabled
### [bt]: Starting job [batchtools job.id=10803]
### [bt]: Generating problem instance for problem 'cfb05fadfc1e266b' ...
### [bt]: Applying algorithm 'run_learner' on problem 'cfb05fadfc1e266b' for job 10803 (seed = 10926) ...
INFO  [16:52:45.079] [mlr3] Applying learner 'nnet calibrated isotonic cv3' on task 'numerai28.6' (iter 3/10)
# weights:  70
initial  value 41822.903904 
iter  10 value 39995.095697
iter  20 value 39968.602829
iter  30 value 39953.282358
iter  40 value 39944.899659
iter  50 value 39941.457661
iter  60 value 39936.653430
iter  70 value 39933.735946
iter  80 value 39929.697783
iter  90 value 39927.292692
iter 100 value 39924.825307
final  value 39924.825307 
stopped after 100 iterations
# weights:  70
initial  value 44235.186895 
iter  10 value 40029.115480
iter  20 value 39946.098397
iter  30 value 39923.474372
iter  40 value 39919.236247
iter  50 value 39904.619392
iter  60 value 39895.045426
iter  70 value 39888.394170
iter  80 value 39881.240776
iter  90 value 39874.693823
iter 100 value 39867.049609
final  value 39867.049609 
stopped after 100 iterations
# weights:  70
initial  value 41202.165976 
iter  10 value 39976.464823
iter  20 value 39943.302346
iter  30 value 39916.296107
iter  40 value 39898.447772
iter  50 value 39890.023710
iter  60 value 39886.546822
iter  70 value 39881.763915
iter  80 value 39879.626201
iter  90 value 39878.026429
iter 100 value 39876.419053
final  value 39876.419053 
stopped after 100 iterations

### [bt]: Job terminated successfully [batchtools job.id=10803]
### [bt]: Calculation finished!
