### [bt]: This is batchtools v0.9.17
### [bt]: Starting calculation of 1 jobs
### [bt]: Setting working directory to '/content'
### [bt]: Memory measurement disabled
### [bt]: Starting job [batchtools job.id=3055]
### [bt]: Generating problem instance for problem 'b541340d6c2eb21d' ...
### [bt]: Applying algorithm 'run_learner' on problem 'b541340d6c2eb21d' for job 3055 (seed = 3178) ...
INFO  [14:21:55.914] [mlr3] Applying learner 'nnet calibrated beta 80' on task 'kc1' (iter 5/10)
# weights:  70
initial  value 1228.173584 
iter  10 value 552.498318
iter  20 value 539.236646
iter  30 value 525.779652
iter  40 value 520.076273
iter  50 value 518.497453
iter  60 value 518.172683
iter  70 value 518.000336
final  value 517.983764 
converged
[1] -26.94283
[1] 19.50169

### [bt]: Job terminated successfully [batchtools job.id=3055]
### [bt]: Calculation finished!
