### [bt]: This is batchtools v0.9.17
### [bt]: Starting calculation of 1 jobs
### [bt]: Setting working directory to '/content'
### [bt]: Memory measurement disabled
### [bt]: Starting job [batchtools job.id=10805]
### [bt]: Generating problem instance for problem 'cfb05fadfc1e266b' ...
### [bt]: Applying algorithm 'run_learner' on problem 'cfb05fadfc1e266b' for job 10805 (seed = 10928) ...
INFO  [16:52:46.402] [mlr3] Applying learner 'nnet calibrated isotonic cv3' on task 'numerai28.6' (iter 5/10)
# weights:  70
initial  value 45913.584930 
iter  10 value 39988.906691
iter  20 value 39941.245724
iter  30 value 39923.961899
iter  40 value 39907.890638
iter  50 value 39899.713839
iter  60 value 39896.281454
iter  70 value 39894.643693
iter  80 value 39892.616287
iter  90 value 39890.122531
iter 100 value 39887.760398
final  value 39887.760398 
stopped after 100 iterations
# weights:  70
initial  value 41285.114301 
iter  10 value 39973.667305
iter  20 value 39950.175386
iter  30 value 39925.804205
iter  40 value 39912.856131
iter  50 value 39900.843446
iter  60 value 39893.759721
iter  70 value 39888.351107
iter  80 value 39880.569879
iter  90 value 39869.429306
iter 100 value 39856.340572
final  value 39856.340572 
stopped after 100 iterations
# weights:  70
initial  value 45440.592509 
iter  10 value 39994.320975
iter  20 value 39957.223852
iter  30 value 39935.902242
iter  40 value 39917.943320
iter  50 value 39915.485542
iter  60 value 39911.056752
iter  70 value 39910.183432
iter  80 value 39907.429814
iter  90 value 39898.494087
iter 100 value 39883.181791
final  value 39883.181791 
stopped after 100 iterations

### [bt]: Job terminated successfully [batchtools job.id=10805]
### [bt]: Calculation finished!
