### [bt]: This is batchtools v0.9.17
### [bt]: Starting calculation of 1 jobs
### [bt]: Setting working directory to '/content'
### [bt]: Memory measurement disabled
### [bt]: Starting job [batchtools job.id=1006]
### [bt]: Generating problem instance for problem '563768ad2e048da7' ...
### [bt]: Applying algorithm 'run_learner' on problem '563768ad2e048da7' for job 1006 (seed = 1129) ...
INFO  [14:19:23.746] [mlr3] Applying learner 'svm calibrated beta cv5' on task 'credit-g' (iter 6/10)
Warning in svm.default(x = data, y = task$truth(), probability = (self$predict_type ==  :
  Variable(s) ‘personal_status.female.single’ and ‘purpose.vacation’ constant. Cannot scale data.
This happened PipeOp classif.svm's $train()
This happened PipeOp classif.svm's $train()
Warning in svm.default(x = data, y = task$truth(), probability = (self$predict_type ==  :
  Variable(s) ‘personal_status.female.single’ and ‘purpose.vacation’ constant. Cannot scale data.
This happened PipeOp classif.svm's $train()
This happened PipeOp classif.svm's $train()
Warning in svm.default(x = data, y = task$truth(), probability = (self$predict_type ==  :
  Variable(s) ‘personal_status.female.single’ and ‘purpose.vacation’ constant. Cannot scale data.
This happened PipeOp classif.svm's $train()
This happened PipeOp classif.svm's $train()
Warning in svm.default(x = data, y = task$truth(), probability = (self$predict_type ==  :
  Variable(s) ‘personal_status.female.single’ and ‘purpose.vacation’ constant. Cannot scale data.
This happened PipeOp classif.svm's $train()
This happened PipeOp classif.svm's $train()
Warning in svm.default(x = data, y = task$truth(), probability = (self$predict_type ==  :
  Variable(s) ‘personal_status.female.single’ and ‘purpose.vacation’ constant. Cannot scale data.
This happened PipeOp classif.svm's $train()
This happened PipeOp classif.svm's $train()
[1] -4.010895
[1] -100.2232
[1] -4.693258
[1] -118.8277
[1] 232.649
[1] 1.437552
[1] -3.842124
[1] -96.26607
[1] -127.3478
[1] -3956.142

### [bt]: Job terminated successfully [batchtools job.id=1006]
### [bt]: Calculation finished!
