### [bt]: This is batchtools v0.9.17
### [bt]: Starting calculation of 1 jobs
### [bt]: Setting working directory to '/content'
### [bt]: Memory measurement disabled
### [bt]: Starting job [batchtools job.id=845]
### [bt]: Generating problem instance for problem '563768ad2e048da7' ...
### [bt]: Applying algorithm 'run_learner' on problem '563768ad2e048da7' for job 845 (seed = 968) ...
INFO  [14:19:13.470] [mlr3] Applying learner 'rpart calibrated beta cv5' on task 'credit-g' (iter 5/10)
Warning: glm.fit: fitted probabilities numerically 0 or 1 occurred
This happened PipeOp classif.rpart's $train()
[1] -0.4869667
[1] 34.95341
[1] -29.80214
[1] 4.514997
Warning: glm.fit: fitted probabilities numerically 0 or 1 occurred
This happened PipeOp classif.rpart's $train()
Warning: glm.fit: fitted probabilities numerically 0 or 1 occurred
This happened PipeOp classif.rpart's $train()
[1] 0.3956223
[1] 33.12349
[1] -16.59665
[1] 23.57682
[1] -39.94845
[1] 14.65085

### [bt]: Job terminated successfully [batchtools job.id=845]
### [bt]: Calculation finished!
