### [bt]: This is batchtools v0.9.17
### [bt]: Starting calculation of 5 jobs
### [bt]: Setting working directory to '/Users/adrian/Desktop/Mater_Thesis_Calibration'
ece.R :
Friedmann_tasks.R :
Functions.R :
ici.R :
mse_feature_effects.R :
PipeOpCalibration.R :
### [bt]: Memory measurement disabled
### [bt]: Starting job [batchtools job.id=6946]
### [bt]: Generating problem instance for problem 'c27a1cbf9c91424a' ...
### [bt]: Applying algorithm 'run_learner' on problem 'c27a1cbf9c91424a' for job 6946 (seed = 7069) ...
INFO  [18:01:49.111] [mlr3] Applying learner 'nnet calibrated isotonic 80' on task 'ilpd' (iter 6/10)
# weights:  37
initial  value 339.191195 
final  value 252.183694 
converged

### [bt]: Job terminated successfully [batchtools job.id=6946]
### [bt]: Starting job [batchtools job.id=6947]
### [bt]: Generating problem instance for problem 'c27a1cbf9c91424a' ...
### [bt]: Applying algorithm 'run_learner' on problem 'c27a1cbf9c91424a' for job 6947 (seed = 7070) ...
INFO  [18:01:49.203] [mlr3] Applying learner 'nnet calibrated isotonic 80' on task 'ilpd' (iter 7/10)
# weights:  37
initial  value 457.589917 
final  value 252.183694 
converged

### [bt]: Job terminated successfully [batchtools job.id=6947]
### [bt]: Starting job [batchtools job.id=6948]
### [bt]: Generating problem instance for problem 'c27a1cbf9c91424a' ...
### [bt]: Applying algorithm 'run_learner' on problem 'c27a1cbf9c91424a' for job 6948 (seed = 7071) ...
INFO  [18:01:49.407] [mlr3] Applying learner 'nnet calibrated isotonic 80' on task 'ilpd' (iter 8/10)
# weights:  37
initial  value 325.795475 
iter  10 value 254.148378
iter  20 value 235.944387
iter  30 value 234.335543
iter  40 value 234.328478
iter  50 value 233.912597
iter  60 value 233.911458
iter  70 value 233.649508
iter  80 value 233.078951
iter  90 value 233.078532
final  value 233.078527 
converged

### [bt]: Job terminated successfully [batchtools job.id=6948]
### [bt]: Starting job [batchtools job.id=6949]
### [bt]: Generating problem instance for problem 'c27a1cbf9c91424a' ...
### [bt]: Applying algorithm 'run_learner' on problem 'c27a1cbf9c91424a' for job 6949 (seed = 7072) ...
INFO  [18:01:49.501] [mlr3] Applying learner 'nnet calibrated isotonic 80' on task 'ilpd' (iter 9/10)
# weights:  37
initial  value 268.459471 
iter  10 value 250.848155
iter  20 value 234.473052
iter  30 value 233.577191
iter  40 value 231.410905
iter  50 value 230.853897
iter  60 value 230.121036
iter  70 value 229.517883
iter  80 value 229.079949
iter  90 value 228.330175
iter 100 value 227.630841
final  value 227.630841 
stopped after 100 iterations

### [bt]: Job terminated successfully [batchtools job.id=6949]
### [bt]: Starting job [batchtools job.id=6950]
### [bt]: Generating problem instance for problem 'c27a1cbf9c91424a' ...
### [bt]: Applying algorithm 'run_learner' on problem 'c27a1cbf9c91424a' for job 6950 (seed = 7073) ...
INFO  [18:01:49.599] [mlr3] Applying learner 'nnet calibrated isotonic 80' on task 'ilpd' (iter 10/10)
# weights:  37
initial  value 349.618480 
iter  10 value 248.029989
iter  20 value 244.391487
iter  30 value 243.655982
iter  40 value 243.352185
iter  50 value 243.221652
iter  60 value 242.607844
iter  70 value 242.285363
iter  80 value 241.949872
iter  90 value 241.870007
iter 100 value 241.857276
final  value 241.857276 
stopped after 100 iterations

### [bt]: Job terminated successfully [batchtools job.id=6950]
### [bt]: Calculation finished!
