### [bt]: This is batchtools v0.9.17
### [bt]: Starting calculation of 5 jobs
### [bt]: Setting working directory to '/Users/adrian/Desktop/Mater_Thesis_Calibration'
ece.R :
Friedmann_tasks.R :
Functions.R :
ici.R :
mse_feature_effects.R :
PipeOpCalibration.R :
### [bt]: Memory measurement disabled
### [bt]: Starting job [batchtools job.id=731]
### [bt]: Generating problem instance for problem '563768ad2e048da7' ...
### [bt]: Applying algorithm 'run_learner' on problem '563768ad2e048da7' for job 731 (seed = 854) ...
INFO  [12:50:19.138] [mlr3] Applying learner 'ranger calibrated isotonic cv5' on task 'credit-g' (iter 1/10)

### [bt]: Job terminated successfully [batchtools job.id=731]
### [bt]: Starting job [batchtools job.id=732]
### [bt]: Generating problem instance for problem '563768ad2e048da7' ...
### [bt]: Applying algorithm 'run_learner' on problem '563768ad2e048da7' for job 732 (seed = 855) ...
INFO  [12:50:28.438] [mlr3] Applying learner 'ranger calibrated isotonic cv5' on task 'credit-g' (iter 2/10)

### [bt]: Job terminated successfully [batchtools job.id=732]
### [bt]: Starting job [batchtools job.id=733]
### [bt]: Generating problem instance for problem '563768ad2e048da7' ...
### [bt]: Applying algorithm 'run_learner' on problem '563768ad2e048da7' for job 733 (seed = 856) ...
INFO  [12:50:35.857] [mlr3] Applying learner 'ranger calibrated isotonic cv5' on task 'credit-g' (iter 3/10)

### [bt]: Job terminated successfully [batchtools job.id=733]
### [bt]: Starting job [batchtools job.id=734]
### [bt]: Generating problem instance for problem '563768ad2e048da7' ...
### [bt]: Applying algorithm 'run_learner' on problem '563768ad2e048da7' for job 734 (seed = 857) ...
INFO  [12:50:43.190] [mlr3] Applying learner 'ranger calibrated isotonic cv5' on task 'credit-g' (iter 4/10)

### [bt]: Job terminated successfully [batchtools job.id=734]
### [bt]: Starting job [batchtools job.id=735]
### [bt]: Generating problem instance for problem '563768ad2e048da7' ...
### [bt]: Applying algorithm 'run_learner' on problem '563768ad2e048da7' for job 735 (seed = 858) ...
INFO  [12:50:50.597] [mlr3] Applying learner 'ranger calibrated isotonic cv5' on task 'credit-g' (iter 5/10)

### [bt]: Job terminated successfully [batchtools job.id=735]
### [bt]: Calculation finished!
