### [bt]: This is batchtools v0.9.17
### [bt]: Starting calculation of 5 jobs
### [bt]: Setting working directory to '/Users/adrian/Desktop/Mater_Thesis_Calibration'
ece.R :
Friedmann_tasks.R :
Functions.R :
ici.R :
mse_feature_effects.R :
PipeOpCalibration.R :
### [bt]: Memory measurement disabled
### [bt]: Starting job [batchtools job.id=5866]
### [bt]: Generating problem instance for problem 'a6b2cabd9f84c607' ...
### [bt]: Applying algorithm 'run_learner' on problem 'a6b2cabd9f84c607' for job 5866 (seed = 5989) ...
INFO  [16:29:45.465] [mlr3] Applying learner 'ranger calibrated platt 70' on task 'phoneme' (iter 6/10)

### [bt]: Job terminated successfully [batchtools job.id=5866]
### [bt]: Starting job [batchtools job.id=5867]
### [bt]: Generating problem instance for problem 'a6b2cabd9f84c607' ...
### [bt]: Applying algorithm 'run_learner' on problem 'a6b2cabd9f84c607' for job 5867 (seed = 5990) ...
INFO  [16:29:55.166] [mlr3] Applying learner 'ranger calibrated platt 70' on task 'phoneme' (iter 7/10)

### [bt]: Job terminated successfully [batchtools job.id=5867]
### [bt]: Starting job [batchtools job.id=5868]
### [bt]: Generating problem instance for problem 'a6b2cabd9f84c607' ...
### [bt]: Applying algorithm 'run_learner' on problem 'a6b2cabd9f84c607' for job 5868 (seed = 5991) ...
INFO  [16:30:01.334] [mlr3] Applying learner 'ranger calibrated platt 70' on task 'phoneme' (iter 8/10)

### [bt]: Job terminated successfully [batchtools job.id=5868]
### [bt]: Starting job [batchtools job.id=5869]
### [bt]: Generating problem instance for problem 'a6b2cabd9f84c607' ...
### [bt]: Applying algorithm 'run_learner' on problem 'a6b2cabd9f84c607' for job 5869 (seed = 5992) ...
INFO  [16:30:07.708] [mlr3] Applying learner 'ranger calibrated platt 70' on task 'phoneme' (iter 9/10)

### [bt]: Job terminated successfully [batchtools job.id=5869]
### [bt]: Starting job [batchtools job.id=5870]
### [bt]: Generating problem instance for problem 'a6b2cabd9f84c607' ...
### [bt]: Applying algorithm 'run_learner' on problem 'a6b2cabd9f84c607' for job 5870 (seed = 5993) ...
INFO  [16:30:14.202] [mlr3] Applying learner 'ranger calibrated platt 70' on task 'phoneme' (iter 10/10)

### [bt]: Job terminated successfully [batchtools job.id=5870]
### [bt]: Calculation finished!
