### [bt]: This is batchtools v0.9.17
### [bt]: Starting calculation of 5 jobs
### [bt]: Setting working directory to '/Users/adrian/Desktop/Mater_Thesis_Calibration'
ece.R :
Friedmann_tasks.R :
Functions.R :
ici.R :
mse_feature_effects.R :
PipeOpCalibration.R :
### [bt]: Memory measurement disabled
### [bt]: Starting job [batchtools job.id=9576]
### [bt]: Generating problem instance for problem '0ecb79b078d7aa0a' ...
### [bt]: Applying algorithm 'run_learner' on problem '0ecb79b078d7aa0a' for job 9576 (seed = 9699) ...
INFO  [17:56:15.340] [mlr3] Applying learner 'nnet calibrated platt cv3' on task 'PhishingWebsites' (iter 6/10)
# weights:  121
initial  value 4524.828408 
iter  10 value 1295.410305
iter  20 value 926.452673
iter  30 value 850.940799
iter  40 value 812.862014
iter  50 value 797.103672
iter  60 value 781.964817
iter  70 value 768.285473
iter  80 value 764.905249
iter  90 value 761.737572
iter 100 value 759.231360
final  value 759.231360 
stopped after 100 iterations
# weights:  121
initial  value 4829.591601 
iter  10 value 1224.089807
iter  20 value 867.360279
iter  30 value 824.073841
iter  40 value 781.639252
iter  50 value 758.209697
iter  60 value 744.801194
iter  70 value 735.766317
iter  80 value 731.082829
iter  90 value 728.574017
iter 100 value 726.963354
final  value 726.963354 
stopped after 100 iterations
# weights:  121
initial  value 4790.684471 
iter  10 value 1340.519391
iter  20 value 1070.083029
iter  30 value 1016.303120
iter  40 value 964.300884
iter  50 value 932.137677
iter  60 value 832.570773
iter  70 value 760.350450
iter  80 value 722.035206
iter  90 value 698.923956
iter 100 value 688.095712
final  value 688.095712 
stopped after 100 iterations

### [bt]: Job terminated successfully [batchtools job.id=9576]
### [bt]: Starting job [batchtools job.id=9577]
### [bt]: Generating problem instance for problem '0ecb79b078d7aa0a' ...
### [bt]: Applying algorithm 'run_learner' on problem '0ecb79b078d7aa0a' for job 9577 (seed = 9700) ...
INFO  [17:56:22.603] [mlr3] Applying learner 'nnet calibrated platt cv3' on task 'PhishingWebsites' (iter 7/10)
# weights:  121
initial  value 4695.317254 
iter  10 value 1235.003345
iter  20 value 849.375726
iter  30 value 781.365186
iter  40 value 765.489054
iter  50 value 752.798120
iter  60 value 743.607794
iter  70 value 735.413664
iter  80 value 726.738694
iter  90 value 719.840897
iter 100 value 715.741053
final  value 715.741053 
stopped after 100 iterations
# weights:  121
initial  value 4550.897452 
iter  10 value 1003.187987
iter  20 value 863.024462
iter  30 value 809.421195
iter  40 value 768.911803
iter  50 value 741.622789
iter  60 value 710.415973
iter  70 value 691.972788
iter  80 value 682.172741
iter  90 value 678.087702
iter 100 value 673.366270
final  value 673.366270 
stopped after 100 iterations
# weights:  121
initial  value 4735.392019 
iter  10 value 2475.343933
iter  20 value 1794.081921
iter  30 value 1421.335596
iter  40 value 1214.369012
iter  50 value 972.200064
iter  60 value 856.694666
iter  70 value 797.358760
iter  80 value 772.209870
iter  90 value 753.184745
iter 100 value 743.778110
final  value 743.778110 
stopped after 100 iterations

### [bt]: Job terminated successfully [batchtools job.id=9577]
### [bt]: Starting job [batchtools job.id=9578]
### [bt]: Generating problem instance for problem '0ecb79b078d7aa0a' ...
### [bt]: Applying algorithm 'run_learner' on problem '0ecb79b078d7aa0a' for job 9578 (seed = 9701) ...
INFO  [17:56:26.535] [mlr3] Applying learner 'nnet calibrated platt cv3' on task 'PhishingWebsites' (iter 8/10)
# weights:  121
initial  value 4594.324628 
iter  10 value 963.072848
iter  20 value 811.152209
iter  30 value 763.834229
iter  40 value 747.762229
iter  50 value 742.725110
iter  60 value 740.918793
iter  70 value 738.830209
iter  80 value 736.468049
iter  90 value 731.698554
iter 100 value 727.374499
final  value 727.374499 
stopped after 100 iterations
# weights:  121
initial  value 4948.225417 
iter  10 value 1963.242962
iter  20 value 1052.706686
iter  30 value 902.366239
iter  40 value 865.940406
iter  50 value 846.322521
iter  60 value 833.661644
iter  70 value 820.586840
iter  80 value 808.813806
iter  90 value 799.721205
iter 100 value 789.823555
final  value 789.823555 
stopped after 100 iterations
# weights:  121
initial  value 4693.605676 
iter  10 value 1357.618995
iter  20 value 1017.710080
iter  30 value 942.319221
iter  40 value 862.155603
iter  50 value 824.303041
iter  60 value 783.329675
iter  70 value 763.370161
iter  80 value 745.652312
iter  90 value 736.987691
iter 100 value 729.448279
final  value 729.448279 
stopped after 100 iterations

### [bt]: Job terminated successfully [batchtools job.id=9578]
### [bt]: Starting job [batchtools job.id=9579]
### [bt]: Generating problem instance for problem '0ecb79b078d7aa0a' ...
### [bt]: Applying algorithm 'run_learner' on problem '0ecb79b078d7aa0a' for job 9579 (seed = 9702) ...
INFO  [17:56:30.398] [mlr3] Applying learner 'nnet calibrated platt cv3' on task 'PhishingWebsites' (iter 9/10)
# weights:  121
initial  value 4546.897085 
iter  10 value 1462.787199
iter  20 value 1170.616978
iter  30 value 1011.852099
iter  40 value 920.582779
iter  50 value 875.985163
iter  60 value 767.133909
iter  70 value 712.384961
iter  80 value 689.288405
iter  90 value 681.172613
iter 100 value 675.902067
final  value 675.902067 
stopped after 100 iterations
# weights:  121
initial  value 4795.625627 
iter  10 value 1272.971092
iter  20 value 883.013243
iter  30 value 817.706951
iter  40 value 797.292028
iter  50 value 789.079465
iter  60 value 778.786078
iter  70 value 770.696809
iter  80 value 769.410300
iter  90 value 768.154235
iter 100 value 764.819175
final  value 764.819175 
stopped after 100 iterations
# weights:  121
initial  value 4762.373812 
iter  10 value 1276.907832
iter  20 value 914.132551
iter  30 value 825.664791
iter  40 value 766.897545
iter  50 value 734.377019
iter  60 value 708.665143
iter  70 value 683.801815
iter  80 value 670.025267
iter  90 value 663.452566
iter 100 value 658.258657
final  value 658.258657 
stopped after 100 iterations

### [bt]: Job terminated successfully [batchtools job.id=9579]
### [bt]: Starting job [batchtools job.id=9580]
### [bt]: Generating problem instance for problem '0ecb79b078d7aa0a' ...
### [bt]: Applying algorithm 'run_learner' on problem '0ecb79b078d7aa0a' for job 9580 (seed = 9703) ...
INFO  [17:56:34.280] [mlr3] Applying learner 'nnet calibrated platt cv3' on task 'PhishingWebsites' (iter 10/10)
# weights:  121
initial  value 4563.730049 
iter  10 value 961.541112
iter  20 value 807.775604
iter  30 value 749.204403
iter  40 value 723.782148
iter  50 value 704.421564
iter  60 value 695.637866
iter  70 value 691.042099
iter  80 value 684.814860
iter  90 value 675.677966
iter 100 value 669.808342
final  value 669.808342 
stopped after 100 iterations
# weights:  121
initial  value 4758.373662 
iter  10 value 1709.721921
iter  20 value 1345.963083
iter  30 value 1079.092789
iter  40 value 869.086342
iter  50 value 807.378844
iter  60 value 735.834445
iter  70 value 710.843372
iter  80 value 701.330997
iter  90 value 693.597404
iter 100 value 684.964542
final  value 684.964542 
stopped after 100 iterations
# weights:  121
initial  value 5660.623010 
iter  10 value 1288.598838
iter  20 value 889.521107
iter  30 value 802.881037
iter  40 value 750.989818
iter  50 value 705.442588
iter  60 value 687.333869
iter  70 value 680.352765
iter  80 value 676.077737
iter  90 value 673.778462
iter 100 value 671.124600
final  value 671.124600 
stopped after 100 iterations

### [bt]: Job terminated successfully [batchtools job.id=9580]
### [bt]: Calculation finished!
