### [bt]: This is batchtools v0.9.17
### [bt]: Starting calculation of 1 jobs
### [bt]: Setting working directory to '/content'
### [bt]: Memory measurement disabled
### [bt]: Starting job [batchtools job.id=3400]
### [bt]: Generating problem instance for problem 'b541340d6c2eb21d' ...
### [bt]: Applying algorithm 'run_learner' on problem 'b541340d6c2eb21d' for job 3400 (seed = 3523) ...
INFO  [14:22:19.993] [mlr3] Applying learner 'rpart calibrated beta cv3' on task 'kc1' (iter 10/10)
[1] 0.1599537
[1] 31.3019
[1] 0.1044758
[1] 30.32678
Warning: glm.fit: fitted probabilities numerically 0 or 1 occurred
This happened PipeOp classif.rpart's $train()
Warning: glm.fit: fitted probabilities numerically 0 or 1 occurred
This happened PipeOp classif.rpart's $train()
[1] 1.171824
[1] 51.50633

### [bt]: Job terminated successfully [batchtools job.id=3400]
### [bt]: Calculation finished!
