### [bt]: This is batchtools v0.9.17
### [bt]: Starting calculation of 1 jobs
### [bt]: Setting working directory to '/content'
### [bt]: Memory measurement disabled
### [bt]: Starting job [batchtools job.id=3402]
### [bt]: Generating problem instance for problem 'b541340d6c2eb21d' ...
### [bt]: Applying algorithm 'run_learner' on problem 'b541340d6c2eb21d' for job 3402 (seed = 3525) ...
INFO  [14:22:20.100] [mlr3] Applying learner 'rpart calibrated beta cv5' on task 'kc1' (iter 2/10)
[1] -2.52429
[1] -1.519826
[1] -62.47506
[1] -2.241357
[1] -11.80866
[1] 24.91382
[1] -0.3714013
[1] 21.86631
[1] -48.91761
[1] 0.1821498

### [bt]: Job terminated successfully [batchtools job.id=3402]
### [bt]: Calculation finished!
