### [bt]: This is batchtools v0.9.17
### [bt]: Starting calculation of 5 jobs
### [bt]: Setting working directory to '/Users/adrian/Desktop/Mater_Thesis_Calibration'
ece.R :
Friedmann_tasks.R :
Functions.R :
ici.R :
mse_feature_effects.R :
PipeOpCalibration.R :
### [bt]: Memory measurement disabled
### [bt]: Starting job [batchtools job.id=10266]
### [bt]: Generating problem instance for problem 'cfb05fadfc1e266b' ...
### [bt]: Applying algorithm 'run_learner' on problem 'cfb05fadfc1e266b' for job 10266 (seed = 10389) ...
INFO  [10:32:09.390] [mlr3] Applying learner 'glmnet calibrated beta 90' on task 'numerai28.6' (iter 6/10)

### [bt]: Job terminated successfully [batchtools job.id=10266]
### [bt]: Starting job [batchtools job.id=10267]
### [bt]: Generating problem instance for problem 'cfb05fadfc1e266b' ...
### [bt]: Applying algorithm 'run_learner' on problem 'cfb05fadfc1e266b' for job 10267 (seed = 10390) ...
INFO  [10:32:10.397] [mlr3] Applying learner 'glmnet calibrated beta 90' on task 'numerai28.6' (iter 7/10)

### [bt]: Job terminated successfully [batchtools job.id=10267]
### [bt]: Starting job [batchtools job.id=10268]
### [bt]: Generating problem instance for problem 'cfb05fadfc1e266b' ...
### [bt]: Applying algorithm 'run_learner' on problem 'cfb05fadfc1e266b' for job 10268 (seed = 10391) ...
INFO  [10:32:13.097] [mlr3] Applying learner 'glmnet calibrated beta 90' on task 'numerai28.6' (iter 8/10)

### [bt]: Job terminated successfully [batchtools job.id=10268]
### [bt]: Starting job [batchtools job.id=10269]
### [bt]: Generating problem instance for problem 'cfb05fadfc1e266b' ...
### [bt]: Applying algorithm 'run_learner' on problem 'cfb05fadfc1e266b' for job 10269 (seed = 10392) ...
INFO  [10:32:20.311] [mlr3] Applying learner 'glmnet calibrated beta 90' on task 'numerai28.6' (iter 9/10)

### [bt]: Job terminated successfully [batchtools job.id=10269]
### [bt]: Starting job [batchtools job.id=10270]
### [bt]: Generating problem instance for problem 'cfb05fadfc1e266b' ...
### [bt]: Applying algorithm 'run_learner' on problem 'cfb05fadfc1e266b' for job 10270 (seed = 10393) ...
INFO  [10:32:21.054] [mlr3] Applying learner 'glmnet calibrated beta 90' on task 'numerai28.6' (iter 10/10)

### [bt]: Job terminated successfully [batchtools job.id=10270]
### [bt]: Calculation finished!
