### [bt]: This is batchtools v0.9.17
### [bt]: Starting calculation of 5 jobs
### [bt]: Setting working directory to '/Users/adrian/Desktop/Mater_Thesis_Calibration'
ece.R :
Friedmann_tasks.R :
Functions.R :
ici.R :
mse_feature_effects.R :
PipeOpCalibration.R :
### [bt]: Memory measurement disabled
### [bt]: Starting job [batchtools job.id=10206]
### [bt]: Generating problem instance for problem '0ecb79b078d7aa0a' ...
### [bt]: Applying algorithm 'run_learner' on problem '0ecb79b078d7aa0a' for job 10206 (seed = 10329) ...
INFO  [00:40:38.971] [mlr3] Applying learner 'xgboost calibrated platt 90' on task 'PhishingWebsites' (iter 6/10)

### [bt]: Job terminated successfully [batchtools job.id=10206]
### [bt]: Starting job [batchtools job.id=10207]
### [bt]: Generating problem instance for problem '0ecb79b078d7aa0a' ...
### [bt]: Applying algorithm 'run_learner' on problem '0ecb79b078d7aa0a' for job 10207 (seed = 10330) ...
INFO  [00:41:58.866] [mlr3] Applying learner 'xgboost calibrated platt 90' on task 'PhishingWebsites' (iter 7/10)

### [bt]: Job terminated successfully [batchtools job.id=10207]
### [bt]: Starting job [batchtools job.id=10208]
### [bt]: Generating problem instance for problem '0ecb79b078d7aa0a' ...
### [bt]: Applying algorithm 'run_learner' on problem '0ecb79b078d7aa0a' for job 10208 (seed = 10331) ...
INFO  [00:43:15.680] [mlr3] Applying learner 'xgboost calibrated platt 90' on task 'PhishingWebsites' (iter 8/10)

### [bt]: Job terminated successfully [batchtools job.id=10208]
### [bt]: Starting job [batchtools job.id=10209]
### [bt]: Generating problem instance for problem '0ecb79b078d7aa0a' ...
### [bt]: Applying algorithm 'run_learner' on problem '0ecb79b078d7aa0a' for job 10209 (seed = 10332) ...
INFO  [00:44:30.995] [mlr3] Applying learner 'xgboost calibrated platt 90' on task 'PhishingWebsites' (iter 9/10)

### [bt]: Job terminated successfully [batchtools job.id=10209]
### [bt]: Starting job [batchtools job.id=10210]
### [bt]: Generating problem instance for problem '0ecb79b078d7aa0a' ...
### [bt]: Applying algorithm 'run_learner' on problem '0ecb79b078d7aa0a' for job 10210 (seed = 10333) ...
INFO  [00:45:48.503] [mlr3] Applying learner 'xgboost calibrated platt 90' on task 'PhishingWebsites' (iter 10/10)

### [bt]: Job terminated successfully [batchtools job.id=10210]
### [bt]: Calculation finished!
