### [bt]: This is batchtools v0.9.17
### [bt]: Starting calculation of 1 jobs
### [bt]: Setting working directory to '/content'
### [bt]: Memory measurement disabled
### [bt]: Starting job [batchtools job.id=13636]
### [bt]: Generating problem instance for problem '341ee781c7d79b8f' ...
### [bt]: Applying algorithm 'run_learner' on problem '341ee781c7d79b8f' for job 13636 (seed = 13759) ...
INFO  [14:58:37.845] [mlr3] Applying learner 'nnet calibrated platt union' on task 'wdbc' (iter 6/10)
# weights:  97
initial  value 248.869953 
iter  10 value 118.035221
iter  20 value 101.731312
iter  30 value 94.776522
iter  40 value 86.730525
iter  50 value 82.386244
iter  60 value 79.403796
iter  70 value 78.816833
iter  80 value 78.586587
iter  90 value 76.106347
iter 100 value 75.870276
final  value 75.870276 
stopped after 100 iterations
# weights:  97
initial  value 332.679887 
final  value 269.336671 
converged
# weights:  97
initial  value 287.748483 
iter  10 value 268.350199
iter  20 value 268.338179
final  value 268.338142 
converged
# weights:  97
initial  value 284.460109 
iter  10 value 272.347392
iter  20 value 272.341768
final  value 272.341764 
converged
# weights:  97
initial  value 271.637353 
final  value 271.368309 
converged

### [bt]: Job terminated successfully [batchtools job.id=13636]
### [bt]: Calculation finished!
