### [bt]: This is batchtools v0.9.17
### [bt]: Starting calculation of 1 jobs
### [bt]: Setting working directory to '/content'
### [bt]: Memory measurement disabled
### [bt]: Starting job [batchtools job.id=4463]
### [bt]: Generating problem instance for problem '341ee781c7d79b8f' ...
### [bt]: Applying algorithm 'run_learner' on problem '341ee781c7d79b8f' for job 4463 (seed = 4586) ...
INFO  [14:24:45.060] [mlr3] Applying learner 'nnet calibrated platt cv5' on task 'wdbc' (iter 3/10)
# weights:  97
initial  value 324.962816 
final  value 267.109649 
converged
# weights:  97
initial  value 271.912026 
final  value 267.109649 
converged
# weights:  97
initial  value 281.625101 
final  value 273.779980 
converged
# weights:  97
initial  value 272.789898 
final  value 272.363995 
converged
# weights:  97
initial  value 287.844542 
final  value 271.871341 
converged
Warning in predict.lm(object, newdata, se.fit, scale = 1, type = if (type ==  :
  prediction from rank-deficient fit; attr(*, "non-estim") has doubtful cases
This happened PipeOp classif.nnet's $predict()

### [bt]: Job terminated successfully [batchtools job.id=4463]
### [bt]: Calculation finished!
