### [bt]: This is batchtools v0.9.17
### [bt]: Starting calculation of 1 jobs
### [bt]: Setting working directory to '/content'
### [bt]: Memory measurement disabled
### [bt]: Starting job [batchtools job.id=2127]
### [bt]: Generating problem instance for problem '358d8f8187803581' ...
### [bt]: Applying algorithm 'run_learner' on problem '358d8f8187803581' for job 2127 (seed = 2250) ...
INFO  [15:54:01.944] [mlr3] Applying learner 'rpart calibrated beta cv5' on task 'electricity' (iter 7/10)
[1] -28.79812
[1] 10.72216
Warning: glm.fit: fitted probabilities numerically 0 or 1 occurred
This happened PipeOp classif.rpart's $train()
[1] -47.22557
[1] 3.974563
Warning: glm.fit: algorithm did not converge
This happened PipeOp classif.rpart's $train()
[1] -25.20641
[1] 29.49698
Warning: glm.fit: fitted probabilities numerically 0 or 1 occurred
This happened PipeOp classif.rpart's $train()
[1] -13.92376
[1] 34.93016
[1] -26.56564
[1] 23.0984

### [bt]: Job terminated successfully [batchtools job.id=2127]
### [bt]: Calculation finished!
