### [bt]: This is batchtools v0.9.17
### [bt]: Starting calculation of 5 jobs
### [bt]: Setting working directory to '/Users/adrian/Desktop/Mater_Thesis_Calibration'
ece.R :
Friedmann_tasks.R :
Functions.R :
ici.R :
mse_feature_effects.R :
PipeOpCalibration.R :
### [bt]: Memory measurement disabled
### [bt]: Starting job [batchtools job.id=8501]
### [bt]: Generating problem instance for problem '22f4988139232849' ...
### [bt]: Applying algorithm 'run_learner' on problem '22f4988139232849' for job 8501 (seed = 8624) ...
INFO  [06:04:25.099] [mlr3] Applying learner 'rpart calibrated beta 90' on task 'nomao' (iter 1/10)
Warning: glm.fit: fitted probabilities numerically 0 or 1 occurred
This happened PipeOp classif.rpart's $train()

### [bt]: Job terminated successfully [batchtools job.id=8501]
### [bt]: Starting job [batchtools job.id=8502]
### [bt]: Generating problem instance for problem '22f4988139232849' ...
### [bt]: Applying algorithm 'run_learner' on problem '22f4988139232849' for job 8502 (seed = 8625) ...
INFO  [06:04:31.969] [mlr3] Applying learner 'rpart calibrated beta 90' on task 'nomao' (iter 2/10)
Warning: glm.fit: fitted probabilities numerically 0 or 1 occurred
This happened PipeOp classif.rpart's $train()

### [bt]: Job terminated successfully [batchtools job.id=8502]
### [bt]: Starting job [batchtools job.id=8503]
### [bt]: Generating problem instance for problem '22f4988139232849' ...
### [bt]: Applying algorithm 'run_learner' on problem '22f4988139232849' for job 8503 (seed = 8626) ...
INFO  [06:04:35.240] [mlr3] Applying learner 'rpart calibrated beta 90' on task 'nomao' (iter 3/10)
Warning: glm.fit: fitted probabilities numerically 0 or 1 occurred
This happened PipeOp classif.rpart's $train()

### [bt]: Job terminated successfully [batchtools job.id=8503]
### [bt]: Starting job [batchtools job.id=8504]
### [bt]: Generating problem instance for problem '22f4988139232849' ...
### [bt]: Applying algorithm 'run_learner' on problem '22f4988139232849' for job 8504 (seed = 8627) ...
INFO  [06:04:38.311] [mlr3] Applying learner 'rpart calibrated beta 90' on task 'nomao' (iter 4/10)
Warning: glm.fit: algorithm did not converge
This happened PipeOp classif.rpart's $train()
Warning: glm.fit: fitted probabilities numerically 0 or 1 occurred
This happened PipeOp classif.rpart's $train()

### [bt]: Job terminated successfully [batchtools job.id=8504]
### [bt]: Starting job [batchtools job.id=8505]
### [bt]: Generating problem instance for problem '22f4988139232849' ...
### [bt]: Applying algorithm 'run_learner' on problem '22f4988139232849' for job 8505 (seed = 8628) ...
INFO  [06:04:41.473] [mlr3] Applying learner 'rpart calibrated beta 90' on task 'nomao' (iter 5/10)
Warning: glm.fit: fitted probabilities numerically 0 or 1 occurred
This happened PipeOp classif.rpart's $train()

### [bt]: Job terminated successfully [batchtools job.id=8505]
### [bt]: Calculation finished!
