### [bt]: This is batchtools v0.9.17
### [bt]: Starting calculation of 5 jobs
### [bt]: Setting working directory to '/Users/adrian/Desktop/Mater_Thesis_Calibration'
ece.R :
Friedmann_tasks.R :
Functions.R :
ici.R :
mse_feature_effects.R :
PipeOpCalibration.R :
### [bt]: Memory measurement disabled
### [bt]: Starting job [batchtools job.id=6096]
### [bt]: Generating problem instance for problem 'a6b2cabd9f84c607' ...
### [bt]: Applying algorithm 'run_learner' on problem 'a6b2cabd9f84c607' for job 6096 (seed = 6219) ...
INFO  [16:46:58.873] [mlr3] Applying learner 'svm calibrated beta 80' on task 'phoneme' (iter 6/10)

### [bt]: Job terminated successfully [batchtools job.id=6096]
### [bt]: Starting job [batchtools job.id=6097]
### [bt]: Generating problem instance for problem 'a6b2cabd9f84c607' ...
### [bt]: Applying algorithm 'run_learner' on problem 'a6b2cabd9f84c607' for job 6097 (seed = 6220) ...
INFO  [16:47:06.424] [mlr3] Applying learner 'svm calibrated beta 80' on task 'phoneme' (iter 7/10)

### [bt]: Job terminated successfully [batchtools job.id=6097]
### [bt]: Starting job [batchtools job.id=6098]
### [bt]: Generating problem instance for problem 'a6b2cabd9f84c607' ...
### [bt]: Applying algorithm 'run_learner' on problem 'a6b2cabd9f84c607' for job 6098 (seed = 6221) ...
INFO  [16:47:10.042] [mlr3] Applying learner 'svm calibrated beta 80' on task 'phoneme' (iter 8/10)

### [bt]: Job terminated successfully [batchtools job.id=6098]
### [bt]: Starting job [batchtools job.id=6099]
### [bt]: Generating problem instance for problem 'a6b2cabd9f84c607' ...
### [bt]: Applying algorithm 'run_learner' on problem 'a6b2cabd9f84c607' for job 6099 (seed = 6222) ...
INFO  [16:47:13.555] [mlr3] Applying learner 'svm calibrated beta 80' on task 'phoneme' (iter 9/10)

### [bt]: Job terminated successfully [batchtools job.id=6099]
### [bt]: Starting job [batchtools job.id=6100]
### [bt]: Generating problem instance for problem 'a6b2cabd9f84c607' ...
### [bt]: Applying algorithm 'run_learner' on problem 'a6b2cabd9f84c607' for job 6100 (seed = 6223) ...
INFO  [16:47:17.149] [mlr3] Applying learner 'svm calibrated beta 80' on task 'phoneme' (iter 10/10)

### [bt]: Job terminated successfully [batchtools job.id=6100]
### [bt]: Calculation finished!
