### [bt]: This is batchtools v0.9.17
### [bt]: Starting calculation of 5 jobs
### [bt]: Setting working directory to '/Users/adrian/Desktop/Mater_Thesis_Calibration'
ece.R :
Friedmann_tasks.R :
Functions.R :
ici.R :
mse_feature_effects.R :
PipeOpCalibration.R :
### [bt]: Memory measurement disabled
### [bt]: Starting job [batchtools job.id=871]
### [bt]: Generating problem instance for problem '563768ad2e048da7' ...
### [bt]: Applying algorithm 'run_learner' on problem '563768ad2e048da7' for job 871 (seed = 994) ...
INFO  [12:56:17.371] [mlr3] Applying learner 'rpart calibrated isotonic 90' on task 'credit-g' (iter 1/10)

### [bt]: Job terminated successfully [batchtools job.id=871]
### [bt]: Starting job [batchtools job.id=872]
### [bt]: Generating problem instance for problem '563768ad2e048da7' ...
### [bt]: Applying algorithm 'run_learner' on problem '563768ad2e048da7' for job 872 (seed = 995) ...
INFO  [12:56:17.454] [mlr3] Applying learner 'rpart calibrated isotonic 90' on task 'credit-g' (iter 2/10)

### [bt]: Job terminated successfully [batchtools job.id=872]
### [bt]: Starting job [batchtools job.id=873]
### [bt]: Generating problem instance for problem '563768ad2e048da7' ...
### [bt]: Applying algorithm 'run_learner' on problem '563768ad2e048da7' for job 873 (seed = 996) ...
INFO  [12:56:17.649] [mlr3] Applying learner 'rpart calibrated isotonic 90' on task 'credit-g' (iter 3/10)

### [bt]: Job terminated successfully [batchtools job.id=873]
### [bt]: Starting job [batchtools job.id=874]
### [bt]: Generating problem instance for problem '563768ad2e048da7' ...
### [bt]: Applying algorithm 'run_learner' on problem '563768ad2e048da7' for job 874 (seed = 997) ...
INFO  [12:56:17.722] [mlr3] Applying learner 'rpart calibrated isotonic 90' on task 'credit-g' (iter 4/10)

### [bt]: Job terminated successfully [batchtools job.id=874]
### [bt]: Starting job [batchtools job.id=875]
### [bt]: Generating problem instance for problem '563768ad2e048da7' ...
### [bt]: Applying algorithm 'run_learner' on problem '563768ad2e048da7' for job 875 (seed = 998) ...
INFO  [12:56:17.796] [mlr3] Applying learner 'rpart calibrated isotonic 90' on task 'credit-g' (iter 5/10)

### [bt]: Job terminated successfully [batchtools job.id=875]
### [bt]: Calculation finished!
