### [bt]: This is batchtools v0.9.17
### [bt]: Starting calculation of 5 jobs
### [bt]: Setting working directory to '/Users/adrian/Desktop/Mater_Thesis_Calibration'
ece.R :
Friedmann_tasks.R :
Functions.R :
ici.R :
mse_feature_effects.R :
PipeOpCalibration.R :
### [bt]: Memory measurement disabled
### [bt]: Starting job [batchtools job.id=10516]
### [bt]: Generating problem instance for problem 'cfb05fadfc1e266b' ...
### [bt]: Applying algorithm 'run_learner' on problem 'cfb05fadfc1e266b' for job 10516 (seed = 10639) ...
INFO  [11:36:36.900] [mlr3] Applying learner 'kknn calibrated platt 80' on task 'numerai28.6' (iter 6/10)

### [bt]: Job terminated successfully [batchtools job.id=10516]
### [bt]: Starting job [batchtools job.id=10517]
### [bt]: Generating problem instance for problem 'cfb05fadfc1e266b' ...
### [bt]: Applying algorithm 'run_learner' on problem 'cfb05fadfc1e266b' for job 10517 (seed = 10640) ...
INFO  [11:37:24.839] [mlr3] Applying learner 'kknn calibrated platt 80' on task 'numerai28.6' (iter 7/10)

### [bt]: Job terminated successfully [batchtools job.id=10517]
### [bt]: Starting job [batchtools job.id=10518]
### [bt]: Generating problem instance for problem 'cfb05fadfc1e266b' ...
### [bt]: Applying algorithm 'run_learner' on problem 'cfb05fadfc1e266b' for job 10518 (seed = 10641) ...
INFO  [11:38:11.142] [mlr3] Applying learner 'kknn calibrated platt 80' on task 'numerai28.6' (iter 8/10)

### [bt]: Job terminated successfully [batchtools job.id=10518]
### [bt]: Starting job [batchtools job.id=10519]
### [bt]: Generating problem instance for problem 'cfb05fadfc1e266b' ...
### [bt]: Applying algorithm 'run_learner' on problem 'cfb05fadfc1e266b' for job 10519 (seed = 10642) ...
INFO  [11:38:57.122] [mlr3] Applying learner 'kknn calibrated platt 80' on task 'numerai28.6' (iter 9/10)

### [bt]: Job terminated successfully [batchtools job.id=10519]
### [bt]: Starting job [batchtools job.id=10520]
### [bt]: Generating problem instance for problem 'cfb05fadfc1e266b' ...
### [bt]: Applying algorithm 'run_learner' on problem 'cfb05fadfc1e266b' for job 10520 (seed = 10643) ...
INFO  [11:39:42.600] [mlr3] Applying learner 'kknn calibrated platt 80' on task 'numerai28.6' (iter 10/10)

### [bt]: Job terminated successfully [batchtools job.id=10520]
### [bt]: Calculation finished!
