### [bt]: This is batchtools v0.9.17
### [bt]: Starting calculation of 5 jobs
### [bt]: Setting working directory to '/Users/adrian/Desktop/Mater_Thesis_Calibration'
ece.R :
Friedmann_tasks.R :
Functions.R :
ici.R :
mse_feature_effects.R :
PipeOpCalibration.R :
### [bt]: Memory measurement disabled
### [bt]: Starting job [batchtools job.id=2636]
### [bt]: Generating problem instance for problem 'b541340d6c2eb21d' ...
### [bt]: Applying algorithm 'run_learner' on problem 'b541340d6c2eb21d' for job 2636 (seed = 2759) ...
INFO  [13:39:45.434] [mlr3] Applying learner 'glmnet calibrated isotonic 90' on task 'kc1' (iter 6/10)

### [bt]: Job terminated successfully [batchtools job.id=2636]
### [bt]: Starting job [batchtools job.id=2637]
### [bt]: Generating problem instance for problem 'b541340d6c2eb21d' ...
### [bt]: Applying algorithm 'run_learner' on problem 'b541340d6c2eb21d' for job 2637 (seed = 2760) ...
INFO  [13:39:45.798] [mlr3] Applying learner 'glmnet calibrated isotonic 90' on task 'kc1' (iter 7/10)

### [bt]: Job terminated successfully [batchtools job.id=2637]
### [bt]: Starting job [batchtools job.id=2638]
### [bt]: Generating problem instance for problem 'b541340d6c2eb21d' ...
### [bt]: Applying algorithm 'run_learner' on problem 'b541340d6c2eb21d' for job 2638 (seed = 2761) ...
INFO  [13:39:50.492] [mlr3] Applying learner 'glmnet calibrated isotonic 90' on task 'kc1' (iter 8/10)

### [bt]: Job terminated successfully [batchtools job.id=2638]
### [bt]: Starting job [batchtools job.id=2639]
### [bt]: Generating problem instance for problem 'b541340d6c2eb21d' ...
### [bt]: Applying algorithm 'run_learner' on problem 'b541340d6c2eb21d' for job 2639 (seed = 2762) ...
INFO  [13:39:50.707] [mlr3] Applying learner 'glmnet calibrated isotonic 90' on task 'kc1' (iter 9/10)

### [bt]: Job terminated successfully [batchtools job.id=2639]
### [bt]: Starting job [batchtools job.id=2640]
### [bt]: Generating problem instance for problem 'b541340d6c2eb21d' ...
### [bt]: Applying algorithm 'run_learner' on problem 'b541340d6c2eb21d' for job 2640 (seed = 2763) ...
INFO  [13:39:50.916] [mlr3] Applying learner 'glmnet calibrated isotonic 90' on task 'kc1' (iter 10/10)

### [bt]: Job terminated successfully [batchtools job.id=2640]
### [bt]: Calculation finished!
