### [bt]: This is batchtools v0.9.17
### [bt]: Starting calculation of 5 jobs
### [bt]: Setting working directory to '/Users/adrian/Desktop/Mater_Thesis_Calibration'
ece.R :
Friedmann_tasks.R :
Functions.R :
ici.R :
mse_feature_effects.R :
PipeOpCalibration.R :
### [bt]: Memory measurement disabled
### [bt]: Starting job [batchtools job.id=9616]
### [bt]: Generating problem instance for problem '0ecb79b078d7aa0a' ...
### [bt]: Applying algorithm 'run_learner' on problem '0ecb79b078d7aa0a' for job 9616 (seed = 9739) ...
INFO  [18:00:26.729] [mlr3] Applying learner 'ranger calibrated beta 80' on task 'PhishingWebsites' (iter 6/10)
Warning: glm.fit: fitted probabilities numerically 0 or 1 occurred
This happened PipeOp classif.ranger's $train()

### [bt]: Job terminated successfully [batchtools job.id=9616]
### [bt]: Starting job [batchtools job.id=9617]
### [bt]: Generating problem instance for problem '0ecb79b078d7aa0a' ...
### [bt]: Applying algorithm 'run_learner' on problem '0ecb79b078d7aa0a' for job 9617 (seed = 9740) ...
INFO  [18:00:38.185] [mlr3] Applying learner 'ranger calibrated beta 80' on task 'PhishingWebsites' (iter 7/10)
Warning: glm.fit: fitted probabilities numerically 0 or 1 occurred
This happened PipeOp classif.ranger's $train()

### [bt]: Job terminated successfully [batchtools job.id=9617]
### [bt]: Starting job [batchtools job.id=9618]
### [bt]: Generating problem instance for problem '0ecb79b078d7aa0a' ...
### [bt]: Applying algorithm 'run_learner' on problem '0ecb79b078d7aa0a' for job 9618 (seed = 9741) ...
INFO  [18:00:45.681] [mlr3] Applying learner 'ranger calibrated beta 80' on task 'PhishingWebsites' (iter 8/10)
Warning: glm.fit: fitted probabilities numerically 0 or 1 occurred
This happened PipeOp classif.ranger's $train()

### [bt]: Job terminated successfully [batchtools job.id=9618]
### [bt]: Starting job [batchtools job.id=9619]
### [bt]: Generating problem instance for problem '0ecb79b078d7aa0a' ...
### [bt]: Applying algorithm 'run_learner' on problem '0ecb79b078d7aa0a' for job 9619 (seed = 9742) ...
INFO  [18:00:53.561] [mlr3] Applying learner 'ranger calibrated beta 80' on task 'PhishingWebsites' (iter 9/10)
Warning: glm.fit: fitted probabilities numerically 0 or 1 occurred
This happened PipeOp classif.ranger's $train()

### [bt]: Job terminated successfully [batchtools job.id=9619]
### [bt]: Starting job [batchtools job.id=9620]
### [bt]: Generating problem instance for problem '0ecb79b078d7aa0a' ...
### [bt]: Applying algorithm 'run_learner' on problem '0ecb79b078d7aa0a' for job 9620 (seed = 9743) ...
INFO  [18:01:02.300] [mlr3] Applying learner 'ranger calibrated beta 80' on task 'PhishingWebsites' (iter 10/10)
Warning: glm.fit: fitted probabilities numerically 0 or 1 occurred
This happened PipeOp classif.ranger's $train()

### [bt]: Job terminated successfully [batchtools job.id=9620]
### [bt]: Calculation finished!
