### [bt]: This is batchtools v0.9.17
### [bt]: Starting calculation of 1 jobs
### [bt]: Setting working directory to '/content'
### [bt]: Memory measurement disabled
### [bt]: Starting job [batchtools job.id=5631]
### [bt]: Generating problem instance for problem 'a6b2cabd9f84c607' ...
### [bt]: Applying algorithm 'run_learner' on problem 'a6b2cabd9f84c607' for job 5631 (seed = 5754) ...
INFO  [14:26:52.903] [mlr3] Applying learner 'nnet calibrated beta cv3' on task 'phoneme' (iter 1/10)
# weights:  22
initial  value 2618.662387 
iter  10 value 1453.133928
iter  20 value 1306.636902
iter  30 value 1280.088042
iter  40 value 1262.237888
iter  50 value 1254.706599
iter  60 value 1253.476002
iter  70 value 1253.334838
iter  80 value 1250.992993
iter  90 value 1250.605877
iter 100 value 1250.491846
final  value 1250.491846 
stopped after 100 iterations
# weights:  22
initial  value 2112.408047 
iter  10 value 1517.967181
iter  20 value 1432.785227
iter  30 value 1382.972222
iter  40 value 1377.849066
iter  50 value 1369.897912
iter  60 value 1362.937549
iter  70 value 1355.377648
iter  80 value 1351.170553
iter  90 value 1349.036061
iter 100 value 1348.884125
final  value 1348.884125 
stopped after 100 iterations
# weights:  22
initial  value 1948.437556 
iter  10 value 1428.670722
iter  20 value 1389.541397
iter  30 value 1371.215173
iter  40 value 1360.978033
iter  50 value 1359.874488
iter  60 value 1359.518614
iter  70 value 1358.805675
iter  80 value 1357.910239
iter  90 value 1357.182445
final  value 1357.174004 
converged
[1] -81.57098
[1] 1.326048
[1] -86.3289
[1] 5.467598
[1] -17.95756
[1] 38.81521

### [bt]: Job terminated successfully [batchtools job.id=5631]
### [bt]: Calculation finished!
