### [bt]: This is batchtools v0.9.17
### [bt]: Starting calculation of 5 jobs
### [bt]: Setting working directory to '/Users/adrian/Desktop/Mater_Thesis_Calibration'
ece.R :
Friedmann_tasks.R :
Functions.R :
ici.R :
mse_feature_effects.R :
PipeOpCalibration.R :
### [bt]: Memory measurement disabled
### [bt]: Starting job [batchtools job.id=136]
### [bt]: Generating problem instance for problem '563768ad2e048da7' ...
### [bt]: Applying algorithm 'run_learner' on problem '563768ad2e048da7' for job 136 (seed = 259) ...
INFO  [12:37:09.480] [mlr3] Applying learner 'glmnet calibrated platt cv3' on task 'credit-g' (iter 6/10)

### [bt]: Job terminated successfully [batchtools job.id=136]
### [bt]: Starting job [batchtools job.id=137]
### [bt]: Generating problem instance for problem '563768ad2e048da7' ...
### [bt]: Applying algorithm 'run_learner' on problem '563768ad2e048da7' for job 137 (seed = 260) ...
INFO  [12:37:10.316] [mlr3] Applying learner 'glmnet calibrated platt cv3' on task 'credit-g' (iter 7/10)

### [bt]: Job terminated successfully [batchtools job.id=137]
### [bt]: Starting job [batchtools job.id=138]
### [bt]: Generating problem instance for problem '563768ad2e048da7' ...
### [bt]: Applying algorithm 'run_learner' on problem '563768ad2e048da7' for job 138 (seed = 261) ...
INFO  [12:37:13.523] [mlr3] Applying learner 'glmnet calibrated platt cv3' on task 'credit-g' (iter 8/10)

### [bt]: Job terminated successfully [batchtools job.id=138]
### [bt]: Starting job [batchtools job.id=139]
### [bt]: Generating problem instance for problem '563768ad2e048da7' ...
### [bt]: Applying algorithm 'run_learner' on problem '563768ad2e048da7' for job 139 (seed = 262) ...
INFO  [12:37:15.179] [mlr3] Applying learner 'glmnet calibrated platt cv3' on task 'credit-g' (iter 9/10)

### [bt]: Job terminated successfully [batchtools job.id=139]
### [bt]: Starting job [batchtools job.id=140]
### [bt]: Generating problem instance for problem '563768ad2e048da7' ...
### [bt]: Applying algorithm 'run_learner' on problem '563768ad2e048da7' for job 140 (seed = 263) ...
INFO  [12:37:16.799] [mlr3] Applying learner 'glmnet calibrated platt cv3' on task 'credit-g' (iter 10/10)

### [bt]: Job terminated successfully [batchtools job.id=140]
### [bt]: Calculation finished!
