### [bt]: This is batchtools v0.9.17
### [bt]: Starting calculation of 5 jobs
### [bt]: Setting working directory to '/Users/adrian/Desktop/Mater_Thesis_Calibration'
### [bt]: Memory measurement disabled
### [bt]: Starting job [batchtools job.id=251]
### [bt]: Generating problem instance for problem '1bd472785c2444ba' ...
### [bt]: Applying algorithm 'run_learner' on problem '1bd472785c2444ba' for job 251 (seed = 252) ...
INFO  [11:15:21.869] [mlr3] Applying learner 'kknn calibrated isotonic cv_10' on task 'wdbc' (iter 1/10)

### [bt]: Job terminated successfully [batchtools job.id=251]
### [bt]: Starting job [batchtools job.id=252]
### [bt]: Generating problem instance for problem '1bd472785c2444ba' ...
### [bt]: Applying algorithm 'run_learner' on problem '1bd472785c2444ba' for job 252 (seed = 253) ...
INFO  [11:15:24.487] [mlr3] Applying learner 'kknn calibrated isotonic cv_10' on task 'wdbc' (iter 2/10)

### [bt]: Job terminated successfully [batchtools job.id=252]
### [bt]: Starting job [batchtools job.id=253]
### [bt]: Generating problem instance for problem '1bd472785c2444ba' ...
### [bt]: Applying algorithm 'run_learner' on problem '1bd472785c2444ba' for job 253 (seed = 254) ...
INFO  [11:15:25.378] [mlr3] Applying learner 'kknn calibrated isotonic cv_10' on task 'wdbc' (iter 3/10)

### [bt]: Job terminated successfully [batchtools job.id=253]
### [bt]: Starting job [batchtools job.id=254]
### [bt]: Generating problem instance for problem '1bd472785c2444ba' ...
### [bt]: Applying algorithm 'run_learner' on problem '1bd472785c2444ba' for job 254 (seed = 255) ...
INFO  [11:15:26.842] [mlr3] Applying learner 'kknn calibrated isotonic cv_10' on task 'wdbc' (iter 4/10)

### [bt]: Job terminated successfully [batchtools job.id=254]
### [bt]: Starting job [batchtools job.id=255]
### [bt]: Generating problem instance for problem '1bd472785c2444ba' ...
### [bt]: Applying algorithm 'run_learner' on problem '1bd472785c2444ba' for job 255 (seed = 256) ...
INFO  [11:15:27.612] [mlr3] Applying learner 'kknn calibrated isotonic cv_10' on task 'wdbc' (iter 5/10)

### [bt]: Job terminated successfully [batchtools job.id=255]
### [bt]: Calculation finished!
