### [bt]: This is batchtools v0.9.17
### [bt]: Starting calculation of 5 jobs
### [bt]: Setting working directory to '/Users/adrian/Desktop/Mater_Thesis_Calibration'
ece.R :
Friedmann_tasks.R :
Functions.R :
ici.R :
mse_feature_effects.R :
PipeOpCalibration.R :
### [bt]: Memory measurement disabled
### [bt]: Starting job [batchtools job.id=916]
### [bt]: Generating problem instance for problem '563768ad2e048da7' ...
### [bt]: Applying algorithm 'run_learner' on problem '563768ad2e048da7' for job 916 (seed = 1039) ...
INFO  [12:56:54.140] [mlr3] Applying learner 'rpart calibrated platt 80' on task 'credit-g' (iter 6/10)

### [bt]: Job terminated successfully [batchtools job.id=916]
### [bt]: Starting job [batchtools job.id=917]
### [bt]: Generating problem instance for problem '563768ad2e048da7' ...
### [bt]: Applying algorithm 'run_learner' on problem '563768ad2e048da7' for job 917 (seed = 1040) ...
INFO  [12:56:54.279] [mlr3] Applying learner 'rpart calibrated platt 80' on task 'credit-g' (iter 7/10)

### [bt]: Job terminated successfully [batchtools job.id=917]
### [bt]: Starting job [batchtools job.id=918]
### [bt]: Generating problem instance for problem '563768ad2e048da7' ...
### [bt]: Applying algorithm 'run_learner' on problem '563768ad2e048da7' for job 918 (seed = 1041) ...
INFO  [12:56:58.167] [mlr3] Applying learner 'rpart calibrated platt 80' on task 'credit-g' (iter 8/10)

### [bt]: Job terminated successfully [batchtools job.id=918]
### [bt]: Starting job [batchtools job.id=919]
### [bt]: Generating problem instance for problem '563768ad2e048da7' ...
### [bt]: Applying algorithm 'run_learner' on problem '563768ad2e048da7' for job 919 (seed = 1042) ...
INFO  [12:56:58.296] [mlr3] Applying learner 'rpart calibrated platt 80' on task 'credit-g' (iter 9/10)

### [bt]: Job terminated successfully [batchtools job.id=919]
### [bt]: Starting job [batchtools job.id=920]
### [bt]: Generating problem instance for problem '563768ad2e048da7' ...
### [bt]: Applying algorithm 'run_learner' on problem '563768ad2e048da7' for job 920 (seed = 1043) ...
INFO  [12:56:58.409] [mlr3] Applying learner 'rpart calibrated platt 80' on task 'credit-g' (iter 10/10)

### [bt]: Job terminated successfully [batchtools job.id=920]
### [bt]: Calculation finished!
