### [bt]: This is batchtools v0.9.17
### [bt]: Starting calculation of 1 jobs
### [bt]: Setting working directory to '/content'
### [bt]: Memory measurement disabled
### [bt]: Starting job [batchtools job.id=5488]
### [bt]: Generating problem instance for problem 'a6b2cabd9f84c607' ...
### [bt]: Applying algorithm 'run_learner' on problem 'a6b2cabd9f84c607' for job 5488 (seed = 5611) ...
INFO  [14:26:45.501] [mlr3] Applying learner 'naive_bayes calibrated beta cv5' on task 'phoneme' (iter 8/10)
[1] -10.3296
[1] 11.29551
[1] -8.273798
[1] 15.60843
[1] -10.85233
[1] 15.39832
[1] -10.72406
[1] 18.47294
[1] -6.925785
[1] 18.20667

### [bt]: Job terminated successfully [batchtools job.id=5488]
### [bt]: Calculation finished!
