### [bt]: This is batchtools v0.9.17
### [bt]: Starting calculation of 1 jobs
### [bt]: Setting working directory to '/content'
### [bt]: Memory measurement disabled
### [bt]: Starting job [batchtools job.id=9446]
### [bt]: Generating problem instance for problem '0ecb79b078d7aa0a' ...
### [bt]: Applying algorithm 'run_learner' on problem '0ecb79b078d7aa0a' for job 9446 (seed = 9569) ...
INFO  [14:33:48.468] [mlr3] Applying learner 'nnet calibrated beta 70' on task 'PhishingWebsites' (iter 6/10)
# weights:  121
initial  value 4774.102164 
iter  10 value 1910.236506
iter  20 value 1371.718251
iter  30 value 1063.831265
iter  40 value 970.126128
iter  50 value 922.630793
iter  60 value 881.756271
iter  70 value 856.556724
iter  80 value 837.445695
iter  90 value 831.648206
iter 100 value 826.998170
final  value 826.998170 
stopped after 100 iterations
[1] -24.25782
[1] 43.35255

### [bt]: Job terminated successfully [batchtools job.id=9446]
### [bt]: Calculation finished!
