### [bt]: This is batchtools v0.9.17
### [bt]: Starting calculation of 5 jobs
### [bt]: Setting working directory to '/Users/adrian/Desktop/Mater_Thesis_Calibration'
### [bt]: Memory measurement disabled
### [bt]: Starting job [batchtools job.id=1991]
### [bt]: Generating problem instance for problem '257f58d7d9640369' ...
### [bt]: Applying algorithm 'run_learner' on problem '257f58d7d9640369' for job 1991 (seed = 1992) ...
INFO  [12:07:59.026] [mlr3] Applying learner 'naive_bayes calibrated isotonic holdout_75' on task 'ilpd' (iter 1/10)

### [bt]: Job terminated successfully [batchtools job.id=1991]
### [bt]: Starting job [batchtools job.id=1992]
### [bt]: Generating problem instance for problem '257f58d7d9640369' ...
### [bt]: Applying algorithm 'run_learner' on problem '257f58d7d9640369' for job 1992 (seed = 1993) ...
INFO  [12:08:00.125] [mlr3] Applying learner 'naive_bayes calibrated isotonic holdout_75' on task 'ilpd' (iter 2/10)

### [bt]: Job terminated successfully [batchtools job.id=1992]
### [bt]: Starting job [batchtools job.id=1993]
### [bt]: Generating problem instance for problem '257f58d7d9640369' ...
### [bt]: Applying algorithm 'run_learner' on problem '257f58d7d9640369' for job 1993 (seed = 1994) ...
INFO  [12:08:03.037] [mlr3] Applying learner 'naive_bayes calibrated isotonic holdout_75' on task 'ilpd' (iter 3/10)

### [bt]: Job terminated successfully [batchtools job.id=1993]
### [bt]: Starting job [batchtools job.id=1994]
### [bt]: Generating problem instance for problem '257f58d7d9640369' ...
### [bt]: Applying algorithm 'run_learner' on problem '257f58d7d9640369' for job 1994 (seed = 1995) ...
INFO  [12:08:03.177] [mlr3] Applying learner 'naive_bayes calibrated isotonic holdout_75' on task 'ilpd' (iter 4/10)

### [bt]: Job terminated successfully [batchtools job.id=1994]
### [bt]: Starting job [batchtools job.id=1995]
### [bt]: Generating problem instance for problem '257f58d7d9640369' ...
### [bt]: Applying algorithm 'run_learner' on problem '257f58d7d9640369' for job 1995 (seed = 1996) ...
INFO  [12:08:03.318] [mlr3] Applying learner 'naive_bayes calibrated isotonic holdout_75' on task 'ilpd' (iter 5/10)

### [bt]: Job terminated successfully [batchtools job.id=1995]
### [bt]: Calculation finished!
