### [bt]: This is batchtools v0.9.17
### [bt]: Starting calculation of 1 jobs
### [bt]: Setting working directory to '/content'
### [bt]: Memory measurement disabled
### [bt]: Starting job [batchtools job.id=1889]
### [bt]: Generating problem instance for problem '358d8f8187803581' ...
### [bt]: Applying algorithm 'run_learner' on problem '358d8f8187803581' for job 1889 (seed = 2012) ...
INFO  [15:53:37.468] [mlr3] Applying learner 'nnet calibrated platt 90' on task 'electricity' (iter 9/10)
# weights:  46
initial  value 25161.064160 
iter  10 value 22357.084171
iter  20 value 19687.527098
iter  30 value 18602.864272
iter  40 value 17940.523869
iter  50 value 17752.589968
iter  60 value 17594.126608
iter  70 value 17500.405636
iter  80 value 17381.619559
iter  90 value 17247.631296
iter 100 value 17135.803359
final  value 17135.803359 
stopped after 100 iterations

### [bt]: Job terminated successfully [batchtools job.id=1889]
### [bt]: Calculation finished!
