### [bt]: This is batchtools v0.9.17
### [bt]: Starting calculation of 4 jobs
### [bt]: Setting working directory to '/Users/I578045/Desktop/Mater_Thesis_Calibration'
ece.R :
Friedmann_tasks.R :
Functions.R :
ici.R :
mse_feature_effects.R :
PipeOpCalibration.R :
### [bt]: Memory measurement disabled
### [bt]: Starting job [batchtools job.id=1329]
### [bt]: Generating problem instance for problem '358d8f8187803581' ...
### [bt]: Applying algorithm 'run_learner' on problem '358d8f8187803581' for job 1329 (seed = 1452) ...
INFO  [12:12:45.919] [mlr3] Applying learner 'glmnet calibrated beta cv5' on task 'electricity' (iter 9/10)
Warning: glm.fit: fitted probabilities numerically 0 or 1 occurred
This happened PipeOp classif.glmnet's $train()
Warning: glm.fit: fitted probabilities numerically 0 or 1 occurred
This happened PipeOp classif.glmnet's $train()
Warning: glm.fit: fitted probabilities numerically 0 or 1 occurred
This happened PipeOp classif.glmnet's $train()
Warning: glm.fit: fitted probabilities numerically 0 or 1 occurred
This happened PipeOp classif.glmnet's $train()

### [bt]: Job terminated successfully [batchtools job.id=1329]
### [bt]: Starting job [batchtools job.id=1330]
### [bt]: Generating problem instance for problem '358d8f8187803581' ...
### [bt]: Applying algorithm 'run_learner' on problem '358d8f8187803581' for job 1330 (seed = 1453) ...
INFO  [12:12:53.179] [mlr3] Applying learner 'glmnet calibrated beta cv5' on task 'electricity' (iter 10/10)
Warning: glm.fit: fitted probabilities numerically 0 or 1 occurred
This happened PipeOp classif.glmnet's $train()
Warning: glm.fit: fitted probabilities numerically 0 or 1 occurred
This happened PipeOp classif.glmnet's $train()
Warning: glm.fit: fitted probabilities numerically 0 or 1 occurred
This happened PipeOp classif.glmnet's $train()
Warning: glm.fit: fitted probabilities numerically 0 or 1 occurred
This happened PipeOp classif.glmnet's $train()

### [bt]: Job terminated successfully [batchtools job.id=1330]
### [bt]: Starting job [batchtools job.id=1371]
### [bt]: Generating problem instance for problem '358d8f8187803581' ...
### [bt]: Applying algorithm 'run_learner' on problem '358d8f8187803581' for job 1371 (seed = 1494) ...
INFO  [12:12:56.134] [mlr3] Applying learner 'glmnet calibrated isotonic cv5' on task 'electricity' (iter 1/10)

### [bt]: Job terminated successfully [batchtools job.id=1371]
### [bt]: Starting job [batchtools job.id=1372]
### [bt]: Generating problem instance for problem '358d8f8187803581' ...
### [bt]: Applying algorithm 'run_learner' on problem '358d8f8187803581' for job 1372 (seed = 1495) ...
INFO  [12:12:58.593] [mlr3] Applying learner 'glmnet calibrated isotonic cv5' on task 'electricity' (iter 2/10)

### [bt]: Job terminated successfully [batchtools job.id=1372]
### [bt]: Calculation finished!
