### [bt]: This is batchtools v0.9.17
### [bt]: Starting calculation of 5 jobs
### [bt]: Setting working directory to '/Users/adrian/Desktop/Mater_Thesis_Calibration'
ece.R :
Friedmann_tasks.R :
Functions.R :
ici.R :
mse_feature_effects.R :
PipeOpCalibration.R :
### [bt]: Memory measurement disabled
### [bt]: Starting job [batchtools job.id=2611]
### [bt]: Generating problem instance for problem 'b541340d6c2eb21d' ...
### [bt]: Applying algorithm 'run_learner' on problem 'b541340d6c2eb21d' for job 2611 (seed = 2734) ...
INFO  [13:39:14.319] [mlr3] Applying learner 'glmnet calibrated isotonic 70' on task 'kc1' (iter 1/10)

### [bt]: Job terminated successfully [batchtools job.id=2611]
### [bt]: Starting job [batchtools job.id=2612]
### [bt]: Generating problem instance for problem 'b541340d6c2eb21d' ...
### [bt]: Applying algorithm 'run_learner' on problem 'b541340d6c2eb21d' for job 2612 (seed = 2735) ...
INFO  [13:39:17.914] [mlr3] Applying learner 'glmnet calibrated isotonic 70' on task 'kc1' (iter 2/10)

### [bt]: Job terminated successfully [batchtools job.id=2612]
### [bt]: Starting job [batchtools job.id=2613]
### [bt]: Generating problem instance for problem 'b541340d6c2eb21d' ...
### [bt]: Applying algorithm 'run_learner' on problem 'b541340d6c2eb21d' for job 2613 (seed = 2736) ...
INFO  [13:39:18.234] [mlr3] Applying learner 'glmnet calibrated isotonic 70' on task 'kc1' (iter 3/10)

### [bt]: Job terminated successfully [batchtools job.id=2613]
### [bt]: Starting job [batchtools job.id=2614]
### [bt]: Generating problem instance for problem 'b541340d6c2eb21d' ...
### [bt]: Applying algorithm 'run_learner' on problem 'b541340d6c2eb21d' for job 2614 (seed = 2737) ...
INFO  [13:39:18.439] [mlr3] Applying learner 'glmnet calibrated isotonic 70' on task 'kc1' (iter 4/10)

### [bt]: Job terminated successfully [batchtools job.id=2614]
### [bt]: Starting job [batchtools job.id=2615]
### [bt]: Generating problem instance for problem 'b541340d6c2eb21d' ...
### [bt]: Applying algorithm 'run_learner' on problem 'b541340d6c2eb21d' for job 2615 (seed = 2738) ...
INFO  [13:39:21.008] [mlr3] Applying learner 'glmnet calibrated isotonic 70' on task 'kc1' (iter 5/10)

### [bt]: Job terminated successfully [batchtools job.id=2615]
### [bt]: Calculation finished!
