### [bt]: This is batchtools v0.9.17
### [bt]: Starting calculation of 1 jobs
### [bt]: Setting working directory to '/content'
### [bt]: Memory measurement disabled
### [bt]: Starting job [batchtools job.id=13151]
### [bt]: Generating problem instance for problem '358d8f8187803581' ...
### [bt]: Applying algorithm 'run_learner' on problem '358d8f8187803581' for job 13151 (seed = 13274) ...
INFO  [17:00:55.478] [mlr3] Applying learner 'nnet calibrated platt union' on task 'electricity' (iter 1/10)
# weights:  46
initial  value 22209.751412 
iter  10 value 19732.565473
iter  20 value 18457.696845
iter  30 value 17154.045145
iter  40 value 16525.025760
iter  50 value 16146.108166
iter  60 value 16022.641312
iter  70 value 15963.448239
iter  80 value 15886.632497
iter  90 value 15824.752426
iter 100 value 15778.438189
final  value 15778.438189 
stopped after 100 iterations
# weights:  46
initial  value 23901.839341 
iter  10 value 20325.115484
iter  20 value 18704.942850
iter  30 value 16922.257508
iter  40 value 15677.620160
iter  50 value 15570.822734
iter  60 value 15501.052451
iter  70 value 15483.561933
iter  80 value 15480.789244
iter  90 value 15477.424143
iter 100 value 15473.522871
final  value 15473.522871 
stopped after 100 iterations
# weights:  46
initial  value 22238.157879 
iter  10 value 19844.657864
iter  20 value 18010.809393
iter  30 value 16509.067942
iter  40 value 15819.367392
iter  50 value 15624.503942
iter  60 value 15544.769450
iter  70 value 15489.165251
iter  80 value 15431.035331
iter  90 value 15407.401883
iter 100 value 15400.620550
final  value 15400.620550 
stopped after 100 iterations
# weights:  46
initial  value 22409.068049 
iter  10 value 20030.932842
iter  20 value 17282.962920
iter  30 value 16315.737718
iter  40 value 16021.264304
iter  50 value 15968.906901
iter  60 value 15948.928049
iter  70 value 15898.586578
iter  80 value 15815.865974
iter  90 value 15793.027808
iter 100 value 15788.636611
final  value 15788.636611 
stopped after 100 iterations
# weights:  46
initial  value 23073.411118 
iter  10 value 19274.631359
iter  20 value 16578.518142
iter  30 value 16036.020297
iter  40 value 15843.677848
iter  50 value 15494.233794
iter  60 value 15348.134314
iter  70 value 15312.203676
iter  80 value 15272.184402
iter  90 value 15264.379956
iter 100 value 15261.206449
final  value 15261.206449 
stopped after 100 iterations

### [bt]: Job terminated successfully [batchtools job.id=13151]
### [bt]: Calculation finished!
