### [bt]: This is batchtools v0.9.17
### [bt]: Starting calculation of 1 jobs
### [bt]: Setting working directory to '/content'
### [bt]: Memory measurement disabled
### [bt]: Starting job [batchtools job.id=12033]
### [bt]: Generating problem instance for problem '7f16ca74b5d8776b' ...
### [bt]: Applying algorithm 'run_learner' on problem '7f16ca74b5d8776b' for job 12033 (seed = 12156) ...
INFO  [14:49:10.849] [mlr3] Applying learner 'nnet calibrated beta cv3' on task 'churn' (iter 3/10)
# weights:  94
initial  value 2570.408080 
final  value 1209.432102 
converged
# weights:  94
initial  value 1239.749264 
iter  10 value 1201.787812
iter  20 value 1197.396117
iter  30 value 1192.422734
iter  40 value 1188.859846
iter  50 value 1186.780755
iter  60 value 1185.035772
iter  70 value 1182.667117
iter  80 value 1179.219468
iter  90 value 1176.975986
iter 100 value 1176.398282
final  value 1176.398282 
stopped after 100 iterations
# weights:  94
initial  value 2435.205053 
final  value 1257.672425 
converged
[1] -1.748026
[1] -1.894654

### [bt]: Job terminated successfully [batchtools job.id=12033]
### [bt]: Calculation finished!
