### [bt]: This is batchtools v0.9.17
### [bt]: Starting calculation of 1 jobs
### [bt]: Setting working directory to '/content'
### [bt]: Memory measurement disabled
### [bt]: Starting job [batchtools job.id=10290]
### [bt]: Generating problem instance for problem 'cfb05fadfc1e266b' ...
### [bt]: Applying algorithm 'run_learner' on problem 'cfb05fadfc1e266b' for job 10290 (seed = 10413) ...
INFO  [16:36:16.796] [mlr3] Applying learner 'glmnet calibrated beta cv5' on task 'numerai28.6' (iter 10/10)
[1] 2.036688
[1] 107.9813
[1] 0.887429
[1] 48.51664
[1] 1.447383
[1] 78.4889
[1] -94.52877
[1] -1.76958
[1] -94.07272
[1] -1.752219

### [bt]: Job terminated successfully [batchtools job.id=10290]
### [bt]: Calculation finished!
