### [bt]: This is batchtools v0.9.17
### [bt]: Starting calculation of 1 jobs
### [bt]: Setting working directory to '/content'
### [bt]: Memory measurement disabled
### [bt]: Starting job [batchtools job.id=3186]
### [bt]: Generating problem instance for problem 'b541340d6c2eb21d' ...
### [bt]: Applying algorithm 'run_learner' on problem 'b541340d6c2eb21d' for job 3186 (seed = 3309) ...
INFO  [14:22:03.229] [mlr3] Applying learner 'nnet calibrated platt cv5' on task 'kc1' (iter 6/10)
# weights:  70
initial  value 1415.740361 
iter  10 value 651.385694
iter  20 value 647.876411
iter  30 value 597.260376
iter  40 value 593.666503
iter  50 value 581.839639
iter  60 value 569.220503
iter  70 value 566.463668
iter  80 value 564.670801
iter  90 value 564.387078
iter 100 value 564.310398
final  value 564.310398 
stopped after 100 iterations
# weights:  70
initial  value 1037.446699 
iter  10 value 646.268647
iter  20 value 577.409423
iter  30 value 569.516862
iter  40 value 569.346729
iter  50 value 569.206066
iter  60 value 568.583601
iter  70 value 568.532280
iter  80 value 568.149167
iter  90 value 567.364430
iter 100 value 567.261532
final  value 567.261532 
stopped after 100 iterations
# weights:  70
initial  value 1338.323047 
iter  10 value 581.103428
iter  20 value 580.206015
iter  30 value 576.878291
iter  40 value 556.630154
iter  50 value 548.533211
iter  60 value 546.293327
iter  70 value 543.414130
iter  80 value 536.755443
iter  90 value 532.653260
iter 100 value 525.535392
final  value 525.535392 
stopped after 100 iterations
# weights:  70
initial  value 1075.489332 
iter  10 value 626.213182
iter  20 value 575.373173
iter  30 value 564.178657
iter  40 value 539.620698
iter  50 value 536.421130
iter  60 value 535.982141
iter  70 value 535.422133
iter  80 value 535.385223
iter  90 value 535.381906
final  value 535.381504 
converged
# weights:  70
initial  value 1542.477845 
iter  10 value 633.684944
iter  20 value 597.647811
iter  30 value 580.304123
iter  40 value 522.151042
iter  50 value 507.950227
iter  60 value 497.408070
iter  70 value 489.321996
iter  80 value 485.940748
iter  90 value 485.694680
iter 100 value 485.333310
final  value 485.333310 
stopped after 100 iterations

### [bt]: Job terminated successfully [batchtools job.id=3186]
### [bt]: Calculation finished!
