### [bt]: This is batchtools v0.9.17
### [bt]: Starting calculation of 4 jobs
### [bt]: Setting working directory to '/Users/I578045/Desktop/Mater_Thesis_Calibration'
ece.R :
Friedmann_tasks.R :
Functions.R :
ici.R :
mse_feature_effects.R :
PipeOpCalibration.R :
### [bt]: Memory measurement disabled
### [bt]: Starting job [batchtools job.id=10699]
### [bt]: Generating problem instance for problem 'cfb05fadfc1e266b' ...
### [bt]: Applying algorithm 'run_learner' on problem 'cfb05fadfc1e266b' for job 10699 (seed = 10822) ...
INFO  [13:06:21.503] [mlr3] Applying learner 'naive_bayes calibrated platt cv3' on task 'numerai28.6' (iter 9/10)

### [bt]: Job terminated successfully [batchtools job.id=10699]
### [bt]: Starting job [batchtools job.id=10700]
### [bt]: Generating problem instance for problem 'cfb05fadfc1e266b' ...
### [bt]: Applying algorithm 'run_learner' on problem 'cfb05fadfc1e266b' for job 10700 (seed = 10823) ...
INFO  [13:06:46.162] [mlr3] Applying learner 'naive_bayes calibrated platt cv3' on task 'numerai28.6' (iter 10/10)

### [bt]: Job terminated successfully [batchtools job.id=10700]
### [bt]: Starting job [batchtools job.id=10701]
### [bt]: Generating problem instance for problem 'cfb05fadfc1e266b' ...
### [bt]: Applying algorithm 'run_learner' on problem 'cfb05fadfc1e266b' for job 10701 (seed = 10824) ...
INFO  [13:07:11.057] [mlr3] Applying learner 'naive_bayes calibrated platt cv5' on task 'numerai28.6' (iter 1/10)

### [bt]: Job terminated successfully [batchtools job.id=10701]
### [bt]: Starting job [batchtools job.id=10702]
### [bt]: Generating problem instance for problem 'cfb05fadfc1e266b' ...
### [bt]: Applying algorithm 'run_learner' on problem 'cfb05fadfc1e266b' for job 10702 (seed = 10825) ...
INFO  [13:07:40.247] [mlr3] Applying learner 'naive_bayes calibrated platt cv5' on task 'numerai28.6' (iter 2/10)

### [bt]: Job terminated successfully [batchtools job.id=10702]
### [bt]: Calculation finished!
