### [bt]: This is batchtools v0.9.17
### [bt]: Starting calculation of 5 jobs
### [bt]: Setting working directory to '/Users/adrian/Desktop/Mater_Thesis_Calibration'
ece.R :
Friedmann_tasks.R :
Functions.R :
ici.R :
mse_feature_effects.R :
PipeOpCalibration.R :
### [bt]: Memory measurement disabled
### [bt]: Starting job [batchtools job.id=1181]
### [bt]: Generating problem instance for problem '563768ad2e048da7' ...
### [bt]: Applying algorithm 'run_learner' on problem '563768ad2e048da7' for job 1181 (seed = 1304) ...
INFO  [13:16:25.541] [mlr3] Applying learner 'xgboost calibrated isotonic 80' on task 'credit-g' (iter 1/10)

### [bt]: Job terminated successfully [batchtools job.id=1181]
### [bt]: Starting job [batchtools job.id=1182]
### [bt]: Generating problem instance for problem '563768ad2e048da7' ...
### [bt]: Applying algorithm 'run_learner' on problem '563768ad2e048da7' for job 1182 (seed = 1305) ...
INFO  [13:16:35.224] [mlr3] Applying learner 'xgboost calibrated isotonic 80' on task 'credit-g' (iter 2/10)

### [bt]: Job terminated successfully [batchtools job.id=1182]
### [bt]: Starting job [batchtools job.id=1183]
### [bt]: Generating problem instance for problem '563768ad2e048da7' ...
### [bt]: Applying algorithm 'run_learner' on problem '563768ad2e048da7' for job 1183 (seed = 1306) ...
INFO  [13:16:41.939] [mlr3] Applying learner 'xgboost calibrated isotonic 80' on task 'credit-g' (iter 3/10)

### [bt]: Job terminated successfully [batchtools job.id=1183]
### [bt]: Starting job [batchtools job.id=1184]
### [bt]: Generating problem instance for problem '563768ad2e048da7' ...
### [bt]: Applying algorithm 'run_learner' on problem '563768ad2e048da7' for job 1184 (seed = 1307) ...
INFO  [13:16:48.396] [mlr3] Applying learner 'xgboost calibrated isotonic 80' on task 'credit-g' (iter 4/10)

### [bt]: Job terminated successfully [batchtools job.id=1184]
### [bt]: Starting job [batchtools job.id=1185]
### [bt]: Generating problem instance for problem '563768ad2e048da7' ...
### [bt]: Applying algorithm 'run_learner' on problem '563768ad2e048da7' for job 1185 (seed = 1308) ...
INFO  [13:16:54.964] [mlr3] Applying learner 'xgboost calibrated isotonic 80' on task 'credit-g' (iter 5/10)

### [bt]: Job terminated successfully [batchtools job.id=1185]
### [bt]: Calculation finished!
