### [bt]: This is batchtools v0.9.17
### [bt]: Starting calculation of 1 jobs
### [bt]: Setting working directory to '/content'
### [bt]: Memory measurement disabled
### [bt]: Starting job [batchtools job.id=5673]
### [bt]: Generating problem instance for problem 'a6b2cabd9f84c607' ...
### [bt]: Applying algorithm 'run_learner' on problem 'a6b2cabd9f84c607' for job 5673 (seed = 5796) ...
INFO  [14:26:55.065] [mlr3] Applying learner 'nnet calibrated isotonic 90' on task 'phoneme' (iter 3/10)
# weights:  22
initial  value 3024.524125 
iter  10 value 2010.365598
iter  20 value 1933.924268
iter  30 value 1874.251753
iter  40 value 1802.304671
iter  50 value 1775.784961
iter  60 value 1736.765683
iter  70 value 1702.072922
iter  80 value 1690.698746
iter  90 value 1687.983471
iter 100 value 1687.962842
final  value 1687.962842 
stopped after 100 iterations

### [bt]: Job terminated successfully [batchtools job.id=5673]
### [bt]: Calculation finished!
