### [bt]: This is batchtools v0.9.17
### [bt]: Starting calculation of 5 jobs
### [bt]: Setting working directory to '/Users/adrian/Desktop/Mater_Thesis_Calibration'
ece.R :
Friedmann_tasks.R :
Functions.R :
ici.R :
mse_feature_effects.R :
PipeOpCalibration.R :
### [bt]: Memory measurement disabled
### [bt]: Starting job [batchtools job.id=5061]
### [bt]: Generating problem instance for problem '341ee781c7d79b8f' ...
### [bt]: Applying algorithm 'run_learner' on problem '341ee781c7d79b8f' for job 5061 (seed = 5184) ...
INFO  [15:39:08.772] [mlr3] Applying learner 'xgboost calibrated platt 70' on task 'wdbc' (iter 1/10)

### [bt]: Job terminated successfully [batchtools job.id=5061]
### [bt]: Starting job [batchtools job.id=5062]
### [bt]: Generating problem instance for problem '341ee781c7d79b8f' ...
### [bt]: Applying algorithm 'run_learner' on problem '341ee781c7d79b8f' for job 5062 (seed = 5185) ...
INFO  [15:39:13.920] [mlr3] Applying learner 'xgboost calibrated platt 70' on task 'wdbc' (iter 2/10)

### [bt]: Job terminated successfully [batchtools job.id=5062]
### [bt]: Starting job [batchtools job.id=5063]
### [bt]: Generating problem instance for problem '341ee781c7d79b8f' ...
### [bt]: Applying algorithm 'run_learner' on problem '341ee781c7d79b8f' for job 5063 (seed = 5186) ...
INFO  [15:39:16.744] [mlr3] Applying learner 'xgboost calibrated platt 70' on task 'wdbc' (iter 3/10)

### [bt]: Job terminated successfully [batchtools job.id=5063]
### [bt]: Starting job [batchtools job.id=5064]
### [bt]: Generating problem instance for problem '341ee781c7d79b8f' ...
### [bt]: Applying algorithm 'run_learner' on problem '341ee781c7d79b8f' for job 5064 (seed = 5187) ...
INFO  [15:39:19.442] [mlr3] Applying learner 'xgboost calibrated platt 70' on task 'wdbc' (iter 4/10)

### [bt]: Job terminated successfully [batchtools job.id=5064]
### [bt]: Starting job [batchtools job.id=5065]
### [bt]: Generating problem instance for problem '341ee781c7d79b8f' ...
### [bt]: Applying algorithm 'run_learner' on problem '341ee781c7d79b8f' for job 5065 (seed = 5188) ...
INFO  [15:39:22.264] [mlr3] Applying learner 'xgboost calibrated platt 70' on task 'wdbc' (iter 5/10)

### [bt]: Job terminated successfully [batchtools job.id=5065]
### [bt]: Calculation finished!
