### [bt]: This is batchtools v0.9.17
### [bt]: Starting calculation of 5 jobs
### [bt]: Setting working directory to '/Users/adrian/Desktop/Mater_Thesis_Calibration'
ece.R :
Friedmann_tasks.R :
Functions.R :
ici.R :
mse_feature_effects.R :
PipeOpCalibration.R :
### [bt]: Memory measurement disabled
### [bt]: Starting job [batchtools job.id=3081]
### [bt]: Generating problem instance for problem 'b541340d6c2eb21d' ...
### [bt]: Applying algorithm 'run_learner' on problem 'b541340d6c2eb21d' for job 3081 (seed = 3204) ...
INFO  [13:52:58.360] [mlr3] Applying learner 'nnet calibrated beta cv5' on task 'kc1' (iter 1/10)
# weights:  70
initial  value 906.047452 
iter  10 value 657.472136
iter  20 value 595.639656
iter  30 value 576.473519
iter  40 value 567.208640
iter  50 value 564.971459
iter  60 value 564.205017
iter  70 value 555.727011
iter  80 value 549.132625
iter  90 value 547.633678
iter 100 value 546.698978
final  value 546.698978 
stopped after 100 iterations
# weights:  70
initial  value 1104.079545 
iter  10 value 565.179052
iter  20 value 559.195703
iter  30 value 552.158168
iter  40 value 545.464039
iter  50 value 539.966565
iter  60 value 534.544753
iter  70 value 528.648863
iter  80 value 525.707142
iter  90 value 524.643686
iter 100 value 524.584161
final  value 524.584161 
stopped after 100 iterations
# weights:  70
initial  value 1815.242077 
iter  10 value 571.800776
iter  20 value 559.548368
iter  30 value 554.828093
iter  40 value 553.951199
iter  50 value 553.489697
iter  60 value 552.670121
iter  70 value 551.337004
iter  80 value 546.793191
iter  90 value 543.357640
iter 100 value 538.055562
final  value 538.055562 
stopped after 100 iterations
# weights:  70
initial  value 985.958319 
final  value 659.438513 
converged
# weights:  70
initial  value 733.486138 
iter  10 value 568.837518
iter  20 value 549.849458
iter  30 value 545.981733
iter  40 value 539.723393
iter  50 value 535.761912
iter  60 value 535.567836
final  value 535.566275 
converged

### [bt]: Job terminated successfully [batchtools job.id=3081]
### [bt]: Starting job [batchtools job.id=3082]
### [bt]: Generating problem instance for problem 'b541340d6c2eb21d' ...
### [bt]: Applying algorithm 'run_learner' on problem 'b541340d6c2eb21d' for job 3082 (seed = 3205) ...
INFO  [13:52:58.970] [mlr3] Applying learner 'nnet calibrated beta cv5' on task 'kc1' (iter 2/10)
# weights:  70
initial  value 1026.202974 
iter  10 value 582.045813
iter  20 value 578.419283
iter  30 value 577.552977
iter  40 value 576.254985
iter  50 value 575.143194
iter  60 value 572.439244
iter  70 value 570.308505
iter  80 value 570.180812
iter  90 value 570.141462
iter 100 value 570.070904
final  value 570.070904 
stopped after 100 iterations
# weights:  70
initial  value 1255.966589 
iter  10 value 562.077088
iter  20 value 554.947816
iter  30 value 549.153505
iter  40 value 548.022299
iter  50 value 540.359295
iter  60 value 523.274875
iter  70 value 516.808140
iter  80 value 511.991281
iter  90 value 509.089468
iter 100 value 508.909162
final  value 508.909162 
stopped after 100 iterations
# weights:  70
initial  value 1433.569872 
iter  10 value 625.808455
iter  20 value 624.924463
final  value 624.895163 
converged
# weights:  70
initial  value 1306.252613 
iter  10 value 624.315780
iter  20 value 595.410434
iter  30 value 594.529225
iter  40 value 591.851572
iter  50 value 588.967638
iter  60 value 552.199797
iter  70 value 545.823636
iter  80 value 543.917461
iter  90 value 543.516655
iter 100 value 542.295955
final  value 542.295955 
stopped after 100 iterations
# weights:  70
initial  value 1741.002831 
iter  10 value 573.685857
iter  20 value 549.857136
iter  30 value 539.213864
iter  40 value 534.744619
iter  50 value 525.341513
iter  60 value 512.395117
iter  70 value 511.933517
iter  80 value 511.356760
iter  90 value 510.840602
iter 100 value 508.380583
final  value 508.380583 
stopped after 100 iterations
Warning: glm.fit: fitted probabilities numerically 0 or 1 occurred
This happened PipeOp classif.nnet's $train()
Warning in predict.lm(object, newdata, se.fit, scale = 1, type = if (type ==  :
  prediction from rank-deficient fit; attr(*, "non-estim") has doubtful cases
This happened PipeOp classif.nnet's $predict()

### [bt]: Job terminated successfully [batchtools job.id=3082]
### [bt]: Starting job [batchtools job.id=3083]
### [bt]: Generating problem instance for problem 'b541340d6c2eb21d' ...
### [bt]: Applying algorithm 'run_learner' on problem 'b541340d6c2eb21d' for job 3083 (seed = 3206) ...
INFO  [13:53:03.533] [mlr3] Applying learner 'nnet calibrated beta cv5' on task 'kc1' (iter 3/10)
# weights:  70
initial  value 1455.023923 
iter  10 value 647.530502
iter  20 value 576.304692
iter  30 value 572.200932
iter  40 value 560.785590
iter  50 value 559.966106
iter  60 value 559.501352
iter  70 value 559.082354
iter  80 value 558.847938
iter  90 value 533.395214
iter 100 value 522.155265
final  value 522.155265 
stopped after 100 iterations
# weights:  70
initial  value 670.735994 
iter  10 value 580.152538
iter  20 value 571.286300
iter  30 value 562.757064
iter  40 value 557.132546
iter  50 value 554.397470
iter  60 value 552.350547
iter  70 value 551.668369
iter  80 value 551.419049
iter  90 value 551.395285
iter 100 value 551.393408
final  value 551.393408 
stopped after 100 iterations
# weights:  70
initial  value 1358.173366 
iter  10 value 631.840458
iter  20 value 594.896218
iter  30 value 573.491452
iter  40 value 562.749725
iter  50 value 556.267606
iter  60 value 553.058492
iter  70 value 549.788733
iter  80 value 548.394807
iter  90 value 548.344566
iter 100 value 548.255439
final  value 548.255439 
stopped after 100 iterations
# weights:  70
initial  value 1449.889241 
iter  10 value 605.828899
iter  20 value 574.357312
iter  30 value 564.990644
iter  40 value 562.919662
iter  50 value 559.446694
iter  60 value 556.541723
iter  70 value 555.659875
iter  80 value 555.295722
iter  90 value 554.837818
iter 100 value 551.107193
final  value 551.107193 
stopped after 100 iterations
# weights:  70
initial  value 1534.689308 
iter  10 value 594.330160
iter  20 value 577.010223
iter  30 value 574.009078
iter  40 value 573.393620
iter  50 value 573.305449
iter  60 value 573.263618
iter  70 value 573.237845
iter  80 value 573.229807
final  value 573.229150 
converged
Warning in predict.lm(object, newdata, se.fit, scale = 1, type = if (type ==  :
  prediction from rank-deficient fit; attr(*, "non-estim") has doubtful cases
This happened PipeOp classif.nnet's $predict()

### [bt]: Job terminated successfully [batchtools job.id=3083]
### [bt]: Starting job [batchtools job.id=3084]
### [bt]: Generating problem instance for problem 'b541340d6c2eb21d' ...
### [bt]: Applying algorithm 'run_learner' on problem 'b541340d6c2eb21d' for job 3084 (seed = 3207) ...
INFO  [13:53:05.481] [mlr3] Applying learner 'nnet calibrated beta cv5' on task 'kc1' (iter 4/10)
# weights:  70
initial  value 1336.633015 
iter  10 value 593.691258
iter  20 value 556.339946
iter  30 value 540.844913
iter  40 value 531.289731
iter  50 value 522.188807
iter  60 value 515.581791
iter  70 value 510.757520
iter  80 value 507.181139
iter  90 value 505.937666
iter 100 value 505.665696
final  value 505.665696 
stopped after 100 iterations
# weights:  70
initial  value 1758.926454 
iter  10 value 575.465206
iter  20 value 566.965341
iter  30 value 555.909409
iter  40 value 551.994930
iter  50 value 551.865882
iter  60 value 551.431466
iter  70 value 550.919551
iter  80 value 549.351814
iter  90 value 543.060237
iter 100 value 526.784508
final  value 526.784508 
stopped after 100 iterations
# weights:  70
initial  value 1291.977344 
iter  10 value 596.825502
iter  20 value 564.432537
iter  30 value 549.617588
iter  40 value 545.834416
iter  50 value 544.312631
iter  60 value 543.958808
iter  70 value 543.624293
iter  80 value 543.460057
iter  90 value 543.287158
iter 100 value 540.532082
final  value 540.532082 
stopped after 100 iterations
# weights:  70
initial  value 1736.353652 
iter  10 value 600.454302
iter  20 value 583.959447
iter  30 value 569.264235
iter  40 value 537.105200
iter  50 value 530.401934
iter  60 value 525.758762
iter  70 value 519.499852
iter  80 value 515.981224
iter  90 value 513.163284
iter 100 value 512.375569
final  value 512.375569 
stopped after 100 iterations
# weights:  70
initial  value 1102.302622 
iter  10 value 564.261020
iter  20 value 535.045243
iter  30 value 522.869547
iter  40 value 520.641856
iter  50 value 519.011074
iter  60 value 516.878212
iter  70 value 515.886337
iter  80 value 515.302796
iter  90 value 513.481539
iter 100 value 512.498163
final  value 512.498163 
stopped after 100 iterations
Warning in predict.lm(object, newdata, se.fit, scale = 1, type = if (type ==  :
  prediction from rank-deficient fit; attr(*, "non-estim") has doubtful cases
This happened PipeOp classif.nnet's $predict()

### [bt]: Job terminated successfully [batchtools job.id=3084]
### [bt]: Starting job [batchtools job.id=3085]
### [bt]: Generating problem instance for problem 'b541340d6c2eb21d' ...
### [bt]: Applying algorithm 'run_learner' on problem 'b541340d6c2eb21d' for job 3085 (seed = 3208) ...
INFO  [13:53:07.468] [mlr3] Applying learner 'nnet calibrated beta cv5' on task 'kc1' (iter 5/10)
# weights:  70
initial  value 1530.851653 
iter  10 value 584.943607
iter  20 value 577.128707
iter  30 value 550.701301
iter  40 value 542.949011
iter  50 value 538.175105
iter  60 value 533.753213
iter  70 value 532.083751
iter  80 value 530.713046
iter  90 value 530.670110
final  value 530.669179 
converged
# weights:  70
initial  value 684.483492 
iter  10 value 568.228890
iter  20 value 546.051710
iter  30 value 538.108574
iter  40 value 534.395527
iter  50 value 533.074776
iter  60 value 532.542619
iter  70 value 532.134822
iter  80 value 531.925617
iter  90 value 531.743666
iter 100 value 531.171495
final  value 531.171495 
stopped after 100 iterations
# weights:  70
initial  value 1219.668256 
iter  10 value 573.019745
iter  20 value 547.549336
iter  30 value 538.573460
iter  40 value 531.816769
iter  50 value 527.429414
iter  60 value 520.873026
iter  70 value 516.997173
iter  80 value 515.664031
iter  90 value 513.665862
iter 100 value 513.448351
final  value 513.448351 
stopped after 100 iterations
# weights:  70
initial  value 710.787667 
iter  10 value 556.148215
iter  20 value 534.836810
iter  30 value 523.896791
iter  40 value 520.765048
iter  50 value 518.238322
iter  60 value 517.753482
iter  70 value 516.345706
iter  80 value 515.323323
iter  90 value 514.791328
iter 100 value 514.178940
final  value 514.178940 
stopped after 100 iterations
# weights:  70
initial  value 986.560180 
iter  10 value 588.456742
iter  20 value 549.512872
iter  30 value 538.495776
iter  40 value 534.353564
iter  50 value 529.956696
iter  60 value 529.440345
iter  70 value 526.453236
iter  80 value 523.525812
iter  90 value 522.665067
iter 100 value 520.059779
final  value 520.059779 
stopped after 100 iterations
Warning in predict.lm(object, newdata, se.fit, scale = 1, type = if (type ==  :
  prediction from rank-deficient fit; attr(*, "non-estim") has doubtful cases
This happened PipeOp classif.nnet's $predict()

### [bt]: Job terminated successfully [batchtools job.id=3085]
### [bt]: Calculation finished!
