### [bt]: This is batchtools v0.9.17
### [bt]: Starting calculation of 1 jobs
### [bt]: Setting working directory to '/content'
### [bt]: Memory measurement disabled
### [bt]: Starting job [batchtools job.id=14374]
### [bt]: Generating problem instance for problem '22f4988139232849' ...
### [bt]: Applying algorithm 'run_learner' on problem '22f4988139232849' for job 14374 (seed = 14497) ...
INFO  [02:27:00.060] [mlr3] Applying learner 'ranger calibrated isotonic union' on task 'nomao' (iter 4/10)
Growing trees.. Progress: 45%. Estimated remaining time: 37 seconds.
Growing trees.. Progress: 89%. Estimated remaining time: 7 seconds.
Growing trees.. Progress: 49%. Estimated remaining time: 32 seconds.
Growing trees.. Progress: 85%. Estimated remaining time: 10 seconds.
Growing trees.. Progress: 42%. Estimated remaining time: 43 seconds.
Growing trees.. Progress: 82%. Estimated remaining time: 13 seconds.
Growing trees.. Progress: 39%. Estimated remaining time: 47 seconds.
Growing trees.. Progress: 80%. Estimated remaining time: 15 seconds.
Growing trees.. Progress: 45%. Estimated remaining time: 37 seconds.
Growing trees.. Progress: 89%. Estimated remaining time: 7 seconds.

### [bt]: Job terminated successfully [batchtools job.id=14374]
### [bt]: Calculation finished!
