### [bt]: This is batchtools v0.9.17
### [bt]: Starting calculation of 1 jobs
### [bt]: Setting working directory to '/content'
### [bt]: Memory measurement disabled
### [bt]: Starting job [batchtools job.id=14103]
### [bt]: Generating problem instance for problem 'c27a1cbf9c91424a' ...
### [bt]: Applying algorithm 'run_learner' on problem 'c27a1cbf9c91424a' for job 14103 (seed = 14226) ...
INFO  [15:01:09.697] [mlr3] Applying learner 'nnet calibrated isotonic union' on task 'ilpd' (iter 3/10)
# weights:  37
initial  value 280.716203 
iter  10 value 234.858488
iter  20 value 233.968522
iter  30 value 232.533730
iter  40 value 232.147457
iter  50 value 232.036533
final  value 231.667746 
converged
# weights:  37
initial  value 294.075132 
iter  10 value 244.485526
iter  20 value 242.276753
iter  30 value 240.278652
final  value 240.278322 
converged
# weights:  37
initial  value 310.877271 
iter  10 value 243.136184
iter  20 value 235.218501
iter  30 value 231.592162
iter  40 value 225.926969
iter  50 value 223.942018
iter  60 value 223.151083
iter  70 value 221.138221
iter  80 value 220.617369
final  value 220.616500 
converged
# weights:  37
initial  value 342.237549 
final  value 248.144606 
converged
# weights:  37
initial  value 345.611280 
final  value 254.845666 
converged

### [bt]: Job terminated successfully [batchtools job.id=14103]
### [bt]: Calculation finished!
