### [bt]: This is batchtools v0.9.17
### [bt]: Starting calculation of 1 jobs
### [bt]: Setting working directory to '/content'
### [bt]: Memory measurement disabled
### [bt]: Starting job [batchtools job.id=11087]
### [bt]: Generating problem instance for problem 'cfb05fadfc1e266b' ...
### [bt]: Applying algorithm 'run_learner' on problem 'cfb05fadfc1e266b' for job 11087 (seed = 11210) ...
INFO  [16:55:16.109] [mlr3] Applying learner 'rpart calibrated beta cv5' on task 'numerai28.6' (iter 7/10)
[1] 0.02586547
[1] 0.3380493
[1] -0.006291298
[1] 0.03029582
[1] 0.0373466
[1] 0.1773512
[1] 0.02080827
[1] 0.1181966
[1] 0.01780304
[1] 0.6370511

### [bt]: Job terminated successfully [batchtools job.id=11087]
### [bt]: Calculation finished!
