### [bt]: This is batchtools v0.9.17
### [bt]: Starting calculation of 1 jobs
### [bt]: Setting working directory to '/content'
### [bt]: Memory measurement disabled
### [bt]: Starting job [batchtools job.id=10863]
### [bt]: Generating problem instance for problem 'cfb05fadfc1e266b' ...
### [bt]: Applying algorithm 'run_learner' on problem 'cfb05fadfc1e266b' for job 10863 (seed = 10986) ...
INFO  [16:54:15.894] [mlr3] Applying learner 'nnet calibrated platt cv5' on task 'numerai28.6' (iter 3/10)
# weights:  70
initial  value 51033.915499 
iter  10 value 47972.113892
iter  20 value 47933.256146
iter  30 value 47899.907945
iter  40 value 47876.140551
iter  50 value 47864.842404
iter  60 value 47859.340041
iter  70 value 47857.484522
iter  80 value 47851.341922
iter  90 value 47840.481554
iter 100 value 47826.044407
final  value 47826.044407 
stopped after 100 iterations
# weights:  70
initial  value 48903.167465 
iter  10 value 47950.815374
iter  20 value 47926.514010
iter  30 value 47900.957414
iter  40 value 47890.606075
iter  50 value 47883.263838
iter  60 value 47875.973759
iter  70 value 47870.454925
iter  80 value 47861.349394
iter  90 value 47853.417411
iter 100 value 47849.383113
final  value 47849.383113 
stopped after 100 iterations
# weights:  70
initial  value 50933.006580 
iter  10 value 47980.355570
iter  20 value 47938.888777
iter  30 value 47907.185339
iter  40 value 47899.117199
iter  50 value 47895.650942
iter  60 value 47886.465907
iter  70 value 47884.238277
iter  80 value 47882.523218
iter  90 value 47881.333872
iter 100 value 47879.717689
final  value 47879.717689 
stopped after 100 iterations
# weights:  70
initial  value 52496.592818 
iter  10 value 47954.785929
iter  20 value 47918.843647
iter  30 value 47884.476608
iter  40 value 47873.718206
iter  50 value 47871.898444
iter  60 value 47869.149238
iter  70 value 47865.533017
iter  80 value 47853.480264
iter  90 value 47838.069947
iter 100 value 47826.550150
final  value 47826.550150 
stopped after 100 iterations
# weights:  70
initial  value 50745.080032 
iter  10 value 47984.709169
iter  20 value 47949.278018
iter  30 value 47933.776116
iter  40 value 47919.803963
iter  50 value 47912.619949
iter  60 value 47907.764364
iter  70 value 47902.266618
iter  80 value 47900.844748
iter  90 value 47899.245029
iter 100 value 47896.482991
final  value 47896.482991 
stopped after 100 iterations

### [bt]: Job terminated successfully [batchtools job.id=10863]
### [bt]: Calculation finished!
