### [bt]: This is batchtools v0.9.17
### [bt]: Starting calculation of 1 jobs
### [bt]: Setting working directory to '/content'
### [bt]: Memory measurement disabled
### [bt]: Starting job [batchtools job.id=1776]
### [bt]: Generating problem instance for problem '358d8f8187803581' ...
### [bt]: Applying algorithm 'run_learner' on problem '358d8f8187803581' for job 1776 (seed = 1899) ...
INFO  [15:53:06.887] [mlr3] Applying learner 'nnet calibrated beta 80' on task 'electricity' (iter 6/10)
# weights:  46
initial  value 23305.106615 
iter  10 value 21253.945512
iter  20 value 20423.074395
iter  30 value 17627.418909
iter  40 value 16157.011579
iter  50 value 15845.241278
iter  60 value 15721.650475
iter  70 value 15635.050224
iter  80 value 15591.487249
iter  90 value 15575.031379
iter 100 value 15568.637278
final  value 15568.637278 
stopped after 100 iterations
[1] -34.56507
[1] 39.71896

### [bt]: Job terminated successfully [batchtools job.id=1776]
### [bt]: Calculation finished!
