### [bt]: This is batchtools v0.9.17
### [bt]: Starting calculation of 1 jobs
### [bt]: Setting working directory to '/content'
### [bt]: Memory measurement disabled
### [bt]: Starting job [batchtools job.id=14571]
### [bt]: Generating problem instance for problem '0ecb79b078d7aa0a' ...
### [bt]: Applying algorithm 'run_learner' on problem '0ecb79b078d7aa0a' for job 14571 (seed = 14694) ...
INFO  [15:02:46.568] [mlr3] Applying learner 'nnet calibrated beta union' on task 'PhishingWebsites' (iter 1/10)
# weights:  121
initial  value 5882.775414 
iter  10 value 1458.336028
iter  20 value 1052.663015
iter  30 value 986.122109
iter  40 value 951.059096
iter  50 value 927.651464
iter  60 value 884.097307
iter  70 value 856.946046
iter  80 value 840.284866
iter  90 value 826.903722
iter 100 value 819.581459
final  value 819.581459 
stopped after 100 iterations
# weights:  121
initial  value 5744.002220 
iter  10 value 1194.291641
iter  20 value 974.340326
iter  30 value 929.646956
iter  40 value 890.927750
iter  50 value 873.874119
iter  60 value 858.595663
iter  70 value 846.472575
iter  80 value 827.043159
iter  90 value 816.156136
iter 100 value 808.628819
final  value 808.628819 
stopped after 100 iterations
# weights:  121
initial  value 5732.753833 
iter  10 value 1672.873731
iter  20 value 1304.389397
iter  30 value 1097.301925
iter  40 value 970.888602
iter  50 value 887.290425
iter  60 value 845.340948
iter  70 value 815.962003
iter  80 value 799.622118
iter  90 value 791.101879
iter 100 value 785.053709
final  value 785.053709 
stopped after 100 iterations
# weights:  121
initial  value 5476.718454 
iter  10 value 1533.275595
iter  20 value 1060.579524
iter  30 value 973.520521
iter  40 value 931.090617
iter  50 value 911.457932
iter  60 value 893.664806
iter  70 value 877.943085
iter  80 value 865.379578
iter  90 value 855.201961
iter 100 value 849.681716
final  value 849.681716 
stopped after 100 iterations
# weights:  121
initial  value 5885.558162 
iter  10 value 1547.121063
iter  20 value 1221.188551
iter  30 value 1082.578759
iter  40 value 1014.055215
iter  50 value 948.967443
iter  60 value 899.305141
iter  70 value 874.292714
iter  80 value 864.514671
iter  90 value 853.035112
iter 100 value 842.904985
final  value 842.904985 
stopped after 100 iterations
Warning: glm.fit: fitted probabilities numerically 0 or 1 occurred
This happened PipeOp classif.nnet's $train()
[1] -35.08466
[1] 14.46444

### [bt]: Job terminated successfully [batchtools job.id=14571]
### [bt]: Calculation finished!
