### [bt]: This is batchtools v0.9.17
### [bt]: Starting calculation of 5 jobs
### [bt]: Setting working directory to '/Users/I578045/Desktop/Mater_Thesis_Calibration'
ece.R :
Friedmann_tasks.R :
Functions.R :
ici.R :
mse_feature_effects.R :
PipeOpCalibration.R :
### [bt]: Memory measurement disabled
### [bt]: Starting job [batchtools job.id=1336]
### [bt]: Generating problem instance for problem '358d8f8187803581' ...
### [bt]: Applying algorithm 'run_learner' on problem '358d8f8187803581' for job 1336 (seed = 1459) ...
INFO  [15:31:29.054] [mlr3] Applying learner 'glmnet calibrated isotonic 70' on task 'electricity' (iter 6/10)

### [bt]: Job terminated successfully [batchtools job.id=1336]
### [bt]: Starting job [batchtools job.id=1337]
### [bt]: Generating problem instance for problem '358d8f8187803581' ...
### [bt]: Applying algorithm 'run_learner' on problem '358d8f8187803581' for job 1337 (seed = 1460) ...
INFO  [15:31:29.418] [mlr3] Applying learner 'glmnet calibrated isotonic 70' on task 'electricity' (iter 7/10)

### [bt]: Job terminated successfully [batchtools job.id=1337]
### [bt]: Starting job [batchtools job.id=1338]
### [bt]: Generating problem instance for problem '358d8f8187803581' ...
### [bt]: Applying algorithm 'run_learner' on problem '358d8f8187803581' for job 1338 (seed = 1461) ...
INFO  [15:31:29.680] [mlr3] Applying learner 'glmnet calibrated isotonic 70' on task 'electricity' (iter 8/10)

### [bt]: Job terminated successfully [batchtools job.id=1338]
### [bt]: Starting job [batchtools job.id=1339]
### [bt]: Generating problem instance for problem '358d8f8187803581' ...
### [bt]: Applying algorithm 'run_learner' on problem '358d8f8187803581' for job 1339 (seed = 1462) ...
INFO  [15:31:29.895] [mlr3] Applying learner 'glmnet calibrated isotonic 70' on task 'electricity' (iter 9/10)

### [bt]: Job terminated successfully [batchtools job.id=1339]
### [bt]: Starting job [batchtools job.id=1340]
### [bt]: Generating problem instance for problem '358d8f8187803581' ...
### [bt]: Applying algorithm 'run_learner' on problem '358d8f8187803581' for job 1340 (seed = 1463) ...
INFO  [15:31:30.107] [mlr3] Applying learner 'glmnet calibrated isotonic 70' on task 'electricity' (iter 10/10)

### [bt]: Job terminated successfully [batchtools job.id=1340]
### [bt]: Calculation finished!
