### [bt]: This is batchtools v0.9.17
### [bt]: Starting calculation of 1 jobs
### [bt]: Setting working directory to '/content'
### [bt]: Memory measurement disabled
### [bt]: Starting job [batchtools job.id=3050]
### [bt]: Generating problem instance for problem 'b541340d6c2eb21d' ...
### [bt]: Applying algorithm 'run_learner' on problem 'b541340d6c2eb21d' for job 3050 (seed = 3173) ...
INFO  [14:21:55.914] [mlr3] Applying learner 'nnet calibrated beta 70' on task 'kc1' (iter 10/10)
# weights:  70
initial  value 1383.713084 
iter  10 value 507.825946
iter  20 value 485.997869
iter  30 value 480.732716
iter  40 value 475.317524
iter  50 value 463.779585
iter  60 value 459.676462
iter  70 value 458.688036
iter  80 value 453.568564
iter  90 value 447.714679
iter 100 value 445.446313
final  value 445.446313 
stopped after 100 iterations
[1] -0.1508905
[1] 27.58865

### [bt]: Job terminated successfully [batchtools job.id=3050]
### [bt]: Calculation finished!
