### [bt]: This is batchtools v0.9.17
### [bt]: Starting calculation of 5 jobs
### [bt]: Setting working directory to '/Users/adrian/Desktop/Mater_Thesis_Calibration'
ece.R :
Friedmann_tasks.R :
Functions.R :
ici.R :
mse_feature_effects.R :
PipeOpCalibration.R :
### [bt]: Memory measurement disabled
### [bt]: Starting job [batchtools job.id=4991]
### [bt]: Generating problem instance for problem '341ee781c7d79b8f' ...
### [bt]: Applying algorithm 'run_learner' on problem '341ee781c7d79b8f' for job 4991 (seed = 5114) ...
INFO  [15:32:35.260] [mlr3] Applying learner 'xgboost calibrated beta cv3' on task 'wdbc' (iter 1/10)

### [bt]: Job terminated successfully [batchtools job.id=4991]
### [bt]: Starting job [batchtools job.id=4992]
### [bt]: Generating problem instance for problem '341ee781c7d79b8f' ...
### [bt]: Applying algorithm 'run_learner' on problem '341ee781c7d79b8f' for job 4992 (seed = 5115) ...
INFO  [15:32:43.302] [mlr3] Applying learner 'xgboost calibrated beta cv3' on task 'wdbc' (iter 2/10)

### [bt]: Job terminated successfully [batchtools job.id=4992]
### [bt]: Starting job [batchtools job.id=4993]
### [bt]: Generating problem instance for problem '341ee781c7d79b8f' ...
### [bt]: Applying algorithm 'run_learner' on problem '341ee781c7d79b8f' for job 4993 (seed = 5116) ...
INFO  [15:32:48.729] [mlr3] Applying learner 'xgboost calibrated beta cv3' on task 'wdbc' (iter 3/10)

### [bt]: Job terminated successfully [batchtools job.id=4993]
### [bt]: Starting job [batchtools job.id=4994]
### [bt]: Generating problem instance for problem '341ee781c7d79b8f' ...
### [bt]: Applying algorithm 'run_learner' on problem '341ee781c7d79b8f' for job 4994 (seed = 5117) ...
INFO  [15:32:53.934] [mlr3] Applying learner 'xgboost calibrated beta cv3' on task 'wdbc' (iter 4/10)

### [bt]: Job terminated successfully [batchtools job.id=4994]
### [bt]: Starting job [batchtools job.id=4995]
### [bt]: Generating problem instance for problem '341ee781c7d79b8f' ...
### [bt]: Applying algorithm 'run_learner' on problem '341ee781c7d79b8f' for job 4995 (seed = 5118) ...
INFO  [15:32:59.167] [mlr3] Applying learner 'xgboost calibrated beta cv3' on task 'wdbc' (iter 5/10)

### [bt]: Job terminated successfully [batchtools job.id=4995]
### [bt]: Calculation finished!
