### [bt]: This is batchtools v0.9.17
### [bt]: Starting calculation of 1 jobs
### [bt]: Setting working directory to '/content'
### [bt]: Memory measurement disabled
### [bt]: Starting job [batchtools job.id=10898]
### [bt]: Generating problem instance for problem 'cfb05fadfc1e266b' ...
### [bt]: Applying algorithm 'run_learner' on problem 'cfb05fadfc1e266b' for job 10898 (seed = 11021) ...
INFO  [20:03:25.925] [mlr3] Applying learner 'ranger calibrated beta 80' on task 'numerai28.6' (iter 8/10)
Growing trees.. Progress: 8%. Estimated remaining time: 6 minutes, 4 seconds.
Growing trees.. Progress: 16%. Estimated remaining time: 5 minutes, 33 seconds.
Growing trees.. Progress: 23%. Estimated remaining time: 5 minutes, 6 seconds.
Growing trees.. Progress: 31%. Estimated remaining time: 4 minutes, 35 seconds.
Growing trees.. Progress: 39%. Estimated remaining time: 4 minutes, 4 seconds.
Growing trees.. Progress: 47%. Estimated remaining time: 3 minutes, 32 seconds.
Growing trees.. Progress: 55%. Estimated remaining time: 3 minutes, 1 seconds.
Growing trees.. Progress: 62%. Estimated remaining time: 2 minutes, 30 seconds.
Growing trees.. Progress: 70%. Estimated remaining time: 1 minute, 59 seconds.
Growing trees.. Progress: 78%. Estimated remaining time: 1 minute, 29 seconds.
Growing trees.. Progress: 85%. Estimated remaining time: 59 seconds.
Growing trees.. Progress: 93%. Estimated remaining time: 27 seconds.
Computing prediction error.. Progress: 99%. Estimated remaining time: 0 seconds.
[1] -23.30067
[1] -0.4278488

### [bt]: Job terminated successfully [batchtools job.id=10898]
### [bt]: Calculation finished!
