### [bt]: This is batchtools v0.9.17
### [bt]: Starting calculation of 1 jobs
### [bt]: Setting working directory to '/content'
### [bt]: Memory measurement disabled
### [bt]: Starting job [batchtools job.id=8247]
### [bt]: Generating problem instance for problem '22f4988139232849' ...
### [bt]: Applying algorithm 'run_learner' on problem '22f4988139232849' for job 8247 (seed = 8370) ...
INFO  [16:29:31.882] [mlr3] Applying learner 'nnet calibrated isotonic cv3' on task 'nomao' (iter 7/10)
# weights:  442
initial  value 13620.827290 
iter  10 value 5262.696555
iter  20 value 4010.379420
iter  30 value 3752.622892
iter  40 value 3019.821418
iter  50 value 2712.399765
iter  60 value 2581.169687
iter  70 value 2443.815817
iter  80 value 2325.214268
iter  90 value 2257.241358
iter 100 value 2214.592716
final  value 2214.592716 
stopped after 100 iterations
# weights:  442
initial  value 15797.867548 
iter  10 value 6824.464639
iter  20 value 4944.521484
iter  30 value 3461.390068
iter  40 value 3004.881838
iter  50 value 2786.233380
iter  60 value 2688.352227
iter  70 value 2633.801244
iter  80 value 2581.975456
iter  90 value 2544.175103
iter 100 value 2516.708541
final  value 2516.708541 
stopped after 100 iterations
# weights:  442
initial  value 17098.788148 
iter  10 value 8312.938380
iter  20 value 6357.070062
iter  30 value 4389.591850
iter  40 value 3581.259599
iter  50 value 3201.273821
iter  60 value 2972.347132
iter  70 value 2773.546949
iter  80 value 2676.917761
iter  90 value 2585.193495
iter 100 value 2499.497641
final  value 2499.497641 
stopped after 100 iterations

### [bt]: Job terminated successfully [batchtools job.id=8247]
### [bt]: Calculation finished!
