### [bt]: This is batchtools v0.9.17
### [bt]: Starting calculation of 5 jobs
### [bt]: Setting working directory to '/Users/I578045/Desktop/Mater_Thesis_Calibration'
ece.R :
Friedmann_tasks.R :
Functions.R :
ici.R :
mse_feature_effects.R :
PipeOpCalibration.R :
### [bt]: Memory measurement disabled
### [bt]: Starting job [batchtools job.id=2366]
### [bt]: Generating problem instance for problem '358d8f8187803581' ...
### [bt]: Applying algorithm 'run_learner' on problem '358d8f8187803581' for job 2366 (seed = 2489) ...
INFO  [18:27:03.980] [mlr3] Applying learner 'svm calibrated platt 90' on task 'electricity' (iter 6/10)

### [bt]: Job terminated successfully [batchtools job.id=2366]
### [bt]: Starting job [batchtools job.id=2367]
### [bt]: Generating problem instance for problem '358d8f8187803581' ...
### [bt]: Applying algorithm 'run_learner' on problem '358d8f8187803581' for job 2367 (seed = 2490) ...
INFO  [18:28:56.869] [mlr3] Applying learner 'svm calibrated platt 90' on task 'electricity' (iter 7/10)

### [bt]: Job terminated successfully [batchtools job.id=2367]
### [bt]: Starting job [batchtools job.id=2368]
### [bt]: Generating problem instance for problem '358d8f8187803581' ...
### [bt]: Applying algorithm 'run_learner' on problem '358d8f8187803581' for job 2368 (seed = 2491) ...
INFO  [18:30:52.693] [mlr3] Applying learner 'svm calibrated platt 90' on task 'electricity' (iter 8/10)

### [bt]: Job terminated successfully [batchtools job.id=2368]
### [bt]: Starting job [batchtools job.id=2369]
### [bt]: Generating problem instance for problem '358d8f8187803581' ...
### [bt]: Applying algorithm 'run_learner' on problem '358d8f8187803581' for job 2369 (seed = 2492) ...
INFO  [18:32:49.649] [mlr3] Applying learner 'svm calibrated platt 90' on task 'electricity' (iter 9/10)

### [bt]: Job terminated successfully [batchtools job.id=2369]
### [bt]: Starting job [batchtools job.id=2370]
### [bt]: Generating problem instance for problem '358d8f8187803581' ...
### [bt]: Applying algorithm 'run_learner' on problem '358d8f8187803581' for job 2370 (seed = 2493) ...
INFO  [18:34:45.795] [mlr3] Applying learner 'svm calibrated platt 90' on task 'electricity' (iter 10/10)

### [bt]: Job terminated successfully [batchtools job.id=2370]
### [bt]: Calculation finished!
