### [bt]: This is batchtools v0.9.17
### [bt]: Starting calculation of 1 jobs
### [bt]: Setting working directory to '/content'
### [bt]: Memory measurement disabled
### [bt]: Starting job [batchtools job.id=6927]
### [bt]: Generating problem instance for problem 'c27a1cbf9c91424a' ...
### [bt]: Applying algorithm 'run_learner' on problem 'c27a1cbf9c91424a' for job 6927 (seed = 7050) ...
INFO  [14:30:26.232] [mlr3] Applying learner 'nnet calibrated beta cv5' on task 'ilpd' (iter 7/10)
# weights:  37
initial  value 368.334880 
iter  10 value 243.839772
iter  20 value 240.901435
iter  30 value 238.950234
iter  40 value 236.027731
iter  50 value 235.867533
iter  60 value 235.860841
final  value 235.860834 
converged
# weights:  37
initial  value 269.818309 
iter  10 value 238.188011
iter  20 value 237.904205
final  value 237.903226 
converged
# weights:  37
initial  value 312.047076 
final  value 252.183694 
converged
# weights:  37
initial  value 381.881520 
final  value 245.563314 
converged
# weights:  37
initial  value 440.758522 
final  value 252.183694 
converged
Warning: glm.fit: fitted probabilities numerically 0 or 1 occurred
This happened PipeOp classif.nnet's $train()
[1] -56.21033
[1] 3.89412
Warning: glm.fit: fitted probabilities numerically 0 or 1 occurred
This happened PipeOp classif.nnet's $train()
Warning: glm.fit: fitted probabilities numerically 0 or 1 occurred
This happened PipeOp classif.nnet's $train()
[1] -10297.82
[1] -109.0038

### [bt]: Job terminated successfully [batchtools job.id=6927]
### [bt]: Calculation finished!
