### [bt]: This is batchtools v0.9.17
### [bt]: Starting calculation of 1 jobs
### [bt]: Setting working directory to '/content/drive/MyDrive/GitHub/Mater_Thesis_Calibration'
Loading required package: mlr3verse
Loading required package: mlr3

Attaching package: ‘dplyr’

The following object is masked from ‘package:mlr3misc’:

    cross_join

The following objects are masked from ‘package:stats’:

    filter, lag

The following objects are masked from ‘package:base’:

    intersect, setdiff, setequal, union


Attaching package: ‘batchtools’

The following object is masked from ‘package:mlr3misc’:

    chunk

Loading required package: randomForest
randomForest 4.7-1.2
Type rfNews() to see new features/changes/bug fixes.

Attaching package: ‘randomForest’

The following object is masked from ‘package:dplyr’:

    combine

The following object is masked from ‘package:ggplot2’:

    margin

Loading required package: ranger

Attaching package: ‘ranger’

The following object is masked from ‘package:randomForest’:

    importance

Loading required package: palmerpenguins
ece.R :
Friedmann_tasks.R :
Functions.R :
ici.R :
mse_feature_effects.R :
PipeOpCalibration.R :
### [bt]: Memory measurement disabled
### [bt]: Starting job [batchtools job.id=10921]
### [bt]: Generating problem instance for problem 'cfb05fadfc1e266b' ...
### [bt]: Applying algorithm 'run_learner' on problem 'cfb05fadfc1e266b' for job 10921 (seed = 11044) ...
INFO  [13:04:26.110] [mlr3] Applying learner 'ranger calibrated beta cv5' on task 'numerai28.6' (iter 1/10)
Growing trees.. Progress: 9%. Estimated remaining time: 5 minutes, 15 seconds.
Growing trees.. Progress: 20%. Estimated remaining time: 4 minutes, 15 seconds.
Growing trees.. Progress: 30%. Estimated remaining time: 3 minutes, 35 seconds.
Growing trees.. Progress: 41%. Estimated remaining time: 3 minutes, 0 seconds.
Growing trees.. Progress: 51%. Estimated remaining time: 2 minutes, 27 seconds.
Growing trees.. Progress: 62%. Estimated remaining time: 1 minute, 55 seconds.
Growing trees.. Progress: 72%. Estimated remaining time: 1 minute, 25 seconds.
Growing trees.. Progress: 83%. Estimated remaining time: 52 seconds.
Growing trees.. Progress: 93%. Estimated remaining time: 20 seconds.
Computing prediction error.. Progress: 97%. Estimated remaining time: 0 seconds.
Growing trees.. Progress: 8%. Estimated remaining time: 6 minutes, 9 seconds.
Growing trees.. Progress: 17%. Estimated remaining time: 4 minutes, 58 seconds.
Growing trees.. Progress: 28%. Estimated remaining time: 4 minutes, 0 seconds.
Growing trees.. Progress: 39%. Estimated remaining time: 3 minutes, 19 seconds.
Growing trees.. Progress: 49%. Estimated remaining time: 2 minutes, 41 seconds.
Growing trees.. Progress: 60%. Estimated remaining time: 2 minutes, 6 seconds.
Growing trees.. Progress: 70%. Estimated remaining time: 1 minute, 31 seconds.
Growing trees.. Progress: 81%. Estimated remaining time: 1 minute, 0 seconds.
Growing trees.. Progress: 91%. Estimated remaining time: 27 seconds.
Computing prediction error.. Progress: 99%. Estimated remaining time: 0 seconds.
Growing trees.. Progress: 8%. Estimated remaining time: 6 minutes, 15 seconds.
Growing trees.. Progress: 15%. Estimated remaining time: 5 minutes, 49 seconds.
Growing trees.. Progress: 25%. Estimated remaining time: 4 minutes, 35 seconds.
Growing trees.. Progress: 36%. Estimated remaining time: 3 minutes, 41 seconds.
Growing trees.. Progress: 46%. Estimated remaining time: 2 minutes, 58 seconds.
Growing trees.. Progress: 57%. Estimated remaining time: 2 minutes, 20 seconds.
Growing trees.. Progress: 68%. Estimated remaining time: 1 minute, 43 seconds.
Growing trees.. Progress: 78%. Estimated remaining time: 1 minute, 9 seconds.
Growing trees.. Progress: 89%. Estimated remaining time: 36 seconds.
Growing trees.. Progress: 99%. Estimated remaining time: 2 seconds.
Growing trees.. Progress: 8%. Estimated remaining time: 6 minutes, 15 seconds.
Growing trees.. Progress: 15%. Estimated remaining time: 5 minutes, 41 seconds.
Growing trees.. Progress: 25%. Estimated remaining time: 4 minutes, 32 seconds.
Growing trees.. Progress: 36%. Estimated remaining time: 3 minutes, 41 seconds.
Growing trees.. Progress: 46%. Estimated remaining time: 2 minutes, 59 seconds.
Growing trees.. Progress: 57%. Estimated remaining time: 2 minutes, 20 seconds.
Growing trees.. Progress: 68%. Estimated remaining time: 1 minute, 44 seconds.
Growing trees.. Progress: 78%. Estimated remaining time: 1 minute, 9 seconds.
Growing trees.. Progress: 87%. Estimated remaining time: 42 seconds.
Growing trees.. Progress: 95%. Estimated remaining time: 17 seconds.
Growing trees.. Progress: 98%. Estimated remaining time: 5 seconds.
Growing trees.. Progress: 8%. Estimated remaining time: 5 minutes, 54 seconds.
Growing trees.. Progress: 16%. Estimated remaining time: 5 minutes, 26 seconds.
Growing trees.. Progress: 24%. Estimated remaining time: 4 minutes, 54 seconds.
Growing trees.. Progress: 31%. Estimated remaining time: 4 minutes, 41 seconds.
Growing trees.. Progress: 39%. Estimated remaining time: 4 minutes, 7 seconds.
Growing trees.. Progress: 47%. Estimated remaining time: 3 minutes, 34 seconds.
Growing trees.. Progress: 55%. Estimated remaining time: 3 minutes, 1 seconds.
Growing trees.. Progress: 62%. Estimated remaining time: 2 minutes, 29 seconds.
Growing trees.. Progress: 70%. Estimated remaining time: 2 minutes, 1 seconds.
Growing trees.. Progress: 78%. Estimated remaining time: 1 minute, 28 seconds.
Growing trees.. Progress: 86%. Estimated remaining time: 56 seconds.
Growing trees.. Progress: 94%. Estimated remaining time: 25 seconds.
Computing prediction error.. Progress: 71%. Estimated remaining time: 18 seconds.
