### [bt]: This is batchtools v0.9.17
### [bt]: Starting calculation of 1 jobs
### [bt]: Setting working directory to '/content'
### [bt]: Memory measurement disabled
### [bt]: Starting job [batchtools job.id=12041]
### [bt]: Generating problem instance for problem '7f16ca74b5d8776b' ...
### [bt]: Applying algorithm 'run_learner' on problem '7f16ca74b5d8776b' for job 12041 (seed = 12164) ...
INFO  [14:49:12.300] [mlr3] Applying learner 'nnet calibrated beta cv5' on task 'churn' (iter 1/10)
# weights:  94
initial  value 3109.054869 
final  value 1486.620448 
converged
# weights:  94
initial  value 3598.870945 
iter  10 value 1452.127718
iter  20 value 1452.112493
iter  20 value 1452.112486
iter  20 value 1452.112486
final  value 1452.112486 
converged
# weights:  94
initial  value 1658.267001 
iter  10 value 1438.783440
iter  20 value 1437.670451
iter  30 value 1436.774978
iter  40 value 1434.834378
iter  50 value 1434.406148
iter  60 value 1434.052351
iter  70 value 1433.902462
iter  80 value 1433.768106
iter  90 value 1433.715409
iter 100 value 1433.589311
final  value 1433.589311 
stopped after 100 iterations
# weights:  94
initial  value 3257.567219 
final  value 1479.487003 
converged
# weights:  94
initial  value 2305.615166 
iter  10 value 1478.125140
iter  20 value 1476.705425
iter  30 value 1475.429687
iter  40 value 1475.251753
iter  50 value 1474.773574
iter  60 value 1474.314629
iter  70 value 1474.134645
iter  80 value 1473.718337
iter  90 value 1473.657506
iter 100 value 1473.630983
final  value 1473.630983 
stopped after 100 iterations
[1] -1.11511
[1] 9.043232
[1] -3.837099
[1] -41.09012

### [bt]: Job terminated successfully [batchtools job.id=12041]
### [bt]: Calculation finished!
