### [bt]: This is batchtools v0.9.17
### [bt]: Starting calculation of 1 jobs
### [bt]: Setting working directory to '/content'
### [bt]: Memory measurement disabled
### [bt]: Starting job [batchtools job.id=6911]
### [bt]: Generating problem instance for problem 'c27a1cbf9c91424a' ...
### [bt]: Applying algorithm 'run_learner' on problem 'c27a1cbf9c91424a' for job 6911 (seed = 7034) ...
INFO  [14:30:25.359] [mlr3] Applying learner 'nnet calibrated beta cv3' on task 'ilpd' (iter 1/10)
# weights:  37
initial  value 299.502371 
final  value 213.445195 
converged
# weights:  37
initial  value 324.595837 
iter  10 value 200.913148
iter  20 value 199.294471
iter  30 value 198.290243
iter  40 value 194.644234
iter  50 value 193.367272
iter  60 value 191.847109
iter  70 value 191.647110
iter  80 value 191.518947
iter  90 value 185.397318
iter 100 value 173.849397
final  value 173.849397 
stopped after 100 iterations
# weights:  37
initial  value 224.797568 
iter  10 value 193.626299
iter  20 value 185.342349
iter  30 value 183.474430
iter  40 value 183.210440
iter  50 value 182.009355
iter  60 value 181.638838
iter  70 value 180.945096
iter  80 value 180.942508
iter  90 value 180.942043
iter 100 value 180.937292
final  value 180.937292 
stopped after 100 iterations
[1] -183.3157
[1] -3.0134
[1] -0.6386908
[1] 0.3157481

### [bt]: Job terminated successfully [batchtools job.id=6911]
### [bt]: Calculation finished!
