### [bt]: This is batchtools v0.9.17
### [bt]: Starting calculation of 1 jobs
### [bt]: Setting working directory to '/content'
### [bt]: Memory measurement disabled
### [bt]: Starting job [batchtools job.id=8316]
### [bt]: Generating problem instance for problem '22f4988139232849' ...
### [bt]: Applying algorithm 'run_learner' on problem '22f4988139232849' for job 8316 (seed = 8439) ...
INFO  [16:31:31.580] [mlr3] Applying learner 'nnet uncalibrated' on task 'nomao' (iter 6/10)
# weights:  442
initial  value 18103.742260 
iter  10 value 11165.352469
iter  20 value 8084.072888
iter  30 value 5590.137316
iter  40 value 4844.527017
iter  50 value 4495.735397
iter  60 value 4356.328424
iter  70 value 4179.416752
iter  80 value 3955.374300
iter  90 value 3702.799479
iter 100 value 3606.586892
final  value 3606.586892 
stopped after 100 iterations

### [bt]: Job terminated successfully [batchtools job.id=8316]
### [bt]: Calculation finished!
