### [bt]: This is batchtools v0.9.17
### [bt]: Starting calculation of 1 jobs
### [bt]: Setting working directory to '/content'
### [bt]: Memory measurement disabled
### [bt]: Starting job [batchtools job.id=15055]
### [bt]: Generating problem instance for problem '7f16ca74b5d8776b' ...
### [bt]: Applying algorithm 'run_learner' on problem '7f16ca74b5d8776b' for job 15055 (seed = 15178) ...
INFO  [15:06:05.487] [mlr3] Applying learner 'nnet calibrated beta union' on task 'churn' (iter 5/10)
# weights:  94
initial  value 3468.286733 
iter  10 value 1462.870517
iter  20 value 1462.153811
iter  30 value 1460.374762
iter  40 value 1460.154597
iter  50 value 1459.984789
iter  60 value 1459.818217
iter  70 value 1459.758188
iter  70 value 1459.758181
final  value 1459.758181 
converged
# weights:  94
initial  value 2064.931769 
final  value 1448.763177 
converged
# weights:  94
initial  value 2685.427881 
final  value 1479.487003 
converged
# weights:  94
initial  value 1926.141113 
final  value 1463.304051 
converged
# weights:  94
initial  value 2955.333280 
final  value 1475.906722 
converged
[1] -0.5065122
[1] 23.92345

### [bt]: Job terminated successfully [batchtools job.id=15055]
### [bt]: Calculation finished!
