### [bt]: This is batchtools v0.9.17
### [bt]: Starting calculation of 1 jobs
### [bt]: Setting working directory to '/content'
### [bt]: Memory measurement disabled
### [bt]: Starting job [batchtools job.id=12089]
### [bt]: Generating problem instance for problem '7f16ca74b5d8776b' ...
### [bt]: Applying algorithm 'run_learner' on problem '7f16ca74b5d8776b' for job 12089 (seed = 12212) ...
INFO  [14:49:16.212] [mlr3] Applying learner 'nnet calibrated isotonic cv3' on task 'churn' (iter 9/10)
# weights:  94
initial  value 2505.495429 
iter  10 value 1213.743742
iter  20 value 1207.829863
iter  30 value 1204.545604
iter  40 value 1203.417117
iter  50 value 1202.713755
iter  60 value 1202.701044
final  value 1202.700421 
converged
# weights:  94
initial  value 3056.844248 
iter  10 value 1228.745451
iter  20 value 1227.509334
iter  30 value 1227.503517
iter  40 value 1227.474232
iter  50 value 1227.118563
iter  60 value 1225.716275
iter  70 value 1225.462082
iter  80 value 1225.429185
iter  90 value 1225.092582
iter 100 value 1225.089268
final  value 1225.089268 
stopped after 100 iterations
# weights:  94
initial  value 2129.240711 
iter  10 value 1224.181643
iter  20 value 1223.447223
iter  30 value 1222.623245
iter  40 value 1222.484359
iter  50 value 1221.839481
iter  60 value 1220.281179
iter  70 value 1219.384855
iter  80 value 1219.250253
iter  90 value 1219.090334
iter 100 value 1219.066619
final  value 1219.066619 
stopped after 100 iterations

### [bt]: Job terminated successfully [batchtools job.id=12089]
### [bt]: Calculation finished!
