### [bt]: This is batchtools v0.9.17
### [bt]: Starting calculation of 1 jobs
### [bt]: Setting working directory to '/content'
### [bt]: Memory measurement disabled
### [bt]: Starting job [batchtools job.id=1839]
### [bt]: Generating problem instance for problem '358d8f8187803581' ...
### [bt]: Applying algorithm 'run_learner' on problem '358d8f8187803581' for job 1839 (seed = 1962) ...
INFO  [15:53:22.927] [mlr3] Applying learner 'nnet calibrated isotonic 90' on task 'electricity' (iter 9/10)
# weights:  46
initial  value 26111.237504 
iter  10 value 22770.630306
iter  20 value 21854.919738
iter  30 value 20344.767291
iter  40 value 18768.979391
iter  50 value 18564.023622
iter  60 value 18344.134550
iter  70 value 18169.089320
iter  80 value 18101.643332
iter  90 value 18003.064372
iter 100 value 17970.298737
final  value 17970.298737 
stopped after 100 iterations

### [bt]: Job terminated successfully [batchtools job.id=1839]
### [bt]: Calculation finished!
