### [bt]: This is batchtools v0.9.17
### [bt]: Starting calculation of 1 jobs
### [bt]: Setting working directory to '/content'
### [bt]: Memory measurement disabled
### [bt]: Starting job [batchtools job.id=6125]
### [bt]: Generating problem instance for problem 'a6b2cabd9f84c607' ...
### [bt]: Applying algorithm 'run_learner' on problem 'a6b2cabd9f84c607' for job 6125 (seed = 6248) ...
INFO  [14:27:41.435] [mlr3] Applying learner 'svm calibrated beta cv5' on task 'phoneme' (iter 5/10)
[1] 1.00943
[1] 58.71686
[1] 1.544727
[1] 69.77013
[1] 1.341872
[1] 58.09589
[1] 1.352156
[1] 63.09984
[1] 1.307998
[1] 59.82549

### [bt]: Job terminated successfully [batchtools job.id=6125]
### [bt]: Calculation finished!
