### [bt]: This is batchtools v0.9.17
### [bt]: Starting calculation of 5 jobs
### [bt]: Setting working directory to '/Users/adrian/Desktop/Mater_Thesis_Calibration'
ece.R :
Friedmann_tasks.R :
Functions.R :
ici.R :
mse_feature_effects.R :
PipeOpCalibration.R :
### [bt]: Memory measurement disabled
### [bt]: Starting job [batchtools job.id=791]
### [bt]: Generating problem instance for problem '563768ad2e048da7' ...
### [bt]: Applying algorithm 'run_learner' on problem '563768ad2e048da7' for job 791 (seed = 914) ...
INFO  [12:55:14.902] [mlr3] Applying learner 'ranger uncalibrated' on task 'credit-g' (iter 1/10)

### [bt]: Job terminated successfully [batchtools job.id=791]
### [bt]: Starting job [batchtools job.id=792]
### [bt]: Generating problem instance for problem '563768ad2e048da7' ...
### [bt]: Applying algorithm 'run_learner' on problem '563768ad2e048da7' for job 792 (seed = 915) ...
INFO  [12:55:18.398] [mlr3] Applying learner 'ranger uncalibrated' on task 'credit-g' (iter 2/10)

### [bt]: Job terminated successfully [batchtools job.id=792]
### [bt]: Starting job [batchtools job.id=793]
### [bt]: Generating problem instance for problem '563768ad2e048da7' ...
### [bt]: Applying algorithm 'run_learner' on problem '563768ad2e048da7' for job 793 (seed = 916) ...
INFO  [12:55:19.081] [mlr3] Applying learner 'ranger uncalibrated' on task 'credit-g' (iter 3/10)

### [bt]: Job terminated successfully [batchtools job.id=793]
### [bt]: Starting job [batchtools job.id=794]
### [bt]: Generating problem instance for problem '563768ad2e048da7' ...
### [bt]: Applying algorithm 'run_learner' on problem '563768ad2e048da7' for job 794 (seed = 917) ...
INFO  [12:55:20.695] [mlr3] Applying learner 'ranger uncalibrated' on task 'credit-g' (iter 4/10)

### [bt]: Job terminated successfully [batchtools job.id=794]
### [bt]: Starting job [batchtools job.id=795]
### [bt]: Generating problem instance for problem '563768ad2e048da7' ...
### [bt]: Applying algorithm 'run_learner' on problem '563768ad2e048da7' for job 795 (seed = 918) ...
INFO  [12:55:22.321] [mlr3] Applying learner 'ranger uncalibrated' on task 'credit-g' (iter 5/10)

### [bt]: Job terminated successfully [batchtools job.id=795]
### [bt]: Calculation finished!
