### [bt]: This is batchtools v0.9.17
### [bt]: Starting calculation of 1 jobs
### [bt]: Setting working directory to '/content'
### [bt]: Memory measurement disabled
### [bt]: Starting job [batchtools job.id=14813]
### [bt]: Generating problem instance for problem 'cfb05fadfc1e266b' ...
### [bt]: Applying algorithm 'run_learner' on problem 'cfb05fadfc1e266b' for job 14813 (seed = 14936) ...
INFO  [17:21:27.188] [mlr3] Applying learner 'nnet calibrated beta union' on task 'numerai28.6' (iter 3/10)
# weights:  70
initial  value 50102.287401 
iter  10 value 48005.745880
iter  20 value 47945.812144
iter  30 value 47925.318697
iter  40 value 47920.263957
iter  50 value 47916.145499
iter  60 value 47912.530418
iter  70 value 47911.021239
iter  80 value 47899.512321
iter  90 value 47886.437911
iter 100 value 47879.274521
final  value 47879.274521 
stopped after 100 iterations
# weights:  70
initial  value 49163.705139 
iter  10 value 47951.683800
iter  20 value 47934.615438
iter  30 value 47913.965732
iter  40 value 47899.742022
iter  50 value 47895.117720
iter  60 value 47893.103883
iter  70 value 47888.048955
iter  80 value 47884.848447
iter  90 value 47880.877722
iter 100 value 47878.484359
final  value 47878.484359 
stopped after 100 iterations
# weights:  70
initial  value 49238.667589 
iter  10 value 47955.816456
iter  20 value 47918.969868
iter  30 value 47894.091614
iter  40 value 47889.120008
iter  50 value 47887.218108
iter  60 value 47886.104858
iter  70 value 47884.837438
iter  80 value 47882.155740
iter  90 value 47879.606090
iter 100 value 47874.701184
final  value 47874.701184 
stopped after 100 iterations
# weights:  70
initial  value 52903.798844 
iter  10 value 47989.313777
iter  20 value 47941.363238
iter  30 value 47923.433385
iter  40 value 47904.837137
iter  50 value 47895.567772
iter  60 value 47890.585823
iter  70 value 47887.095687
iter  80 value 47883.489397
iter  90 value 47880.463446
iter 100 value 47878.033520
final  value 47878.033520 
stopped after 100 iterations
# weights:  70
initial  value 48782.282880 
iter  10 value 47956.028345
iter  20 value 47915.419576
iter  30 value 47902.451694
iter  40 value 47892.342381
iter  50 value 47886.997259
iter  60 value 47880.101502
iter  70 value 47876.647605
iter  80 value 47866.407817
iter  90 value 47850.114334
iter 100 value 47838.475182
final  value 47838.475182 
stopped after 100 iterations
[1] 0.8406913
[1] 44.88139

### [bt]: Job terminated successfully [batchtools job.id=14813]
### [bt]: Calculation finished!
