### [bt]: This is batchtools v0.9.17
### [bt]: Starting calculation of 1 jobs
### [bt]: Setting working directory to '/content'
### [bt]: Memory measurement disabled
### [bt]: Starting job [batchtools job.id=9803]
### [bt]: Generating problem instance for problem '0ecb79b078d7aa0a' ...
### [bt]: Applying algorithm 'run_learner' on problem '0ecb79b078d7aa0a' for job 9803 (seed = 9926) ...
INFO  [14:34:53.364] [mlr3] Applying learner 'rpart calibrated beta cv5' on task 'PhishingWebsites' (iter 3/10)
Warning: glm.fit: fitted probabilities numerically 0 or 1 occurred
This happened PipeOp classif.rpart's $train()
[1] -52.71972
[1] 3.220916
[1] -30.23741
[1] 13.58507
Warning: glm.fit: fitted probabilities numerically 0 or 1 occurred
This happened PipeOp classif.rpart's $train()
[1] -41.83341
[1] 16.87732
Warning: glm.fit: fitted probabilities numerically 0 or 1 occurred
This happened PipeOp classif.rpart's $train()
[1] -34.85047
[1] 26.85808
Warning: glm.fit: fitted probabilities numerically 0 or 1 occurred
This happened PipeOp classif.rpart's $train()
[1] -2.950474
[1] 92.95359

### [bt]: Job terminated successfully [batchtools job.id=9803]
### [bt]: Calculation finished!
