### [bt]: This is batchtools v0.9.17
### [bt]: Starting calculation of 5 jobs
### [bt]: Setting working directory to '/Users/adrian/Desktop/Mater_Thesis_Calibration'
ece.R :
Friedmann_tasks.R :
Functions.R :
ici.R :
mse_feature_effects.R :
PipeOpCalibration.R :
### [bt]: Memory measurement disabled
### [bt]: Starting job [batchtools job.id=611]
### [bt]: Generating problem instance for problem '563768ad2e048da7' ...
### [bt]: Applying algorithm 'run_learner' on problem '563768ad2e048da7' for job 611 (seed = 734) ...
INFO  [12:44:34.069] [mlr3] Applying learner 'nnet calibrated platt cv3' on task 'credit-g' (iter 1/10)
# weights:  157
initial  value 398.209969 
final  value 369.024873 
converged
# weights:  157
initial  value 436.946032 
final  value 370.656380 
converged
# weights:  157
initial  value 387.120502 
final  value 359.484015 
converged

### [bt]: Job terminated successfully [batchtools job.id=611]
### [bt]: Starting job [batchtools job.id=612]
### [bt]: Generating problem instance for problem '563768ad2e048da7' ...
### [bt]: Applying algorithm 'run_learner' on problem '563768ad2e048da7' for job 612 (seed = 735) ...
INFO  [12:44:37.173] [mlr3] Applying learner 'nnet calibrated platt cv3' on task 'credit-g' (iter 2/10)
# weights:  157
initial  value 483.485282 
final  value 368.197337 
converged
# weights:  157
initial  value 380.595320 
final  value 357.644419 
converged
# weights:  157
initial  value 398.699665 
final  value 373.045084 
converged
Warning in predict.lm(object, newdata, se.fit, scale = 1, type = if (type ==  :
  prediction from rank-deficient fit; attr(*, "non-estim") has doubtful cases
This happened PipeOp classif.nnet's $predict()
Warning in predict.lm(object, newdata, se.fit, scale = 1, type = if (type ==  :
  prediction from rank-deficient fit; attr(*, "non-estim") has doubtful cases
This happened PipeOp classif.nnet's $predict()
Warning in predict.lm(object, newdata, se.fit, scale = 1, type = if (type ==  :
  prediction from rank-deficient fit; attr(*, "non-estim") has doubtful cases
This happened PipeOp classif.nnet's $predict()

### [bt]: Job terminated successfully [batchtools job.id=612]
### [bt]: Starting job [batchtools job.id=613]
### [bt]: Generating problem instance for problem '563768ad2e048da7' ...
### [bt]: Applying algorithm 'run_learner' on problem '563768ad2e048da7' for job 613 (seed = 736) ...
INFO  [12:44:38.307] [mlr3] Applying learner 'nnet calibrated platt cv3' on task 'credit-g' (iter 3/10)
# weights:  157
initial  value 351.928595 
final  value 351.927681 
converged
# weights:  157
initial  value 415.750068 
final  value 372.256626 
converged
# weights:  157
initial  value 378.979464 
iter  10 value 367.111988
iter  20 value 337.387333
iter  30 value 317.013050
iter  40 value 314.979424
iter  50 value 314.933244
final  value 314.933167 
converged
Warning in predict.lm(object, newdata, se.fit, scale = 1, type = if (type ==  :
  prediction from rank-deficient fit; attr(*, "non-estim") has doubtful cases
This happened PipeOp classif.nnet's $predict()
Warning in predict.lm(object, newdata, se.fit, scale = 1, type = if (type ==  :
  prediction from rank-deficient fit; attr(*, "non-estim") has doubtful cases
This happened PipeOp classif.nnet's $predict()
Warning in predict.lm(object, newdata, se.fit, scale = 1, type = if (type ==  :
  prediction from rank-deficient fit; attr(*, "non-estim") has doubtful cases
This happened PipeOp classif.nnet's $predict()

### [bt]: Job terminated successfully [batchtools job.id=613]
### [bt]: Starting job [batchtools job.id=614]
### [bt]: Generating problem instance for problem '563768ad2e048da7' ...
### [bt]: Applying algorithm 'run_learner' on problem '563768ad2e048da7' for job 614 (seed = 737) ...
INFO  [12:44:39.375] [mlr3] Applying learner 'nnet calibrated platt cv3' on task 'credit-g' (iter 4/10)
# weights:  157
initial  value 418.105980 
final  value 372.256626 
converged
# weights:  157
initial  value 431.749059 
final  value 367.361915 
converged
# weights:  157
initial  value 359.685704 
final  value 359.484015 
converged
Warning in predict.lm(object, newdata, se.fit, scale = 1, type = if (type ==  :
  prediction from rank-deficient fit; attr(*, "non-estim") has doubtful cases
This happened PipeOp classif.nnet's $predict()
Warning in predict.lm(object, newdata, se.fit, scale = 1, type = if (type ==  :
  prediction from rank-deficient fit; attr(*, "non-estim") has doubtful cases
This happened PipeOp classif.nnet's $predict()

### [bt]: Job terminated successfully [batchtools job.id=614]
### [bt]: Starting job [batchtools job.id=615]
### [bt]: Generating problem instance for problem '563768ad2e048da7' ...
### [bt]: Applying algorithm 'run_learner' on problem '563768ad2e048da7' for job 615 (seed = 738) ...
INFO  [12:44:39.678] [mlr3] Applying learner 'nnet calibrated platt cv3' on task 'credit-g' (iter 5/10)
# weights:  157
initial  value 471.846344 
final  value 372.256626 
converged
# weights:  157
initial  value 424.690875 
final  value 370.656380 
converged
# weights:  157
initial  value 529.634413 
final  value 355.771990 
converged
Warning in predict.lm(object, newdata, se.fit, scale = 1, type = if (type ==  :
  prediction from rank-deficient fit; attr(*, "non-estim") has doubtful cases
This happened PipeOp classif.nnet's $predict()
Warning in predict.lm(object, newdata, se.fit, scale = 1, type = if (type ==  :
  prediction from rank-deficient fit; attr(*, "non-estim") has doubtful cases
This happened PipeOp classif.nnet's $predict()

### [bt]: Job terminated successfully [batchtools job.id=615]
### [bt]: Calculation finished!
