### [bt]: This is batchtools v0.9.17
### [bt]: Starting calculation of 4 jobs
### [bt]: Setting working directory to '/Users/I578045/Desktop/Mater_Thesis_Calibration'
ece.R :
Friedmann_tasks.R :
Functions.R :
ici.R :
mse_feature_effects.R :
PipeOpCalibration.R :
### [bt]: Memory measurement disabled
### [bt]: Starting job [batchtools job.id=10755]
### [bt]: Generating problem instance for problem 'cfb05fadfc1e266b' ...
### [bt]: Applying algorithm 'run_learner' on problem 'cfb05fadfc1e266b' for job 10755 (seed = 10878) ...
INFO  [13:09:05.378] [mlr3] Applying learner 'nnet calibrated beta cv3' on task 'numerai28.6' (iter 5/10)
# weights:  70
initial  value 40263.028632 
iter  10 value 39999.490853
iter  20 value 39978.704968
iter  30 value 39960.469577
iter  40 value 39943.116913
iter  50 value 39934.337471
iter  60 value 39926.293656
iter  70 value 39919.304948
iter  80 value 39911.539221
iter  90 value 39904.569837
iter 100 value 39900.333971
final  value 39900.333971 
stopped after 100 iterations
# weights:  70
initial  value 45345.799806 
iter  10 value 40048.159278
iter  20 value 39952.642678
iter  30 value 39928.393318
iter  40 value 39914.345216
iter  50 value 39899.364402
iter  60 value 39893.769072
iter  70 value 39886.714377
iter  80 value 39876.359765
iter  90 value 39870.196812
iter 100 value 39863.911334
final  value 39863.911334 
stopped after 100 iterations
# weights:  70
initial  value 47655.940489 
iter  10 value 39973.209557
iter  20 value 39944.399676
iter  30 value 39929.790668
iter  40 value 39907.060380
iter  50 value 39897.123256
iter  60 value 39893.867270
iter  70 value 39892.782539
iter  80 value 39891.122887
iter  90 value 39889.616808
iter 100 value 39888.203948
final  value 39888.203948 
stopped after 100 iterations

### [bt]: Job terminated successfully [batchtools job.id=10755]
### [bt]: Starting job [batchtools job.id=10756]
### [bt]: Generating problem instance for problem 'cfb05fadfc1e266b' ...
### [bt]: Applying algorithm 'run_learner' on problem 'cfb05fadfc1e266b' for job 10756 (seed = 10879) ...
INFO  [13:09:18.377] [mlr3] Applying learner 'nnet calibrated beta cv3' on task 'numerai28.6' (iter 6/10)
# weights:  70
initial  value 42396.744428 
iter  10 value 39977.846568
iter  20 value 39935.754384
iter  30 value 39908.984421
iter  40 value 39894.751733
iter  50 value 39890.282418
iter  60 value 39886.277610
iter  70 value 39880.860552
iter  80 value 39876.103786
iter  90 value 39873.704619
iter 100 value 39872.561026
final  value 39872.561026 
stopped after 100 iterations
# weights:  70
initial  value 40169.140063 
iter  10 value 40002.385968
iter  20 value 39955.651714
iter  30 value 39925.321156
iter  40 value 39911.680662
iter  50 value 39905.091580
iter  60 value 39895.086709
iter  70 value 39881.427429
iter  80 value 39871.190327
iter  90 value 39864.094309
iter 100 value 39857.313727
final  value 39857.313727 
stopped after 100 iterations
# weights:  70
initial  value 44251.370251 
iter  10 value 39992.173985
iter  20 value 39949.282768
iter  30 value 39932.205329
iter  40 value 39914.631892
iter  50 value 39906.539175
iter  60 value 39897.781372
iter  70 value 39891.769623
iter  80 value 39885.551502
iter  90 value 39881.865430
iter 100 value 39878.433767
final  value 39878.433767 
stopped after 100 iterations

### [bt]: Job terminated successfully [batchtools job.id=10756]
### [bt]: Starting job [batchtools job.id=10757]
### [bt]: Generating problem instance for problem 'cfb05fadfc1e266b' ...
### [bt]: Applying algorithm 'run_learner' on problem 'cfb05fadfc1e266b' for job 10757 (seed = 10880) ...
INFO  [13:09:31.078] [mlr3] Applying learner 'nnet calibrated beta cv3' on task 'numerai28.6' (iter 7/10)
# weights:  70
initial  value 41155.689581 
iter  10 value 39976.965982
iter  20 value 39940.825819
iter  30 value 39915.595398
iter  40 value 39891.188927
iter  50 value 39880.855025
iter  60 value 39873.530041
iter  70 value 39871.192075
iter  80 value 39870.350014
iter  90 value 39867.676439
iter 100 value 39859.467779
final  value 39859.467779 
stopped after 100 iterations
# weights:  70
initial  value 43909.974601 
iter  10 value 39994.062997
iter  20 value 39966.215133
iter  30 value 39943.506143
iter  40 value 39923.473678
iter  50 value 39911.197637
iter  60 value 39894.245012
iter  70 value 39879.619224
iter  80 value 39870.580082
iter  90 value 39867.391598
iter 100 value 39866.210469
final  value 39866.210469 
stopped after 100 iterations
# weights:  70
initial  value 43674.841121 
iter  10 value 39976.821711
iter  20 value 39947.790555
iter  30 value 39925.984981
iter  40 value 39916.769059
iter  50 value 39903.065236
iter  60 value 39899.556041
iter  70 value 39898.046530
iter  80 value 39893.598161
iter  90 value 39891.494154
iter 100 value 39888.493125
final  value 39888.493125 
stopped after 100 iterations

### [bt]: Job terminated successfully [batchtools job.id=10757]
### [bt]: Starting job [batchtools job.id=10758]
### [bt]: Generating problem instance for problem 'cfb05fadfc1e266b' ...
### [bt]: Applying algorithm 'run_learner' on problem 'cfb05fadfc1e266b' for job 10758 (seed = 10881) ...
INFO  [13:09:42.962] [mlr3] Applying learner 'nnet calibrated beta cv3' on task 'numerai28.6' (iter 8/10)
# weights:  70
initial  value 48153.349710 
iter  10 value 40001.188453
iter  20 value 39975.260697
iter  30 value 39957.823276
iter  40 value 39937.745312
iter  50 value 39929.110574
iter  60 value 39925.597959
iter  70 value 39921.695885
iter  80 value 39918.397719
iter  90 value 39909.566298
iter 100 value 39901.096570
final  value 39901.096570 
stopped after 100 iterations
# weights:  70
initial  value 40172.198433 
iter  10 value 39970.504561
iter  20 value 39940.725507
iter  30 value 39912.989816
iter  40 value 39903.907264
iter  50 value 39902.035137
iter  60 value 39901.365782
iter  70 value 39900.710647
iter  80 value 39898.516234
iter  90 value 39891.492486
iter 100 value 39886.182398
final  value 39886.182398 
stopped after 100 iterations
# weights:  70
initial  value 40382.060985 
iter  10 value 39970.181234
iter  20 value 39922.351797
iter  30 value 39900.905747
iter  40 value 39893.769632
iter  50 value 39883.782134
iter  60 value 39879.706915
iter  70 value 39872.113614
iter  80 value 39857.665093
iter  90 value 39849.449051
iter 100 value 39842.723760
final  value 39842.723760 
stopped after 100 iterations

### [bt]: Job terminated successfully [batchtools job.id=10758]
### [bt]: Calculation finished!
