### [bt]: This is batchtools v0.9.17
### [bt]: Starting calculation of 4 jobs
### [bt]: Setting working directory to '/Users/I578045/Desktop/Mater_Thesis_Calibration'
ece.R :
Friedmann_tasks.R :
Functions.R :
ici.R :
mse_feature_effects.R :
PipeOpCalibration.R :
### [bt]: Memory measurement disabled
### [bt]: Starting job [batchtools job.id=2323]
### [bt]: Generating problem instance for problem '358d8f8187803581' ...
### [bt]: Applying algorithm 'run_learner' on problem '358d8f8187803581' for job 2323 (seed = 2446) ...
INFO  [09:54:35.486] [mlr3] Applying learner 'svm calibrated isotonic cv3' on task 'electricity' (iter 3/10)

### [bt]: Job terminated successfully [batchtools job.id=2323]
### [bt]: Starting job [batchtools job.id=2324]
### [bt]: Generating problem instance for problem '358d8f8187803581' ...
### [bt]: Applying algorithm 'run_learner' on problem '358d8f8187803581' for job 2324 (seed = 2447) ...
INFO  [10:03:43.119] [mlr3] Applying learner 'svm calibrated isotonic cv3' on task 'electricity' (iter 4/10)

### [bt]: Job terminated successfully [batchtools job.id=2324]
### [bt]: Starting job [batchtools job.id=2325]
### [bt]: Generating problem instance for problem '358d8f8187803581' ...
### [bt]: Applying algorithm 'run_learner' on problem '358d8f8187803581' for job 2325 (seed = 2448) ...
INFO  [10:12:50.955] [mlr3] Applying learner 'svm calibrated isotonic cv3' on task 'electricity' (iter 5/10)

### [bt]: Job terminated successfully [batchtools job.id=2325]
### [bt]: Starting job [batchtools job.id=2326]
### [bt]: Generating problem instance for problem '358d8f8187803581' ...
### [bt]: Applying algorithm 'run_learner' on problem '358d8f8187803581' for job 2326 (seed = 2449) ...
INFO  [10:20:53.988] [mlr3] Applying learner 'svm calibrated isotonic cv3' on task 'electricity' (iter 6/10)

### [bt]: Job terminated successfully [batchtools job.id=2326]
### [bt]: Calculation finished!
