### [bt]: This is batchtools v0.9.17
### [bt]: Starting calculation of 1 jobs
### [bt]: Setting working directory to '/content'
### [bt]: Memory measurement disabled
### [bt]: Starting job [batchtools job.id=10784]
### [bt]: Generating problem instance for problem 'cfb05fadfc1e266b' ...
### [bt]: Applying algorithm 'run_learner' on problem 'cfb05fadfc1e266b' for job 10784 (seed = 10907) ...
INFO  [16:52:18.550] [mlr3] Applying learner 'nnet calibrated isotonic 80' on task 'numerai28.6' (iter 4/10)
# weights:  70
initial  value 48209.450614 
iter  10 value 47958.870759
iter  20 value 47924.292256
iter  30 value 47903.170005
iter  40 value 47899.464173
iter  50 value 47895.017448
iter  60 value 47891.007154
iter  70 value 47887.723503
iter  80 value 47884.469669
iter  90 value 47882.460792
iter 100 value 47881.296875
final  value 47881.296875 
stopped after 100 iterations

### [bt]: Job terminated successfully [batchtools job.id=10784]
### [bt]: Calculation finished!
