### [bt]: This is batchtools v0.9.17
### [bt]: Starting calculation of 5 jobs
### [bt]: Setting working directory to '/Users/adrian/Desktop/Mater_Thesis_Calibration'
ece.R :
Friedmann_tasks.R :
Functions.R :
ici.R :
mse_feature_effects.R :
PipeOpCalibration.R :
### [bt]: Memory measurement disabled
### [bt]: Starting job [batchtools job.id=4386]
### [bt]: Generating problem instance for problem '341ee781c7d79b8f' ...
### [bt]: Applying algorithm 'run_learner' on problem '341ee781c7d79b8f' for job 4386 (seed = 4509) ...
INFO  [15:11:18.648] [mlr3] Applying learner 'nnet calibrated isotonic 80' on task 'wdbc' (iter 6/10)
# weights:  97
initial  value 272.907699 
final  value 272.363995 
converged

### [bt]: Job terminated successfully [batchtools job.id=4386]
### [bt]: Starting job [batchtools job.id=4387]
### [bt]: Generating problem instance for problem '341ee781c7d79b8f' ...
### [bt]: Applying algorithm 'run_learner' on problem '341ee781c7d79b8f' for job 4387 (seed = 4510) ...
INFO  [15:11:24.127] [mlr3] Applying learner 'nnet calibrated isotonic 80' on task 'wdbc' (iter 7/10)
# weights:  97
initial  value 287.808443 
iter  10 value 127.294599
iter  20 value 122.398439
iter  30 value 120.391759
iter  40 value 117.478755
iter  50 value 114.275614
iter  60 value 110.269032
iter  70 value 105.787232
iter  80 value 103.622225
iter  90 value 103.603433
iter 100 value 103.603145
final  value 103.603145 
stopped after 100 iterations

### [bt]: Job terminated successfully [batchtools job.id=4387]
### [bt]: Starting job [batchtools job.id=4388]
### [bt]: Generating problem instance for problem '341ee781c7d79b8f' ...
### [bt]: Applying algorithm 'run_learner' on problem '341ee781c7d79b8f' for job 4388 (seed = 4511) ...
INFO  [15:11:24.379] [mlr3] Applying learner 'nnet calibrated isotonic 80' on task 'wdbc' (iter 8/10)
# weights:  97
initial  value 275.341290 
final  value 272.363995 
converged

### [bt]: Job terminated successfully [batchtools job.id=4388]
### [bt]: Starting job [batchtools job.id=4389]
### [bt]: Generating problem instance for problem '341ee781c7d79b8f' ...
### [bt]: Applying algorithm 'run_learner' on problem '341ee781c7d79b8f' for job 4389 (seed = 4512) ...
INFO  [15:11:24.471] [mlr3] Applying learner 'nnet calibrated isotonic 80' on task 'wdbc' (iter 9/10)
# weights:  97
initial  value 305.240124 
final  value 263.220567 
converged

### [bt]: Job terminated successfully [batchtools job.id=4389]
### [bt]: Starting job [batchtools job.id=4390]
### [bt]: Generating problem instance for problem '341ee781c7d79b8f' ...
### [bt]: Applying algorithm 'run_learner' on problem '341ee781c7d79b8f' for job 4390 (seed = 4513) ...
INFO  [15:11:24.564] [mlr3] Applying learner 'nnet calibrated isotonic 80' on task 'wdbc' (iter 10/10)
# weights:  97
initial  value 275.027044 
final  value 273.779980 
converged

### [bt]: Job terminated successfully [batchtools job.id=4390]
### [bt]: Calculation finished!
