### [bt]: This is batchtools v0.9.17
### [bt]: Starting calculation of 1 jobs
### [bt]: Setting working directory to '/content'
### [bt]: Memory measurement disabled
### [bt]: Starting job [batchtools job.id=3728]
### [bt]: Generating problem instance for problem 'b541340d6c2eb21d' ...
### [bt]: Applying algorithm 'run_learner' on problem 'b541340d6c2eb21d' for job 3728 (seed = 3851) ...
INFO  [14:22:47.602] [mlr3] Applying learner 'xgboost calibrated beta cv5' on task 'kc1' (iter 8/10)
[1] -14.072
[1] 10.61059
[1] -18.13436
[1] 27.83672
[1] -31.67912
[1] 12.62999
[1] -18.87137
[1] 23.42094
[1] -15.44818
[1] 16.80291

### [bt]: Job terminated successfully [batchtools job.id=3728]
### [bt]: Calculation finished!
