### [bt]: This is batchtools v0.9.17
### [bt]: Starting calculation of 5 jobs
### [bt]: Setting working directory to '/Users/adrian/Desktop/Mater_Thesis_Calibration'
ece.R :
Friedmann_tasks.R :
Functions.R :
ici.R :
mse_feature_effects.R :
PipeOpCalibration.R :
### [bt]: Memory measurement disabled
### [bt]: Starting job [batchtools job.id=10186]
### [bt]: Generating problem instance for problem '0ecb79b078d7aa0a' ...
### [bt]: Applying algorithm 'run_learner' on problem '0ecb79b078d7aa0a' for job 10186 (seed = 10309) ...
INFO  [00:18:13.534] [mlr3] Applying learner 'xgboost calibrated platt 70' on task 'PhishingWebsites' (iter 6/10)

### [bt]: Job terminated successfully [batchtools job.id=10186]
### [bt]: Starting job [batchtools job.id=10187]
### [bt]: Generating problem instance for problem '0ecb79b078d7aa0a' ...
### [bt]: Applying algorithm 'run_learner' on problem '0ecb79b078d7aa0a' for job 10187 (seed = 10310) ...
INFO  [00:19:14.332] [mlr3] Applying learner 'xgboost calibrated platt 70' on task 'PhishingWebsites' (iter 7/10)

### [bt]: Job terminated successfully [batchtools job.id=10187]
### [bt]: Starting job [batchtools job.id=10188]
### [bt]: Generating problem instance for problem '0ecb79b078d7aa0a' ...
### [bt]: Applying algorithm 'run_learner' on problem '0ecb79b078d7aa0a' for job 10188 (seed = 10311) ...
INFO  [00:20:11.263] [mlr3] Applying learner 'xgboost calibrated platt 70' on task 'PhishingWebsites' (iter 8/10)

### [bt]: Job terminated successfully [batchtools job.id=10188]
### [bt]: Starting job [batchtools job.id=10189]
### [bt]: Generating problem instance for problem '0ecb79b078d7aa0a' ...
### [bt]: Applying algorithm 'run_learner' on problem '0ecb79b078d7aa0a' for job 10189 (seed = 10312) ...
INFO  [00:21:06.987] [mlr3] Applying learner 'xgboost calibrated platt 70' on task 'PhishingWebsites' (iter 9/10)

### [bt]: Job terminated successfully [batchtools job.id=10189]
### [bt]: Starting job [batchtools job.id=10190]
### [bt]: Generating problem instance for problem '0ecb79b078d7aa0a' ...
### [bt]: Applying algorithm 'run_learner' on problem '0ecb79b078d7aa0a' for job 10190 (seed = 10313) ...
INFO  [00:22:07.116] [mlr3] Applying learner 'xgboost calibrated platt 70' on task 'PhishingWebsites' (iter 10/10)

### [bt]: Job terminated successfully [batchtools job.id=10190]
### [bt]: Calculation finished!
