### [bt]: This is batchtools v0.9.17
### [bt]: Starting calculation of 1 jobs
### [bt]: Setting working directory to '/content/drive/MyDrive/GitHub/Mater_Thesis_Calibration'
Loading required package: mlr3verse
Loading required package: mlr3

Attaching package: ‘dplyr’

The following object is masked from ‘package:mlr3misc’:

    cross_join

The following objects are masked from ‘package:stats’:

    filter, lag

The following objects are masked from ‘package:base’:

    intersect, setdiff, setequal, union


Attaching package: ‘batchtools’

The following object is masked from ‘package:mlr3misc’:

    chunk

Loading required package: randomForest
randomForest 4.7-1.2
Type rfNews() to see new features/changes/bug fixes.

Attaching package: ‘randomForest’

The following object is masked from ‘package:dplyr’:

    combine

The following object is masked from ‘package:ggplot2’:

    margin

Loading required package: ranger

Attaching package: ‘ranger’

The following object is masked from ‘package:randomForest’:

    importance

Loading required package: palmerpenguins
ece.R :
Friedmann_tasks.R :
Functions.R :
ici.R :
mse_feature_effects.R :
PipeOpCalibration.R :
### [bt]: Memory measurement disabled
### [bt]: Starting job [batchtools job.id=10922]
### [bt]: Generating problem instance for problem 'cfb05fadfc1e266b' ...
### [bt]: Applying algorithm 'run_learner' on problem 'cfb05fadfc1e266b' for job 10922 (seed = 11045) ...
INFO  [15:40:00.386] [mlr3] Applying learner 'ranger calibrated beta cv5' on task 'numerai28.6' (iter 2/10)
Growing trees.. Progress: 10%. Estimated remaining time: 4 minutes, 43 seconds.
Growing trees.. Progress: 20%. Estimated remaining time: 4 minutes, 5 seconds.
Growing trees.. Progress: 30%. Estimated remaining time: 3 minutes, 34 seconds.
Growing trees.. Progress: 40%. Estimated remaining time: 3 minutes, 2 seconds.
Growing trees.. Progress: 51%. Estimated remaining time: 2 minutes, 31 seconds.
Growing trees.. Progress: 61%. Estimated remaining time: 1 minute, 59 seconds.
Growing trees.. Progress: 71%. Estimated remaining time: 1 minute, 27 seconds.
Growing trees.. Progress: 82%. Estimated remaining time: 56 seconds.
Growing trees.. Progress: 87%. Estimated remaining time: 43 seconds.
Growing trees.. Progress: 97%. Estimated remaining time: 9 seconds.
Computing prediction error.. Progress: 87%. Estimated remaining time: 4 seconds.
Growing trees.. Progress: 11%. Estimated remaining time: 4 minutes, 19 seconds.
Growing trees.. Progress: 21%. Estimated remaining time: 3 minutes, 49 seconds.
Growing trees.. Progress: 31%. Estimated remaining time: 3 minutes, 28 seconds.
Growing trees.. Progress: 42%. Estimated remaining time: 2 minutes, 54 seconds.
Growing trees.. Progress: 52%. Estimated remaining time: 2 minutes, 22 seconds.
Growing trees.. Progress: 63%. Estimated remaining time: 1 minute, 50 seconds.
Growing trees.. Progress: 74%. Estimated remaining time: 1 minute, 18 seconds.
Growing trees.. Progress: 84%. Estimated remaining time: 50 seconds.
Growing trees.. Progress: 95%. Estimated remaining time: 17 seconds.
Growing trees.. Progress: 8%. Estimated remaining time: 6 minutes, 15 seconds.
Growing trees.. Progress: 15%. Estimated remaining time: 5 minutes, 44 seconds.
Growing trees.. Progress: 23%. Estimated remaining time: 5 minutes, 18 seconds.
Growing trees.. Progress: 30%. Estimated remaining time: 4 minutes, 50 seconds.
Growing trees.. Progress: 38%. Estimated remaining time: 4 minutes, 17 seconds.
Growing trees.. Progress: 45%. Estimated remaining time: 3 minutes, 45 seconds.
Growing trees.. Progress: 52%. Estimated remaining time: 3 minutes, 23 seconds.
Growing trees.. Progress: 60%. Estimated remaining time: 2 minutes, 50 seconds.
Growing trees.. Progress: 67%. Estimated remaining time: 2 minutes, 21 seconds.
Growing trees.. Progress: 76%. Estimated remaining time: 1 minute, 37 seconds.
Growing trees.. Progress: 78%. Estimated remaining time: 1 minute, 39 seconds.
Growing trees.. Progress: 88%. Estimated remaining time: 49 seconds.
Growing trees.. Progress: 95%. Estimated remaining time: 22 seconds.
Growing trees.. Progress: 9%. Estimated remaining time: 5 minutes, 19 seconds.
Growing trees.. Progress: 17%. Estimated remaining time: 5 minutes, 9 seconds.
Growing trees.. Progress: 25%. Estimated remaining time: 4 minutes, 43 seconds.
Growing trees.. Progress: 33%. Estimated remaining time: 4 minutes, 14 seconds.
Growing trees.. Progress: 41%. Estimated remaining time: 3 minutes, 44 seconds.
Growing trees.. Progress: 47%. Estimated remaining time: 3 minutes, 30 seconds.
