### [bt]: This is batchtools v0.9.17
### [bt]: Starting calculation of 4 jobs
### [bt]: Setting working directory to '/Users/I578045/Desktop/Mater_Thesis_Calibration'
Loading required package: mlr3verse
Loading required package: mlr3

Attaching package: ‘dplyr’

The following object is masked from ‘package:mlr3misc’:

    cross_join

The following objects are masked from ‘package:stats’:

    filter, lag

The following objects are masked from ‘package:base’:

    intersect, setdiff, setequal, union


Attaching package: ‘batchtools’

The following object is masked from ‘package:mlr3misc’:

    chunk

Loading required package: randomForest
randomForest 4.7-1.2
Type rfNews() to see new features/changes/bug fixes.

Attaching package: ‘randomForest’

The following object is masked from ‘package:dplyr’:

    combine

The following object is masked from ‘package:ggplot2’:

    margin

Loading required package: ranger

Attaching package: ‘ranger’

The following object is masked from ‘package:randomForest’:

    importance

Loading required package: palmerpenguins
ece.R :
Friedmann_tasks.R :
Functions.R :
ici.R :
mse_feature_effects.R :
PipeOpCalibration.R :
### [bt]: Memory measurement disabled
### [bt]: Starting job [batchtools job.id=1311]
### [bt]: Generating problem instance for problem '358d8f8187803581' ...
### [bt]: Applying algorithm 'run_learner' on problem '358d8f8187803581' for job 1311 (seed = 1434) ...
INFO  [09:19:44.135] [mlr3] Applying learner 'glmnet calibrated beta cv3' on task 'electricity' (iter 1/10)
Warning: glm.fit: fitted probabilities numerically 0 or 1 occurred
This happened PipeOp classif.glmnet's $train()
Warning: glm.fit: fitted probabilities numerically 0 or 1 occurred
This happened PipeOp classif.glmnet's $train()
Warning: glm.fit: fitted probabilities numerically 0 or 1 occurred
This happened PipeOp classif.glmnet's $train()

### [bt]: Job terminated successfully [batchtools job.id=1311]
### [bt]: Starting job [batchtools job.id=1312]
### [bt]: Generating problem instance for problem '358d8f8187803581' ...
### [bt]: Applying algorithm 'run_learner' on problem '358d8f8187803581' for job 1312 (seed = 1435) ...
INFO  [09:19:45.830] [mlr3] Applying learner 'glmnet calibrated beta cv3' on task 'electricity' (iter 2/10)
Warning: glm.fit: fitted probabilities numerically 0 or 1 occurred
This happened PipeOp classif.glmnet's $train()
Warning: glm.fit: fitted probabilities numerically 0 or 1 occurred
This happened PipeOp classif.glmnet's $train()
Warning: glm.fit: fitted probabilities numerically 0 or 1 occurred
This happened PipeOp classif.glmnet's $train()

### [bt]: Job terminated successfully [batchtools job.id=1312]
### [bt]: Starting job [batchtools job.id=1313]
### [bt]: Generating problem instance for problem '358d8f8187803581' ...
### [bt]: Applying algorithm 'run_learner' on problem '358d8f8187803581' for job 1313 (seed = 1436) ...
INFO  [09:19:46.922] [mlr3] Applying learner 'glmnet calibrated beta cv3' on task 'electricity' (iter 3/10)
Warning: glm.fit: fitted probabilities numerically 0 or 1 occurred
This happened PipeOp classif.glmnet's $train()
Warning: glm.fit: fitted probabilities numerically 0 or 1 occurred
This happened PipeOp classif.glmnet's $train()
Warning: glm.fit: fitted probabilities numerically 0 or 1 occurred
This happened PipeOp classif.glmnet's $train()

### [bt]: Job terminated successfully [batchtools job.id=1313]
### [bt]: Starting job [batchtools job.id=1314]
### [bt]: Generating problem instance for problem '358d8f8187803581' ...
### [bt]: Applying algorithm 'run_learner' on problem '358d8f8187803581' for job 1314 (seed = 1437) ...
INFO  [09:19:47.762] [mlr3] Applying learner 'glmnet calibrated beta cv3' on task 'electricity' (iter 4/10)
Warning: glm.fit: fitted probabilities numerically 0 or 1 occurred
This happened PipeOp classif.glmnet's $train()
Warning: glm.fit: fitted probabilities numerically 0 or 1 occurred
This happened PipeOp classif.glmnet's $train()
Warning: glm.fit: fitted probabilities numerically 0 or 1 occurred
This happened PipeOp classif.glmnet's $train()

### [bt]: Job terminated successfully [batchtools job.id=1314]
### [bt]: Calculation finished!
