### [bt]: This is batchtools v0.9.17
### [bt]: Starting calculation of 1 jobs
### [bt]: Setting working directory to '/content'
### [bt]: Memory measurement disabled
### [bt]: Starting job [batchtools job.id=13618]
### [bt]: Generating problem instance for problem '341ee781c7d79b8f' ...
### [bt]: Applying algorithm 'run_learner' on problem '341ee781c7d79b8f' for job 13618 (seed = 13741) ...
INFO  [14:58:36.467] [mlr3] Applying learner 'nnet calibrated beta union' on task 'wdbc' (iter 8/10)
# weights:  97
initial  value 275.314713 
final  value 267.682256 
converged
# weights:  97
initial  value 281.812974 
final  value 272.830796 
converged
# weights:  97
initial  value 301.582453 
final  value 268.130758 
converged
# weights:  97
initial  value 354.699004 
final  value 272.363995 
converged
# weights:  97
initial  value 317.990332 
final  value 269.251917 
converged
[1] -6.947899
[1] -245.3151

### [bt]: Job terminated successfully [batchtools job.id=13618]
### [bt]: Calculation finished!
