### [bt]: This is batchtools v0.9.17
### [bt]: Starting calculation of 4 jobs
### [bt]: Setting working directory to '/Users/I578045/Desktop/Mater_Thesis_Calibration'
ece.R :
Friedmann_tasks.R :
Functions.R :
ici.R :
mse_feature_effects.R :
PipeOpCalibration.R :
### [bt]: Memory measurement disabled
### [bt]: Starting job [batchtools job.id=2437]
### [bt]: Generating problem instance for problem '358d8f8187803581' ...
### [bt]: Applying algorithm 'run_learner' on problem '358d8f8187803581' for job 2437 (seed = 2560) ...
INFO  [11:01:17.157] [mlr3] Applying learner 'xgboost calibrated beta cv3' on task 'electricity' (iter 7/10)

### [bt]: Job terminated successfully [batchtools job.id=2437]
### [bt]: Starting job [batchtools job.id=2438]
### [bt]: Generating problem instance for problem '358d8f8187803581' ...
### [bt]: Applying algorithm 'run_learner' on problem '358d8f8187803581' for job 2438 (seed = 2561) ...
INFO  [11:08:02.093] [mlr3] Applying learner 'xgboost calibrated beta cv3' on task 'electricity' (iter 8/10)

### [bt]: Job terminated successfully [batchtools job.id=2438]
### [bt]: Starting job [batchtools job.id=2439]
### [bt]: Generating problem instance for problem '358d8f8187803581' ...
### [bt]: Applying algorithm 'run_learner' on problem '358d8f8187803581' for job 2439 (seed = 2562) ...
INFO  [11:14:44.873] [mlr3] Applying learner 'xgboost calibrated beta cv3' on task 'electricity' (iter 9/10)

### [bt]: Job terminated successfully [batchtools job.id=2439]
### [bt]: Starting job [batchtools job.id=2440]
### [bt]: Generating problem instance for problem '358d8f8187803581' ...
### [bt]: Applying algorithm 'run_learner' on problem '358d8f8187803581' for job 2440 (seed = 2563) ...
INFO  [11:21:31.503] [mlr3] Applying learner 'xgboost calibrated beta cv3' on task 'electricity' (iter 10/10)

### [bt]: Job terminated successfully [batchtools job.id=2440]
### [bt]: Calculation finished!
