### [bt]: This is batchtools v0.9.17
### [bt]: Starting calculation of 1 jobs
### [bt]: Setting working directory to '/content'
### [bt]: Memory measurement disabled
### [bt]: Starting job [batchtools job.id=1845]
### [bt]: Generating problem instance for problem '358d8f8187803581' ...
### [bt]: Applying algorithm 'run_learner' on problem '358d8f8187803581' for job 1845 (seed = 1968) ...
INFO  [15:53:22.925] [mlr3] Applying learner 'nnet calibrated isotonic cv3' on task 'electricity' (iter 5/10)
# weights:  46
initial  value 18601.017856 
iter  10 value 16800.442071
iter  20 value 16014.641291
iter  30 value 14579.081490
iter  40 value 13667.771527
iter  50 value 13450.460349
iter  60 value 13277.851951
iter  70 value 13183.842936
iter  80 value 13154.468897
iter  90 value 13121.041971
iter 100 value 13096.069266
final  value 13096.069266 
stopped after 100 iterations
# weights:  46
initial  value 18678.108493 
iter  10 value 16469.146224
iter  20 value 14833.953063
iter  30 value 13648.305866
iter  40 value 13221.727023
iter  50 value 13080.081896
iter  60 value 12941.104236
iter  70 value 12848.300390
iter  80 value 12810.170380
iter  90 value 12782.011809
iter 100 value 12771.116765
final  value 12771.116765 
stopped after 100 iterations
# weights:  46
initial  value 19601.809016 
iter  10 value 16862.545259
iter  20 value 15761.895898
iter  30 value 14625.608961
iter  40 value 13588.221175
iter  50 value 13474.409453
iter  60 value 13383.251751
iter  70 value 13225.246422
iter  80 value 13110.049198
iter  90 value 13024.254578
iter 100 value 12989.314797
final  value 12989.314797 
stopped after 100 iterations

### [bt]: Job terminated successfully [batchtools job.id=1845]
### [bt]: Calculation finished!
