### [bt]: This is batchtools v0.9.17
### [bt]: Starting calculation of 5 jobs
### [bt]: Setting working directory to '/Users/I578045/Desktop/Mater_Thesis_Calibration'
ece.R :
Friedmann_tasks.R :
Functions.R :
ici.R :
mse_feature_effects.R :
PipeOpCalibration.R :
### [bt]: Memory measurement disabled
### [bt]: Starting job [batchtools job.id=1296]
### [bt]: Generating problem instance for problem '358d8f8187803581' ...
### [bt]: Applying algorithm 'run_learner' on problem '358d8f8187803581' for job 1296 (seed = 1419) ...
INFO  [15:31:23.890] [mlr3] Applying learner 'glmnet calibrated beta 80' on task 'electricity' (iter 6/10)

### [bt]: Job terminated successfully [batchtools job.id=1296]
### [bt]: Starting job [batchtools job.id=1297]
### [bt]: Generating problem instance for problem '358d8f8187803581' ...
### [bt]: Applying algorithm 'run_learner' on problem '358d8f8187803581' for job 1297 (seed = 1420) ...
INFO  [15:31:24.132] [mlr3] Applying learner 'glmnet calibrated beta 80' on task 'electricity' (iter 7/10)
Warning: glm.fit: fitted probabilities numerically 0 or 1 occurred
This happened PipeOp classif.glmnet's $train()

### [bt]: Job terminated successfully [batchtools job.id=1297]
### [bt]: Starting job [batchtools job.id=1298]
### [bt]: Generating problem instance for problem '358d8f8187803581' ...
### [bt]: Applying algorithm 'run_learner' on problem '358d8f8187803581' for job 1298 (seed = 1421) ...
INFO  [15:31:24.417] [mlr3] Applying learner 'glmnet calibrated beta 80' on task 'electricity' (iter 8/10)
Warning: glm.fit: fitted probabilities numerically 0 or 1 occurred
This happened PipeOp classif.glmnet's $train()

### [bt]: Job terminated successfully [batchtools job.id=1298]
### [bt]: Starting job [batchtools job.id=1299]
### [bt]: Generating problem instance for problem '358d8f8187803581' ...
### [bt]: Applying algorithm 'run_learner' on problem '358d8f8187803581' for job 1299 (seed = 1422) ...
INFO  [15:31:24.654] [mlr3] Applying learner 'glmnet calibrated beta 80' on task 'electricity' (iter 9/10)
Warning: glm.fit: fitted probabilities numerically 0 or 1 occurred
This happened PipeOp classif.glmnet's $train()

### [bt]: Job terminated successfully [batchtools job.id=1299]
### [bt]: Starting job [batchtools job.id=1300]
### [bt]: Generating problem instance for problem '358d8f8187803581' ...
### [bt]: Applying algorithm 'run_learner' on problem '358d8f8187803581' for job 1300 (seed = 1423) ...
INFO  [15:31:24.884] [mlr3] Applying learner 'glmnet calibrated beta 80' on task 'electricity' (iter 10/10)
Warning: glm.fit: fitted probabilities numerically 0 or 1 occurred
This happened PipeOp classif.glmnet's $train()

### [bt]: Job terminated successfully [batchtools job.id=1300]
### [bt]: Calculation finished!
