### [bt]: This is batchtools v0.9.17
### [bt]: Starting calculation of 5 jobs
### [bt]: Setting working directory to '/Users/adrian/Desktop/Mater_Thesis_Calibration'
ece.R :
Friedmann_tasks.R :
Functions.R :
ici.R :
mse_feature_effects.R :
PipeOpCalibration.R :
### [bt]: Memory measurement disabled
### [bt]: Starting job [batchtools job.id=2566]
### [bt]: Generating problem instance for problem 'b541340d6c2eb21d' ...
### [bt]: Applying algorithm 'run_learner' on problem 'b541340d6c2eb21d' for job 2566 (seed = 2689) ...
INFO  [13:37:57.612] [mlr3] Applying learner 'glmnet calibrated beta 70' on task 'kc1' (iter 6/10)

### [bt]: Job terminated successfully [batchtools job.id=2566]
### [bt]: Starting job [batchtools job.id=2567]
### [bt]: Generating problem instance for problem 'b541340d6c2eb21d' ...
### [bt]: Applying algorithm 'run_learner' on problem 'b541340d6c2eb21d' for job 2567 (seed = 2690) ...
INFO  [13:37:57.809] [mlr3] Applying learner 'glmnet calibrated beta 70' on task 'kc1' (iter 7/10)

### [bt]: Job terminated successfully [batchtools job.id=2567]
### [bt]: Starting job [batchtools job.id=2568]
### [bt]: Generating problem instance for problem 'b541340d6c2eb21d' ...
### [bt]: Applying algorithm 'run_learner' on problem 'b541340d6c2eb21d' for job 2568 (seed = 2691) ...
INFO  [13:37:58.115] [mlr3] Applying learner 'glmnet calibrated beta 70' on task 'kc1' (iter 8/10)

### [bt]: Job terminated successfully [batchtools job.id=2568]
### [bt]: Starting job [batchtools job.id=2569]
### [bt]: Generating problem instance for problem 'b541340d6c2eb21d' ...
### [bt]: Applying algorithm 'run_learner' on problem 'b541340d6c2eb21d' for job 2569 (seed = 2692) ...
INFO  [13:38:02.842] [mlr3] Applying learner 'glmnet calibrated beta 70' on task 'kc1' (iter 9/10)

### [bt]: Job terminated successfully [batchtools job.id=2569]
### [bt]: Starting job [batchtools job.id=2570]
### [bt]: Generating problem instance for problem 'b541340d6c2eb21d' ...
### [bt]: Applying algorithm 'run_learner' on problem 'b541340d6c2eb21d' for job 2570 (seed = 2693) ...
INFO  [13:38:04.194] [mlr3] Applying learner 'glmnet calibrated beta 70' on task 'kc1' (iter 10/10)

### [bt]: Job terminated successfully [batchtools job.id=2570]
### [bt]: Calculation finished!
