### [bt]: This is batchtools v0.9.17
### [bt]: Starting calculation of 5 jobs
### [bt]: Setting working directory to '/Users/adrian/Desktop/Mater_Thesis_Calibration'
ece.R :
Friedmann_tasks.R :
Functions.R :
ici.R :
mse_feature_effects.R :
PipeOpCalibration.R :
### [bt]: Memory measurement disabled
### [bt]: Starting job [batchtools job.id=9051]
### [bt]: Generating problem instance for problem '0ecb79b078d7aa0a' ...
### [bt]: Applying algorithm 'run_learner' on problem '0ecb79b078d7aa0a' for job 9051 (seed = 9174) ...
INFO  [17:10:35.149] [mlr3] Applying learner 'glmnet calibrated isotonic cv5' on task 'PhishingWebsites' (iter 1/10)

### [bt]: Job terminated successfully [batchtools job.id=9051]
### [bt]: Starting job [batchtools job.id=9052]
### [bt]: Generating problem instance for problem '0ecb79b078d7aa0a' ...
### [bt]: Applying algorithm 'run_learner' on problem '0ecb79b078d7aa0a' for job 9052 (seed = 9175) ...
INFO  [17:10:42.878] [mlr3] Applying learner 'glmnet calibrated isotonic cv5' on task 'PhishingWebsites' (iter 2/10)

### [bt]: Job terminated successfully [batchtools job.id=9052]
### [bt]: Starting job [batchtools job.id=9053]
### [bt]: Generating problem instance for problem '0ecb79b078d7aa0a' ...
### [bt]: Applying algorithm 'run_learner' on problem '0ecb79b078d7aa0a' for job 9053 (seed = 9176) ...
INFO  [17:10:47.212] [mlr3] Applying learner 'glmnet calibrated isotonic cv5' on task 'PhishingWebsites' (iter 3/10)

### [bt]: Job terminated successfully [batchtools job.id=9053]
### [bt]: Starting job [batchtools job.id=9054]
### [bt]: Generating problem instance for problem '0ecb79b078d7aa0a' ...
### [bt]: Applying algorithm 'run_learner' on problem '0ecb79b078d7aa0a' for job 9054 (seed = 9177) ...
INFO  [17:10:51.346] [mlr3] Applying learner 'glmnet calibrated isotonic cv5' on task 'PhishingWebsites' (iter 4/10)

### [bt]: Job terminated successfully [batchtools job.id=9054]
### [bt]: Starting job [batchtools job.id=9055]
### [bt]: Generating problem instance for problem '0ecb79b078d7aa0a' ...
### [bt]: Applying algorithm 'run_learner' on problem '0ecb79b078d7aa0a' for job 9055 (seed = 9178) ...
INFO  [17:10:55.503] [mlr3] Applying learner 'glmnet calibrated isotonic cv5' on task 'PhishingWebsites' (iter 5/10)

### [bt]: Job terminated successfully [batchtools job.id=9055]
### [bt]: Calculation finished!
