### [bt]: This is batchtools v0.9.17
### [bt]: Starting calculation of 1 jobs
### [bt]: Setting working directory to '/content'
### [bt]: Memory measurement disabled
### [bt]: Starting job [batchtools job.id=8352]
### [bt]: Generating problem instance for problem '22f4988139232849' ...
### [bt]: Applying algorithm 'run_learner' on problem '22f4988139232849' for job 8352 (seed = 8475) ...
INFO  [19:42:40.640] [mlr3] Applying learner 'ranger calibrated beta cv3' on task 'nomao' (iter 2/10)
Growing trees.. Progress: 68%. Estimated remaining time: 14 seconds.
Growing trees.. Progress: 45%. Estimated remaining time: 37 seconds.
Growing trees.. Progress: 90%. Estimated remaining time: 6 seconds.
Growing trees.. Progress: 48%. Estimated remaining time: 33 seconds.
Growing trees.. Progress: 97%. Estimated remaining time: 1 seconds.
Warning: glm.fit: fitted probabilities numerically 0 or 1 occurred
This happened PipeOp classif.ranger's $train()
[1] -28.39184
[1] 80.11312
Warning: glm.fit: fitted probabilities numerically 0 or 1 occurred
This happened PipeOp classif.ranger's $train()
[1] -45.21618
[1] 62.49448
Warning: glm.fit: fitted probabilities numerically 0 or 1 occurred
This happened PipeOp classif.ranger's $train()
[1] -52.97491
[1] 46.83007

### [bt]: Job terminated successfully [batchtools job.id=8352]
### [bt]: Calculation finished!
