### [bt]: This is batchtools v0.9.17
### [bt]: Starting calculation of 5 jobs
### [bt]: Setting working directory to '/Users/adrian/Desktop/Mater_Thesis_Calibration'
### [bt]: Memory measurement disabled
### [bt]: Starting job [batchtools job.id=891]
### [bt]: Generating problem instance for problem '1bd472785c2444ba' ...
### [bt]: Applying algorithm 'run_learner' on problem '1bd472785c2444ba' for job 891 (seed = 892) ...
INFO  [11:28:42.324] [mlr3] Applying learner 'ranger calibrated platt cv_5' on task 'wdbc' (iter 1/10)

### [bt]: Job terminated successfully [batchtools job.id=891]
### [bt]: Starting job [batchtools job.id=892]
### [bt]: Generating problem instance for problem '1bd472785c2444ba' ...
### [bt]: Applying algorithm 'run_learner' on problem '1bd472785c2444ba' for job 892 (seed = 893) ...
INFO  [11:28:46.651] [mlr3] Applying learner 'ranger calibrated platt cv_5' on task 'wdbc' (iter 2/10)

### [bt]: Job terminated successfully [batchtools job.id=892]
### [bt]: Starting job [batchtools job.id=893]
### [bt]: Generating problem instance for problem '1bd472785c2444ba' ...
### [bt]: Applying algorithm 'run_learner' on problem '1bd472785c2444ba' for job 893 (seed = 894) ...
INFO  [11:28:49.684] [mlr3] Applying learner 'ranger calibrated platt cv_5' on task 'wdbc' (iter 3/10)

### [bt]: Job terminated successfully [batchtools job.id=893]
### [bt]: Starting job [batchtools job.id=894]
### [bt]: Generating problem instance for problem '1bd472785c2444ba' ...
### [bt]: Applying algorithm 'run_learner' on problem '1bd472785c2444ba' for job 894 (seed = 895) ...
INFO  [11:28:52.552] [mlr3] Applying learner 'ranger calibrated platt cv_5' on task 'wdbc' (iter 4/10)
Warning: glm.fit: fitted probabilities numerically 0 or 1 occurred
This happened PipeOp classif.ranger's $train()
Warning: glm.fit: algorithm did not converge
This happened PipeOp classif.ranger's $train()
Warning: glm.fit: fitted probabilities numerically 0 or 1 occurred
This happened PipeOp classif.ranger's $train()

### [bt]: Job terminated successfully [batchtools job.id=894]
### [bt]: Starting job [batchtools job.id=895]
### [bt]: Generating problem instance for problem '1bd472785c2444ba' ...
### [bt]: Applying algorithm 'run_learner' on problem '1bd472785c2444ba' for job 895 (seed = 896) ...
INFO  [11:28:55.660] [mlr3] Applying learner 'ranger calibrated platt cv_5' on task 'wdbc' (iter 5/10)

### [bt]: Job terminated successfully [batchtools job.id=895]
### [bt]: Calculation finished!
