### [bt]: This is batchtools v0.9.17
### [bt]: Starting calculation of 5 jobs
### [bt]: Setting working directory to '/Users/adrian/Desktop/Mater_Thesis_Calibration'
ece.R :
Friedmann_tasks.R :
Functions.R :
ici.R :
mse_feature_effects.R :
PipeOpCalibration.R :
### [bt]: Memory measurement disabled
### [bt]: Starting job [batchtools job.id=416]
### [bt]: Generating problem instance for problem '563768ad2e048da7' ...
### [bt]: Applying algorithm 'run_learner' on problem '563768ad2e048da7' for job 416 (seed = 539) ...
INFO  [12:41:49.211] [mlr3] Applying learner 'naive_bayes calibrated isotonic cv5' on task 'credit-g' (iter 6/10)

### [bt]: Job terminated successfully [batchtools job.id=416]
### [bt]: Starting job [batchtools job.id=417]
### [bt]: Generating problem instance for problem '563768ad2e048da7' ...
### [bt]: Applying algorithm 'run_learner' on problem '563768ad2e048da7' for job 417 (seed = 540) ...
INFO  [12:41:49.895] [mlr3] Applying learner 'naive_bayes calibrated isotonic cv5' on task 'credit-g' (iter 7/10)

### [bt]: Job terminated successfully [batchtools job.id=417]
### [bt]: Starting job [batchtools job.id=418]
### [bt]: Generating problem instance for problem '563768ad2e048da7' ...
### [bt]: Applying algorithm 'run_learner' on problem '563768ad2e048da7' for job 418 (seed = 541) ...
INFO  [12:41:52.925] [mlr3] Applying learner 'naive_bayes calibrated isotonic cv5' on task 'credit-g' (iter 8/10)

### [bt]: Job terminated successfully [batchtools job.id=418]
### [bt]: Starting job [batchtools job.id=419]
### [bt]: Generating problem instance for problem '563768ad2e048da7' ...
### [bt]: Applying algorithm 'run_learner' on problem '563768ad2e048da7' for job 419 (seed = 542) ...
INFO  [12:41:54.470] [mlr3] Applying learner 'naive_bayes calibrated isotonic cv5' on task 'credit-g' (iter 9/10)

### [bt]: Job terminated successfully [batchtools job.id=419]
### [bt]: Starting job [batchtools job.id=420]
### [bt]: Generating problem instance for problem '563768ad2e048da7' ...
### [bt]: Applying algorithm 'run_learner' on problem '563768ad2e048da7' for job 420 (seed = 543) ...
INFO  [12:41:55.787] [mlr3] Applying learner 'naive_bayes calibrated isotonic cv5' on task 'credit-g' (iter 10/10)

### [bt]: Job terminated successfully [batchtools job.id=420]
### [bt]: Calculation finished!
