### [bt]: This is batchtools v0.9.17
### [bt]: Starting calculation of 5 jobs
### [bt]: Setting working directory to '/Users/adrian/Desktop/Mater_Thesis_Calibration'
ece.R :
Friedmann_tasks.R :
Functions.R :
ici.R :
mse_feature_effects.R :
PipeOpCalibration.R :
### [bt]: Memory measurement disabled
### [bt]: Starting job [batchtools job.id=10841]
### [bt]: Generating problem instance for problem 'cfb05fadfc1e266b' ...
### [bt]: Applying algorithm 'run_learner' on problem 'cfb05fadfc1e266b' for job 10841 (seed = 10964) ...
INFO  [12:25:54.739] [mlr3] Applying learner 'nnet calibrated platt 90' on task 'numerai28.6' (iter 1/10)
# weights:  70
initial  value 54530.820960 
iter  10 value 53981.898457
iter  20 value 53936.041944
iter  30 value 53909.909344
iter  40 value 53888.481431
iter  50 value 53882.274754
iter  60 value 53869.117583
iter  70 value 53862.810844
iter  80 value 53857.540814
iter  90 value 53853.000060
iter 100 value 53848.781106
final  value 53848.781106 
stopped after 100 iterations

### [bt]: Job terminated successfully [batchtools job.id=10841]
### [bt]: Starting job [batchtools job.id=10842]
### [bt]: Generating problem instance for problem 'cfb05fadfc1e266b' ...
### [bt]: Applying algorithm 'run_learner' on problem 'cfb05fadfc1e266b' for job 10842 (seed = 10965) ...
INFO  [12:26:00.270] [mlr3] Applying learner 'nnet calibrated platt 90' on task 'numerai28.6' (iter 2/10)
# weights:  70
initial  value 54237.828997 
iter  10 value 53971.938559
iter  20 value 53943.444284
iter  30 value 53941.002274
iter  40 value 53931.049795
iter  50 value 53896.872815
iter  60 value 53884.380625
iter  70 value 53877.764502
iter  80 value 53873.478984
iter  90 value 53866.519535
iter 100 value 53860.139288
final  value 53860.139288 
stopped after 100 iterations

### [bt]: Job terminated successfully [batchtools job.id=10842]
### [bt]: Starting job [batchtools job.id=10843]
### [bt]: Generating problem instance for problem 'cfb05fadfc1e266b' ...
### [bt]: Applying algorithm 'run_learner' on problem 'cfb05fadfc1e266b' for job 10843 (seed = 10966) ...
INFO  [12:26:05.414] [mlr3] Applying learner 'nnet calibrated platt 90' on task 'numerai28.6' (iter 3/10)
# weights:  70
initial  value 58203.031423 
iter  10 value 53995.102407
iter  20 value 53937.620938
iter  30 value 53917.245624
iter  40 value 53907.401120
iter  50 value 53902.402150
iter  60 value 53896.637224
iter  70 value 53893.278609
iter  80 value 53891.594755
iter  90 value 53887.648600
iter 100 value 53885.932252
final  value 53885.932252 
stopped after 100 iterations

### [bt]: Job terminated successfully [batchtools job.id=10843]
### [bt]: Starting job [batchtools job.id=10844]
### [bt]: Generating problem instance for problem 'cfb05fadfc1e266b' ...
### [bt]: Applying algorithm 'run_learner' on problem 'cfb05fadfc1e266b' for job 10844 (seed = 10967) ...
INFO  [12:26:10.467] [mlr3] Applying learner 'nnet calibrated platt 90' on task 'numerai28.6' (iter 4/10)
# weights:  70
initial  value 56285.583996 
iter  10 value 54007.792568
iter  20 value 53940.115851
iter  30 value 53919.798059
iter  40 value 53915.982844
iter  50 value 53913.765035
iter  60 value 53913.160571
iter  70 value 53912.207163
iter  80 value 53908.950959
iter  90 value 53902.584418
iter 100 value 53887.870813
final  value 53887.870813 
stopped after 100 iterations

### [bt]: Job terminated successfully [batchtools job.id=10844]
### [bt]: Starting job [batchtools job.id=10845]
### [bt]: Generating problem instance for problem 'cfb05fadfc1e266b' ...
### [bt]: Applying algorithm 'run_learner' on problem 'cfb05fadfc1e266b' for job 10845 (seed = 10968) ...
INFO  [12:26:15.947] [mlr3] Applying learner 'nnet calibrated platt 90' on task 'numerai28.6' (iter 5/10)
# weights:  70
initial  value 56790.260229 
iter  10 value 54045.806451
iter  20 value 53970.174987
iter  30 value 53952.362604
iter  40 value 53935.984812
iter  50 value 53926.064777
iter  60 value 53921.115772
iter  70 value 53915.127716
iter  80 value 53909.282318
iter  90 value 53903.797227
iter 100 value 53902.621589
final  value 53902.621589 
stopped after 100 iterations

### [bt]: Job terminated successfully [batchtools job.id=10845]
### [bt]: Calculation finished!
