### [bt]: This is batchtools v0.9.17
### [bt]: Starting calculation of 1 jobs
### [bt]: Setting working directory to '/content'
### [bt]: Memory measurement disabled
### [bt]: Starting job [batchtools job.id=1902]
### [bt]: Generating problem instance for problem '358d8f8187803581' ...
### [bt]: Applying algorithm 'run_learner' on problem '358d8f8187803581' for job 1902 (seed = 2025) ...
INFO  [15:53:42.323] [mlr3] Applying learner 'nnet calibrated platt cv5' on task 'electricity' (iter 2/10)
# weights:  46
initial  value 22337.378006 
iter  10 value 20099.066058
iter  20 value 17695.694961
iter  30 value 16693.558787
iter  40 value 15849.677577
iter  50 value 15709.528319
iter  60 value 15690.299148
iter  70 value 15684.560084
iter  80 value 15681.469773
iter  90 value 15676.107660
iter 100 value 15675.285214
final  value 15675.285214 
stopped after 100 iterations
# weights:  46
initial  value 22248.324144 
iter  10 value 20183.346656
iter  20 value 18928.584232
iter  30 value 16893.252661
iter  40 value 16229.000101
iter  50 value 15963.421157
iter  60 value 15861.704878
iter  70 value 15824.705673
iter  80 value 15812.915625
iter  90 value 15802.606262
iter 100 value 15794.571939
final  value 15794.571939 
stopped after 100 iterations
# weights:  46
initial  value 23114.597536 
iter  10 value 20721.032150
iter  20 value 19258.045722
iter  30 value 16810.563920
iter  40 value 16347.714349
iter  50 value 16088.500251
iter  60 value 15925.088793
iter  70 value 15850.034690
iter  80 value 15819.286133
iter  90 value 15816.550446
iter 100 value 15784.741261
final  value 15784.741261 
stopped after 100 iterations
# weights:  46
initial  value 27928.377481 
iter  10 value 20413.544291
iter  20 value 19670.880112
iter  30 value 18354.618456
iter  40 value 16630.617158
iter  50 value 15691.337169
iter  60 value 15461.489177
iter  70 value 15390.710643
iter  80 value 15342.815438
iter  90 value 15312.267751
iter 100 value 15305.775729
final  value 15305.775729 
stopped after 100 iterations
# weights:  46
initial  value 22343.361328 
iter  10 value 20972.274401
iter  20 value 19462.566220
iter  30 value 16162.931621
iter  40 value 15958.647284
iter  50 value 15832.261441
iter  60 value 15768.190238
iter  70 value 15758.126349
iter  80 value 15753.564220
iter  90 value 15708.902702
iter 100 value 15577.265527
final  value 15577.265527 
stopped after 100 iterations

### [bt]: Job terminated successfully [batchtools job.id=1902]
### [bt]: Calculation finished!
