### [bt]: This is batchtools v0.9.17
### [bt]: Starting calculation of 5 jobs
### [bt]: Setting working directory to '/Users/adrian/Desktop/Mater_Thesis_Calibration'
ece.R :
Friedmann_tasks.R :
Functions.R :
ici.R :
mse_feature_effects.R :
PipeOpCalibration.R :
### [bt]: Memory measurement disabled
### [bt]: Starting job [batchtools job.id=7441]
### [bt]: Generating problem instance for problem 'c27a1cbf9c91424a' ...
### [bt]: Applying algorithm 'run_learner' on problem 'c27a1cbf9c91424a' for job 7441 (seed = 7564) ...
INFO  [18:22:34.526] [mlr3] Applying learner 'svm calibrated isotonic cv3' on task 'ilpd' (iter 1/10)

### [bt]: Job terminated successfully [batchtools job.id=7441]
### [bt]: Starting job [batchtools job.id=7442]
### [bt]: Generating problem instance for problem 'c27a1cbf9c91424a' ...
### [bt]: Applying algorithm 'run_learner' on problem 'c27a1cbf9c91424a' for job 7442 (seed = 7565) ...
INFO  [18:22:42.371] [mlr3] Applying learner 'svm calibrated isotonic cv3' on task 'ilpd' (iter 2/10)

### [bt]: Job terminated successfully [batchtools job.id=7442]
### [bt]: Starting job [batchtools job.id=7443]
### [bt]: Generating problem instance for problem 'c27a1cbf9c91424a' ...
### [bt]: Applying algorithm 'run_learner' on problem 'c27a1cbf9c91424a' for job 7443 (seed = 7566) ...
INFO  [18:22:44.926] [mlr3] Applying learner 'svm calibrated isotonic cv3' on task 'ilpd' (iter 3/10)

### [bt]: Job terminated successfully [batchtools job.id=7443]
### [bt]: Starting job [batchtools job.id=7444]
### [bt]: Generating problem instance for problem 'c27a1cbf9c91424a' ...
### [bt]: Applying algorithm 'run_learner' on problem 'c27a1cbf9c91424a' for job 7444 (seed = 7567) ...
INFO  [18:22:45.656] [mlr3] Applying learner 'svm calibrated isotonic cv3' on task 'ilpd' (iter 4/10)

### [bt]: Job terminated successfully [batchtools job.id=7444]
### [bt]: Starting job [batchtools job.id=7445]
### [bt]: Generating problem instance for problem 'c27a1cbf9c91424a' ...
### [bt]: Applying algorithm 'run_learner' on problem 'c27a1cbf9c91424a' for job 7445 (seed = 7568) ...
INFO  [18:22:49.909] [mlr3] Applying learner 'svm calibrated isotonic cv3' on task 'ilpd' (iter 5/10)

### [bt]: Job terminated successfully [batchtools job.id=7445]
### [bt]: Calculation finished!
