### [bt]: This is batchtools v0.9.17
### [bt]: Starting calculation of 5 jobs
### [bt]: Setting working directory to '/Users/adrian/Desktop/Mater_Thesis_Calibration'
ece.R :
Friedmann_tasks.R :
Functions.R :
ici.R :
mse_feature_effects.R :
PipeOpCalibration.R :
### [bt]: Memory measurement disabled
### [bt]: Starting job [batchtools job.id=7371]
### [bt]: Generating problem instance for problem 'c27a1cbf9c91424a' ...
### [bt]: Applying algorithm 'run_learner' on problem 'c27a1cbf9c91424a' for job 7371 (seed = 7494) ...
INFO  [18:19:34.039] [mlr3] Applying learner 'svm calibrated beta 80' on task 'ilpd' (iter 1/10)

### [bt]: Job terminated successfully [batchtools job.id=7371]
### [bt]: Starting job [batchtools job.id=7372]
### [bt]: Generating problem instance for problem 'c27a1cbf9c91424a' ...
### [bt]: Applying algorithm 'run_learner' on problem 'c27a1cbf9c91424a' for job 7372 (seed = 7495) ...
INFO  [18:19:34.404] [mlr3] Applying learner 'svm calibrated beta 80' on task 'ilpd' (iter 2/10)

### [bt]: Job terminated successfully [batchtools job.id=7372]
### [bt]: Starting job [batchtools job.id=7373]
### [bt]: Generating problem instance for problem 'c27a1cbf9c91424a' ...
### [bt]: Applying algorithm 'run_learner' on problem 'c27a1cbf9c91424a' for job 7373 (seed = 7496) ...
INFO  [18:19:39.952] [mlr3] Applying learner 'svm calibrated beta 80' on task 'ilpd' (iter 3/10)

### [bt]: Job terminated successfully [batchtools job.id=7373]
### [bt]: Starting job [batchtools job.id=7374]
### [bt]: Generating problem instance for problem 'c27a1cbf9c91424a' ...
### [bt]: Applying algorithm 'run_learner' on problem 'c27a1cbf9c91424a' for job 7374 (seed = 7497) ...
INFO  [18:19:40.244] [mlr3] Applying learner 'svm calibrated beta 80' on task 'ilpd' (iter 4/10)

### [bt]: Job terminated successfully [batchtools job.id=7374]
### [bt]: Starting job [batchtools job.id=7375]
### [bt]: Generating problem instance for problem 'c27a1cbf9c91424a' ...
### [bt]: Applying algorithm 'run_learner' on problem 'c27a1cbf9c91424a' for job 7375 (seed = 7498) ...
INFO  [18:19:40.514] [mlr3] Applying learner 'svm calibrated beta 80' on task 'ilpd' (iter 5/10)

### [bt]: Job terminated successfully [batchtools job.id=7375]
### [bt]: Calculation finished!
