### [bt]: This is batchtools v0.9.17
### [bt]: Starting calculation of 1 jobs
### [bt]: Setting working directory to '/content'
### [bt]: Memory measurement disabled
### [bt]: Starting job [batchtools job.id=8236]
### [bt]: Generating problem instance for problem '22f4988139232849' ...
### [bt]: Applying algorithm 'run_learner' on problem '22f4988139232849' for job 8236 (seed = 8359) ...
INFO  [16:29:10.121] [mlr3] Applying learner 'nnet calibrated isotonic 90' on task 'nomao' (iter 6/10)
# weights:  442
initial  value 17359.322686 
iter  10 value 8613.730530
iter  20 value 6652.058275
iter  30 value 5671.042668
iter  40 value 5004.599558
iter  50 value 4279.691819
iter  60 value 3682.330406
iter  70 value 3349.233555
iter  80 value 3147.250948
iter  90 value 3004.155144
iter 100 value 2926.580251
final  value 2926.580251 
stopped after 100 iterations

### [bt]: Job terminated successfully [batchtools job.id=8236]
### [bt]: Calculation finished!
