### [bt]: This is batchtools v0.9.17
### [bt]: Starting calculation of 5 jobs
### [bt]: Setting working directory to '/Users/I578045/Desktop/Mater_Thesis_Calibration'
ece.R :
Friedmann_tasks.R :
Functions.R :
ici.R :
mse_feature_effects.R :
PipeOpCalibration.R :
### [bt]: Memory measurement disabled
### [bt]: Starting job [batchtools job.id=2181]
### [bt]: Generating problem instance for problem '358d8f8187803581' ...
### [bt]: Applying algorithm 'run_learner' on problem '358d8f8187803581' for job 2181 (seed = 2304) ...
INFO  [16:21:36.277] [mlr3] Applying learner 'rpart calibrated platt 70' on task 'electricity' (iter 1/10)

### [bt]: Job terminated successfully [batchtools job.id=2181]
### [bt]: Starting job [batchtools job.id=2182]
### [bt]: Generating problem instance for problem '358d8f8187803581' ...
### [bt]: Applying algorithm 'run_learner' on problem '358d8f8187803581' for job 2182 (seed = 2305) ...
INFO  [16:21:36.505] [mlr3] Applying learner 'rpart calibrated platt 70' on task 'electricity' (iter 2/10)

### [bt]: Job terminated successfully [batchtools job.id=2182]
### [bt]: Starting job [batchtools job.id=2183]
### [bt]: Generating problem instance for problem '358d8f8187803581' ...
### [bt]: Applying algorithm 'run_learner' on problem '358d8f8187803581' for job 2183 (seed = 2306) ...
INFO  [16:21:36.773] [mlr3] Applying learner 'rpart calibrated platt 70' on task 'electricity' (iter 3/10)

### [bt]: Job terminated successfully [batchtools job.id=2183]
### [bt]: Starting job [batchtools job.id=2184]
### [bt]: Generating problem instance for problem '358d8f8187803581' ...
### [bt]: Applying algorithm 'run_learner' on problem '358d8f8187803581' for job 2184 (seed = 2307) ...
INFO  [16:21:36.998] [mlr3] Applying learner 'rpart calibrated platt 70' on task 'electricity' (iter 4/10)

### [bt]: Job terminated successfully [batchtools job.id=2184]
### [bt]: Starting job [batchtools job.id=2185]
### [bt]: Generating problem instance for problem '358d8f8187803581' ...
### [bt]: Applying algorithm 'run_learner' on problem '358d8f8187803581' for job 2185 (seed = 2308) ...
INFO  [16:21:37.236] [mlr3] Applying learner 'rpart calibrated platt 70' on task 'electricity' (iter 5/10)

### [bt]: Job terminated successfully [batchtools job.id=2185]
### [bt]: Calculation finished!
