### [bt]: This is batchtools v0.9.17
### [bt]: Starting calculation of 1 jobs
### [bt]: Setting working directory to '/content'
### [bt]: Memory measurement disabled
### [bt]: Starting job [batchtools job.id=5757]
### [bt]: Generating problem instance for problem 'a6b2cabd9f84c607' ...
### [bt]: Applying algorithm 'run_learner' on problem 'a6b2cabd9f84c607' for job 5757 (seed = 5880) ...
INFO  [14:26:59.482] [mlr3] Applying learner 'nnet uncalibrated' on task 'phoneme' (iter 7/10)
# weights:  22
initial  value 3326.436147 
iter  10 value 2295.413657
iter  20 value 2182.920363
iter  30 value 2115.769030
iter  40 value 2037.473839
iter  50 value 1994.794187
iter  60 value 1927.518750
iter  70 value 1898.403533
iter  80 value 1887.356200
iter  90 value 1884.818186
iter 100 value 1884.319913
final  value 1884.319913 
stopped after 100 iterations

### [bt]: Job terminated successfully [batchtools job.id=5757]
### [bt]: Calculation finished!
