### [bt]: This is batchtools v0.9.17
### [bt]: Starting calculation of 5 jobs
### [bt]: Setting working directory to '/Users/adrian/Desktop/Mater_Thesis_Calibration'
ece.R :
Friedmann_tasks.R :
Functions.R :
ici.R :
mse_feature_effects.R :
PipeOpCalibration.R :
### [bt]: Memory measurement disabled
### [bt]: Starting job [batchtools job.id=3811]
### [bt]: Generating problem instance for problem 'b541340d6c2eb21d' ...
### [bt]: Applying algorithm 'run_learner' on problem 'b541340d6c2eb21d' for job 3811 (seed = 3934) ...
INFO  [14:47:00.241] [mlr3] Applying learner 'xgboost calibrated platt cv3' on task 'kc1' (iter 1/10)

### [bt]: Job terminated successfully [batchtools job.id=3811]
### [bt]: Starting job [batchtools job.id=3812]
### [bt]: Generating problem instance for problem 'b541340d6c2eb21d' ...
### [bt]: Applying algorithm 'run_learner' on problem 'b541340d6c2eb21d' for job 3812 (seed = 3935) ...
INFO  [14:47:17.398] [mlr3] Applying learner 'xgboost calibrated platt cv3' on task 'kc1' (iter 2/10)

### [bt]: Job terminated successfully [batchtools job.id=3812]
### [bt]: Starting job [batchtools job.id=3813]
### [bt]: Generating problem instance for problem 'b541340d6c2eb21d' ...
### [bt]: Applying algorithm 'run_learner' on problem 'b541340d6c2eb21d' for job 3813 (seed = 3936) ...
INFO  [14:47:31.934] [mlr3] Applying learner 'xgboost calibrated platt cv3' on task 'kc1' (iter 3/10)

### [bt]: Job terminated successfully [batchtools job.id=3813]
### [bt]: Starting job [batchtools job.id=3814]
### [bt]: Generating problem instance for problem 'b541340d6c2eb21d' ...
### [bt]: Applying algorithm 'run_learner' on problem 'b541340d6c2eb21d' for job 3814 (seed = 3937) ...
INFO  [14:47:46.691] [mlr3] Applying learner 'xgboost calibrated platt cv3' on task 'kc1' (iter 4/10)

### [bt]: Job terminated successfully [batchtools job.id=3814]
### [bt]: Starting job [batchtools job.id=3815]
### [bt]: Generating problem instance for problem 'b541340d6c2eb21d' ...
### [bt]: Applying algorithm 'run_learner' on problem 'b541340d6c2eb21d' for job 3815 (seed = 3938) ...
INFO  [14:48:01.370] [mlr3] Applying learner 'xgboost calibrated platt cv3' on task 'kc1' (iter 5/10)

### [bt]: Job terminated successfully [batchtools job.id=3815]
### [bt]: Calculation finished!
