### [bt]: This is batchtools v0.9.17
### [bt]: Starting calculation of 5 jobs
### [bt]: Setting working directory to '/Users/adrian/Desktop/Mater_Thesis_Calibration'
ece.R :
Friedmann_tasks.R :
Functions.R :
ici.R :
mse_feature_effects.R :
PipeOpCalibration.R :
### [bt]: Memory measurement disabled
### [bt]: Starting job [batchtools job.id=9966]
### [bt]: Generating problem instance for problem '0ecb79b078d7aa0a' ...
### [bt]: Applying algorithm 'run_learner' on problem '0ecb79b078d7aa0a' for job 9966 (seed = 10089) ...
INFO  [19:26:01.205] [mlr3] Applying learner 'svm calibrated beta cv5' on task 'PhishingWebsites' (iter 6/10)

### [bt]: Job terminated successfully [batchtools job.id=9966]
### [bt]: Starting job [batchtools job.id=9967]
### [bt]: Generating problem instance for problem '0ecb79b078d7aa0a' ...
### [bt]: Applying algorithm 'run_learner' on problem '0ecb79b078d7aa0a' for job 9967 (seed = 10090) ...
INFO  [19:27:10.857] [mlr3] Applying learner 'svm calibrated beta cv5' on task 'PhishingWebsites' (iter 7/10)

### [bt]: Job terminated successfully [batchtools job.id=9967]
### [bt]: Starting job [batchtools job.id=9968]
### [bt]: Generating problem instance for problem '0ecb79b078d7aa0a' ...
### [bt]: Applying algorithm 'run_learner' on problem '0ecb79b078d7aa0a' for job 9968 (seed = 10091) ...
INFO  [19:28:17.004] [mlr3] Applying learner 'svm calibrated beta cv5' on task 'PhishingWebsites' (iter 8/10)

### [bt]: Job terminated successfully [batchtools job.id=9968]
### [bt]: Starting job [batchtools job.id=9969]
### [bt]: Generating problem instance for problem '0ecb79b078d7aa0a' ...
### [bt]: Applying algorithm 'run_learner' on problem '0ecb79b078d7aa0a' for job 9969 (seed = 10092) ...
INFO  [19:29:22.400] [mlr3] Applying learner 'svm calibrated beta cv5' on task 'PhishingWebsites' (iter 9/10)

### [bt]: Job terminated successfully [batchtools job.id=9969]
### [bt]: Starting job [batchtools job.id=9970]
### [bt]: Generating problem instance for problem '0ecb79b078d7aa0a' ...
### [bt]: Applying algorithm 'run_learner' on problem '0ecb79b078d7aa0a' for job 9970 (seed = 10093) ...
INFO  [19:30:28.621] [mlr3] Applying learner 'svm calibrated beta cv5' on task 'PhishingWebsites' (iter 10/10)

### [bt]: Job terminated successfully [batchtools job.id=9970]
### [bt]: Calculation finished!
