### [bt]: This is batchtools v0.9.17
### [bt]: Starting calculation of 1 jobs
### [bt]: Setting working directory to '/content'
### [bt]: Memory measurement disabled
### [bt]: Starting job [batchtools job.id=8169]
### [bt]: Generating problem instance for problem '22f4988139232849' ...
### [bt]: Applying algorithm 'run_learner' on problem '22f4988139232849' for job 8169 (seed = 8292) ...
INFO  [16:26:18.011] [mlr3] Applying learner 'nnet calibrated beta 70' on task 'nomao' (iter 9/10)
# weights:  442
initial  value 12690.886300 
iter  10 value 4630.777384
iter  20 value 3649.108185
iter  30 value 3117.534514
iter  40 value 2893.034036
iter  50 value 2766.964567
iter  60 value 2654.144714
iter  70 value 2531.855230
iter  80 value 2485.534204
iter  90 value 2450.668553
iter 100 value 2434.580434
final  value 2434.580434 
stopped after 100 iterations
[1] -27.68037
[1] 38.96345

### [bt]: Job terminated successfully [batchtools job.id=8169]
### [bt]: Calculation finished!
