### [bt]: This is batchtools v0.9.17
### [bt]: Starting calculation of 5 jobs
### [bt]: Setting working directory to '/Users/adrian/Desktop/Mater_Thesis_Calibration'
ece.R :
Friedmann_tasks.R :
Functions.R :
ici.R :
mse_feature_effects.R :
PipeOpCalibration.R :
### [bt]: Memory measurement disabled
### [bt]: Starting job [batchtools job.id=10886]
### [bt]: Generating problem instance for problem 'cfb05fadfc1e266b' ...
### [bt]: Applying algorithm 'run_learner' on problem 'cfb05fadfc1e266b' for job 10886 (seed = 11009) ...
INFO  [13:00:14.158] [mlr3] Applying learner 'ranger calibrated beta 70' on task 'numerai28.6' (iter 6/10)
Growing trees.. Progress: 16%. Estimated remaining time: 2 minutes, 40 seconds.
Growing trees.. Progress: 33%. Estimated remaining time: 2 minutes, 7 seconds.
Growing trees.. Progress: 50%. Estimated remaining time: 1 minute, 34 seconds.
Growing trees.. Progress: 67%. Estimated remaining time: 1 minute, 1 seconds.
Growing trees.. Progress: 84%. Estimated remaining time: 29 seconds.

### [bt]: Job terminated successfully [batchtools job.id=10886]
### [bt]: Starting job [batchtools job.id=10887]
### [bt]: Generating problem instance for problem 'cfb05fadfc1e266b' ...
### [bt]: Applying algorithm 'run_learner' on problem 'cfb05fadfc1e266b' for job 10887 (seed = 11010) ...
INFO  [13:06:03.081] [mlr3] Applying learner 'ranger calibrated beta 70' on task 'numerai28.6' (iter 7/10)
Growing trees.. Progress: 16%. Estimated remaining time: 2 minutes, 44 seconds.
Growing trees.. Progress: 34%. Estimated remaining time: 2 minutes, 1 seconds.
Growing trees.. Progress: 51%. Estimated remaining time: 1 minute, 30 seconds.
Growing trees.. Progress: 68%. Estimated remaining time: 59 seconds.
Growing trees.. Progress: 85%. Estimated remaining time: 27 seconds.

### [bt]: Job terminated successfully [batchtools job.id=10887]
### [bt]: Starting job [batchtools job.id=10888]
### [bt]: Generating problem instance for problem 'cfb05fadfc1e266b' ...
### [bt]: Applying algorithm 'run_learner' on problem 'cfb05fadfc1e266b' for job 10888 (seed = 11011) ...
INFO  [13:12:42.363] [mlr3] Applying learner 'ranger calibrated beta 70' on task 'numerai28.6' (iter 8/10)
Growing trees.. Progress: 16%. Estimated remaining time: 2 minutes, 44 seconds.
Growing trees.. Progress: 33%. Estimated remaining time: 2 minutes, 6 seconds.
Growing trees.. Progress: 51%. Estimated remaining time: 1 minute, 30 seconds.
Growing trees.. Progress: 68%. Estimated remaining time: 58 seconds.
Growing trees.. Progress: 85%. Estimated remaining time: 27 seconds.

### [bt]: Job terminated successfully [batchtools job.id=10888]
### [bt]: Starting job [batchtools job.id=10889]
### [bt]: Generating problem instance for problem 'cfb05fadfc1e266b' ...
### [bt]: Applying algorithm 'run_learner' on problem 'cfb05fadfc1e266b' for job 10889 (seed = 11012) ...
INFO  [13:19:08.972] [mlr3] Applying learner 'ranger calibrated beta 70' on task 'numerai28.6' (iter 9/10)
Growing trees.. Progress: 16%. Estimated remaining time: 2 minutes, 46 seconds.
Growing trees.. Progress: 33%. Estimated remaining time: 2 minutes, 7 seconds.
Growing trees.. Progress: 50%. Estimated remaining time: 1 minute, 34 seconds.
Growing trees.. Progress: 67%. Estimated remaining time: 1 minute, 2 seconds.
Growing trees.. Progress: 84%. Estimated remaining time: 29 seconds.

### [bt]: Job terminated successfully [batchtools job.id=10889]
### [bt]: Starting job [batchtools job.id=10890]
### [bt]: Generating problem instance for problem 'cfb05fadfc1e266b' ...
### [bt]: Applying algorithm 'run_learner' on problem 'cfb05fadfc1e266b' for job 10890 (seed = 11013) ...
INFO  [13:25:02.591] [mlr3] Applying learner 'ranger calibrated beta 70' on task 'numerai28.6' (iter 10/10)
Growing trees.. Progress: 16%. Estimated remaining time: 2 minutes, 44 seconds.
Growing trees.. Progress: 33%. Estimated remaining time: 2 minutes, 4 seconds.
Growing trees.. Progress: 50%. Estimated remaining time: 1 minute, 32 seconds.
Growing trees.. Progress: 67%. Estimated remaining time: 1 minute, 0 seconds.
Growing trees.. Progress: 84%. Estimated remaining time: 29 seconds.

### [bt]: Job terminated successfully [batchtools job.id=10890]
### [bt]: Calculation finished!
