### [bt]: This is batchtools v0.9.17
### [bt]: Starting calculation of 5 jobs
### [bt]: Setting working directory to '/Users/adrian/Desktop/Mater_Thesis_Calibration'
ece.R :
Friedmann_tasks.R :
Functions.R :
ici.R :
mse_feature_effects.R :
PipeOpCalibration.R :
### [bt]: Memory measurement disabled
### [bt]: Starting job [batchtools job.id=3796]
### [bt]: Generating problem instance for problem 'b541340d6c2eb21d' ...
### [bt]: Applying algorithm 'run_learner' on problem 'b541340d6c2eb21d' for job 3796 (seed = 3919) ...
INFO  [14:45:05.662] [mlr3] Applying learner 'xgboost calibrated platt 80' on task 'kc1' (iter 6/10)

### [bt]: Job terminated successfully [batchtools job.id=3796]
### [bt]: Starting job [batchtools job.id=3797]
### [bt]: Generating problem instance for problem 'b541340d6c2eb21d' ...
### [bt]: Applying algorithm 'run_learner' on problem 'b541340d6c2eb21d' for job 3797 (seed = 3920) ...
INFO  [14:45:14.724] [mlr3] Applying learner 'xgboost calibrated platt 80' on task 'kc1' (iter 7/10)

### [bt]: Job terminated successfully [batchtools job.id=3797]
### [bt]: Starting job [batchtools job.id=3798]
### [bt]: Generating problem instance for problem 'b541340d6c2eb21d' ...
### [bt]: Applying algorithm 'run_learner' on problem 'b541340d6c2eb21d' for job 3798 (seed = 3921) ...
INFO  [14:45:21.509] [mlr3] Applying learner 'xgboost calibrated platt 80' on task 'kc1' (iter 8/10)

### [bt]: Job terminated successfully [batchtools job.id=3798]
### [bt]: Starting job [batchtools job.id=3799]
### [bt]: Generating problem instance for problem 'b541340d6c2eb21d' ...
### [bt]: Applying algorithm 'run_learner' on problem 'b541340d6c2eb21d' for job 3799 (seed = 3922) ...
INFO  [14:45:28.145] [mlr3] Applying learner 'xgboost calibrated platt 80' on task 'kc1' (iter 9/10)

### [bt]: Job terminated successfully [batchtools job.id=3799]
### [bt]: Starting job [batchtools job.id=3800]
### [bt]: Generating problem instance for problem 'b541340d6c2eb21d' ...
### [bt]: Applying algorithm 'run_learner' on problem 'b541340d6c2eb21d' for job 3800 (seed = 3923) ...
INFO  [14:45:34.751] [mlr3] Applying learner 'xgboost calibrated platt 80' on task 'kc1' (iter 10/10)

### [bt]: Job terminated successfully [batchtools job.id=3800]
### [bt]: Calculation finished!
