### [bt]: This is batchtools v0.9.17
### [bt]: Starting calculation of 5 jobs
### [bt]: Setting working directory to '/Users/adrian/Desktop/Mater_Thesis_Calibration'
ece.R :
Friedmann_tasks.R :
Functions.R :
ici.R :
mse_feature_effects.R :
PipeOpCalibration.R :
### [bt]: Memory measurement disabled
### [bt]: Starting job [batchtools job.id=3176]
### [bt]: Generating problem instance for problem 'b541340d6c2eb21d' ...
### [bt]: Applying algorithm 'run_learner' on problem 'b541340d6c2eb21d' for job 3176 (seed = 3299) ...
INFO  [13:55:33.803] [mlr3] Applying learner 'nnet calibrated platt cv3' on task 'kc1' (iter 6/10)
# weights:  70
initial  value 1120.963875 
iter  10 value 485.585771
iter  20 value 483.479256
iter  30 value 482.815393
iter  40 value 482.750846
iter  50 value 480.879317
iter  60 value 480.427587
iter  70 value 478.510677
iter  80 value 475.675114
iter  90 value 475.440422
iter 100 value 475.349152
final  value 475.349152 
stopped after 100 iterations
# weights:  70
initial  value 989.558209 
iter  10 value 482.760062
iter  20 value 459.243418
iter  30 value 436.722979
iter  40 value 431.846137
iter  50 value 428.053494
iter  60 value 424.042245
iter  70 value 423.559457
iter  80 value 423.342650
iter  90 value 423.284285
iter 100 value 422.700140
final  value 422.700140 
stopped after 100 iterations
# weights:  70
initial  value 1072.779465 
iter  10 value 471.034148
iter  20 value 452.044144
iter  30 value 444.447775
iter  40 value 437.623446
iter  50 value 433.905804
iter  60 value 432.603296
iter  70 value 432.589838
iter  80 value 432.544697
iter  90 value 432.535738
iter 100 value 432.531862
final  value 432.531862 
stopped after 100 iterations

### [bt]: Job terminated successfully [batchtools job.id=3176]
### [bt]: Starting job [batchtools job.id=3177]
### [bt]: Generating problem instance for problem 'b541340d6c2eb21d' ...
### [bt]: Applying algorithm 'run_learner' on problem 'b541340d6c2eb21d' for job 3177 (seed = 3300) ...
INFO  [13:55:38.317] [mlr3] Applying learner 'nnet calibrated platt cv3' on task 'kc1' (iter 7/10)
# weights:  70
initial  value 1006.617684 
iter  10 value 467.172572
iter  20 value 436.449186
iter  30 value 433.510671
iter  40 value 430.605382
iter  50 value 429.775387
iter  60 value 429.325705
iter  70 value 428.949760
iter  80 value 428.797945
iter  90 value 428.246650
iter 100 value 427.999592
final  value 427.999592 
stopped after 100 iterations
# weights:  70
initial  value 1406.663516 
iter  10 value 484.511968
iter  20 value 473.040370
iter  30 value 461.192731
iter  40 value 457.072724
iter  50 value 445.885060
iter  60 value 437.488565
iter  70 value 432.732304
iter  80 value 430.106763
iter  90 value 428.134095
iter 100 value 404.609563
final  value 404.609563 
stopped after 100 iterations
# weights:  70
initial  value 850.532669 
iter  10 value 486.246425
iter  20 value 471.588331
iter  30 value 463.955697
iter  40 value 460.172305
iter  50 value 450.246728
iter  60 value 445.393375
iter  70 value 440.239471
iter  80 value 424.162722
iter  90 value 420.968194
iter 100 value 417.672508
final  value 417.672508 
stopped after 100 iterations

### [bt]: Job terminated successfully [batchtools job.id=3177]
### [bt]: Starting job [batchtools job.id=3178]
### [bt]: Generating problem instance for problem 'b541340d6c2eb21d' ...
### [bt]: Applying algorithm 'run_learner' on problem 'b541340d6c2eb21d' for job 3178 (seed = 3301) ...
INFO  [13:55:40.268] [mlr3] Applying learner 'nnet calibrated platt cv3' on task 'kc1' (iter 8/10)
# weights:  70
initial  value 570.479215 
iter  10 value 480.736881
iter  20 value 473.840534
iter  30 value 470.471177
iter  40 value 465.068809
iter  50 value 460.998653
iter  60 value 460.065859
iter  70 value 459.989001
iter  80 value 459.981255
final  value 459.981181 
converged
# weights:  70
initial  value 892.359155 
iter  10 value 470.775992
iter  20 value 446.403236
iter  30 value 430.159692
iter  40 value 427.979094
iter  50 value 425.018476
iter  60 value 423.347594
iter  70 value 420.877603
iter  80 value 418.012152
iter  90 value 414.132248
iter 100 value 412.929674
final  value 412.929674 
stopped after 100 iterations
# weights:  70
initial  value 1213.128925 
iter  10 value 487.560527
iter  20 value 472.506868
iter  30 value 463.896503
iter  40 value 452.738221
iter  50 value 446.568596
iter  60 value 442.141993
iter  70 value 441.280016
iter  80 value 441.229339
iter  90 value 441.219757
final  value 441.219599 
converged

### [bt]: Job terminated successfully [batchtools job.id=3178]
### [bt]: Starting job [batchtools job.id=3179]
### [bt]: Generating problem instance for problem 'b541340d6c2eb21d' ...
### [bt]: Applying algorithm 'run_learner' on problem 'b541340d6c2eb21d' for job 3179 (seed = 3302) ...
INFO  [13:55:42.055] [mlr3] Applying learner 'nnet calibrated platt cv3' on task 'kc1' (iter 9/10)
# weights:  70
initial  value 864.301716 
iter  10 value 496.628441
iter  20 value 463.777978
iter  30 value 454.914394
iter  40 value 447.883385
iter  50 value 437.466411
iter  60 value 429.191040
iter  70 value 426.798110
iter  80 value 423.830620
iter  90 value 422.063656
iter 100 value 421.031281
final  value 421.031281 
stopped after 100 iterations
# weights:  70
initial  value 1369.024745 
iter  10 value 545.864042
iter  20 value 487.437582
iter  30 value 469.741421
iter  40 value 461.610489
iter  50 value 452.896063
iter  60 value 446.601026
iter  70 value 446.151485
iter  80 value 443.524560
iter  90 value 436.363405
iter 100 value 435.836742
final  value 435.836742 
stopped after 100 iterations
# weights:  70
initial  value 661.599962 
iter  10 value 485.713311
iter  20 value 468.324771
iter  30 value 463.739555
iter  40 value 460.408127
iter  50 value 453.514730
iter  60 value 447.325515
iter  70 value 445.327726
iter  80 value 444.631213
iter  90 value 444.371595
iter 100 value 443.638987
final  value 443.638987 
stopped after 100 iterations

### [bt]: Job terminated successfully [batchtools job.id=3179]
### [bt]: Starting job [batchtools job.id=3180]
### [bt]: Generating problem instance for problem 'b541340d6c2eb21d' ...
### [bt]: Applying algorithm 'run_learner' on problem 'b541340d6c2eb21d' for job 3180 (seed = 3303) ...
INFO  [13:55:43.905] [mlr3] Applying learner 'nnet calibrated platt cv3' on task 'kc1' (iter 10/10)
# weights:  70
initial  value 943.013970 
iter  10 value 465.271323
iter  20 value 439.635764
iter  30 value 430.129812
iter  40 value 428.880643
iter  50 value 427.494082
iter  60 value 414.122316
iter  70 value 411.977699
iter  80 value 411.296343
iter  90 value 410.830670
iter 100 value 407.931642
final  value 407.931642 
stopped after 100 iterations
# weights:  70
initial  value 1057.602620 
iter  10 value 492.490303
iter  20 value 490.406151
iter  30 value 490.393481
iter  40 value 490.295014
iter  50 value 487.858261
iter  60 value 486.291623
iter  70 value 484.443217
iter  80 value 484.412787
iter  90 value 484.411229
final  value 484.411048 
converged
# weights:  70
initial  value 1028.413898 
iter  10 value 488.865645
iter  20 value 475.514430
iter  30 value 469.576097
iter  40 value 464.218507
iter  50 value 459.550838
iter  60 value 458.777701
iter  70 value 457.689849
iter  80 value 457.472127
iter  90 value 456.535349
iter 100 value 455.339038
final  value 455.339038 
stopped after 100 iterations

### [bt]: Job terminated successfully [batchtools job.id=3180]
### [bt]: Calculation finished!
