### [bt]: This is batchtools v0.9.17
### [bt]: Starting calculation of 5 jobs
### [bt]: Setting working directory to '/Users/adrian/Desktop/Mater_Thesis_Calibration'
ece.R :
Friedmann_tasks.R :
Functions.R :
ici.R :
mse_feature_effects.R :
PipeOpCalibration.R :
### [bt]: Memory measurement disabled
### [bt]: Starting job [batchtools job.id=8191]
### [bt]: Generating problem instance for problem '22f4988139232849' ...
### [bt]: Applying algorithm 'run_learner' on problem '22f4988139232849' for job 8191 (seed = 8314) ...
INFO  [23:48:02.526] [mlr3] Applying learner 'nnet calibrated beta cv3' on task 'nomao' (iter 1/10)
# weights:  442
initial  value 20971.137822 
iter  10 value 10952.983380
iter  20 value 8862.916927
iter  30 value 7071.654602
iter  40 value 6250.413426
iter  50 value 6034.680730
iter  60 value 5335.947343
iter  70 value 4848.140754
iter  80 value 4772.687456
iter  90 value 4712.056516
iter 100 value 4665.876879
final  value 4665.876879 
stopped after 100 iterations
# weights:  442
initial  value 12313.547996 
iter  10 value 5096.402999
iter  20 value 3857.937712
iter  30 value 3178.058224
iter  40 value 2773.067687
iter  50 value 2671.635610
iter  60 value 2571.061310
iter  70 value 2519.974126
iter  80 value 2489.346622
iter  90 value 2467.287214
iter 100 value 2459.598672
final  value 2459.598672 
stopped after 100 iterations
# weights:  442
initial  value 14802.677400 
iter  10 value 4122.241620
iter  20 value 3258.532594
iter  30 value 2962.202361
iter  40 value 2703.742215
iter  50 value 2558.114485
iter  60 value 2409.121392
iter  70 value 2372.241189
iter  80 value 2354.490155
iter  90 value 2327.449343
iter 100 value 2287.004357
final  value 2287.004357 
stopped after 100 iterations

### [bt]: Job terminated successfully [batchtools job.id=8191]
### [bt]: Starting job [batchtools job.id=8192]
### [bt]: Generating problem instance for problem '22f4988139232849' ...
### [bt]: Applying algorithm 'run_learner' on problem '22f4988139232849' for job 8192 (seed = 8315) ...
INFO  [23:48:35.612] [mlr3] Applying learner 'nnet calibrated beta cv3' on task 'nomao' (iter 2/10)
# weights:  442
initial  value 14759.910661 
iter  10 value 10892.037798
iter  20 value 8481.664144
iter  30 value 6692.283826
iter  40 value 4645.038784
iter  50 value 4079.214221
iter  60 value 3588.643624
iter  70 value 3459.882269
iter  80 value 3351.475461
iter  90 value 3272.154418
iter 100 value 3117.988542
final  value 3117.988542 
stopped after 100 iterations
# weights:  442
initial  value 18875.217540 
iter  10 value 12400.558140
final  value 12400.557394 
converged
# weights:  442
initial  value 13534.488336 
iter  10 value 5851.692683
iter  20 value 4208.143893
iter  30 value 3552.598160
iter  40 value 2935.113874
iter  50 value 2690.361786
iter  60 value 2591.415756
iter  70 value 2491.486518
iter  80 value 2432.125255
iter  90 value 2391.026494
iter 100 value 2352.642983
final  value 2352.642983 
stopped after 100 iterations
Warning: glm.fit: fitted probabilities numerically 0 or 1 occurred
This happened PipeOp classif.nnet's $train()

### [bt]: Job terminated successfully [batchtools job.id=8192]
### [bt]: Starting job [batchtools job.id=8193]
### [bt]: Generating problem instance for problem '22f4988139232849' ...
### [bt]: Applying algorithm 'run_learner' on problem '22f4988139232849' for job 8193 (seed = 8316) ...
INFO  [23:48:55.559] [mlr3] Applying learner 'nnet calibrated beta cv3' on task 'nomao' (iter 3/10)
# weights:  442
initial  value 15635.473219 
iter  10 value 6176.520756
iter  20 value 4963.873377
iter  30 value 4018.057914
iter  40 value 3374.118875
iter  50 value 2970.362477
iter  60 value 2831.561356
iter  70 value 2654.619165
iter  80 value 2586.662340
iter  90 value 2489.922785
iter 100 value 2393.545914
final  value 2393.545914 
stopped after 100 iterations
# weights:  442
initial  value 19782.276846 
iter  10 value 7377.339347
iter  20 value 5192.549752
iter  30 value 4136.035492
iter  40 value 3684.327895
iter  50 value 3192.198563
iter  60 value 2893.746578
iter  70 value 2541.912193
iter  80 value 2394.225004
iter  90 value 2309.054352
iter 100 value 2262.752675
final  value 2262.752675 
stopped after 100 iterations
# weights:  442
initial  value 12373.596778 
iter  10 value 7416.508595
iter  20 value 5018.304068
iter  30 value 3405.325771
iter  40 value 2745.349451
iter  50 value 2546.594067
iter  60 value 2423.673935
iter  70 value 2376.989127
iter  80 value 2315.567291
iter  90 value 2256.230006
iter 100 value 2220.361643
final  value 2220.361643 
stopped after 100 iterations

### [bt]: Job terminated successfully [batchtools job.id=8193]
### [bt]: Starting job [batchtools job.id=8194]
### [bt]: Generating problem instance for problem '22f4988139232849' ...
### [bt]: Applying algorithm 'run_learner' on problem '22f4988139232849' for job 8194 (seed = 8317) ...
INFO  [23:49:23.386] [mlr3] Applying learner 'nnet calibrated beta cv3' on task 'nomao' (iter 4/10)
# weights:  442
initial  value 12752.377426 
iter  10 value 3971.744177
iter  20 value 3104.176706
iter  30 value 2773.836608
iter  40 value 2530.690384
iter  50 value 2408.516570
iter  60 value 2321.906875
iter  70 value 2258.891386
iter  80 value 2204.183395
iter  90 value 2164.662050
iter 100 value 2135.566021
final  value 2135.566021 
stopped after 100 iterations
# weights:  442
initial  value 17576.947408 
iter  10 value 8155.381946
iter  20 value 6697.492746
iter  30 value 5626.483170
iter  40 value 4877.904259
iter  50 value 4788.809613
iter  60 value 4750.445813
iter  70 value 4725.033047
iter  80 value 4708.842057
iter  90 value 4704.819924
iter 100 value 4703.550267
final  value 4703.550267 
stopped after 100 iterations
# weights:  442
initial  value 16414.988921 
iter  10 value 7762.183896
iter  20 value 4277.546195
iter  30 value 3728.056517
iter  40 value 3538.179191
iter  50 value 3389.584752
iter  60 value 3312.739377
iter  70 value 3198.402888
iter  80 value 2982.421359
iter  90 value 2816.956270
iter 100 value 2706.789138
final  value 2706.789138 
stopped after 100 iterations

### [bt]: Job terminated successfully [batchtools job.id=8194]
### [bt]: Starting job [batchtools job.id=8195]
### [bt]: Generating problem instance for problem '22f4988139232849' ...
### [bt]: Applying algorithm 'run_learner' on problem '22f4988139232849' for job 8195 (seed = 8318) ...
INFO  [23:49:49.203] [mlr3] Applying learner 'nnet calibrated beta cv3' on task 'nomao' (iter 5/10)
# weights:  442
initial  value 14774.751967 
iter  10 value 5660.126410
iter  20 value 4008.167933
iter  30 value 3504.631506
iter  40 value 3163.830671
iter  50 value 2899.637629
iter  60 value 2747.374542
iter  70 value 2526.776036
iter  80 value 2371.584371
iter  90 value 2274.968928
iter 100 value 2234.147603
final  value 2234.147603 
stopped after 100 iterations
# weights:  442
initial  value 14544.285013 
iter  10 value 4591.939357
iter  20 value 3649.336615
iter  30 value 2934.429257
iter  40 value 2715.394694
iter  50 value 2538.675691
iter  60 value 2462.888771
iter  70 value 2398.223877
iter  80 value 2361.711413
iter  90 value 2339.096301
iter 100 value 2323.497723
final  value 2323.497723 
stopped after 100 iterations
# weights:  442
initial  value 14494.887574 
iter  10 value 5329.395244
iter  20 value 4249.328791
iter  30 value 3658.858593
iter  40 value 3140.211017
iter  50 value 2764.509990
iter  60 value 2584.056415
iter  70 value 2501.440560
iter  80 value 2446.258554
iter  90 value 2404.872956
iter 100 value 2376.320861
final  value 2376.320861 
stopped after 100 iterations

### [bt]: Job terminated successfully [batchtools job.id=8195]
### [bt]: Calculation finished!
