### [bt]: This is batchtools v0.9.17
### [bt]: Starting calculation of 1 jobs
### [bt]: Setting working directory to '/content'
### [bt]: Memory measurement disabled
### [bt]: Starting job [batchtools job.id=3128]
### [bt]: Generating problem instance for problem 'b541340d6c2eb21d' ...
### [bt]: Applying algorithm 'run_learner' on problem 'b541340d6c2eb21d' for job 3128 (seed = 3251) ...
INFO  [14:22:00.506] [mlr3] Applying learner 'nnet calibrated isotonic cv3' on task 'kc1' (iter 8/10)
# weights:  70
initial  value 928.172422 
iter  10 value 487.500918
iter  20 value 470.885078
iter  30 value 461.297914
iter  40 value 456.647987
iter  50 value 452.766586
iter  60 value 447.349776
iter  70 value 442.590783
iter  80 value 441.877824
iter  90 value 441.146347
iter 100 value 440.851332
final  value 440.851332 
stopped after 100 iterations
# weights:  70
initial  value 1178.637611 
iter  10 value 459.024891
iter  20 value 450.381165
iter  30 value 442.170277
iter  40 value 436.705130
iter  50 value 426.129232
iter  60 value 422.791079
iter  70 value 422.647210
iter  80 value 422.640544
iter  90 value 422.572271
iter 100 value 422.570319
final  value 422.570319 
stopped after 100 iterations
# weights:  70
initial  value 1601.240981 
iter  10 value 485.769744
iter  20 value 483.958859
iter  30 value 471.521784
iter  40 value 454.126129
iter  50 value 437.221035
iter  60 value 425.413432
iter  70 value 421.563910
iter  80 value 417.650691
iter  90 value 416.638630
iter 100 value 414.268045
final  value 414.268045 
stopped after 100 iterations

### [bt]: Job terminated successfully [batchtools job.id=3128]
### [bt]: Calculation finished!
