### [bt]: This is batchtools v0.9.17
### [bt]: Starting calculation of 5 jobs
### [bt]: Setting working directory to '/Users/adrian/Desktop/Mater_Thesis_Calibration'
ece.R :
Friedmann_tasks.R :
Functions.R :
ici.R :
mse_feature_effects.R :
PipeOpCalibration.R :
### [bt]: Memory measurement disabled
### [bt]: Starting job [batchtools job.id=9556]
### [bt]: Generating problem instance for problem '0ecb79b078d7aa0a' ...
### [bt]: Applying algorithm 'run_learner' on problem '0ecb79b078d7aa0a' for job 9556 (seed = 9679) ...
INFO  [17:55:00.741] [mlr3] Applying learner 'nnet calibrated platt 80' on task 'PhishingWebsites' (iter 6/10)
# weights:  121
initial  value 5561.835139 
iter  10 value 1339.905146
iter  20 value 1219.431451
iter  30 value 1144.469601
iter  40 value 1114.162745
iter  50 value 1075.967760
iter  60 value 1027.646525
iter  70 value 1006.643317
iter  80 value 978.533858
iter  90 value 917.833284
iter 100 value 895.942974
final  value 895.942974 
stopped after 100 iterations

### [bt]: Job terminated successfully [batchtools job.id=9556]
### [bt]: Starting job [batchtools job.id=9557]
### [bt]: Generating problem instance for problem '0ecb79b078d7aa0a' ...
### [bt]: Applying algorithm 'run_learner' on problem '0ecb79b078d7aa0a' for job 9557 (seed = 9680) ...
INFO  [17:55:01.660] [mlr3] Applying learner 'nnet calibrated platt 80' on task 'PhishingWebsites' (iter 7/10)
# weights:  121
initial  value 6093.139105 
iter  10 value 1706.833631
iter  20 value 1166.251789
iter  30 value 1019.730332
iter  40 value 986.564359
iter  50 value 968.441296
iter  60 value 948.700193
iter  70 value 929.665015
iter  80 value 919.945819
iter  90 value 913.155864
iter 100 value 909.644341
final  value 909.644341 
stopped after 100 iterations

### [bt]: Job terminated successfully [batchtools job.id=9557]
### [bt]: Starting job [batchtools job.id=9558]
### [bt]: Generating problem instance for problem '0ecb79b078d7aa0a' ...
### [bt]: Applying algorithm 'run_learner' on problem '0ecb79b078d7aa0a' for job 9558 (seed = 9681) ...
INFO  [17:55:11.002] [mlr3] Applying learner 'nnet calibrated platt 80' on task 'PhishingWebsites' (iter 8/10)
# weights:  121
initial  value 6200.430091 
iter  10 value 1775.713492
iter  20 value 1143.566028
iter  30 value 1038.579342
iter  40 value 996.405666
iter  50 value 967.163394
iter  60 value 948.306564
iter  70 value 935.567310
iter  80 value 923.603602
iter  90 value 909.001560
iter 100 value 895.214938
final  value 895.214938 
stopped after 100 iterations

### [bt]: Job terminated successfully [batchtools job.id=9558]
### [bt]: Starting job [batchtools job.id=9559]
### [bt]: Generating problem instance for problem '0ecb79b078d7aa0a' ...
### [bt]: Applying algorithm 'run_learner' on problem '0ecb79b078d7aa0a' for job 9559 (seed = 9682) ...
INFO  [17:55:11.839] [mlr3] Applying learner 'nnet calibrated platt 80' on task 'PhishingWebsites' (iter 9/10)
# weights:  121
initial  value 5813.232134 
iter  10 value 1247.474041
iter  20 value 1109.252451
iter  30 value 1009.972449
iter  40 value 915.732091
iter  50 value 858.039289
iter  60 value 839.131625
iter  70 value 824.425175
iter  80 value 808.983616
iter  90 value 798.717754
iter 100 value 788.817803
final  value 788.817803 
stopped after 100 iterations

### [bt]: Job terminated successfully [batchtools job.id=9559]
### [bt]: Starting job [batchtools job.id=9560]
### [bt]: Generating problem instance for problem '0ecb79b078d7aa0a' ...
### [bt]: Applying algorithm 'run_learner' on problem '0ecb79b078d7aa0a' for job 9560 (seed = 9683) ...
INFO  [17:55:16.291] [mlr3] Applying learner 'nnet calibrated platt 80' on task 'PhishingWebsites' (iter 10/10)
# weights:  121
initial  value 5528.396329 
iter  10 value 1812.492471
iter  20 value 1290.636886
iter  30 value 1086.519142
iter  40 value 978.817202
iter  50 value 958.205944
iter  60 value 941.263884
iter  70 value 925.392008
iter  80 value 909.301956
iter  90 value 891.514227
iter 100 value 881.534979
final  value 881.534979 
stopped after 100 iterations

### [bt]: Job terminated successfully [batchtools job.id=9560]
### [bt]: Calculation finished!
