### [bt]: This is batchtools v0.9.17
### [bt]: Starting calculation of 5 jobs
### [bt]: Setting working directory to '/Users/I578045/Desktop/Mater_Thesis_Calibration'
ece.R :
Friedmann_tasks.R :
Functions.R :
ici.R :
mse_feature_effects.R :
PipeOpCalibration.R :
### [bt]: Memory measurement disabled
### [bt]: Starting job [batchtools job.id=1946]
### [bt]: Generating problem instance for problem '358d8f8187803581' ...
### [bt]: Applying algorithm 'run_learner' on problem '358d8f8187803581' for job 1946 (seed = 2069) ...
INFO  [15:54:23.588] [mlr3] Applying learner 'ranger calibrated beta 90' on task 'electricity' (iter 6/10)
Warning: glm.fit: fitted probabilities numerically 0 or 1 occurred
This happened PipeOp classif.ranger's $train()

### [bt]: Job terminated successfully [batchtools job.id=1946]
### [bt]: Starting job [batchtools job.id=1947]
### [bt]: Generating problem instance for problem '358d8f8187803581' ...
### [bt]: Applying algorithm 'run_learner' on problem '358d8f8187803581' for job 1947 (seed = 2070) ...
INFO  [15:54:46.874] [mlr3] Applying learner 'ranger calibrated beta 90' on task 'electricity' (iter 7/10)
Warning: glm.fit: fitted probabilities numerically 0 or 1 occurred
This happened PipeOp classif.ranger's $train()

### [bt]: Job terminated successfully [batchtools job.id=1947]
### [bt]: Starting job [batchtools job.id=1948]
### [bt]: Generating problem instance for problem '358d8f8187803581' ...
### [bt]: Applying algorithm 'run_learner' on problem '358d8f8187803581' for job 1948 (seed = 2071) ...
INFO  [15:55:10.273] [mlr3] Applying learner 'ranger calibrated beta 90' on task 'electricity' (iter 8/10)
Warning: glm.fit: fitted probabilities numerically 0 or 1 occurred
This happened PipeOp classif.ranger's $train()

### [bt]: Job terminated successfully [batchtools job.id=1948]
### [bt]: Starting job [batchtools job.id=1949]
### [bt]: Generating problem instance for problem '358d8f8187803581' ...
### [bt]: Applying algorithm 'run_learner' on problem '358d8f8187803581' for job 1949 (seed = 2072) ...
INFO  [15:55:33.347] [mlr3] Applying learner 'ranger calibrated beta 90' on task 'electricity' (iter 9/10)
Warning: glm.fit: fitted probabilities numerically 0 or 1 occurred
This happened PipeOp classif.ranger's $train()

### [bt]: Job terminated successfully [batchtools job.id=1949]
### [bt]: Starting job [batchtools job.id=1950]
### [bt]: Generating problem instance for problem '358d8f8187803581' ...
### [bt]: Applying algorithm 'run_learner' on problem '358d8f8187803581' for job 1950 (seed = 2073) ...
INFO  [15:55:55.818] [mlr3] Applying learner 'ranger calibrated beta 90' on task 'electricity' (iter 10/10)
Warning: glm.fit: fitted probabilities numerically 0 or 1 occurred
This happened PipeOp classif.ranger's $train()

### [bt]: Job terminated successfully [batchtools job.id=1950]
### [bt]: Calculation finished!
