### [bt]: This is batchtools v0.9.17
### [bt]: Starting calculation of 5 jobs
### [bt]: Setting working directory to '/Users/I578045/Desktop/Mater_Thesis_Calibration'
ece.R :
Friedmann_tasks.R :
Functions.R :
ici.R :
mse_feature_effects.R :
PipeOpCalibration.R :
### [bt]: Memory measurement disabled
### [bt]: Starting job [batchtools job.id=1306]
### [bt]: Generating problem instance for problem '358d8f8187803581' ...
### [bt]: Applying algorithm 'run_learner' on problem '358d8f8187803581' for job 1306 (seed = 1429) ...
INFO  [15:31:26.500] [mlr3] Applying learner 'glmnet calibrated beta 90' on task 'electricity' (iter 6/10)
Warning: glm.fit: fitted probabilities numerically 0 or 1 occurred
This happened PipeOp classif.glmnet's $train()

### [bt]: Job terminated successfully [batchtools job.id=1306]
### [bt]: Starting job [batchtools job.id=1307]
### [bt]: Generating problem instance for problem '358d8f8187803581' ...
### [bt]: Applying algorithm 'run_learner' on problem '358d8f8187803581' for job 1307 (seed = 1430) ...
INFO  [15:31:26.746] [mlr3] Applying learner 'glmnet calibrated beta 90' on task 'electricity' (iter 7/10)
Warning: glm.fit: fitted probabilities numerically 0 or 1 occurred
This happened PipeOp classif.glmnet's $train()

### [bt]: Job terminated successfully [batchtools job.id=1307]
### [bt]: Starting job [batchtools job.id=1308]
### [bt]: Generating problem instance for problem '358d8f8187803581' ...
### [bt]: Applying algorithm 'run_learner' on problem '358d8f8187803581' for job 1308 (seed = 1431) ...
INFO  [15:31:27.145] [mlr3] Applying learner 'glmnet calibrated beta 90' on task 'electricity' (iter 8/10)
Warning: glm.fit: fitted probabilities numerically 0 or 1 occurred
This happened PipeOp classif.glmnet's $train()

### [bt]: Job terminated successfully [batchtools job.id=1308]
### [bt]: Starting job [batchtools job.id=1309]
### [bt]: Generating problem instance for problem '358d8f8187803581' ...
### [bt]: Applying algorithm 'run_learner' on problem '358d8f8187803581' for job 1309 (seed = 1432) ...
INFO  [15:31:27.366] [mlr3] Applying learner 'glmnet calibrated beta 90' on task 'electricity' (iter 9/10)

### [bt]: Job terminated successfully [batchtools job.id=1309]
### [bt]: Starting job [batchtools job.id=1310]
### [bt]: Generating problem instance for problem '358d8f8187803581' ...
### [bt]: Applying algorithm 'run_learner' on problem '358d8f8187803581' for job 1310 (seed = 1433) ...
INFO  [15:31:27.601] [mlr3] Applying learner 'glmnet calibrated beta 90' on task 'electricity' (iter 10/10)
Warning: glm.fit: fitted probabilities numerically 0 or 1 occurred
This happened PipeOp classif.glmnet's $train()

### [bt]: Job terminated successfully [batchtools job.id=1310]
### [bt]: Calculation finished!
