### [bt]: This is batchtools v0.9.17
### [bt]: Starting calculation of 1 jobs
### [bt]: Setting working directory to '/content'
### [bt]: Memory measurement disabled
### [bt]: Starting job [batchtools job.id=7024]
### [bt]: Generating problem instance for problem 'c27a1cbf9c91424a' ...
### [bt]: Applying algorithm 'run_learner' on problem 'c27a1cbf9c91424a' for job 7024 (seed = 7147) ...
INFO  [14:30:30.960] [mlr3] Applying learner 'nnet calibrated platt cv5' on task 'ilpd' (iter 4/10)
# weights:  37
initial  value 267.813809 
iter  10 value 245.988783
iter  20 value 219.539669
iter  30 value 216.594831
iter  40 value 215.344527
iter  50 value 214.492556
iter  60 value 214.482167
final  value 214.482143 
converged
# weights:  37
initial  value 261.199817 
iter  10 value 238.094708
iter  20 value 230.241855
iter  30 value 228.236209
iter  40 value 227.862359
iter  50 value 227.548953
iter  60 value 227.544647
final  value 227.544421 
converged
# weights:  37
initial  value 365.643123 
final  value 248.471588 
converged
# weights:  37
initial  value 250.716035 
iter  10 value 238.324488
iter  20 value 235.279191
iter  30 value 230.714361
iter  40 value 230.557968
final  value 230.404134 
converged
# weights:  37
initial  value 256.706068 
final  value 253.969858 
converged

### [bt]: Job terminated successfully [batchtools job.id=7024]
### [bt]: Calculation finished!
