### [bt]: This is batchtools v0.9.17
### [bt]: Starting calculation of 4 jobs
### [bt]: Setting working directory to '/Users/I578045/Desktop/Mater_Thesis_Calibration'
ece.R :
Friedmann_tasks.R :
Functions.R :
ici.R :
mse_feature_effects.R :
PipeOpCalibration.R :
### [bt]: Memory measurement disabled
### [bt]: Starting job [batchtools job.id=2175]
### [bt]: Generating problem instance for problem '358d8f8187803581' ...
### [bt]: Applying algorithm 'run_learner' on problem '358d8f8187803581' for job 2175 (seed = 2298) ...
INFO  [18:01:25.607] [mlr3] Applying learner 'rpart calibrated isotonic cv5' on task 'electricity' (iter 5/10)

### [bt]: Job terminated successfully [batchtools job.id=2175]
### [bt]: Starting job [batchtools job.id=2176]
### [bt]: Generating problem instance for problem '358d8f8187803581' ...
### [bt]: Applying algorithm 'run_learner' on problem '358d8f8187803581' for job 2176 (seed = 2299) ...
INFO  [18:01:33.655] [mlr3] Applying learner 'rpart calibrated isotonic cv5' on task 'electricity' (iter 6/10)

### [bt]: Job terminated successfully [batchtools job.id=2176]
### [bt]: Starting job [batchtools job.id=2177]
### [bt]: Generating problem instance for problem '358d8f8187803581' ...
### [bt]: Applying algorithm 'run_learner' on problem '358d8f8187803581' for job 2177 (seed = 2300) ...
INFO  [18:01:49.413] [mlr3] Applying learner 'rpart calibrated isotonic cv5' on task 'electricity' (iter 7/10)

### [bt]: Job terminated successfully [batchtools job.id=2177]
### [bt]: Starting job [batchtools job.id=2178]
### [bt]: Generating problem instance for problem '358d8f8187803581' ...
### [bt]: Applying algorithm 'run_learner' on problem '358d8f8187803581' for job 2178 (seed = 2301) ...
INFO  [18:02:06.096] [mlr3] Applying learner 'rpart calibrated isotonic cv5' on task 'electricity' (iter 8/10)

### [bt]: Job terminated successfully [batchtools job.id=2178]
### [bt]: Calculation finished!
