### [bt]: This is batchtools v0.9.17
### [bt]: Starting calculation of 1 jobs
### [bt]: Setting working directory to '/content'
### [bt]: Memory measurement disabled
### [bt]: Starting job [batchtools job.id=6894]
### [bt]: Generating problem instance for problem 'c27a1cbf9c91424a' ...
### [bt]: Applying algorithm 'run_learner' on problem 'c27a1cbf9c91424a' for job 6894 (seed = 7017) ...
INFO  [14:30:24.409] [mlr3] Applying learner 'nnet calibrated beta 80' on task 'ilpd' (iter 4/10)
# weights:  37
initial  value 271.180851 
iter  10 value 244.142907
iter  20 value 242.042960
iter  30 value 240.971493
iter  40 value 240.954073
final  value 240.954044 
converged
[1] -0.2456058
[1] 21.89166

### [bt]: Job terminated successfully [batchtools job.id=6894]
### [bt]: Calculation finished!
