### [bt]: This is batchtools v0.9.17
### [bt]: Starting calculation of 1 jobs
### [bt]: Setting working directory to '/content'
### [bt]: Memory measurement disabled
### [bt]: Starting job [batchtools job.id=8419]
### [bt]: Generating problem instance for problem '22f4988139232849' ...
### [bt]: Applying algorithm 'run_learner' on problem '22f4988139232849' for job 8419 (seed = 8542) ...
INFO  [19:51:11.255] [mlr3] Applying learner 'ranger calibrated isotonic cv5' on task 'nomao' (iter 9/10)
Growing trees.. Progress: 33%. Estimated remaining time: 1 minute, 2 seconds.
Growing trees.. Progress: 76%. Estimated remaining time: 19 seconds.
Growing trees.. Progress: 33%. Estimated remaining time: 1 minute, 2 seconds.
Growing trees.. Progress: 66%. Estimated remaining time: 31 seconds.
Growing trees.. Progress: 100%. Estimated remaining time: 0 seconds.
Growing trees.. Progress: 50%. Estimated remaining time: 30 seconds.
Growing trees.. Progress: 100%. Estimated remaining time: 0 seconds.
Growing trees.. Progress: 41%. Estimated remaining time: 43 seconds.
Growing trees.. Progress: 86%. Estimated remaining time: 10 seconds.
Growing trees.. Progress: 34%. Estimated remaining time: 59 seconds.
Growing trees.. Progress: 69%. Estimated remaining time: 28 seconds.

### [bt]: Job terminated successfully [batchtools job.id=8419]
### [bt]: Calculation finished!
