### [bt]: This is batchtools v0.9.17
### [bt]: Starting calculation of 4 jobs
### [bt]: Setting working directory to '/Users/I578045/Desktop/Mater_Thesis_Calibration'
ece.R :
Friedmann_tasks.R :
Functions.R :
ici.R :
mse_feature_effects.R :
PipeOpCalibration.R :
### [bt]: Memory measurement disabled
### [bt]: Starting job [batchtools job.id=1793]
### [bt]: Generating problem instance for problem '358d8f8187803581' ...
### [bt]: Applying algorithm 'run_learner' on problem '358d8f8187803581' for job 1793 (seed = 1916) ...
INFO  [09:24:07.480] [mlr3] Applying learner 'nnet calibrated beta cv3' on task 'electricity' (iter 3/10)
# weights:  46
initial  value 19354.717429 
iter  10 value 16159.936410
iter  20 value 15041.096846
iter  30 value 13872.288173
iter  40 value 13278.236547
iter  50 value 13082.484896
iter  60 value 12990.431068
iter  70 value 12952.599221
iter  80 value 12945.292087
iter  90 value 12942.377788
iter 100 value 12940.828385
final  value 12940.828385 
stopped after 100 iterations
# weights:  46
initial  value 18601.977892 
iter  10 value 16503.313982
iter  20 value 14848.295049
iter  30 value 13919.898112
iter  40 value 13404.718179
iter  50 value 13078.904325
iter  60 value 13005.589932
iter  70 value 12971.883760
iter  80 value 12956.602402
iter  90 value 12948.193767
iter 100 value 12943.429819
final  value 12943.429819 
stopped after 100 iterations
# weights:  46
initial  value 18785.519068 
iter  10 value 16522.940120
iter  20 value 15309.834414
iter  30 value 14638.848419
iter  40 value 13528.047108
iter  50 value 13352.589830
iter  60 value 13275.527462
iter  70 value 13215.993575
iter  80 value 12998.678113
iter  90 value 12924.860245
iter 100 value 12899.706891
final  value 12899.706891 
stopped after 100 iterations

### [bt]: Job terminated successfully [batchtools job.id=1793]
### [bt]: Starting job [batchtools job.id=1794]
### [bt]: Generating problem instance for problem '358d8f8187803581' ...
### [bt]: Applying algorithm 'run_learner' on problem '358d8f8187803581' for job 1794 (seed = 1917) ...
INFO  [09:24:12.458] [mlr3] Applying learner 'nnet calibrated beta cv3' on task 'electricity' (iter 4/10)
# weights:  46
initial  value 20530.200349 
iter  10 value 16626.328144
iter  20 value 15058.457123
iter  30 value 13795.930089
iter  40 value 13327.559160
iter  50 value 13180.700918
iter  60 value 13064.299412
iter  70 value 13009.054436
iter  80 value 12948.353703
iter  90 value 12884.756186
iter 100 value 12855.870647
final  value 12855.870647 
stopped after 100 iterations
# weights:  46
initial  value 24075.060371 
iter  10 value 17310.391245
iter  20 value 15951.949802
iter  30 value 14569.038723
iter  40 value 13710.406058
iter  50 value 13455.294773
iter  60 value 13290.265253
iter  70 value 13250.424093
iter  80 value 13231.421656
iter  90 value 13196.555769
iter 100 value 13166.749738
final  value 13166.749738 
stopped after 100 iterations
# weights:  46
initial  value 21425.217944 
iter  10 value 17047.582071
iter  20 value 15971.049699
iter  30 value 14620.529959
iter  40 value 13470.430292
iter  50 value 13106.447908
iter  60 value 12985.673249
iter  70 value 12947.925827
iter  80 value 12869.521546
iter  90 value 12859.036598
iter 100 value 12853.506881
final  value 12853.506881 
stopped after 100 iterations

### [bt]: Job terminated successfully [batchtools job.id=1794]
### [bt]: Starting job [batchtools job.id=1795]
### [bt]: Generating problem instance for problem '358d8f8187803581' ...
### [bt]: Applying algorithm 'run_learner' on problem '358d8f8187803581' for job 1795 (seed = 1918) ...
INFO  [09:24:17.511] [mlr3] Applying learner 'nnet calibrated beta cv3' on task 'electricity' (iter 5/10)
# weights:  46
initial  value 20440.680106 
iter  10 value 16586.439678
iter  20 value 15961.364264
iter  30 value 14087.160180
iter  40 value 13465.984951
iter  50 value 13330.012525
iter  60 value 13237.605916
iter  70 value 13184.643771
iter  80 value 13159.690251
iter  90 value 13140.675374
iter 100 value 13030.678101
final  value 13030.678101 
stopped after 100 iterations
# weights:  46
initial  value 19268.728095 
iter  10 value 17544.006665
iter  20 value 14876.052535
iter  30 value 13499.686043
iter  40 value 13082.359977
iter  50 value 12896.891282
iter  60 value 12827.582247
iter  70 value 12796.051875
iter  80 value 12770.422757
iter  90 value 12752.670145
iter 100 value 12740.322162
final  value 12740.322162 
stopped after 100 iterations
# weights:  46
initial  value 18918.646472 
iter  10 value 17155.182344
iter  20 value 15632.909453
iter  30 value 14558.541489
iter  40 value 13614.353836
iter  50 value 13109.543851
iter  60 value 12849.109493
iter  70 value 12780.907878
iter  80 value 12749.817766
iter  90 value 12747.358047
iter 100 value 12744.704377
final  value 12744.704377 
stopped after 100 iterations
Warning: glm.fit: fitted probabilities numerically 0 or 1 occurred
This happened PipeOp classif.nnet's $train()

### [bt]: Job terminated successfully [batchtools job.id=1795]
### [bt]: Starting job [batchtools job.id=1796]
### [bt]: Generating problem instance for problem '358d8f8187803581' ...
### [bt]: Applying algorithm 'run_learner' on problem '358d8f8187803581' for job 1796 (seed = 1919) ...
INFO  [09:24:22.479] [mlr3] Applying learner 'nnet calibrated beta cv3' on task 'electricity' (iter 6/10)
# weights:  46
initial  value 18496.578818 
iter  10 value 16991.133314
iter  20 value 16302.516990
iter  30 value 14367.409155
iter  40 value 13538.136187
iter  50 value 13235.893997
iter  60 value 13126.256980
iter  70 value 13096.028749
iter  80 value 13076.082398
iter  90 value 13058.982390
iter 100 value 13052.842272
final  value 13052.842272 
stopped after 100 iterations
# weights:  46
initial  value 18547.597712 
iter  10 value 16740.767957
iter  20 value 16562.031906
iter  30 value 16246.656720
iter  40 value 15562.680085
iter  50 value 14989.921376
iter  60 value 14004.685583
iter  70 value 13450.162846
iter  80 value 13193.221225
iter  90 value 13131.445743
iter 100 value 13078.212896
final  value 13078.212896 
stopped after 100 iterations
# weights:  46
initial  value 22280.227397 
iter  10 value 16676.529892
iter  20 value 15638.958798
iter  30 value 13835.258687
iter  40 value 13471.624281
iter  50 value 13333.314131
iter  60 value 13122.507389
iter  70 value 13068.335693
iter  80 value 12992.755715
iter  90 value 12967.765974
iter 100 value 12963.419731
final  value 12963.419731 
stopped after 100 iterations

### [bt]: Job terminated successfully [batchtools job.id=1796]
### [bt]: Calculation finished!
