### [bt]: This is batchtools v0.9.17
### [bt]: Starting calculation of 5 jobs
### [bt]: Setting working directory to '/Users/adrian/Desktop/Mater_Thesis_Calibration'
ece.R :
Friedmann_tasks.R :
Functions.R :
ici.R :
mse_feature_effects.R :
PipeOpCalibration.R :
### [bt]: Memory measurement disabled
### [bt]: Starting job [batchtools job.id=176]
### [bt]: Generating problem instance for problem '563768ad2e048da7' ...
### [bt]: Applying algorithm 'run_learner' on problem '563768ad2e048da7' for job 176 (seed = 299) ...
INFO  [12:38:01.912] [mlr3] Applying learner 'kknn calibrated beta 80' on task 'credit-g' (iter 6/10)

### [bt]: Job terminated successfully [batchtools job.id=176]
### [bt]: Starting job [batchtools job.id=177]
### [bt]: Generating problem instance for problem '563768ad2e048da7' ...
### [bt]: Applying algorithm 'run_learner' on problem '563768ad2e048da7' for job 177 (seed = 300) ...
INFO  [12:38:02.796] [mlr3] Applying learner 'kknn calibrated beta 80' on task 'credit-g' (iter 7/10)

### [bt]: Job terminated successfully [batchtools job.id=177]
### [bt]: Starting job [batchtools job.id=178]
### [bt]: Generating problem instance for problem '563768ad2e048da7' ...
### [bt]: Applying algorithm 'run_learner' on problem '563768ad2e048da7' for job 178 (seed = 301) ...
INFO  [12:38:05.297] [mlr3] Applying learner 'kknn calibrated beta 80' on task 'credit-g' (iter 8/10)

### [bt]: Job terminated successfully [batchtools job.id=178]
### [bt]: Starting job [batchtools job.id=179]
### [bt]: Generating problem instance for problem '563768ad2e048da7' ...
### [bt]: Applying algorithm 'run_learner' on problem '563768ad2e048da7' for job 179 (seed = 302) ...
INFO  [12:38:05.442] [mlr3] Applying learner 'kknn calibrated beta 80' on task 'credit-g' (iter 9/10)
Warning: glm.fit: fitted probabilities numerically 0 or 1 occurred
This happened PipeOp classif.kknn's $train()

### [bt]: Job terminated successfully [batchtools job.id=179]
### [bt]: Starting job [batchtools job.id=180]
### [bt]: Generating problem instance for problem '563768ad2e048da7' ...
### [bt]: Applying algorithm 'run_learner' on problem '563768ad2e048da7' for job 180 (seed = 303) ...
INFO  [12:38:05.725] [mlr3] Applying learner 'kknn calibrated beta 80' on task 'credit-g' (iter 10/10)

### [bt]: Job terminated successfully [batchtools job.id=180]
### [bt]: Calculation finished!
