### [bt]: This is batchtools v0.9.17
### [bt]: Starting calculation of 1 jobs
### [bt]: Setting working directory to '/content'
### [bt]: Memory measurement disabled
### [bt]: Starting job [batchtools job.id=9497]
### [bt]: Generating problem instance for problem '0ecb79b078d7aa0a' ...
### [bt]: Applying algorithm 'run_learner' on problem '0ecb79b078d7aa0a' for job 9497 (seed = 9620) ...
INFO  [14:33:53.821] [mlr3] Applying learner 'nnet calibrated isotonic 70' on task 'PhishingWebsites' (iter 7/10)
# weights:  121
initial  value 6220.003094 
iter  10 value 2028.681461
iter  20 value 1448.661919
iter  30 value 1193.401368
iter  40 value 1092.797349
iter  50 value 1049.425442
iter  60 value 1031.465728
iter  70 value 1013.849465
iter  80 value 999.780074
iter  90 value 970.995230
iter 100 value 950.021021
final  value 950.021021 
stopped after 100 iterations

### [bt]: Job terminated successfully [batchtools job.id=9497]
### [bt]: Calculation finished!
