### [bt]: This is batchtools v0.9.17
### [bt]: Starting calculation of 1 jobs
### [bt]: Setting working directory to '/content'
### [bt]: Memory measurement disabled
### [bt]: Starting job [batchtools job.id=7088]
### [bt]: Generating problem instance for problem 'c27a1cbf9c91424a' ...
### [bt]: Applying algorithm 'run_learner' on problem 'c27a1cbf9c91424a' for job 7088 (seed = 7211) ...
INFO  [14:30:34.532] [mlr3] Applying learner 'ranger calibrated beta cv5' on task 'ilpd' (iter 8/10)
[1] 1.113342
[1] 46.44627
[1] -31.31724
[1] 18.95928
[1] 1.895445
[1] 77.30387
[1] 0.2412951
[1] 32.91593
[1] 1.292851
[1] 76.0975

### [bt]: Job terminated successfully [batchtools job.id=7088]
### [bt]: Calculation finished!
