### [bt]: This is batchtools v0.9.17
### [bt]: Starting calculation of 5 jobs
### [bt]: Setting working directory to '/Users/adrian/Desktop/Mater_Thesis_Calibration'
ece.R :
Friedmann_tasks.R :
Functions.R :
ici.R :
mse_feature_effects.R :
PipeOpCalibration.R :
### [bt]: Memory measurement disabled
### [bt]: Starting job [batchtools job.id=3666]
### [bt]: Generating problem instance for problem 'b541340d6c2eb21d' ...
### [bt]: Applying algorithm 'run_learner' on problem 'b541340d6c2eb21d' for job 3666 (seed = 3789) ...
INFO  [14:20:48.231] [mlr3] Applying learner 'svm calibrated platt cv5' on task 'kc1' (iter 6/10)

### [bt]: Job terminated successfully [batchtools job.id=3666]
### [bt]: Starting job [batchtools job.id=3667]
### [bt]: Generating problem instance for problem 'b541340d6c2eb21d' ...
### [bt]: Applying algorithm 'run_learner' on problem 'b541340d6c2eb21d' for job 3667 (seed = 3790) ...
INFO  [14:20:54.973] [mlr3] Applying learner 'svm calibrated platt cv5' on task 'kc1' (iter 7/10)

### [bt]: Job terminated successfully [batchtools job.id=3667]
### [bt]: Starting job [batchtools job.id=3668]
### [bt]: Generating problem instance for problem 'b541340d6c2eb21d' ...
### [bt]: Applying algorithm 'run_learner' on problem 'b541340d6c2eb21d' for job 3668 (seed = 3791) ...
INFO  [14:20:58.721] [mlr3] Applying learner 'svm calibrated platt cv5' on task 'kc1' (iter 8/10)

### [bt]: Job terminated successfully [batchtools job.id=3668]
### [bt]: Starting job [batchtools job.id=3669]
### [bt]: Generating problem instance for problem 'b541340d6c2eb21d' ...
### [bt]: Applying algorithm 'run_learner' on problem 'b541340d6c2eb21d' for job 3669 (seed = 3792) ...
INFO  [14:21:02.541] [mlr3] Applying learner 'svm calibrated platt cv5' on task 'kc1' (iter 9/10)

### [bt]: Job terminated successfully [batchtools job.id=3669]
### [bt]: Starting job [batchtools job.id=3670]
### [bt]: Generating problem instance for problem 'b541340d6c2eb21d' ...
### [bt]: Applying algorithm 'run_learner' on problem 'b541340d6c2eb21d' for job 3670 (seed = 3793) ...
INFO  [14:21:06.129] [mlr3] Applying learner 'svm calibrated platt cv5' on task 'kc1' (iter 10/10)

### [bt]: Job terminated successfully [batchtools job.id=3670]
### [bt]: Calculation finished!
