### [bt]: This is batchtools v0.9.17
### [bt]: Starting calculation of 5 jobs
### [bt]: Setting working directory to '/Users/adrian/Desktop/Mater_Thesis_Calibration'
### [bt]: Memory measurement disabled
### [bt]: Starting job [batchtools job.id=156]
### [bt]: Generating problem instance for problem '1bd472785c2444ba' ...
### [bt]: Applying algorithm 'run_learner' on problem '1bd472785c2444ba' for job 156 (seed = 157) ...
INFO  [11:13:53.358] [mlr3] Applying learner 'glmnet calibrated platt holdout_75' on task 'wdbc' (iter 6/10)

### [bt]: Job terminated successfully [batchtools job.id=156]
### [bt]: Starting job [batchtools job.id=157]
### [bt]: Generating problem instance for problem '1bd472785c2444ba' ...
### [bt]: Applying algorithm 'run_learner' on problem '1bd472785c2444ba' for job 157 (seed = 158) ...
INFO  [11:13:56.149] [mlr3] Applying learner 'glmnet calibrated platt holdout_75' on task 'wdbc' (iter 7/10)

### [bt]: Job terminated successfully [batchtools job.id=157]
### [bt]: Starting job [batchtools job.id=158]
### [bt]: Generating problem instance for problem '1bd472785c2444ba' ...
### [bt]: Applying algorithm 'run_learner' on problem '1bd472785c2444ba' for job 158 (seed = 159) ...
INFO  [11:13:56.728] [mlr3] Applying learner 'glmnet calibrated platt holdout_75' on task 'wdbc' (iter 8/10)

### [bt]: Job terminated successfully [batchtools job.id=158]
### [bt]: Starting job [batchtools job.id=159]
### [bt]: Generating problem instance for problem '1bd472785c2444ba' ...
### [bt]: Applying algorithm 'run_learner' on problem '1bd472785c2444ba' for job 159 (seed = 160) ...
INFO  [11:13:57.127] [mlr3] Applying learner 'glmnet calibrated platt holdout_75' on task 'wdbc' (iter 9/10)
Warning: glm.fit: algorithm did not converge
This happened PipeOp classif.glmnet's $train()
Warning: glm.fit: fitted probabilities numerically 0 or 1 occurred
This happened PipeOp classif.glmnet's $train()

### [bt]: Job terminated successfully [batchtools job.id=159]
### [bt]: Starting job [batchtools job.id=160]
### [bt]: Generating problem instance for problem '1bd472785c2444ba' ...
### [bt]: Applying algorithm 'run_learner' on problem '1bd472785c2444ba' for job 160 (seed = 161) ...
INFO  [11:13:58.264] [mlr3] Applying learner 'glmnet calibrated platt holdout_75' on task 'wdbc' (iter 10/10)

### [bt]: Job terminated successfully [batchtools job.id=160]
### [bt]: Calculation finished!
