### [bt]: This is batchtools v0.9.17
### [bt]: Starting calculation of 1 jobs
### [bt]: Setting working directory to '/content'
### [bt]: Memory measurement disabled
### [bt]: Starting job [batchtools job.id=3049]
### [bt]: Generating problem instance for problem 'b541340d6c2eb21d' ...
### [bt]: Applying algorithm 'run_learner' on problem 'b541340d6c2eb21d' for job 3049 (seed = 3172) ...
INFO  [14:21:55.682] [mlr3] Applying learner 'nnet calibrated beta 70' on task 'kc1' (iter 9/10)
# weights:  70
initial  value 752.671849 
iter  10 value 546.192450
iter  20 value 510.609012
iter  30 value 475.634388
iter  40 value 468.895673
iter  50 value 466.995658
iter  60 value 466.385615
iter  70 value 466.373225
iter  80 value 466.211674
iter  90 value 466.182607
final  value 466.182261 
converged
[1] -48.87117
[1] 32.32674

### [bt]: Job terminated successfully [batchtools job.id=3049]
### [bt]: Calculation finished!
