### [bt]: This is batchtools v0.9.17
### [bt]: Starting calculation of 5 jobs
### [bt]: Setting working directory to '/Users/adrian/Desktop/Mater_Thesis_Calibration'
ece.R :
Friedmann_tasks.R :
Functions.R :
ici.R :
mse_feature_effects.R :
PipeOpCalibration.R :
### [bt]: Memory measurement disabled
### [bt]: Starting job [batchtools job.id=7876]
### [bt]: Generating problem instance for problem '22f4988139232849' ...
### [bt]: Applying algorithm 'run_learner' on problem '22f4988139232849' for job 7876 (seed = 7999) ...
INFO  [19:30:15.398] [mlr3] Applying learner 'kknn calibrated beta cv3' on task 'nomao' (iter 6/10)
Warning: glm.fit: fitted probabilities numerically 0 or 1 occurred
This happened PipeOp classif.kknn's $train()
Warning: glm.fit: fitted probabilities numerically 0 or 1 occurred
This happened PipeOp classif.kknn's $train()

### [bt]: Job terminated successfully [batchtools job.id=7876]
### [bt]: Starting job [batchtools job.id=7877]
### [bt]: Generating problem instance for problem '22f4988139232849' ...
### [bt]: Applying algorithm 'run_learner' on problem '22f4988139232849' for job 7877 (seed = 8000) ...
INFO  [19:32:18.979] [mlr3] Applying learner 'kknn calibrated beta cv3' on task 'nomao' (iter 7/10)
Warning: glm.fit: fitted probabilities numerically 0 or 1 occurred
This happened PipeOp classif.kknn's $train()
Warning: glm.fit: fitted probabilities numerically 0 or 1 occurred
This happened PipeOp classif.kknn's $train()
Warning: glm.fit: algorithm did not converge
This happened PipeOp classif.kknn's $train()

### [bt]: Job terminated successfully [batchtools job.id=7877]
### [bt]: Starting job [batchtools job.id=7878]
### [bt]: Generating problem instance for problem '22f4988139232849' ...
### [bt]: Applying algorithm 'run_learner' on problem '22f4988139232849' for job 7878 (seed = 8001) ...
INFO  [19:34:20.805] [mlr3] Applying learner 'kknn calibrated beta cv3' on task 'nomao' (iter 8/10)
Warning: glm.fit: fitted probabilities numerically 0 or 1 occurred
This happened PipeOp classif.kknn's $train()
Warning: glm.fit: fitted probabilities numerically 0 or 1 occurred
This happened PipeOp classif.kknn's $train()

### [bt]: Job terminated successfully [batchtools job.id=7878]
### [bt]: Starting job [batchtools job.id=7879]
### [bt]: Generating problem instance for problem '22f4988139232849' ...
### [bt]: Applying algorithm 'run_learner' on problem '22f4988139232849' for job 7879 (seed = 8002) ...
INFO  [19:36:19.224] [mlr3] Applying learner 'kknn calibrated beta cv3' on task 'nomao' (iter 9/10)
Warning: glm.fit: fitted probabilities numerically 0 or 1 occurred
This happened PipeOp classif.kknn's $train()
Warning: glm.fit: fitted probabilities numerically 0 or 1 occurred
This happened PipeOp classif.kknn's $train()

### [bt]: Job terminated successfully [batchtools job.id=7879]
### [bt]: Starting job [batchtools job.id=7880]
### [bt]: Generating problem instance for problem '22f4988139232849' ...
### [bt]: Applying algorithm 'run_learner' on problem '22f4988139232849' for job 7880 (seed = 8003) ...
INFO  [19:38:27.668] [mlr3] Applying learner 'kknn calibrated beta cv3' on task 'nomao' (iter 10/10)
Warning: glm.fit: algorithm did not converge
This happened PipeOp classif.kknn's $train()
Warning: glm.fit: fitted probabilities numerically 0 or 1 occurred
This happened PipeOp classif.kknn's $train()

### [bt]: Job terminated successfully [batchtools job.id=7880]
### [bt]: Calculation finished!
