### [bt]: This is batchtools v0.9.17
### [bt]: Starting calculation of 1 jobs
### [bt]: Setting working directory to '/content'
### [bt]: Memory measurement disabled
### [bt]: Starting job [batchtools job.id=8185]
### [bt]: Generating problem instance for problem '22f4988139232849' ...
### [bt]: Applying algorithm 'run_learner' on problem '22f4988139232849' for job 8185 (seed = 8308) ...
INFO  [16:26:56.243] [mlr3] Applying learner 'nnet calibrated beta 90' on task 'nomao' (iter 5/10)
# weights:  442
initial  value 20389.807264 
iter  10 value 6031.127273
iter  20 value 4627.809000
iter  30 value 4035.996896
iter  40 value 3697.655282
iter  50 value 3460.394237
iter  60 value 3310.904090
iter  70 value 3217.326155
iter  80 value 3155.601304
iter  90 value 3093.237591
iter 100 value 3030.448783
final  value 3030.448783 
stopped after 100 iterations
[1] -25.1693
[1] 40.86754

### [bt]: Job terminated successfully [batchtools job.id=8185]
### [bt]: Calculation finished!
