### [bt]: This is batchtools v0.9.17
### [bt]: Starting calculation of 5 jobs
### [bt]: Setting working directory to '/Users/adrian/Desktop/Mater_Thesis_Calibration'
### [bt]: Memory measurement disabled
### [bt]: Starting job [batchtools job.id=2891]
### [bt]: Generating problem instance for problem '257f58d7d9640369' ...
### [bt]: Applying algorithm 'run_learner' on problem '257f58d7d9640369' for job 2891 (seed = 2892) ...
INFO  [12:44:19.720] [mlr3] Applying learner 'xgboost calibrated beta holdout_80' on task 'ilpd' (iter 1/10)

### [bt]: Job terminated successfully [batchtools job.id=2891]
### [bt]: Starting job [batchtools job.id=2892]
### [bt]: Generating problem instance for problem '257f58d7d9640369' ...
### [bt]: Applying algorithm 'run_learner' on problem '257f58d7d9640369' for job 2892 (seed = 2893) ...
INFO  [12:44:25.300] [mlr3] Applying learner 'xgboost calibrated beta holdout_80' on task 'ilpd' (iter 2/10)

### [bt]: Job terminated successfully [batchtools job.id=2892]
### [bt]: Starting job [batchtools job.id=2893]
### [bt]: Generating problem instance for problem '257f58d7d9640369' ...
### [bt]: Applying algorithm 'run_learner' on problem '257f58d7d9640369' for job 2893 (seed = 2894) ...
INFO  [12:44:28.537] [mlr3] Applying learner 'xgboost calibrated beta holdout_80' on task 'ilpd' (iter 3/10)

### [bt]: Job terminated successfully [batchtools job.id=2893]
### [bt]: Starting job [batchtools job.id=2894]
### [bt]: Generating problem instance for problem '257f58d7d9640369' ...
### [bt]: Applying algorithm 'run_learner' on problem '257f58d7d9640369' for job 2894 (seed = 2895) ...
INFO  [12:44:31.690] [mlr3] Applying learner 'xgboost calibrated beta holdout_80' on task 'ilpd' (iter 4/10)

### [bt]: Job terminated successfully [batchtools job.id=2894]
### [bt]: Starting job [batchtools job.id=2895]
### [bt]: Generating problem instance for problem '257f58d7d9640369' ...
### [bt]: Applying algorithm 'run_learner' on problem '257f58d7d9640369' for job 2895 (seed = 2896) ...
INFO  [12:44:34.885] [mlr3] Applying learner 'xgboost calibrated beta holdout_80' on task 'ilpd' (iter 5/10)

### [bt]: Job terminated successfully [batchtools job.id=2895]
### [bt]: Calculation finished!
