### [bt]: This is batchtools v0.9.17
### [bt]: Starting calculation of 5 jobs
### [bt]: Setting working directory to '/Users/adrian/Desktop/Mater_Thesis_Calibration'
ece.R :
Friedmann_tasks.R :
Functions.R :
ici.R :
mse_feature_effects.R :
PipeOpCalibration.R :
### [bt]: Memory measurement disabled
### [bt]: Starting job [batchtools job.id=9816]
### [bt]: Generating problem instance for problem '0ecb79b078d7aa0a' ...
### [bt]: Applying algorithm 'run_learner' on problem '0ecb79b078d7aa0a' for job 9816 (seed = 9939) ...
INFO  [19:01:05.718] [mlr3] Applying learner 'rpart calibrated isotonic 70' on task 'PhishingWebsites' (iter 6/10)

### [bt]: Job terminated successfully [batchtools job.id=9816]
### [bt]: Starting job [batchtools job.id=9817]
### [bt]: Generating problem instance for problem '0ecb79b078d7aa0a' ...
### [bt]: Applying algorithm 'run_learner' on problem '0ecb79b078d7aa0a' for job 9817 (seed = 9940) ...
INFO  [19:01:11.436] [mlr3] Applying learner 'rpart calibrated isotonic 70' on task 'PhishingWebsites' (iter 7/10)

### [bt]: Job terminated successfully [batchtools job.id=9817]
### [bt]: Starting job [batchtools job.id=9818]
### [bt]: Generating problem instance for problem '0ecb79b078d7aa0a' ...
### [bt]: Applying algorithm 'run_learner' on problem '0ecb79b078d7aa0a' for job 9818 (seed = 9941) ...
INFO  [19:01:21.595] [mlr3] Applying learner 'rpart calibrated isotonic 70' on task 'PhishingWebsites' (iter 8/10)

### [bt]: Job terminated successfully [batchtools job.id=9818]
### [bt]: Starting job [batchtools job.id=9819]
### [bt]: Generating problem instance for problem '0ecb79b078d7aa0a' ...
### [bt]: Applying algorithm 'run_learner' on problem '0ecb79b078d7aa0a' for job 9819 (seed = 9942) ...
INFO  [19:01:21.755] [mlr3] Applying learner 'rpart calibrated isotonic 70' on task 'PhishingWebsites' (iter 9/10)

### [bt]: Job terminated successfully [batchtools job.id=9819]
### [bt]: Starting job [batchtools job.id=9820]
### [bt]: Generating problem instance for problem '0ecb79b078d7aa0a' ...
### [bt]: Applying algorithm 'run_learner' on problem '0ecb79b078d7aa0a' for job 9820 (seed = 9943) ...
INFO  [19:01:21.924] [mlr3] Applying learner 'rpart calibrated isotonic 70' on task 'PhishingWebsites' (iter 10/10)

### [bt]: Job terminated successfully [batchtools job.id=9820]
### [bt]: Calculation finished!
