### [bt]: This is batchtools v0.9.17
### [bt]: Starting calculation of 5 jobs
### [bt]: Setting working directory to '/Users/adrian/Desktop/Mater_Thesis_Calibration'
### [bt]: Memory measurement disabled
### [bt]: Starting job [batchtools job.id=1641]
### [bt]: Generating problem instance for problem '257f58d7d9640369' ...
### [bt]: Applying algorithm 'run_learner' on problem '257f58d7d9640369' for job 1641 (seed = 1642) ...
INFO  [12:00:19.043] [mlr3] Applying learner 'glmnet calibrated platt cv_10' on task 'ilpd' (iter 1/10)

### [bt]: Job terminated successfully [batchtools job.id=1641]
### [bt]: Starting job [batchtools job.id=1642]
### [bt]: Generating problem instance for problem '257f58d7d9640369' ...
### [bt]: Applying algorithm 'run_learner' on problem '257f58d7d9640369' for job 1642 (seed = 1643) ...
INFO  [12:00:25.696] [mlr3] Applying learner 'glmnet calibrated platt cv_10' on task 'ilpd' (iter 2/10)

### [bt]: Job terminated successfully [batchtools job.id=1642]
### [bt]: Starting job [batchtools job.id=1643]
### [bt]: Generating problem instance for problem '257f58d7d9640369' ...
### [bt]: Applying algorithm 'run_learner' on problem '257f58d7d9640369' for job 1643 (seed = 1644) ...
INFO  [12:00:29.895] [mlr3] Applying learner 'glmnet calibrated platt cv_10' on task 'ilpd' (iter 3/10)

### [bt]: Job terminated successfully [batchtools job.id=1643]
### [bt]: Starting job [batchtools job.id=1644]
### [bt]: Generating problem instance for problem '257f58d7d9640369' ...
### [bt]: Applying algorithm 'run_learner' on problem '257f58d7d9640369' for job 1644 (seed = 1645) ...
INFO  [12:00:34.220] [mlr3] Applying learner 'glmnet calibrated platt cv_10' on task 'ilpd' (iter 4/10)

### [bt]: Job terminated successfully [batchtools job.id=1644]
### [bt]: Starting job [batchtools job.id=1645]
### [bt]: Generating problem instance for problem '257f58d7d9640369' ...
### [bt]: Applying algorithm 'run_learner' on problem '257f58d7d9640369' for job 1645 (seed = 1646) ...
INFO  [12:00:38.332] [mlr3] Applying learner 'glmnet calibrated platt cv_10' on task 'ilpd' (iter 5/10)

### [bt]: Job terminated successfully [batchtools job.id=1645]
### [bt]: Calculation finished!
