### [bt]: This is batchtools v0.9.17
### [bt]: Starting calculation of 5 jobs
### [bt]: Setting working directory to '/Users/adrian/Desktop/Mater_Thesis_Calibration'
ece.R :
Friedmann_tasks.R :
Functions.R :
ici.R :
mse_feature_effects.R :
PipeOpCalibration.R :
### [bt]: Memory measurement disabled
### [bt]: Starting job [batchtools job.id=186]
### [bt]: Generating problem instance for problem '563768ad2e048da7' ...
### [bt]: Applying algorithm 'run_learner' on problem '563768ad2e048da7' for job 186 (seed = 309) ...
INFO  [12:38:10.810] [mlr3] Applying learner 'kknn calibrated beta 90' on task 'credit-g' (iter 6/10)
Warning: glm.fit: fitted probabilities numerically 0 or 1 occurred
This happened PipeOp classif.kknn's $train()

### [bt]: Job terminated successfully [batchtools job.id=186]
### [bt]: Starting job [batchtools job.id=187]
### [bt]: Generating problem instance for problem '563768ad2e048da7' ...
### [bt]: Applying algorithm 'run_learner' on problem '563768ad2e048da7' for job 187 (seed = 310) ...
INFO  [12:38:11.753] [mlr3] Applying learner 'kknn calibrated beta 90' on task 'credit-g' (iter 7/10)

### [bt]: Job terminated successfully [batchtools job.id=187]
### [bt]: Starting job [batchtools job.id=188]
### [bt]: Generating problem instance for problem '563768ad2e048da7' ...
### [bt]: Applying algorithm 'run_learner' on problem '563768ad2e048da7' for job 188 (seed = 311) ...
INFO  [12:38:14.250] [mlr3] Applying learner 'kknn calibrated beta 90' on task 'credit-g' (iter 8/10)
Warning: glm.fit: fitted probabilities numerically 0 or 1 occurred
This happened PipeOp classif.kknn's $train()

### [bt]: Job terminated successfully [batchtools job.id=188]
### [bt]: Starting job [batchtools job.id=189]
### [bt]: Generating problem instance for problem '563768ad2e048da7' ...
### [bt]: Applying algorithm 'run_learner' on problem '563768ad2e048da7' for job 189 (seed = 312) ...
INFO  [12:38:14.403] [mlr3] Applying learner 'kknn calibrated beta 90' on task 'credit-g' (iter 9/10)

### [bt]: Job terminated successfully [batchtools job.id=189]
### [bt]: Starting job [batchtools job.id=190]
### [bt]: Generating problem instance for problem '563768ad2e048da7' ...
### [bt]: Applying algorithm 'run_learner' on problem '563768ad2e048da7' for job 190 (seed = 313) ...
INFO  [12:38:14.624] [mlr3] Applying learner 'kknn calibrated beta 90' on task 'credit-g' (iter 10/10)

### [bt]: Job terminated successfully [batchtools job.id=190]
### [bt]: Calculation finished!
