### [bt]: This is batchtools v0.9.17
### [bt]: Starting calculation of 1 jobs
### [bt]: Setting working directory to '/content'
### [bt]: Memory measurement disabled
### [bt]: Starting job [batchtools job.id=10948]
### [bt]: Generating problem instance for problem 'cfb05fadfc1e266b' ...
### [bt]: Applying algorithm 'run_learner' on problem 'cfb05fadfc1e266b' for job 10948 (seed = 11071) ...
INFO  [21:06:49.311] [mlr3] Applying learner 'ranger calibrated isotonic 80' on task 'numerai28.6' (iter 8/10)
Growing trees.. Progress: 9%. Estimated remaining time: 5 minutes, 19 seconds.
Growing trees.. Progress: 17%. Estimated remaining time: 4 minutes, 54 seconds.
Growing trees.. Progress: 26%. Estimated remaining time: 4 minutes, 18 seconds.
Growing trees.. Progress: 35%. Estimated remaining time: 3 minutes, 46 seconds.
Growing trees.. Progress: 44%. Estimated remaining time: 3 minutes, 14 seconds.
Growing trees.. Progress: 53%. Estimated remaining time: 2 minutes, 43 seconds.
Growing trees.. Progress: 63%. Estimated remaining time: 2 minutes, 10 seconds.
Growing trees.. Progress: 72%. Estimated remaining time: 1 minute, 39 seconds.
Growing trees.. Progress: 80%. Estimated remaining time: 1 minute, 8 seconds.
Growing trees.. Progress: 89%. Estimated remaining time: 38 seconds.
Growing trees.. Progress: 98%. Estimated remaining time: 7 seconds.

### [bt]: Job terminated successfully [batchtools job.id=10948]
### [bt]: Calculation finished!
