### [bt]: This is batchtools v0.9.17
### [bt]: Starting calculation of 5 jobs
### [bt]: Setting working directory to '/Users/adrian/Desktop/Mater_Thesis_Calibration'
ece.R :
Friedmann_tasks.R :
Functions.R :
ici.R :
mse_feature_effects.R :
PipeOpCalibration.R :
### [bt]: Memory measurement disabled
### [bt]: Starting job [batchtools job.id=4016]
### [bt]: Generating problem instance for problem '341ee781c7d79b8f' ...
### [bt]: Applying algorithm 'run_learner' on problem '341ee781c7d79b8f' for job 4016 (seed = 4139) ...
INFO  [15:00:39.696] [mlr3] Applying learner 'kknn calibrated beta 80' on task 'wdbc' (iter 6/10)
Warning: glm.fit: fitted probabilities numerically 0 or 1 occurred
This happened PipeOp classif.kknn's $train()

### [bt]: Job terminated successfully [batchtools job.id=4016]
### [bt]: Starting job [batchtools job.id=4017]
### [bt]: Generating problem instance for problem '341ee781c7d79b8f' ...
### [bt]: Applying algorithm 'run_learner' on problem '341ee781c7d79b8f' for job 4017 (seed = 4140) ...
INFO  [15:00:39.822] [mlr3] Applying learner 'kknn calibrated beta 80' on task 'wdbc' (iter 7/10)
Warning: glm.fit: fitted probabilities numerically 0 or 1 occurred
This happened PipeOp classif.kknn's $train()

### [bt]: Job terminated successfully [batchtools job.id=4017]
### [bt]: Starting job [batchtools job.id=4018]
### [bt]: Generating problem instance for problem '341ee781c7d79b8f' ...
### [bt]: Applying algorithm 'run_learner' on problem '341ee781c7d79b8f' for job 4018 (seed = 4141) ...
INFO  [15:00:40.057] [mlr3] Applying learner 'kknn calibrated beta 80' on task 'wdbc' (iter 8/10)
Warning: glm.fit: fitted probabilities numerically 0 or 1 occurred
This happened PipeOp classif.kknn's $train()

### [bt]: Job terminated successfully [batchtools job.id=4018]
### [bt]: Starting job [batchtools job.id=4019]
### [bt]: Generating problem instance for problem '341ee781c7d79b8f' ...
### [bt]: Applying algorithm 'run_learner' on problem '341ee781c7d79b8f' for job 4019 (seed = 4142) ...
INFO  [15:00:40.365] [mlr3] Applying learner 'kknn calibrated beta 80' on task 'wdbc' (iter 9/10)
Warning: glm.fit: fitted probabilities numerically 0 or 1 occurred
This happened PipeOp classif.kknn's $train()

### [bt]: Job terminated successfully [batchtools job.id=4019]
### [bt]: Starting job [batchtools job.id=4020]
### [bt]: Generating problem instance for problem '341ee781c7d79b8f' ...
### [bt]: Applying algorithm 'run_learner' on problem '341ee781c7d79b8f' for job 4020 (seed = 4143) ...
INFO  [15:00:47.222] [mlr3] Applying learner 'kknn calibrated beta 80' on task 'wdbc' (iter 10/10)
Warning: glm.fit: fitted probabilities numerically 0 or 1 occurred
This happened PipeOp classif.kknn's $train()

### [bt]: Job terminated successfully [batchtools job.id=4020]
### [bt]: Calculation finished!
