### [bt]: This is batchtools v0.9.17
### [bt]: Starting calculation of 1 jobs
### [bt]: Setting working directory to '/content'
### [bt]: Memory measurement disabled
### [bt]: Starting job [batchtools job.id=3172]
### [bt]: Generating problem instance for problem 'b541340d6c2eb21d' ...
### [bt]: Applying algorithm 'run_learner' on problem 'b541340d6c2eb21d' for job 3172 (seed = 3295) ...
INFO  [14:22:02.654] [mlr3] Applying learner 'nnet calibrated platt cv3' on task 'kc1' (iter 2/10)
# weights:  70
initial  value 1400.548087 
iter  10 value 483.167565
iter  20 value 468.319009
iter  30 value 450.772821
iter  40 value 437.597336
iter  50 value 431.686256
iter  60 value 429.930084
iter  70 value 429.920564
final  value 429.920555 
converged
# weights:  70
initial  value 668.078227 
iter  10 value 501.570646
iter  20 value 489.641199
iter  30 value 480.079242
iter  40 value 471.049225
iter  50 value 463.981666
iter  60 value 462.674827
iter  70 value 461.631554
iter  80 value 460.228076
iter  90 value 457.727084
iter 100 value 457.202250
final  value 457.202250 
stopped after 100 iterations
# weights:  70
initial  value 800.399352 
iter  10 value 449.592105
iter  20 value 442.366972
iter  30 value 435.436617
iter  40 value 431.419183
iter  50 value 427.887540
iter  60 value 426.861477
iter  70 value 426.828640
final  value 426.828282 
converged

### [bt]: Job terminated successfully [batchtools job.id=3172]
### [bt]: Calculation finished!
