### [bt]: This is batchtools v0.9.17
### [bt]: Starting calculation of 1 jobs
### [bt]: Setting working directory to '/content'
### [bt]: Memory measurement disabled
### [bt]: Starting job [batchtools job.id=8360]
### [bt]: Generating problem instance for problem '22f4988139232849' ...
### [bt]: Applying algorithm 'run_learner' on problem '22f4988139232849' for job 8360 (seed = 8483) ...
INFO  [19:43:09.593] [mlr3] Applying learner 'ranger calibrated beta cv3' on task 'nomao' (iter 10/10)
Growing trees.. Progress: 52%. Estimated remaining time: 28 seconds.
Growing trees.. Progress: 98%. Estimated remaining time: 1 seconds.
Growing trees.. Progress: 61%. Estimated remaining time: 19 seconds.
Growing trees.. Progress: 45%. Estimated remaining time: 38 seconds.
Growing trees.. Progress: 90%. Estimated remaining time: 7 seconds.
Warning: glm.fit: fitted probabilities numerically 0 or 1 occurred
This happened PipeOp classif.ranger's $train()
[1] -42.38575
[1] 58.62853
Warning: glm.fit: fitted probabilities numerically 0 or 1 occurred
This happened PipeOp classif.ranger's $train()
[1] -50.75481
[1] 53.84138
Warning: glm.fit: fitted probabilities numerically 0 or 1 occurred
This happened PipeOp classif.ranger's $train()
[1] -55.63516
[1] 44.32072

### [bt]: Job terminated successfully [batchtools job.id=8360]
### [bt]: Calculation finished!
