### [bt]: This is batchtools v0.9.17
### [bt]: Starting calculation of 1 jobs
### [bt]: Setting working directory to '/content'
### [bt]: Memory measurement disabled
### [bt]: Starting job [batchtools job.id=9464]
### [bt]: Generating problem instance for problem '0ecb79b078d7aa0a' ...
### [bt]: Applying algorithm 'run_learner' on problem '0ecb79b078d7aa0a' for job 9464 (seed = 9587) ...
INFO  [14:33:50.746] [mlr3] Applying learner 'nnet calibrated beta 90' on task 'PhishingWebsites' (iter 4/10)
# weights:  121
initial  value 6292.706486 
iter  10 value 2277.218901
iter  20 value 1664.034094
iter  30 value 1518.183841
iter  40 value 1327.516865
iter  50 value 1244.171875
iter  60 value 1148.900540
iter  70 value 1121.037858
iter  80 value 1111.660246
iter  90 value 1109.705804
iter 100 value 1107.869999
final  value 1107.869999 
stopped after 100 iterations
Warning: glm.fit: fitted probabilities numerically 0 or 1 occurred
This happened PipeOp classif.nnet's $train()
[1] -30.35458
[1] 41.60457

### [bt]: Job terminated successfully [batchtools job.id=9464]
### [bt]: Calculation finished!
