### [bt]: This is batchtools v0.9.17
### [bt]: Starting calculation of 4 jobs
### [bt]: Setting working directory to '/Users/I578045/Desktop/Mater_Thesis_Calibration'
ece.R :
Friedmann_tasks.R :
Functions.R :
ici.R :
mse_feature_effects.R :
PipeOpCalibration.R :
### [bt]: Memory measurement disabled
### [bt]: Starting job [batchtools job.id=2113]
### [bt]: Generating problem instance for problem '358d8f8187803581' ...
### [bt]: Applying algorithm 'run_learner' on problem '358d8f8187803581' for job 2113 (seed = 2236) ...
INFO  [09:49:16.373] [mlr3] Applying learner 'rpart calibrated beta cv3' on task 'electricity' (iter 3/10)

### [bt]: Job terminated successfully [batchtools job.id=2113]
### [bt]: Starting job [batchtools job.id=2114]
### [bt]: Generating problem instance for problem '358d8f8187803581' ...
### [bt]: Applying algorithm 'run_learner' on problem '358d8f8187803581' for job 2114 (seed = 2237) ...
INFO  [09:49:17.971] [mlr3] Applying learner 'rpart calibrated beta cv3' on task 'electricity' (iter 4/10)
Warning: glm.fit: fitted probabilities numerically 0 or 1 occurred
This happened PipeOp classif.rpart's $train()

### [bt]: Job terminated successfully [batchtools job.id=2114]
### [bt]: Starting job [batchtools job.id=2115]
### [bt]: Generating problem instance for problem '358d8f8187803581' ...
### [bt]: Applying algorithm 'run_learner' on problem '358d8f8187803581' for job 2115 (seed = 2238) ...
INFO  [09:49:19.560] [mlr3] Applying learner 'rpart calibrated beta cv3' on task 'electricity' (iter 5/10)
Warning: glm.fit: fitted probabilities numerically 0 or 1 occurred
This happened PipeOp classif.rpart's $train()

### [bt]: Job terminated successfully [batchtools job.id=2115]
### [bt]: Starting job [batchtools job.id=2116]
### [bt]: Generating problem instance for problem '358d8f8187803581' ...
### [bt]: Applying algorithm 'run_learner' on problem '358d8f8187803581' for job 2116 (seed = 2239) ...
INFO  [09:49:21.082] [mlr3] Applying learner 'rpart calibrated beta cv3' on task 'electricity' (iter 6/10)

### [bt]: Job terminated successfully [batchtools job.id=2116]
### [bt]: Calculation finished!
