### [bt]: This is batchtools v0.9.17
### [bt]: Starting calculation of 1 jobs
### [bt]: Setting working directory to '/content'
### [bt]: Memory measurement disabled
### [bt]: Starting job [batchtools job.id=9594]
### [bt]: Generating problem instance for problem '0ecb79b078d7aa0a' ...
### [bt]: Applying algorithm 'run_learner' on problem '0ecb79b078d7aa0a' for job 9594 (seed = 9717) ...
INFO  [14:34:03.413] [mlr3] Applying learner 'nnet uncalibrated' on task 'PhishingWebsites' (iter 4/10)
# weights:  121
initial  value 6835.480799 
iter  10 value 2324.338567
iter  20 value 1476.927164
iter  30 value 1315.176769
iter  40 value 1188.344481
iter  50 value 1138.027240
iter  60 value 1107.159183
iter  70 value 1067.879453
iter  80 value 1050.136778
iter  90 value 1036.487864
iter 100 value 1023.204422
final  value 1023.204422 
stopped after 100 iterations

### [bt]: Job terminated successfully [batchtools job.id=9594]
### [bt]: Calculation finished!
