### [bt]: This is batchtools v0.9.17
### [bt]: Starting calculation of 5 jobs
### [bt]: Setting working directory to '/Users/adrian/Desktop/Mater_Thesis_Calibration'
ece.R :
Friedmann_tasks.R :
Functions.R :
ici.R :
mse_feature_effects.R :
PipeOpCalibration.R :
### [bt]: Memory measurement disabled
### [bt]: Starting job [batchtools job.id=8426]
### [bt]: Generating problem instance for problem '22f4988139232849' ...
### [bt]: Applying algorithm 'run_learner' on problem '22f4988139232849' for job 8426 (seed = 8549) ...
INFO  [04:15:05.433] [mlr3] Applying learner 'ranger calibrated platt 70' on task 'nomao' (iter 6/10)
Growing trees.. Progress: 67%. Estimated remaining time: 15 seconds.

### [bt]: Job terminated successfully [batchtools job.id=8426]
### [bt]: Starting job [batchtools job.id=8427]
### [bt]: Generating problem instance for problem '22f4988139232849' ...
### [bt]: Applying algorithm 'run_learner' on problem '22f4988139232849' for job 8427 (seed = 8550) ...
INFO  [04:16:02.904] [mlr3] Applying learner 'ranger calibrated platt 70' on task 'nomao' (iter 7/10)
Growing trees.. Progress: 86%. Estimated remaining time: 5 seconds.

### [bt]: Job terminated successfully [batchtools job.id=8427]
### [bt]: Starting job [batchtools job.id=8428]
### [bt]: Generating problem instance for problem '22f4988139232849' ...
### [bt]: Applying algorithm 'run_learner' on problem '22f4988139232849' for job 8428 (seed = 8551) ...
INFO  [04:16:50.194] [mlr3] Applying learner 'ranger calibrated platt 70' on task 'nomao' (iter 8/10)
Growing trees.. Progress: 79%. Estimated remaining time: 8 seconds.

### [bt]: Job terminated successfully [batchtools job.id=8428]
### [bt]: Starting job [batchtools job.id=8429]
### [bt]: Generating problem instance for problem '22f4988139232849' ...
### [bt]: Applying algorithm 'run_learner' on problem '22f4988139232849' for job 8429 (seed = 8552) ...
INFO  [04:17:40.183] [mlr3] Applying learner 'ranger calibrated platt 70' on task 'nomao' (iter 9/10)
Growing trees.. Progress: 81%. Estimated remaining time: 7 seconds.

### [bt]: Job terminated successfully [batchtools job.id=8429]
### [bt]: Starting job [batchtools job.id=8430]
### [bt]: Generating problem instance for problem '22f4988139232849' ...
### [bt]: Applying algorithm 'run_learner' on problem '22f4988139232849' for job 8430 (seed = 8553) ...
INFO  [04:18:29.680] [mlr3] Applying learner 'ranger calibrated platt 70' on task 'nomao' (iter 10/10)
Growing trees.. Progress: 81%. Estimated remaining time: 7 seconds.

### [bt]: Job terminated successfully [batchtools job.id=8430]
### [bt]: Calculation finished!
