### [bt]: This is batchtools v0.9.17
### [bt]: Starting calculation of 1 jobs
### [bt]: Setting working directory to '/content'
### [bt]: Memory measurement disabled
### [bt]: Starting job [batchtools job.id=10754]
### [bt]: Generating problem instance for problem 'cfb05fadfc1e266b' ...
### [bt]: Applying algorithm 'run_learner' on problem 'cfb05fadfc1e266b' for job 10754 (seed = 10877) ...
INFO  [16:51:35.519] [mlr3] Applying learner 'nnet calibrated beta cv3' on task 'numerai28.6' (iter 4/10)
# weights:  70
initial  value 40334.251985 
iter  10 value 39965.808713
iter  20 value 39943.157764
iter  30 value 39913.603352
iter  40 value 39902.129436
iter  50 value 39886.695606
iter  60 value 39873.423575
iter  70 value 39857.842882
iter  80 value 39845.551731
iter  90 value 39838.626805
iter 100 value 39836.247503
final  value 39836.247503 
stopped after 100 iterations
# weights:  70
initial  value 43179.469604 
iter  10 value 39960.038411
iter  20 value 39918.263236
iter  30 value 39895.969981
iter  40 value 39872.980351
iter  50 value 39867.531280
iter  60 value 39862.562030
iter  70 value 39860.433467
iter  80 value 39859.926072
iter  90 value 39857.471100
iter 100 value 39854.433751
final  value 39854.433751 
stopped after 100 iterations
# weights:  70
initial  value 40713.975979 
iter  10 value 40011.096213
iter  20 value 39973.587478
iter  30 value 39951.721334
iter  40 value 39934.517232
iter  50 value 39928.063293
iter  60 value 39924.460729
iter  70 value 39920.719324
iter  80 value 39918.896868
iter  90 value 39916.326021
iter 100 value 39913.687383
final  value 39913.687383 
stopped after 100 iterations
[1] 0.5658619
[1] 30.20043
[1] -33.80365
[1] -0.6159221
[1] -51.627
[1] -0.9465689

### [bt]: Job terminated successfully [batchtools job.id=10754]
### [bt]: Calculation finished!
