### [bt]: This is batchtools v0.9.17
### [bt]: Starting calculation of 5 jobs
### [bt]: Setting working directory to '/Users/adrian/Desktop/Mater_Thesis_Calibration'
ece.R :
Friedmann_tasks.R :
Functions.R :
ici.R :
mse_feature_effects.R :
PipeOpCalibration.R :
### [bt]: Memory measurement disabled
### [bt]: Starting job [batchtools job.id=7806]
### [bt]: Generating problem instance for problem '22f4988139232849' ...
### [bt]: Applying algorithm 'run_learner' on problem '22f4988139232849' for job 7806 (seed = 7929) ...
INFO  [18:56:41.332] [mlr3] Applying learner 'glmnet calibrated platt 90' on task 'nomao' (iter 6/10)

### [bt]: Job terminated successfully [batchtools job.id=7806]
### [bt]: Starting job [batchtools job.id=7807]
### [bt]: Generating problem instance for problem '22f4988139232849' ...
### [bt]: Applying algorithm 'run_learner' on problem '22f4988139232849' for job 7807 (seed = 7930) ...
INFO  [18:56:49.133] [mlr3] Applying learner 'glmnet calibrated platt 90' on task 'nomao' (iter 7/10)

### [bt]: Job terminated successfully [batchtools job.id=7807]
### [bt]: Starting job [batchtools job.id=7808]
### [bt]: Generating problem instance for problem '22f4988139232849' ...
### [bt]: Applying algorithm 'run_learner' on problem '22f4988139232849' for job 7808 (seed = 7931) ...
INFO  [18:56:53.550] [mlr3] Applying learner 'glmnet calibrated platt 90' on task 'nomao' (iter 8/10)

### [bt]: Job terminated successfully [batchtools job.id=7808]
### [bt]: Starting job [batchtools job.id=7809]
### [bt]: Generating problem instance for problem '22f4988139232849' ...
### [bt]: Applying algorithm 'run_learner' on problem '22f4988139232849' for job 7809 (seed = 7932) ...
INFO  [18:56:58.044] [mlr3] Applying learner 'glmnet calibrated platt 90' on task 'nomao' (iter 9/10)

### [bt]: Job terminated successfully [batchtools job.id=7809]
### [bt]: Starting job [batchtools job.id=7810]
### [bt]: Generating problem instance for problem '22f4988139232849' ...
### [bt]: Applying algorithm 'run_learner' on problem '22f4988139232849' for job 7810 (seed = 7933) ...
INFO  [18:57:02.304] [mlr3] Applying learner 'glmnet calibrated platt 90' on task 'nomao' (iter 10/10)

### [bt]: Job terminated successfully [batchtools job.id=7810]
### [bt]: Calculation finished!
