### [bt]: This is batchtools v0.9.17
### [bt]: Starting calculation of 1 jobs
### [bt]: Setting working directory to '/content'
### [bt]: Memory measurement disabled
### [bt]: Starting job [batchtools job.id=3056]
### [bt]: Generating problem instance for problem 'b541340d6c2eb21d' ...
### [bt]: Applying algorithm 'run_learner' on problem 'b541340d6c2eb21d' for job 3056 (seed = 3179) ...
INFO  [14:21:56.312] [mlr3] Applying learner 'nnet calibrated beta 80' on task 'kc1' (iter 6/10)
# weights:  70
initial  value 1117.581402 
iter  10 value 594.207177
iter  20 value 586.159839
iter  30 value 579.539794
iter  40 value 576.444743
iter  50 value 575.422491
iter  60 value 575.164338
iter  70 value 575.096554
iter  80 value 574.962823
iter  90 value 574.906584
iter 100 value 574.801502
final  value 574.801502 
stopped after 100 iterations
[1] -408.9432
[1] -4.320656

### [bt]: Job terminated successfully [batchtools job.id=3056]
### [bt]: Calculation finished!
