### [bt]: This is batchtools v0.9.17
### [bt]: Starting calculation of 1 jobs
### [bt]: Setting working directory to '/content'
### [bt]: Memory measurement disabled
### [bt]: Starting job [batchtools job.id=13623]
### [bt]: Generating problem instance for problem '341ee781c7d79b8f' ...
### [bt]: Applying algorithm 'run_learner' on problem '341ee781c7d79b8f' for job 13623 (seed = 13746) ...
INFO  [14:58:36.472] [mlr3] Applying learner 'nnet calibrated isotonic union' on task 'wdbc' (iter 3/10)
# weights:  97
initial  value 331.386358 
final  value 269.336671 
converged
# weights:  97
initial  value 287.551170 
final  value 273.735917 
converged
# weights:  97
initial  value 296.834669 
final  value 265.142262 
converged
# weights:  97
initial  value 275.629340 
final  value 272.846303 
converged
# weights:  97
initial  value 283.604233 
final  value 270.854880 
converged

### [bt]: Job terminated successfully [batchtools job.id=13623]
### [bt]: Calculation finished!
