### [bt]: This is batchtools v0.9.17
### [bt]: Starting calculation of 5 jobs
### [bt]: Setting working directory to '/Users/adrian/Desktop/Mater_Thesis_Calibration'
ece.R :
Friedmann_tasks.R :
Functions.R :
ici.R :
mse_feature_effects.R :
PipeOpCalibration.R :
### [bt]: Memory measurement disabled
### [bt]: Starting job [batchtools job.id=6021]
### [bt]: Generating problem instance for problem 'a6b2cabd9f84c607' ...
### [bt]: Applying algorithm 'run_learner' on problem 'a6b2cabd9f84c607' for job 6021 (seed = 6144) ...
INFO  [16:43:57.919] [mlr3] Applying learner 'rpart calibrated platt 70' on task 'phoneme' (iter 1/10)

### [bt]: Job terminated successfully [batchtools job.id=6021]
### [bt]: Starting job [batchtools job.id=6022]
### [bt]: Generating problem instance for problem 'a6b2cabd9f84c607' ...
### [bt]: Applying algorithm 'run_learner' on problem 'a6b2cabd9f84c607' for job 6022 (seed = 6145) ...
INFO  [16:43:58.299] [mlr3] Applying learner 'rpart calibrated platt 70' on task 'phoneme' (iter 2/10)

### [bt]: Job terminated successfully [batchtools job.id=6022]
### [bt]: Starting job [batchtools job.id=6023]
### [bt]: Generating problem instance for problem 'a6b2cabd9f84c607' ...
### [bt]: Applying algorithm 'run_learner' on problem 'a6b2cabd9f84c607' for job 6023 (seed = 6146) ...
INFO  [16:44:05.711] [mlr3] Applying learner 'rpart calibrated platt 70' on task 'phoneme' (iter 3/10)

### [bt]: Job terminated successfully [batchtools job.id=6023]
### [bt]: Starting job [batchtools job.id=6024]
### [bt]: Generating problem instance for problem 'a6b2cabd9f84c607' ...
### [bt]: Applying algorithm 'run_learner' on problem 'a6b2cabd9f84c607' for job 6024 (seed = 6147) ...
INFO  [16:44:05.840] [mlr3] Applying learner 'rpart calibrated platt 70' on task 'phoneme' (iter 4/10)

### [bt]: Job terminated successfully [batchtools job.id=6024]
### [bt]: Starting job [batchtools job.id=6025]
### [bt]: Generating problem instance for problem 'a6b2cabd9f84c607' ...
### [bt]: Applying algorithm 'run_learner' on problem 'a6b2cabd9f84c607' for job 6025 (seed = 6148) ...
INFO  [16:44:05.972] [mlr3] Applying learner 'rpart calibrated platt 70' on task 'phoneme' (iter 5/10)

### [bt]: Job terminated successfully [batchtools job.id=6025]
### [bt]: Calculation finished!
