### [bt]: This is batchtools v0.9.17
### [bt]: Starting calculation of 1 jobs
### [bt]: Setting working directory to '/content'
### [bt]: Memory measurement disabled
### [bt]: Starting job [batchtools job.id=1900]
### [bt]: Generating problem instance for problem '358d8f8187803581' ...
### [bt]: Applying algorithm 'run_learner' on problem '358d8f8187803581' for job 1900 (seed = 2023) ...
INFO  [15:53:40.456] [mlr3] Applying learner 'nnet calibrated platt cv3' on task 'electricity' (iter 10/10)
# weights:  46
initial  value 18614.727047 
iter  10 value 15972.777824
iter  20 value 13605.429381
iter  30 value 13247.046312
iter  40 value 13080.648413
iter  50 value 12948.443537
iter  60 value 12820.270426
iter  70 value 12761.403692
iter  80 value 12721.318038
iter  90 value 12714.548600
iter 100 value 12712.433157
final  value 12712.433157 
stopped after 100 iterations
# weights:  46
initial  value 18729.411638 
iter  10 value 16492.840946
iter  20 value 15030.264322
iter  30 value 13785.753637
iter  40 value 13135.131051
iter  50 value 12846.115344
iter  60 value 12781.530469
iter  70 value 12765.945594
iter  80 value 12738.993572
iter  90 value 12647.118560
iter 100 value 12624.159407
final  value 12624.159407 
stopped after 100 iterations
# weights:  46
initial  value 18580.387524 
iter  10 value 16145.366912
iter  20 value 14499.619609
iter  30 value 13638.151953
iter  40 value 13353.926227
iter  50 value 13238.310736
iter  60 value 13187.369819
iter  70 value 13149.296679
iter  80 value 13131.150739
iter  90 value 13129.195984
iter 100 value 13128.761822
final  value 13128.761822 
stopped after 100 iterations

### [bt]: Job terminated successfully [batchtools job.id=1900]
### [bt]: Calculation finished!
