### [bt]: This is batchtools v0.9.17
### [bt]: Starting calculation of 1 jobs
### [bt]: Setting working directory to '/content'
### [bt]: Memory measurement disabled
### [bt]: Starting job [batchtools job.id=6990]
### [bt]: Generating problem instance for problem 'c27a1cbf9c91424a' ...
### [bt]: Applying algorithm 'run_learner' on problem 'c27a1cbf9c91424a' for job 6990 (seed = 7113) ...
INFO  [14:30:29.492] [mlr3] Applying learner 'nnet calibrated platt 70' on task 'ilpd' (iter 10/10)
# weights:  37
initial  value 225.166514 
iter  10 value 211.365730
iter  20 value 206.834613
iter  30 value 195.575597
iter  40 value 190.881686
iter  50 value 189.199512
iter  60 value 188.586746
iter  70 value 187.945723
iter  80 value 186.376741
iter  90 value 185.215669
iter 100 value 184.891896
final  value 184.891896 
stopped after 100 iterations

### [bt]: Job terminated successfully [batchtools job.id=6990]
### [bt]: Calculation finished!
