### [bt]: This is batchtools v0.9.17
### [bt]: Starting calculation of 1 jobs
### [bt]: Setting working directory to '/content'
### [bt]: Memory measurement disabled
### [bt]: Starting job [batchtools job.id=5734]
### [bt]: Generating problem instance for problem 'a6b2cabd9f84c607' ...
### [bt]: Applying algorithm 'run_learner' on problem 'a6b2cabd9f84c607' for job 5734 (seed = 5857) ...
INFO  [14:26:58.124] [mlr3] Applying learner 'nnet calibrated platt cv3' on task 'phoneme' (iter 4/10)
# weights:  22
initial  value 1955.493984 
iter  10 value 1397.676421
iter  20 value 1354.774674
iter  30 value 1335.274775
iter  40 value 1329.977920
iter  50 value 1328.420076
iter  60 value 1327.948565
iter  70 value 1327.413525
iter  80 value 1325.617718
iter  90 value 1322.884585
iter 100 value 1321.326174
final  value 1321.326174 
stopped after 100 iterations
# weights:  22
initial  value 2375.530586 
iter  10 value 1459.954191
iter  20 value 1356.520458
iter  30 value 1271.162799
iter  40 value 1234.299793
iter  50 value 1222.697298
iter  60 value 1221.184229
iter  70 value 1221.156355
iter  80 value 1221.138206
final  value 1221.137974 
converged
# weights:  22
initial  value 2580.458160 
iter  10 value 1413.565417
iter  20 value 1314.318228
iter  30 value 1269.711806
iter  40 value 1245.696068
iter  50 value 1243.236076
iter  60 value 1242.930533
iter  70 value 1242.886995
iter  80 value 1242.704822
iter  90 value 1242.429387
iter 100 value 1242.428524
final  value 1242.428524 
stopped after 100 iterations

### [bt]: Job terminated successfully [batchtools job.id=5734]
### [bt]: Calculation finished!
