### [bt]: This is batchtools v0.9.17
### [bt]: Starting calculation of 1 jobs
### [bt]: Setting working directory to '/content'
### [bt]: Memory measurement disabled
### [bt]: Starting job [batchtools job.id=4404]
### [bt]: Generating problem instance for problem '341ee781c7d79b8f' ...
### [bt]: Applying algorithm 'run_learner' on problem '341ee781c7d79b8f' for job 4404 (seed = 4527) ...
INFO  [14:24:42.730] [mlr3] Applying learner 'nnet calibrated isotonic cv3' on task 'wdbc' (iter 4/10)
# weights:  97
initial  value 251.866841 
final  value 221.178959 
converged
# weights:  97
initial  value 226.341826 
final  value 226.159834 
converged
# weights:  97
initial  value 230.552994 
final  value 228.540979 
converged

### [bt]: Job terminated successfully [batchtools job.id=4404]
### [bt]: Calculation finished!
