### [bt]: This is batchtools v0.9.17
### [bt]: Starting calculation of 1 jobs
### [bt]: Setting working directory to '/content'
### [bt]: Memory measurement disabled
### [bt]: Starting job [batchtools job.id=10914]
### [bt]: Generating problem instance for problem 'cfb05fadfc1e266b' ...
### [bt]: Applying algorithm 'run_learner' on problem 'cfb05fadfc1e266b' for job 10914 (seed = 11037) ...
INFO  [20:07:49.052] [mlr3] Applying learner 'ranger calibrated beta cv3' on task 'numerai28.6' (iter 4/10)
Growing trees.. Progress: 12%. Estimated remaining time: 3 minutes, 38 seconds.
Growing trees.. Progress: 25%. Estimated remaining time: 3 minutes, 7 seconds.
Growing trees.. Progress: 37%. Estimated remaining time: 2 minutes, 36 seconds.
Growing trees.. Progress: 50%. Estimated remaining time: 2 minutes, 5 seconds.
Growing trees.. Progress: 62%. Estimated remaining time: 1 minute, 34 seconds.
Growing trees.. Progress: 75%. Estimated remaining time: 1 minute, 3 seconds.
Growing trees.. Progress: 87%. Estimated remaining time: 32 seconds.
Growing trees.. Progress: 100%. Estimated remaining time: 0 seconds.
Growing trees.. Progress: 10%. Estimated remaining time: 4 minutes, 39 seconds.
Growing trees.. Progress: 20%. Estimated remaining time: 4 minutes, 8 seconds.
Growing trees.. Progress: 30%. Estimated remaining time: 3 minutes, 37 seconds.
Growing trees.. Progress: 42%. Estimated remaining time: 2 minutes, 54 seconds.
Growing trees.. Progress: 56%. Estimated remaining time: 2 minutes, 3 seconds.
Growing trees.. Progress: 70%. Estimated remaining time: 1 minute, 19 seconds.
Growing trees.. Progress: 84%. Estimated remaining time: 40 seconds.
Growing trees.. Progress: 98%. Estimated remaining time: 3 seconds.
Growing trees.. Progress: 14%. Estimated remaining time: 3 minutes, 5 seconds.
Growing trees.. Progress: 29%. Estimated remaining time: 2 minutes, 33 seconds.
Growing trees.. Progress: 43%. Estimated remaining time: 2 minutes, 2 seconds.
Growing trees.. Progress: 57%. Estimated remaining time: 1 minute, 32 seconds.
Growing trees.. Progress: 72%. Estimated remaining time: 1 minute, 1 seconds.
Growing trees.. Progress: 86%. Estimated remaining time: 31 seconds.
Growing trees.. Progress: 100%. Estimated remaining time: 0 seconds.
[1] -2.312775
[1] 15.18383
[1] -4.819838
[1] 17.48079
[1] -22.71046
[1] -0.4212935

### [bt]: Job terminated successfully [batchtools job.id=10914]
### [bt]: Calculation finished!
