### [bt]: This is batchtools v0.9.17
### [bt]: Starting calculation of 5 jobs
### [bt]: Setting working directory to '/Users/adrian/Desktop/Mater_Thesis_Calibration'
ece.R :
Friedmann_tasks.R :
Functions.R :
ici.R :
mse_feature_effects.R :
PipeOpCalibration.R :
### [bt]: Memory measurement disabled
### [bt]: Starting job [batchtools job.id=766]
### [bt]: Generating problem instance for problem '563768ad2e048da7' ...
### [bt]: Applying algorithm 'run_learner' on problem '563768ad2e048da7' for job 766 (seed = 889) ...
INFO  [12:52:49.629] [mlr3] Applying learner 'ranger calibrated platt 90' on task 'credit-g' (iter 6/10)

### [bt]: Job terminated successfully [batchtools job.id=766]
### [bt]: Starting job [batchtools job.id=767]
### [bt]: Generating problem instance for problem '563768ad2e048da7' ...
### [bt]: Applying algorithm 'run_learner' on problem '563768ad2e048da7' for job 767 (seed = 890) ...
INFO  [12:52:53.776] [mlr3] Applying learner 'ranger calibrated platt 90' on task 'credit-g' (iter 7/10)

### [bt]: Job terminated successfully [batchtools job.id=767]
### [bt]: Starting job [batchtools job.id=768]
### [bt]: Generating problem instance for problem '563768ad2e048da7' ...
### [bt]: Applying algorithm 'run_learner' on problem '563768ad2e048da7' for job 768 (seed = 891) ...
INFO  [12:52:56.246] [mlr3] Applying learner 'ranger calibrated platt 90' on task 'credit-g' (iter 8/10)

### [bt]: Job terminated successfully [batchtools job.id=768]
### [bt]: Starting job [batchtools job.id=769]
### [bt]: Generating problem instance for problem '563768ad2e048da7' ...
### [bt]: Applying algorithm 'run_learner' on problem '563768ad2e048da7' for job 769 (seed = 892) ...
INFO  [12:52:58.771] [mlr3] Applying learner 'ranger calibrated platt 90' on task 'credit-g' (iter 9/10)

### [bt]: Job terminated successfully [batchtools job.id=769]
### [bt]: Starting job [batchtools job.id=770]
### [bt]: Generating problem instance for problem '563768ad2e048da7' ...
### [bt]: Applying algorithm 'run_learner' on problem '563768ad2e048da7' for job 770 (seed = 893) ...
INFO  [12:53:01.148] [mlr3] Applying learner 'ranger calibrated platt 90' on task 'credit-g' (iter 10/10)

### [bt]: Job terminated successfully [batchtools job.id=770]
### [bt]: Calculation finished!
