### [bt]: This is batchtools v0.9.17
### [bt]: Starting calculation of 1 jobs
### [bt]: Setting working directory to '/content'
### [bt]: Memory measurement disabled
### [bt]: Starting job [batchtools job.id=4208]
### [bt]: Generating problem instance for problem '341ee781c7d79b8f' ...
### [bt]: Applying algorithm 'run_learner' on problem '341ee781c7d79b8f' for job 4208 (seed = 4331) ...
INFO  [14:24:32.057] [mlr3] Applying learner 'naive_bayes calibrated beta cv5' on task 'wdbc' (iter 8/10)
[1] -5.862993
[1] 5.916873
Warning: glm.fit: fitted probabilities numerically 0 or 1 occurred
This happened PipeOp classif.naive_bayes's $train()
[1] -37.31508
[1] 8.170993
[1] -6.585783
[1] 8.794801
[1] -5.728705
[1] 3.505575
[1] -5.712938
[1] 13.6827

### [bt]: Job terminated successfully [batchtools job.id=4208]
### [bt]: Calculation finished!
