### [bt]: This is batchtools v0.9.17
### [bt]: Starting calculation of 5 jobs
### [bt]: Setting working directory to '/Users/adrian/Desktop/Mater_Thesis_Calibration'
ece.R :
Friedmann_tasks.R :
Functions.R :
ici.R :
mse_feature_effects.R :
PipeOpCalibration.R :
### [bt]: Memory measurement disabled
### [bt]: Starting job [batchtools job.id=11891]
### [bt]: Generating problem instance for problem '7f16ca74b5d8776b' ...
### [bt]: Applying algorithm 'run_learner' on problem '7f16ca74b5d8776b' for job 11891 (seed = 12014) ...
INFO  [03:04:14.345] [mlr3] Applying learner 'naive_bayes calibrated isotonic 70' on task 'churn' (iter 1/10)

### [bt]: Job terminated successfully [batchtools job.id=11891]
### [bt]: Starting job [batchtools job.id=11892]
### [bt]: Generating problem instance for problem '7f16ca74b5d8776b' ...
### [bt]: Applying algorithm 'run_learner' on problem '7f16ca74b5d8776b' for job 11892 (seed = 12015) ...
INFO  [03:04:23.228] [mlr3] Applying learner 'naive_bayes calibrated isotonic 70' on task 'churn' (iter 2/10)

### [bt]: Job terminated successfully [batchtools job.id=11892]
### [bt]: Starting job [batchtools job.id=11893]
### [bt]: Generating problem instance for problem '7f16ca74b5d8776b' ...
### [bt]: Applying algorithm 'run_learner' on problem '7f16ca74b5d8776b' for job 11893 (seed = 12016) ...
INFO  [03:04:27.408] [mlr3] Applying learner 'naive_bayes calibrated isotonic 70' on task 'churn' (iter 3/10)

### [bt]: Job terminated successfully [batchtools job.id=11893]
### [bt]: Starting job [batchtools job.id=11894]
### [bt]: Generating problem instance for problem '7f16ca74b5d8776b' ...
### [bt]: Applying algorithm 'run_learner' on problem '7f16ca74b5d8776b' for job 11894 (seed = 12017) ...
INFO  [03:04:31.408] [mlr3] Applying learner 'naive_bayes calibrated isotonic 70' on task 'churn' (iter 4/10)

### [bt]: Job terminated successfully [batchtools job.id=11894]
### [bt]: Starting job [batchtools job.id=11895]
### [bt]: Generating problem instance for problem '7f16ca74b5d8776b' ...
### [bt]: Applying algorithm 'run_learner' on problem '7f16ca74b5d8776b' for job 11895 (seed = 12018) ...
INFO  [03:04:35.531] [mlr3] Applying learner 'naive_bayes calibrated isotonic 70' on task 'churn' (iter 5/10)

### [bt]: Job terminated successfully [batchtools job.id=11895]
### [bt]: Calculation finished!
