### [bt]: This is batchtools v0.9.17
### [bt]: Starting calculation of 5 jobs
### [bt]: Setting working directory to '/Users/adrian/Desktop/Mater_Thesis_Calibration'
ece.R :
Friedmann_tasks.R :
Functions.R :
ici.R :
mse_feature_effects.R :
PipeOpCalibration.R :
### [bt]: Memory measurement disabled
### [bt]: Starting job [batchtools job.id=8221]
### [bt]: Generating problem instance for problem '22f4988139232849' ...
### [bt]: Applying algorithm 'run_learner' on problem '22f4988139232849' for job 8221 (seed = 8344) ...
INFO  [00:04:33.826] [mlr3] Applying learner 'nnet calibrated isotonic 80' on task 'nomao' (iter 1/10)
# weights:  442
initial  value 25239.965648 
iter  10 value 5960.201857
iter  20 value 3666.346777
iter  30 value 3265.467169
iter  40 value 2992.211911
iter  50 value 2886.615318
iter  60 value 2836.187368
iter  70 value 2795.236509
iter  80 value 2759.752207
iter  90 value 2735.243305
iter 100 value 2716.680712
final  value 2716.680712 
stopped after 100 iterations

### [bt]: Job terminated successfully [batchtools job.id=8221]
### [bt]: Starting job [batchtools job.id=8222]
### [bt]: Generating problem instance for problem '22f4988139232849' ...
### [bt]: Applying algorithm 'run_learner' on problem '22f4988139232849' for job 8222 (seed = 8345) ...
INFO  [00:04:48.166] [mlr3] Applying learner 'nnet calibrated isotonic 80' on task 'nomao' (iter 2/10)
# weights:  442
initial  value 16427.726963 
iter  10 value 6697.821111
iter  20 value 5271.864382
iter  30 value 4273.880108
iter  40 value 3580.506849
iter  50 value 3341.945718
iter  60 value 3138.081339
iter  70 value 2995.813886
iter  80 value 2909.957238
iter  90 value 2844.832146
iter 100 value 2788.353519
final  value 2788.353519 
stopped after 100 iterations

### [bt]: Job terminated successfully [batchtools job.id=8222]
### [bt]: Starting job [batchtools job.id=8223]
### [bt]: Generating problem instance for problem '22f4988139232849' ...
### [bt]: Applying algorithm 'run_learner' on problem '22f4988139232849' for job 8223 (seed = 8346) ...
INFO  [00:04:59.279] [mlr3] Applying learner 'nnet calibrated isotonic 80' on task 'nomao' (iter 3/10)
# weights:  442
initial  value 21640.410082 
iter  10 value 6002.570105
iter  20 value 4152.138122
iter  30 value 3391.183908
iter  40 value 3160.573381
iter  50 value 3048.025154
iter  60 value 2967.262542
iter  70 value 2886.173305
iter  80 value 2809.565135
iter  90 value 2758.784112
iter 100 value 2717.264161
final  value 2717.264161 
stopped after 100 iterations

### [bt]: Job terminated successfully [batchtools job.id=8223]
### [bt]: Starting job [batchtools job.id=8224]
### [bt]: Generating problem instance for problem '22f4988139232849' ...
### [bt]: Applying algorithm 'run_learner' on problem '22f4988139232849' for job 8224 (seed = 8347) ...
INFO  [00:05:09.774] [mlr3] Applying learner 'nnet calibrated isotonic 80' on task 'nomao' (iter 4/10)
# weights:  442
initial  value 15987.606536 
iter  10 value 5772.683117
iter  20 value 4825.672023
iter  30 value 3985.990493
iter  40 value 3603.432413
iter  50 value 3251.625691
iter  60 value 3041.257867
iter  70 value 2935.218074
iter  80 value 2853.644944
iter  90 value 2800.200110
iter 100 value 2770.246710
final  value 2770.246710 
stopped after 100 iterations

### [bt]: Job terminated successfully [batchtools job.id=8224]
### [bt]: Starting job [batchtools job.id=8225]
### [bt]: Generating problem instance for problem '22f4988139232849' ...
### [bt]: Applying algorithm 'run_learner' on problem '22f4988139232849' for job 8225 (seed = 8348) ...
INFO  [00:05:21.450] [mlr3] Applying learner 'nnet calibrated isotonic 80' on task 'nomao' (iter 5/10)
# weights:  442
initial  value 15093.048956 
iter  10 value 5680.237181
iter  20 value 4662.681964
iter  30 value 4152.716754
iter  40 value 3609.124865
iter  50 value 3274.730734
iter  60 value 3072.151248
iter  70 value 2953.518754
iter  80 value 2851.849598
iter  90 value 2771.493430
iter 100 value 2696.441998
final  value 2696.441998 
stopped after 100 iterations

### [bt]: Job terminated successfully [batchtools job.id=8225]
### [bt]: Calculation finished!
