### [bt]: This is batchtools v0.9.17
### [bt]: Starting calculation of 5 jobs
### [bt]: Setting working directory to '/Users/I578045/Desktop/Mater_Thesis_Calibration'
ece.R :
Friedmann_tasks.R :
Functions.R :
ici.R :
mse_feature_effects.R :
PipeOpCalibration.R :
### [bt]: Memory measurement disabled
### [bt]: Starting job [batchtools job.id=1606]
### [bt]: Generating problem instance for problem '358d8f8187803581' ...
### [bt]: Applying algorithm 'run_learner' on problem '358d8f8187803581' for job 1606 (seed = 1729) ...
INFO  [15:41:30.944] [mlr3] Applying learner 'naive_bayes calibrated beta 70' on task 'electricity' (iter 6/10)

### [bt]: Job terminated successfully [batchtools job.id=1606]
### [bt]: Starting job [batchtools job.id=1607]
### [bt]: Generating problem instance for problem '358d8f8187803581' ...
### [bt]: Applying algorithm 'run_learner' on problem '358d8f8187803581' for job 1607 (seed = 1730) ...
INFO  [15:41:32.053] [mlr3] Applying learner 'naive_bayes calibrated beta 70' on task 'electricity' (iter 7/10)

### [bt]: Job terminated successfully [batchtools job.id=1607]
### [bt]: Starting job [batchtools job.id=1608]
### [bt]: Generating problem instance for problem '358d8f8187803581' ...
### [bt]: Applying algorithm 'run_learner' on problem '358d8f8187803581' for job 1608 (seed = 1731) ...
INFO  [15:41:33.188] [mlr3] Applying learner 'naive_bayes calibrated beta 70' on task 'electricity' (iter 8/10)

### [bt]: Job terminated successfully [batchtools job.id=1608]
### [bt]: Starting job [batchtools job.id=1609]
### [bt]: Generating problem instance for problem '358d8f8187803581' ...
### [bt]: Applying algorithm 'run_learner' on problem '358d8f8187803581' for job 1609 (seed = 1732) ...
INFO  [15:41:34.297] [mlr3] Applying learner 'naive_bayes calibrated beta 70' on task 'electricity' (iter 9/10)

### [bt]: Job terminated successfully [batchtools job.id=1609]
### [bt]: Starting job [batchtools job.id=1610]
### [bt]: Generating problem instance for problem '358d8f8187803581' ...
### [bt]: Applying algorithm 'run_learner' on problem '358d8f8187803581' for job 1610 (seed = 1733) ...
INFO  [15:41:35.389] [mlr3] Applying learner 'naive_bayes calibrated beta 70' on task 'electricity' (iter 10/10)

### [bt]: Job terminated successfully [batchtools job.id=1610]
### [bt]: Calculation finished!
