### [bt]: This is batchtools v0.9.17
### [bt]: Starting calculation of 1 jobs
### [bt]: Setting working directory to '/content'
### [bt]: Memory measurement disabled
### [bt]: Starting job [batchtools job.id=364]
### [bt]: Generating problem instance for problem '563768ad2e048da7' ...
### [bt]: Applying algorithm 'run_learner' on problem '563768ad2e048da7' for job 364 (seed = 487) ...
INFO  [14:18:37.197] [mlr3] Applying learner 'naive_bayes calibrated beta cv5' on task 'credit-g' (iter 4/10)
[1] -10.87194
[1] 36.81727
[1] -1.485897
[1] 28.13802
[1] 0.693656
[1] 32.00573
[1] 0.2538133
[1] 36.05296
[1] -1.495343
[1] 18.74167

### [bt]: Job terminated successfully [batchtools job.id=364]
### [bt]: Calculation finished!
