### [bt]: This is batchtools v0.9.17
### [bt]: Starting calculation of 5 jobs
### [bt]: Setting working directory to '/Users/adrian/Desktop/Mater_Thesis_Calibration'
ece.R :
Friedmann_tasks.R :
Functions.R :
ici.R :
mse_feature_effects.R :
PipeOpCalibration.R :
### [bt]: Memory measurement disabled
### [bt]: Starting job [batchtools job.id=4796]
### [bt]: Generating problem instance for problem '341ee781c7d79b8f' ...
### [bt]: Applying algorithm 'run_learner' on problem '341ee781c7d79b8f' for job 4796 (seed = 4919) ...
INFO  [15:25:04.336] [mlr3] Applying learner 'rpart uncalibrated' on task 'wdbc' (iter 6/10)

### [bt]: Job terminated successfully [batchtools job.id=4796]
### [bt]: Starting job [batchtools job.id=4797]
### [bt]: Generating problem instance for problem '341ee781c7d79b8f' ...
### [bt]: Applying algorithm 'run_learner' on problem '341ee781c7d79b8f' for job 4797 (seed = 4920) ...
INFO  [15:25:04.358] [mlr3] Applying learner 'rpart uncalibrated' on task 'wdbc' (iter 7/10)

### [bt]: Job terminated successfully [batchtools job.id=4797]
### [bt]: Starting job [batchtools job.id=4798]
### [bt]: Generating problem instance for problem '341ee781c7d79b8f' ...
### [bt]: Applying algorithm 'run_learner' on problem '341ee781c7d79b8f' for job 4798 (seed = 4921) ...
INFO  [15:25:04.380] [mlr3] Applying learner 'rpart uncalibrated' on task 'wdbc' (iter 8/10)

### [bt]: Job terminated successfully [batchtools job.id=4798]
### [bt]: Starting job [batchtools job.id=4799]
### [bt]: Generating problem instance for problem '341ee781c7d79b8f' ...
### [bt]: Applying algorithm 'run_learner' on problem '341ee781c7d79b8f' for job 4799 (seed = 4922) ...
INFO  [15:25:04.403] [mlr3] Applying learner 'rpart uncalibrated' on task 'wdbc' (iter 9/10)

### [bt]: Job terminated successfully [batchtools job.id=4799]
### [bt]: Starting job [batchtools job.id=4800]
### [bt]: Generating problem instance for problem '341ee781c7d79b8f' ...
### [bt]: Applying algorithm 'run_learner' on problem '341ee781c7d79b8f' for job 4800 (seed = 4923) ...
INFO  [15:25:04.425] [mlr3] Applying learner 'rpart uncalibrated' on task 'wdbc' (iter 10/10)

### [bt]: Job terminated successfully [batchtools job.id=4800]
### [bt]: Calculation finished!
