### [bt]: This is batchtools v0.9.17
### [bt]: Starting calculation of 4 jobs
### [bt]: Setting working directory to '/Users/I578045/Desktop/Mater_Thesis_Calibration'
ece.R :
Friedmann_tasks.R :
Functions.R :
ici.R :
mse_feature_effects.R :
PipeOpCalibration.R :
### [bt]: Memory measurement disabled
### [bt]: Starting job [batchtools job.id=2443]
### [bt]: Generating problem instance for problem '358d8f8187803581' ...
### [bt]: Applying algorithm 'run_learner' on problem '358d8f8187803581' for job 2443 (seed = 2566) ...
INFO  [21:06:40.920] [mlr3] Applying learner 'xgboost calibrated beta cv5' on task 'electricity' (iter 3/10)

### [bt]: Job terminated successfully [batchtools job.id=2443]
### [bt]: Starting job [batchtools job.id=2444]
### [bt]: Generating problem instance for problem '358d8f8187803581' ...
### [bt]: Applying algorithm 'run_learner' on problem '358d8f8187803581' for job 2444 (seed = 2567) ...
INFO  [21:20:54.139] [mlr3] Applying learner 'xgboost calibrated beta cv5' on task 'electricity' (iter 4/10)

### [bt]: Job terminated successfully [batchtools job.id=2444]
### [bt]: Starting job [batchtools job.id=2445]
### [bt]: Generating problem instance for problem '358d8f8187803581' ...
### [bt]: Applying algorithm 'run_learner' on problem '358d8f8187803581' for job 2445 (seed = 2568) ...
INFO  [21:34:47.643] [mlr3] Applying learner 'xgboost calibrated beta cv5' on task 'electricity' (iter 5/10)

### [bt]: Job terminated successfully [batchtools job.id=2445]
### [bt]: Starting job [batchtools job.id=2446]
### [bt]: Generating problem instance for problem '358d8f8187803581' ...
### [bt]: Applying algorithm 'run_learner' on problem '358d8f8187803581' for job 2446 (seed = 2569) ...
INFO  [21:48:38.465] [mlr3] Applying learner 'xgboost calibrated beta cv5' on task 'electricity' (iter 6/10)

### [bt]: Job terminated successfully [batchtools job.id=2446]
### [bt]: Calculation finished!
