### [bt]: This is batchtools v0.9.17
### [bt]: Starting calculation of 1 jobs
### [bt]: Setting working directory to '/content'
### [bt]: Memory measurement disabled
### [bt]: Starting job [batchtools job.id=12898]
### [bt]: Generating problem instance for problem '563768ad2e048da7' ...
### [bt]: Applying algorithm 'run_learner' on problem '563768ad2e048da7' for job 12898 (seed = 13021) ...
INFO  [14:55:41.340] [mlr3] Applying learner 'nnet calibrated beta union' on task 'credit-g' (iter 8/10)
# weights:  157
initial  value 613.276175 
final  value 446.390497 
converged
# weights:  157
initial  value 657.531442 
final  value 440.666291 
converged
# weights:  157
initial  value 500.941587 
iter  10 value 428.372122
iter  20 value 379.025302
iter  30 value 362.707024
iter  40 value 357.053372
iter  50 value 356.451633
iter  60 value 356.180920
iter  70 value 356.165055
iter  80 value 356.160956
iter  90 value 356.158489
iter 100 value 356.157899
final  value 356.157899 
stopped after 100 iterations
# weights:  157
initial  value 456.483785 
final  value 440.666291 
converged
# weights:  157
initial  value 432.098783 
final  value 431.015623 
converged
[1] -28.79426
[1] 6.37117

### [bt]: Job terminated successfully [batchtools job.id=12898]
### [bt]: Calculation finished!
