### [bt]: This is batchtools v0.9.17
### [bt]: Starting calculation of 5 jobs
### [bt]: Setting working directory to '/Users/adrian/Desktop/Mater_Thesis_Calibration'
ece.R :
Friedmann_tasks.R :
Functions.R :
ici.R :
mse_feature_effects.R :
PipeOpCalibration.R :
### [bt]: Memory measurement disabled
### [bt]: Starting job [batchtools job.id=2966]
### [bt]: Generating problem instance for problem 'b541340d6c2eb21d' ...
### [bt]: Applying algorithm 'run_learner' on problem 'b541340d6c2eb21d' for job 2966 (seed = 3089) ...
INFO  [13:49:11.241] [mlr3] Applying learner 'naive_bayes calibrated isotonic cv3' on task 'kc1' (iter 6/10)

### [bt]: Job terminated successfully [batchtools job.id=2966]
### [bt]: Starting job [batchtools job.id=2967]
### [bt]: Generating problem instance for problem 'b541340d6c2eb21d' ...
### [bt]: Applying algorithm 'run_learner' on problem 'b541340d6c2eb21d' for job 2967 (seed = 3090) ...
INFO  [13:49:15.724] [mlr3] Applying learner 'naive_bayes calibrated isotonic cv3' on task 'kc1' (iter 7/10)

### [bt]: Job terminated successfully [batchtools job.id=2967]
### [bt]: Starting job [batchtools job.id=2968]
### [bt]: Generating problem instance for problem 'b541340d6c2eb21d' ...
### [bt]: Applying algorithm 'run_learner' on problem 'b541340d6c2eb21d' for job 2968 (seed = 3091) ...
INFO  [13:49:18.176] [mlr3] Applying learner 'naive_bayes calibrated isotonic cv3' on task 'kc1' (iter 8/10)

### [bt]: Job terminated successfully [batchtools job.id=2968]
### [bt]: Starting job [batchtools job.id=2969]
### [bt]: Generating problem instance for problem 'b541340d6c2eb21d' ...
### [bt]: Applying algorithm 'run_learner' on problem 'b541340d6c2eb21d' for job 2969 (seed = 3092) ...
INFO  [13:49:20.554] [mlr3] Applying learner 'naive_bayes calibrated isotonic cv3' on task 'kc1' (iter 9/10)

### [bt]: Job terminated successfully [batchtools job.id=2969]
### [bt]: Starting job [batchtools job.id=2970]
### [bt]: Generating problem instance for problem 'b541340d6c2eb21d' ...
### [bt]: Applying algorithm 'run_learner' on problem 'b541340d6c2eb21d' for job 2970 (seed = 3093) ...
INFO  [13:49:23.377] [mlr3] Applying learner 'naive_bayes calibrated isotonic cv3' on task 'kc1' (iter 10/10)

### [bt]: Job terminated successfully [batchtools job.id=2970]
### [bt]: Calculation finished!
