### [bt]: This is batchtools v0.9.17
### [bt]: Starting calculation of 5 jobs
### [bt]: Setting working directory to '/Users/adrian/Desktop/Mater_Thesis_Calibration'
ece.R :
Friedmann_tasks.R :
Functions.R :
ici.R :
mse_feature_effects.R :
PipeOpCalibration.R :
### [bt]: Memory measurement disabled
### [bt]: Starting job [batchtools job.id=981]
### [bt]: Generating problem instance for problem '563768ad2e048da7' ...
### [bt]: Applying algorithm 'run_learner' on problem '563768ad2e048da7' for job 981 (seed = 1104) ...
INFO  [12:58:03.330] [mlr3] Applying learner 'svm calibrated beta 90' on task 'credit-g' (iter 1/10)
Warning in svm.default(x = data, y = task$truth(), probability = (self$predict_type ==  :
  Variable(s) ‘personal_status.female.single’ and ‘purpose.vacation’ constant. Cannot scale data.
This happened PipeOp classif.svm's $train()
This happened PipeOp classif.svm's $train()

### [bt]: Job terminated successfully [batchtools job.id=981]
### [bt]: Starting job [batchtools job.id=982]
### [bt]: Generating problem instance for problem '563768ad2e048da7' ...
### [bt]: Applying algorithm 'run_learner' on problem '563768ad2e048da7' for job 982 (seed = 1105) ...
INFO  [12:58:04.069] [mlr3] Applying learner 'svm calibrated beta 90' on task 'credit-g' (iter 2/10)
Warning in svm.default(x = data, y = task$truth(), probability = (self$predict_type ==  :
  Variable(s) ‘personal_status.female.single’ and ‘purpose.vacation’ constant. Cannot scale data.
This happened PipeOp classif.svm's $train()
This happened PipeOp classif.svm's $train()

### [bt]: Job terminated successfully [batchtools job.id=982]
### [bt]: Starting job [batchtools job.id=983]
### [bt]: Generating problem instance for problem '563768ad2e048da7' ...
### [bt]: Applying algorithm 'run_learner' on problem '563768ad2e048da7' for job 983 (seed = 1106) ...
INFO  [12:58:07.741] [mlr3] Applying learner 'svm calibrated beta 90' on task 'credit-g' (iter 3/10)
Warning in svm.default(x = data, y = task$truth(), probability = (self$predict_type ==  :
  Variable(s) ‘personal_status.female.single’ and ‘purpose.vacation’ constant. Cannot scale data.
This happened PipeOp classif.svm's $train()
This happened PipeOp classif.svm's $train()

### [bt]: Job terminated successfully [batchtools job.id=983]
### [bt]: Starting job [batchtools job.id=984]
### [bt]: Generating problem instance for problem '563768ad2e048da7' ...
### [bt]: Applying algorithm 'run_learner' on problem '563768ad2e048da7' for job 984 (seed = 1107) ...
INFO  [12:58:09.416] [mlr3] Applying learner 'svm calibrated beta 90' on task 'credit-g' (iter 4/10)
Warning in svm.default(x = data, y = task$truth(), probability = (self$predict_type ==  :
  Variable(s) ‘personal_status.female.single’ and ‘purpose.vacation’ constant. Cannot scale data.
This happened PipeOp classif.svm's $train()
This happened PipeOp classif.svm's $train()

### [bt]: Job terminated successfully [batchtools job.id=984]
### [bt]: Starting job [batchtools job.id=985]
### [bt]: Generating problem instance for problem '563768ad2e048da7' ...
### [bt]: Applying algorithm 'run_learner' on problem '563768ad2e048da7' for job 985 (seed = 1108) ...
INFO  [12:58:10.151] [mlr3] Applying learner 'svm calibrated beta 90' on task 'credit-g' (iter 5/10)
Warning in svm.default(x = data, y = task$truth(), probability = (self$predict_type ==  :
  Variable(s) ‘personal_status.female.single’ and ‘purpose.vacation’ constant. Cannot scale data.
This happened PipeOp classif.svm's $train()
This happened PipeOp classif.svm's $train()

### [bt]: Job terminated successfully [batchtools job.id=985]
### [bt]: Calculation finished!
