### [bt]: This is batchtools v0.9.17
### [bt]: Starting calculation of 5 jobs
### [bt]: Setting working directory to '/Users/adrian/Desktop/Mater_Thesis_Calibration'
ece.R :
Friedmann_tasks.R :
Functions.R :
ici.R :
mse_feature_effects.R :
PipeOpCalibration.R :
### [bt]: Memory measurement disabled
### [bt]: Starting job [batchtools job.id=7436]
### [bt]: Generating problem instance for problem 'c27a1cbf9c91424a' ...
### [bt]: Applying algorithm 'run_learner' on problem 'c27a1cbf9c91424a' for job 7436 (seed = 7559) ...
INFO  [18:22:24.104] [mlr3] Applying learner 'svm calibrated isotonic 90' on task 'ilpd' (iter 6/10)

### [bt]: Job terminated successfully [batchtools job.id=7436]
### [bt]: Starting job [batchtools job.id=7437]
### [bt]: Generating problem instance for problem 'c27a1cbf9c91424a' ...
### [bt]: Applying algorithm 'run_learner' on problem 'c27a1cbf9c91424a' for job 7437 (seed = 7560) ...
INFO  [18:22:29.653] [mlr3] Applying learner 'svm calibrated isotonic 90' on task 'ilpd' (iter 7/10)

### [bt]: Job terminated successfully [batchtools job.id=7437]
### [bt]: Starting job [batchtools job.id=7438]
### [bt]: Generating problem instance for problem 'c27a1cbf9c91424a' ...
### [bt]: Applying algorithm 'run_learner' on problem 'c27a1cbf9c91424a' for job 7438 (seed = 7561) ...
INFO  [18:22:30.052] [mlr3] Applying learner 'svm calibrated isotonic 90' on task 'ilpd' (iter 8/10)

### [bt]: Job terminated successfully [batchtools job.id=7438]
### [bt]: Starting job [batchtools job.id=7439]
### [bt]: Generating problem instance for problem 'c27a1cbf9c91424a' ...
### [bt]: Applying algorithm 'run_learner' on problem 'c27a1cbf9c91424a' for job 7439 (seed = 7562) ...
INFO  [18:22:33.873] [mlr3] Applying learner 'svm calibrated isotonic 90' on task 'ilpd' (iter 9/10)

### [bt]: Job terminated successfully [batchtools job.id=7439]
### [bt]: Starting job [batchtools job.id=7440]
### [bt]: Generating problem instance for problem 'c27a1cbf9c91424a' ...
### [bt]: Applying algorithm 'run_learner' on problem 'c27a1cbf9c91424a' for job 7440 (seed = 7563) ...
INFO  [18:22:34.193] [mlr3] Applying learner 'svm calibrated isotonic 90' on task 'ilpd' (iter 10/10)

### [bt]: Job terminated successfully [batchtools job.id=7440]
### [bt]: Calculation finished!
