### [bt]: This is batchtools v0.9.17
### [bt]: Starting calculation of 5 jobs
### [bt]: Setting working directory to '/Users/adrian/Desktop/Mater_Thesis_Calibration'
ece.R :
Friedmann_tasks.R :
Functions.R :
ici.R :
mse_feature_effects.R :
PipeOpCalibration.R :
### [bt]: Memory measurement disabled
### [bt]: Starting job [batchtools job.id=10311]
### [bt]: Generating problem instance for problem 'cfb05fadfc1e266b' ...
### [bt]: Applying algorithm 'run_learner' on problem 'cfb05fadfc1e266b' for job 10311 (seed = 10434) ...
INFO  [10:32:55.188] [mlr3] Applying learner 'glmnet calibrated isotonic 90' on task 'numerai28.6' (iter 1/10)

### [bt]: Job terminated successfully [batchtools job.id=10311]
### [bt]: Starting job [batchtools job.id=10312]
### [bt]: Generating problem instance for problem 'cfb05fadfc1e266b' ...
### [bt]: Applying algorithm 'run_learner' on problem 'cfb05fadfc1e266b' for job 10312 (seed = 10435) ...
INFO  [10:32:56.333] [mlr3] Applying learner 'glmnet calibrated isotonic 90' on task 'numerai28.6' (iter 2/10)

### [bt]: Job terminated successfully [batchtools job.id=10312]
### [bt]: Starting job [batchtools job.id=10313]
### [bt]: Generating problem instance for problem 'cfb05fadfc1e266b' ...
### [bt]: Applying algorithm 'run_learner' on problem 'cfb05fadfc1e266b' for job 10313 (seed = 10436) ...
INFO  [10:32:59.483] [mlr3] Applying learner 'glmnet calibrated isotonic 90' on task 'numerai28.6' (iter 3/10)

### [bt]: Job terminated successfully [batchtools job.id=10313]
### [bt]: Starting job [batchtools job.id=10314]
### [bt]: Generating problem instance for problem 'cfb05fadfc1e266b' ...
### [bt]: Applying algorithm 'run_learner' on problem 'cfb05fadfc1e266b' for job 10314 (seed = 10437) ...
INFO  [10:33:00.424] [mlr3] Applying learner 'glmnet calibrated isotonic 90' on task 'numerai28.6' (iter 4/10)

### [bt]: Job terminated successfully [batchtools job.id=10314]
### [bt]: Starting job [batchtools job.id=10315]
### [bt]: Generating problem instance for problem 'cfb05fadfc1e266b' ...
### [bt]: Applying algorithm 'run_learner' on problem 'cfb05fadfc1e266b' for job 10315 (seed = 10438) ...
INFO  [10:33:01.061] [mlr3] Applying learner 'glmnet calibrated isotonic 90' on task 'numerai28.6' (iter 5/10)

### [bt]: Job terminated successfully [batchtools job.id=10315]
### [bt]: Calculation finished!
