### [bt]: This is batchtools v0.9.17
### [bt]: Starting calculation of 5 jobs
### [bt]: Setting working directory to '/Users/adrian/Desktop/Mater_Thesis_Calibration'
ece.R :
Friedmann_tasks.R :
Functions.R :
ici.R :
mse_feature_effects.R :
PipeOpCalibration.R :
### [bt]: Memory measurement disabled
### [bt]: Starting job [batchtools job.id=12726]
### [bt]: Generating problem instance for problem '7f16ca74b5d8776b' ...
### [bt]: Applying algorithm 'run_learner' on problem '7f16ca74b5d8776b' for job 12726 (seed = 12849) ...
INFO  [05:23:13.613] [mlr3] Applying learner 'xgboost calibrated isotonic cv3' on task 'churn' (iter 6/10)

### [bt]: Job terminated successfully [batchtools job.id=12726]
### [bt]: Starting job [batchtools job.id=12727]
### [bt]: Generating problem instance for problem '7f16ca74b5d8776b' ...
### [bt]: Applying algorithm 'run_learner' on problem '7f16ca74b5d8776b' for job 12727 (seed = 12850) ...
INFO  [05:24:05.430] [mlr3] Applying learner 'xgboost calibrated isotonic cv3' on task 'churn' (iter 7/10)

### [bt]: Job terminated successfully [batchtools job.id=12727]
### [bt]: Starting job [batchtools job.id=12728]
### [bt]: Generating problem instance for problem '7f16ca74b5d8776b' ...
### [bt]: Applying algorithm 'run_learner' on problem '7f16ca74b5d8776b' for job 12728 (seed = 12851) ...
INFO  [05:24:52.902] [mlr3] Applying learner 'xgboost calibrated isotonic cv3' on task 'churn' (iter 8/10)

### [bt]: Job terminated successfully [batchtools job.id=12728]
### [bt]: Starting job [batchtools job.id=12729]
### [bt]: Generating problem instance for problem '7f16ca74b5d8776b' ...
### [bt]: Applying algorithm 'run_learner' on problem '7f16ca74b5d8776b' for job 12729 (seed = 12852) ...
INFO  [05:25:39.941] [mlr3] Applying learner 'xgboost calibrated isotonic cv3' on task 'churn' (iter 9/10)

### [bt]: Job terminated successfully [batchtools job.id=12729]
### [bt]: Starting job [batchtools job.id=12730]
### [bt]: Generating problem instance for problem '7f16ca74b5d8776b' ...
### [bt]: Applying algorithm 'run_learner' on problem '7f16ca74b5d8776b' for job 12730 (seed = 12853) ...
INFO  [05:26:28.985] [mlr3] Applying learner 'xgboost calibrated isotonic cv3' on task 'churn' (iter 10/10)

### [bt]: Job terminated successfully [batchtools job.id=12730]
### [bt]: Calculation finished!
