### [bt]: This is batchtools v0.9.17
### [bt]: Starting calculation of 5 jobs
### [bt]: Setting working directory to '/Users/adrian/Desktop/Mater_Thesis_Calibration'
ece.R :
Friedmann_tasks.R :
Functions.R :
ici.R :
mse_feature_effects.R :
PipeOpCalibration.R :
### [bt]: Memory measurement disabled
### [bt]: Starting job [batchtools job.id=11641]
### [bt]: Generating problem instance for problem '7f16ca74b5d8776b' ...
### [bt]: Applying algorithm 'run_learner' on problem '7f16ca74b5d8776b' for job 11641 (seed = 11764) ...
INFO  [02:40:56.269] [mlr3] Applying learner 'glmnet calibrated platt 90' on task 'churn' (iter 1/10)
Warning: from glmnet C++ code (error code -1); Convergence for 1th lambda value not reached after maxit=100000 iterations; solutions for larger lambdas returned
This happened PipeOp classif.glmnet's $train()
This happened PipeOp classif.glmnet's $train()
Warning in getcoef(fit, nvars, nx, vnames) :
  an empty model has been returned; probably a convergence issue
This happened PipeOp classif.glmnet's $train()
This happened PipeOp classif.glmnet's $train()

### [bt]: Job terminated successfully [batchtools job.id=11641]
### [bt]: Starting job [batchtools job.id=11642]
### [bt]: Generating problem instance for problem '7f16ca74b5d8776b' ...
### [bt]: Applying algorithm 'run_learner' on problem '7f16ca74b5d8776b' for job 11642 (seed = 11765) ...
INFO  [02:41:15.713] [mlr3] Applying learner 'glmnet calibrated platt 90' on task 'churn' (iter 2/10)
Warning in predict.lm(object, newdata, se.fit, scale = 1, type = if (type ==  :
  prediction from rank-deficient fit; attr(*, "non-estim") has doubtful cases
This happened PipeOp classif.glmnet's $predict()

### [bt]: Job terminated successfully [batchtools job.id=11642]
### [bt]: Starting job [batchtools job.id=11643]
### [bt]: Generating problem instance for problem '7f16ca74b5d8776b' ...
### [bt]: Applying algorithm 'run_learner' on problem '7f16ca74b5d8776b' for job 11643 (seed = 11766) ...
INFO  [02:41:16.171] [mlr3] Applying learner 'glmnet calibrated platt 90' on task 'churn' (iter 3/10)
Warning: from glmnet C++ code (error code -1); Convergence for 1th lambda value not reached after maxit=100000 iterations; solutions for larger lambdas returned
This happened PipeOp classif.glmnet's $train()
This happened PipeOp classif.glmnet's $train()
Warning in getcoef(fit, nvars, nx, vnames) :
  an empty model has been returned; probably a convergence issue
This happened PipeOp classif.glmnet's $train()
This happened PipeOp classif.glmnet's $train()

### [bt]: Job terminated successfully [batchtools job.id=11643]
### [bt]: Starting job [batchtools job.id=11644]
### [bt]: Generating problem instance for problem '7f16ca74b5d8776b' ...
### [bt]: Applying algorithm 'run_learner' on problem '7f16ca74b5d8776b' for job 11644 (seed = 11767) ...
INFO  [02:41:33.786] [mlr3] Applying learner 'glmnet calibrated platt 90' on task 'churn' (iter 4/10)
Warning: from glmnet C++ code (error code -1); Convergence for 1th lambda value not reached after maxit=100000 iterations; solutions for larger lambdas returned
This happened PipeOp classif.glmnet's $train()
This happened PipeOp classif.glmnet's $train()
Warning in getcoef(fit, nvars, nx, vnames) :
  an empty model has been returned; probably a convergence issue
This happened PipeOp classif.glmnet's $train()
This happened PipeOp classif.glmnet's $train()

### [bt]: Job terminated successfully [batchtools job.id=11644]
### [bt]: Starting job [batchtools job.id=11645]
### [bt]: Generating problem instance for problem '7f16ca74b5d8776b' ...
### [bt]: Applying algorithm 'run_learner' on problem '7f16ca74b5d8776b' for job 11645 (seed = 11768) ...
INFO  [02:41:49.406] [mlr3] Applying learner 'glmnet calibrated platt 90' on task 'churn' (iter 5/10)
Warning in predict.lm(object, newdata, se.fit, scale = 1, type = if (type ==  :
  prediction from rank-deficient fit; attr(*, "non-estim") has doubtful cases
This happened PipeOp classif.glmnet's $predict()

### [bt]: Job terminated successfully [batchtools job.id=11645]
### [bt]: Calculation finished!
