### [bt]: This is batchtools v0.9.17
### [bt]: Starting calculation of 1 jobs
### [bt]: Setting working directory to '/content'
### [bt]: Memory measurement disabled
### [bt]: Starting job [batchtools job.id=12370]
### [bt]: Generating problem instance for problem '7f16ca74b5d8776b' ...
### [bt]: Applying algorithm 'run_learner' on problem '7f16ca74b5d8776b' for job 12370 (seed = 12493) ...
INFO  [14:50:21.698] [mlr3] Applying learner 'rpart calibrated beta cv5' on task 'churn' (iter 10/10)
[1] -15.34298
[1] 42.60615
Warning: glm.fit: fitted probabilities numerically 0 or 1 occurred
This happened PipeOp classif.rpart's $train()
[1] -11.78042
[1] 43.71289
Warning: glm.fit: fitted probabilities numerically 0 or 1 occurred
This happened PipeOp classif.rpart's $train()
[1] -8.706621
[1] 38.39115
[1] -2.058309
[1] 50.68583
[1] 0.497568
[1] 59.35498

### [bt]: Job terminated successfully [batchtools job.id=12370]
### [bt]: Calculation finished!
