### [bt]: This is batchtools v0.9.17
### [bt]: Starting calculation of 5 jobs
### [bt]: Setting working directory to '/Users/adrian/Desktop/Mater_Thesis_Calibration'
ece.R :
Friedmann_tasks.R :
Functions.R :
ici.R :
mse_feature_effects.R :
PipeOpCalibration.R :
### [bt]: Memory measurement disabled
### [bt]: Starting job [batchtools job.id=6056]
### [bt]: Generating problem instance for problem 'a6b2cabd9f84c607' ...
### [bt]: Applying algorithm 'run_learner' on problem 'a6b2cabd9f84c607' for job 6056 (seed = 6179) ...
INFO  [16:45:03.842] [mlr3] Applying learner 'rpart calibrated platt cv3' on task 'phoneme' (iter 6/10)

### [bt]: Job terminated successfully [batchtools job.id=6056]
### [bt]: Starting job [batchtools job.id=6057]
### [bt]: Generating problem instance for problem 'a6b2cabd9f84c607' ...
### [bt]: Applying algorithm 'run_learner' on problem 'a6b2cabd9f84c607' for job 6057 (seed = 6180) ...
INFO  [16:45:11.307] [mlr3] Applying learner 'rpart calibrated platt cv3' on task 'phoneme' (iter 7/10)

### [bt]: Job terminated successfully [batchtools job.id=6057]
### [bt]: Starting job [batchtools job.id=6058]
### [bt]: Generating problem instance for problem 'a6b2cabd9f84c607' ...
### [bt]: Applying algorithm 'run_learner' on problem 'a6b2cabd9f84c607' for job 6058 (seed = 6181) ...
INFO  [16:45:11.711] [mlr3] Applying learner 'rpart calibrated platt cv3' on task 'phoneme' (iter 8/10)

### [bt]: Job terminated successfully [batchtools job.id=6058]
### [bt]: Starting job [batchtools job.id=6059]
### [bt]: Generating problem instance for problem 'a6b2cabd9f84c607' ...
### [bt]: Applying algorithm 'run_learner' on problem 'a6b2cabd9f84c607' for job 6059 (seed = 6182) ...
INFO  [16:45:15.712] [mlr3] Applying learner 'rpart calibrated platt cv3' on task 'phoneme' (iter 9/10)

### [bt]: Job terminated successfully [batchtools job.id=6059]
### [bt]: Starting job [batchtools job.id=6060]
### [bt]: Generating problem instance for problem 'a6b2cabd9f84c607' ...
### [bt]: Applying algorithm 'run_learner' on problem 'a6b2cabd9f84c607' for job 6060 (seed = 6183) ...
INFO  [16:45:16.021] [mlr3] Applying learner 'rpart calibrated platt cv3' on task 'phoneme' (iter 10/10)

### [bt]: Job terminated successfully [batchtools job.id=6060]
### [bt]: Calculation finished!
