### [bt]: This is batchtools v0.9.17
### [bt]: Starting calculation of 1 jobs
### [bt]: Setting working directory to '/content'
### [bt]: Memory measurement disabled
### [bt]: Starting job [batchtools job.id=9644]
### [bt]: Generating problem instance for problem '0ecb79b078d7aa0a' ...
### [bt]: Applying algorithm 'run_learner' on problem '0ecb79b078d7aa0a' for job 9644 (seed = 9767) ...
INFO  [14:34:07.077] [mlr3] Applying learner 'ranger calibrated beta cv5' on task 'PhishingWebsites' (iter 4/10)
Warning: glm.fit: fitted probabilities numerically 0 or 1 occurred
This happened PipeOp classif.ranger's $train()
[1] -54.82793
[1] 89.5169
Warning: glm.fit: fitted probabilities numerically 0 or 1 occurred
This happened PipeOp classif.ranger's $train()
[1] -60.62784
[1] 93.18331
Warning: glm.fit: fitted probabilities numerically 0 or 1 occurred
This happened PipeOp classif.ranger's $train()
[1] -70.02192
[1] 69.67742
Warning: glm.fit: fitted probabilities numerically 0 or 1 occurred
This happened PipeOp classif.ranger's $train()
[1] -64.72537
[1] 71.77236
Warning: glm.fit: fitted probabilities numerically 0 or 1 occurred
This happened PipeOp classif.ranger's $train()
[1] -60.82625
[1] 104.4422

### [bt]: Job terminated successfully [batchtools job.id=9644]
### [bt]: Calculation finished!
