### [bt]: This is batchtools v0.9.17
### [bt]: Starting calculation of 5 jobs
### [bt]: Setting working directory to '/Users/adrian/Desktop/Mater_Thesis_Calibration'
### [bt]: Memory measurement disabled
### [bt]: Starting job [batchtools job.id=521]
### [bt]: Generating problem instance for problem '1bd472785c2444ba' ...
### [bt]: Applying algorithm 'run_learner' on problem '1bd472785c2444ba' for job 521 (seed = 522) ...
INFO  [11:20:07.505] [mlr3] Applying learner 'naive_bayes calibrated platt holdout_66' on task 'wdbc' (iter 1/10)

### [bt]: Job terminated successfully [batchtools job.id=521]
### [bt]: Starting job [batchtools job.id=522]
### [bt]: Generating problem instance for problem '1bd472785c2444ba' ...
### [bt]: Applying algorithm 'run_learner' on problem '1bd472785c2444ba' for job 522 (seed = 523) ...
INFO  [11:20:07.783] [mlr3] Applying learner 'naive_bayes calibrated platt holdout_66' on task 'wdbc' (iter 2/10)

### [bt]: Job terminated successfully [batchtools job.id=522]
### [bt]: Starting job [batchtools job.id=523]
### [bt]: Generating problem instance for problem '1bd472785c2444ba' ...
### [bt]: Applying algorithm 'run_learner' on problem '1bd472785c2444ba' for job 523 (seed = 524) ...
INFO  [11:20:08.140] [mlr3] Applying learner 'naive_bayes calibrated platt holdout_66' on task 'wdbc' (iter 3/10)

### [bt]: Job terminated successfully [batchtools job.id=523]
### [bt]: Starting job [batchtools job.id=524]
### [bt]: Generating problem instance for problem '1bd472785c2444ba' ...
### [bt]: Applying algorithm 'run_learner' on problem '1bd472785c2444ba' for job 524 (seed = 525) ...
INFO  [11:20:08.387] [mlr3] Applying learner 'naive_bayes calibrated platt holdout_66' on task 'wdbc' (iter 4/10)

### [bt]: Job terminated successfully [batchtools job.id=524]
### [bt]: Starting job [batchtools job.id=525]
### [bt]: Generating problem instance for problem '1bd472785c2444ba' ...
### [bt]: Applying algorithm 'run_learner' on problem '1bd472785c2444ba' for job 525 (seed = 526) ...
INFO  [11:20:10.529] [mlr3] Applying learner 'naive_bayes calibrated platt holdout_66' on task 'wdbc' (iter 5/10)

### [bt]: Job terminated successfully [batchtools job.id=525]
### [bt]: Calculation finished!
