### [bt]: This is batchtools v0.9.17
### [bt]: Starting calculation of 1 jobs
### [bt]: Setting working directory to '/content'
### [bt]: Memory measurement disabled
### [bt]: Starting job [batchtools job.id=10830]
### [bt]: Generating problem instance for problem 'cfb05fadfc1e266b' ...
### [bt]: Applying algorithm 'run_learner' on problem 'cfb05fadfc1e266b' for job 10830 (seed = 10953) ...
INFO  [16:53:36.617] [mlr3] Applying learner 'nnet calibrated platt 70' on task 'numerai28.6' (iter 10/10)
# weights:  70
initial  value 45542.730569 
iter  10 value 42001.254342
iter  20 value 41958.789528
iter  30 value 41935.421295
iter  40 value 41919.947872
iter  50 value 41910.208684
iter  60 value 41902.976307
iter  70 value 41897.069020
iter  80 value 41890.873629
iter  90 value 41887.756854
iter 100 value 41885.727321
final  value 41885.727321 
stopped after 100 iterations

### [bt]: Job terminated successfully [batchtools job.id=10830]
### [bt]: Calculation finished!
