### [bt]: This is batchtools v0.9.17
### [bt]: Starting calculation of 1 jobs
### [bt]: Setting working directory to '/content'
### [bt]: Memory measurement disabled
### [bt]: Starting job [batchtools job.id=9324]
### [bt]: Generating problem instance for problem '0ecb79b078d7aa0a' ...
### [bt]: Applying algorithm 'run_learner' on problem '0ecb79b078d7aa0a' for job 9324 (seed = 9447) ...
INFO  [14:33:26.617] [mlr3] Applying learner 'naive_bayes calibrated beta cv5' on task 'PhishingWebsites' (iter 4/10)
[1] -27.96143
[1] 31.79509
[1] -36.24451
[1] 25.42359
[1] -25.02271
[1] 28.83361
[1] -23.49052
[1] 26.757
[1] -28.23342
[1] 28.2354

### [bt]: Job terminated successfully [batchtools job.id=9324]
### [bt]: Calculation finished!
