### [bt]: This is batchtools v0.9.17
### [bt]: Starting calculation of 5 jobs
### [bt]: Setting working directory to '/Users/adrian/Desktop/Mater_Thesis_Calibration'
ece.R :
Friedmann_tasks.R :
Functions.R :
ici.R :
mse_feature_effects.R :
PipeOpCalibration.R :
### [bt]: Memory measurement disabled
### [bt]: Starting job [batchtools job.id=5871]
### [bt]: Generating problem instance for problem 'a6b2cabd9f84c607' ...
### [bt]: Applying algorithm 'run_learner' on problem 'a6b2cabd9f84c607' for job 5871 (seed = 5994) ...
INFO  [16:30:20.658] [mlr3] Applying learner 'ranger calibrated platt 80' on task 'phoneme' (iter 1/10)

### [bt]: Job terminated successfully [batchtools job.id=5871]
### [bt]: Starting job [batchtools job.id=5872]
### [bt]: Generating problem instance for problem 'a6b2cabd9f84c607' ...
### [bt]: Applying algorithm 'run_learner' on problem 'a6b2cabd9f84c607' for job 5872 (seed = 5995) ...
INFO  [16:30:30.593] [mlr3] Applying learner 'ranger calibrated platt 80' on task 'phoneme' (iter 2/10)

### [bt]: Job terminated successfully [batchtools job.id=5872]
### [bt]: Starting job [batchtools job.id=5873]
### [bt]: Generating problem instance for problem 'a6b2cabd9f84c607' ...
### [bt]: Applying algorithm 'run_learner' on problem 'a6b2cabd9f84c607' for job 5873 (seed = 5996) ...
INFO  [16:30:37.495] [mlr3] Applying learner 'ranger calibrated platt 80' on task 'phoneme' (iter 3/10)

### [bt]: Job terminated successfully [batchtools job.id=5873]
### [bt]: Starting job [batchtools job.id=5874]
### [bt]: Generating problem instance for problem 'a6b2cabd9f84c607' ...
### [bt]: Applying algorithm 'run_learner' on problem 'a6b2cabd9f84c607' for job 5874 (seed = 5997) ...
INFO  [16:30:45.289] [mlr3] Applying learner 'ranger calibrated platt 80' on task 'phoneme' (iter 4/10)

### [bt]: Job terminated successfully [batchtools job.id=5874]
### [bt]: Starting job [batchtools job.id=5875]
### [bt]: Generating problem instance for problem 'a6b2cabd9f84c607' ...
### [bt]: Applying algorithm 'run_learner' on problem 'a6b2cabd9f84c607' for job 5875 (seed = 5998) ...
INFO  [16:30:51.787] [mlr3] Applying learner 'ranger calibrated platt 80' on task 'phoneme' (iter 5/10)

### [bt]: Job terminated successfully [batchtools job.id=5875]
### [bt]: Calculation finished!
