### [bt]: This is batchtools v0.9.17
### [bt]: Starting calculation of 1 jobs
### [bt]: Setting working directory to '/content'
### [bt]: Memory measurement disabled
### [bt]: Starting job [batchtools job.id=12084]
### [bt]: Generating problem instance for problem '7f16ca74b5d8776b' ...
### [bt]: Applying algorithm 'run_learner' on problem '7f16ca74b5d8776b' for job 12084 (seed = 12207) ...
INFO  [14:49:16.182] [mlr3] Applying learner 'nnet calibrated isotonic cv3' on task 'churn' (iter 4/10)
# weights:  94
initial  value 1761.409659 
final  value 1218.515505 
converged
# weights:  94
initial  value 2138.243768 
iter  10 value 1232.757236
iter  20 value 1232.484863
iter  30 value 1232.371081
iter  40 value 1232.281554
iter  50 value 1232.251147
iter  60 value 1232.202988
iter  60 value 1232.202979
iter  60 value 1232.202975
final  value 1232.202975 
converged
# weights:  94
initial  value 2211.654446 
iter  10 value 1212.538808
iter  20 value 1211.486092
iter  30 value 1210.385324
iter  40 value 1208.874650
iter  50 value 1208.274335
iter  60 value 1207.922009
iter  70 value 1207.799318
iter  80 value 1207.776804
final  value 1207.776536 
converged

### [bt]: Job terminated successfully [batchtools job.id=12084]
### [bt]: Calculation finished!
