### [bt]: This is batchtools v0.9.17
### [bt]: Starting calculation of 5 jobs
### [bt]: Setting working directory to '/Users/adrian/Desktop/Mater_Thesis_Calibration'
ece.R :
Friedmann_tasks.R :
Functions.R :
ici.R :
mse_feature_effects.R :
PipeOpCalibration.R :
### [bt]: Memory measurement disabled
### [bt]: Starting job [batchtools job.id=7021]
### [bt]: Generating problem instance for problem 'c27a1cbf9c91424a' ...
### [bt]: Applying algorithm 'run_learner' on problem 'c27a1cbf9c91424a' for job 7021 (seed = 7144) ...
INFO  [18:03:54.102] [mlr3] Applying learner 'nnet calibrated platt cv5' on task 'ilpd' (iter 1/10)
# weights:  37
initial  value 267.955126 
final  value 258.653657 
converged
# weights:  37
initial  value 249.225255 
iter  10 value 229.909114
iter  20 value 225.461424
iter  30 value 223.426523
iter  40 value 222.777384
iter  50 value 222.477678
iter  60 value 221.840657
iter  70 value 203.200318
iter  80 value 199.844851
iter  90 value 199.042683
iter 100 value 199.042217
final  value 199.042217 
stopped after 100 iterations
# weights:  37
initial  value 337.676434 
iter  10 value 237.473019
iter  20 value 236.857849
iter  30 value 235.878636
iter  40 value 235.320155
iter  50 value 234.679900
iter  60 value 234.645016
final  value 234.644959 
converged
# weights:  37
initial  value 261.171765 
iter  10 value 250.263290
iter  20 value 250.259504
iter  20 value 250.259502
iter  20 value 250.259502
final  value 250.259502 
converged
# weights:  37
initial  value 250.525474 
iter  10 value 238.671768
iter  20 value 237.557711
iter  30 value 237.556404
final  value 237.556289 
converged
Warning in predict.lm(object, newdata, se.fit, scale = 1, type = if (type ==  :
  prediction from rank-deficient fit; attr(*, "non-estim") has doubtful cases
This happened PipeOp classif.nnet's $predict()

### [bt]: Job terminated successfully [batchtools job.id=7021]
### [bt]: Starting job [batchtools job.id=7022]
### [bt]: Generating problem instance for problem 'c27a1cbf9c91424a' ...
### [bt]: Applying algorithm 'run_learner' on problem 'c27a1cbf9c91424a' for job 7022 (seed = 7145) ...
INFO  [18:03:54.661] [mlr3] Applying learner 'nnet calibrated platt cv5' on task 'ilpd' (iter 2/10)
# weights:  37
initial  value 387.368512 
iter  10 value 245.153234
iter  20 value 239.041097
iter  30 value 238.225404
iter  40 value 238.189526
final  value 238.189344 
converged
# weights:  37
initial  value 314.088734 
iter  10 value 236.331072
iter  20 value 229.879990
iter  30 value 216.426299
iter  40 value 208.926164
iter  50 value 200.922204
iter  60 value 199.244901
iter  70 value 198.014792
iter  80 value 197.654354
iter  90 value 197.415087
iter 100 value 197.111359
final  value 197.111359 
stopped after 100 iterations
# weights:  37
initial  value 332.138035 
iter  10 value 239.952817
iter  20 value 236.951862
iter  30 value 236.493637
iter  40 value 236.471404
iter  50 value 236.468031
iter  60 value 236.466857
final  value 236.466784 
converged
# weights:  37
initial  value 257.508269 
iter  10 value 232.448446
iter  20 value 228.987618
iter  30 value 226.763233
iter  40 value 225.910102
iter  50 value 224.746279
iter  60 value 224.388692
iter  70 value 224.121076
iter  80 value 220.909996
iter  90 value 218.303112
iter 100 value 217.026396
final  value 217.026396 
stopped after 100 iterations
# weights:  37
initial  value 272.542773 
final  value 251.273227 
converged
Warning in predict.lm(object, newdata, se.fit, scale = 1, type = if (type ==  :
  prediction from rank-deficient fit; attr(*, "non-estim") has doubtful cases
This happened PipeOp classif.nnet's $predict()

### [bt]: Job terminated successfully [batchtools job.id=7022]
### [bt]: Starting job [batchtools job.id=7023]
### [bt]: Generating problem instance for problem 'c27a1cbf9c91424a' ...
### [bt]: Applying algorithm 'run_learner' on problem 'c27a1cbf9c91424a' for job 7023 (seed = 7146) ...
INFO  [18:04:00.096] [mlr3] Applying learner 'nnet calibrated platt cv5' on task 'ilpd' (iter 3/10)
# weights:  37
initial  value 272.589313 
final  value 249.086940 
converged
# weights:  37
initial  value 259.247422 
final  value 257.870971 
converged
# weights:  37
initial  value 295.027862 
iter  10 value 244.617077
iter  20 value 234.996049
iter  30 value 234.317708
iter  40 value 233.941657
iter  50 value 233.933795
final  value 233.933769 
converged
# weights:  37
initial  value 291.091147 
iter  10 value 246.464644
iter  20 value 243.829582
iter  30 value 243.025799
iter  40 value 242.822148
iter  50 value 242.473598
iter  60 value 242.328000
iter  70 value 242.312370
final  value 242.312193 
converged
# weights:  37
initial  value 294.944557 
iter  10 value 235.094317
iter  20 value 233.825285
iter  30 value 233.437479
iter  40 value 233.424004
final  value 233.423988 
converged
Warning in predict.lm(object, newdata, se.fit, scale = 1, type = if (type ==  :
  prediction from rank-deficient fit; attr(*, "non-estim") has doubtful cases
This happened PipeOp classif.nnet's $predict()

### [bt]: Job terminated successfully [batchtools job.id=7023]
### [bt]: Starting job [batchtools job.id=7024]
### [bt]: Generating problem instance for problem 'c27a1cbf9c91424a' ...
### [bt]: Applying algorithm 'run_learner' on problem 'c27a1cbf9c91424a' for job 7024 (seed = 7147) ...
INFO  [18:04:02.035] [mlr3] Applying learner 'nnet calibrated platt cv5' on task 'ilpd' (iter 4/10)
# weights:  37
initial  value 267.813809 
iter  10 value 245.988783
iter  20 value 219.539669
iter  30 value 216.594831
iter  40 value 215.344527
iter  50 value 214.492556
iter  60 value 214.482167
final  value 214.482143 
converged
# weights:  37
initial  value 261.199817 
iter  10 value 238.094708
iter  20 value 230.241855
iter  30 value 228.236209
iter  40 value 227.862359
iter  50 value 227.548953
iter  60 value 227.544647
final  value 227.544421 
converged
# weights:  37
initial  value 365.643123 
final  value 248.471588 
converged
# weights:  37
initial  value 250.716035 
iter  10 value 238.324488
iter  20 value 235.279191
iter  30 value 230.714361
iter  40 value 230.557968
final  value 230.404134 
converged
# weights:  37
initial  value 256.706068 
final  value 253.969858 
converged
Warning in predict.lm(object, newdata, se.fit, scale = 1, type = if (type ==  :
  prediction from rank-deficient fit; attr(*, "non-estim") has doubtful cases
This happened PipeOp classif.nnet's $predict()

### [bt]: Job terminated successfully [batchtools job.id=7024]
### [bt]: Starting job [batchtools job.id=7025]
### [bt]: Generating problem instance for problem 'c27a1cbf9c91424a' ...
### [bt]: Applying algorithm 'run_learner' on problem 'c27a1cbf9c91424a' for job 7025 (seed = 7148) ...
INFO  [18:04:03.990] [mlr3] Applying learner 'nnet calibrated platt cv5' on task 'ilpd' (iter 5/10)
# weights:  37
initial  value 264.907273 
iter  10 value 242.565931
iter  20 value 231.442187
iter  30 value 228.782984
iter  40 value 223.595182
iter  50 value 220.686264
iter  60 value 219.441023
iter  70 value 219.419500
final  value 219.419471 
converged
# weights:  37
initial  value 313.618542 
iter  10 value 246.087719
iter  20 value 232.880820
iter  30 value 227.158505
iter  40 value 212.786589
iter  50 value 208.805672
iter  60 value 208.296607
iter  70 value 208.282509
iter  80 value 206.822293
iter  90 value 206.791567
iter 100 value 206.319858
final  value 206.319858 
stopped after 100 iterations
# weights:  37
initial  value 294.833724 
final  value 247.514095 
converged
# weights:  37
initial  value 261.132840 
iter  10 value 238.937602
iter  20 value 231.233903
iter  30 value 216.465414
iter  40 value 205.171816
iter  50 value 204.530377
iter  60 value 201.558220
iter  70 value 198.945864
iter  80 value 197.607411
iter  90 value 197.565135
final  value 197.565092 
converged
# weights:  37
initial  value 299.719444 
final  value 252.183694 
converged
Warning in predict.lm(object, newdata, se.fit, scale = 1, type = if (type ==  :
  prediction from rank-deficient fit; attr(*, "non-estim") has doubtful cases
This happened PipeOp classif.nnet's $predict()

### [bt]: Job terminated successfully [batchtools job.id=7025]
### [bt]: Calculation finished!
