### [bt]: This is batchtools v0.9.17
### [bt]: Starting calculation of 1 jobs
### [bt]: Setting working directory to '/content'
### [bt]: Memory measurement disabled
### [bt]: Starting job [batchtools job.id=3166]
### [bt]: Generating problem instance for problem 'b541340d6c2eb21d' ...
### [bt]: Applying algorithm 'run_learner' on problem 'b541340d6c2eb21d' for job 3166 (seed = 3289) ...
INFO  [14:22:02.678] [mlr3] Applying learner 'nnet calibrated platt 90' on task 'kc1' (iter 6/10)
# weights:  70
initial  value 1473.288804 
iter  10 value 644.700799
iter  20 value 638.895084
iter  30 value 620.332414
iter  40 value 614.872333
iter  50 value 613.421376
iter  60 value 613.015006
iter  70 value 612.527787
iter  80 value 612.337644
iter  90 value 612.296188
iter 100 value 612.223264
final  value 612.223264 
stopped after 100 iterations

### [bt]: Job terminated successfully [batchtools job.id=3166]
### [bt]: Calculation finished!
