### [bt]: This is batchtools v0.9.17
### [bt]: Starting calculation of 1 jobs
### [bt]: Setting working directory to '/content'
### [bt]: Memory measurement disabled
### [bt]: Starting job [batchtools job.id=11403]
### [bt]: Generating problem instance for problem 'cfb05fadfc1e266b' ...
### [bt]: Applying algorithm 'run_learner' on problem 'cfb05fadfc1e266b' for job 11403 (seed = 11526) ...
INFO  [19:02:41.643] [mlr3] Applying learner 'xgboost calibrated beta cv5' on task 'numerai28.6' (iter 3/10)
[1] 0.1004848
[1] 3.262908
[1] -0.605553
[1] 3.419764
[1] 0.0305483
[1] 1.942981
[1] -1.815882
[1] 3.567419
[1] -0.4298451
[1] 2.486994

### [bt]: Job terminated successfully [batchtools job.id=11403]
### [bt]: Calculation finished!
