### [bt]: This is batchtools v0.9.17
### [bt]: Starting calculation of 5 jobs
### [bt]: Setting working directory to '/Users/adrian/Desktop/Mater_Thesis_Calibration'
ece.R :
Friedmann_tasks.R :
Functions.R :
ici.R :
mse_feature_effects.R :
PipeOpCalibration.R :
### [bt]: Memory measurement disabled
### [bt]: Starting job [batchtools job.id=5071]
### [bt]: Generating problem instance for problem '341ee781c7d79b8f' ...
### [bt]: Applying algorithm 'run_learner' on problem '341ee781c7d79b8f' for job 5071 (seed = 5194) ...
INFO  [15:39:41.415] [mlr3] Applying learner 'xgboost calibrated platt 80' on task 'wdbc' (iter 1/10)

### [bt]: Job terminated successfully [batchtools job.id=5071]
### [bt]: Starting job [batchtools job.id=5072]
### [bt]: Generating problem instance for problem '341ee781c7d79b8f' ...
### [bt]: Applying algorithm 'run_learner' on problem '341ee781c7d79b8f' for job 5072 (seed = 5195) ...
INFO  [15:39:46.760] [mlr3] Applying learner 'xgboost calibrated platt 80' on task 'wdbc' (iter 2/10)

### [bt]: Job terminated successfully [batchtools job.id=5072]
### [bt]: Starting job [batchtools job.id=5073]
### [bt]: Generating problem instance for problem '341ee781c7d79b8f' ...
### [bt]: Applying algorithm 'run_learner' on problem '341ee781c7d79b8f' for job 5073 (seed = 5196) ...
INFO  [15:39:49.893] [mlr3] Applying learner 'xgboost calibrated platt 80' on task 'wdbc' (iter 3/10)

### [bt]: Job terminated successfully [batchtools job.id=5073]
### [bt]: Starting job [batchtools job.id=5074]
### [bt]: Generating problem instance for problem '341ee781c7d79b8f' ...
### [bt]: Applying algorithm 'run_learner' on problem '341ee781c7d79b8f' for job 5074 (seed = 5197) ...
INFO  [15:39:52.704] [mlr3] Applying learner 'xgboost calibrated platt 80' on task 'wdbc' (iter 4/10)

### [bt]: Job terminated successfully [batchtools job.id=5074]
### [bt]: Starting job [batchtools job.id=5075]
### [bt]: Generating problem instance for problem '341ee781c7d79b8f' ...
### [bt]: Applying algorithm 'run_learner' on problem '341ee781c7d79b8f' for job 5075 (seed = 5198) ...
INFO  [15:39:55.551] [mlr3] Applying learner 'xgboost calibrated platt 80' on task 'wdbc' (iter 5/10)

### [bt]: Job terminated successfully [batchtools job.id=5075]
### [bt]: Calculation finished!
