### [bt]: This is batchtools v0.9.17
### [bt]: Starting calculation of 1 jobs
### [bt]: Setting working directory to '/content'
### [bt]: Memory measurement disabled
### [bt]: Starting job [batchtools job.id=3569]
### [bt]: Generating problem instance for problem 'b541340d6c2eb21d' ...
### [bt]: Applying algorithm 'run_learner' on problem 'b541340d6c2eb21d' for job 3569 (seed = 3692) ...
INFO  [14:22:30.781] [mlr3] Applying learner 'svm calibrated beta cv5' on task 'kc1' (iter 9/10)
[1] 4.53681
[1] 126.7919
[1] 1.583497
[1] 71.83144
[1] 0.9835692
[1] 59.47857
[1] 2.72432
[1] 79.46335
[1] 0.9006117
[1] 48.75692

### [bt]: Job terminated successfully [batchtools job.id=3569]
### [bt]: Calculation finished!
