### [bt]: This is batchtools v0.9.17
### [bt]: Starting calculation of 5 jobs
### [bt]: Setting working directory to '/Users/adrian/Desktop/Mater_Thesis_Calibration'
ece.R :
Friedmann_tasks.R :
Functions.R :
ici.R :
mse_feature_effects.R :
PipeOpCalibration.R :
### [bt]: Memory measurement disabled
### [bt]: Starting job [batchtools job.id=9551]
### [bt]: Generating problem instance for problem '0ecb79b078d7aa0a' ...
### [bt]: Applying algorithm 'run_learner' on problem '0ecb79b078d7aa0a' for job 9551 (seed = 9674) ...
INFO  [17:54:42.494] [mlr3] Applying learner 'nnet calibrated platt 80' on task 'PhishingWebsites' (iter 1/10)
# weights:  121
initial  value 5615.800775 
iter  10 value 1478.102642
iter  20 value 1184.726612
iter  30 value 1041.218709
iter  40 value 980.256162
iter  50 value 952.697241
iter  60 value 932.670593
iter  70 value 906.560718
iter  80 value 882.227779
iter  90 value 859.988572
iter 100 value 827.017477
final  value 827.017477 
stopped after 100 iterations

### [bt]: Job terminated successfully [batchtools job.id=9551]
### [bt]: Starting job [batchtools job.id=9552]
### [bt]: Generating problem instance for problem '0ecb79b078d7aa0a' ...
### [bt]: Applying algorithm 'run_learner' on problem '0ecb79b078d7aa0a' for job 9552 (seed = 9675) ...
INFO  [17:54:50.122] [mlr3] Applying learner 'nnet calibrated platt 80' on task 'PhishingWebsites' (iter 2/10)
# weights:  121
initial  value 5667.883832 
iter  10 value 1894.948641
iter  20 value 1591.865528
iter  30 value 1341.929249
iter  40 value 1044.941697
iter  50 value 959.506674
iter  60 value 919.500627
iter  70 value 889.798134
iter  80 value 873.491497
iter  90 value 859.499668
iter 100 value 848.878660
final  value 848.878660 
stopped after 100 iterations

### [bt]: Job terminated successfully [batchtools job.id=9552]
### [bt]: Starting job [batchtools job.id=9553]
### [bt]: Generating problem instance for problem '0ecb79b078d7aa0a' ...
### [bt]: Applying algorithm 'run_learner' on problem '0ecb79b078d7aa0a' for job 9553 (seed = 9676) ...
INFO  [17:54:52.898] [mlr3] Applying learner 'nnet calibrated platt 80' on task 'PhishingWebsites' (iter 3/10)
# weights:  121
initial  value 5681.406525 
iter  10 value 1325.287430
iter  20 value 1155.396117
iter  30 value 1088.289331
iter  40 value 1039.190944
iter  50 value 1000.775539
iter  60 value 976.801539
iter  70 value 960.651565
iter  80 value 953.681961
iter  90 value 940.083131
iter 100 value 913.121890
final  value 913.121890 
stopped after 100 iterations

### [bt]: Job terminated successfully [batchtools job.id=9553]
### [bt]: Starting job [batchtools job.id=9554]
### [bt]: Generating problem instance for problem '0ecb79b078d7aa0a' ...
### [bt]: Applying algorithm 'run_learner' on problem '0ecb79b078d7aa0a' for job 9554 (seed = 9677) ...
INFO  [17:54:55.596] [mlr3] Applying learner 'nnet calibrated platt 80' on task 'PhishingWebsites' (iter 4/10)
# weights:  121
initial  value 5782.707985 
iter  10 value 1344.136410
iter  20 value 1030.459278
iter  30 value 942.494535
iter  40 value 882.457858
iter  50 value 838.180847
iter  60 value 817.070342
iter  70 value 803.773366
iter  80 value 790.047224
iter  90 value 778.053932
iter 100 value 770.117820
final  value 770.117820 
stopped after 100 iterations

### [bt]: Job terminated successfully [batchtools job.id=9554]
### [bt]: Starting job [batchtools job.id=9555]
### [bt]: Generating problem instance for problem '0ecb79b078d7aa0a' ...
### [bt]: Applying algorithm 'run_learner' on problem '0ecb79b078d7aa0a' for job 9555 (seed = 9678) ...
INFO  [17:54:56.469] [mlr3] Applying learner 'nnet calibrated platt 80' on task 'PhishingWebsites' (iter 5/10)
# weights:  121
initial  value 6234.701303 
iter  10 value 1615.517927
iter  20 value 1099.388019
iter  30 value 934.350043
iter  40 value 862.084880
iter  50 value 810.750910
iter  60 value 795.644596
iter  70 value 786.198372
iter  80 value 773.957143
iter  90 value 764.983141
iter 100 value 756.197703
final  value 756.197703 
stopped after 100 iterations

### [bt]: Job terminated successfully [batchtools job.id=9555]
### [bt]: Calculation finished!
