### [bt]: This is batchtools v0.9.17
### [bt]: Starting calculation of 5 jobs
### [bt]: Setting working directory to '/Users/adrian/Desktop/Mater_Thesis_Calibration'
### [bt]: Memory measurement disabled
### [bt]: Starting job [batchtools job.id=1121]
### [bt]: Generating problem instance for problem '1bd472785c2444ba' ...
### [bt]: Applying algorithm 'run_learner' on problem '1bd472785c2444ba' for job 1121 (seed = 1122) ...
INFO  [11:32:41.638] [mlr3] Applying learner 'rpart calibrated platt holdout_90' on task 'wdbc' (iter 1/10)

### [bt]: Job terminated successfully [batchtools job.id=1121]
### [bt]: Starting job [batchtools job.id=1122]
### [bt]: Generating problem instance for problem '1bd472785c2444ba' ...
### [bt]: Applying algorithm 'run_learner' on problem '1bd472785c2444ba' for job 1122 (seed = 1123) ...
INFO  [11:32:42.507] [mlr3] Applying learner 'rpart calibrated platt holdout_90' on task 'wdbc' (iter 2/10)

### [bt]: Job terminated successfully [batchtools job.id=1122]
### [bt]: Starting job [batchtools job.id=1123]
### [bt]: Generating problem instance for problem '1bd472785c2444ba' ...
### [bt]: Applying algorithm 'run_learner' on problem '1bd472785c2444ba' for job 1123 (seed = 1124) ...
INFO  [11:32:45.228] [mlr3] Applying learner 'rpart calibrated platt holdout_90' on task 'wdbc' (iter 3/10)

### [bt]: Job terminated successfully [batchtools job.id=1123]
### [bt]: Starting job [batchtools job.id=1124]
### [bt]: Generating problem instance for problem '1bd472785c2444ba' ...
### [bt]: Applying algorithm 'run_learner' on problem '1bd472785c2444ba' for job 1124 (seed = 1125) ...
INFO  [11:32:45.382] [mlr3] Applying learner 'rpart calibrated platt holdout_90' on task 'wdbc' (iter 4/10)

### [bt]: Job terminated successfully [batchtools job.id=1124]
### [bt]: Starting job [batchtools job.id=1125]
### [bt]: Generating problem instance for problem '1bd472785c2444ba' ...
### [bt]: Applying algorithm 'run_learner' on problem '1bd472785c2444ba' for job 1125 (seed = 1126) ...
INFO  [11:32:45.537] [mlr3] Applying learner 'rpart calibrated platt holdout_90' on task 'wdbc' (iter 5/10)

### [bt]: Job terminated successfully [batchtools job.id=1125]
### [bt]: Calculation finished!
