### [bt]: This is batchtools v0.9.17
### [bt]: Starting calculation of 5 jobs
### [bt]: Setting working directory to '/Users/adrian/Desktop/Mater_Thesis_Calibration'
ece.R :
Friedmann_tasks.R :
Functions.R :
ici.R :
mse_feature_effects.R :
PipeOpCalibration.R :
### [bt]: Memory measurement disabled
### [bt]: Starting job [batchtools job.id=6791]
### [bt]: Generating problem instance for problem 'c27a1cbf9c91424a' ...
### [bt]: Applying algorithm 'run_learner' on problem 'c27a1cbf9c91424a' for job 6791 (seed = 6914) ...
INFO  [17:57:14.852] [mlr3] Applying learner 'naive_bayes calibrated isotonic 90' on task 'ilpd' (iter 1/10)

### [bt]: Job terminated successfully [batchtools job.id=6791]
### [bt]: Starting job [batchtools job.id=6792]
### [bt]: Generating problem instance for problem 'c27a1cbf9c91424a' ...
### [bt]: Applying algorithm 'run_learner' on problem 'c27a1cbf9c91424a' for job 6792 (seed = 6915) ...
INFO  [17:57:15.018] [mlr3] Applying learner 'naive_bayes calibrated isotonic 90' on task 'ilpd' (iter 2/10)

### [bt]: Job terminated successfully [batchtools job.id=6792]
### [bt]: Starting job [batchtools job.id=6793]
### [bt]: Generating problem instance for problem 'c27a1cbf9c91424a' ...
### [bt]: Applying algorithm 'run_learner' on problem 'c27a1cbf9c91424a' for job 6793 (seed = 6916) ...
INFO  [17:57:18.909] [mlr3] Applying learner 'naive_bayes calibrated isotonic 90' on task 'ilpd' (iter 3/10)

### [bt]: Job terminated successfully [batchtools job.id=6793]
### [bt]: Starting job [batchtools job.id=6794]
### [bt]: Generating problem instance for problem 'c27a1cbf9c91424a' ...
### [bt]: Applying algorithm 'run_learner' on problem 'c27a1cbf9c91424a' for job 6794 (seed = 6917) ...
INFO  [17:57:23.875] [mlr3] Applying learner 'naive_bayes calibrated isotonic 90' on task 'ilpd' (iter 4/10)

### [bt]: Job terminated successfully [batchtools job.id=6794]
### [bt]: Starting job [batchtools job.id=6795]
### [bt]: Generating problem instance for problem 'c27a1cbf9c91424a' ...
### [bt]: Applying algorithm 'run_learner' on problem 'c27a1cbf9c91424a' for job 6795 (seed = 6918) ...
INFO  [17:57:24.165] [mlr3] Applying learner 'naive_bayes calibrated isotonic 90' on task 'ilpd' (iter 5/10)

### [bt]: Job terminated successfully [batchtools job.id=6795]
### [bt]: Calculation finished!
