### [bt]: This is batchtools v0.9.17
### [bt]: Starting calculation of 5 jobs
### [bt]: Setting working directory to '/Users/adrian/Desktop/Mater_Thesis_Calibration'
### [bt]: Memory measurement disabled
### [bt]: Starting job [batchtools job.id=81]
### [bt]: Generating problem instance for problem '1bd472785c2444ba' ...
### [bt]: Applying algorithm 'run_learner' on problem '1bd472785c2444ba' for job 81 (seed = 82) ...
INFO  [11:12:10.914] [mlr3] Applying learner 'glmnet calibrated isotonic holdout_66' on task 'wdbc' (iter 1/10)

### [bt]: Job terminated successfully [batchtools job.id=81]
### [bt]: Starting job [batchtools job.id=82]
### [bt]: Generating problem instance for problem '1bd472785c2444ba' ...
### [bt]: Applying algorithm 'run_learner' on problem '1bd472785c2444ba' for job 82 (seed = 83) ...
INFO  [11:12:11.259] [mlr3] Applying learner 'glmnet calibrated isotonic holdout_66' on task 'wdbc' (iter 2/10)

### [bt]: Job terminated successfully [batchtools job.id=82]
### [bt]: Starting job [batchtools job.id=83]
### [bt]: Generating problem instance for problem '1bd472785c2444ba' ...
### [bt]: Applying algorithm 'run_learner' on problem '1bd472785c2444ba' for job 83 (seed = 84) ...
INFO  [11:12:13.481] [mlr3] Applying learner 'glmnet calibrated isotonic holdout_66' on task 'wdbc' (iter 3/10)

### [bt]: Job terminated successfully [batchtools job.id=83]
### [bt]: Starting job [batchtools job.id=84]
### [bt]: Generating problem instance for problem '1bd472785c2444ba' ...
### [bt]: Applying algorithm 'run_learner' on problem '1bd472785c2444ba' for job 84 (seed = 85) ...
INFO  [11:12:14.552] [mlr3] Applying learner 'glmnet calibrated isotonic holdout_66' on task 'wdbc' (iter 4/10)

### [bt]: Job terminated successfully [batchtools job.id=84]
### [bt]: Starting job [batchtools job.id=85]
### [bt]: Generating problem instance for problem '1bd472785c2444ba' ...
### [bt]: Applying algorithm 'run_learner' on problem '1bd472785c2444ba' for job 85 (seed = 86) ...
INFO  [11:12:15.529] [mlr3] Applying learner 'glmnet calibrated isotonic holdout_66' on task 'wdbc' (iter 5/10)

### [bt]: Job terminated successfully [batchtools job.id=85]
### [bt]: Calculation finished!
