### [bt]: This is batchtools v0.9.17
### [bt]: Starting calculation of 1 jobs
### [bt]: Setting working directory to '/content'
Loading required package: mlr3verse
Loading required package: mlr3

Attaching package: ‘dplyr’

The following object is masked from ‘package:MASS’:

    select

The following object is masked from ‘package:mlr3misc’:

    cross_join

The following objects are masked from ‘package:stats’:

    filter, lag

The following objects are masked from ‘package:base’:

    intersect, setdiff, setequal, union


Attaching package: ‘batchtools’

The following object is masked from ‘package:mlr3misc’:

    chunk

Loading required package: randomForest
randomForest 4.7-1.2
Type rfNews() to see new features/changes/bug fixes.

Attaching package: ‘randomForest’

The following object is masked from ‘package:dplyr’:

    combine

The following object is masked from ‘package:ggplot2’:

    margin

Loading required package: ranger

Attaching package: ‘ranger’

The following object is masked from ‘package:randomForest’:

    importance

Loading required package: palmerpenguins
### [bt]: Memory measurement disabled
### [bt]: Starting job [batchtools job.id=2446]
### [bt]: Generating problem instance for problem '358d8f8187803581' ...
### [bt]: Applying algorithm 'run_learner' on problem '358d8f8187803581' for job 2446 (seed = 2569) ...
INFO  [16:36:22.680] [mlr3] Applying learner 'xgboost calibrated beta cv5' on task 'electricity' (iter 6/10)
[1] -34.52955
[1] 38.57875
[1] -35.27256
[1] 34.68651
[1] -32.11856
[1] 38.15778
[1] -39.91615
[1] 32.70994
[1] -37.1892
[1] 34.67314

### [bt]: Job terminated successfully [batchtools job.id=2446]
### [bt]: Calculation finished!
