### [bt]: This is batchtools v0.9.17
### [bt]: Starting calculation of 1 jobs
### [bt]: Setting working directory to '/content'
### [bt]: Memory measurement disabled
### [bt]: Starting job [batchtools job.id=5163]
### [bt]: Generating problem instance for problem 'a6b2cabd9f84c607' ...
### [bt]: Applying algorithm 'run_learner' on problem 'a6b2cabd9f84c607' for job 5163 (seed = 5286) ...
INFO  [14:26:05.060] [mlr3] Applying learner 'glmnet calibrated beta cv5' on task 'phoneme' (iter 3/10)
[1] 1.447837
[1] 64.69094
[1] 1.362865
[1] 57.79618
[1] 1.035305
[1] 64.83018
[1] 1.285978
[1] 61.55445
[1] 1.020113
[1] 56.76211

### [bt]: Job terminated successfully [batchtools job.id=5163]
### [bt]: Calculation finished!
