### [bt]: This is batchtools v0.9.17
### [bt]: Starting calculation of 1 jobs
### [bt]: Setting working directory to '/content/drive/MyDrive/GitHub/Mater_Thesis_Calibration'
Loading required package: mlr3verse
Loading required package: mlr3

Attaching package: ‘dplyr’

The following object is masked from ‘package:mlr3misc’:

    cross_join

The following objects are masked from ‘package:stats’:

    filter, lag

The following objects are masked from ‘package:base’:

    intersect, setdiff, setequal, union


Attaching package: ‘batchtools’

The following object is masked from ‘package:mlr3misc’:

    chunk

Loading required package: randomForest
randomForest 4.7-1.2
Type rfNews() to see new features/changes/bug fixes.

Attaching package: ‘randomForest’

The following object is masked from ‘package:dplyr’:

    combine

The following object is masked from ‘package:ggplot2’:

    margin

Loading required package: ranger

Attaching package: ‘ranger’

The following object is masked from ‘package:randomForest’:

    importance

Loading required package: palmerpenguins
ece.R :
Friedmann_tasks.R :
Functions.R :
ici.R :
mse_feature_effects.R :
PipeOpCalibration.R :
### [bt]: Memory measurement disabled
### [bt]: Starting job [batchtools job.id=10924]
### [bt]: Generating problem instance for problem 'cfb05fadfc1e266b' ...
### [bt]: Applying algorithm 'run_learner' on problem 'cfb05fadfc1e266b' for job 10924 (seed = 11047) ...
INFO  [16:57:51.135] [mlr3] Applying learner 'ranger calibrated beta cv5' on task 'numerai28.6' (iter 4/10)
Growing trees.. Progress: 6%. Estimated remaining time: 7 minutes, 40 seconds.
Growing trees.. Progress: 13%. Estimated remaining time: 6 minutes, 54 seconds.
Growing trees.. Progress: 20%. Estimated remaining time: 6 minutes, 13 seconds.
Growing trees.. Progress: 27%. Estimated remaining time: 5 minutes, 36 seconds.
Growing trees.. Progress: 34%. Estimated remaining time: 4 minutes, 59 seconds.
Growing trees.. Progress: 41%. Estimated remaining time: 4 minutes, 28 seconds.
Growing trees.. Progress: 48%. Estimated remaining time: 3 minutes, 54 seconds.
Growing trees.. Progress: 55%. Estimated remaining time: 3 minutes, 20 seconds.
Growing trees.. Progress: 62%. Estimated remaining time: 2 minutes, 49 seconds.
Growing trees.. Progress: 69%. Estimated remaining time: 2 minutes, 17 seconds.
Growing trees.. Progress: 77%. Estimated remaining time: 1 minute, 44 seconds.
Growing trees.. Progress: 84%. Estimated remaining time: 1 minute, 12 seconds.
Growing trees.. Progress: 91%. Estimated remaining time: 39 seconds.
Computing prediction error.. Progress: 95%. Estimated remaining time: 1 seconds.
Growing trees.. Progress: 11%. Estimated remaining time: 4 minutes, 22 seconds.
Growing trees.. Progress: 21%. Estimated remaining time: 3 minutes, 49 seconds.
Growing trees.. Progress: 32%. Estimated remaining time: 3 minutes, 18 seconds.
Growing trees.. Progress: 43%. Estimated remaining time: 2 minutes, 46 seconds.
Growing trees.. Progress: 53%. Estimated remaining time: 2 minutes, 16 seconds.
Growing trees.. Progress: 64%. Estimated remaining time: 1 minute, 45 seconds.
Growing trees.. Progress: 74%. Estimated remaining time: 1 minute, 14 seconds.
Growing trees.. Progress: 85%. Estimated remaining time: 43 seconds.
Growing trees.. Progress: 96%. Estimated remaining time: 12 seconds.
Growing trees.. Progress: 8%. Estimated remaining time: 6 minutes, 9 seconds.
Growing trees.. Progress: 15%. Estimated remaining time: 5 minutes, 44 seconds.
Growing trees.. Progress: 23%. Estimated remaining time: 5 minutes, 16 seconds.
Growing trees.. Progress: 30%. Estimated remaining time: 4 minutes, 45 seconds.
Growing trees.. Progress: 38%. Estimated remaining time: 4 minutes, 16 seconds.
Growing trees.. Progress: 45%. Estimated remaining time: 3 minutes, 44 seconds.
Growing trees.. Progress: 53%. Estimated remaining time: 3 minutes, 13 seconds.
Growing trees.. Progress: 61%. Estimated remaining time: 2 minutes, 42 seconds.
Growing trees.. Progress: 68%. Estimated remaining time: 2 minutes, 10 seconds.
Growing trees.. Progress: 76%. Estimated remaining time: 1 minute, 40 seconds.
Growing trees.. Progress: 83%. Estimated remaining time: 1 minute, 8 seconds.
Growing trees.. Progress: 91%. Estimated remaining time: 37 seconds.
Growing trees.. Progress: 98%. Estimated remaining time: 6 seconds.
Computing prediction error.. Progress: 95%. Estimated remaining time: 1 seconds.
Growing trees.. Progress: 11%. Estimated remaining time: 4 minutes, 22 seconds.
Growing trees.. Progress: 21%. Estimated remaining time: 3 minutes, 51 seconds.
Growing trees.. Progress: 32%. Estimated remaining time: 3 minutes, 19 seconds.
Growing trees.. Progress: 43%. Estimated remaining time: 2 minutes, 46 seconds.
Growing trees.. Progress: 54%. Estimated remaining time: 2 minutes, 14 seconds.
Growing trees.. Progress: 64%. Estimated remaining time: 1 minute, 43 seconds.
Growing trees.. Progress: 75%. Estimated remaining time: 1 minute, 12 seconds.
Growing trees.. Progress: 86%. Estimated remaining time: 41 seconds.
Growing trees.. Progress: 97%. Estimated remaining time: 9 seconds.
Growing trees.. Progress: 8%. Estimated remaining time: 6 minutes, 15 seconds.
Growing trees.. Progress: 15%. Estimated remaining time: 5 minutes, 47 seconds.
Growing trees.. Progress: 23%. Estimated remaining time: 5 minutes, 16 seconds.
Growing trees.. Progress: 30%. Estimated remaining time: 4 minutes, 46 seconds.
Growing trees.. Progress: 38%. Estimated remaining time: 4 minutes, 15 seconds.
Growing trees.. Progress: 45%. Estimated remaining time: 3 minutes, 47 seconds.
Growing trees.. Progress: 52%. Estimated remaining time: 3 minutes, 17 seconds.
Growing trees.. Progress: 60%. Estimated remaining time: 2 minutes, 47 seconds.
Growing trees.. Progress: 67%. Estimated remaining time: 2 minutes, 16 seconds.
Growing trees.. Progress: 74%. Estimated remaining time: 1 minute, 48 seconds.
Growing trees.. Progress: 82%. Estimated remaining time: 1 minute, 16 seconds.
Growing trees.. Progress: 89%. Estimated remaining time: 47 seconds.
Growing trees.. Progress: 96%. Estimated remaining time: 17 seconds.
Computing prediction error.. Progress: 93%. Estimated remaining time: 2 seconds.

### [bt]: Job terminated successfully [batchtools job.id=10924]
### [bt]: Calculation finished!
