### [bt]: This is batchtools v0.9.17
### [bt]: Starting calculation of 5 jobs
### [bt]: Setting working directory to '/Users/adrian/Desktop/Mater_Thesis_Calibration'
ece.R :
Friedmann_tasks.R :
Functions.R :
ici.R :
mse_feature_effects.R :
PipeOpCalibration.R :
### [bt]: Memory measurement disabled
### [bt]: Starting job [batchtools job.id=4271]
### [bt]: Generating problem instance for problem '341ee781c7d79b8f' ...
### [bt]: Applying algorithm 'run_learner' on problem '341ee781c7d79b8f' for job 4271 (seed = 4394) ...
INFO  [15:08:17.918] [mlr3] Applying learner 'naive_bayes calibrated platt 80' on task 'wdbc' (iter 1/10)

### [bt]: Job terminated successfully [batchtools job.id=4271]
### [bt]: Starting job [batchtools job.id=4272]
### [bt]: Generating problem instance for problem '341ee781c7d79b8f' ...
### [bt]: Applying algorithm 'run_learner' on problem '341ee781c7d79b8f' for job 4272 (seed = 4395) ...
INFO  [15:08:18.086] [mlr3] Applying learner 'naive_bayes calibrated platt 80' on task 'wdbc' (iter 2/10)

### [bt]: Job terminated successfully [batchtools job.id=4272]
### [bt]: Starting job [batchtools job.id=4273]
### [bt]: Generating problem instance for problem '341ee781c7d79b8f' ...
### [bt]: Applying algorithm 'run_learner' on problem '341ee781c7d79b8f' for job 4273 (seed = 4396) ...
INFO  [15:08:18.340] [mlr3] Applying learner 'naive_bayes calibrated platt 80' on task 'wdbc' (iter 3/10)

### [bt]: Job terminated successfully [batchtools job.id=4273]
### [bt]: Starting job [batchtools job.id=4274]
### [bt]: Generating problem instance for problem '341ee781c7d79b8f' ...
### [bt]: Applying algorithm 'run_learner' on problem '341ee781c7d79b8f' for job 4274 (seed = 4397) ...
INFO  [15:08:18.693] [mlr3] Applying learner 'naive_bayes calibrated platt 80' on task 'wdbc' (iter 4/10)

### [bt]: Job terminated successfully [batchtools job.id=4274]
### [bt]: Starting job [batchtools job.id=4275]
### [bt]: Generating problem instance for problem '341ee781c7d79b8f' ...
### [bt]: Applying algorithm 'run_learner' on problem '341ee781c7d79b8f' for job 4275 (seed = 4398) ...
INFO  [15:08:25.722] [mlr3] Applying learner 'naive_bayes calibrated platt 80' on task 'wdbc' (iter 5/10)

### [bt]: Job terminated successfully [batchtools job.id=4275]
### [bt]: Calculation finished!
