### [bt]: This is batchtools v0.9.17
### [bt]: Starting calculation of 1 jobs
### [bt]: Setting working directory to '/content'
### [bt]: Memory measurement disabled
### [bt]: Starting job [batchtools job.id=4417]
### [bt]: Generating problem instance for problem '341ee781c7d79b8f' ...
### [bt]: Applying algorithm 'run_learner' on problem '341ee781c7d79b8f' for job 4417 (seed = 4540) ...
INFO  [14:24:43.537] [mlr3] Applying learner 'nnet calibrated isotonic cv5' on task 'wdbc' (iter 7/10)
# weights:  97
initial  value 265.182345 
iter  10 value 218.562340
iter  20 value 151.641561
iter  30 value 125.424091
iter  40 value 124.923999
iter  50 value 120.701946
iter  60 value 114.022545
final  value 114.022097 
converged
# weights:  97
initial  value 357.294265 
final  value 271.884421 
converged
# weights:  97
initial  value 347.764341 
final  value 266.967305 
converged
# weights:  97
initial  value 282.449597 
final  value 272.846303 
converged
# weights:  97
initial  value 261.227226 
iter  10 value 115.703440
iter  20 value 111.667566
iter  30 value 111.657984
final  value 111.657258 
converged

### [bt]: Job terminated successfully [batchtools job.id=4417]
### [bt]: Calculation finished!
