### [bt]: This is batchtools v0.9.17
### [bt]: Starting calculation of 5 jobs
### [bt]: Setting working directory to '/Users/adrian/Desktop/Mater_Thesis_Calibration'
ece.R :
Friedmann_tasks.R :
Functions.R :
ici.R :
mse_feature_effects.R :
PipeOpCalibration.R :
### [bt]: Memory measurement disabled
### [bt]: Starting job [batchtools job.id=7201]
### [bt]: Generating problem instance for problem 'c27a1cbf9c91424a' ...
### [bt]: Applying algorithm 'run_learner' on problem 'c27a1cbf9c91424a' for job 7201 (seed = 7324) ...
INFO  [18:14:57.623] [mlr3] Applying learner 'rpart calibrated beta 70' on task 'ilpd' (iter 1/10)

### [bt]: Job terminated successfully [batchtools job.id=7201]
### [bt]: Starting job [batchtools job.id=7202]
### [bt]: Generating problem instance for problem 'c27a1cbf9c91424a' ...
### [bt]: Applying algorithm 'run_learner' on problem 'c27a1cbf9c91424a' for job 7202 (seed = 7325) ...
INFO  [18:14:57.720] [mlr3] Applying learner 'rpart calibrated beta 70' on task 'ilpd' (iter 2/10)

### [bt]: Job terminated successfully [batchtools job.id=7202]
### [bt]: Starting job [batchtools job.id=7203]
### [bt]: Generating problem instance for problem 'c27a1cbf9c91424a' ...
### [bt]: Applying algorithm 'run_learner' on problem 'c27a1cbf9c91424a' for job 7203 (seed = 7326) ...
INFO  [18:14:57.927] [mlr3] Applying learner 'rpart calibrated beta 70' on task 'ilpd' (iter 3/10)

### [bt]: Job terminated successfully [batchtools job.id=7203]
### [bt]: Starting job [batchtools job.id=7204]
### [bt]: Generating problem instance for problem 'c27a1cbf9c91424a' ...
### [bt]: Applying algorithm 'run_learner' on problem 'c27a1cbf9c91424a' for job 7204 (seed = 7327) ...
INFO  [18:14:58.013] [mlr3] Applying learner 'rpart calibrated beta 70' on task 'ilpd' (iter 4/10)

### [bt]: Job terminated successfully [batchtools job.id=7204]
### [bt]: Starting job [batchtools job.id=7205]
### [bt]: Generating problem instance for problem 'c27a1cbf9c91424a' ...
### [bt]: Applying algorithm 'run_learner' on problem 'c27a1cbf9c91424a' for job 7205 (seed = 7328) ...
INFO  [18:14:58.096] [mlr3] Applying learner 'rpart calibrated beta 70' on task 'ilpd' (iter 5/10)

### [bt]: Job terminated successfully [batchtools job.id=7205]
### [bt]: Calculation finished!
