### [bt]: This is batchtools v0.9.17
### [bt]: Starting calculation of 1 jobs
### [bt]: Setting working directory to '/content'
### [bt]: Memory measurement disabled
### [bt]: Starting job [batchtools job.id=10757]
### [bt]: Generating problem instance for problem 'cfb05fadfc1e266b' ...
### [bt]: Applying algorithm 'run_learner' on problem 'cfb05fadfc1e266b' for job 10757 (seed = 10880) ...
INFO  [16:51:38.218] [mlr3] Applying learner 'nnet calibrated beta cv3' on task 'numerai28.6' (iter 7/10)
# weights:  70
initial  value 41155.689581 
iter  10 value 39976.965982
iter  20 value 39940.825819
iter  30 value 39915.595398
iter  40 value 39891.188927
iter  50 value 39880.855025
iter  60 value 39873.530041
iter  70 value 39871.192075
iter  80 value 39870.350014
iter  90 value 39867.676439
iter 100 value 39859.467779
final  value 39859.467779 
stopped after 100 iterations
# weights:  70
initial  value 43909.974601 
iter  10 value 39994.062997
iter  20 value 39966.215133
iter  30 value 39943.506143
iter  40 value 39923.473678
iter  50 value 39911.197637
iter  60 value 39894.245012
iter  70 value 39879.619224
iter  80 value 39870.580087
iter  90 value 39867.391585
iter 100 value 39866.210462
final  value 39866.210462 
stopped after 100 iterations
# weights:  70
initial  value 43674.841121 
iter  10 value 39976.821711
iter  20 value 39947.790555
iter  30 value 39925.984981
iter  40 value 39916.769059
iter  50 value 39903.065236
iter  60 value 39899.556041
iter  70 value 39898.046530
iter  80 value 39893.598161
iter  90 value 39891.494154
iter 100 value 39888.493125
final  value 39888.493125 
stopped after 100 iterations
[1] 0.6144008
[1] 31.7609
[1] -40.29609
[1] -0.7582239
[1] -47.64554
[1] -0.8686079

### [bt]: Job terminated successfully [batchtools job.id=10757]
### [bt]: Calculation finished!
