### [bt]: This is batchtools v0.9.17
### [bt]: Starting calculation of 5 jobs
### [bt]: Setting working directory to '/Users/adrian/Desktop/Mater_Thesis_Calibration'
ece.R :
Friedmann_tasks.R :
Functions.R :
ici.R :
mse_feature_effects.R :
PipeOpCalibration.R :
### [bt]: Memory measurement disabled
### [bt]: Starting job [batchtools job.id=5216]
### [bt]: Generating problem instance for problem 'a6b2cabd9f84c607' ...
### [bt]: Applying algorithm 'run_learner' on problem 'a6b2cabd9f84c607' for job 5216 (seed = 5339) ...
INFO  [15:46:52.469] [mlr3] Applying learner 'glmnet calibrated isotonic cv5' on task 'phoneme' (iter 6/10)

### [bt]: Job terminated successfully [batchtools job.id=5216]
### [bt]: Starting job [batchtools job.id=5217]
### [bt]: Generating problem instance for problem 'a6b2cabd9f84c607' ...
### [bt]: Applying algorithm 'run_learner' on problem 'a6b2cabd9f84c607' for job 5217 (seed = 5340) ...
INFO  [15:46:57.363] [mlr3] Applying learner 'glmnet calibrated isotonic cv5' on task 'phoneme' (iter 7/10)

### [bt]: Job terminated successfully [batchtools job.id=5217]
### [bt]: Starting job [batchtools job.id=5218]
### [bt]: Generating problem instance for problem 'a6b2cabd9f84c607' ...
### [bt]: Applying algorithm 'run_learner' on problem 'a6b2cabd9f84c607' for job 5218 (seed = 5341) ...
INFO  [15:46:59.793] [mlr3] Applying learner 'glmnet calibrated isotonic cv5' on task 'phoneme' (iter 8/10)

### [bt]: Job terminated successfully [batchtools job.id=5218]
### [bt]: Starting job [batchtools job.id=5219]
### [bt]: Generating problem instance for problem 'a6b2cabd9f84c607' ...
### [bt]: Applying algorithm 'run_learner' on problem 'a6b2cabd9f84c607' for job 5219 (seed = 5342) ...
INFO  [15:47:02.001] [mlr3] Applying learner 'glmnet calibrated isotonic cv5' on task 'phoneme' (iter 9/10)

### [bt]: Job terminated successfully [batchtools job.id=5219]
### [bt]: Starting job [batchtools job.id=5220]
### [bt]: Generating problem instance for problem 'a6b2cabd9f84c607' ...
### [bt]: Applying algorithm 'run_learner' on problem 'a6b2cabd9f84c607' for job 5220 (seed = 5343) ...
INFO  [15:47:04.361] [mlr3] Applying learner 'glmnet calibrated isotonic cv5' on task 'phoneme' (iter 10/10)

### [bt]: Job terminated successfully [batchtools job.id=5220]
### [bt]: Calculation finished!
