### [bt]: This is batchtools v0.9.17
### [bt]: Starting calculation of 1 jobs
### [bt]: Setting working directory to '/content'
### [bt]: Memory measurement disabled
### [bt]: Starting job [batchtools job.id=6883]
### [bt]: Generating problem instance for problem 'c27a1cbf9c91424a' ...
### [bt]: Applying algorithm 'run_learner' on problem 'c27a1cbf9c91424a' for job 6883 (seed = 7006) ...
INFO  [14:30:23.961] [mlr3] Applying learner 'nnet calibrated beta 70' on task 'ilpd' (iter 3/10)
# weights:  37
initial  value 270.833584 
iter  10 value 218.368937
iter  20 value 199.807613
iter  30 value 187.905301
iter  40 value 184.526850
iter  50 value 182.563867
iter  60 value 182.326140
iter  70 value 182.321439
iter  80 value 182.317025
iter  90 value 182.316495
final  value 182.316264 
converged
[1] -123.8452
[1] -2.544331

### [bt]: Job terminated successfully [batchtools job.id=6883]
### [bt]: Calculation finished!
