### [bt]: This is batchtools v0.9.17
### [bt]: Starting calculation of 1 jobs
### [bt]: Setting working directory to '/content'
### [bt]: Memory measurement disabled
### [bt]: Starting job [batchtools job.id=10751]
### [bt]: Generating problem instance for problem 'cfb05fadfc1e266b' ...
### [bt]: Applying algorithm 'run_learner' on problem 'cfb05fadfc1e266b' for job 10751 (seed = 10874) ...
INFO  [16:51:33.371] [mlr3] Applying learner 'nnet calibrated beta cv3' on task 'numerai28.6' (iter 1/10)
# weights:  70
initial  value 43411.001592 
iter  10 value 39992.617048
iter  20 value 39945.457286
iter  30 value 39924.176670
iter  40 value 39908.530550
iter  50 value 39900.426820
iter  60 value 39896.810363
iter  70 value 39893.448767
iter  80 value 39890.233247
iter  90 value 39885.016860
iter 100 value 39880.585755
final  value 39880.585755 
stopped after 100 iterations
# weights:  70
initial  value 40875.003215 
final  value 40057.228096 
converged
# weights:  70
initial  value 40772.836021 
iter  10 value 39982.568735
iter  20 value 39940.744277
iter  30 value 39934.643813
iter  40 value 39926.297159
iter  50 value 39910.797080
iter  60 value 39899.994786
iter  70 value 39880.668345
iter  80 value 39868.604797
iter  90 value 39859.244793
iter 100 value 39855.932510
final  value 39855.932510 
stopped after 100 iterations
[1] 0.5766533
[1] 31.44317
[1] -35.36701
[1] -0.646199

### [bt]: Job terminated successfully [batchtools job.id=10751]
### [bt]: Calculation finished!
