### [bt]: This is batchtools v0.9.17
### [bt]: Starting calculation of 5 jobs
### [bt]: Setting working directory to '/Users/adrian/Desktop/Mater_Thesis_Calibration'
ece.R :
Friedmann_tasks.R :
Functions.R :
ici.R :
mse_feature_effects.R :
PipeOpCalibration.R :
### [bt]: Memory measurement disabled
### [bt]: Starting job [batchtools job.id=4666]
### [bt]: Generating problem instance for problem '341ee781c7d79b8f' ...
### [bt]: Applying algorithm 'run_learner' on problem '341ee781c7d79b8f' for job 4666 (seed = 4789) ...
INFO  [15:21:51.262] [mlr3] Applying learner 'rpart calibrated beta 90' on task 'wdbc' (iter 6/10)

### [bt]: Job terminated successfully [batchtools job.id=4666]
### [bt]: Starting job [batchtools job.id=4667]
### [bt]: Generating problem instance for problem '341ee781c7d79b8f' ...
### [bt]: Applying algorithm 'run_learner' on problem '341ee781c7d79b8f' for job 4667 (seed = 4790) ...
INFO  [15:21:56.796] [mlr3] Applying learner 'rpart calibrated beta 90' on task 'wdbc' (iter 7/10)

### [bt]: Job terminated successfully [batchtools job.id=4667]
### [bt]: Starting job [batchtools job.id=4668]
### [bt]: Generating problem instance for problem '341ee781c7d79b8f' ...
### [bt]: Applying algorithm 'run_learner' on problem '341ee781c7d79b8f' for job 4668 (seed = 4791) ...
INFO  [15:21:57.000] [mlr3] Applying learner 'rpart calibrated beta 90' on task 'wdbc' (iter 8/10)
Warning: glm.fit: fitted probabilities numerically 0 or 1 occurred
This happened PipeOp classif.rpart's $train()

### [bt]: Job terminated successfully [batchtools job.id=4668]
### [bt]: Starting job [batchtools job.id=4669]
### [bt]: Generating problem instance for problem '341ee781c7d79b8f' ...
### [bt]: Applying algorithm 'run_learner' on problem '341ee781c7d79b8f' for job 4669 (seed = 4792) ...
INFO  [15:21:57.091] [mlr3] Applying learner 'rpart calibrated beta 90' on task 'wdbc' (iter 9/10)

### [bt]: Job terminated successfully [batchtools job.id=4669]
### [bt]: Starting job [batchtools job.id=4670]
### [bt]: Generating problem instance for problem '341ee781c7d79b8f' ...
### [bt]: Applying algorithm 'run_learner' on problem '341ee781c7d79b8f' for job 4670 (seed = 4793) ...
INFO  [15:21:57.179] [mlr3] Applying learner 'rpart calibrated beta 90' on task 'wdbc' (iter 10/10)

### [bt]: Job terminated successfully [batchtools job.id=4670]
### [bt]: Calculation finished!
