### [bt]: This is batchtools v0.9.17
### [bt]: Starting calculation of 5 jobs
### [bt]: Setting working directory to '/Users/adrian/Desktop/Mater_Thesis_Calibration'
ece.R :
Friedmann_tasks.R :
Functions.R :
ici.R :
mse_feature_effects.R :
PipeOpCalibration.R :
### [bt]: Memory measurement disabled
### [bt]: Starting job [batchtools job.id=1191]
### [bt]: Generating problem instance for problem '563768ad2e048da7' ...
### [bt]: Applying algorithm 'run_learner' on problem '563768ad2e048da7' for job 1191 (seed = 1314) ...
INFO  [13:17:36.669] [mlr3] Applying learner 'xgboost calibrated isotonic 90' on task 'credit-g' (iter 1/10)

### [bt]: Job terminated successfully [batchtools job.id=1191]
### [bt]: Starting job [batchtools job.id=1192]
### [bt]: Generating problem instance for problem '563768ad2e048da7' ...
### [bt]: Applying algorithm 'run_learner' on problem '563768ad2e048da7' for job 1192 (seed = 1315) ...
INFO  [13:17:46.323] [mlr3] Applying learner 'xgboost calibrated isotonic 90' on task 'credit-g' (iter 2/10)

### [bt]: Job terminated successfully [batchtools job.id=1192]
### [bt]: Starting job [batchtools job.id=1193]
### [bt]: Generating problem instance for problem '563768ad2e048da7' ...
### [bt]: Applying algorithm 'run_learner' on problem '563768ad2e048da7' for job 1193 (seed = 1316) ...
INFO  [13:17:53.654] [mlr3] Applying learner 'xgboost calibrated isotonic 90' on task 'credit-g' (iter 3/10)

### [bt]: Job terminated successfully [batchtools job.id=1193]
### [bt]: Starting job [batchtools job.id=1194]
### [bt]: Generating problem instance for problem '563768ad2e048da7' ...
### [bt]: Applying algorithm 'run_learner' on problem '563768ad2e048da7' for job 1194 (seed = 1317) ...
INFO  [13:18:00.816] [mlr3] Applying learner 'xgboost calibrated isotonic 90' on task 'credit-g' (iter 4/10)

### [bt]: Job terminated successfully [batchtools job.id=1194]
### [bt]: Starting job [batchtools job.id=1195]
### [bt]: Generating problem instance for problem '563768ad2e048da7' ...
### [bt]: Applying algorithm 'run_learner' on problem '563768ad2e048da7' for job 1195 (seed = 1318) ...
INFO  [13:18:08.041] [mlr3] Applying learner 'xgboost calibrated isotonic 90' on task 'credit-g' (iter 5/10)

### [bt]: Job terminated successfully [batchtools job.id=1195]
### [bt]: Calculation finished!
