### [bt]: This is batchtools v0.9.17
### [bt]: Starting calculation of 5 jobs
### [bt]: Setting working directory to '/Users/adrian/Desktop/Mater_Thesis_Calibration'
### [bt]: Memory measurement disabled
### [bt]: Starting job [batchtools job.id=931]
### [bt]: Generating problem instance for problem '1bd472785c2444ba' ...
### [bt]: Applying algorithm 'run_learner' on problem '1bd472785c2444ba' for job 931 (seed = 932) ...
INFO  [11:29:51.445] [mlr3] Applying learner 'ranger calibrated platt holdout_90' on task 'wdbc' (iter 1/10)

### [bt]: Job terminated successfully [batchtools job.id=931]
### [bt]: Starting job [batchtools job.id=932]
### [bt]: Generating problem instance for problem '1bd472785c2444ba' ...
### [bt]: Applying algorithm 'run_learner' on problem '1bd472785c2444ba' for job 932 (seed = 933) ...
INFO  [11:29:51.979] [mlr3] Applying learner 'ranger calibrated platt holdout_90' on task 'wdbc' (iter 2/10)

### [bt]: Job terminated successfully [batchtools job.id=932]
### [bt]: Starting job [batchtools job.id=933]
### [bt]: Generating problem instance for problem '1bd472785c2444ba' ...
### [bt]: Applying algorithm 'run_learner' on problem '1bd472785c2444ba' for job 933 (seed = 934) ...
INFO  [11:29:54.725] [mlr3] Applying learner 'ranger calibrated platt holdout_90' on task 'wdbc' (iter 3/10)

### [bt]: Job terminated successfully [batchtools job.id=933]
### [bt]: Starting job [batchtools job.id=934]
### [bt]: Generating problem instance for problem '1bd472785c2444ba' ...
### [bt]: Applying algorithm 'run_learner' on problem '1bd472785c2444ba' for job 934 (seed = 935) ...
INFO  [11:29:55.945] [mlr3] Applying learner 'ranger calibrated platt holdout_90' on task 'wdbc' (iter 4/10)

### [bt]: Job terminated successfully [batchtools job.id=934]
### [bt]: Starting job [batchtools job.id=935]
### [bt]: Generating problem instance for problem '1bd472785c2444ba' ...
### [bt]: Applying algorithm 'run_learner' on problem '1bd472785c2444ba' for job 935 (seed = 936) ...
INFO  [11:29:56.569] [mlr3] Applying learner 'ranger calibrated platt holdout_90' on task 'wdbc' (iter 5/10)
Warning: glm.fit: algorithm did not converge
This happened PipeOp classif.ranger's $train()
Warning: glm.fit: fitted probabilities numerically 0 or 1 occurred
This happened PipeOp classif.ranger's $train()

### [bt]: Job terminated successfully [batchtools job.id=935]
### [bt]: Calculation finished!
