### [bt]: This is batchtools v0.9.17
### [bt]: Starting calculation of 1 jobs
### [bt]: Setting working directory to '/content'
### [bt]: Memory measurement disabled
### [bt]: Starting job [batchtools job.id=1824]
### [bt]: Generating problem instance for problem '358d8f8187803581' ...
### [bt]: Applying algorithm 'run_learner' on problem '358d8f8187803581' for job 1824 (seed = 1947) ...
INFO  [15:53:19.773] [mlr3] Applying learner 'nnet calibrated isotonic 80' on task 'electricity' (iter 4/10)
# weights:  46
initial  value 22170.437860 
iter  10 value 20172.520020
iter  20 value 18081.306708
iter  30 value 16592.483145
iter  40 value 15984.192792
iter  50 value 15871.747752
iter  60 value 15836.028481
iter  70 value 15766.298585
iter  80 value 15747.115015
iter  90 value 15692.318151
iter 100 value 15647.601992
final  value 15647.601992 
stopped after 100 iterations

### [bt]: Job terminated successfully [batchtools job.id=1824]
### [bt]: Calculation finished!
