### [bt]: This is batchtools v0.9.17
### [bt]: Starting calculation of 5 jobs
### [bt]: Setting working directory to '/Users/adrian/Desktop/Mater_Thesis_Calibration'
ece.R :
Friedmann_tasks.R :
Functions.R :
ici.R :
mse_feature_effects.R :
PipeOpCalibration.R :
### [bt]: Memory measurement disabled
### [bt]: Starting job [batchtools job.id=10586]
### [bt]: Generating problem instance for problem 'cfb05fadfc1e266b' ...
### [bt]: Applying algorithm 'run_learner' on problem 'cfb05fadfc1e266b' for job 10586 (seed = 10709) ...
INFO  [11:57:29.697] [mlr3] Applying learner 'naive_bayes calibrated beta 90' on task 'numerai28.6' (iter 6/10)

### [bt]: Job terminated successfully [batchtools job.id=10586]
### [bt]: Starting job [batchtools job.id=10587]
### [bt]: Generating problem instance for problem 'cfb05fadfc1e266b' ...
### [bt]: Applying algorithm 'run_learner' on problem 'cfb05fadfc1e266b' for job 10587 (seed = 10710) ...
INFO  [11:57:46.835] [mlr3] Applying learner 'naive_bayes calibrated beta 90' on task 'numerai28.6' (iter 7/10)

### [bt]: Job terminated successfully [batchtools job.id=10587]
### [bt]: Starting job [batchtools job.id=10588]
### [bt]: Generating problem instance for problem 'cfb05fadfc1e266b' ...
### [bt]: Applying algorithm 'run_learner' on problem 'cfb05fadfc1e266b' for job 10588 (seed = 10711) ...
INFO  [11:57:54.859] [mlr3] Applying learner 'naive_bayes calibrated beta 90' on task 'numerai28.6' (iter 8/10)

### [bt]: Job terminated successfully [batchtools job.id=10588]
### [bt]: Starting job [batchtools job.id=10589]
### [bt]: Generating problem instance for problem 'cfb05fadfc1e266b' ...
### [bt]: Applying algorithm 'run_learner' on problem 'cfb05fadfc1e266b' for job 10589 (seed = 10712) ...
INFO  [11:58:02.135] [mlr3] Applying learner 'naive_bayes calibrated beta 90' on task 'numerai28.6' (iter 9/10)

### [bt]: Job terminated successfully [batchtools job.id=10589]
### [bt]: Starting job [batchtools job.id=10590]
### [bt]: Generating problem instance for problem 'cfb05fadfc1e266b' ...
### [bt]: Applying algorithm 'run_learner' on problem 'cfb05fadfc1e266b' for job 10590 (seed = 10713) ...
INFO  [11:58:09.328] [mlr3] Applying learner 'naive_bayes calibrated beta 90' on task 'numerai28.6' (iter 10/10)

### [bt]: Job terminated successfully [batchtools job.id=10590]
### [bt]: Calculation finished!
