### [bt]: This is batchtools v0.9.17
### [bt]: Starting calculation of 5 jobs
### [bt]: Setting working directory to '/Users/adrian/Desktop/Mater_Thesis_Calibration'
ece.R :
Friedmann_tasks.R :
Functions.R :
ici.R :
mse_feature_effects.R :
PipeOpCalibration.R :
### [bt]: Memory measurement disabled
### [bt]: Starting job [batchtools job.id=8731]
### [bt]: Generating problem instance for problem '22f4988139232849' ...
### [bt]: Applying algorithm 'run_learner' on problem '22f4988139232849' for job 8731 (seed = 8854) ...
INFO  [16:50:55.015] [mlr3] Applying learner 'svm calibrated isotonic cv5' on task 'nomao' (iter 1/10)

### [bt]: Job terminated successfully [batchtools job.id=8731]
### [bt]: Starting job [batchtools job.id=8732]
### [bt]: Generating problem instance for problem '22f4988139232849' ...
### [bt]: Applying algorithm 'run_learner' on problem '22f4988139232849' for job 8732 (seed = 8855) ...
INFO  [17:12:05.139] [mlr3] Applying learner 'svm calibrated isotonic cv5' on task 'nomao' (iter 2/10)

### [bt]: Job terminated successfully [batchtools job.id=8732]
### [bt]: Starting job [batchtools job.id=8733]
### [bt]: Generating problem instance for problem '22f4988139232849' ...
### [bt]: Applying algorithm 'run_learner' on problem '22f4988139232849' for job 8733 (seed = 8856) ...
INFO  [17:33:37.641] [mlr3] Applying learner 'svm calibrated isotonic cv5' on task 'nomao' (iter 3/10)

### [bt]: Job terminated successfully [batchtools job.id=8733]
### [bt]: Starting job [batchtools job.id=8734]
### [bt]: Generating problem instance for problem '22f4988139232849' ...
### [bt]: Applying algorithm 'run_learner' on problem '22f4988139232849' for job 8734 (seed = 8857) ...
INFO  [17:54:38.420] [mlr3] Applying learner 'svm calibrated isotonic cv5' on task 'nomao' (iter 4/10)

### [bt]: Job terminated successfully [batchtools job.id=8734]
### [bt]: Starting job [batchtools job.id=8735]
### [bt]: Generating problem instance for problem '22f4988139232849' ...
### [bt]: Applying algorithm 'run_learner' on problem '22f4988139232849' for job 8735 (seed = 8858) ...
INFO  [18:15:52.814] [mlr3] Applying learner 'svm calibrated isotonic cv5' on task 'nomao' (iter 5/10)

### [bt]: Job terminated successfully [batchtools job.id=8735]
### [bt]: Calculation finished!
