### [bt]: This is batchtools v0.9.17
### [bt]: Starting calculation of 5 jobs
### [bt]: Setting working directory to '/Users/adrian/Desktop/Mater_Thesis_Calibration'
ece.R :
Friedmann_tasks.R :
Functions.R :
ici.R :
mse_feature_effects.R :
PipeOpCalibration.R :
### [bt]: Memory measurement disabled
### [bt]: Starting job [batchtools job.id=10456]
### [bt]: Generating problem instance for problem 'cfb05fadfc1e266b' ...
### [bt]: Applying algorithm 'run_learner' on problem 'cfb05fadfc1e266b' for job 10456 (seed = 10579) ...
INFO  [11:04:32.774] [mlr3] Applying learner 'kknn calibrated isotonic 70' on task 'numerai28.6' (iter 6/10)

### [bt]: Job terminated successfully [batchtools job.id=10456]
### [bt]: Starting job [batchtools job.id=10457]
### [bt]: Generating problem instance for problem 'cfb05fadfc1e266b' ...
### [bt]: Applying algorithm 'run_learner' on problem 'cfb05fadfc1e266b' for job 10457 (seed = 10580) ...
INFO  [11:05:27.366] [mlr3] Applying learner 'kknn calibrated isotonic 70' on task 'numerai28.6' (iter 7/10)

### [bt]: Job terminated successfully [batchtools job.id=10457]
### [bt]: Starting job [batchtools job.id=10458]
### [bt]: Generating problem instance for problem 'cfb05fadfc1e266b' ...
### [bt]: Applying algorithm 'run_learner' on problem 'cfb05fadfc1e266b' for job 10458 (seed = 10581) ...
INFO  [11:06:17.234] [mlr3] Applying learner 'kknn calibrated isotonic 70' on task 'numerai28.6' (iter 8/10)

### [bt]: Job terminated successfully [batchtools job.id=10458]
### [bt]: Starting job [batchtools job.id=10459]
### [bt]: Generating problem instance for problem 'cfb05fadfc1e266b' ...
### [bt]: Applying algorithm 'run_learner' on problem 'cfb05fadfc1e266b' for job 10459 (seed = 10582) ...
INFO  [11:07:08.832] [mlr3] Applying learner 'kknn calibrated isotonic 70' on task 'numerai28.6' (iter 9/10)

### [bt]: Job terminated successfully [batchtools job.id=10459]
### [bt]: Starting job [batchtools job.id=10460]
### [bt]: Generating problem instance for problem 'cfb05fadfc1e266b' ...
### [bt]: Applying algorithm 'run_learner' on problem 'cfb05fadfc1e266b' for job 10460 (seed = 10583) ...
INFO  [11:08:00.114] [mlr3] Applying learner 'kknn calibrated isotonic 70' on task 'numerai28.6' (iter 10/10)

### [bt]: Job terminated successfully [batchtools job.id=10460]
### [bt]: Calculation finished!
