### [bt]: This is batchtools v0.9.17
### [bt]: Starting calculation of 5 jobs
### [bt]: Setting working directory to '/Users/adrian/Desktop/Mater_Thesis_Calibration'
ece.R :
Friedmann_tasks.R :
Functions.R :
ici.R :
mse_feature_effects.R :
PipeOpCalibration.R :
### [bt]: Memory measurement disabled
### [bt]: Starting job [batchtools job.id=6911]
### [bt]: Generating problem instance for problem 'c27a1cbf9c91424a' ...
### [bt]: Applying algorithm 'run_learner' on problem 'c27a1cbf9c91424a' for job 6911 (seed = 7034) ...
INFO  [18:00:46.823] [mlr3] Applying learner 'nnet calibrated beta cv3' on task 'ilpd' (iter 1/10)
# weights:  37
initial  value 299.502371 
final  value 213.445195 
converged
# weights:  37
initial  value 324.595837 
iter  10 value 200.913148
iter  20 value 199.294471
iter  30 value 198.290243
iter  40 value 194.644234
iter  50 value 193.367272
iter  60 value 191.847106
iter  70 value 191.647086
iter  80 value 191.082059
iter  90 value 185.021151
iter 100 value 174.400682
final  value 174.400682 
stopped after 100 iterations
# weights:  37
initial  value 224.797568 
iter  10 value 193.626299
iter  20 value 185.342349
iter  30 value 183.474429
iter  40 value 183.202781
iter  50 value 182.821458
iter  60 value 182.300400
iter  70 value 181.676891
iter  80 value 181.392106
iter  90 value 178.477263
iter 100 value 177.054137
final  value 177.054137 
stopped after 100 iterations

### [bt]: Job terminated successfully [batchtools job.id=6911]
### [bt]: Starting job [batchtools job.id=6912]
### [bt]: Generating problem instance for problem 'c27a1cbf9c91424a' ...
### [bt]: Applying algorithm 'run_learner' on problem 'c27a1cbf9c91424a' for job 6912 (seed = 7035) ...
INFO  [18:00:47.012] [mlr3] Applying learner 'nnet calibrated beta cv3' on task 'ilpd' (iter 2/10)
# weights:  37
initial  value 319.753846 
final  value 214.281626 
converged
# weights:  37
initial  value 248.880582 
final  value 204.318892 
converged
# weights:  37
initial  value 211.920801 
final  value 208.471051 
converged

### [bt]: Job terminated successfully [batchtools job.id=6912]
### [bt]: Starting job [batchtools job.id=6913]
### [bt]: Generating problem instance for problem 'c27a1cbf9c91424a' ...
### [bt]: Applying algorithm 'run_learner' on problem 'c27a1cbf9c91424a' for job 6913 (seed = 7036) ...
INFO  [18:00:55.605] [mlr3] Applying learner 'nnet calibrated beta cv3' on task 'ilpd' (iter 3/10)
# weights:  37
initial  value 271.706168 
final  value 209.057311 
converged
# weights:  37
initial  value 226.156006 
iter  10 value 197.060983
iter  20 value 170.485849
iter  30 value 163.277522
iter  40 value 157.942363
iter  50 value 156.205738
iter  60 value 156.187611
final  value 156.187593 
converged
# weights:  37
initial  value 212.406747 
iter  10 value 202.959319
iter  20 value 201.047628
iter  30 value 200.110259
iter  40 value 199.447264
iter  50 value 199.083606
iter  60 value 198.619305
iter  70 value 198.602133
iter  80 value 198.600076
final  value 198.599953 
converged

### [bt]: Job terminated successfully [batchtools job.id=6913]
### [bt]: Starting job [batchtools job.id=6914]
### [bt]: Generating problem instance for problem 'c27a1cbf9c91424a' ...
### [bt]: Applying algorithm 'run_learner' on problem 'c27a1cbf9c91424a' for job 6914 (seed = 7037) ...
INFO  [18:00:55.986] [mlr3] Applying learner 'nnet calibrated beta cv3' on task 'ilpd' (iter 4/10)
# weights:  37
initial  value 269.737353 
final  value 205.616274 
converged
# weights:  37
initial  value 248.829157 
final  value 205.616274 
converged
# weights:  37
initial  value 305.641550 
iter  10 value 214.438025
iter  20 value 214.422414
final  value 214.422400 
converged
Warning: glm.fit: fitted probabilities numerically 0 or 1 occurred
This happened PipeOp classif.nnet's $train()

### [bt]: Job terminated successfully [batchtools job.id=6914]
### [bt]: Starting job [batchtools job.id=6915]
### [bt]: Generating problem instance for problem 'c27a1cbf9c91424a' ...
### [bt]: Applying algorithm 'run_learner' on problem 'c27a1cbf9c91424a' for job 6915 (seed = 7038) ...
INFO  [18:00:56.220] [mlr3] Applying learner 'nnet calibrated beta cv3' on task 'ilpd' (iter 5/10)
# weights:  37
initial  value 231.717175 
iter  10 value 207.702406
iter  20 value 207.693871
final  value 207.693863 
converged
# weights:  37
initial  value 239.118826 
iter  10 value 206.272130
iter  20 value 206.021112
final  value 206.020908 
converged
# weights:  37
initial  value 204.154342 
iter  10 value 200.076156
iter  20 value 191.126057
iter  30 value 176.734506
iter  40 value 162.904383
iter  50 value 160.676455
iter  60 value 156.365010
iter  70 value 152.894830
iter  80 value 150.359775
iter  90 value 150.280229
final  value 150.280144 
converged
Warning: glm.fit: algorithm did not converge
This happened PipeOp classif.nnet's $train()
Warning: glm.fit: fitted probabilities numerically 0 or 1 occurred
This happened PipeOp classif.nnet's $train()

### [bt]: Job terminated successfully [batchtools job.id=6915]
### [bt]: Calculation finished!
