### [bt]: This is batchtools v0.9.17
### [bt]: Starting calculation of 1 jobs
### [bt]: Setting working directory to '/content'
### [bt]: Memory measurement disabled
### [bt]: Starting job [batchtools job.id=10812]
### [bt]: Generating problem instance for problem 'cfb05fadfc1e266b' ...
### [bt]: Applying algorithm 'run_learner' on problem 'cfb05fadfc1e266b' for job 10812 (seed = 10935) ...
INFO  [16:52:54.095] [mlr3] Applying learner 'nnet calibrated isotonic cv5' on task 'numerai28.6' (iter 2/10)
# weights:  70
initial  value 49778.560569 
iter  10 value 48023.110249
iter  20 value 47963.692224
iter  30 value 47940.104856
iter  40 value 47920.554977
iter  50 value 47906.308976
iter  60 value 47897.143397
iter  70 value 47889.884337
iter  80 value 47881.304701
iter  90 value 47876.391100
iter 100 value 47874.549221
final  value 47874.549221 
stopped after 100 iterations
# weights:  70
initial  value 54749.989562 
iter  10 value 47981.362975
iter  20 value 47953.926579
iter  30 value 47932.157654
iter  40 value 47919.699606
iter  50 value 47916.661910
iter  60 value 47913.253861
iter  70 value 47909.794857
iter  80 value 47906.355689
iter  90 value 47902.827099
iter 100 value 47900.363416
final  value 47900.363416 
stopped after 100 iterations
# weights:  70
initial  value 50011.290263 
iter  10 value 47990.234768
iter  20 value 47944.541888
iter  30 value 47924.442282
iter  40 value 47908.233343
iter  50 value 47894.299906
iter  60 value 47882.015864
iter  70 value 47874.030518
iter  80 value 47870.254306
iter  90 value 47867.445924
iter 100 value 47865.663870
final  value 47865.663870 
stopped after 100 iterations
# weights:  70
initial  value 57739.575467 
iter  10 value 48012.626079
iter  20 value 47970.822252
iter  30 value 47960.826461
iter  40 value 47955.428537
iter  50 value 47950.471105
iter  60 value 47935.125218
iter  70 value 47927.919897
iter  80 value 47921.089655
iter  90 value 47917.198105
iter 100 value 47913.479338
final  value 47913.479338 
stopped after 100 iterations
# weights:  70
initial  value 48696.708898 
iter  10 value 48033.917417
iter  20 value 47951.672227
iter  30 value 47939.061178
iter  40 value 47929.636807
iter  50 value 47927.957217
iter  60 value 47926.616812
iter  70 value 47920.570093
iter  80 value 47912.459786
iter  90 value 47898.552654
iter 100 value 47880.454386
final  value 47880.454386 
stopped after 100 iterations

### [bt]: Job terminated successfully [batchtools job.id=10812]
### [bt]: Calculation finished!
