### [bt]: This is batchtools v0.9.17
### [bt]: Starting calculation of 5 jobs
### [bt]: Setting working directory to '/Users/adrian/Desktop/Mater_Thesis_Calibration'
ece.R :
Friedmann_tasks.R :
Functions.R :
ici.R :
mse_feature_effects.R :
PipeOpCalibration.R :
### [bt]: Memory measurement disabled
### [bt]: Starting job [batchtools job.id=9866]
### [bt]: Generating problem instance for problem '0ecb79b078d7aa0a' ...
### [bt]: Applying algorithm 'run_learner' on problem '0ecb79b078d7aa0a' for job 9866 (seed = 9989) ...
INFO  [19:03:55.986] [mlr3] Applying learner 'rpart calibrated platt 70' on task 'PhishingWebsites' (iter 6/10)

### [bt]: Job terminated successfully [batchtools job.id=9866]
### [bt]: Starting job [batchtools job.id=9867]
### [bt]: Generating problem instance for problem '0ecb79b078d7aa0a' ...
### [bt]: Applying algorithm 'run_learner' on problem '0ecb79b078d7aa0a' for job 9867 (seed = 9990) ...
INFO  [19:03:56.210] [mlr3] Applying learner 'rpart calibrated platt 70' on task 'PhishingWebsites' (iter 7/10)

### [bt]: Job terminated successfully [batchtools job.id=9867]
### [bt]: Starting job [batchtools job.id=9868]
### [bt]: Generating problem instance for problem '0ecb79b078d7aa0a' ...
### [bt]: Applying algorithm 'run_learner' on problem '0ecb79b078d7aa0a' for job 9868 (seed = 9991) ...
INFO  [19:04:06.210] [mlr3] Applying learner 'rpart calibrated platt 70' on task 'PhishingWebsites' (iter 8/10)

### [bt]: Job terminated successfully [batchtools job.id=9868]
### [bt]: Starting job [batchtools job.id=9869]
### [bt]: Generating problem instance for problem '0ecb79b078d7aa0a' ...
### [bt]: Applying algorithm 'run_learner' on problem '0ecb79b078d7aa0a' for job 9869 (seed = 9992) ...
INFO  [19:04:06.412] [mlr3] Applying learner 'rpart calibrated platt 70' on task 'PhishingWebsites' (iter 9/10)

### [bt]: Job terminated successfully [batchtools job.id=9869]
### [bt]: Starting job [batchtools job.id=9870]
### [bt]: Generating problem instance for problem '0ecb79b078d7aa0a' ...
### [bt]: Applying algorithm 'run_learner' on problem '0ecb79b078d7aa0a' for job 9870 (seed = 9993) ...
INFO  [19:04:06.649] [mlr3] Applying learner 'rpart calibrated platt 70' on task 'PhishingWebsites' (iter 10/10)

### [bt]: Job terminated successfully [batchtools job.id=9870]
### [bt]: Calculation finished!
