### [bt]: This is batchtools v0.9.17
### [bt]: Starting calculation of 5 jobs
### [bt]: Setting working directory to '/Users/adrian/Desktop/Mater_Thesis_Calibration'
ece.R :
Friedmann_tasks.R :
Functions.R :
ici.R :
mse_feature_effects.R :
PipeOpCalibration.R :
### [bt]: Memory measurement disabled
### [bt]: Starting job [batchtools job.id=12236]
### [bt]: Generating problem instance for problem '7f16ca74b5d8776b' ...
### [bt]: Applying algorithm 'run_learner' on problem '7f16ca74b5d8776b' for job 12236 (seed = 12359) ...
INFO  [03:38:57.536] [mlr3] Applying learner 'ranger calibrated isotonic 90' on task 'churn' (iter 6/10)

### [bt]: Job terminated successfully [batchtools job.id=12236]
### [bt]: Starting job [batchtools job.id=12237]
### [bt]: Generating problem instance for problem '7f16ca74b5d8776b' ...
### [bt]: Applying algorithm 'run_learner' on problem '7f16ca74b5d8776b' for job 12237 (seed = 12360) ...
INFO  [03:39:10.557] [mlr3] Applying learner 'ranger calibrated isotonic 90' on task 'churn' (iter 7/10)

### [bt]: Job terminated successfully [batchtools job.id=12237]
### [bt]: Starting job [batchtools job.id=12238]
### [bt]: Generating problem instance for problem '7f16ca74b5d8776b' ...
### [bt]: Applying algorithm 'run_learner' on problem '7f16ca74b5d8776b' for job 12238 (seed = 12361) ...
INFO  [03:39:18.564] [mlr3] Applying learner 'ranger calibrated isotonic 90' on task 'churn' (iter 8/10)

### [bt]: Job terminated successfully [batchtools job.id=12238]
### [bt]: Starting job [batchtools job.id=12239]
### [bt]: Generating problem instance for problem '7f16ca74b5d8776b' ...
### [bt]: Applying algorithm 'run_learner' on problem '7f16ca74b5d8776b' for job 12239 (seed = 12362) ...
INFO  [03:39:26.446] [mlr3] Applying learner 'ranger calibrated isotonic 90' on task 'churn' (iter 9/10)

### [bt]: Job terminated successfully [batchtools job.id=12239]
### [bt]: Starting job [batchtools job.id=12240]
### [bt]: Generating problem instance for problem '7f16ca74b5d8776b' ...
### [bt]: Applying algorithm 'run_learner' on problem '7f16ca74b5d8776b' for job 12240 (seed = 12363) ...
INFO  [03:39:34.263] [mlr3] Applying learner 'ranger calibrated isotonic 90' on task 'churn' (iter 10/10)

### [bt]: Job terminated successfully [batchtools job.id=12240]
### [bt]: Calculation finished!
