### [bt]: This is batchtools v0.9.17
### [bt]: Starting calculation of 1 jobs
### [bt]: Setting working directory to '/content'
### [bt]: Memory measurement disabled
### [bt]: Starting job [batchtools job.id=7562]
### [bt]: Generating problem instance for problem 'c27a1cbf9c91424a' ...
### [bt]: Applying algorithm 'run_learner' on problem 'c27a1cbf9c91424a' for job 7562 (seed = 7685) ...
INFO  [14:31:05.989] [mlr3] Applying learner 'xgboost calibrated beta cv5' on task 'ilpd' (iter 2/10)
[1] 0.1893515
[1] 23.82155
[1] -11.93474
[1] 20.21797
[1] 0.2633023
[1] 24.62271
[1] -0.09840078
[1] 14.01842
[1] -25.56957
[1] 8.785017

### [bt]: Job terminated successfully [batchtools job.id=7562]
### [bt]: Calculation finished!
