### [bt]: This is batchtools v0.9.17
### [bt]: Starting calculation of 1 jobs
### [bt]: Setting working directory to '/content'
### [bt]: Memory measurement disabled
### [bt]: Starting job [batchtools job.id=1001]
### [bt]: Generating problem instance for problem '563768ad2e048da7' ...
### [bt]: Applying algorithm 'run_learner' on problem '563768ad2e048da7' for job 1001 (seed = 1124) ...
INFO  [14:19:23.215] [mlr3] Applying learner 'svm calibrated beta cv5' on task 'credit-g' (iter 1/10)
Warning in svm.default(x = data, y = task$truth(), probability = (self$predict_type ==  :
  Variable(s) ‘personal_status.female.single’ and ‘purpose.vacation’ constant. Cannot scale data.
This happened PipeOp classif.svm's $train()
This happened PipeOp classif.svm's $train()
Warning in svm.default(x = data, y = task$truth(), probability = (self$predict_type ==  :
  Variable(s) ‘personal_status.female.single’ and ‘purpose.vacation’ constant. Cannot scale data.
This happened PipeOp classif.svm's $train()
This happened PipeOp classif.svm's $train()
Warning in svm.default(x = data, y = task$truth(), probability = (self$predict_type ==  :
  Variable(s) ‘personal_status.female.single’ and ‘purpose.vacation’ constant. Cannot scale data.
This happened PipeOp classif.svm's $train()
This happened PipeOp classif.svm's $train()
Warning in svm.default(x = data, y = task$truth(), probability = (self$predict_type ==  :
  Variable(s) ‘personal_status.female.single’ and ‘purpose.vacation’ constant. Cannot scale data.
This happened PipeOp classif.svm's $train()
This happened PipeOp classif.svm's $train()
Warning in svm.default(x = data, y = task$truth(), probability = (self$predict_type ==  :
  Variable(s) ‘personal_status.female.single’ and ‘purpose.vacation’ constant. Cannot scale data.
This happened PipeOp classif.svm's $train()
This happened PipeOp classif.svm's $train()
[1] 26.04565
[1] -0.5674443
[1] -6.057089
[1] -165.2266
[1] 63.14264
[1] 1939.646
[1] -5.768489
[1] -157.5496
[1] -3.626374
[1] -79.6242

### [bt]: Job terminated successfully [batchtools job.id=1001]
### [bt]: Calculation finished!
