### [bt]: This is batchtools v0.9.17
### [bt]: Starting calculation of 1 jobs
### [bt]: Setting working directory to '/content'
### [bt]: Memory measurement disabled
### [bt]: Starting job [batchtools job.id=14341]
### [bt]: Generating problem instance for problem '22f4988139232849' ...
### [bt]: Applying algorithm 'run_learner' on problem '22f4988139232849' for job 14341 (seed = 14464) ...
INFO  [17:12:50.379] [mlr3] Applying learner 'nnet calibrated isotonic union' on task 'nomao' (iter 1/10)
# weights:  442
initial  value 17474.663867 
iter  10 value 8316.518711
iter  20 value 5872.293800
iter  30 value 4685.712434
iter  40 value 3720.990978
iter  50 value 3267.848209
iter  60 value 3038.205649
iter  70 value 2932.891516
iter  80 value 2863.422209
iter  90 value 2786.698351
iter 100 value 2714.050863
final  value 2714.050863 
stopped after 100 iterations
# weights:  442
initial  value 24334.421248 
iter  10 value 6681.914359
iter  20 value 4011.646225
iter  30 value 3754.809480
iter  40 value 3210.230001
iter  50 value 3013.989055
iter  60 value 2864.256597
iter  70 value 2754.482832
iter  80 value 2700.368412
iter  90 value 2656.601373
iter 100 value 2627.136915
final  value 2627.136915 
stopped after 100 iterations
# weights:  442
initial  value 16750.045630 
iter  10 value 5508.524698
iter  20 value 4624.210605
iter  30 value 4041.819918
iter  40 value 3768.356862
iter  50 value 3488.363917
iter  60 value 3319.970116
iter  70 value 3095.727625
iter  80 value 2977.426057
iter  90 value 2856.529209
iter 100 value 2807.921699
final  value 2807.921699 
stopped after 100 iterations
# weights:  442
initial  value 18413.120700 
iter  10 value 9268.759167
iter  20 value 4802.250107
iter  30 value 4142.030888
iter  40 value 3889.177226
iter  50 value 3699.063510
iter  60 value 3592.817011
iter  70 value 3514.675157
iter  80 value 3343.161866
iter  90 value 3180.427891
iter 100 value 3036.966021
final  value 3036.966021 
stopped after 100 iterations
# weights:  442
initial  value 14814.846803 
iter  10 value 7078.136920
iter  20 value 4251.397460
iter  30 value 3748.207848
iter  40 value 3433.548132
iter  50 value 3297.642764
iter  60 value 3164.408861
iter  70 value 3058.080389
iter  80 value 2971.181214
iter  90 value 2911.061524
iter 100 value 2855.498139
final  value 2855.498139 
stopped after 100 iterations

### [bt]: Job terminated successfully [batchtools job.id=14341]
### [bt]: Calculation finished!
