### [bt]: This is batchtools v0.9.17
### [bt]: Starting calculation of 5 jobs
### [bt]: Setting working directory to '/Users/adrian/Desktop/Mater_Thesis_Calibration'
### [bt]: Memory measurement disabled
### [bt]: Starting job [batchtools job.id=731]
### [bt]: Generating problem instance for problem '1bd472785c2444ba' ...
### [bt]: Applying algorithm 'run_learner' on problem '1bd472785c2444ba' for job 731 (seed = 732) ...
INFO  [11:23:05.561] [mlr3] Applying learner 'nnet calibrated platt holdout_80' on task 'wdbc' (iter 1/10)
# weights:  97
initial  value 336.138580 
final  value 270.854880 
converged

### [bt]: Job terminated successfully [batchtools job.id=731]
### [bt]: Starting job [batchtools job.id=732]
### [bt]: Generating problem instance for problem '1bd472785c2444ba' ...
### [bt]: Applying algorithm 'run_learner' on problem '1bd472785c2444ba' for job 732 (seed = 733) ...
INFO  [11:23:05.787] [mlr3] Applying learner 'nnet calibrated platt holdout_80' on task 'wdbc' (iter 2/10)
# weights:  97
initial  value 281.962960 
final  value 272.363995 
converged
Warning in predict.lm(object, newdata, se.fit, scale = 1, type = if (type ==  :
  prediction from rank-deficient fit; attr(*, "non-estim") has doubtful cases
This happened PipeOp classif.nnet's $predict()

### [bt]: Job terminated successfully [batchtools job.id=732]
### [bt]: Starting job [batchtools job.id=733]
### [bt]: Generating problem instance for problem '1bd472785c2444ba' ...
### [bt]: Applying algorithm 'run_learner' on problem '1bd472785c2444ba' for job 733 (seed = 734) ...
INFO  [11:23:08.628] [mlr3] Applying learner 'nnet calibrated platt holdout_80' on task 'wdbc' (iter 3/10)
# weights:  97
initial  value 279.314086 
final  value 272.363995 
converged
Warning in predict.lm(object, newdata, se.fit, scale = 1, type = if (type ==  :
  prediction from rank-deficient fit; attr(*, "non-estim") has doubtful cases
This happened PipeOp classif.nnet's $predict()

### [bt]: Job terminated successfully [batchtools job.id=733]
### [bt]: Starting job [batchtools job.id=734]
### [bt]: Generating problem instance for problem '1bd472785c2444ba' ...
### [bt]: Applying algorithm 'run_learner' on problem '1bd472785c2444ba' for job 734 (seed = 735) ...
INFO  [11:23:08.816] [mlr3] Applying learner 'nnet calibrated platt holdout_80' on task 'wdbc' (iter 4/10)
# weights:  97
initial  value 315.141957 
final  value 273.779980 
converged
Warning in predict.lm(object, newdata, se.fit, scale = 1, type = if (type ==  :
  prediction from rank-deficient fit; attr(*, "non-estim") has doubtful cases
This happened PipeOp classif.nnet's $predict()

### [bt]: Job terminated successfully [batchtools job.id=734]
### [bt]: Starting job [batchtools job.id=735]
### [bt]: Generating problem instance for problem '1bd472785c2444ba' ...
### [bt]: Applying algorithm 'run_learner' on problem '1bd472785c2444ba' for job 735 (seed = 736) ...
INFO  [11:23:08.968] [mlr3] Applying learner 'nnet calibrated platt holdout_80' on task 'wdbc' (iter 5/10)
# weights:  97
initial  value 462.399160 
final  value 272.363995 
converged
Warning in predict.lm(object, newdata, se.fit, scale = 1, type = if (type ==  :
  prediction from rank-deficient fit; attr(*, "non-estim") has doubtful cases
This happened PipeOp classif.nnet's $predict()

### [bt]: Job terminated successfully [batchtools job.id=735]
### [bt]: Calculation finished!
