### [bt]: This is batchtools v0.9.17
### [bt]: Starting calculation of 1 jobs
### [bt]: Setting working directory to '/content'
### [bt]: Memory measurement disabled
### [bt]: Starting job [batchtools job.id=12203]
### [bt]: Generating problem instance for problem '7f16ca74b5d8776b' ...
### [bt]: Applying algorithm 'run_learner' on problem '7f16ca74b5d8776b' for job 12203 (seed = 12326) ...
INFO  [14:49:30.386] [mlr3] Applying learner 'ranger calibrated beta cv5' on task 'churn' (iter 3/10)
[1] -218.7556
[1] -3.821841
[1] -225.4074
[1] -4.077388
[1] -291.7861
[1] -4.579655
Warning: glm.fit: fitted probabilities numerically 0 or 1 occurred
This happened PipeOp classif.ranger's $train()
[1] -343.318
[1] -2.997369
[1] -217.727
[1] -3.370212

### [bt]: Job terminated successfully [batchtools job.id=12203]
### [bt]: Calculation finished!
