### [bt]: This is batchtools v0.9.17
### [bt]: Starting calculation of 1 jobs
### [bt]: Setting working directory to '/content'
### [bt]: Memory measurement disabled
### [bt]: Starting job [batchtools job.id=12201]
### [bt]: Generating problem instance for problem '7f16ca74b5d8776b' ...
### [bt]: Applying algorithm 'run_learner' on problem '7f16ca74b5d8776b' for job 12201 (seed = 12324) ...
INFO  [14:49:29.769] [mlr3] Applying learner 'ranger calibrated beta cv5' on task 'churn' (iter 1/10)
[1] -187.7315
[1] 5.382892
[1] -264.9146
[1] -4.415161
[1] -165.1719
[1] 10.76134
[1] -252.2993
[1] -4.123352
[1] -232.3026
[1] -3.73225

### [bt]: Job terminated successfully [batchtools job.id=12201]
### [bt]: Calculation finished!
