### [bt]: This is batchtools v0.9.17
### [bt]: Starting calculation of 5 jobs
### [bt]: Setting working directory to '/Users/adrian/Desktop/Mater_Thesis_Calibration'
ece.R :
Friedmann_tasks.R :
Functions.R :
ici.R :
mse_feature_effects.R :
PipeOpCalibration.R :
### [bt]: Memory measurement disabled
### [bt]: Starting job [batchtools job.id=4686]
### [bt]: Generating problem instance for problem '341ee781c7d79b8f' ...
### [bt]: Applying algorithm 'run_learner' on problem '341ee781c7d79b8f' for job 4686 (seed = 4809) ...
INFO  [15:22:23.206] [mlr3] Applying learner 'rpart calibrated beta cv5' on task 'wdbc' (iter 6/10)

### [bt]: Job terminated successfully [batchtools job.id=4686]
### [bt]: Starting job [batchtools job.id=4687]
### [bt]: Generating problem instance for problem '341ee781c7d79b8f' ...
### [bt]: Applying algorithm 'run_learner' on problem '341ee781c7d79b8f' for job 4687 (seed = 4810) ...
INFO  [15:22:23.478] [mlr3] Applying learner 'rpart calibrated beta cv5' on task 'wdbc' (iter 7/10)
Warning: glm.fit: fitted probabilities numerically 0 or 1 occurred
This happened PipeOp classif.rpart's $train()

### [bt]: Job terminated successfully [batchtools job.id=4687]
### [bt]: Starting job [batchtools job.id=4688]
### [bt]: Generating problem instance for problem '341ee781c7d79b8f' ...
### [bt]: Applying algorithm 'run_learner' on problem '341ee781c7d79b8f' for job 4688 (seed = 4811) ...
INFO  [15:22:23.860] [mlr3] Applying learner 'rpart calibrated beta cv5' on task 'wdbc' (iter 8/10)
Warning: glm.fit: fitted probabilities numerically 0 or 1 occurred
This happened PipeOp classif.rpart's $train()

### [bt]: Job terminated successfully [batchtools job.id=4688]
### [bt]: Starting job [batchtools job.id=4689]
### [bt]: Generating problem instance for problem '341ee781c7d79b8f' ...
### [bt]: Applying algorithm 'run_learner' on problem '341ee781c7d79b8f' for job 4689 (seed = 4812) ...
INFO  [15:22:24.134] [mlr3] Applying learner 'rpart calibrated beta cv5' on task 'wdbc' (iter 9/10)

### [bt]: Job terminated successfully [batchtools job.id=4689]
### [bt]: Starting job [batchtools job.id=4690]
### [bt]: Generating problem instance for problem '341ee781c7d79b8f' ...
### [bt]: Applying algorithm 'run_learner' on problem '341ee781c7d79b8f' for job 4690 (seed = 4813) ...
INFO  [15:22:29.732] [mlr3] Applying learner 'rpart calibrated beta cv5' on task 'wdbc' (iter 10/10)
Warning: glm.fit: fitted probabilities numerically 0 or 1 occurred
This happened PipeOp classif.rpart's $train()

### [bt]: Job terminated successfully [batchtools job.id=4690]
### [bt]: Calculation finished!
