### [bt]: This is batchtools v0.9.17
### [bt]: Starting calculation of 1 jobs
### [bt]: Setting working directory to '/content'
### [bt]: Memory measurement disabled
### [bt]: Starting job [batchtools job.id=4405]
### [bt]: Generating problem instance for problem '341ee781c7d79b8f' ...
### [bt]: Applying algorithm 'run_learner' on problem '341ee781c7d79b8f' for job 4405 (seed = 4528) ...
INFO  [14:24:42.730] [mlr3] Applying learner 'nnet calibrated isotonic cv3' on task 'wdbc' (iter 5/10)
# weights:  97
initial  value 273.394630 
final  value 222.374648 
converged
# weights:  97
initial  value 234.021368 
final  value 226.159834 
converged
# weights:  97
initial  value 228.181345 
final  value 227.612357 
converged

### [bt]: Job terminated successfully [batchtools job.id=4405]
### [bt]: Calculation finished!
