### [bt]: This is batchtools v0.9.17
### [bt]: Starting calculation of 1 jobs
### [bt]: Setting working directory to '/content'
### [bt]: Memory measurement disabled
### [bt]: Starting job [batchtools job.id=14337]
### [bt]: Generating problem instance for problem '22f4988139232849' ...
### [bt]: Applying algorithm 'run_learner' on problem '22f4988139232849' for job 14337 (seed = 14460) ...
INFO  [17:12:19.496] [mlr3] Applying learner 'nnet calibrated beta union' on task 'nomao' (iter 7/10)
# weights:  442
initial  value 30372.665729 
iter  10 value 14812.946117
final  value 14812.945446 
converged
# weights:  442
initial  value 35441.446668 
iter  10 value 7734.627901
iter  20 value 6142.247001
iter  30 value 5083.528169
iter  40 value 4057.213369
iter  50 value 3482.493864
iter  60 value 3307.538870
iter  70 value 3127.424565
iter  80 value 2979.345697
iter  90 value 2871.564474
iter 100 value 2804.931521
final  value 2804.931521 
stopped after 100 iterations
# weights:  442
initial  value 15831.102090 
iter  10 value 5208.808232
iter  20 value 4197.615347
iter  30 value 3589.720130
iter  40 value 3586.724746
final  value 3586.716767 
converged
# weights:  442
initial  value 18496.355851 
iter  10 value 7070.481406
iter  20 value 4630.491922
iter  30 value 4023.783790
iter  40 value 3751.238851
iter  50 value 3497.080087
iter  60 value 3261.356441
iter  70 value 3056.540132
iter  80 value 2958.590979
iter  90 value 2900.742013
iter 100 value 2858.329667
final  value 2858.329667 
stopped after 100 iterations
# weights:  442
initial  value 15221.639700 
iter  10 value 4355.971439
iter  20 value 3684.266945
iter  30 value 3289.582767
iter  40 value 3075.789930
iter  50 value 2896.819524
iter  60 value 2834.933531
iter  70 value 2801.081337
iter  80 value 2771.883741
iter  90 value 2758.100069
iter 100 value 2751.696158
final  value 2751.696158 
stopped after 100 iterations
Warning: glm.fit: fitted probabilities numerically 0 or 1 occurred
This happened PipeOp classif.nnet's $train()
[1] -35.0897
[1] 32.4229

### [bt]: Job terminated successfully [batchtools job.id=14337]
### [bt]: Calculation finished!
