### [bt]: This is batchtools v0.9.17
### [bt]: Starting calculation of 5 jobs
### [bt]: Setting working directory to '/Users/adrian/Desktop/Mater_Thesis_Calibration'
ece.R :
Friedmann_tasks.R :
Functions.R :
ici.R :
mse_feature_effects.R :
PipeOpCalibration.R :
### [bt]: Memory measurement disabled
### [bt]: Starting job [batchtools job.id=4086]
### [bt]: Generating problem instance for problem '341ee781c7d79b8f' ...
### [bt]: Applying algorithm 'run_learner' on problem '341ee781c7d79b8f' for job 4086 (seed = 4209) ...
INFO  [15:02:34.127] [mlr3] Applying learner 'kknn calibrated isotonic cv3' on task 'wdbc' (iter 6/10)

### [bt]: Job terminated successfully [batchtools job.id=4086]
### [bt]: Starting job [batchtools job.id=4087]
### [bt]: Generating problem instance for problem '341ee781c7d79b8f' ...
### [bt]: Applying algorithm 'run_learner' on problem '341ee781c7d79b8f' for job 4087 (seed = 4210) ...
INFO  [15:02:34.408] [mlr3] Applying learner 'kknn calibrated isotonic cv3' on task 'wdbc' (iter 7/10)

### [bt]: Job terminated successfully [batchtools job.id=4087]
### [bt]: Starting job [batchtools job.id=4088]
### [bt]: Generating problem instance for problem '341ee781c7d79b8f' ...
### [bt]: Applying algorithm 'run_learner' on problem '341ee781c7d79b8f' for job 4088 (seed = 4211) ...
INFO  [15:02:40.248] [mlr3] Applying learner 'kknn calibrated isotonic cv3' on task 'wdbc' (iter 8/10)

### [bt]: Job terminated successfully [batchtools job.id=4088]
### [bt]: Starting job [batchtools job.id=4089]
### [bt]: Generating problem instance for problem '341ee781c7d79b8f' ...
### [bt]: Applying algorithm 'run_learner' on problem '341ee781c7d79b8f' for job 4089 (seed = 4212) ...
INFO  [15:02:41.991] [mlr3] Applying learner 'kknn calibrated isotonic cv3' on task 'wdbc' (iter 9/10)

### [bt]: Job terminated successfully [batchtools job.id=4089]
### [bt]: Starting job [batchtools job.id=4090]
### [bt]: Generating problem instance for problem '341ee781c7d79b8f' ...
### [bt]: Applying algorithm 'run_learner' on problem '341ee781c7d79b8f' for job 4090 (seed = 4213) ...
INFO  [15:02:42.270] [mlr3] Applying learner 'kknn calibrated isotonic cv3' on task 'wdbc' (iter 10/10)

### [bt]: Job terminated successfully [batchtools job.id=4090]
### [bt]: Calculation finished!
