### [bt]: This is batchtools v0.9.17
### [bt]: Starting calculation of 1 jobs
### [bt]: Setting working directory to '/content'
### [bt]: Memory measurement disabled
### [bt]: Starting job [batchtools job.id=11887]
### [bt]: Generating problem instance for problem '7f16ca74b5d8776b' ...
### [bt]: Applying algorithm 'run_learner' on problem '7f16ca74b5d8776b' for job 11887 (seed = 12010) ...
INFO  [14:48:46.035] [mlr3] Applying learner 'naive_bayes calibrated beta cv5' on task 'churn' (iter 7/10)
[1] -38.96694
[1] 26.08191
[1] -59.46889
[1] 20.06711
[1] -25.5965
[1] 37.55186
[1] -50.48524
[1] 12.94204
[1] -36.85346
[1] 23.75198

### [bt]: Job terminated successfully [batchtools job.id=11887]
### [bt]: Calculation finished!
