### [bt]: This is batchtools v0.9.17
### [bt]: Starting calculation of 4 jobs
### [bt]: Setting working directory to '/Users/I578045/Desktop/Mater_Thesis_Calibration'
ece.R :
Friedmann_tasks.R :
Functions.R :
ici.R :
mse_feature_effects.R :
PipeOpCalibration.R :
### [bt]: Memory measurement disabled
### [bt]: Starting job [batchtools job.id=1367]
### [bt]: Generating problem instance for problem '358d8f8187803581' ...
### [bt]: Applying algorithm 'run_learner' on problem '358d8f8187803581' for job 1367 (seed = 1490) ...
INFO  [09:19:48.546] [mlr3] Applying learner 'glmnet calibrated isotonic cv3' on task 'electricity' (iter 7/10)

### [bt]: Job terminated successfully [batchtools job.id=1367]
### [bt]: Starting job [batchtools job.id=1368]
### [bt]: Generating problem instance for problem '358d8f8187803581' ...
### [bt]: Applying algorithm 'run_learner' on problem '358d8f8187803581' for job 1368 (seed = 1491) ...
INFO  [09:19:49.434] [mlr3] Applying learner 'glmnet calibrated isotonic cv3' on task 'electricity' (iter 8/10)

### [bt]: Job terminated successfully [batchtools job.id=1368]
### [bt]: Starting job [batchtools job.id=1369]
### [bt]: Generating problem instance for problem '358d8f8187803581' ...
### [bt]: Applying algorithm 'run_learner' on problem '358d8f8187803581' for job 1369 (seed = 1492) ...
INFO  [09:19:50.483] [mlr3] Applying learner 'glmnet calibrated isotonic cv3' on task 'electricity' (iter 9/10)

### [bt]: Job terminated successfully [batchtools job.id=1369]
### [bt]: Starting job [batchtools job.id=1370]
### [bt]: Generating problem instance for problem '358d8f8187803581' ...
### [bt]: Applying algorithm 'run_learner' on problem '358d8f8187803581' for job 1370 (seed = 1493) ...
INFO  [09:19:51.277] [mlr3] Applying learner 'glmnet calibrated isotonic cv3' on task 'electricity' (iter 10/10)

### [bt]: Job terminated successfully [batchtools job.id=1370]
### [bt]: Calculation finished!
