### [bt]: This is batchtools v0.9.17
### [bt]: Starting calculation of 5 jobs
### [bt]: Setting working directory to '/Users/adrian/Desktop/Mater_Thesis_Calibration'
ece.R :
Friedmann_tasks.R :
Functions.R :
ici.R :
mse_feature_effects.R :
PipeOpCalibration.R :
### [bt]: Memory measurement disabled
### [bt]: Starting job [batchtools job.id=8106]
### [bt]: Generating problem instance for problem '22f4988139232849' ...
### [bt]: Applying algorithm 'run_learner' on problem '22f4988139232849' for job 8106 (seed = 8229) ...
INFO  [23:15:45.456] [mlr3] Applying learner 'naive_bayes calibrated platt 70' on task 'nomao' (iter 6/10)

### [bt]: Job terminated successfully [batchtools job.id=8106]
### [bt]: Starting job [batchtools job.id=8107]
### [bt]: Generating problem instance for problem '22f4988139232849' ...
### [bt]: Applying algorithm 'run_learner' on problem '22f4988139232849' for job 8107 (seed = 8230) ...
INFO  [23:16:05.981] [mlr3] Applying learner 'naive_bayes calibrated platt 70' on task 'nomao' (iter 7/10)

### [bt]: Job terminated successfully [batchtools job.id=8107]
### [bt]: Starting job [batchtools job.id=8108]
### [bt]: Generating problem instance for problem '22f4988139232849' ...
### [bt]: Applying algorithm 'run_learner' on problem '22f4988139232849' for job 8108 (seed = 8231) ...
INFO  [23:16:23.294] [mlr3] Applying learner 'naive_bayes calibrated platt 70' on task 'nomao' (iter 8/10)

### [bt]: Job terminated successfully [batchtools job.id=8108]
### [bt]: Starting job [batchtools job.id=8109]
### [bt]: Generating problem instance for problem '22f4988139232849' ...
### [bt]: Applying algorithm 'run_learner' on problem '22f4988139232849' for job 8109 (seed = 8232) ...
INFO  [23:16:40.552] [mlr3] Applying learner 'naive_bayes calibrated platt 70' on task 'nomao' (iter 9/10)

### [bt]: Job terminated successfully [batchtools job.id=8109]
### [bt]: Starting job [batchtools job.id=8110]
### [bt]: Generating problem instance for problem '22f4988139232849' ...
### [bt]: Applying algorithm 'run_learner' on problem '22f4988139232849' for job 8110 (seed = 8233) ...
INFO  [23:16:58.161] [mlr3] Applying learner 'naive_bayes calibrated platt 70' on task 'nomao' (iter 10/10)

### [bt]: Job terminated successfully [batchtools job.id=8110]
### [bt]: Calculation finished!
