### [bt]: This is batchtools v0.9.17
### [bt]: Starting calculation of 5 jobs
### [bt]: Setting working directory to '/Users/adrian/Desktop/Mater_Thesis_Calibration'
ece.R :
Friedmann_tasks.R :
Functions.R :
ici.R :
mse_feature_effects.R :
PipeOpCalibration.R :
### [bt]: Memory measurement disabled
### [bt]: Starting job [batchtools job.id=5006]
### [bt]: Generating problem instance for problem '341ee781c7d79b8f' ...
### [bt]: Applying algorithm 'run_learner' on problem '341ee781c7d79b8f' for job 5006 (seed = 5129) ...
INFO  [15:34:19.090] [mlr3] Applying learner 'xgboost calibrated beta cv5' on task 'wdbc' (iter 6/10)
Warning: glm.fit: fitted probabilities numerically 0 or 1 occurred
This happened PipeOp classif.xgboost's $train()

### [bt]: Job terminated successfully [batchtools job.id=5006]
### [bt]: Starting job [batchtools job.id=5007]
### [bt]: Generating problem instance for problem '341ee781c7d79b8f' ...
### [bt]: Applying algorithm 'run_learner' on problem '341ee781c7d79b8f' for job 5007 (seed = 5130) ...
INFO  [15:34:30.023] [mlr3] Applying learner 'xgboost calibrated beta cv5' on task 'wdbc' (iter 7/10)
Warning: glm.fit: fitted probabilities numerically 0 or 1 occurred
This happened PipeOp classif.xgboost's $train()

### [bt]: Job terminated successfully [batchtools job.id=5007]
### [bt]: Starting job [batchtools job.id=5008]
### [bt]: Generating problem instance for problem '341ee781c7d79b8f' ...
### [bt]: Applying algorithm 'run_learner' on problem '341ee781c7d79b8f' for job 5008 (seed = 5131) ...
INFO  [15:34:38.114] [mlr3] Applying learner 'xgboost calibrated beta cv5' on task 'wdbc' (iter 8/10)

### [bt]: Job terminated successfully [batchtools job.id=5008]
### [bt]: Starting job [batchtools job.id=5009]
### [bt]: Generating problem instance for problem '341ee781c7d79b8f' ...
### [bt]: Applying algorithm 'run_learner' on problem '341ee781c7d79b8f' for job 5009 (seed = 5132) ...
INFO  [15:34:46.124] [mlr3] Applying learner 'xgboost calibrated beta cv5' on task 'wdbc' (iter 9/10)
Warning: glm.fit: fitted probabilities numerically 0 or 1 occurred
This happened PipeOp classif.xgboost's $train()

### [bt]: Job terminated successfully [batchtools job.id=5009]
### [bt]: Starting job [batchtools job.id=5010]
### [bt]: Generating problem instance for problem '341ee781c7d79b8f' ...
### [bt]: Applying algorithm 'run_learner' on problem '341ee781c7d79b8f' for job 5010 (seed = 5133) ...
INFO  [15:34:54.137] [mlr3] Applying learner 'xgboost calibrated beta cv5' on task 'wdbc' (iter 10/10)

### [bt]: Job terminated successfully [batchtools job.id=5010]
### [bt]: Calculation finished!
