### [bt]: This is batchtools v0.9.17
### [bt]: Starting calculation of 5 jobs
### [bt]: Setting working directory to '/Users/adrian/Desktop/Mater_Thesis_Calibration'
ece.R :
Friedmann_tasks.R :
Functions.R :
ici.R :
mse_feature_effects.R :
PipeOpCalibration.R :
### [bt]: Memory measurement disabled
### [bt]: Starting job [batchtools job.id=8421]
### [bt]: Generating problem instance for problem '22f4988139232849' ...
### [bt]: Applying algorithm 'run_learner' on problem '22f4988139232849' for job 8421 (seed = 8544) ...
INFO  [04:10:38.193] [mlr3] Applying learner 'ranger calibrated platt 70' on task 'nomao' (iter 1/10)
Growing trees.. Progress: 66%. Estimated remaining time: 15 seconds.

### [bt]: Job terminated successfully [batchtools job.id=8421]
### [bt]: Starting job [batchtools job.id=8422]
### [bt]: Generating problem instance for problem '22f4988139232849' ...
### [bt]: Applying algorithm 'run_learner' on problem '22f4988139232849' for job 8422 (seed = 8545) ...
INFO  [04:11:43.505] [mlr3] Applying learner 'ranger calibrated platt 70' on task 'nomao' (iter 2/10)
Growing trees.. Progress: 84%. Estimated remaining time: 6 seconds.

### [bt]: Job terminated successfully [batchtools job.id=8422]
### [bt]: Starting job [batchtools job.id=8423]
### [bt]: Generating problem instance for problem '22f4988139232849' ...
### [bt]: Applying algorithm 'run_learner' on problem '22f4988139232849' for job 8423 (seed = 8546) ...
INFO  [04:12:32.190] [mlr3] Applying learner 'ranger calibrated platt 70' on task 'nomao' (iter 3/10)
Growing trees.. Progress: 79%. Estimated remaining time: 8 seconds.

### [bt]: Job terminated successfully [batchtools job.id=8423]
### [bt]: Starting job [batchtools job.id=8424]
### [bt]: Generating problem instance for problem '22f4988139232849' ...
### [bt]: Applying algorithm 'run_learner' on problem '22f4988139232849' for job 8424 (seed = 8547) ...
INFO  [04:13:22.003] [mlr3] Applying learner 'ranger calibrated platt 70' on task 'nomao' (iter 4/10)
Growing trees.. Progress: 78%. Estimated remaining time: 8 seconds.

### [bt]: Job terminated successfully [batchtools job.id=8424]
### [bt]: Starting job [batchtools job.id=8425]
### [bt]: Generating problem instance for problem '22f4988139232849' ...
### [bt]: Applying algorithm 'run_learner' on problem '22f4988139232849' for job 8425 (seed = 8548) ...
INFO  [04:14:12.904] [mlr3] Applying learner 'ranger calibrated platt 70' on task 'nomao' (iter 5/10)
Growing trees.. Progress: 72%. Estimated remaining time: 12 seconds.

### [bt]: Job terminated successfully [batchtools job.id=8425]
### [bt]: Calculation finished!
