### [bt]: This is batchtools v0.9.17
### [bt]: Starting calculation of 1 jobs
### [bt]: Setting working directory to '/content'
### [bt]: Memory measurement disabled
### [bt]: Starting job [batchtools job.id=12018]
### [bt]: Generating problem instance for problem '7f16ca74b5d8776b' ...
### [bt]: Applying algorithm 'run_learner' on problem '7f16ca74b5d8776b' for job 12018 (seed = 12141) ...
INFO  [14:49:08.786] [mlr3] Applying learner 'nnet calibrated beta 80' on task 'churn' (iter 8/10)
# weights:  94
initial  value 2187.640004 
iter  10 value 1426.752796
iter  20 value 1425.789209
iter  30 value 1425.355990
iter  40 value 1424.949384
iter  50 value 1424.798734
iter  60 value 1424.623125
iter  70 value 1424.606350
iter  80 value 1424.601631
final  value 1424.601392 
converged
Warning: glm.fit: algorithm did not converge
This happened PipeOp classif.nnet's $train()
Warning: glm.fit: fitted probabilities numerically 0 or 1 occurred
This happened PipeOp classif.nnet's $train()
[1] 100.507
[1] -1.217419

### [bt]: Job terminated successfully [batchtools job.id=12018]
### [bt]: Calculation finished!
