### [bt]: This is batchtools v0.9.17
### [bt]: Starting calculation of 1 jobs
### [bt]: Setting working directory to '/content'
### [bt]: Memory measurement disabled
### [bt]: Starting job [batchtools job.id=3082]
### [bt]: Generating problem instance for problem 'b541340d6c2eb21d' ...
### [bt]: Applying algorithm 'run_learner' on problem 'b541340d6c2eb21d' for job 3082 (seed = 3205) ...
INFO  [14:21:57.068] [mlr3] Applying learner 'nnet calibrated beta cv5' on task 'kc1' (iter 2/10)
# weights:  70
initial  value 1026.202974 
iter  10 value 582.045813
iter  20 value 578.419283
iter  30 value 577.552977
iter  40 value 576.254985
iter  50 value 575.143194
iter  60 value 572.439244
iter  70 value 570.308252
iter  80 value 570.181491
iter  90 value 570.140301
iter 100 value 570.057107
final  value 570.057107 
stopped after 100 iterations
# weights:  70
initial  value 1255.966589 
iter  10 value 562.077088
iter  20 value 554.947816
iter  30 value 549.153505
iter  40 value 548.022299
iter  50 value 540.359293
iter  60 value 521.977140
iter  70 value 517.782683
iter  80 value 515.715961
iter  90 value 515.710098
final  value 515.708726 
converged
# weights:  70
initial  value 1433.569872 
iter  10 value 625.808455
iter  20 value 624.924463
final  value 624.895163 
converged
# weights:  70
initial  value 1306.252613 
iter  10 value 624.315780
iter  20 value 595.410434
iter  30 value 594.529225
iter  40 value 591.851572
iter  50 value 588.967647
iter  60 value 552.212905
iter  70 value 544.028287
iter  80 value 541.347669
iter  90 value 541.203600
iter 100 value 540.539457
final  value 540.539457 
stopped after 100 iterations
# weights:  70
initial  value 1741.002831 
iter  10 value 573.685857
iter  20 value 549.857136
iter  30 value 539.213864
iter  40 value 534.744619
iter  50 value 525.341514
iter  60 value 512.395117
iter  70 value 511.933517
iter  80 value 511.356773
iter  90 value 510.839920
iter 100 value 508.455194
final  value 508.455194 
stopped after 100 iterations
[1] -106.2421
[1] 4.609171
[1] -130.8253
[1] -2.462333
Warning: glm.fit: fitted probabilities numerically 0 or 1 occurred
This happened PipeOp classif.nnet's $train()
Warning: glm.fit: fitted probabilities numerically 0 or 1 occurred
This happened PipeOp classif.nnet's $train()
[1] -186455.8
[1] -875.5846
[1] 0.2188135
[1] 40.54444
[1] 0.7095784
[1] 41.55768

### [bt]: Job terminated successfully [batchtools job.id=3082]
### [bt]: Calculation finished!
