### [bt]: This is batchtools v0.9.17
### [bt]: Starting calculation of 5 jobs
### [bt]: Setting working directory to '/Users/adrian/Desktop/Mater_Thesis_Calibration'
ece.R :
Friedmann_tasks.R :
Functions.R :
ici.R :
mse_feature_effects.R :
PipeOpCalibration.R :
### [bt]: Memory measurement disabled
### [bt]: Starting job [batchtools job.id=3866]
### [bt]: Generating problem instance for problem '341ee781c7d79b8f' ...
### [bt]: Applying algorithm 'run_learner' on problem '341ee781c7d79b8f' for job 3866 (seed = 3989) ...
INFO  [14:56:06.000] [mlr3] Applying learner 'glmnet calibrated beta 90' on task 'wdbc' (iter 6/10)
Warning: glm.fit: fitted probabilities numerically 0 or 1 occurred
This happened PipeOp classif.glmnet's $train()

### [bt]: Job terminated successfully [batchtools job.id=3866]
### [bt]: Starting job [batchtools job.id=3867]
### [bt]: Generating problem instance for problem '341ee781c7d79b8f' ...
### [bt]: Applying algorithm 'run_learner' on problem '341ee781c7d79b8f' for job 3867 (seed = 3990) ...
INFO  [14:56:06.195] [mlr3] Applying learner 'glmnet calibrated beta 90' on task 'wdbc' (iter 7/10)
Warning: glm.fit: algorithm did not converge
This happened PipeOp classif.glmnet's $train()
Warning: glm.fit: fitted probabilities numerically 0 or 1 occurred
This happened PipeOp classif.glmnet's $train()

### [bt]: Job terminated successfully [batchtools job.id=3867]
### [bt]: Starting job [batchtools job.id=3868]
### [bt]: Generating problem instance for problem '341ee781c7d79b8f' ...
### [bt]: Applying algorithm 'run_learner' on problem '341ee781c7d79b8f' for job 3868 (seed = 3991) ...
INFO  [14:56:06.491] [mlr3] Applying learner 'glmnet calibrated beta 90' on task 'wdbc' (iter 8/10)
Warning: glm.fit: fitted probabilities numerically 0 or 1 occurred
This happened PipeOp classif.glmnet's $train()

### [bt]: Job terminated successfully [batchtools job.id=3868]
### [bt]: Starting job [batchtools job.id=3869]
### [bt]: Generating problem instance for problem '341ee781c7d79b8f' ...
### [bt]: Applying algorithm 'run_learner' on problem '341ee781c7d79b8f' for job 3869 (seed = 3992) ...
INFO  [14:56:11.079] [mlr3] Applying learner 'glmnet calibrated beta 90' on task 'wdbc' (iter 9/10)

### [bt]: Job terminated successfully [batchtools job.id=3869]
### [bt]: Starting job [batchtools job.id=3870]
### [bt]: Generating problem instance for problem '341ee781c7d79b8f' ...
### [bt]: Applying algorithm 'run_learner' on problem '341ee781c7d79b8f' for job 3870 (seed = 3993) ...
INFO  [14:56:11.288] [mlr3] Applying learner 'glmnet calibrated beta 90' on task 'wdbc' (iter 10/10)
Warning: glm.fit: algorithm did not converge
This happened PipeOp classif.glmnet's $train()
Warning: glm.fit: fitted probabilities numerically 0 or 1 occurred
This happened PipeOp classif.glmnet's $train()

### [bt]: Job terminated successfully [batchtools job.id=3870]
### [bt]: Calculation finished!
