### [bt]: This is batchtools v0.9.17
### [bt]: Starting calculation of 1 jobs
### [bt]: Setting working directory to '/content/drive/MyDrive/GitHub/Mater_Thesis_Calibration'
Loading required package: mlr3verse
Loading required package: mlr3

Attaching package: ‘dplyr’

The following object is masked from ‘package:mlr3misc’:

    cross_join

The following objects are masked from ‘package:stats’:

    filter, lag

The following objects are masked from ‘package:base’:

    intersect, setdiff, setequal, union


Attaching package: ‘batchtools’

The following object is masked from ‘package:mlr3misc’:

    chunk

Loading required package: randomForest
randomForest 4.7-1.2
Type rfNews() to see new features/changes/bug fixes.

Attaching package: ‘randomForest’

The following object is masked from ‘package:dplyr’:

    combine

The following object is masked from ‘package:ggplot2’:

    margin

Loading required package: ranger

Attaching package: ‘ranger’

The following object is masked from ‘package:randomForest’:

    importance

Loading required package: palmerpenguins
ece.R :
Friedmann_tasks.R :
Functions.R :
ici.R :
mse_feature_effects.R :
PipeOpCalibration.R :
### [bt]: Memory measurement disabled
### [bt]: Starting job [batchtools job.id=11019]
### [bt]: Generating problem instance for problem 'cfb05fadfc1e266b' ...
### [bt]: Applying algorithm 'run_learner' on problem 'cfb05fadfc1e266b' for job 11019 (seed = 11142) ...
INFO  [15:40:00.889] [mlr3] Applying learner 'ranger calibrated platt cv3' on task 'numerai28.6' (iter 9/10)
Growing trees.. Progress: 13%. Estimated remaining time: 3 minutes, 21 seconds.
Growing trees.. Progress: 27%. Estimated remaining time: 2 minutes, 50 seconds.
Growing trees.. Progress: 40%. Estimated remaining time: 2 minutes, 20 seconds.
Growing trees.. Progress: 53%. Estimated remaining time: 1 minute, 49 seconds.
Growing trees.. Progress: 67%. Estimated remaining time: 1 minute, 17 seconds.
Growing trees.. Progress: 80%. Estimated remaining time: 46 seconds.
Growing trees.. Progress: 93%. Estimated remaining time: 15 seconds.
Computing prediction error.. Progress: 73%. Estimated remaining time: 12 seconds.
Growing trees.. Progress: 11%. Estimated remaining time: 3 minutes, 58 seconds.
Growing trees.. Progress: 22%. Estimated remaining time: 3 minutes, 42 seconds.
Growing trees.. Progress: 35%. Estimated remaining time: 2 minutes, 55 seconds.
Growing trees.. Progress: 48%. Estimated remaining time: 2 minutes, 16 seconds.
Growing trees.. Progress: 60%. Estimated remaining time: 1 minute, 41 seconds.
Growing trees.. Progress: 72%. Estimated remaining time: 1 minute, 11 seconds.
Growing trees.. Progress: 85%. Estimated remaining time: 37 seconds.
Growing trees.. Progress: 98%. Estimated remaining time: 3 seconds.
Growing trees.. Progress: 6%. Estimated remaining time: 8 minutes, 43 seconds.
Growing trees.. Progress: 16%. Estimated remaining time: 5 minutes, 36 seconds.
Growing trees.. Progress: 26%. Estimated remaining time: 4 minutes, 31 seconds.
Growing trees.. Progress: 35%. Estimated remaining time: 3 minutes, 46 seconds.
Growing trees.. Progress: 44%. Estimated remaining time: 3 minutes, 21 seconds.
Growing trees.. Progress: 56%. Estimated remaining time: 2 minutes, 27 seconds.
Growing trees.. Progress: 67%. Estimated remaining time: 1 minute, 46 seconds.
Growing trees.. Progress: 77%. Estimated remaining time: 1 minute, 16 seconds.
Growing trees.. Progress: 86%. Estimated remaining time: 43 seconds.
Growing trees.. Progress: 96%. Estimated remaining time: 11 seconds.

### [bt]: Job terminated successfully [batchtools job.id=11019]
### [bt]: Calculation finished!
