### [bt]: This is batchtools v0.9.17
### [bt]: Starting calculation of 5 jobs
### [bt]: Setting working directory to '/Users/adrian/Desktop/Mater_Thesis_Calibration'
ece.R :
Friedmann_tasks.R :
Functions.R :
ici.R :
mse_feature_effects.R :
PipeOpCalibration.R :
### [bt]: Memory measurement disabled
### [bt]: Starting job [batchtools job.id=6336]
### [bt]: Generating problem instance for problem 'a6b2cabd9f84c607' ...
### [bt]: Applying algorithm 'run_learner' on problem 'a6b2cabd9f84c607' for job 6336 (seed = 6459) ...
INFO  [17:24:29.086] [mlr3] Applying learner 'xgboost calibrated isotonic cv5' on task 'phoneme' (iter 6/10)

### [bt]: Job terminated successfully [batchtools job.id=6336]
### [bt]: Starting job [batchtools job.id=6337]
### [bt]: Generating problem instance for problem 'a6b2cabd9f84c607' ...
### [bt]: Applying algorithm 'run_learner' on problem 'a6b2cabd9f84c607' for job 6337 (seed = 6460) ...
INFO  [17:25:06.246] [mlr3] Applying learner 'xgboost calibrated isotonic cv5' on task 'phoneme' (iter 7/10)

### [bt]: Job terminated successfully [batchtools job.id=6337]
### [bt]: Starting job [batchtools job.id=6338]
### [bt]: Generating problem instance for problem 'a6b2cabd9f84c607' ...
### [bt]: Applying algorithm 'run_learner' on problem 'a6b2cabd9f84c607' for job 6338 (seed = 6461) ...
INFO  [17:25:40.312] [mlr3] Applying learner 'xgboost calibrated isotonic cv5' on task 'phoneme' (iter 8/10)

### [bt]: Job terminated successfully [batchtools job.id=6338]
### [bt]: Starting job [batchtools job.id=6339]
### [bt]: Generating problem instance for problem 'a6b2cabd9f84c607' ...
### [bt]: Applying algorithm 'run_learner' on problem 'a6b2cabd9f84c607' for job 6339 (seed = 6462) ...
INFO  [17:26:14.028] [mlr3] Applying learner 'xgboost calibrated isotonic cv5' on task 'phoneme' (iter 9/10)

### [bt]: Job terminated successfully [batchtools job.id=6339]
### [bt]: Starting job [batchtools job.id=6340]
### [bt]: Generating problem instance for problem 'a6b2cabd9f84c607' ...
### [bt]: Applying algorithm 'run_learner' on problem 'a6b2cabd9f84c607' for job 6340 (seed = 6463) ...
INFO  [17:26:49.551] [mlr3] Applying learner 'xgboost calibrated isotonic cv5' on task 'phoneme' (iter 10/10)

### [bt]: Job terminated successfully [batchtools job.id=6340]
### [bt]: Calculation finished!
