### [bt]: This is batchtools v0.9.17
### [bt]: Starting calculation of 5 jobs
### [bt]: Setting working directory to '/Users/adrian/Desktop/Mater_Thesis_Calibration'
ece.R :
Friedmann_tasks.R :
Functions.R :
ici.R :
mse_feature_effects.R :
PipeOpCalibration.R :
### [bt]: Memory measurement disabled
### [bt]: Starting job [batchtools job.id=9636]
### [bt]: Generating problem instance for problem '0ecb79b078d7aa0a' ...
### [bt]: Applying algorithm 'run_learner' on problem '0ecb79b078d7aa0a' for job 9636 (seed = 9759) ...
INFO  [18:04:15.627] [mlr3] Applying learner 'ranger calibrated beta cv3' on task 'PhishingWebsites' (iter 6/10)
Warning: glm.fit: fitted probabilities numerically 0 or 1 occurred
This happened PipeOp classif.ranger's $train()
Warning: glm.fit: fitted probabilities numerically 0 or 1 occurred
This happened PipeOp classif.ranger's $train()
Warning: glm.fit: fitted probabilities numerically 0 or 1 occurred
This happened PipeOp classif.ranger's $train()

### [bt]: Job terminated successfully [batchtools job.id=9636]
### [bt]: Starting job [batchtools job.id=9637]
### [bt]: Generating problem instance for problem '0ecb79b078d7aa0a' ...
### [bt]: Applying algorithm 'run_learner' on problem '0ecb79b078d7aa0a' for job 9637 (seed = 9760) ...
INFO  [18:04:38.391] [mlr3] Applying learner 'ranger calibrated beta cv3' on task 'PhishingWebsites' (iter 7/10)
Warning: glm.fit: fitted probabilities numerically 0 or 1 occurred
This happened PipeOp classif.ranger's $train()
Warning: glm.fit: fitted probabilities numerically 0 or 1 occurred
This happened PipeOp classif.ranger's $train()
Warning: glm.fit: fitted probabilities numerically 0 or 1 occurred
This happened PipeOp classif.ranger's $train()

### [bt]: Job terminated successfully [batchtools job.id=9637]
### [bt]: Starting job [batchtools job.id=9638]
### [bt]: Generating problem instance for problem '0ecb79b078d7aa0a' ...
### [bt]: Applying algorithm 'run_learner' on problem '0ecb79b078d7aa0a' for job 9638 (seed = 9761) ...
INFO  [18:04:58.896] [mlr3] Applying learner 'ranger calibrated beta cv3' on task 'PhishingWebsites' (iter 8/10)
Warning: glm.fit: fitted probabilities numerically 0 or 1 occurred
This happened PipeOp classif.ranger's $train()
Warning: glm.fit: fitted probabilities numerically 0 or 1 occurred
This happened PipeOp classif.ranger's $train()
Warning: glm.fit: fitted probabilities numerically 0 or 1 occurred
This happened PipeOp classif.ranger's $train()

### [bt]: Job terminated successfully [batchtools job.id=9638]
### [bt]: Starting job [batchtools job.id=9639]
### [bt]: Generating problem instance for problem '0ecb79b078d7aa0a' ...
### [bt]: Applying algorithm 'run_learner' on problem '0ecb79b078d7aa0a' for job 9639 (seed = 9762) ...
INFO  [18:05:27.912] [mlr3] Applying learner 'ranger calibrated beta cv3' on task 'PhishingWebsites' (iter 9/10)
Warning: glm.fit: fitted probabilities numerically 0 or 1 occurred
This happened PipeOp classif.ranger's $train()
Warning: glm.fit: fitted probabilities numerically 0 or 1 occurred
This happened PipeOp classif.ranger's $train()
Warning: glm.fit: fitted probabilities numerically 0 or 1 occurred
This happened PipeOp classif.ranger's $train()

### [bt]: Job terminated successfully [batchtools job.id=9639]
### [bt]: Starting job [batchtools job.id=9640]
### [bt]: Generating problem instance for problem '0ecb79b078d7aa0a' ...
### [bt]: Applying algorithm 'run_learner' on problem '0ecb79b078d7aa0a' for job 9640 (seed = 9763) ...
INFO  [18:05:54.613] [mlr3] Applying learner 'ranger calibrated beta cv3' on task 'PhishingWebsites' (iter 10/10)
Warning: glm.fit: fitted probabilities numerically 0 or 1 occurred
This happened PipeOp classif.ranger's $train()
Warning: glm.fit: fitted probabilities numerically 0 or 1 occurred
This happened PipeOp classif.ranger's $train()
Warning: glm.fit: fitted probabilities numerically 0 or 1 occurred
This happened PipeOp classif.ranger's $train()

### [bt]: Job terminated successfully [batchtools job.id=9640]
### [bt]: Calculation finished!
