### [bt]: This is batchtools v0.9.17
### [bt]: Starting calculation of 1 jobs
### [bt]: Setting working directory to '/content'
### [bt]: Memory measurement disabled
### [bt]: Starting job [batchtools job.id=10742]
### [bt]: Generating problem instance for problem 'cfb05fadfc1e266b' ...
### [bt]: Applying algorithm 'run_learner' on problem 'cfb05fadfc1e266b' for job 10742 (seed = 10865) ...
INFO  [16:51:19.425] [mlr3] Applying learner 'nnet calibrated beta 90' on task 'numerai28.6' (iter 2/10)
# weights:  70
initial  value 65641.132866 
iter  10 value 54021.161092
iter  20 value 53946.276315
iter  30 value 53932.918892
iter  40 value 53928.122683
iter  50 value 53910.183908
iter  60 value 53900.350917
iter  70 value 53897.836660
iter  80 value 53895.986615
iter  90 value 53891.925439
iter 100 value 53887.763410
final  value 53887.763410 
stopped after 100 iterations
[1] -62.66815
[1] -1.174217

### [bt]: Job terminated successfully [batchtools job.id=10742]
### [bt]: Calculation finished!
