### [bt]: This is batchtools v0.9.17
### [bt]: Starting calculation of 5 jobs
### [bt]: Setting working directory to '/Users/adrian/Desktop/Mater_Thesis_Calibration'
ece.R :
Friedmann_tasks.R :
Functions.R :
ici.R :
mse_feature_effects.R :
PipeOpCalibration.R :
### [bt]: Memory measurement disabled
### [bt]: Starting job [batchtools job.id=9836]
### [bt]: Generating problem instance for problem '0ecb79b078d7aa0a' ...
### [bt]: Applying algorithm 'run_learner' on problem '0ecb79b078d7aa0a' for job 9836 (seed = 9959) ...
INFO  [19:02:00.589] [mlr3] Applying learner 'rpart calibrated isotonic 90' on task 'PhishingWebsites' (iter 6/10)

### [bt]: Job terminated successfully [batchtools job.id=9836]
### [bt]: Starting job [batchtools job.id=9837]
### [bt]: Generating problem instance for problem '0ecb79b078d7aa0a' ...
### [bt]: Applying algorithm 'run_learner' on problem '0ecb79b078d7aa0a' for job 9837 (seed = 9960) ...
INFO  [19:02:05.884] [mlr3] Applying learner 'rpart calibrated isotonic 90' on task 'PhishingWebsites' (iter 7/10)

### [bt]: Job terminated successfully [batchtools job.id=9837]
### [bt]: Starting job [batchtools job.id=9838]
### [bt]: Generating problem instance for problem '0ecb79b078d7aa0a' ...
### [bt]: Applying algorithm 'run_learner' on problem '0ecb79b078d7aa0a' for job 9838 (seed = 9961) ...
INFO  [19:02:13.623] [mlr3] Applying learner 'rpart calibrated isotonic 90' on task 'PhishingWebsites' (iter 8/10)

### [bt]: Job terminated successfully [batchtools job.id=9838]
### [bt]: Starting job [batchtools job.id=9839]
### [bt]: Generating problem instance for problem '0ecb79b078d7aa0a' ...
### [bt]: Applying algorithm 'run_learner' on problem '0ecb79b078d7aa0a' for job 9839 (seed = 9962) ...
INFO  [19:02:13.786] [mlr3] Applying learner 'rpart calibrated isotonic 90' on task 'PhishingWebsites' (iter 9/10)

### [bt]: Job terminated successfully [batchtools job.id=9839]
### [bt]: Starting job [batchtools job.id=9840]
### [bt]: Generating problem instance for problem '0ecb79b078d7aa0a' ...
### [bt]: Applying algorithm 'run_learner' on problem '0ecb79b078d7aa0a' for job 9840 (seed = 9963) ...
INFO  [19:02:13.947] [mlr3] Applying learner 'rpart calibrated isotonic 90' on task 'PhishingWebsites' (iter 10/10)

### [bt]: Job terminated successfully [batchtools job.id=9840]
### [bt]: Calculation finished!
