### [bt]: This is batchtools v0.9.17
### [bt]: Starting calculation of 1 jobs
### [bt]: Setting working directory to '/content'
### [bt]: Memory measurement disabled
### [bt]: Starting job [batchtools job.id=8197]
### [bt]: Generating problem instance for problem '22f4988139232849' ...
### [bt]: Applying algorithm 'run_learner' on problem '22f4988139232849' for job 8197 (seed = 8320) ...
INFO  [16:27:20.934] [mlr3] Applying learner 'nnet calibrated beta cv3' on task 'nomao' (iter 7/10)
# weights:  442
initial  value 12292.759924 
iter  10 value 6772.340963
final  value 6770.892974 
converged
# weights:  442
initial  value 23119.331422 
iter  10 value 6601.001584
iter  20 value 4310.522054
iter  30 value 3846.929521
iter  40 value 3526.302522
iter  50 value 3190.945963
iter  60 value 3095.165348
iter  70 value 3033.204670
iter  80 value 2916.276016
iter  90 value 2718.915868
iter 100 value 2495.676053
final  value 2495.676053 
stopped after 100 iterations
# weights:  442
initial  value 13602.052901 
iter  10 value 4372.739578
iter  20 value 3600.175893
iter  30 value 2972.334210
iter  40 value 2673.345357
iter  50 value 2462.259355
iter  60 value 2350.575301
iter  70 value 2290.306841
iter  80 value 2167.970694
iter  90 value 2066.852829
iter 100 value 2010.901186
final  value 2010.901186 
stopped after 100 iterations
Warning: glm.fit: fitted probabilities numerically 0 or 1 occurred
This happened PipeOp classif.nnet's $train()
[1] -6.388459
[1] 110.4804
[1] -42.18657
[1] 28.98385
[1] -44.69083
[1] 17.50869

### [bt]: Job terminated successfully [batchtools job.id=8197]
### [bt]: Calculation finished!
