### [bt]: This is batchtools v0.9.17
### [bt]: Starting calculation of 5 jobs
### [bt]: Setting working directory to '/Users/adrian/Desktop/Mater_Thesis_Calibration'
### [bt]: Memory measurement disabled
### [bt]: Starting job [batchtools job.id=1031]
### [bt]: Generating problem instance for problem '1bd472785c2444ba' ...
### [bt]: Applying algorithm 'run_learner' on problem '1bd472785c2444ba' for job 1031 (seed = 1032) ...
INFO  [11:31:17.855] [mlr3] Applying learner 'rpart calibrated isotonic holdout_66' on task 'wdbc' (iter 1/10)

### [bt]: Job terminated successfully [batchtools job.id=1031]
### [bt]: Starting job [batchtools job.id=1032]
### [bt]: Generating problem instance for problem '1bd472785c2444ba' ...
### [bt]: Applying algorithm 'run_learner' on problem '1bd472785c2444ba' for job 1032 (seed = 1033) ...
INFO  [11:31:18.088] [mlr3] Applying learner 'rpart calibrated isotonic holdout_66' on task 'wdbc' (iter 2/10)

### [bt]: Job terminated successfully [batchtools job.id=1032]
### [bt]: Starting job [batchtools job.id=1033]
### [bt]: Generating problem instance for problem '1bd472785c2444ba' ...
### [bt]: Applying algorithm 'run_learner' on problem '1bd472785c2444ba' for job 1033 (seed = 1034) ...
INFO  [11:31:21.228] [mlr3] Applying learner 'rpart calibrated isotonic holdout_66' on task 'wdbc' (iter 3/10)

### [bt]: Job terminated successfully [batchtools job.id=1033]
### [bt]: Starting job [batchtools job.id=1034]
### [bt]: Generating problem instance for problem '1bd472785c2444ba' ...
### [bt]: Applying algorithm 'run_learner' on problem '1bd472785c2444ba' for job 1034 (seed = 1035) ...
INFO  [11:31:21.324] [mlr3] Applying learner 'rpart calibrated isotonic holdout_66' on task 'wdbc' (iter 4/10)

### [bt]: Job terminated successfully [batchtools job.id=1034]
### [bt]: Starting job [batchtools job.id=1035]
### [bt]: Generating problem instance for problem '1bd472785c2444ba' ...
### [bt]: Applying algorithm 'run_learner' on problem '1bd472785c2444ba' for job 1035 (seed = 1036) ...
INFO  [11:31:21.420] [mlr3] Applying learner 'rpart calibrated isotonic holdout_66' on task 'wdbc' (iter 5/10)

### [bt]: Job terminated successfully [batchtools job.id=1035]
### [bt]: Calculation finished!
