### [bt]: This is batchtools v0.9.17
### [bt]: Starting calculation of 1 jobs
### [bt]: Setting working directory to '/content'
### [bt]: Memory measurement disabled
### [bt]: Starting job [batchtools job.id=15066]
### [bt]: Generating problem instance for problem '7f16ca74b5d8776b' ...
### [bt]: Applying algorithm 'run_learner' on problem '7f16ca74b5d8776b' for job 15066 (seed = 15189) ...
INFO  [15:06:08.873] [mlr3] Applying learner 'nnet calibrated isotonic union' on task 'churn' (iter 6/10)
# weights:  94
initial  value 2705.009211 
iter  10 value 1474.135301
iter  20 value 1463.003620
iter  30 value 1458.282100
iter  40 value 1456.703826
iter  50 value 1452.832264
iter  60 value 1452.008196
iter  70 value 1451.761740
iter  80 value 1451.107056
iter  90 value 1451.013480
iter 100 value 1450.999682
final  value 1450.999682 
stopped after 100 iterations
# weights:  94
initial  value 1831.945497 
iter  10 value 1463.989721
iter  20 value 1462.934064
iter  30 value 1462.216387
iter  40 value 1461.878758
iter  50 value 1461.621484
iter  60 value 1461.452893
iter  70 value 1461.300712
iter  80 value 1461.147691
iter  90 value 1460.818975
iter 100 value 1459.579072
final  value 1459.579072 
stopped after 100 iterations
# weights:  94
initial  value 2716.847549 
iter  10 value 1438.822566
iter  20 value 1387.800245
iter  30 value 1355.856711
iter  40 value 1335.638891
iter  50 value 1307.922518
iter  60 value 1304.273322
iter  70 value 1302.396823
iter  80 value 1302.201004
final  value 1302.200422 
converged
# weights:  94
initial  value 1856.080936 
final  value 1475.906722 
converged
# weights:  94
initial  value 2481.796015 
final  value 1463.304051 
converged

### [bt]: Job terminated successfully [batchtools job.id=15066]
### [bt]: Calculation finished!
