### [bt]: This is batchtools v0.9.17
### [bt]: Starting calculation of 5 jobs
### [bt]: Setting working directory to '/Users/adrian/Desktop/Mater_Thesis_Calibration'
ece.R :
Friedmann_tasks.R :
Functions.R :
ici.R :
mse_feature_effects.R :
PipeOpCalibration.R :
### [bt]: Memory measurement disabled
### [bt]: Starting job [batchtools job.id=7676]
### [bt]: Generating problem instance for problem 'c27a1cbf9c91424a' ...
### [bt]: Applying algorithm 'run_learner' on problem 'c27a1cbf9c91424a' for job 7676 (seed = 7799) ...
INFO  [18:41:30.039] [mlr3] Applying learner 'xgboost uncalibrated' on task 'ilpd' (iter 6/10)

### [bt]: Job terminated successfully [batchtools job.id=7676]
### [bt]: Starting job [batchtools job.id=7677]
### [bt]: Generating problem instance for problem 'c27a1cbf9c91424a' ...
### [bt]: Applying algorithm 'run_learner' on problem 'c27a1cbf9c91424a' for job 7677 (seed = 7800) ...
INFO  [18:41:36.845] [mlr3] Applying learner 'xgboost uncalibrated' on task 'ilpd' (iter 7/10)

### [bt]: Job terminated successfully [batchtools job.id=7677]
### [bt]: Starting job [batchtools job.id=7678]
### [bt]: Generating problem instance for problem 'c27a1cbf9c91424a' ...
### [bt]: Applying algorithm 'run_learner' on problem 'c27a1cbf9c91424a' for job 7678 (seed = 7801) ...
INFO  [18:41:40.297] [mlr3] Applying learner 'xgboost uncalibrated' on task 'ilpd' (iter 8/10)

### [bt]: Job terminated successfully [batchtools job.id=7678]
### [bt]: Starting job [batchtools job.id=7679]
### [bt]: Generating problem instance for problem 'c27a1cbf9c91424a' ...
### [bt]: Applying algorithm 'run_learner' on problem 'c27a1cbf9c91424a' for job 7679 (seed = 7802) ...
INFO  [18:41:43.895] [mlr3] Applying learner 'xgboost uncalibrated' on task 'ilpd' (iter 9/10)

### [bt]: Job terminated successfully [batchtools job.id=7679]
### [bt]: Starting job [batchtools job.id=7680]
### [bt]: Generating problem instance for problem 'c27a1cbf9c91424a' ...
### [bt]: Applying algorithm 'run_learner' on problem 'c27a1cbf9c91424a' for job 7680 (seed = 7803) ...
INFO  [18:41:47.274] [mlr3] Applying learner 'xgboost uncalibrated' on task 'ilpd' (iter 10/10)

### [bt]: Job terminated successfully [batchtools job.id=7680]
### [bt]: Calculation finished!
