### [bt]: This is batchtools v0.9.17
### [bt]: Starting calculation of 5 jobs
### [bt]: Setting working directory to '/Users/adrian/Desktop/Mater_Thesis_Calibration'
ece.R :
Friedmann_tasks.R :
Functions.R :
ici.R :
mse_feature_effects.R :
PipeOpCalibration.R :
### [bt]: Memory measurement disabled
### [bt]: Starting job [batchtools job.id=6016]
### [bt]: Generating problem instance for problem 'a6b2cabd9f84c607' ...
### [bt]: Applying algorithm 'run_learner' on problem 'a6b2cabd9f84c607' for job 6016 (seed = 6139) ...
INFO  [16:43:48.816] [mlr3] Applying learner 'rpart calibrated isotonic cv5' on task 'phoneme' (iter 6/10)

### [bt]: Job terminated successfully [batchtools job.id=6016]
### [bt]: Starting job [batchtools job.id=6017]
### [bt]: Generating problem instance for problem 'a6b2cabd9f84c607' ...
### [bt]: Applying algorithm 'run_learner' on problem 'a6b2cabd9f84c607' for job 6017 (seed = 6140) ...
INFO  [16:43:49.112] [mlr3] Applying learner 'rpart calibrated isotonic cv5' on task 'phoneme' (iter 7/10)

### [bt]: Job terminated successfully [batchtools job.id=6017]
### [bt]: Starting job [batchtools job.id=6018]
### [bt]: Generating problem instance for problem 'a6b2cabd9f84c607' ...
### [bt]: Applying algorithm 'run_learner' on problem 'a6b2cabd9f84c607' for job 6018 (seed = 6141) ...
INFO  [16:43:55.101] [mlr3] Applying learner 'rpart calibrated isotonic cv5' on task 'phoneme' (iter 8/10)

### [bt]: Job terminated successfully [batchtools job.id=6018]
### [bt]: Starting job [batchtools job.id=6019]
### [bt]: Generating problem instance for problem 'a6b2cabd9f84c607' ...
### [bt]: Applying algorithm 'run_learner' on problem 'a6b2cabd9f84c607' for job 6019 (seed = 6142) ...
INFO  [16:43:55.393] [mlr3] Applying learner 'rpart calibrated isotonic cv5' on task 'phoneme' (iter 9/10)

### [bt]: Job terminated successfully [batchtools job.id=6019]
### [bt]: Starting job [batchtools job.id=6020]
### [bt]: Generating problem instance for problem 'a6b2cabd9f84c607' ...
### [bt]: Applying algorithm 'run_learner' on problem 'a6b2cabd9f84c607' for job 6020 (seed = 6143) ...
INFO  [16:43:55.686] [mlr3] Applying learner 'rpart calibrated isotonic cv5' on task 'phoneme' (iter 10/10)

### [bt]: Job terminated successfully [batchtools job.id=6020]
### [bt]: Calculation finished!
