### [bt]: This is batchtools v0.9.17
### [bt]: Starting calculation of 5 jobs
### [bt]: Setting working directory to '/Users/adrian/Desktop/Mater_Thesis_Calibration'
ece.R :
Friedmann_tasks.R :
Functions.R :
ici.R :
mse_feature_effects.R :
PipeOpCalibration.R :
### [bt]: Memory measurement disabled
### [bt]: Starting job [batchtools job.id=3056]
### [bt]: Generating problem instance for problem 'b541340d6c2eb21d' ...
### [bt]: Applying algorithm 'run_learner' on problem 'b541340d6c2eb21d' for job 3056 (seed = 3179) ...
INFO  [13:52:12.641] [mlr3] Applying learner 'nnet calibrated beta 80' on task 'kc1' (iter 6/10)
# weights:  70
initial  value 1117.581402 
iter  10 value 594.207177
iter  20 value 586.159839
iter  30 value 579.539794
iter  40 value 576.444775
iter  50 value 575.422479
iter  60 value 575.164338
iter  70 value 575.096657
iter  80 value 574.963974
iter  90 value 574.907308
iter 100 value 574.835403
final  value 574.835403 
stopped after 100 iterations

### [bt]: Job terminated successfully [batchtools job.id=3056]
### [bt]: Starting job [batchtools job.id=3057]
### [bt]: Generating problem instance for problem 'b541340d6c2eb21d' ...
### [bt]: Applying algorithm 'run_learner' on problem 'b541340d6c2eb21d' for job 3057 (seed = 3180) ...
INFO  [13:52:12.975] [mlr3] Applying learner 'nnet calibrated beta 80' on task 'kc1' (iter 7/10)
# weights:  70
initial  value 1428.192485 
iter  10 value 578.076575
iter  20 value 571.729092
iter  30 value 556.311493
iter  40 value 547.861134
iter  50 value 532.646128
iter  60 value 524.861755
iter  70 value 518.201088
iter  80 value 516.505171
iter  90 value 515.741074
iter 100 value 515.606007
final  value 515.606007 
stopped after 100 iterations

### [bt]: Job terminated successfully [batchtools job.id=3057]
### [bt]: Starting job [batchtools job.id=3058]
### [bt]: Generating problem instance for problem 'b541340d6c2eb21d' ...
### [bt]: Applying algorithm 'run_learner' on problem 'b541340d6c2eb21d' for job 3058 (seed = 3181) ...
INFO  [13:52:17.760] [mlr3] Applying learner 'nnet calibrated beta 80' on task 'kc1' (iter 8/10)
# weights:  70
initial  value 790.109881 
iter  10 value 635.328870
iter  20 value 596.569473
iter  30 value 564.227174
iter  40 value 551.725274
iter  50 value 543.297040
iter  60 value 537.546066
iter  70 value 529.620718
iter  80 value 528.186617
iter  90 value 522.751752
iter 100 value 517.722722
final  value 517.722722 
stopped after 100 iterations

### [bt]: Job terminated successfully [batchtools job.id=3058]
### [bt]: Starting job [batchtools job.id=3059]
### [bt]: Generating problem instance for problem 'b541340d6c2eb21d' ...
### [bt]: Applying algorithm 'run_learner' on problem 'b541340d6c2eb21d' for job 3059 (seed = 3182) ...
INFO  [13:52:17.953] [mlr3] Applying learner 'nnet calibrated beta 80' on task 'kc1' (iter 9/10)
# weights:  70
initial  value 654.331458 
iter  10 value 566.066529
iter  20 value 561.710622
iter  30 value 558.386789
iter  40 value 556.433494
iter  50 value 550.778911
iter  60 value 545.104116
iter  70 value 539.399679
iter  80 value 531.676238
iter  90 value 529.792760
iter 100 value 529.697618
final  value 529.697618 
stopped after 100 iterations

### [bt]: Job terminated successfully [batchtools job.id=3059]
### [bt]: Starting job [batchtools job.id=3060]
### [bt]: Generating problem instance for problem 'b541340d6c2eb21d' ...
### [bt]: Applying algorithm 'run_learner' on problem 'b541340d6c2eb21d' for job 3060 (seed = 3183) ...
INFO  [13:52:19.265] [mlr3] Applying learner 'nnet calibrated beta 80' on task 'kc1' (iter 10/10)
# weights:  70
initial  value 1869.943153 
iter  10 value 595.814469
iter  20 value 568.422164
iter  30 value 549.327978
iter  40 value 543.774594
iter  50 value 539.342218
iter  60 value 537.194345
iter  70 value 536.857690
iter  80 value 534.494904
iter  90 value 529.744744
iter 100 value 529.083453
final  value 529.083453 
stopped after 100 iterations

### [bt]: Job terminated successfully [batchtools job.id=3060]
### [bt]: Calculation finished!
