### [bt]: This is batchtools v0.9.17
### [bt]: Starting calculation of 5 jobs
### [bt]: Setting working directory to '/Users/adrian/Desktop/Mater_Thesis_Calibration'
### [bt]: Memory measurement disabled
### [bt]: Starting job [batchtools job.id=261]
### [bt]: Generating problem instance for problem '1bd472785c2444ba' ...
### [bt]: Applying algorithm 'run_learner' on problem '1bd472785c2444ba' for job 261 (seed = 262) ...
INFO  [11:15:37.872] [mlr3] Applying learner 'kknn calibrated isotonic cv_5' on task 'wdbc' (iter 1/10)

### [bt]: Job terminated successfully [batchtools job.id=261]
### [bt]: Starting job [batchtools job.id=262]
### [bt]: Generating problem instance for problem '1bd472785c2444ba' ...
### [bt]: Applying algorithm 'run_learner' on problem '1bd472785c2444ba' for job 262 (seed = 263) ...
INFO  [11:15:38.244] [mlr3] Applying learner 'kknn calibrated isotonic cv_5' on task 'wdbc' (iter 2/10)

### [bt]: Job terminated successfully [batchtools job.id=262]
### [bt]: Starting job [batchtools job.id=263]
### [bt]: Generating problem instance for problem '1bd472785c2444ba' ...
### [bt]: Applying algorithm 'run_learner' on problem '1bd472785c2444ba' for job 263 (seed = 264) ...
INFO  [11:15:40.658] [mlr3] Applying learner 'kknn calibrated isotonic cv_5' on task 'wdbc' (iter 3/10)

### [bt]: Job terminated successfully [batchtools job.id=263]
### [bt]: Starting job [batchtools job.id=264]
### [bt]: Generating problem instance for problem '1bd472785c2444ba' ...
### [bt]: Applying algorithm 'run_learner' on problem '1bd472785c2444ba' for job 264 (seed = 265) ...
INFO  [11:15:41.171] [mlr3] Applying learner 'kknn calibrated isotonic cv_5' on task 'wdbc' (iter 4/10)

### [bt]: Job terminated successfully [batchtools job.id=264]
### [bt]: Starting job [batchtools job.id=265]
### [bt]: Generating problem instance for problem '1bd472785c2444ba' ...
### [bt]: Applying algorithm 'run_learner' on problem '1bd472785c2444ba' for job 265 (seed = 266) ...
INFO  [11:15:42.185] [mlr3] Applying learner 'kknn calibrated isotonic cv_5' on task 'wdbc' (iter 5/10)

### [bt]: Job terminated successfully [batchtools job.id=265]
### [bt]: Calculation finished!
