### [bt]: This is batchtools v0.9.17
### [bt]: Starting calculation of 5 jobs
### [bt]: Setting working directory to '/Users/adrian/Desktop/Mater_Thesis_Calibration'
ece.R :
Friedmann_tasks.R :
Functions.R :
ici.R :
mse_feature_effects.R :
PipeOpCalibration.R :
### [bt]: Memory measurement disabled
### [bt]: Starting job [batchtools job.id=10721]
### [bt]: Generating problem instance for problem 'cfb05fadfc1e266b' ...
### [bt]: Applying algorithm 'run_learner' on problem 'cfb05fadfc1e266b' for job 10721 (seed = 10844) ...
INFO  [12:19:43.819] [mlr3] Applying learner 'nnet calibrated beta 70' on task 'numerai28.6' (iter 1/10)
# weights:  70
initial  value 43728.506067 
iter  10 value 42055.850216
iter  20 value 41985.647205
iter  30 value 41948.924007
iter  40 value 41935.446413
iter  50 value 41925.803470
iter  60 value 41921.811169
iter  70 value 41911.715966
iter  80 value 41901.034420
iter  90 value 41891.869970
iter 100 value 41887.765242
final  value 41887.765242 
stopped after 100 iterations

### [bt]: Job terminated successfully [batchtools job.id=10721]
### [bt]: Starting job [batchtools job.id=10722]
### [bt]: Generating problem instance for problem 'cfb05fadfc1e266b' ...
### [bt]: Applying algorithm 'run_learner' on problem 'cfb05fadfc1e266b' for job 10722 (seed = 10845) ...
INFO  [12:19:48.836] [mlr3] Applying learner 'nnet calibrated beta 70' on task 'numerai28.6' (iter 2/10)
# weights:  70
initial  value 44404.985594 
iter  10 value 42009.728581
iter  20 value 41954.616166
iter  30 value 41936.254921
iter  40 value 41924.938216
iter  50 value 41919.913103
iter  60 value 41917.128506
iter  70 value 41915.901754
iter  80 value 41915.421053
iter  90 value 41914.807721
iter 100 value 41914.036235
final  value 41914.036235 
stopped after 100 iterations

### [bt]: Job terminated successfully [batchtools job.id=10722]
### [bt]: Starting job [batchtools job.id=10723]
### [bt]: Generating problem instance for problem 'cfb05fadfc1e266b' ...
### [bt]: Applying algorithm 'run_learner' on problem 'cfb05fadfc1e266b' for job 10723 (seed = 10846) ...
INFO  [12:19:53.508] [mlr3] Applying learner 'nnet calibrated beta 70' on task 'numerai28.6' (iter 3/10)
# weights:  70
initial  value 43954.503186 
iter  10 value 41977.203567
iter  20 value 41942.435913
iter  30 value 41929.260833
iter  40 value 41911.874720
iter  50 value 41901.318143
iter  60 value 41893.167408
iter  70 value 41891.291178
iter  80 value 41890.165565
iter  90 value 41887.105700
iter 100 value 41883.614790
final  value 41883.614790 
stopped after 100 iterations

### [bt]: Job terminated successfully [batchtools job.id=10723]
### [bt]: Starting job [batchtools job.id=10724]
### [bt]: Generating problem instance for problem 'cfb05fadfc1e266b' ...
### [bt]: Applying algorithm 'run_learner' on problem 'cfb05fadfc1e266b' for job 10724 (seed = 10847) ...
INFO  [12:19:57.822] [mlr3] Applying learner 'nnet calibrated beta 70' on task 'numerai28.6' (iter 4/10)
# weights:  70
initial  value 43608.056859 
iter  10 value 41952.358206
iter  20 value 41930.914135
iter  30 value 41917.007723
iter  40 value 41903.580614
iter  50 value 41894.270338
iter  60 value 41888.002579
iter  70 value 41881.643844
iter  80 value 41877.840684
iter  90 value 41874.151145
iter 100 value 41871.083566
final  value 41871.083566 
stopped after 100 iterations

### [bt]: Job terminated successfully [batchtools job.id=10724]
### [bt]: Starting job [batchtools job.id=10725]
### [bt]: Generating problem instance for problem 'cfb05fadfc1e266b' ...
### [bt]: Applying algorithm 'run_learner' on problem 'cfb05fadfc1e266b' for job 10725 (seed = 10848) ...
INFO  [12:20:01.661] [mlr3] Applying learner 'nnet calibrated beta 70' on task 'numerai28.6' (iter 5/10)
# weights:  70
initial  value 42191.545221 
iter  10 value 42006.059399
iter  20 value 41959.111852
iter  30 value 41939.384084
iter  40 value 41928.991529
iter  50 value 41921.263931
iter  60 value 41919.876300
iter  70 value 41914.539499
iter  80 value 41909.539638
iter  90 value 41907.046019
iter 100 value 41904.396155
final  value 41904.396155 
stopped after 100 iterations

### [bt]: Job terminated successfully [batchtools job.id=10725]
### [bt]: Calculation finished!
