### [bt]: This is batchtools v0.9.17
### [bt]: Starting calculation of 5 jobs
### [bt]: Setting working directory to '/Users/adrian/Desktop/Mater_Thesis_Calibration'
ece.R :
Friedmann_tasks.R :
Functions.R :
ici.R :
mse_feature_effects.R :
PipeOpCalibration.R :
### [bt]: Memory measurement disabled
### [bt]: Starting job [batchtools job.id=3696]
### [bt]: Generating problem instance for problem 'b541340d6c2eb21d' ...
### [bt]: Applying algorithm 'run_learner' on problem 'b541340d6c2eb21d' for job 3696 (seed = 3819) ...
INFO  [14:23:18.026] [mlr3] Applying learner 'xgboost calibrated beta 80' on task 'kc1' (iter 6/10)

### [bt]: Job terminated successfully [batchtools job.id=3696]
### [bt]: Starting job [batchtools job.id=3697]
### [bt]: Generating problem instance for problem 'b541340d6c2eb21d' ...
### [bt]: Applying algorithm 'run_learner' on problem 'b541340d6c2eb21d' for job 3697 (seed = 3820) ...
INFO  [14:23:27.393] [mlr3] Applying learner 'xgboost calibrated beta 80' on task 'kc1' (iter 7/10)

### [bt]: Job terminated successfully [batchtools job.id=3697]
### [bt]: Starting job [batchtools job.id=3698]
### [bt]: Generating problem instance for problem 'b541340d6c2eb21d' ...
### [bt]: Applying algorithm 'run_learner' on problem 'b541340d6c2eb21d' for job 3698 (seed = 3821) ...
INFO  [14:23:34.329] [mlr3] Applying learner 'xgboost calibrated beta 80' on task 'kc1' (iter 8/10)

### [bt]: Job terminated successfully [batchtools job.id=3698]
### [bt]: Starting job [batchtools job.id=3699]
### [bt]: Generating problem instance for problem 'b541340d6c2eb21d' ...
### [bt]: Applying algorithm 'run_learner' on problem 'b541340d6c2eb21d' for job 3699 (seed = 3822) ...
INFO  [14:23:41.321] [mlr3] Applying learner 'xgboost calibrated beta 80' on task 'kc1' (iter 9/10)

### [bt]: Job terminated successfully [batchtools job.id=3699]
### [bt]: Starting job [batchtools job.id=3700]
### [bt]: Generating problem instance for problem 'b541340d6c2eb21d' ...
### [bt]: Applying algorithm 'run_learner' on problem 'b541340d6c2eb21d' for job 3700 (seed = 3823) ...
INFO  [14:23:48.127] [mlr3] Applying learner 'xgboost calibrated beta 80' on task 'kc1' (iter 10/10)

### [bt]: Job terminated successfully [batchtools job.id=3700]
### [bt]: Calculation finished!
