### [bt]: This is batchtools v0.9.17
### [bt]: Starting calculation of 1 jobs
### [bt]: Setting working directory to '/content'
### [bt]: Memory measurement disabled
### [bt]: Starting job [batchtools job.id=9969]
### [bt]: Generating problem instance for problem '0ecb79b078d7aa0a' ...
### [bt]: Applying algorithm 'run_learner' on problem '0ecb79b078d7aa0a' for job 9969 (seed = 10092) ...
INFO  [14:35:13.546] [mlr3] Applying learner 'svm calibrated beta cv5' on task 'PhishingWebsites' (iter 9/10)
[1] -46.50755
[1] 35.00122
[1] -44.83094
[1] 28.30027
[1] -42.7383
[1] 26.1378
[1] -39.78613
[1] 31.72873
[1] -45.66394
[1] 30.15765

### [bt]: Job terminated successfully [batchtools job.id=9969]
### [bt]: Calculation finished!
