### [bt]: This is batchtools v0.9.17
### [bt]: Starting calculation of 5 jobs
### [bt]: Setting working directory to '/Users/adrian/Desktop/Mater_Thesis_Calibration'
### [bt]: Memory measurement disabled
### [bt]: Starting job [batchtools job.id=1251]
### [bt]: Generating problem instance for problem '1bd472785c2444ba' ...
### [bt]: Applying algorithm 'run_learner' on problem '1bd472785c2444ba' for job 1251 (seed = 1252) ...
INFO  [11:35:44.334] [mlr3] Applying learner 'svm calibrated isotonic holdout_90' on task 'wdbc' (iter 1/10)

### [bt]: Job terminated successfully [batchtools job.id=1251]
### [bt]: Starting job [batchtools job.id=1252]
### [bt]: Generating problem instance for problem '1bd472785c2444ba' ...
### [bt]: Applying algorithm 'run_learner' on problem '1bd472785c2444ba' for job 1252 (seed = 1253) ...
INFO  [11:35:44.559] [mlr3] Applying learner 'svm calibrated isotonic holdout_90' on task 'wdbc' (iter 2/10)

### [bt]: Job terminated successfully [batchtools job.id=1252]
### [bt]: Starting job [batchtools job.id=1253]
### [bt]: Generating problem instance for problem '1bd472785c2444ba' ...
### [bt]: Applying algorithm 'run_learner' on problem '1bd472785c2444ba' for job 1253 (seed = 1254) ...
INFO  [11:35:44.944] [mlr3] Applying learner 'svm calibrated isotonic holdout_90' on task 'wdbc' (iter 3/10)

### [bt]: Job terminated successfully [batchtools job.id=1253]
### [bt]: Starting job [batchtools job.id=1254]
### [bt]: Generating problem instance for problem '1bd472785c2444ba' ...
### [bt]: Applying algorithm 'run_learner' on problem '1bd472785c2444ba' for job 1254 (seed = 1255) ...
INFO  [11:35:45.213] [mlr3] Applying learner 'svm calibrated isotonic holdout_90' on task 'wdbc' (iter 4/10)

### [bt]: Job terminated successfully [batchtools job.id=1254]
### [bt]: Starting job [batchtools job.id=1255]
### [bt]: Generating problem instance for problem '1bd472785c2444ba' ...
### [bt]: Applying algorithm 'run_learner' on problem '1bd472785c2444ba' for job 1255 (seed = 1256) ...
INFO  [11:35:48.049] [mlr3] Applying learner 'svm calibrated isotonic holdout_90' on task 'wdbc' (iter 5/10)

### [bt]: Job terminated successfully [batchtools job.id=1255]
### [bt]: Calculation finished!
