### [bt]: This is batchtools v0.9.17
### [bt]: Starting calculation of 1 jobs
### [bt]: Setting working directory to '/content'
### [bt]: Memory measurement disabled
### [bt]: Starting job [batchtools job.id=15062]
### [bt]: Generating problem instance for problem '7f16ca74b5d8776b' ...
### [bt]: Applying algorithm 'run_learner' on problem '7f16ca74b5d8776b' for job 15062 (seed = 15185) ...
INFO  [15:06:07.874] [mlr3] Applying learner 'nnet calibrated isotonic union' on task 'churn' (iter 2/10)
# weights:  94
initial  value 2588.137111 
iter  10 value 1453.790410
final  value 1453.782621 
converged
# weights:  94
initial  value 2226.156726 
final  value 1468.718895 
converged
# weights:  94
initial  value 2284.419279 
final  value 1486.620448 
converged
# weights:  94
initial  value 2518.357245 
final  value 1470.519269 
converged
# weights:  94
initial  value 3046.724399 
iter  10 value 1463.191989
iter  20 value 1458.909170
iter  30 value 1454.486029
iter  40 value 1450.459043
iter  50 value 1449.524017
iter  60 value 1448.950648
iter  70 value 1448.276613
iter  80 value 1448.142251
iter  90 value 1447.966230
iter 100 value 1447.820377
final  value 1447.820377 
stopped after 100 iterations

### [bt]: Job terminated successfully [batchtools job.id=15062]
### [bt]: Calculation finished!
