### [bt]: This is batchtools v0.9.17
### [bt]: Starting calculation of 5 jobs
### [bt]: Setting working directory to '/Users/adrian/Desktop/Mater_Thesis_Calibration'
ece.R :
Friedmann_tasks.R :
Functions.R :
ici.R :
mse_feature_effects.R :
PipeOpCalibration.R :
### [bt]: Memory measurement disabled
### [bt]: Starting job [batchtools job.id=5391]
### [bt]: Generating problem instance for problem 'a6b2cabd9f84c607' ...
### [bt]: Applying algorithm 'run_learner' on problem 'a6b2cabd9f84c607' for job 5391 (seed = 5514) ...
INFO  [15:53:14.793] [mlr3] Applying learner 'kknn calibrated platt 80' on task 'phoneme' (iter 1/10)

### [bt]: Job terminated successfully [batchtools job.id=5391]
### [bt]: Starting job [batchtools job.id=5392]
### [bt]: Generating problem instance for problem 'a6b2cabd9f84c607' ...
### [bt]: Applying algorithm 'run_learner' on problem 'a6b2cabd9f84c607' for job 5392 (seed = 5515) ...
INFO  [15:53:19.718] [mlr3] Applying learner 'kknn calibrated platt 80' on task 'phoneme' (iter 2/10)

### [bt]: Job terminated successfully [batchtools job.id=5392]
### [bt]: Starting job [batchtools job.id=5393]
### [bt]: Generating problem instance for problem 'a6b2cabd9f84c607' ...
### [bt]: Applying algorithm 'run_learner' on problem 'a6b2cabd9f84c607' for job 5393 (seed = 5516) ...
INFO  [15:53:21.655] [mlr3] Applying learner 'kknn calibrated platt 80' on task 'phoneme' (iter 3/10)

### [bt]: Job terminated successfully [batchtools job.id=5393]
### [bt]: Starting job [batchtools job.id=5394]
### [bt]: Generating problem instance for problem 'a6b2cabd9f84c607' ...
### [bt]: Applying algorithm 'run_learner' on problem 'a6b2cabd9f84c607' for job 5394 (seed = 5517) ...
INFO  [15:53:21.962] [mlr3] Applying learner 'kknn calibrated platt 80' on task 'phoneme' (iter 4/10)

### [bt]: Job terminated successfully [batchtools job.id=5394]
### [bt]: Starting job [batchtools job.id=5395]
### [bt]: Generating problem instance for problem 'a6b2cabd9f84c607' ...
### [bt]: Applying algorithm 'run_learner' on problem 'a6b2cabd9f84c607' for job 5395 (seed = 5518) ...
INFO  [15:53:25.171] [mlr3] Applying learner 'kknn calibrated platt 80' on task 'phoneme' (iter 5/10)

### [bt]: Job terminated successfully [batchtools job.id=5395]
### [bt]: Calculation finished!
