### [bt]: This is batchtools v0.9.17
### [bt]: Starting calculation of 1 jobs
### [bt]: Setting working directory to '/content'
### [bt]: Memory measurement disabled
### [bt]: Starting job [batchtools job.id=4420]
### [bt]: Generating problem instance for problem '341ee781c7d79b8f' ...
### [bt]: Applying algorithm 'run_learner' on problem '341ee781c7d79b8f' for job 4420 (seed = 4543) ...
INFO  [14:24:43.669] [mlr3] Applying learner 'nnet calibrated isotonic cv5' on task 'wdbc' (iter 10/10)
# weights:  97
initial  value 284.999050 
final  value 270.331023 
converged
# weights:  97
initial  value 303.165783 
final  value 272.846303 
converged
# weights:  97
initial  value 261.814458 
iter  10 value 115.406982
iter  20 value 104.969287
iter  30 value 94.161501
iter  40 value 81.539846
iter  50 value 42.560263
iter  60 value 26.920074
iter  70 value 15.932193
iter  80 value 10.457165
iter  90 value 6.764847
iter 100 value 6.561767
final  value 6.561767 
stopped after 100 iterations
# weights:  97
initial  value 270.906610 
final  value 270.793504 
converged
# weights:  97
initial  value 377.313668 
final  value 270.793504 
converged

### [bt]: Job terminated successfully [batchtools job.id=4420]
### [bt]: Calculation finished!
