### [bt]: This is batchtools v0.9.17
### [bt]: Starting calculation of 1 jobs
### [bt]: Setting working directory to '/content'
Loading required package: mlr3verse
Loading required package: mlr3

Attaching package: ‘dplyr’

The following object is masked from ‘package:MASS’:

    select

The following object is masked from ‘package:mlr3misc’:

    cross_join

The following objects are masked from ‘package:stats’:

    filter, lag

The following objects are masked from ‘package:base’:

    intersect, setdiff, setequal, union


Attaching package: ‘batchtools’

The following object is masked from ‘package:mlr3misc’:

    chunk

Loading required package: randomForest
randomForest 4.7-1.2
Type rfNews() to see new features/changes/bug fixes.

Attaching package: ‘randomForest’

The following object is masked from ‘package:dplyr’:

    combine

The following object is masked from ‘package:ggplot2’:

    margin

Loading required package: ranger

Attaching package: ‘ranger’

The following object is masked from ‘package:randomForest’:

    importance

Loading required package: palmerpenguins
### [bt]: Memory measurement disabled
### [bt]: Starting job [batchtools job.id=2447]
### [bt]: Generating problem instance for problem '358d8f8187803581' ...
### [bt]: Applying algorithm 'run_learner' on problem '358d8f8187803581' for job 2447 (seed = 2570) ...
INFO  [16:36:22.590] [mlr3] Applying learner 'xgboost calibrated beta cv5' on task 'electricity' (iter 7/10)
[1] -40.26623
[1] 28.82404
[1] -36.68491
[1] 38.64921
[1] -32.714
[1] 38.22235
[1] -36.88316
[1] 38.38143
[1] -37.95354
[1] 36.45342

### [bt]: Job terminated successfully [batchtools job.id=2447]
### [bt]: Calculation finished!
