### [bt]: This is batchtools v0.9.17
### [bt]: Starting calculation of 1 jobs
### [bt]: Setting working directory to '/content'
### [bt]: Memory measurement disabled
### [bt]: Starting job [batchtools job.id=1325]
### [bt]: Generating problem instance for problem '358d8f8187803581' ...
### [bt]: Applying algorithm 'run_learner' on problem '358d8f8187803581' for job 1325 (seed = 1448) ...
INFO  [15:47:04.595] [mlr3] Applying learner 'glmnet calibrated beta cv5' on task 'electricity' (iter 5/10)
[1] -55.93165
[1] 24.29694
Warning: glm.fit: fitted probabilities numerically 0 or 1 occurred
This happened PipeOp classif.glmnet's $train()
[1] -53.74129
[1] 29.25727
[1] -51.90329
[1] 28.61784
[1] -52.16966
[1] 23.4881
[1] -57.4345
[1] 22.73469

### [bt]: Job terminated successfully [batchtools job.id=1325]
### [bt]: Calculation finished!
