### [bt]: This is batchtools v0.9.17
### [bt]: Starting calculation of 5 jobs
### [bt]: Setting working directory to '/Users/adrian/Desktop/Mater_Thesis_Calibration'
ece.R :
Friedmann_tasks.R :
Functions.R :
ici.R :
mse_feature_effects.R :
PipeOpCalibration.R :
### [bt]: Memory measurement disabled
### [bt]: Starting job [batchtools job.id=271]
### [bt]: Generating problem instance for problem '563768ad2e048da7' ...
### [bt]: Applying algorithm 'run_learner' on problem '563768ad2e048da7' for job 271 (seed = 394) ...
INFO  [12:39:30.163] [mlr3] Applying learner 'kknn calibrated platt 80' on task 'credit-g' (iter 1/10)

### [bt]: Job terminated successfully [batchtools job.id=271]
### [bt]: Starting job [batchtools job.id=272]
### [bt]: Generating problem instance for problem '563768ad2e048da7' ...
### [bt]: Applying algorithm 'run_learner' on problem '563768ad2e048da7' for job 272 (seed = 395) ...
INFO  [12:39:30.365] [mlr3] Applying learner 'kknn calibrated platt 80' on task 'credit-g' (iter 2/10)

### [bt]: Job terminated successfully [batchtools job.id=272]
### [bt]: Starting job [batchtools job.id=273]
### [bt]: Generating problem instance for problem '563768ad2e048da7' ...
### [bt]: Applying algorithm 'run_learner' on problem '563768ad2e048da7' for job 273 (seed = 396) ...
INFO  [12:39:32.785] [mlr3] Applying learner 'kknn calibrated platt 80' on task 'credit-g' (iter 3/10)

### [bt]: Job terminated successfully [batchtools job.id=273]
### [bt]: Starting job [batchtools job.id=274]
### [bt]: Generating problem instance for problem '563768ad2e048da7' ...
### [bt]: Applying algorithm 'run_learner' on problem '563768ad2e048da7' for job 274 (seed = 397) ...
INFO  [12:39:32.962] [mlr3] Applying learner 'kknn calibrated platt 80' on task 'credit-g' (iter 4/10)

### [bt]: Job terminated successfully [batchtools job.id=274]
### [bt]: Starting job [batchtools job.id=275]
### [bt]: Generating problem instance for problem '563768ad2e048da7' ...
### [bt]: Applying algorithm 'run_learner' on problem '563768ad2e048da7' for job 275 (seed = 398) ...
INFO  [12:39:33.138] [mlr3] Applying learner 'kknn calibrated platt 80' on task 'credit-g' (iter 5/10)

### [bt]: Job terminated successfully [batchtools job.id=275]
### [bt]: Calculation finished!
