### [bt]: This is batchtools v0.9.17
### [bt]: Starting calculation of 5 jobs
### [bt]: Setting working directory to '/Users/adrian/Desktop/Mater_Thesis_Calibration'
ece.R :
Friedmann_tasks.R :
Functions.R :
ici.R :
mse_feature_effects.R :
PipeOpCalibration.R :
### [bt]: Memory measurement disabled
### [bt]: Starting job [batchtools job.id=9276]
### [bt]: Generating problem instance for problem '0ecb79b078d7aa0a' ...
### [bt]: Applying algorithm 'run_learner' on problem '0ecb79b078d7aa0a' for job 9276 (seed = 9399) ...
INFO  [17:32:50.874] [mlr3] Applying learner 'kknn uncalibrated' on task 'PhishingWebsites' (iter 6/10)

### [bt]: Job terminated successfully [batchtools job.id=9276]
### [bt]: Starting job [batchtools job.id=9277]
### [bt]: Generating problem instance for problem '0ecb79b078d7aa0a' ...
### [bt]: Applying algorithm 'run_learner' on problem '0ecb79b078d7aa0a' for job 9277 (seed = 9400) ...
INFO  [17:32:51.970] [mlr3] Applying learner 'kknn uncalibrated' on task 'PhishingWebsites' (iter 7/10)

### [bt]: Job terminated successfully [batchtools job.id=9277]
### [bt]: Starting job [batchtools job.id=9278]
### [bt]: Generating problem instance for problem '0ecb79b078d7aa0a' ...
### [bt]: Applying algorithm 'run_learner' on problem '0ecb79b078d7aa0a' for job 9278 (seed = 9401) ...
INFO  [17:32:55.809] [mlr3] Applying learner 'kknn uncalibrated' on task 'PhishingWebsites' (iter 8/10)

### [bt]: Job terminated successfully [batchtools job.id=9278]
### [bt]: Starting job [batchtools job.id=9279]
### [bt]: Generating problem instance for problem '0ecb79b078d7aa0a' ...
### [bt]: Applying algorithm 'run_learner' on problem '0ecb79b078d7aa0a' for job 9279 (seed = 9402) ...
INFO  [17:32:56.862] [mlr3] Applying learner 'kknn uncalibrated' on task 'PhishingWebsites' (iter 9/10)

### [bt]: Job terminated successfully [batchtools job.id=9279]
### [bt]: Starting job [batchtools job.id=9280]
### [bt]: Generating problem instance for problem '0ecb79b078d7aa0a' ...
### [bt]: Applying algorithm 'run_learner' on problem '0ecb79b078d7aa0a' for job 9280 (seed = 9403) ...
INFO  [17:32:59.417] [mlr3] Applying learner 'kknn uncalibrated' on task 'PhishingWebsites' (iter 10/10)

### [bt]: Job terminated successfully [batchtools job.id=9280]
### [bt]: Calculation finished!
