### [bt]: This is batchtools v0.9.17
### [bt]: Starting calculation of 1 jobs
### [bt]: Setting working directory to '/content'
### [bt]: Memory measurement disabled
### [bt]: Starting job [batchtools job.id=3196]
### [bt]: Generating problem instance for problem 'b541340d6c2eb21d' ...
### [bt]: Applying algorithm 'run_learner' on problem 'b541340d6c2eb21d' for job 3196 (seed = 3319) ...
INFO  [14:22:03.928] [mlr3] Applying learner 'nnet uncalibrated' on task 'kc1' (iter 6/10)
# weights:  70
initial  value 1621.202975 
iter  10 value 718.131510
iter  20 value 695.032169
iter  30 value 668.310382
iter  40 value 650.477804
iter  50 value 645.765956
iter  60 value 642.863911
iter  70 value 642.496279
iter  80 value 642.467875
iter  90 value 642.237125
iter 100 value 642.069749
final  value 642.069749 
stopped after 100 iterations

### [bt]: Job terminated successfully [batchtools job.id=3196]
### [bt]: Calculation finished!
