### [bt]: This is batchtools v0.9.17
### [bt]: Starting calculation of 1 jobs
### [bt]: Setting working directory to '/content'
### [bt]: Memory measurement disabled
### [bt]: Starting job [batchtools job.id=5744]
### [bt]: Generating problem instance for problem 'a6b2cabd9f84c607' ...
### [bt]: Applying algorithm 'run_learner' on problem 'a6b2cabd9f84c607' for job 5744 (seed = 5867) ...
INFO  [14:26:58.319] [mlr3] Applying learner 'nnet calibrated platt cv5' on task 'phoneme' (iter 4/10)
# weights:  22
initial  value 3506.523850 
iter  10 value 1719.501938
iter  20 value 1600.071586
iter  30 value 1492.700680
iter  40 value 1470.574591
iter  50 value 1454.382303
iter  60 value 1447.134605
iter  70 value 1446.385643
iter  80 value 1445.155841
iter  90 value 1444.484249
iter 100 value 1444.282736
final  value 1444.282736 
stopped after 100 iterations
# weights:  22
initial  value 3229.373782 
iter  10 value 1833.129912
iter  20 value 1714.045814
iter  30 value 1641.498656
iter  40 value 1621.075781
iter  50 value 1619.496274
iter  60 value 1615.076471
iter  70 value 1572.836546
iter  80 value 1522.144035
iter  90 value 1516.769039
iter 100 value 1516.285742
final  value 1516.285742 
stopped after 100 iterations
# weights:  22
initial  value 2946.847777 
iter  10 value 1743.264398
iter  20 value 1674.339518
iter  30 value 1628.742743
iter  40 value 1539.885034
iter  50 value 1519.532281
iter  60 value 1511.261799
iter  70 value 1507.379267
iter  80 value 1506.010796
iter  90 value 1504.358881
iter 100 value 1504.062768
final  value 1504.062768 
stopped after 100 iterations
# weights:  22
initial  value 3019.641218 
iter  10 value 1692.235838
iter  20 value 1561.918337
iter  30 value 1517.938130
iter  40 value 1490.705482
iter  50 value 1486.225446
iter  60 value 1484.860991
iter  70 value 1479.739220
iter  80 value 1476.599547
iter  90 value 1474.989354
iter 100 value 1474.541493
final  value 1474.541493 
stopped after 100 iterations
# weights:  22
initial  value 2748.103233 
iter  10 value 1855.798163
iter  20 value 1643.513438
iter  30 value 1522.782128
iter  40 value 1510.489780
iter  50 value 1508.498582
iter  60 value 1506.818474
iter  70 value 1498.280696
iter  80 value 1494.868724
iter  90 value 1493.077657
iter 100 value 1492.744710
final  value 1492.744710 
stopped after 100 iterations

### [bt]: Job terminated successfully [batchtools job.id=5744]
### [bt]: Calculation finished!
