### [bt]: This is batchtools v0.9.17
### [bt]: Starting calculation of 5 jobs
### [bt]: Setting working directory to '/Users/I578045/Desktop/Mater_Thesis_Calibration'
ece.R :
Friedmann_tasks.R :
Functions.R :
ici.R :
mse_feature_effects.R :
PipeOpCalibration.R :
### [bt]: Memory measurement disabled
### [bt]: Starting job [batchtools job.id=2391]
### [bt]: Generating problem instance for problem '358d8f8187803581' ...
### [bt]: Applying algorithm 'run_learner' on problem '358d8f8187803581' for job 2391 (seed = 2514) ...
INFO  [18:36:39.887] [mlr3] Applying learner 'svm uncalibrated' on task 'electricity' (iter 1/10)

### [bt]: Job terminated successfully [batchtools job.id=2391]
### [bt]: Starting job [batchtools job.id=2392]
### [bt]: Generating problem instance for problem '358d8f8187803581' ...
### [bt]: Applying algorithm 'run_learner' on problem '358d8f8187803581' for job 2392 (seed = 2515) ...
INFO  [18:39:04.280] [mlr3] Applying learner 'svm uncalibrated' on task 'electricity' (iter 2/10)

### [bt]: Job terminated successfully [batchtools job.id=2392]
### [bt]: Starting job [batchtools job.id=2393]
### [bt]: Generating problem instance for problem '358d8f8187803581' ...
### [bt]: Applying algorithm 'run_learner' on problem '358d8f8187803581' for job 2393 (seed = 2516) ...
INFO  [18:41:27.963] [mlr3] Applying learner 'svm uncalibrated' on task 'electricity' (iter 3/10)

### [bt]: Job terminated successfully [batchtools job.id=2393]
### [bt]: Starting job [batchtools job.id=2394]
### [bt]: Generating problem instance for problem '358d8f8187803581' ...
### [bt]: Applying algorithm 'run_learner' on problem '358d8f8187803581' for job 2394 (seed = 2517) ...
INFO  [18:43:50.892] [mlr3] Applying learner 'svm uncalibrated' on task 'electricity' (iter 4/10)

### [bt]: Job terminated successfully [batchtools job.id=2394]
### [bt]: Starting job [batchtools job.id=2395]
### [bt]: Generating problem instance for problem '358d8f8187803581' ...
### [bt]: Applying algorithm 'run_learner' on problem '358d8f8187803581' for job 2395 (seed = 2518) ...
INFO  [18:46:13.952] [mlr3] Applying learner 'svm uncalibrated' on task 'electricity' (iter 5/10)

### [bt]: Job terminated successfully [batchtools job.id=2395]
### [bt]: Calculation finished!
