### [bt]: This is batchtools v0.9.17
### [bt]: Starting calculation of 5 jobs
### [bt]: Setting working directory to '/Users/adrian/Desktop/Mater_Thesis_Calibration'
ece.R :
Friedmann_tasks.R :
Functions.R :
ici.R :
mse_feature_effects.R :
PipeOpCalibration.R :
### [bt]: Memory measurement disabled
### [bt]: Starting job [batchtools job.id=12771]
### [bt]: Generating problem instance for problem '7f16ca74b5d8776b' ...
### [bt]: Applying algorithm 'run_learner' on problem '7f16ca74b5d8776b' for job 12771 (seed = 12894) ...
INFO  [05:54:35.971] [mlr3] Applying learner 'xgboost calibrated platt cv3' on task 'churn' (iter 1/10)

### [bt]: Job terminated successfully [batchtools job.id=12771]
### [bt]: Starting job [batchtools job.id=12772]
### [bt]: Generating problem instance for problem '7f16ca74b5d8776b' ...
### [bt]: Applying algorithm 'run_learner' on problem '7f16ca74b5d8776b' for job 12772 (seed = 12895) ...
INFO  [05:55:27.479] [mlr3] Applying learner 'xgboost calibrated platt cv3' on task 'churn' (iter 2/10)

### [bt]: Job terminated successfully [batchtools job.id=12772]
### [bt]: Starting job [batchtools job.id=12773]
### [bt]: Generating problem instance for problem '7f16ca74b5d8776b' ...
### [bt]: Applying algorithm 'run_learner' on problem '7f16ca74b5d8776b' for job 12773 (seed = 12896) ...
INFO  [05:56:15.562] [mlr3] Applying learner 'xgboost calibrated platt cv3' on task 'churn' (iter 3/10)

### [bt]: Job terminated successfully [batchtools job.id=12773]
### [bt]: Starting job [batchtools job.id=12774]
### [bt]: Generating problem instance for problem '7f16ca74b5d8776b' ...
### [bt]: Applying algorithm 'run_learner' on problem '7f16ca74b5d8776b' for job 12774 (seed = 12897) ...
INFO  [05:57:03.062] [mlr3] Applying learner 'xgboost calibrated platt cv3' on task 'churn' (iter 4/10)

### [bt]: Job terminated successfully [batchtools job.id=12774]
### [bt]: Starting job [batchtools job.id=12775]
### [bt]: Generating problem instance for problem '7f16ca74b5d8776b' ...
### [bt]: Applying algorithm 'run_learner' on problem '7f16ca74b5d8776b' for job 12775 (seed = 12898) ...
INFO  [05:57:50.021] [mlr3] Applying learner 'xgboost calibrated platt cv3' on task 'churn' (iter 5/10)

### [bt]: Job terminated successfully [batchtools job.id=12775]
### [bt]: Calculation finished!
