### [bt]: This is batchtools v0.9.17
### [bt]: Starting calculation of 1 jobs
### [bt]: Setting working directory to '/content'
### [bt]: Memory measurement disabled
### [bt]: Starting job [batchtools job.id=10737]
### [bt]: Generating problem instance for problem 'cfb05fadfc1e266b' ...
### [bt]: Applying algorithm 'run_learner' on problem 'cfb05fadfc1e266b' for job 10737 (seed = 10860) ...
INFO  [16:51:16.307] [mlr3] Applying learner 'nnet calibrated beta 80' on task 'numerai28.6' (iter 7/10)
# weights:  70
initial  value 48956.490163 
iter  10 value 47979.099393
iter  20 value 47950.839614
iter  30 value 47938.674530
iter  40 value 47927.287128
iter  50 value 47917.836235
iter  60 value 47912.033434
iter  70 value 47907.057158
iter  80 value 47904.461541
iter  90 value 47901.958708
iter 100 value 47898.205086
final  value 47898.205086 
stopped after 100 iterations
[1] -68.27177
[1] -1.274396

### [bt]: Job terminated successfully [batchtools job.id=10737]
### [bt]: Calculation finished!
