### [bt]: This is batchtools v0.9.17
### [bt]: Starting calculation of 1 jobs
### [bt]: Setting working directory to '/content'
### [bt]: Memory measurement disabled
### [bt]: Starting job [batchtools job.id=10834]
### [bt]: Generating problem instance for problem 'cfb05fadfc1e266b' ...
### [bt]: Applying algorithm 'run_learner' on problem 'cfb05fadfc1e266b' for job 10834 (seed = 10957) ...
INFO  [16:53:41.630] [mlr3] Applying learner 'nnet calibrated platt 80' on task 'numerai28.6' (iter 4/10)
# weights:  70
initial  value 48808.527757 
iter  10 value 47955.795628
iter  20 value 47937.564629
iter  30 value 47911.940231
iter  40 value 47900.025655
iter  50 value 47895.242487
iter  60 value 47891.622420
iter  70 value 47887.721920
iter  80 value 47884.481596
iter  90 value 47880.277873
iter 100 value 47875.801663
final  value 47875.801663 
stopped after 100 iterations

### [bt]: Job terminated successfully [batchtools job.id=10834]
### [bt]: Calculation finished!
