### [bt]: This is batchtools v0.9.17
### [bt]: Starting calculation of 5 jobs
### [bt]: Setting working directory to '/Users/adrian/Desktop/Mater_Thesis_Calibration'
ece.R :
Friedmann_tasks.R :
Functions.R :
ici.R :
mse_feature_effects.R :
PipeOpCalibration.R :
### [bt]: Memory measurement disabled
### [bt]: Starting job [batchtools job.id=1056]
### [bt]: Generating problem instance for problem '563768ad2e048da7' ...
### [bt]: Applying algorithm 'run_learner' on problem '563768ad2e048da7' for job 1056 (seed = 1179) ...
INFO  [13:01:24.524] [mlr3] Applying learner 'svm calibrated isotonic cv5' on task 'credit-g' (iter 6/10)
Warning in svm.default(x = data, y = task$truth(), probability = (self$predict_type ==  :
  Variable(s) ‘personal_status.female.single’ and ‘purpose.vacation’ constant. Cannot scale data.
This happened PipeOp classif.svm's $train()
This happened PipeOp classif.svm's $train()
Warning in svm.default(x = data, y = task$truth(), probability = (self$predict_type ==  :
  Variable(s) ‘personal_status.female.single’ and ‘purpose.vacation’ constant. Cannot scale data.
This happened PipeOp classif.svm's $train()
This happened PipeOp classif.svm's $train()
Warning in svm.default(x = data, y = task$truth(), probability = (self$predict_type ==  :
  Variable(s) ‘personal_status.female.single’ and ‘purpose.vacation’ constant. Cannot scale data.
This happened PipeOp classif.svm's $train()
This happened PipeOp classif.svm's $train()
Warning in svm.default(x = data, y = task$truth(), probability = (self$predict_type ==  :
  Variable(s) ‘personal_status.female.single’ and ‘purpose.vacation’ constant. Cannot scale data.
This happened PipeOp classif.svm's $train()
This happened PipeOp classif.svm's $train()
Warning in svm.default(x = data, y = task$truth(), probability = (self$predict_type ==  :
  Variable(s) ‘personal_status.female.single’ and ‘purpose.vacation’ constant. Cannot scale data.
This happened PipeOp classif.svm's $train()
This happened PipeOp classif.svm's $train()

### [bt]: Job terminated successfully [batchtools job.id=1056]
### [bt]: Starting job [batchtools job.id=1057]
### [bt]: Generating problem instance for problem '563768ad2e048da7' ...
### [bt]: Applying algorithm 'run_learner' on problem '563768ad2e048da7' for job 1057 (seed = 1180) ...
INFO  [13:01:31.259] [mlr3] Applying learner 'svm calibrated isotonic cv5' on task 'credit-g' (iter 7/10)
Warning in svm.default(x = data, y = task$truth(), probability = (self$predict_type ==  :
  Variable(s) ‘personal_status.female.single’ and ‘purpose.vacation’ constant. Cannot scale data.
This happened PipeOp classif.svm's $train()
This happened PipeOp classif.svm's $train()
Warning in svm.default(x = data, y = task$truth(), probability = (self$predict_type ==  :
  Variable(s) ‘personal_status.female.single’ and ‘purpose.vacation’ constant. Cannot scale data.
This happened PipeOp classif.svm's $train()
This happened PipeOp classif.svm's $train()
Warning in svm.default(x = data, y = task$truth(), probability = (self$predict_type ==  :
  Variable(s) ‘personal_status.female.single’ and ‘purpose.vacation’ constant. Cannot scale data.
This happened PipeOp classif.svm's $train()
This happened PipeOp classif.svm's $train()
Warning in svm.default(x = data, y = task$truth(), probability = (self$predict_type ==  :
  Variable(s) ‘personal_status.female.single’ and ‘purpose.vacation’ constant. Cannot scale data.
This happened PipeOp classif.svm's $train()
This happened PipeOp classif.svm's $train()
Warning in svm.default(x = data, y = task$truth(), probability = (self$predict_type ==  :
  Variable(s) ‘personal_status.female.single’ and ‘purpose.vacation’ constant. Cannot scale data.
This happened PipeOp classif.svm's $train()
This happened PipeOp classif.svm's $train()

### [bt]: Job terminated successfully [batchtools job.id=1057]
### [bt]: Starting job [batchtools job.id=1058]
### [bt]: Generating problem instance for problem '563768ad2e048da7' ...
### [bt]: Applying algorithm 'run_learner' on problem '563768ad2e048da7' for job 1058 (seed = 1181) ...
INFO  [13:01:36.331] [mlr3] Applying learner 'svm calibrated isotonic cv5' on task 'credit-g' (iter 8/10)
Warning in svm.default(x = data, y = task$truth(), probability = (self$predict_type ==  :
  Variable(s) ‘personal_status.female.single’ and ‘purpose.vacation’ constant. Cannot scale data.
This happened PipeOp classif.svm's $train()
This happened PipeOp classif.svm's $train()
Warning in svm.default(x = data, y = task$truth(), probability = (self$predict_type ==  :
  Variable(s) ‘personal_status.female.single’ and ‘purpose.vacation’ constant. Cannot scale data.
This happened PipeOp classif.svm's $train()
This happened PipeOp classif.svm's $train()
Warning in svm.default(x = data, y = task$truth(), probability = (self$predict_type ==  :
  Variable(s) ‘personal_status.female.single’ and ‘purpose.vacation’ constant. Cannot scale data.
This happened PipeOp classif.svm's $train()
This happened PipeOp classif.svm's $train()
Warning in svm.default(x = data, y = task$truth(), probability = (self$predict_type ==  :
  Variable(s) ‘personal_status.female.single’ and ‘purpose.vacation’ constant. Cannot scale data.
This happened PipeOp classif.svm's $train()
This happened PipeOp classif.svm's $train()
Warning in svm.default(x = data, y = task$truth(), probability = (self$predict_type ==  :
  Variable(s) ‘personal_status.female.single’ and ‘purpose.vacation’ constant. Cannot scale data.
This happened PipeOp classif.svm's $train()
This happened PipeOp classif.svm's $train()

### [bt]: Job terminated successfully [batchtools job.id=1058]
### [bt]: Starting job [batchtools job.id=1059]
### [bt]: Generating problem instance for problem '563768ad2e048da7' ...
### [bt]: Applying algorithm 'run_learner' on problem '563768ad2e048da7' for job 1059 (seed = 1182) ...
INFO  [13:01:40.483] [mlr3] Applying learner 'svm calibrated isotonic cv5' on task 'credit-g' (iter 9/10)
Warning in svm.default(x = data, y = task$truth(), probability = (self$predict_type ==  :
  Variable(s) ‘personal_status.female.single’ and ‘purpose.vacation’ constant. Cannot scale data.
This happened PipeOp classif.svm's $train()
This happened PipeOp classif.svm's $train()
Warning in svm.default(x = data, y = task$truth(), probability = (self$predict_type ==  :
  Variable(s) ‘personal_status.female.single’ and ‘purpose.vacation’ constant. Cannot scale data.
This happened PipeOp classif.svm's $train()
This happened PipeOp classif.svm's $train()
Warning in svm.default(x = data, y = task$truth(), probability = (self$predict_type ==  :
  Variable(s) ‘personal_status.female.single’ and ‘purpose.vacation’ constant. Cannot scale data.
This happened PipeOp classif.svm's $train()
This happened PipeOp classif.svm's $train()
Warning in svm.default(x = data, y = task$truth(), probability = (self$predict_type ==  :
  Variable(s) ‘personal_status.female.single’ and ‘purpose.vacation’ constant. Cannot scale data.
This happened PipeOp classif.svm's $train()
This happened PipeOp classif.svm's $train()
Warning in svm.default(x = data, y = task$truth(), probability = (self$predict_type ==  :
  Variable(s) ‘personal_status.female.single’ and ‘purpose.vacation’ constant. Cannot scale data.
This happened PipeOp classif.svm's $train()
This happened PipeOp classif.svm's $train()

### [bt]: Job terminated successfully [batchtools job.id=1059]
### [bt]: Starting job [batchtools job.id=1060]
### [bt]: Generating problem instance for problem '563768ad2e048da7' ...
### [bt]: Applying algorithm 'run_learner' on problem '563768ad2e048da7' for job 1060 (seed = 1183) ...
INFO  [13:01:44.773] [mlr3] Applying learner 'svm calibrated isotonic cv5' on task 'credit-g' (iter 10/10)
Warning in svm.default(x = data, y = task$truth(), probability = (self$predict_type ==  :
  Variable(s) ‘personal_status.female.single’ and ‘purpose.vacation’ constant. Cannot scale data.
This happened PipeOp classif.svm's $train()
This happened PipeOp classif.svm's $train()
Warning in svm.default(x = data, y = task$truth(), probability = (self$predict_type ==  :
  Variable(s) ‘personal_status.female.single’ and ‘purpose.vacation’ constant. Cannot scale data.
This happened PipeOp classif.svm's $train()
This happened PipeOp classif.svm's $train()
Warning in svm.default(x = data, y = task$truth(), probability = (self$predict_type ==  :
  Variable(s) ‘personal_status.female.single’ and ‘purpose.vacation’ constant. Cannot scale data.
This happened PipeOp classif.svm's $train()
This happened PipeOp classif.svm's $train()
Warning in svm.default(x = data, y = task$truth(), probability = (self$predict_type ==  :
  Variable(s) ‘personal_status.female.single’ and ‘purpose.vacation’ constant. Cannot scale data.
This happened PipeOp classif.svm's $train()
This happened PipeOp classif.svm's $train()
Warning in svm.default(x = data, y = task$truth(), probability = (self$predict_type ==  :
  Variable(s) ‘personal_status.female.single’ and ‘purpose.vacation’ constant. Cannot scale data.
This happened PipeOp classif.svm's $train()
This happened PipeOp classif.svm's $train()

### [bt]: Job terminated successfully [batchtools job.id=1060]
### [bt]: Calculation finished!
