### [bt]: This is batchtools v0.9.17
### [bt]: Starting calculation of 5 jobs
### [bt]: Setting working directory to '/Users/adrian/Desktop/Mater_Thesis_Calibration'
ece.R :
Friedmann_tasks.R :
Functions.R :
ici.R :
mse_feature_effects.R :
PipeOpCalibration.R :
### [bt]: Memory measurement disabled
### [bt]: Starting job [batchtools job.id=9976]
### [bt]: Generating problem instance for problem '0ecb79b078d7aa0a' ...
### [bt]: Applying algorithm 'run_learner' on problem '0ecb79b078d7aa0a' for job 9976 (seed = 10099) ...
INFO  [19:32:42.593] [mlr3] Applying learner 'svm calibrated isotonic 70' on task 'PhishingWebsites' (iter 6/10)

### [bt]: Job terminated successfully [batchtools job.id=9976]
### [bt]: Starting job [batchtools job.id=9977]
### [bt]: Generating problem instance for problem '0ecb79b078d7aa0a' ...
### [bt]: Applying algorithm 'run_learner' on problem '0ecb79b078d7aa0a' for job 9977 (seed = 10100) ...
INFO  [19:32:58.944] [mlr3] Applying learner 'svm calibrated isotonic 70' on task 'PhishingWebsites' (iter 7/10)

### [bt]: Job terminated successfully [batchtools job.id=9977]
### [bt]: Starting job [batchtools job.id=9978]
### [bt]: Generating problem instance for problem '0ecb79b078d7aa0a' ...
### [bt]: Applying algorithm 'run_learner' on problem '0ecb79b078d7aa0a' for job 9978 (seed = 10101) ...
INFO  [19:33:11.367] [mlr3] Applying learner 'svm calibrated isotonic 70' on task 'PhishingWebsites' (iter 8/10)

### [bt]: Job terminated successfully [batchtools job.id=9978]
### [bt]: Starting job [batchtools job.id=9979]
### [bt]: Generating problem instance for problem '0ecb79b078d7aa0a' ...
### [bt]: Applying algorithm 'run_learner' on problem '0ecb79b078d7aa0a' for job 9979 (seed = 10102) ...
INFO  [19:33:23.713] [mlr3] Applying learner 'svm calibrated isotonic 70' on task 'PhishingWebsites' (iter 9/10)

### [bt]: Job terminated successfully [batchtools job.id=9979]
### [bt]: Starting job [batchtools job.id=9980]
### [bt]: Generating problem instance for problem '0ecb79b078d7aa0a' ...
### [bt]: Applying algorithm 'run_learner' on problem '0ecb79b078d7aa0a' for job 9980 (seed = 10103) ...
INFO  [19:33:36.112] [mlr3] Applying learner 'svm calibrated isotonic 70' on task 'PhishingWebsites' (iter 10/10)

### [bt]: Job terminated successfully [batchtools job.id=9980]
### [bt]: Calculation finished!
