### [bt]: This is batchtools v0.9.17
### [bt]: Starting calculation of 5 jobs
### [bt]: Setting working directory to '/Users/adrian/Desktop/Mater_Thesis_Calibration'
ece.R :
Friedmann_tasks.R :
Functions.R :
ici.R :
mse_feature_effects.R :
PipeOpCalibration.R :
### [bt]: Memory measurement disabled
### [bt]: Starting job [batchtools job.id=3961]
### [bt]: Generating problem instance for problem '341ee781c7d79b8f' ...
### [bt]: Applying algorithm 'run_learner' on problem '341ee781c7d79b8f' for job 3961 (seed = 4084) ...
INFO  [14:59:03.634] [mlr3] Applying learner 'glmnet calibrated platt 90' on task 'wdbc' (iter 1/10)

### [bt]: Job terminated successfully [batchtools job.id=3961]
### [bt]: Starting job [batchtools job.id=3962]
### [bt]: Generating problem instance for problem '341ee781c7d79b8f' ...
### [bt]: Applying algorithm 'run_learner' on problem '341ee781c7d79b8f' for job 3962 (seed = 4085) ...
INFO  [14:59:07.734] [mlr3] Applying learner 'glmnet calibrated platt 90' on task 'wdbc' (iter 2/10)

### [bt]: Job terminated successfully [batchtools job.id=3962]
### [bt]: Starting job [batchtools job.id=3963]
### [bt]: Generating problem instance for problem '341ee781c7d79b8f' ...
### [bt]: Applying algorithm 'run_learner' on problem '341ee781c7d79b8f' for job 3963 (seed = 4086) ...
INFO  [14:59:08.081] [mlr3] Applying learner 'glmnet calibrated platt 90' on task 'wdbc' (iter 3/10)
Warning: glm.fit: algorithm did not converge
This happened PipeOp classif.glmnet's $train()
Warning: glm.fit: fitted probabilities numerically 0 or 1 occurred
This happened PipeOp classif.glmnet's $train()

### [bt]: Job terminated successfully [batchtools job.id=3963]
### [bt]: Starting job [batchtools job.id=3964]
### [bt]: Generating problem instance for problem '341ee781c7d79b8f' ...
### [bt]: Applying algorithm 'run_learner' on problem '341ee781c7d79b8f' for job 3964 (seed = 4087) ...
INFO  [14:59:08.306] [mlr3] Applying learner 'glmnet calibrated platt 90' on task 'wdbc' (iter 4/10)
Warning: glm.fit: algorithm did not converge
This happened PipeOp classif.glmnet's $train()
Warning: glm.fit: fitted probabilities numerically 0 or 1 occurred
This happened PipeOp classif.glmnet's $train()

### [bt]: Job terminated successfully [batchtools job.id=3964]
### [bt]: Starting job [batchtools job.id=3965]
### [bt]: Generating problem instance for problem '341ee781c7d79b8f' ...
### [bt]: Applying algorithm 'run_learner' on problem '341ee781c7d79b8f' for job 3965 (seed = 4088) ...
INFO  [14:59:08.538] [mlr3] Applying learner 'glmnet calibrated platt 90' on task 'wdbc' (iter 5/10)

### [bt]: Job terminated successfully [batchtools job.id=3965]
### [bt]: Calculation finished!
