### [bt]: This is batchtools v0.9.17
### [bt]: Starting calculation of 1 jobs
### [bt]: Setting working directory to '/content'
### [bt]: Memory measurement disabled
### [bt]: Starting job [batchtools job.id=4686]
### [bt]: Generating problem instance for problem '341ee781c7d79b8f' ...
### [bt]: Applying algorithm 'run_learner' on problem '341ee781c7d79b8f' for job 4686 (seed = 4809) ...
INFO  [14:24:56.987] [mlr3] Applying learner 'rpart calibrated beta cv5' on task 'wdbc' (iter 6/10)
[1] -21.63097
[1] 34.42109
[1] 2.625924
[1] 65.50889
[1] -35.96976
[1] 36.04217
[1] -6.467451
[1] 38.18771
[1] -114.11
[1] -3.252517

### [bt]: Job terminated successfully [batchtools job.id=4686]
### [bt]: Calculation finished!
