### [bt]: This is batchtools v0.9.17
### [bt]: Starting calculation of 1 jobs
### [bt]: Setting working directory to '/content'
### [bt]: Memory measurement disabled
### [bt]: Starting job [batchtools job.id=626]
### [bt]: Generating problem instance for problem '563768ad2e048da7' ...
### [bt]: Applying algorithm 'run_learner' on problem '563768ad2e048da7' for job 626 (seed = 749) ...
INFO  [14:18:57.870] [mlr3] Applying learner 'nnet calibrated platt cv5' on task 'credit-g' (iter 6/10)
# weights:  157
initial  value 461.407487 
final  value 439.822297 
converged
# weights:  157
initial  value 611.307846 
final  value 435.502766 
converged
# weights:  157
initial  value 631.477063 
final  value 435.502766 
converged
# weights:  157
initial  value 504.926761 
final  value 450.284467 
converged
# weights:  157
initial  value 707.576483 
final  value 437.250563 
converged

### [bt]: Job terminated successfully [batchtools job.id=626]
### [bt]: Calculation finished!
