### [bt]: This is batchtools v0.9.17
### [bt]: Starting calculation of 1 jobs
### [bt]: Setting working directory to '/content'
### [bt]: Memory measurement disabled
### [bt]: Starting job [batchtools job.id=1763]
### [bt]: Generating problem instance for problem '358d8f8187803581' ...
### [bt]: Applying algorithm 'run_learner' on problem '358d8f8187803581' for job 1763 (seed = 1886) ...
INFO  [15:53:01.915] [mlr3] Applying learner 'nnet calibrated beta 70' on task 'electricity' (iter 3/10)
# weights:  46
initial  value 19706.313265 
iter  10 value 17799.907885
iter  20 value 17044.314421
iter  30 value 15562.292978
iter  40 value 14154.236321
iter  50 value 13776.435444
iter  60 value 13666.748578
iter  70 value 13631.401922
iter  80 value 13580.796026
iter  90 value 13537.610848
iter 100 value 13478.494044
final  value 13478.494044 
stopped after 100 iterations
[1] -37.83127
[1] 35.00951

### [bt]: Job terminated successfully [batchtools job.id=1763]
### [bt]: Calculation finished!
