### [bt]: This is batchtools v0.9.17
### [bt]: Starting calculation of 5 jobs
### [bt]: Setting working directory to '/Users/adrian/Desktop/Mater_Thesis_Calibration'
ece.R :
Friedmann_tasks.R :
Functions.R :
ici.R :
mse_feature_effects.R :
PipeOpCalibration.R :
### [bt]: Memory measurement disabled
### [bt]: Starting job [batchtools job.id=7586]
### [bt]: Generating problem instance for problem 'c27a1cbf9c91424a' ...
### [bt]: Applying algorithm 'run_learner' on problem 'c27a1cbf9c91424a' for job 7586 (seed = 7709) ...
INFO  [18:32:35.920] [mlr3] Applying learner 'xgboost calibrated isotonic 80' on task 'ilpd' (iter 6/10)

### [bt]: Job terminated successfully [batchtools job.id=7586]
### [bt]: Starting job [batchtools job.id=7587]
### [bt]: Generating problem instance for problem 'c27a1cbf9c91424a' ...
### [bt]: Applying algorithm 'run_learner' on problem 'c27a1cbf9c91424a' for job 7587 (seed = 7710) ...
INFO  [18:32:42.647] [mlr3] Applying learner 'xgboost calibrated isotonic 80' on task 'ilpd' (iter 7/10)

### [bt]: Job terminated successfully [batchtools job.id=7587]
### [bt]: Starting job [batchtools job.id=7588]
### [bt]: Generating problem instance for problem 'c27a1cbf9c91424a' ...
### [bt]: Applying algorithm 'run_learner' on problem 'c27a1cbf9c91424a' for job 7588 (seed = 7711) ...
INFO  [18:32:46.367] [mlr3] Applying learner 'xgboost calibrated isotonic 80' on task 'ilpd' (iter 8/10)

### [bt]: Job terminated successfully [batchtools job.id=7588]
### [bt]: Starting job [batchtools job.id=7589]
### [bt]: Generating problem instance for problem 'c27a1cbf9c91424a' ...
### [bt]: Applying algorithm 'run_learner' on problem 'c27a1cbf9c91424a' for job 7589 (seed = 7712) ...
INFO  [18:32:49.643] [mlr3] Applying learner 'xgboost calibrated isotonic 80' on task 'ilpd' (iter 9/10)

### [bt]: Job terminated successfully [batchtools job.id=7589]
### [bt]: Starting job [batchtools job.id=7590]
### [bt]: Generating problem instance for problem 'c27a1cbf9c91424a' ...
### [bt]: Applying algorithm 'run_learner' on problem 'c27a1cbf9c91424a' for job 7590 (seed = 7713) ...
INFO  [18:32:52.907] [mlr3] Applying learner 'xgboost calibrated isotonic 80' on task 'ilpd' (iter 10/10)

### [bt]: Job terminated successfully [batchtools job.id=7590]
### [bt]: Calculation finished!
