### [bt]: This is batchtools v0.9.17
### [bt]: Starting calculation of 5 jobs
### [bt]: Setting working directory to '/Users/adrian/Desktop/Mater_Thesis_Calibration'
ece.R :
Friedmann_tasks.R :
Functions.R :
ici.R :
mse_feature_effects.R :
PipeOpCalibration.R :
### [bt]: Memory measurement disabled
### [bt]: Starting job [batchtools job.id=8236]
### [bt]: Generating problem instance for problem '22f4988139232849' ...
### [bt]: Applying algorithm 'run_learner' on problem '22f4988139232849' for job 8236 (seed = 8359) ...
INFO  [00:07:42.216] [mlr3] Applying learner 'nnet calibrated isotonic 90' on task 'nomao' (iter 6/10)
# weights:  442
initial  value 17359.322686 
iter  10 value 8613.730530
iter  20 value 6652.058275
iter  30 value 5671.042669
iter  40 value 5004.599557
iter  50 value 4279.691817
iter  60 value 3682.330391
iter  70 value 3349.233503
iter  80 value 3147.250987
iter  90 value 3004.155054
iter 100 value 2926.580143
final  value 2926.580143 
stopped after 100 iterations

### [bt]: Job terminated successfully [batchtools job.id=8236]
### [bt]: Starting job [batchtools job.id=8237]
### [bt]: Generating problem instance for problem '22f4988139232849' ...
### [bt]: Applying algorithm 'run_learner' on problem '22f4988139232849' for job 8237 (seed = 8360) ...
INFO  [00:08:04.047] [mlr3] Applying learner 'nnet calibrated isotonic 90' on task 'nomao' (iter 7/10)
# weights:  442
initial  value 19099.512045 
iter  10 value 9155.344075
iter  20 value 4889.898538
iter  30 value 3988.096330
iter  40 value 3683.248079
iter  50 value 3470.633650
iter  60 value 3379.114688
iter  70 value 3291.224877
iter  80 value 3232.586330
iter  90 value 3163.410720
iter 100 value 3098.773290
final  value 3098.773290 
stopped after 100 iterations

### [bt]: Job terminated successfully [batchtools job.id=8237]
### [bt]: Starting job [batchtools job.id=8238]
### [bt]: Generating problem instance for problem '22f4988139232849' ...
### [bt]: Applying algorithm 'run_learner' on problem '22f4988139232849' for job 8238 (seed = 8361) ...
INFO  [00:08:19.810] [mlr3] Applying learner 'nnet calibrated isotonic 90' on task 'nomao' (iter 8/10)
# weights:  442
initial  value 24117.827476 
iter  10 value 13588.478887
iter  20 value 11590.911582
iter  30 value 8993.323328
iter  40 value 6501.713311
iter  50 value 5332.836713
iter  60 value 4516.720832
iter  70 value 4254.557852
iter  80 value 3976.923024
iter  90 value 3881.667249
iter 100 value 3819.719348
final  value 3819.719348 
stopped after 100 iterations

### [bt]: Job terminated successfully [batchtools job.id=8238]
### [bt]: Starting job [batchtools job.id=8239]
### [bt]: Generating problem instance for problem '22f4988139232849' ...
### [bt]: Applying algorithm 'run_learner' on problem '22f4988139232849' for job 8239 (seed = 8362) ...
INFO  [00:08:35.321] [mlr3] Applying learner 'nnet calibrated isotonic 90' on task 'nomao' (iter 9/10)
# weights:  442
initial  value 17078.242359 
iter  10 value 5996.945825
iter  20 value 4544.810658
iter  30 value 4011.890486
iter  40 value 3765.489410
iter  50 value 3612.006178
iter  60 value 3454.536185
iter  70 value 3348.586429
iter  80 value 3278.932452
iter  90 value 3206.829637
iter 100 value 3144.225663
final  value 3144.225663 
stopped after 100 iterations

### [bt]: Job terminated successfully [batchtools job.id=8239]
### [bt]: Starting job [batchtools job.id=8240]
### [bt]: Generating problem instance for problem '22f4988139232849' ...
### [bt]: Applying algorithm 'run_learner' on problem '22f4988139232849' for job 8240 (seed = 8363) ...
INFO  [00:08:47.852] [mlr3] Applying learner 'nnet calibrated isotonic 90' on task 'nomao' (iter 10/10)
# weights:  442
initial  value 20684.773298 
iter  10 value 7490.428260
iter  20 value 5323.564954
iter  30 value 4470.076009
iter  40 value 4015.563593
iter  50 value 3621.537550
iter  60 value 3408.438557
iter  70 value 3278.771496
iter  80 value 3192.719305
iter  90 value 3150.116345
iter 100 value 3119.443991
final  value 3119.443991 
stopped after 100 iterations

### [bt]: Job terminated successfully [batchtools job.id=8240]
### [bt]: Calculation finished!
