### [bt]: This is batchtools v0.9.17
### [bt]: Starting calculation of 5 jobs
### [bt]: Setting working directory to '/Users/adrian/Desktop/Mater_Thesis_Calibration'
ece.R :
Friedmann_tasks.R :
Functions.R :
ici.R :
mse_feature_effects.R :
PipeOpCalibration.R :
### [bt]: Memory measurement disabled
### [bt]: Starting job [batchtools job.id=6711]
### [bt]: Generating problem instance for problem 'c27a1cbf9c91424a' ...
### [bt]: Applying algorithm 'run_learner' on problem 'c27a1cbf9c91424a' for job 6711 (seed = 6834) ...
INFO  [17:54:37.486] [mlr3] Applying learner 'kknn uncalibrated' on task 'ilpd' (iter 1/10)

### [bt]: Job terminated successfully [batchtools job.id=6711]
### [bt]: Starting job [batchtools job.id=6712]
### [bt]: Generating problem instance for problem 'c27a1cbf9c91424a' ...
### [bt]: Applying algorithm 'run_learner' on problem 'c27a1cbf9c91424a' for job 6712 (seed = 6835) ...
INFO  [17:54:37.516] [mlr3] Applying learner 'kknn uncalibrated' on task 'ilpd' (iter 2/10)

### [bt]: Job terminated successfully [batchtools job.id=6712]
### [bt]: Starting job [batchtools job.id=6713]
### [bt]: Generating problem instance for problem 'c27a1cbf9c91424a' ...
### [bt]: Applying algorithm 'run_learner' on problem 'c27a1cbf9c91424a' for job 6713 (seed = 6836) ...
INFO  [17:54:37.545] [mlr3] Applying learner 'kknn uncalibrated' on task 'ilpd' (iter 3/10)

### [bt]: Job terminated successfully [batchtools job.id=6713]
### [bt]: Starting job [batchtools job.id=6714]
### [bt]: Generating problem instance for problem 'c27a1cbf9c91424a' ...
### [bt]: Applying algorithm 'run_learner' on problem 'c27a1cbf9c91424a' for job 6714 (seed = 6837) ...
INFO  [17:54:37.573] [mlr3] Applying learner 'kknn uncalibrated' on task 'ilpd' (iter 4/10)

### [bt]: Job terminated successfully [batchtools job.id=6714]
### [bt]: Starting job [batchtools job.id=6715]
### [bt]: Generating problem instance for problem 'c27a1cbf9c91424a' ...
### [bt]: Applying algorithm 'run_learner' on problem 'c27a1cbf9c91424a' for job 6715 (seed = 6838) ...
INFO  [17:54:37.601] [mlr3] Applying learner 'kknn uncalibrated' on task 'ilpd' (iter 5/10)

### [bt]: Job terminated successfully [batchtools job.id=6715]
### [bt]: Calculation finished!
