### [bt]: This is batchtools v0.9.17
### [bt]: Starting calculation of 5 jobs
### [bt]: Setting working directory to '/Users/adrian/Desktop/Mater_Thesis_Calibration'
ece.R :
Friedmann_tasks.R :
Functions.R :
ici.R :
mse_feature_effects.R :
PipeOpCalibration.R :
### [bt]: Memory measurement disabled
### [bt]: Starting job [batchtools job.id=11616]
### [bt]: Generating problem instance for problem '7f16ca74b5d8776b' ...
### [bt]: Applying algorithm 'run_learner' on problem '7f16ca74b5d8776b' for job 11616 (seed = 11739) ...
INFO  [02:37:18.315] [mlr3] Applying learner 'glmnet calibrated isotonic cv5' on task 'churn' (iter 6/10)
Warning: from glmnet C++ code (error code -1); Convergence for 1th lambda value not reached after maxit=100000 iterations; solutions for larger lambdas returned
This happened PipeOp classif.glmnet's $train()
This happened PipeOp classif.glmnet's $train()
Warning in getcoef(fit, nvars, nx, vnames) :
  an empty model has been returned; probably a convergence issue
This happened PipeOp classif.glmnet's $train()
This happened PipeOp classif.glmnet's $train()
Warning: from glmnet C++ code (error code -1); Convergence for 1th lambda value not reached after maxit=100000 iterations; solutions for larger lambdas returned
This happened PipeOp classif.glmnet's $train()
This happened PipeOp classif.glmnet's $train()
Warning in getcoef(fit, nvars, nx, vnames) :
  an empty model has been returned; probably a convergence issue
This happened PipeOp classif.glmnet's $train()
This happened PipeOp classif.glmnet's $train()
Warning: from glmnet C++ code (error code -1); Convergence for 1th lambda value not reached after maxit=100000 iterations; solutions for larger lambdas returned
This happened PipeOp classif.glmnet's $train()
This happened PipeOp classif.glmnet's $train()
Warning in getcoef(fit, nvars, nx, vnames) :
  an empty model has been returned; probably a convergence issue
This happened PipeOp classif.glmnet's $train()
This happened PipeOp classif.glmnet's $train()

### [bt]: Job terminated successfully [batchtools job.id=11616]
### [bt]: Starting job [batchtools job.id=11617]
### [bt]: Generating problem instance for problem '7f16ca74b5d8776b' ...
### [bt]: Applying algorithm 'run_learner' on problem '7f16ca74b5d8776b' for job 11617 (seed = 11740) ...
INFO  [02:38:00.174] [mlr3] Applying learner 'glmnet calibrated isotonic cv5' on task 'churn' (iter 7/10)
Warning: from glmnet C++ code (error code -1); Convergence for 1th lambda value not reached after maxit=100000 iterations; solutions for larger lambdas returned
This happened PipeOp classif.glmnet's $train()
This happened PipeOp classif.glmnet's $train()
Warning in getcoef(fit, nvars, nx, vnames) :
  an empty model has been returned; probably a convergence issue
This happened PipeOp classif.glmnet's $train()
This happened PipeOp classif.glmnet's $train()

### [bt]: Job terminated successfully [batchtools job.id=11617]
### [bt]: Starting job [batchtools job.id=11618]
### [bt]: Generating problem instance for problem '7f16ca74b5d8776b' ...
### [bt]: Applying algorithm 'run_learner' on problem '7f16ca74b5d8776b' for job 11618 (seed = 11741) ...
INFO  [02:38:14.714] [mlr3] Applying learner 'glmnet calibrated isotonic cv5' on task 'churn' (iter 8/10)
Warning: from glmnet C++ code (error code -1); Convergence for 1th lambda value not reached after maxit=100000 iterations; solutions for larger lambdas returned
This happened PipeOp classif.glmnet's $train()
This happened PipeOp classif.glmnet's $train()
Warning in getcoef(fit, nvars, nx, vnames) :
  an empty model has been returned; probably a convergence issue
This happened PipeOp classif.glmnet's $train()
This happened PipeOp classif.glmnet's $train()

### [bt]: Job terminated successfully [batchtools job.id=11618]
### [bt]: Starting job [batchtools job.id=11619]
### [bt]: Generating problem instance for problem '7f16ca74b5d8776b' ...
### [bt]: Applying algorithm 'run_learner' on problem '7f16ca74b5d8776b' for job 11619 (seed = 11742) ...
INFO  [02:38:28.382] [mlr3] Applying learner 'glmnet calibrated isotonic cv5' on task 'churn' (iter 9/10)

### [bt]: Job terminated successfully [batchtools job.id=11619]
### [bt]: Starting job [batchtools job.id=11620]
### [bt]: Generating problem instance for problem '7f16ca74b5d8776b' ...
### [bt]: Applying algorithm 'run_learner' on problem '7f16ca74b5d8776b' for job 11620 (seed = 11743) ...
INFO  [02:38:32.475] [mlr3] Applying learner 'glmnet calibrated isotonic cv5' on task 'churn' (iter 10/10)
Warning: from glmnet C++ code (error code -1); Convergence for 1th lambda value not reached after maxit=100000 iterations; solutions for larger lambdas returned
This happened PipeOp classif.glmnet's $train()
This happened PipeOp classif.glmnet's $train()
Warning in getcoef(fit, nvars, nx, vnames) :
  an empty model has been returned; probably a convergence issue
This happened PipeOp classif.glmnet's $train()
This happened PipeOp classif.glmnet's $train()
Warning: from glmnet C++ code (error code -1); Convergence for 1th lambda value not reached after maxit=100000 iterations; solutions for larger lambdas returned
This happened PipeOp classif.glmnet's $train()
This happened PipeOp classif.glmnet's $train()
Warning in getcoef(fit, nvars, nx, vnames) :
  an empty model has been returned; probably a convergence issue
This happened PipeOp classif.glmnet's $train()
This happened PipeOp classif.glmnet's $train()

### [bt]: Job terminated successfully [batchtools job.id=11620]
### [bt]: Calculation finished!
