### [bt]: This is batchtools v0.9.17
### [bt]: Starting calculation of 4 jobs
### [bt]: Setting working directory to '/Users/I578045/Desktop/Mater_Thesis_Calibration'
ece.R :
Friedmann_tasks.R :
Functions.R :
ici.R :
mse_feature_effects.R :
PipeOpCalibration.R :
### [bt]: Memory measurement disabled
### [bt]: Starting job [batchtools job.id=10543]
### [bt]: Generating problem instance for problem 'cfb05fadfc1e266b' ...
### [bt]: Applying algorithm 'run_learner' on problem 'cfb05fadfc1e266b' for job 10543 (seed = 10666) ...
INFO  [12:44:47.219] [mlr3] Applying learner 'kknn calibrated platt cv5' on task 'numerai28.6' (iter 3/10)

### [bt]: Job terminated successfully [batchtools job.id=10543]
### [bt]: Starting job [batchtools job.id=10544]
### [bt]: Generating problem instance for problem 'cfb05fadfc1e266b' ...
### [bt]: Applying algorithm 'run_learner' on problem 'cfb05fadfc1e266b' for job 10544 (seed = 10667) ...
INFO  [12:50:29.245] [mlr3] Applying learner 'kknn calibrated platt cv5' on task 'numerai28.6' (iter 4/10)

### [bt]: Job terminated successfully [batchtools job.id=10544]
### [bt]: Starting job [batchtools job.id=10545]
### [bt]: Generating problem instance for problem 'cfb05fadfc1e266b' ...
### [bt]: Applying algorithm 'run_learner' on problem 'cfb05fadfc1e266b' for job 10545 (seed = 10668) ...
INFO  [12:56:22.022] [mlr3] Applying learner 'kknn calibrated platt cv5' on task 'numerai28.6' (iter 5/10)

### [bt]: Job terminated successfully [batchtools job.id=10545]
### [bt]: Starting job [batchtools job.id=10546]
### [bt]: Generating problem instance for problem 'cfb05fadfc1e266b' ...
### [bt]: Applying algorithm 'run_learner' on problem 'cfb05fadfc1e266b' for job 10546 (seed = 10669) ...
INFO  [13:02:18.828] [mlr3] Applying learner 'kknn calibrated platt cv5' on task 'numerai28.6' (iter 6/10)

### [bt]: Job terminated successfully [batchtools job.id=10546]
### [bt]: Calculation finished!
