### [bt]: This is batchtools v0.9.17
### [bt]: Starting calculation of 5 jobs
### [bt]: Setting working directory to '/Users/adrian/Desktop/Mater_Thesis_Calibration'
ece.R :
Friedmann_tasks.R :
Functions.R :
ici.R :
mse_feature_effects.R :
PipeOpCalibration.R :
### [bt]: Memory measurement disabled
### [bt]: Starting job [batchtools job.id=8571]
### [bt]: Generating problem instance for problem '22f4988139232849' ...
### [bt]: Applying algorithm 'run_learner' on problem '22f4988139232849' for job 8571 (seed = 8694) ...
INFO  [06:10:06.790] [mlr3] Applying learner 'rpart calibrated isotonic cv5' on task 'nomao' (iter 1/10)

### [bt]: Job terminated successfully [batchtools job.id=8571]
### [bt]: Starting job [batchtools job.id=8572]
### [bt]: Generating problem instance for problem '22f4988139232849' ...
### [bt]: Applying algorithm 'run_learner' on problem '22f4988139232849' for job 8572 (seed = 8695) ...
INFO  [06:10:17.322] [mlr3] Applying learner 'rpart calibrated isotonic cv5' on task 'nomao' (iter 2/10)

### [bt]: Job terminated successfully [batchtools job.id=8572]
### [bt]: Starting job [batchtools job.id=8573]
### [bt]: Generating problem instance for problem '22f4988139232849' ...
### [bt]: Applying algorithm 'run_learner' on problem '22f4988139232849' for job 8573 (seed = 8696) ...
INFO  [06:10:24.547] [mlr3] Applying learner 'rpart calibrated isotonic cv5' on task 'nomao' (iter 3/10)

### [bt]: Job terminated successfully [batchtools job.id=8573]
### [bt]: Starting job [batchtools job.id=8574]
### [bt]: Generating problem instance for problem '22f4988139232849' ...
### [bt]: Applying algorithm 'run_learner' on problem '22f4988139232849' for job 8574 (seed = 8697) ...
INFO  [06:10:31.627] [mlr3] Applying learner 'rpart calibrated isotonic cv5' on task 'nomao' (iter 4/10)

### [bt]: Job terminated successfully [batchtools job.id=8574]
### [bt]: Starting job [batchtools job.id=8575]
### [bt]: Generating problem instance for problem '22f4988139232849' ...
### [bt]: Applying algorithm 'run_learner' on problem '22f4988139232849' for job 8575 (seed = 8698) ...
INFO  [06:10:38.848] [mlr3] Applying learner 'rpart calibrated isotonic cv5' on task 'nomao' (iter 5/10)

### [bt]: Job terminated successfully [batchtools job.id=8575]
### [bt]: Calculation finished!
