### [bt]: This is batchtools v0.9.17
### [bt]: Starting calculation of 1 jobs
### [bt]: Setting working directory to '/content'
### [bt]: Memory measurement disabled
### [bt]: Starting job [batchtools job.id=11559]
### [bt]: Generating problem instance for problem '7f16ca74b5d8776b' ...
### [bt]: Applying algorithm 'run_learner' on problem '7f16ca74b5d8776b' for job 11559 (seed = 11682) ...
INFO  [14:46:23.664] [mlr3] Applying learner 'glmnet calibrated beta cv3' on task 'churn' (iter 9/10)
Warning: from glmnet C++ code (error code -1); Convergence for 1th lambda value not reached after maxit=100000 iterations; solutions for larger lambdas returned
This happened PipeOp classif.glmnet's $train()
This happened PipeOp classif.glmnet's $train()
Warning in getcoef(fit, nvars, nx, vnames) :
  an empty model has been returned; probably a convergence issue
This happened PipeOp classif.glmnet's $train()
This happened PipeOp classif.glmnet's $train()
[1] 1.238097
[1] 58.84351
[1] 1.128079
[1] 56.23179
Warning in predict.lm(object, newdata, se.fit, scale = 1, type = if (type ==  :
  prediction from rank-deficient fit; attr(*, "non-estim") has doubtful cases
This happened PipeOp classif.glmnet's $predict()

### [bt]: Job terminated successfully [batchtools job.id=11559]
### [bt]: Calculation finished!
