### [bt]: This is batchtools v0.9.17
### [bt]: Starting calculation of 1 jobs
### [bt]: Setting working directory to '/content'
### [bt]: Memory measurement disabled
### [bt]: Starting job [batchtools job.id=1896]
### [bt]: Generating problem instance for problem '358d8f8187803581' ...
### [bt]: Applying algorithm 'run_learner' on problem '358d8f8187803581' for job 1896 (seed = 2019) ...
INFO  [15:53:39.268] [mlr3] Applying learner 'nnet calibrated platt cv3' on task 'electricity' (iter 6/10)
# weights:  46
initial  value 18495.395796 
iter  10 value 16676.377603
iter  20 value 15856.288443
iter  30 value 14647.627743
iter  40 value 13526.564749
iter  50 value 13355.636248
iter  60 value 13295.399093
iter  70 value 13268.998781
iter  80 value 13227.578204
iter  90 value 13221.067171
iter 100 value 13208.200596
final  value 13208.200596 
stopped after 100 iterations
# weights:  46
initial  value 18659.331153 
iter  10 value 17014.178647
iter  20 value 15939.971292
iter  30 value 14410.619935
iter  40 value 13418.800321
iter  50 value 13209.386980
iter  60 value 13129.076571
iter  70 value 13053.625157
iter  80 value 13001.541340
iter  90 value 12994.088221
iter 100 value 12987.871698
final  value 12987.871698 
stopped after 100 iterations
# weights:  46
initial  value 21560.222050 
iter  10 value 16830.125880
iter  20 value 16454.659155
iter  30 value 15703.530593
iter  40 value 14634.846725
iter  50 value 13827.971944
iter  60 value 13606.104884
iter  70 value 13420.945043
iter  80 value 13216.056574
iter  90 value 13129.540979
iter 100 value 13109.595509
final  value 13109.595509 
stopped after 100 iterations

### [bt]: Job terminated successfully [batchtools job.id=1896]
### [bt]: Calculation finished!
