### [bt]: This is batchtools v0.9.17
### [bt]: Starting calculation of 5 jobs
### [bt]: Setting working directory to '/Users/adrian/Desktop/Mater_Thesis_Calibration'
ece.R :
Friedmann_tasks.R :
Functions.R :
ici.R :
mse_feature_effects.R :
PipeOpCalibration.R :
### [bt]: Memory measurement disabled
### [bt]: Starting job [batchtools job.id=6406]
### [bt]: Generating problem instance for problem 'c27a1cbf9c91424a' ...
### [bt]: Applying algorithm 'run_learner' on problem 'c27a1cbf9c91424a' for job 6406 (seed = 6529) ...
INFO  [17:42:39.166] [mlr3] Applying learner 'glmnet calibrated beta 70' on task 'ilpd' (iter 6/10)

### [bt]: Job terminated successfully [batchtools job.id=6406]
### [bt]: Starting job [batchtools job.id=6407]
### [bt]: Generating problem instance for problem 'c27a1cbf9c91424a' ...
### [bt]: Applying algorithm 'run_learner' on problem 'c27a1cbf9c91424a' for job 6407 (seed = 6530) ...
INFO  [17:42:39.598] [mlr3] Applying learner 'glmnet calibrated beta 70' on task 'ilpd' (iter 7/10)
Warning: glm.fit: fitted probabilities numerically 0 or 1 occurred
This happened PipeOp classif.glmnet's $train()

### [bt]: Job terminated successfully [batchtools job.id=6407]
### [bt]: Starting job [batchtools job.id=6408]
### [bt]: Generating problem instance for problem 'c27a1cbf9c91424a' ...
### [bt]: Applying algorithm 'run_learner' on problem 'c27a1cbf9c91424a' for job 6408 (seed = 6531) ...
INFO  [17:42:47.330] [mlr3] Applying learner 'glmnet calibrated beta 70' on task 'ilpd' (iter 8/10)
Warning: glm.fit: fitted probabilities numerically 0 or 1 occurred
This happened PipeOp classif.glmnet's $train()

### [bt]: Job terminated successfully [batchtools job.id=6408]
### [bt]: Starting job [batchtools job.id=6409]
### [bt]: Generating problem instance for problem 'c27a1cbf9c91424a' ...
### [bt]: Applying algorithm 'run_learner' on problem 'c27a1cbf9c91424a' for job 6409 (seed = 6532) ...
INFO  [17:42:47.577] [mlr3] Applying learner 'glmnet calibrated beta 70' on task 'ilpd' (iter 9/10)
Warning: glm.fit: fitted probabilities numerically 0 or 1 occurred
This happened PipeOp classif.glmnet's $train()

### [bt]: Job terminated successfully [batchtools job.id=6409]
### [bt]: Starting job [batchtools job.id=6410]
### [bt]: Generating problem instance for problem 'c27a1cbf9c91424a' ...
### [bt]: Applying algorithm 'run_learner' on problem 'c27a1cbf9c91424a' for job 6410 (seed = 6533) ...
INFO  [17:42:49.337] [mlr3] Applying learner 'glmnet calibrated beta 70' on task 'ilpd' (iter 10/10)

### [bt]: Job terminated successfully [batchtools job.id=6410]
### [bt]: Calculation finished!
