### [bt]: This is batchtools v0.9.17
### [bt]: Starting calculation of 1 jobs
### [bt]: Setting working directory to '/content'
### [bt]: Memory measurement disabled
### [bt]: Starting job [batchtools job.id=14862]
### [bt]: Generating problem instance for problem 'cfb05fadfc1e266b' ...
### [bt]: Applying algorithm 'run_learner' on problem 'cfb05fadfc1e266b' for job 14862 (seed = 14985) ...
INFO  [04:43:59.428] [mlr3] Applying learner 'ranger calibrated platt union' on task 'numerai28.6' (iter 2/10)
Growing trees.. Progress: 13%. Estimated remaining time: 3 minutes, 34 seconds.
Growing trees.. Progress: 25%. Estimated remaining time: 3 minutes, 5 seconds.
Growing trees.. Progress: 37%. Estimated remaining time: 2 minutes, 36 seconds.
Growing trees.. Progress: 50%. Estimated remaining time: 2 minutes, 4 seconds.
Growing trees.. Progress: 62%. Estimated remaining time: 1 minute, 35 seconds.
Growing trees.. Progress: 74%. Estimated remaining time: 1 minute, 5 seconds.
Growing trees.. Progress: 85%. Estimated remaining time: 39 seconds.
Growing trees.. Progress: 95%. Estimated remaining time: 13 seconds.
Growing trees.. Progress: 10%. Estimated remaining time: 4 minutes, 24 seconds.
Growing trees.. Progress: 21%. Estimated remaining time: 3 minutes, 53 seconds.
Growing trees.. Progress: 31%. Estimated remaining time: 3 minutes, 22 seconds.
Growing trees.. Progress: 43%. Estimated remaining time: 2 minutes, 45 seconds.
Growing trees.. Progress: 54%. Estimated remaining time: 2 minutes, 11 seconds.
Growing trees.. Progress: 65%. Estimated remaining time: 1 minute, 38 seconds.
Growing trees.. Progress: 78%. Estimated remaining time: 1 minute, 2 seconds.
Growing trees.. Progress: 90%. Estimated remaining time: 27 seconds.
Growing trees.. Progress: 14%. Estimated remaining time: 3 minutes, 13 seconds.
Growing trees.. Progress: 28%. Estimated remaining time: 2 minutes, 36 seconds.
Growing trees.. Progress: 44%. Estimated remaining time: 2 minutes, 0 seconds.
Growing trees.. Progress: 58%. Estimated remaining time: 1 minute, 28 seconds.
Growing trees.. Progress: 73%. Estimated remaining time: 57 seconds.
Growing trees.. Progress: 87%. Estimated remaining time: 27 seconds.
Growing trees.. Progress: 15%. Estimated remaining time: 3 minutes, 2 seconds.
Growing trees.. Progress: 29%. Estimated remaining time: 2 minutes, 29 seconds.
Growing trees.. Progress: 44%. Estimated remaining time: 2 minutes, 0 seconds.
Growing trees.. Progress: 58%. Estimated remaining time: 1 minute, 29 seconds.
Growing trees.. Progress: 72%. Estimated remaining time: 1 minute, 1 seconds.
Growing trees.. Progress: 86%. Estimated remaining time: 31 seconds.
Growing trees.. Progress: 100%. Estimated remaining time: 0 seconds.
Growing trees.. Progress: 14%. Estimated remaining time: 3 minutes, 14 seconds.
Growing trees.. Progress: 28%. Estimated remaining time: 2 minutes, 42 seconds.
Growing trees.. Progress: 41%. Estimated remaining time: 2 minutes, 11 seconds.
Growing trees.. Progress: 55%. Estimated remaining time: 1 minute, 41 seconds.
Growing trees.. Progress: 69%. Estimated remaining time: 1 minute, 10 seconds.
Growing trees.. Progress: 83%. Estimated remaining time: 39 seconds.
Growing trees.. Progress: 96%. Estimated remaining time: 8 seconds.

### [bt]: Job terminated successfully [batchtools job.id=14862]
### [bt]: Calculation finished!
