### [bt]: This is batchtools v0.9.17
### [bt]: Starting calculation of 1 jobs
### [bt]: Setting working directory to '/content'
### [bt]: Memory measurement disabled
### [bt]: Starting job [batchtools job.id=3246]
### [bt]: Generating problem instance for problem 'b541340d6c2eb21d' ...
### [bt]: Applying algorithm 'run_learner' on problem 'b541340d6c2eb21d' for job 3246 (seed = 3369) ...
INFO  [14:22:07.167] [mlr3] Applying learner 'ranger calibrated beta cv5' on task 'kc1' (iter 6/10)
[1] -87.02836
[1] 5.778335
[1] -64.23242
[1] 2.514482
[1] -58.12752
[1] 19.90901
[1] -38.81799
[1] 21.32795
[1] -47.88364
[1] 21.28582

### [bt]: Job terminated successfully [batchtools job.id=3246]
### [bt]: Calculation finished!
