### [bt]: This is batchtools v0.9.17
### [bt]: Starting calculation of 1 jobs
### [bt]: Setting working directory to '/content/drive/MyDrive/GitHub/Mater_Thesis_Calibration'
ece.R :
Friedmann_tasks.R :
Functions.R :
ici.R :
mse_feature_effects.R :
PipeOpCalibration.R :
### [bt]: Memory measurement disabled
### [bt]: Starting job [batchtools job.id=10971]
### [bt]: Generating problem instance for problem 'cfb05fadfc1e266b' ...
### [bt]: Applying algorithm 'run_learner' on problem 'cfb05fadfc1e266b' for job 10971 (seed = 11094) ...
INFO  [13:21:55.795] [mlr3] Applying learner 'ranger calibrated isotonic cv5' on task 'numerai28.6' (iter 1/10)
Growing trees.. Progress: 7%. Estimated remaining time: 6 minutes, 32 seconds.
Growing trees.. Progress: 15%. Estimated remaining time: 5 minutes, 55 seconds.
Growing trees.. Progress: 22%. Estimated remaining time: 5 minutes, 22 seconds.
Growing trees.. Progress: 30%. Estimated remaining time: 4 minutes, 50 seconds.
Growing trees.. Progress: 38%. Estimated remaining time: 4 minutes, 17 seconds.
Growing trees.. Progress: 45%. Estimated remaining time: 3 minutes, 45 seconds.
Growing trees.. Progress: 53%. Estimated remaining time: 3 minutes, 14 seconds.
Growing trees.. Progress: 60%. Estimated remaining time: 2 minutes, 43 seconds.
Growing trees.. Progress: 68%. Estimated remaining time: 2 minutes, 10 seconds.
Growing trees.. Progress: 76%. Estimated remaining time: 1 minute, 39 seconds.
Growing trees.. Progress: 84%. Estimated remaining time: 1 minute, 7 seconds.
Growing trees.. Progress: 91%. Estimated remaining time: 35 seconds.
Growing trees.. Progress: 99%. Estimated remaining time: 4 seconds.
Computing prediction error.. Progress: 46%. Estimated remaining time: 37 seconds.
Growing trees.. Progress: 10%. Estimated remaining time: 4 minutes, 30 seconds.
Growing trees.. Progress: 20%. Estimated remaining time: 4 minutes, 1 seconds.
Growing trees.. Progress: 31%. Estimated remaining time: 3 minutes, 30 seconds.
Growing trees.. Progress: 39%. Estimated remaining time: 3 minutes, 10 seconds.
Growing trees.. Progress: 50%. Estimated remaining time: 2 minutes, 37 seconds.
Growing trees.. Progress: 60%. Estimated remaining time: 2 minutes, 5 seconds.
Growing trees.. Progress: 70%. Estimated remaining time: 1 minute, 32 seconds.
Growing trees.. Progress: 80%. Estimated remaining time: 1 minute, 0 seconds.
Growing trees.. Progress: 91%. Estimated remaining time: 28 seconds.
Growing trees.. Progress: 9%. Estimated remaining time: 5 minutes, 0 seconds.
Growing trees.. Progress: 11%. Estimated remaining time: 8 minutes, 27 seconds.
Growing trees.. Progress: 20%. Estimated remaining time: 6 minutes, 8 seconds.
Growing trees.. Progress: 28%. Estimated remaining time: 5 minutes, 24 seconds.
Growing trees.. Progress: 37%. Estimated remaining time: 4 minutes, 24 seconds.
Growing trees.. Progress: 45%. Estimated remaining time: 3 minutes, 47 seconds.
Growing trees.. Progress: 54%. Estimated remaining time: 3 minutes, 7 seconds.
Growing trees.. Progress: 63%. Estimated remaining time: 2 minutes, 27 seconds.
Growing trees.. Progress: 72%. Estimated remaining time: 1 minute, 47 seconds.
Growing trees.. Progress: 81%. Estimated remaining time: 1 minute, 11 seconds.
Growing trees.. Progress: 90%. Estimated remaining time: 36 seconds.
Growing trees.. Progress: 99%. Estimated remaining time: 3 seconds.
Growing trees.. Progress: 12%. Estimated remaining time: 3 minutes, 38 seconds.
Growing trees.. Progress: 23%. Estimated remaining time: 3 minutes, 22 seconds.
Growing trees.. Progress: 32%. Estimated remaining time: 3 minutes, 15 seconds.
Growing trees.. Progress: 41%. Estimated remaining time: 2 minutes, 56 seconds.
Growing trees.. Progress: 51%. Estimated remaining time: 2 minutes, 31 seconds.
Growing trees.. Progress: 60%. Estimated remaining time: 2 minutes, 4 seconds.
Growing trees.. Progress: 69%. Estimated remaining time: 1 minute, 38 seconds.
Growing trees.. Progress: 78%. Estimated remaining time: 1 minute, 9 seconds.
Growing trees.. Progress: 87%. Estimated remaining time: 43 seconds.
Growing trees.. Progress: 96%. Estimated remaining time: 13 seconds.
Growing trees.. Progress: 9%. Estimated remaining time: 5 minutes, 0 seconds.
Growing trees.. Progress: 19%. Estimated remaining time: 4 minutes, 23 seconds.
Growing trees.. Progress: 29%. Estimated remaining time: 3 minutes, 51 seconds.
Growing trees.. Progress: 38%. Estimated remaining time: 3 minutes, 20 seconds.
Growing trees.. Progress: 48%. Estimated remaining time: 2 minutes, 47 seconds.
Growing trees.. Progress: 58%. Estimated remaining time: 2 minutes, 17 seconds.
Growing trees.. Progress: 68%. Estimated remaining time: 1 minute, 43 seconds.
Growing trees.. Progress: 77%. Estimated remaining time: 1 minute, 13 seconds.
Growing trees.. Progress: 87%. Estimated remaining time: 41 seconds.
Growing trees.. Progress: 96%. Estimated remaining time: 13 seconds.

### [bt]: Job terminated successfully [batchtools job.id=10971]
### [bt]: Calculation finished!
