### [bt]: This is batchtools v0.9.17
### [bt]: Starting calculation of 1 jobs
### [bt]: Setting working directory to '/content'
### [bt]: Memory measurement disabled
### [bt]: Starting job [batchtools job.id=627]
### [bt]: Generating problem instance for problem '563768ad2e048da7' ...
### [bt]: Applying algorithm 'run_learner' on problem '563768ad2e048da7' for job 627 (seed = 750) ...
INFO  [14:18:57.980] [mlr3] Applying learner 'nnet calibrated platt cv5' on task 'credit-g' (iter 7/10)
# weights:  157
initial  value 462.999235 
iter  10 value 437.250734
final  value 437.250604 
converged
# weights:  157
initial  value 460.862273 
final  value 434.618853 
converged
# weights:  157
initial  value 602.273562 
final  value 446.390497 
converged
# weights:  157
initial  value 496.052372 
final  value 443.158763 
converged
# weights:  157
initial  value 570.107556 
iter  10 value 432.560534
iter  20 value 427.115165
iter  30 value 419.954159
iter  40 value 387.996085
iter  50 value 365.526226
iter  60 value 355.592992
iter  70 value 341.994994
iter  80 value 337.919887
iter  90 value 334.643566
iter 100 value 328.466408
final  value 328.466408 
stopped after 100 iterations
Warning: glm.fit: algorithm did not converge
This happened PipeOp classif.nnet's $train()

### [bt]: Job terminated successfully [batchtools job.id=627]
### [bt]: Calculation finished!
