### [bt]: This is batchtools v0.9.17
### [bt]: Starting calculation of 1 jobs
### [bt]: Setting working directory to '/content/drive/MyDrive/GitHub/Mater_Thesis_Calibration'
ece.R :
Friedmann_tasks.R :
Functions.R :
ici.R :
mse_feature_effects.R :
PipeOpCalibration.R :
### [bt]: Memory measurement disabled
### [bt]: Starting job [batchtools job.id=10966]
### [bt]: Generating problem instance for problem 'cfb05fadfc1e266b' ...
### [bt]: Applying algorithm 'run_learner' on problem 'cfb05fadfc1e266b' for job 10966 (seed = 11089) ...
INFO  [13:21:53.115] [mlr3] Applying learner 'ranger calibrated isotonic cv3' on task 'numerai28.6' (iter 6/10)
Growing trees.. Progress: 13%. Estimated remaining time: 3 minutes, 21 seconds.
Growing trees.. Progress: 27%. Estimated remaining time: 2 minutes, 51 seconds.
Growing trees.. Progress: 40%. Estimated remaining time: 2 minutes, 21 seconds.
Growing trees.. Progress: 53%. Estimated remaining time: 1 minute, 50 seconds.
Growing trees.. Progress: 66%. Estimated remaining time: 1 minute, 19 seconds.
Growing trees.. Progress: 80%. Estimated remaining time: 47 seconds.
Growing trees.. Progress: 93%. Estimated remaining time: 16 seconds.
Growing trees.. Progress: 11%. Estimated remaining time: 4 minutes, 11 seconds.
Growing trees.. Progress: 21%. Estimated remaining time: 3 minutes, 56 seconds.
Growing trees.. Progress: 31%. Estimated remaining time: 3 minutes, 30 seconds.
Growing trees.. Progress: 40%. Estimated remaining time: 3 minutes, 2 seconds.
Growing trees.. Progress: 45%. Estimated remaining time: 3 minutes, 10 seconds.
Growing trees.. Progress: 55%. Estimated remaining time: 2 minutes, 33 seconds.
Growing trees.. Progress: 65%. Estimated remaining time: 1 minute, 58 seconds.
Growing trees.. Progress: 75%. Estimated remaining time: 1 minute, 24 seconds.
Growing trees.. Progress: 85%. Estimated remaining time: 50 seconds.
Growing trees.. Progress: 95%. Estimated remaining time: 17 seconds.
Growing trees.. Progress: 10%. Estimated remaining time: 4 minutes, 36 seconds.
Growing trees.. Progress: 20%. Estimated remaining time: 4 minutes, 4 seconds.
Growing trees.. Progress: 30%. Estimated remaining time: 3 minutes, 42 seconds.
Growing trees.. Progress: 39%. Estimated remaining time: 3 minutes, 10 seconds.
Growing trees.. Progress: 49%. Estimated remaining time: 2 minutes, 39 seconds.
Growing trees.. Progress: 59%. Estimated remaining time: 2 minutes, 10 seconds.
Growing trees.. Progress: 69%. Estimated remaining time: 1 minute, 39 seconds.
Growing trees.. Progress: 72%. Estimated remaining time: 1 minute, 40 seconds.
Growing trees.. Progress: 82%. Estimated remaining time: 1 minute, 4 seconds.
Growing trees.. Progress: 89%. Estimated remaining time: 37 seconds.
Growing trees.. Progress: 99%. Estimated remaining time: 2 seconds.

### [bt]: Job terminated successfully [batchtools job.id=10966]
### [bt]: Calculation finished!
