### [bt]: This is batchtools v0.9.17
### [bt]: Starting calculation of 1 jobs
### [bt]: Setting working directory to '/content'
### [bt]: Memory measurement disabled
### [bt]: Starting job [batchtools job.id=10868]
### [bt]: Generating problem instance for problem 'cfb05fadfc1e266b' ...
### [bt]: Applying algorithm 'run_learner' on problem 'cfb05fadfc1e266b' for job 10868 (seed = 10991) ...
INFO  [16:54:20.786] [mlr3] Applying learner 'nnet calibrated platt cv5' on task 'numerai28.6' (iter 8/10)
# weights:  70
initial  value 50430.079217 
iter  10 value 47970.185505
iter  20 value 47934.205798
iter  30 value 47913.873447
iter  40 value 47891.013836
iter  50 value 47879.406653
iter  60 value 47870.580493
iter  70 value 47860.572381
iter  80 value 47846.410524
iter  90 value 47836.518260
iter 100 value 47835.376460
final  value 47835.376460 
stopped after 100 iterations
# weights:  70
initial  value 48129.287017 
iter  10 value 47962.764788
iter  20 value 47941.530136
iter  30 value 47916.309206
iter  40 value 47896.296129
iter  50 value 47888.033209
iter  60 value 47885.803250
iter  70 value 47883.830489
iter  80 value 47877.162148
iter  90 value 47865.468632
iter 100 value 47853.398477
final  value 47853.398477 
stopped after 100 iterations
# weights:  70
initial  value 48267.541027 
iter  10 value 48038.497203
iter  20 value 47948.707436
iter  30 value 47930.231710
iter  40 value 47915.898758
iter  50 value 47907.067862
iter  60 value 47901.689212
iter  70 value 47895.211286
iter  80 value 47887.269375
iter  90 value 47880.953861
iter 100 value 47877.018156
final  value 47877.018156 
stopped after 100 iterations
# weights:  70
initial  value 48836.334922 
iter  10 value 48013.329660
iter  20 value 47946.604360
iter  30 value 47930.812488
iter  40 value 47908.676795
iter  50 value 47893.268716
iter  60 value 47886.973393
iter  70 value 47882.522484
iter  80 value 47879.743971
iter  90 value 47873.813513
iter 100 value 47864.981301
final  value 47864.981301 
stopped after 100 iterations
# weights:  70
initial  value 49928.211771 
iter  10 value 48039.051676
iter  20 value 47968.528017
iter  30 value 47941.673502
iter  40 value 47925.344647
iter  50 value 47902.313897
iter  60 value 47889.143582
iter  70 value 47869.042595
iter  80 value 47861.630611
iter  90 value 47859.297982
iter 100 value 47857.826394
final  value 47857.826394 
stopped after 100 iterations

### [bt]: Job terminated successfully [batchtools job.id=10868]
### [bt]: Calculation finished!
