### [bt]: This is batchtools v0.9.17
### [bt]: Starting calculation of 1 jobs
### [bt]: Setting working directory to '/content'
### [bt]: Memory measurement disabled
### [bt]: Starting job [batchtools job.id=7013]
### [bt]: Generating problem instance for problem 'c27a1cbf9c91424a' ...
### [bt]: Applying algorithm 'run_learner' on problem 'c27a1cbf9c91424a' for job 7013 (seed = 7136) ...
INFO  [14:30:30.349] [mlr3] Applying learner 'nnet calibrated platt cv3' on task 'ilpd' (iter 3/10)
# weights:  37
initial  value 237.270902 
iter  10 value 202.388555
iter  20 value 202.381985
final  value 202.381978 
converged
# weights:  37
initial  value 361.386952 
final  value 209.057311 
converged
# weights:  37
initial  value 299.099448 
iter  10 value 211.273814
iter  20 value 200.500664
iter  30 value 199.957898
iter  40 value 199.952759
final  value 199.952700 
converged
Warning in predict.lm(object, newdata, se.fit, scale = 1, type = if (type ==  :
  prediction from rank-deficient fit; attr(*, "non-estim") has doubtful cases
This happened PipeOp classif.nnet's $predict()

### [bt]: Job terminated successfully [batchtools job.id=7013]
### [bt]: Calculation finished!
