### [bt]: This is batchtools v0.9.17
### [bt]: Starting calculation of 1 jobs
### [bt]: Setting working directory to '/content'
### [bt]: Memory measurement disabled
### [bt]: Starting job [batchtools job.id=7724]
### [bt]: Generating problem instance for problem '22f4988139232849' ...
### [bt]: Applying algorithm 'run_learner' on problem '22f4988139232849' for job 7724 (seed = 7847) ...
INFO  [15:54:51.898] [mlr3] Applying learner 'glmnet calibrated beta cv5' on task 'nomao' (iter 4/10)
[1] -44.65497
[1] 44.77815
[1] -52.99187
[1] 37.95344
[1] -49.58551
[1] 37.24617
[1] -46.55604
[1] 38.36617
[1] -49.12646
[1] 33.59195

### [bt]: Job terminated successfully [batchtools job.id=7724]
### [bt]: Calculation finished!
