### [bt]: This is batchtools v0.9.17
### [bt]: Starting calculation of 1 jobs
### [bt]: Setting working directory to '/content'
### [bt]: Memory measurement disabled
### [bt]: Starting job [batchtools job.id=4458]
### [bt]: Generating problem instance for problem '341ee781c7d79b8f' ...
### [bt]: Applying algorithm 'run_learner' on problem '341ee781c7d79b8f' for job 4458 (seed = 4581) ...
INFO  [14:24:44.943] [mlr3] Applying learner 'nnet calibrated platt cv3' on task 'wdbc' (iter 8/10)
# weights:  97
initial  value 230.313860 
final  value 225.141298 
converged
# weights:  97
initial  value 226.160122 
final  value 224.072572 
converged
# weights:  97
initial  value 314.544021 
final  value 226.126531 
converged

### [bt]: Job terminated successfully [batchtools job.id=4458]
### [bt]: Calculation finished!
