### [bt]: This is batchtools v0.9.17
### [bt]: Starting calculation of 4 jobs
### [bt]: Setting working directory to '/Users/I578045/Desktop/Mater_Thesis_Calibration'
ece.R :
Friedmann_tasks.R :
Functions.R :
ici.R :
mse_feature_effects.R :
PipeOpCalibration.R :
### [bt]: Memory measurement disabled
### [bt]: Starting job [batchtools job.id=1907]
### [bt]: Generating problem instance for problem '358d8f8187803581' ...
### [bt]: Applying algorithm 'run_learner' on problem '358d8f8187803581' for job 1907 (seed = 2030) ...
INFO  [12:21:30.770] [mlr3] Applying learner 'nnet calibrated platt cv5' on task 'electricity' (iter 7/10)
# weights:  46
initial  value 27990.115771 
iter  10 value 19855.067599
iter  20 value 16939.751864
iter  30 value 16345.278701
iter  40 value 16047.063447
iter  50 value 15911.145767
iter  60 value 15738.146682
iter  70 value 15713.066580
iter  80 value 15697.445075
iter  90 value 15656.767054
iter 100 value 15625.513178
final  value 15625.513178 
stopped after 100 iterations
# weights:  46
initial  value 22478.496447 
iter  10 value 19922.758094
iter  20 value 18573.532916
iter  30 value 17441.477301
iter  40 value 16791.580176
iter  50 value 16106.237300
iter  60 value 15939.674955
iter  70 value 15802.204717
iter  80 value 15715.307397
iter  90 value 15652.330205
iter 100 value 15621.742958
final  value 15621.742958 
stopped after 100 iterations
# weights:  46
initial  value 24940.054224 
iter  10 value 20111.173058
iter  20 value 19494.227154
iter  30 value 19300.392066
iter  40 value 18189.369224
iter  50 value 16783.828447
iter  60 value 15983.134691
iter  70 value 15825.939668
iter  80 value 15655.841914
iter  90 value 15586.259162
iter 100 value 15567.815973
final  value 15567.815973 
stopped after 100 iterations
# weights:  46
initial  value 27137.280159 
iter  10 value 20070.748579
iter  20 value 18980.180522
iter  30 value 17425.138113
iter  40 value 16373.985143
iter  50 value 16216.888406
iter  60 value 16100.195529
iter  70 value 15993.116699
iter  80 value 15938.178278
iter  90 value 15901.684195
iter 100 value 15886.844147
final  value 15886.844147 
stopped after 100 iterations
# weights:  46
initial  value 23578.052033 
iter  10 value 20914.415779
iter  20 value 19701.252713
iter  30 value 17632.875030
iter  40 value 16221.779487
iter  50 value 15915.526703
iter  60 value 15807.991776
iter  70 value 15758.415913
iter  80 value 15603.991424
iter  90 value 15562.451694
iter 100 value 15549.779750
final  value 15549.779750 
stopped after 100 iterations

### [bt]: Job terminated successfully [batchtools job.id=1907]
### [bt]: Starting job [batchtools job.id=1908]
### [bt]: Generating problem instance for problem '358d8f8187803581' ...
### [bt]: Applying algorithm 'run_learner' on problem '358d8f8187803581' for job 1908 (seed = 2031) ...
INFO  [12:21:41.811] [mlr3] Applying learner 'nnet calibrated platt cv5' on task 'electricity' (iter 8/10)
# weights:  46
initial  value 25321.260410 
iter  10 value 19532.290514
iter  20 value 18017.456448
iter  30 value 16857.393877
iter  40 value 16060.079527
iter  50 value 15514.083806
iter  60 value 15461.849438
iter  70 value 15442.404961
iter  80 value 15377.510842
iter  90 value 15368.743047
iter 100 value 15366.722869
final  value 15366.722869 
stopped after 100 iterations
# weights:  46
initial  value 22291.828271 
iter  10 value 20039.508483
iter  20 value 18230.968972
iter  30 value 16654.399133
iter  40 value 16306.336468
iter  50 value 16163.125440
iter  60 value 16063.321907
iter  70 value 16027.056737
iter  80 value 15968.262199
iter  90 value 15943.762921
iter 100 value 15937.165478
final  value 15937.165478 
stopped after 100 iterations
# weights:  46
initial  value 22396.848387 
iter  10 value 19559.743523
iter  20 value 17862.271060
iter  30 value 16343.635717
iter  40 value 16072.140330
iter  50 value 16011.453265
iter  60 value 15985.588700
iter  70 value 15977.092604
iter  80 value 15961.971441
iter  90 value 15939.241488
iter 100 value 15920.841680
final  value 15920.841680 
stopped after 100 iterations
# weights:  46
initial  value 24810.247130 
iter  10 value 19621.460881
iter  20 value 17457.572979
iter  30 value 16221.022983
iter  40 value 15896.462884
iter  50 value 15846.072562
iter  60 value 15798.771205
iter  70 value 15681.646138
iter  80 value 15499.221394
iter  90 value 15381.662646
iter 100 value 15368.864988
final  value 15368.864988 
stopped after 100 iterations
# weights:  46
initial  value 25359.346376 
iter  10 value 20588.545699
iter  20 value 19099.987197
iter  30 value 17309.395665
iter  40 value 16575.962857
iter  50 value 16230.999642
iter  60 value 16037.926950
iter  70 value 15967.828272
iter  80 value 15948.961612
iter  90 value 15933.064368
iter 100 value 15912.429126
final  value 15912.429126 
stopped after 100 iterations

### [bt]: Job terminated successfully [batchtools job.id=1908]
### [bt]: Starting job [batchtools job.id=1909]
### [bt]: Generating problem instance for problem '358d8f8187803581' ...
### [bt]: Applying algorithm 'run_learner' on problem '358d8f8187803581' for job 1909 (seed = 2032) ...
INFO  [12:21:52.579] [mlr3] Applying learner 'nnet calibrated platt cv5' on task 'electricity' (iter 9/10)
# weights:  46
initial  value 22940.056692 
iter  10 value 19437.430809
iter  20 value 18427.723814
iter  30 value 17282.265426
iter  40 value 16255.215953
iter  50 value 15705.652625
iter  60 value 15616.951045
iter  70 value 15504.563851
iter  80 value 15426.269340
iter  90 value 15376.340524
iter 100 value 15371.672402
final  value 15371.672402 
stopped after 100 iterations
# weights:  46
initial  value 22388.058317 
iter  10 value 20099.474214
iter  20 value 18774.578742
iter  30 value 17027.366754
iter  40 value 16181.567150
iter  50 value 15918.868516
iter  60 value 15830.262708
iter  70 value 15750.088381
iter  80 value 15693.025512
iter  90 value 15581.572254
iter 100 value 15515.533904
final  value 15515.533904 
stopped after 100 iterations
# weights:  46
initial  value 25349.707086 
iter  10 value 20073.141866
iter  20 value 19369.087289
iter  30 value 17524.789059
iter  40 value 16485.418141
iter  50 value 16211.512411
iter  60 value 16013.679987
iter  70 value 15648.609947
iter  80 value 15403.726464
iter  90 value 15316.065244
iter 100 value 15259.407246
final  value 15259.407246 
stopped after 100 iterations
# weights:  46
initial  value 22839.474379 
iter  10 value 19811.170685
iter  20 value 18861.331214
iter  30 value 16534.762934
iter  40 value 16048.895356
iter  50 value 15872.108021
iter  60 value 15752.146770
iter  70 value 15658.438989
iter  80 value 15399.245044
iter  90 value 15328.529468
iter 100 value 15316.640216
final  value 15316.640216 
stopped after 100 iterations
# weights:  46
initial  value 25910.645166 
iter  10 value 19947.000245
iter  20 value 17151.073812
iter  30 value 16259.754867
iter  40 value 15959.302015
iter  50 value 15828.311271
iter  60 value 15606.462098
iter  70 value 15361.704444
iter  80 value 15312.764215
iter  90 value 15242.056125
iter 100 value 15194.532846
final  value 15194.532846 
stopped after 100 iterations

### [bt]: Job terminated successfully [batchtools job.id=1909]
### [bt]: Starting job [batchtools job.id=1910]
### [bt]: Generating problem instance for problem '358d8f8187803581' ...
### [bt]: Applying algorithm 'run_learner' on problem '358d8f8187803581' for job 1910 (seed = 2033) ...
INFO  [12:22:04.200] [mlr3] Applying learner 'nnet calibrated platt cv5' on task 'electricity' (iter 10/10)
# weights:  46
initial  value 22767.025057 
iter  10 value 20054.611029
iter  20 value 19639.698770
iter  30 value 17583.202071
iter  40 value 16271.929263
iter  50 value 15888.166178
iter  60 value 15726.827902
iter  70 value 15617.947761
iter  80 value 15550.251685
iter  90 value 15524.819152
iter 100 value 15518.148292
final  value 15518.148292 
stopped after 100 iterations
# weights:  46
initial  value 24867.352392 
iter  10 value 20672.415998
iter  20 value 19986.826889
iter  30 value 19507.286470
iter  40 value 18378.059166
iter  50 value 16479.155947
iter  60 value 16141.691857
iter  70 value 16001.781422
iter  80 value 15954.757204
iter  90 value 15911.825147
iter 100 value 15896.676138
final  value 15896.676138 
stopped after 100 iterations
# weights:  46
initial  value 29061.707057 
iter  10 value 19866.434302
iter  20 value 19228.896244
iter  30 value 17572.507937
iter  40 value 16419.160273
iter  50 value 15941.164768
iter  60 value 15694.040543
iter  70 value 15557.223139
iter  80 value 15523.170077
iter  90 value 15509.607761
iter 100 value 15501.480153
final  value 15501.480153 
stopped after 100 iterations
# weights:  46
initial  value 22334.401689 
iter  10 value 20047.118002
iter  20 value 18714.778408
iter  30 value 17240.605693
iter  40 value 16316.175770
iter  50 value 15982.671989
iter  60 value 15871.095132
iter  70 value 15799.611904
iter  80 value 15759.734800
iter  90 value 15731.242779
iter 100 value 15690.307105
final  value 15690.307105 
stopped after 100 iterations
# weights:  46
initial  value 22497.322686 
iter  10 value 19628.592610
iter  20 value 17810.417756
iter  30 value 16582.196687
iter  40 value 16089.109743
iter  50 value 15724.291372
iter  60 value 15645.752174
iter  70 value 15575.493735
iter  80 value 15554.495639
iter  90 value 15517.327977
iter 100 value 15423.414987
final  value 15423.414987 
stopped after 100 iterations

### [bt]: Job terminated successfully [batchtools job.id=1910]
### [bt]: Calculation finished!
