### [bt]: This is batchtools v0.9.17
### [bt]: Starting calculation of 1 jobs
### [bt]: Setting working directory to '/content'
### [bt]: Memory measurement disabled
### [bt]: Starting job [batchtools job.id=9535]
### [bt]: Generating problem instance for problem '0ecb79b078d7aa0a' ...
### [bt]: Applying algorithm 'run_learner' on problem '0ecb79b078d7aa0a' for job 9535 (seed = 9658) ...
INFO  [14:33:57.892] [mlr3] Applying learner 'nnet calibrated isotonic cv5' on task 'PhishingWebsites' (iter 5/10)
# weights:  121
initial  value 5768.174517 
iter  10 value 1633.501074
iter  20 value 1016.190509
iter  30 value 915.358810
iter  40 value 873.568144
iter  50 value 843.311009
iter  60 value 823.091407
iter  70 value 805.641000
iter  80 value 797.674013
iter  90 value 787.599100
iter 100 value 780.296688
final  value 780.296688 
stopped after 100 iterations
# weights:  121
initial  value 5471.821796 
iter  10 value 1309.427636
iter  20 value 1172.237521
iter  30 value 1101.370490
iter  40 value 1013.550042
iter  50 value 928.929292
iter  60 value 890.386464
iter  70 value 860.799774
iter  80 value 850.719541
iter  90 value 843.722175
iter 100 value 832.641324
final  value 832.641324 
stopped after 100 iterations
# weights:  121
initial  value 5479.922818 
iter  10 value 1661.037276
iter  20 value 1191.278666
iter  30 value 1079.949806
iter  40 value 979.018759
iter  50 value 925.763041
iter  60 value 876.986127
iter  70 value 851.659276
iter  80 value 833.876703
iter  90 value 826.291468
iter 100 value 817.986232
final  value 817.986232 
stopped after 100 iterations
# weights:  121
initial  value 5398.329756 
iter  10 value 1667.328943
iter  20 value 1093.561705
iter  30 value 934.703941
iter  40 value 865.569846
iter  50 value 833.840551
iter  60 value 812.105637
iter  70 value 786.714911
iter  80 value 774.821538
iter  90 value 768.181360
iter 100 value 765.460816
final  value 765.460816 
stopped after 100 iterations
# weights:  121
initial  value 6220.072541 
iter  10 value 1825.913118
iter  20 value 1161.716824
iter  30 value 1089.570692
iter  40 value 1042.061761
iter  50 value 992.309246
iter  60 value 933.562652
iter  70 value 897.195642
iter  80 value 884.972016
iter  90 value 873.604553
iter 100 value 864.160718
final  value 864.160718 
stopped after 100 iterations

### [bt]: Job terminated successfully [batchtools job.id=9535]
### [bt]: Calculation finished!
