### [bt]: This is batchtools v0.9.17
### [bt]: Starting calculation of 5 jobs
### [bt]: Setting working directory to '/Users/adrian/Desktop/Mater_Thesis_Calibration'
ece.R :
Friedmann_tasks.R :
Functions.R :
ici.R :
mse_feature_effects.R :
PipeOpCalibration.R :
### [bt]: Memory measurement disabled
### [bt]: Starting job [batchtools job.id=6001]
### [bt]: Generating problem instance for problem 'a6b2cabd9f84c607' ...
### [bt]: Applying algorithm 'run_learner' on problem 'a6b2cabd9f84c607' for job 6001 (seed = 6124) ...
INFO  [16:43:17.312] [mlr3] Applying learner 'rpart calibrated isotonic cv3' on task 'phoneme' (iter 1/10)

### [bt]: Job terminated successfully [batchtools job.id=6001]
### [bt]: Starting job [batchtools job.id=6002]
### [bt]: Generating problem instance for problem 'a6b2cabd9f84c607' ...
### [bt]: Applying algorithm 'run_learner' on problem 'a6b2cabd9f84c607' for job 6002 (seed = 6125) ...
INFO  [16:43:17.515] [mlr3] Applying learner 'rpart calibrated isotonic cv3' on task 'phoneme' (iter 2/10)

### [bt]: Job terminated successfully [batchtools job.id=6002]
### [bt]: Starting job [batchtools job.id=6003]
### [bt]: Generating problem instance for problem 'a6b2cabd9f84c607' ...
### [bt]: Applying algorithm 'run_learner' on problem 'a6b2cabd9f84c607' for job 6003 (seed = 6126) ...
INFO  [16:43:17.876] [mlr3] Applying learner 'rpart calibrated isotonic cv3' on task 'phoneme' (iter 3/10)

### [bt]: Job terminated successfully [batchtools job.id=6003]
### [bt]: Starting job [batchtools job.id=6004]
### [bt]: Generating problem instance for problem 'a6b2cabd9f84c607' ...
### [bt]: Applying algorithm 'run_learner' on problem 'a6b2cabd9f84c607' for job 6004 (seed = 6127) ...
INFO  [16:43:18.066] [mlr3] Applying learner 'rpart calibrated isotonic cv3' on task 'phoneme' (iter 4/10)

### [bt]: Job terminated successfully [batchtools job.id=6004]
### [bt]: Starting job [batchtools job.id=6005]
### [bt]: Generating problem instance for problem 'a6b2cabd9f84c607' ...
### [bt]: Applying algorithm 'run_learner' on problem 'a6b2cabd9f84c607' for job 6005 (seed = 6128) ...
INFO  [16:43:25.645] [mlr3] Applying learner 'rpart calibrated isotonic cv3' on task 'phoneme' (iter 5/10)

### [bt]: Job terminated successfully [batchtools job.id=6005]
### [bt]: Calculation finished!
