### [bt]: This is batchtools v0.9.17
### [bt]: Starting calculation of 1 jobs
### [bt]: Setting working directory to '/content'
### [bt]: Memory measurement disabled
### [bt]: Starting job [batchtools job.id=5001]
### [bt]: Generating problem instance for problem '341ee781c7d79b8f' ...
### [bt]: Applying algorithm 'run_learner' on problem '341ee781c7d79b8f' for job 5001 (seed = 5124) ...
INFO  [14:25:17.576] [mlr3] Applying learner 'xgboost calibrated beta cv5' on task 'wdbc' (iter 1/10)
[1] -23.40494
[1] 53.61525
[1] -44.35621
[1] 94.19233
Warning: glm.fit: fitted probabilities numerically 0 or 1 occurred
This happened PipeOp classif.xgboost's $train()
[1] -655.5524
[1] 9.64425
[1] -75.52847
[1] 40.02072
[1] -85.09083
[1] 16.98549

### [bt]: Job terminated successfully [batchtools job.id=5001]
### [bt]: Calculation finished!
