### [bt]: This is batchtools v0.9.17
### [bt]: Starting calculation of 5 jobs
### [bt]: Setting working directory to '/Users/adrian/Desktop/Mater_Thesis_Calibration'
### [bt]: Memory measurement disabled
### [bt]: Starting job [batchtools job.id=1786]
### [bt]: Generating problem instance for problem '257f58d7d9640369' ...
### [bt]: Applying algorithm 'run_learner' on problem '257f58d7d9640369' for job 1786 (seed = 1787) ...
INFO  [12:04:14.752] [mlr3] Applying learner 'kknn calibrated isotonic cv_5' on task 'ilpd' (iter 6/10)

### [bt]: Job terminated successfully [batchtools job.id=1786]
### [bt]: Starting job [batchtools job.id=1787]
### [bt]: Generating problem instance for problem '257f58d7d9640369' ...
### [bt]: Applying algorithm 'run_learner' on problem '257f58d7d9640369' for job 1787 (seed = 1788) ...
INFO  [12:04:15.194] [mlr3] Applying learner 'kknn calibrated isotonic cv_5' on task 'ilpd' (iter 7/10)

### [bt]: Job terminated successfully [batchtools job.id=1787]
### [bt]: Starting job [batchtools job.id=1788]
### [bt]: Generating problem instance for problem '257f58d7d9640369' ...
### [bt]: Applying algorithm 'run_learner' on problem '257f58d7d9640369' for job 1788 (seed = 1789) ...
INFO  [12:04:18.509] [mlr3] Applying learner 'kknn calibrated isotonic cv_5' on task 'ilpd' (iter 8/10)

### [bt]: Job terminated successfully [batchtools job.id=1788]
### [bt]: Starting job [batchtools job.id=1789]
### [bt]: Generating problem instance for problem '257f58d7d9640369' ...
### [bt]: Applying algorithm 'run_learner' on problem '257f58d7d9640369' for job 1789 (seed = 1790) ...
INFO  [12:04:18.919] [mlr3] Applying learner 'kknn calibrated isotonic cv_5' on task 'ilpd' (iter 9/10)

### [bt]: Job terminated successfully [batchtools job.id=1789]
### [bt]: Starting job [batchtools job.id=1790]
### [bt]: Generating problem instance for problem '257f58d7d9640369' ...
### [bt]: Applying algorithm 'run_learner' on problem '257f58d7d9640369' for job 1790 (seed = 1791) ...
INFO  [12:04:19.488] [mlr3] Applying learner 'kknn calibrated isotonic cv_5' on task 'ilpd' (iter 10/10)

### [bt]: Job terminated successfully [batchtools job.id=1790]
### [bt]: Calculation finished!
