### [bt]: This is batchtools v0.9.17
### [bt]: Starting calculation of 1 jobs
### [bt]: Setting working directory to '/content'
### [bt]: Memory measurement disabled
### [bt]: Starting job [batchtools job.id=10974]
### [bt]: Generating problem instance for problem 'cfb05fadfc1e266b' ...
### [bt]: Applying algorithm 'run_learner' on problem 'cfb05fadfc1e266b' for job 10974 (seed = 11097) ...
INFO  [22:42:51.901] [mlr3] Applying learner 'ranger calibrated isotonic cv5' on task 'numerai28.6' (iter 4/10)
Growing trees.. Progress: 14%. Estimated remaining time: 3 minutes, 8 seconds.
Growing trees.. Progress: 28%. Estimated remaining time: 2 minutes, 41 seconds.
Growing trees.. Progress: 41%. Estimated remaining time: 2 minutes, 11 seconds.
Growing trees.. Progress: 55%. Estimated remaining time: 1 minute, 41 seconds.
Growing trees.. Progress: 69%. Estimated remaining time: 1 minute, 11 seconds.
Growing trees.. Progress: 82%. Estimated remaining time: 39 seconds.
Growing trees.. Progress: 96%. Estimated remaining time: 8 seconds.
Growing trees.. Progress: 14%. Estimated remaining time: 3 minutes, 16 seconds.
Growing trees.. Progress: 28%. Estimated remaining time: 2 minutes, 42 seconds.
Growing trees.. Progress: 42%. Estimated remaining time: 2 minutes, 11 seconds.
Growing trees.. Progress: 55%. Estimated remaining time: 1 minute, 39 seconds.
Growing trees.. Progress: 69%. Estimated remaining time: 1 minute, 8 seconds.
Growing trees.. Progress: 83%. Estimated remaining time: 37 seconds.
Growing trees.. Progress: 98%. Estimated remaining time: 4 seconds.
Growing trees.. Progress: 15%. Estimated remaining time: 3 minutes, 0 seconds.
Growing trees.. Progress: 30%. Estimated remaining time: 2 minutes, 24 seconds.
Growing trees.. Progress: 45%. Estimated remaining time: 1 minute, 55 seconds.
Growing trees.. Progress: 59%. Estimated remaining time: 1 minute, 24 seconds.
Growing trees.. Progress: 73%. Estimated remaining time: 56 seconds.
Growing trees.. Progress: 87%. Estimated remaining time: 26 seconds.
Growing trees.. Progress: 14%. Estimated remaining time: 3 minutes, 11 seconds.
Growing trees.. Progress: 28%. Estimated remaining time: 2 minutes, 39 seconds.
Growing trees.. Progress: 42%. Estimated remaining time: 2 minutes, 9 seconds.
Growing trees.. Progress: 56%. Estimated remaining time: 1 minute, 39 seconds.
Growing trees.. Progress: 69%. Estimated remaining time: 1 minute, 8 seconds.
Growing trees.. Progress: 83%. Estimated remaining time: 37 seconds.
Growing trees.. Progress: 97%. Estimated remaining time: 7 seconds.
Growing trees.. Progress: 13%. Estimated remaining time: 3 minutes, 19 seconds.
Growing trees.. Progress: 27%. Estimated remaining time: 2 minutes, 46 seconds.
Growing trees.. Progress: 41%. Estimated remaining time: 2 minutes, 11 seconds.
Growing trees.. Progress: 55%. Estimated remaining time: 1 minute, 39 seconds.
Growing trees.. Progress: 70%. Estimated remaining time: 1 minute, 7 seconds.
Growing trees.. Progress: 84%. Estimated remaining time: 35 seconds.
Growing trees.. Progress: 98%. Estimated remaining time: 4 seconds.

### [bt]: Job terminated successfully [batchtools job.id=10974]
### [bt]: Calculation finished!
