### [bt]: This is batchtools v0.9.17
### [bt]: Starting calculation of 5 jobs
### [bt]: Setting working directory to '/Users/I578045/Desktop/Mater_Thesis_Calibration'
ece.R :
Friedmann_tasks.R :
Functions.R :
ici.R :
mse_feature_effects.R :
PipeOpCalibration.R :
### [bt]: Memory measurement disabled
### [bt]: Starting job [batchtools job.id=1451]
### [bt]: Generating problem instance for problem '358d8f8187803581' ...
### [bt]: Applying algorithm 'run_learner' on problem '358d8f8187803581' for job 1451 (seed = 1574) ...
INFO  [15:33:00.810] [mlr3] Applying learner 'kknn calibrated beta 80' on task 'electricity' (iter 1/10)
Warning: glm.fit: fitted probabilities numerically 0 or 1 occurred
This happened PipeOp classif.kknn's $train()

### [bt]: Job terminated successfully [batchtools job.id=1451]
### [bt]: Starting job [batchtools job.id=1452]
### [bt]: Generating problem instance for problem '358d8f8187803581' ...
### [bt]: Applying algorithm 'run_learner' on problem '358d8f8187803581' for job 1452 (seed = 1575) ...
INFO  [15:33:06.932] [mlr3] Applying learner 'kknn calibrated beta 80' on task 'electricity' (iter 2/10)
Warning: glm.fit: fitted probabilities numerically 0 or 1 occurred
This happened PipeOp classif.kknn's $train()

### [bt]: Job terminated successfully [batchtools job.id=1452]
### [bt]: Starting job [batchtools job.id=1453]
### [bt]: Generating problem instance for problem '358d8f8187803581' ...
### [bt]: Applying algorithm 'run_learner' on problem '358d8f8187803581' for job 1453 (seed = 1576) ...
INFO  [15:33:13.137] [mlr3] Applying learner 'kknn calibrated beta 80' on task 'electricity' (iter 3/10)
Warning: glm.fit: fitted probabilities numerically 0 or 1 occurred
This happened PipeOp classif.kknn's $train()

### [bt]: Job terminated successfully [batchtools job.id=1453]
### [bt]: Starting job [batchtools job.id=1454]
### [bt]: Generating problem instance for problem '358d8f8187803581' ...
### [bt]: Applying algorithm 'run_learner' on problem '358d8f8187803581' for job 1454 (seed = 1577) ...
INFO  [15:33:19.125] [mlr3] Applying learner 'kknn calibrated beta 80' on task 'electricity' (iter 4/10)
Warning: glm.fit: fitted probabilities numerically 0 or 1 occurred
This happened PipeOp classif.kknn's $train()

### [bt]: Job terminated successfully [batchtools job.id=1454]
### [bt]: Starting job [batchtools job.id=1455]
### [bt]: Generating problem instance for problem '358d8f8187803581' ...
### [bt]: Applying algorithm 'run_learner' on problem '358d8f8187803581' for job 1455 (seed = 1578) ...
INFO  [15:33:25.675] [mlr3] Applying learner 'kknn calibrated beta 80' on task 'electricity' (iter 5/10)
Warning: glm.fit: fitted probabilities numerically 0 or 1 occurred
This happened PipeOp classif.kknn's $train()

### [bt]: Job terminated successfully [batchtools job.id=1455]
### [bt]: Calculation finished!
