### [bt]: This is batchtools v0.9.17
### [bt]: Starting calculation of 1 jobs
### [bt]: Setting working directory to '/content'
### [bt]: Memory measurement disabled
### [bt]: Starting job [batchtools job.id=8411]
### [bt]: Generating problem instance for problem '22f4988139232849' ...
### [bt]: Applying algorithm 'run_learner' on problem '22f4988139232849' for job 8411 (seed = 8534) ...
INFO  [19:49:30.093] [mlr3] Applying learner 'ranger calibrated isotonic cv5' on task 'nomao' (iter 1/10)
Growing trees.. Progress: 35%. Estimated remaining time: 56 seconds.
Growing trees.. Progress: 70%. Estimated remaining time: 26 seconds.
Growing trees.. Progress: 49%. Estimated remaining time: 32 seconds.
Growing trees.. Progress: 98%. Estimated remaining time: 1 seconds.
Growing trees.. Progress: 45%. Estimated remaining time: 37 seconds.
Growing trees.. Progress: 91%. Estimated remaining time: 5 seconds.
Growing trees.. Progress: 35%. Estimated remaining time: 57 seconds.
Growing trees.. Progress: 70%. Estimated remaining time: 26 seconds.
Growing trees.. Progress: 34%. Estimated remaining time: 58 seconds.
Growing trees.. Progress: 69%. Estimated remaining time: 27 seconds.

### [bt]: Job terminated successfully [batchtools job.id=8411]
### [bt]: Calculation finished!
