### [bt]: This is batchtools v0.9.17
### [bt]: Starting calculation of 1 jobs
### [bt]: Setting working directory to '/content'
### [bt]: Memory measurement disabled
### [bt]: Starting job [batchtools job.id=1166]
### [bt]: Generating problem instance for problem '563768ad2e048da7' ...
### [bt]: Applying algorithm 'run_learner' on problem '563768ad2e048da7' for job 1166 (seed = 1289) ...
INFO  [14:19:33.686] [mlr3] Applying learner 'xgboost calibrated beta cv5' on task 'credit-g' (iter 6/10)
[1] -46.94411
[1] 12.80606
[1] -16.1553
[1] 8.736188
[1] -29.84716
[1] 6.984518
[1] -16.78683
[1] 18.87899
[1] -16.5601
[1] 22.68543

### [bt]: Job terminated successfully [batchtools job.id=1166]
### [bt]: Calculation finished!
