### [bt]: This is batchtools v0.9.17
### [bt]: Starting calculation of 5 jobs
### [bt]: Setting working directory to '/Users/adrian/Desktop/Mater_Thesis_Calibration'
ece.R :
Friedmann_tasks.R :
Functions.R :
ici.R :
mse_feature_effects.R :
PipeOpCalibration.R :
### [bt]: Memory measurement disabled
### [bt]: Starting job [batchtools job.id=6151]
### [bt]: Generating problem instance for problem 'a6b2cabd9f84c607' ...
### [bt]: Applying algorithm 'run_learner' on problem 'a6b2cabd9f84c607' for job 6151 (seed = 6274) ...
INFO  [16:51:55.939] [mlr3] Applying learner 'svm calibrated isotonic 90' on task 'phoneme' (iter 1/10)

### [bt]: Job terminated successfully [batchtools job.id=6151]
### [bt]: Starting job [batchtools job.id=6152]
### [bt]: Generating problem instance for problem 'a6b2cabd9f84c607' ...
### [bt]: Applying algorithm 'run_learner' on problem 'a6b2cabd9f84c607' for job 6152 (seed = 6275) ...
INFO  [16:51:59.831] [mlr3] Applying learner 'svm calibrated isotonic 90' on task 'phoneme' (iter 2/10)

### [bt]: Job terminated successfully [batchtools job.id=6152]
### [bt]: Starting job [batchtools job.id=6153]
### [bt]: Generating problem instance for problem 'a6b2cabd9f84c607' ...
### [bt]: Applying algorithm 'run_learner' on problem 'a6b2cabd9f84c607' for job 6153 (seed = 6276) ...
INFO  [16:52:07.155] [mlr3] Applying learner 'svm calibrated isotonic 90' on task 'phoneme' (iter 3/10)

### [bt]: Job terminated successfully [batchtools job.id=6153]
### [bt]: Starting job [batchtools job.id=6154]
### [bt]: Generating problem instance for problem 'a6b2cabd9f84c607' ...
### [bt]: Applying algorithm 'run_learner' on problem 'a6b2cabd9f84c607' for job 6154 (seed = 6277) ...
INFO  [16:52:09.130] [mlr3] Applying learner 'svm calibrated isotonic 90' on task 'phoneme' (iter 4/10)

### [bt]: Job terminated successfully [batchtools job.id=6154]
### [bt]: Starting job [batchtools job.id=6155]
### [bt]: Generating problem instance for problem 'a6b2cabd9f84c607' ...
### [bt]: Applying algorithm 'run_learner' on problem 'a6b2cabd9f84c607' for job 6155 (seed = 6278) ...
INFO  [16:52:13.769] [mlr3] Applying learner 'svm calibrated isotonic 90' on task 'phoneme' (iter 5/10)

### [bt]: Job terminated successfully [batchtools job.id=6155]
### [bt]: Calculation finished!
