### [bt]: This is batchtools v0.9.17
### [bt]: Starting calculation of 1 jobs
### [bt]: Setting working directory to '/content'
### [bt]: Memory measurement disabled
### [bt]: Starting job [batchtools job.id=8274]
### [bt]: Generating problem instance for problem '22f4988139232849' ...
### [bt]: Applying algorithm 'run_learner' on problem '22f4988139232849' for job 8274 (seed = 8397) ...
INFO  [16:30:07.086] [mlr3] Applying learner 'nnet calibrated platt 80' on task 'nomao' (iter 4/10)
# weights:  442
initial  value 25468.731770 
iter  10 value 6200.378271
iter  20 value 4166.566357
iter  30 value 3635.820713
iter  40 value 3261.153141
iter  50 value 3029.311621
iter  60 value 2923.169834
iter  70 value 2858.250922
iter  80 value 2807.731029
iter  90 value 2791.490642
iter 100 value 2765.278873
final  value 2765.278873 
stopped after 100 iterations

### [bt]: Job terminated successfully [batchtools job.id=8274]
### [bt]: Calculation finished!
