### [bt]: This is batchtools v0.9.17
### [bt]: Starting calculation of 5 jobs
### [bt]: Setting working directory to '/Users/adrian/Desktop/Mater_Thesis_Calibration'
ece.R :
Friedmann_tasks.R :
Functions.R :
ici.R :
mse_feature_effects.R :
PipeOpCalibration.R :
### [bt]: Memory measurement disabled
### [bt]: Starting job [batchtools job.id=3651]
### [bt]: Generating problem instance for problem 'b541340d6c2eb21d' ...
### [bt]: Applying algorithm 'run_learner' on problem 'b541340d6c2eb21d' for job 3651 (seed = 3774) ...
INFO  [14:19:53.730] [mlr3] Applying learner 'svm calibrated platt cv3' on task 'kc1' (iter 1/10)

### [bt]: Job terminated successfully [batchtools job.id=3651]
### [bt]: Starting job [batchtools job.id=3652]
### [bt]: Generating problem instance for problem 'b541340d6c2eb21d' ...
### [bt]: Applying algorithm 'run_learner' on problem 'b541340d6c2eb21d' for job 3652 (seed = 3775) ...
INFO  [14:19:59.503] [mlr3] Applying learner 'svm calibrated platt cv3' on task 'kc1' (iter 2/10)

### [bt]: Job terminated successfully [batchtools job.id=3652]
### [bt]: Starting job [batchtools job.id=3653]
### [bt]: Generating problem instance for problem 'b541340d6c2eb21d' ...
### [bt]: Applying algorithm 'run_learner' on problem 'b541340d6c2eb21d' for job 3653 (seed = 3776) ...
INFO  [14:20:02.181] [mlr3] Applying learner 'svm calibrated platt cv3' on task 'kc1' (iter 3/10)

### [bt]: Job terminated successfully [batchtools job.id=3653]
### [bt]: Starting job [batchtools job.id=3654]
### [bt]: Generating problem instance for problem 'b541340d6c2eb21d' ...
### [bt]: Applying algorithm 'run_learner' on problem 'b541340d6c2eb21d' for job 3654 (seed = 3777) ...
INFO  [14:20:04.986] [mlr3] Applying learner 'svm calibrated platt cv3' on task 'kc1' (iter 4/10)

### [bt]: Job terminated successfully [batchtools job.id=3654]
### [bt]: Starting job [batchtools job.id=3655]
### [bt]: Generating problem instance for problem 'b541340d6c2eb21d' ...
### [bt]: Applying algorithm 'run_learner' on problem 'b541340d6c2eb21d' for job 3655 (seed = 3778) ...
INFO  [14:20:07.580] [mlr3] Applying learner 'svm calibrated platt cv3' on task 'kc1' (iter 5/10)

### [bt]: Job terminated successfully [batchtools job.id=3655]
### [bt]: Calculation finished!
