### [bt]: This is batchtools v0.9.17
### [bt]: Starting calculation of 1 jobs
### [bt]: Setting working directory to '/content'
### [bt]: Memory measurement disabled
### [bt]: Starting job [batchtools job.id=13611]
### [bt]: Generating problem instance for problem '341ee781c7d79b8f' ...
### [bt]: Applying algorithm 'run_learner' on problem '341ee781c7d79b8f' for job 13611 (seed = 13734) ...
INFO  [14:58:35.346] [mlr3] Applying learner 'nnet calibrated beta union' on task 'wdbc' (iter 1/10)
# weights:  97
initial  value 265.396216 
iter  10 value 119.721403
iter  20 value 98.548630
final  value 98.009174 
converged
# weights:  97
initial  value 266.511180 
final  value 265.932543 
converged
# weights:  97
initial  value 357.710276 
final  value 269.796712 
converged
# weights:  97
initial  value 280.693125 
final  value 272.846303 
converged
# weights:  97
initial  value 285.508518 
iter  10 value 152.101242
iter  20 value 146.457337
iter  30 value 139.129590
iter  40 value 137.408546
iter  50 value 123.580939
iter  60 value 119.991558
final  value 119.987013 
converged
[1] -22.32282
[1] 37.46485

### [bt]: Job terminated successfully [batchtools job.id=13611]
### [bt]: Calculation finished!
