### [bt]: This is batchtools v0.9.17
### [bt]: Starting calculation of 5 jobs
### [bt]: Setting working directory to '/Users/adrian/Desktop/Mater_Thesis_Calibration'
### [bt]: Memory measurement disabled
### [bt]: Starting job [batchtools job.id=2856]
### [bt]: Generating problem instance for problem '257f58d7d9640369' ...
### [bt]: Applying algorithm 'run_learner' on problem '257f58d7d9640369' for job 2856 (seed = 2857) ...
INFO  [12:39:58.709] [mlr3] Applying learner 'xgboost calibrated beta cv_10' on task 'ilpd' (iter 6/10)

### [bt]: Job terminated successfully [batchtools job.id=2856]
### [bt]: Starting job [batchtools job.id=2857]
### [bt]: Generating problem instance for problem '257f58d7d9640369' ...
### [bt]: Applying algorithm 'run_learner' on problem '257f58d7d9640369' for job 2857 (seed = 2858) ...
INFO  [12:40:20.110] [mlr3] Applying learner 'xgboost calibrated beta cv_10' on task 'ilpd' (iter 7/10)

### [bt]: Job terminated successfully [batchtools job.id=2857]
### [bt]: Starting job [batchtools job.id=2858]
### [bt]: Generating problem instance for problem '257f58d7d9640369' ...
### [bt]: Applying algorithm 'run_learner' on problem '257f58d7d9640369' for job 2858 (seed = 2859) ...
INFO  [12:40:37.262] [mlr3] Applying learner 'xgboost calibrated beta cv_10' on task 'ilpd' (iter 8/10)

### [bt]: Job terminated successfully [batchtools job.id=2858]
### [bt]: Starting job [batchtools job.id=2859]
### [bt]: Generating problem instance for problem '257f58d7d9640369' ...
### [bt]: Applying algorithm 'run_learner' on problem '257f58d7d9640369' for job 2859 (seed = 2860) ...
INFO  [12:40:54.652] [mlr3] Applying learner 'xgboost calibrated beta cv_10' on task 'ilpd' (iter 9/10)

### [bt]: Job terminated successfully [batchtools job.id=2859]
### [bt]: Starting job [batchtools job.id=2860]
### [bt]: Generating problem instance for problem '257f58d7d9640369' ...
### [bt]: Applying algorithm 'run_learner' on problem '257f58d7d9640369' for job 2860 (seed = 2861) ...
INFO  [12:41:11.786] [mlr3] Applying learner 'xgboost calibrated beta cv_10' on task 'ilpd' (iter 10/10)

### [bt]: Job terminated successfully [batchtools job.id=2860]
### [bt]: Calculation finished!
