### [bt]: This is batchtools v0.9.17
### [bt]: Starting calculation of 4 jobs
### [bt]: Setting working directory to '/Users/I578045/Desktop/Mater_Thesis_Calibration'
ece.R :
Friedmann_tasks.R :
Functions.R :
ici.R :
mse_feature_effects.R :
PipeOpCalibration.R :
### [bt]: Memory measurement disabled
### [bt]: Starting job [batchtools job.id=2217]
### [bt]: Generating problem instance for problem '358d8f8187803581' ...
### [bt]: Applying algorithm 'run_learner' on problem '358d8f8187803581' for job 2217 (seed = 2340) ...
INFO  [09:49:50.951] [mlr3] Applying learner 'rpart calibrated platt cv3' on task 'electricity' (iter 7/10)

### [bt]: Job terminated successfully [batchtools job.id=2217]
### [bt]: Starting job [batchtools job.id=2218]
### [bt]: Generating problem instance for problem '358d8f8187803581' ...
### [bt]: Applying algorithm 'run_learner' on problem '358d8f8187803581' for job 2218 (seed = 2341) ...
INFO  [09:49:52.925] [mlr3] Applying learner 'rpart calibrated platt cv3' on task 'electricity' (iter 8/10)

### [bt]: Job terminated successfully [batchtools job.id=2218]
### [bt]: Starting job [batchtools job.id=2219]
### [bt]: Generating problem instance for problem '358d8f8187803581' ...
### [bt]: Applying algorithm 'run_learner' on problem '358d8f8187803581' for job 2219 (seed = 2342) ...
INFO  [09:49:55.032] [mlr3] Applying learner 'rpart calibrated platt cv3' on task 'electricity' (iter 9/10)

### [bt]: Job terminated successfully [batchtools job.id=2219]
### [bt]: Starting job [batchtools job.id=2220]
### [bt]: Generating problem instance for problem '358d8f8187803581' ...
### [bt]: Applying algorithm 'run_learner' on problem '358d8f8187803581' for job 2220 (seed = 2343) ...
INFO  [09:49:56.726] [mlr3] Applying learner 'rpart calibrated platt cv3' on task 'electricity' (iter 10/10)

### [bt]: Job terminated successfully [batchtools job.id=2220]
### [bt]: Calculation finished!
