### [bt]: This is batchtools v0.9.17
### [bt]: Starting calculation of 1 jobs
### [bt]: Setting working directory to '/content/drive/MyDrive/GitHub/Mater_Thesis_Calibration'
Loading required package: mlr3verse
Loading required package: mlr3

Attaching package: ‘dplyr’

The following object is masked from ‘package:mlr3misc’:

    cross_join

The following objects are masked from ‘package:stats’:

    filter, lag

The following objects are masked from ‘package:base’:

    intersect, setdiff, setequal, union


Attaching package: ‘batchtools’

The following object is masked from ‘package:mlr3misc’:

    chunk

Loading required package: randomForest
randomForest 4.7-1.2
Type rfNews() to see new features/changes/bug fixes.

Attaching package: ‘randomForest’

The following object is masked from ‘package:dplyr’:

    combine

The following object is masked from ‘package:ggplot2’:

    margin

Loading required package: ranger

Attaching package: ‘ranger’

The following object is masked from ‘package:randomForest’:

    importance

Loading required package: palmerpenguins
ece.R :
Friedmann_tasks.R :
Functions.R :
ici.R :
mse_feature_effects.R :
PipeOpCalibration.R :
### [bt]: Memory measurement disabled
### [bt]: Starting job [batchtools job.id=10975]
### [bt]: Generating problem instance for problem 'cfb05fadfc1e266b' ...
### [bt]: Applying algorithm 'run_learner' on problem 'cfb05fadfc1e266b' for job 10975 (seed = 11098) ...
INFO  [15:40:00.635] [mlr3] Applying learner 'ranger calibrated isotonic cv5' on task 'numerai28.6' (iter 5/10)
Growing trees.. Progress: 10%. Estimated remaining time: 4 minutes, 24 seconds.
Growing trees.. Progress: 21%. Estimated remaining time: 3 minutes, 52 seconds.
Growing trees.. Progress: 31%. Estimated remaining time: 3 minutes, 22 seconds.
Growing trees.. Progress: 42%. Estimated remaining time: 2 minutes, 51 seconds.
Growing trees.. Progress: 52%. Estimated remaining time: 2 minutes, 20 seconds.
Growing trees.. Progress: 63%. Estimated remaining time: 1 minute, 48 seconds.
Growing trees.. Progress: 74%. Estimated remaining time: 1 minute, 17 seconds.
Growing trees.. Progress: 84%. Estimated remaining time: 46 seconds.
Growing trees.. Progress: 90%. Estimated remaining time: 32 seconds.
Computing prediction error.. Progress: 98%. Estimated remaining time: 0 seconds.
Growing trees.. Progress: 8%. Estimated remaining time: 6 minutes, 15 seconds.
Growing trees.. Progress: 15%. Estimated remaining time: 5 minutes, 44 seconds.
Growing trees.. Progress: 22%. Estimated remaining time: 5 minutes, 26 seconds.
Growing trees.. Progress: 30%. Estimated remaining time: 4 minutes, 53 seconds.
Growing trees.. Progress: 37%. Estimated remaining time: 4 minutes, 20 seconds.
Growing trees.. Progress: 45%. Estimated remaining time: 3 minutes, 48 seconds.
Growing trees.. Progress: 53%. Estimated remaining time: 3 minutes, 16 seconds.
Growing trees.. Progress: 60%. Estimated remaining time: 2 minutes, 44 seconds.
Growing trees.. Progress: 64%. Estimated remaining time: 2 minutes, 34 seconds.
Growing trees.. Progress: 72%. Estimated remaining time: 2 minutes, 0 seconds.
Growing trees.. Progress: 80%. Estimated remaining time: 1 minute, 26 seconds.
Growing trees.. Progress: 87%. Estimated remaining time: 53 seconds.
Growing trees.. Progress: 94%. Estimated remaining time: 27 seconds.
Computing prediction error.. Progress: 95%. Estimated remaining time: 1 seconds.
Growing trees.. Progress: 7%. Estimated remaining time: 6 minutes, 38 seconds.
Growing trees.. Progress: 14%. Estimated remaining time: 6 minutes, 13 seconds.
Growing trees.. Progress: 20%. Estimated remaining time: 6 minutes, 8 seconds.
Growing trees.. Progress: 27%. Estimated remaining time: 5 minutes, 27 seconds.
Growing trees.. Progress: 35%. Estimated remaining time: 4 minutes, 48 seconds.
Growing trees.. Progress: 45%. Estimated remaining time: 3 minutes, 50 seconds.
Growing trees.. Progress: 49%. Estimated remaining time: 3 minutes, 57 seconds.
Growing trees.. Progress: 59%. Estimated remaining time: 2 minutes, 58 seconds.
Growing trees.. Progress: 67%. Estimated remaining time: 2 minutes, 19 seconds.
Growing trees.. Progress: 77%. Estimated remaining time: 1 minute, 36 seconds.
Growing trees.. Progress: 85%. Estimated remaining time: 1 minute, 1 seconds.
Growing trees.. Progress: 96%. Estimated remaining time: 17 seconds.
Computing prediction error.. Progress: 97%. Estimated remaining time: 0 seconds.
Growing trees.. Progress: 8%. Estimated remaining time: 5 minutes, 59 seconds.
Growing trees.. Progress: 16%. Estimated remaining time: 5 minutes, 28 seconds.
Growing trees.. Progress: 22%. Estimated remaining time: 5 minutes, 30 seconds.
Growing trees.. Progress: 30%. Estimated remaining time: 4 minutes, 50 seconds.
