### [bt]: This is batchtools v0.9.17
### [bt]: Starting calculation of 1 jobs
### [bt]: Setting working directory to '/content/drive/MyDrive/GitHub/Mater_Thesis_Calibration'
ece.R :
Friedmann_tasks.R :
Functions.R :
ici.R :
mse_feature_effects.R :
PipeOpCalibration.R :
### [bt]: Memory measurement disabled
### [bt]: Starting job [batchtools job.id=10980]
### [bt]: Generating problem instance for problem 'cfb05fadfc1e266b' ...
### [bt]: Applying algorithm 'run_learner' on problem 'cfb05fadfc1e266b' for job 10980 (seed = 11103) ...
INFO  [13:25:31.119] [mlr3] Applying learner 'ranger calibrated isotonic cv5' on task 'numerai28.6' (iter 10/10)
Growing trees.. Progress: 10%. Estimated remaining time: 4 minutes, 30 seconds.
Growing trees.. Progress: 21%. Estimated remaining time: 3 minutes, 56 seconds.
Growing trees.. Progress: 31%. Estimated remaining time: 3 minutes, 24 seconds.
Growing trees.. Progress: 42%. Estimated remaining time: 2 minutes, 53 seconds.
Growing trees.. Progress: 52%. Estimated remaining time: 2 minutes, 22 seconds.
Growing trees.. Progress: 63%. Estimated remaining time: 1 minute, 50 seconds.
Growing trees.. Progress: 69%. Estimated remaining time: 1 minute, 43 seconds.
Growing trees.. Progress: 76%. Estimated remaining time: 1 minute, 19 seconds.
Growing trees.. Progress: 84%. Estimated remaining time: 54 seconds.
Growing trees.. Progress: 92%. Estimated remaining time: 28 seconds.
Growing trees.. Progress: 99%. Estimated remaining time: 1 seconds.
Growing trees.. Progress: 11%. Estimated remaining time: 4 minutes, 19 seconds.
Growing trees.. Progress: 21%. Estimated remaining time: 3 minutes, 48 seconds.
Growing trees.. Progress: 32%. Estimated remaining time: 3 minutes, 17 seconds.
Growing trees.. Progress: 43%. Estimated remaining time: 2 minutes, 46 seconds.
Growing trees.. Progress: 53%. Estimated remaining time: 2 minutes, 19 seconds.
Growing trees.. Progress: 63%. Estimated remaining time: 1 minute, 48 seconds.
Growing trees.. Progress: 74%. Estimated remaining time: 1 minute, 16 seconds.
Growing trees.. Progress: 84%. Estimated remaining time: 47 seconds.
Growing trees.. Progress: 95%. Estimated remaining time: 15 seconds.
Growing trees.. Progress: 97%. Estimated remaining time: 10 seconds.
Growing trees.. Progress: 9%. Estimated remaining time: 5 minutes, 7 seconds.
Growing trees.. Progress: 19%. Estimated remaining time: 4 minutes, 23 seconds.
Growing trees.. Progress: 29%. Estimated remaining time: 3 minutes, 46 seconds.
Growing trees.. Progress: 40%. Estimated remaining time: 3 minutes, 9 seconds.
Growing trees.. Progress: 50%. Estimated remaining time: 2 minutes, 36 seconds.
Growing trees.. Progress: 61%. Estimated remaining time: 2 minutes, 2 seconds.
Growing trees.. Progress: 70%. Estimated remaining time: 1 minute, 33 seconds.
Growing trees.. Progress: 82%. Estimated remaining time: 56 seconds.
Growing trees.. Progress: 88%. Estimated remaining time: 39 seconds.
Growing trees.. Progress: 100%. Estimated remaining time: 0 seconds.
Growing trees.. Progress: 11%. Estimated remaining time: 4 minutes, 19 seconds.
Growing trees.. Progress: 21%. Estimated remaining time: 3 minutes, 53 seconds.
Growing trees.. Progress: 32%. Estimated remaining time: 3 minutes, 21 seconds.
Growing trees.. Progress: 42%. Estimated remaining time: 2 minutes, 52 seconds.
Growing trees.. Progress: 51%. Estimated remaining time: 2 minutes, 26 seconds.
Growing trees.. Progress: 62%. Estimated remaining time: 1 minute, 53 seconds.
Growing trees.. Progress: 72%. Estimated remaining time: 1 minute, 23 seconds.
Growing trees.. Progress: 84%. Estimated remaining time: 48 seconds.
Growing trees.. Progress: 95%. Estimated remaining time: 15 seconds.
Growing trees.. Progress: 10%. Estimated remaining time: 4 minutes, 30 seconds.
Growing trees.. Progress: 21%. Estimated remaining time: 3 minutes, 56 seconds.
Growing trees.. Progress: 31%. Estimated remaining time: 3 minutes, 30 seconds.
Growing trees.. Progress: 41%. Estimated remaining time: 3 minutes, 1 seconds.
Growing trees.. Progress: 51%. Estimated remaining time: 2 minutes, 30 seconds.
Growing trees.. Progress: 61%. Estimated remaining time: 2 minutes, 0 seconds.
Growing trees.. Progress: 71%. Estimated remaining time: 1 minute, 29 seconds.
Growing trees.. Progress: 80%. Estimated remaining time: 1 minute, 1 seconds.
Growing trees.. Progress: 90%. Estimated remaining time: 30 seconds.
