### [bt]: This is batchtools v0.9.17
### [bt]: Starting calculation of 1 jobs
### [bt]: Setting working directory to '/content'
### [bt]: Memory measurement disabled
### [bt]: Starting job [batchtools job.id=4451]
### [bt]: Generating problem instance for problem '341ee781c7d79b8f' ...
### [bt]: Applying algorithm 'run_learner' on problem '341ee781c7d79b8f' for job 4451 (seed = 4574) ...
INFO  [14:24:44.211] [mlr3] Applying learner 'nnet calibrated platt cv3' on task 'wdbc' (iter 1/10)
# weights:  97
initial  value 246.095339 
final  value 223.519285 
converged
# weights:  97
initial  value 225.485940 
final  value 225.141298 
converged
# weights:  97
initial  value 264.423077 
final  value 227.612357 
converged

### [bt]: Job terminated successfully [batchtools job.id=4451]
### [bt]: Calculation finished!
