### [bt]: This is batchtools v0.9.17
### [bt]: Starting calculation of 1 jobs
### [bt]: Setting working directory to '/content'
### [bt]: Memory measurement disabled
### [bt]: Starting job [batchtools job.id=2763]
### [bt]: Generating problem instance for problem 'b541340d6c2eb21d' ...
### [bt]: Applying algorithm 'run_learner' on problem 'b541340d6c2eb21d' for job 2763 (seed = 2886) ...
INFO  [14:21:23.921] [mlr3] Applying learner 'kknn calibrated beta cv5' on task 'kc1' (iter 3/10)
[1] -105.8453
[1] 0.2519509
[1] -141.6544
[1] -0.2929421
[1] -82.43998
[1] -0.02320015
[1] -115.9983
[1] -1.391203
[1] -96.82648
[1] -0.3700765

### [bt]: Job terminated successfully [batchtools job.id=2763]
### [bt]: Calculation finished!
