### [bt]: This is batchtools v0.9.17
### [bt]: Starting calculation of 1 jobs
### [bt]: Setting working directory to '/content'
### [bt]: Memory measurement disabled
### [bt]: Starting job [batchtools job.id=6996]
### [bt]: Generating problem instance for problem 'c27a1cbf9c91424a' ...
### [bt]: Applying algorithm 'run_learner' on problem 'c27a1cbf9c91424a' for job 6996 (seed = 7119) ...
INFO  [14:30:29.707] [mlr3] Applying learner 'nnet calibrated platt 80' on task 'ilpd' (iter 6/10)
# weights:  37
initial  value 256.895112 
iter  10 value 240.501240
iter  20 value 234.410623
iter  30 value 230.997652
iter  40 value 229.575441
iter  50 value 228.644731
iter  60 value 227.051289
iter  70 value 221.607925
iter  80 value 203.419622
iter  90 value 200.728679
iter 100 value 199.295257
final  value 199.295257 
stopped after 100 iterations

### [bt]: Job terminated successfully [batchtools job.id=6996]
### [bt]: Calculation finished!
