### [bt]: This is batchtools v0.9.17
### [bt]: Starting calculation of 1 jobs
### [bt]: Setting working directory to '/content'
### [bt]: Memory measurement disabled
### [bt]: Starting job [batchtools job.id=12035]
### [bt]: Generating problem instance for problem '7f16ca74b5d8776b' ...
### [bt]: Applying algorithm 'run_learner' on problem '7f16ca74b5d8776b' for job 12035 (seed = 12158) ...
INFO  [14:49:10.977] [mlr3] Applying learner 'nnet calibrated beta cv3' on task 'churn' (iter 5/10)
# weights:  94
initial  value 3493.819093 
final  value 1231.116602 
converged
# weights:  94
initial  value 2665.839634 
final  value 1245.354757 
converged
# weights:  94
initial  value 1235.962736 
iter  10 value 1189.364251
iter  20 value 1186.764974
iter  30 value 1185.399292
iter  40 value 1184.500067
iter  50 value 1183.977823
iter  60 value 1183.649392
iter  70 value 1183.380610
iter  80 value 1182.927308
iter  90 value 1182.790230
iter 100 value 1181.962388
final  value 1181.962388 
stopped after 100 iterations
[1] -0.998852
[1] 12.16255

### [bt]: Job terminated successfully [batchtools job.id=12035]
### [bt]: Calculation finished!
