### [bt]: This is batchtools v0.9.17
### [bt]: Starting calculation of 5 jobs
### [bt]: Setting working directory to '/Users/I578045/Desktop/Mater_Thesis_Calibration'
ece.R :
Friedmann_tasks.R :
Functions.R :
ici.R :
mse_feature_effects.R :
PipeOpCalibration.R :
### [bt]: Memory measurement disabled
### [bt]: Starting job [batchtools job.id=2511]
### [bt]: Generating problem instance for problem '358d8f8187803581' ...
### [bt]: Applying algorithm 'run_learner' on problem '358d8f8187803581' for job 2511 (seed = 2634) ...
INFO  [21:06:09.618] [mlr3] Applying learner 'xgboost calibrated platt 80' on task 'electricity' (iter 1/10)

### [bt]: Job terminated successfully [batchtools job.id=2511]
### [bt]: Starting job [batchtools job.id=2512]
### [bt]: Generating problem instance for problem '358d8f8187803581' ...
### [bt]: Applying algorithm 'run_learner' on problem '358d8f8187803581' for job 2512 (seed = 2635) ...
INFO  [21:07:58.787] [mlr3] Applying learner 'xgboost calibrated platt 80' on task 'electricity' (iter 2/10)

### [bt]: Job terminated successfully [batchtools job.id=2512]
### [bt]: Starting job [batchtools job.id=2513]
### [bt]: Generating problem instance for problem '358d8f8187803581' ...
### [bt]: Applying algorithm 'run_learner' on problem '358d8f8187803581' for job 2513 (seed = 2636) ...
INFO  [21:09:48.567] [mlr3] Applying learner 'xgboost calibrated platt 80' on task 'electricity' (iter 3/10)

### [bt]: Job terminated successfully [batchtools job.id=2513]
### [bt]: Starting job [batchtools job.id=2514]
### [bt]: Generating problem instance for problem '358d8f8187803581' ...
### [bt]: Applying algorithm 'run_learner' on problem '358d8f8187803581' for job 2514 (seed = 2637) ...
INFO  [21:11:38.284] [mlr3] Applying learner 'xgboost calibrated platt 80' on task 'electricity' (iter 4/10)

### [bt]: Job terminated successfully [batchtools job.id=2514]
### [bt]: Starting job [batchtools job.id=2515]
### [bt]: Generating problem instance for problem '358d8f8187803581' ...
### [bt]: Applying algorithm 'run_learner' on problem '358d8f8187803581' for job 2515 (seed = 2638) ...
INFO  [21:13:28.121] [mlr3] Applying learner 'xgboost calibrated platt 80' on task 'electricity' (iter 5/10)

### [bt]: Job terminated successfully [batchtools job.id=2515]
### [bt]: Calculation finished!
