### [bt]: This is batchtools v0.9.17
### [bt]: Starting calculation of 5 jobs
### [bt]: Setting working directory to '/Users/adrian/Desktop/Mater_Thesis_Calibration'
### [bt]: Memory measurement disabled
### [bt]: Starting job [batchtools job.id=306]
### [bt]: Generating problem instance for problem '1bd472785c2444ba' ...
### [bt]: Applying algorithm 'run_learner' on problem '1bd472785c2444ba' for job 306 (seed = 307) ...
INFO  [11:16:11.533] [mlr3] Applying learner 'kknn calibrated isotonic holdout_90' on task 'wdbc' (iter 6/10)

### [bt]: Job terminated successfully [batchtools job.id=306]
### [bt]: Starting job [batchtools job.id=307]
### [bt]: Generating problem instance for problem '1bd472785c2444ba' ...
### [bt]: Applying algorithm 'run_learner' on problem '1bd472785c2444ba' for job 307 (seed = 308) ...
INFO  [11:16:12.284] [mlr3] Applying learner 'kknn calibrated isotonic holdout_90' on task 'wdbc' (iter 7/10)

### [bt]: Job terminated successfully [batchtools job.id=307]
### [bt]: Starting job [batchtools job.id=308]
### [bt]: Generating problem instance for problem '1bd472785c2444ba' ...
### [bt]: Applying algorithm 'run_learner' on problem '1bd472785c2444ba' for job 308 (seed = 309) ...
INFO  [11:16:14.547] [mlr3] Applying learner 'kknn calibrated isotonic holdout_90' on task 'wdbc' (iter 8/10)

### [bt]: Job terminated successfully [batchtools job.id=308]
### [bt]: Starting job [batchtools job.id=309]
### [bt]: Generating problem instance for problem '1bd472785c2444ba' ...
### [bt]: Applying algorithm 'run_learner' on problem '1bd472785c2444ba' for job 309 (seed = 310) ...
INFO  [11:16:14.762] [mlr3] Applying learner 'kknn calibrated isotonic holdout_90' on task 'wdbc' (iter 9/10)

### [bt]: Job terminated successfully [batchtools job.id=309]
### [bt]: Starting job [batchtools job.id=310]
### [bt]: Generating problem instance for problem '1bd472785c2444ba' ...
### [bt]: Applying algorithm 'run_learner' on problem '1bd472785c2444ba' for job 310 (seed = 311) ...
INFO  [11:16:14.900] [mlr3] Applying learner 'kknn calibrated isotonic holdout_90' on task 'wdbc' (iter 10/10)

### [bt]: Job terminated successfully [batchtools job.id=310]
### [bt]: Calculation finished!
