### [bt]: This is batchtools v0.9.17
### [bt]: Starting calculation of 1 jobs
### [bt]: Setting working directory to '/content/drive/MyDrive/GitHub/Mater_Thesis_Calibration'
ece.R :
Friedmann_tasks.R :
Functions.R :
ici.R :
mse_feature_effects.R :
PipeOpCalibration.R :
### [bt]: Memory measurement disabled
### [bt]: Starting job [batchtools job.id=10964]
### [bt]: Generating problem instance for problem 'cfb05fadfc1e266b' ...
### [bt]: Applying algorithm 'run_learner' on problem 'cfb05fadfc1e266b' for job 10964 (seed = 11087) ...
INFO  [13:21:51.844] [mlr3] Applying learner 'ranger calibrated isotonic cv3' on task 'numerai28.6' (iter 4/10)
Growing trees.. Progress: 10%. Estimated remaining time: 4 minutes, 43 seconds.
Growing trees.. Progress: 20%. Estimated remaining time: 4 minutes, 12 seconds.
Growing trees.. Progress: 30%. Estimated remaining time: 3 minutes, 41 seconds.
Growing trees.. Progress: 40%. Estimated remaining time: 3 minutes, 9 seconds.
Growing trees.. Progress: 50%. Estimated remaining time: 2 minutes, 37 seconds.
Growing trees.. Progress: 60%. Estimated remaining time: 2 minutes, 5 seconds.
Growing trees.. Progress: 70%. Estimated remaining time: 1 minute, 34 seconds.
Growing trees.. Progress: 80%. Estimated remaining time: 1 minute, 3 seconds.
Growing trees.. Progress: 90%. Estimated remaining time: 32 seconds.
Growing trees.. Progress: 100%. Estimated remaining time: 0 seconds.
Growing trees.. Progress: 10%. Estimated remaining time: 4 minutes, 39 seconds.
Growing trees.. Progress: 14%. Estimated remaining time: 6 minutes, 13 seconds.
Growing trees.. Progress: 24%. Estimated remaining time: 4 minutes, 47 seconds.
Growing trees.. Progress: 34%. Estimated remaining time: 3 minutes, 56 seconds.
Growing trees.. Progress: 44%. Estimated remaining time: 3 minutes, 13 seconds.
Growing trees.. Progress: 55%. Estimated remaining time: 2 minutes, 35 seconds.
Growing trees.. Progress: 64%. Estimated remaining time: 2 minutes, 0 seconds.
Growing trees.. Progress: 73%. Estimated remaining time: 1 minute, 31 seconds.
Growing trees.. Progress: 83%. Estimated remaining time: 57 seconds.
Growing trees.. Progress: 93%. Estimated remaining time: 23 seconds.
Growing trees.. Progress: 11%. Estimated remaining time: 4 minutes, 16 seconds.
Growing trees.. Progress: 22%. Estimated remaining time: 3 minutes, 44 seconds.
Growing trees.. Progress: 32%. Estimated remaining time: 3 minutes, 19 seconds.
Growing trees.. Progress: 43%. Estimated remaining time: 2 minutes, 48 seconds.
Growing trees.. Progress: 46%. Estimated remaining time: 3 minutes, 9 seconds.
Growing trees.. Progress: 57%. Estimated remaining time: 2 minutes, 27 seconds.
Growing trees.. Progress: 65%. Estimated remaining time: 1 minute, 58 seconds.
Growing trees.. Progress: 76%. Estimated remaining time: 1 minute, 20 seconds.
Growing trees.. Progress: 85%. Estimated remaining time: 49 seconds.
Growing trees.. Progress: 95%. Estimated remaining time: 15 seconds.

### [bt]: Job terminated successfully [batchtools job.id=10964]
### [bt]: Calculation finished!
