### [bt]: This is batchtools v0.9.17
### [bt]: Starting calculation of 1 jobs
### [bt]: Setting working directory to '/content'
### [bt]: Memory measurement disabled
### [bt]: Starting job [batchtools job.id=8527]
### [bt]: Generating problem instance for problem '22f4988139232849' ...
### [bt]: Applying algorithm 'run_learner' on problem '22f4988139232849' for job 8527 (seed = 8650) ...
INFO  [16:32:40.864] [mlr3] Applying learner 'rpart calibrated beta cv5' on task 'nomao' (iter 7/10)
Warning: glm.fit: algorithm did not converge
This happened PipeOp classif.rpart's $train()
[1] -25.74532
[1] 28.74036
[1] -30.57051
[1] 17.09389
Warning: glm.fit: fitted probabilities numerically 0 or 1 occurred
This happened PipeOp classif.rpart's $train()
[1] -30.27727
[1] 31.01803
Warning: glm.fit: fitted probabilities numerically 0 or 1 occurred
This happened PipeOp classif.rpart's $train()
[1] -34.52443
[1] 24.88006
Warning: glm.fit: fitted probabilities numerically 0 or 1 occurred
This happened PipeOp classif.rpart's $train()
[1] -40.34879
[1] 16.26596

### [bt]: Job terminated successfully [batchtools job.id=8527]
### [bt]: Calculation finished!
