### [bt]: This is batchtools v0.9.17
### [bt]: Starting calculation of 1 jobs
### [bt]: Setting working directory to '/content'
### [bt]: Memory measurement disabled
### [bt]: Starting job [batchtools job.id=10950]
### [bt]: Generating problem instance for problem 'cfb05fadfc1e266b' ...
### [bt]: Applying algorithm 'run_learner' on problem 'cfb05fadfc1e266b' for job 10950 (seed = 11073) ...
INFO  [21:14:42.328] [mlr3] Applying learner 'ranger calibrated isotonic 80' on task 'numerai28.6' (iter 10/10)
Growing trees.. Progress: 9%. Estimated remaining time: 5 minutes, 23 seconds.
Growing trees.. Progress: 17%. Estimated remaining time: 5 minutes, 0 seconds.
Growing trees.. Progress: 26%. Estimated remaining time: 4 minutes, 22 seconds.
Growing trees.. Progress: 35%. Estimated remaining time: 3 minutes, 52 seconds.
Growing trees.. Progress: 45%. Estimated remaining time: 3 minutes, 12 seconds.
Growing trees.. Progress: 50%. Estimated remaining time: 3 minutes, 13 seconds.
Growing trees.. Progress: 60%. Estimated remaining time: 2 minutes, 31 seconds.
Growing trees.. Progress: 69%. Estimated remaining time: 1 minute, 52 seconds.
Growing trees.. Progress: 81%. Estimated remaining time: 1 minute, 8 seconds.
Growing trees.. Progress: 90%. Estimated remaining time: 33 seconds.

### [bt]: Job terminated successfully [batchtools job.id=10950]
### [bt]: Calculation finished!
