### [bt]: This is batchtools v0.9.17
### [bt]: Starting calculation of 5 jobs
### [bt]: Setting working directory to '/Users/adrian/Desktop/Mater_Thesis_Calibration'
ece.R :
Friedmann_tasks.R :
Functions.R :
ici.R :
mse_feature_effects.R :
PipeOpCalibration.R :
### [bt]: Memory measurement disabled
### [bt]: Starting job [batchtools job.id=3186]
### [bt]: Generating problem instance for problem 'b541340d6c2eb21d' ...
### [bt]: Applying algorithm 'run_learner' on problem 'b541340d6c2eb21d' for job 3186 (seed = 3309) ...
INFO  [13:55:57.384] [mlr3] Applying learner 'nnet calibrated platt cv5' on task 'kc1' (iter 6/10)
# weights:  70
initial  value 1415.740361 
iter  10 value 651.385694
iter  20 value 647.876411
iter  30 value 597.260376
iter  40 value 593.666503
iter  50 value 581.839639
iter  60 value 569.220540
iter  70 value 566.464110
iter  80 value 564.677765
iter  90 value 564.429768
iter 100 value 564.302698
final  value 564.302698 
stopped after 100 iterations
# weights:  70
initial  value 1037.446699 
iter  10 value 646.268647
iter  20 value 577.409423
iter  30 value 569.516862
iter  40 value 569.346729
iter  50 value 569.206066
iter  60 value 568.583601
iter  70 value 568.532280
iter  80 value 568.149167
iter  90 value 567.364430
iter 100 value 567.261532
final  value 567.261532 
stopped after 100 iterations
# weights:  70
initial  value 1338.323047 
iter  10 value 581.103428
iter  20 value 580.206015
iter  30 value 576.878291
iter  40 value 556.630154
iter  50 value 548.533217
iter  60 value 546.293359
iter  70 value 543.407011
iter  80 value 536.191595
iter  90 value 526.454945
iter 100 value 523.104880
final  value 523.104880 
stopped after 100 iterations
# weights:  70
initial  value 1075.489332 
iter  10 value 626.213182
iter  20 value 575.373173
iter  30 value 564.178657
iter  40 value 539.620698
iter  50 value 536.421181
iter  60 value 535.982139
iter  70 value 535.422332
iter  80 value 535.385261
iter  90 value 535.381911
final  value 535.381504 
converged
# weights:  70
initial  value 1542.477845 
iter  10 value 633.684944
iter  20 value 597.647811
iter  30 value 580.304123
iter  40 value 522.151042
iter  50 value 507.950227
iter  60 value 497.405692
iter  70 value 490.233107
iter  80 value 487.187209
iter  90 value 484.384645
iter 100 value 484.054754
final  value 484.054754 
stopped after 100 iterations

### [bt]: Job terminated successfully [batchtools job.id=3186]
### [bt]: Starting job [batchtools job.id=3187]
### [bt]: Generating problem instance for problem 'b541340d6c2eb21d' ...
### [bt]: Applying algorithm 'run_learner' on problem 'b541340d6c2eb21d' for job 3187 (seed = 3310) ...
INFO  [13:56:01.883] [mlr3] Applying learner 'nnet calibrated platt cv5' on task 'kc1' (iter 7/10)
# weights:  70
initial  value 1099.677964 
iter  10 value 569.857733
iter  20 value 544.218024
iter  30 value 534.142270
iter  40 value 529.995174
iter  50 value 527.209105
iter  60 value 527.063356
iter  70 value 526.977909
iter  80 value 526.972024
final  value 526.972005 
converged
# weights:  70
initial  value 1597.507095 
iter  10 value 574.800827
iter  20 value 570.118666
iter  30 value 564.574079
iter  40 value 561.594722
iter  50 value 558.685687
iter  60 value 554.401177
iter  70 value 553.057452
iter  80 value 551.833793
iter  90 value 549.997236
iter 100 value 548.672245
final  value 548.672245 
stopped after 100 iterations
# weights:  70
initial  value 862.589232 
final  value 643.923018 
converged
# weights:  70
initial  value 960.910374 
iter  10 value 575.486258
iter  20 value 536.028417
iter  30 value 522.946649
iter  40 value 507.800670
iter  50 value 498.367189
iter  60 value 496.309255
iter  70 value 495.772389
iter  80 value 495.509153
iter  90 value 495.012007
iter 100 value 494.872678
final  value 494.872678 
stopped after 100 iterations
# weights:  70
initial  value 780.033452 
iter  10 value 573.003474
iter  20 value 559.357809
iter  30 value 557.450950
iter  40 value 545.111056
iter  50 value 532.662752
iter  60 value 527.327552
iter  70 value 525.736445
iter  80 value 525.155536
iter  90 value 522.838484
iter 100 value 519.840927
final  value 519.840927 
stopped after 100 iterations

### [bt]: Job terminated successfully [batchtools job.id=3187]
### [bt]: Starting job [batchtools job.id=3188]
### [bt]: Generating problem instance for problem 'b541340d6c2eb21d' ...
### [bt]: Applying algorithm 'run_learner' on problem 'b541340d6c2eb21d' for job 3188 (seed = 3311) ...
INFO  [13:56:04.118] [mlr3] Applying learner 'nnet calibrated platt cv5' on task 'kc1' (iter 8/10)
# weights:  70
initial  value 1264.031161 
iter  10 value 587.337742
iter  20 value 552.780066
iter  30 value 542.751949
iter  40 value 539.982031
iter  50 value 539.538888
iter  60 value 538.921907
iter  70 value 538.404625
iter  80 value 538.254874
iter  90 value 537.891516
iter 100 value 537.226751
final  value 537.226751 
stopped after 100 iterations
# weights:  70
initial  value 739.013463 
iter  10 value 575.655990
iter  20 value 571.370929
iter  30 value 571.131166
iter  40 value 569.015519
iter  50 value 568.951339
final  value 568.951295 
converged
# weights:  70
initial  value 1102.191137 
iter  10 value 642.245979
iter  20 value 641.970162
iter  30 value 585.270118
iter  40 value 582.909336
final  value 582.908980 
converged
# weights:  70
initial  value 1118.441167 
iter  10 value 607.975414
iter  20 value 553.718482
iter  30 value 536.581402
iter  40 value 526.982322
iter  50 value 523.532758
iter  60 value 519.592642
iter  70 value 517.291935
iter  80 value 516.017048
iter  90 value 515.337196
iter 100 value 514.644642
final  value 514.644642 
stopped after 100 iterations
# weights:  70
initial  value 816.113904 
iter  10 value 595.086654
iter  20 value 581.776608
iter  30 value 572.306149
iter  40 value 565.755758
iter  50 value 564.746084
iter  60 value 564.683300
iter  70 value 564.609925
iter  80 value 562.821728
iter  90 value 562.688420
iter 100 value 562.367420
final  value 562.367420 
stopped after 100 iterations

### [bt]: Job terminated successfully [batchtools job.id=3188]
### [bt]: Starting job [batchtools job.id=3189]
### [bt]: Generating problem instance for problem 'b541340d6c2eb21d' ...
### [bt]: Applying algorithm 'run_learner' on problem 'b541340d6c2eb21d' for job 3189 (seed = 3312) ...
INFO  [13:56:06.412] [mlr3] Applying learner 'nnet calibrated platt cv5' on task 'kc1' (iter 9/10)
# weights:  70
initial  value 997.049054 
iter  10 value 566.654041
iter  20 value 558.051946
iter  30 value 549.324145
iter  40 value 547.719727
iter  50 value 543.670470
iter  60 value 540.746701
iter  70 value 539.117746
iter  80 value 538.803794
iter  90 value 538.799339
final  value 538.799281 
converged
# weights:  70
initial  value 1651.916665 
iter  10 value 566.025199
iter  20 value 560.943920
iter  30 value 552.612411
iter  40 value 548.413950
iter  50 value 548.049313
iter  60 value 547.951358
iter  70 value 545.598404
iter  80 value 533.193198
final  value 533.058672 
converged
# weights:  70
initial  value 1571.117815 
iter  10 value 571.845163
iter  20 value 552.216848
iter  30 value 541.221039
iter  40 value 538.318193
iter  50 value 535.662926
iter  60 value 534.637447
iter  70 value 534.332021
iter  80 value 534.321995
final  value 534.321932 
converged
# weights:  70
initial  value 1499.002036 
iter  10 value 594.429834
iter  20 value 576.130324
iter  30 value 573.496627
iter  40 value 571.864204
iter  50 value 567.105825
iter  60 value 566.671556
iter  70 value 564.628856
iter  80 value 561.336448
iter  90 value 559.649349
iter 100 value 555.609798
final  value 555.609798 
stopped after 100 iterations
# weights:  70
initial  value 1169.453117 
iter  10 value 599.359492
iter  20 value 575.886455
iter  30 value 557.224488
iter  40 value 551.262661
iter  50 value 548.491091
iter  60 value 548.005900
iter  70 value 547.727964
iter  80 value 547.720109
final  value 547.719743 
converged

### [bt]: Job terminated successfully [batchtools job.id=3189]
### [bt]: Starting job [batchtools job.id=3190]
### [bt]: Generating problem instance for problem 'b541340d6c2eb21d' ...
### [bt]: Applying algorithm 'run_learner' on problem 'b541340d6c2eb21d' for job 3190 (seed = 3313) ...
INFO  [13:56:08.420] [mlr3] Applying learner 'nnet calibrated platt cv5' on task 'kc1' (iter 10/10)
# weights:  70
initial  value 1330.542026 
iter  10 value 582.767460
iter  20 value 557.149454
iter  30 value 548.028799
iter  40 value 538.494615
iter  50 value 526.713417
iter  60 value 517.644692
iter  70 value 515.715834
iter  80 value 512.765155
iter  90 value 508.752585
iter 100 value 506.621974
final  value 506.621974 
stopped after 100 iterations
# weights:  70
initial  value 999.083801 
iter  10 value 574.673357
iter  20 value 565.306581
iter  30 value 564.776743
iter  40 value 558.840816
iter  50 value 558.166960
iter  60 value 558.153156
final  value 558.152794 
converged
# weights:  70
initial  value 892.232514 
iter  10 value 625.474098
iter  20 value 553.683779
iter  30 value 534.638057
iter  40 value 530.683901
iter  50 value 526.305413
iter  60 value 524.961929
iter  70 value 519.099749
iter  80 value 511.138065
iter  90 value 507.203481
iter 100 value 506.095967
final  value 506.095967 
stopped after 100 iterations
# weights:  70
initial  value 868.775312 
iter  10 value 588.982269
iter  20 value 575.154270
iter  30 value 554.697028
iter  40 value 546.967967
iter  50 value 541.052501
iter  60 value 538.940543
iter  70 value 537.202795
iter  80 value 535.273214
iter  90 value 531.826058
iter 100 value 529.372465
final  value 529.372465 
stopped after 100 iterations
# weights:  70
initial  value 1549.783939 
iter  10 value 580.648989
iter  20 value 553.657081
iter  30 value 536.125055
iter  40 value 529.189432
iter  50 value 527.466857
iter  60 value 522.107324
iter  70 value 517.785155
iter  80 value 517.575047
final  value 517.501106 
converged

### [bt]: Job terminated successfully [batchtools job.id=3190]
### [bt]: Calculation finished!
