### [bt]: This is batchtools v0.9.17
### [bt]: Starting calculation of 5 jobs
### [bt]: Setting working directory to '/Users/adrian/Desktop/Mater_Thesis_Calibration'
### [bt]: Memory measurement disabled
### [bt]: Starting job [batchtools job.id=2356]
### [bt]: Generating problem instance for problem '257f58d7d9640369' ...
### [bt]: Applying algorithm 'run_learner' on problem '257f58d7d9640369' for job 2356 (seed = 2357) ...
INFO  [12:19:22.833] [mlr3] Applying learner 'ranger calibrated isotonic cv_5' on task 'ilpd' (iter 6/10)

### [bt]: Job terminated successfully [batchtools job.id=2356]
### [bt]: Starting job [batchtools job.id=2357]
### [bt]: Generating problem instance for problem '257f58d7d9640369' ...
### [bt]: Applying algorithm 'run_learner' on problem '257f58d7d9640369' for job 2357 (seed = 2358) ...
INFO  [12:19:30.453] [mlr3] Applying learner 'ranger calibrated isotonic cv_5' on task 'ilpd' (iter 7/10)

### [bt]: Job terminated successfully [batchtools job.id=2357]
### [bt]: Starting job [batchtools job.id=2358]
### [bt]: Generating problem instance for problem '257f58d7d9640369' ...
### [bt]: Applying algorithm 'run_learner' on problem '257f58d7d9640369' for job 2358 (seed = 2359) ...
INFO  [12:19:34.968] [mlr3] Applying learner 'ranger calibrated isotonic cv_5' on task 'ilpd' (iter 8/10)

### [bt]: Job terminated successfully [batchtools job.id=2358]
### [bt]: Starting job [batchtools job.id=2359]
### [bt]: Generating problem instance for problem '257f58d7d9640369' ...
### [bt]: Applying algorithm 'run_learner' on problem '257f58d7d9640369' for job 2359 (seed = 2360) ...
INFO  [12:19:39.303] [mlr3] Applying learner 'ranger calibrated isotonic cv_5' on task 'ilpd' (iter 9/10)

### [bt]: Job terminated successfully [batchtools job.id=2359]
### [bt]: Starting job [batchtools job.id=2360]
### [bt]: Generating problem instance for problem '257f58d7d9640369' ...
### [bt]: Applying algorithm 'run_learner' on problem '257f58d7d9640369' for job 2360 (seed = 2361) ...
INFO  [12:19:44.192] [mlr3] Applying learner 'ranger calibrated isotonic cv_5' on task 'ilpd' (iter 10/10)

### [bt]: Job terminated successfully [batchtools job.id=2360]
### [bt]: Calculation finished!
