### [bt]: This is batchtools v0.9.17
### [bt]: Starting calculation of 1 jobs
### [bt]: Setting working directory to '/content'
### [bt]: Memory measurement disabled
### [bt]: Starting job [batchtools job.id=3047]
### [bt]: Generating problem instance for problem 'b541340d6c2eb21d' ...
### [bt]: Applying algorithm 'run_learner' on problem 'b541340d6c2eb21d' for job 3047 (seed = 3170) ...
INFO  [14:21:55.496] [mlr3] Applying learner 'nnet calibrated beta 70' on task 'kc1' (iter 7/10)
# weights:  70
initial  value 829.361032 
iter  10 value 497.840872
iter  20 value 474.215414
iter  30 value 470.213519
iter  40 value 467.457009
iter  50 value 466.841226
iter  60 value 466.602855
iter  70 value 466.473504
iter  80 value 466.184255
iter  90 value 465.764159
iter 100 value 465.518625
final  value 465.518625 
stopped after 100 iterations
[1] -76.73536
[1] 19.51127

### [bt]: Job terminated successfully [batchtools job.id=3047]
### [bt]: Calculation finished!
