### [bt]: This is batchtools v0.9.17
### [bt]: Starting calculation of 1 jobs
### [bt]: Setting working directory to '/content'
### [bt]: Memory measurement disabled
### [bt]: Starting job [batchtools job.id=8214]
### [bt]: Generating problem instance for problem '22f4988139232849' ...
### [bt]: Applying algorithm 'run_learner' on problem '22f4988139232849' for job 8214 (seed = 8337) ...
INFO  [16:27:51.621] [mlr3] Applying learner 'nnet calibrated isotonic 70' on task 'nomao' (iter 4/10)
# weights:  442
initial  value 13491.958230 
iter  10 value 6176.328829
iter  20 value 4096.479622
iter  30 value 3524.097466
iter  40 value 3127.441164
iter  50 value 2885.166298
iter  60 value 2787.375569
iter  70 value 2736.355711
iter  80 value 2695.864254
iter  90 value 2670.886888
iter 100 value 2636.215335
final  value 2636.215335 
stopped after 100 iterations

### [bt]: Job terminated successfully [batchtools job.id=8214]
### [bt]: Calculation finished!
