### [bt]: This is batchtools v0.9.17
### [bt]: Starting calculation of 5 jobs
### [bt]: Setting working directory to '/Users/adrian/Desktop/Mater_Thesis_Calibration'
ece.R :
Friedmann_tasks.R :
Functions.R :
ici.R :
mse_feature_effects.R :
PipeOpCalibration.R :
### [bt]: Memory measurement disabled
### [bt]: Starting job [batchtools job.id=12096]
### [bt]: Generating problem instance for problem '7f16ca74b5d8776b' ...
### [bt]: Applying algorithm 'run_learner' on problem '7f16ca74b5d8776b' for job 12096 (seed = 12219) ...
INFO  [03:20:58.749] [mlr3] Applying learner 'nnet calibrated isotonic cv5' on task 'churn' (iter 6/10)
# weights:  94
initial  value 1849.320331 
iter  10 value 1465.031065
iter  20 value 1461.895804
iter  30 value 1457.597926
iter  40 value 1454.349361
iter  50 value 1453.049094
iter  60 value 1452.207858
iter  70 value 1451.940089
iter  80 value 1451.609625
iter  90 value 1451.446610
iter 100 value 1451.087538
final  value 1451.087538 
stopped after 100 iterations
# weights:  94
initial  value 2409.987147 
iter  10 value 1476.311038
iter  20 value 1443.632521
iter  30 value 1398.365936
iter  40 value 1373.870343
iter  50 value 1367.223688
iter  60 value 1362.435494
iter  70 value 1358.124898
iter  80 value 1355.654366
iter  90 value 1352.103242
iter 100 value 1350.854339
final  value 1350.854339 
stopped after 100 iterations
# weights:  94
initial  value 2496.246581 
final  value 1477.697996 
converged
# weights:  94
initial  value 2626.934588 
final  value 1474.113179 
converged
# weights:  94
initial  value 2615.303999 
final  value 1435.917836 
converged

### [bt]: Job terminated successfully [batchtools job.id=12096]
### [bt]: Starting job [batchtools job.id=12097]
### [bt]: Generating problem instance for problem '7f16ca74b5d8776b' ...
### [bt]: Applying algorithm 'run_learner' on problem '7f16ca74b5d8776b' for job 12097 (seed = 12220) ...
INFO  [03:21:06.466] [mlr3] Applying learner 'nnet calibrated isotonic cv5' on task 'churn' (iter 7/10)
# weights:  94
initial  value 3405.599723 
final  value 1466.916236 
converged
# weights:  94
initial  value 4285.793043 
iter  10 value 1459.652521
iter  20 value 1450.680958
iter  30 value 1446.395026
iter  40 value 1442.910015
iter  50 value 1441.995160
iter  60 value 1441.871888
iter  70 value 1441.837339
iter  80 value 1441.648740
iter  90 value 1441.576460
iter 100 value 1441.569678
final  value 1441.569678 
stopped after 100 iterations
# weights:  94
initial  value 3206.007752 
iter  10 value 1445.020901
iter  20 value 1444.966728
iter  30 value 1444.952912
iter  40 value 1444.353577
iter  50 value 1444.042617
iter  60 value 1443.984455
iter  70 value 1443.936591
iter  80 value 1443.927463
iter  80 value 1443.927462
iter  80 value 1443.927462
final  value 1443.927462 
converged
# weights:  94
initial  value 3124.468266 
final  value 1459.682683 
converged
# weights:  94
initial  value 1786.910576 
final  value 1499.017574 
converged

### [bt]: Job terminated successfully [batchtools job.id=12097]
### [bt]: Starting job [batchtools job.id=12098]
### [bt]: Generating problem instance for problem '7f16ca74b5d8776b' ...
### [bt]: Applying algorithm 'run_learner' on problem '7f16ca74b5d8776b' for job 12098 (seed = 12221) ...
INFO  [03:21:09.660] [mlr3] Applying learner 'nnet calibrated isotonic cv5' on task 'churn' (iter 8/10)
# weights:  94
initial  value 4945.388190 
final  value 1477.697996 
converged
# weights:  94
initial  value 1667.845939 
iter  10 value 1448.863468
iter  20 value 1446.643392
final  value 1446.637289 
converged
# weights:  94
initial  value 2605.446619 
iter  10 value 1445.104771
iter  10 value 1445.104771
iter  10 value 1445.104771
final  value 1445.104771 
converged
# weights:  94
initial  value 2386.200676 
iter  10 value 1502.104451
iter  20 value 1500.512259
iter  30 value 1500.141298
iter  40 value 1500.099494
iter  50 value 1500.067627
iter  60 value 1500.029082
final  value 1500.028414 
converged
# weights:  94
initial  value 3640.906187 
final  value 1457.868546 
converged

### [bt]: Job terminated successfully [batchtools job.id=12098]
### [bt]: Starting job [batchtools job.id=12099]
### [bt]: Generating problem instance for problem '7f16ca74b5d8776b' ...
### [bt]: Applying algorithm 'run_learner' on problem '7f16ca74b5d8776b' for job 12099 (seed = 12222) ...
INFO  [03:21:12.892] [mlr3] Applying learner 'nnet calibrated isotonic cv5' on task 'churn' (iter 9/10)
# weights:  94
initial  value 2640.160449 
final  value 1468.718895 
converged
# weights:  94
initial  value 3443.386964 
final  value 1443.272069 
converged
# weights:  94
initial  value 2397.630011 
iter  10 value 1462.942280
iter  20 value 1462.125184
iter  30 value 1436.159956
iter  40 value 1388.506454
iter  50 value 1372.464224
iter  60 value 1362.368964
iter  70 value 1353.998839
iter  80 value 1347.199842
iter  90 value 1344.344047
iter 100 value 1344.057131
final  value 1344.057131 
stopped after 100 iterations
# weights:  94
initial  value 3144.056805 
final  value 1509.556941 
converged
# weights:  94
initial  value 2725.383814 
iter  10 value 1446.243398
iter  20 value 1438.529427
iter  30 value 1437.613651
iter  40 value 1436.990310
iter  50 value 1436.485841
iter  60 value 1436.308683
iter  70 value 1436.163053
iter  80 value 1436.089055
iter  90 value 1436.077263
iter 100 value 1436.076129
final  value 1436.076129 
stopped after 100 iterations

### [bt]: Job terminated successfully [batchtools job.id=12099]
### [bt]: Starting job [batchtools job.id=12100]
### [bt]: Generating problem instance for problem '7f16ca74b5d8776b' ...
### [bt]: Applying algorithm 'run_learner' on problem '7f16ca74b5d8776b' for job 12100 (seed = 12223) ...
INFO  [03:21:15.920] [mlr3] Applying learner 'nnet calibrated isotonic cv5' on task 'churn' (iter 10/10)
# weights:  94
initial  value 2303.483692 
final  value 1450.588888 
converged
# weights:  94
initial  value 2283.752428 
final  value 1472.317362 
converged
# weights:  94
initial  value 1705.078428 
iter  10 value 1462.974215
iter  20 value 1461.228114
iter  30 value 1457.963471
iter  40 value 1457.861791
iter  50 value 1457.225036
iter  60 value 1456.581153
iter  70 value 1456.098501
iter  80 value 1455.315486
iter  90 value 1454.971874
iter 100 value 1454.623742
final  value 1454.623742 
stopped after 100 iterations
# weights:  94
initial  value 1707.897633 
iter  10 value 1475.926513
iter  20 value 1475.297226
iter  30 value 1473.221983
iter  40 value 1471.835540
iter  50 value 1471.079864
iter  60 value 1470.956596
final  value 1470.953023 
converged
# weights:  94
initial  value 2149.589409 
final  value 1470.519269 
converged

### [bt]: Job terminated successfully [batchtools job.id=12100]
### [bt]: Calculation finished!
