### [bt]: This is batchtools v0.9.17
### [bt]: Starting calculation of 1 jobs
### [bt]: Setting working directory to '/content'
### [bt]: Memory measurement disabled
### [bt]: Starting job [batchtools job.id=10833]
### [bt]: Generating problem instance for problem 'cfb05fadfc1e266b' ...
### [bt]: Applying algorithm 'run_learner' on problem 'cfb05fadfc1e266b' for job 10833 (seed = 10956) ...
INFO  [16:53:39.432] [mlr3] Applying learner 'nnet calibrated platt 80' on task 'numerai28.6' (iter 3/10)
# weights:  70
initial  value 49702.197279 
iter  10 value 47970.636944
iter  20 value 47933.285852
iter  30 value 47916.519081
iter  40 value 47902.489660
iter  50 value 47888.401818
iter  60 value 47883.184388
iter  70 value 47879.855188
iter  80 value 47875.213583
iter  90 value 47867.147419
iter 100 value 47858.542386
final  value 47858.542386 
stopped after 100 iterations

### [bt]: Job terminated successfully [batchtools job.id=10833]
### [bt]: Calculation finished!
