### [bt]: This is batchtools v0.9.17
### [bt]: Starting calculation of 5 jobs
### [bt]: Setting working directory to '/Users/adrian/Desktop/Mater_Thesis_Calibration'
ece.R :
Friedmann_tasks.R :
Functions.R :
ici.R :
mse_feature_effects.R :
PipeOpCalibration.R :
### [bt]: Memory measurement disabled
### [bt]: Starting job [batchtools job.id=6486]
### [bt]: Generating problem instance for problem 'c27a1cbf9c91424a' ...
### [bt]: Applying algorithm 'run_learner' on problem 'c27a1cbf9c91424a' for job 6486 (seed = 6609) ...
INFO  [17:45:53.747] [mlr3] Applying learner 'glmnet calibrated isotonic cv3' on task 'ilpd' (iter 6/10)

### [bt]: Job terminated successfully [batchtools job.id=6486]
### [bt]: Starting job [batchtools job.id=6487]
### [bt]: Generating problem instance for problem 'c27a1cbf9c91424a' ...
### [bt]: Applying algorithm 'run_learner' on problem 'c27a1cbf9c91424a' for job 6487 (seed = 6610) ...
INFO  [17:45:59.330] [mlr3] Applying learner 'glmnet calibrated isotonic cv3' on task 'ilpd' (iter 7/10)

### [bt]: Job terminated successfully [batchtools job.id=6487]
### [bt]: Starting job [batchtools job.id=6488]
### [bt]: Generating problem instance for problem 'c27a1cbf9c91424a' ...
### [bt]: Applying algorithm 'run_learner' on problem 'c27a1cbf9c91424a' for job 6488 (seed = 6611) ...
INFO  [17:46:00.233] [mlr3] Applying learner 'glmnet calibrated isotonic cv3' on task 'ilpd' (iter 8/10)

### [bt]: Job terminated successfully [batchtools job.id=6488]
### [bt]: Starting job [batchtools job.id=6489]
### [bt]: Generating problem instance for problem 'c27a1cbf9c91424a' ...
### [bt]: Applying algorithm 'run_learner' on problem 'c27a1cbf9c91424a' for job 6489 (seed = 6612) ...
INFO  [17:46:04.194] [mlr3] Applying learner 'glmnet calibrated isotonic cv3' on task 'ilpd' (iter 9/10)

### [bt]: Job terminated successfully [batchtools job.id=6489]
### [bt]: Starting job [batchtools job.id=6490]
### [bt]: Generating problem instance for problem 'c27a1cbf9c91424a' ...
### [bt]: Applying algorithm 'run_learner' on problem 'c27a1cbf9c91424a' for job 6490 (seed = 6613) ...
INFO  [17:46:04.821] [mlr3] Applying learner 'glmnet calibrated isotonic cv3' on task 'ilpd' (iter 10/10)

### [bt]: Job terminated successfully [batchtools job.id=6490]
### [bt]: Calculation finished!
