### [bt]: This is batchtools v0.9.17
### [bt]: Starting calculation of 1 jobs
### [bt]: Setting working directory to '/content'
### [bt]: Memory measurement disabled
### [bt]: Starting job [batchtools job.id=4361]
### [bt]: Generating problem instance for problem '341ee781c7d79b8f' ...
### [bt]: Applying algorithm 'run_learner' on problem '341ee781c7d79b8f' for job 4361 (seed = 4484) ...
INFO  [14:24:40.945] [mlr3] Applying learner 'nnet calibrated beta cv5' on task 'wdbc' (iter 1/10)
# weights:  97
initial  value 274.923030 
iter  10 value 270.931629
iter  20 value 267.069136
iter  30 value 265.095385
iter  40 value 106.648431
iter  50 value 106.265225
iter  60 value 106.004411
iter  70 value 97.584123
iter  80 value 94.360150
iter  90 value 80.078608
iter 100 value 79.798880
final  value 79.798880 
stopped after 100 iterations
# weights:  97
initial  value 276.903921 
final  value 268.795737 
converged
# weights:  97
initial  value 281.158665 
final  value 268.130759 
converged
# weights:  97
initial  value 272.445976 
final  value 270.331023 
converged
# weights:  97
initial  value 398.836797 
iter  10 value 128.694324
iter  20 value 128.399122
final  value 128.399053 
converged
[1] -1.214136
[1] 58.78971
[1] 18.75602
[1] 404.2876

### [bt]: Job terminated successfully [batchtools job.id=4361]
### [bt]: Calculation finished!
