### [bt]: This is batchtools v0.9.17
### [bt]: Starting calculation of 1 jobs
### [bt]: Setting working directory to '/content'
### [bt]: Memory measurement disabled
### [bt]: Starting job [batchtools job.id=12023]
### [bt]: Generating problem instance for problem '7f16ca74b5d8776b' ...
### [bt]: Applying algorithm 'run_learner' on problem '7f16ca74b5d8776b' for job 12023 (seed = 12146) ...
INFO  [14:49:09.780] [mlr3] Applying learner 'nnet calibrated beta 90' on task 'churn' (iter 3/10)
# weights:  94
initial  value 3883.962916 
iter  10 value 1683.114922
iter  20 value 1682.375093
iter  30 value 1682.015804
iter  40 value 1681.990536
iter  50 value 1681.985970
iter  60 value 1681.969521
iter  70 value 1681.960953
iter  80 value 1677.329293
iter  90 value 1676.506896
iter 100 value 1676.124403
final  value 1676.124403 
stopped after 100 iterations
Warning: glm.fit: fitted probabilities numerically 0 or 1 occurred
This happened PipeOp classif.nnet's $train()
[1] 243.4428
[1] -1.142539

### [bt]: Job terminated successfully [batchtools job.id=12023]
### [bt]: Calculation finished!
