### [bt]: This is batchtools v0.9.17
### [bt]: Starting calculation of 5 jobs
### [bt]: Setting working directory to '/Users/adrian/Desktop/Mater_Thesis_Calibration'
ece.R :
Friedmann_tasks.R :
Functions.R :
ici.R :
mse_feature_effects.R :
PipeOpCalibration.R :
### [bt]: Memory measurement disabled
### [bt]: Starting job [batchtools job.id=5771]
### [bt]: Generating problem instance for problem 'a6b2cabd9f84c607' ...
### [bt]: Applying algorithm 'run_learner' on problem 'a6b2cabd9f84c607' for job 5771 (seed = 5894) ...
INFO  [16:08:51.506] [mlr3] Applying learner 'ranger calibrated beta 80' on task 'phoneme' (iter 1/10)
Warning: glm.fit: fitted probabilities numerically 0 or 1 occurred
This happened PipeOp classif.ranger's $train()

### [bt]: Job terminated successfully [batchtools job.id=5771]
### [bt]: Starting job [batchtools job.id=5772]
### [bt]: Generating problem instance for problem 'a6b2cabd9f84c607' ...
### [bt]: Applying algorithm 'run_learner' on problem 'a6b2cabd9f84c607' for job 5772 (seed = 5895) ...
INFO  [16:09:00.651] [mlr3] Applying learner 'ranger calibrated beta 80' on task 'phoneme' (iter 2/10)
Warning: glm.fit: fitted probabilities numerically 0 or 1 occurred
This happened PipeOp classif.ranger's $train()

### [bt]: Job terminated successfully [batchtools job.id=5772]
### [bt]: Starting job [batchtools job.id=5773]
### [bt]: Generating problem instance for problem 'a6b2cabd9f84c607' ...
### [bt]: Applying algorithm 'run_learner' on problem 'a6b2cabd9f84c607' for job 5773 (seed = 5896) ...
INFO  [16:09:07.118] [mlr3] Applying learner 'ranger calibrated beta 80' on task 'phoneme' (iter 3/10)
Warning: glm.fit: fitted probabilities numerically 0 or 1 occurred
This happened PipeOp classif.ranger's $train()

### [bt]: Job terminated successfully [batchtools job.id=5773]
### [bt]: Starting job [batchtools job.id=5774]
### [bt]: Generating problem instance for problem 'a6b2cabd9f84c607' ...
### [bt]: Applying algorithm 'run_learner' on problem 'a6b2cabd9f84c607' for job 5774 (seed = 5897) ...
INFO  [16:09:14.134] [mlr3] Applying learner 'ranger calibrated beta 80' on task 'phoneme' (iter 4/10)
Warning: glm.fit: fitted probabilities numerically 0 or 1 occurred
This happened PipeOp classif.ranger's $train()

### [bt]: Job terminated successfully [batchtools job.id=5774]
### [bt]: Starting job [batchtools job.id=5775]
### [bt]: Generating problem instance for problem 'a6b2cabd9f84c607' ...
### [bt]: Applying algorithm 'run_learner' on problem 'a6b2cabd9f84c607' for job 5775 (seed = 5898) ...
INFO  [16:09:20.466] [mlr3] Applying learner 'ranger calibrated beta 80' on task 'phoneme' (iter 5/10)

### [bt]: Job terminated successfully [batchtools job.id=5775]
### [bt]: Calculation finished!
