### [bt]: This is batchtools v0.9.17
### [bt]: Starting calculation of 1 jobs
### [bt]: Setting working directory to '/content'
### [bt]: Memory measurement disabled
### [bt]: Starting job [batchtools job.id=8249]
### [bt]: Generating problem instance for problem '22f4988139232849' ...
### [bt]: Applying algorithm 'run_learner' on problem '22f4988139232849' for job 8249 (seed = 8372) ...
INFO  [16:29:32.701] [mlr3] Applying learner 'nnet calibrated isotonic cv3' on task 'nomao' (iter 9/10)
# weights:  442
initial  value 15459.192837 
iter  10 value 6805.030340
iter  20 value 4526.330542
iter  30 value 3584.886821
iter  40 value 3343.479446
iter  50 value 3168.075642
iter  60 value 3044.387140
iter  70 value 2886.516841
iter  80 value 2693.384366
iter  90 value 2559.702026
iter 100 value 2485.678341
final  value 2485.678341 
stopped after 100 iterations
# weights:  442
initial  value 14886.619439 
iter  10 value 8007.485190
iter  20 value 6256.572116
iter  30 value 4590.783771
iter  40 value 3769.202562
iter  50 value 3086.129853
iter  60 value 2735.595326
iter  70 value 2588.303614
iter  80 value 2512.939578
iter  90 value 2395.851499
iter 100 value 2352.652177
final  value 2352.652177 
stopped after 100 iterations
# weights:  442
initial  value 17411.746761 
iter  10 value 8246.260125
iter  20 value 4667.650872
iter  30 value 3532.724156
iter  40 value 2970.904089
iter  50 value 2738.705898
iter  60 value 2668.939044
iter  70 value 2597.386709
iter  80 value 2559.139867
iter  90 value 2529.874078
iter 100 value 2519.210345
final  value 2519.210345 
stopped after 100 iterations

### [bt]: Job terminated successfully [batchtools job.id=8249]
### [bt]: Calculation finished!
