### [bt]: This is batchtools v0.9.17
### [bt]: Starting calculation of 5 jobs
### [bt]: Setting working directory to '/Users/adrian/Desktop/Mater_Thesis_Calibration'
ece.R :
Friedmann_tasks.R :
Functions.R :
ici.R :
mse_feature_effects.R :
PipeOpCalibration.R :
### [bt]: Memory measurement disabled
### [bt]: Starting job [batchtools job.id=831]
### [bt]: Generating problem instance for problem '563768ad2e048da7' ...
### [bt]: Applying algorithm 'run_learner' on problem '563768ad2e048da7' for job 831 (seed = 954) ...
INFO  [12:55:47.876] [mlr3] Applying learner 'rpart calibrated beta cv3' on task 'credit-g' (iter 1/10)

### [bt]: Job terminated successfully [batchtools job.id=831]
### [bt]: Starting job [batchtools job.id=832]
### [bt]: Generating problem instance for problem '563768ad2e048da7' ...
### [bt]: Applying algorithm 'run_learner' on problem '563768ad2e048da7' for job 832 (seed = 955) ...
INFO  [12:55:48.076] [mlr3] Applying learner 'rpart calibrated beta cv3' on task 'credit-g' (iter 2/10)

### [bt]: Job terminated successfully [batchtools job.id=832]
### [bt]: Starting job [batchtools job.id=833]
### [bt]: Generating problem instance for problem '563768ad2e048da7' ...
### [bt]: Applying algorithm 'run_learner' on problem '563768ad2e048da7' for job 833 (seed = 956) ...
INFO  [12:55:52.240] [mlr3] Applying learner 'rpart calibrated beta cv3' on task 'credit-g' (iter 3/10)
Warning: glm.fit: fitted probabilities numerically 0 or 1 occurred
This happened PipeOp classif.rpart's $train()

### [bt]: Job terminated successfully [batchtools job.id=833]
### [bt]: Starting job [batchtools job.id=834]
### [bt]: Generating problem instance for problem '563768ad2e048da7' ...
### [bt]: Applying algorithm 'run_learner' on problem '563768ad2e048da7' for job 834 (seed = 957) ...
INFO  [12:55:52.476] [mlr3] Applying learner 'rpart calibrated beta cv3' on task 'credit-g' (iter 4/10)

### [bt]: Job terminated successfully [batchtools job.id=834]
### [bt]: Starting job [batchtools job.id=835]
### [bt]: Generating problem instance for problem '563768ad2e048da7' ...
### [bt]: Applying algorithm 'run_learner' on problem '563768ad2e048da7' for job 835 (seed = 958) ...
INFO  [12:55:52.678] [mlr3] Applying learner 'rpart calibrated beta cv3' on task 'credit-g' (iter 5/10)

### [bt]: Job terminated successfully [batchtools job.id=835]
### [bt]: Calculation finished!
