### [bt]: This is batchtools v0.9.17
### [bt]: Starting calculation of 1 jobs
### [bt]: Setting working directory to '/content'
### [bt]: Memory measurement disabled
### [bt]: Starting job [batchtools job.id=10828]
### [bt]: Generating problem instance for problem 'cfb05fadfc1e266b' ...
### [bt]: Applying algorithm 'run_learner' on problem 'cfb05fadfc1e266b' for job 10828 (seed = 10951) ...
INFO  [16:53:21.059] [mlr3] Applying learner 'nnet calibrated platt 70' on task 'numerai28.6' (iter 8/10)
# weights:  70
initial  value 43129.449891 
iter  10 value 41971.009057
iter  20 value 41926.226682
iter  30 value 41910.997568
iter  40 value 41901.949346
iter  50 value 41896.476479
iter  60 value 41890.276508
iter  70 value 41880.484796
iter  80 value 41876.206687
iter  90 value 41871.447295
iter 100 value 41869.386594
final  value 41869.386594 
stopped after 100 iterations

### [bt]: Job terminated successfully [batchtools job.id=10828]
### [bt]: Calculation finished!
