### [bt]: This is batchtools v0.9.17
### [bt]: Starting calculation of 5 jobs
### [bt]: Setting working directory to '/Users/adrian/Desktop/Mater_Thesis_Calibration'
ece.R :
Friedmann_tasks.R :
Functions.R :
ici.R :
mse_feature_effects.R :
PipeOpCalibration.R :
### [bt]: Memory measurement disabled
### [bt]: Starting job [batchtools job.id=3946]
### [bt]: Generating problem instance for problem '341ee781c7d79b8f' ...
### [bt]: Applying algorithm 'run_learner' on problem '341ee781c7d79b8f' for job 3946 (seed = 4069) ...
INFO  [14:58:39.248] [mlr3] Applying learner 'glmnet calibrated platt 70' on task 'wdbc' (iter 6/10)

### [bt]: Job terminated successfully [batchtools job.id=3946]
### [bt]: Starting job [batchtools job.id=3947]
### [bt]: Generating problem instance for problem '341ee781c7d79b8f' ...
### [bt]: Applying algorithm 'run_learner' on problem '341ee781c7d79b8f' for job 3947 (seed = 4070) ...
INFO  [14:58:39.484] [mlr3] Applying learner 'glmnet calibrated platt 70' on task 'wdbc' (iter 7/10)

### [bt]: Job terminated successfully [batchtools job.id=3947]
### [bt]: Starting job [batchtools job.id=3948]
### [bt]: Generating problem instance for problem '341ee781c7d79b8f' ...
### [bt]: Applying algorithm 'run_learner' on problem '341ee781c7d79b8f' for job 3948 (seed = 4071) ...
INFO  [14:58:44.913] [mlr3] Applying learner 'glmnet calibrated platt 70' on task 'wdbc' (iter 8/10)

### [bt]: Job terminated successfully [batchtools job.id=3948]
### [bt]: Starting job [batchtools job.id=3949]
### [bt]: Generating problem instance for problem '341ee781c7d79b8f' ...
### [bt]: Applying algorithm 'run_learner' on problem '341ee781c7d79b8f' for job 3949 (seed = 4072) ...
INFO  [14:58:45.199] [mlr3] Applying learner 'glmnet calibrated platt 70' on task 'wdbc' (iter 9/10)

### [bt]: Job terminated successfully [batchtools job.id=3949]
### [bt]: Starting job [batchtools job.id=3950]
### [bt]: Generating problem instance for problem '341ee781c7d79b8f' ...
### [bt]: Applying algorithm 'run_learner' on problem '341ee781c7d79b8f' for job 3950 (seed = 4073) ...
INFO  [14:58:45.419] [mlr3] Applying learner 'glmnet calibrated platt 70' on task 'wdbc' (iter 10/10)

### [bt]: Job terminated successfully [batchtools job.id=3950]
### [bt]: Calculation finished!
