### [bt]: This is batchtools v0.9.17
### [bt]: Starting calculation of 5 jobs
### [bt]: Setting working directory to '/Users/adrian/Desktop/Mater_Thesis_Calibration'
ece.R :
Friedmann_tasks.R :
Functions.R :
ici.R :
mse_feature_effects.R :
PipeOpCalibration.R :
### [bt]: Memory measurement disabled
### [bt]: Starting job [batchtools job.id=7661]
### [bt]: Generating problem instance for problem 'c27a1cbf9c91424a' ...
### [bt]: Applying algorithm 'run_learner' on problem 'c27a1cbf9c91424a' for job 7661 (seed = 7784) ...
INFO  [18:39:30.040] [mlr3] Applying learner 'xgboost calibrated platt cv5' on task 'ilpd' (iter 1/10)

### [bt]: Job terminated successfully [batchtools job.id=7661]
### [bt]: Starting job [batchtools job.id=7662]
### [bt]: Generating problem instance for problem 'c27a1cbf9c91424a' ...
### [bt]: Applying algorithm 'run_learner' on problem 'c27a1cbf9c91424a' for job 7662 (seed = 7785) ...
INFO  [18:39:42.915] [mlr3] Applying learner 'xgboost calibrated platt cv5' on task 'ilpd' (iter 2/10)

### [bt]: Job terminated successfully [batchtools job.id=7662]
### [bt]: Starting job [batchtools job.id=7663]
### [bt]: Generating problem instance for problem 'c27a1cbf9c91424a' ...
### [bt]: Applying algorithm 'run_learner' on problem 'c27a1cbf9c91424a' for job 7663 (seed = 7786) ...
INFO  [18:39:52.101] [mlr3] Applying learner 'xgboost calibrated platt cv5' on task 'ilpd' (iter 3/10)

### [bt]: Job terminated successfully [batchtools job.id=7663]
### [bt]: Starting job [batchtools job.id=7664]
### [bt]: Generating problem instance for problem 'c27a1cbf9c91424a' ...
### [bt]: Applying algorithm 'run_learner' on problem 'c27a1cbf9c91424a' for job 7664 (seed = 7787) ...
INFO  [18:40:01.146] [mlr3] Applying learner 'xgboost calibrated platt cv5' on task 'ilpd' (iter 4/10)

### [bt]: Job terminated successfully [batchtools job.id=7664]
### [bt]: Starting job [batchtools job.id=7665]
### [bt]: Generating problem instance for problem 'c27a1cbf9c91424a' ...
### [bt]: Applying algorithm 'run_learner' on problem 'c27a1cbf9c91424a' for job 7665 (seed = 7788) ...
INFO  [18:40:10.181] [mlr3] Applying learner 'xgboost calibrated platt cv5' on task 'ilpd' (iter 5/10)

### [bt]: Job terminated successfully [batchtools job.id=7665]
### [bt]: Calculation finished!
