### [bt]: This is batchtools v0.9.17
### [bt]: Starting calculation of 5 jobs
### [bt]: Setting working directory to '/Users/adrian/Desktop/Mater_Thesis_Calibration'
ece.R :
Friedmann_tasks.R :
Functions.R :
ici.R :
mse_feature_effects.R :
PipeOpCalibration.R :
### [bt]: Memory measurement disabled
### [bt]: Starting job [batchtools job.id=5456]
### [bt]: Generating problem instance for problem 'a6b2cabd9f84c607' ...
### [bt]: Applying algorithm 'run_learner' on problem 'a6b2cabd9f84c607' for job 5456 (seed = 5579) ...
INFO  [15:55:43.692] [mlr3] Applying learner 'naive_bayes calibrated beta 80' on task 'phoneme' (iter 6/10)

### [bt]: Job terminated successfully [batchtools job.id=5456]
### [bt]: Starting job [batchtools job.id=5457]
### [bt]: Generating problem instance for problem 'a6b2cabd9f84c607' ...
### [bt]: Applying algorithm 'run_learner' on problem 'a6b2cabd9f84c607' for job 5457 (seed = 5580) ...
INFO  [15:55:43.940] [mlr3] Applying learner 'naive_bayes calibrated beta 80' on task 'phoneme' (iter 7/10)

### [bt]: Job terminated successfully [batchtools job.id=5457]
### [bt]: Starting job [batchtools job.id=5458]
### [bt]: Generating problem instance for problem 'a6b2cabd9f84c607' ...
### [bt]: Applying algorithm 'run_learner' on problem 'a6b2cabd9f84c607' for job 5458 (seed = 5581) ...
INFO  [15:55:50.060] [mlr3] Applying learner 'naive_bayes calibrated beta 80' on task 'phoneme' (iter 8/10)

### [bt]: Job terminated successfully [batchtools job.id=5458]
### [bt]: Starting job [batchtools job.id=5459]
### [bt]: Generating problem instance for problem 'a6b2cabd9f84c607' ...
### [bt]: Applying algorithm 'run_learner' on problem 'a6b2cabd9f84c607' for job 5459 (seed = 5582) ...
INFO  [15:55:50.673] [mlr3] Applying learner 'naive_bayes calibrated beta 80' on task 'phoneme' (iter 9/10)

### [bt]: Job terminated successfully [batchtools job.id=5459]
### [bt]: Starting job [batchtools job.id=5460]
### [bt]: Generating problem instance for problem 'a6b2cabd9f84c607' ...
### [bt]: Applying algorithm 'run_learner' on problem 'a6b2cabd9f84c607' for job 5460 (seed = 5583) ...
INFO  [15:55:50.979] [mlr3] Applying learner 'naive_bayes calibrated beta 80' on task 'phoneme' (iter 10/10)

### [bt]: Job terminated successfully [batchtools job.id=5460]
### [bt]: Calculation finished!
