### [bt]: This is batchtools v0.9.17
### [bt]: Starting calculation of 1 jobs
### [bt]: Setting working directory to '/content'
### [bt]: Memory measurement disabled
### [bt]: Starting job [batchtools job.id=11035]
### [bt]: Generating problem instance for problem 'cfb05fadfc1e266b' ...
### [bt]: Applying algorithm 'run_learner' on problem 'cfb05fadfc1e266b' for job 11035 (seed = 11158) ...
INFO  [01:40:41.656] [mlr3] Applying learner 'ranger uncalibrated' on task 'numerai28.6' (iter 5/10)
Growing trees.. Progress: 9%. Estimated remaining time: 5 minutes, 27 seconds.
Growing trees.. Progress: 17%. Estimated remaining time: 5 minutes, 7 seconds.
Growing trees.. Progress: 25%. Estimated remaining time: 4 minutes, 35 seconds.
Growing trees.. Progress: 33%. Estimated remaining time: 4 minutes, 16 seconds.
Growing trees.. Progress: 40%. Estimated remaining time: 3 minutes, 56 seconds.
Growing trees.. Progress: 47%. Estimated remaining time: 3 minutes, 30 seconds.
Growing trees.. Progress: 54%. Estimated remaining time: 3 minutes, 4 seconds.
Growing trees.. Progress: 61%. Estimated remaining time: 2 minutes, 38 seconds.
Growing trees.. Progress: 68%. Estimated remaining time: 2 minutes, 10 seconds.
Growing trees.. Progress: 75%. Estimated remaining time: 1 minute, 41 seconds.
Growing trees.. Progress: 83%. Estimated remaining time: 1 minute, 12 seconds.
Growing trees.. Progress: 90%. Estimated remaining time: 42 seconds.
Growing trees.. Progress: 97%. Estimated remaining time: 13 seconds.

### [bt]: Job terminated successfully [batchtools job.id=11035]
### [bt]: Calculation finished!
