### [bt]: This is batchtools v0.9.17
### [bt]: Starting calculation of 5 jobs
### [bt]: Setting working directory to '/Users/adrian/Desktop/Mater_Thesis_Calibration'
ece.R :
Friedmann_tasks.R :
Functions.R :
ici.R :
mse_feature_effects.R :
PipeOpCalibration.R :
### [bt]: Memory measurement disabled
### [bt]: Starting job [batchtools job.id=646]
### [bt]: Generating problem instance for problem '563768ad2e048da7' ...
### [bt]: Applying algorithm 'run_learner' on problem '563768ad2e048da7' for job 646 (seed = 769) ...
INFO  [12:45:10.375] [mlr3] Applying learner 'ranger calibrated beta 70' on task 'credit-g' (iter 6/10)

### [bt]: Job terminated successfully [batchtools job.id=646]
### [bt]: Starting job [batchtools job.id=647]
### [bt]: Generating problem instance for problem '563768ad2e048da7' ...
### [bt]: Applying algorithm 'run_learner' on problem '563768ad2e048da7' for job 647 (seed = 770) ...
INFO  [12:45:13.737] [mlr3] Applying learner 'ranger calibrated beta 70' on task 'credit-g' (iter 7/10)

### [bt]: Job terminated successfully [batchtools job.id=647]
### [bt]: Starting job [batchtools job.id=648]
### [bt]: Generating problem instance for problem '563768ad2e048da7' ...
### [bt]: Applying algorithm 'run_learner' on problem '563768ad2e048da7' for job 648 (seed = 771) ...
INFO  [12:45:15.724] [mlr3] Applying learner 'ranger calibrated beta 70' on task 'credit-g' (iter 8/10)

### [bt]: Job terminated successfully [batchtools job.id=648]
### [bt]: Starting job [batchtools job.id=649]
### [bt]: Generating problem instance for problem '563768ad2e048da7' ...
### [bt]: Applying algorithm 'run_learner' on problem '563768ad2e048da7' for job 649 (seed = 772) ...
INFO  [12:45:17.567] [mlr3] Applying learner 'ranger calibrated beta 70' on task 'credit-g' (iter 9/10)

### [bt]: Job terminated successfully [batchtools job.id=649]
### [bt]: Starting job [batchtools job.id=650]
### [bt]: Generating problem instance for problem '563768ad2e048da7' ...
### [bt]: Applying algorithm 'run_learner' on problem '563768ad2e048da7' for job 650 (seed = 773) ...
INFO  [12:45:19.603] [mlr3] Applying learner 'ranger calibrated beta 70' on task 'credit-g' (iter 10/10)

### [bt]: Job terminated successfully [batchtools job.id=650]
### [bt]: Calculation finished!
