### [bt]: This is batchtools v0.9.17
### [bt]: Starting calculation of 1 jobs
### [bt]: Setting working directory to '/content'
### [bt]: Memory measurement disabled
### [bt]: Starting job [batchtools job.id=13873]
### [bt]: Generating problem instance for problem 'a6b2cabd9f84c607' ...
### [bt]: Applying algorithm 'run_learner' on problem 'a6b2cabd9f84c607' for job 13873 (seed = 13996) ...
INFO  [14:59:59.605] [mlr3] Applying learner 'nnet calibrated platt union' on task 'phoneme' (iter 3/10)
# weights:  22
initial  value 2506.203701 
iter  10 value 1733.200331
iter  20 value 1633.544406
iter  30 value 1613.646905
iter  40 value 1609.131172
iter  50 value 1607.473749
iter  60 value 1603.784487
iter  70 value 1602.776802
iter  80 value 1602.675214
final  value 1602.672709 
converged
# weights:  22
initial  value 2436.698283 
iter  10 value 1723.661509
iter  20 value 1581.460342
iter  30 value 1493.810298
iter  40 value 1464.970905
iter  50 value 1463.481742
iter  60 value 1461.235865
iter  70 value 1460.182516
iter  80 value 1460.131855
iter  80 value 1460.131850
iter  80 value 1460.131850
final  value 1460.131850 
converged
# weights:  22
initial  value 2461.739078 
iter  10 value 1771.909019
iter  20 value 1637.500865
iter  30 value 1611.666491
iter  40 value 1606.954121
iter  50 value 1604.029448
iter  60 value 1598.663108
iter  70 value 1594.327465
iter  80 value 1590.848283
iter  90 value 1588.938758
iter 100 value 1588.868118
final  value 1588.868118 
stopped after 100 iterations
# weights:  22
initial  value 2511.919110 
iter  10 value 1753.875373
iter  20 value 1569.839983
iter  30 value 1520.599750
iter  40 value 1496.605451
iter  50 value 1474.105576
iter  60 value 1463.574495
iter  70 value 1459.627502
iter  80 value 1458.940599
iter  90 value 1458.930829
final  value 1458.930813 
converged
# weights:  22
initial  value 2727.399428 
iter  10 value 1725.934542
iter  20 value 1644.713382
iter  30 value 1544.601596
iter  40 value 1502.941677
iter  50 value 1499.778470
iter  60 value 1490.629355
iter  70 value 1483.754464
iter  80 value 1482.410347
iter  90 value 1481.861737
iter 100 value 1481.689163
final  value 1481.689163 
stopped after 100 iterations

### [bt]: Job terminated successfully [batchtools job.id=13873]
### [bt]: Calculation finished!
