### [bt]: This is batchtools v0.9.17
### [bt]: Starting calculation of 5 jobs
### [bt]: Setting working directory to '/Users/adrian/Desktop/Mater_Thesis_Calibration'
ece.R :
Friedmann_tasks.R :
Functions.R :
ici.R :
mse_feature_effects.R :
PipeOpCalibration.R :
### [bt]: Memory measurement disabled
### [bt]: Starting job [batchtools job.id=12176]
### [bt]: Generating problem instance for problem '7f16ca74b5d8776b' ...
### [bt]: Applying algorithm 'run_learner' on problem '7f16ca74b5d8776b' for job 12176 (seed = 12299) ...
INFO  [03:26:05.610] [mlr3] Applying learner 'ranger calibrated beta 80' on task 'churn' (iter 6/10)

### [bt]: Job terminated successfully [batchtools job.id=12176]
### [bt]: Starting job [batchtools job.id=12177]
### [bt]: Generating problem instance for problem '7f16ca74b5d8776b' ...
### [bt]: Applying algorithm 'run_learner' on problem '7f16ca74b5d8776b' for job 12177 (seed = 12300) ...
INFO  [03:26:18.339] [mlr3] Applying learner 'ranger calibrated beta 80' on task 'churn' (iter 7/10)

### [bt]: Job terminated successfully [batchtools job.id=12177]
### [bt]: Starting job [batchtools job.id=12178]
### [bt]: Generating problem instance for problem '7f16ca74b5d8776b' ...
### [bt]: Applying algorithm 'run_learner' on problem '7f16ca74b5d8776b' for job 12178 (seed = 12301) ...
INFO  [03:26:24.864] [mlr3] Applying learner 'ranger calibrated beta 80' on task 'churn' (iter 8/10)

### [bt]: Job terminated successfully [batchtools job.id=12178]
### [bt]: Starting job [batchtools job.id=12179]
### [bt]: Generating problem instance for problem '7f16ca74b5d8776b' ...
### [bt]: Applying algorithm 'run_learner' on problem '7f16ca74b5d8776b' for job 12179 (seed = 12302) ...
INFO  [03:26:31.401] [mlr3] Applying learner 'ranger calibrated beta 80' on task 'churn' (iter 9/10)

### [bt]: Job terminated successfully [batchtools job.id=12179]
### [bt]: Starting job [batchtools job.id=12180]
### [bt]: Generating problem instance for problem '7f16ca74b5d8776b' ...
### [bt]: Applying algorithm 'run_learner' on problem '7f16ca74b5d8776b' for job 12180 (seed = 12303) ...
INFO  [03:26:37.971] [mlr3] Applying learner 'ranger calibrated beta 80' on task 'churn' (iter 10/10)

### [bt]: Job terminated successfully [batchtools job.id=12180]
### [bt]: Calculation finished!
