### [bt]: This is batchtools v0.9.17
### [bt]: Starting calculation of 5 jobs
### [bt]: Setting working directory to '/Users/adrian/Desktop/Mater_Thesis_Calibration'
ece.R :
Friedmann_tasks.R :
Functions.R :
ici.R :
mse_feature_effects.R :
PipeOpCalibration.R :
### [bt]: Memory measurement disabled
### [bt]: Starting job [batchtools job.id=9531]
### [bt]: Generating problem instance for problem '0ecb79b078d7aa0a' ...
### [bt]: Applying algorithm 'run_learner' on problem '0ecb79b078d7aa0a' for job 9531 (seed = 9654) ...
INFO  [17:53:08.461] [mlr3] Applying learner 'nnet calibrated isotonic cv5' on task 'PhishingWebsites' (iter 1/10)
# weights:  121
initial  value 5556.778517 
iter  10 value 1383.871646
iter  20 value 1171.200294
iter  30 value 1077.905084
iter  40 value 1003.762434
iter  50 value 951.070355
iter  60 value 899.171159
iter  70 value 871.574631
iter  80 value 855.586251
iter  90 value 842.896905
iter 100 value 837.927855
final  value 837.927855 
stopped after 100 iterations
# weights:  121
initial  value 5918.600040 
iter  10 value 1655.216309
iter  20 value 1154.388297
iter  30 value 968.527606
iter  40 value 903.262290
iter  50 value 886.912044
iter  60 value 881.545449
iter  70 value 876.272837
iter  80 value 871.002921
iter  90 value 867.573885
iter 100 value 862.854652
final  value 862.854652 
stopped after 100 iterations
# weights:  121
initial  value 5534.220573 
iter  10 value 1564.924407
iter  20 value 1104.865913
iter  30 value 991.854713
iter  40 value 923.797213
iter  50 value 885.615606
iter  60 value 853.332010
iter  70 value 830.544826
iter  80 value 813.362472
iter  90 value 805.035402
iter 100 value 801.096557
final  value 801.096557 
stopped after 100 iterations
# weights:  121
initial  value 6134.459765 
iter  10 value 1253.778689
iter  20 value 1111.156056
iter  30 value 986.250815
iter  40 value 885.523950
iter  50 value 844.325579
iter  60 value 828.369099
iter  70 value 819.604871
iter  80 value 815.779581
iter  90 value 812.504928
iter 100 value 810.428039
final  value 810.428039 
stopped after 100 iterations
# weights:  121
initial  value 6010.727004 
iter  10 value 1450.377501
iter  20 value 1024.639536
iter  30 value 953.515939
iter  40 value 916.940350
iter  50 value 883.666561
iter  60 value 850.974021
iter  70 value 830.402602
iter  80 value 818.354612
iter  90 value 804.497330
iter 100 value 793.581655
final  value 793.581655 
stopped after 100 iterations

### [bt]: Job terminated successfully [batchtools job.id=9531]
### [bt]: Starting job [batchtools job.id=9532]
### [bt]: Generating problem instance for problem '0ecb79b078d7aa0a' ...
### [bt]: Applying algorithm 'run_learner' on problem '0ecb79b078d7aa0a' for job 9532 (seed = 9655) ...
INFO  [17:53:17.686] [mlr3] Applying learner 'nnet calibrated isotonic cv5' on task 'PhishingWebsites' (iter 2/10)
# weights:  121
initial  value 5773.725980 
iter  10 value 1424.063577
iter  20 value 1142.719768
iter  30 value 1021.611196
iter  40 value 965.317872
iter  50 value 945.442365
iter  60 value 928.713334
iter  70 value 916.181475
iter  80 value 904.782730
iter  90 value 896.752918
iter 100 value 893.363943
final  value 893.363943 
stopped after 100 iterations
# weights:  121
initial  value 5740.283297 
iter  10 value 2024.632068
iter  20 value 1253.487643
iter  30 value 1102.752236
iter  40 value 1004.255497
iter  50 value 947.463585
iter  60 value 921.233224
iter  70 value 890.929862
iter  80 value 865.284187
iter  90 value 854.600327
iter 100 value 844.825928
final  value 844.825928 
stopped after 100 iterations
# weights:  121
initial  value 7113.608788 
iter  10 value 1710.932791
iter  20 value 1058.918618
iter  30 value 957.129713
iter  40 value 876.573665
iter  50 value 841.469291
iter  60 value 824.148158
iter  70 value 808.922218
iter  80 value 792.128115
iter  90 value 781.899165
iter 100 value 775.208735
final  value 775.208735 
stopped after 100 iterations
# weights:  121
initial  value 5469.076785 
iter  10 value 1645.095725
iter  20 value 1475.353982
iter  30 value 1276.984815
iter  40 value 1032.609643
iter  50 value 930.409381
iter  60 value 877.537747
iter  70 value 861.383319
iter  80 value 843.263970
iter  90 value 838.652379
iter 100 value 835.447896
final  value 835.447896 
stopped after 100 iterations
# weights:  121
initial  value 5572.997671 
iter  10 value 2080.708721
iter  20 value 1133.639640
iter  30 value 945.500853
iter  40 value 896.746827
iter  50 value 879.511135
iter  60 value 869.798476
iter  70 value 860.480019
iter  80 value 853.801862
iter  90 value 847.254205
iter 100 value 844.281586
final  value 844.281586 
stopped after 100 iterations

### [bt]: Job terminated successfully [batchtools job.id=9532]
### [bt]: Starting job [batchtools job.id=9533]
### [bt]: Generating problem instance for problem '0ecb79b078d7aa0a' ...
### [bt]: Applying algorithm 'run_learner' on problem '0ecb79b078d7aa0a' for job 9533 (seed = 9656) ...
INFO  [17:53:23.829] [mlr3] Applying learner 'nnet calibrated isotonic cv5' on task 'PhishingWebsites' (iter 3/10)
# weights:  121
initial  value 6816.235934 
iter  10 value 1431.355186
iter  20 value 1012.613149
iter  30 value 946.661470
iter  40 value 897.184713
iter  50 value 876.238012
iter  60 value 867.057814
iter  70 value 859.059156
iter  80 value 853.577841
iter  90 value 841.793783
iter 100 value 833.234413
final  value 833.234413 
stopped after 100 iterations
# weights:  121
initial  value 5567.477119 
iter  10 value 1868.983446
iter  20 value 1412.620202
iter  30 value 1226.832831
iter  40 value 1078.058147
iter  50 value 986.338926
iter  60 value 918.430534
iter  70 value 854.887549
iter  80 value 811.938023
iter  90 value 792.653919
iter 100 value 783.173230
final  value 783.173230 
stopped after 100 iterations
# weights:  121
initial  value 6692.509492 
iter  10 value 1478.222693
iter  20 value 1243.487786
iter  30 value 1136.030271
iter  40 value 1053.695961
iter  50 value 984.935611
iter  60 value 935.399548
iter  70 value 909.894202
iter  80 value 898.562807
iter  90 value 887.606952
iter 100 value 871.771611
final  value 871.771611 
stopped after 100 iterations
# weights:  121
initial  value 7260.509337 
iter  10 value 1491.231625
iter  20 value 1041.391547
iter  30 value 986.036157
iter  40 value 945.780008
iter  50 value 918.619185
iter  60 value 896.356669
iter  70 value 884.263326
iter  80 value 874.555145
iter  90 value 867.868994
iter 100 value 852.993694
final  value 852.993694 
stopped after 100 iterations
# weights:  121
initial  value 6026.366128 
iter  10 value 2034.399981
iter  20 value 1181.486092
iter  30 value 1087.625302
iter  40 value 1051.079973
iter  50 value 1000.482805
iter  60 value 959.633780
iter  70 value 924.925984
iter  80 value 901.139460
iter  90 value 879.122159
iter 100 value 873.849167
final  value 873.849167 
stopped after 100 iterations

### [bt]: Job terminated successfully [batchtools job.id=9533]
### [bt]: Starting job [batchtools job.id=9534]
### [bt]: Generating problem instance for problem '0ecb79b078d7aa0a' ...
### [bt]: Applying algorithm 'run_learner' on problem '0ecb79b078d7aa0a' for job 9534 (seed = 9657) ...
INFO  [17:53:29.431] [mlr3] Applying learner 'nnet calibrated isotonic cv5' on task 'PhishingWebsites' (iter 4/10)
# weights:  121
initial  value 6194.745816 
iter  10 value 1748.802402
iter  20 value 1547.216499
iter  30 value 1398.515460
iter  40 value 1284.507426
iter  50 value 1203.894785
iter  60 value 1071.019145
iter  70 value 996.696382
iter  80 value 974.154545
iter  90 value 968.205161
iter 100 value 964.065685
final  value 964.065685 
stopped after 100 iterations
# weights:  121
initial  value 6482.900402 
iter  10 value 1276.818397
iter  20 value 1198.473294
iter  30 value 1114.403748
iter  40 value 1038.190286
iter  50 value 931.161388
iter  60 value 886.854545
iter  70 value 857.314901
iter  80 value 832.555168
iter  90 value 815.557997
iter 100 value 797.494936
final  value 797.494936 
stopped after 100 iterations
# weights:  121
initial  value 5352.553041 
iter  10 value 1261.048000
iter  20 value 1053.501854
iter  30 value 978.376232
iter  40 value 966.687369
iter  50 value 958.021348
iter  60 value 956.751024
iter  70 value 956.444308
iter  80 value 956.334682
iter  90 value 955.925545
iter 100 value 955.444822
final  value 955.444822 
stopped after 100 iterations
# weights:  121
initial  value 6801.683247 
iter  10 value 2343.903088
iter  20 value 1577.988193
iter  30 value 1335.713514
iter  40 value 1181.049839
iter  50 value 1127.018346
iter  60 value 1080.147927
iter  70 value 1063.258527
iter  80 value 1057.714162
iter  90 value 1054.918565
iter 100 value 1045.287090
final  value 1045.287090 
stopped after 100 iterations
# weights:  121
initial  value 5929.139955 
iter  10 value 1400.599893
iter  20 value 1117.267914
iter  30 value 1064.745779
iter  40 value 1017.388000
iter  50 value 978.789735
iter  60 value 968.357142
iter  70 value 958.934976
iter  80 value 953.406030
iter  90 value 950.725034
iter 100 value 940.683628
final  value 940.683628 
stopped after 100 iterations

### [bt]: Job terminated successfully [batchtools job.id=9534]
### [bt]: Starting job [batchtools job.id=9535]
### [bt]: Generating problem instance for problem '0ecb79b078d7aa0a' ...
### [bt]: Applying algorithm 'run_learner' on problem '0ecb79b078d7aa0a' for job 9535 (seed = 9658) ...
INFO  [17:53:35.068] [mlr3] Applying learner 'nnet calibrated isotonic cv5' on task 'PhishingWebsites' (iter 5/10)
# weights:  121
initial  value 5768.174517 
iter  10 value 1633.501074
iter  20 value 1016.190509
iter  30 value 915.358810
iter  40 value 873.568144
iter  50 value 843.311009
iter  60 value 823.091407
iter  70 value 805.641000
iter  80 value 797.673971
iter  90 value 787.599079
iter 100 value 780.296876
final  value 780.296876 
stopped after 100 iterations
# weights:  121
initial  value 5471.821796 
iter  10 value 1309.427636
iter  20 value 1172.237521
iter  30 value 1101.370490
iter  40 value 1013.550042
iter  50 value 928.929292
iter  60 value 890.386464
iter  70 value 860.799774
iter  80 value 850.719541
iter  90 value 843.722175
iter 100 value 832.641324
final  value 832.641324 
stopped after 100 iterations
# weights:  121
initial  value 5479.922818 
iter  10 value 1661.037276
iter  20 value 1191.278666
iter  30 value 1079.949806
iter  40 value 979.018759
iter  50 value 925.763041
iter  60 value 876.986127
iter  70 value 851.659276
iter  80 value 833.876703
iter  90 value 826.291468
iter 100 value 817.986229
final  value 817.986229 
stopped after 100 iterations
# weights:  121
initial  value 5398.329756 
iter  10 value 1667.328943
iter  20 value 1093.561705
iter  30 value 934.703941
iter  40 value 865.569846
iter  50 value 833.840551
iter  60 value 812.105637
iter  70 value 786.714911
iter  80 value 774.821538
iter  90 value 768.181360
iter 100 value 765.460816
final  value 765.460816 
stopped after 100 iterations
# weights:  121
initial  value 6220.072541 
iter  10 value 1825.913118
iter  20 value 1161.716824
iter  30 value 1089.570692
iter  40 value 1042.061761
iter  50 value 992.309246
iter  60 value 933.562652
iter  70 value 897.195642
iter  80 value 884.972016
iter  90 value 873.604553
iter 100 value 864.160718
final  value 864.160718 
stopped after 100 iterations

### [bt]: Job terminated successfully [batchtools job.id=9535]
### [bt]: Calculation finished!
