### [bt]: This is batchtools v0.9.17
### [bt]: Starting calculation of 5 jobs
### [bt]: Setting working directory to '/Users/adrian/Desktop/Mater_Thesis_Calibration'
ece.R :
Friedmann_tasks.R :
Functions.R :
ici.R :
mse_feature_effects.R :
PipeOpCalibration.R :
### [bt]: Memory measurement disabled
### [bt]: Starting job [batchtools job.id=3956]
### [bt]: Generating problem instance for problem '341ee781c7d79b8f' ...
### [bt]: Applying algorithm 'run_learner' on problem '341ee781c7d79b8f' for job 3956 (seed = 4079) ...
INFO  [14:58:54.684] [mlr3] Applying learner 'glmnet calibrated platt 80' on task 'wdbc' (iter 6/10)

### [bt]: Job terminated successfully [batchtools job.id=3956]
### [bt]: Starting job [batchtools job.id=3957]
### [bt]: Generating problem instance for problem '341ee781c7d79b8f' ...
### [bt]: Applying algorithm 'run_learner' on problem '341ee781c7d79b8f' for job 3957 (seed = 4080) ...
INFO  [14:59:00.018] [mlr3] Applying learner 'glmnet calibrated platt 80' on task 'wdbc' (iter 7/10)

### [bt]: Job terminated successfully [batchtools job.id=3957]
### [bt]: Starting job [batchtools job.id=3958]
### [bt]: Generating problem instance for problem '341ee781c7d79b8f' ...
### [bt]: Applying algorithm 'run_learner' on problem '341ee781c7d79b8f' for job 3958 (seed = 4081) ...
INFO  [14:59:00.355] [mlr3] Applying learner 'glmnet calibrated platt 80' on task 'wdbc' (iter 8/10)

### [bt]: Job terminated successfully [batchtools job.id=3958]
### [bt]: Starting job [batchtools job.id=3959]
### [bt]: Generating problem instance for problem '341ee781c7d79b8f' ...
### [bt]: Applying algorithm 'run_learner' on problem '341ee781c7d79b8f' for job 3959 (seed = 4082) ...
INFO  [14:59:00.584] [mlr3] Applying learner 'glmnet calibrated platt 80' on task 'wdbc' (iter 9/10)

### [bt]: Job terminated successfully [batchtools job.id=3959]
### [bt]: Starting job [batchtools job.id=3960]
### [bt]: Generating problem instance for problem '341ee781c7d79b8f' ...
### [bt]: Applying algorithm 'run_learner' on problem '341ee781c7d79b8f' for job 3960 (seed = 4083) ...
INFO  [14:59:03.358] [mlr3] Applying learner 'glmnet calibrated platt 80' on task 'wdbc' (iter 10/10)
Warning: glm.fit: algorithm did not converge
This happened PipeOp classif.glmnet's $train()
Warning: glm.fit: fitted probabilities numerically 0 or 1 occurred
This happened PipeOp classif.glmnet's $train()

### [bt]: Job terminated successfully [batchtools job.id=3960]
### [bt]: Calculation finished!
