### [bt]: This is batchtools v0.9.17
### [bt]: Starting calculation of 1 jobs
### [bt]: Setting working directory to '/content'
### [bt]: Memory measurement disabled
### [bt]: Starting job [batchtools job.id=4434]
### [bt]: Generating problem instance for problem '341ee781c7d79b8f' ...
### [bt]: Applying algorithm 'run_learner' on problem '341ee781c7d79b8f' for job 4434 (seed = 4557) ...
INFO  [14:24:43.945] [mlr3] Applying learner 'nnet calibrated platt 80' on task 'wdbc' (iter 4/10)
# weights:  97
initial  value 271.888957 
iter  10 value 171.877286
iter  20 value 149.035466
iter  30 value 95.145535
iter  40 value 68.422861
iter  50 value 62.425272
iter  60 value 58.630595
iter  70 value 58.480336
iter  80 value 58.410728
iter  90 value 58.388390
iter 100 value 58.386064
final  value 58.386064 
stopped after 100 iterations
Warning: glm.fit: fitted probabilities numerically 0 or 1 occurred
This happened PipeOp classif.nnet's $train()

### [bt]: Job terminated successfully [batchtools job.id=4434]
### [bt]: Calculation finished!
