### [bt]: This is batchtools v0.9.17
### [bt]: Starting calculation of 1 jobs
### [bt]: Setting working directory to '/content'
### [bt]: Memory measurement disabled
### [bt]: Starting job [batchtools job.id=9450]
### [bt]: Generating problem instance for problem '0ecb79b078d7aa0a' ...
### [bt]: Applying algorithm 'run_learner' on problem '0ecb79b078d7aa0a' for job 9450 (seed = 9573) ...
INFO  [14:33:48.469] [mlr3] Applying learner 'nnet calibrated beta 70' on task 'PhishingWebsites' (iter 10/10)
# weights:  121
initial  value 5035.759022 
iter  10 value 1524.629365
iter  20 value 1123.819938
iter  30 value 962.231432
iter  40 value 872.106618
iter  50 value 837.095887
iter  60 value 819.269447
iter  70 value 811.162932
iter  80 value 803.450200
iter  90 value 789.173405
iter 100 value 783.059281
final  value 783.059281 
stopped after 100 iterations
[1] -34.42463
[1] 21.83331

### [bt]: Job terminated successfully [batchtools job.id=9450]
### [bt]: Calculation finished!
