### [bt]: This is batchtools v0.9.17
### [bt]: Starting calculation of 1 jobs
### [bt]: Setting working directory to '/content'
### [bt]: Memory measurement disabled
### [bt]: Starting job [batchtools job.id=15075]
### [bt]: Generating problem instance for problem '7f16ca74b5d8776b' ...
### [bt]: Applying algorithm 'run_learner' on problem '7f16ca74b5d8776b' for job 15075 (seed = 15198) ...
INFO  [15:06:10.504] [mlr3] Applying learner 'nnet calibrated platt union' on task 'churn' (iter 5/10)
# weights:  94
initial  value 2154.192021 
iter  10 value 1506.427389
iter  20 value 1497.422361
iter  30 value 1497.234838
iter  40 value 1497.173429
iter  50 value 1496.688056
iter  60 value 1496.020652
iter  70 value 1495.906931
iter  80 value 1495.687267
iter  90 value 1495.522407
iter 100 value 1495.472206
final  value 1495.472206 
stopped after 100 iterations
# weights:  94
initial  value 2721.983375 
iter  10 value 1448.217768
final  value 1447.726511 
converged
# weights:  94
initial  value 3181.504644 
final  value 1459.682683 
converged
# weights:  94
initial  value 3337.136209 
final  value 1470.519269 
converged
# weights:  94
initial  value 2509.643948 
final  value 1446.935139 
converged

### [bt]: Job terminated successfully [batchtools job.id=15075]
### [bt]: Calculation finished!
