### [bt]: This is batchtools v0.9.17
### [bt]: Starting calculation of 5 jobs
### [bt]: Setting working directory to '/Users/adrian/Desktop/Mater_Thesis_Calibration'
### [bt]: Memory measurement disabled
### [bt]: Starting job [batchtools job.id=996]
### [bt]: Generating problem instance for problem '1bd472785c2444ba' ...
### [bt]: Applying algorithm 'run_learner' on problem '1bd472785c2444ba' for job 996 (seed = 997) ...
INFO  [11:30:45.782] [mlr3] Applying learner 'rpart calibrated beta holdout_80' on task 'wdbc' (iter 6/10)

### [bt]: Job terminated successfully [batchtools job.id=996]
### [bt]: Starting job [batchtools job.id=997]
### [bt]: Generating problem instance for problem '1bd472785c2444ba' ...
### [bt]: Applying algorithm 'run_learner' on problem '1bd472785c2444ba' for job 997 (seed = 998) ...
INFO  [11:30:45.875] [mlr3] Applying learner 'rpart calibrated beta holdout_80' on task 'wdbc' (iter 7/10)

### [bt]: Job terminated successfully [batchtools job.id=997]
### [bt]: Starting job [batchtools job.id=998]
### [bt]: Generating problem instance for problem '1bd472785c2444ba' ...
### [bt]: Applying algorithm 'run_learner' on problem '1bd472785c2444ba' for job 998 (seed = 999) ...
INFO  [11:30:46.076] [mlr3] Applying learner 'rpart calibrated beta holdout_80' on task 'wdbc' (iter 8/10)

### [bt]: Job terminated successfully [batchtools job.id=998]
### [bt]: Starting job [batchtools job.id=999]
### [bt]: Generating problem instance for problem '1bd472785c2444ba' ...
### [bt]: Applying algorithm 'run_learner' on problem '1bd472785c2444ba' for job 999 (seed = 1000) ...
INFO  [11:30:48.938] [mlr3] Applying learner 'rpart calibrated beta holdout_80' on task 'wdbc' (iter 9/10)

### [bt]: Job terminated successfully [batchtools job.id=999]
### [bt]: Starting job [batchtools job.id=1000]
### [bt]: Generating problem instance for problem '1bd472785c2444ba' ...
### [bt]: Applying algorithm 'run_learner' on problem '1bd472785c2444ba' for job 1000 (seed = 1001) ...
INFO  [11:30:49.102] [mlr3] Applying learner 'rpart calibrated beta holdout_80' on task 'wdbc' (iter 10/10)

### [bt]: Job terminated successfully [batchtools job.id=1000]
### [bt]: Calculation finished!
