### [bt]: This is batchtools v0.9.17
### [bt]: Starting calculation of 5 jobs
### [bt]: Setting working directory to '/Users/adrian/Desktop/Mater_Thesis_Calibration'
ece.R :
Friedmann_tasks.R :
Functions.R :
ici.R :
mse_feature_effects.R :
PipeOpCalibration.R :
### [bt]: Memory measurement disabled
### [bt]: Starting job [batchtools job.id=4821]
### [bt]: Generating problem instance for problem '341ee781c7d79b8f' ...
### [bt]: Applying algorithm 'run_learner' on problem '341ee781c7d79b8f' for job 4821 (seed = 4944) ...
INFO  [15:25:37.739] [mlr3] Applying learner 'svm calibrated beta 90' on task 'wdbc' (iter 1/10)
Warning: glm.fit: fitted probabilities numerically 0 or 1 occurred
This happened PipeOp classif.svm's $train()

### [bt]: Job terminated successfully [batchtools job.id=4821]
### [bt]: Starting job [batchtools job.id=4822]
### [bt]: Generating problem instance for problem '341ee781c7d79b8f' ...
### [bt]: Applying algorithm 'run_learner' on problem '341ee781c7d79b8f' for job 4822 (seed = 4945) ...
INFO  [15:25:43.564] [mlr3] Applying learner 'svm calibrated beta 90' on task 'wdbc' (iter 2/10)
Warning: glm.fit: fitted probabilities numerically 0 or 1 occurred
This happened PipeOp classif.svm's $train()

### [bt]: Job terminated successfully [batchtools job.id=4822]
### [bt]: Starting job [batchtools job.id=4823]
### [bt]: Generating problem instance for problem '341ee781c7d79b8f' ...
### [bt]: Applying algorithm 'run_learner' on problem '341ee781c7d79b8f' for job 4823 (seed = 4946) ...
INFO  [15:25:43.902] [mlr3] Applying learner 'svm calibrated beta 90' on task 'wdbc' (iter 3/10)
Warning: glm.fit: algorithm did not converge
This happened PipeOp classif.svm's $train()
Warning: glm.fit: fitted probabilities numerically 0 or 1 occurred
This happened PipeOp classif.svm's $train()

### [bt]: Job terminated successfully [batchtools job.id=4823]
### [bt]: Starting job [batchtools job.id=4824]
### [bt]: Generating problem instance for problem '341ee781c7d79b8f' ...
### [bt]: Applying algorithm 'run_learner' on problem '341ee781c7d79b8f' for job 4824 (seed = 4947) ...
INFO  [15:25:44.124] [mlr3] Applying learner 'svm calibrated beta 90' on task 'wdbc' (iter 4/10)
Warning: glm.fit: fitted probabilities numerically 0 or 1 occurred
This happened PipeOp classif.svm's $train()

### [bt]: Job terminated successfully [batchtools job.id=4824]
### [bt]: Starting job [batchtools job.id=4825]
### [bt]: Generating problem instance for problem '341ee781c7d79b8f' ...
### [bt]: Applying algorithm 'run_learner' on problem '341ee781c7d79b8f' for job 4825 (seed = 4948) ...
INFO  [15:25:44.339] [mlr3] Applying learner 'svm calibrated beta 90' on task 'wdbc' (iter 5/10)
Warning: glm.fit: algorithm did not converge
This happened PipeOp classif.svm's $train()
Warning: glm.fit: fitted probabilities numerically 0 or 1 occurred
This happened PipeOp classif.svm's $train()

### [bt]: Job terminated successfully [batchtools job.id=4825]
### [bt]: Calculation finished!
