### [bt]: This is batchtools v0.9.17
### [bt]: Starting calculation of 5 jobs
### [bt]: Setting working directory to '/Users/adrian/Desktop/Mater_Thesis_Calibration'
ece.R :
Friedmann_tasks.R :
Functions.R :
ici.R :
mse_feature_effects.R :
PipeOpCalibration.R :
### [bt]: Memory measurement disabled
### [bt]: Starting job [batchtools job.id=316]
### [bt]: Generating problem instance for problem '563768ad2e048da7' ...
### [bt]: Applying algorithm 'run_learner' on problem '563768ad2e048da7' for job 316 (seed = 439) ...
INFO  [12:40:12.340] [mlr3] Applying learner 'kknn uncalibrated' on task 'credit-g' (iter 6/10)

### [bt]: Job terminated successfully [batchtools job.id=316]
### [bt]: Starting job [batchtools job.id=317]
### [bt]: Generating problem instance for problem '563768ad2e048da7' ...
### [bt]: Applying algorithm 'run_learner' on problem '563768ad2e048da7' for job 317 (seed = 440) ...
INFO  [12:40:12.375] [mlr3] Applying learner 'kknn uncalibrated' on task 'credit-g' (iter 7/10)

### [bt]: Job terminated successfully [batchtools job.id=317]
### [bt]: Starting job [batchtools job.id=318]
### [bt]: Generating problem instance for problem '563768ad2e048da7' ...
### [bt]: Applying algorithm 'run_learner' on problem '563768ad2e048da7' for job 318 (seed = 441) ...
INFO  [12:40:12.411] [mlr3] Applying learner 'kknn uncalibrated' on task 'credit-g' (iter 8/10)

### [bt]: Job terminated successfully [batchtools job.id=318]
### [bt]: Starting job [batchtools job.id=319]
### [bt]: Generating problem instance for problem '563768ad2e048da7' ...
### [bt]: Applying algorithm 'run_learner' on problem '563768ad2e048da7' for job 319 (seed = 442) ...
INFO  [12:40:12.448] [mlr3] Applying learner 'kknn uncalibrated' on task 'credit-g' (iter 9/10)

### [bt]: Job terminated successfully [batchtools job.id=319]
### [bt]: Starting job [batchtools job.id=320]
### [bt]: Generating problem instance for problem '563768ad2e048da7' ...
### [bt]: Applying algorithm 'run_learner' on problem '563768ad2e048da7' for job 320 (seed = 443) ...
INFO  [12:40:12.485] [mlr3] Applying learner 'kknn uncalibrated' on task 'credit-g' (iter 10/10)

### [bt]: Job terminated successfully [batchtools job.id=320]
### [bt]: Calculation finished!
