### [bt]: This is batchtools v0.9.17
### [bt]: Starting calculation of 5 jobs
### [bt]: Setting working directory to '/Users/adrian/Desktop/Mater_Thesis_Calibration'
ece.R :
Friedmann_tasks.R :
Functions.R :
ici.R :
mse_feature_effects.R :
PipeOpCalibration.R :
### [bt]: Memory measurement disabled
### [bt]: Starting job [batchtools job.id=7576]
### [bt]: Generating problem instance for problem 'c27a1cbf9c91424a' ...
### [bt]: Applying algorithm 'run_learner' on problem 'c27a1cbf9c91424a' for job 7576 (seed = 7699) ...
INFO  [18:31:56.088] [mlr3] Applying learner 'xgboost calibrated isotonic 70' on task 'ilpd' (iter 6/10)

### [bt]: Job terminated successfully [batchtools job.id=7576]
### [bt]: Starting job [batchtools job.id=7577]
### [bt]: Generating problem instance for problem 'c27a1cbf9c91424a' ...
### [bt]: Applying algorithm 'run_learner' on problem 'c27a1cbf9c91424a' for job 7577 (seed = 7700) ...
INFO  [18:32:02.744] [mlr3] Applying learner 'xgboost calibrated isotonic 70' on task 'ilpd' (iter 7/10)

### [bt]: Job terminated successfully [batchtools job.id=7577]
### [bt]: Starting job [batchtools job.id=7578]
### [bt]: Generating problem instance for problem 'c27a1cbf9c91424a' ...
### [bt]: Applying algorithm 'run_learner' on problem 'c27a1cbf9c91424a' for job 7578 (seed = 7701) ...
INFO  [18:32:06.043] [mlr3] Applying learner 'xgboost calibrated isotonic 70' on task 'ilpd' (iter 8/10)

### [bt]: Job terminated successfully [batchtools job.id=7578]
### [bt]: Starting job [batchtools job.id=7579]
### [bt]: Generating problem instance for problem 'c27a1cbf9c91424a' ...
### [bt]: Applying algorithm 'run_learner' on problem 'c27a1cbf9c91424a' for job 7579 (seed = 7702) ...
INFO  [18:32:09.261] [mlr3] Applying learner 'xgboost calibrated isotonic 70' on task 'ilpd' (iter 9/10)

### [bt]: Job terminated successfully [batchtools job.id=7579]
### [bt]: Starting job [batchtools job.id=7580]
### [bt]: Generating problem instance for problem 'c27a1cbf9c91424a' ...
### [bt]: Applying algorithm 'run_learner' on problem 'c27a1cbf9c91424a' for job 7580 (seed = 7703) ...
INFO  [18:32:12.494] [mlr3] Applying learner 'xgboost calibrated isotonic 70' on task 'ilpd' (iter 10/10)

### [bt]: Job terminated successfully [batchtools job.id=7580]
### [bt]: Calculation finished!
