### [bt]: This is batchtools v0.9.17
### [bt]: Starting calculation of 5 jobs
### [bt]: Setting working directory to '/Users/adrian/Desktop/Mater_Thesis_Calibration'
ece.R :
Friedmann_tasks.R :
Functions.R :
ici.R :
mse_feature_effects.R :
PipeOpCalibration.R :
### [bt]: Memory measurement disabled
### [bt]: Starting job [batchtools job.id=11816]
### [bt]: Generating problem instance for problem '7f16ca74b5d8776b' ...
### [bt]: Applying algorithm 'run_learner' on problem '7f16ca74b5d8776b' for job 11816 (seed = 11939) ...
INFO  [02:57:45.518] [mlr3] Applying learner 'kknn calibrated platt cv3' on task 'churn' (iter 6/10)

### [bt]: Job terminated successfully [batchtools job.id=11816]
### [bt]: Starting job [batchtools job.id=11817]
### [bt]: Generating problem instance for problem '7f16ca74b5d8776b' ...
### [bt]: Applying algorithm 'run_learner' on problem '7f16ca74b5d8776b' for job 11817 (seed = 11940) ...
INFO  [02:57:54.046] [mlr3] Applying learner 'kknn calibrated platt cv3' on task 'churn' (iter 7/10)

### [bt]: Job terminated successfully [batchtools job.id=11817]
### [bt]: Starting job [batchtools job.id=11818]
### [bt]: Generating problem instance for problem '7f16ca74b5d8776b' ...
### [bt]: Applying algorithm 'run_learner' on problem '7f16ca74b5d8776b' for job 11818 (seed = 11941) ...
INFO  [02:57:58.146] [mlr3] Applying learner 'kknn calibrated platt cv3' on task 'churn' (iter 8/10)

### [bt]: Job terminated successfully [batchtools job.id=11818]
### [bt]: Starting job [batchtools job.id=11819]
### [bt]: Generating problem instance for problem '7f16ca74b5d8776b' ...
### [bt]: Applying algorithm 'run_learner' on problem '7f16ca74b5d8776b' for job 11819 (seed = 11942) ...
INFO  [02:58:01.796] [mlr3] Applying learner 'kknn calibrated platt cv3' on task 'churn' (iter 9/10)

### [bt]: Job terminated successfully [batchtools job.id=11819]
### [bt]: Starting job [batchtools job.id=11820]
### [bt]: Generating problem instance for problem '7f16ca74b5d8776b' ...
### [bt]: Applying algorithm 'run_learner' on problem '7f16ca74b5d8776b' for job 11820 (seed = 11943) ...
INFO  [02:58:05.475] [mlr3] Applying learner 'kknn calibrated platt cv3' on task 'churn' (iter 10/10)

### [bt]: Job terminated successfully [batchtools job.id=11820]
### [bt]: Calculation finished!
