### [bt]: This is batchtools v0.9.17
### [bt]: Starting calculation of 5 jobs
### [bt]: Setting working directory to '/Users/adrian/Desktop/Mater_Thesis_Calibration'
### [bt]: Memory measurement disabled
### [bt]: Starting job [batchtools job.id=1841]
### [bt]: Generating problem instance for problem '257f58d7d9640369' ...
### [bt]: Applying algorithm 'run_learner' on problem '257f58d7d9640369' for job 1841 (seed = 1842) ...
INFO  [12:05:16.703] [mlr3] Applying learner 'kknn calibrated platt cv_5' on task 'ilpd' (iter 1/10)

### [bt]: Job terminated successfully [batchtools job.id=1841]
### [bt]: Starting job [batchtools job.id=1842]
### [bt]: Generating problem instance for problem '257f58d7d9640369' ...
### [bt]: Applying algorithm 'run_learner' on problem '257f58d7d9640369' for job 1842 (seed = 1843) ...
INFO  [12:05:20.215] [mlr3] Applying learner 'kknn calibrated platt cv_5' on task 'ilpd' (iter 2/10)

### [bt]: Job terminated successfully [batchtools job.id=1842]
### [bt]: Starting job [batchtools job.id=1843]
### [bt]: Generating problem instance for problem '257f58d7d9640369' ...
### [bt]: Applying algorithm 'run_learner' on problem '257f58d7d9640369' for job 1843 (seed = 1844) ...
INFO  [12:05:22.034] [mlr3] Applying learner 'kknn calibrated platt cv_5' on task 'ilpd' (iter 3/10)

### [bt]: Job terminated successfully [batchtools job.id=1843]
### [bt]: Starting job [batchtools job.id=1844]
### [bt]: Generating problem instance for problem '257f58d7d9640369' ...
### [bt]: Applying algorithm 'run_learner' on problem '257f58d7d9640369' for job 1844 (seed = 1845) ...
INFO  [12:05:22.807] [mlr3] Applying learner 'kknn calibrated platt cv_5' on task 'ilpd' (iter 4/10)

### [bt]: Job terminated successfully [batchtools job.id=1844]
### [bt]: Starting job [batchtools job.id=1845]
### [bt]: Generating problem instance for problem '257f58d7d9640369' ...
### [bt]: Applying algorithm 'run_learner' on problem '257f58d7d9640369' for job 1845 (seed = 1846) ...
INFO  [12:05:25.487] [mlr3] Applying learner 'kknn calibrated platt cv_5' on task 'ilpd' (iter 5/10)

### [bt]: Job terminated successfully [batchtools job.id=1845]
### [bt]: Calculation finished!
