### [bt]: This is batchtools v0.9.17
### [bt]: Starting calculation of 1 jobs
### [bt]: Setting working directory to '/content'
### [bt]: Memory measurement disabled
### [bt]: Starting job [batchtools job.id=13141]
### [bt]: Generating problem instance for problem '358d8f8187803581' ...
### [bt]: Applying algorithm 'run_learner' on problem '358d8f8187803581' for job 13141 (seed = 13264) ...
INFO  [17:00:40.850] [mlr3] Applying learner 'nnet calibrated isotonic union' on task 'electricity' (iter 1/10)
# weights:  46
initial  value 23338.761087 
iter  10 value 20011.164136
iter  20 value 17895.632600
iter  30 value 16707.896406
iter  40 value 15895.073016
iter  50 value 15548.648051
iter  60 value 15431.784771
iter  70 value 15402.326844
iter  80 value 15392.522003
iter  90 value 15388.644675
iter 100 value 15385.970826
final  value 15385.970826 
stopped after 100 iterations
# weights:  46
initial  value 23955.454603 
iter  10 value 20043.473244
iter  20 value 19348.243768
iter  30 value 17650.305745
iter  40 value 16316.629787
iter  50 value 16042.653572
iter  60 value 15973.528026
iter  70 value 15944.570830
iter  80 value 15869.472691
iter  90 value 15831.936978
iter 100 value 15793.834465
final  value 15793.834465 
stopped after 100 iterations
# weights:  46
initial  value 24763.323501 
iter  10 value 20544.722858
iter  20 value 18742.848603
iter  30 value 17466.916642
iter  40 value 16359.311131
iter  50 value 16061.111085
iter  60 value 15942.598721
iter  70 value 15905.740154
iter  80 value 15868.159883
iter  90 value 15812.643189
iter 100 value 15782.375753
final  value 15782.375753 
stopped after 100 iterations
# weights:  46
initial  value 22256.915413 
iter  10 value 19181.436350
iter  20 value 17861.844642
iter  30 value 16511.043385
iter  40 value 16014.008240
iter  50 value 15820.219126
iter  60 value 15763.828441
iter  70 value 15704.339543
iter  80 value 15648.183106
iter  90 value 15609.812761
iter 100 value 15594.828341
final  value 15594.828341 
stopped after 100 iterations
# weights:  46
initial  value 24440.881512 
iter  10 value 20008.786409
iter  20 value 19588.339732
iter  30 value 19089.880874
iter  40 value 18337.894152
iter  50 value 16366.510592
iter  60 value 15752.554443
iter  70 value 15628.933231
iter  80 value 15532.783964
iter  90 value 15493.613755
iter 100 value 15480.204937
final  value 15480.204937 
stopped after 100 iterations

### [bt]: Job terminated successfully [batchtools job.id=13141]
### [bt]: Calculation finished!
