### [bt]: This is batchtools v0.9.17
### [bt]: Starting calculation of 1 jobs
### [bt]: Setting working directory to '/content'
### [bt]: Memory measurement disabled
### [bt]: Starting job [batchtools job.id=6446]
### [bt]: Generating problem instance for problem 'c27a1cbf9c91424a' ...
### [bt]: Applying algorithm 'run_learner' on problem 'c27a1cbf9c91424a' for job 6446 (seed = 6569) ...
INFO  [14:29:29.901] [mlr3] Applying learner 'glmnet calibrated beta cv5' on task 'ilpd' (iter 6/10)
[1] 0.08447215
[1] 24.75158
[1] -87.05407
[1] 58.27522
Warning: glm.fit: fitted probabilities numerically 0 or 1 occurred
This happened PipeOp classif.glmnet's $train()
[1] 0.8173103
[1] 67.45613
[1] -52.83471
[1] 18.63399
Warning: glm.fit: fitted probabilities numerically 0 or 1 occurred
This happened PipeOp classif.glmnet's $train()
Warning: glm.fit: fitted probabilities numerically 0 or 1 occurred
This happened PipeOp classif.glmnet's $train()
[1] 3.492489
[1] 135.8724

### [bt]: Job terminated successfully [batchtools job.id=6446]
### [bt]: Calculation finished!
