### [bt]: This is batchtools v0.9.17
### [bt]: Starting calculation of 5 jobs
### [bt]: Setting working directory to '/Users/adrian/Desktop/Mater_Thesis_Calibration'
### [bt]: Memory measurement disabled
### [bt]: Starting job [batchtools job.id=1496]
### [bt]: Generating problem instance for problem '1bd472785c2444ba' ...
### [bt]: Applying algorithm 'run_learner' on problem '1bd472785c2444ba' for job 1496 (seed = 1497) ...
INFO  [11:55:11.711] [mlr3] Applying learner 'xgboost calibrated platt holdout_80' on task 'wdbc' (iter 6/10)

### [bt]: Job terminated successfully [batchtools job.id=1496]
### [bt]: Starting job [batchtools job.id=1497]
### [bt]: Generating problem instance for problem '1bd472785c2444ba' ...
### [bt]: Applying algorithm 'run_learner' on problem '1bd472785c2444ba' for job 1497 (seed = 1498) ...
INFO  [11:55:16.078] [mlr3] Applying learner 'xgboost calibrated platt holdout_80' on task 'wdbc' (iter 7/10)

### [bt]: Job terminated successfully [batchtools job.id=1497]
### [bt]: Starting job [batchtools job.id=1498]
### [bt]: Generating problem instance for problem '1bd472785c2444ba' ...
### [bt]: Applying algorithm 'run_learner' on problem '1bd472785c2444ba' for job 1498 (seed = 1499) ...
INFO  [11:55:18.888] [mlr3] Applying learner 'xgboost calibrated platt holdout_80' on task 'wdbc' (iter 8/10)

### [bt]: Job terminated successfully [batchtools job.id=1498]
### [bt]: Starting job [batchtools job.id=1499]
### [bt]: Generating problem instance for problem '1bd472785c2444ba' ...
### [bt]: Applying algorithm 'run_learner' on problem '1bd472785c2444ba' for job 1499 (seed = 1500) ...
INFO  [11:55:21.616] [mlr3] Applying learner 'xgboost calibrated platt holdout_80' on task 'wdbc' (iter 9/10)

### [bt]: Job terminated successfully [batchtools job.id=1499]
### [bt]: Starting job [batchtools job.id=1500]
### [bt]: Generating problem instance for problem '1bd472785c2444ba' ...
### [bt]: Applying algorithm 'run_learner' on problem '1bd472785c2444ba' for job 1500 (seed = 1501) ...
INFO  [11:55:24.297] [mlr3] Applying learner 'xgboost calibrated platt holdout_80' on task 'wdbc' (iter 10/10)

### [bt]: Job terminated successfully [batchtools job.id=1500]
### [bt]: Calculation finished!
