### [bt]: This is batchtools v0.9.17
### [bt]: Starting calculation of 1 jobs
### [bt]: Setting working directory to '/content'
### [bt]: Memory measurement disabled
### [bt]: Starting job [batchtools job.id=3167]
### [bt]: Generating problem instance for problem 'b541340d6c2eb21d' ...
### [bt]: Applying algorithm 'run_learner' on problem 'b541340d6c2eb21d' for job 3167 (seed = 3290) ...
INFO  [14:22:02.679] [mlr3] Applying learner 'nnet calibrated platt 90' on task 'kc1' (iter 7/10)
# weights:  70
initial  value 1065.328994 
iter  10 value 721.243674
iter  20 value 718.255400
iter  30 value 718.118791
iter  40 value 718.114645
iter  50 value 717.709961
iter  60 value 716.336861
iter  70 value 716.320690
iter  80 value 716.294744
iter  90 value 716.266305
iter 100 value 716.263682
final  value 716.263682 
stopped after 100 iterations

### [bt]: Job terminated successfully [batchtools job.id=3167]
### [bt]: Calculation finished!
