### [bt]: This is batchtools v0.9.17
### [bt]: Starting calculation of 1 jobs
### [bt]: Setting working directory to '/content'
### [bt]: Memory measurement disabled
### [bt]: Starting job [batchtools job.id=7029]
### [bt]: Generating problem instance for problem 'c27a1cbf9c91424a' ...
### [bt]: Applying algorithm 'run_learner' on problem 'c27a1cbf9c91424a' for job 7029 (seed = 7152) ...
INFO  [14:30:31.067] [mlr3] Applying learner 'nnet calibrated platt cv5' on task 'ilpd' (iter 9/10)
# weights:  37
initial  value 271.522815 
iter  10 value 244.370443
iter  20 value 242.225310
iter  30 value 242.204535
iter  40 value 241.615759
iter  50 value 241.597586
iter  60 value 241.595083
iter  70 value 241.593447
iter  80 value 241.283919
iter  90 value 241.283333
final  value 241.283329 
converged
# weights:  37
initial  value 307.040870 
iter  10 value 238.937759
iter  20 value 236.092360
iter  30 value 234.475468
iter  40 value 234.187193
iter  50 value 233.859199
iter  60 value 233.503926
iter  70 value 233.500362
final  value 233.500335 
converged
# weights:  37
initial  value 397.266808 
iter  10 value 242.365637
iter  20 value 241.419319
iter  30 value 240.548434
iter  40 value 239.291491
iter  50 value 239.211002
final  value 239.210290 
converged
# weights:  37
initial  value 255.892052 
final  value 252.183694 
converged
# weights:  37
initial  value 398.301721 
iter  10 value 248.233025
iter  20 value 247.292770
iter  30 value 240.741374
iter  40 value 238.145495
iter  50 value 236.982430
iter  60 value 236.953688
final  value 236.951507 
converged

### [bt]: Job terminated successfully [batchtools job.id=7029]
### [bt]: Calculation finished!
