### [bt]: This is batchtools v0.9.17
### [bt]: Starting calculation of 4 jobs
### [bt]: Setting working directory to '/Users/I578045/Desktop/Mater_Thesis_Calibration'
ece.R :
Friedmann_tasks.R :
Functions.R :
ici.R :
mse_feature_effects.R :
PipeOpCalibration.R :
### [bt]: Memory measurement disabled
### [bt]: Starting job [batchtools job.id=10431]
### [bt]: Generating problem instance for problem 'cfb05fadfc1e266b' ...
### [bt]: Applying algorithm 'run_learner' on problem 'cfb05fadfc1e266b' for job 10431 (seed = 10554) ...
INFO  [11:49:39.231] [mlr3] Applying learner 'kknn calibrated beta cv3' on task 'numerai28.6' (iter 1/10)

### [bt]: Job terminated successfully [batchtools job.id=10431]
### [bt]: Starting job [batchtools job.id=10432]
### [bt]: Generating problem instance for problem 'cfb05fadfc1e266b' ...
### [bt]: Applying algorithm 'run_learner' on problem 'cfb05fadfc1e266b' for job 10432 (seed = 10555) ...
INFO  [11:53:12.057] [mlr3] Applying learner 'kknn calibrated beta cv3' on task 'numerai28.6' (iter 2/10)

### [bt]: Job terminated successfully [batchtools job.id=10432]
### [bt]: Starting job [batchtools job.id=10433]
### [bt]: Generating problem instance for problem 'cfb05fadfc1e266b' ...
### [bt]: Applying algorithm 'run_learner' on problem 'cfb05fadfc1e266b' for job 10433 (seed = 10556) ...
INFO  [11:57:08.823] [mlr3] Applying learner 'kknn calibrated beta cv3' on task 'numerai28.6' (iter 3/10)

### [bt]: Job terminated successfully [batchtools job.id=10433]
### [bt]: Starting job [batchtools job.id=10434]
### [bt]: Generating problem instance for problem 'cfb05fadfc1e266b' ...
### [bt]: Applying algorithm 'run_learner' on problem 'cfb05fadfc1e266b' for job 10434 (seed = 10557) ...
INFO  [12:01:10.142] [mlr3] Applying learner 'kknn calibrated beta cv3' on task 'numerai28.6' (iter 4/10)

### [bt]: Job terminated successfully [batchtools job.id=10434]
### [bt]: Calculation finished!
