### [bt]: This is batchtools v0.9.17
### [bt]: Starting calculation of 1 jobs
### [bt]: Setting working directory to '/content'
### [bt]: Memory measurement disabled
### [bt]: Starting job [batchtools job.id=13148]
### [bt]: Generating problem instance for problem '358d8f8187803581' ...
### [bt]: Applying algorithm 'run_learner' on problem '358d8f8187803581' for job 13148 (seed = 13271) ...
INFO  [17:00:52.035] [mlr3] Applying learner 'nnet calibrated isotonic union' on task 'electricity' (iter 8/10)
# weights:  46
initial  value 24217.922212 
iter  10 value 19687.472913
iter  20 value 17725.803375
iter  30 value 16856.217768
iter  40 value 16813.828854
iter  50 value 16718.287388
iter  60 value 16526.274058
iter  70 value 16167.723617
iter  80 value 15968.489666
iter  90 value 15740.824943
iter 100 value 15408.125562
final  value 15408.125562 
stopped after 100 iterations
# weights:  46
initial  value 24297.450778 
iter  10 value 19565.260761
iter  20 value 18304.991545
iter  30 value 16524.633940
iter  40 value 16080.451991
iter  50 value 15877.524364
iter  60 value 15712.473019
iter  70 value 15592.652146
iter  80 value 15534.644754
iter  90 value 15518.223961
iter 100 value 15505.353081
final  value 15505.353081 
stopped after 100 iterations
# weights:  46
initial  value 22412.966874 
iter  10 value 19895.896523
iter  20 value 18402.469385
iter  30 value 17446.530949
iter  40 value 16728.953718
iter  50 value 16466.105403
iter  60 value 16399.191191
iter  70 value 16320.785224
iter  80 value 16273.376399
iter  90 value 16102.413288
iter 100 value 15946.618888
final  value 15946.618888 
stopped after 100 iterations
# weights:  46
initial  value 22691.994271 
iter  10 value 19863.126759
iter  20 value 18704.638462
iter  30 value 17018.499369
iter  40 value 16170.303006
iter  50 value 15697.803964
iter  60 value 15601.715713
iter  70 value 15562.082828
iter  80 value 15546.706541
iter  90 value 15534.625934
iter 100 value 15524.725098
final  value 15524.725098 
stopped after 100 iterations
# weights:  46
initial  value 23671.605664 
iter  10 value 19509.084335
iter  20 value 18521.613138
iter  30 value 16918.498110
iter  40 value 16162.819237
iter  50 value 15834.667246
iter  60 value 15714.248007
iter  70 value 15649.698698
iter  80 value 15644.752965
iter  90 value 15639.320683
iter 100 value 15635.250398
final  value 15635.250398 
stopped after 100 iterations

### [bt]: Job terminated successfully [batchtools job.id=13148]
### [bt]: Calculation finished!
