### [bt]: This is batchtools v0.9.17
### [bt]: Starting calculation of 5 jobs
### [bt]: Setting working directory to '/Users/adrian/Desktop/Mater_Thesis_Calibration'
ece.R :
Friedmann_tasks.R :
Functions.R :
ici.R :
mse_feature_effects.R :
PipeOpCalibration.R :
### [bt]: Memory measurement disabled
### [bt]: Starting job [batchtools job.id=12121]
### [bt]: Generating problem instance for problem '7f16ca74b5d8776b' ...
### [bt]: Applying algorithm 'run_learner' on problem '7f16ca74b5d8776b' for job 12121 (seed = 12244) ...
INFO  [03:22:06.611] [mlr3] Applying learner 'nnet calibrated platt 90' on task 'churn' (iter 1/10)
# weights:  94
initial  value 3905.756915 
final  value 1636.467429 
converged

### [bt]: Job terminated successfully [batchtools job.id=12121]
### [bt]: Starting job [batchtools job.id=12122]
### [bt]: Generating problem instance for problem '7f16ca74b5d8776b' ...
### [bt]: Applying algorithm 'run_learner' on problem '7f16ca74b5d8776b' for job 12122 (seed = 12245) ...
INFO  [03:22:06.790] [mlr3] Applying learner 'nnet calibrated platt 90' on task 'churn' (iter 2/10)
# weights:  94
initial  value 1974.769612 
final  value 1656.357033 
converged
Warning in predict.lm(object, newdata, se.fit, scale = 1, type = if (type ==  :
  prediction from rank-deficient fit; attr(*, "non-estim") has doubtful cases
This happened PipeOp classif.nnet's $predict()

### [bt]: Job terminated successfully [batchtools job.id=12122]
### [bt]: Starting job [batchtools job.id=12123]
### [bt]: Generating problem instance for problem '7f16ca74b5d8776b' ...
### [bt]: Applying algorithm 'run_learner' on problem '7f16ca74b5d8776b' for job 12123 (seed = 12246) ...
INFO  [03:22:07.323] [mlr3] Applying learner 'nnet calibrated platt 90' on task 'churn' (iter 3/10)
# weights:  94
initial  value 2165.781561 
iter  10 value 1647.917607
iter  20 value 1644.980090
iter  30 value 1644.359873
iter  40 value 1644.329537
iter  50 value 1643.148907
iter  60 value 1642.306321
iter  70 value 1642.149882
iter  80 value 1642.098004
iter  90 value 1642.089643
iter 100 value 1642.024974
final  value 1642.024974 
stopped after 100 iterations
Warning in predict.lm(object, newdata, se.fit, scale = 1, type = if (type ==  :
  prediction from rank-deficient fit; attr(*, "non-estim") has doubtful cases
This happened PipeOp classif.nnet's $predict()

### [bt]: Job terminated successfully [batchtools job.id=12123]
### [bt]: Starting job [batchtools job.id=12124]
### [bt]: Generating problem instance for problem '7f16ca74b5d8776b' ...
### [bt]: Applying algorithm 'run_learner' on problem '7f16ca74b5d8776b' for job 12124 (seed = 12247) ...
INFO  [03:22:15.930] [mlr3] Applying learner 'nnet calibrated platt 90' on task 'churn' (iter 4/10)
# weights:  94
initial  value 4511.777688 
final  value 1643.728597 
converged
Warning in predict.lm(object, newdata, se.fit, scale = 1, type = if (type ==  :
  prediction from rank-deficient fit; attr(*, "non-estim") has doubtful cases
This happened PipeOp classif.nnet's $predict()

### [bt]: Job terminated successfully [batchtools job.id=12124]
### [bt]: Starting job [batchtools job.id=12125]
### [bt]: Generating problem instance for problem '7f16ca74b5d8776b' ...
### [bt]: Applying algorithm 'run_learner' on problem '7f16ca74b5d8776b' for job 12125 (seed = 12248) ...
INFO  [03:22:16.121] [mlr3] Applying learner 'nnet calibrated platt 90' on task 'churn' (iter 5/10)
# weights:  94
initial  value 1986.049080 
iter  10 value 1632.928083
final  value 1632.824516 
converged
Warning in predict.lm(object, newdata, se.fit, scale = 1, type = if (type ==  :
  prediction from rank-deficient fit; attr(*, "non-estim") has doubtful cases
This happened PipeOp classif.nnet's $predict()

### [bt]: Job terminated successfully [batchtools job.id=12125]
### [bt]: Calculation finished!
