### [bt]: This is batchtools v0.9.17
### [bt]: Starting calculation of 5 jobs
### [bt]: Setting working directory to '/Users/adrian/Desktop/Mater_Thesis_Calibration'
ece.R :
Friedmann_tasks.R :
Functions.R :
ici.R :
mse_feature_effects.R :
PipeOpCalibration.R :
### [bt]: Memory measurement disabled
### [bt]: Starting job [batchtools job.id=12036]
### [bt]: Generating problem instance for problem '7f16ca74b5d8776b' ...
### [bt]: Applying algorithm 'run_learner' on problem '7f16ca74b5d8776b' for job 12036 (seed = 12159) ...
INFO  [03:17:55.896] [mlr3] Applying learner 'nnet calibrated beta cv3' on task 'churn' (iter 6/10)
# weights:  94
initial  value 2468.760423 
final  value 1214.890455 
converged
# weights:  94
initial  value 2482.121676 
final  value 1241.811391 
converged
# weights:  94
initial  value 2019.562331 
iter  10 value 1209.296707
iter  20 value 1208.399584
final  value 1208.399248 
converged

### [bt]: Job terminated successfully [batchtools job.id=12036]
### [bt]: Starting job [batchtools job.id=12037]
### [bt]: Generating problem instance for problem '7f16ca74b5d8776b' ...
### [bt]: Applying algorithm 'run_learner' on problem '7f16ca74b5d8776b' for job 12037 (seed = 12160) ...
INFO  [03:18:03.213] [mlr3] Applying learner 'nnet calibrated beta cv3' on task 'churn' (iter 7/10)
# weights:  94
initial  value 1830.213156 
final  value 1222.129525 
converged
# weights:  94
initial  value 2465.392275 
iter  10 value 1221.994521
final  value 1221.855305 
converged
# weights:  94
initial  value 1573.300792 
iter  10 value 1222.033913
final  value 1222.022806 
converged
Warning in predict.lm(object, newdata, se.fit, scale = 1, type = if (type ==  :
  prediction from rank-deficient fit; attr(*, "non-estim") has doubtful cases
This happened PipeOp classif.nnet's $predict()
Warning in predict.lm(object, newdata, se.fit, scale = 1, type = if (type ==  :
  prediction from rank-deficient fit; attr(*, "non-estim") has doubtful cases
This happened PipeOp classif.nnet's $predict()

### [bt]: Job terminated successfully [batchtools job.id=12037]
### [bt]: Starting job [batchtools job.id=12038]
### [bt]: Generating problem instance for problem '7f16ca74b5d8776b' ...
### [bt]: Applying algorithm 'run_learner' on problem '7f16ca74b5d8776b' for job 12038 (seed = 12161) ...
INFO  [03:18:03.693] [mlr3] Applying learner 'nnet calibrated beta cv3' on task 'churn' (iter 8/10)
# weights:  94
initial  value 1335.254975 
iter  10 value 1212.033146
iter  20 value 1210.071802
iter  30 value 1209.689622
iter  40 value 1209.413021
iter  50 value 1209.097214
iter  60 value 1208.481537
iter  70 value 1208.461861
iter  80 value 1205.125180
iter  90 value 1184.692081
iter 100 value 1145.507177
final  value 1145.507177 
stopped after 100 iterations
# weights:  94
initial  value 2672.596162 
iter  10 value 1221.701978
iter  20 value 1220.329438
iter  30 value 1219.984345
iter  40 value 1219.628720
iter  50 value 1219.601680
iter  60 value 1219.391203
iter  70 value 1218.609523
iter  80 value 1218.586023
iter  90 value 1218.366369
iter 100 value 1218.096304
final  value 1218.096304 
stopped after 100 iterations
# weights:  94
initial  value 2709.405628 
final  value 1229.324648 
converged
Warning in predict.lm(object, newdata, se.fit, scale = 1, type = if (type ==  :
  prediction from rank-deficient fit; attr(*, "non-estim") has doubtful cases
This happened PipeOp classif.nnet's $predict()
Warning in predict.lm(object, newdata, se.fit, scale = 1, type = if (type ==  :
  prediction from rank-deficient fit; attr(*, "non-estim") has doubtful cases
This happened PipeOp classif.nnet's $predict()

### [bt]: Job terminated successfully [batchtools job.id=12038]
### [bt]: Starting job [batchtools job.id=12039]
### [bt]: Generating problem instance for problem '7f16ca74b5d8776b' ...
### [bt]: Applying algorithm 'run_learner' on problem '7f16ca74b5d8776b' for job 12039 (seed = 12162) ...
INFO  [03:18:08.958] [mlr3] Applying learner 'nnet calibrated beta cv3' on task 'churn' (iter 9/10)
# weights:  94
initial  value 2748.523980 
iter  10 value 1194.753528
iter  10 value 1194.753527
iter  10 value 1194.753527
final  value 1194.753527 
converged
# weights:  94
initial  value 1654.466006 
final  value 1245.354756 
converged
# weights:  94
initial  value 1668.517871 
final  value 1225.732558 
converged
Warning in predict.lm(object, newdata, se.fit, scale = 1, type = if (type ==  :
  prediction from rank-deficient fit; attr(*, "non-estim") has doubtful cases
This happened PipeOp classif.nnet's $predict()
Warning in predict.lm(object, newdata, se.fit, scale = 1, type = if (type ==  :
  prediction from rank-deficient fit; attr(*, "non-estim") has doubtful cases
This happened PipeOp classif.nnet's $predict()

### [bt]: Job terminated successfully [batchtools job.id=12039]
### [bt]: Starting job [batchtools job.id=12040]
### [bt]: Generating problem instance for problem '7f16ca74b5d8776b' ...
### [bt]: Applying algorithm 'run_learner' on problem '7f16ca74b5d8776b' for job 12040 (seed = 12163) ...
INFO  [03:18:09.305] [mlr3] Applying learner 'nnet calibrated beta cv3' on task 'churn' (iter 10/10)
# weights:  94
initial  value 1258.662823 
final  value 1203.948681 
converged
# weights:  94
initial  value 1301.134158 
final  value 1238.257271 
converged
# weights:  94
initial  value 1956.324523 
iter  10 value 1213.601517
iter  20 value 1158.916970
iter  30 value 1148.583217
iter  40 value 1145.864139
iter  50 value 1145.622220
iter  60 value 1145.405141
iter  70 value 1141.442746
iter  80 value 1141.072694
iter  90 value 1140.026974
iter 100 value 1139.105647
final  value 1139.105647 
stopped after 100 iterations
Warning in predict.lm(object, newdata, se.fit, scale = 1, type = if (type ==  :
  prediction from rank-deficient fit; attr(*, "non-estim") has doubtful cases
This happened PipeOp classif.nnet's $predict()
Warning in predict.lm(object, newdata, se.fit, scale = 1, type = if (type ==  :
  prediction from rank-deficient fit; attr(*, "non-estim") has doubtful cases
This happened PipeOp classif.nnet's $predict()

### [bt]: Job terminated successfully [batchtools job.id=12040]
### [bt]: Calculation finished!
