### [bt]: This is batchtools v0.9.17
### [bt]: Starting calculation of 5 jobs
### [bt]: Setting working directory to '/Users/adrian/Desktop/Mater_Thesis_Calibration'
ece.R :
Friedmann_tasks.R :
Functions.R :
ici.R :
mse_feature_effects.R :
PipeOpCalibration.R :
### [bt]: Memory measurement disabled
### [bt]: Starting job [batchtools job.id=10256]
### [bt]: Generating problem instance for problem 'cfb05fadfc1e266b' ...
### [bt]: Applying algorithm 'run_learner' on problem 'cfb05fadfc1e266b' for job 10256 (seed = 10379) ...
INFO  [10:31:55.007] [mlr3] Applying learner 'glmnet calibrated beta 80' on task 'numerai28.6' (iter 6/10)

### [bt]: Job terminated successfully [batchtools job.id=10256]
### [bt]: Starting job [batchtools job.id=10257]
### [bt]: Generating problem instance for problem 'cfb05fadfc1e266b' ...
### [bt]: Applying algorithm 'run_learner' on problem 'cfb05fadfc1e266b' for job 10257 (seed = 10380) ...
INFO  [10:31:56.224] [mlr3] Applying learner 'glmnet calibrated beta 80' on task 'numerai28.6' (iter 7/10)

### [bt]: Job terminated successfully [batchtools job.id=10257]
### [bt]: Starting job [batchtools job.id=10258]
### [bt]: Generating problem instance for problem 'cfb05fadfc1e266b' ...
### [bt]: Applying algorithm 'run_learner' on problem 'cfb05fadfc1e266b' for job 10258 (seed = 10381) ...
INFO  [10:31:58.672] [mlr3] Applying learner 'glmnet calibrated beta 80' on task 'numerai28.6' (iter 8/10)

### [bt]: Job terminated successfully [batchtools job.id=10258]
### [bt]: Starting job [batchtools job.id=10259]
### [bt]: Generating problem instance for problem 'cfb05fadfc1e266b' ...
### [bt]: Applying algorithm 'run_learner' on problem 'cfb05fadfc1e266b' for job 10259 (seed = 10382) ...
INFO  [10:31:59.941] [mlr3] Applying learner 'glmnet calibrated beta 80' on task 'numerai28.6' (iter 9/10)

### [bt]: Job terminated successfully [batchtools job.id=10259]
### [bt]: Starting job [batchtools job.id=10260]
### [bt]: Generating problem instance for problem 'cfb05fadfc1e266b' ...
### [bt]: Applying algorithm 'run_learner' on problem 'cfb05fadfc1e266b' for job 10260 (seed = 10383) ...
INFO  [10:32:00.978] [mlr3] Applying learner 'glmnet calibrated beta 80' on task 'numerai28.6' (iter 10/10)

### [bt]: Job terminated successfully [batchtools job.id=10260]
### [bt]: Calculation finished!
