### [bt]: This is batchtools v0.9.17
### [bt]: Starting calculation of 1 jobs
### [bt]: Setting working directory to '/content'
### [bt]: Memory measurement disabled
### [bt]: Starting job [batchtools job.id=848]
### [bt]: Generating problem instance for problem '563768ad2e048da7' ...
### [bt]: Applying algorithm 'run_learner' on problem '563768ad2e048da7' for job 848 (seed = 971) ...
INFO  [14:19:13.816] [mlr3] Applying learner 'rpart calibrated beta cv5' on task 'credit-g' (iter 8/10)
[1] 0.7809406
[1] 47.46478
[1] 0.4429631
[1] 32.91875
[1] 0.5958365
[1] 34.80761
[1] 0.002370584
[1] 21.86273
[1] -37.72225
[1] 6.059955

### [bt]: Job terminated successfully [batchtools job.id=848]
### [bt]: Calculation finished!
