### [bt]: This is batchtools v0.9.17
### [bt]: Starting calculation of 5 jobs
### [bt]: Setting working directory to '/Users/adrian/Desktop/Mater_Thesis_Calibration'
ece.R :
Friedmann_tasks.R :
Functions.R :
ici.R :
mse_feature_effects.R :
PipeOpCalibration.R :
### [bt]: Memory measurement disabled
### [bt]: Starting job [batchtools job.id=636]
### [bt]: Generating problem instance for problem '563768ad2e048da7' ...
### [bt]: Applying algorithm 'run_learner' on problem '563768ad2e048da7' for job 636 (seed = 759) ...
INFO  [12:44:58.840] [mlr3] Applying learner 'nnet uncalibrated' on task 'credit-g' (iter 6/10)
# weights:  157
initial  value 689.861935 
final  value 549.777872 
converged

### [bt]: Job terminated successfully [batchtools job.id=636]
### [bt]: Starting job [batchtools job.id=637]
### [bt]: Generating problem instance for problem '563768ad2e048da7' ...
### [bt]: Applying algorithm 'run_learner' on problem '563768ad2e048da7' for job 637 (seed = 760) ...
INFO  [12:44:58.868] [mlr3] Applying learner 'nnet uncalibrated' on task 'credit-g' (iter 7/10)
# weights:  157
initial  value 570.191261 
final  value 549.777872 
converged

### [bt]: Job terminated successfully [batchtools job.id=637]
### [bt]: Starting job [batchtools job.id=638]
### [bt]: Generating problem instance for problem '563768ad2e048da7' ...
### [bt]: Applying algorithm 'run_learner' on problem '563768ad2e048da7' for job 638 (seed = 761) ...
INFO  [12:44:58.895] [mlr3] Applying learner 'nnet uncalibrated' on task 'credit-g' (iter 8/10)
# weights:  157
initial  value 621.784328 
final  value 549.777872 
converged

### [bt]: Job terminated successfully [batchtools job.id=638]
### [bt]: Starting job [batchtools job.id=639]
### [bt]: Generating problem instance for problem '563768ad2e048da7' ...
### [bt]: Applying algorithm 'run_learner' on problem '563768ad2e048da7' for job 639 (seed = 762) ...
INFO  [12:44:58.923] [mlr3] Applying learner 'nnet uncalibrated' on task 'credit-g' (iter 9/10)
# weights:  157
initial  value 853.709202 
final  value 549.777872 
converged

### [bt]: Job terminated successfully [batchtools job.id=639]
### [bt]: Starting job [batchtools job.id=640]
### [bt]: Generating problem instance for problem '563768ad2e048da7' ...
### [bt]: Applying algorithm 'run_learner' on problem '563768ad2e048da7' for job 640 (seed = 763) ...
INFO  [12:44:58.952] [mlr3] Applying learner 'nnet uncalibrated' on task 'credit-g' (iter 10/10)
# weights:  157
initial  value 562.560244 
final  value 549.777872 
converged

### [bt]: Job terminated successfully [batchtools job.id=640]
### [bt]: Calculation finished!
