### [bt]: This is batchtools v0.9.17
### [bt]: Starting calculation of 5 jobs
### [bt]: Setting working directory to '/Users/adrian/Desktop/Mater_Thesis_Calibration'
ece.R :
Friedmann_tasks.R :
Functions.R :
ici.R :
mse_feature_effects.R :
PipeOpCalibration.R :
### [bt]: Memory measurement disabled
### [bt]: Starting job [batchtools job.id=9511]
### [bt]: Generating problem instance for problem '0ecb79b078d7aa0a' ...
### [bt]: Applying algorithm 'run_learner' on problem '0ecb79b078d7aa0a' for job 9511 (seed = 9634) ...
INFO  [17:51:49.697] [mlr3] Applying learner 'nnet calibrated isotonic 90' on task 'PhishingWebsites' (iter 1/10)
# weights:  121
initial  value 6283.018813 
iter  10 value 1863.292615
iter  20 value 1364.675817
iter  30 value 1201.270409
iter  40 value 1099.862507
iter  50 value 1057.512135
iter  60 value 1040.082903
iter  70 value 1028.646968
iter  80 value 1019.662532
iter  90 value 1010.881497
iter 100 value 1002.965212
final  value 1002.965212 
stopped after 100 iterations

### [bt]: Job terminated successfully [batchtools job.id=9511]
### [bt]: Starting job [batchtools job.id=9512]
### [bt]: Generating problem instance for problem '0ecb79b078d7aa0a' ...
### [bt]: Applying algorithm 'run_learner' on problem '0ecb79b078d7aa0a' for job 9512 (seed = 9635) ...
INFO  [17:51:55.696] [mlr3] Applying learner 'nnet calibrated isotonic 90' on task 'PhishingWebsites' (iter 2/10)
# weights:  121
initial  value 6372.046628 
iter  10 value 1810.347879
iter  20 value 1483.508328
iter  30 value 1302.366159
iter  40 value 1208.511654
iter  50 value 1135.133572
iter  60 value 1085.293220
iter  70 value 1048.439429
iter  80 value 1034.194130
iter  90 value 1021.871355
iter 100 value 1007.461294
final  value 1007.461294 
stopped after 100 iterations

### [bt]: Job terminated successfully [batchtools job.id=9512]
### [bt]: Starting job [batchtools job.id=9513]
### [bt]: Generating problem instance for problem '0ecb79b078d7aa0a' ...
### [bt]: Applying algorithm 'run_learner' on problem '0ecb79b078d7aa0a' for job 9513 (seed = 9636) ...
INFO  [17:51:58.502] [mlr3] Applying learner 'nnet calibrated isotonic 90' on task 'PhishingWebsites' (iter 3/10)
# weights:  121
initial  value 6367.073559 
iter  10 value 1863.630755
iter  20 value 1253.519843
iter  30 value 1165.998914
iter  40 value 1109.624625
iter  50 value 1055.603248
iter  60 value 1003.796595
iter  70 value 980.504940
iter  80 value 957.667790
iter  90 value 930.577904
iter 100 value 921.944605
final  value 921.944605 
stopped after 100 iterations

### [bt]: Job terminated successfully [batchtools job.id=9513]
### [bt]: Starting job [batchtools job.id=9514]
### [bt]: Generating problem instance for problem '0ecb79b078d7aa0a' ...
### [bt]: Applying algorithm 'run_learner' on problem '0ecb79b078d7aa0a' for job 9514 (seed = 9637) ...
INFO  [17:51:59.415] [mlr3] Applying learner 'nnet calibrated isotonic 90' on task 'PhishingWebsites' (iter 4/10)
# weights:  121
initial  value 6261.302786 
iter  10 value 1827.296011
iter  20 value 1603.341262
iter  30 value 1430.802360
iter  40 value 1198.745987
iter  50 value 1125.293793
iter  60 value 1087.394802
iter  70 value 1048.064452
iter  80 value 1014.453666
iter  90 value 996.961761
iter 100 value 987.635844
final  value 987.635844 
stopped after 100 iterations

### [bt]: Job terminated successfully [batchtools job.id=9514]
### [bt]: Starting job [batchtools job.id=9515]
### [bt]: Generating problem instance for problem '0ecb79b078d7aa0a' ...
### [bt]: Applying algorithm 'run_learner' on problem '0ecb79b078d7aa0a' for job 9515 (seed = 9638) ...
INFO  [17:52:03.749] [mlr3] Applying learner 'nnet calibrated isotonic 90' on task 'PhishingWebsites' (iter 5/10)
# weights:  121
initial  value 6743.103128 
iter  10 value 2402.206656
iter  20 value 2367.471940
iter  30 value 2367.305156
final  value 2367.304979 
converged

### [bt]: Job terminated successfully [batchtools job.id=9515]
### [bt]: Calculation finished!
