### [bt]: This is batchtools v0.9.17
### [bt]: Starting calculation of 5 jobs
### [bt]: Setting working directory to '/Users/adrian/Desktop/Mater_Thesis_Calibration'
ece.R :
Friedmann_tasks.R :
Functions.R :
ici.R :
mse_feature_effects.R :
PipeOpCalibration.R :
### [bt]: Memory measurement disabled
### [bt]: Starting job [batchtools job.id=6181]
### [bt]: Generating problem instance for problem 'a6b2cabd9f84c607' ...
### [bt]: Applying algorithm 'run_learner' on problem 'a6b2cabd9f84c607' for job 6181 (seed = 6304) ...
INFO  [16:55:03.905] [mlr3] Applying learner 'svm calibrated platt 70' on task 'phoneme' (iter 1/10)

### [bt]: Job terminated successfully [batchtools job.id=6181]
### [bt]: Starting job [batchtools job.id=6182]
### [bt]: Generating problem instance for problem 'a6b2cabd9f84c607' ...
### [bt]: Applying algorithm 'run_learner' on problem 'a6b2cabd9f84c607' for job 6182 (seed = 6305) ...
INFO  [16:55:05.666] [mlr3] Applying learner 'svm calibrated platt 70' on task 'phoneme' (iter 2/10)

### [bt]: Job terminated successfully [batchtools job.id=6182]
### [bt]: Starting job [batchtools job.id=6183]
### [bt]: Generating problem instance for problem 'a6b2cabd9f84c607' ...
### [bt]: Applying algorithm 'run_learner' on problem 'a6b2cabd9f84c607' for job 6183 (seed = 6306) ...
INFO  [16:55:13.371] [mlr3] Applying learner 'svm calibrated platt 70' on task 'phoneme' (iter 3/10)

### [bt]: Job terminated successfully [batchtools job.id=6183]
### [bt]: Starting job [batchtools job.id=6184]
### [bt]: Generating problem instance for problem 'a6b2cabd9f84c607' ...
### [bt]: Applying algorithm 'run_learner' on problem 'a6b2cabd9f84c607' for job 6184 (seed = 6307) ...
INFO  [16:55:14.760] [mlr3] Applying learner 'svm calibrated platt 70' on task 'phoneme' (iter 4/10)

### [bt]: Job terminated successfully [batchtools job.id=6184]
### [bt]: Starting job [batchtools job.id=6185]
### [bt]: Generating problem instance for problem 'a6b2cabd9f84c607' ...
### [bt]: Applying algorithm 'run_learner' on problem 'a6b2cabd9f84c607' for job 6185 (seed = 6308) ...
INFO  [16:55:17.676] [mlr3] Applying learner 'svm calibrated platt 70' on task 'phoneme' (iter 5/10)

### [bt]: Job terminated successfully [batchtools job.id=6185]
### [bt]: Calculation finished!
