### [bt]: This is batchtools v0.9.17
### [bt]: Starting calculation of 1 jobs
### [bt]: Setting working directory to '/content'
### [bt]: Memory measurement disabled
### [bt]: Starting job [batchtools job.id=7090]
### [bt]: Generating problem instance for problem 'c27a1cbf9c91424a' ...
### [bt]: Applying algorithm 'run_learner' on problem 'c27a1cbf9c91424a' for job 7090 (seed = 7213) ...
INFO  [14:30:34.695] [mlr3] Applying learner 'ranger calibrated beta cv5' on task 'ilpd' (iter 10/10)
[1] 0.472349
[1] 44.74101
[1] 0.4773405
[1] 32.80714
[1] 0.7866067
[1] 44.48942
[1] 1.000131
[1] 49.36408
[1] -27.67282
[1] 63.97228

### [bt]: Job terminated successfully [batchtools job.id=7090]
### [bt]: Calculation finished!
