### [bt]: This is batchtools v0.9.17
### [bt]: Starting calculation of 1 jobs
### [bt]: Setting working directory to '/content'
### [bt]: Memory measurement disabled
### [bt]: Starting job [batchtools job.id=8221]
### [bt]: Generating problem instance for problem '22f4988139232849' ...
### [bt]: Applying algorithm 'run_learner' on problem '22f4988139232849' for job 8221 (seed = 8344) ...
INFO  [16:28:06.989] [mlr3] Applying learner 'nnet calibrated isotonic 80' on task 'nomao' (iter 1/10)
# weights:  442
initial  value 25239.965648 
iter  10 value 5960.201857
iter  20 value 3666.346777
iter  30 value 3265.467169
iter  40 value 2992.211911
iter  50 value 2886.615318
iter  60 value 2836.187368
iter  70 value 2795.236509
iter  80 value 2759.752207
iter  90 value 2735.243305
iter 100 value 2716.680712
final  value 2716.680712 
stopped after 100 iterations

### [bt]: Job terminated successfully [batchtools job.id=8221]
### [bt]: Calculation finished!
