### [bt]: This is batchtools v0.9.17
### [bt]: Starting calculation of 5 jobs
### [bt]: Setting working directory to '/Users/adrian/Desktop/Mater_Thesis_Calibration'
ece.R :
Friedmann_tasks.R :
Functions.R :
ici.R :
mse_feature_effects.R :
PipeOpCalibration.R :
### [bt]: Memory measurement disabled
### [bt]: Starting job [batchtools job.id=11706]
### [bt]: Generating problem instance for problem '7f16ca74b5d8776b' ...
### [bt]: Applying algorithm 'run_learner' on problem '7f16ca74b5d8776b' for job 11706 (seed = 11829) ...
INFO  [02:49:55.864] [mlr3] Applying learner 'kknn calibrated beta 90' on task 'churn' (iter 6/10)

### [bt]: Job terminated successfully [batchtools job.id=11706]
### [bt]: Starting job [batchtools job.id=11707]
### [bt]: Generating problem instance for problem '7f16ca74b5d8776b' ...
### [bt]: Applying algorithm 'run_learner' on problem '7f16ca74b5d8776b' for job 11707 (seed = 11830) ...
INFO  [02:50:05.709] [mlr3] Applying learner 'kknn calibrated beta 90' on task 'churn' (iter 7/10)

### [bt]: Job terminated successfully [batchtools job.id=11707]
### [bt]: Starting job [batchtools job.id=11708]
### [bt]: Generating problem instance for problem '7f16ca74b5d8776b' ...
### [bt]: Applying algorithm 'run_learner' on problem '7f16ca74b5d8776b' for job 11708 (seed = 11831) ...
INFO  [02:50:08.681] [mlr3] Applying learner 'kknn calibrated beta 90' on task 'churn' (iter 8/10)

### [bt]: Job terminated successfully [batchtools job.id=11708]
### [bt]: Starting job [batchtools job.id=11709]
### [bt]: Generating problem instance for problem '7f16ca74b5d8776b' ...
### [bt]: Applying algorithm 'run_learner' on problem '7f16ca74b5d8776b' for job 11709 (seed = 11832) ...
INFO  [02:50:09.019] [mlr3] Applying learner 'kknn calibrated beta 90' on task 'churn' (iter 9/10)

### [bt]: Job terminated successfully [batchtools job.id=11709]
### [bt]: Starting job [batchtools job.id=11710]
### [bt]: Generating problem instance for problem '7f16ca74b5d8776b' ...
### [bt]: Applying algorithm 'run_learner' on problem '7f16ca74b5d8776b' for job 11710 (seed = 11833) ...
INFO  [02:50:09.661] [mlr3] Applying learner 'kknn calibrated beta 90' on task 'churn' (iter 10/10)

### [bt]: Job terminated successfully [batchtools job.id=11710]
### [bt]: Calculation finished!
