### [bt]: This is batchtools v0.9.17
### [bt]: Starting calculation of 5 jobs
### [bt]: Setting working directory to '/Users/adrian/Desktop/Mater_Thesis_Calibration'
ece.R :
Friedmann_tasks.R :
Functions.R :
ici.R :
mse_feature_effects.R :
PipeOpCalibration.R :
### [bt]: Memory measurement disabled
### [bt]: Starting job [batchtools job.id=5051]
### [bt]: Generating problem instance for problem '341ee781c7d79b8f' ...
### [bt]: Applying algorithm 'run_learner' on problem '341ee781c7d79b8f' for job 5051 (seed = 5174) ...
INFO  [15:37:41.751] [mlr3] Applying learner 'xgboost calibrated isotonic cv5' on task 'wdbc' (iter 1/10)

### [bt]: Job terminated successfully [batchtools job.id=5051]
### [bt]: Starting job [batchtools job.id=5052]
### [bt]: Generating problem instance for problem '341ee781c7d79b8f' ...
### [bt]: Applying algorithm 'run_learner' on problem '341ee781c7d79b8f' for job 5052 (seed = 5175) ...
INFO  [15:37:52.620] [mlr3] Applying learner 'xgboost calibrated isotonic cv5' on task 'wdbc' (iter 2/10)

### [bt]: Job terminated successfully [batchtools job.id=5052]
### [bt]: Starting job [batchtools job.id=5053]
### [bt]: Generating problem instance for problem '341ee781c7d79b8f' ...
### [bt]: Applying algorithm 'run_learner' on problem '341ee781c7d79b8f' for job 5053 (seed = 5176) ...
INFO  [15:38:00.931] [mlr3] Applying learner 'xgboost calibrated isotonic cv5' on task 'wdbc' (iter 3/10)

### [bt]: Job terminated successfully [batchtools job.id=5053]
### [bt]: Starting job [batchtools job.id=5054]
### [bt]: Generating problem instance for problem '341ee781c7d79b8f' ...
### [bt]: Applying algorithm 'run_learner' on problem '341ee781c7d79b8f' for job 5054 (seed = 5177) ...
INFO  [15:38:09.051] [mlr3] Applying learner 'xgboost calibrated isotonic cv5' on task 'wdbc' (iter 4/10)

### [bt]: Job terminated successfully [batchtools job.id=5054]
### [bt]: Starting job [batchtools job.id=5055]
### [bt]: Generating problem instance for problem '341ee781c7d79b8f' ...
### [bt]: Applying algorithm 'run_learner' on problem '341ee781c7d79b8f' for job 5055 (seed = 5178) ...
INFO  [15:38:17.974] [mlr3] Applying learner 'xgboost calibrated isotonic cv5' on task 'wdbc' (iter 5/10)

### [bt]: Job terminated successfully [batchtools job.id=5055]
### [bt]: Calculation finished!
