### [bt]: This is batchtools v0.9.17
### [bt]: Starting calculation of 1 jobs
### [bt]: Setting working directory to '/content'
### [bt]: Memory measurement disabled
### [bt]: Starting job [batchtools job.id=12904]
### [bt]: Generating problem instance for problem '563768ad2e048da7' ...
### [bt]: Applying algorithm 'run_learner' on problem '563768ad2e048da7' for job 12904 (seed = 13027) ...
INFO  [14:55:42.453] [mlr3] Applying learner 'nnet calibrated isotonic union' on task 'credit-g' (iter 4/10)
# weights:  157
initial  value 532.896499 
final  value 446.390497 
converged
# weights:  157
initial  value 462.935409 
final  value 431.015623 
converged
# weights:  157
initial  value 487.066722 
final  value 443.158763 
converged
# weights:  157
initial  value 437.374081 
final  value 437.250563 
converged
# weights:  157
initial  value 679.032102 
final  value 440.666291 
converged

### [bt]: Job terminated successfully [batchtools job.id=12904]
### [bt]: Calculation finished!
