### [bt]: This is batchtools v0.9.17
### [bt]: Starting calculation of 5 jobs
### [bt]: Setting working directory to '/Users/adrian/Desktop/Mater_Thesis_Calibration'
ece.R :
Friedmann_tasks.R :
Functions.R :
ici.R :
mse_feature_effects.R :
PipeOpCalibration.R :
### [bt]: Memory measurement disabled
### [bt]: Starting job [batchtools job.id=12431]
### [bt]: Generating problem instance for problem '7f16ca74b5d8776b' ...
### [bt]: Applying algorithm 'run_learner' on problem '7f16ca74b5d8776b' for job 12431 (seed = 12554) ...
INFO  [04:05:53.225] [mlr3] Applying learner 'rpart calibrated platt 80' on task 'churn' (iter 1/10)

### [bt]: Job terminated successfully [batchtools job.id=12431]
### [bt]: Starting job [batchtools job.id=12432]
### [bt]: Generating problem instance for problem '7f16ca74b5d8776b' ...
### [bt]: Applying algorithm 'run_learner' on problem '7f16ca74b5d8776b' for job 12432 (seed = 12555) ...
INFO  [04:05:53.383] [mlr3] Applying learner 'rpart calibrated platt 80' on task 'churn' (iter 2/10)

### [bt]: Job terminated successfully [batchtools job.id=12432]
### [bt]: Starting job [batchtools job.id=12433]
### [bt]: Generating problem instance for problem '7f16ca74b5d8776b' ...
### [bt]: Applying algorithm 'run_learner' on problem '7f16ca74b5d8776b' for job 12433 (seed = 12556) ...
INFO  [04:06:04.457] [mlr3] Applying learner 'rpart calibrated platt 80' on task 'churn' (iter 3/10)

### [bt]: Job terminated successfully [batchtools job.id=12433]
### [bt]: Starting job [batchtools job.id=12434]
### [bt]: Generating problem instance for problem '7f16ca74b5d8776b' ...
### [bt]: Applying algorithm 'run_learner' on problem '7f16ca74b5d8776b' for job 12434 (seed = 12557) ...
INFO  [04:06:04.616] [mlr3] Applying learner 'rpart calibrated platt 80' on task 'churn' (iter 4/10)

### [bt]: Job terminated successfully [batchtools job.id=12434]
### [bt]: Starting job [batchtools job.id=12435]
### [bt]: Generating problem instance for problem '7f16ca74b5d8776b' ...
### [bt]: Applying algorithm 'run_learner' on problem '7f16ca74b5d8776b' for job 12435 (seed = 12558) ...
INFO  [04:06:04.769] [mlr3] Applying learner 'rpart calibrated platt 80' on task 'churn' (iter 5/10)

### [bt]: Job terminated successfully [batchtools job.id=12435]
### [bt]: Calculation finished!
