### [bt]: This is batchtools v0.9.17
### [bt]: Starting calculation of 5 jobs
### [bt]: Setting working directory to '/Users/adrian/Desktop/Mater_Thesis_Calibration'
ece.R :
Friedmann_tasks.R :
Functions.R :
ici.R :
mse_feature_effects.R :
PipeOpCalibration.R :
### [bt]: Memory measurement disabled
### [bt]: Starting job [batchtools job.id=10906]
### [bt]: Generating problem instance for problem 'cfb05fadfc1e266b' ...
### [bt]: Applying algorithm 'run_learner' on problem 'cfb05fadfc1e266b' for job 10906 (seed = 11029) ...
INFO  [15:30:20.783] [mlr3] Applying learner 'ranger calibrated beta 90' on task 'numerai28.6' (iter 6/10)
Growing trees.. Progress: 11%. Estimated remaining time: 4 minutes, 8 seconds.
Growing trees.. Progress: 23%. Estimated remaining time: 3 minutes, 24 seconds.
Growing trees.. Progress: 35%. Estimated remaining time: 2 minutes, 49 seconds.
Growing trees.. Progress: 48%. Estimated remaining time: 2 minutes, 13 seconds.
Growing trees.. Progress: 60%. Estimated remaining time: 1 minute, 42 seconds.
Growing trees.. Progress: 73%. Estimated remaining time: 1 minute, 10 seconds.
Growing trees.. Progress: 85%. Estimated remaining time: 39 seconds.
Growing trees.. Progress: 97%. Estimated remaining time: 8 seconds.

### [bt]: Job terminated successfully [batchtools job.id=10906]
### [bt]: Starting job [batchtools job.id=10907]
### [bt]: Generating problem instance for problem 'cfb05fadfc1e266b' ...
### [bt]: Applying algorithm 'run_learner' on problem 'cfb05fadfc1e266b' for job 10907 (seed = 11030) ...
INFO  [15:39:59.176] [mlr3] Applying learner 'ranger calibrated beta 90' on task 'numerai28.6' (iter 7/10)
Growing trees.. Progress: 11%. Estimated remaining time: 4 minutes, 1 seconds.
Growing trees.. Progress: 23%. Estimated remaining time: 3 minutes, 22 seconds.
Growing trees.. Progress: 35%. Estimated remaining time: 2 minutes, 49 seconds.
Growing trees.. Progress: 48%. Estimated remaining time: 2 minutes, 17 seconds.
Growing trees.. Progress: 60%. Estimated remaining time: 1 minute, 41 seconds.
Growing trees.. Progress: 72%. Estimated remaining time: 1 minute, 11 seconds.
Growing trees.. Progress: 84%. Estimated remaining time: 40 seconds.
Growing trees.. Progress: 96%. Estimated remaining time: 9 seconds.

### [bt]: Job terminated successfully [batchtools job.id=10907]
### [bt]: Starting job [batchtools job.id=10908]
### [bt]: Generating problem instance for problem 'cfb05fadfc1e266b' ...
### [bt]: Applying algorithm 'run_learner' on problem 'cfb05fadfc1e266b' for job 10908 (seed = 11031) ...
INFO  [15:48:17.092] [mlr3] Applying learner 'ranger calibrated beta 90' on task 'numerai28.6' (iter 8/10)
Growing trees.. Progress: 11%. Estimated remaining time: 4 minutes, 6 seconds.
Growing trees.. Progress: 23%. Estimated remaining time: 3 minutes, 22 seconds.
Growing trees.. Progress: 36%. Estimated remaining time: 2 minutes, 47 seconds.
Growing trees.. Progress: 48%. Estimated remaining time: 2 minutes, 13 seconds.
Growing trees.. Progress: 60%. Estimated remaining time: 1 minute, 41 seconds.
Growing trees.. Progress: 72%. Estimated remaining time: 1 minute, 10 seconds.
Growing trees.. Progress: 85%. Estimated remaining time: 39 seconds.
Growing trees.. Progress: 97%. Estimated remaining time: 7 seconds.

### [bt]: Job terminated successfully [batchtools job.id=10908]
### [bt]: Starting job [batchtools job.id=10909]
### [bt]: Generating problem instance for problem 'cfb05fadfc1e266b' ...
### [bt]: Applying algorithm 'run_learner' on problem 'cfb05fadfc1e266b' for job 10909 (seed = 11032) ...
INFO  [15:57:36.051] [mlr3] Applying learner 'ranger calibrated beta 90' on task 'numerai28.6' (iter 9/10)
Growing trees.. Progress: 11%. Estimated remaining time: 4 minutes, 8 seconds.
Growing trees.. Progress: 24%. Estimated remaining time: 3 minutes, 19 seconds.
Growing trees.. Progress: 36%. Estimated remaining time: 2 minutes, 45 seconds.
Growing trees.. Progress: 48%. Estimated remaining time: 2 minutes, 14 seconds.
Growing trees.. Progress: 60%. Estimated remaining time: 1 minute, 42 seconds.
Growing trees.. Progress: 72%. Estimated remaining time: 1 minute, 10 seconds.
Growing trees.. Progress: 85%. Estimated remaining time: 38 seconds.
Growing trees.. Progress: 97%. Estimated remaining time: 7 seconds.

### [bt]: Job terminated successfully [batchtools job.id=10909]
### [bt]: Starting job [batchtools job.id=10910]
### [bt]: Generating problem instance for problem 'cfb05fadfc1e266b' ...
### [bt]: Applying algorithm 'run_learner' on problem 'cfb05fadfc1e266b' for job 10910 (seed = 11033) ...
INFO  [16:06:54.581] [mlr3] Applying learner 'ranger calibrated beta 90' on task 'numerai28.6' (iter 10/10)
Growing trees.. Progress: 11%. Estimated remaining time: 4 minutes, 1 seconds.
Growing trees.. Progress: 24%. Estimated remaining time: 3 minutes, 20 seconds.
Growing trees.. Progress: 36%. Estimated remaining time: 2 minutes, 46 seconds.
Growing trees.. Progress: 48%. Estimated remaining time: 2 minutes, 14 seconds.
Growing trees.. Progress: 61%. Estimated remaining time: 1 minute, 40 seconds.
Growing trees.. Progress: 73%. Estimated remaining time: 1 minute, 9 seconds.
Growing trees.. Progress: 85%. Estimated remaining time: 39 seconds.
Growing trees.. Progress: 97%. Estimated remaining time: 8 seconds.

### [bt]: Job terminated successfully [batchtools job.id=10910]
### [bt]: Calculation finished!
