### [bt]: This is batchtools v0.9.17
### [bt]: Starting calculation of 1 jobs
### [bt]: Setting working directory to '/content'
### [bt]: Memory measurement disabled
### [bt]: Starting job [batchtools job.id=7726]
### [bt]: Generating problem instance for problem '22f4988139232849' ...
### [bt]: Applying algorithm 'run_learner' on problem '22f4988139232849' for job 7726 (seed = 7849) ...
INFO  [15:54:51.905] [mlr3] Applying learner 'glmnet calibrated beta cv5' on task 'nomao' (iter 6/10)
[1] -45.19061
[1] 36.23438
[1] -48.54018
[1] 40.95485
[1] -53.82749
[1] 38.07215
[1] -48.27155
[1] 40.96829
[1] -46.67005
[1] 35.10477

### [bt]: Job terminated successfully [batchtools job.id=7726]
### [bt]: Calculation finished!
