### [bt]: This is batchtools v0.9.17
### [bt]: Starting calculation of 1 jobs
### [bt]: Setting working directory to '/content'
### [bt]: Memory measurement disabled
### [bt]: Starting job [batchtools job.id=8182]
### [bt]: Generating problem instance for problem '22f4988139232849' ...
### [bt]: Applying algorithm 'run_learner' on problem '22f4988139232849' for job 8182 (seed = 8305) ...
INFO  [16:26:52.060] [mlr3] Applying learner 'nnet calibrated beta 90' on task 'nomao' (iter 2/10)
# weights:  442
initial  value 16929.137356 
iter  10 value 8718.642846
iter  20 value 5697.260386
iter  30 value 5207.647099
iter  40 value 4916.386566
iter  50 value 4775.589122
iter  60 value 4642.929730
iter  70 value 4496.103367
iter  80 value 4207.938800
iter  90 value 4035.967205
iter 100 value 3826.262646
final  value 3826.262646 
stopped after 100 iterations
[1] -22.03038
[1] 42.70242

### [bt]: Job terminated successfully [batchtools job.id=8182]
### [bt]: Calculation finished!
