### [bt]: This is batchtools v0.9.17
### [bt]: Starting calculation of 5 jobs
### [bt]: Setting working directory to '/Users/adrian/Desktop/Mater_Thesis_Calibration'
ece.R :
Friedmann_tasks.R :
Functions.R :
ici.R :
mse_feature_effects.R :
PipeOpCalibration.R :
### [bt]: Memory measurement disabled
### [bt]: Starting job [batchtools job.id=666]
### [bt]: Generating problem instance for problem '563768ad2e048da7' ...
### [bt]: Applying algorithm 'run_learner' on problem '563768ad2e048da7' for job 666 (seed = 789) ...
INFO  [12:45:58.416] [mlr3] Applying learner 'ranger calibrated beta 90' on task 'credit-g' (iter 6/10)

### [bt]: Job terminated successfully [batchtools job.id=666]
### [bt]: Starting job [batchtools job.id=667]
### [bt]: Generating problem instance for problem '563768ad2e048da7' ...
### [bt]: Applying algorithm 'run_learner' on problem '563768ad2e048da7' for job 667 (seed = 790) ...
INFO  [12:46:01.880] [mlr3] Applying learner 'ranger calibrated beta 90' on task 'credit-g' (iter 7/10)

### [bt]: Job terminated successfully [batchtools job.id=667]
### [bt]: Starting job [batchtools job.id=668]
### [bt]: Generating problem instance for problem '563768ad2e048da7' ...
### [bt]: Applying algorithm 'run_learner' on problem '563768ad2e048da7' for job 668 (seed = 791) ...
INFO  [12:46:04.113] [mlr3] Applying learner 'ranger calibrated beta 90' on task 'credit-g' (iter 8/10)

### [bt]: Job terminated successfully [batchtools job.id=668]
### [bt]: Starting job [batchtools job.id=669]
### [bt]: Generating problem instance for problem '563768ad2e048da7' ...
### [bt]: Applying algorithm 'run_learner' on problem '563768ad2e048da7' for job 669 (seed = 792) ...
INFO  [12:46:06.173] [mlr3] Applying learner 'ranger calibrated beta 90' on task 'credit-g' (iter 9/10)

### [bt]: Job terminated successfully [batchtools job.id=669]
### [bt]: Starting job [batchtools job.id=670]
### [bt]: Generating problem instance for problem '563768ad2e048da7' ...
### [bt]: Applying algorithm 'run_learner' on problem '563768ad2e048da7' for job 670 (seed = 793) ...
INFO  [12:46:08.894] [mlr3] Applying learner 'ranger calibrated beta 90' on task 'credit-g' (iter 10/10)

### [bt]: Job terminated successfully [batchtools job.id=670]
### [bt]: Calculation finished!
