### [bt]: This is batchtools v0.9.17
### [bt]: Starting calculation of 5 jobs
### [bt]: Setting working directory to '/Users/adrian/Desktop/Mater_Thesis_Calibration'
ece.R :
Friedmann_tasks.R :
Functions.R :
ici.R :
mse_feature_effects.R :
PipeOpCalibration.R :
### [bt]: Memory measurement disabled
### [bt]: Starting job [batchtools job.id=12416]
### [bt]: Generating problem instance for problem '7f16ca74b5d8776b' ...
### [bt]: Applying algorithm 'run_learner' on problem '7f16ca74b5d8776b' for job 12416 (seed = 12539) ...
INFO  [04:05:08.093] [mlr3] Applying learner 'rpart calibrated isotonic cv5' on task 'churn' (iter 6/10)

### [bt]: Job terminated successfully [batchtools job.id=12416]
### [bt]: Starting job [batchtools job.id=12417]
### [bt]: Generating problem instance for problem '7f16ca74b5d8776b' ...
### [bt]: Applying algorithm 'run_learner' on problem '7f16ca74b5d8776b' for job 12417 (seed = 12540) ...
INFO  [04:05:08.601] [mlr3] Applying learner 'rpart calibrated isotonic cv5' on task 'churn' (iter 7/10)

### [bt]: Job terminated successfully [batchtools job.id=12417]
### [bt]: Starting job [batchtools job.id=12418]
### [bt]: Generating problem instance for problem '7f16ca74b5d8776b' ...
### [bt]: Applying algorithm 'run_learner' on problem '7f16ca74b5d8776b' for job 12418 (seed = 12541) ...
INFO  [04:05:20.035] [mlr3] Applying learner 'rpart calibrated isotonic cv5' on task 'churn' (iter 8/10)

### [bt]: Job terminated successfully [batchtools job.id=12418]
### [bt]: Starting job [batchtools job.id=12419]
### [bt]: Generating problem instance for problem '7f16ca74b5d8776b' ...
### [bt]: Applying algorithm 'run_learner' on problem '7f16ca74b5d8776b' for job 12419 (seed = 12542) ...
INFO  [04:05:20.438] [mlr3] Applying learner 'rpart calibrated isotonic cv5' on task 'churn' (iter 9/10)

### [bt]: Job terminated successfully [batchtools job.id=12419]
### [bt]: Starting job [batchtools job.id=12420]
### [bt]: Generating problem instance for problem '7f16ca74b5d8776b' ...
### [bt]: Applying algorithm 'run_learner' on problem '7f16ca74b5d8776b' for job 12420 (seed = 12543) ...
INFO  [04:05:26.203] [mlr3] Applying learner 'rpart calibrated isotonic cv5' on task 'churn' (iter 10/10)

### [bt]: Job terminated successfully [batchtools job.id=12420]
### [bt]: Calculation finished!
