### [bt]: This is batchtools v0.9.17
### [bt]: Starting calculation of 1 jobs
### [bt]: Setting working directory to '/content'
### [bt]: Memory measurement disabled
### [bt]: Starting job [batchtools job.id=4846]
### [bt]: Generating problem instance for problem '341ee781c7d79b8f' ...
### [bt]: Applying algorithm 'run_learner' on problem '341ee781c7d79b8f' for job 4846 (seed = 4969) ...
INFO  [14:25:03.753] [mlr3] Applying learner 'svm calibrated beta cv5' on task 'wdbc' (iter 6/10)
Warning: glm.fit: fitted probabilities numerically 0 or 1 occurred
This happened PipeOp classif.svm's $train()
[1] -5.391749e+15
[1] 3.237465e+16
Warning: glm.fit: fitted probabilities numerically 0 or 1 occurred
This happened PipeOp classif.svm's $train()
Warning: glm.fit: fitted probabilities numerically 0 or 1 occurred
This happened PipeOp classif.svm's $train()
[1] -116.9789
[1] -4.388725
[1] -49.46477
[1] 35.50875
[1] -68.59083
[1] 44.19212
Warning: glm.fit: algorithm did not converge
This happened PipeOp classif.svm's $train()
Warning: glm.fit: fitted probabilities numerically 0 or 1 occurred
This happened PipeOp classif.svm's $train()
Warning: glm.fit: algorithm did not converge
This happened PipeOp classif.svm's $train()
Warning: glm.fit: fitted probabilities numerically 0 or 1 occurred
This happened PipeOp classif.svm's $train()
[1] -5079.887
[1] -92.9664

### [bt]: Job terminated successfully [batchtools job.id=4846]
### [bt]: Calculation finished!
