### [bt]: This is batchtools v0.9.17
### [bt]: Starting calculation of 5 jobs
### [bt]: Setting working directory to '/Users/adrian/Desktop/Mater_Thesis_Calibration'
ece.R :
Friedmann_tasks.R :
Functions.R :
ici.R :
mse_feature_effects.R :
PipeOpCalibration.R :
### [bt]: Memory measurement disabled
### [bt]: Starting job [batchtools job.id=1026]
### [bt]: Generating problem instance for problem '563768ad2e048da7' ...
### [bt]: Applying algorithm 'run_learner' on problem '563768ad2e048da7' for job 1026 (seed = 1149) ...
INFO  [13:00:00.210] [mlr3] Applying learner 'svm calibrated isotonic 80' on task 'credit-g' (iter 6/10)
Warning in svm.default(x = data, y = task$truth(), probability = (self$predict_type ==  :
  Variable(s) ‘personal_status.female.single’ and ‘purpose.vacation’ constant. Cannot scale data.
This happened PipeOp classif.svm's $train()
This happened PipeOp classif.svm's $train()

### [bt]: Job terminated successfully [batchtools job.id=1026]
### [bt]: Starting job [batchtools job.id=1027]
### [bt]: Generating problem instance for problem '563768ad2e048da7' ...
### [bt]: Applying algorithm 'run_learner' on problem '563768ad2e048da7' for job 1027 (seed = 1150) ...
INFO  [13:00:03.661] [mlr3] Applying learner 'svm calibrated isotonic 80' on task 'credit-g' (iter 7/10)
Warning in svm.default(x = data, y = task$truth(), probability = (self$predict_type ==  :
  Variable(s) ‘personal_status.female.single’ and ‘purpose.vacation’ constant. Cannot scale data.
This happened PipeOp classif.svm's $train()
This happened PipeOp classif.svm's $train()

### [bt]: Job terminated successfully [batchtools job.id=1027]
### [bt]: Starting job [batchtools job.id=1028]
### [bt]: Generating problem instance for problem '563768ad2e048da7' ...
### [bt]: Applying algorithm 'run_learner' on problem '563768ad2e048da7' for job 1028 (seed = 1151) ...
INFO  [13:00:04.405] [mlr3] Applying learner 'svm calibrated isotonic 80' on task 'credit-g' (iter 8/10)
Warning in svm.default(x = data, y = task$truth(), probability = (self$predict_type ==  :
  Variable(s) ‘personal_status.female.single’ and ‘purpose.vacation’ constant. Cannot scale data.
This happened PipeOp classif.svm's $train()
This happened PipeOp classif.svm's $train()

### [bt]: Job terminated successfully [batchtools job.id=1028]
### [bt]: Starting job [batchtools job.id=1029]
### [bt]: Generating problem instance for problem '563768ad2e048da7' ...
### [bt]: Applying algorithm 'run_learner' on problem '563768ad2e048da7' for job 1029 (seed = 1152) ...
INFO  [13:00:06.122] [mlr3] Applying learner 'svm calibrated isotonic 80' on task 'credit-g' (iter 9/10)
Warning in svm.default(x = data, y = task$truth(), probability = (self$predict_type ==  :
  Variable(s) ‘personal_status.female.single’ and ‘purpose.vacation’ constant. Cannot scale data.
This happened PipeOp classif.svm's $train()
This happened PipeOp classif.svm's $train()

### [bt]: Job terminated successfully [batchtools job.id=1029]
### [bt]: Starting job [batchtools job.id=1030]
### [bt]: Generating problem instance for problem '563768ad2e048da7' ...
### [bt]: Applying algorithm 'run_learner' on problem '563768ad2e048da7' for job 1030 (seed = 1153) ...
INFO  [13:00:07.743] [mlr3] Applying learner 'svm calibrated isotonic 80' on task 'credit-g' (iter 10/10)
Warning in svm.default(x = data, y = task$truth(), probability = (self$predict_type ==  :
  Variable(s) ‘personal_status.female.single’ and ‘purpose.vacation’ constant. Cannot scale data.
This happened PipeOp classif.svm's $train()
This happened PipeOp classif.svm's $train()

### [bt]: Job terminated successfully [batchtools job.id=1030]
### [bt]: Calculation finished!
