### [bt]: This is batchtools v0.9.17
### [bt]: Starting calculation of 1 jobs
### [bt]: Setting working directory to '/content'
### [bt]: Memory measurement disabled
### [bt]: Starting job [batchtools job.id=11881]
### [bt]: Generating problem instance for problem '7f16ca74b5d8776b' ...
### [bt]: Applying algorithm 'run_learner' on problem '7f16ca74b5d8776b' for job 11881 (seed = 12004) ...
INFO  [14:48:45.561] [mlr3] Applying learner 'naive_bayes calibrated beta cv5' on task 'churn' (iter 1/10)
[1] -29.56407
[1] 30.52071
[1] -47.81637
[1] 15.27314
[1] -43.48658
[1] 19.63801
[1] -15.39345
[1] 48.92113
[1] -42.32504
[1] 32.75048

### [bt]: Job terminated successfully [batchtools job.id=11881]
### [bt]: Calculation finished!
