### [bt]: This is batchtools v0.9.17
### [bt]: Starting calculation of 1 jobs
### [bt]: Setting working directory to '/content'
### [bt]: Memory measurement disabled
### [bt]: Starting job [batchtools job.id=15072]
### [bt]: Generating problem instance for problem '7f16ca74b5d8776b' ...
### [bt]: Applying algorithm 'run_learner' on problem '7f16ca74b5d8776b' for job 15072 (seed = 15195) ...
INFO  [15:06:09.958] [mlr3] Applying learner 'nnet calibrated platt union' on task 'churn' (iter 2/10)
# weights:  94
initial  value 2557.166857 
final  value 1457.868546 
converged
# weights:  94
initial  value 3384.320639 
final  value 1461.494517 
converged
# weights:  94
initial  value 1830.891177 
iter  10 value 1453.675908
iter  20 value 1450.742810
iter  30 value 1450.313852
iter  40 value 1450.032401
iter  50 value 1449.378870
iter  60 value 1449.169259
iter  70 value 1449.010559
iter  80 value 1448.990998
iter  90 value 1448.960883
iter 100 value 1448.886751
final  value 1448.886751 
stopped after 100 iterations
# weights:  94
initial  value 1601.301246 
iter  10 value 1488.647997
iter  20 value 1486.110254
iter  30 value 1468.641130
iter  40 value 1466.075598
iter  50 value 1465.159312
iter  60 value 1464.944910
iter  70 value 1464.249583
iter  80 value 1463.715328
iter  90 value 1463.252557
iter 100 value 1425.361556
final  value 1425.361556 
stopped after 100 iterations
# weights:  94
initial  value 3780.798776 
final  value 1477.697996 
converged

### [bt]: Job terminated successfully [batchtools job.id=15072]
### [bt]: Calculation finished!
