### [bt]: This is batchtools v0.9.17
### [bt]: Starting calculation of 5 jobs
### [bt]: Setting working directory to '/Users/adrian/Desktop/Mater_Thesis_Calibration'
### [bt]: Memory measurement disabled
### [bt]: Starting job [batchtools job.id=2741]
### [bt]: Generating problem instance for problem '257f58d7d9640369' ...
### [bt]: Applying algorithm 'run_learner' on problem '257f58d7d9640369' for job 2741 (seed = 2742) ...
INFO  [12:33:29.202] [mlr3] Applying learner 'svm calibrated isotonic holdout_66' on task 'ilpd' (iter 1/10)

### [bt]: Job terminated successfully [batchtools job.id=2741]
### [bt]: Starting job [batchtools job.id=2742]
### [bt]: Generating problem instance for problem '257f58d7d9640369' ...
### [bt]: Applying algorithm 'run_learner' on problem '257f58d7d9640369' for job 2742 (seed = 2743) ...
INFO  [12:33:29.477] [mlr3] Applying learner 'svm calibrated isotonic holdout_66' on task 'ilpd' (iter 2/10)

### [bt]: Job terminated successfully [batchtools job.id=2742]
### [bt]: Starting job [batchtools job.id=2743]
### [bt]: Generating problem instance for problem '257f58d7d9640369' ...
### [bt]: Applying algorithm 'run_learner' on problem '257f58d7d9640369' for job 2743 (seed = 2744) ...
INFO  [12:33:36.108] [mlr3] Applying learner 'svm calibrated isotonic holdout_66' on task 'ilpd' (iter 3/10)

### [bt]: Job terminated successfully [batchtools job.id=2743]
### [bt]: Starting job [batchtools job.id=2744]
### [bt]: Generating problem instance for problem '257f58d7d9640369' ...
### [bt]: Applying algorithm 'run_learner' on problem '257f58d7d9640369' for job 2744 (seed = 2745) ...
INFO  [12:33:36.404] [mlr3] Applying learner 'svm calibrated isotonic holdout_66' on task 'ilpd' (iter 4/10)

### [bt]: Job terminated successfully [batchtools job.id=2744]
### [bt]: Starting job [batchtools job.id=2745]
### [bt]: Generating problem instance for problem '257f58d7d9640369' ...
### [bt]: Applying algorithm 'run_learner' on problem '257f58d7d9640369' for job 2745 (seed = 2746) ...
INFO  [12:33:39.685] [mlr3] Applying learner 'svm calibrated isotonic holdout_66' on task 'ilpd' (iter 5/10)

### [bt]: Job terminated successfully [batchtools job.id=2745]
### [bt]: Calculation finished!
