### [bt]: This is batchtools v0.9.17
### [bt]: Starting calculation of 1 jobs
### [bt]: Setting working directory to '/content'
### [bt]: Memory measurement disabled
### [bt]: Starting job [batchtools job.id=10835]
### [bt]: Generating problem instance for problem 'cfb05fadfc1e266b' ...
### [bt]: Applying algorithm 'run_learner' on problem 'cfb05fadfc1e266b' for job 10835 (seed = 10958) ...
INFO  [16:53:42.128] [mlr3] Applying learner 'nnet calibrated platt 80' on task 'numerai28.6' (iter 5/10)
# weights:  70
initial  value 49943.225946 
iter  10 value 47996.272363
iter  20 value 47949.394908
iter  30 value 47915.565043
iter  40 value 47904.600686
iter  50 value 47891.547432
iter  60 value 47886.671722
iter  70 value 47878.769768
iter  80 value 47876.967777
iter  90 value 47873.511519
iter 100 value 47863.039084
final  value 47863.039084 
stopped after 100 iterations

### [bt]: Job terminated successfully [batchtools job.id=10835]
### [bt]: Calculation finished!
