### [bt]: This is batchtools v0.9.17
### [bt]: Starting calculation of 5 jobs
### [bt]: Setting working directory to '/Users/adrian/Desktop/Mater_Thesis_Calibration'
### [bt]: Memory measurement disabled
### [bt]: Starting job [batchtools job.id=431]
### [bt]: Generating problem instance for problem '1bd472785c2444ba' ...
### [bt]: Applying algorithm 'run_learner' on problem '1bd472785c2444ba' for job 431 (seed = 432) ...
INFO  [11:18:19.584] [mlr3] Applying learner 'naive_bayes calibrated beta holdout_90' on task 'wdbc' (iter 1/10)

### [bt]: Job terminated successfully [batchtools job.id=431]
### [bt]: Starting job [batchtools job.id=432]
### [bt]: Generating problem instance for problem '1bd472785c2444ba' ...
### [bt]: Applying algorithm 'run_learner' on problem '1bd472785c2444ba' for job 432 (seed = 433) ...
INFO  [11:18:19.714] [mlr3] Applying learner 'naive_bayes calibrated beta holdout_90' on task 'wdbc' (iter 2/10)
Warning: glm.fit: fitted probabilities numerically 0 or 1 occurred
This happened PipeOp classif.naive_bayes's $train()

### [bt]: Job terminated successfully [batchtools job.id=432]
### [bt]: Starting job [batchtools job.id=433]
### [bt]: Generating problem instance for problem '1bd472785c2444ba' ...
### [bt]: Applying algorithm 'run_learner' on problem '1bd472785c2444ba' for job 433 (seed = 434) ...
INFO  [11:18:19.968] [mlr3] Applying learner 'naive_bayes calibrated beta holdout_90' on task 'wdbc' (iter 3/10)
Warning: glm.fit: algorithm did not converge
This happened PipeOp classif.naive_bayes's $train()
Warning: glm.fit: fitted probabilities numerically 0 or 1 occurred
This happened PipeOp classif.naive_bayes's $train()

### [bt]: Job terminated successfully [batchtools job.id=433]
### [bt]: Starting job [batchtools job.id=434]
### [bt]: Generating problem instance for problem '1bd472785c2444ba' ...
### [bt]: Applying algorithm 'run_learner' on problem '1bd472785c2444ba' for job 434 (seed = 435) ...
INFO  [11:18:20.093] [mlr3] Applying learner 'naive_bayes calibrated beta holdout_90' on task 'wdbc' (iter 4/10)

### [bt]: Job terminated successfully [batchtools job.id=434]
### [bt]: Starting job [batchtools job.id=435]
### [bt]: Generating problem instance for problem '1bd472785c2444ba' ...
### [bt]: Applying algorithm 'run_learner' on problem '1bd472785c2444ba' for job 435 (seed = 436) ...
INFO  [11:18:20.216] [mlr3] Applying learner 'naive_bayes calibrated beta holdout_90' on task 'wdbc' (iter 5/10)

### [bt]: Job terminated successfully [batchtools job.id=435]
### [bt]: Calculation finished!
