### [bt]: This is batchtools v0.9.17
### [bt]: Starting calculation of 5 jobs
### [bt]: Setting working directory to '/Users/adrian/Desktop/Mater_Thesis_Calibration'
### [bt]: Memory measurement disabled
### [bt]: Starting job [batchtools job.id=651]
### [bt]: Generating problem instance for problem '1bd472785c2444ba' ...
### [bt]: Applying algorithm 'run_learner' on problem '1bd472785c2444ba' for job 651 (seed = 652) ...
INFO  [11:21:53.445] [mlr3] Applying learner 'nnet calibrated isotonic holdout_66' on task 'wdbc' (iter 1/10)
# weights:  97
initial  value 369.676301 
final  value 219.931834 
converged

### [bt]: Job terminated successfully [batchtools job.id=651]
### [bt]: Starting job [batchtools job.id=652]
### [bt]: Generating problem instance for problem '1bd472785c2444ba' ...
### [bt]: Applying algorithm 'run_learner' on problem '1bd472785c2444ba' for job 652 (seed = 653) ...
INFO  [11:21:53.582] [mlr3] Applying learner 'nnet calibrated isotonic holdout_66' on task 'wdbc' (iter 2/10)
# weights:  97
initial  value 227.270884 
iter  10 value 141.016617
iter  20 value 85.944105
iter  30 value 81.541843
iter  40 value 78.882873
iter  50 value 78.862668
final  value 78.862186 
converged

### [bt]: Job terminated successfully [batchtools job.id=652]
### [bt]: Starting job [batchtools job.id=653]
### [bt]: Generating problem instance for problem '1bd472785c2444ba' ...
### [bt]: Applying algorithm 'run_learner' on problem '1bd472785c2444ba' for job 653 (seed = 654) ...
INFO  [11:21:55.706] [mlr3] Applying learner 'nnet calibrated isotonic holdout_66' on task 'wdbc' (iter 3/10)
# weights:  97
initial  value 232.906383 
final  value 228.047570 
converged

### [bt]: Job terminated successfully [batchtools job.id=653]
### [bt]: Starting job [batchtools job.id=654]
### [bt]: Generating problem instance for problem '1bd472785c2444ba' ...
### [bt]: Applying algorithm 'run_learner' on problem '1bd472785c2444ba' for job 654 (seed = 655) ...
INFO  [11:21:55.825] [mlr3] Applying learner 'nnet calibrated isotonic holdout_66' on task 'wdbc' (iter 4/10)
# weights:  97
initial  value 220.558482 
iter  10 value 128.199892
iter  20 value 125.624997
iter  30 value 99.563046
iter  40 value 93.453889
iter  50 value 85.750653
iter  60 value 72.658967
iter  70 value 53.741234
iter  80 value 53.211764
iter  90 value 53.203154
iter 100 value 52.096543
final  value 52.096543 
stopped after 100 iterations

### [bt]: Job terminated successfully [batchtools job.id=654]
### [bt]: Starting job [batchtools job.id=655]
### [bt]: Generating problem instance for problem '1bd472785c2444ba' ...
### [bt]: Applying algorithm 'run_learner' on problem '1bd472785c2444ba' for job 655 (seed = 656) ...
INFO  [11:21:55.968] [mlr3] Applying learner 'nnet calibrated isotonic holdout_66' on task 'wdbc' (iter 5/10)
# weights:  97
initial  value 281.794305 
final  value 224.072572 
converged

### [bt]: Job terminated successfully [batchtools job.id=655]
### [bt]: Calculation finished!
