### [bt]: This is batchtools v0.9.17
### [bt]: Starting calculation of 5 jobs
### [bt]: Setting working directory to '/Users/adrian/Desktop/Mater_Thesis_Calibration'
### [bt]: Memory measurement disabled
### [bt]: Starting job [batchtools job.id=1151]
### [bt]: Generating problem instance for problem '1bd472785c2444ba' ...
### [bt]: Applying algorithm 'run_learner' on problem '1bd472785c2444ba' for job 1151 (seed = 1152) ...
INFO  [11:33:19.527] [mlr3] Applying learner 'svm calibrated beta cv_5' on task 'wdbc' (iter 1/10)
Warning: glm.fit: algorithm did not converge
This happened PipeOp classif.svm's $train()
Warning: glm.fit: fitted probabilities numerically 0 or 1 occurred
This happened PipeOp classif.svm's $train()
Warning: glm.fit: fitted probabilities numerically 0 or 1 occurred
This happened PipeOp classif.svm's $train()
Warning: glm.fit: fitted probabilities numerically 0 or 1 occurred
This happened PipeOp classif.svm's $train()

### [bt]: Job terminated successfully [batchtools job.id=1151]
### [bt]: Starting job [batchtools job.id=1152]
### [bt]: Generating problem instance for problem '1bd472785c2444ba' ...
### [bt]: Applying algorithm 'run_learner' on problem '1bd472785c2444ba' for job 1152 (seed = 1153) ...
INFO  [11:33:22.899] [mlr3] Applying learner 'svm calibrated beta cv_5' on task 'wdbc' (iter 2/10)
Warning: glm.fit: fitted probabilities numerically 0 or 1 occurred
This happened PipeOp classif.svm's $train()
Warning: glm.fit: fitted probabilities numerically 0 or 1 occurred
This happened PipeOp classif.svm's $train()
Warning: glm.fit: fitted probabilities numerically 0 or 1 occurred
This happened PipeOp classif.svm's $train()
Warning: glm.fit: fitted probabilities numerically 0 or 1 occurred
This happened PipeOp classif.svm's $train()

### [bt]: Job terminated successfully [batchtools job.id=1152]
### [bt]: Starting job [batchtools job.id=1153]
### [bt]: Generating problem instance for problem '1bd472785c2444ba' ...
### [bt]: Applying algorithm 'run_learner' on problem '1bd472785c2444ba' for job 1153 (seed = 1154) ...
INFO  [11:33:24.718] [mlr3] Applying learner 'svm calibrated beta cv_5' on task 'wdbc' (iter 3/10)
Warning: glm.fit: fitted probabilities numerically 0 or 1 occurred
This happened PipeOp classif.svm's $train()
Warning: glm.fit: algorithm did not converge
This happened PipeOp classif.svm's $train()
Warning: glm.fit: fitted probabilities numerically 0 or 1 occurred
This happened PipeOp classif.svm's $train()
Warning: glm.fit: fitted probabilities numerically 0 or 1 occurred
This happened PipeOp classif.svm's $train()

### [bt]: Job terminated successfully [batchtools job.id=1153]
### [bt]: Starting job [batchtools job.id=1154]
### [bt]: Generating problem instance for problem '1bd472785c2444ba' ...
### [bt]: Applying algorithm 'run_learner' on problem '1bd472785c2444ba' for job 1154 (seed = 1155) ...
INFO  [11:33:25.652] [mlr3] Applying learner 'svm calibrated beta cv_5' on task 'wdbc' (iter 4/10)
Warning: glm.fit: fitted probabilities numerically 0 or 1 occurred
This happened PipeOp classif.svm's $train()
Warning: glm.fit: fitted probabilities numerically 0 or 1 occurred
This happened PipeOp classif.svm's $train()
Warning: glm.fit: fitted probabilities numerically 0 or 1 occurred
This happened PipeOp classif.svm's $train()
Warning: glm.fit: fitted probabilities numerically 0 or 1 occurred
This happened PipeOp classif.svm's $train()

### [bt]: Job terminated successfully [batchtools job.id=1154]
### [bt]: Starting job [batchtools job.id=1155]
### [bt]: Generating problem instance for problem '1bd472785c2444ba' ...
### [bt]: Applying algorithm 'run_learner' on problem '1bd472785c2444ba' for job 1155 (seed = 1156) ...
INFO  [11:33:27.469] [mlr3] Applying learner 'svm calibrated beta cv_5' on task 'wdbc' (iter 5/10)
Warning: glm.fit: fitted probabilities numerically 0 or 1 occurred
This happened PipeOp classif.svm's $train()
Warning: glm.fit: fitted probabilities numerically 0 or 1 occurred
This happened PipeOp classif.svm's $train()
Warning: glm.fit: fitted probabilities numerically 0 or 1 occurred
This happened PipeOp classif.svm's $train()
Warning: glm.fit: fitted probabilities numerically 0 or 1 occurred
This happened PipeOp classif.svm's $train()

### [bt]: Job terminated successfully [batchtools job.id=1155]
### [bt]: Calculation finished!
