### [bt]: This is batchtools v0.9.17
### [bt]: Starting calculation of 5 jobs
### [bt]: Setting working directory to '/Users/adrian/Desktop/Mater_Thesis_Calibration'
### [bt]: Memory measurement disabled
### [bt]: Starting job [batchtools job.id=511]
### [bt]: Generating problem instance for problem '1bd472785c2444ba' ...
### [bt]: Applying algorithm 'run_learner' on problem '1bd472785c2444ba' for job 511 (seed = 512) ...
INFO  [11:19:49.462] [mlr3] Applying learner 'naive_bayes calibrated platt cv_5' on task 'wdbc' (iter 1/10)

### [bt]: Job terminated successfully [batchtools job.id=511]
### [bt]: Starting job [batchtools job.id=512]
### [bt]: Generating problem instance for problem '1bd472785c2444ba' ...
### [bt]: Applying algorithm 'run_learner' on problem '1bd472785c2444ba' for job 512 (seed = 513) ...
INFO  [11:19:52.273] [mlr3] Applying learner 'naive_bayes calibrated platt cv_5' on task 'wdbc' (iter 2/10)

### [bt]: Job terminated successfully [batchtools job.id=512]
### [bt]: Starting job [batchtools job.id=513]
### [bt]: Generating problem instance for problem '1bd472785c2444ba' ...
### [bt]: Applying algorithm 'run_learner' on problem '1bd472785c2444ba' for job 513 (seed = 514) ...
INFO  [11:19:53.970] [mlr3] Applying learner 'naive_bayes calibrated platt cv_5' on task 'wdbc' (iter 3/10)

### [bt]: Job terminated successfully [batchtools job.id=513]
### [bt]: Starting job [batchtools job.id=514]
### [bt]: Generating problem instance for problem '1bd472785c2444ba' ...
### [bt]: Applying algorithm 'run_learner' on problem '1bd472785c2444ba' for job 514 (seed = 515) ...
INFO  [11:19:55.489] [mlr3] Applying learner 'naive_bayes calibrated platt cv_5' on task 'wdbc' (iter 4/10)
Warning: glm.fit: fitted probabilities numerically 0 or 1 occurred
This happened PipeOp classif.naive_bayes's $train()

### [bt]: Job terminated successfully [batchtools job.id=514]
### [bt]: Starting job [batchtools job.id=515]
### [bt]: Generating problem instance for problem '1bd472785c2444ba' ...
### [bt]: Applying algorithm 'run_learner' on problem '1bd472785c2444ba' for job 515 (seed = 516) ...
INFO  [11:19:56.492] [mlr3] Applying learner 'naive_bayes calibrated platt cv_5' on task 'wdbc' (iter 5/10)

### [bt]: Job terminated successfully [batchtools job.id=515]
### [bt]: Calculation finished!
