### [bt]: This is batchtools v0.9.17
### [bt]: Starting calculation of 5 jobs
### [bt]: Setting working directory to '/Users/adrian/Desktop/Mater_Thesis_Calibration'
### [bt]: Memory measurement disabled
### [bt]: Starting job [batchtools job.id=946]
### [bt]: Generating problem instance for problem '1bd472785c2444ba' ...
### [bt]: Applying algorithm 'run_learner' on problem '1bd472785c2444ba' for job 946 (seed = 947) ...
INFO  [11:30:08.132] [mlr3] Applying learner 'ranger uncalibrated' on task 'wdbc' (iter 6/10)

### [bt]: Job terminated successfully [batchtools job.id=946]
### [bt]: Starting job [batchtools job.id=947]
### [bt]: Generating problem instance for problem '1bd472785c2444ba' ...
### [bt]: Applying algorithm 'run_learner' on problem '1bd472785c2444ba' for job 947 (seed = 948) ...
INFO  [11:30:11.077] [mlr3] Applying learner 'ranger uncalibrated' on task 'wdbc' (iter 7/10)

### [bt]: Job terminated successfully [batchtools job.id=947]
### [bt]: Starting job [batchtools job.id=948]
### [bt]: Generating problem instance for problem '1bd472785c2444ba' ...
### [bt]: Applying algorithm 'run_learner' on problem '1bd472785c2444ba' for job 948 (seed = 949) ...
INFO  [11:30:11.367] [mlr3] Applying learner 'ranger uncalibrated' on task 'wdbc' (iter 8/10)

### [bt]: Job terminated successfully [batchtools job.id=948]
### [bt]: Starting job [batchtools job.id=949]
### [bt]: Generating problem instance for problem '1bd472785c2444ba' ...
### [bt]: Applying algorithm 'run_learner' on problem '1bd472785c2444ba' for job 949 (seed = 950) ...
INFO  [11:30:11.667] [mlr3] Applying learner 'ranger uncalibrated' on task 'wdbc' (iter 9/10)

### [bt]: Job terminated successfully [batchtools job.id=949]
### [bt]: Starting job [batchtools job.id=950]
### [bt]: Generating problem instance for problem '1bd472785c2444ba' ...
### [bt]: Applying algorithm 'run_learner' on problem '1bd472785c2444ba' for job 950 (seed = 951) ...
INFO  [11:30:11.956] [mlr3] Applying learner 'ranger uncalibrated' on task 'wdbc' (iter 10/10)

### [bt]: Job terminated successfully [batchtools job.id=950]
### [bt]: Calculation finished!
