### [bt]: This is batchtools v0.9.17
### [bt]: Starting calculation of 5 jobs
### [bt]: Setting working directory to '/Users/adrian/Desktop/Mater_Thesis_Calibration'
### [bt]: Memory measurement disabled
### [bt]: Starting job [batchtools job.id=1026]
### [bt]: Generating problem instance for problem '1bd472785c2444ba' ...
### [bt]: Applying algorithm 'run_learner' on problem '1bd472785c2444ba' for job 1026 (seed = 1027) ...
INFO  [11:31:13.400] [mlr3] Applying learner 'rpart calibrated isotonic cv_5' on task 'wdbc' (iter 6/10)

### [bt]: Job terminated successfully [batchtools job.id=1026]
### [bt]: Starting job [batchtools job.id=1027]
### [bt]: Generating problem instance for problem '1bd472785c2444ba' ...
### [bt]: Applying algorithm 'run_learner' on problem '1bd472785c2444ba' for job 1027 (seed = 1028) ...
INFO  [11:31:13.714] [mlr3] Applying learner 'rpart calibrated isotonic cv_5' on task 'wdbc' (iter 7/10)

### [bt]: Job terminated successfully [batchtools job.id=1027]
### [bt]: Starting job [batchtools job.id=1028]
### [bt]: Generating problem instance for problem '1bd472785c2444ba' ...
### [bt]: Applying algorithm 'run_learner' on problem '1bd472785c2444ba' for job 1028 (seed = 1029) ...
INFO  [11:31:14.050] [mlr3] Applying learner 'rpart calibrated isotonic cv_5' on task 'wdbc' (iter 8/10)

### [bt]: Job terminated successfully [batchtools job.id=1028]
### [bt]: Starting job [batchtools job.id=1029]
### [bt]: Generating problem instance for problem '1bd472785c2444ba' ...
### [bt]: Applying algorithm 'run_learner' on problem '1bd472785c2444ba' for job 1029 (seed = 1030) ...
INFO  [11:31:16.514] [mlr3] Applying learner 'rpart calibrated isotonic cv_5' on task 'wdbc' (iter 9/10)

### [bt]: Job terminated successfully [batchtools job.id=1029]
### [bt]: Starting job [batchtools job.id=1030]
### [bt]: Generating problem instance for problem '1bd472785c2444ba' ...
### [bt]: Applying algorithm 'run_learner' on problem '1bd472785c2444ba' for job 1030 (seed = 1031) ...
INFO  [11:31:16.821] [mlr3] Applying learner 'rpart calibrated isotonic cv_5' on task 'wdbc' (iter 10/10)

### [bt]: Job terminated successfully [batchtools job.id=1030]
### [bt]: Calculation finished!
