### [bt]: This is batchtools v0.9.17
### [bt]: Starting calculation of 5 jobs
### [bt]: Setting working directory to '/Users/adrian/Desktop/Mater_Thesis_Calibration'
### [bt]: Memory measurement disabled
### [bt]: Starting job [batchtools job.id=736]
### [bt]: Generating problem instance for problem '1bd472785c2444ba' ...
### [bt]: Applying algorithm 'run_learner' on problem '1bd472785c2444ba' for job 736 (seed = 737) ...
INFO  [11:23:09.224] [mlr3] Applying learner 'nnet calibrated platt holdout_80' on task 'wdbc' (iter 6/10)
# weights:  97
initial  value 272.998498 
final  value 272.846303 
converged

### [bt]: Job terminated successfully [batchtools job.id=736]
### [bt]: Starting job [batchtools job.id=737]
### [bt]: Generating problem instance for problem '1bd472785c2444ba' ...
### [bt]: Applying algorithm 'run_learner' on problem '1bd472785c2444ba' for job 737 (seed = 738) ...
INFO  [11:23:09.378] [mlr3] Applying learner 'nnet calibrated platt holdout_80' on task 'wdbc' (iter 7/10)
# weights:  97
initial  value 335.095897 
final  value 268.696610 
converged
Warning in predict.lm(object, newdata, se.fit, scale = 1, type = if (type ==  :
  prediction from rank-deficient fit; attr(*, "non-estim") has doubtful cases
This happened PipeOp classif.nnet's $predict()

### [bt]: Job terminated successfully [batchtools job.id=737]
### [bt]: Starting job [batchtools job.id=738]
### [bt]: Generating problem instance for problem '1bd472785c2444ba' ...
### [bt]: Applying algorithm 'run_learner' on problem '1bd472785c2444ba' for job 738 (seed = 739) ...
INFO  [11:23:09.695] [mlr3] Applying learner 'nnet calibrated platt holdout_80' on task 'wdbc' (iter 8/10)
# weights:  97
initial  value 322.863966 
final  value 268.696610 
converged
Warning in predict.lm(object, newdata, se.fit, scale = 1, type = if (type ==  :
  prediction from rank-deficient fit; attr(*, "non-estim") has doubtful cases
This happened PipeOp classif.nnet's $predict()

### [bt]: Job terminated successfully [batchtools job.id=738]
### [bt]: Starting job [batchtools job.id=739]
### [bt]: Generating problem instance for problem '1bd472785c2444ba' ...
### [bt]: Applying algorithm 'run_learner' on problem '1bd472785c2444ba' for job 739 (seed = 740) ...
INFO  [11:23:09.843] [mlr3] Applying learner 'nnet calibrated platt holdout_80' on task 'wdbc' (iter 9/10)
# weights:  97
initial  value 295.250348 
final  value 268.696610 
converged
Warning in predict.lm(object, newdata, se.fit, scale = 1, type = if (type ==  :
  prediction from rank-deficient fit; attr(*, "non-estim") has doubtful cases
This happened PipeOp classif.nnet's $predict()

### [bt]: Job terminated successfully [batchtools job.id=739]
### [bt]: Starting job [batchtools job.id=740]
### [bt]: Generating problem instance for problem '1bd472785c2444ba' ...
### [bt]: Applying algorithm 'run_learner' on problem '1bd472785c2444ba' for job 740 (seed = 741) ...
INFO  [11:23:12.559] [mlr3] Applying learner 'nnet calibrated platt holdout_80' on task 'wdbc' (iter 10/10)
# weights:  97
initial  value 282.424985 
final  value 272.363995 
converged
Warning in predict.lm(object, newdata, se.fit, scale = 1, type = if (type ==  :
  prediction from rank-deficient fit; attr(*, "non-estim") has doubtful cases
This happened PipeOp classif.nnet's $predict()

### [bt]: Job terminated successfully [batchtools job.id=740]
### [bt]: Calculation finished!
