### [bt]: This is batchtools v0.9.17
### [bt]: Starting calculation of 5 jobs
### [bt]: Setting working directory to '/Users/adrian/Desktop/Mater_Thesis_Calibration'
### [bt]: Memory measurement disabled
### [bt]: Starting job [batchtools job.id=96]
### [bt]: Generating problem instance for problem '1bd472785c2444ba' ...
### [bt]: Applying algorithm 'run_learner' on problem '1bd472785c2444ba' for job 96 (seed = 97) ...
INFO  [11:12:25.679] [mlr3] Applying learner 'glmnet calibrated isotonic holdout_75' on task 'wdbc' (iter 6/10)

### [bt]: Job terminated successfully [batchtools job.id=96]
### [bt]: Starting job [batchtools job.id=97]
### [bt]: Generating problem instance for problem '1bd472785c2444ba' ...
### [bt]: Applying algorithm 'run_learner' on problem '1bd472785c2444ba' for job 97 (seed = 98) ...
INFO  [11:12:26.558] [mlr3] Applying learner 'glmnet calibrated isotonic holdout_75' on task 'wdbc' (iter 7/10)

### [bt]: Job terminated successfully [batchtools job.id=97]
### [bt]: Starting job [batchtools job.id=98]
### [bt]: Generating problem instance for problem '1bd472785c2444ba' ...
### [bt]: Applying algorithm 'run_learner' on problem '1bd472785c2444ba' for job 98 (seed = 99) ...
INFO  [11:12:28.605] [mlr3] Applying learner 'glmnet calibrated isotonic holdout_75' on task 'wdbc' (iter 8/10)

### [bt]: Job terminated successfully [batchtools job.id=98]
### [bt]: Starting job [batchtools job.id=99]
### [bt]: Generating problem instance for problem '1bd472785c2444ba' ...
### [bt]: Applying algorithm 'run_learner' on problem '1bd472785c2444ba' for job 99 (seed = 100) ...
INFO  [11:12:28.898] [mlr3] Applying learner 'glmnet calibrated isotonic holdout_75' on task 'wdbc' (iter 9/10)

### [bt]: Job terminated successfully [batchtools job.id=99]
### [bt]: Starting job [batchtools job.id=100]
### [bt]: Generating problem instance for problem '1bd472785c2444ba' ...
### [bt]: Applying algorithm 'run_learner' on problem '1bd472785c2444ba' for job 100 (seed = 101) ...
INFO  [11:12:29.133] [mlr3] Applying learner 'glmnet calibrated isotonic holdout_75' on task 'wdbc' (iter 10/10)

### [bt]: Job terminated successfully [batchtools job.id=100]
### [bt]: Calculation finished!
