### [bt]: This is batchtools v0.9.17
### [bt]: Starting calculation of 5 jobs
### [bt]: Setting working directory to '/Users/adrian/Desktop/Mater_Thesis_Calibration'
### [bt]: Memory measurement disabled
### [bt]: Starting job [batchtools job.id=146]
### [bt]: Generating problem instance for problem '1bd472785c2444ba' ...
### [bt]: Applying algorithm 'run_learner' on problem '1bd472785c2444ba' for job 146 (seed = 147) ...
INFO  [11:13:44.608] [mlr3] Applying learner 'glmnet calibrated platt holdout_66' on task 'wdbc' (iter 6/10)

### [bt]: Job terminated successfully [batchtools job.id=146]
### [bt]: Starting job [batchtools job.id=147]
### [bt]: Generating problem instance for problem '1bd472785c2444ba' ...
### [bt]: Applying algorithm 'run_learner' on problem '1bd472785c2444ba' for job 147 (seed = 148) ...
INFO  [11:13:44.954] [mlr3] Applying learner 'glmnet calibrated platt holdout_66' on task 'wdbc' (iter 7/10)

### [bt]: Job terminated successfully [batchtools job.id=147]
### [bt]: Starting job [batchtools job.id=148]
### [bt]: Generating problem instance for problem '1bd472785c2444ba' ...
### [bt]: Applying algorithm 'run_learner' on problem '1bd472785c2444ba' for job 148 (seed = 149) ...
INFO  [11:13:47.287] [mlr3] Applying learner 'glmnet calibrated platt holdout_66' on task 'wdbc' (iter 8/10)

### [bt]: Job terminated successfully [batchtools job.id=148]
### [bt]: Starting job [batchtools job.id=149]
### [bt]: Generating problem instance for problem '1bd472785c2444ba' ...
### [bt]: Applying algorithm 'run_learner' on problem '1bd472785c2444ba' for job 149 (seed = 150) ...
INFO  [11:13:47.778] [mlr3] Applying learner 'glmnet calibrated platt holdout_66' on task 'wdbc' (iter 9/10)

### [bt]: Job terminated successfully [batchtools job.id=149]
### [bt]: Starting job [batchtools job.id=150]
### [bt]: Generating problem instance for problem '1bd472785c2444ba' ...
### [bt]: Applying algorithm 'run_learner' on problem '1bd472785c2444ba' for job 150 (seed = 151) ...
INFO  [11:13:48.142] [mlr3] Applying learner 'glmnet calibrated platt holdout_66' on task 'wdbc' (iter 10/10)

### [bt]: Job terminated successfully [batchtools job.id=150]
### [bt]: Calculation finished!
