### [bt]: This is batchtools v0.9.17
### [bt]: Starting calculation of 5 jobs
### [bt]: Setting working directory to '/Users/adrian/Desktop/Mater_Thesis_Calibration'
### [bt]: Memory measurement disabled
### [bt]: Starting job [batchtools job.id=2591]
### [bt]: Generating problem instance for problem '257f58d7d9640369' ...
### [bt]: Applying algorithm 'run_learner' on problem '257f58d7d9640369' for job 2591 (seed = 2592) ...
INFO  [12:28:17.308] [mlr3] Applying learner 'rpart calibrated platt cv_10' on task 'ilpd' (iter 1/10)

### [bt]: Job terminated successfully [batchtools job.id=2591]
### [bt]: Starting job [batchtools job.id=2592]
### [bt]: Generating problem instance for problem '257f58d7d9640369' ...
### [bt]: Applying algorithm 'run_learner' on problem '257f58d7d9640369' for job 2592 (seed = 2593) ...
INFO  [12:28:21.867] [mlr3] Applying learner 'rpart calibrated platt cv_10' on task 'ilpd' (iter 2/10)

### [bt]: Job terminated successfully [batchtools job.id=2592]
### [bt]: Starting job [batchtools job.id=2593]
### [bt]: Generating problem instance for problem '257f58d7d9640369' ...
### [bt]: Applying algorithm 'run_learner' on problem '257f58d7d9640369' for job 2593 (seed = 2594) ...
INFO  [12:28:24.295] [mlr3] Applying learner 'rpart calibrated platt cv_10' on task 'ilpd' (iter 3/10)

### [bt]: Job terminated successfully [batchtools job.id=2593]
### [bt]: Starting job [batchtools job.id=2594]
### [bt]: Generating problem instance for problem '257f58d7d9640369' ...
### [bt]: Applying algorithm 'run_learner' on problem '257f58d7d9640369' for job 2594 (seed = 2595) ...
INFO  [12:28:26.589] [mlr3] Applying learner 'rpart calibrated platt cv_10' on task 'ilpd' (iter 4/10)

### [bt]: Job terminated successfully [batchtools job.id=2594]
### [bt]: Starting job [batchtools job.id=2595]
### [bt]: Generating problem instance for problem '257f58d7d9640369' ...
### [bt]: Applying algorithm 'run_learner' on problem '257f58d7d9640369' for job 2595 (seed = 2596) ...
INFO  [12:28:28.902] [mlr3] Applying learner 'rpart calibrated platt cv_10' on task 'ilpd' (iter 5/10)

### [bt]: Job terminated successfully [batchtools job.id=2595]
### [bt]: Calculation finished!
