### [bt]: This is batchtools v0.9.17
### [bt]: Starting calculation of 5 jobs
### [bt]: Setting working directory to '/Users/adrian/Desktop/Mater_Thesis_Calibration'
### [bt]: Memory measurement disabled
### [bt]: Starting job [batchtools job.id=141]
### [bt]: Generating problem instance for problem '1bd472785c2444ba' ...
### [bt]: Applying algorithm 'run_learner' on problem '1bd472785c2444ba' for job 141 (seed = 142) ...
INFO  [11:13:39.144] [mlr3] Applying learner 'glmnet calibrated platt holdout_66' on task 'wdbc' (iter 1/10)

### [bt]: Job terminated successfully [batchtools job.id=141]
### [bt]: Starting job [batchtools job.id=142]
### [bt]: Generating problem instance for problem '1bd472785c2444ba' ...
### [bt]: Applying algorithm 'run_learner' on problem '1bd472785c2444ba' for job 142 (seed = 143) ...
INFO  [11:13:41.482] [mlr3] Applying learner 'glmnet calibrated platt holdout_66' on task 'wdbc' (iter 2/10)

### [bt]: Job terminated successfully [batchtools job.id=142]
### [bt]: Starting job [batchtools job.id=143]
### [bt]: Generating problem instance for problem '1bd472785c2444ba' ...
### [bt]: Applying algorithm 'run_learner' on problem '1bd472785c2444ba' for job 143 (seed = 144) ...
INFO  [11:13:41.964] [mlr3] Applying learner 'glmnet calibrated platt holdout_66' on task 'wdbc' (iter 3/10)

### [bt]: Job terminated successfully [batchtools job.id=143]
### [bt]: Starting job [batchtools job.id=144]
### [bt]: Generating problem instance for problem '1bd472785c2444ba' ...
### [bt]: Applying algorithm 'run_learner' on problem '1bd472785c2444ba' for job 144 (seed = 145) ...
INFO  [11:13:43.108] [mlr3] Applying learner 'glmnet calibrated platt holdout_66' on task 'wdbc' (iter 4/10)

### [bt]: Job terminated successfully [batchtools job.id=144]
### [bt]: Starting job [batchtools job.id=145]
### [bt]: Generating problem instance for problem '1bd472785c2444ba' ...
### [bt]: Applying algorithm 'run_learner' on problem '1bd472785c2444ba' for job 145 (seed = 146) ...
INFO  [11:13:44.217] [mlr3] Applying learner 'glmnet calibrated platt holdout_66' on task 'wdbc' (iter 5/10)

### [bt]: Job terminated successfully [batchtools job.id=145]
### [bt]: Calculation finished!
