### [bt]: This is batchtools v0.9.17
### [bt]: Starting calculation of 5 jobs
### [bt]: Setting working directory to '/Users/adrian/Desktop/Mater_Thesis_Calibration'
### [bt]: Memory measurement disabled
### [bt]: Starting job [batchtools job.id=291]
### [bt]: Generating problem instance for problem '1bd472785c2444ba' ...
### [bt]: Applying algorithm 'run_learner' on problem '1bd472785c2444ba' for job 291 (seed = 292) ...
INFO  [11:16:01.344] [mlr3] Applying learner 'kknn calibrated isotonic holdout_80' on task 'wdbc' (iter 1/10)

### [bt]: Job terminated successfully [batchtools job.id=291]
### [bt]: Starting job [batchtools job.id=292]
### [bt]: Generating problem instance for problem '1bd472785c2444ba' ...
### [bt]: Applying algorithm 'run_learner' on problem '1bd472785c2444ba' for job 292 (seed = 293) ...
INFO  [11:16:01.464] [mlr3] Applying learner 'kknn calibrated isotonic holdout_80' on task 'wdbc' (iter 2/10)

### [bt]: Job terminated successfully [batchtools job.id=292]
### [bt]: Starting job [batchtools job.id=293]
### [bt]: Generating problem instance for problem '1bd472785c2444ba' ...
### [bt]: Applying algorithm 'run_learner' on problem '1bd472785c2444ba' for job 293 (seed = 294) ...
INFO  [11:16:02.353] [mlr3] Applying learner 'kknn calibrated isotonic holdout_80' on task 'wdbc' (iter 3/10)

### [bt]: Job terminated successfully [batchtools job.id=293]
### [bt]: Starting job [batchtools job.id=294]
### [bt]: Generating problem instance for problem '1bd472785c2444ba' ...
### [bt]: Applying algorithm 'run_learner' on problem '1bd472785c2444ba' for job 294 (seed = 295) ...
INFO  [11:16:04.446] [mlr3] Applying learner 'kknn calibrated isotonic holdout_80' on task 'wdbc' (iter 4/10)

### [bt]: Job terminated successfully [batchtools job.id=294]
### [bt]: Starting job [batchtools job.id=295]
### [bt]: Generating problem instance for problem '1bd472785c2444ba' ...
### [bt]: Applying algorithm 'run_learner' on problem '1bd472785c2444ba' for job 295 (seed = 296) ...
INFO  [11:16:04.660] [mlr3] Applying learner 'kknn calibrated isotonic holdout_80' on task 'wdbc' (iter 5/10)

### [bt]: Job terminated successfully [batchtools job.id=295]
### [bt]: Calculation finished!
