### [bt]: This is batchtools v0.9.17
### [bt]: Starting calculation of 5 jobs
### [bt]: Setting working directory to '/Users/adrian/Desktop/Mater_Thesis_Calibration'
### [bt]: Memory measurement disabled
### [bt]: Starting job [batchtools job.id=2031]
### [bt]: Generating problem instance for problem '257f58d7d9640369' ...
### [bt]: Applying algorithm 'run_learner' on problem '257f58d7d9640369' for job 2031 (seed = 2032) ...
INFO  [12:08:46.013] [mlr3] Applying learner 'naive_bayes calibrated platt cv_5' on task 'ilpd' (iter 1/10)
Warning: glm.fit: fitted probabilities numerically 0 or 1 occurred
This happened PipeOp classif.naive_bayes's $train()

### [bt]: Job terminated successfully [batchtools job.id=2031]
### [bt]: Starting job [batchtools job.id=2032]
### [bt]: Generating problem instance for problem '257f58d7d9640369' ...
### [bt]: Applying algorithm 'run_learner' on problem '257f58d7d9640369' for job 2032 (seed = 2033) ...
INFO  [12:08:49.641] [mlr3] Applying learner 'naive_bayes calibrated platt cv_5' on task 'ilpd' (iter 2/10)

### [bt]: Job terminated successfully [batchtools job.id=2032]
### [bt]: Starting job [batchtools job.id=2033]
### [bt]: Generating problem instance for problem '257f58d7d9640369' ...
### [bt]: Applying algorithm 'run_learner' on problem '257f58d7d9640369' for job 2033 (seed = 2034) ...
INFO  [12:08:51.553] [mlr3] Applying learner 'naive_bayes calibrated platt cv_5' on task 'ilpd' (iter 3/10)

### [bt]: Job terminated successfully [batchtools job.id=2033]
### [bt]: Starting job [batchtools job.id=2034]
### [bt]: Generating problem instance for problem '257f58d7d9640369' ...
### [bt]: Applying algorithm 'run_learner' on problem '257f58d7d9640369' for job 2034 (seed = 2035) ...
INFO  [12:08:52.234] [mlr3] Applying learner 'naive_bayes calibrated platt cv_5' on task 'ilpd' (iter 4/10)
Warning: glm.fit: fitted probabilities numerically 0 or 1 occurred
This happened PipeOp classif.naive_bayes's $train()

### [bt]: Job terminated successfully [batchtools job.id=2034]
### [bt]: Starting job [batchtools job.id=2035]
### [bt]: Generating problem instance for problem '257f58d7d9640369' ...
### [bt]: Applying algorithm 'run_learner' on problem '257f58d7d9640369' for job 2035 (seed = 2036) ...
INFO  [12:08:54.987] [mlr3] Applying learner 'naive_bayes calibrated platt cv_5' on task 'ilpd' (iter 5/10)
Warning: glm.fit: fitted probabilities numerically 0 or 1 occurred
This happened PipeOp classif.naive_bayes's $train()

### [bt]: Job terminated successfully [batchtools job.id=2035]
### [bt]: Calculation finished!
