### [bt]: This is batchtools v0.9.17
### [bt]: Starting calculation of 5 jobs
### [bt]: Setting working directory to '/Users/adrian/Desktop/Mater_Thesis_Calibration'
### [bt]: Memory measurement disabled
### [bt]: Starting job [batchtools job.id=2881]
### [bt]: Generating problem instance for problem '257f58d7d9640369' ...
### [bt]: Applying algorithm 'run_learner' on problem '257f58d7d9640369' for job 2881 (seed = 2882) ...
INFO  [12:43:42.662] [mlr3] Applying learner 'xgboost calibrated beta holdout_75' on task 'ilpd' (iter 1/10)

### [bt]: Job terminated successfully [batchtools job.id=2881]
### [bt]: Starting job [batchtools job.id=2882]
### [bt]: Generating problem instance for problem '257f58d7d9640369' ...
### [bt]: Applying algorithm 'run_learner' on problem '257f58d7d9640369' for job 2882 (seed = 2883) ...
INFO  [12:43:48.872] [mlr3] Applying learner 'xgboost calibrated beta holdout_75' on task 'ilpd' (iter 2/10)

### [bt]: Job terminated successfully [batchtools job.id=2882]
### [bt]: Starting job [batchtools job.id=2883]
### [bt]: Generating problem instance for problem '257f58d7d9640369' ...
### [bt]: Applying algorithm 'run_learner' on problem '257f58d7d9640369' for job 2883 (seed = 2884) ...
INFO  [12:43:52.100] [mlr3] Applying learner 'xgboost calibrated beta holdout_75' on task 'ilpd' (iter 3/10)

### [bt]: Job terminated successfully [batchtools job.id=2883]
### [bt]: Starting job [batchtools job.id=2884]
### [bt]: Generating problem instance for problem '257f58d7d9640369' ...
### [bt]: Applying algorithm 'run_learner' on problem '257f58d7d9640369' for job 2884 (seed = 2885) ...
INFO  [12:43:55.323] [mlr3] Applying learner 'xgboost calibrated beta holdout_75' on task 'ilpd' (iter 4/10)

### [bt]: Job terminated successfully [batchtools job.id=2884]
### [bt]: Starting job [batchtools job.id=2885]
### [bt]: Generating problem instance for problem '257f58d7d9640369' ...
### [bt]: Applying algorithm 'run_learner' on problem '257f58d7d9640369' for job 2885 (seed = 2886) ...
INFO  [12:43:58.368] [mlr3] Applying learner 'xgboost calibrated beta holdout_75' on task 'ilpd' (iter 5/10)

### [bt]: Job terminated successfully [batchtools job.id=2885]
### [bt]: Calculation finished!
