### [bt]: This is batchtools v0.9.17
### [bt]: Starting calculation of 5 jobs
### [bt]: Setting working directory to '/Users/adrian/Desktop/Mater_Thesis_Calibration'
### [bt]: Memory measurement disabled
### [bt]: Starting job [batchtools job.id=2681]
### [bt]: Generating problem instance for problem '257f58d7d9640369' ...
### [bt]: Applying algorithm 'run_learner' on problem '257f58d7d9640369' for job 2681 (seed = 2682) ...
INFO  [12:31:02.239] [mlr3] Applying learner 'svm calibrated beta holdout_66' on task 'ilpd' (iter 1/10)

### [bt]: Job terminated successfully [batchtools job.id=2681]
### [bt]: Starting job [batchtools job.id=2682]
### [bt]: Generating problem instance for problem '257f58d7d9640369' ...
### [bt]: Applying algorithm 'run_learner' on problem '257f58d7d9640369' for job 2682 (seed = 2683) ...
INFO  [12:31:02.522] [mlr3] Applying learner 'svm calibrated beta holdout_66' on task 'ilpd' (iter 2/10)

### [bt]: Job terminated successfully [batchtools job.id=2682]
### [bt]: Starting job [batchtools job.id=2683]
### [bt]: Generating problem instance for problem '257f58d7d9640369' ...
### [bt]: Applying algorithm 'run_learner' on problem '257f58d7d9640369' for job 2683 (seed = 2684) ...
INFO  [12:31:08.022] [mlr3] Applying learner 'svm calibrated beta holdout_66' on task 'ilpd' (iter 3/10)

### [bt]: Job terminated successfully [batchtools job.id=2683]
### [bt]: Starting job [batchtools job.id=2684]
### [bt]: Generating problem instance for problem '257f58d7d9640369' ...
### [bt]: Applying algorithm 'run_learner' on problem '257f58d7d9640369' for job 2684 (seed = 2685) ...
INFO  [12:31:08.310] [mlr3] Applying learner 'svm calibrated beta holdout_66' on task 'ilpd' (iter 4/10)

### [bt]: Job terminated successfully [batchtools job.id=2684]
### [bt]: Starting job [batchtools job.id=2685]
### [bt]: Generating problem instance for problem '257f58d7d9640369' ...
### [bt]: Applying algorithm 'run_learner' on problem '257f58d7d9640369' for job 2685 (seed = 2686) ...
INFO  [12:31:08.601] [mlr3] Applying learner 'svm calibrated beta holdout_66' on task 'ilpd' (iter 5/10)

### [bt]: Job terminated successfully [batchtools job.id=2685]
### [bt]: Calculation finished!
