### [bt]: This is batchtools v0.9.17
### [bt]: Starting calculation of 5 jobs
### [bt]: Setting working directory to '/Users/adrian/Desktop/Mater_Thesis_Calibration'
### [bt]: Memory measurement disabled
### [bt]: Starting job [batchtools job.id=1081]
### [bt]: Generating problem instance for problem '1bd472785c2444ba' ...
### [bt]: Applying algorithm 'run_learner' on problem '1bd472785c2444ba' for job 1081 (seed = 1082) ...
INFO  [11:32:03.320] [mlr3] Applying learner 'rpart calibrated platt cv_5' on task 'wdbc' (iter 1/10)

### [bt]: Job terminated successfully [batchtools job.id=1081]
### [bt]: Starting job [batchtools job.id=1082]
### [bt]: Generating problem instance for problem '1bd472785c2444ba' ...
### [bt]: Applying algorithm 'run_learner' on problem '1bd472785c2444ba' for job 1082 (seed = 1083) ...
INFO  [11:32:06.210] [mlr3] Applying learner 'rpart calibrated platt cv_5' on task 'wdbc' (iter 2/10)

### [bt]: Job terminated successfully [batchtools job.id=1082]
### [bt]: Starting job [batchtools job.id=1083]
### [bt]: Generating problem instance for problem '1bd472785c2444ba' ...
### [bt]: Applying algorithm 'run_learner' on problem '1bd472785c2444ba' for job 1083 (seed = 1084) ...
INFO  [11:32:07.831] [mlr3] Applying learner 'rpart calibrated platt cv_5' on task 'wdbc' (iter 3/10)

### [bt]: Job terminated successfully [batchtools job.id=1083]
### [bt]: Starting job [batchtools job.id=1084]
### [bt]: Generating problem instance for problem '1bd472785c2444ba' ...
### [bt]: Applying algorithm 'run_learner' on problem '1bd472785c2444ba' for job 1084 (seed = 1085) ...
INFO  [11:32:08.474] [mlr3] Applying learner 'rpart calibrated platt cv_5' on task 'wdbc' (iter 4/10)
Warning: glm.fit: fitted probabilities numerically 0 or 1 occurred
This happened PipeOp classif.rpart's $train()

### [bt]: Job terminated successfully [batchtools job.id=1084]
### [bt]: Starting job [batchtools job.id=1085]
### [bt]: Generating problem instance for problem '1bd472785c2444ba' ...
### [bt]: Applying algorithm 'run_learner' on problem '1bd472785c2444ba' for job 1085 (seed = 1086) ...
INFO  [11:32:09.933] [mlr3] Applying learner 'rpart calibrated platt cv_5' on task 'wdbc' (iter 5/10)

### [bt]: Job terminated successfully [batchtools job.id=1085]
### [bt]: Calculation finished!
