### [bt]: This is batchtools v0.9.17
### [bt]: Starting calculation of 5 jobs
### [bt]: Setting working directory to '/Users/adrian/Desktop/Mater_Thesis_Calibration'
### [bt]: Memory measurement disabled
### [bt]: Starting job [batchtools job.id=2651]
### [bt]: Generating problem instance for problem '257f58d7d9640369' ...
### [bt]: Applying algorithm 'run_learner' on problem '257f58d7d9640369' for job 2651 (seed = 2652) ...
INFO  [12:29:50.486] [mlr3] Applying learner 'rpart uncalibrated' on task 'ilpd' (iter 1/10)

### [bt]: Job terminated successfully [batchtools job.id=2651]
### [bt]: Starting job [batchtools job.id=2652]
### [bt]: Generating problem instance for problem '257f58d7d9640369' ...
### [bt]: Applying algorithm 'run_learner' on problem '257f58d7d9640369' for job 2652 (seed = 2653) ...
INFO  [12:29:50.511] [mlr3] Applying learner 'rpart uncalibrated' on task 'ilpd' (iter 2/10)

### [bt]: Job terminated successfully [batchtools job.id=2652]
### [bt]: Starting job [batchtools job.id=2653]
### [bt]: Generating problem instance for problem '257f58d7d9640369' ...
### [bt]: Applying algorithm 'run_learner' on problem '257f58d7d9640369' for job 2653 (seed = 2654) ...
INFO  [12:29:50.532] [mlr3] Applying learner 'rpart uncalibrated' on task 'ilpd' (iter 3/10)

### [bt]: Job terminated successfully [batchtools job.id=2653]
### [bt]: Starting job [batchtools job.id=2654]
### [bt]: Generating problem instance for problem '257f58d7d9640369' ...
### [bt]: Applying algorithm 'run_learner' on problem '257f58d7d9640369' for job 2654 (seed = 2655) ...
INFO  [12:29:50.552] [mlr3] Applying learner 'rpart uncalibrated' on task 'ilpd' (iter 4/10)

### [bt]: Job terminated successfully [batchtools job.id=2654]
### [bt]: Starting job [batchtools job.id=2655]
### [bt]: Generating problem instance for problem '257f58d7d9640369' ...
### [bt]: Applying algorithm 'run_learner' on problem '257f58d7d9640369' for job 2655 (seed = 2656) ...
INFO  [12:29:50.571] [mlr3] Applying learner 'rpart uncalibrated' on task 'ilpd' (iter 5/10)

### [bt]: Job terminated successfully [batchtools job.id=2655]
### [bt]: Calculation finished!
