### [bt]: This is batchtools v0.9.17
### [bt]: Starting calculation of 5 jobs
### [bt]: Setting working directory to '/Users/adrian/Desktop/Mater_Thesis_Calibration'
### [bt]: Memory measurement disabled
### [bt]: Starting job [batchtools job.id=396]
### [bt]: Generating problem instance for problem '1bd472785c2444ba' ...
### [bt]: Applying algorithm 'run_learner' on problem '1bd472785c2444ba' for job 396 (seed = 397) ...
INFO  [11:17:55.022] [mlr3] Applying learner 'naive_bayes calibrated beta cv_5' on task 'wdbc' (iter 6/10)

### [bt]: Job terminated successfully [batchtools job.id=396]
### [bt]: Starting job [batchtools job.id=397]
### [bt]: Generating problem instance for problem '1bd472785c2444ba' ...
### [bt]: Applying algorithm 'run_learner' on problem '1bd472785c2444ba' for job 397 (seed = 398) ...
INFO  [11:17:57.454] [mlr3] Applying learner 'naive_bayes calibrated beta cv_5' on task 'wdbc' (iter 7/10)

### [bt]: Job terminated successfully [batchtools job.id=397]
### [bt]: Starting job [batchtools job.id=398]
### [bt]: Generating problem instance for problem '1bd472785c2444ba' ...
### [bt]: Applying algorithm 'run_learner' on problem '1bd472785c2444ba' for job 398 (seed = 399) ...
INFO  [11:17:58.165] [mlr3] Applying learner 'naive_bayes calibrated beta cv_5' on task 'wdbc' (iter 8/10)

### [bt]: Job terminated successfully [batchtools job.id=398]
### [bt]: Starting job [batchtools job.id=399]
### [bt]: Generating problem instance for problem '1bd472785c2444ba' ...
### [bt]: Applying algorithm 'run_learner' on problem '1bd472785c2444ba' for job 399 (seed = 400) ...
INFO  [11:18:00.181] [mlr3] Applying learner 'naive_bayes calibrated beta cv_5' on task 'wdbc' (iter 9/10)

### [bt]: Job terminated successfully [batchtools job.id=399]
### [bt]: Starting job [batchtools job.id=400]
### [bt]: Generating problem instance for problem '1bd472785c2444ba' ...
### [bt]: Applying algorithm 'run_learner' on problem '1bd472785c2444ba' for job 400 (seed = 401) ...
INFO  [11:18:00.822] [mlr3] Applying learner 'naive_bayes calibrated beta cv_5' on task 'wdbc' (iter 10/10)

### [bt]: Job terminated successfully [batchtools job.id=400]
### [bt]: Calculation finished!
