### [bt]: This is batchtools v0.9.17
### [bt]: Starting calculation of 5 jobs
### [bt]: Setting working directory to '/Users/adrian/Desktop/Mater_Thesis_Calibration'
### [bt]: Memory measurement disabled
### [bt]: Starting job [batchtools job.id=2796]
### [bt]: Generating problem instance for problem '257f58d7d9640369' ...
### [bt]: Applying algorithm 'run_learner' on problem '257f58d7d9640369' for job 2796 (seed = 2797) ...
INFO  [12:36:07.852] [mlr3] Applying learner 'svm calibrated platt cv_5' on task 'ilpd' (iter 6/10)

### [bt]: Job terminated successfully [batchtools job.id=2796]
### [bt]: Starting job [batchtools job.id=2797]
### [bt]: Generating problem instance for problem '257f58d7d9640369' ...
### [bt]: Applying algorithm 'run_learner' on problem '257f58d7d9640369' for job 2797 (seed = 2798) ...
INFO  [12:36:14.003] [mlr3] Applying learner 'svm calibrated platt cv_5' on task 'ilpd' (iter 7/10)

### [bt]: Job terminated successfully [batchtools job.id=2797]
### [bt]: Starting job [batchtools job.id=2798]
### [bt]: Generating problem instance for problem '257f58d7d9640369' ...
### [bt]: Applying algorithm 'run_learner' on problem '257f58d7d9640369' for job 2798 (seed = 2799) ...
INFO  [12:36:17.381] [mlr3] Applying learner 'svm calibrated platt cv_5' on task 'ilpd' (iter 8/10)

### [bt]: Job terminated successfully [batchtools job.id=2798]
### [bt]: Starting job [batchtools job.id=2799]
### [bt]: Generating problem instance for problem '257f58d7d9640369' ...
### [bt]: Applying algorithm 'run_learner' on problem '257f58d7d9640369' for job 2799 (seed = 2800) ...
INFO  [12:36:20.696] [mlr3] Applying learner 'svm calibrated platt cv_5' on task 'ilpd' (iter 9/10)

### [bt]: Job terminated successfully [batchtools job.id=2799]
### [bt]: Starting job [batchtools job.id=2800]
### [bt]: Generating problem instance for problem '257f58d7d9640369' ...
### [bt]: Applying algorithm 'run_learner' on problem '257f58d7d9640369' for job 2800 (seed = 2801) ...
INFO  [12:36:23.873] [mlr3] Applying learner 'svm calibrated platt cv_5' on task 'ilpd' (iter 10/10)

### [bt]: Job terminated successfully [batchtools job.id=2800]
### [bt]: Calculation finished!
