### [bt]: This is batchtools v0.9.17
### [bt]: Starting calculation of 5 jobs
### [bt]: Setting working directory to '/Users/adrian/Desktop/Mater_Thesis_Calibration'
### [bt]: Memory measurement disabled
### [bt]: Starting job [batchtools job.id=1891]
### [bt]: Generating problem instance for problem '257f58d7d9640369' ...
### [bt]: Applying algorithm 'run_learner' on problem '257f58d7d9640369' for job 1891 (seed = 1892) ...
INFO  [12:06:15.666] [mlr3] Applying learner 'kknn uncalibrated' on task 'ilpd' (iter 1/10)

### [bt]: Job terminated successfully [batchtools job.id=1891]
### [bt]: Starting job [batchtools job.id=1892]
### [bt]: Generating problem instance for problem '257f58d7d9640369' ...
### [bt]: Applying algorithm 'run_learner' on problem '257f58d7d9640369' for job 1892 (seed = 1893) ...
INFO  [12:06:15.695] [mlr3] Applying learner 'kknn uncalibrated' on task 'ilpd' (iter 2/10)

### [bt]: Job terminated successfully [batchtools job.id=1892]
### [bt]: Starting job [batchtools job.id=1893]
### [bt]: Generating problem instance for problem '257f58d7d9640369' ...
### [bt]: Applying algorithm 'run_learner' on problem '257f58d7d9640369' for job 1893 (seed = 1894) ...
INFO  [12:06:15.721] [mlr3] Applying learner 'kknn uncalibrated' on task 'ilpd' (iter 3/10)

### [bt]: Job terminated successfully [batchtools job.id=1893]
### [bt]: Starting job [batchtools job.id=1894]
### [bt]: Generating problem instance for problem '257f58d7d9640369' ...
### [bt]: Applying algorithm 'run_learner' on problem '257f58d7d9640369' for job 1894 (seed = 1895) ...
INFO  [12:06:15.744] [mlr3] Applying learner 'kknn uncalibrated' on task 'ilpd' (iter 4/10)

### [bt]: Job terminated successfully [batchtools job.id=1894]
### [bt]: Starting job [batchtools job.id=1895]
### [bt]: Generating problem instance for problem '257f58d7d9640369' ...
### [bt]: Applying algorithm 'run_learner' on problem '257f58d7d9640369' for job 1895 (seed = 1896) ...
INFO  [12:06:15.770] [mlr3] Applying learner 'kknn uncalibrated' on task 'ilpd' (iter 5/10)

### [bt]: Job terminated successfully [batchtools job.id=1895]
### [bt]: Calculation finished!
